122.802315 34.66863 -19.099302 1258745703747
120.8122 35.2352 -18.594337 1258745703753
120.92159 36.023438 -17.814621 1258745703791
124.175514 37.122265 -16.82389 1258745703797
129.46674 38.216152 -15.532696 1258745703805
135.5934 39.255344 -13.956061 1258745703827
142.41373 40.192577 -12.358258 1258745703836
150.94304 40.88295 -10.690345 1258745703844
161.09589 41.3888 -9.205828 1258745703863
154.24109 41.569363 -8.145536 1258745703884
148.32904 41.140896 -7.8382597 1258745703904
142.81259 40.08385 -8.546347 1258745703924
137.57196 38.879658 -9.869029 1258745703943
132.69336 37.885674 -11.525578 1258745703963
128.15869 37.141388 -13.3492985 1258745703983
123.90076 36.734318 -15.181833 1258745704004
120.00572 36.6976 -16.972742 1258745704026
116.85544 41.61272 -18.374105 1258745704043
116.012665 45.932083 -18.5054 1258745704064
118.812035 50.43548 -17.43013 1258745704084
124.221436 55.063705 -15.708624 1258745704103
130.76036 59.61052 -13.673193 1258745704123
136.97234 63.779995 -11.689533 1258745704143
142.57372 67.491 -9.805057 1258745704163
146.59503 70.466446 -8.314804 1258745704184
145.71529 72.19312 -7.849064 1258745704358
140.87952 71.433464 -8.956611 1258745704370
135.33554 69.21179 -10.7587805 1258745704381
129.91876 66.501205 -12.520842 1258745704389
124.67282 63.776146 -14.144799 1258745704401
119.48918 61.28734 -15.7875595 1258745704409
114.91472 59.87297 -17.448181 1258745704419
115.318985 62.92932 -17.125772 1258745704426
120.65304 66.63286 -15.519484 1258745704439
126.92039 70.20122 -13.693509 1258745704451
133.22437 73.591156 -11.9088335 1258745704462
138.56314 76.5116 -10.413392 1258745704470
140.98499 78.63602 -9.542723 1258745704484
137.98573 80.054214 -9.715587 1258745704497
132.98645 78.7515 -10.829807 1258745704507
127.58713 76.46393 -12.388317 1258745704519
122.257774 73.74073 -14.118901 1258745704538
116.944885 70.553696 -16.312956 1258745704556
111.19764 58.12601 -19.847307 1258745704578
107.03776 63.81971 -20.154942 1258745704596
110.93587 68.67873 -19.097195 1258745704615
116.33907 72.54479 -17.692335 1258745704636
121.872116 75.21755 -16.407719 1258745704653
129.87851 76.70667 -15.437333 1258745704673
140.33458 77.32134 -14.7154665 1258745704693
150.76785 77.40527 -14.179693 1258745704713
160.97946 77.28501 -13.770709 1258745704733
153.18048 76.92076 -13.532173 1258745704753
146.27145 76.224724 -13.655564 1258745704779
139.95789 74.91349 -14.422786 1258745704793
133.60999 72.36781 -16.451647 1258745704813
144.22949 68.29942 -19.529064 1258745704834
151.71802 57.434452 -21.252611 1258745704853
156.33212 47.61273 -21.78998 1258745704874
159.76552 38.032093 -21.75048 1258745704893
163.82724 28.180489 -21.462957 1258745704919
158.68588 35.021465 -21.28981 1258745704934
156.3516 39.67039 -20.87532 1258745704954
152.184 43.086872 -20.331554 1258745704973
146.1248 45.93253 -19.714977 1258745705146
139.81856 48.485905 -19.029228 1258745705166
133.87762 50.26161 -18.327766 1258745705178
128.63374 51.89853 -17.661379 1258745705184
124.20206 53.4536 -16.97831 1258745705190
120.89195 54.930923 -16.379395 1258745705198
119.24735 56.334377 -15.810425 1258745705205
118.584984 57.617657 -15.269903 1258745705210
118.15573 58.786774 -14.806408 1258745705224
