93.06913 56.016205 -1.3881719 1258745707364
101.315674 59.365395 0.33123666 1258745707369
108.84989 62.597126 1.9646748 1258745707396
114.907394 65.11727 3.016441 1258745707409
111.71202 64.96141 2.515619 1258745707415
107.826416 63.26334 0.839838 1258745707427
104.035095 61.25017 -1.1021539 1258745707446
100.48334 59.33766 -3.1470463 1258745707463
97.20917 57.77078 -5.289694 1258745707483
94.298706 56.63224 -7.425209 1258745707504
91.98377 55.900627 -9.453949 1258745707527
91.034584 59.605595 -10.781252 1258745707543
92.63286 63.175316 -10.992189 1258745707563
96.95122 66.96655 -10.34258 1258745707584
103.30366 70.868225 -9.175451 1258745707603
110.538475 74.67481 -7.7166786 1258745707623
117.61155 78.19107 -6.2308445 1258745707643
123.43097 81.03152 -5.0193024 1258745707664
126.55942 82.92994 -4.5683374 1258745707683
123.93145 84.483444 -5.539921 1258745707704
119.23488 82.15927 -7.412925 1258745707724
114.47314 79.20131 -9.392279 1258745707743
109.84948 76.041245 -11.172665 1258745707931
105.357 72.88918 -12.864032 1258745707948
100.98915 69.84473 -14.77083 1258745707954
96.83969 67.20249 -17.18229 1258745707965
94.79771 71.19237 -18.423174 1258745707975
98.15782 74.93275 -17.702015 1258745707986
104.49993 78.53611 -16.316914 1258745707995
111.674934 81.9093 -14.651068 1258745708001
118.84119 84.813835 -12.968514 1258745708011
124.549126 86.82314 -11.720089 1258745708021
120.07167 87.38199 -11.534084 1258745708036
115.01809 85.762886 -12.2573805 1258745708047
110.01718 83.27474 -13.444511 1258745708055
105.216324 80.311005 -15.022285 1258745708066
100.50551 76.74545 -17.32117 1258745708078
113.38023 64.15818 -20.605112 1258745708091
108.11122 69.85027 -21.324856 1258745708100
109.50566 74.40776 -20.658613 1258745708113
114.080376 77.93737 -19.475683 1258745708129
119.67635 80.1405 -18.301899 1258745708146
129.04254 80.88348 -17.336803 1258745708166
139.54042 80.6893 -16.569963 1258745708185
149.9634 80.00484 -15.991466 1258745708205
160.16522 79.154594 -15.541892 1258745708224
152.30696 78.246864 -15.314797 1258745708243
145.39162 77.28452 -15.449058 1258745708264
139.22203 75.9703 -16.326605 1258745708283
133.26093 73.87178 -18.210274 1258745708303
126.64788 78.52819 -20.59976 1258745708329
136.26549 65.95178 -21.819773 1258745708343
143.70221 54.30419 -22.178783 1258745708363
150.2671 43.13898 -22.019844 1258745708383
157.20375 32.33203 -21.618853 1258745708403
166.44356 21.71543 -21.08791 1258745708423
162.77138 28.629658 -20.683514 1258745708444
159.63281 33.498177 -20.349339 1258745708466
154.10117 37.07327 -19.981873 1258745708484
147.3961 38.919605 -19.632778 1258745708503
