10.371612 11.706435 -1.6872556 1260255811557
15.381897 5.303874 -5.8446045 1260255811569
1.8719788 -4.7587023 -17.157139 1260255811578
-0.15065241 -7.1806087 -15.970977 1260255811610
15.339552 -5.590809 -19.897379 1260255811624
-0.758564 -3.7393687 -17.475414 1260255811636
2.8741667 -4.3994474 -28.935318 1260255811644
14.506811 -5.440413 -22.684986 1260255811660
-2.252603 -1.2050056 -26.024303 1260255811671
-1.6729155 9.486889 -8.387905 1260255811682
11.246395 10.463696 -9.33179 1260255811704
3.7874599 -12.713074 -2.1909513 1260255811717
-9.168743 -18.206715 7.7570724 1260255811733
6.867716 -17.281063 11.447451 1260255811934
-2.0206232 -11.0822735 25.86751 1260255811945
-11.334631 -19.205557 31.25289 1260255811959
5.3732357 -18.673721 22.933434 1260255811970
-3.5301456 -3.5700636 14.864597 1260255811980
-11.607688 3.3119607 16.027687 1260255811991
4.7515287 -8.8153305 11.132069 1260255811998
0.20349455 -5.559678 -1.5391355 1260255812011
-10.092839 6.1479816 -4.77248 1260255812018
-6.252915 11.045876 -5.690052 1260255812041
2.3258731 14.5494175 -14.5617695 1260255812063
9.887323 15.881655 -25.903572 1260255812070
14.00453 11.151867 -29.51042 1260255812083
13.8677845 0.8806629 -27.035881 1260255812093
9.9206085 2.0993748 -34.49581 1260255812107
3.0376496 15.447157 -30.329376 1260255812119
-4.4277487 7.7983017 -12.93168 1260255812128
-4.962015 -8.693753 -7.9244757 1260255812151
1.1302993 -15.935235 -4.963957 1260255812164
4.1994333 -21.467398 2.6023355 1260255812179
6.4079657 -29.701645 12.731361 1260255812189
6.129822 -32.131393 23.020945 1260255812198
6.6727734 -15.948312 30.827877 1260255812205
8.033114 -0.8383026 10.534924 1260255812231
10.870394 -1.5547739 19.806883 1260255812251
12.410322 0.48249006 9.673006 1260255812270
7.88323 17.525425 -4.627261 1260255812291
-2.1468005 0.8031883 -1.3071158 1260255812311
-11.311225 19.944803 -4.847897 1260255812331
-1.7661719 -0.2995329 -9.040115 1260255812350
1.9430652 13.025082 -10.605772 1260255812371
-14.741705 7.138025 -8.238668 1260255812391
3.3106008 -5.8906355 -4.596944 1260255812411
-14.829855 10.433817 -5.8675003 1260255812431
-5.9657326 1.4370334 -14.702013 1260255812451
-2.4021707 0.3713863 2.0028052 1260255812471
-4.652644 11.081343 -6.6326323 1260255812491
19.35659 -7.2477264 -5.9585524 1260255812511
5.8400726 -11.288348 -2.8143077 1260255812721
-5.8315983 1.7977151 -12.893124 1260255812731
-6.5615044 10.9915695 -17.891756 1260255812751
-6.577944 -5.019383 -21.230612 1260255812779
-5.937361 12.558172 -18.8551 1260255812808
-4.4633074 1.7015204 -29.310669 1260255812817
-2.4661143 8.799723 -13.684053 1260255812838
0.16346908 1.8522918 -29.59176 1260255812852
2.8560467 4.1377087 -7.391473 1260255812871
4.349689 0.77800274 -22.779003 1260255812897
0.1337893 -10.455091 -6.4015026 1260255812912
-5.0665255 -12.989944 -1.2896607 1260255812931
-2.024487 -20.04292 1.9904587 1260255812950
-0.20876741 -22.311306 3.7424502 1260255812973
0.86017275 -25.147858 7.0111475 1260255812991
3.344703 -26.182375 10.826926 1260255813011
8.886852 -19.506144 18.533276 1260255813030
15.6567 0.62992716 11.808574 1260255813051
