12.729442 -9.082487 1.6461234 1260255818497
6.7950706 -10.316545 1.5990477 1260255818503
8.492927 6.9555125 -9.901614 1260255818539
12.973734 7.3835845 -11.505037 1260255818714
-5.448378 -2.779737 -14.759729 1260255818732
8.661623 -5.155532 -12.077274 1260255818741
4.7180743 -4.832021 -21.00792 1260255818752
-4.2866697 -2.706502 -19.27068 1260255818759
12.919868 3.0452766 -21.318922 1260255818772
-2.764088 12.643544 -29.62589 1260255818779
-1.1996648 18.100414 -23.063423 1260255818790
10.938883 4.1292715 -15.0404415 1260255818799
-5.2843843 -1.0213523 -17.862307 1260255818810
-4.901985 12.531936 -4.840755 1260255818819
9.082459 7.6629004 2.3382096 1260255818835
-2.5688276 -2.4761443 3.641604 1260255818844
-9.967158 -17.600872 24.716871 1260255818856
4.89576 -30.478592 23.06778 1260255818865
-11.043932 -22.273357 33.968224 1260255818876
-10.525812 -6.0854216 29.709501 1260255818883
5.162707 -16.889328 21.299131 1260255818902
-6.226689 3.2221792 8.118923 1260255818913
-9.684404 3.541136 2.3649678 1260255818920
8.870309 -8.49211 -0.28095967 1260255818938
5.402819 -6.08171 -11.215274 1260255818949
0.35883415 -0.43484354 -24.233715 1260255818961
-3.6793277 9.98064 -29.775347 1260255818976
-5.3800855 19.651674 -27.138803 1260255818998
-5.0872617 12.210865 -30.511192 1260255819013
-3.5440702 3.4593048 -26.836094 1260255819037
-1.1844687 20.26889 -21.645212 1260255819057
2.3179207 8.095616 -31.366352 1260255819074
4.546257 2.0489492 -5.278571 1260255819092
-5.403795 0.14610693 -1.9536524 1260255819118
-3.310895 -11.490053 2.7209246 1260255819137
-0.9259429 -24.506092 10.528915 1260255819154
0.17454147 -32.978817 18.796072 1260255819172
0.21783352 -24.016506 23.601093 1260255819196
0.20423698 -5.5617332 17.843517 1260255819214
0.17134714 -16.847008 14.341147 1260255819234
1.8812687 5.1651354 2.211173 1260255819254
1.0681753 8.631676 -3.7130733 1260255819435
-4.568612 -0.730731 1.709512 1260255819444
-10.440514 19.973076 -1.6584468 1260255819456
2.059594 2.232699 -8.6213455 1260255819465
-3.360432 8.786621 -14.44037 1260255819477
-14.1567135 16.694937 -7.533407 1260255819484
1.2907023 -1.0300803 -1.248709 1260255819495
-16.569279 1.0358515 -4.402808 1260255819504
1.4026628 13.492317 -5.1584253 1260255819518
6.802108 -4.325139 -2.6372151 1260255819535
11.032997 6.7070427 -2.7283714 1260255819541
-1.8302689 8.785834 -8.9700985 1260255819553
22.006704 -7.0739164 -2.6169662 1260255819561
7.6046915 -12.804151 -1.0104043 1260255819577
27.694605 -13.342351 7.11385 1260255819592
24.201061 -13.599495 -0.55571795 1260255819598
12.733972 -12.89091 7.2033987 1260255819612
5.1705093 -12.737431 13.735962 1260255819624
3.3049088 -20.669601 6.277607 1260255819641
8.839817 -17.48103 11.538652 1260255819656
15.939415 -2.5547535 -3.7453074 1260255819678
14.0224 -8.81563 -7.8658857 1260255819692
11.938707 9.398291 -13.597516 1260255819714
7.3057313 2.1035495 -24.975227 1260255819738
0.8854172 -1.9686794 -25.527145 1260255819754
-4.428503 -1.7026572 -24.43137 1260255819772
-7.3635216 -1.1905475 -23.523912 1260255819795
-6.78676 -0.65441704 -19.72349 1260255819813
-3.1293895 1.5960383 -12.633821 1260255819832
2.0946026 5.148147 -7.7800503 1260255819853
5.856928 8.574189 -7.8575835 1260255819877
5.618844 9.699911 -8.875174 1260255819896
-1.4899149 1.1825902 -0.33914423 1260255819913
-4.3237324 -10.34577 -2.2128456 1260255819936
-4.7886543 -12.261076 4.446036 1260255819954
-4.7169056 -8.545218 8.952821 1260255819974
-4.0400295 -16.36483 14.757294 1260255819993
-3.4877048 -25.54333 12.426643 1260255820016
-3.1969295 -1.0510283 13.020545 1260255820190
