-6.841625 -7.4559197 3.8135605 1260256346570
-6.992285 -8.247847 3.8460546 1260256346576
-6.9969788 -8.683161 4.383041 1260256346582
-6.9676104 -10.630222 4.973096 1260256346601
-7.178833 -10.968838 4.585113 1260256346616
-6.99271 -11.461321 4.4440007 1260256346622
-6.6048646 -8.741851 5.130473 1260256346656
-6.0028687 -1.7225575 7.574277 1260256346669
-4.901092 1.7123389 10.186435 1260256346682
-2.8688397 2.7982297 9.7101755 1260256346696
0.68192625 1.3564806 7.203855 1260256346706
6.13743 0.13257694 6.70817 1260256346712
11.412823 -0.7897339 8.2586565 1260256346732
15.371888 -1.9899845 8.61082 1260256346740
16.917578 -2.3869748 4.606305 1260256346750
12.929094 -1.4066877 -1.5507483 1260256346772
3.0218885 0.46057415 -3.020123 1260256346790
-3.5328846 2.7710958 2.5165136 1260256346811
2.0793633 4.017018 5.2421346 1260256346830
12.528086 5.1629667 2.4754407 1260256346850
13.704697 5.7975345 2.2225666 1260256346870
3.5839052 5.0742254 6.047105 1260256346891
-4.9639707 3.8149898 3.4439578 1260256346910
-4.5203133 3.9122863 -3.0377054 1260256346930
-6.6224084 7.063798 0.966558 1260256346950
3.3166902 7.3341722 5.440585 1260256346970
-5.1257563 -7.259659 0.35218048 1260256346990
-10.535682 -7.002926 5.7527623 1260256347010
-0.05093479 -9.200983 19.954678 1260256347030
-15.778881 -19.477045 18.889677 1260256347234
-11.512867 -32.077003 10.254249 1260256347241
1.9831737 -17.934017 6.7982254 1260256347259
9.561133 -28.95795 -8.119356 1260256347268
12.608327 -9.752671 -3.3651347 1260256347281
10.957844 -22.598454 -5.5379124 1260256347290
6.258168 -8.353996 -17.939613 1260256347301
2.9044173 6.116558 -10.86287 1260256347312
8.705002 -4.9259605 -5.485692 1260256347323
-6.9968605 15.575015 -1.6760556 1260256347333
-9.135746 1.1750298 5.2989483 1260256347345
-11.846037 1.0562152 -10.380539 1260256347351
-13.25408 -18.898026 -5.986495 1260256347369
-8.822678 -9.700256 -5.231917 1260256347381
-6.04774 -33.102467 -6.023675 1260256347392
-1.0784187 -17.22749 -9.515714 1260256347408
1.1878886 -22.152653 4.848356 1260256347414
0.58996916 -14.696691 -13.275513 1260256347431
1.6570758 -2.4511032 5.8289833 1260256347478
-0.1964785 7.9004908 -6.326285 1260256347622
-9.998089 -6.8810177 -0.8786999 1260256347629
-0.84990144 7.739922 10.442928 1260256347634
6.3413396 -7.9960337 7.9238057 1260256347652
2.358726 -17.4349 4.443335 1260256347663
-8.692181 -23.124523 7.414044 1260256347672
-17.188116 -24.008942 14.478516 1260256347686
-14.372132 -11.763106 6.775875 1260256347702
-3.022542 5.195259 14.494802 1260256347710
-17.284138 -6.809767 5.0166264 1260256347722
-23.099815 -16.883835 11.775515 1260256347730
-6.689248 -20.847038 3.9586754 1260256347741
-4.8556604 -8.906357 -3.0367835 1260256347748
3.793011 -30.592045 -17.69025 1260256347778
13.409424 -25.617014 -24.783155 1260256347784
9.768913 -19.855211 -17.494972 1260256347801
0.60101604 -33.568893 -25.279234 1260256347817
-1.8501396 -12.346803 -21.7005 1260256347823
-7.4846582 -18.74092 -26.283405 1260256347837
-16.345575 -10.001531 -15.018826 1260256348020
-10.40513 -3.0994596 0.8248296 1260256348035
-30.962456 -6.9194064 25.14428 1260256348041
-29.727163 -3.2540746 30.823914 1260256348057
-16.291908 -21.105179 20.6912 1260256348072
-5.1039715 -13.1848135 10.485083 1260256348080
1.0460491 -9.826912 5.0143785 1260256348092
7.935766 -18.726624 -6.3451147 1260256348102
3.4296114 -17.29375 -27.621847 1260256348113
0.31376076 -14.959376 -26.939234 1260256348122
11.091981 -26.895115 -19.047483 1260256348133
12.804111 -6.4343643 -21.16232 1260256348143
1.6290412 -16.138231 -1.7247562 1260256348150
-19.92112 -0.52033997 4.637431 1260256348168
-24.228819 -21.03352 19.29028 1260256348180
-19.568996 -7.5635486 19.240047 1260256348189
-11.954851 -14.87055 32.7602 1260256348205
-4.9218016 -25.589216 16.520508 1260256348218
1.1068678 -21.167992 4.111892 1260256348224
5.1976314 -11.4333315 -0.52714396 1260256348242
1.0569047 -15.291987 -23.808767 1260256348250
-3.6814904 -5.578001 -21.332108 1260256348275
5.12836 -25.36818 -19.90371 1260256348290
12.523455 -16.313961 -23.65331 1260256348310
10.438493 -14.7158165 -11.088951 1260256348330
5.8169527 -21.614204 -3.6274204 1260256348350
1.403532 -14.872718 4.961215 1260256348370
-7.7608976 -19.518147 1.6300917 1260256348390
-22.076534 -7.4462004 21.02066 1260256348410
-19.223763 -7.994649 16.79844 1260256348430
-6.211505 9.184889 7.427801 1260256348450
-20.561974 17.273273 1.3643743 1260256348469
-13.46364 6.45842 1.328793 1260256348495
-3.2211757 -16.609737 -12.008307 1260256348510
-4.4740562 -25.524412 1.4472752 1260256348530
-8.850211 -22.183804 -2.3526106 1260256348552
-1.9336689 -18.196394 -5.57081 1260256348570
8.895842 -20.596922 1.8663809 1260256348590
10.110253 -24.931124 -3.9572434 1260256348798
5.68729 -26.843218 -5.8187222 1260256348804
2.9022813 -18.325352 -6.4299707 1260256348810
4.586496 0.84198713 0.9833453 1260256348828
-16.72006 4.3777103 1.9196647 1260256348840
-1.8654137 13.739747 2.551319 1260256348851
-6.712235 14.709047 4.874399 1260256348863
-22.593 6.1548796 -1.1183593 1260256348873
-6.3571177 -4.7329597 -4.898615 1260256348885
-20.575287 -8.448608 3.3493023 1260256348894
-24.99659 -2.4756887 -8.32216 1260256348910
-15.137748 -4.7729597 5.060775 1260256348918
-10.6009865 -20.435543 -8.536251 1260256348926
-12.253536 -21.232576 -7.8176436 1260256348943
-16.409637 -22.563599 -3.6959748 1260256348953
-19.281872 -22.563446 2.505979 1260256348965
-18.292025 -20.714752 9.48373 1260256348974
-15.142588 -17.673557 12.454347 1260256348981
-11.138867 -13.693052 11.823647 1260256348999
-7.6429725 -10.048582 8.071542 1260256349010
-7.2050614 -6.3103666 2.1253803 1260256349031
-8.006091 -5.687893 -4.2986574 1260256349050
-10.890207 -10.946239 -6.230383 1260256349070
-14.353073 -16.806038 3.3363223 1260256349090
-14.588915 -8.428857 10.080969 1260256349110
