11.669504 -0.29972124 2.2479236 1260255599259
11.363411 -6.602693 2.998572 1260255599270
9.66552 -16.261244 -4.884811 1260255599299
6.80256 -1.3020377 -10.981169 1260255599314
3.0145936 2.1280055 -3.1906657 1260255599323
-0.27310133 -4.9040346 -0.49866867 1260255599335
-2.1516035 -12.607976 -6.7694054 1260255599351
-2.9584346 -15.364136 -16.310663 1260255599362
-3.434547 -10.659391 -23.948 1260255599381
-3.719619 -0.8827648 -26.892572 1260255599394
-3.9257352 7.294729 -22.713207 1260255599414
-3.0809708 4.87434 -11.20969 1260255599439
2.032095 -10.958049 -8.998806 1260255599452
5.0152397 2.2597833 -6.6449604 1260255599471
-10.162264 -10.37046 -6.952734 1260255599494
-18.02153 -28.16227 9.776605 1260255599510
-13.077568 -33.191223 10.048651 1260255599530
-4.415059 -20.50374 13.266907 1260255599551
1.4006801 -18.213188 23.557219 1260255599570
2.2551308 -29.385696 17.12282 1260255599592
-1.1273184 -24.649094 21.650461 1260255599611
-6.189126 -10.153282 18.53942 1260255599631
-10.646312 -2.9060736 7.9449577 1260255599819
-11.566623 -13.076429 0.28037578 1260255599834
-10.370537 -4.250726 -5.5649524 1260255599843
-8.785013 -12.596031 -9.33558 1260255599856
-5.114057 4.0826464 -10.513178 1260255599864
0.8368199 6.042784 -27.577065 1260255599876
7.2808 -2.6803932 -33.06892 1260255599882
12.086842 -5.8661017 -31.168955 1260255599893
13.840322 -10.110526 -26.041473 1260255599902
13.106257 -8.873193 -22.501165 1260255599915
11.437127 3.6520627 -19.752487 1260255599930
9.889418 -7.123622 -9.672668 1260255599938
8.840432 -2.5670595 -5.146397 1260255599949
7.7204857 -9.617865 0.4500414 1260255599958
6.9020033 -22.034004 3.81741 1260255599974
6.876114 -35.676136 11.262989 1260255599983
8.105657 -32.432278 21.505714 1260255599994
9.134787 -16.578829 20.757303 1260255600031
9.667316 -9.505963 11.187113 1260255600070
9.654974 -12.010296 3.8844981 1260255600100
8.30717 -11.701057 -1.5741415 1260255600122
-0.49526393 4.4502487 -4.45095 1260255600148
-12.345208 -11.946253 -2.7836652 1260255600158
3.5097127 3.1027374 -9.244529 1260255600168
-6.5750456 5.7404366 -11.386187 1260255600179
-11.251741 -9.645921 -1.5498486 1260255600192
1.991013 2.6653075 -0.5891752 1260255600203
-15.748934 2.118757 -9.262251 1260255600214
-9.963091 -6.0161495 -13.679985 1260255600229
0.8361716 0.21462464 1.0002713 1260255600246
3.4955537 2.397243 -13.43664 1260255600263
-3.9258237 -11.219751 -13.381201 1260255600287
-6.5499134 -17.220743 -1.8606708 1260255600304
4.201712 -18.360119 8.872009 1260255600322
13.110968 -14.2138 1.3011981 1260255600350
12.119007 -29.191263 9.055511 1260255600363
4.470966 -35.14013 2.4844224 1260255600384
-3.7290132 -19.975948 -2.8025794 1260255600402
-8.355947 -9.615036 2.239732 1260255600594
-9.647454 -6.2073183 -2.17812 1260255600609
-10.349522 -1.8185062 -5.1220403 1260255600661
-11.128876 -6.465085 -4.936405 1260255600688
-10.772529 -16.031202 -11.105933 1260255600742
-9.973112 4.146999 -13.486294 1260255600783
-8.439604 -9.514467 -8.000004 1260255600829
-5.7791142 0.9745202 -21.560118 1260255600846
-3.0226161 -2.1746445 -5.1140127 1260255600853
-0.49461982 -5.790347 -23.276352 1260255600864
0.13917118 6.7470503 -8.9239025 1260255600878
-1.5668937 -11.22437 -6.8112774 1260255600885
-4.992197 -10.774595 -17.160517 1260255600892
-10.6091385 -10.655255 -12.878235 1260255600900
-13.791398 -19.79717 -3.6497715 1260255600907
-13.818008 -8.541794 -1.2764741 1260255600913
-12.724974 -21.645937 10.483431 1260255600921
-11.270451 -19.860014 0.5625315 1260255600928
-10.330972 -16.562534 15.245069 1260255600934
-9.641716 -26.747324 4.244492 1260255600943
-9.627181 -6.661577 5.494731 1260255600949
