-3.3956494 -9.889282 10.281817 1260256652698
-0.62784076 0.17316067 13.858918 1260256652883
6.907482 9.504189 5.838583 1260256652893
11.807254 -2.2424212 -0.8109443 1260256652905
11.75848 8.7453 3.3609295 1260256652914
9.555581 -4.5276794 -0.24405026 1260256652927
-10.706365 7.507306 8.844581 1260256652933
0.7022815 -3.5585191 3.3160372 1260256652948
-16.135117 -21.362705 16.614557 1260256652988
-16.449322 -23.689718 21.629501 1260256653000
-1.2763834 -17.565128 8.435278 1260256653009
-3.824688 -21.398777 -10.379324 1260256653021
-3.4494045 -27.839298 -11.55405 1260256653030
-1.1338835 -22.063837 -10.427048 1260256653041
1.2167647 -16.276112 -11.185586 1260256653048
1.5024395 -11.210632 -8.9484215 1260256653060
-0.92391205 -5.927229 -4.746745 1260256653069
-9.059737 -9.365391 -7.56355 1260256653081
1.3578529 12.598179 -2.216803 1260256653090
-6.097654 -5.994781 2.8280857 1260256653101
-11.310532 8.301598 -1.2898831 1260256653108
-7.115335 5.275533 9.228901 1260256653122
-16.47642 -4.1082907 -3.581429 1260256653140
-12.5259075 -28.336554 -7.4233274 1260256653149
-7.9390783 -22.593473 -11.32132 1260256653160
-0.6142864 -15.629315 -18.397205 1260256653169
7.2543817 -29.65773 -17.517317 1260256653178
11.734135 -14.002327 -4.295061 1260256653187
12.307676 -11.215359 -8.857852 1260256653199
10.937546 -2.9134898 -3.1694546 1260256653207
9.720293 -1.3070971 1.2061263 1260256653226
7.2110133 8.91798 0.78613174 1260256653232
9.411519 -13.759763 -1.3529811 1260256653246
11.76931 -1.5378103 -5.9935713 1260256653254
11.88387 -24.30989 -10.127537 1260256653269
10.710719 -10.005182 -6.898426 1260256653286
8.681355 -20.584145 -15.911716 1260256653294
5.9276867 -4.673688 -1.3374858 1260256653311
3.858939 -14.308594 -13.861796 1260256653322
2.5085397 6.256748 -11.469383 1260256653503
3.2405179 9.802345 -6.5702796 1260256653520
7.575487 8.207553 -3.3660345 1260256653532
-13.530062 3.3706992 -0.007845402 1260256653543
-14.03999 -10.732246 16.061703 1260256653552
-7.803189 -19.842848 21.400677 1260256653564
-1.7568319 -20.305235 19.99222 1260256653573
1.0297674 -8.236952 0.48530704 1260256653584
-2.030856 -24.19234 -8.078132 1260256653591
-5.8224726 -1.1984415 -6.082651 1260256653602
0.06785464 -16.474834 -1.9904584 1260256653611
2.5692663 -4.2109394 13.4658 1260256653624
-8.860989 2.8002224 3.244688 1260256653642
-16.97371 -9.209451 13.26677 1260256653649
-8.664585 3.7914023 14.539433 1260256653660
-9.441388 -7.044503 8.461473 1260256653670
-23.92558 -18.090307 1.6638117 1260256653685
-21.483555 -23.207878 -5.6201105 1260256653702
-13.990586 -23.71993 -1.6083698 1260256653709
-9.780053 -26.891233 -24.33599 1260256653727
-9.270441 -18.116917 -18.955837 1260256653739
-8.804359 -29.098171 -23.844925 1260256653752
-6.1033998 -7.6143246 -24.264334 1260256653766
-5.7964616 -19.034092 -29.000439 1260256653787
-9.30707 -9.402696 -10.983634 1260256653803
-15.914482 5.9312096 -14.034113 1260256653823
-2.888957 -11.651857 -2.4598732 1260256653846
-9.041049 -2.7958198 12.551561 1260256653867
-16.828102 -13.830769 4.114587 1260256653881
-19.3778 -32.92027 15.931986 1260256653904
-16.921467 -28.398914 20.32104 1260256653927
-14.056728 -17.305449 13.272455 1260256653943
-13.221275 -10.205046 5.595168 1260256653961
-9.825178 -16.489906 2.7094693 1260256653986
0.38209414 -10.191532 -21.58604 1260256654003
12.495403 -12.823154 -15.133552 1260256654023
12.938207 0.6746445 -20.751043 1260256654043
3.2187073 -16.504875 -25.392353 1260256654067
-5.1550107 3.4449778 -20.925488 1260256654260
-2.9882529 -16.075384 -16.982775 1260256654270
-0.925683 -4.9601545 0.69192845 1260256654281
-6.2049513 -27.87268 5.3472924 1260256654288
-8.261174 -27.050045 24.337622 1260256654302
-8.199494 -13.883585 12.1979885 1260256654309
-9.349305 -21.621464 0.14406872 1260256654321
-10.598728 -24.661495 2.598988 1260256654329
-8.563367 -12.853587 -12.113055 1260256654341
1.2631514 -2.4355903 -4.819543 1260256654352
12.932632 -15.485901 -20.802929 1260256654367
12.113189 -1.798531 -29.396736 1260256654379
1.054347 -13.236179 -15.108563 1260256654388
-6.98392 0.7853546 -17.79419 1260256654400
-11.318662 -6.865713 -10.41342 1260256654409
-10.542091 -11.381277 12.333052 1260256654425
-7.2907267 -26.802456 6.6301675 1260256654434
-2.5233064 -7.743677 13.499957 1260256654445
3.3824043 -17.221106 10.743082 1260256654465
6.047192 -3.9023066 -0.34611082 1260256654474
2.1967797 -8.834603 -23.713123 1260256654490
-3.1819644 -20.153006 -17.816147 1260256654505
0.09108305 -6.843401 -22.797485 1260256654528
8.298819 -12.478401 -7.666342 1260256654541
10.315191 -20.69725 -6.827738 1260256654563
5.5425353 -21.279818 -3.198335 1260256654586
-8.915671 -0.6604204 3.4882526 1260256654604
-17.456738 -14.986545 6.4272337 1260256654621
-6.5001955 -5.540118 20.741726 1260256654644
-2.0322819 8.725679 11.155027 1260256654666
-18.06451 -8.174413 10.0708065 1260256654684
-15.776159 -17.604641 -1.971022 1260256654701
-10.77887 -11.433985 -12.274205 1260256654731
-1.6979353 -15.228354 -9.286606 1260256654743
10.425463 -28.916101 -9.2555485 1260256654763
13.59772 -28.30892 -11.519357 1260256654783
6.987889 -13.842152 -1.6414623 1260256654806
0.934322 -3.795555 -2.248323 1260256654823
-0.5574434 -0.3734722 -3.1635554 1260256654841
4.920536 -10.502909 4.614276 1260256655030
-3.907281 5.771018 9.231939 1260256655042
-16.517254 -4.172911 7.6890426 1260256655050
-7.8689623 -7.4034967 11.064822 1260256655061
-5.270052 6.5736904 0.07187843 1260256655070
-21.994442 -0.1049093 -3.2418702 1260256655082
-4.8974056 2.2280078 -0.48868972 1260256655091
-8.130783 -18.601551 2.0545776 1260256655102
-7.857881 -20.26886 -14.230967 1260256655109
-5.078034 -12.310801 -8.114323 1260256655128
-3.2815275 -18.405874 2.5174825 1260256655140
-2.4450464 -29.95203 2.353732 1260256655149
-1.817328 -33.066917 -4.0157185 1260256655160
-0.03590107 -24.991468 -6.114587 1260256655170
2.275238 -14.297407 -3.0591805 1260256655187
3.6978698 -8.287849 -1.5664946 1260256655199
4.3835473 -8.664814 -3.3172493 1260256655208
4.705827 -13.483824 -4.748525 1260256655222
5.2451344 0.025992393 -1.4847444 1260256655234
5.7810745 -3.3866975 6.4691944 1260256655254
