2.3310797 2.0233264 9.48139 1260256507337
-3.19032 3.627558 3.7444725 1260256507349
-1.8424387 5.0171804 1.6674813 1260256507358
1.023375 5.6580667 4.3080225 1260256507369
3.8450112 7.4688783 1.5116196 1260256507378
-5.518673 -1.5022798 1.7900753 1260256507415
-3.2713223 -7.1595783 7.5462866 1260256507421
5.0107484 -3.7125335 18.462673 1260256507433
-15.63836 -12.545559 15.838552 1260256507471
0.3422103 -24.91021 15.749035 1260256507641
-0.7701788 -13.215835 4.1718426 1260256507656
-9.469525 -33.445942 3.4334812 1260256507663
-6.1951528 -13.927989 -6.174984 1260256507674
-1.5422492 -17.871758 -5.0317893 1260256507694
-0.25880337 -24.352837 -10.269905 1260256507703
-1.8732672 -17.634726 -12.474791 1260256507714
-4.844845 -3.0527363 -6.456316 1260256507721
-7.499758 -8.680817 -2.5498533 1260256507733
-5.161021 -0.81449604 -7.458072 1260256507741
7.437635 4.8675804 -3.8815362 1260256507753
-4.557522 12.185182 4.971774 1260256507762
-8.841548 1.0870612 -12.126877 1260256507773
3.1871576 -4.8632746 -1.7950902 1260256507780
9.746205 -31.621239 -6.03809 1260256507799
13.156822 -18.536469 -7.050884 1260256507809
15.655346 -26.075193 -5.087506 1260256507818
14.52223 -17.714462 -5.809362 1260256507829
12.267025 -1.3430953 0.72811556 1260256507836
-5.7849517 -3.8219447 1.1670377 1260256507844
7.003936 9.811253 5.42959 1260256507859
9.716789 -7.2279553 -6.6712813 1260256507875
7.8391657 -4.0494566 -13.741201 1260256507882
10.312977 -6.7362275 -3.2566805 1260256507901
12.990253 -27.545084 -9.6468525 1260256507912
13.569674 -11.541967 -10.27977 1260256507924
9.135902 -12.09701 -14.511829 1260256507940
-5.675176 -9.650347 3.9019852 1260256507952
-2.330421 6.653218 11.524181 1260256507974
3.9681563 -1.9425719 15.458374 1260256507996
-10.228329 8.830077 12.866318 1260256508011
-13.8984375 -7.6748796 16.965979 1260256508032
-6.7000732 -8.225996 14.545567 1260256508054
-1.9401724 -9.541065 -4.2744446 1260256508076
-2.408443 -23.5229 1.5599854 1260256508091
-6.245405 -11.183501 3.119436 1260256508113
-6.114733 -9.293465 3.183475 1260256508135
2.0013628 10.594848 18.474735 1260256508157
-8.297182 -5.781085 21.764746 1260256508176
-25.103374 7.1788745 16.769836 1260256508357
-8.04975 0.58809566 10.346462 1260256508373
-18.6591 -23.562271 -8.499504 1260256508381
-16.516449 -22.99496 -9.208769 1260256508392
-8.441865 -20.313526 -24.75078 1260256508401
0.097307205 -35.00956 -25.059275 1260256508412
5.5593534 -15.353035 -16.05124 1260256508421
7.5512943 -17.371134 -30.631172 1260256508433
6.5191636 -19.91983 -11.807227 1260256508442
2.6302464 1.7367334 -12.702407 1260256508459
-7.0343366 -10.671677 -15.373669 1260256508471
-10.268082 -8.192133 -10.149563 1260256508480
-7.5793962 -4.4315743 -7.909964 1260256508491
-16.429523 5.7542505 4.5940022 1260256508498
-9.483057 -9.575089 23.986008 1260256508516
-4.1269326 -25.09895 16.032497 1260256508524
-0.9940467 -22.598125 11.713937 1260256508536
2.048194 -17.462208 9.045498 1260256508553
3.9891944 -12.288853 6.0152454 1260256508563
6.041875 -12.629302 -2.4526865 1260256508576
6.4885883 -20.128988 -3.023984 1260256508595
0.49207687 -9.972781 -25.534302 1260256508618
-3.199349 -2.9407287 -23.577837 1260256508632
1.4585872 -17.423904 -25.608603 1260256508655
4.7785363 -0.31835127 -9.737804 1260256508677
-4.2881284 -17.913815 -3.0570343 1260256508691
-12.765901 -7.815796 13.446293 1260256508716
-16.04851 -12.406527 14.118212 1260256508735
-15.791794 -29.30323 19.572472 1260256508758
-13.80312 -15.339046 14.897056 1260256508771
-12.935993 -4.687276 8.719206 1260256508794
-11.13093 -5.6775074 -2.1544812 1260256508815
-7.667723 -16.60908 -12.427213 1260256508837
1.7341121 -3.1373749 -8.529084 1260256508854
12.368912 -9.105464 -28.728443 1260256508874
13.980909 -7.970028 -18.069603 1260256508898
9.465377 -20.148026 -7.926203 1260256508911
7.189867 -10.175982 3.126381 1260256508933
3.12285 -8.071646 8.5322275 1260256509113
-1.5077834 -17.833403 21.296291 1260256509120
-5.5016794 -1.7846775 11.667514 1260256509131
-3.2560134 -8.591846 6.460458 1260256509140
5.7648907 -26.855984 -9.083027 1260256509151
13.144824 -19.640068 -20.048784 1260256509158
13.811724 -12.66829 -17.231411 1260256509172
9.141072 -23.486013 -19.860638 1260256509181
5.916407 -22.724102 -6.249976 1260256509198
2.3003187 -7.1151004 -7.0911345 1260256509210
-13.346352 6.287755 9.933606 1260256509219
-14.527263 -2.9454641 5.2677197 1260256509230
-3.2971878 -7.9545965 12.546616 1260256509236
4.514464 -7.0134196 3.6966443 1260256509255
7.205306 -24.344368 -4.1284966 1260256509263
8.34612 -25.648224 -3.2794514 1260256509275
4.311261 -17.230114 -5.232573 1260256509291
-2.561815 -16.38543 -16.570328 1260256509302
-7.51408 -23.7938 -8.120009 1260256509314
-7.673092 -23.378819 -4.438844 1260256509333
-5.960605 -19.078848 -5.171054 1260256509358
-8.377407 -16.847193 1.2071342 1260256509372
-11.261489 5.2007904 0.45753312 1260256509394
0.14888382 -3.400792 -2.852868 1260256509417
3.1016884 -5.6264715 6.644921 1260256509438
-13.549246 -0.7429843 -1.0405707 1260256509455
-10.898398 12.812436 7.1911073 1260256509472
-11.9191265 -9.726221 6.072426 1260256509498
-21.01519 -2.7537498 -1.2513686 1260256509511
-14.73207 -6.9195056 -3.1692746 1260256509534
-13.115717 -15.883205 -3.2740624 1260256509555
-14.281904 -25.067156 -0.35230446 1260256509577
-14.812009 -30.121592 4.7717586 1260256509593
-13.440613 -31.585133 6.9591303 1260256509614
-9.460557 -30.911507 4.977379 1260256509638
-2.094159 -28.484268 1.2207041 1260256509651
5.554226 -24.270403 0.018584728 1260256509674
8.438608 -19.24557 3.739968 1260256509697
