-0.0040431023 -9.412842 17.292927 1260256208614
4.047433 -12.20766 15.04296 1260256208621
7.4475474 -13.518867 12.039943 1260256208640
10.210262 -13.474124 10.438889 1260256208647
11.18621 -13.494492 9.668948 1260256208659
11.238246 -14.02832 9.375768 1260256208667
8.055056 -12.870453 15.073854 1260256208679
0.48340106 -3.179308 14.643364 1260256208689
-3.8798923 -0.47233868 5.398316 1260256208700
7.4023075 -10.44881 12.838815 1260256208711
15.941124 -13.882839 -1.5705082 1260256208721
-1.9344306 -13.105876 0.76287043 1260256208729
15.052866 -12.29818 4.724449 1260256208742
8.9918785 -11.002897 -2.2094202 1260256208749
-0.61897516 -8.060837 -0.5477586 1260256208762
-1.8564527 2.3024201 1.2872343 1260256208771
2.1260548 10.453182 14.146484 1260256208806
7.9080405 2.3494143 17.619576 1260256208813
8.882651 -1.9588234 7.8951645 1260256208826
4.8876195 0.10999489 8.436409 1260256208860
1.1889945 -19.473795 12.777454 1260256208873
0.7472408 -13.916044 -6.587887 1260256208902
2.9435031 -3.1770124 7.379862 1260256208914
5.5483775 -15.775127 5.859412 1260256208923
4.6912527 -5.9523983 -8.200942 1260256209179
-6.9524755 7.016103 1.9865959 1260256209231
4.968643 7.937035 1.6321461 1260256209243
1.0041652 3.0369513 -11.575752 1260256209256
-7.016543 -11.0408 -13.409222 1260256209271
-6.035036 -12.865721 -3.1945705 1260256209279
0.5829804 -5.783211 -16.200788 1260256209290
10.923757 -26.452993 -4.5115085 1260256209308
18.4314 -16.305397 -11.906332 1260256209314
19.07162 -22.610128 -9.221725 1260256209331
14.024379 -28.417595 0.3714776 1260256209351
6.6588125 -6.938463 2.7434106 1260256209363
1.7488917 -13.898846 -14.098759 1260256209372
-0.35014522 -9.285306 5.913354 1260256209386
8.759339 -10.861157 1.3562295 1260256209394
-2.903903 9.447746 5.941709 1260256209406
-16.055267 -4.8549724 14.94572 1260256209419
-11.123446 2.7532866 28.562998 1260256209428
-1.0220871 -1.3995249 17.82506 1260256209463
-7.3460684 1.26788 10.598029 1260256209473
-20.896439 -15.673492 13.714095 1260256209497
-6.1225777 -14.189246 -2.261415 1260256209503
3.0070333 -8.786049 -0.94606 1260256209521
6.723106 -21.059544 -9.182836 1260256209532
11.060837 -11.563521 -15.640288 1260256209579
10.651163 -29.665655 -24.165714 1260256209618
5.45833 -10.303784 -24.284477 1260256209636
-1.2180324 -27.635689 -21.130198 1260256209669
-4.1764135 -5.8816357 -17.693907 1260256209743
-4.050796 -21.112856 -13.896901 1260256209759
-5.31303 0.31436157 -11.318226 1260256209779
-10.814573 -0.759326 -0.06418538 1260256209799
5.873826 -2.920467 5.7860684 1260256209822
-2.83061 6.1362057 -7.0974374 1260256209834
-11.491548 3.1006925 -1.3090668 1260256209846
6.613152 1.6819242 2.77967 1260256209860
1.103261 0.32716417 8.578018 1260256209871
-1.8641849 -6.629546 9.142632 1260256209881
-2.14353 -13.876419 10.801326 1260256210079
1.1854415 -16.867779 11.400605 1260256210104
4.947319 -14.5564165 9.139632 1260256210110
7.4361105 -9.988211 7.3899336 1260256210124
9.025606 -5.416198 3.4559734 1260256210141
8.123349 -12.196944 -6.4688196 1260256210148
0.9063066 4.0181227 -3.8579688 1260256210164
-5.591261 -6.3077726 -12.188446 1260256210170
-0.30650568 -11.389029 -16.943588 1260256210182
12.09478 1.5351286 -14.263807 1260256210191
16.17918 6.465358 -20.532507 1260256210207
9.0685835 -13.960468 -16.765457 1260256210238
4.5685997 -10.867798 0.34848547 1260256210259
4.3692613 -25.909166 4.0233893 1260256210279
3.6376014 -28.070513 7.7721405 1260256210295
3.5542254 -16.577595 14.105456 1260256210304
5.1187997 -19.547934 8.102179 1260256210316
6.2947226 -24.86699 5.8094444 1260256210322
10.353412 -16.38602 -1.1556749 1260256210334
7.750888 1.2343621 -17.834438 1260256210358
-0.5573611 1.3399138 -11.436971 1260256210363
-0.31078434 -11.043726 -18.101566 1260256210375
7.1722617 -3.6827254 -27.27135 1260256210382
10.38958 -3.6359339 -8.041257 1260256210399
7.723301 -7.037421 -0.20811462 1260256210430
0.6018326 -7.015742 -4.1385827 1260256210453
-9.186369 -21.054811 5.990556 1260256210470
-13.347416 -0.40000534 7.5036626 1260256210493
-10.22609 -10.010945 11.258743 1260256210536
-4.6083455 -17.626116 1.302614 1260256210560
-2.7015731 -18.732548 -5.5820966 1260256210580
-2.6609755 -20.517391 -7.550313 1260256210616
-3.644774 -20.984495 -8.571491 1260256210648
-5.212075 -21.515049 -8.0554085 1260256210728
-7.0381737 -22.912395 -5.3352246 1260256210733
-5.838365 -4.6723843 -13.017988 1260256210748
0.9597881 -10.139097 -7.167181 1260256210758
9.313316 -0.42619085 -28.497797 1260256210801
13.830943 -9.623532 -17.686687 1260256211013
13.249375 -2.1766357 -19.932655 1260256211024
9.905839 0.19855976 -11.701783 1260256211036
2.3250794 -4.795066 0.6207309 1260256211044
-7.315408 -18.33349 -6.086254 1260256211057
-13.832574 -31.472813 12.840054 1260256211063
-15.641651 -14.3684 11.536789 1260256211075
-13.350164 -22.74078 13.403902 1260256211083
-7.3101816 -18.283133 -2.2701833 1260256211103
-5.0108995 -4.271189 2.8672423 1260256211115
-6.14297 -5.135128 -15.945665 1260256211128
-1.9049044 0.3101344 -25.219007 1260256211137
4.8114195 -4.3848343 -10.497181 1260256211149
7.4462 -17.478153 -3.0434704 1260256211154
3.5723705 -15.100982 4.528393 1260256211185
-3.5890195 -9.093994 -2.9343333 1260256211194
-10.373037 -18.006752 10.646014 1260256211206
-12.000818 0.03472233 8.627322 1260256211220
-3.628206 3.828678 -8.563628 1260256211229
6.332158 -10.5219965 -4.365817 1260256211238
10.706711 -4.498229 -19.120913 1260256211247
13.683337 -10.616678 -14.983537 1260256211258
11.55405 -27.2873 -14.831047 1260256211267
10.197373 -33.02843 -11.776553 1260256211280
9.6613 -30.00078 -8.815103 1260256211289
8.005486 -25.491339 -6.483931 1260256211299
5.1445646 -21.45734 -5.5904064 1260256211306
-7.532238 -10.892733 8.884136 1260256211314
-4.7560296 -7.246602 11.351676 1260256211330
-3.8228164 4.210249 -3.7160559 1260256211346
-19.27076 10.892691 6.87387 1260256211359
-5.5620346 15.6800995 9.446467 1260256211368
-13.0286875 11.979746 11.347967 1260256211374
-7.135747 7.666476 -5.0225163 1260256211388
-0.6285143 -7.8982916 -10.240381 1260256211403
5.1325855 -14.807812 -8.33284 1260256211409
7.703464 -29.459034 -9.690676 1260256211430
1.0947309 -17.56736 -15.56881 1260256211441
-6.017172 -32.186035 -14.725682 1260256211623
-4.8089414 -26.324316 -16.963356 1260256211632
1.2977842 -8.82796 -9.847573 1260256211641
5.213914 -11.808274 2.5007873 1260256211650
1.2049139 -18.040304 -2.8301075 1260256211661
-11.06349 2.5837555 -5.5571933 1260256211671
2.9443157 -5.2001905 -6.0604405 1260256211688
-8.1137085 -7.8508883 -2.1498542 1260256211702
-12.191017 4.354043 9.729132 1260256211712
1.8979411 11.827555 2.2917783 1260256211720
-18.212322 -6.6381984 3.2143419 1260256211740
-1.8899822 8.149526 3.2914777 1260256211750
-14.076145 -0.36010277 -9.8995495 1260256211762
-17.690506 -13.421904 -1.9481719 1260256211769
-10.698232 1.6751418 -8.379944 1260256211783
-6.997377 -16.988228 1.430305 1260256211790
-6.5582304 -0.32446003 -5.3298235 1260256211802
-7.2208214 -20.505104 -9.137995 1260256211811
-7.7999525 -11.016827 4.571871 1260256211824
-8.471891 -9.582621 -10.906774 1260256211833
-9.692023 -27.271801 -6.080446 1260256211846
-10.424224 -20.412338 6.2607913 1260256211858
-10.900187 -10.657889 -4.117821 1260256211868
-11.705328 -21.164032 -14.604562 1260256211881
-12.322995 -29.082275 -6.057256 1260256211902
-12.417991 -14.126345 1.7567959 1260256211908
-10.8545065 -4.6623096 -13.210446 1260256211914
-7.606504 -17.898664 -11.092071 1260256211927
-3.6517317 -8.024192 4.249921 1260256211934
-1.3903806 2.361691 0.7106061 1260256211943
-1.0510421 0.42993307 -5.874378 1260256211949
-0.5460882 -11.348316 9.242138 1260256211959
