1.9817044 -10.713569 16.519255 1260256232126
4.1943984 -9.0272455 16.75241 1260256232138
9.247418 -8.978143 14.807239 1260256232148
14.68781 -12.111778 8.169293 1260256232154
14.591711 -15.913805 2.0331492 1260256232189
5.5069184 -16.81566 3.6305172 1260256232207
-1.9853988 -15.622409 1.8025609 1260256232218
7.6642194 -14.240898 -4.1189203 1260256232228
16.392849 -12.919231 -1.1806344 1260256232243
-4.1178694 -4.4233994 -4.6575503 1260256232252
4.085721 9.335922 11.364486 1260256232263
0.7262697 -7.603699 8.357193 1260256232279
-16.409805 -12.325032 18.006487 1260256232290
-0.87994623 -16.6383 12.586918 1260256232302
2.4054089 -25.236633 14.9386635 1260256232324
-4.654167 -15.255301 -3.026052 1260256232345
-4.4585466 -7.710776 5.3584495 1260256232367
-0.93097496 -7.761113 -11.763979 1260256232384
3.0788546 -14.625121 -11.446862 1260256232567
4.281503 -12.330144 -6.842748 1260256232582
-1.0925024 -4.734964 -14.138657 1260256232599
-9.507968 9.62422 -3.0669532 1260256232608
-4.7825108 -0.20533037 3.3792176 1260256232614
7.409728 4.7473235 -9.658861 1260256232626
6.849295 -9.92872 -3.5134907 1260256232638
4.4035935 -10.572108 0.88385487 1260256232647
7.1142507 -7.376771 -8.4548645 1260256232658
10.053537 -28.919823 -9.485255 1260256232667
12.286362 -17.897316 5.416249 1260256232683
13.153023 -17.20451 -6.581917 1260256232692
13.076386 -2.1850986 0.27571794 1260256232704
13.111576 -5.8469996 0.610302 1260256232713
11.927322 -13.666172 -3.770098 1260256232725
9.237921 -0.412323 2.71902 1260256232742
8.193239 -22.875195 -6.2656584 1260256232751
7.4668045 -8.174484 -0.17903042 1260256232764
6.2268763 -26.791847 -11.069321 1260256232778
5.423073 -7.8748913 -4.6398916 1260256232789
5.0304265 -22.907932 -11.798174 1260256232810
7.0690284 -0.97342587 -11.448914 1260256232821
9.399228 -17.696663 -6.876482 1260256232844
2.4946935 3.775012 -6.233937 1260256232866
-11.411325 -6.1476626 4.357815 1260256232888
0.96168137 7.26548 0.3291421 1260256232902
6.4883556 -8.390944 10.167109 1260256232925
-2.413344 10.366358 11.523562 1260256232949
-13.387857 -11.193223 13.152663 1260256232960
-12.762451 -10.967251 8.759397 1260256232984
-6.834244 -15.989479 1.8263369 1260256233005
-4.081585 -23.654303 0.82735825 1260256233027
-4.8852935 -25.217773 3.1761165 1260256233042
-5.598274 -18.234467 1.6899325 1260256233064
-2.374845 4.2287903 12.3043995 1260256233087
-9.308776 -6.3695965 5.9318523 1260256233101
-11.031085 13.710356 10.889654 1260256233123
1.0761623 -7.229059 10.922886 1260256233144
-22.481249 1.0451072 11.660776 1260256233333
-6.3658724 1.2636452 -0.5699781 1260256233351
-9.3924885 -13.434221 -14.234491 1260256233363
-8.719463 -28.060703 -2.926929 1260256233373
-0.36385065 -18.021507 -20.430246 1260256233384
7.6067524 -34.59896 -10.848801 1260256233393
12.527454 -15.292166 -16.337217 1260256233403
12.466747 -30.482063 -14.969441 1260256233412
9.314672 -9.463811 -8.559332 1260256233423
5.204061 -21.12807 -15.927061 1260256233432
2.5440586 -0.84367466 -2.9649272 1260256233446
3.610889 -14.562042 -7.697979 1260256233463
5.816783 1.1974497 -13.925896 1260256233470
7.5937085 8.412027 -6.6229906 1260256233482
5.5342264 -4.192215 -11.57457 1260256233491
-12.986585 -2.0068269 0.896502 1260256233507
-14.772894 -19.681458 -0.32556307 1260256233521
-6.552079 -15.601425 -5.437255 1260256233529
-2.5815125 -14.62585 10.374607 1260256233547
-0.63374996 -30.594736 13.677088 1260256233558
0.07454014 -24.912296 18.964207 1260256233571
-0.41996813 -6.6270685 13.28488 1260256233585
-1.3566155 -18.814148 5.4625125 1260256233604
-3.905946 -12.146672 15.194962 1260256233621
-5.5554714 -16.432453 -2.0654292 1260256233644
3.7025075 3.6418 -6.452669 1260256233667
13.059872 -12.16173 -16.514294 1260256233684
9.094317 -4.665658 -30.082626 1260256233700
-1.1971955 -5.47825 -17.720802 1260256233726
-1.7039046 -7.711782 -11.151289 1260256233744
0.98869604 -18.705738 -13.52799 1260256233761
-5.0047436 -22.215557 -4.3545566 1260256233783
-11.45759 -15.663304 14.890098 1260256233806
-15.107766 -14.486885 10.100068 1260256233823
-15.624731 -30.568594 15.824769 1260256233841
-14.373127 -11.152313 14.10239 1260256233870
-12.955604 -9.792371 10.675605 1260256233883
-11.392889 -17.34507 5.020073 1260256233903
-8.692343 1.4011712 -7.1660123 1260256233922
0.78194165 -14.413123 -8.366725 1260256234106
13.028469 2.639237 -19.97673 1260256234114
15.651126 -17.42058 -22.664663 1260256234127
7.2320914 -19.929144 -5.9756327 1260256234139
-1.7005651 -19.490868 1.6704664 1260256234148
-6.254993 -26.546762 5.275943 1260256234159
-6.8077 -24.65372 -0.42413902 1260256234166
-2.4708803 -3.0150948 10.276849 1260256234174
4.001548 -17.543571 8.84923 1260256234186
4.373547 5.550224 5.83251 1260256234206
-10.473127 -10.277576 -1.8783704 1260256234217
-10.534622 5.774193 -3.7260933 1260256234227
-8.40929 0.08032131 -0.8508227 1260256234233
-3.7764745 -6.1702604 3.1823974 1260256234244
-1.3574933 -9.290629 1.7746695 1260256234263
-0.89672196 -12.748114 -2.9217901 1260256234277
-2.0938504 -16.565233 -5.8691363 1260256234290
-4.54221 -18.652836 -3.7329273 1260256234303
-0.5227996 -5.520522 -13.500235 1260256234314
9.530279 -4.647829 -4.3376427 1260256234328
14.03992 -21.669748 -13.486808 1260256234347
9.239736 -6.532039 -9.415234 1260256234361
2.0019555 -7.346978 -18.027122 1260256234383
-0.55751693 -8.883248 -10.73556 1260256234405
2.288731 -7.529665 10.112111 1260256234428
3.6049361 -23.183514 10.920337 1260256234441
1.7744417 -2.739111 14.910483 1260256234462
-1.2883289 -19.10302 8.820955 1260256234487
-5.6500015 -11.034885 13.23596 1260256234501
0.6743108 -17.414198 -6.4153676 1260256234522
11.314657 -1.8185682 -13.770578 1260256234545
14.609976 -15.999212 -18.346855 1260256234567
7.9235573 -29.038082 -11.650997 1260256234581
-0.2801199 -27.709454 -1.411902 1260256234604
-5.6775265 -24.090946 0.5733943 1260256234627
-8.561148 -22.155571 1.7864673 1260256234643
-9.929514 -23.33773 3.335462 1260256234661
-7.643218 -14.671812 -3.6577616 1260256234684
2.8988035 1.4572363 11.216249 1260256234870
0.40021467 7.6263814 10.40754 1260256234887
-14.477395 2.251767 1.0268953 1260256234893
3.906261 -8.272766 0.8991955 1260256234905
-6.510483 1.1610684 -6.6292467 1260256234913
-1.9513834 -6.043124 2.6381097 1260256234926
6.008386 -18.639713 5.1011343 1260256234934
10.865697 -28.3551 -0.11072326 1260256234947
9.868994 -31.464973 -5.26795 1260256234958
2.9411678 -29.27935 0.18792844 1260256234972
-3.645495 -22.925646 4.993345 1260256234983
-8.013494 -16.414888 4.1258225 1260256234993
-9.874328 -12.422403 1.8115952 1260256235005
-10.534425 -13.287518 3.5862608 1260256235014
5.6607943 4.454767 -2.4001317 1260256235031
-3.5305367 3.837225 11.035401 1260256235042
-14.971312 3.1216204 0.51514745 1260256235051
-3.7958014 -3.143166 -3.8279552 1260256235064
-6.3004293 0.6567588 -8.547111 1260256235079
-15.592996 9.980633 5.184545 1260256235090
-8.485333 8.431486 -3.6659493 1260256235109
-23.586502 3.0727296 -2.439145 1260256235124
-13.052177 -13.639473 4.036212 1260256235146
-5.4236045 -13.783564 -11.913912 1260256235168
-2.924491 -15.14666 0.9627247 1260256235181
-2.9339056 -16.544064 -8.963905 1260256235205
-4.5545187 -32.291748 -0.08874488 1260256235226
-7.516719 -16.452576 3.3477197 1260256235241
-9.937427 -23.303587 -11.6691475 1260256235262
-11.457359 -32.05365 1.7286296 1260256235284
-10.378524 -11.519489 2.416008 1260256235307
-7.5772743 -17.96601 -11.666 1260256235321
-4.3955603 -23.170338 2.267848 1260256235345
-1.9836135 -5.557733 4.5398617 1260256235367
-2.1025867 -2.6426878 -7.00313 1260256235391
