1.6309216 16.319292 -2.7840016 1260261156982
8.048837 14.342806 -8.885405 1260261156994
-9.67377 3.7684536 -21.038155 1260261157004
-10.112968 -3.991763 -21.373013 1260261157015
3.5445113 6.309488 -29.308365 1260261157022
-2.0653565 16.797901 -23.302143 1260261157033
-16.542969 12.546946 -25.572681 1260261157042
-5.8613214 -1.279666 -11.824266 1260261157054
-9.021878 -5.712535 -8.433002 1260261157065
-9.092661 5.537024 -15.453229 1260261157077
-21.973705 0.95085514 0.5533338 1260261157085
-2.1668844 3.3898363 5.668808 1260261157125
-11.889667 8.648079 22.832348 1260261157137
-19.81813 13.685646 17.284317 1260261157146
-11.968645 13.046029 20.130615 1260261157157
1.0820765 4.939202 16.466824 1260261157167
-8.480283 -2.6847472 -3.9878826 1260261157180
-14.232048 3.640725 -4.84512 1260261157188
-11.91017 8.259243 -16.024384 1260261157205
-8.562695 6.0208387 -21.14005 1260261157217
-2.7911727 1.4685316 -33.338093 1260261157226
2.0049145 24.654028 -26.674845 1260261157237
2.8565652 7.5563726 -31.998495 1260261157244
-0.45296383 21.814014 -20.385567 1260261157263
-8.500057 -0.26864338 -24.899446 1260261157274
-17.635555 13.512784 -13.743658 1260261157284
-8.622811 -7.690172 -9.452827 1260261157300
-4.883634 11.008359 -6.9313974 1260261157315
-12.593838 -7.890138 -3.4189959 1260261157322
-6.027742 1.21753 11.8752365 1260261157342
-21.38707 13.449711 11.130407 1260261157357
-22.386898 3.1908326 18.740494 1260261157379
-14.5851555 -0.46509933 7.31319 1260261157400
-4.7202606 15.399156 14.229729 1260261157423
-0.98681736 -2.5592303 7.681789 1260261157437
-7.2997108 16.639051 -0.19493616 1260261157626
0.6593888 1.5981698 -15.809731 1260261157644
10.4881525 15.72743 -20.01839 1260261157655
1.121139 4.4457912 -17.695194 1260261157666
5.967362 15.382635 -21.68229 1260261157680
22.674797 -3.2133074 -26.253096 1260261157687
5.381549 11.828154 -23.398607 1260261157696
14.528585 -3.4775558 -7.6188765 1260261157703
9.9177685 -10.16247 -15.206458 1260261157709
8.594694 -8.526076 3.2112541 1260261157722
-5.152886 -3.7454538 -0.4564042 1260261157728
