8.255412 -4.2230415 10.023374 1260255523612
3.2271976 2.3077993 -5.345734 1260255523619
-1.1343735 -4.1164646 7.193107 1260255523630
-2.8601677 -15.833599 -2.9347456 1260255523662
-3.4665494 -15.237703 -14.309746 1260255523674
-3.691609 -10.234028 -20.296585 1260255523681
-3.6961722 -4.0515585 -23.673386 1260255523697
-4.2021575 2.3904274 -23.463907 1260255523711
-5.5485554 7.4751205 -20.74094 1260255523723
-7.0162263 9.146122 -13.387832 1260255523742
-1.1802047 -15.283521 -6.497099 1260255523754
4.9696364 -21.053768 3.0145307 1260255523775
-2.8568547 -18.99105 21.04945 1260255523799
-13.541182 -15.71397 20.647415 1260255523813
-17.289097 -20.421932 21.68206 1260255523835
-13.170567 -29.428402 25.656221 1260255523853
-5.028967 -20.449059 10.992827 1260255523871
2.828608 -2.6691236 13.612837 1260255523890
7.154626 -4.0244236 11.169947 1260255523910
7.2687483 -6.8943663 -0.003546238 1260255523931
7.726063 4.2695813 -0.5649236 1260255523953
10.269933 -12.399948 -5.7198606 1260255523971
11.250508 -4.927665 -10.152857 1260255523996
9.793425 6.5066214 -11.231931 1260255524010
6.443137 -7.88993 -7.395154 1260255524031
2.42315 -10.319723 -28.30265 1260255524051
-0.84679556 6.3196936 -25.590311 1260255524070
-2.9801888 -6.76959 -23.503035 1260255524091
-3.4740796 -4.847927 -20.47623 1260255524110
-4.228343 -1.2639635 -21.749195 1260255524137
-6.8836303 0.5343189 -7.265515 1260255524151
-10.413485 -6.180887 -0.7556454 1260255524345
-11.144661 -26.403906 9.723616 1260255524354
-9.2164135 -28.84923 8.43795 1260255524367
-6.96214 -14.058106 19.769096 1260255524375
-5.3918576 -28.974638 19.743742 1260255524387
-4.7999144 -6.274641 12.546789 1260255524394
-4.990657 -15.323505 19.056503 1260255524405
-5.859522 -7.247416 0.31312466 1260255524413
-8.361274 6.250147 3.2846842 1260255524424
-2.7647119 -10.020071 2.379167 1260255524448
-2.7482111 -3.6081688 5.020459 1260255524460
-8.772597 -1.6744229 0.22337675 1260255524469
-9.646755 6.5071397 -9.610661 1260255524480
3.6093507 -3.0335937 -0.15555286 1260255524494
-3.7500157 -10.782038 2.9410791 1260255524505
-16.291365 -1.3816676 -4.584609 1260255524514
-4.3082747 -11.183413 -13.627012 1260255524530
5.629559 -6.167496 -2.1121597 1260255524542
8.671875 2.1748772 -4.8509135 1260255524553
8.195712 -7.8860292 -9.761113 1260255524568
1.8680844 -8.399385 -4.8169184 1260255524586
-3.2345686 -11.920585 4.3829565 1260255524605
-3.8769279 -18.970322 5.722815 1260255524625
-1.6735129 -27.82782 2.6837206 1260255524643
1.3547571 -31.009228 6.1944904 1260255524665
4.2186522 -26.327484 10.364499 1260255524682
5.7822723 -21.599257 6.031233 1260255524702
5.87863 -15.945328 -9.557528 1260255524725
5.1464715 1.634737 -4.0259066 1260255524745
4.3203354 -10.703602 -19.352297 1260255524769
3.6653013 -3.3755379 -5.546113 1260255524782
3.5907443 -0.33077288 -24.436089 1260255524804
2.6809032 -9.620413 -8.324352 1260255524826
0.5569664 -0.36597157 -23.595915 1260255524841
-3.635025 -4.9933014 -2.6297178 1260255524865
-9.094086 -15.449053 -13.121056 1260255524886
-12.382966 -5.426381 -8.837817 1260255524905
-11.133337 -3.1561446 0.51563 1260255524921
