15.946796 -13.808694 9.230136 1260256656845
16.761202 -15.805704 5.4079194 1260256656854
13.76458 -15.698412 6.94881 1260256656866
8.355066 -14.3017845 9.386845 1260256656878
1.527739 -13.221754 9.29026 1260256656887
-2.6480565 -13.642061 -1.5673593 1260256656924
6.241913 -10.290776 -7.4800854 1260256656933
7.1635895 10.986243 1.7551181 1260256656945
-7.54756 12.327932 5.0225725 1260256656952
-1.629045 3.1317472 17.437475 1260256656971
-13.743711 -9.053459 16.015385 1260256656981
-9.797452 -19.339233 15.076508 1260256657154
-10.479362 -17.936186 -1.696866 1260256657169
-19.571718 -36.949554 -0.8322643 1260256657187
-5.4509077 -20.310825 -19.161264 1260256657193
5.5735717 -10.669654 -14.597746 1260256657204
10.349532 -10.604962 -14.774763 1260256657213
11.048212 -8.080828 -19.451544 1260256657225
6.338654 -2.221337 -21.744383 1260256657234
-9.628946 12.668465 -5.4497566 1260256657246
-6.5273423 6.048848 7.3313646 1260256657252
-3.403421 15.754728 8.242586 1260256657264
-12.005874 4.6223507 14.084114 1260256657283
-6.676387 -10.269735 -10.995114 1260256657292
-10.551519 -25.95509 -5.025315 1260256657304
-7.182322 -16.308788 -12.07345 1260256657313
0.9900589 -20.699677 -30.8499 1260256657325
6.320817 -30.388617 -21.786934 1260256657331
7.2851925 -15.007763 -11.951532 1260256657350
6.626138 -1.1019106 -20.404179 1260256657361
1.5780194 -6.255356 -26.469357 1260256657368
-9.4198675 -11.777073 -17.292873 1260256657387
-11.362711 -9.087302 -11.55654 1260256657399
-9.764132 4.7430577 -3.520526 1260256657411
-23.238285 -12.808813 14.794961 1260256657430
-18.986242 -3.2992115 18.520334 1260256657480
-10.779591 -17.109156 31.5715 1260256657491
-3.705391 -29.150635 18.12906 1260256657502
-2.066165 -31.09346 5.772384 1260256657514
-5.7777386 -28.100319 -3.7317429 1260256657529
-8.641391 -6.883953 -5.192048 1260256657544
-5.7046027 -21.284548 -19.824144 1260256657563
2.131219 -10.4014225 -11.302374 1260256657584
10.405398 -4.5660515 -28.084839 1260256657607
11.805193 -19.972761 -26.223057 1260256657621
6.415231 -1.2469897 -30.281523 1260256657643
1.2964463 -4.915783 -11.339015 1260256657666
2.1511745 -8.77906 -15.210034 1260256657683
-10.193853 -1.869544 -4.351125 1260256657701
-17.213549 -25.339035 13.1814575 1260256657886
-19.143105 -13.892451 24.323507 1260256657900
-17.459003 -21.297531 18.225632 1260256657914
-16.048105 -30.36565 15.746857 1260256657926
-16.936527 -21.300343 6.8763843 1260256657932
-14.884981 -23.764864 -1.2089769 1260256657944
-12.818392 -4.584201 -11.012754 1260256657954
-7.814789 -21.345423 -14.863426 1260256657967
3.2144313 -8.778921 -31.352873 1260256657978
11.392416 -18.961292 -20.408035 1260256657987
11.680694 -10.7693815 -19.955393 1260256658004
6.845804 -6.4913263 -23.51448 1260256658013
4.7158465 -18.22079 -9.286195 1260256658023
5.0524726 -14.454681 -3.0689912 1260256658032
1.2765551 -13.430381 13.47772 1260256658044
-1.3552413 -13.116942 8.478797 1260256658060
-2.9100566 -23.309393 27.517609 1260256658069
-4.330659 -9.708699 15.221381 1260256658088
-5.8310423 -25.398071 14.252344 1260256658094
-10.997203 -13.538183 14.494486 1260256658108
-11.18593 -22.70784 -5.113621 1260256658128
-3.285366 -9.943255 -22.297575 1260256658149
7.59928 -16.34897 -13.17218 1260256658162
13.23145 -25.309181 -23.954184 1260256658184
9.356103 -7.5168056 -18.626907 1260256658208
3.2004194 -14.130099 -22.410751 1260256658221
3.697609 -19.563454 -4.817674 1260256658245
-4.0790763 -0.3911028 1.679492 1260256658266
-12.315959 -3.7010317 25.097282 1260256658281
-16.812613 -13.015329 16.030388 1260256658304
-16.992466 2.7850947 15.974327 1260256658325
-14.284694 -7.65359 5.6142845 1260256658348
-11.321413 -8.706399 -5.6370306 1260256658361
-3.602458 -24.81479 -5.043825 1260256658384
6.871278 -28.194962 -26.519407 1260256658405
12.629857 -10.305127 -19.308817 1260256658427
10.249888 -21.527178 -21.795862 1260256658441
3.7768285 -20.772215 -6.1439753 1260256658464
-0.59210247 -3.4894786 -2.4194918 1260256658663
2.4319062 0.32567358 -8.074455 1260256658683
-0.47122955 -12.872507 -2.360165 1260256658692
-14.937753 6.197433 4.9325895 1260256658704
-17.999775 1.6435311 8.726514 1260256658713
-10.355185 -10.39653 14.91845 1260256658726
-2.6192045 6.438785 10.165013 1260256658732
-18.474913 -14.466372 9.414889 1260256658743
-20.45654 -2.0536275 -1.3872995 1260256658752
-11.472756 -4.636774 4.2023277 1260256658763
-8.048033 -10.038456 5.6482687 1260256658770
-10.228727 -15.250797 -6.549523 1260256658789
-12.735298 -28.10175 -2.9036617 1260256658801
-11.577432 -34.72195 0.5225891 1260256658810
-7.363505 -34.04209 -1.3014033 1260256658821
-0.29488122 -30.996382 -3.9780881 1260256658832
5.29091 -26.47447 -4.1609516 1260256658847
8.247785 -20.785358 -0.25729525 1260256658852
