20.05423 1.9258633 2.8878002 1260256637670
13.412195 3.650086 -1.034569 1260256637682
-1.5256529 7.3934765 4.563586 1260256637691
-6.4210577 -6.985761 1.7977984 1260256637702
4.366898 10.437784 13.198699 1260256637712
-1.6099015 8.258222 18.93504 1260256637723
-12.126659 15.664812 17.422024 1260256637732
-1.6764684 3.1545713 11.241726 1260256637769
-18.569626 -2.7394028 16.15652 1260256637781
-2.8992739 -25.980694 2.9248934 1260256637790
6.730086 -23.358028 0.6258594 1260256637801
8.2394905 -36.03602 -3.0385454 1260256637808
6.9551334 -19.027214 -2.1610641 1260256637826
5.148033 -8.163166 -16.074854 1260256637832
0.9426544 -4.8954015 -21.96164 1260256637853
-8.227006 3.7483633 -14.4581585 1260256637864
-3.060101 0.9812913 -15.311697 1260256637883
-3.152196 19.604464 -0.7239379 1260256637902
-17.195366 1.6901274 -0.42578912 1260256637914
-13.160923 13.164341 8.314871 1260256637931
-10.870947 1.2563419 -8.725575 1260256637946
2.8304772 -10.746454 -6.2928176 1260256637968
9.212435 -34.04635 -13.249855 1260256637980
13.078824 -22.43417 -22.02933 1260256638004
11.465595 -16.02462 -9.885616 1260256638028
5.9888268 -27.848484 -13.661217 1260256638048
3.2111206 -12.641952 -25.858387 1260256638063
3.1035528 -0.9039707 -12.383908 1260256638084
5.5995445 -10.235746 -9.123066 1260256638110
-6.3379607 -12.320945 -7.431332 1260256638128
-6.8136387 8.675603 5.654075 1260256638334
-4.6140947 -13.820318 12.7792 1260256638361
-14.644364 -8.060396 30.123114 1260256638370
-20.004637 -8.258397 22.056757 1260256638381
-19.350657 -13.864769 14.362672 1260256638388
-15.55493 -12.4547415 2.4665434 1260256638399
-11.476749 -28.906942 -11.077563 1260256638408
-8.218109 -8.068442 -17.860205 1260256638425
-0.82691956 -21.768663 -29.540144 1260256638432
6.6928964 -15.368121 -15.666795 1260256638449
5.442136 0.46464825 -21.790602 1260256638463
-14.433958 -14.362705 -4.34497 1260256638470
-12.1634865 3.8613968 8.776707 1260256638489
-5.337959 -19.546375 22.645725 1260256638503
-2.213935 -9.789 21.109043 1260256638512
-1.5173693 -10.05814 16.07263 1260256638523
-3.1944075 -17.181261 -0.05727291 1260256638532
-1.9787936 -8.155229 0.15471554 1260256638543
7.343766 -25.974018 -16.596313 1260256638560
13.034085 -7.5428295 -23.756012 1260256638569
6.82056 -20.719387 -17.331873 1260256638581
-2.6101356 -3.6899705 -22.458778 1260256638594
-2.1944256 -14.252421 -10.735249 1260256638605
-0.06213522 -1.969677 14.090858 1260256638624
0.4139247 -24.469795 22.02645 1260256638639
1.390212 -13.338064 17.820393 1260256638652
3.1902108 -7.2415504 10.4962225 1260256638665
3.5844207 -11.958344 1.1730707 1260256638684
7.9959097 -13.292668 -15.754416 1260256638709
9.357842 -12.075776 -27.50778 1260256638722
5.1882057 -13.3871765 -13.512752 1260256638750
-0.297586 -7.8227863 -13.775825 1260256638770
-2.7534652 -12.128573 -7.4516077 1260256638787
-2.7469838 -13.638191 10.579855 1260256638804
-2.085792 -22.444815 16.84647 1260256638826
-3.7794077 -22.47538 9.123365 1260256638850
-6.142302 -13.671431 -4.6925325 1260256638869
-2.6487637 -11.232057 -5.5855603 1260256638884
4.22855 -20.307018 -0.049307823 1260256638913
2.3550222 -21.136662 -2.200443 1260256639111
13.639943 -31.392845 -16.111992 1260256639122
13.378107 -19.227673 -9.931017 1260256639149
9.629095 -9.203768 -6.5444784 1260256639170
6.586984 -4.205078 -7.1790833 1260256639184
6.776472 -3.0092683 -2.5861833 1260256639204
-15.571467 -11.874375 0.64152104 1260256639229
0.63537216 -3.9788167 7.41187 1260256639251
-9.142775 4.2432127 -3.859396 1260256639264
-20.417088 13.183733 8.845238 1260256639289
-4.828583 1.3091083 6.536561 1260256639310
-25.54987 -3.8196673 1.010833 1260256639324
-12.4628315 -14.87891 -7.950931 1260256639344
-2.506466 -10.066759 2.194735 1260256639369
1.2605453 -9.270515 -3.992054 1260256639382
-0.09701347 -22.068886 -13.85582 1260256639409
-6.572751 -30.983034 -5.9919887 1260256639426
-11.769563 -31.940748 1.4470725 1260256639446
-14.380227 -25.459042 1.907946 1260256639461
-14.454357 -30.10082 2.616481 1260256639490
-9.74353 -30.270426 -0.96641636 1260256639509
-2.9669132 -29.181469 0.35128736 1260256639524
2.159689 -25.89721 3.721117 1260256639548
5.322746 -21.025932 5.7227373 1260256639578
