10.054457 4.1019464 8.36274 1260255881262
-3.73778 3.26931 8.996188 1260255881274
-8.48469 16.26579 -4.612737 1260255881281
6.445258 0.6545844 -5.465968 1260255881317
-3.2698755 12.668444 -3.7975187 1260255881332
-14.256994 7.4065804 -13.603085 1260255881345
0.32631922 9.6187525 -28.10234 1260255881357
-2.7877407 16.32337 -31.298542 1260255881371
-17.327671 4.0995283 -23.229084 1260255881383
-17.327671 4.262973 -22.902195 1260255881392
-9.340617 21.234554 -25.638494 1260255881578
3.0145588 4.116302 -19.589603 1260255881590
-4.6041346 5.82998 -6.71591 1260255881600
-12.45649 -10.562945 -5.9555984 1260255881611
3.03059 -10.112466 8.546139 1260255881617
0.51654863 -12.098218 9.443936 1260255881629
-9.377681 -15.113924 14.930557 1260255881638
-16.517925 -19.150053 22.46594 1260255881650
-15.589827 -20.280407 24.570862 1260255881661
-6.4183264 3.262773 17.086384 1260255881672
1.9197726 -7.914633 17.196146 1260255881684
-14.776713 9.598947 12.490602 1260255881696
-1.7362947 3.193471 -6.2046857 1260255881704
-8.350098 -2.8465238 -11.692158 1260255881716
-19.564762 14.7213 -24.964994 1260255881733
-22.327984 18.949974 -25.904428 1260255881742
-19.351053 7.9844074 -25.22988 1260255881755
-14.621169 27.676266 -29.91096 1260255881771
-9.501259 7.4828453 -30.470867 1260255881783
-4.9817853 23.805004 -23.905897 1260255881799
-0.570621 2.1184292 -25.099945 1260255881812
3.633923 13.121666 -12.8758545 1260255881835
2.0053356 -6.925194 -9.38407 1260255881858
11.4973 -9.670002 7.629466 1260255881872
11.031979 -17.682686 26.236435 1260255881894
1.957263 -24.868107 29.37061 1260255881917
-1.1007657 -25.231743 20.312565 1260255881939
8.227217 1.0690322 22.935736 1260255881953
13.017242 -1.6390224 10.441968 1260255881975
10.079767 17.605156 0.71908975 1260255881999
7.57847 22.69463 -1.5509899 1260255882014
3.7613888 9.734875 -2.3589623 1260255882032
-5.469399 27.438171 -4.797767 1260255882055
-18.431488 5.1841116 -4.998795 1260255882074
-14.810293 21.794476 -3.019795 1260255882094
-1.5303173 1.6811104 -5.5795307 1260255882113
-10.966239 14.080688 -13.186533 1260255882137
-17.376993 2.4467568 -4.359133 1260255882154
-14.045814 16.89457 -5.64016 1260255882343
-9.153637 1.7075391 -8.617576 1260255882358
11.030055 4.6104007 2.7872312 1260255882372
-0.99133587 7.5682063 4.1322823 1260255882379
20.126255 -11.259382 3.6306407 1260255882392
12.292445 -22.466246 16.030441 1260255882400
2.4731865 -28.262403 13.11343 1260255882412
10.14176 -26.527102 14.43479 1260255882423
18.147537 -12.811025 6.455219 1260255882434
-4.3431497 6.497838 -0.22435682 1260255882441
-8.380357 8.527055 -9.265339 1260255882459
-8.454838 -0.26302385 -18.070917 1260255882471
-3.4773812 8.023114 -8.346331 1260255882480
1.7879548 22.964478 -21.928017 1260255882491
1.3966298 6.0184155 -21.127739 1260255882498
-4.974826 18.573772 -33.595688 1260255882516
-12.143394 16.33744 -17.652634 1260255882525
-16.637587 6.9863386 -28.788988 1260255882538
-16.450123 19.417416 -24.763527 1260255882554
-11.299906 -1.7899995 -18.598148 1260255882565
-3.7423487 14.284906 -13.596838 1260255882578
3.4040928 -4.1374125 -17.02877 1260255882597
7.786501 -10.129581 -2.911902 1260255882618
9.774591 -13.610479 4.1772466 1260255882632
9.249514 -11.572309 5.262056 1260255882655
3.6297421 -1.830574 6.595752 1260255882674
-3.227553 0.6459336 18.410759 1260255882701
