-0.48526788 24.723087 -12.850962 1260261146188
5.6198483 17.636402 -3.9276128 1260261146198
-11.582239 11.326703 6.210584 1260261146212
-6.2979293 14.346051 8.272403 1260261146224
-5.7374005 -3.5950322 0.4295025 1260261146233
-8.780498 2.474835 -6.67645 1260261146245
-5.355288 9.550568 9.09157 1260261146254
-5.9417667 9.362399 4.550044 1260261146260
7.0173197 5.3483906 3.0790472 1260261146272
5.028951 1.4289048 6.9612403 1260261146280
-4.974503 -7.116576 -5.971513 1260261146292
11.478675 -15.129721 -7.3668303 1260261146303
16.707989 -4.511791 -15.708279 1260261146313
7.195078 2.699696 -10.267228 1260261146320
-0.6997261 -12.09521 -15.711605 1260261146359
-4.752249 -7.2746677 -23.542284 1260261146371
-7.431477 -0.18413019 -25.517056 1260261146386
-8.821453 0.43414736 -26.494627 1260261146395
-7.046196 2.6037369 -18.184261 1260261146406
-1.3779297 18.058645 -12.868732 1260261146413
1.5525246 19.833185 -16.82803 1260261146427
-8.487306 4.1654654 -16.213999 1260261146435
-19.799145 21.155298 -12.091416 1260261146454
-9.683378 3.8098378 -17.057764 1260261146464
-0.110201836 9.499554 -10.835184 1260261146473
-13.777983 7.932599 1.4561839 1260261146479
-14.419918 5.3019037 -0.1495924 1260261146491
-5.710247 -0.17251301 -11.627272 1260261146500
-6.0131984 13.810581 -8.455881 1260261146514
-1.727453 10.145657 -9.385926 1260261146533
10.979124 -1.8682122 -7.2693987 1260261146539
11.872694 12.487702 1.2467515 1260261146552
5.921459 -4.2806234 9.437778 1260261146733
22.430763 -4.9748726 7.1842203 1260261146753
3.7709465 10.0914135 3.5996006 1260261146759
21.87119 -8.266288 1.959821 1260261146771
0.4232092 12.592152 0.2429479 1260261146780
12.600251 -2.4525504 4.7390175 1260261146791
14.855185 16.302505 -2.4209692 1260261146800
12.331583 3.6149964 -5.1936193 1260261146812
4.9017777 2.2037945 0.40579414 1260261146823
-8.67174 16.004282 2.250433 1260261146833
-10.7552 26.412437 -4.5496683 1260261146849
0.91669893 21.499054 2.3964357 1260261146858
3.713678 12.570024 -7.9419136 1260261146869
-6.8351984 12.832792 0.71057177 1260261146878
-14.23728 21.23572 -6.6340847 1260261146890
-1.688899 7.381426 3.9037967 1260261146897
3.3138452 4.5994883 -10.796436 1260261146915
-7.0866966 -15.828751 -2.726163 1260261146927
-10.639274 1.6267781 -4.84482 1260261146935
-9.946493 -14.691896 -4.127217 1260261146954
-8.998674 7.1142526 -3.226037 1260261146966
-7.8960657 1.6354493 0.21404958 1260261146976
-7.307511 5.1099906 -8.50112 1260261146995
-6.7283792 12.980709 1.7980981 1260261147011
