19.243982 -1.6634359 6.1365404 1260261114926
18.380295 -6.2690983 3.5520597 1260261114941
10.380067 1.3811784 12.284677 1260261114949
-0.68646526 13.601724 2.1657672 1260261114988
-2.2448926 11.912944 1.5270808 1260261115005
10.227502 2.8440242 -12.422673 1260261115017
-6.0488987 -6.6684427 -8.805705 1260261115024
3.8033628 -4.39964 -9.581003 1260261115040
-3.6186957 1.6277583 -28.746456 1260261115047
-0.64442956 5.3842435 -11.952241 1260261115058
-3.6288905 5.6374626 -31.634096 1260261115067
-3.7630906 2.6942194 -10.374171 1260261115083
-2.6478462 -1.1673375 -25.229738 1260261115100
-15.628143 3.7553234 -6.898264 1260261115107
-1.051002 5.4476852 -11.290987 1260261115120
2.3814507 -10.799155 -0.23552382 1260261115129
-11.238607 0.32369995 3.1826391 1260261115145
-7.132213 4.6841273 10.5044365 1260261115156
3.3721664 -13.778303 17.32037 1260261115163
6.954082 1.6109867 15.928098 1260261115174
3.4611092 -20.42964 4.2843103 1260261115186
2.0957031 -5.6008058 -5.2614913 1260261115198
3.0981817 -7.5702147 -25.365337 1260261115207
5.1910944 -7.023658 -17.314243 1260261115221
8.222813 1.8028183 -35.97219 1260261115239
12.375883 13.308219 -21.470356 1260261115246
12.062557 3.4154844 -21.79943 1260261115261
-1.7675006 -3.1712298 -20.292866 1260261115277
-9.908438 -3.7690175 -3.221171 1260261115286
-4.22894 0.742882 -10.935338 1260261115297
-1.9478655 9.878565 8.933611 1260261115310
1.4382458 4.9248657 14.652573 1260261115327
-9.321915 -10.557361 7.339657 1260261115347
-9.846031 6.244958 8.465094 1260261115360
-7.0778246 -14.710175 5.703428 1260261115379
0.8387594 -8.624165 12.6648445 1260261115402
14.308181 -4.3196754 -3.900678 1260261115425
19.456821 -4.1932135 -3.5432448 1260261115445
9.7592535 -15.08856 -13.238667 1260261115625
4.6271048 -23.05019 -6.813966 1260261115645
10.89093 -23.303848 -12.443183 1260261115656
18.940691 -18.892216 -19.112318 1260261115665
22.29959 -13.295719 -16.635723 1260261115677
20.529682 -8.410117 -12.328869 1260261115684
17.27741 -5.048477 -10.859607 1260261115695
14.684734 -3.7400286 -10.760187 1260261115703
13.834452 -4.52976 -12.042407 1260261115716
13.633419 -7.4153595 -15.488416 1260261115725
11.640621 -11.238993 -19.480867 1260261115745
3.7979116 -13.154533 -14.53161 1260261115759
-6.5224485 -6.870961 -6.6706614 1260261115766
-10.416044 5.0465717 -12.941512 1260261115779
-2.5037723 5.84744 -2.9933105 1260261115795
6.1650877 -8.072291 -1.9748411 1260261115805
9.215557 -2.850624 -8.651878 1260261115818
-2.880293 7.0755577 3.9588969 1260261115830
-3.3697305 -0.061804473 9.440565 1260261115847
6.910618 -9.392824 3.7188215 1260261115860
14.843752 5.0955067 4.5322976 1260261115925
13.117125 3.6037447 1.186419 1260261115936
6.5594945 -7.429396 15.314789 1260261115943
-0.76005936 2.4433773 1.8541136 1260261115958
