17.479393 -8.491687 2.7887454 1260256668598
8.523424 -7.7575746 -7.146537 1260256668609
-2.3831015 -7.037157 -0.51580083 1260256668618
-3.7686954 -1.4447558 8.781937 1260256668631
-7.3098707 7.339662 5.2105675 1260256668640
4.5121107 3.581818 19.43119 1260256668671
-4.9488606 -6.9791365 17.838375 1260256668689
-14.544727 -2.7932663 8.443686 1260256668698
-9.778328 -6.5909595 27.02744 1260256668709
-23.343058 -21.753052 8.098511 1260256668922
-4.010892 -31.43513 7.155792 1260256669222
-7.1661096 -24.39738 8.247825 1260256669230
-9.508785 -14.355429 -13.491129 1260256669250
-8.046145 -23.971388 -16.305721 1260256669274
-7.2668834 -22.102556 -16.23268 1260256669353
-8.229374 -12.022307 -17.385765 1260256669391
-6.0267687 -4.9818277 -18.529785 1260256669422
6.3539658 -0.020323277 -4.1158266 1260256669444
-15.564789 15.125398 0.6976154 1260256669463
1.1961994 -6.896592 3.3985195 1260256669475
-17.78481 -15.905212 0.51026785 1260256669482
-14.157328 -9.51021 -11.635915 1260256669493
-9.48764 -21.510796 -5.9746213 1260256669503
-7.0660996 -33.534817 -22.575014 1260256669514
-7.253163 -13.6338625 -22.759731 1260256669523
-9.009985 -21.656263 -18.65123 1260256669535
-11.067817 -20.97587 -21.686384 1260256669544
-10.134087 -0.80724907 -18.085037 1260256669557
-0.1677599 -9.25802 -6.559672 1260256669563
-24.731731 -7.78856 4.872187 1260256669574
-14.564287 0.19026184 21.656256 1260256669583
-10.824682 -16.812521 23.391676 1260256669594
-18.856674 -3.1700602 27.739658 1260256669603
-24.619818 -7.9621353 12.58171 1260256669615
-20.093206 -13.523087 10.329222 1260256669622
-12.442961 -19.990211 -14.643951 1260256669634
-10.766985 -12.539267 -10.056845 1260256669642
-8.620194 -25.556019 -20.942545 1260256669657
-0.59374213 -6.0667887 -21.38038 1260256669674
5.5783005 -17.178572 -32.968773 1260256669683
4.0430756 -12.734222 -13.497142 1260256669696
-9.64654 -0.6105151 -19.129555 1260256669702
-16.746073 -13.187028 -3.8206313 1260256669714
-4.9684305 0.7768736 13.507195 1260256669722
-4.7261295 -18.884808 15.569391 1260256669732
-7.712991 -6.885654 19.197733 1260256669739
-7.124465 -24.000336 -2.1180155 1260256669753
2.4546597 -8.76351 -17.674517 1260256669938
10.982763 -24.996588 -20.893484 1260256669950
6.464896 -12.088663 -16.572912 1260256669957
-4.0887136 -18.305613 -26.912792 1260256669968
-8.989939 -22.555103 -4.4386625 1260256669977
-4.8732457 -7.731699 -1.083581 1260256669989
-2.6808462 -12.577681 20.363735 1260256669998
-1.8870239 -20.07849 18.885696 1260256670011
-0.4455042 -7.3941765 13.354837 1260256670020
1.5668573 -20.621874 4.151063 1260256670031
6.3357434 -23.776562 -12.967942 1260256670038
7.3332005 -9.14386 -22.57387 1260256670058
0.10031903 -28.606415 -23.001503 1260256670070
-7.2110877 -11.81986 -18.41872 1260256670079
-9.920648 -15.432248 -13.879211 1260256670091
-12.671799 -26.238163 -9.326128 1260256670100
-15.934132 -22.882374 -5.0995274 1260256670111
-14.6683235 -14.672944 -5.6142516 1260256670118
-4.97413 -4.64767 15.459391 1260256670130
0.6284323 -6.528803 9.46096 1260256670139
-0.074827194 -8.112709 8.027857 1260256670150
-6.935492 3.62895 15.887159 1260256670160
-14.781475 -0.93413687 -1.2863998 1260256670171
-9.211693 -6.128045 0.7566676 1260256670178
4.603315 -26.671192 -5.9479885 1260256670192
12.430821 -22.36242 -10.620478 1260256670199
5.600475 -9.515548 -11.1952095 1260256670211
-6.099456 -15.65435 -12.527258 1260256670220
-9.626693 -20.863956 -3.8909802 1260256670231
-8.743622 -18.855152 -4.7222404 1260256670241
-10.805341 -11.712288 -4.6378617 1260256670252
-12.829577 -14.740854 1.047611 1260256670272
-3.1140804 5.846021 8.051884 1260256670279
1.765243 -1.4159596 9.733024 1260256670290
-17.951336 -7.915636 2.7797785 1260256670299
-1.5702848 9.527502 3.9053245 1260256670311
-18.137033 -10.867207 3.9302897 1260256670320
-17.68383 2.602487 -2.9152038 1260256670331
-12.222158 -21.241688 -2.680023 1260256670483
-13.437708 -25.503187 -2.3306837 1260256670492
-14.05995 -29.521133 1.4650342 1260256670499
-11.839954 -29.625507 5.252658 1260256670514
-9.707501 -27.545216 9.207 1260256670520
-7.701965 -23.531887 11.295374 1260256670530
-3.85991 -18.897585 11.654903 1260256670536
