-6.39991 -1.0177126 2.8111558 1260255659230
-8.059137 -2.3428268 10.359933 1260255659242
-8.868348 -18.043285 4.349357 1260255659251
-9.000872 -0.5412693 -0.32147086 1260255659263
-7.656405 -18.03875 -0.6787481 1260255659303
-4.9574127 -5.6092653 1.3918099 1260255659312
-1.0111692 1.7785077 -7.4902935 1260255659323
3.8397906 0.8094835 -18.773085 1260255659333
8.077722 -4.389183 -25.745052 1260255659344
10.783334 -10.6933365 -25.454885 1260255659353
11.663927 -14.4242 -20.531666 1260255659364
11.313752 -9.713075 -15.172909 1260255659371
9.702075 2.4302804 -12.469658 1260255659383
4.6731105 5.083297 -18.388363 1260255659393
-9.6091795 -13.603916 -1.9978523 1260255659403
-13.416111 -10.810937 -4.511403 1260255659422
-4.4917126 -9.408606 12.872133 1260255659429
-0.9752331 -26.125431 19.781563 1260255659441
-4.4830003 -35.866405 26.049658 1260255659452
-10.198964 -19.316404 33.180115 1260255659464
-14.709203 -10.611531 17.546585 1260255659473
-15.420885 -20.141594 15.612587 1260255659486
-12.109917 -20.645344 8.932458 1260255659503
-5.532382 -14.523332 -2.658503 1260255659510
1.3491848 -14.4411545 -5.805973 1260255659521
3.3071003 1.3110089 1.8892484 1260255659532
1.2458661 -13.43042 -7.590708 1260255659549
-2.8297076 -5.081743 -24.282162 1260255659555
-5.304318 6.4459095 -21.10041 1260255659570
-4.7980447 -7.4428787 -27.44976 1260255659588
-2.0149136 -7.93618 -20.691347 1260255659602
1.2524037 6.883958 -27.94678 1260255659623
2.7692468 -12.112363 -26.457249 1260255659645
2.570117 4.709946 -13.778843 1260255659668
-0.61106336 -14.957345 -4.927249 1260255659684
-6.379811 -20.524254 3.0950944 1260255659705
-9.2417555 -11.566118 9.716263 1260255659728
-10.251823 -23.07132 6.442232 1260255659742
-9.582852 -35.75726 19.034832 1260255659973
-7.1742263 -15.524617 19.343033 1260255659993
-4.397484 -25.494814 8.369771 1260255660031
-1.1218667 -23.08508 19.242876 1260255660052
2.7364478 -3.0022087 10.850348 1260255660104
5.6246123 -2.5651531 -3.8109992 1260255660130
5.712267 -1.681545 -7.3427186 1260255660150
-3.5687206 3.7795315 5.8250904 1260255660162
-11.111968 9.645439 -2.3930964 1260255660169
4.2479534 10.134353 -2.239439 1260255660180
-6.304675 10.063116 -3.0368447 1260255660189
-11.007232 9.151172 -2.9794536 1260255660201
2.8589034 4.5875416 -6.279524 1260255660215
-11.609659 -7.4816504 -11.800225 1260255660226
-14.468704 -9.794264 -7.6688385 1260255660234
-9.516954 6.51019 -9.317637 1260255660246
-9.723692 -11.206145 -3.442314 1260255660260
-4.927279 -1.6920409 -9.301563 1260255660270
7.451844 -4.388541 -1.3246112 1260255660281
13.296518 -11.874308 3.2131054 1260255660290
9.058842 -21.671787 13.71454 1260255660301
1.2379134 -30.629822 18.546223 1260255660308
-5.095681 -34.980927 12.584021 1260255660319
-8.195599 -32.12387 9.163149 1260255660330
-8.380974 -24.978846 10.263444 1260255660348
-8.004622 -20.668848 8.039434 1260255660354
-8.55452 -22.533957 -1.7766955 1260255660365
-9.554539 -5.1837306 -12.06039 1260255660373
-9.264309 -10.892238 -4.9119935 1260255660385
-8.174175 3.2897644 -17.485016 1260255660403
-6.2556095 -12.676308 -15.1678295 1260255660410
-3.8565066 5.070614 -9.889666 1260255660421
-1.0014851 -6.728319 -25.602985 1260255660432
1.6585318 -0.2900486 -7.722335 1260255660446
3.8969631 -9.648731 -23.896381 1260255660455
4.5465713 3.3740368 -11.753004 1260255660470
3.2806075 -14.565279 -8.917433 1260255660490
-0.4268713 -11.783382 -18.580982 1260255660501
-7.3167048 -8.913785 -15.286688 1260255660709
