-6.0486736 -9.012183 1.1542544 1260255512593
-7.2873535 -16.514744 5.7043366 1260255512602
-5.335576 0.19072723 -1.7552905 1260255512639
5.098633 -11.31739 -10.142526 1260255512650
13.105382 -14.870921 -9.336439 1260255512661
14.304464 -14.990754 -11.776354 1260255512673
13.580631 -14.393376 -15.5136 1260255512682
12.012083 -14.0578785 -19.413826 1260255512697
10.605209 -12.951658 -23.073566 1260255512715
9.80172 -9.808228 -24.796215 1260255512895
9.745543 -3.293419 -21.421883 1260255512904
7.41245 6.381964 -11.345318 1260255512916
-9.520594 -14.274307 -11.41799 1260255512924
-14.652929 -22.018436 -0.37591863 1260255512936
-4.483988 -17.430569 5.393656 1260255512945
-4.8128815 -15.04553 18.988491 1260255512956
-13.130303 -26.2848 14.417653 1260255512962
-19.225094 -33.199753 24.113972 1260255512976
-18.489143 -21.495756 19.03517 1260255512993
-13.006142 -7.417057 13.399686 1260255513000
-4.646952 -5.5589314 17.422651 1260255513011
3.4976873 -8.788998 11.2795315 1260255513019
4.012252 -8.12992 -4.3843503 1260255513037
-1.0722998 -8.619158 4.2683105 1260255513043
0.6101558 5.7474194 -9.588137 1260255513057
6.6675835 -1.5178825 -25.021063 1260255513073
12.126256 -13.183073 -22.66233 1260255513088
13.2440605 -1.7341312 -29.871347 1260255513101
8.632925 3.741259 -21.639055 1260255513114
1.8191547 -13.794771 -25.55256 1260255513135
-4.2387943 3.1760082 -25.15735 1260255513158
-8.030917 -18.994957 -15.396862 1260255513172
-9.643468 -25.080975 -4.2426662 1260255513195
-9.468841 -21.768738 -0.7858362 1260255513216
-8.600773 -16.280811 16.169218 1260255513239
-7.3117924 -33.921074 22.512741 1260255513252
-6.7970552 -24.521065 9.948387 1260255513274
-7.1684923 -9.159304 15.231381 1260255513297
-8.281442 -18.404156 10.663677 1260255513312
-8.497629 -13.355143 5.623361 1260255513332
-6.443138 -4.1774487 7.017819 1260255513355
-10.557982 -4.963278 -3.6950736 1260255513378
-0.4150679 -7.1829176 -0.9602134 1260255513392
0.15350723 1.8528292 -11.965817 1260255513414
-14.301334 8.757478 0.20964813 1260255513437
-1.9313202 7.5850387 -5.617003 1260255513454
-19.423944 2.740718 -1.1382704 1260255513472
-1.3317847 -8.081706 1.9310961 1260255513655
3.1089625 -12.472982 -2.8209636 1260255513675
7.778141 4.638203 -5.2313347 1260255513684
6.5179043 -15.1559105 -10.57843 1260255513697
-4.0661325 -24.312065 -2.7291636 1260255513703
-5.702929 -30.617706 7.648893 1260255513714
0.10686898 -34.567455 15.263849 1260255513723
6.576408 -32.62083 18.535168 1260255513734
9.595977 -28.272861 14.172374 1260255513744
9.211941 -26.282177 4.742476 1260255513756
7.559558 -24.114758 1.4213848 1260255513772
6.731872 -1.2928429 -4.080532 1260255513781
6.5032787 -15.930933 -9.3052025 1260255513792
5.776554 -3.3914487 -19.961893 1260255513801
4.4529266 7.774273 -14.759242 1260255513817
2.5496264 -5.740301 -9.772267 1260255513825
-0.08664036 -7.326414 -26.191889 1260255513837
-2.802009 7.788464 -17.114275 1260255513852
-4.605265 -13.444742 -14.813532 1260255513863
-4.644549 4.756816 -13.876495 1260255513875
-2.6820922 -11.361803 -18.835192 1260255513897
1.8506432 -19.447206 -7.2536435 1260255513917
3.8064885 -6.033681 0.8520026 1260255513932
2.5433903 -19.842295 7.073273 1260255513955
1.5702806 -26.741703 16.815773 1260255513976
1.0385604 -13.023826 13.5115385 1260255513999
1.7196422 -28.442904 9.322483 1260255514013
2.5904713 -20.797348 16.756573 1260255514035
2.9214242 -5.118497 8.476407 1260255514058
3.2486382 -9.876692 -1.982862 1260255514071
3.1948633 -18.907284 -1.3744266 1260255514094
2.9269178 -20.364319 3.3142314 1260255514116
3.2955952 -16.038853 7.734682 1260255514139
4.172721 -10.827573 8.178327 1260255514151
