-3.3094745 -15.69308 3.7530274 1260255940660
2.9899592 -15.027315 -1.2968984 1260255940673
13.993536 -14.778786 0.9195291 1260255940680
6.9209394 -13.589251 -2.6672153 1260255940854
-2.1515908 -5.3237276 4.9090433 1260255940863
12.665197 2.7874799 8.108227 1260255940904
17.061342 3.7588348 5.3830295 1260255940917
14.530801 -0.71806383 12.473972 1260255940924
14.098038 -7.2507725 16.585073 1260255940936
13.578812 -12.206036 13.563091 1260255940944
10.458178 -13.941378 7.037518 1260255940956
6.005945 -10.962163 1.4278297 1260255940965
2.1126204 -3.997241 1.3331704 1260255940976
0.921533 -2.6258273 7.782216 1260255940984
2.6589634 -12.218828 -10.56344 1260255940994
4.916951 -13.127025 -2.8367753 1260255941003
4.6919703 -7.4064445 -2.733652 1260255941022
4.0680313 -8.268006 -10.180092 1260255941034
2.4002132 -6.514616 -25.401562 1260255941042
0.109387875 9.137389 -28.360086 1260255941054
-2.3512797 1.5282266 -18.331625 1260255941060
-5.7728586 -3.6860187 -26.97161 1260255941072
-7.37676 7.9203672 -23.091322 1260255941081
-2.794846 -0.7010069 -27.707397 1260255941097
5.632909 -2.8468509 -17.13244 1260255941109
-3.5813522 -9.919088 -13.831237 1260255941118
-19.876682 -10.588218 5.2909036 1260255941129
-10.1860895 -17.715485 7.40608 1260255941140
-6.1164694 -23.991621 25.819273 1260255941155
-17.45794 -25.927351 34.85102 1260255941163
-21.903255 -25.228113 22.948118 1260255941177
-13.136913 -24.242603 11.203328 1260255941197
-0.70292854 -22.97287 9.262272 1260255941212
1.8297696 -22.374151 7.4415755 1260255941235
-8.732159 -1.96668 5.5874133 1260255941256
-12.068303 1.0806856 -10.199907 1260255941278
-9.791679 0.80478764 -19.173765 1260255941293
-5.0855675 0.8147421 -28.481941 1260255941315
1.9386525 -0.7125977 -36.135567 1260255941336
10.043638 4.1563067 -37.85355 1260255941352
14.326699 11.249466 -30.311407 1260255941373
13.265619 2.957915 -24.425114 1260255941560
9.806559 -8.046631 -19.998716 1260255941575
4.6193027 -8.326793 -8.40074 1260255941582
-4.9158874 -9.7114935 -13.990942 1260255941599
-11.111969 -11.341792 6.0177107 1260255941605
-12.112904 -19.570095 15.433369 1260255941617
-11.082955 -27.579666 18.980612 1260255941625
-8.112716 -28.652267 20.752964 1260255941638
-3.8853657 -28.441639 19.389278 1260255941649
1.7071788 -26.749142 14.408677 1260255941658
9.010164 -22.725464 5.92073 1260255941674
12.234188 -15.855206 1.0272833 1260255941683
10.250145 -2.6859803 4.532246 1260255941694
9.308007 -4.9986267 -3.8923407 1260255941703
-8.259211 -8.990076 0.8016254 1260255941715
-1.47152 3.1827884 6.6327353 1260255941731
-5.7963147 6.53754 4.850621 1260255941740
-12.783115 -7.492175 -0.23130894 1260255941754
1.5211973 9.681398 -5.4346876 1260255941765
-8.26735 -9.066363 -3.4932623 1260255941780
-11.766302 -3.3283339 -16.198704 1260255941799
-6.9212317 2.7704358 -16.235949 1260255941819
5.8660054 -9.468293 -15.295765 1260255941835
12.1205225 -14.357683 -2.2063522 1260255941856
8.799604 -29.062271 7.5035915 1260255941880
2.5408945 -22.596752 19.380775 1260255941892
-3.4099667 -17.71343 13.851573 1260255941916
-6.973865 -19.155186 7.0788846 1260255941937
-9.398983 -27.282915 4.9093513 1260255941952
-10.876688 -25.661327 5.689208 1260255941975
-10.96674 -3.8522978 -4.8630357 1260255941996
-10.385677 -6.976902 -3.7121172 1260255942019
-10.33821 -11.5100565 -11.0685 1260255942032
-9.760637 -11.779339 -16.226622 1260255942055
-7.6275134 -9.712639 -14.868888 1260255942077
-3.8074398 -1.6283252 -9.380585 1260255942092
-0.85701823 6.996688 -17.479511 1260255942113
2.2012239 -5.9592457 -27.649258 1260255942134
3.9915948 -10.500001 -10.011808 1260255942323
2.467145 2.3975801 -20.22993 1260255942341
-0.8114537 -14.140467 -5.7298465 1260255942351
-8.563405 -11.283567 -17.039711 1260255942357
-15.707485 -3.738471 -4.6162896 1260255942363
-15.032305 -21.887047 4.8103175 1260255942373
-11.992407 -28.482471 0.46602964 1260255942380
-8.06493 -17.537756 0.07612705 1260255942390
-4.4695106 -14.505213 11.726458 1260255942396
-1.1636615 -22.72118 16.827469 1260255942402
