9.429574 -4.653008 0.47283125 1260256428852
9.452549 -3.1455915 0.6041608 1260256428864
8.47098 -1.5210629 0.94864225 1260256428871
8.256695 -0.76636505 2.2533474 1260256428882
9.092024 -0.4017787 3.114656 1260256428891
10.039068 -0.3744483 4.355943 1260256428902
12.11659 -0.01837492 5.4999146 1260256428912
14.318557 -0.59695673 8.32064 1260256428923
12.658462 -2.566006 13.335129 1260256428932
7.2778387 -5.0051236 16.641142 1260256428943
0.1148057 -5.3512254 14.658835 1260256428950
-3.9318051 -2.903554 8.47292 1260256428962
-3.1170816 0.62659454 2.574182 1260256428971
4.141284 0.23425293 6.049572 1260256429009
13.419156 -5.043607 7.860433 1260256429021
16.114958 -10.689672 -0.2337991 1260256429030
8.486467 -11.448393 -5.7046742 1260256429041
0.5678166 2.8663616 -5.1651936 1260256429050
8.121939 -0.7401047 11.6512375 1260256429062
-0.9364729 12.612378 20.261759 1260256429069
-16.67986 5.927455 17.57738 1260256429088
-2.368741 -7.3099627 15.792837 1260256429099
-20.655054 -17.058746 17.231684 1260256429108
-13.946829 -25.668701 14.603098 1260256429114
-0.66378593 -16.343987 4.5898623 1260256429126
0.9689131 -34.673088 -0.19834125 1260256429143
3.0490673 -12.553294 -3.0224288 1260256429152
5.6783357 -17.962767 -19.224554 1260256429163
8.223229 -21.123226 -12.547082 1260256429172
8.378153 -12.36415 -6.012579 1260256429190
1.6031806 -6.009632 -13.948415 1260256429202
-12.760077 5.605628 -1.5795867 1260256429223
-4.1573243 17.969074 -1.9079831 1260256429244
-2.5904045 4.4626446 -10.650083 1260256429269
-14.597895 5.964518 -11.784477 1260256429283
-0.1552906 -8.901808 -11.398864 1260256429466
3.6334724 -10.64006 -8.124205 1260256429479
7.1698246 -20.126097 -11.180809 1260256429488
10.514249 -36.558907 -8.823028 1260256429494
10.157246 -20.347929 -12.735907 1260256429505
7.216003 -15.97176 -1.6513615 1260256429514
5.7760496 -24.668098 -8.329358 1260256429526
5.6402655 -8.592419 -6.395372 1260256429534
-14.104268 2.2395792 0.6239381 1260256429547
-4.614369 -3.161361 9.204845 1260256429562
-6.0592995 16.614815 15.684095 1260256429572
-20.233437 0.5229511 15.200165 1260256429582
-29.42691 0.2171737 25.7011 1260256429589
-22.152391 1.0775304 16.749292 1260256429602
-10.514989 -6.9806833 12.988339 1260256429619
-5.758439 -17.96711 7.9908233 1260256429628
1.6426063 -17.959137 -10.454192 1260256429642
8.4753065 -32.62603 -15.899741 1260256429653
3.094974 -19.344234 -31.526743 1260256429668
-4.069712 -11.877803 -24.971535 1260256429687
-4.509986 -20.649628 -29.194695 1260256429701
-11.028015 -16.537107 -15.228764 1260256429723
-6.679804 -8.705189 -1.8506284 1260256429744
-11.922657 15.609877 9.573212 1260256429768
-27.286964 -5.0477448 19.682673 1260256429781
-32.063675 2.4314406 25.196514 1260256429804
-23.893024 0.3772068 21.826838 1260256429826
-12.6140375 -7.185768 17.025452 1260256429841
-3.744464 -26.73713 1.9203825 1260256429863
0.2850542 -16.16793 -18.593512 1260256429883
-4.5969996 -13.561343 -13.112045 1260256429909
-4.1538596 -28.943848 -27.861372 1260256429920
7.278144 -19.325983 -16.574905 1260256429942
9.640788 -5.2016754 -23.920238 1260256429963
2.2908053 -16.802078 -17.897842 1260256429981
-23.378796 -8.074044 2.2571583 1260256430002
-22.08409 -3.3000398 20.508871 1260256430023
-15.985977 -20.129105 18.740398 1260256430047
-11.597698 -5.358037 24.799313 1260256430229
-6.3338547 -15.642406 26.192093 1260256430243
-3.6204891 -22.145884 15.697322 1260256430253
-5.553831 -13.426802 9.755922 1260256430265
2.5919137 -4.83704 -14.705727 1260256430274
9.370664 -24.22591 -19.85047 1260256430286
-0.27686024 -8.817999 -30.055454 1260256430293
-2.84229 -27.412836 -27.602253 1260256430303
4.6556106 -11.085389 -15.904702 1260256430312
3.5407171 -27.15272 -7.337051 1260256430323
-7.491281 -21.638958 -10.545678 1260256430339
-21.911846 -14.568676 15.638262 1260256430348
-24.475517 -6.164987 21.357075 1260256430360
-20.214413 12.398802 19.350218 1260256430369
-11.163663 0.17680931 8.161356 1260256430384
-1.2316475 -0.9137473 1.6399684 1260256430393
-5.9159126 -12.19978 2.304288 1260256430405
1.9329906 -13.116264 -19.411434 1260256430420
6.8013287 -22.049013 -18.195528 1260256430431
2.1980734 -34.137867 -10.505448 1260256430449
-7.1813345 -14.7650795 -11.598628 1260256430463
-11.824015 -19.971573 -10.137942 1260256430483
-13.582687 -23.412743 -8.723375 1260256430508
-15.626965 0.4603653 -2.3594594 1260256430522
1.0050192 -12.373432 0.056010842 1260256430543
-11.979981 -0.39708662 -5.473386 1260256430566
-19.4977 9.667639 4.494089 1260256430588
-20.299358 17.329157 11.364039 1260256430602
-11.592904 13.92527 -0.18754244 1260256430624
-10.639678 -5.719142 3.1825812 1260256430648
-26.6492 -7.8736553 -4.1543684 1260256430661
-15.480698 1.3002901 -3.855208 1260256430683
-8.512331 -23.081451 -3.4839482 1260256430705
-7.4532886 -11.599333 6.3873076 1260256430721
-10.249108 -12.824718 -8.039183 1260256430742
-14.598279 -10.527602 -0.96482605 1260256430763
-17.848385 -12.79266 2.8995657 1260256430788
-17.742647 -16.864683 0.5075097 1260256430801
-14.925385 -21.561779 -2.8880916 1260256430980
