-2.8736544 -0.40358782 0.76412916 1260256225373
-4.6692147 -5.80604 6.1033773 1260256225382
-2.3930502 -11.143111 11.310829 1260256225393
1.4403682 -15.247953 10.595041 1260256225574
4.1063085 -16.744864 6.988022 1260256225613
5.6531715 -15.802099 3.2976654 1260256225623
5.3958797 -13.944368 1.533853 1260256225635
1.9324188 -13.505737 4.014158 1260256225643
-4.076455 -10.723311 11.916567 1260256225656
-9.941393 5.8817677 8.486193 1260256225662
-5.5379434 7.785895 16.399672 1260256225674
5.0223684 -2.9893851 18.505543 1260256225682
5.893943 -5.147091 6.582538 1260256225694
-1.6126508 -5.3983955 11.546193 1260256225703
-7.5895576 -25.899178 9.017277 1260256225715
-8.482087 -13.357737 -1.897006 1260256225724
-6.3790646 -19.23553 1.3831286 1260256225737
-4.376895 1.300849 -3.5488489 1260256225753
-3.7297614 -5.7338367 -12.999058 1260256225762
-2.8409367 -11.8146305 -9.89528 1260256225774
-3.9112868 -11.080276 -5.7520523 1260256225783
-4.785141 -8.505633 -1.1433635 1260256225795
-5.5336494 4.125961 -7.048833 1260256225802
-3.4917862 -20.01613 -3.101919 1260256225813
-0.01700592 -13.783565 -14.355358 1260256225824
2.2375236 -9.990185 0.60641336 1260256225838
6.2146196 -22.423769 4.972272 1260256225851
8.143925 -17.202461 -7.975995 1260256225858
9.33432 -1.1459732 -5.624532 1260256225877
12.753875 -8.051209 0.55846095 1260256225888
15.021347 -19.258171 -7.6513414 1260256225900
15.669788 -3.717537 -10.286333 1260256225915
14.986828 -20.376408 -14.735499 1260256225938
13.742541 -14.508605 -9.017117 1260256225951
12.009201 -1.969491 -10.0546255 1260256225974
7.2147536 -12.978048 -0.6257005 1260256225997
-10.34381 -15.174271 -1.4179302 1260256226013
-1.7792034 5.947525 8.395498 1260256226032
1.2616735 -3.2602706 17.557064 1260256226054
-14.668656 -9.113455 10.866713 1260256226073
-16.881594 4.4848948 16.88271 1260256226093
-4.086873 -15.1777725 21.2081 1260256226283
-5.5404963 1.947051 19.886187 1260256226296
-22.552988 -12.542797 11.4177885 1260256226304
-7.394143 -15.8569355 0.3878641 1260256226317
-4.783127 -7.351584 -8.172154 1260256226328
-7.1570115 -16.059319 1.4869366 1260256226337
-0.9888739 -24.182526 -23.298975 1260256226344
9.035261 -12.288389 -13.813633 1260256226355
14.559725 -29.595556 -18.775072 1260256226364
12.7994995 -9.695728 -16.324518 1260256226378
5.2959566 -22.21113 -24.96969 1260256226395
-2.4662223 -18.423817 -7.6155944 1260256226401
-6.761434 -2.9313707 -11.803276 1260256226413
-8.743645 -15.078591 -7.6011353 1260256226422
-10.666154 -12.562443 -6.5383844 1260256226436
-8.367266 4.8909965 -3.4304986 1260256226453
5.4657097 -7.2077928 -7.0653563 1260256226460
-7.8456345 -2.216895 -11.040674 1260256226479
-9.049237 4.8734217 -4.2933483 1260256226491
1.1552191 -13.997099 5.8652215 1260256226503
2.946351 -22.786089 2.9255228 1260256226518
2.2872934 -13.591164 8.339677 1260256226533
2.523212 -21.652609 6.3656645 1260256226551
2.8639317 -32.72279 11.922364 1260256226574
3.4400759 -16.3066 15.319145 1260256226597
4.805539 -5.5931168 5.604295 1260256226611
7.3739862 -10.118168 0.20361781 1260256226632
9.564329 -7.877939 0.86456585 1260256226656
6.307848 0.8553381 -5.153738 1260256226673
-2.6877844 -16.360165 -14.04838 1260256226692
-4.1478806 1.6558781 -16.99118 1260256226714
7.522602 -14.623006 -13.523192 1260256226736
16.38225 3.4814339 -19.598833 1260256226753
11.082098 -13.027492 -21.145052 1260256226771
1.3522865 -10.48564 -2.071516 1260256226796
-2.4950619 -10.378441 3.4559197 1260256226813
-1.5934291 -25.487192 2.0302243 1260256226833
0.60004854 -15.741262 0.042247295 1260256226854
2.8963127 -18.016182 18.821657 1260256226876
4.648942 -27.006104 11.01732 1260256227059
6.148333 -6.451501 13.131238 1260256227077
7.3991594 -19.279522 10.535641 1260256227083
8.147021 -18.848412 3.9881089 1260256227094
9.368565 -18.100418 -2.9627147 1260256227103
8.04225 1.0067625 -8.546206 1260256227114
1.1705368 -15.069721 -22.507835 1260256227123
-2.469571 -8.862621 -17.955046 1260256227135
1.9864373 -4.25446 -10.965468 1260256227141
7.9370575 -18.420782 -5.152364 1260256227160
8.709599 -20.927681 -8.135128 1260256227171
3.9576027 -20.922867 0.91229045 1260256227178
-1.8649721 -7.9427 11.647264 1260256227192
-6.6223536 -10.304891 -1.2444377 1260256227199
-8.85353 -24.220402 10.627778 1260256227218
-10.055624 -6.5527344 11.813887 1260256227230
-10.976854 -9.728045 4.158615 1260256227239
-11.080492 -20.178577 3.5248442 1260256227255
-10.4537735 -21.155382 0.2594467 1260256227264
-8.974906 -18.548056 -5.2836924 1260256227278
-3.5088923 -2.407876 -13.947939 1260256227301
6.228113 -12.890171 -4.787031 1260256227313
14.251436 -11.85367 -20.711329 1260256227335
14.610874 0.5498204 -15.061192 1260256227355
8.807711 -6.1634197 -11.84392 1260256227371
7.474077 -1.3283606 5.8460255 1260256227394
7.8264804 -22.449005 9.505331 1260256227414
7.68399 -7.0354304 12.794777 1260256227437
7.863436 -12.113763 4.8619866 1260256227451
7.973102 -16.605246 -3.1929288 1260256227474
10.167259 -6.3316517 -8.913521 1260256227496
12.991127 -6.049079 -13.769759 1260256227517
12.481212 -24.242275 -18.021273 1260256227534
8.604903 -17.20237 -7.048915 1260256227552
3.4944816 -6.8881264 -10.853638 1260256227578
0.01654923 -5.4516973 -12.057352 1260256227591
2.9886107 -1.7331581 -1.4721074 1260256227613
6.6117735 -17.333176 7.3553963 1260256227635
5.095594 2.009735 11.498415 1260256227817
2.1143227 -14.142287 0.66949177 1260256227824
4.470627 -22.388208 0.50877273 1260256227836
9.704466 -25.968292 -8.957711 1260256227844
12.803405 -23.165394 -11.346635 1260256227857
13.832385 -18.041529 -7.4338255 1260256227868
12.325594 -10.686874 -4.1712623 1260256227877
9.484536 -5.24302 -1.7211821 1260256227888
8.561652 -3.0258703 2.550948 1260256227903
8.395548 -12.027639 1.5833402 1260256227914
-0.65856445 -1.985971 13.737417 1260256227923
-13.590456 -10.630124 5.5900793 1260256227935
-5.0367365 -0.9438207 15.989321 1260256227944
3.6096215 8.375166 6.53605 1260256227958
-10.718532 15.158564 3.2908027 1260256227972
-15.15686 12.684969 -0.830719 1260256227982
-6.2952576 -7.645198 2.4935193 1260256227993
-19.83574 -1.5765438 -3.5046687 1260256228012
-14.623543 -23.588936 -7.983823 1260256228021
-6.9950037 -13.332575 -13.906894 1260256228040
6.293108 -32.597347 -8.154861 1260256228054
16.276611 -25.991966 -15.626958 1260256228075
10.188017 -13.517151 -16.760582 1260256228097
-0.71858025 -26.834774 -16.089455 1260256228111
-6.0122466 -23.547983 -6.7945423 1260256228134
-4.6756444 -7.701649 -10.326914 1260256228157
-2.8103945 0.8474121 -1.1391046 1260256228171
-9.823059 -5.6269617 3.823614 1260256228194
6.5736337 -5.5073137 2.2471664 1260256228214
-11.179441 8.664782 -2.4135985 1260256228237
-6.97668 7.0062103 -4.801518 1260256228251
-0.68106174 -8.174085 4.877196 1260256228273
-21.716831 8.583173 4.51039 1260256228296
-4.9912786 -8.25715 1.4661474 1260256228313
-22.951233 6.6805644 -0.8036911 1260256228332
-15.960954 -4.8028927 6.77975 1260256228355
-2.9588556 -16.129019 -5.1464477 1260256228373
-1.5732937 1.0561056 -4.820684 1260256228391
-2.879879 -19.837675 -7.3369274 1260256228572
-5.435325 -2.5508366 -7.460072 1260256228584
-6.4967294 -21.648338 0.15120268 1260256228598
-5.578735 -22.713835 -14.005379 1260256228609
-4.614852 -12.040234 -6.2801833 1260256228618
-3.2482405 -21.055204 1.5417509 1260256228630
-2.295823 -32.45348 -2.6446304 1260256228640
-1.6669798 -25.644293 -5.7096357 1260256228651
-0.7424507 -12.960451 -4.223432 1260256228659
-0.08818054 -12.755702 -6.428859 1260256228678
0.02079773 -20.717539 -8.6751585 1260256228684
-0.29112244 -24.90882 -3.3843532 1260256228694
0.32776928 -17.832453 4.5210285 1260256228701
