9.42223 17.92813 -0.5720329 1260261143474
1.2830523 12.61278 3.88948 1260261143482
-9.31281 3.345594 -2.2018883 1260261143495
-0.3386464 -1.1826601 1.2604676 1260261143527
-3.9036756 12.34786 10.39939 1260261143538
-8.745854 13.82995 10.796662 1260261143703
-9.405476 0.5443535 -2.6669703 1260261143724
-5.659568 -6.8119435 4.5651183 1260261143735
-19.17083 -2.4181175 3.7227807 1260261143745
-4.7681456 0.03179702 -9.855944 1260261143758
-13.877721 9.174886 -7.2256975 1260261143767
1.2593069 -6.9114666 -8.539688 1260261143778
-5.921272 4.6829767 -21.822844 1260261143786
-11.680393 1.7920573 -8.552666 1260261143796
-11.763704 13.471694 -26.45643 1260261143804
-11.068977 0.27720642 -23.141838 1260261143815
-7.4375787 19.483139 -21.114012 1260261143827
-2.674496 17.775242 -36.35479 1260261143841
4.218716 3.7629595 -27.536375 1260261143849
12.941652 13.4454975 -19.287134 1260261143861
14.418571 16.19083 -17.847872 1260261143870
4.022258 -5.501336 -12.350927 1260261143881
-1.6899018 7.723705 -5.4933033 1260261143897
15.47179 -10.912012 -4.573431 1260261143907
-4.006864 -9.921093 -2.8700438 1260261143918
14.170311 -10.869837 2.147146 1260261143925
1.4307901 2.8202326 -6.072446 1260261143944
-5.651445 -0.35346878 9.710253 1260261143963
-1.8521302 8.990986 -3.5467925 1260261143979
7.340416 -1.6552143 2.822353 1260261144001
-8.313642 16.448606 1.4605979 1260261144019
-14.120083 10.568797 2.1356237 1260261144037
-3.347156 5.244501 -6.0617642 1260261144062
2.2890334 21.109718 -7.6555676 1260261144082
-2.3723931 31.64022 -8.214522 1260261144099
-10.589267 21.853985 -17.570084 1260261144118
-15.830795 7.2297754 -8.798667 1260261144142
-11.092486 12.622774 -14.127506 1260261144159
4.1158676 -7.7121487 -3.2805052 1260261144177
7.702711 -14.129654 -5.4388413 1260261144199
9.126145 -0.91936255 -3.584383 1260261144222
9.271142 -4.0524044 1.3651373 1260261144239
