-3.4866319 1.7195349 0.7836597 1260256484858
-3.928557 6.7579775 5.1702776 1260256484870
0.17019367 3.1893837 -5.709631 1260256484879
-9.05288 0.5093069 7.158292 1260256484893
-2.9017506 8.556823 18.441174 1260256484902
2.5885415 -5.810191 14.873934 1260256484917
-19.84788 -9.84574 17.686996 1260256484929
-6.067821 -21.139412 12.527254 1260256484938
-6.2607765 -28.53645 5.957604 1260256484944
-15.927412 -15.337525 2.534083 1260256484958
-11.582663 -31.812668 -2.9556017 1260256484964
-6.709566 -15.222619 -14.289658 1260256484977
-4.9050627 -5.6418686 -11.297229 1260256484988
-5.4005213 -11.756013 -9.183994 1260256484997
-6.467782 -14.69813 -9.1720085 1260256485042
-3.40807 -10.321295 -6.083524 1260256485053
6.606779 12.10356 -4.238432 1260256485062
-3.3693764 -2.5107603 -4.041184 1260256485076
-15.148697 12.32206 -4.952161 1260256485084
1.9739652 3.3266401 -3.4295115 1260256485099
-14.875453 -4.1627407 -12.808817 1260256485112
-14.110847 -24.302906 -7.3535914 1260256485121
-11.389498 -15.601905 -8.7633295 1260256485135
-6.642123 -28.120174 -12.861407 1260256485144
0.040711403 -23.966425 -0.22854042 1260256485162
3.5104318 -7.0607142 -13.621775 1260256485178
9.467066 -15.811838 -9.862252 1260256485184
11.8120365 -10.380472 -5.8971715 1260256485200
10.01859 -0.8912007 -10.437241 1260256485213
8.539663 -1.1961312 -1.9683619 1260256485220
7.602598 -17.314102 -17.119362 1260256485238
6.1859794 -16.129738 -2.727872 1260256485250
5.351577 -13.688206 -20.428143 1260256485259
5.058885 -20.996737 -6.2740593 1260256485264
6.344824 -2.185482 -15.410411 1260256485278
5.658788 -4.953644 -11.831363 1260256485294
-12.41819 -8.869558 -5.0111465 1260256485304
4.6673903 1.4667195 2.6680667 1260256485493
-4.3601923 -8.387396 17.869617 1260256485517
-14.716679 -1.8422046 8.500736 1260256485530
-18.852318 -9.730659 18.460503 1260256485539
-16.010292 -1.7828826 29.327053 1260256485552
-8.167509 2.2340949 12.152531 1260256485561
-4.5001287 -5.1878595 16.847944 1260256485575
-23.552883 -10.367207 22.011545 1260256485583
-24.787548 -5.9057684 -1.7091308 1260256485597
-11.37083 -27.613178 0.87615824 1260256485608
-3.9327679 -17.467567 -18.84441 1260256485622
-0.7590208 -30.537613 -16.234053 1260256485636
-3.6408467 -17.487486 -31.32078 1260256485649
-8.5045395 -24.369724 -21.16731 1260256485658
-9.654602 -15.512873 -22.831612 1260256485669
-6.8833838 -17.908527 -28.38669 1260256485678
-4.7625623 -8.352071 -8.447177 1260256485699
-7.8617926 -15.420221 -18.533592 1260256485710
-14.874172 2.5143704 -5.9642925 1260256485718
-9.511191 -14.406364 -7.1348763 1260256485729
1.8416567 3.2169929 -0.15640855 1260256485740
-12.119913 -3.5163326 15.359544 1260256485759
-19.563969 -8.009443 9.8414 1260256485774
-19.137836 -8.71818 10.999264 1260256485788
-18.043312 -7.256959 17.25068 1260256485799
-17.960262 -23.594765 16.930492 1260256485819
-16.698618 -31.105484 10.124934 1260256485832
-15.68612 -29.274467 5.5064263 1260256485857
-13.81313 -16.058075 -4.4072027 1260256485876
-6.6184072 -6.3985143 -2.9878697 1260256485891
7.177952 -11.289922 -24.810253 1260256485913
12.813679 -12.37553 -26.595253 1260256485934
2.6932888 4.5646205 -23.300352 1260256485958
-7.036529 -12.343476 -18.885818 1260256485976
-11.7334585 3.8056917 -11.430408 1260256486000
-13.605554 -9.5363245 5.789844 1260256486019
-13.631505 -25.366112 6.826782 1260256486037
-13.917688 -13.154947 13.174714 1260256486052
-13.27459 -23.566399 23.138836 1260256486259
-12.869122 -29.600296 10.758886 1260256486281
-11.822302 -17.670292 -0.51701593 1260256486292
-10.07745 -20.64295 -3.3809922 1260256486299
-10.503189 -6.4517884 -5.7359095 1260256486313
-6.8874965 -10.395319 -10.748613 1260256486320
4.2689915 1.9044967 -28.03109 1260256486336
13.478384 -14.391379 -20.833519 1260256486343
10.115952 -2.554233 -12.689308 1260256486359
6.3983 -6.0874686 -2.3303366 1260256486371
4.6308746 -26.670635 6.658662 1260256486377
2.791553 -21.246696 12.643351 1260256486399
3.8954973 -14.568254 12.684719 1260256486411
5.3319926 -25.94873 8.711738 1260256486420
4.5130963 -15.434376 8.311024 1260256486431
6.826499 -14.162573 -8.629144 1260256486440
10.442964 2.2612677 -15.576481 1260256486451
6.4726934 -10.961407 -13.513522 1260256486464
-1.3861287 -0.5450711 -28.504711 1260256486478
-7.6726604 -20.13096 -19.07144 1260256486489
-11.306183 -24.216007 -8.711834 1260256486500
-10.5418 -8.42274 -1.6137345 1260256486513
-5.7153997 -20.293232 18.135735 1260256486522
1.5681896 -7.8682833 2.1014385 1260256486541
6.580942 1.2286797 0.40939847 1260256486560
6.0887604 -11.572432 -16.547754 1260256486579
0.08668494 -13.927353 -7.323764 1260256486595
-5.8701305 -3.7027998 -16.905228 1260256486615
-8.804207 -12.969738 -13.835467 1260256486638
-11.03782 -16.592724 -5.30454 1260256486652
-13.600663 -13.227786 -2.7501607 1260256486675
-8.374733 -6.5203285 13.415667 1260256486695
2.0654292 -1.2556074 3.7118735 1260256486717
-3.7581167 -12.733381 2.929126 1260256486734
-15.594681 1.509335 3.0498438 1260256486758
-13.836779 -15.061381 -3.5396135 1260256486779
-9.817161 -28.013832 -6.402725 1260256486800
-3.988225 -29.901056 -15.282287 1260256486816
4.165784 -22.669668 -18.767216 1260256487009
8.75463 -11.165901 -11.678513 1260256487024
8.996248 -3.5070858 -5.678542 1260256487035
8.270977 -1.0647411 -3.2682521 1260256487044
6.409737 -1.9431353 2.7442095 1260256487056
-9.582733 -8.334778 -4.9047 1260256487064
-10.603134 5.9790907 11.101013 1260256487076
2.3532085 12.157542 5.037171 1260256487082
-13.906126 5.3681993 12.440397 1260256487094
-9.1392 -9.175867 5.5307417 1260256487103
-8.520926 3.3206983 5.5259767 1260256487133
-19.833965 -14.991821 -5.4161053 1260256487141
-19.640228 -3.116003 -0.47279257 1260256487155
-17.470245 -20.238216 0.54309285 1260256487162
-15.428595 -27.348082 -1.3186879 1260256487175
-13.9247265 -29.239002 2.3561058 1260256487197
-11.626503 -27.16392 -7.401571 1260256487215
-8.046761 -16.787909 -8.354438 1260256487222
-4.8081017 -22.357147 -8.935812 1260256487238
-1.563478 -26.218409 -3.9302373 1260256487256
0.308321 -25.134968 3.3857646 1260256487264
0.92739344 -16.348957 9.375683 1260256487276
-0.19810295 -2.1337314 8.641409 1260256487297
-2.5220082 -0.53813076 -3.4667614 1260256487317
-2.2176661 -14.304217 -1.3402553 1260256487323
