-7.2823806 -3.2056534 -2.8153775 1260255537582
-8.2963295 2.780748 -1.771675 1260255537613
-8.37171 -5.2520795 -7.574354 1260255537630
-7.9069586 -8.588312 -14.368504 1260255537641
-7.5759797 -9.261188 -20.647295 1260255537663
-7.352297 -7.6898947 -25.23452 1260255537670
-7.4557357 -5.267823 -28.232073 1260255537685
-8.67971 3.1698308 -26.989119 1260255537704
-10.174088 11.1209 -22.981668 1260255537721
-8.58636 6.27625 -22.995756 1260255537743
2.3556967 2.9478936 -8.149333 1260255537761
-9.385148 -3.9833431 2.1414342 1260255537780
-21.693367 -10.653858 12.484851 1260255537801
-20.48823 -15.76823 19.928154 1260255537821
-12.73577 -17.066555 27.679821 1260255537842
-4.530368 -15.678488 29.233932 1260255537861
-0.019360542 -15.032 22.251038 1260255537887
-0.2359457 -14.180469 11.26749 1260255537901
-6.8790193 -11.914785 0.7097168 1260255537920
-15.409987 -6.934864 1.0322926 1260255537940
-10.300785 -15.666299 -5.1060953 1260255537960
-4.027773 -5.423036 -18.062988 1260255537980
-4.4415746 1.1177498 -24.50095 1260255538000
-6.8583694 6.479763 -25.663956 1260255538026
-7.133752 9.1228695 -25.642756 1260255538040
-2.8166475 3.3027332 -34.80902 1260255538061
3.3986983 -9.116552 -34.100784 1260255538080
7.1486845 -7.0100136 -18.660656 1260255538100
7.348296 6.708148 -22.014137 1260255538124
4.1086984 -16.216988 -15.805491 1260255538140
-3.0026748 -16.196747 -14.947106 1260255538165
-7.3627453 -28.742786 3.1660647 1260255538348
-7.906601 -22.953114 21.708328 1260255538359
-5.6669035 -18.95084 14.056198 1260255538368
-1.5577922 -33.846024 15.315699 1260255538375
3.4716554 -23.076187 27.71261 1260255538386
7.21189 -7.043088 12.403937 1260255538394
9.437952 -12.001695 3.447125 1260255538405
9.618034 -14.689076 2.2180753 1260255538414
2.7503917 4.785591 -7.5109925 1260255538430
-10.539372 1.845475 -7.321269 1260255538441
-6.71979 4.5208397 4.562415 1260255538450
4.1074395 0.6651978 -6.2990885 1260255538461
-15.123744 -9.291296 -7.5171576 1260255538468
-7.6109195 -8.040272 -12.341457 1260255538487
1.2829261 6.557036 -4.0059385 1260255538495
-8.331043 -6.9687743 -14.544945 1260255538507
-12.486908 -4.976474 -0.6234064 1260255538523
-10.19758 -5.1063004 -13.512735 1260255538532
-1.215482 0.8733673 -6.2060122 1260255538547
9.660515 -5.3710527 -1.1332488 1260255538566
9.532314 -11.751999 4.2369356 1260255538589
0.2292738 -21.664804 14.266363 1260255538603
-6.8056593 -31.739391 9.455674 1260255538624
-4.88439 -34.907394 6.066489 1260255538645
1.9541552 -30.945595 10.65896 1260255538662
6.764262 -25.51113 7.0400023 1260255538694
7.817272 -23.129053 -2.1425986 1260255538709
7.3687897 -6.751439 -10.158863 1260255538730
7.1890173 -7.791466 -8.319951 1260255538742
7.232358 5.832674 -14.75032 1260255538765
7.3497066 -10.541106 -15.559504 1260255538787
7.3356814 6.030145 -17.0912 1260255538808
7.023183 -4.803722 -15.70281 1260255538825
6.571866 1.1784463 -18.21917 1260255538845
6.226817 -7.7417936 -15.027656 1260255538869
5.3623614 5.382148 -13.85716 1260255538881
2.494576 -12.588276 -8.620025 1260255538900
-4.583287 -14.918308 -14.750686 1260255538923
-13.834543 -14.805357 -9.495877 1260255539115
-16.610167 -8.479618 1.8494159 1260255539134
-16.684101 -21.533419 11.899438 1260255539147
-16.663956 -16.351171 9.418115 1260255539153
-16.25143 -28.609947 23.473446 1260255539162
-15.542975 -21.088959 12.100271 1260255539169
-14.274683 -21.733183 22.693844 1260255539175
-12.758637 -24.351357 6.995651 1260255539183
-11.993397 -5.268467 7.815836 1260255539190
