222.98366 1.5711296 42.776455 6.1309705 -8.442255 7.6937814 1260261286055
222.98366 1.5711296 42.776455 -1.0368462 -9.02364 1.9056832 1260261286064
222.48448 1.1925731 44.83763 -1.0368462 -9.02364 1.9056832 1260261286067
222.48448 1.1925731 44.83763 15.242264 -8.276517 2.4147017 1260261286074
222.16026 0.18294443 46.14575 15.242264 -8.276517 2.4147017 1260261286076
222.16026 0.18294443 46.14575 15.75611 0.7913743 -5.123802 1260261286080
222.65225 -7.726203 47.18846 15.75611 0.7913743 -5.123802 1260261286088
222.65225 -7.726203 47.18846 6.9950337 12.893645 -2.1860275 1260261286096
217.76964 -11.589892 44.62904 6.9950337 12.893645 -2.1860275 1260261286131
217.76964 -11.589892 44.62904 5.6329756 -4.115217 4.542709 1260261286136
213.78116 -14.410398 41.397587 5.6329756 -4.115217 4.542709 1260261286145
213.78116 -14.410398 41.397587 -6.5553684 13.127575 2.7761004 1260261286148
210.4921 -19.989878 37.527706 -6.5553684 13.127575 2.7761004 1260261286154
210.4921 -19.989878 37.527706 -4.0959845 12.270151 3.9615304 1260261286157
207.6175 -26.140385 33.45132 -4.0959845 12.270151 3.9615304 1260261286168
207.6175 -26.140385 33.45132 4.9747615 11.623631 -4.482562 1260261286172
204.63661 -32.583366 29.978754 4.9747615 11.623631 -4.482562 1260261286175
204.63661 -32.583366 29.978754 -15.269741 13.058781 -6.066162 1260261286188
200.40479 -38.654198 27.229816 -15.269741 13.058781 -6.066162 1260261286195
200.40479 -38.654198 27.229816 1.8816371 14.837775 -15.496369 1260261286204
194.83455 -44.371487 24.968325 1.8816371 14.837775 -15.496369 1260261286212
194.83455 -44.371487 24.968325 -8.577651 14.042723 -9.687789 1260261286215
188.34282 -49.602913 22.969908 -8.577651 14.042723 -9.687789 1260261286219
188.34282 -49.602913 22.969908 -15.105713 8.218465 -26.717243 1260261286230
181.52568 -54.37277 21.221413 -15.105713 8.218465 -26.717243 1260261286236
181.52568 -54.37277 21.221413 0.5004258 8.65222 -19.451078 1260261286239
175.2994 -58.80413 19.510342 0.5004258 8.65222 -19.451078 1260261286249
175.2994 -58.80413 19.510342 -0.30521488 24.412502 -26.644815 1260261286253
169.98442 -62.913925 17.784824 -0.30521488 24.412502 -26.644815 1260261286270
169.98442 -62.913925 17.784824 -15.163904 16.69835 -13.952664 1260261286274
165.8352 -66.76823 15.945583 -15.163904 16.69835 -13.952664 1260261286284
165.8352 -66.76823 15.945583 -9.334924 6.653229 -8.229218 1260261286287
163.29344 -70.629814 13.698304 -9.334924 6.653229 -8.229218 1260261286306
163.29344 -70.629814 13.698304 0.45393276 19.836443 -10.772087 1260261286310
163.17877 -75.198326 10.363389 0.45393276 19.836443 -10.772087 1260261286324
163.17877 -75.198326 10.363389 -18.420942 2.0992675 -12.363185 1260261286331
163.06984 -70.23841 6.5952196 -18.420942 2.0992675 -12.363185 1260261286343
163.06984 -70.23841 6.5952196 -9.045453 3.4961576 5.6832356 1260261286354
161.06635 -64.62649 4.4154587 -9.045453 3.4961576 5.6832356 1260261286364
161.06635 -64.62649 4.4154587 -21.425152 -3.7924252 9.067471 1260261286367
159.01303 -59.245163 2.7446856 -21.425152 -3.7924252 9.067471 1260261286387
159.01303 -59.245163 2.7446856 -8.04772 -12.683502 21.80515 1260261286390
157.26237 -54.432903 1.3074512 -8.04772 -12.683502 21.80515 1260261286408
157.26237 -54.432903 1.3074512 -1.2706928 -23.199348 15.33524 1260261286412
155.84926 -50.461258 -0.30792138 -1.2706928 -23.199348 15.33524 1260261286424
155.84926 -50.461258 -0.30792138 -12.490791 -5.884472 23.080654 1260261286427
154.8568 -47.838196 -2.3425252 -12.490791 -5.884472 23.080654 1260261286446
154.8568 -47.838196 -2.3425252 -15.931427 -6.787663 15.351646 1260261286449
153.81395 -47.046288 -4.175399 -15.931427 -6.787663 15.351646 1260261286462
153.81395 -47.046288 -4.175399 2.0463495 6.0716743 10.854873 1260261286470
152.17325 -47.693974 -5.416629 2.0463495 6.0716743 10.854873 1260261286489
152.17325 -47.693974 -5.416629 2.7014966 3.3462157 -3.9114857 1260261286493
149.41458 -51.009274 -5.9957976 2.7014966 3.3462157 -3.9114857 1260261286505
149.41458 -51.009274 -5.9957976 -0.66815734 17.66789 3.252238 1260261286508
145.94385 -55.05881 -6.2960076 -0.66815734 17.66789 3.252238 1260261286526
145.94385 -55.05881 -6.2960076 -2.9178267 0.12045574 -7.5842347 1260261286530
142.19666 -59.60587 -6.4812074 -2.9178267 0.12045574 -7.5842347 1260261286548
142.19666 -59.60587 -6.4812074 -4.9925365 10.823387 -24.039099 1260261286552
137.33682 -64.175575 -6.357147 -4.9925365 10.823387 -24.039099 1260261286563
137.33682 -64.175575 -6.357147 -2.4675705 21.234684 -18.393745 1260261286569
132.01997 -68.4668 -6.13929 -2.4675705 21.234684 -18.393745 1260261286584
132.01997 -68.4668 -6.13929 0.38378787 8.384266 -16.703604 1260261286588
126.56898 -72.243454 -5.8323255 0.38378787 8.384266 -16.703604 1260261286607
126.56898 -72.243454 -5.8323255 4.460933 19.347443 -34.902912 1260261286610
121.74053 -75.53128 -5.4907093 4.460933 19.347443 -34.902912 1260261286629
121.74053 -75.53128 -5.4907093 7.496093 22.425274 -16.961517 1260261286633
118.35351 -78.504715 -5.316174 7.496093 22.425274 -16.961517 1260261286644
118.35351 -78.504715 -5.316174 7.263686 19.39879 -24.411205 1260261286649
116.68583 -81.17948 -5.5503654 7.263686 19.39879 -24.411205 1260261286664
116.68583 -81.17948 -5.5503654 3.4913108 8.660242 -5.068924 1260261286667
118.35154 -84.07051 -7.622847 3.4913108 8.660242 -5.068924 1260261286689
118.35154 -84.07051 -7.622847 -15.246315 11.846391 -2.90552 1260261286697
119.43396 -79.566986 -9.141705 -15.246315 11.846391 -2.90552 1260261286704
119.43396 -79.566986 -9.141705 -10.160309 -9.68115 14.238045 1260261286878
119.76226 -74.98864 -9.88462 -10.160309 -9.68115 14.238045 1260261286889
119.76226 -74.98864 -9.88462 -4.0135913 -8.138559 10.236514 1260261286896
119.92415 -70.739204 -10.340388 -4.0135913 -8.138559 10.236514 1260261286898
119.92415 -70.739204 -10.340388 0.18422556 5.8770075 22.288153 1260261286906
120.377945 -67.10224 -10.773369 0.18422556 5.8770075 22.288153 1260261286912
120.377945 -67.10224 -10.773369 3.1847324 -9.498355 19.215952 1260261286915
121.40905 -63.997128 -11.584701 3.1847324 -9.498355 19.215952 1260261286920
121.40905 -63.997128 -11.584701 2.9313865 10.108435 12.336151 1260261286929
124.638596 -68.79727 -14.5054655 2.9313865 10.108435 12.336151 1260261286933
124.638596 -68.79727 -14.5054655 -12.697735 -1.7952765 -3.4606018 1260261286938
125.30666 -73.957405 -14.230192 -12.697735 -1.7952765 -3.4606018 1260261286945
125.30666 -73.957405 -14.230192 -11.664476 -7.96031 -11.736147 1260261286951
122.09133 -78.70953 -13.618683 -11.664476 -7.96031 -11.736147 1260261286954
122.09133 -78.70953 -13.618683 -9.370082 2.3899863 -24.890385 1260261286957
117.58676 -82.82406 -12.937749 -9.370082 2.3899863 -24.890385 1260261286965
117.58676 -82.82406 -12.937749 -3.474699 17.605202 -22.128082 1260261286969
112.75742 -86.43285 -12.240862 -3.474699 17.605202 -22.128082 1260261286977
112.75742 -86.43285 -12.240862 3.8830693 3.909543 -28.730509 1260261286988
108.61955 -89.51121 -11.578818 3.8830693 3.909543 -28.730509 1260261286992
108.61955 -89.51121 -11.578818 8.642961 26.781708 -27.423454 1260261286995
105.23857 -92.285645 -11.049877 8.642961 26.781708 -27.423454 1260261287003
105.23857 -92.285645 -11.049877 9.145398 8.361313 -24.692268 1260261287009
103.67664 -94.72136 -10.897384 9.145398 8.361313 -24.692268 1260261287019
103.67664 -94.72136 -10.897384 6.3613286 19.533638 -19.147114 1260261287025
105.142815 -96.38529 -11.852514 6.3613286 19.533638 -19.147114 1260261287031
105.142815 -96.38529 -11.852514 -0.39359045 18.919064 -8.743814 1260261287034
107.68568 -92.816025 -13.409888 -0.39359045 18.919064 -8.743814 1260261287037
107.68568 -92.816025 -13.409888 -16.119211 -4.284525 8.516772 1260261287045
109.45139 -88.325226 -14.089394 -16.119211 -4.284525 8.516772 1260261287051
109.45139 -88.325226 -14.089394 -18.642044 4.397883 18.130728 1260261287055
110.678825 -83.658966 -14.234924 -18.642044 4.397883 18.130728 1260261287067
110.678825 -83.658966 -14.234924 -16.958374 6.9437184 23.274231 1260261287071
111.694885 -79.07602 -14.173178 -16.958374 6.9437184 23.274231 1260261287075
111.694885 -79.07602 -14.173178 -14.288362 -7.7170296 18.935947 1260261287080
112.76014 -74.77222 -14.264519 -14.288362 -7.7170296 18.935947 1260261287091
112.76014 -74.77222 -14.264519 -13.00314 -7.253811 10.609503 1260261287095
115.672134 -71.18361 -16.251293 -13.00314 -7.253811 10.609503 1260261287106
115.672134 -71.18361 -16.251293 1.5115838 8.84229 6.5796175 1260261287109
116.83853 -75.72443 -16.238728 1.5115838 8.84229 6.5796175 1260261287117
116.83853 -75.72443 -16.238728 2.2910995 6.150489 -16.832012 1260261287127
114.8466 -80.238205 -15.626791 2.2910995 6.150489 -16.832012 1260261287130
114.8466 -80.238205 -15.626791 -2.088548 -4.9668355 -19.698479 1260261287137
111.60427 -84.67629 -14.895452 -2.088548 -4.9668355 -19.698479 1260261287147
111.60427 -84.67629 -14.895452 -7.469093 6.295062 -17.223251 1260261287150
106.67406 -88.99248 -14.050679 -7.469093 6.295062 -17.223251 1260261287165
106.67406 -88.99248 -14.050679 -8.850807 12.381593 -25.645624 1260261287172
102.44035 -93.292854 -13.298145 -8.850807 12.381593 -25.645624 1260261287184
102.44035 -93.292854 -13.298145 -6.1941433 -6.0789824 -18.629477 1260261287187
104.86834 -97.32821 -12.933238 -6.1941433 -6.0789824 -18.629477 1260261287207
104.86834 -97.32821 -12.933238 -5.422041 2.4650147 -27.095997 1260261287210
107.17492 -100.511795 -12.886576 -5.422041 2.4650147 -27.095997 1260261287224
107.17492 -100.511795 -12.886576 -6.2037196 4.456685 -4.006914 1260261287231
109.81617 -102.6862 -13.192246 -6.2037196 4.456685 -4.006914 1260261287247
109.81617 -102.6862 -13.192246 -9.799775 15.392182 -13.589455 1260261287254
112.225365 -104.40189 -13.432634 -9.799775 15.392182 -13.589455 1260261287264
112.225365 -104.40189 -13.432634 -11.743549 2.7586045 -13.722041 1260261287268
113.8641 -106.4318 -13.311003 -11.743549 2.7586045 -13.722041 1260261287284
113.8641 -106.4318 -13.311003 -9.978458 6.0140553 -6.961646 1260261287291
114.720894 -109.06021 -12.995453 -9.978458 6.0140553 -6.961646 1260261287305
114.720894 -109.06021 -12.995453 -6.5288196 15.249461 -25.347427 1260261287312
114.33485 -112.0072 -12.49568 -6.5288196 15.249461 -25.347427 1260261287325
114.33485 -112.0072 -12.49568 -0.54725903 -3.3231316 -21.277058 1260261287328
114.668106 -115.20684 -11.970896 -0.54725903 -3.3231316 -21.277058 1260261287346
114.668106 -115.20684 -11.970896 4.5842757 10.278032 -31.716286 1260261287349
111.4347 -101.1465 -11.422351 4.5842757 10.278032 -31.716286 1260261287364
111.4347 -101.1465 -11.422351 8.403414 -0.17103577 -20.6325 1260261287371
108.812965 -88.93917 -10.8512335 8.403414 -0.17103577 -20.6325 1260261287391
108.812965 -88.93917 -10.8512335 9.779812 -5.6746426 -19.315207 1260261287395
106.622314 -78.59221 -10.308672 9.779812 -5.6746426 -19.315207 1260261287404
106.622314 -78.59221 -10.308672 7.4412947 -21.393206 -4.976211 1260261287407
105.1412 -69.5626 -9.743238 7.4412947 -21.393206 -4.976211 1260261287428
105.1412 -69.5626 -9.743238 3.4225564 -19.4719 -13.2121315 1260261287432
104.33414 -61.73447 -9.156076 3.4225564 -19.4719 -13.2121315 1260261287446
104.33414 -61.73447 -9.156076 -1.7981014 -28.893904 -3.6539783 1260261287450
104.26743 -55.147747 -8.448273 -1.7981014 -28.893904 -3.6539783 1260261287463
104.26743 -55.147747 -8.448273 -6.716851 -24.368912 4.3842654 1260261287651
104.75406 -50.140358 -7.525859 -6.716851 -24.368912 4.3842654 1260261287660
104.75406 -50.140358 -7.525859 -6.988941 -10.321415 12.013988 1260261287669
105.366356 -46.43334 -6.799566 -6.988941 -10.321415 12.013988 1260261287673
105.366356 -46.43334 -6.799566 -3.3267527 0.9030566 5.5932536 1260261287678
106.048035 -43.761673 -6.6595874 -3.3267527 0.9030566 5.5932536 1260261287685
106.048035 -43.761673 -6.6595874 -4.5148163 -3.765441 23.030941 1260261287691
106.94563 -42.02359 -7.076608 -4.5148163 -3.765441 23.030941 1260261287694
106.94563 -42.02359 -7.076608 -10.989413 -6.4431467 12.57301 1260261287697
108.048355 -41.02241 -7.8227777 -10.989413 -6.4431467 12.57301 1260261287705
108.048355 -41.02241 -7.8227777 -16.278515 4.7940636 14.218576 1260261287708
109.24593 -40.72129 -8.681639 -16.278515 4.7940636 14.218576 1260261287715
109.24593 -40.72129 -8.681639 -13.890353 10.892405 19.164349 1260261287718
110.43364 -40.985226 -9.597557 -13.890353 10.892405 19.164349 1260261287726
110.43364 -40.985226 -9.597557 -5.2887945 9.784543 17.603067 1260261287729
111.41196 -41.835964 -10.61768 -5.2887945 9.784543 17.603067 1260261287733
111.41196 -41.835964 -10.61768 2.1349282 3.4650345 4.2154117 1260261287739
111.84136 -45.994167 -11.536796 2.1349282 3.4650345 4.2154117 1260261287745
111.84136 -45.994167 -11.536796 0.8128519 21.583485 -6.8680253 1260261287750
111.3493 -50.59446 -12.059956 0.8128519 21.583485 -6.8680253 1260261287756
111.3493 -50.59446 -12.059956 -3.051015 17.4675 -5.4145937 1260261287768
109.83183 -55.264736 -12.206958 -3.051015 17.4675 -5.4145937 1260261287773
109.83183 -55.264736 -12.206958 -3.63568 6.65886 -18.270674 1260261287776
107.54024 -59.851498 -12.14661 -3.63568 6.65886 -18.270674 1260261287780
107.54024 -59.851498 -12.14661 -1.876462 15.19336 -34.412167 1260261287787
104.76323 -64.20892 -11.93928 -1.876462 15.19336 -34.412167 1260261287791
104.76323 -64.20892 -11.93928 1.4192886 26.383326 -24.051311 1260261287796
102.075066 -68.19848 -11.692315 1.4192886 26.383326 -24.051311 1260261287799
102.075066 -68.19848 -11.692315 4.2879677 7.6826706 -17.488728 1260261287808
100.17131 -71.838554 -11.607699 4.2879677 7.6826706 -17.488728 1260261287814
100.17131 -71.838554 -11.607699 4.6291356 16.863684 -20.482666 1260261287825
99.91274 -74.54662 -12.077314 4.6291356 16.863684 -20.482666 1260261287831
99.91274 -74.54662 -12.077314 0.70855165 1.4803357 0.7141967 1260261287834
101.1171 -73.21929 -13.523449 0.70855165 1.4803357 0.7141967 1260261287837
101.1171 -73.21929 -13.523449 -12.778744 -2.5676231 -2.2984085 1260261287845
102.66125 -69.80833 -14.497276 -12.778744 -2.5676231 -2.2984085 1260261287856
102.66125 -69.80833 -14.497276 -16.14503 7.4750957 7.9132967 1260261287860
103.928185 -65.91791 -14.972412 -16.14503 7.4750957 7.9132967 1260261287867
103.928185 -65.91791 -14.972412 -14.652626 -2.2754192 25.220352 1260261287871
104.98177 -62.02201 -15.523791 -14.652626 -2.2754192 25.220352 1260261287880
104.98177 -62.02201 -15.523791 -10.920332 -11.496321 11.702698 1260261287890
105.98268 -58.27091 -15.947601 -10.920332 -11.496321 11.702698 1260261287899
105.98268 -58.27091 -15.947601 -6.6361485 4.689163 20.450243 1260261287905
106.98355 -55.05736 -16.500221 -6.6361485 4.689163 20.450243 1260261287911
106.98355 -55.05736 -16.500221 0.11236429 -11.444357 12.869571 1260261287917
107.88438 -53.804493 -17.17521 0.11236429 -11.444357 12.869571 1260261287927
107.88438 -53.804493 -17.17521 5.198311 0.7425964 7.403682 1260261287935
106.89016 -56.31427 -16.616451 5.198311 0.7425964 7.403682 1260261287948
106.89016 -56.31427 -16.616451 6.4885817 9.355656 -8.544813 1260261287952
103.34565 -59.998558 -15.235629 6.4885817 9.355656 -8.544813 1260261287964
103.34565 -59.998558 -15.235629 -0.50876737 12.539894 -4.228819 1260261287968
116.128365 -64.19863 -13.623848 -0.50876737 12.539894 -4.228819 1260261287983
116.128365 -64.19863 -13.623848 -0.5690675 25.4917 -19.074112 1260261287987
126.47195 -68.6887 -11.842655 -0.5690675 25.4917 -19.074112 1260261288006
126.47195 -68.6887 -11.842655 17.05869 8.341807 -16.767967 1260261288009
134.14835 -73.504265 -9.900522 17.05869 8.341807 -16.767967 1260261288029
134.14835 -73.504265 -9.900522 15.602606 -2.8366666 -18.494804 1260261288033
139.09093 -78.679054 -8.005496 15.602606 -2.8366666 -18.494804 1260261288048
139.09093 -78.679054 -8.005496 -2.31912 -0.58376706 -12.346181 1260261288052
138.88638 -67.2451 -6.205221 -2.31912 -0.58376706 -12.346181 1260261288064
138.88638 -67.2451 -6.205221 4.209223 -13.055899 -8.136728 1260261288068
137.69206 -61.03285 -6.34496 4.209223 -13.055899 -8.136728 1260261288087
137.69206 -61.03285 -6.34496 -1.5720538 -14.599068 0.9062078 1260261288090
137.40746 -57.431206 -7.077712 -1.5720538 -14.599068 0.9062078 1260261288103
137.40746 -57.431206 -7.077712 -11.541811 5.185503 16.251863 1260261288109
137.18709 -55.109646 -7.7238264 -11.541811 5.185503 16.251863 1260261288124
137.18709 -55.109646 -7.7238264 -15.764544 -6.4325333 16.048449 1260261288129
136.97774 -53.654163 -8.337635 -15.764544 -6.4325333 16.048449 1260261288149
136.97774 -53.654163 -8.337635 -15.486133 6.183919 20.531628 1260261288156
136.82886 -52.821457 -9.070753 -15.486133 6.183919 20.531628 1260261288168
136.82886 -52.821457 -9.070753 -10.657069 16.558048 20.804188 1260261288172
136.93741 -52.480385 -10.167215 -10.657069 16.558048 20.804188 1260261288184
136.93741 -52.480385 -10.167215 -0.9064112 18.269629 10.969122 1260261288189
137.54054 -56.406364 -11.708855 -0.9064112 18.269629 10.969122 1260261288204
137.54054 -56.406364 -11.708855 -0.33902645 7.463355 6.020612 1260261288207
138.46352 -60.936047 -12.773412 -0.33902645 7.463355 6.020612 1260261288226
138.46352 -60.936047 -12.773412 -9.219702 -2.1226425 -11.602447 1260261288399
137.69034 -66.039246 -12.684741 -9.219702 -2.1226425 -11.602447 1260261288411
137.69034 -66.039246 -12.684741 -4.5487895 4.776525 -26.694939 1260261288415
148.10582 -71.33728 -11.850504 -4.5487895 4.776525 -26.694939 1260261288426
148.10582 -71.33728 -11.850504 8.283829 11.184506 -28.101143 1260261288432
152.30052 -76.67042 -10.657979 8.283829 11.184506 -28.101143 1260261288435
152.30052 -76.67042 -10.657979 15.403225 10.524066 -29.053686 1260261288439
154.8855 -81.8369 -9.27508 15.403225 10.524066 -29.053686 1260261288449
154.8855 -81.8369 -9.27508 7.3371744 1.5312878 -39.047924 1260261288455
157.34122 -86.745056 -8.011326 7.3371744 1.5312878 -39.047924 1260261288458
157.34122 -86.745056 -8.011326 -1.5475922 -9.242478 -28.463709 1260261288466
160.52415 -91.3578 -7.0107594 -1.5475922 -9.242478 -28.463709 1260261288469
160.52415 -91.3578 -7.0107594 -1.0830684 -1.8814695 -31.740921 1260261288473
167.59795 -95.58991 -6.4102216 -1.0830684 -1.8814695 -31.740921 1260261288479
167.59795 -95.58991 -6.4102216 0.50179493 11.138489 -17.954592 1260261288487
164.46805 -99.21042 -6.4397106 0.50179493 11.138489 -17.954592 1260261288491
164.46805 -99.21042 -6.4397106 -3.2166152 -6.484638 -11.9041 1260261288495
162.94464 -101.8499 -7.317725 -3.2166152 -6.484638 -11.9041 1260261288500
162.94464 -101.8499 -7.317725 -12.755619 14.639301 -7.237686 1260261288506
161.6974 -103.35741 -8.751839 -12.755619 14.639301 -7.237686 1260261288514
161.6974 -103.35741 -8.751839 -12.155649 10.583281 4.058078 1260261288517
160.31253 -100.889534 -10.014247 -12.155649 10.583281 4.058078 1260261288529
160.31253 -100.889534 -10.014247 -0.9807911 12.782719 -5.653069 1260261288535
158.84691 -98.19506 -10.913534 -0.9807911 12.782719 -5.653069 1260261288538
158.84691 -98.19506 -10.913534 3.3382344 3.0919638 7.2983055 1260261288547
157.45456 -94.985306 -11.967857 3.3382344 3.0919638 7.2983055 1260261288551
157.45456 -94.985306 -11.967857 -1.6836991 14.353697 14.764008 1260261288554
155.88184 -91.53604 -12.719464 -1.6836991 14.353697 14.764008 1260261288559
155.88184 -91.53604 -12.719464 -7.814306 1.9906392 2.037531 1260261288568
154.13774 -87.60924 -13.433491 -7.814306 1.9906392 2.037531 1260261288572
154.13774 -87.60924 -13.433491 -13.288082 -0.45404696 17.07251 1260261288577
151.98085 -82.82877 -14.061816 -13.288082 -0.45404696 17.07251 1260261288588
151.98085 -82.82877 -14.061816 -14.77086 7.313684 10.218743 1260261288594
149.3318 -77.487335 -13.958725 -14.77086 7.313684 10.218743 1260261288597
149.3318 -77.487335 -13.958725 -11.265211 5.3120384 5.9892735 1260261288605
146.46521 -68.21297 -12.410789 -11.265211 5.3120384 5.9892735 1260261288611
146.46521 -68.21297 -12.410789 3.4798908 -14.11801 5.239736 1260261288619
144.99194 -57.902317 -10.340249 3.4798908 -14.11801 5.239736 1260261288627
144.99194 -57.902317 -10.340249 13.871843 1.0162792 -8.519102 1260261288631
145.24234 -47.1572 -8.173237 13.871843 1.0162792 -8.519102 1260261288640
145.24234 -47.1572 -8.173237 0.7061548 -7.626885 -10.573472 1260261288651
146.38022 -36.54934 -6.164575 0.7061548 -7.626885 -10.573472 1260261288656
146.38022 -36.54934 -6.164575 13.268146 -14.937128 -14.546601 1260261288665
148.3612 -26.121872 -4.4063463 13.268146 -14.937128 -14.546601 1260261288668
148.3612 -26.121872 -4.4063463 20.731237 4.8241515 -21.725851 1260261288678
152.19315 -33.815777 -3.036029 20.731237 4.8241515 -21.725851 1260261288688
152.19315 -33.815777 -3.036029 7.875105 6.743204 -13.681128 1260261288691
158.63348 -40.724987 -2.0842276 7.875105 6.743204 -13.681128 1260261288709
158.63348 -40.724987 -2.0842276 -2.611579 4.19608 -15.867183 1260261288713
150.8518 -46.688736 -1.5300162 -2.611579 4.19608 -15.867183 1260261288724
150.8518 -46.688736 -1.5300162 -6.7817554 10.4782715 -17.728245 1260261288727
146.10922 -51.4043 -1.3035153 -6.7817554 10.4782715 -17.728245 1260261288746
146.10922 -51.4043 -1.3035153 -8.648427 18.897102 -11.406229 1260261288750
142.85376 -54.934086 -1.2883395 -8.648427 18.897102 -11.406229 1260261288764
142.85376 -54.934086 -1.2883395 -9.656827 2.4949465 -7.8967767 1260261288771
141.06107 -57.23738 -1.5239226 -9.656827 2.4949465 -7.8967767 1260261288791
141.06107 -57.23738 -1.5239226 -11.1376505 18.786293 -1.6204226 1260261288794
140.158 -57.87551 -2.0477264 -11.1376505 18.786293 -1.6204226 1260261288804
140.158 -57.87551 -2.0477264 -11.049102 20.487831 2.2503605 1260261288807
139.6001 -57.331738 -2.6953402 -11.049102 20.487831 2.2503605 1260261288827
139.6001 -57.331738 -2.6953402 -6.9672527 14.404684 0.25857687 1260261288830
139.0701 -55.41515 -3.310573 -6.9672527 14.404684 0.25857687 1260261288851
139.0701 -55.41515 -3.310573 -0.64008 -6.1402044 3.7407513 1260261288859
138.31659 -51.944393 -3.2950444 -0.64008 -6.1402044 3.7407513 1260261288866
138.31659 -51.944393 -3.2950444 1.089322 8.012997 7.896067 1260261288875
137.30077 -47.247173 -2.3302922 1.089322 8.012997 7.896067 1260261288885
137.30077 -47.247173 -2.3302922 -5.485974 -5.1686416 10.86446 1260261288888
136.33572 -42.284813 -0.66377753 -5.485974 -5.1686416 10.86446 1260261288906
136.33572 -42.284813 -0.66377753 -3.477122 -13.630501 0.61826897 1260261288910
138.56894 -31.570572 2.4194112 -3.477122 -13.630501 0.61826897 1260261288929
138.56894 -31.570572 2.4194112 8.711763 1.1417418 -8.4644165 1260261288933
132.0405 -37.592045 2.8484406 8.711763 1.1417418 -8.4644165 1260261288944
132.0405 -37.592045 2.8484406 4.7387667 3.5972853 -17.99073 1260261288947
126.63847 -43.062443 3.0560186 4.7387667 3.5972853 -17.99073 1260261288967
126.63847 -43.062443 3.0560186 2.9078956 1.4385643 -19.727476 1260261288973
121.60655 -47.95932 3.2032177 2.9078956 1.4385643 -19.727476 1260261288988
121.60655 -47.95932 3.2032177 1.575712 5.671795 -9.550936 1260261289177
116.02622 -52.561356 3.4930568 1.575712 5.671795 -9.550936 1260261289188
116.02622 -52.561356 3.4930568 0.12655592 22.017529 -11.263957 1260261289197
110.724915 -56.483288 3.868404 0.12655592 22.017529 -11.263957 1260261289205
110.724915 -56.483288 3.868404 -2.9026108 13.933505 -19.63428 1260261289209
106.38867 -59.859123 4.124984 -2.9026108 13.933505 -19.63428 1260261289212
106.38867 -59.859123 4.124984 -5.8691206 10.638552 -2.6412048 1260261289218
102.71924 -63.066166 4.2687345 -5.8691206 10.638552 -2.6412048 1260261289225
102.71924 -63.066166 4.2687345 -7.611801 10.965094 -9.730457 1260261289230
101.333275 -65.56286 3.7552977 -7.611801 10.965094 -9.730457 1260261289234
101.333275 -65.56286 3.7552977 -6.2839794 9.768397 4.9350147 1260261289244
102.36661 -65.434715 2.2675326 -6.2839794 9.768397 4.9350147 1260261289247
102.36661 -65.434715 2.2675326 5.772614 8.5827675 5.9429045 1260261289254
103.998276 -64.26298 0.8541559 5.772614 8.5827675 5.9429045 1260261289257
103.998276 -64.26298 0.8541559 5.210108 12.987069 3.7973063 1260261289260
105.448364 -63.099827 -0.08855193 5.210108 12.987069 3.7973063 1260261289267
105.448364 -63.099827 -0.08855193 -2.9914494 7.0214376 14.125845 1260261289271
106.57594 -62.194836 -0.5841243 -2.9914494 7.0214376 14.125845 1260261289274
106.57594 -62.194836 -0.5841243 -6.6983304 -0.4081459 11.82921 1260261289277
107.24715 -61.835094 -0.9549181 -6.6983304 -0.4081459 11.82921 1260261289284
107.24715 -61.835094 -0.9549181 -9.1299 -1.4462757 7.623392 1260261289287
106.33479 -62.79334 -1.1071721 -9.1299 -1.4462757 7.623392 1260261289294
106.33479 -62.79334 -1.1071721 -9.22858 6.895919 5.414385 1260261289297
104.61806 -64.203674 -1.0518135 -9.22858 6.895919 5.414385 1260261289300
104.61806 -64.203674 -1.0518135 -8.482336 17.31576 0.7973591 1260261289307
