215.54971 13.7964115 43.479416 5.1382456 -11.504046 3.8031511 1260256001833
215.54971 13.7964115 43.479416 11.580426 -13.213666 8.236097 1260256001839
213.22223 14.206591 44.055447 11.580426 -13.213666 8.236097 1260256001842
213.22223 14.206591 44.055447 16.0936 -16.913456 7.317156 1260256001845
209.81111 14.946261 43.952675 16.0936 -16.913456 7.317156 1260256001854
209.81111 14.946261 43.952675 12.540112 -16.079826 3.7938766 1260256001862
205.92056 15.8489485 43.20504 12.540112 -16.079826 3.7938766 1260256001865
205.92056 15.8489485 43.20504 2.6067586 -9.30127 6.758312 1260256001876
201.97453 16.956501 42.04479 2.6067586 -9.30127 6.758312 1260256001893
201.97453 16.956501 42.04479 -3.3189 -1.4509335 13.520983 1260256001915
198.12581 18.458675 40.79255 -3.3189 -1.4509335 13.520983 1260256001922
198.12581 18.458675 40.79255 4.258197 -5.759556 -1.0551767 1260256001924
193.91953 21.135742 39.30292 4.258197 -5.759556 -1.0551767 1260256001937
193.91953 21.135742 39.30292 11.497204 -15.787542 2.3505623 1260256001940
187.62355 26.028955 37.337776 11.497204 -15.787542 2.3505623 1260256001956
187.62355 26.028955 37.337776 -3.5190163 -14.681586 1.8028882 1260256001959
178.59238 32.377506 34.970886 -3.5190163 -14.681586 1.8028882 1260256001962
178.59238 32.377506 34.970886 -5.870701 -13.212679 -15.064714 1260256001965
184.66275 39.258633 32.572342 -5.870701 -13.212679 -15.064714 1260256001969
184.66275 39.258633 32.572342 5.442914 -12.577929 -15.346504 1260256001982
187.72961 46.145702 30.293724 5.442914 -12.577929 -15.346504 1260256001991
187.72961 46.145702 30.293724 -13.352323 -9.05515 -22.082521 1260256001994
189.59314 34.838417 28.179037 -13.352323 -9.05515 -22.082521 1260256002000
189.59314 34.838417 28.179037 -4.025311 2.5532963 -14.162776 1260256002003
190.71349 24.146496 26.220085 -4.025311 2.5532963 -14.162776 1260256002010
190.71349 24.146496 26.220085 3.6509666 8.540557 -23.964163 1260256002013
190.8278 14.03917 24.459082 3.6509666 8.540557 -23.964163 1260256002037
190.8278 14.03917 24.459082 -10.812753 -8.676973 -27.431131 1260256002040
190.18642 4.487211 22.786127 -10.812753 -8.676973 -27.431131 1260256002057
190.18642 4.487211 22.786127 -11.313366 11.118933 -26.648146 1260256002060
189.62709 -4.5871496 21.24682 -11.313366 11.118933 -26.648146 1260256002077
189.62709 -4.5871496 21.24682 2.989029 -8.37483 -25.740992 1260256002081
190.74574 -13.357792 19.83448 2.989029 -8.37483 -25.740992 1260256002097
190.74574 -13.357792 19.83448 5.2372823 7.175564 -20.217857 1260256002101
196.05846 -3.9399023 18.542757 5.2372823 7.175564 -20.217857 1260256002117
196.05846 -3.9399023 18.542757 -5.1798005 -8.6666 -26.501276 1260256002121
186.40553 4.3570933 17.26562 -5.1798005 -8.6666 -26.501276 1260256002142
186.40553 4.3570933 17.26562 -11.855827 4.2709827 -15.01931 1260256002145
179.28526 10.689239 15.802339 -11.855827 4.2709827 -15.01931 1260256002160
179.28526 10.689239 15.802339 -3.742918 -0.6944361 -5.4070673 1260256002163
175.921 13.854776 14.262221 -3.742918 -0.6944361 -5.4070673 1260256002180
175.921 13.854776 14.262221 5.2559967 -25.483852 1.0895283 1260256002183
173.32495 16.112038 12.74911 5.2559967 -25.483852 1.0895283 1260256002200
173.32495 16.112038 12.74911 -5.383405 -18.32088 2.2943249 1260256002203
171.0087 17.806437 11.261655 -5.383405 -18.32088 2.2943249 1260256002219
171.0087 17.806437 11.261655 -19.043854 -16.866852 20.434145 1260256002223
168.75827 18.916115 9.748572 -19.043854 -16.866852 20.434145 1260256002249
168.75827 18.916115 9.748572 -14.463778 -23.533981 15.49162 1260256002252
166.62036 19.62031 8.261144 -14.463778 -23.533981 15.49162 1260256002267
166.62036 19.62031 8.261144 -2.9598312 -25.460062 23.503206 1260256002271
164.53934 19.989294 6.7980866 -2.9598312 -25.460062 23.503206 1260256002287
164.53934 19.989294 6.7980866 -6.5197496 -23.232141 29.851109 1260256002291
162.51237 20.089828 5.3581824 -6.5197496 -23.232141 29.851109 1260256002310
162.51237 20.089828 5.3581824 -18.314169 -19.85256 25.695242 1260256002313
160.68675 20.285337 3.8902733 -18.314169 -19.85256 25.695242 1260256002330
160.68675 20.285337 3.8902733 -16.109495 -19.204197 18.279175 1260256002333
158.95241 20.77107 2.2957597 -16.109495 -19.204197 18.279175 1260256002347
158.95241 20.77107 2.2957597 -0.98650026 -18.247349 15.253743 1260256002350
156.65479 22.182516 0.2809717 -0.98650026 -18.247349 15.253743 1260256002370
156.65479 22.182516 0.2809717 -4.610311 -7.070972 -6.4925137 1260256002570
166.67204 28.073391 -1.033077 -4.610311 -7.070972 -6.4925137 1260256002574
166.67204 28.073391 -1.033077 -14.328245 -10.79562 -13.431071 1260256002579
175.98843 34.519722 -1.6814232 -14.328245 -10.79562 -13.431071 1260256002582
175.98843 34.519722 -1.6814232 -14.439114 -8.338228 -16.775116 1260256002588
184.28902 41.243736 -1.947352 -14.439114 -8.338228 -16.775116 1260256002599
184.28902 41.243736 -1.947352 -12.423124 -1.0596769 -22.073414 1260256002604
190.52457 47.98155 -2.0499845 -12.423124 -1.0596769 -22.073414 1260256002609
190.52457 47.98155 -2.0499845 -10.902718 5.5594983 -26.041752 1260256002613
188.69833 36.73247 -2.0974853 -10.902718 5.5594983 -26.041752 1260256002620
188.69833 36.73247 -2.0974853 -10.133549 9.359156 -32.068542 1260256002627
184.46342 26.195848 -2.142611 -10.133549 9.359156 -32.068542 1260256002630
184.46342 26.195848 -2.142611 -9.84822 -5.254184 -31.848402 1260256002633
181.54025 16.186056 -2.2854805 -9.84822 -5.254184 -31.848402 1260256002641
181.54025 16.186056 -2.2854805 -9.785503 7.818595 -23.567566 1260256002645
180.16324 6.6767535 -2.5212064 -9.785503 7.818595 -23.567566 1260256002651
180.16324 6.6767535 -2.5212064 -9.238516 -0.6663463 -35.435722 1260256002654
181.25508 -2.4570844 -2.995146 -9.238516 -0.6663463 -35.435722 1260256002662
181.25508 -2.4570844 -2.995146 -6.6738863 7.871765 -18.040688 1260256002666
184.74232 6.6157694 -3.6953888 -6.6738863 7.871765 -18.040688 1260256002670
184.74232 6.6157694 -3.6953888 -1.0841055 -3.64904 -28.67675 1260256002675
191.7552 14.334981 -4.7106194 -1.0841055 -3.64904 -28.67675 1260256002686
191.7552 14.334981 -4.7106194 3.5618658 -14.525831 -12.826959 1260256002690
185.56744 19.268232 -5.4750886 3.5618658 -14.525831 -12.826959 1260256002693
185.56744 19.268232 -5.4750886 2.5495648 -16.147175 3.4617224 1260256002699
181.38907 21.554821 -5.201334 2.5495648 -16.147175 3.4617224 1260256002709
181.38907 21.554821 -5.201334 8.474658 -22.951317 4.477169 1260256002713
177.71962 23.12708 -4.3912673 8.474658 -22.951317 4.477169 1260256002721
177.71962 23.12708 -4.3912673 14.965109 -15.642359 19.077671 1260256002725
174.33363 24.320726 -3.321704 14.965109 -15.642359 19.077671 1260256002731
174.33363 24.320726 -3.321704 12.815285 -20.687515 17.038467 1260256002734
171.26695 25.15469 -2.0056188 12.815285 -20.687515 17.038467 1260256002742
171.26695 25.15469 -2.0056188 5.97174 -25.453583 21.288319 1260256002745
168.65361 25.796955 -0.65533787 5.97174 -25.453583 21.288319 1260256002752
168.65361 25.796955 -0.65533787 8.996376 -27.520403 29.626715 1260256002755
166.32092 26.207108 0.57742906 8.996376 -27.520403 29.626715 1260256002759
166.32092 26.207108 0.57742906 17.185625 -24.866102 24.40949 1260256002762
164.20488 26.246752 1.5985577 17.185625 -24.866102 24.40949 1260256002776
164.20488 26.246752 1.5985577 16.783463 -17.852783 16.060991 1260256002780
162.09464 25.684414 1.9186299 16.783463 -17.852783 16.060991 1260256002793
162.09464 25.684414 1.9186299 10.793072 -7.982955 8.037769 1260256002796
159.93991 23.250193 0.7226984 10.793072 -7.982955 8.037769 1260256002807
159.93991 23.250193 0.7226984 3.730517 12.160648 3.7656796 1260256002811
157.84291 19.587683 -1.2134365 3.730517 12.160648 3.7656796 1260256002830
157.84291 19.587683 -1.2134365 -15.187445 0.8694968 4.5652723 1260256002833
155.95076 12.108298 -3.1527646 -15.187445 0.8694968 4.5652723 1260256002847
155.95076 12.108298 -3.1527646 -8.716502 14.944006 -9.265848 1260256002851
154.35323 4.8528833 -5.1451263 -8.716502 14.944006 -9.265848 1260256002869
154.35323 4.8528833 -5.1451263 -2.2447958 21.784687 -0.44603366 1260256002873
153.13556 -2.2397606 -7.23787 -2.2447958 21.784687 -0.44603366 1260256002896
153.13556 -2.2397606 -7.23787 -21.060005 19.728138 -4.5881057 1260256002900
152.37878 -9.327773 -9.575976 -21.060005 19.728138 -4.5881057 1260256002909
152.37878 -9.327773 -9.575976 -13.179388 11.573029 8.457678 1260256002913
152.25984 -16.511385 -12.147178 -13.179388 11.573029 8.457678 1260256002940
152.25984 -16.511385 -12.147178 -10.830109 0.7374277 -8.652599 1260256002943
152.99686 -23.735815 -14.739819 -10.830109 0.7374277 -8.652599 1260256002965
152.99686 -23.735815 -14.739819 -22.116165 -4.5854726 -5.5374136 1260256002968
154.64702 -30.899025 -17.002827 -22.116165 -4.5854726 -5.5374136 1260256002980
154.64702 -30.899025 -17.002827 -3.0741987 -1.628649 -8.695463 1260256002983
157.56467 -38.004074 -18.752686 -3.0741987 -1.628649 -8.695463 1260256003007
157.56467 -38.004074 -18.752686 -8.858805 4.413518 1.8945174 1260256003011
163.63643 -27.60387 -20.26505 -8.858805 4.413518 1.8945174 1260256003027
163.63643 -27.60387 -20.26505 -16.51947 4.5637436 -6.9082603 1260256003030
158.10461 -20.373676 -20.451797 -16.51947 4.5637436 -6.9082603 1260256003050
158.10461 -20.373676 -20.451797 -13.976603 0.7454157 -1.8531232 1260256003053
153.94939 -15.404992 -19.779207 -13.976603 0.7454157 -1.8531232 1260256003070
153.94939 -15.404992 -19.779207 -10.0603285 -13.638441 -3.129262 1260256003074
150.00192 -10.884743 -18.790247 -10.0603285 -13.638441 -3.129262 1260256003090
150.00192 -10.884743 -18.790247 0.5808871 -33.003426 5.3195424 1260256003093
146.15182 -6.5905056 -17.650734 0.5808871 -33.003426 5.3195424 1260256003117
146.15182 -6.5905056 -17.650734 11.159225 -24.834576 10.613766 1260256003120
142.54424 -2.4109802 -16.368196 11.159225 -24.834576 10.613766 1260256003139
142.54424 -2.4109802 -16.368196 10.178177 -21.259336 10.804405 1260256003143
139.41702 1.5595689 -14.949786 10.178177 -21.259336 10.804405 1260256003157
139.41702 1.5595689 -14.949786 -0.7318969 -37.14904 0.9143961 1260256003160
137.39618 6.83159 -13.552297 -0.7318969 -37.14904 0.9143961 1260256003179
137.39618 6.83159 -13.552297 -1.9465818 -30.824217 0.095128536 1260256003384
146.47636 14.99001 -13.824682 -1.9465818 -30.824217 0.095128536 1260256003389
146.47636 14.99001 -13.824682 -17.157112 -10.383155 -24.483854 1260256003393
156.25255 22.44051 -14.283448 -17.157112 -10.383155 -24.483854 1260256003418
156.25255 22.44051 -14.283448 -17.922026 -1.5861044 -17.5503 1260256003421
148.78992 29.018484 -14.919276 -17.922026 -1.5861044 -17.5503 1260256003439
148.78992 29.018484 -14.919276 -15.669422 -1.7657547 -10.03749 1260256003442
143.25043 34.61756 -15.673312 -15.669422 -1.7657547 -10.03749 1260256003457
143.25043 34.61756 -15.673312 -9.383424 -10.866653 -0.96998596 1260256003461
139.43791 39.136684 -16.339647 -9.383424 -10.866653 -0.96998596 1260256003477
139.43791 39.136684 -16.339647 -3.3659282 -25.036053 -6.716609 1260256003481
136.41602 42.92985 -16.772665 -3.3659282 -25.036053 -6.716609 1260256003502
136.41602 42.92985 -16.772665 -0.6358404 -11.482023 -3.4842136 1260256003506
133.94522 44.183357 -16.934032 -0.6358404 -11.482023 -3.4842136 1260256003520
133.94522 44.183357 -16.934032 0.5200405 -25.43862 0.5413606 1260256003524
131.44797 45.17419 -16.93733 0.5200405 -25.43862 0.5413606 1260256003543
131.44797 45.17419 -16.93733 0.9667635 -34.438744 8.306837 1260256003547
128.72557 45.81548 -16.840464 0.9667635 -34.438744 8.306837 1260256003559
128.72557 45.81548 -16.840464 0.82404137 -35.561172 15.461895 1260256003563
125.839294 46.074707 -16.648441 0.82404137 -35.561172 15.461895 1260256003582
125.839294 46.074707 -16.648441 0.57546425 -33.517338 21.415426 1260256003585
122.64733 46.070972 -16.41602 0.57546425 -33.517338 21.415426 1260256003597
122.64733 46.070972 -16.41602 -0.30045795 -31.2473 25.001081 1260256003600
119.464966 45.817425 -16.145218 -0.30045795 -31.2473 25.001081 1260256003620
119.464966 45.817425 -16.145218 -1.5843177 -28.63707 23.58086 1260256003624
116.34172 45.276554 -15.887957 -1.5843177 -28.63707 23.58086 1260256003639
116.34172 45.276554 -15.887957 -2.7130482 -23.265932 16.776545 1260256003643
113.274635 44.412727 -15.543559 -2.7130482 -23.265932 16.776545 1260256003657
113.274635 44.412727 -15.543559 -4.314362 -12.601883 7.1770315 1260256003660
110.3609 43.29209 -15.116381 -4.314362 -12.601883 7.1770315 1260256003677
110.3609 43.29209 -15.116381 -6.9089756 1.4861183 5.3727007 1260256003681
107.792854 42.277485 -14.210562 -6.9089756 1.4861183 5.3727007 1260256003697
107.792854 42.277485 -14.210562 -9.351386 6.266179 8.309089 1260256003701
109.40321 41.76361 -12.600034 -9.351386 6.266179 8.309089 1260256003717
109.40321 41.76361 -12.600034 1.8085581 4.2047257 -0.5445843 1260256003721
