302.13278 -95.68893 22.033113 -1.2286756 13.022438 7.787824 1260255861958
302.13278 -95.68893 22.033113 1.4548523 16.841194 -1.2658906 1260255861962
300.27615 -94.90448 21.431458 1.4548523 16.841194 -1.2658906 1260255861971
300.27615 -94.90448 21.431458 6.4425106 12.902103 -6.5774198 1260255861974
286.96234 -94.909256 20.559885 6.4425106 12.902103 -6.5774198 1260255861980
286.96234 -94.909256 20.559885 10.167847 12.72118 -1.456885 1260255861983
275.01422 -95.013794 19.43189 10.167847 12.72118 -1.456885 1260255862015
275.01422 -95.013794 19.43189 5.185452 13.209213 5.135859 1260255862019
263.7135 -95.463104 18.110296 5.185452 13.209213 5.135859 1260255862030
263.7135 -95.463104 18.110296 -7.3654017 15.439067 1.1583762 1260255862036
253.32782 -96.28995 16.604782 -7.3654017 15.439067 1.1583762 1260255862039
253.32782 -96.28995 16.604782 -9.087322 14.901291 0.7752137 1260255862043
244.16142 -97.47545 14.824543 -9.087322 14.901291 0.7752137 1260255862054
244.16142 -97.47545 14.824543 5.3135753 5.1640663 3.5937026 1260255862061
236.15335 -99.00168 12.783316 5.3135753 5.1640663 3.5937026 1260255862064
236.15335 -99.00168 12.783316 -1.1867008 -3.9348087 -2.8172548 1260255862073
229.34569 -100.85159 10.49415 -1.1867008 -3.9348087 -2.8172548 1260255862078
229.34569 -100.85159 10.49415 -13.156425 8.890862 -8.338728 1260255862084
223.4284 -102.959015 8.019443 -13.156425 8.890862 -8.338728 1260255862097
223.4284 -102.959015 8.019443 3.4825187 12.352732 -3.764689 1260255862100
217.95699 -105.311066 5.6684704 3.4825187 12.352732 -3.764689 1260255862110
217.95699 -105.311066 5.6684704 -13.82412 -3.4032202 -7.1810517 1260255862113
212.45914 -107.745514 3.5850468 -13.82412 -3.4032202 -7.1810517 1260255862130
212.45914 -107.745514 3.5850468 -14.488171 15.572975 -17.350029 1260255862133
206.63618 -110.00824 1.8057944 -14.488171 15.572975 -17.350029 1260255862149
206.63618 -110.00824 1.8057944 -2.7412882 9.864472 -13.943135 1260255862155
200.60437 -112.00783 0.16550457 -2.7412882 9.864472 -13.943135 1260255862169
200.60437 -112.00783 0.16550457 -12.632333 5.015359 -14.5257435 1260255862178
194.57416 -113.75744 -1.3927708 -12.632333 5.015359 -14.5257435 1260255862190
194.57416 -113.75744 -1.3927708 -25.376616 22.476345 -18.66465 1260255862193
188.84544 -115.319565 -2.9231322 -25.376616 22.476345 -18.66465 1260255862211
188.84544 -115.319565 -2.9231322 -18.359379 25.349743 -13.907871 1260255862214
183.60316 -116.853584 -4.3769755 -18.359379 25.349743 -13.907871 1260255862234
183.60316 -116.853584 -4.3769755 -6.1507254 10.652116 -16.256063 1260255862238
178.923 -118.5109 -5.708127 -6.1507254 10.652116 -16.256063 1260255862249
178.923 -118.5109 -5.708127 -7.977019 5.5058 -12.496489 1260255862258
175.22685 -120.435356 -7.022721 -7.977019 5.5058 -12.496489 1260255862270
175.22685 -120.435356 -7.022721 -17.22853 16.45127 -11.54655 1260255862273
175.11551 -105.463585 -9.0215845 -17.22853 16.45127 -11.54655 1260255862291
175.11551 -105.463585 -9.0215845 -12.371443 -9.849328 -9.950714 1260255862294
175.00974 -97.59041 -10.320505 -12.371443 -9.849328 -9.950714 1260255862309
175.00974 -97.59041 -10.320505 0.22741508 -12.090447 8.984033 1260255862318
174.30925 -90.110886 -10.60448 0.22741508 -12.090447 8.984033 1260255862327
174.30925 -90.110886 -10.60448 2.672082 -10.452051 15.108725 1260255862331
173.49379 -83.20534 -10.574256 2.672082 -10.452051 15.108725 1260255862347
173.49379 -83.20534 -10.574256 3.3314128 -15.353923 21.40048 1260255862350
172.7191 -76.89507 -10.445543 3.3314128 -15.353923 21.40048 1260255862367
172.7191 -76.89507 -10.445543 3.3422937 -14.661686 25.69089 1260255862370
172.03314 -71.15032 -10.373266 3.3422937 -14.661686 25.69089 1260255862387
172.03314 -71.15032 -10.373266 3.2365847 -10.565571 26.489964 1260255862391
171.38148 -65.89281 -10.504603 3.2365847 -10.565571 26.489964 1260255862407
171.38148 -65.89281 -10.504603 3.0307965 -13.321278 24.88621 1260255862411
170.91241 -61.29817 -11.129374 3.0307965 -13.321278 24.88621 1260255862428
170.91241 -61.29817 -11.129374 2.4527645 -17.856499 14.7039995 1260255862431
170.7668 -57.23326 -12.972905 2.4527645 -17.856499 14.7039995 1260255862447
170.7668 -57.23326 -12.972905 -13.000834 2.097384 14.055649 1260255862451
171.12846 -45.671597 -16.52426 -13.000834 2.097384 14.055649 1260255862467
171.12846 -45.671597 -16.52426 -4.682044 8.519059 0.34409142 1260255862471
170.77203 -51.938015 -18.448046 -4.682044 8.519059 0.34409142 1260255862487
170.77203 -51.938015 -18.448046 -11.35676 12.786665 -11.1858835 1260255862491
169.03343 -57.341114 -19.575644 -11.35676 12.786665 -11.1858835 1260255862507
169.03343 -57.341114 -19.575644 -24.662624 16.321873 -13.364866 1260255862510
166.28175 -62.174057 -20.34686 -24.662624 16.321873 -13.364866 1260255862686
166.28175 -62.174057 -20.34686 -30.299412 9.712793 -24.205988 1260255862690
163.01767 -66.61536 -20.929518 -30.299412 9.712793 -24.205988 1260255862701
163.01767 -66.61536 -20.929518 -30.117897 13.813878 -24.940022 1260255862707
159.61679 -70.78459 -21.383041 -30.117897 13.813878 -24.940022 1260255862710
159.61679 -70.78459 -21.383041 -26.615084 30.359837 -28.354517 1260255862714
156.63596 -74.89536 -21.813889 -26.615084 30.359837 -28.354517 1260255862721
156.63596 -74.89536 -21.813889 -21.205162 13.215042 -37.272938 1260255862725
154.35416 -79.000595 -22.223194 -21.205162 13.215042 -37.272938 1260255862731
154.35416 -79.000595 -22.223194 -15.411897 9.235579 -18.643557 1260255862734
152.93645 -83.10056 -22.662035 -15.411897 9.235579 -18.643557 1260255862742
152.93645 -83.10056 -22.662035 -9.366626 19.52143 -25.335676 1260255862745
152.53963 -87.24554 -23.228933 -9.366626 19.52143 -25.335676 1260255862749
152.53963 -87.24554 -23.228933 -3.7730637 -0.8161988 -20.811512 1260255862754
154.41264 -73.98326 -24.217487 -3.7730637 -0.8161988 -20.811512 1260255862763
154.41264 -73.98326 -24.217487 -1.8064742 -10.13072 -9.288076 1260255862766
154.14201 -64.4841 -24.206614 -1.8064742 -10.13072 -9.288076 1260255862780
154.14201 -64.4841 -24.206614 3.5427198 0.069823265 -2.2361715 1260255862783
153.63492 -57.909897 -22.746283 3.5427198 0.069823265 -2.2361715 1260255862790
153.63492 -57.909897 -22.746283 8.255885 -8.3251705 6.0883303 1260255862793
153.45317 -52.2644 -20.908968 8.255885 -8.3251705 6.0883303 1260255862801
153.45317 -52.2644 -20.908968 -1.6659999 -15.151631 17.559595 1260255862804
153.53052 -47.40118 -19.01352 -1.6659999 -15.151631 17.559595 1260255862808
153.53052 -47.40118 -19.01352 7.757528 -25.605803 11.253874 1260255862813
153.90399 -43.43112 -17.162844 7.757528 -25.605803 11.253874 1260255862824
153.90399 -43.43112 -17.162844 18.097128 -20.046432 20.949556 1260255862828
154.45879 -40.559566 -15.604701 18.097128 -20.046432 20.949556 1260255862838
154.45879 -40.559566 -15.604701 3.7705698 -2.2388048 28.50169 1260255862844
154.73584 -39.731586 -14.874466 3.7705698 -2.2388048 28.50169 1260255862848
154.73584 -39.731586 -14.874466 -7.581702 14.903156 16.609663 1260255862851
153.19905 -40.445007 -15.030743 -7.581702 14.903156 16.609663 1260255862861
153.19905 -40.445007 -15.030743 -11.030673 16.662273 14.892481 1260255862870
150.6891 -41.372757 -15.679206 -11.030673 16.662273 14.892481 1260255862873
150.6891 -41.372757 -15.679206 -9.080527 11.005096 11.91502 1260255862881
148.35464 -42.00412 -16.695246 -9.080527 11.005096 11.91502 1260255862886
148.35464 -42.00412 -16.695246 -3.698532 7.251091 3.05184 1260255862890
146.58691 -46.603912 -18.060484 -3.698532 7.251091 3.05184 1260255862906
146.58691 -46.603912 -18.060484 -7.182863 19.592829 -6.7135024 1260255862910
145.40756 -51.37372 -19.70746 -7.182863 19.592829 -6.7135024 1260255862919
145.40756 -51.37372 -19.70746 -22.92702 21.001217 0.9941658 1260255862925
144.78719 -56.30503 -21.622087 -22.92702 21.001217 0.9941658 1260255862940
144.78719 -56.30503 -21.622087 -19.702604 7.251875 -11.716849 1260255862943
144.49783 -61.23978 -23.540983 -19.702604 7.251875 -11.716849 1260255862962
144.49783 -61.23978 -23.540983 -5.8791733 -2.034184 -4.5312057 1260255862965
144.27293 -66.027794 -25.213934 -5.8791733 -2.034184 -4.5312057 1260255862979
144.27293 -66.027794 -25.213934 -14.823773 5.9236946 -16.20934 1260255862989
143.80928 -70.5764 -26.303238 -14.823773 5.9236946 -16.20934 1260255862999
143.80928 -70.5764 -26.303238 -20.57531 15.8160515 -8.272687 1260255863005
142.21881 -74.69758 -26.538076 -20.57531 15.8160515 -8.272687 1260255863021
142.21881 -74.69758 -26.538076 -17.30717 0.4102831 -9.798597 1260255863024
137.95787 -78.2627 -25.711172 -17.30717 0.4102831 -9.798597 1260255863044
137.95787 -78.2627 -25.711172 -7.945631 10.771574 -19.46999 1260255863048
148.20998 -81.39957 -23.775614 -7.945631 10.771574 -19.46999 1260255863059
148.20998 -81.39957 -23.775614 12.655342 5.909668 -8.2191925 1260255863065
153.74948 -85.07959 -20.386833 12.655342 5.909668 -8.2191925 1260255863078
153.74948 -85.07959 -20.386833 -1.4316025 2.552466 -7.481976 1260255863081
155.26201 -72.22561 -15.467491 -1.4316025 2.552466 -7.481976 1260255863102
155.26201 -72.22561 -15.467491 9.665546 -1.3440932 7.5929623 1260255863106
155.39891 -67.16433 -11.844116 9.665546 -1.3440932 7.5929623 1260255863119
155.39891 -67.16433 -11.844116 20.126152 -17.109997 1.2366998 1260255863128
155.12897 -62.056114 -9.15191 20.126152 -17.109997 1.2366998 1260255863138
155.12897 -62.056114 -9.15191 10.502589 -18.140038 2.3065014 1260255863144
154.82253 -57.503307 -6.844314 10.502589 -18.140038 2.3065014 1260255863159
154.82253 -57.503307 -6.844314 6.171617 -1.1005588 16.889856 1260255863162
154.7314 -53.82814 -4.7520986 6.171617 -1.1005588 16.889856 1260255863183
154.7314 -53.82814 -4.7520986 18.699982 -8.214269 11.467393 1260255863187
154.74483 -50.986732 -2.7644937 18.699982 -8.214269 11.467393 1260255863199
154.74483 -50.986732 -2.7644937 2.00298 5.9127407 1.1662617 1260255863204
155.30759 -49.787395 -0.62626904 2.00298 5.9127407 1.1662617 1260255863218
155.30759 -49.787395 -0.62626904 -3.6601212 -3.0514214 9.052071 1260255863222
151.9422 -54.648026 -1.4449556 -3.6601212 -3.0514214 9.052071 1260255863242
151.9422 -54.648026 -1.4449556 -11.316088 -6.343329 -4.5525956 1260255863246
150.1451 -59.665623 -2.6227078 -11.316088 -6.343329 -4.5525956 1260255863257
150.1451 -59.665623 -2.6227078 -9.981189 5.444398 -1.3264208 1260255863267
148.33784 -64.332344 -3.7915726 -9.981189 5.444398 -1.3264208 1260255863279
148.33784 -64.332344 -3.7915726 -1.8874092 18.138683 -14.577011 1260255863284
146.67096 -68.61573 -4.951994 -1.8874092 18.138683 -14.577011 1260255863464
146.67096 -68.61573 -4.951994 -0.5454054 6.3400626 -14.615897 1260255863470
145.23741 -72.73495 -6.1043944 -0.5454054 6.3400626 -14.615897 1260255863473
145.23741 -72.73495 -6.1043944 -10.256696 7.7202797 -27.289452 1260255863482
144.12553 -76.7982 -7.2491746 -10.256696 7.7202797 -27.289452 1260255863485
144.12553 -76.7982 -7.2491746 -21.654703 21.833963 -19.851046 1260255863489
143.31926 -80.80829 -8.336716 -21.654703 21.833963 -19.851046 1260255863494
143.31926 -80.80829 -8.336716 -23.3084 4.0127077 -26.063541 1260255863502
142.6033 -84.71787 -9.31988 -23.3084 4.0127077 -26.063541 1260255863506
142.6033 -84.71787 -9.31988 -15.654373 11.842924 -15.083088 1260255863509
141.92314 -88.48198 -10.203886 -15.654373 11.842924 -15.083088 1260255863514
141.92314 -88.48198 -10.203886 -6.8161488 15.280356 -30.781359 1260255863521
141.17699 -92.00788 -10.993691 -6.8161488 15.280356 -30.781359 1260255863527
141.17699 -92.00788 -10.993691 -2.417469 2.2559404 -23.020561 1260255863531
140.51814 -95.35749 -11.744007 -2.417469 2.2559404 -23.020561 1260255863534
140.51814 -95.35749 -11.744007 -3.3883796 17.357407 -17.395329 1260255863542
140.69223 -98.78962 -12.506806 -3.3883796 17.357407 -17.395329 1260255863545
140.69223 -98.78962 -12.506806 -8.515008 -4.100717 -18.386127 1260255863551
143.60762 -102.80014 -13.5314665 -8.515008 -4.100717 -18.386127 1260255863564
143.60762 -102.80014 -13.5314665 -15.397982 7.791704 -14.688083 1260255863568
151.57724 -90.76013 -14.504893 -15.397982 7.791704 -14.688083 1260255863573
151.57724 -90.76013 -14.504893 -13.299048 -1.824435 -0.6357057 1260255863579
150.14838 -82.67213 -13.829649 -13.299048 -1.824435 -0.6357057 1260255863584
150.14838 -82.67213 -13.829649 -9.585426 -1.4735355 5.0309405 1260255863588
149.49095 -76.13852 -12.538166 -9.585426 -1.4735355 5.0309405 1260255863591
149.49095 -76.13852 -12.538166 3.6542144 -5.076098 17.079672 1260255863600
149.1664 -70.63159 -10.911258 3.6542144 -5.076098 17.079672 1260255863603
149.1664 -70.63159 -10.911258 16.003304 -0.3207121 13.453018 1260255863610
149.05807 -65.95001 -9.115695 16.003304 -0.3207121 13.453018 1260255863622
149.05807 -65.95001 -9.115695 4.414834 -6.662268 23.756992 1260255863626
149.10516 -62.15251 -7.25991 4.414834 -6.662268 23.756992 1260255863629
149.10516 -62.15251 -7.25991 -0.83406544 -8.922083 17.601925 1260255863632
