240.22722 -144.0722 32.369453 1.6653569 10.580349 -12.614941 1260261192064
240.22722 -144.0722 32.369453 6.9836216 2.4495292 0.32152224 1260261192067
232.66586 -143.7186 29.75098 6.9836216 2.4495292 0.32152224 1260261192075
232.66586 -143.7186 29.75098 -13.37961 0.061778545 -7.332988 1260261192079
225.23257 -143.68266 27.21343 -13.37961 0.061778545 -7.332988 1260261192086
225.23257 -143.68266 27.21343 3.936111 0.5823908 -12.43332 1260261192096
217.42094 -143.74854 24.90276 3.936111 0.5823908 -12.43332 1260261192123
217.42094 -143.74854 24.90276 -7.5187 2.8310342 -5.550163 1260261192129
209.5499 -143.9111 22.807621 -7.5187 2.8310342 -5.550163 1260261192136
209.5499 -143.9111 22.807621 -12.807665 5.1001596 -20.649218 1260261192142
201.5224 -144.06555 20.96724 -12.807665 5.1001596 -20.649218 1260261192147
201.5224 -144.06555 20.96724 3.3583565 6.57211 -20.706886 1260261192158
194.94627 -144.31227 18.968878 3.3583565 6.57211 -20.706886 1260261192164
194.94627 -144.31227 18.968878 -5.057917 7.8774147 -5.420703 1260261192167
190.74896 -144.79666 16.570435 -5.057917 7.8774147 -5.420703 1260261192170
190.74896 -144.79666 16.570435 -15.206234 9.741144 -18.447613 1260261192178
189.06151 -145.65683 13.491913 -15.206234 9.741144 -18.447613 1260261192184
189.06151 -145.65683 13.491913 -1.0916471 12.909914 -5.553075 1260261192198
188.90843 -146.77399 9.167317 -1.0916471 12.909914 -5.553075 1260261192203
188.90843 -146.77399 9.167317 -7.3658004 9.6425705 3.8390567 1260261192210
188.863 -139.83528 5.3089514 -7.3658004 9.6425705 3.8390567 1260261192216
188.863 -139.83528 5.3089514 -18.58131 11.387779 3.7060165 1260261192225
188.46986 -133.29352 2.6435037 -18.58131 11.387779 3.7060165 1260261192235
188.46986 -133.29352 2.6435037 -5.955565 11.802152 7.402503 1260261192238
187.94637 -127.22884 0.46132854 -5.955565 11.802152 7.402503 1260261192253
187.94637 -127.22884 0.46132854 -6.111694 13.191309 11.722297 1260261192259
187.44905 -121.667404 -1.711738 -6.111694 13.191309 11.722297 1260261192273
187.44905 -121.667404 -1.711738 -20.176872 11.547132 11.364119 1260261192459
186.9266 -116.83403 -4.276151 -20.176872 11.547132 11.364119 1260261192467
186.9266 -116.83403 -4.276151 -1.3602934 -0.01843357 8.904357 1260261192474
185.43027 -118.19233 -6.662344 -1.3602934 -0.01843357 8.904357 1260261192479
185.43027 -118.19233 -6.662344 -13.815382 -1.4912596 0.7156515 1260261192483
181.20876 -119.38271 -7.7292266 -13.815382 -1.4912596 0.7156515 1260261192488
181.20876 -119.38271 -7.7292266 -18.209312 11.3808565 -10.453211 1260261192498
173.74832 -120.413574 -7.8427653 -18.209312 11.3808565 -10.453211 1260261192501
173.74832 -120.413574 -7.8427653 -14.525644 25.619396 -19.829409 1260261192505
182.3109 -121.342896 -7.500627 -14.525644 25.619396 -19.829409 1260261192510
182.3109 -121.342896 -7.500627 -9.793823 30.891636 -26.764318 1260261192518
189.24536 -122.22575 -6.8755956 -9.793823 30.891636 -26.764318 1260261192526
189.24536 -122.22575 -6.8755956 -2.4209917 26.05745 -34.131004 1260261192529
195.38309 -123.06447 -6.131816 -2.4209917 26.05745 -34.131004 1260261192537
195.38309 -123.06447 -6.131816 5.631968 16.012365 -31.8064 1260261192540
201.61394 -123.861244 -5.525225 5.631968 16.012365 -31.8064 1260261192544
201.61394 -123.861244 -5.525225 9.447375 6.2477865 -19.871737 1260261192549
208.88324 -124.61818 -5.198964 9.447375 6.2477865 -19.871737 1260261192557
208.88324 -124.61818 -5.198964 9.003116 1.6274481 -9.374764 1260261192560
200.78908 -125.08727 -5.589016 9.003116 1.6274481 -9.374764 1260261192570
200.78908 -125.08727 -5.589016 4.18561 1.2781243 0.2403574 1260261192577
197.14963 -125.43291 -7.2595654 4.18561 1.2781243 0.2403574 1260261192582
197.14963 -125.43291 -7.2595654 -12.354988 2.7296236 3.7491398 1260261192585
195.54214 -120.76126 -9.546587 -12.354988 2.7296236 3.7491398 1260261192593
195.54214 -120.76126 -9.546587 -4.9247575 13.66878 0.30075455 1260261192596
194.41504 -115.6232 -11.719257 -4.9247575 13.66878 0.30075455 1260261192599
194.41504 -115.6232 -11.719257 -0.52871466 8.670122 -0.2578349 1260261192605
193.44429 -110.29204 -13.633294 -0.52871466 8.670122 -0.2578349 1260261192608
193.44429 -110.29204 -13.633294 -17.721302 -1.3679339 2.929255 1260261192615
192.52208 -104.97743 -15.401629 -17.721302 -1.3679339 2.929255 1260261192621
192.52208 -104.97743 -15.401629 -12.81647 -8.515733 11.118071 1260261192624
191.69597 -99.82856 -17.081549 -12.81647 -8.515733 11.118071 1260261192636
191.69597 -99.82856 -17.081549 -0.25108624 -5.7729073 7.074315 1260261192640
190.86118 -95.03713 -18.777472 -0.25108624 -5.7729073 7.074315 1260261192643
190.86118 -95.03713 -18.777472 -8.378957 7.7333555 14.280113 1260261192648
190.01811 -90.68527 -20.388597 -8.378957 7.7333555 14.280113 1260261192657
190.01811 -90.68527 -20.388597 -17.395214 5.3798914 5.681726 1260261192665
189.0672 -87.05101 -21.569168 -17.395214 5.3798914 5.681726 1260261192668
189.0672 -87.05101 -21.569168 -9.516387 -5.2933617 -0.4222331 1260261192677
187.76384 -84.64846 -21.79071 -9.516387 -5.2933617 -0.4222331 1260261192685
187.76384 -84.64846 -21.79071 -4.6616163 5.597252 13.36692 1260261192688
186.52565 -84.06604 -20.401175 -4.6616163 5.597252 13.36692 1260261192699
186.52565 -84.06604 -20.401175 -9.144421 12.38226 1.4161084 1260261192703
188.49937 -86.01274 -17.931116 -9.144421 12.38226 1.4161084 1260261192714
188.49937 -86.01274 -17.931116 12.132515 -1.4288111 -4.5007343 1260261192723
191.17441 -88.462105 -15.48456 12.132515 -1.4288111 -4.5007343 1260261192733
191.17441 -88.462105 -15.48456 5.2110424 14.742382 -15.398823 1260261192736
193.81569 -91.089 -13.260332 5.2110424 14.742382 -15.398823 1260261192756
193.81569 -91.089 -13.260332 3.1573234 12.413147 -19.300308 1260261192759
196.5249 -93.68455 -11.297316 3.1573234 12.413147 -19.300308 1260261192774
196.5249 -93.68455 -11.297316 19.218372 8.428774 -12.914844 1260261192783
199.49866 -96.20032 -9.682449 19.218372 8.428774 -12.914844 1260261192793
199.49866 -96.20032 -9.682449 11.14625 23.137148 -13.767508 1260261192799
202.92372 -98.6903 -8.348327 11.14625 23.137148 -13.767508 1260261192813
202.92372 -98.6903 -8.348327 -1.9663906 3.2897272 -16.548552 1260261192816
207.37753 -101.25578 -7.3809104 -1.9663906 3.2897272 -16.548552 1260261192837
207.37753 -101.25578 -7.3809104 -4.8691382 16.835238 -13.846216 1260261192841
213.85866 -103.893 -6.861865 -4.8691382 16.835238 -13.846216 1260261192853
213.85866 -103.893 -6.861865 -4.433624 5.797803 -24.159615 1260261192859
205.31572 -106.59835 -6.8687716 -4.433624 5.797803 -24.159615 1260261192874
205.31572 -106.59835 -6.8687716 -7.3095713 3.8808718 -7.0182333 1260261192877
200.29993 -109.36843 -7.325333 -7.3095713 3.8808718 -7.0182333 1260261192894
200.29993 -109.36843 -7.325333 -12.83433 10.469956 -18.565735 1260261192898
197.18494 -112.05001 -8.109066 -12.83433 10.469956 -18.565735 1260261192912
197.18494 -112.05001 -8.109066 -15.571188 -3.829514 -14.870098 1260261192922
194.87569 -114.54751 -9.103613 -15.571188 -3.829514 -14.870098 1260261192934
194.87569 -114.54751 -9.103613 -10.23065 14.495913 -13.486226 1260261192939
192.8819 -116.82013 -10.198432 -10.23065 14.495913 -13.486226 1260261192953
192.8819 -116.82013 -10.198432 -0.3982377 -0.5043931 -5.3092413 1260261192956
190.9378 -118.829124 -11.28851 -0.3982377 -0.5043931 -5.3092413 1260261192977
190.9378 -118.829124 -11.28851 2.749412 -0.3123932 -7.110139 1260261192981
188.44092 -120.48767 -12.174085 2.749412 -0.3123932 -7.110139 1260261192994
188.44092 -120.48767 -12.174085 -1.7560639 14.077328 -4.108826 1260261193000
