87.77354 20.66198 0.64830744 5.174879 -5.6697855 16.043907 1260255603001
87.77354 20.66198 0.64830744 5.5634847 -17.510452 2.925167 1260255603004
89.63486 23.67888 1.0658921 5.5634847 -17.510452 2.925167 1260255603034
89.63486 23.67888 1.0658921 9.857476 1.3020792 0.92082006 1260255603044
92.95312 28.644938 1.8625975 9.857476 1.3020792 0.92082006 1260255603047
92.95312 28.644938 1.8625975 12.205139 -4.7182055 -1.9213562 1260255603051
97.50546 34.56269 2.7194676 12.205139 -4.7182055 -1.9213562 1260255603061
97.50546 34.56269 2.7194676 8.250986 -7.0319 -1.1257973 1260255603069
102.38019 40.684555 3.4334943 8.250986 -7.0319 -1.1257973 1260255603072
102.38019 40.684555 3.4334943 1.9060757 -7.843895 -4.580638 1260255603080
107.46118 46.850327 3.9618196 1.9060757 -7.843895 -4.580638 1260255603085
107.46118 46.850327 3.9618196 -2.440486 -8.000402 -11.352587 1260255603092
112.58812 52.90781 4.3637285 -2.440486 -8.000402 -11.352587 1260255603103
112.58812 52.90781 4.3637285 -4.70201 -9.2821045 -17.709064 1260255603107
117.158714 58.712418 4.645542 -4.70201 -9.2821045 -17.709064 1260255603118
117.158714 58.712418 4.645542 -5.923554 -12.390249 -22.12139 1260255603128
121.00078 64.276794 4.763265 -5.923554 -12.390249 -22.12139 1260255603139
121.00078 64.276794 4.763265 -6.967907 -13.508945 -22.315674 1260255603142
123.45074 69.61295 4.725102 -6.967907 -13.508945 -22.315674 1260255603161
123.45074 69.61295 4.725102 -8.300969 -7.9220695 -20.225721 1260255603164
122.8282 74.5323 4.438847 -8.300969 -7.9220695 -20.225721 1260255603183
122.8282 74.5323 4.438847 -9.789766 4.0050154 -18.427523 1260255603187
120.33679 78.45569 3.5669048 -9.789766 4.0050154 -18.427523 1260255603351
120.33679 78.45569 3.5669048 -6.80846 -6.4486847 -1.973691 1260255603367
117.819954 80.43291 2.1385596 -6.80846 -6.4486847 -1.973691 1260255603370
117.819954 80.43291 2.1385596 2.501031 -2.4861917 -4.3796654 1260255603373
115.12896 79.311264 0.83163154 2.501031 -2.4861917 -4.3796654 1260255603381
115.12896 79.311264 0.83163154 -1.528996 -11.32362 2.227028 1260255603384
112.42251 77.8957 -0.2599501 -1.528996 -11.32362 2.227028 1260255603388
112.42251 77.8957 -0.2599501 -13.687602 -29.652342 8.240131 1260255603393
109.701385 76.350914 -1.1969526 -13.687602 -29.652342 8.240131 1260255603399
109.701385 76.350914 -1.1969526 -21.490395 -35.48626 24.37047 1260255603404
106.96632 74.63337 -2.087105 -21.490395 -35.48626 24.37047 1260255603408
106.96632 74.63337 -2.087105 -20.50845 -18.289228 21.46194 1260255603413
104.418 72.9017 -2.8827498 -20.50845 -18.289228 21.46194 1260255603419
104.418 72.9017 -2.8827498 -13.023337 -15.614222 30.738098 1260255603424
102.0471 71.256615 -3.6386123 -13.023337 -15.614222 30.738098 1260255603428
102.0471 71.256615 -3.6386123 -3.8263798 -25.80313 23.545616 1260255603431
99.894745 69.74378 -4.4066815 -3.8263798 -25.80313 23.545616 1260255603441
99.894745 69.74378 -4.4066815 2.7669883 -18.784718 11.275763 1260255603450
98.05001 68.65659 -5.2363477 2.7669883 -18.784718 11.275763 1260255603453
98.05001 68.65659 -5.2363477 3.59558 -5.8782287 12.323816 1260255603461
96.74751 68.42377 -5.97453 3.59558 -5.8782287 12.323816 1260255603464
96.74751 68.42377 -5.97453 -0.00583601 -1.584032 9.563412 1260255603467
96.86014 71.35258 -6.1758037 -0.00583601 -1.584032 9.563412 1260255603473
96.86014 71.35258 -6.1758037 -0.06654954 -13.108514 -9.880259 1260255603479
100.21713 75.834946 -5.5670133 -0.06654954 -13.108514 -9.880259 1260255603483
100.21713 75.834946 -5.5670133 7.605069 -7.659169 -3.5848103 1260255603487
107.00628 80.643196 -4.7386627 7.605069 -7.659169 -3.5848103 1260255603494
107.00628 80.643196 -4.7386627 13.106362 6.1136026 -16.52696 1260255603511
114.90597 85.36104 -3.9017296 13.106362 6.1136026 -16.52696 1260255603514
114.90597 85.36104 -3.9017296 11.478663 3.2377539 -16.061298 1260255603522
122.760666 89.89299 -3.056643 11.478663 3.2377539 -16.061298 1260255603527
122.760666 89.89299 -3.056643 4.8209386 -11.073278 -21.929577 1260255603531
129.97263 94.19834 -2.3038108 4.8209386 -11.073278 -21.929577 1260255603543
129.97263 94.19834 -2.3038108 -1.8484564 -1.5723752 -32.768463 1260255603546
136.374 98.23843 -1.6886203 -1.8484564 -1.5723752 -32.768463 1260255603549
136.374 98.23843 -1.6886203 -5.169238 5.136309 -24.273077 1260255603554
140.70529 101.97651 -1.2041893 -5.169238 5.136309 -24.273077 1260255603564
140.70529 101.97651 -1.2041893 -6.165924 -12.52902 -21.244757 1260255603568
142.12003 105.227684 -0.94397986 -6.165924 -12.52902 -21.244757 1260255603580
142.12003 105.227684 -0.94397986 -6.6566973 6.01234 -16.802238 1260255603588
141.36403 107.3663 -0.94678086 -6.6566973 6.01234 -16.802238 1260255603600
141.36403 107.3663 -0.94678086 -8.143765 -11.950479 -6.0483093 1260255603603
139.19583 107.597984 -1.2494419 -8.143765 -11.950479 -6.0483093 1260255603619
139.19583 107.597984 -1.2494419 -11.123449 -19.994333 -2.792884 1260255603625
135.88603 106.11809 -1.6369698 -11.123449 -19.994333 -2.792884 1260255603639
135.88603 106.11809 -1.6369698 -12.652445 -12.675754 2.0769675 1260255603646
132.19173 104.21218 -1.8551214 -12.652445 -12.675754 2.0769675 1260255603662
132.19173 104.21218 -1.8551214 -12.171473 -19.222471 11.688307 1260255603670
128.33214 102.15157 -1.9623653 -12.171473 -19.222471 11.688307 1260255603680
128.33214 102.15157 -1.9623653 -10.992342 -37.123882 14.106218 1260255603683
124.46553 99.843994 -1.864247 -10.992342 -37.123882 14.106218 1260255603699
124.46553 99.843994 -1.864247 -9.57175 -19.28215 14.711129 1260255603705
120.79225 97.60179 -1.6210346 -9.57175 -19.28215 14.711129 1260255603720
120.79225 97.60179 -1.6210346 -8.289397 -20.353004 16.021883 1260255603727
117.45264 95.5217 -1.2899829 -8.289397 -20.353004 16.021883 1260255603739
117.45264 95.5217 -1.2899829 -7.3730855 -27.63618 12.943862 1260255603742
114.630005 93.645615 -0.87548375 -7.3730855 -27.63618 12.943862 1260255603761
114.630005 93.645615 -0.87548375 -5.481912 -7.8514276 13.264364 1260255603764
112.648506 92.31333 -0.43170956 -5.481912 -7.8514276 13.264364 1260255603779
112.648506 92.31333 -0.43170956 -2.7112808 -0.2389183 0.5524101 1260255603786
112.01608 91.997665 -0.21012408 -2.7112808 -0.2389183 0.5524101 1260255603798
112.01608 91.997665 -0.21012408 -1.6354858 1.5224986 -5.8172445 1260255603808
111.26528 93.597786 -0.7996179 -1.6354858 1.5224986 -5.8172445 1260255603820
111.26528 93.597786 -0.7996179 -7.926423 2.4167273 3.2038693 1260255603823
106.95202 96.967896 -2.209637 -7.926423 2.4167273 3.2038693 1260255603842
106.95202 96.967896 -2.209637 -10.128296 -5.521121 1.5864217 1260255603845
118.354416 100.9195 -4.1991553 -10.128296 -5.521121 1.5864217 1260255603864
118.354416 100.9195 -4.1991553 4.6828227 -4.148436 -8.729909 1260255603868
129.2867 104.723526 -6.6891975 4.6828227 -4.148436 -8.729909 1260255603878
129.2867 104.723526 -6.6891975 -9.4139805 8.124096 -8.544695 1260255603882
140.42236 108.13735 -9.404737 -9.4139805 8.124096 -8.544695 1260255603901
140.42236 108.13735 -9.404737 -7.0474186 -10.522673 -6.0923433 1260255603904
133.55124 111.130486 -12.1345005 -7.0474186 -10.522673 -6.0923433 1260255603919
133.55124 111.130486 -12.1345005 -3.7433348 7.2026405 -6.8522344 1260255603926
127.32368 113.72396 -14.627775 -3.7433348 7.2026405 -6.8522344 1260255603945
127.32368 113.72396 -14.627775 -16.489376 -8.280248 -7.158846 1260255603949
121.65749 116.08776 -16.546387 -16.489376 -8.280248 -7.158846 1260255604122
121.65749 116.08776 -16.546387 0.87199736 -4.1181507 2.364561 1260255604129
117.22462 118.083374 -17.369068 0.87199736 -4.1181507 2.364561 1260255604132
117.22462 118.083374 -17.369068 6.1779127 6.793005 -4.582753 1260255604135
118.41338 119.42921 -16.400614 6.1779127 6.793005 -4.582753 1260255604143
118.41338 119.42921 -16.400614 6.4487605 -4.3723536 -13.062574 1260255604147
121.392715 119.80775 -14.580583 6.4487605 -4.3723536 -13.062574 1260255604150
121.392715 119.80775 -14.580583 -5.488031 -12.055752 -8.811611 1260255604155
121.72308 119.41736 -12.851554 -5.488031 -12.055752 -8.811611 1260255604163
121.72308 119.41736 -12.851554 2.5140078 -14.675912 7.3275056 1260255604167
119.13693 117.14649 -11.408977 2.5140078 -14.675912 7.3275056 1260255604171
119.13693 117.14649 -11.408977 14.79033 -12.69444 -1.1980064 1260255604178
115.680084 114.98917 -10.2885275 14.79033 -12.69444 -1.1980064 1260255604182
115.680084 114.98917 -10.2885275 12.394965 -34.68764 7.293474 1260255604188
111.94608 112.78971 -9.374101 12.394965 -34.68764 7.293474 1260255604191
111.94608 112.78971 -9.374101 3.412615 -23.45608 -1.0195408 1260255604195
108.39878 110.65022 -8.555396 3.412615 -23.45608 -1.0195408 1260255604202
108.39878 110.65022 -8.555396 -4.558141 -17.985977 13.331079 1260255604206
105.27884 108.66771 -7.927626 -4.558141 -17.985977 13.331079 1260255604213
105.27884 108.66771 -7.927626 -8.220716 -30.590466 7.215663 1260255604224
103.064896 107.184326 -7.481245 -8.220716 -30.590466 7.215663 1260255604227
103.064896 107.184326 -7.481245 -8.88191 -20.679836 6.7185497 1260255604232
102.56165 106.62511 -7.2571826 -8.88191 -20.679836 6.7185497 1260255604235
102.56165 106.62511 -7.2571826 -8.732496 -11.3973675 4.101904 1260255604243
103.43357 107.443855 -7.1443233 -8.732496 -11.3973675 4.101904 1260255604247
103.43357 107.443855 -7.1443233 -8.387553 -15.3327675 -0.9003415 1260255604250
104.61189 109.52166 -7.037107 -8.387553 -15.3327675 -0.9003415 1260255604255
104.61189 109.52166 -7.037107 -7.6615534 -9.9511795 -16.111294 1260255604261
106.4313 112.34557 -6.7352514 -7.6615534 -9.9511795 -16.111294 1260255604269
106.4313 112.34557 -6.7352514 -4.47157 3.6689675 -5.791427 1260255604272
108.90973 115.42829 -6.398489 -4.47157 3.6689675 -5.791427 1260255604282
108.90973 115.42829 -6.398489 -1.0457519 -8.614175 -20.60048 1260255604286
112.71424 118.406876 -5.9785647 -1.0457519 -8.614175 -20.60048 1260255604289
112.71424 118.406876 -5.9785647 3.3479364 6.8645687 -9.398758 1260255604299
115.82853 121.08653 -5.5796366 3.3479364 6.8645687 -9.398758 1260255604306
115.82853 121.08653 -5.5796366 6.8029847 -11.71274 -14.954625 1260255604309
117.73711 123.33221 -5.2506547 6.8029847 -11.71274 -14.954625 1260255604321
117.73711 123.33221 -5.2506547 8.550474 3.80252 -16.716263 1260255604328
119.15025 125.11559 -4.988122 8.550474 3.80252 -16.716263 1260255604342
119.15025 125.11559 -4.988122 9.348091 0.24409819 -10.158153 1260255604349
119.59274 126.459816 -4.938716 9.348091 0.24409819 -10.158153 1260255604361
119.59274 126.459816 -4.938716 8.65113 -13.05091 -9.821106 1260255604363
119.713104 127.43683 -4.9917803 8.65113 -13.05091 -9.821106 1260255604379
119.713104 127.43683 -4.9917803 7.9762335 -16.995947 -11.412111 1260255604384
119.37745 128.01498 -5.2421913 7.9762335 -16.995947 -11.412111 1260255604400
119.37745 128.01498 -5.2421913 6.2499924 -15.50359 -12.896386 1260255604407
118.55858 128.06424 -5.6300817 6.2499924 -15.50359 -12.896386 1260255604419
118.55858 128.06424 -5.6300817 3.1355999 -16.558538 -13.206019 1260255604423
117.23065 127.411026 -6.048578 3.1355999 -16.558538 -13.206019 1260255604439
117.23065 127.411026 -6.048578 -0.8681798 -21.42931 -6.2774935 1260255604446
115.06912 126.34048 -6.496149 -0.8681798 -21.42931 -6.2774935 1260255604459
115.06912 126.34048 -6.496149 -5.653456 -19.757881 6.2144012 1260255604463
112.36567 123.72345 -6.8713417 -5.653456 -19.757881 6.2144012 1260255604481
112.36567 123.72345 -6.8713417 -9.400837 -6.6881247 -1.0101497 1260255604489
109.147385 120.887276 -7.2277746 -9.400837 -6.6881247 -1.0101497 1260255604500
109.147385 120.887276 -7.2277746 -12.666773 -27.554462 6.12898 1260255604512
105.74001 117.792915 -7.5663857 -12.666773 -27.554462 6.12898 1260255604523
105.74001 117.792915 -7.5663857 -14.832019 -9.21539 9.773547 1260255604527
102.35301 114.70327 -7.8880663 -14.832019 -9.21539 9.773547 1260255604539
102.35301 114.70327 -7.8880663 -15.446753 -29.243807 11.779713 1260255604546
99.03536 111.668106 -8.193663 -15.446753 -29.243807 11.779713 1260255604559
99.03536 111.668106 -8.193663 -14.78352 -8.944293 12.001912 1260255604562
95.93359 108.7847 -8.43398 -14.78352 -8.944293 12.001912 1260255604582
95.93359 108.7847 -8.43398 -12.7601595 -25.67141 13.095432 1260255604585
93.28691 106.39546 -8.612281 -12.7601595 -25.67141 13.095432 1260255604599
93.28691 106.39546 -8.612281 -10.533573 -10.385157 1.1296706 1260255604604
91.37257 104.52569 -8.731667 -10.533573 -10.385157 1.1296706 1260255604622
91.37257 104.52569 -8.731667 -8.863037 -4.984516 8.893983 1260255604630
