140.14413 28.008862 30.970364 -1.3456426 1.0764751 2.0177875 1260256633726
140.14413 28.008862 30.970364 2.4913654 -5.1318035 -0.7970619 1260256633730
136.58693 27.158419 31.871845 2.4913654 -5.1318035 -0.7970619 1260256633739
136.58693 27.158419 31.871845 11.806007 -10.642217 2.3858514 1260256633742
131.75758 26.200499 33.478252 11.806007 -10.642217 2.3858514 1260256633748
131.75758 26.200499 33.478252 16.825626 -9.798202 1.6111 1260256633751
139.7697 25.090473 36.10434 16.825626 -9.798202 1.6111 1260256633760
139.7697 25.090473 36.10434 -1.7203169 -0.14433065 -0.23473163 1260256633763
148.5812 15.435949 36.949123 -1.7203169 -0.14433065 -0.23473163 1260256633766
148.5812 15.435949 36.949123 0.74311256 -0.7397561 -12.069088 1260256633770
141.80214 7.1141515 36.701668 0.74311256 -0.7397561 -12.069088 1260256633778
141.80214 7.1141515 36.701668 -2.7438545 -2.1168633 -3.6076806 1260256633783
138.26204 0.3084436 35.466583 -2.7438545 -2.1168633 -3.6076806 1260256633807
138.26204 0.3084436 35.466583 -5.865516 3.7670267 -10.872625 1260256633810
135.54893 -0.4569786 31.643253 -5.865516 3.7670267 -10.872625 1260256633822
135.54893 -0.4569786 31.643253 -1.3462465 5.7542763 12.409098 1260256633831
131.87149 0.91587037 28.66109 -1.3462465 5.7542763 12.409098 1260256633834
131.87149 0.91587037 28.66109 -11.568993 -15.413326 7.16588 1260256633845
128.22792 3.020077 26.178036 -11.568993 -15.413326 7.16588 1260256633851
128.22792 3.020077 26.178036 -0.6070633 -18.730934 11.505388 1260256633854
124.61652 5.7190733 24.069134 -0.6070633 -18.730934 11.505388 1260256633866
124.61652 5.7190733 24.069134 -17.160751 -20.625317 18.69168 1260256633869
121.2857 9.13312 22.315678 -17.160751 -20.625317 18.69168 1260256633878
121.2857 9.13312 22.315678 -8.12352 -28.410536 14.494146 1260256633881
118.771416 13.626464 20.999893 -8.12352 -28.410536 14.494146 1260256633890
118.771416 13.626464 20.999893 6.606218 -30.35571 -5.6469936 1260256633893
117.23284 18.795141 19.899899 6.606218 -30.35571 -5.6469936 1260256633904
117.23284 18.795141 19.899899 8.298112 -16.410711 -3.6875076 1260256633908
117.0212 24.655384 19.004904 8.298112 -16.410711 -3.6875076 1260256633913
117.0212 24.655384 19.004904 2.17007 -6.965886 -3.4134884 1260256633922
117.22014 31.172615 18.104658 2.17007 -6.965886 -3.4134884 1260256633925
117.22014 31.172615 18.104658 -6.275638 -4.1359105 -6.7233562 1260256633929
113.909134 38.313984 16.999426 -6.275638 -4.1359105 -6.7233562 1260256633944
113.909134 38.313984 16.999426 -10.428052 -7.165028 -16.249708 1260256633947
117.813675 28.248283 15.4994545 -10.428052 -7.165028 -16.249708 1260256633951
117.813675 28.248283 15.4994545 -0.9133835 3.5311906 -2.4286604 1260256633967
120.82299 19.635868 13.624482 -0.9133835 3.5311906 -2.4286604 1260256633972
120.82299 19.635868 13.624482 4.1542687 -0.030460835 -4.9260206 1260256633985
124.58184 11.754074 11.143258 4.1542687 -0.030460835 -4.9260206 1260256633991
124.58184 11.754074 11.143258 -15.84972 14.127993 -3.6935124 1260256633994
133.00275 2.81637 7.436095 -15.84972 14.127993 -3.6935124 1260256634006
133.00275 2.81637 7.436095 1.6289506 -1.2380655 -6.9013276 1260256634011
128.4526 9.125552 5.36429 1.6289506 -1.2380655 -6.9013276 1260256634021
128.4526 9.125552 5.36429 -13.796904 -11.156401 -8.868616 1260256634029
125.779976 14.119275 4.7460756 -13.796904 -11.156401 -8.868616 1260256634041
125.779976 14.119275 4.7460756 -11.851112 -26.905588 -5.564817 1260256634044
123.740974 18.913311 4.658772 -11.851112 -26.905588 -5.564817 1260256634062
123.740974 18.913311 4.658772 -8.410262 -24.950317 -9.390974 1260256634066
122.40392 23.717646 4.8758335 -8.410262 -24.950317 -9.390974 1260256634078
122.40392 23.717646 4.8758335 -5.3653617 -15.693257 -10.826058 1260256634083
123.03373 28.731764 5.1820416 -5.3653617 -15.693257 -10.826058 1260256634098
123.03373 28.731764 5.1820416 -3.6040397 -17.273762 -17.422548 1260256634102
123.88204 33.945175 5.2729397 -3.6040397 -17.273762 -17.422548 1260256634120
123.88204 33.945175 5.2729397 -5.330996 -22.849033 -19.790714 1260256634123
124.63794 39.447918 5.209293 -5.330996 -22.849033 -19.790714 1260256634143
124.63794 39.447918 5.209293 -7.184678 -21.34502 -16.626831 1260256634148
124.50604 45.075523 4.898828 -7.184678 -21.34502 -16.626831 1260256634158
124.50604 45.075523 4.898828 -9.916198 -16.017647 -12.771807 1260256634163
119.93074 51.021748 3.8038867 -9.916198 -16.017647 -12.771807 1260256634179
119.93074 51.021748 3.8038867 -8.968285 -9.394442 -14.651756 1260256634182
114.5342 48.57066 -0.03630778 -8.968285 -9.394442 -14.651756 1260256634202
114.5342 48.57066 -0.03630778 -6.730061 9.520416 0.6953018 1260256634206
110.90749 46.592125 -1.6844923 -6.730061 9.520416 0.6953018 1260256634218
110.90749 46.592125 -1.6844923 -18.09962 -7.2573605 13.597978 1260256634228
107.61212 45.11252 -2.8002677 -18.09962 -7.2573605 13.597978 1260256634424
107.61212 45.11252 -2.8002677 -12.596729 -15.701579 15.702332 1260256634431
104.481514 44.306892 -3.6602542 -12.596729 -15.701579 15.702332 1260256634434
104.481514 44.306892 -3.6602542 -4.131391 -15.710669 13.221918 1260256634445
101.60744 44.34155 -4.3272414 -4.131391 -15.710669 13.221918 1260256634449
101.60744 44.34155 -4.3272414 2.149325 -20.007767 11.508369 1260256634460
99.37707 45.474472 -4.7608795 2.149325 -20.007767 11.508369 1260256634466
99.37707 45.474472 -4.7608795 5.566173 -26.441032 5.5807896 1260256634469
99.608215 48.800747 -4.5228357 5.566173 -26.441032 5.5807896 1260256634478
99.608215 48.800747 -4.5228357 9.501884 -5.3464127 -6.256531 1260256634481
102.727806 53.16071 -3.7466938 9.501884 -5.3464127 -6.256531 1260256634487
102.727806 53.16071 -3.7466938 9.374762 -16.7595 -6.825286 1260256634490
107.341415 57.952675 -2.7593591 9.374762 -16.7595 -6.825286 1260256634493
107.341415 57.952675 -2.7593591 3.1956964 -22.7804 -21.817492 1260256634501
112.17435 62.755043 -1.8213911 3.1956964 -22.7804 -21.817492 1260256634505
112.17435 62.755043 -1.8213911 -2.0435681 -10.893398 -24.937475 1260256634509
116.01563 67.21729 -1.0803216 -2.0435681 -10.893398 -24.937475 1260256634514
116.01563 67.21729 -1.0803216 -3.7141056 -0.56665134 -19.747417 1260256634524
116.21485 71.05643 -1.1763055 -3.7141056 -0.56665134 -19.747417 1260256634528
116.21485 71.05643 -1.1763055 -9.646581 -15.917641 -10.694047 1260256634534
112.75411 69.25361 -3.5174904 -9.646581 -15.917641 -10.694047 1260256634548
112.75411 69.25361 -3.5174904 -3.171657 -6.5974813 -5.9093103 1260256634551
109.56641 66.84093 -4.941616 -3.171657 -6.5974813 -5.9093103 1260256634560
109.56641 66.84093 -4.941616 -0.7669487 0.48724556 13.283411 1260256634569
106.48808 64.59888 -6.044535 -0.7669487 0.48724556 13.283411 1260256634572
106.48808 64.59888 -6.044535 -10.105123 -20.058735 20.249264 1260256634583
103.56368 62.81893 -6.892308 -10.105123 -20.058735 20.249264 1260256634587
103.56368 62.81893 -6.892308 -17.143488 -13.984054 31.13691 1260256634592
100.8855 61.727985 -7.6476927 -17.143488 -13.984054 31.13691 1260256634603
100.8855 61.727985 -7.6476927 -19.126461 -8.08379 17.888163 1260256634607
98.99123 61.741585 -8.415308 -19.126461 -8.08379 17.888163 1260256634610
98.99123 61.741585 -8.415308 -15.719278 -8.308034 2.6962547 1260256634622
99.24167 64.35451 -8.5945425 -15.719278 -8.308034 2.6962547 1260256634630
99.24167 64.35451 -8.5945425 -10.951639 -26.732357 -6.719759 1260256634633
101.629585 67.73678 -8.114816 -10.951639 -26.732357 -6.719759 1260256634643
101.629585 67.73678 -8.114816 -8.923703 -8.359942 -16.84163 1260256634652
105.2981 71.54994 -7.309075 -8.923703 -8.359942 -16.84163 1260256634664
105.2981 71.54994 -7.309075 -4.240135 -24.287706 -28.080183 1260256634667
109.1332 75.372444 -6.4936213 -4.240135 -24.287706 -28.080183 1260256634671
109.1332 75.372444 -6.4936213 2.6927948 -15.819399 -15.957526 1260256634679
111.87654 79.053825 -5.91894 2.6927948 -15.819399 -15.957526 1260256634685
111.87654 79.053825 -5.91894 5.5751057 -7.6442304 -29.003597 1260256634688
111.43272 82.25114 -6.122993 5.5751057 -7.6442304 -29.003597 1260256634701
111.43272 82.25114 -6.122993 -1.1608906 -14.248337 -3.6351862 1260256634710
108.41108 80.98858 -7.366843 -1.1608906 -14.248337 -3.6351862 1260256634713
108.41108 80.98858 -7.366843 -15.279514 -4.677709 5.7770705 1260256634722
105.09052 79.08915 -7.898501 -15.279514 -4.677709 5.7770705 1260256634725
105.09052 79.08915 -7.898501 -16.954594 -10.573878 15.79021 1260256634731
101.836 77.334694 -8.103576 -16.954594 -10.573878 15.79021 1260256634741
101.836 77.334694 -8.103576 -15.707204 -30.699444 22.086094 1260256634750
98.7442 76.01796 -8.048397 -15.707204 -30.699444 22.086094 1260256634761
98.7442 76.01796 -8.048397 -13.606137 -30.794338 18.685017 1260256634766
96.05699 75.217064 -7.895977 -13.606137 -30.794338 18.685017 1260256634772
96.05699 75.217064 -7.895977 -11.848032 -19.727238 11.79913 1260256634788
95.35414 76.15621 -7.701178 -11.848032 -19.727238 11.79913 1260256634791
95.35414 76.15621 -7.701178 -10.693719 -22.482248 1.0696496 1260256634794
98.33643 78.9484 -7.066119 -10.693719 -22.482248 1.0696496 1260256634804
98.33643 78.9484 -7.066119 -5.6322365 -7.697256 -16.630995 1260256634808
103.519615 82.60098 -6.0628133 -5.6322365 -7.697256 -16.630995 1260256634826
103.519615 82.60098 -6.0628133 6.8548484 -17.75084 -12.6861105 1260256634830
109.04363 86.32093 -5.1096725 6.8548484 -17.75084 -12.6861105 1260256634839
109.04363 86.32093 -5.1096725 15.002443 -0.332304 -23.226337 1260256634847
113.39145 89.60488 -4.3041887 15.002443 -0.332304 -23.226337 1260256634858
113.39145 89.60488 -4.3041887 13.571237 -20.863312 -19.710936 1260256634861
114.77187 91.67464 -4.038979 13.571237 -20.863312 -19.710936 1260256634878
114.77187 91.67464 -4.038979 8.028405 -6.42428 -5.146329 1260256634887
111.63328 90.39091 -4.73703 8.028405 -6.42428 -5.146329 1260256634901
111.63328 90.39091 -4.73703 5.465754 -19.434551 3.495215 1260256634907
107.90161 88.12136 -5.3501787 5.465754 -19.434551 3.495215 1260256634920
107.90161 88.12136 -5.3501787 1.4855113 -16.948261 20.024076 1260256634926
104.20653 85.715294 -5.8326697 1.4855113 -16.948261 20.024076 1260256634945
104.20653 85.715294 -5.8326697 -2.84261 -9.981687 14.212445 1260256634951
100.6462 83.62953 -6.191036 -2.84261 -9.981687 14.212445 1260256634963
100.6462 83.62953 -6.191036 -4.4237723 -25.455017 12.503893 1260256634967
98.06389 82.898056 -6.4814844 -4.4237723 -25.455017 12.503893 1260256634985
98.06389 82.898056 -6.4814844 -4.8726153 -22.689594 7.717718 1260256634988
100.21069 84.703156 -6.15741 -4.8726153 -22.689594 7.717718 1260256635168
100.21069 84.703156 -6.15741 1.134007 -14.846512 -17.280243 1260256635184
104.90016 87.318 -5.3495398 1.134007 -14.846512 -17.280243 1260256635188
104.90016 87.318 -5.3495398 11.922424 -10.276756 -12.467541 1260256635194
110.05515 89.7521 -4.4320626 11.922424 -10.276756 -12.467541 1260256635200
110.05515 89.7521 -4.4320626 16.336596 -30.287334 -20.092705 1260256635206
114.95239 91.81449 -3.5604594 16.336596 -30.287334 -20.092705 1260256635209
114.95239 91.81449 -3.5604594 11.122971 -17.242325 -12.350866 1260256635217
118.754776 93.373764 -2.8324363 11.122971 -17.242325 -12.350866 1260256635220
118.754776 93.373764 -2.8324363 2.1667917 -15.012317 -19.761177 1260256635224
119.21704 94.30508 -2.5908146 2.1667917 -15.012317 -19.761177 1260256635230
119.21704 94.30508 -2.5908146 -4.393335 -19.64331 -16.127888 1260256635233
116.50619 94.93982 -3.2612739 -4.393335 -19.64331 -16.127888 1260256635241
116.50619 94.93982 -3.2612739 -3.0658503 -20.582073 -8.649226 1260256635244
112.33088 92.14283 -4.99821 -3.0658503 -20.582073 -8.649226 1260256635248
112.33088 92.14283 -4.99821 1.0122852 -0.15958023 4.8450294 1260256635253
108.06434 88.03569 -6.8982997 1.0122852 -0.15958023 4.8450294 1260256635261
108.06434 88.03569 -6.8982997 -17.08258 -3.66539 19.942179 1260256635265
104.01112 83.6339 -8.653385 -17.08258 -3.66539 19.942179 1260256635278
104.01112 83.6339 -8.653385 -19.744007 -8.999385 17.0956 1260256635281
99.96056 79.502205 -10.420716 -19.744007 -8.999385 17.0956 1260256635287
99.96056 79.502205 -10.420716 -4.4012213 7.7826924 16.284494 1260256635290
96.11253 76.77709 -12.44968 -4.4012213 7.7826924 16.284494 1260256635299
96.11253 76.77709 -12.44968 -8.7201605 -15.027333 7.7270255 1260256635302
94.95691 78.488235 -12.777196 -8.7201605 -15.027333 7.7270255 1260256635307
94.95691 78.488235 -12.777196 -6.9950027 -14.547847 -11.899348 1260256635311
97.85906 80.163826 -11.988337 -6.9950027 -14.547847 -11.899348 1260256635314
97.85906 80.163826 -11.988337 6.389655 -10.821458 -7.885471 1260256635322
102.91611 82.15563 -10.88892 6.389655 -10.821458 -7.885471 1260256635327
102.91611 82.15563 -10.88892 14.824703 -28.746603 -13.86744 1260256635338
108.2203 84.04785 -9.694474 14.824703 -28.746603 -13.86744 1260256635344
108.2203 84.04785 -9.694474 9.285069 -31.851606 -5.9196744 1260256635348
112.65929 85.74546 -8.559751 9.285069 -31.851606 -5.9196744 1260256635351
112.65929 85.74546 -8.559751 -1.4931955 -14.88003 -6.6764784 1260256635359
115.076324 87.15819 -7.631763 -1.4931955 -14.88003 -6.6764784 1260256635368
115.076324 87.15819 -7.631763 -5.922394 -12.062902 -6.282384 1260256635371
115.122505 88.10028 -6.850175 -5.922394 -12.062902 -6.282384 1260256635374
115.122505 88.10028 -6.850175 -2.8935921 -17.996956 3.8865027 1260256635391
113.81638 88.545265 -6.457666 -2.8935921 -17.996956 3.8865027 1260256635394
113.81638 88.545265 -6.457666 -1.3879793 -19.091824 6.4076405 1260256635402
111.67557 88.068 -6.634783 -1.3879793 -19.091824 6.4076405 1260256635408
111.67557 88.068 -6.634783 -5.077644 -10.641165 9.859584 1260256635425
108.69179 86.2146 -7.9530435 -5.077644 -10.641165 9.859584 1260256635430
108.69179 86.2146 -7.9530435 -13.824438 3.8408031 2.6380372 1260256635440
105.3572 82.15387 -10.255391 -13.824438 3.8408031 2.6380372 1260256635450
105.3572 82.15387 -10.255391 0.8069773 -5.208891 -1.3361049 1260256635453
102.78934 77.24618 -12.092622 0.8069773 -5.208891 -1.3361049 1260256635466
102.78934 77.24618 -12.092622 -3.2925887 -6.511249 4.1515923 1260256635473
100.14987 72.53387 -14.037991 -3.2925887 -6.511249 4.1515923 1260256635486
100.14987 72.53387 -14.037991 -19.558495 6.414217 5.9858522 1260256635490
96.74238 68.307175 -16.33609 -19.558495 6.414217 5.9858522 1260256635507
96.74238 68.307175 -16.33609 -5.81852 9.889355 0.71764374 1260256635510
92.15526 64.84181 -19.319286 -5.81852 9.889355 0.71764374 1260256635519
92.15526 64.84181 -19.319286 -17.892834 -8.52955 -0.269531 1260256635522
87.597496 62.24972 -22.203321 -17.892834 -8.52955 -0.269531 1260256635541
87.597496 62.24972 -22.203321 -12.332979 2.1736934 -7.525593 1260256635544
83.86762 66.68723 -24.093155 -12.332979 2.1736934 -7.525593 1260256635559
83.86762 66.68723 -24.093155 -4.122072 -0.5711665 -5.4687343 1260256635566
81.42424 69.80287 -24.788498 -4.122072 -0.5711665 -5.4687343 1260256635578
81.42424 69.80287 -24.788498 -5.8863873 -17.81259 5.029952 1260256635581
79.10303 71.66273 -24.399073 -5.8863873 -17.81259 5.029952 1260256635600
79.10303 71.66273 -24.399073 1.3999572 -22.645723 -7.367095 1260256635603
92.74788 72.87959 -23.479118 1.3999572 -22.645723 -7.367095 1260256635620
92.74788 72.87959 -23.479118 7.423704 -16.31998 -0.008924961 1260256635628
104.410484 73.535614 -22.505163 7.423704 -16.31998 -0.008924961 1260256635645
104.410484 73.535614 -22.505163 3.006929 -15.1581745 3.0543275 1260256635649
114.68996 74.008835 -21.729904 3.006929 -15.1581745 3.0543275 1260256635658
114.68996 74.008835 -21.729904 -5.391446 -15.068123 -0.49585617 1260256635661
120.95546 74.308395 -21.14341 -5.391446 -15.068123 -0.49585617 1260256635679
120.95546 74.308395 -21.14341 -11.365907 -14.820555 -1.4608585 1260256635682
122.807686 74.49297 -20.586239 -11.365907 -14.820555 -1.4608585 1260256635699
122.807686 74.49297 -20.586239 -13.737953 -14.315621 0.86674094 1260256635707
124.2673 74.618324 -20.106926 -13.737953 -14.315621 0.86674094 1260256635718
124.2673 74.618324 -20.106926 -13.395055 -13.389259 4.286658 1260256635721
125.80394 74.78741 -19.60158 -13.395055 -13.389259 4.286658 1260256635739
125.80394 74.78741 -19.60158 -9.9362 -13.134559 8.001279 1260256635743
127.06374 74.89803 -19.171501 -9.9362 -13.134559 8.001279 1260256635763
127.06374 74.89803 -19.171501 -6.1654205 -11.399242 10.07806 1260256635924
