216.87999 -3.772698 32.01155 12.258664 -5.4183555 4.1560354 1260261305706
216.87999 -3.772698 32.01155 11.981338 -5.414618 3.6791058 1260261305712
207.486 -3.684063 31.960974 11.981338 -5.414618 3.6791058 1260261305715
207.486 -3.684063 31.960974 10.937643 -4.60981 2.5343676 1260261305718
198.9117 -3.7998598 31.812925 10.937643 -4.60981 2.5343676 1260261305726
198.9117 -3.7998598 31.812925 8.719759 -5.0008345 1.5267701 1260261305730
191.01611 -4.3598666 31.622278 8.719759 -5.0008345 1.5267701 1260261305735
191.01611 -4.3598666 31.622278 6.09403 -7.0317125 3.9750614 1260261305738
183.66531 -5.591873 31.441164 6.09403 -7.0317125 3.9750614 1260261305771
183.66531 -5.591873 31.441164 3.448083 -2.9927132 12.587144 1260261305776
176.88205 -8.0122795 31.369106 3.448083 -2.9927132 12.587144 1260261305784
176.88205 -8.0122795 31.369106 1.7478255 13.259623 -0.16750026 1260261305787
172.13794 -14.811666 30.300652 1.7478255 13.259623 -0.16750026 1260261305793
172.13794 -14.811666 30.300652 -7.5340195 11.889926 -8.44023 1260261305796
168.38104 -22.071083 28.985619 -7.5340195 11.889926 -8.44023 1260261305807
168.38104 -22.071083 28.985619 -5.403228 3.998218 -6.016013 1260261305811
165.21199 -29.167528 27.686338 -5.403228 3.998218 -6.016013 1260261305818
165.21199 -29.167528 27.686338 6.375808 -1.750977 -14.773665 1260261305827
163.3514 -35.909153 26.302021 6.375808 -1.750977 -14.773665 1260261305830
163.3514 -35.909153 26.302021 8.857155 -2.9733338 -24.286924 1260261305834
164.63382 -42.413696 24.58692 8.857155 -2.9733338 -24.286924 1260261305844
164.63382 -42.413696 24.58692 -8.124717 -4.624244 -20.35765 1260261305851
173.25214 -31.743011 21.407574 -8.124717 -4.624244 -20.35765 1260261305855
173.25214 -31.743011 21.407574 -3.9845147 0.8467431 -18.92681 1260261305860
165.53954 -28.105862 17.887196 -3.9845147 0.8467431 -18.92681 1260261305868
165.53954 -28.105862 17.887196 -20.735485 -9.443734 -5.3043 1260261305875
158.46255 -24.100569 15.542836 -20.735485 -9.443734 -5.3043 1260261305887
158.46255 -24.100569 15.542836 -10.415866 -28.01215 4.1942925 1260261305891
151.53943 -20.095541 13.865694 -10.415866 -28.01215 4.1942925 1260261305903
151.53943 -20.095541 13.865694 -0.32469463 -16.318687 15.031036 1260261305913
144.76245 -15.990764 12.772409 -0.32469463 -16.318687 15.031036 1260261305923
144.76245 -15.990764 12.772409 -2.08118 -28.109358 3.5505905 1260261305927
138.22433 -11.541225 11.9837885 -2.08118 -28.109358 3.5505905 1260261305945
138.22433 -11.541225 11.9837885 -6.549513 -32.06272 11.3704405 1260261305948
132.31311 -6.1141644 11.434599 -6.549513 -32.06272 11.3704405 1260261305968
132.31311 -6.1141644 11.434599 -8.3803005 -22.392319 1.7498772 1260261305972
136.34746 0.44154388 11.312869 -8.3803005 -22.392319 1.7498772 1260261305984
136.34746 0.44154388 11.312869 -5.8921056 -22.316574 -9.235193 1260261305988
140.68008 7.5694666 11.347225 -5.8921056 -22.316574 -9.235193 1260261306004
140.68008 7.5694666 11.347225 -3.9019775 -24.524605 -18.611317 1260261306007
145.49608 14.940993 11.429864 -3.9019775 -24.524605 -18.611317 1260261306026
145.49608 14.940993 11.429864 -2.6521387 -18.487034 -27.676306 1260261306030
149.77127 22.143944 11.358371 -2.6521387 -18.487034 -27.676306 1260261306044
149.77127 22.143944 11.358371 -4.585662 -7.4706154 -26.605614 1260261306053
151.43271 29.136747 10.890452 -4.585662 -7.4706154 -26.605614 1260261306068
151.43271 29.136747 10.890452 -9.132986 1.3131104 -17.677591 1260261306071
145.51108 36.22991 9.34593 -9.132986 1.3131104 -17.677591 1260261306084
145.51108 36.22991 9.34593 -3.09627 7.992442 -11.342308 1260261306087
155.73552 34.518417 4.5786333 -3.09627 7.992442 -11.342308 1260261306108
155.73552 34.518417 4.5786333 -19.58722 -0.77809036 1.8507156 1260261306112
165.59874 32.742496 1.7997017 -19.58722 -0.77809036 1.8507156 1260261306123
165.59874 32.742496 1.7997017 -3.2587566 -9.141433 9.813753 1260261306128
174.8688 31.255371 -0.39028352 -3.2587566 -9.141433 9.813753 1260261306144
174.8688 31.255371 -0.39028352 -17.416866 0.626888 24.337482 1260261306149
183.52536 30.592602 -2.4707694 -17.416866 0.626888 24.337482 1260261306168
183.52536 30.592602 -2.4707694 -20.597654 0.40448475 9.518875 1260261306175
191.59909 31.112972 -4.247231 -20.597654 0.40448475 9.518875 1260261306185
191.59909 31.112972 -4.247231 -3.159048 -9.579735 4.071818 1260261306188
198.81914 32.607323 -5.4348693 -3.159048 -9.579735 4.071818 1260261306204
198.81914 32.607323 -5.4348693 -2.9589572 -28.048996 3.939137 1260261306209
204.52818 36.626957 -6.2131257 -2.9589572 -28.048996 3.939137 1260261306223
204.52818 36.626957 -6.2131257 -8.521333 -14.69773 1.1202741 1260261306226
208.30177 40.49561 -6.6024694 -8.521333 -14.69773 1.1202741 1260261306251
208.30177 40.49561 -6.6024694 -9.62748 -28.254063 -17.47316 1260261306431
210.53668 44.42083 -6.772346 -9.62748 -28.254063 -17.47316 1260261306444
210.53668 44.42083 -6.772346 -9.167692 -28.064901 -4.7258 1260261306450
211.45985 48.649788 -6.733729 -9.167692 -28.064901 -4.7258 1260261306454
211.45985 48.649788 -6.733729 -7.2503147 -12.097775 -17.761906 1260261306457
212.08687 53.0173 -6.5470424 -7.2503147 -12.097775 -17.761906 1260261306465
212.08687 53.0173 -6.5470424 -3.9315546 -24.522083 -30.067062 1260261306473
212.43253 57.366436 -6.26969 -3.9315546 -24.522083 -30.067062 1260261306476
212.43253 57.366436 -6.26969 -0.48066598 -27.022377 -16.86207 1260261306479
212.2109 61.598114 -6.0562057 -0.48066598 -27.022377 -16.86207 1260261306488
212.2109 61.598114 -6.0562057 0.99313784 -9.31596 -20.732246 1260261306491
210.95036 65.61821 -6.0533953 0.99313784 -9.31596 -20.732246 1260261306495
210.95036 65.61821 -6.0533953 -0.80516124 -20.338646 -30.752792 1260261306500
207.95285 69.4873 -6.4007254 -0.80516124 -20.338646 -30.752792 1260261306508
207.95285 69.4873 -6.4007254 -6.719964 -18.301676 -9.512361 1260261306512
202.5052 73.312935 -7.330689 -6.719964 -18.301676 -9.512361 1260261306516
202.5052 73.312935 -7.330689 -17.314533 -3.4273472 -17.474083 1260261306524
195.02994 77.19729 -8.914155 -17.314533 -3.4273472 -17.474083 1260261306527
195.02994 77.19729 -8.914155 -16.43486 -18.725899 -9.46546 1260261306533
186.27844 81.18742 -11.1684475 -16.43486 -18.725899 -9.46546 1260261306538
186.27844 81.18742 -11.1684475 -4.1979666 -1.9729319 -6.1295714 1260261306548
177.16452 85.32805 -14.260025 -4.1979666 -1.9729319 -6.1295714 1260261306554
177.16452 85.32805 -14.260025 -26.002447 0.15165901 -0.7604643 1260261306557
168.75629 81.86165 -16.647024 -26.002447 0.15165901 -0.7604643 1260261306564
168.75629 81.86165 -16.647024 -10.138323 -7.504586 1.8656912 1260261306569
161.06847 78.818565 -18.114674 -10.138323 -7.504586 1.8656912 1260261306573
161.06847 78.818565 -18.114674 -11.911913 -6.3746505 8.727814 1260261306578
153.91504 76.12764 -19.10894 -11.911913 -6.3746505 8.727814 1260261306584
153.91504 76.12764 -19.10894 -21.43222 -19.252462 27.220222 1260261306589
147.01929 73.82126 -20.003492 -21.43222 -19.252462 27.220222 1260261306593
147.01929 73.82126 -20.003492 -27.17118 -5.373254 19.207455 1260261306596
140.41832 71.980194 -20.953318 -27.17118 -5.373254 19.207455 1260261306607
140.41832 71.980194 -20.953318 -24.553652 -18.024841 17.715946 1260261306616
134.1974 70.53118 -22.005651 -24.553652 -18.024841 17.715946 1260261306619
134.1974 70.53118 -22.005651 -13.982178 -24.202328 4.796811 1260261306628
128.68753 73.55462 -22.905369 -13.982178 -24.202328 4.796811 1260261306631
128.68753 73.55462 -22.905369 -3.773983 -4.046568 0.7400715 1260261306634
125.85316 76.626884 -22.9601 -3.773983 -4.046568 0.7400715 1260261306649
125.85316 76.626884 -22.9601 1.077209 -21.572031 -11.831583 1260261306653
126.5105 80.09554 -22.162096 1.077209 -21.572031 -11.831583 1260261306658
126.5105 80.09554 -22.162096 -0.8662472 -1.9963341 -17.438343 1260261306664
129.78497 83.940765 -20.903992 -0.8662472 -1.9963341 -17.438343 1260261306672
129.78497 83.940765 -20.903992 -7.1914043 -18.38174 -21.975092 1260261306675
134.89572 87.84373 -19.458792 -7.1914043 -18.38174 -21.975092 1260261306688
134.89572 87.84373 -19.458792 -1.2494497 -8.379868 -20.896933 1260261306696
139.60094 91.50154 -18.085852 -1.2494497 -8.379868 -20.896933 1260261306705
139.60094 91.50154 -18.085852 10.468811 -5.1333838 -32.94217 1260261306709
141.77089 95.02647 -17.13156 10.468811 -5.1333838 -32.94217 1260261306724
141.77089 95.02647 -17.13156 9.966425 -14.156249 -22.883823 1260261306729
138.73235 97.92514 -17.27498 9.966425 -14.156249 -22.883823 1260261306746
138.73235 97.92514 -17.27498 4.33817 -1.9979424 -12.893865 1260261306754
132.49573 95.32888 -18.61123 4.33817 -1.9979424 -12.893865 1260261306765
132.49573 95.32888 -18.61123 -8.065166 -19.353859 4.588176 1260261306768
126.07094 92.762436 -19.28067 -8.065166 -19.353859 4.588176 1260261306783
126.07094 92.762436 -19.28067 -16.33995 -6.457593 12.323561 1260261306790
119.96739 90.274315 -19.516636 -16.33995 -6.457593 12.323561 1260261306804
119.96739 90.274315 -19.516636 -18.471344 -28.042368 13.828654 1260261306811
114.219025 88.0106 -19.490805 -18.471344 -28.042368 13.828654 1260261306823
114.219025 88.0106 -19.490805 -16.17293 -23.15579 27.894068 1260261306828
108.75807 86.11007 -19.316265 -16.17293 -23.15579 27.894068 1260261306846
108.75807 86.11007 -19.316265 -11.805357 -10.681834 12.886521 1260261306849
103.72017 84.70457 -19.250452 -11.805357 -10.681834 12.886521 1260261306863
103.72017 84.70457 -19.250452 -9.721998 -17.434265 -0.4742899 1260261306870
99.73416 84.069336 -19.18793 -9.721998 -17.434265 -0.4742899 1260261306886
99.73416 84.069336 -19.18793 -7.666132 -20.46285 -5.978068 1260261306894
103.89745 86.31587 -18.278532 -7.666132 -20.46285 -5.978068 1260261306903
103.89745 86.31587 -18.278532 5.133395 -1.7525539 -9.84922 1260261306907
109.852585 89.15008 -16.914606 5.133395 -1.7525539 -9.84922 1260261306927
109.852585 89.15008 -16.914606 12.467115 -21.639435 -17.860569 1260261306930
116.45995 92.19257 -15.418876 12.467115 -21.639435 -17.860569 1260261306944
116.45995 92.19257 -15.418876 2.885923 -3.9399319 -16.995975 1260261306951
123.136955 95.182945 -13.947932 2.885923 -3.9399319 -16.995975 1260261306963
123.136955 95.182945 -13.947932 -3.2234917 -19.899181 -20.929674 1260261306973
128.0301 97.4738 -12.800535 -3.2234917 -19.899181 -20.929674 1260261306985
128.0301 97.4738 -12.800535 0.92688346 -12.385322 -25.61146 1260261306989
130.0786 98.80011 -12.310509 0.92688346 -12.385322 -25.61146 1260261307004
130.0786 98.80011 -12.310509 1.5948548 -3.5370016 -10.445988 1260261307192
124.774666 97.210106 -12.794983 1.5948548 -3.5370016 -10.445988 1260261307198
124.774666 97.210106 -12.794983 -8.009584 -15.885337 -7.7984796 1260261307210
118.88593 94.3496 -13.605234 -8.009584 -15.885337 -7.7984796 1260261307216
118.88593 94.3496 -13.605234 -17.830338 -13.663057 16.617455 1260261307219
113.09164 90.93212 -14.524973 -17.830338 -13.663057 16.617455 1260261307227
113.09164 90.93212 -14.524973 -21.820908 -12.021466 20.90693 1260261307231
125.287056 87.13551 -15.798724 -21.820908 -12.021466 20.90693 1260261307234
125.287056 87.13551 -15.798724 -14.775164 0.7151203 10.990692 1260261307239
136.2227 83.02874 -17.808788 -14.775164 0.7151203 10.990692 1260261307248
136.2227 83.02874 -17.808788 -8.978679 -11.367832 12.770598 1260261307252
146.16156 79.027306 -20.81835 -8.978679 -11.367832 12.770598 1260261307255
146.16156 79.027306 -20.81835 -27.843721 3.4326797 7.142226 1260261307263
155.65349 83.67594 -23.877432 -27.843721 3.4326797 7.142226 1260261307267
155.65349 83.67594 -23.877432 -10.051808 -11.562006 -2.0674784 1260261307273
165.52081 87.49214 -25.83356 -10.051808 -11.562006 -2.0674784 1260261307276
165.52081 87.49214 -25.83356 -23.808002 -2.3777137 1.1943727 1260261307279
168.29477 90.11753 -26.641884 -23.808002 -2.3777137 1.1943727 1260261307289
168.29477 90.11753 -26.641884 -23.401728 -21.288595 -8.272653 1260261307293
171.73003 91.91165 -26.609789 -23.401728 -21.288595 -8.272653 1260261307297
171.73003 91.91165 -26.609789 -19.522755 -10.680017 -9.229986 1260261307304
175.44353 93.41607 -26.0793 -19.522755 -10.680017 -9.229986 1260261307312
175.44353 93.41607 -26.0793 -14.298889 -12.029762 -6.275158 1260261307320
179.17136 94.64526 -25.475334 -14.298889 -12.029762 -6.275158 1260261307328
179.17136 94.64526 -25.475334 -8.3180275 -22.35811 0.07986641 1260261307332
182.66278 95.713 -24.951567 -8.3180275 -22.35811 0.07986641 1260261307335
182.66278 95.713 -24.951567 -3.137512 -26.784485 -5.671746 1260261307343
185.87964 96.677345 -24.503988 -3.137512 -26.784485 -5.671746 1260261307346
185.87964 96.677345 -24.503988 0.79231215 -22.570375 -11.584531 1260261307352
188.33566 97.74348 -24.42879 0.79231215 -22.570375 -11.584531 1260261307355
188.33566 97.74348 -24.42879 -0.8350167 -13.096086 -12.046487 1260261307358
189.21889 99.20631 -24.60735 -0.8350167 -13.096086 -12.046487 1260261307369
189.21889 99.20631 -24.60735 -3.025453 -4.142954 -4.458336 1260261307372
187.85794 101.14599 -24.876982 -3.025453 -4.142954 -4.458336 1260261307384
187.85794 101.14599 -24.876982 -5.679382 -16.632383 -1.3000312 1260261307391
184.86504 103.63869 -25.033133 -5.679382 -16.632383 -1.3000312 1260261307394
184.86504 103.63869 -25.033133 -7.2521386 -8.69476 -22.72602 1260261307399
181.17178 106.556755 -24.831476 -7.2521386 -8.69476 -22.72602 1260261307413
181.17178 106.556755 -24.831476 -3.5481055 -2.926187 -6.4496365 1260261307417
176.6632 109.47892 -24.739902 -3.5481055 -2.926187 -6.4496365 1260261307425
176.6632 109.47892 -24.739902 -3.426361 -9.36026 -24.210999 1260261307428
170.13004 112.45497 -25.202908 -3.426361 -9.36026 -24.210999 1260261307436
170.13004 112.45497 -25.202908 -10.779744 2.588579 -6.6374373 1260261307438
162.22353 115.33222 -26.642763 -10.779744 2.588579 -6.6374373 1260261307449
162.22353 115.33222 -26.642763 -23.470356 -10.72738 -9.73766 1260261307453
171.31235 117.86561 -29.060625 -23.470356 -10.72738 -9.73766 1260261307464
171.31235 117.86561 -29.060625 -8.782049 5.7939396 -1.4763348 1260261307471
179.69673 113.07233 -30.807594 -8.782049 5.7939396 -1.4763348 1260261307483
179.69673 113.07233 -30.807594 -10.512175 -6.537872 11.934807 1260261307486
187.6619 108.86871 -31.767214 -10.512175 -6.537872 11.934807 1260261307507
187.6619 108.86871 -31.767214 -18.599794 -18.454851 3.9332867 1260261307511
195.3788 105.025276 -32.178852 -18.599794 -18.454851 3.9332867 1260261307524
195.3788 105.025276 -32.178852 -19.684273 -1.3011494 9.649743 1260261307529
202.90987 101.624016 -32.31991 -19.684273 -1.3011494 9.649743 1260261307544
202.90987 101.624016 -32.31991 -18.515354 -20.116583 13.192738 1260261307549
210.11438 98.34281 -32.15391 -18.515354 -20.116583 13.192738 1260261307565
210.11438 98.34281 -32.15391 -15.691818 -2.9324884 7.8569436 1260261307568
216.90866 95.32567 -31.696217 -15.691818 -2.9324884 7.8569436 1260261307585
216.90866 95.32567 -31.696217 -9.88894 -19.665897 16.891665 1260261307588
223.26323 92.70939 -31.161406 -9.88894 -19.665897 16.891665 1260261307604
223.26323 92.70939 -31.161406 -3.770657 -1.8914032 11.2035675 1260261307609
229.00006 90.52392 -30.703335 -3.770657 -1.8914032 11.2035675 1260261307623
229.00006 90.52392 -30.703335 0.50960016 -17.56581 2.469101 1260261307627
229.80006 88.89772 -30.118168 0.50960016 -17.56581 2.469101 1260261307647
229.80006 88.89772 -30.118168 4.247618 -21.576221 8.260824 1260261307654
228.26006 87.85284 -29.26226 4.247618 -21.576221 8.260824 1260261307665
228.26006 87.85284 -29.26226 4.4362917 -13.9166765 -0.4299202 1260261307668
