204.72014 5.82808 53.773136 11.309071 -4.921458 -4.4727454 1260255992442
204.72014 5.82808 53.773136 2.7575457 6.4324303 -8.19205 1260255992446
205.38412 -2.763324 54.58448 2.7575457 6.4324303 -8.19205 1260255992450
205.38412 -2.763324 54.58448 -2.3910723 5.362663 1.8837932 1260255992453
206.21492 -10.975158 54.955257 -2.3910723 5.362663 1.8837932 1260255992460
206.21492 -10.975158 54.955257 -2.864737 -8.068173 -3.2643595 1260255992465
207.45418 -18.7264 54.957493 -2.864737 -8.068173 -3.2643595 1260255992477
207.45418 -18.7264 54.957493 -2.4838386 1.016241 -4.8835835 1260255992483
209.23148 -25.94008 54.60962 -2.4838386 1.016241 -4.8835835 1260255992494
209.23148 -25.94008 54.60962 -1.7335181 9.9675255 -8.418574 1260255992498
211.3199 -32.793076 54.029137 -1.7335181 9.9675255 -8.418574 1260255992501
211.3199 -32.793076 54.029137 1.6988935 12.831229 -8.819522 1260255992513
213.5039 -39.403423 53.17768 1.6988935 12.831229 -8.819522 1260255992518
213.5039 -39.403423 53.17768 9.637867 12.927183 -7.8824835 1260255992522
215.97871 -45.733253 52.018795 9.637867 12.927183 -7.8824835 1260255992525
215.97871 -45.733253 52.018795 16.883247 13.128196 -11.939586 1260255992534
219.27979 -51.69659 50.567856 16.883247 13.128196 -11.939586 1260255992540
219.27979 -51.69659 50.567856 10.300539 14.730451 -15.641118 1260255992543
223.46579 -57.21176 48.939465 10.300539 14.730451 -15.641118 1260255992555
223.46579 -57.21176 48.939465 -2.2346067 13.128669 -18.953836 1260255992558
228.49251 -62.301174 47.292492 -2.2346067 13.128669 -18.953836 1260255992562
228.49251 -62.301174 47.292492 4.8251815 3.7025752 -29.988647 1260255992571
233.91788 -66.986115 45.62787 4.8251815 3.7025752 -29.988647 1260255992577
233.91788 -66.986115 45.62787 15.139032 0.40419006 -18.762484 1260255992580
239.72198 -71.436806 43.946476 15.139032 0.40419006 -18.762484 1260255992592
239.72198 -71.436806 43.946476 2.6182635 12.898228 -19.090866 1260255992598
240.53589 -59.114964 40.84915 2.6182635 12.898228 -19.090866 1260255992601
240.53589 -59.114964 40.84915 -0.96810335 5.0732355 5.4708986 1260255992605
234.90909 -53.909214 37.756695 -0.96810335 5.0732355 5.4708986 1260255992629
234.90909 -53.909214 37.756695 -3.9579544 -13.692564 -0.93498707 1260255992633
229.71364 -49.063755 35.06886 -3.9579544 -13.692564 -0.93498707 1260255992650
229.71364 -49.063755 35.06886 -11.687489 -25.579865 13.397503 1260255992654
224.87796 -44.66057 32.565414 -11.687489 -25.579865 13.397503 1260255992668
224.87796 -44.66057 32.565414 0.94789124 -13.505174 26.275265 1260255992671
220.28406 -40.62754 30.287144 0.94789124 -13.505174 26.275265 1260255992675
220.28406 -40.62754 30.287144 -15.804522 -16.218906 20.256012 1260255992682
215.96985 -37.04616 28.172787 -15.804522 -16.218906 20.256012 1260255992686
215.96985 -37.04616 28.172787 -3.937113 -18.375574 12.277922 1260255992691
211.82135 -33.993855 26.064148 -3.937113 -18.375574 12.277922 1260255992694
211.82135 -33.993855 26.064148 4.145755 -0.97486067 8.636396 1260255992705
208.03029 -31.344162 23.01094 4.145755 -0.97486067 8.636396 1260255992709
208.03029 -31.344162 23.01094 -11.931743 -2.7048802 -0.37763596 1260255992712
206.87877 -38.276955 20.360394 -11.931743 -2.7048802 -0.37763596 1260255992725
206.87877 -38.276955 20.360394 5.655424 6.728594 -6.454477 1260255992729
201.23483 -44.363106 18.892374 5.655424 6.728594 -6.454477 1260255992734
201.23483 -44.363106 18.892374 -2.3863022 9.921359 -7.4727116 1260255992745
193.6731 -49.89495 17.947756 -2.3863022 9.921359 -7.4727116 1260255992752
193.6731 -49.89495 17.947756 -7.905483 7.7425804 -18.333584 1260255992757
184.73944 -55.000202 17.450369 -7.905483 7.7425804 -18.333584 1260255992760
184.73944 -55.000202 17.450369 -5.35202 4.435706 -26.249903 1260255992763
192.95247 -59.70019 17.47785 -5.35202 4.435706 -26.249903 1260255992769
192.95247 -59.70019 17.47785 -1.1209431 14.190421 -24.07119 1260255992783
198.30484 -64.71518 18.053957 -1.1209431 14.190421 -24.07119 1260255992787
198.30484 -64.71518 18.053957 1.7306709 15.536154 -16.559982 1260255992790
196.1896 -54.12942 19.751259 1.7306709 15.536154 -16.559982 1260255992795
196.1896 -54.12942 19.751259 15.872795 -12.145302 -7.7068825 1260255992802
192.78012 -48.77295 19.963696 15.872795 -12.145302 -7.7068825 1260255992808
192.78012 -48.77295 19.963696 15.551503 -23.117943 7.5702586 1260255992811
189.44112 -43.984303 19.61551 15.551503 -23.117943 7.5702586 1260255992822
189.44112 -43.984303 19.61551 12.105547 -17.087503 22.385939 1260255992825
186.46906 -39.93509 19.234735 12.105547 -17.087503 22.385939 1260255992833
186.46906 -39.93509 19.234735 8.667158 -6.5089526 12.727587 1260255992837
183.8456 -36.938335 18.772999 8.667158 -6.5089526 12.727587 1260255992840
183.8456 -36.938335 18.772999 2.3695326 -12.913341 23.271952 1260255992843
181.40332 -35.29142 17.984348 2.3695326 -12.913341 23.271952 1260255992850
181.40332 -35.29142 17.984348 -6.8607583 -5.7873993 6.5721602 1260255992866
178.23315 -35.826847 16.58513 -6.8607583 -5.7873993 6.5721602 1260255992869
178.23315 -35.826847 16.58513 -9.129105 -2.7521663 7.9622707 1260255993055
174.2715 -37.585506 14.905874 -9.129105 -2.7521663 7.9622707 1260255993069
174.2715 -37.585506 14.905874 3.5983899 9.83982 -5.3798313 1260255993072
170.15793 -41.20623 13.31058 3.5983899 9.83982 -5.3798313 1260255993075
170.15793 -41.20623 13.31058 2.7021477 9.027805 -9.211751 1260255993079
166.15002 -44.99592 11.845051 2.7021477 9.027805 -9.211751 1260255993082
166.15002 -44.99592 11.845051 -10.05384 20.208336 -1.093591 1260255993085
162.39252 -49.046124 10.552798 -10.05384 20.208336 -1.093591 1260255993101
162.39252 -49.046124 10.552798 -11.279366 -0.7972584 -6.97529 1260255993105
157.8729 -54.643818 9.975159 -11.279366 -0.7972584 -6.97529 1260255993112
157.8729 -54.643818 9.975159 -5.2072377 -7.8962317 -1.1158862 1260255993118
155.92924 -46.16163 10.7264 -5.2072377 -7.8962317 -1.1158862 1260255993122
155.92924 -46.16163 10.7264 -6.450635 1.5029979 1.353653 1260255993125
153.78278 -40.753548 11.39008 -6.450635 1.5029979 1.353653 1260255993133
153.78278 -40.753548 11.39008 -2.9589324 -12.4948845 -0.17020416 1260255993137
151.59364 -35.71587 12.070577 -2.9589324 -12.4948845 -0.17020416 1260255993140
151.59364 -35.71587 12.070577 3.5236735 -25.976398 1.9247034 1260255993145
149.61397 -31.080076 12.9170475 3.5236735 -25.976398 1.9247034 1260255993157
149.61397 -31.080076 12.9170475 12.655706 -19.41078 13.579081 1260255993161
147.93327 -26.876072 14.021195 12.655706 -19.41078 13.579081 1260255993172
147.93327 -26.876072 14.021195 19.186693 -3.4210358 2.2297413 1260255993178
146.93661 -18.782269 15.520136 19.186693 -3.4210358 2.2297413 1260255993181
146.93661 -18.782269 15.520136 10.696751 -9.743691 -11.308396 1260255993193
147.88979 -9.9931555 16.894129 10.696751 -9.743691 -11.308396 1260255993201
147.88979 -9.9931555 16.894129 -0.54402447 -10.273668 -4.7327085 1260255993204
151.7953 -0.6434973 17.499422 -0.54402447 -10.273668 -4.7327085 1260255993207
151.7953 -0.6434973 17.499422 -1.7442966 4.9674067 -12.176762 1260255993210
158.40553 -9.261323 17.62445 -1.7442966 4.9674067 -12.176762 1260255993213
158.40553 -9.261323 17.62445 -2.273869 4.1145 -22.086138 1260255993227
166.58525 -17.248257 17.493229 -2.273869 4.1145 -22.086138 1260255993231
166.58525 -17.248257 17.493229 -3.4871812 -5.1645236 -22.155813 1260255993239
175.10599 -24.735844 17.268568 -3.4871812 -5.1645236 -22.155813 1260255993245
175.10599 -24.735844 17.268568 -4.596518 1.3874545 -22.40224 1260255993249
183.50069 -31.899052 17.00514 -4.596518 1.3874545 -22.40224 1260255993253
183.50069 -31.899052 17.00514 -4.995199 9.237978 -23.511068 1260255993264
191.62566 -38.8041 16.654882 -4.995199 9.237978 -23.511068 1260255993270
191.62566 -38.8041 16.654882 -4.6713676 12.242706 -21.12228 1260255993273
196.19437 -45.763897 16.122139 -4.6713676 12.242706 -21.12228 1260255993286
196.19437 -45.763897 16.122139 -2.4047685 9.978048 -12.124493 1260255993290
190.68465 -35.575703 15.316032 -2.4047685 9.978048 -12.124493 1260255993292
190.68465 -35.575703 15.316032 3.7978225 -11.705553 -3.7313933 1260255993296
185.75041 -28.746918 14.200231 3.7978225 -11.705553 -3.7313933 1260255993309
185.75041 -28.746918 14.200231 8.731752 -12.728398 -0.71677154 1260255993315
181.46289 -23.709572 13.240219 8.731752 -12.728398 -0.71677154 1260255993329
181.46289 -23.709572 13.240219 4.95745 -22.646355 5.1035633 1260255993333
177.43974 -19.274094 12.528208 4.95745 -22.646355 5.1035633 1260255993336
177.43974 -19.274094 12.528208 -0.67355263 -11.218174 16.046986 1260255993339
173.71776 -15.260389 12.001798 -0.67355263 -11.218174 16.046986 1260255993346
173.71776 -15.260389 12.001798 -4.548902 -11.667325 1.2533188 1260255993355
170.23187 -11.54737 11.651708 -4.548902 -11.667325 1.2533188 1260255993361
170.23187 -11.54737 11.651708 -6.1987586 -22.89206 11.578682 1260255993371
167.07028 -8.220001 11.469122 -6.1987586 -22.89206 11.578682 1260255993377
167.07028 -8.220001 11.469122 -6.651276 -3.3253965 6.899544 1260255993380
164.36676 -5.409001 11.545666 -6.651276 -3.3253965 6.899544 1260255993400
164.36676 -5.409001 11.545666 -5.4395175 -17.255348 11.636369 1260255993403
162.14842 -3.0885508 11.918383 -5.4395175 -17.255348 11.636369 1260255993419
162.14842 -3.0885508 11.918383 -2.2784848 -6.8218007 -0.052571297 1260255993423
160.941 -1.1341232 12.622463 -2.2784848 -6.8218007 -0.052571297 1260255993438
160.941 -1.1341232 12.622463 4.812588 3.2688212 10.607832 1260255993442
161.09395 0.42258295 13.84134 4.812588 3.2688212 10.607832 1260255993457
161.09395 0.42258295 13.84134 14.359349 -8.159739 7.7133102 1260255993461
162.58925 1.9014539 15.499273 14.359349 -8.159739 7.7133102 1260255993480
162.58925 1.9014539 15.499273 7.5329695 -13.014721 6.5450115 1260255993483
