98.71269 20.89523 8.479322 10.950304 -8.197914 3.9328947 1260255631414
98.71269 20.89523 8.479322 10.192842 -17.705048 7.5262938 1260255631417
99.277054 23.650467 8.705357 10.192842 -17.705048 7.5262938 1260255631420
99.277054 23.650467 8.705357 8.5961 0.33634758 0.3562234 1260255631423
100.7132 28.017944 8.820088 8.5961 0.33634758 0.3562234 1260255631633
100.7132 28.017944 8.820088 7.546316 -11.801497 4.9111967 1260255631637
102.22755 33.21705 8.679084 7.546316 -11.801497 4.9111967 1260255631640
102.22755 33.21705 8.679084 7.902195 -18.326326 -6.1609087 1260255631645
103.36617 38.956196 8.34513 7.902195 -18.326326 -6.1609087 1260255631651
103.36617 38.956196 8.34513 9.077411 -17.562017 -14.583587 1260255631657
104.09786 44.808388 7.9278736 9.077411 -17.562017 -14.583587 1260255631692
104.09786 44.808388 7.9278736 9.773258 -15.228201 -18.414722 1260255631696
104.742966 50.61797 7.53148 9.773258 -15.228201 -18.414722 1260255631707
104.742966 50.61797 7.53148 9.240284 -11.07878 -19.068193 1260255631712
105.905815 56.33707 7.204906 9.240284 -11.07878 -19.068193 1260255631715
105.905815 56.33707 7.204906 8.242951 -4.5612755 -18.629787 1260255631732
107.66052 61.970215 6.9446607 8.242951 -4.5612755 -18.629787 1260255631738
107.66052 61.970215 6.9446607 6.891663 2.4522743 -20.025715 1260255631742
109.5775 67.521706 6.6474276 6.891663 2.4522743 -20.025715 1260255631745
109.5775 67.521706 6.6474276 4.0359793 7.0734415 -23.592487 1260255631754
107.14862 72.94562 6.215056 4.0359793 7.0734415 -23.592487 1260255631758
107.14862 72.94562 6.215056 -1.3754095 5.031811 -26.928734 1260255631763
103.69119 77.49834 5.154303 -1.3754095 5.031811 -26.928734 1260255631771
103.69119 77.49834 5.154303 -12.250027 -12.204488 -14.524442 1260255631796
101.206635 79.77342 3.3965878 -12.250027 -12.204488 -14.524442 1260255631799
101.206635 79.77342 3.3965878 -8.819041 -1.2667675 0.46777678 1260255631803
98.8963 78.53475 2.0267584 -8.819041 -1.2667675 0.46777678 1260255631810
98.8963 78.53475 2.0267584 0.04092598 -17.64712 12.746138 1260255631814
96.65149 77.10802 0.97542053 0.04092598 -17.64712 12.746138 1260255631820
96.65149 77.10802 0.97542053 -2.387498 -33.799877 16.917736 1260255631823
94.51891 75.602615 0.1266495 -2.387498 -33.799877 16.917736 1260255631838
94.51891 75.602615 0.1266495 -9.208958 -29.543083 33.25942 1260255631843
92.492966 73.97249 -0.62968296 -9.208958 -29.543083 33.25942 1260255631849
92.492966 73.97249 -0.62968296 -15.128286 -15.745739 26.61498 1260255631855
90.56831 72.37386 -1.2981988 -15.128286 -15.745739 26.61498 1260255631858
90.56831 72.37386 -1.2981988 -17.310694 -20.836996 20.13922 1260255631861
88.789894 70.90517 -1.9332888 -17.310694 -20.836996 20.13922 1260255631870
88.789894 70.90517 -1.9332888 -15.401275 -27.762007 18.925655 1260255631873
87.1504 69.659904 -2.5866244 -15.401275 -27.762007 18.925655 1260255631879
87.1504 69.659904 -2.5866244 -10.080726 -18.890408 5.0398765 1260255631882
85.74288 69.02691 -3.3072932 -10.080726 -18.890408 5.0398765 1260255631891
85.74288 69.02691 -3.3072932 -2.2653546 -9.965625 -3.689786 1260255631895
84.955734 71.025566 -4.041929 -2.2653546 -9.965625 -3.689786 1260255632019
84.955734 71.025566 -4.041929 4.831998 -17.861553 1.5251738 1260255632022
85.20795 74.32429 -4.3898325 4.831998 -17.861553 1.5251738 1260255632025
85.20795 74.32429 -4.3898325 7.5920525 2.2679367 -8.045787 1260255632030
87.19755 78.65807 -4.170341 7.5920525 2.2679367 -8.045787 1260255632045
87.19755 78.65807 -4.170341 8.286245 -3.2976336 -7.6056366 1260255632053
91.93767 83.22517 -3.711824 8.286245 -3.2976336 -7.6056366 1260255632059
91.93767 83.22517 -3.711824 6.924744 -13.106163 -19.386858 1260255632073
98.54079 87.713905 -3.1762328 6.924744 -13.106163 -19.386858 1260255632085
98.54079 87.713905 -3.1762328 3.403984 -0.40193224 -33.25548 1260255632091
105.86375 92.07821 -2.6174212 3.403984 -0.40193224 -33.25548 1260255632098
105.86375 92.07821 -2.6174212 -0.914098 5.53444 -22.063728 1260255632101
112.97056 96.2243 -2.08655 -0.914098 5.53444 -22.063728 1260255632122
112.97056 96.2243 -2.08655 -4.7523923 -11.347118 -26.027735 1260255632125
119.07203 100.16308 -1.6822225 -4.7523923 -11.347118 -26.027735 1260255632149
119.07203 100.16308 -1.6822225 -7.0015354 1.2907767 -27.167871 1260255632159
122.66843 103.85493 -1.4481113 -7.0015354 1.2907767 -27.167871 1260255632165
122.66843 103.85493 -1.4481113 -8.473268 -0.565369 -23.748327 1260255632177
122.635 106.96218 -1.4757057 -8.473268 -0.565369 -23.748327 1260255632180
122.635 106.96218 -1.4757057 -10.246059 -5.5178943 -15.546694 1260255632190
121.50325 108.06407 -1.9019204 -10.246059 -5.5178943 -15.546694 1260255632193
121.50325 108.06407 -1.9019204 -11.4060335 -19.324383 -8.809327 1260255632200
118.77809 106.56087 -2.3068244 -11.4060335 -19.324383 -8.809327 1260255632204
118.77809 106.56087 -2.3068244 -10.055352 -13.90232 -4.271781 1260255632213
115.38918 104.43282 -2.4414833 -10.055352 -13.90232 -4.271781 1260255632217
115.38918 104.43282 -2.4414833 -8.343585 -15.665775 16.341002 1260255632224
111.819725 102.11118 -2.369409 -8.343585 -15.665775 16.341002 1260255632236
111.819725 102.11118 -2.369409 -7.3822856 -36.808716 16.873655 1260255632239
108.328735 99.70563 -2.1009386 -7.3822856 -36.808716 16.873655 1260255632242
108.328735 99.70563 -2.1009386 -6.534335 -18.841293 15.284943 1260255632245
105.0623 97.42035 -1.5958916 -6.534335 -18.841293 15.284943 1260255632254
105.0623 97.42035 -1.5958916 -5.9151154 -22.701242 16.794514 1260255632263
102.15919 95.29933 -0.966097 -5.9151154 -22.701242 16.794514 1260255632272
102.15919 95.29933 -0.966097 -3.8535085 -27.236282 15.417989 1260255632274
99.80123 93.334366 -0.21779215 -3.8535085 -27.236282 15.417989 1260255632278
99.80123 93.334366 -0.21779215 1.7097881 -5.3451505 13.732981 1260255632283
98.21117 91.81765 0.59309745 1.7097881 -5.3451505 13.732981 1260255632289
98.21117 91.81765 0.59309745 8.051781 -1.786993 -2.8179288 1260255632294
98.550606 92.32677 1.1634426 8.051781 -1.786993 -2.8179288 1260255632482
98.550606 92.32677 1.1634426 9.9242735 4.8057537 -1.5091794 1260255632491
97.823074 95.01043 0.4052705 9.9242735 4.8057537 -1.5091794 1260255632494
97.823074 95.01043 0.4052705 3.0465991 -8.677077 3.787455 1260255632499
110.83192 98.65991 -1.3649931 3.0465991 -8.677077 3.787455 1260255632503
110.83192 98.65991 -1.3649931 -12.494326 8.326407 -4.6648026 1260255632509
123.04032 102.126915 -3.6967435 -12.494326 8.326407 -4.6648026 1260255632514
123.04032 102.126915 -3.6967435 0.016808987 -11.213416 -4.244389 1260255632518
117.138306 105.17057 -6.3119063 0.016808987 -11.213416 -4.244389 1260255632523
117.138306 105.17057 -6.3119063 -7.44573 7.2679095 -4.948283 1260255632530
111.88139 107.96204 -8.996311 -7.44573 7.2679095 -4.948283 1260255632536
111.88139 107.96204 -8.996311 -12.557148 -12.191897 -7.2405877 1260255632542
106.88732 110.613945 -11.746495 -12.557148 -12.191897 -7.2405877 1260255632550
106.88732 110.613945 -11.746495 -1.8114133 2.7393534 -8.177286 1260255632553
101.99296 113.233246 -14.309171 -1.8114133 2.7393534 -8.177286 1260255632558
101.99296 113.233246 -14.309171 -18.195347 -4.1608567 -4.862652 1260255632561
97.09331 115.77158 -16.243711 -18.195347 -4.1608567 -4.862652 1260255632574
97.09331 115.77158 -16.243711 -1.7801847 -6.7577686 2.9604406 1260255632578
93.48864 117.983 -17.081526 -1.7801847 -6.7577686 2.9604406 1260255632580
93.48864 117.983 -17.081526 6.1095724 7.419508 -5.261662 1260255632583
95.614204 118.68385 -16.07745 6.1095724 7.419508 -5.261662 1260255632596
95.614204 118.68385 -16.07745 3.920509 1.6165419 -11.245114 1260255632600
96.433495 118.24966 -14.323577 3.920509 1.6165419 -11.245114 1260255632603
96.433495 118.24966 -14.323577 -6.020832 -1.5935774 -2.19002 1260255632612
93.96182 115.737175 -12.757398 -6.020832 -1.5935774 -2.19002 1260255632617
93.96182 115.737175 -12.757398 3.4512353 -21.384747 -4.390524 1260255632620
91.21373 113.300316 -11.519527 3.4512353 -21.384747 -4.390524 1260255632623
91.21373 113.300316 -11.519527 13.524841 -24.762419 13.124382 1260255632631
88.503044 110.9853 -10.543551 13.524841 -24.762419 13.124382 1260255632634
88.503044 110.9853 -10.543551 12.643059 -18.024189 12.638502 1260255632640
85.927895 108.83604 -9.766374 12.643059 -18.024189 12.638502 1260255632644
85.927895 108.83604 -9.766374 5.911639 -34.425983 13.913805 1260255632652
83.8815 107.14423 -9.128055 5.911639 -34.425983 13.913805 1260255632679
83.8815 107.14423 -9.128055 -1.5033708 -26.0722 -2.7638907 1260255632682
83.13743 106.23702 -8.671652 -1.5033708 -26.0722 -2.7638907 1260255632685
83.13743 106.23702 -8.671652 -6.702443 -13.598835 -5.5693994 1260255632703
84.43056 106.52517 -8.438069 -6.702443 -13.598835 -5.5693994 1260255632719
84.43056 106.52517 -8.438069 -9.26494 -11.6720495 -10.81884 1260255632722
86.30903 107.99891 -8.316166 -9.26494 -11.6720495 -10.81884 1260255632733
86.30903 107.99891 -8.316166 -10.406232 -19.430265 -12.214733 1260255632739
87.843575 110.298965 -8.250358 -10.406232 -19.430265 -12.214733 1260255632742
87.843575 110.298965 -8.250358 -10.906157 -3.7437901 -10.520553 1260255632754
88.95139 112.93402 -8.137839 -10.906157 -3.7437901 -10.520553 1260255632759
88.95139 112.93402 -8.137839 -11.16485 -3.39167 -18.793709 1260255632762
89.70383 115.58732 -8.030948 -11.16485 -3.39167 -18.793709 1260255632765
89.70383 115.58732 -8.030948 -11.34949 -10.124825 -15.354041 1260255632773
90.218636 118.15795 -7.9294004 -11.34949 -10.124825 -15.354041 1260255632777
90.218636 118.15795 -7.9294004 -11.63813 5.084831 -17.522568 1260255632782
90.757706 120.55006 -7.8329306 -11.63813 5.084831 -17.522568 1260255632796
90.757706 120.55006 -7.8329306 -11.663816 -13.475433 -17.462439 1260255632801
91.36982 122.72256 -7.741284 -11.663816 -13.475433 -17.462439 1260255632815
91.36982 122.72256 -7.741284 -11.658301 -2.9384851 -18.241674 1260255632819
91.851326 124.73643 -7.70422 -11.658301 -2.9384851 -18.241674 1260255632822
91.851326 124.73643 -7.70422 -11.883181 2.745894 -15.535189 1260255632825
91.95876 126.4996 -7.7690086 -11.883181 2.745894 -15.535189 1260255632841
91.95876 126.4996 -7.7690086 -12.338886 -12.691502 -14.070565 1260255632845
91.760826 127.82462 -8.030559 -12.338886 -12.691502 -14.070565 1260255632854
91.760826 127.82462 -8.030559 -12.87564 -14.38068 -11.014351 1260255632858
91.42278 128.4834 -8.529031 -12.87564 -14.38068 -11.014351 1260255632861
91.42278 128.4834 -8.529031 -11.423464 -11.013847 -3.1251507 1260255632869
90.65164 128.15923 -9.102579 -11.423464 -11.013847 -3.1251507 1260255632875
90.65164 128.15923 -9.102579 -7.1484427 -16.033686 2.6414518 1260255632879
88.96906 125.351265 -9.54745 -7.1484427 -16.033686 2.6414518 1260255632883
88.96906 125.351265 -9.54745 -3.2819207 -10.471795 -9.051158 1260255632892
86.72061 122.4837 -9.870077 -3.2819207 -10.471795 -9.051158 1260255632898
86.72061 122.4837 -9.870077 -0.98183966 -17.919333 13.904568 1260255632902
84.23458 119.50952 -9.976573 -0.98183966 -17.919333 13.904568 1260255632904
84.23458 119.50952 -9.976573 0.32934046 -22.263279 1.5032206 1260255632913
81.77285 116.53404 -9.927744 0.32934046 -22.263279 1.5032206 1260255632916
81.77285 116.53404 -9.927744 0.29724503 -20.372372 20.963785 1260255632920
79.434204 113.65734 -9.881357 0.29724503 -20.372372 20.963785 1260255632929
79.434204 113.65734 -9.881357 0.32986522 -28.26492 5.62298 1260255632936
77.2625 110.92448 -9.737289 0.32986522 -28.26492 5.62298 1260255633043
77.2625 110.92448 -9.737289 0.0029075146 -12.394524 16.95398 1260255633047
75.29937 108.47826 -9.650425 0.0029075146 -12.394524 16.95398 1260255633050
75.29937 108.47826 -9.650425 -0.5450673 -26.592117 9.593363 1260255633053
73.6844 106.35434 -9.617904 -0.5450673 -26.592117 9.593363 1260255633422
73.6844 106.35434 -9.617904 -0.47543097 -9.244079 -3.0072875 1260255633433
72.650185 104.68662 -9.537008 -0.47543097 -9.244079 -3.0072875 1260255633437
72.650185 104.68662 -9.537008 -0.48241067 -2.8894749 8.101494 1260255633441
72.56767 103.65229 -9.260158 -0.48241067 -2.8894749 8.101494 1260255633444
72.56767 103.65229 -9.260158 -2.314261 -10.059737 10.469125 1260255633452
73.78929 103.26968 -8.79715 -2.314261 -10.059737 10.469125 1260255633455
73.78929 103.26968 -8.79715 -5.7003403 -12.722758 6.4119163 1260255633460
