203.93015 15.55001 51.849056 20.275764 1.4249818 2.9887805 1260255984112
203.93015 15.55001 51.849056 20.967884 -3.3802629 7.1517563 1260255984116
200.93364 15.172509 51.556602 20.967884 -3.3802629 7.1517563 1260255984120
200.93364 15.172509 51.556602 20.36998 -7.165905 7.9158974 1260255984125
197.73695 14.963883 50.97877 20.36998 -7.165905 7.9158974 1260255984159
197.73695 14.963883 50.97877 16.913666 -9.67483 6.588105 1260255984162
194.60011 14.96569 50.329834 16.913666 -9.67483 6.588105 1260255984171
194.60011 14.96569 50.329834 10.096352 -10.587979 4.1796103 1260255984174
191.6701 15.117405 49.813343 10.096352 -10.587979 4.1796103 1260255984180
191.6701 15.117405 49.813343 3.8634367 -9.311442 1.5582628 1260255984193
188.9866 15.661534 49.622677 3.8634367 -9.311442 1.5582628 1260255984196
188.9866 15.661534 49.622677 0.73132277 -4.527324 -2.8914485 1260255984200
186.28728 16.928457 49.541542 0.73132277 -4.527324 -2.8914485 1260255984210
186.28728 16.928457 49.541542 -1.7102089 4.968908 -1.4981751 1260255984218
182.8229 22.782034 48.564465 -1.7102089 4.968908 -1.4981751 1260255984222
182.8229 22.782034 48.564465 -6.8022704 2.7861195 -1.8972812 1260255984230
177.68176 29.292933 46.53624 -6.8022704 2.7861195 -1.8972812 1260255984235
177.68176 29.292933 46.53624 6.4819546 4.979237 -2.395658 1260255984241
169.19768 36.328285 44.05943 6.4819546 4.979237 -2.395658 1260255984253
169.19768 36.328285 44.05943 0.15584916 7.711483 -8.546787 1260255984257
171.7878 25.511871 41.556458 0.15584916 7.711483 -8.546787 1260255984269
171.7878 25.511871 41.556458 -8.024202 -3.613482 -21.607143 1260255984278
170.5984 15.486278 39.128635 -8.024202 -3.613482 -21.607143 1260255984289
170.5984 15.486278 39.128635 7.550354 -0.6156696 -20.074081 1260255984292
169.16849 5.9619637 36.872204 7.550354 -0.6156696 -20.074081 1260255984310
169.16849 5.9619637 36.872204 -9.472221 4.8511395 -15.591223 1260255984313
168.31006 -3.1861348 34.778595 -9.472221 4.8511395 -15.591223 1260255984337
168.31006 -3.1861348 34.778595 -4.0694065 0.7758421 -14.624111 1260255984341
168.09456 -11.926828 32.839664 -4.0694065 0.7758421 -14.624111 1260255984357
168.09456 -11.926828 32.839664 8.155123 -5.127038 -23.950111 1260255984363
168.48984 -20.280487 31.097681 8.155123 -5.127038 -23.950111 1260255984377
168.48984 -20.280487 31.097681 -4.060712 10.044809 -24.472086 1260255984381
164.46535 -28.216463 29.492798 -4.060712 10.044809 -24.472086 1260255984394
164.46535 -28.216463 29.492798 -9.524878 1.1797329 -22.611423 1260255984402
157.54208 -35.70564 28.018158 -9.524878 1.1797329 -22.611423 1260255984409
157.54208 -35.70564 28.018158 2.5376363 -8.052221 -21.431425 1260255984418
164.96498 -42.920357 26.61725 2.5376363 -8.052221 -21.431425 1260255984428
164.96498 -42.920357 26.61725 9.872503 -8.435781 -23.737423 1260255984435
157.01674 -31.974339 25.236387 9.872503 -8.435781 -23.737423 1260255984450
157.01674 -31.974339 25.236387 0.5780623 3.789537 -12.994608 1260255984453
149.7659 -22.125622 23.774569 0.5780623 3.789537 -12.994608 1260255984474
149.7659 -22.125622 23.774569 -10.846003 -5.5497975 -18.271212 1260255984481
144.0776 -14.169341 22.035841 -10.846003 -5.5497975 -18.271212 1260255984489
144.0776 -14.169341 22.035841 -3.1346688 0.07000065 -9.791361 1260255984682
142.12372 -8.110874 20.08405 -3.1346688 0.07000065 -9.791361 1260255984685
142.12372 -8.110874 20.08405 4.36131 -6.77067 -2.0338924 1260255984694
141.36754 -4.6553307 18.129847 4.36131 -6.77067 -2.0338924 1260255984697
141.36754 -4.6553307 18.129847 -14.659277 -31.590229 8.678125 1260255984703
140.79916 -1.8725642 16.173355 -14.659277 -31.590229 8.678125 1260255984711
140.79916 -1.8725642 16.173355 -16.615427 -16.739422 19.832613 1260255984715
140.3592 0.22106402 14.114687 -16.615427 -16.739422 19.832613 1260255984718
140.3592 0.22106402 14.114687 -6.042941 -26.188738 23.710024 1260255984724
139.89125 1.7100108 11.958953 -6.042941 -26.188738 23.710024 1260255984735
139.89125 1.7100108 11.958953 -23.6403 -28.188 25.170626 1260255984739
139.44669 2.7745101 9.811006 -23.6403 -28.188 25.170626 1260255984742
139.44669 2.7745101 9.811006 -21.738588 -17.055786 34.760574 1260255984753
138.97435 3.4357846 7.720455 -21.738588 -17.055786 34.760574 1260255984759
138.97435 3.4357846 7.720455 -6.740615 -5.4667397 23.390589 1260255984762
138.52563 3.9639952 5.734432 -6.740615 -5.4667397 23.390589 1260255984765
138.52563 3.9639952 5.734432 -19.031908 0.7797079 15.299526 1260255984773
138.24936 4.7157955 3.7477105 -19.031908 0.7797079 15.299526 1260255984777
138.24936 4.7157955 3.7477105 -16.860523 3.2349353 15.513379 1260255984780
138.08688 5.9800057 1.5603249 -16.860523 3.2349353 15.513379 1260255984798
138.08688 5.9800057 1.5603249 0.9462366 -3.9660444 8.161183 1260255984802
136.43254 12.1810055 -0.4676914 0.9462366 -3.9660444 8.161183 1260255984813
136.43254 12.1810055 -0.4676914 -11.405341 -4.7335787 7.002806 1260255984818
129.66092 18.671955 -1.3943068 -11.405341 -4.7335787 7.002806 1260255984821
129.66092 18.671955 -1.3943068 -14.714537 -8.048057 -9.611321 1260255984830
123.67787 25.488358 -1.7745914 -14.714537 -8.048057 -9.611321 1260255984833
123.67787 25.488358 -1.7745914 -13.002281 -12.810088 -21.567942 1260255984839
118.543976 32.46394 -1.8858619 -13.002281 -12.810088 -21.567942 1260255984842
118.543976 32.46394 -1.8858619 -11.020148 -15.328457 -27.612846 1260255984845
115.866776 39.49074 -1.7415688 -11.020148 -15.328457 -27.612846 1260255984854
115.866776 39.49074 -1.7415688 -9.180735 -12.994336 -28.878082 1260255984857
121.17344 28.516205 -1.5044904 -9.180735 -12.994336 -28.878082 1260255984865
121.17344 28.516205 -1.5044904 -8.144024 2.2383287 -29.873308 1260255984873
131.96477 18.290394 -1.2792659 -8.144024 2.2383287 -29.873308 1260255984877
131.96477 18.290394 -1.2792659 -7.629465 7.446023 -26.759829 1260255984880
127.06653 8.675875 -1.1653026 -7.629465 7.446023 -26.759829 1260255984894
127.06653 8.675875 -1.1653026 -8.406 -3.7710576 -31.97902 1260255984900
127.7132 -0.507919 -1.3070375 -8.406 -3.7710576 -31.97902 1260255984903
127.7132 -0.507919 -1.3070375 -11.544998 7.2316113 -24.899305 1260255984911
133.87755 8.467477 -1.7916856 -11.544998 7.2316113 -24.899305 1260255984916
133.87755 8.467477 -1.7916856 -13.743336 -8.326147 -21.142052 1260255984920
127.43367 15.844103 -2.5021014 -13.743336 -8.326147 -21.142052 1260255984936
127.43367 15.844103 -2.5021014 -10.166166 -5.0442724 -5.8840733 1260255984940
125.261986 20.151897 -2.8269963 -10.166166 -5.0442724 -5.8840733 1260255984951
125.261986 20.151897 -2.8269963 -5.361519 -23.668625 -4.446748 1260255984959
124.248886 22.444302 -2.4356465 -5.361519 -23.668625 -4.446748 1260255984963
124.248886 22.444302 -2.4356465 -4.2057753 -16.589529 15.640024 1260255984973
123.386444 24.022087 -1.6138642 -4.2057753 -16.589529 15.640024 1260255984981
123.386444 24.022087 -1.6138642 -2.25886 -16.88004 17.04237 1260255984984
122.61712 25.270983 -0.63317096 -2.25886 -16.88004 17.04237 1260255984998
122.61712 25.270983 -0.63317096 5.6968737 -29.081484 29.35872 1260255985004
121.936264 26.207434 0.44848767 5.6968737 -29.081484 29.35872 1260255985014
121.936264 26.207434 0.44848767 17.392948 -34.006878 26.554483 1260255985018
121.48945 26.997063 1.5260633 17.392948 -34.006878 26.554483 1260255985031
121.48945 26.997063 1.5260633 21.953167 -30.642216 20.535273 1260255985038
121.21497 27.59721 2.4997602 21.953167 -30.642216 20.535273 1260255985049
121.21497 27.59721 2.4997602 14.774617 -21.84449 23.456665 1260255985052
121.05422 27.76735 3.2747722 14.774617 -21.84449 23.456665 1260255985067
121.05422 27.76735 3.2747722 3.6565022 -13.230181 21.403507 1260255985075
120.85151 27.178982 3.5610335 3.6565022 -13.230181 21.403507 1260255985089
120.85151 27.178982 3.5610335 -2.6698747 -10.933193 11.887784 1260255985096
120.30894 23.970032 2.3329818 -2.6698747 -10.933193 11.887784 1260255985112
120.30894 23.970032 2.3329818 5.386077 11.841894 0.7332208 1260255985120
119.79349 19.82153 0.66633266 5.386077 11.841894 0.7332208 1260255985131
119.79349 19.82153 0.66633266 1.8760047 -1.1211791 4.492183 1260255985134
119.55381 12.530453 -1.066984 1.8760047 -1.1211791 4.492183 1260255985149
119.55381 12.530453 -1.066984 -15.242685 9.940644 2.8620834 1260255985156
119.67612 5.35393 -2.963635 -15.242685 9.940644 2.8620834 1260255985171
119.67612 5.35393 -2.963635 -10.642502 18.47538 -8.182805 1260255985178
120.24231 -1.7637664 -5.1154532 -10.642502 18.47538 -8.182805 1260255985191
120.24231 -1.7637664 -5.1154532 -1.8543768 19.915085 -3.270555 1260255985201
121.18019 -8.925578 -7.5596805 -1.8543768 19.915085 -3.270555 1260255985213
121.18019 -8.925578 -7.5596805 -21.568861 13.40851 -4.743149 1260255985216
122.62118 -16.0793 -10.181697 -21.568861 13.40851 -4.743149 1260255985234
122.62118 -16.0793 -10.181697 -5.7331057 3.1451702 4.28228 1260255985238
124.59012 -23.225336 -12.922612 -5.7331057 3.1451702 4.28228 1260255985257
124.59012 -23.225336 -12.922612 -15.49904 -4.3467007 -6.0028334 1260255985260
127.36061 -30.16407 -15.226481 -15.49904 -4.3467007 -6.0028334 1260255985478
127.36061 -30.16407 -15.226481 -15.584414 -5.38311 -8.226152 1260255985481
130.69258 -36.855865 -16.865158 -15.584414 -5.38311 -8.226152 1260255985492
130.69258 -36.855865 -16.865158 -0.36990166 -3.9408526 -10.205944 1260255985498
135.05795 -43.513073 -17.7719 -0.36990166 -3.9408526 -10.205944 1260255985502
135.05795 -43.513073 -17.7719 1.5497537 -2.3612127 -5.845863 1260255985505
141.10506 -50.23742 -17.883305 1.5497537 -2.3612127 -5.845863 1260255985515
141.10506 -50.23742 -17.883305 4.0178127 0.051903814 -5.6142983 1260255985523
135.9498 -39.87555 -17.58914 4.0178127 0.051903814 -5.6142983 1260255985535
135.9498 -39.87555 -17.58914 7.6836686 5.0196075 -8.772914 1260255985538
132.7523 -32.731773 -17.309683 7.6836686 5.0196075 -8.772914 1260255985542
132.7523 -32.731773 -17.309683 7.5888186 -1.1270256 -0.8225275 1260255985552
129.56468 -27.695185 -16.6442 7.5888186 -1.1270256 -0.8225275 1260255985558
129.56468 -27.695185 -16.6442 6.5710845 -11.78436 11.713314 1260255985561
125.98645 -23.360426 -16.01199 6.5710845 -11.78436 11.713314 1260255985564
125.98645 -23.360426 -16.01199 1.2312267 -32.851616 15.723481 1260255985576
122.23713 -19.242405 -15.41139 1.2312267 -32.851616 15.723481 1260255985581
122.23713 -19.242405 -15.41139 -4.907048 -24.074715 7.754303 1260255985584
118.67527 -15.080285 -14.59082 -4.907048 -24.074715 7.754303 1260255985593
118.67527 -15.080285 -14.59082 -8.481861 -22.071152 16.946764 1260255985596
115.59151 -10.576271 -13.91128 -8.481861 -22.071152 16.946764 1260255985600
115.59151 -10.576271 -13.91128 -9.850686 -36.137268 6.543106 1260255985605
113.46193 -5.3974576 -13.365716 -9.850686 -36.137268 6.543106 1260255985641
113.46193 -5.3974576 -13.365716 -8.210588 -33.086174 4.1731677 1260255985644
112.13883 0.37241527 -12.99743 -8.210588 -33.086174 4.1731677 1260255985652
112.13883 0.37241527 -12.99743 -6.491948 -26.066704 0.27082157 1260255985655
110.73189 6.7537947 -12.847558 -6.491948 -26.066704 0.27082157 1260255985661
110.73189 6.7537947 -12.847558 -6.6557474 -22.694876 -5.4738903 1260255985664
109.045296 13.616105 -12.70518 -6.6557474 -22.694876 -5.4738903 1260255985675
109.045296 13.616105 -12.70518 -5.5101757 -22.337727 -13.733004 1260255985679
107.04303 20.7353 -12.519921 -5.5101757 -22.337727 -13.733004 1260255985682
107.04303 20.7353 -12.519921 -3.3722782 -19.39702 -25.301708 1260255985690
104.490875 27.848536 -12.293925 -3.3722782 -19.39702 -25.301708 1260255985696
104.490875 27.848536 -12.293925 -0.94509506 -11.4982 -33.316692 1260255985699
101.36633 34.80611 -12.079229 -0.94509506 -11.4982 -33.316692 1260255985702
101.36633 34.80611 -12.079229 0.8418 -3.513672 -34.640213 1260255985711
97.39802 41.515804 -11.975267 0.8418 -3.513672 -34.640213 1260255985714
97.39802 41.515804 -11.975267 0.8031597 0.7310996 -32.66677 1260255985720
93.178116 47.840015 -11.976504 0.8031597 0.7310996 -32.66677 1260255985725
93.178116 47.840015 -11.976504 -0.14671373 0.8762741 -31.804161 1260255985742
89.21921 53.798016 -12.027679 -0.14671373 0.8762741 -31.804161 1260255985745
89.21921 53.798016 -12.027679 -0.8156023 -2.0270374 -32.17149 1260255985757
85.958244 59.308113 -12.126295 -0.8156023 -2.0270374 -32.17149 1260255985761
85.958244 59.308113 -12.126295 -1.6137714 -10.396627 -30.82285 1260255985772
83.56033 64.29271 -12.21998 -1.6137714 -10.396627 -30.82285 1260255985777
83.56033 64.29271 -12.21998 -2.1754737 -17.994766 -20.290844 1260255985781
81.88232 68.778076 -12.308981 -2.1754737 -17.994766 -20.290844 1260255985789
81.88232 68.778076 -12.308981 -2.7355542 -6.4848356 -10.124285 1260255985792
80.7882 72.58917 -12.443532 -2.7355542 -6.4848356 -10.124285 1260255985800
80.7882 72.58917 -12.443532 -4.0158 -8.527946 -25.06102 1260255985803
80.24879 75.70972 -12.621355 -4.0158 -8.527946 -25.06102 1260255985816
80.24879 75.70972 -12.621355 -5.809651 -16.8554 -3.2709045 1260255985822
80.08635 78.02423 -12.790287 -5.809651 -16.8554 -3.2709045 1260255985825
80.08635 78.02423 -12.790287 -7.4744043 -20.999186 -17.098316 1260255985833
80.282036 79.77302 -12.900773 -7.4744043 -20.999186 -17.098316 1260255985837
80.282036 79.77302 -12.900773 -8.569203 -9.426666 -8.677722 1260255985840
80.617935 81.084366 -13.005734 -8.569203 -9.426666 -8.677722 1260255985853
80.617935 81.084366 -13.005734 -9.766528 -15.193373 5.0057793 1260255985861
80.78704 80.73015 -13.105448 -9.766528 -15.193373 5.0057793 1260255985865
80.78704 80.73015 -13.105448 -11.173551 -14.195273 6.749426 1260255985876
80.64769 80.04364 -13.250175 -11.173551 -14.195273 6.749426 1260255985884
80.64769 80.04364 -13.250175 -12.837851 -12.94071 6.5469494 1260255985895
80.015305 78.89146 -13.3376665 -12.837851 -12.94071 6.5469494 1260255985899
80.015305 78.89146 -13.3376665 -13.641411 -19.070839 6.0157337 1260255985904
79.01454 77.39688 -13.320784 -13.641411 -19.070839 6.0157337 1260255985916
79.01454 77.39688 -13.320784 -13.222164 -30.423111 14.484681 1260255985920
77.863815 75.62704 -13.204744 -13.222164 -30.423111 14.484681 1260255985932
77.863815 75.62704 -13.204744 -11.247002 -21.005314 27.782177 1260255985941
76.72063 73.69569 -12.994507 -11.247002 -21.005314 27.782177 1260255985955
76.72063 73.69569 -12.994507 -8.1003475 -5.5260887 18.946117 1260255985961
75.7346 71.6109 -12.694781 -8.1003475 -5.5260887 18.946117 1260255985974
75.7346 71.6109 -12.694781 -3.9109368 -17.651821 10.77486 1260255985978
74.99786 69.53036 -12.260042 -3.9109368 -17.651821 10.77486 1260255985989
74.99786 69.53036 -12.260042 1.6204941 -12.766486 24.076641 1260255985992
