263.11224 -53.311405 34.87836 -5.590296 14.117546 5.367323 1260255876833
263.11224 -53.311405 34.87836 -0.5571952 8.658873 11.545601 1260255876839
258.30664 -54.345837 33.784443 -0.5571952 8.658873 11.545601 1260255876842
258.30664 -54.345837 33.784443 8.519039 -0.7153616 5.274572 1260255876851
246.59131 -56.728546 32.345222 8.519039 -0.7153616 5.274572 1260255876854
246.59131 -56.728546 32.345222 8.478285 8.182121 4.611955 1260255876861
235.71175 -59.74212 30.627962 8.478285 8.182121 4.611955 1260255876895
235.71175 -59.74212 30.627962 -7.1653323 5.6892734 -10.0624695 1260255876899
226.17616 -63.455013 28.646564 -7.1653323 5.6892734 -10.0624695 1260255876905
226.17616 -63.455013 28.646564 -4.9398584 11.753136 -13.147166 1260255876911
217.56735 -67.43227 26.564236 -4.9398584 11.753136 -13.147166 1260255876917
217.56735 -67.43227 26.564236 7.2261662 -2.942072 -8.719252 1260255876921
209.88898 -71.41065 24.486023 7.2261662 -2.942072 -8.719252 1260255876932
209.88898 -71.41065 24.486023 -9.75975 15.113699 -16.749016 1260255876936
202.84453 -75.39012 22.411722 -9.75975 15.113699 -16.749016 1260255876939
202.84453 -75.39012 22.411722 -9.231398 8.6240015 -23.723763 1260255876944
196.1523 -79.22061 20.391136 -9.231398 8.6240015 -23.723763 1260255876952
196.1523 -79.22061 20.391136 3.2989116 4.0606513 -18.010632 1260255876955
189.84468 -82.80958 18.471579 3.2989116 4.0606513 -18.010632 1260255876965
189.84468 -82.80958 18.471579 -11.148658 20.609928 -15.466933 1260255876971
183.90245 -86.1691 16.598 -11.148658 20.609928 -15.466933 1260255876979
183.90245 -86.1691 16.598 -15.869458 2.8000183 -18.756567 1260255876982
178.35733 -89.36064 14.7681 -15.869458 2.8000183 -18.756567 1260255876991
178.35733 -89.36064 14.7681 -0.5040941 21.949923 -21.027002 1260255877001
173.03946 -92.44261 13.079695 -0.5040941 21.949923 -21.027002 1260255877011
173.03946 -92.44261 13.079695 -2.9510565 1.8409176 -21.296204 1260255877014
167.83748 -95.47048 11.57571 -2.9510565 1.8409176 -21.296204 1260255877029
167.83748 -95.47048 11.57571 -14.584547 18.841827 -16.119278 1260255877034
163.2456 -98.496956 10.146925 -14.584547 18.841827 -16.119278 1260255877057
163.2456 -98.496956 10.146925 -11.490061 -1.8617759 -11.546698 1260255877060
162.43332 -102.22211 8.289578 -11.490061 -1.8617759 -11.546698 1260255877070
162.43332 -102.22211 8.289578 4.621691 10.954949 -7.866449 1260255877073
163.16165 -94.261 6.3250995 4.621691 10.954949 -7.866449 1260255877090
163.16165 -94.261 6.3250995 -4.4518256 -7.7838507 11.138951 1260255877093
163.35358 -87.09795 5.0588446 -4.4518256 -7.7838507 11.138951 1260255877113
163.35358 -87.09795 5.0588446 -15.959778 -23.050829 13.813371 1260255877118
163.4859 -80.74306 3.9059024 -15.959778 -23.050829 13.813371 1260255877292
163.4859 -80.74306 3.9059024 -15.948475 -26.64613 15.826584 1260255877298
163.6116 -75.1059 2.7106073 -15.948475 -26.64613 15.826584 1260255877301
163.6116 -75.1059 2.7106073 -6.9383717 -19.931269 16.276539 1260255877305
163.68102 -70.25061 1.4750769 -6.9383717 -19.931269 16.276539 1260255877313
163.68102 -70.25061 1.4750769 -1.8766375 -2.4593506 26.682163 1260255877317
163.74696 -66.03808 0.15132307 -1.8766375 -2.4593506 26.682163 1260255877320
163.74696 -66.03808 0.15132307 -9.827576 -7.0209017 13.827318 1260255877325
163.70961 -62.236176 -1.2562431 -9.827576 -7.0209017 13.827318 1260255877334
163.70961 -62.236176 -1.2562431 -19.520802 -9.28494 20.992638 1260255877338
163.62413 -58.824368 -3.143431 -19.520802 -9.28494 20.992638 1260255877341
163.62413 -58.824368 -3.143431 -9.420886 5.9661684 17.845573 1260255877349
163.34293 -56.183147 -6.5862594 -9.420886 5.9661684 17.845573 1260255877352
163.34293 -56.183147 -6.5862594 -12.472729 -2.4949603 11.718305 1260255877358
162.52577 -61.42399 -9.256947 -12.472729 -2.4949603 11.718305 1260255877361
162.52577 -61.42399 -9.256947 -12.111085 -5.7203083 -5.9939513 1260255877369
160.89949 -66.25279 -10.7441 -12.111085 -5.7203083 -5.9939513 1260255877374
160.89949 -66.25279 -10.7441 -2.6984549 4.666477 -10.813227 1260255877383
158.20451 -70.64015 -11.656895 -2.6984549 4.666477 -10.813227 1260255877391
158.20451 -70.64015 -11.656895 -5.1644855 21.625858 -19.760674 1260255877394
154.94429 -74.708145 -12.27405 -5.1644855 21.625858 -19.760674 1260255877397
154.94429 -74.708145 -12.27405 -10.45572 9.288538 -18.083122 1260255877401
151.29707 -78.522736 -12.710347 -10.45572 9.288538 -18.083122 1260255877410
151.29707 -78.522736 -12.710347 -14.522495 17.873835 -38.68129 1260255877415
147.43222 -82.096596 -13.02483 -14.522495 17.873835 -38.68129 1260255877418
147.43222 -82.096596 -13.02483 -15.914452 22.258684 -21.051678 1260255877422
143.91061 -85.59177 -13.223588 -15.914452 22.258684 -21.051678 1260255877432
143.91061 -85.59177 -13.223588 -16.406546 9.694433 -34.669724 1260255877440
140.71509 -89.06218 -13.362409 -16.406546 9.694433 -34.669724 1260255877443
140.71509 -89.06218 -13.362409 -15.992413 22.35704 -24.715607 1260255877452
137.92934 -92.50907 -13.444288 -15.992413 22.35704 -24.715607 1260255877455
137.92934 -92.50907 -13.444288 -14.609182 0.7573948 -25.27676 1260255877458
137.08287 -96.18362 -13.622074 -14.609182 0.7573948 -25.27676 1260255877469
137.08287 -96.18362 -13.622074 -13.894837 13.540022 -18.544533 1260255877477
146.97873 -84.32443 -13.84097 -13.894837 13.540022 -18.544533 1260255877483
146.97873 -84.32443 -13.84097 -12.315239 -1.3749938 -9.513118 1260255877489
146.2298 -76.10821 -13.048922 -12.315239 -1.3749938 -9.513118 1260255877496
146.2298 -76.10821 -13.048922 -4.0845037 -8.866938 9.293862 1260255877500
146.1683 -69.302795 -12.096476 -4.0845037 -8.866938 9.293862 1260255877512
146.1683 -69.302795 -12.096476 6.7800684 -19.309553 20.624657 1260255877520
146.3599 -63.387657 -11.241652 6.7800684 -19.309553 20.624657 1260255877531
146.3599 -63.387657 -11.241652 11.792998 -15.913559 20.51076 1260255877534
146.7419 -58.668274 -10.679569 11.792998 -15.913559 20.51076 1260255877549
146.7419 -58.668274 -10.679569 9.287508 -5.1096926 24.04874 1260255877556
147.1548 -55.23486 -10.645591 9.287508 -5.1096926 24.04874 1260255877570
147.1548 -55.23486 -10.645591 4.9972205 -13.428068 21.878292 1260255877577
147.29706 -53.173115 -11.163311 4.9972205 -13.428068 21.878292 1260255877589
147.29706 -53.173115 -11.163311 1.9942026 7.515785 17.327116 1260255877592
146.73221 -52.46446 -12.055145 1.9942026 7.515785 17.327116 1260255877612
146.73221 -52.46446 -12.055145 -4.971175 20.745914 7.3989 1260255877615
144.7956 -52.691235 -12.952388 -4.971175 20.745914 7.3989 1260255877629
144.7956 -52.691235 -12.952388 -14.286346 24.028757 -2.0696507 1260255877636
142.1558 -56.05667 -13.804769 -14.286346 24.028757 -2.0696507 1260255877652
142.1558 -56.05667 -13.804769 -20.350534 14.820467 1.8787522 1260255877660
139.39801 -59.45384 -14.614531 -20.350534 14.820467 1.8787522 1260255877670
139.39801 -59.45384 -14.614531 -20.009338 20.982529 -0.7712374 1260255877673
136.7781 -63.031147 -15.483804 -20.009338 20.982529 -0.7712374 1260255877689
136.7781 -63.031147 -15.483804 -13.319857 18.012188 -17.510662 1260255877694
134.5892 -66.82959 -16.359613 -13.319857 18.012188 -17.510662 1260255877711
134.5892 -66.82959 -16.359613 -4.6529374 5.5780435 -5.2178144 1260255877717
132.60974 -70.73811 -17.041634 -4.6529374 5.5780435 -5.2178144 1260255877728
132.60974 -70.73811 -17.041634 0.08686638 20.642029 -12.056294 1260255877732
130.47925 -74.65121 -17.339552 0.08686638 20.642029 -12.056294 1260255877751
130.47925 -74.65121 -17.339552 2.4405293 2.943707 -13.701066 1260255877755
127.50529 -78.46864 -17.172575 2.4405293 2.943707 -13.701066 1260255877769
127.50529 -78.46864 -17.172575 5.3726716 9.264107 -13.810154 1260255877776
123.23003 -82.14521 -16.563946 5.3726716 9.264107 -13.810154 1260255877792
123.23003 -82.14521 -16.563946 6.0526953 11.534722 -19.011286 1260255877799
134.21852 -85.73795 -15.235748 6.0526953 11.534722 -19.011286 1260255877809
134.21852 -85.73795 -15.235748 -2.5643995 -3.108665 -4.075747 1260255877812
138.9076 -90.00105 -11.423961 -2.5643995 -3.108665 -4.075747 1260255877832
138.9076 -90.00105 -11.423961 13.83139 9.601001 -4.402164 1260255877834
139.96222 -84.201 -8.752763 13.83139 9.601001 -4.402164 1260255877871
139.96222 -84.201 -8.752763 0.47749853 1.3243747 12.171299 1260255877891
140.5641 -78.490944 -7.1151247 0.47749853 1.3243747 12.171299 1260255877936
140.5641 -78.490944 -7.1151247 0.09682655 -8.415328 7.2464085 1260255877939
140.9859 -73.266396 -5.8593683 0.09682655 -8.415328 7.2464085 1260255878117
140.9859 -73.266396 -5.8593683 11.208101 -18.499365 14.765089 1260255878122
141.33661 -68.45308 -4.7664 11.208101 -18.499365 14.765089 1260255878130
141.33661 -68.45308 -4.7664 15.969347 -14.917788 20.86145 1260255878133
141.66978 -64.18043 -3.7280798 15.969347 -14.917788 20.86145 1260255878140
141.66978 -64.18043 -3.7280798 10.286162 4.315186 14.940453 1260255878154
142.0363 -60.671406 -2.7416759 10.286162 4.315186 14.940453 1260255878157
142.0363 -60.671406 -2.7416759 -1.3638861 -9.098546 13.355146 1260255878161
136.83449 -63.937836 -2.5545921 -1.3638861 -9.098546 13.355146 1260255878168
136.83449 -63.937836 -2.5545921 -5.3461657 11.457099 -5.6325135 1260255878172
133.39276 -68.140945 -2.9268625 -5.3461657 11.457099 -5.6325135 1260255878178
133.39276 -68.140945 -2.9268625 -4.1448936 -1.6095815 -15.541111 1260255878181
130.47313 -72.1839 -3.3805194 -4.1448936 -1.6095815 -15.541111 1260255878184
130.47313 -72.1839 -3.3805194 -1.8349383 10.968268 -6.834364 1260255878192
127.649475 -75.924706 -3.8614933 -1.8349383 10.968268 -6.834364 1260255878195
127.649475 -75.924706 -3.8614933 0.98585796 17.959122 -25.915718 1260255878201
125.267 -79.52847 -4.418419 0.98585796 17.959122 -25.915718 1260255878204
125.267 -79.52847 -4.418419 2.637518 6.101921 -20.163212 1260255878212
123.103645 -83.05205 -4.947498 2.637518 6.101921 -20.163212 1260255878215
123.103645 -83.05205 -4.947498 1.8076544 24.055534 -23.61326 1260255878219
121.098465 -86.49944 -5.450123 1.8076544 24.055534 -23.61326 1260255878224
121.098465 -86.49944 -5.450123 -0.7568164 4.5423822 -24.57067 1260255878231
119.14354 -89.77447 -5.9276166 -0.7568164 4.5423822 -24.57067 1260255878236
119.14354 -89.77447 -5.9276166 -4.2021637 23.264189 -26.896467 1260255878239
117.38636 -92.88574 -6.3812356 -4.2021637 23.264189 -26.896467 1260255878252
117.38636 -92.88574 -6.3812356 -7.810389 2.793665 -20.302494 1260255878258
115.86704 -95.89146 -6.812174 -7.810389 2.793665 -20.302494 1260255878261
115.86704 -95.89146 -6.812174 -10.802422 19.866663 -19.670929 1260255878264
114.67369 -98.89688 -7.2215652 -10.802422 19.866663 -19.670929 1260255878272
114.67369 -98.89688 -7.2215652 -12.494753 -2.4117723 -16.097864 1260255878276
113.840004 -101.90204 -7.560487 -12.494753 -2.4117723 -16.097864 1260255878279
113.840004 -101.90204 -7.560487 -12.649822 14.467656 -11.396181 1260255878284
114.298004 -104.90694 -8.1324625 -12.649822 14.467656 -11.396181 1260255878292
114.298004 -104.90694 -8.1324625 -11.656183 -7.1531124 -5.3488183 1260255878296
115.9831 -98.711586 -9.675839 -11.656183 -7.1531124 -5.3488183 1260255878300
115.9831 -98.711586 -9.675839 1.0317405 -10.234267 3.9018478 1260255878305
117.33395 -92.62601 -9.342048 1.0317405 -10.234267 3.9018478 1260255878320
117.33395 -92.62601 -9.342048 -1.272924 -13.410282 9.105702 1260255878323
118.61725 -86.79471 -8.774945 -1.272924 -13.410282 9.105702 1260255878332
118.61725 -86.79471 -8.774945 -5.3029857 -14.811567 10.248438 1260255878335
119.936386 -81.35497 -7.9361978 -5.3029857 -14.811567 10.248438 1260255878339
119.936386 -81.35497 -7.9361978 -7.642123 -9.149134 13.947666 1260255878342
121.33957 -76.38722 -6.7893877 -7.642123 -9.149134 13.947666 1260255878351
121.33957 -76.38722 -6.7893877 -1.0877488 3.7474327 18.112417 1260255878354
