197.75607 33.446095 14.466908 12.722582 -9.284924 10.627341 1260256384164
197.75607 33.446095 14.466908 12.445577 -12.85653 10.0558815 1260256384173
196.56827 33.27379 14.793563 12.445577 -12.85653 10.0558815 1260256384177
196.56827 33.27379 14.793563 10.991551 -13.961789 8.762303 1260256384182
195.78986 33.510098 15.3038845 10.991551 -13.961789 8.762303 1260256384189
195.78986 33.510098 15.3038845 7.7076426 -14.031628 10.41486 1260256384194
195.45036 33.734592 16.18869 7.7076426 -14.031628 10.41486 1260256384197
195.45036 33.734592 16.18869 0.37157154 -12.782728 11.057869 1260256384202
196.37784 33.747864 17.529255 0.37157154 -12.782728 11.057869 1260256384208
196.37784 33.747864 17.529255 -3.7735934 -11.821946 2.369665 1260256384213
198.75894 33.41047 19.352793 -3.7735934 -11.821946 2.369665 1260256384415
198.75894 33.41047 19.352793 11.604459 -12.787798 -0.24748397 1260256384423
201.771 32.789948 21.585154 11.604459 -12.787798 -0.24748397 1260256384430
201.771 32.789948 21.585154 11.865488 -12.811663 0.36454654 1260256384435
203.98245 32.40045 23.755896 11.865488 -12.811663 0.36454654 1260256384439
203.98245 32.40045 23.755896 -0.68130684 -12.290458 1.0858688 1260256384442
205.43333 38.33043 25.5681 -0.68130684 -12.290458 1.0858688 1260256384450
205.43333 38.33043 25.5681 13.830697 -11.218563 5.892792 1260256384454
206.46167 43.863907 27.139694 13.830697 -11.218563 5.892792 1260256384460
206.46167 43.863907 27.139694 18.798157 -4.8762975 -6.263133 1260256384463
207.53859 49.27071 28.63271 18.798157 -4.8762975 -6.263133 1260256384471
207.53859 49.27071 28.63271 5.552045 3.110993 -7.8591366 1260256384474
209.61166 54.857174 30.401073 5.552045 3.110993 -7.8591366 1260256384478
209.61166 54.857174 30.401073 -0.8738198 7.0182543 -3.0471425 1260256384483
214.63107 43.364315 32.93102 -0.8738198 7.0182543 -3.0471425 1260256384492
214.63107 43.364315 32.93102 14.728986 6.14113 -0.22269207 1260256384496
206.39952 39.2961 31.934467 14.728986 6.14113 -0.22269207 1260256384499
206.39952 39.2961 31.934467 6.0964613 -6.4324126 3.8768075 1260256384504
199.22954 36.681297 29.587744 6.0964613 -6.4324126 3.8768075 1260256384511
199.22954 36.681297 29.587744 -12.705196 11.267805 10.68928 1260256384516
192.41806 34.897232 26.908356 -12.705196 11.267805 10.68928 1260256384520
192.41806 34.897232 26.908356 1.395711 3.0748358 20.689003 1260256384523
185.84715 33.90237 24.012938 1.395711 3.0748358 20.689003 1260256384531
185.84715 33.90237 24.012938 -22.549456 -12.821951 17.996891 1260256384535
179.70479 33.957253 21.112291 -22.549456 -12.821951 17.996891 1260256384543
179.70479 33.957253 21.112291 -7.7359295 -21.07647 21.490438 1260256384553
174.31955 35.20939 18.556677 -7.7359295 -21.07647 21.490438 1260256384557
174.31955 35.20939 18.556677 -15.45542 -15.928877 -4.7347035 1260256384563
170.30357 39.198917 16.878843 -15.45542 -15.928877 -4.7347035 1260256384569
170.30357 39.198917 16.878843 -16.177399 -34.441765 -9.001285 1260256384575
168.1884 43.58897 15.984901 -16.177399 -34.441765 -9.001285 1260256384578
168.1884 43.58897 15.984901 -3.0335643 -18.785694 -25.446175 1260256384583
167.67899 48.459522 15.535656 -3.0335643 -18.785694 -25.446175 1260256384590
167.67899 48.459522 15.535656 5.0717344 -8.148944 -19.107096 1260256384596
167.99504 53.336548 15.308873 5.0717344 -8.148944 -19.107096 1260256384599
167.99504 53.336548 15.308873 7.8669486 -12.349612 -8.12698 1260256384602
168.1453 58.269722 14.993429 7.8669486 -12.349612 -8.12698 1260256384610
168.1453 58.269722 14.993429 8.655339 -16.486134 -11.749444 1260256384613
166.03802 63.656235 14.193758 8.655339 -16.486134 -11.749444 1260256384617
166.03802 63.656235 14.193758 9.648108 -8.856137 -7.30913 1260256384622
160.73613 58.123425 11.434071 9.648108 -8.856137 -7.30913 1260256384633
160.73613 58.123425 11.434071 -10.616238 -7.8658333 0.40575194 1260256384636
155.19933 53.16725 9.112367 -10.616238 -7.8658333 0.40575194 1260256384644
155.19933 53.16725 9.112367 -0.37939644 1.5267527 12.000729 1260256384650
149.73936 48.40889 6.8067484 -0.37939644 1.5267527 12.000729 1260256384655
149.73936 48.40889 6.8067484 0.4458437 14.346673 0.94425344 1260256384659
142.5524 45.788445 2.2164109 0.4458437 14.346673 0.94425344 1260256384662
142.5524 45.788445 2.2164109 2.3794165 -9.121228 1.6882527 1260256384670
139.12477 49.849022 0.70559037 2.3794165 -9.121228 1.6882527 1260256384679
139.12477 49.849022 0.70559037 1.6288762 -4.0988903 2.9133666 1260256384682
138.06853 53.006573 0.37031084 1.6288762 -4.0988903 2.9133666 1260256384690
138.06853 53.006573 0.37031084 1.7487853 -19.7975 -15.005003 1260256384693
138.3651 56.006245 0.4517953 1.7487853 -19.7975 -15.005003 1260256384699
138.3651 56.006245 0.4517953 5.191061 -17.537271 -1.9558363 1260256384712
139.99684 58.955933 0.8792056 5.191061 -17.537271 -1.9558363 1260256384717
139.99684 58.955933 0.8792056 11.7161045 -32.10502 -15.848864 1260256384724
142.297 61.908134 1.4352453 11.7161045 -32.10502 -15.848864 1260256384730
142.297 61.908134 1.4352453 15.539614 -16.13927 -10.79253 1260256384739
144.18214 64.81273 1.963483 15.539614 -16.13927 -10.79253 1260256384749
144.18214 64.81273 1.963483 14.216177 -30.589344 -10.041302 1260256384752
145.42303 67.67209 2.3653088 14.216177 -30.589344 -10.041302 1260256384766
145.42303 67.67209 2.3653088 10.5436945 -8.721932 -11.65161 1260256384778
145.80188 70.53848 2.4970434 10.5436945 -8.721932 -11.65161 1260256384788
145.80188 70.53848 2.4970434 7.236629 -23.654657 -10.875086 1260256384798
144.46179 73.76156 1.9221911 7.236629 -23.654657 -10.875086 1260256384808
144.46179 73.76156 1.9221911 7.2943077 1.3341331 -8.01828 1260256384811
138.3887 78.27348 -1.0239185 7.2943077 1.3341331 -8.01828 1260256384830
138.3887 78.27348 -1.0239185 -14.309164 -4.5678873 -8.280771 1260256384833
133.21927 73.409805 -3.4227226 -14.309164 -4.5678873 -8.280771 1260256384853
133.21927 73.409805 -3.4227226 -5.875514 12.594381 10.220287 1260256384857
128.4583 68.939316 -4.8515863 -5.875514 12.594381 10.220287 1260256384868
128.4583 68.939316 -4.8515863 -0.8777981 7.256714 17.23374 1260256384873
123.88538 65.14235 -6.109007 -0.8777981 7.256714 17.23374 1260256384888
123.88538 65.14235 -6.109007 -10.764287 -4.2016373 15.095974 1260256384891
119.541115 62.33523 -7.4035563 -10.764287 -4.2016373 15.095974 1260256384911
119.541115 62.33523 -7.4035563 -21.176224 0.8692088 23.377941 1260256384914
116.21406 61.51847 -8.683378 -21.176224 0.8692088 23.377941 1260256384928
116.21406 61.51847 -8.683378 -16.315832 -3.176198 5.6102886 1260256385100
115.75336 63.892548 -8.899209 -16.315832 -3.176198 5.6102886 1260256385111
115.75336 63.892548 -8.899209 -9.642972 -28.029507 -9.1515045 1260256385117
117.81569 66.84792 -8.354249 -9.642972 -28.029507 -9.1515045 1260256385120
117.81569 66.84792 -8.354249 -7.4685636 -14.51908 -11.204643 1260256385123
121.424904 70.20553 -7.3865366 -7.4685636 -14.51908 -11.204643 1260256385131
121.424904 70.20553 -7.3865366 -3.0281339 -29.584778 -17.232399 1260256385134
125.30366 73.495255 -6.2672095 -3.0281339 -29.584778 -17.232399 1260256385140
125.30366 73.495255 -6.2672095 6.762425 -8.578362 -20.656637 1260256385143
128.53847 76.62049 -5.353849 6.762425 -8.578362 -20.656637 1260256385152
128.53847 76.62049 -5.353849 11.96533 -22.626827 -11.454261 1260256385155
129.81154 79.28947 -5.0361567 11.96533 -22.626827 -11.454261 1260256385159
129.81154 79.28947 -5.0361567 9.535992 -2.0394692 -9.596113 1260256385164
126.22096 77.524994 -6.784349 9.535992 -2.0394692 -9.596113 1260256385170
126.22096 77.524994 -6.784349 -8.603794 -12.559919 -2.4658103 1260256385176
121.55991 73.74874 -7.9951315 -8.603794 -12.559919 -2.4658103 1260256385179
121.55991 73.74874 -7.9951315 -17.071146 9.143141 12.543748 1260256385183
117.03192 70.0613 -8.9453745 -17.071146 9.143141 12.543748 1260256385193
117.03192 70.0613 -8.9453745 -14.885334 -8.086322 14.869541 1260256385199
112.78033 66.90823 -9.998106 -14.885334 -8.086322 14.869541 1260256385201
112.78033 66.90823 -9.998106 -8.250044 4.6285734 27.976791 1260256385212
108.74131 64.41282 -11.298201 -8.250044 4.6285734 27.976791 1260256385216
108.74131 64.41282 -11.298201 -6.799073 -17.808258 20.632366 1260256385219
104.95425 62.642178 -12.88329 -6.799073 -17.808258 20.632366 1260256385224
104.95425 62.642178 -12.88329 -21.482414 -11.078015 24.004753 1260256385233
101.65653 61.460068 -14.639126 -21.482414 -11.078015 24.004753 1260256385237
101.65653 61.460068 -14.639126 -28.068186 -6.6969833 5.087997 1260256385240
99.3737 65.08707 -16.00717 -28.068186 -6.6969833 5.087997 1260256385249
99.3737 65.08707 -16.00717 -14.041424 -25.6535 1.5756068 1260256385255
98.50502 68.532715 -16.65681 -14.041424 -25.6535 1.5756068 1260256385260
98.50502 68.532715 -16.65681 -4.988054 -13.651579 -18.062107 1260256385264
99.17977 72.10608 -16.62397 -4.988054 -13.651579 -18.062107 1260256385274
99.17977 72.10608 -16.62397 -0.5352869 -20.674532 -15.510571 1260256385280
101.22078 75.700775 -16.14277 -0.5352869 -20.674532 -15.510571 1260256385283
101.22078 75.700775 -16.14277 0.39613557 -21.961222 -34.06343 1260256385291
103.80974 79.21574 -15.485632 0.39613557 -21.961222 -34.06343 1260256385297
103.80974 79.21574 -15.485632 -3.7409012 -11.207672 -18.612236 1260256385304
106.16925 82.80495 -14.81135 -3.7409012 -11.207672 -18.612236 1260256385315
106.16925 82.80495 -14.81135 -8.895381 -23.232742 -28.38835 1260256385318
107.36079 86.4647 -14.370783 -8.895381 -23.232742 -28.38835 1260256385328
107.36079 86.4647 -14.370783 -12.325961 -1.2298632 -24.25511 1260256385337
105.94275 90.24146 -14.352243 -12.325961 -1.2298632 -24.25511 1260256385350
105.94275 90.24146 -14.352243 -15.022347 -14.471459 -19.16877 1260256385353
101.84561 94.12939 -14.984632 -15.022347 -14.471459 -19.16877 1260256385368
101.84561 94.12939 -14.984632 -14.413524 -2.479093 -22.399666 1260256385374
96.95333 97.92292 -16.9354 -14.413524 -2.479093 -22.399666 1260256385394
96.95333 97.92292 -16.9354 -1.1371212 2.7232175 -4.419013 1260256385398
93.40566 94.27677 -18.938631 -1.1371212 2.7232175 -4.419013 1260256385408
93.40566 94.27677 -18.938631 -13.824733 -6.862709 14.796574 1260256385411
90.135376 91.21294 -19.641699 -13.824733 -6.862709 14.796574 1260256385431
90.135376 91.21294 -19.641699 -20.092623 -12.153958 8.561042 1260256385434
86.97861 88.65229 -19.859613 -20.092623 -12.153958 8.561042 1260256385451
86.97861 88.65229 -19.859613 -20.81635 -26.02462 24.307877 1260256385455
83.92968 86.51968 -19.816633 -20.81635 -26.02462 24.307877 1260256385468
83.92968 86.51968 -19.816633 -19.195477 -15.107432 21.592094 1260256385471
81.133194 84.943695 -19.625801 -19.195477 -15.107432 21.592094 1260256385489
81.133194 84.943695 -19.625801 -15.010899 -22.669302 7.740822 1260256385492
79.07653 83.89651 -19.544512 -15.010899 -22.669302 7.740822 1260256385506
79.07653 83.89651 -19.544512 -13.099239 -27.80272 2.6022987 1260256385514
79.0727 85.20168 -19.467287 -13.099239 -27.80272 2.6022987 1260256385533
79.0727 85.20168 -19.467287 -10.729183 -11.590911 -9.90182 1260256385537
81.66907 87.6416 -18.893923 -10.729183 -11.590911 -9.90182 1260256385548
81.66907 87.6416 -18.893923 -2.6683898 -8.602921 -1.9799328 1260256385551
85.98561 90.90952 -17.849226 -2.6683898 -8.602921 -1.9799328 1260256385570
85.98561 90.90952 -17.849226 8.888319 -11.667076 -24.190613 1260256385574
91.586334 94.46405 -16.656765 8.888319 -11.667076 -24.190613 1260256385588
91.586334 94.46405 -16.656765 10.647844 -10.329659 -30.774668 1260256385594
96.75702 97.94085 -15.573927 10.647844 -10.329659 -30.774668 1260256385608
96.75702 97.94085 -15.573927 0.5972222 -1.3349953 -14.569028 1260256385617
98.46917 101.19381 -14.995231 0.5972222 -1.3349953 -14.569028 1260256385628
98.46917 101.19381 -14.995231 -7.7021885 -10.97473 -21.657637 1260256385631
96.59571 102.88412 -16.195469 -7.7021885 -10.97473 -21.657637 1260256385650
96.59571 102.88412 -16.195469 -1.6203275 -13.965176 2.7939718 1260256385653
93.315926 99.83991 -16.935696 -1.6203275 -13.965176 2.7939718 1260256385673
93.315926 99.83991 -16.935696 0.19864845 -5.4130015 6.558216 1260256385676
89.95013 96.99792 -17.23891 0.19864845 -5.4130015 6.558216 1260256385688
89.95013 96.99792 -17.23891 -0.50476265 -21.636168 16.69168 1260256385864
86.75262 94.498024 -17.376965 -0.50476265 -21.636168 16.69168 1260256385876
86.75262 94.498024 -17.376965 -0.72126675 -24.35564 18.691866 1260256385879
84.014984 92.47312 -17.508116 -0.72126675 -24.35564 18.691866 1260256385884
84.014984 92.47312 -17.508116 0.8944464 -10.642776 11.548454 1260256385893
83.01424 91.19946 -17.78271 0.8944464 -10.642776 11.548454 1260256385897
83.01424 91.19946 -17.78271 1.8123732 -15.063889 -3.2952127 1260256385902
85.16353 92.98949 -17.593575 1.8123732 -15.063889 -3.2952127 1260256385908
85.16353 92.98949 -17.593575 5.477428 -3.4913921 -7.9747825 1260256385914
89.45535 95.49001 -16.713896 5.477428 -3.4913921 -7.9747825 1260256385918
89.45535 95.49001 -16.713896 8.3594055 -22.25596 -19.045101 1260256385921
94.83259 98.11551 -15.578201 8.3594055 -22.25596 -19.045101 1260256385929
94.83259 98.11551 -15.578201 1.7964767 -8.761349 -16.8281 1260256385932
99.89096 100.40974 -14.499291 1.7964767 -8.761349 -16.8281 1260256385938
99.89096 100.40974 -14.499291 -5.9908924 -16.385118 -27.213793 1260256385941
103.94641 102.23925 -13.674327 -5.9908924 -16.385118 -27.213793 1260256385944
103.94641 102.23925 -13.674327 -7.638434 -27.986027 -19.872498 1260256385952
105.94909 103.427284 -13.390611 -7.638434 -27.986027 -19.872498 1260256385955
105.94909 103.427284 -13.390611 -10.3125725 -19.445946 -18.700832 1260256385959
104.301636 104.35592 -14.32108 -10.3125725 -19.445946 -18.700832 1260256385973
104.301636 104.35592 -14.32108 -18.28365 -7.7731056 -0.6532769 1260256385977
100.63655 100.788124 -15.855026 -18.28365 -7.7731056 -0.6532769 1260256385981
100.63655 100.788124 -15.855026 -10.577119 -11.69983 -1.434772 1260256385989
96.60472 96.29872 -17.112274 -10.577119 -11.69983 -1.434772 1260256385995
96.60472 96.29872 -17.112274 -3.683442 -12.709895 15.55547 1260256385998
92.574486 91.583786 -18.30666 -3.683442 -12.709895 15.55547 1260256386001
92.574486 91.583786 -18.30666 -8.720936 3.823535 8.334001 1260256386009
88.54576 87.154594 -19.791327 -8.720936 3.823535 8.334001 1260256386012
88.54576 87.154594 -19.791327 -20.155363 6.144589 14.885479 1260256386018
85.66847 84.59686 -21.40176 -20.155363 6.144589 14.885479 1260256386023
85.66847 84.59686 -21.40176 -15.36297 -9.715753 10.227354 1260256386034
86.63505 86.36702 -21.431673 -15.36297 -9.715753 10.227354 1260256386038
86.63505 86.36702 -21.431673 -12.0250635 -5.9622555 -5.9340076 1260256386043
90.853294 87.99867 -20.66009 -12.0250635 -5.9622555 -5.9340076 1260256386049
90.853294 87.99867 -20.66009 -11.971386 -22.58955 -14.188956 1260256386055
96.36063 89.54874 -19.527084 -11.971386 -22.58955 -14.188956 1260256386060
96.36063 89.54874 -19.527084 -5.0128303 -35.773132 -14.21258 1260256386070
102.0926 91.0213 -18.25073 -5.0128303 -35.773132 -14.21258 1260256386079
102.0926 91.0213 -18.25073 8.425126 -26.151108 -21.849428 1260256386082
107.08797 92.37024 -17.088194 8.425126 -26.151108 -21.849428 1260256386091
107.08797 92.37024 -17.088194 11.747367 -13.580493 -11.57522 1260256386094
110.48357 93.45173 -16.283785 11.747367 -13.580493 -11.57522 1260256386108
110.48357 93.45173 -16.283785 5.09117 -12.691952 -14.589569 1260256386114
111.60939 94.37914 -15.919596 5.09117 -12.691952 -14.589569 1260256386128
111.60939 94.37914 -15.919596 -0.62465763 -17.42377 -15.382795 1260256386134
110.52892 95.56019 -16.273617 -0.62465763 -17.42377 -15.382795 1260256386151
110.52892 95.56019 -16.273617 0.14485264 -21.079208 -5.478297 1260256386159
107.40247 97.73218 -17.909937 0.14485264 -21.079208 -5.478297 1260256386170
107.40247 97.73218 -17.909937 0.09378719 -3.5024734 -5.678005 1260256386173
103.03235 93.095566 -20.46444 0.09378719 -3.5024734 -5.678005 1260256386188
103.03235 93.095566 -20.46444 -19.815054 8.054984 3.488315 1260256386193
98.93073 87.49078 -21.991217 -19.815054 8.054984 3.488315 1260256386211
98.93073 87.49078 -21.991217 -11.522146 9.252291 -0.88869333 1260256386218
95.0842 81.916245 -23.241655 -11.522146 9.252291 -0.88869333 1260256386229
95.0842 81.916245 -23.241655 -3.9918451 5.2381387 6.8603735 1260256386232
90.97999 76.62043 -24.629572 -3.9918451 5.2381387 6.8603735 1260256386247
90.97999 76.62043 -24.629572 -9.997992 -1.4197431 11.690416 1260256386254
104.23099 71.88941 -26.748093 -9.997992 -1.4197431 11.690416 1260256386269
104.23099 71.88941 -26.748093 -25.780563 1.8071468 4.7795258 1260256386275
116.71944 59.34494 -29.710688 -25.780563 1.8071468 4.7795258 1260256386288
116.71944 59.34494 -29.710688 -7.109562 -2.9631515 0.17364073 1260256386297
111.683464 64.4277 -31.475153 -7.109562 -2.9631515 0.17364073 1260256386310
111.683464 64.4277 -31.475153 -15.916592 -15.340408 -4.5354123 1260256386313
108.29929 68.206314 -32.151394 -15.916592 -15.340408 -4.5354123 1260256386328
108.29929 68.206314 -32.151394 -18.860704 -3.4392276 -0.31341648 1260256386334
106.28433 70.846 -31.943825 -18.860704 -3.4392276 -0.31341648 1260256386354
106.28433 70.846 -31.943825 -14.361725 -26.795345 -5.3136806 1260256386358
112.17011 72.8037 -31.246634 -14.361725 -26.795345 -5.3136806 1260256386368
112.17011 72.8037 -31.246634 -5.71745 -16.776426 -11.110323 1260256386371
118.011604 74.46352 -30.484303 -5.71745 -16.776426 -11.110323 1260256386391
118.011604 74.46352 -30.484303 0.8236599 -16.34723 2.3559742 1260256386394
123.06103 74.44034 -29.760088 0.8236599 -16.34723 2.3559742 1260256386411
123.06103 74.44034 -29.760088 2.450457 -16.759235 0.1613119 1260256386414
127.35798 74.26832 -29.122084 2.450457 -16.759235 0.1613119 1260256386428
127.35798 74.26832 -29.122084 0.033848763 -14.659496 0.17481422 1260256386437
131.09007 73.854904 -28.565979 0.033848763 -14.659496 0.17481422 1260256386449
131.09007 73.854904 -28.565979 -4.3873873 -11.151794 5.762324 1260256386603
