205.27255 -5.1433725 47.032894 16.94528 7.458209 1.3407435 1260255995445
205.27255 -5.1433725 47.032894 11.514399 -8.890222 -4.499386 1260255995448
206.35893 4.063796 48.83125 11.514399 -8.890222 -4.499386 1260255995451
206.35893 4.063796 48.83125 0.6835661 7.551172 -2.0998547 1260255995454
206.64099 12.460607 50.439686 0.6835661 7.551172 -2.0998547 1260255995470
206.64099 12.460607 50.439686 10.769723 -0.21851575 9.052931 1260255995474
204.45894 12.687576 50.367702 10.769723 -0.21851575 9.052931 1260255995485
204.45894 12.687576 50.367702 7.7012234 -3.745535 14.921158 1260255995489
200.986 12.753198 48.499317 7.7012234 -3.745535 14.921158 1260255995494
200.986 12.753198 48.499317 -6.26296 -5.2389803 11.941679 1260255995500
197.5367 12.615538 46.324352 -6.26296 -5.2389803 11.941679 1260255995507
197.5367 12.615538 46.324352 8.402586 -3.5189803 10.161852 1260255995510
194.25986 12.334761 44.108135 8.402586 -3.5189803 10.161852 1260255995513
194.25986 12.334761 44.108135 1.8837378 -0.025059223 26.774363 1260255995525
191.14687 12.068023 42.052727 1.8837378 -0.025059223 26.774363 1260255995530
191.14687 12.068023 42.052727 -8.454136 2.845408 11.224364 1260255995533
188.28952 12.014622 40.30009 -8.454136 2.845408 11.224364 1260255995547
188.28952 12.014622 40.30009 6.2967625 3.23009 2.242436 1260255995551
185.67505 13.06389 39.485085 6.2967625 3.23009 2.242436 1260255995558
185.67505 13.06389 39.485085 11.208441 -6.910763 1.1712787 1260255995564
182.9413 20.410696 38.41083 11.208441 -6.910763 1.1712787 1260255995567
182.9413 20.410696 38.41083 8.375692 -11.978799 -5.608028 1260255995571
182.84424 28.19016 36.99029 8.375692 -11.978799 -5.608028 1260255995579
182.84424 28.19016 36.99029 -4.0228786 -1.7501066 -21.455717 1260255995582
188.15202 17.980652 35.440777 -4.0228786 -1.7501066 -21.455717 1260255995588
188.15202 17.980652 35.440777 -5.3261843 9.008972 -25.535818 1260255995591
195.89442 8.581619 33.91874 -5.3261843 9.008972 -25.535818 1260255995602
195.89442 8.581619 33.91874 8.253722 -2.7416906 -21.367691 1260255995605
186.0997 -0.14746189 32.4728 8.253722 -2.7416906 -21.367691 1260255995654
186.0997 -0.14746189 32.4728 10.890389 8.413513 -23.646688 1260255995658
177.39471 -8.490089 30.99916 10.890389 8.413513 -23.646688 1260255995664
177.39471 -8.490089 30.99916 -2.4416118 14.584469 -34.389362 1260255995676
169.12498 -16.565584 29.549202 -2.4416118 14.584469 -34.389362 1260255995681
169.12498 -16.565584 29.549202 -8.325245 -2.6036415 -25.942966 1260255995690
161.56874 -24.537306 28.121742 -8.325245 -2.6036415 -25.942966 1260255995696
161.56874 -24.537306 28.121742 1.8164899 -3.6850128 -33.312172 1260255995699
154.99031 -14.51044 26.715654 1.8164899 -3.6850128 -33.312172 1260255995702
154.99031 -14.51044 26.715654 9.622215 7.5996814 -20.114815 1260255995713
149.1408 -5.784918 25.279871 9.622215 7.5996814 -20.114815 1260255995719
149.1408 -5.784918 25.279871 0.9872037 -9.2599 -3.8790855 1260255995722
146.58376 -0.34567183 23.415878 0.9872037 -9.2599 -3.8790855 1260255995725
146.58376 -0.34567183 23.415878 -12.079204 -7.4667926 -2.3226607 1260255995736
145.50456 2.521612 21.645084 -12.079204 -7.4667926 -2.3226607 1260255995740
145.50456 2.521612 21.645084 -0.8164458 -23.019073 17.88196 1260255995745
144.62933 4.7955313 19.96283 -0.8164458 -23.019073 17.88196 1260255995758
144.62933 4.7955313 19.96283 2.6901498 -12.094511 19.41437 1260255995762
143.79787 6.505755 18.314688 2.6901498 -12.094511 19.41437 1260255995777
143.79787 6.505755 18.314688 -12.581864 -23.642508 33.162178 1260255995780
143.00798 7.780467 16.748953 -12.581864 -23.642508 33.162178 1260255995783
143.00798 7.780467 16.748953 -15.498186 -26.67638 25.787308 1260255995787
142.15758 8.641443 15.211505 -15.498186 -26.67638 25.787308 1260255995803
142.15758 8.641443 15.211505 -1.6519599 -17.893333 29.246595 1260255995815
141.2497 9.109371 13.650929 -1.6519599 -17.893333 29.246595 1260255995818
141.2497 9.109371 13.650929 3.256876 -8.978463 13.352793 1260255995822
140.3372 10.003902 11.568383 3.256876 -8.978463 13.352793 1260255995835
140.3372 10.003902 11.568383 -12.934763 0.7870188 3.263658 1260255995838
149.22034 17.303707 9.589964 -12.934763 0.7870188 3.263658 1260255995842
149.22034 17.303707 9.589964 -5.316205 6.6370296 -6.3021874 1260255995850
156.65932 25.188522 8.660465 -5.316205 6.6370296 -6.3021874 1260255995858
156.65932 25.188522 8.660465 4.2349977 -2.1808133 -23.9933 1260255995861
155.12636 15.079096 8.127442 4.2349977 -2.1808133 -23.9933 1260255995864
155.12636 15.079096 8.127442 8.482428 -4.566056 -23.261627 1260255995872
148.97005 5.9251404 7.82107 8.482428 -4.566056 -23.261627 1260255995878
148.97005 5.9251404 7.82107 10.775358 9.427302 -28.981724 1260255995881
143.07155 -2.4211168 7.630017 10.775358 9.427302 -28.981724 1260255995884
143.07155 -2.4211168 7.630017 11.530191 16.544533 -30.919409 1260255995887
137.86797 -10.150061 7.398516 11.530191 16.544533 -30.919409 1260255995890
137.86797 -10.150061 7.398516 10.489876 4.9947724 -30.820667 1260255995893
133.32457 -17.542557 7.1285906 10.489876 4.9947724 -30.820667 1260255995907
133.32457 -17.542557 7.1285906 8.149973 0.07325649 -21.363968 1260255995911
127.75834 -25.415428 6.872161 8.149973 0.07325649 -21.363968 1260255995913
127.75834 -25.415428 6.872161 5.866224 4.0411353 -6.380653 1260255995924
126.82042 -19.044657 7.0785527 5.866224 4.0411353 -6.380653 1260255995931
126.82042 -19.044657 7.0785527 8.864372 -7.3891954 6.0899124 1260255995934
126.4294 -15.292424 7.2746253 8.864372 -7.3891954 6.0899124 1260255996146
126.4294 -15.292424 7.2746253 12.436718 -14.199829 6.6140547 1260255996150
126.05793 -12.177803 7.510894 12.436718 -14.199829 6.6140547 1260255996152
126.05793 -12.177803 7.510894 15.603183 -25.941265 22.936634 1260255996156
125.80503 -9.5689125 7.835349 15.603183 -25.941265 22.936634 1260255996163
125.80503 -9.5689125 7.835349 17.33035 -21.62023 22.442703 1260255996171
125.71478 -7.340467 8.193582 17.33035 -21.62023 22.442703 1260255996182
125.71478 -7.340467 8.193582 15.723587 -5.629133 17.355877 1260255996188
125.62904 -5.7234435 8.533902 15.723587 -5.629133 17.355877 1260255996192
125.62904 -5.7234435 8.533902 11.679565 -11.795729 8.222019 1260255996202
125.39759 -5.2872715 8.507207 11.679565 -11.795729 8.222019 1260255996205
125.39759 -5.2872715 8.507207 8.926561 -8.660562 4.9609795 1260255996211
124.27771 -7.5229077 7.1318464 8.926561 -8.660562 4.9609795 1260255996214
124.27771 -7.5229077 7.1318464 5.351691 14.062162 5.606058 1260255996222
123.163826 -13.046762 5.375254 5.351691 14.062162 5.606058 1260255996225
123.163826 -13.046762 5.375254 -12.478178 13.409308 5.0757036 1260255996229
122.205635 -18.494425 3.6564913 -12.478178 13.409308 5.0757036 1260255996234
122.205635 -18.494425 3.6564913 -11.2820215 7.870058 -10.625861 1260255996246
121.59535 -24.019703 1.8736666 -11.2820215 7.870058 -10.625861 1260255996249
121.59535 -24.019703 1.8736666 1.6856909 2.4866018 -6.372156 1260255996253
121.41559 -29.718718 0.17998329 1.6856909 2.4866018 -6.372156 1260255996264
121.41559 -29.718718 0.17998329 -6.1318526 0.24829292 -9.0336685 1260255996269
121.79481 -35.582783 -1.2290158 -6.1318526 0.24829292 -9.0336685 1260255996282
121.79481 -35.582783 -1.2290158 -15.893512 -0.75014496 -11.347508 1260255996285
123.30507 -41.753643 -2.317565 -15.893512 -0.75014496 -11.347508 1260255996291
123.30507 -41.753643 -2.317565 -11.591471 -3.764016 -5.5185704 1260255996294
117.78982 -31.215961 -2.5516868 -11.591471 -3.764016 -5.5185704 1260255996299
117.78982 -31.215961 -2.5516868 -6.1870704 -3.1452146 -14.205955 1260255996301
118.00033 -26.355164 -1.2741024 -6.1870704 -3.1452146 -14.205955 1260255996304
118.00033 -26.355164 -1.2741024 -6.021216 1.420466 1.8497713 1260255996319
117.55031 -22.387405 -0.26039734 -6.021216 1.420466 1.8497713 1260255996323
117.55031 -22.387405 -0.26039734 3.524282 -18.560562 0.60771847 1260255996333
116.82279 -18.768036 0.55262256 3.524282 -18.560562 0.60771847 1260255996339
116.82279 -18.768036 0.55262256 12.458355 -21.351116 24.09956 1260255996342
116.031654 -15.329634 1.2249914 12.458355 -21.351116 24.09956 1260255996350
116.031654 -15.329634 1.2249914 16.915365 -20.243034 15.10994 1260255996353
115.23007 -11.863152 1.8637419 16.915365 -20.243034 15.10994 1260255996362
115.23007 -11.863152 1.8637419 16.424215 -30.63613 13.899781 1260255996365
114.66857 -7.8699937 2.5205548 16.424215 -30.63613 13.899781 1260255996377
114.66857 -7.8699937 2.5205548 11.804336 -11.626062 6.2567687 1260255996380
114.735146 -1.726494 3.244527 11.804336 -11.626062 6.2567687 1260255996383
114.735146 -1.726494 3.244527 4.3866806 -7.1124325 -4.317873 1260255996399
115.24839 5.659831 3.6823008 4.3866806 -7.1124325 -4.317873 1260255996402
115.24839 5.659831 3.6823008 -0.64511156 -5.9109106 -23.288774 1260255996405
116.83597 13.67684 3.9481857 -0.64511156 -5.9109106 -23.288774 1260255996416
116.83597 13.67684 3.9481857 -3.0569496 -15.072492 -28.591515 1260255996419
121.04417 21.792997 4.1507764 -3.0569496 -15.072492 -28.591515 1260255996430
121.04417 21.792997 4.1507764 -4.3447943 -4.162936 -23.13172 1260255996433
129.19196 11.803347 4.2932377 -4.3447943 -4.162936 -23.13172 1260255996437
129.19196 11.803347 4.2932377 -5.274166 7.5356193 -31.131256 1260255996439
140.68236 2.5131795 4.378576 -5.274166 7.5356193 -31.131256 1260255996456
140.68236 2.5131795 4.378576 -6.5758295 -2.7100875 -24.057484 1260255996459
136.49825 -6.2124796 4.259647 -6.5758295 -2.7100875 -24.057484 1260255996469
136.49825 -6.2124796 4.259647 -8.104403 2.6855073 -27.66227 1260255996473
138.12334 -14.701856 3.8466644 -8.104403 2.6855073 -27.66227 1260255996489
138.12334 -14.701856 3.8466644 -7.6179595 9.654257 -14.706711 1260255996493
132.01717 -5.716763 3.1043313 -7.6179595 9.654257 -14.706711 1260255996520
132.01717 -5.716763 3.1043313 -2.113826 -8.514105 -20.576551 1260255996523
129.1163 0.5690751 2.1491146 -2.113826 -8.514105 -20.576551 1260255996539
129.1163 0.5690751 2.1491146 4.8557487 -15.659466 -9.633852 1260255996543
127.160484 4.3906217 1.4916588 4.8557487 -15.659466 -9.633852 1260255996559
127.160484 4.3906217 1.4916588 6.5821667 -7.278919 1.7844257 1260255996563
125.35246 7.4210906 1.1170758 6.5821667 -7.278919 1.7844257 1260255996590
125.35246 7.4210906 1.1170758 6.4385204 -28.686382 10.600678 1260255996593
123.53484 9.900036 0.911222 6.4385204 -28.686382 10.600678 1260255996607
123.53484 9.900036 0.911222 6.4777884 -15.251719 7.4361706 1260255996611
121.658104 11.855034 0.91566086 6.4777884 -15.251719 7.4361706 1260255996627
121.658104 11.855034 0.91566086 8.261394 -9.960138 18.497307 1260255996630
119.825195 13.362283 1.1698778 8.261394 -9.960138 18.497307 1260255996649
119.825195 13.362283 1.1698778 11.0523205 -19.342155 16.323399 1260255996653
118.533936 14.544168 1.8613839 11.0523205 -19.342155 16.323399 1260255996680
118.533936 14.544168 1.8613839 13.1892185 -18.070608 12.688804 1260255996684
118.057236 15.46696 2.8183148 13.1892185 -18.070608 12.688804 1260255996697
118.057236 15.46696 2.8183148 7.5126 -9.067487 18.476315 1260255996700
119.35438 16.143612 4.0773993 7.5126 -9.067487 18.476315 1260255996720
119.35438 16.143612 4.0773993 -2.8366132 -1.0401464 13.14266 1260255996723
