227.59055 -24.127314 64.98474 -2.594602 -3.124702 2.184709 1260255825216
227.59055 -24.127314 64.98474 13.59336 -7.335229 -13.387663 1260255825219
230.11102 -31.620947 62.585503 13.59336 -7.335229 -13.387663 1260255825222
230.11102 -31.620947 62.585503 2.4044735 3.697697 -6.38556 1260255825225
233.80547 -38.6899 60.006226 2.4044735 3.697697 -6.38556 1260255825237
233.80547 -38.6899 60.006226 1.0953927 10.934978 -25.91673 1260255825240
238.4652 -45.255405 57.505913 1.0953927 10.934978 -25.91673 1260255825265
238.4652 -45.255405 57.505913 12.098667 13.468693 -22.153336 1260255825276
244.24193 -51.192635 55.080616 12.098667 13.468693 -22.153336 1260255825279
244.24193 -51.192635 55.080616 -5.88014 14.213482 -21.897623 1260255825285
232.22983 -56.733 52.776585 -5.88014 14.213482 -21.897623 1260255825295
232.22983 -56.733 52.776585 9.318792 8.87884 -29.465324 1260255825298
220.81833 -61.89635 50.637756 9.318792 8.87884 -29.465324 1260255825301
220.81833 -61.89635 50.637756 7.269333 -0.6964488 -14.141703 1260255825304
227.62741 -66.80154 48.705868 7.269333 -0.6964488 -14.141703 1260255825312
227.62741 -66.80154 48.705868 -6.203615 -1.1716533 -16.146116 1260255825320
232.39604 -71.86146 46.970573 -6.203615 -1.1716533 -16.146116 1260255825331
232.39604 -71.86146 46.970573 3.9346633 5.8566 -0.7454481 1260255825334
226.77625 -64.21838 45.022045 3.9346633 5.8566 -0.7454481 1260255825352
226.77625 -64.21838 45.022045 9.063227 5.0712795 1.263489 1260255825355
221.43744 -58.507465 42.320942 9.063227 5.0712795 1.263489 1260255825367
221.43744 -58.507465 42.320942 -12.443051 -3.8677921 10.891078 1260255825371
216.41557 -53.332092 39.654896 -12.443051 -3.8677921 10.891078 1260255825387
216.41557 -53.332092 39.654896 3.6481514 -19.056221 22.956438 1260255825390
211.64479 -48.71549 37.07215 3.6481514 -19.056221 22.956438 1260255825407
211.64479 -48.71549 37.07215 -12.61418 -30.895798 25.226519 1260255825410
207.06255 -44.629715 34.61854 -12.61418 -30.895798 25.226519 1260255825428
207.06255 -44.629715 34.61854 -7.1354165 -11.046671 17.599588 1260255825431
202.65942 -41.148228 32.337616 -7.1354165 -11.046671 17.599588 1260255825448
202.65942 -41.148228 32.337616 2.6992846 -13.835487 17.29072 1260255825454
198.37645 -38.290817 30.120735 2.6992846 -13.835487 17.29072 1260255825467
198.37645 -38.290817 30.120735 -13.489019 0.20876312 20.08337 1260255825471
194.25763 -35.876278 27.864698 -13.489019 0.20876312 20.08337 1260255825493
194.25763 -35.876278 27.864698 0.94747925 -11.329129 12.742996 1260255825498
190.44475 -34.182465 24.371464 0.94747925 -11.329129 12.742996 1260255825510
190.44475 -34.182465 24.371464 -8.77631 3.7125518 -4.3950925 1260255825514
186.2725 -40.32334 22.70289 -8.77631 3.7125518 -4.3950925 1260255825536
186.2725 -40.32334 22.70289 -7.4905343 7.47571 0.25236225 1260255825539
180.00888 -46.307175 21.617746 -7.4905343 7.47571 0.25236225 1260255825547
180.00888 -46.307175 21.617746 3.7519605 12.482405 -8.068041 1260255825550
173.00844 -52.091816 20.736858 3.7519605 12.482405 -8.068041 1260255825567
173.00844 -52.091816 20.736858 10.920422 16.291946 -20.0409 1260255825571
166.05801 -57.537224 20.000015 10.920422 16.291946 -20.0409 1260255825780
166.05801 -57.537224 20.000015 11.54841 16.902306 -23.311838 1260255825783
159.20511 -62.660362 19.350014 11.54841 16.902306 -23.311838 1260255825794
159.20511 -62.660362 19.350014 8.243598 8.515635 -20.035353 1260255825798
152.74486 -67.52734 18.682512 8.243598 8.515635 -20.035353 1260255825803
152.74486 -67.52734 18.682512 1.8437635 0.71630764 -29.324455 1260255825812
147.25761 -72.15098 17.998386 1.8437635 0.71630764 -29.324455 1260255825816
147.25761 -72.15098 17.998386 -4.823102 11.493901 -34.98507 1260255825819
142.44473 -76.64343 17.248466 -4.823102 11.493901 -34.98507 1260255825824
142.44473 -76.64343 17.248466 -8.297265 17.784233 -26.15067 1260255825831
138.47249 -81.061264 16.436043 -8.297265 17.784233 -26.15067 1260255825837
138.47249 -81.061264 16.436043 -6.071814 -0.083717346 -27.200848 1260255825841
133.54886 -85.5082 15.76424 -6.071814 -0.083717346 -27.200848 1260255825844
133.54886 -85.5082 15.76424 0.116173506 -4.0633183 -5.158972 1260255825852
133.42142 -75.18279 16.376028 0.116173506 -4.0633183 -5.158972 1260255825855
133.42142 -75.18279 16.376028 -3.4148183 -6.930155 -8.686731 1260255825861
132.40034 -68.92365 16.457226 -3.4148183 -6.930155 -8.686731 1260255825864
132.40034 -68.92365 16.457226 -1.4309359 -14.749 2.2582345 1260255825872
131.43033 -63.17747 16.534365 -1.4309359 -14.749 2.2582345 1260255825875
131.43033 -63.17747 16.534365 1.6589656 -16.742746 11.350359 1260255825879
130.60881 -57.768597 16.707647 1.6589656 -16.742746 11.350359 1260255825884
130.60881 -57.768597 16.707647 3.373414 -15.095766 19.699308 1260255825896
129.92838 -52.830166 17.022264 3.373414 -15.095766 19.699308 1260255825899
129.92838 -52.830166 17.022264 3.1875296 -15.698165 22.350876 1260255825910
129.43196 -48.438656 17.671152 3.1875296 -15.698165 22.350876 1260255825914
129.43196 -48.438656 17.671152 3.339347 -23.67295 15.449868 1260255825920
129.16037 -44.966724 18.737595 3.339347 -23.67295 15.449868 1260255825923
129.16037 -44.966724 18.737595 8.875165 2.360694 16.325922 1260255825931
127.50235 -43.41839 20.300714 8.875165 2.360694 16.325922 1260255825934
127.50235 -43.41839 20.300714 16.839771 -2.9906826 6.423079 1260255825938
123.27723 -44.29747 20.685678 16.839771 -2.9906826 6.423079 1260255825943
123.27723 -44.29747 20.685678 13.43421 10.447282 -1.5442722 1260255825951
120.16337 -47.232597 19.901394 13.43421 10.447282 -1.5442722 1260255825957
120.16337 -47.232597 19.901394 9.408639 9.342709 -7.0928507 1260255825965
118.1052 -50.370968 18.406324 9.408639 9.342709 -7.0928507 1260255825971
118.1052 -50.370968 18.406324 -6.3412323 12.636377 5.180809 1260255825977
117.099945 -53.85242 16.336008 -6.3412323 12.636377 5.180809 1260255825980
117.099945 -53.85242 16.336008 -10.811274 6.8926587 3.0431256 1260255825988
117.044945 -57.7598 13.719208 -10.811274 6.8926587 3.0431256 1260255825994
117.044945 -57.7598 13.719208 1.5469394 18.489265 -2.658844 1260255826002
117.792694 -61.97181 10.683248 1.5469394 18.489265 -2.658844 1260255826005
117.792694 -61.97181 10.683248 -18.002048 -0.0721488 -5.642067 1260255826013
119.20306 -66.42322 7.449085 -18.002048 -0.0721488 -5.642067 1260255826019
119.20306 -66.42322 7.449085 0.11351681 1.0785255 -7.0450454 1260255826025
121.14291 -70.902054 4.376631 0.11351681 1.0785255 -7.0450454 1260255826037
121.14291 -70.902054 4.376631 -16.93465 13.453611 -3.3116477 1260255826044
123.23576 -75.10695 2.0077991 -16.93465 13.453611 -3.3116477 1260255826051
123.23576 -75.10695 2.0077991 3.444518 0.4682026 -8.685551 1260255826056
124.12398 -79.0016 0.80740917 3.444518 0.4682026 -8.685551 1260255826071
124.12398 -79.0016 0.80740917 4.5607195 -1.3017881 -11.445816 1260255826074
135.81778 -82.851524 1.7670387 4.5607195 -1.3017881 -11.445816 1260255826092
135.81778 -82.851524 1.7670387 11.872878 11.761487 -6.5203476 1260255826096
142.77689 -87.35895 4.378687 11.872878 11.761487 -6.5203476 1260255826109
142.77689 -87.35895 4.378687 -1.2778707 -4.366868 -8.305052 1260255826118
147.03804 -74.491 7.6597524 -1.2778707 -4.366868 -8.305052 1260255826129
147.03804 -74.491 7.6597524 23.808128 -10.321911 -3.397778 1260255826132
148.43614 -63.06645 10.476765 23.808128 -10.321911 -3.397778 1260255826148
148.43614 -63.06645 10.476765 11.293567 -7.3924446 -6.020128 1260255826151
148.11433 -58.063126 12.552927 11.293567 -7.3924446 -6.020128 1260255826174
148.11433 -58.063126 12.552927 21.87874 -7.1183996 3.834279 1260255826177
146.90862 -53.009968 14.075281 21.87874 -7.1183996 3.834279 1260255826188
146.90862 -53.009968 14.075281 31.015362 -17.47119 7.8584447 1260255826194
145.16318 -48.20947 15.221518 31.015362 -17.47119 7.8584447 1260255826209
145.16318 -48.20947 15.221518 22.791777 -29.38537 16.48952 1260255826212
143.30502 -43.798996 16.210442 22.791777 -29.38537 16.48952 1260255826232
143.30502 -43.798996 16.210442 9.418251 -17.654015 3.89528 1260255826235
141.63977 -39.809048 17.34992 9.418251 -17.654015 3.89528 1260255826249
141.63977 -39.809048 17.34992 0.9576359 -1.4784946 8.277573 1260255826258
140.85779 -36.268597 19.182425 0.9576359 -1.4784946 8.277573 1260255826271
140.85779 -36.268597 19.182425 10.897701 -14.579816 3.9782445 1260255826277
144.4649 -26.205166 20.623302 10.897701 -14.579816 3.9782445 1260255826290
144.4649 -26.205166 20.623302 14.665636 6.823683 -5.1256256 1260255826294
151.64166 -33.69491 20.442137 14.665636 6.823683 -5.1256256 1260255826313
151.64166 -33.69491 20.442137 12.766911 8.110924 -9.776759 1260255826317
145.35957 -40.410164 19.77003 12.766911 8.110924 -9.776759 1260255826329
145.35957 -40.410164 19.77003 9.502248 7.26369 -19.938404 1260255826334
140.8416 -46.589657 18.981527 9.502248 7.26369 -19.938404 1260255826513
140.8416 -46.589657 18.981527 2.556261 10.32915 -27.007376 1260255826519
136.79951 -52.410175 18.182451 2.556261 10.32915 -27.007376 1260255826522
136.79951 -52.410175 18.182451 -4.851186 15.094616 -25.93157 1260255826531
133.05954 -57.889668 17.423328 -4.851186 15.094616 -25.93157 1260255826534
133.05954 -57.889668 17.423328 -8.485557 17.1153 -23.445919 1260255826540
129.55656 -63.145184 16.652163 -8.485557 17.1153 -23.445919 1260255826543
129.55656 -63.145184 16.652163 -6.9439855 10.157703 -29.506762 1260255826552
126.37874 -68.287926 15.8695545 -6.9439855 10.157703 -29.506762 1260255826556
126.37874 -68.287926 15.8695545 -0.9774162 -1.4375739 -29.062637 1260255826560
123.5098 -73.27353 15.126077 -0.9774162 -1.4375739 -29.062637 1260255826565
123.5098 -73.27353 15.126077 5.7129784 -4.180502 -15.647295 1260255826571
120.134315 -78.15985 14.469773 5.7129784 -4.180502 -15.647295 1260255826577
120.134315 -78.15985 14.469773 9.75324 6.317913 -13.822329 1260255826580
114.1776 -82.901855 13.9962845 9.75324 6.317913 -13.822329 1260255826583
114.1776 -82.901855 13.9962845 10.99684 10.798258 -13.079937 1260255826591
122.31872 -87.65676 14.09647 10.99684 10.798258 -13.079937 1260255826594
122.31872 -87.65676 14.09647 12.5704365 -2.5743546 -9.467533 1260255826600
127.05278 -74.97392 15.391646 12.5704365 -2.5743546 -9.467533 1260255826605
127.05278 -74.97392 15.391646 7.638527 -5.7642856 -13.758987 1260255826616
127.85014 -69.175224 17.072063 7.638527 -5.7642856 -13.758987 1260255826620
127.85014 -69.175224 17.072063 -3.625688 -4.613507 -1.4355333 1260255826628
127.207634 -63.416462 17.71846 -3.625688 -4.613507 -1.4355333 1260255826633
127.207634 -63.416462 17.71846 -2.2347064 -4.1531262 10.111883 1260255826637
126.147255 -58.04564 17.832537 -2.2347064 -4.1531262 10.111883 1260255826640
126.147255 -58.04564 17.832537 -1.8656678 -3.5473928 12.461387 1260255826649
124.98989 -53.043358 17.79091 -1.8656678 -3.5473928 12.461387 1260255826653
124.98989 -53.043358 17.79091 -2.1818829 -11.6186075 10.766441 1260255826659
123.890396 -48.29119 17.701365 -2.1818829 -11.6186075 10.766441 1260255826664
123.890396 -48.29119 17.701365 -2.6452312 -23.79108 13.840096 1260255826675
122.895874 -43.926632 17.816296 -2.6452312 -23.79108 13.840096 1260255826678
122.895874 -43.926632 17.816296 -1.7303438 -12.830791 18.56228 1260255826684
122.05108 -40.0303 18.325481 -1.7303438 -12.830791 18.56228 1260255826693
122.05108 -40.0303 18.325481 2.3283677 -1.4255915 4.7080564 1260255826697
121.39852 -36.828785 19.509207 2.3283677 -1.4255915 4.7080564 1260255826709
121.39852 -36.828785 19.509207 13.456172 -12.109787 11.951612 1260255826712
