298.8642 4.3178186 68.27858 1.9590826 8.277892 2.4176254 1260261047778
298.8642 4.3178186 68.27858 4.1804204 8.216145 0.1315608 1260261047787
298.12097 4.4519277 68.81465 4.1804204 8.216145 0.1315608 1260261047791
298.12097 4.4519277 68.81465 9.018085 8.039322 -0.6401042 1260261047794
297.26492 4.629331 69.37392 9.018085 8.039322 -0.6401042 1260261047799
297.26492 4.629331 69.37392 14.644494 8.0091915 0.33092898 1260261047825
295.9517 4.9978647 69.80522 14.644494 8.0091915 0.33092898 1260261047828
295.9517 4.9978647 69.80522 18.525002 6.8699884 2.9181561 1260261047834
295.25412 5.2979717 70.11496 18.525002 6.8699884 2.9181561 1260261047861
295.25412 5.2979717 70.11496 20.313627 5.906246 4.751932 1260261047864
295.7914 5.483073 70.15921 20.313627 5.906246 4.751932 1260261047867
295.7914 5.483073 70.15921 20.172062 5.164867 7.1224566 1260261047870
298.65186 5.3589196 69.85125 20.172062 5.164867 7.1224566 1260261047882
298.65186 5.3589196 69.85125 17.613037 7.154753 9.64584 1260261047890
285.16925 4.9409738 69.10869 17.613037 7.154753 9.64584 1260261047897
285.16925 4.9409738 69.10869 9.74442 10.226101 9.030803 1260261047903
273.76077 4.493925 67.85326 9.74442 10.226101 9.030803 1260261047910
273.76077 4.493925 67.85326 -1.3406677 10.466012 7.648855 1260261047913
263.77274 4.019229 65.860596 -1.3406677 10.466012 7.648855 1260261047916
263.77274 4.019229 65.860596 6.2384553 8.559987 15.824432 1260261047919
254.7841 3.7682674 63.067566 6.2384553 8.559987 15.824432 1260261047937
254.7841 3.7682674 63.067566 4.181883 6.006042 3.1370883 1260261047940
246.54489 3.779854 59.714188 4.181883 6.006042 3.1370883 1260261047951
246.54489 3.779854 59.714188 -1.1061665 5.1169615 19.377642 1260261047954
238.81764 3.9408615 55.978477 -1.1061665 5.1169615 19.377642 1260261047962
238.81764 3.9408615 55.978477 -8.24558 5.703922 5.430412 1260261047965
231.42676 4.1938186 51.979553 -8.24558 5.703922 5.430412 1260261047982
231.42676 4.1938186 51.979553 5.5317607 6.9724813 10.023481 1260261047985
224.35542 4.5341277 47.580574 5.5317607 6.9724813 10.023481 1260261048002
224.35542 4.5341277 47.580574 -9.1567745 7.9966416 8.097407 1260261048005
217.18765 5.2574215 42.551544 -9.1567745 7.9966416 8.097407 1260261048022
217.18765 5.2574215 42.551544 -14.811687 6.3506503 3.9780881 1260261048026
207.32826 12.744551 37.22397 -14.811687 6.3506503 3.9780881 1260261048042
207.32826 12.744551 37.22397 -9.427352 -4.09326 7.9635425 1260261048045
213.91185 20.057323 33.26277 -9.427352 -4.09326 7.9635425 1260261048062
213.91185 20.057323 33.26277 5.08408 -11.517611 -5.2252984 1260261048066
220.36626 27.404457 30.599632 5.08408 -11.517611 -5.2252984 1260261048082
220.36626 27.404457 30.599632 -10.436528 -9.737002 -13.304693 1260261048086
210.14795 34.684235 28.769651 -10.436528 -9.737002 -13.304693 1260261048104
210.14795 34.684235 28.769651 -5.9656014 -0.24612737 -3.9776354 1260261048107
208.94055 41.800022 27.43117 -5.9656014 -0.24612737 -3.9776354 1260261048122
208.94055 41.800022 27.43117 7.9447007 7.302362 -10.9681225 1260261048125
210.89352 48.56002 26.459612 7.9447007 7.302362 -10.9681225 1260261048142
210.89352 48.56002 26.459612 11.6755295 8.880432 -16.71667 1260261048145
213.79884 54.98202 25.886631 11.6755295 8.880432 -16.71667 1260261048162
213.79884 54.98202 25.886631 11.025551 8.80563 -16.641655 1260261048166
216.4089 60.98292 25.4923 11.025551 8.80563 -16.641655 1260261048182
216.4089 60.98292 25.4923 9.032583 7.775315 -19.625809 1260261048185
218.68846 66.533775 25.267685 9.032583 7.775315 -19.625809 1260261048201
218.68846 66.533775 25.267685 8.223954 2.4706712 -25.837025 1260261048205
220.85403 71.65709 25.254301 8.223954 2.4706712 -25.837025 1260261048222
220.85403 71.65709 25.254301 9.796414 -9.302626 -26.07808 1260261048226
222.61133 76.324234 25.341585 9.796414 -9.302626 -26.07808 1260261048242
222.61133 76.324234 25.341585 11.5252075 -13.185235 -11.903505 1260261048245
223.63077 80.50802 25.524506 11.5252075 -13.185235 -11.903505 1260261048262
223.63077 80.50802 25.524506 14.052437 1.7766218 -13.383719 1260261048265
223.89923 84.132614 25.79828 14.052437 1.7766218 -13.383719 1260261048281
223.89923 84.132614 25.79828 16.811413 -15.6798935 -21.470459 1260261048285
223.00427 87.17598 26.058367 16.811413 -15.6798935 -21.470459 1260261048309
223.00427 87.17598 26.058367 18.304218 -4.5164332 -8.703995 1260261048312
220.85406 89.66718 26.305449 18.304218 -4.5164332 -8.703995 1260261048322
220.85406 89.66718 26.305449 18.840324 -22.81779 -10.292266 1260261048326
217.61136 91.63383 26.290176 18.840324 -22.81779 -10.292266 1260261048517
217.61136 91.63383 26.290176 17.02423 -9.53055 -11.668729 1260261048520
212.88078 92.90214 26.125668 17.02423 -9.53055 -11.668729 1260261048523
212.88078 92.90214 26.125668 14.70566 -5.1300898 -2.591326 1260261048526
207.38675 93.757034 25.819384 14.70566 -5.1300898 -2.591326 1260261048529
