198.64948 47.443653 16.651 -6.569376 -7.3961287 9.9657545 1260255960491
198.64948 47.443653 16.651 -6.0111103 -4.165475 10.149504 1260255960494
195.217 48.52147 16.368448 -6.0111103 -4.165475 10.149504 1260255960498
195.217 48.52147 16.368448 -4.3097553 1.5356197 4.0034227 1260255960503
192.25615 49.795395 16.300026 -4.3097553 1.5356197 4.0034227 1260255960509
192.25615 49.795395 16.300026 -3.1536644 -4.346073 -6.350928 1260255960515
189.49335 52.705624 16.285025 -3.1536644 -4.346073 -6.350928 1260255960542
189.49335 52.705624 16.285025 -2.9221005 -14.891405 4.9392304 1260255960551
187.11868 55.820343 16.270773 -2.9221005 -14.891405 4.9392304 1260255960554
187.11868 55.820343 16.270773 -2.6955488 -1.7172313 -9.154821 1260255960558
185.36275 59.379326 16.457233 -2.6955488 -1.7172313 -9.154821 1260255960565
185.36275 59.379326 16.457233 -3.596626 -10.25794 2.2821527 1260255960577
183.99461 63.46036 16.484371 -3.596626 -10.25794 2.2821527 1260255960580
183.99461 63.46036 16.484371 -3.9523134 -11.931818 -12.561111 1260255960588
182.84488 67.887344 16.310152 -3.9523134 -11.931818 -12.561111 1260255960592
182.84488 67.887344 16.310152 -2.8543577 3.65809 -12.727858 1260255960597
181.90263 72.49297 15.994644 -2.8543577 3.65809 -12.727858 1260255960603
181.90263 72.49297 15.994644 -0.23776293 -2.5678117 -4.195593 1260255960613
180.4075 77.018326 15.544912 -0.23776293 -2.5678117 -4.195593 1260255960619
180.4075 77.018326 15.544912 3.6202602 -14.92296 -15.813341 1260255960622
178.68713 81.31741 15.067667 3.6202602 -14.92296 -15.813341 1260255960632
178.68713 81.31741 15.067667 7.7753124 -2.190778 -26.412395 1260255960636
177.15277 85.451546 14.564283 7.7753124 -2.190778 -26.412395 1260255960649
177.15277 85.451546 14.564283 10.894559 -0.19000864 -17.909489 1260255960655
175.59514 89.42897 14.036069 10.894559 -0.19000864 -17.909489 1260255960672
175.59514 89.42897 14.036069 11.506986 -15.860094 -22.395756 1260255960679
173.46538 93.20752 13.434265 11.506986 -15.860094 -22.395756 1260255960690
173.46538 93.20752 13.434265 8.362425 2.446278 -19.731153 1260255960693
170.0921 96.74715 12.662552 8.362425 2.446278 -19.731153 1260255960709
170.0921 96.74715 12.662552 0.055801153 -12.366901 -29.767225 1260255960716
165.8875 99.80979 11.629424 0.055801153 -12.366901 -29.767225 1260255960729
165.8875 99.80979 11.629424 -10.920101 -1.2793679 -14.872899 1260255960736
161.69312 102.169304 10.197953 -10.920101 -1.2793679 -14.872899 1260255960749
161.69312 102.169304 10.197953 -12.224468 -19.80223 -14.195742 1260255960753
157.70847 103.46084 8.388056 -12.224468 -19.80223 -14.195742 1260255960772
157.70847 103.46084 8.388056 -0.0774622 -17.518478 -3.5265102 1260255960775
153.27304 101.287796 6.468653 -0.0774622 -17.518478 -3.5265102 1260255960789
153.27304 101.287796 6.468653 -9.947177 -26.927864 8.691486 1260255960796
148.1594 98.82341 4.6952205 -9.947177 -26.927864 8.691486 1260255960812
148.1594 98.82341 4.6952205 -24.808178 -14.671924 11.53213 1260255960820
142.65143 96.23224 3.1104593 -24.808178 -14.671924 11.53213 1260255960829
142.65143 96.23224 3.1104593 -16.897442 -36.73168 23.414454 1260255960832
136.91885 93.52063 1.7049364 -16.897442 -36.73168 23.414454 1260255960847
136.91885 93.52063 1.7049364 -7.2726097 -20.86242 24.218506 1260255960855
131.37291 90.8446 0.46968958 -7.2726097 -20.86242 24.218506 1260255960870
131.37291 90.8446 0.46968958 -10.628532 -27.950014 17.423586 1260255960877
126.10426 88.35236 -0.603795 -10.628532 -27.950014 17.423586 1260255960889
126.10426 88.35236 -0.603795 -18.258316 -27.010033 31.41285 1260255960898
121.24905 85.98475 -1.5736053 -18.258316 -27.010033 31.41285 1260255960911
121.24905 85.98475 -1.5736053 -20.464693 -11.261962 20.795599 1260255960914
117.18659 83.785515 -2.5949252 -20.464693 -11.261962 20.795599 1260255960929
117.18659 83.785515 -2.5949252 -14.546986 -25.314678 20.573265 1260255960936
113.92726 81.89624 -3.765179 -14.546986 -25.314678 20.573265 1260255960955
113.92726 81.89624 -3.765179 -3.4574027 -16.948988 3.1917224 1260255960959
111.5809 80.351425 -5.12692 -3.4574027 -16.948988 3.1917224 1260255960969
111.5809 80.351425 -5.12692 0.34831047 -3.4493542 6.6210256 1260255960972
110.251854 82.43385 -6.4705744 0.34831047 -3.4493542 6.6210256 1260255960991
110.251854 82.43385 -6.4705744 -9.180672 -18.520027 5.83037 1260255960995
109.53926 84.96216 -7.2470455 -9.180672 -18.520027 5.83037 1260255961009
109.53926 84.96216 -7.2470455 -13.811121 -9.700385 -14.102631 1260255961016
109.2623 88.16405 -7.484693 -13.811121 -9.700385 -14.102631 1260255961029
109.2623 88.16405 -7.484693 -12.980265 -11.802836 -12.577566 1260255961039
109.649185 91.70585 -7.310458 -12.980265 -11.802836 -12.577566 1260255961223
109.649185 91.70585 -7.310458 -10.076663 -3.0773 -26.875366 1260255961232
110.86673 95.32056 -6.9449353 -10.076663 -3.0773 -26.875366 1260255961236
110.86673 95.32056 -6.9449353 -6.0629454 -16.019068 -22.825634 1260255961239
112.573395 98.904526 -6.497689 -6.0629454 -16.019068 -22.825634 1260255961244
112.573395 98.904526 -6.497689 -1.2960703 3.1925845 -29.067156 1260255961251
114.54472 102.3593 -6.0728045 -1.2960703 3.1925845 -29.067156 1260255961257
114.54472 102.3593 -6.0728045 3.1634257 -15.9056015 -31.520468 1260255961260
114.54472 102.3593 -6.0728045 2.8365374 -15.360787 -30.757729 1260255961263
115.51749 105.69133 -5.8191643 2.8365374 -15.360787 -30.757729 1260255961271
115.51749 105.69133 -5.8191643 4.1271796 3.602777 -22.940792 1260255961275
114.991615 108.80676 -5.728206 4.1271796 3.602777 -22.940792 1260255961280
114.991615 108.80676 -5.728206 3.3115034 -13.953287 -27.518112 1260255961283
113.39204 111.56642 -5.991796 3.3115034 -13.953287 -27.518112 1260255961291
113.39204 111.56642 -5.991796 -1.202627 4.003559 -19.933666 1260255961294
111.972435 113.6381 -6.6922064 -1.202627 4.003559 -19.933666 1260255961298
111.972435 113.6381 -6.6922064 -9.999487 -13.067339 -7.028574 1260255961303
111.17381 114.4062 -7.7075963 -9.999487 -13.067339 -7.028574 1260255961314
111.17381 114.4062 -7.7075963 -18.058079 -23.53555 -7.556884 1260255961317
109.815125 114.43589 -8.572216 -18.058079 -23.53555 -7.556884 1260255961321
109.815125 114.43589 -8.572216 -16.450245 -29.1502 -1.879278 1260255961331
105.82437 111.8641 -9.043605 -16.450245 -29.1502 -1.879278 1260255961338
105.82437 111.8641 -9.043605 -12.226514 -14.888308 5.81332 1260255961341
118.43315 109.17089 -9.191424 -12.226514 -14.888308 5.81332 1260255961344
118.43315 109.17089 -9.191424 -9.03548 -34.64327 22.940102 1260255961352
130.01149 106.412346 -8.931853 -9.03548 -34.64327 22.940102 1260255961355
130.01149 106.412346 -8.931853 -7.279751 -23.884827 11.68117 1260255961361
140.96092 103.74173 -8.385261 -7.279751 -23.884827 11.68117 1260255961370
140.96092 103.74173 -8.385261 -7.345918 -25.678026 24.743528 1260255961374
151.36287 101.354645 -7.5659976 -7.345918 -25.678026 24.743528 1260255961377
151.36287 101.354645 -7.5659976 -5.541862 -30.671263 17.432205 1260255961385
161.44473 99.28691 -6.5876975 -5.541862 -30.671263 17.432205 1260255961394
161.44473 99.28691 -6.5876975 1.7334661 -9.514569 12.970788 1260255961398
153.52249 97.42257 -5.658313 1.7334661 -9.514569 12.970788 1260255961410
153.52249 97.42257 -5.658313 8.756658 -12.2190695 -1.9508376 1260255961418
147.24637 95.80144 -5.125397 8.756658 -12.2190695 -1.9508376 1260255961425
147.24637 95.80144 -5.125397 9.629769 -16.513393 3.1592283 1260255961434
142.08405 93.41137 -6.5691276 9.629769 -16.513393 3.1592283 1260255961442
142.08405 93.41137 -6.5691276 -4.303303 5.2309227 7.32216 1260255961444
152.02985 80.5408 -9.690671 -4.303303 5.2309227 7.32216 1260255961455
152.02985 80.5408 -9.690671 -1.2249212 10.02396 -4.8287177 1260255961459
160.92836 68.61376 -12.256137 -1.2249212 10.02396 -4.8287177 1260255961476
160.92836 68.61376 -12.256137 -3.3280857 7.406173 5.936674 1260255961479
169.98195 57.033073 -14.89333 -3.3280857 7.406173 5.936674 1260255961489
169.98195 57.033073 -14.89333 -16.2004 -1.7034152 -9.124065 1260255961492
179.13286 45.58142 -17.648663 -16.2004 -1.7034152 -9.124065 1260255961512
179.13286 45.58142 -17.648663 -2.4673843 -7.9709415 -3.9821482 1260255961515
170.32622 34.35235 -20.26623 -2.4673843 -7.9709415 -3.9821482 1260255961533
170.32622 34.35235 -20.26623 -22.500584 -1.8059126 -6.117414 1260255961538
162.3099 41.43473 -22.402918 -22.500584 -1.8059126 -6.117414 1260255961549
162.3099 41.43473 -22.402918 -8.295185 4.422692 1.3677087 1260255961552
154.64441 48.062992 -23.882772 -8.295185 4.422692 1.3677087 1260255961570
154.64441 48.062992 -23.882772 -1.2013359 6.4651203 -9.751992 1260255961574
147.51219 54.35984 -24.638634 -1.2013359 6.4651203 -9.751992 1260255961592
147.51219 54.35984 -24.638634 -3.1704679 6.5979295 -14.724174 1260255961595
142.13658 60.14185 -24.556702 -3.1704679 6.5979295 -14.724174 1260255961614
142.13658 60.14185 -24.556702 1.047718 2.2881088 -17.283043 1260255961618
142.52975 64.53476 -23.628866 1.047718 2.2881088 -17.283043 1260255961629
142.52975 64.53476 -23.628866 8.960843 -14.209319 -7.1144247 1260255961632
145.00327 66.45802 -22.297422 8.960843 -14.209319 -7.1144247 1260255961652
145.00327 66.45802 -22.297422 3.6221752 -6.889536 5.7211885 1260255961655
153.4531 66.98512 -21.082552 3.6221752 -6.889536 5.7211885 1260255961673
153.4531 66.98512 -21.082552 -7.2247353 -9.725659 7.404885 1260255961676
162.28044 66.885864 -20.078424 -7.2247353 -9.725659 7.404885 1260255961688
162.28044 66.885864 -20.078424 -9.709391 -15.893263 8.9675255 1260255961698
170.56642 66.691574 -19.324503 -9.709391 -15.893263 8.9675255 1260255961708
170.56642 66.691574 -19.324503 -7.1646633 -21.323719 7.4115157 1260255961712
178.4881 66.407 -18.708279 -7.1646633 -21.323719 7.4115157 1260255961731
178.4881 66.407 -18.708279 -2.1205132 -22.837719 5.4966717 1260255961734
186.1137 66.38665 -18.172865 -2.1205132 -22.837719 5.4966717 1260255961754
186.1137 66.38665 -18.172865 2.2959847 -21.003704 3.7080703 1260255961758
182.908 66.817314 -17.91422 2.2959847 -21.003704 3.7080703 1260255961769
182.908 66.817314 -17.91422 3.0109363 -14.142916 -0.58319426 1260255961772
180.0626 69.02645 -17.86851 3.0109363 -14.142916 -0.58319426 1260255961790
180.0626 69.02645 -17.86851 2.873508 -15.531878 1.7378132 1260255961793
176.80948 72.32513 -17.975084 2.873508 -15.531878 1.7378132 1260255961813
176.80948 72.32513 -17.975084 2.302013 -10.348129 -15.968691 1260255961979
172.669 76.60887 -17.87633 2.302013 -10.348129 -15.968691 1260255961991
172.669 76.60887 -17.87633 3.4980345 -15.341293 -12.330979 1260255961999
166.78555 81.27843 -17.632513 3.4980345 -15.341293 -12.330979 1260255962002
166.78555 81.27843 -17.632513 5.406718 0.9829252 -13.235058 1260255962010
159.89627 85.96451 -17.300888 5.406718 0.9829252 -13.235058 1260255962014
159.89627 85.96451 -17.300888 6.351653 7.194599 -17.810328 1260255962019
153.70146 90.316284 -17.035843 6.351653 7.194599 -17.810328 1260255962022
153.70146 90.316284 -17.035843 5.453414 -9.330732 -16.660072 1260255962031
148.66638 94.25047 -16.88405 5.453414 -9.330732 -16.660072 1260255962034
148.66638 94.25047 -16.88405 4.333822 -3.812852 -22.196808 1260255962040
144.48306 97.83795 -16.739847 4.333822 -3.812852 -22.196808 1260255962044
144.48306 97.83795 -16.739847 3.589417 -0.5714812 -13.842049 1260255962052
141.00891 101.14606 -16.602856 3.589417 -0.5714812 -13.842049 1260255962055
141.00891 101.14606 -16.602856 3.0417118 -10.953247 -22.78179 1260255962059
138.10846 104.18875 -16.472713 3.0417118 -10.953247 -22.78179 1260255962064
138.10846 104.18875 -16.472713 2.453826 -0.7881851 -10.861925 1260255962070
135.55304 106.92931 -16.449078 2.453826 -0.7881851 -10.861925 1260255962076
135.55304 106.92931 -16.449078 1.780858 -7.4187093 -22.913237 1260255962079
133.22539 109.282845 -16.726624 1.780858 -7.4187093 -22.913237 1260255962092
133.22539 109.282845 -16.726624 2.1329012 -13.381166 -9.5734 1260255962096
130.81412 111.2687 -17.390293 2.1329012 -13.381166 -9.5734 1260255962101
130.81412 111.2687 -17.390293 2.166195 1.6715837 -11.119933 1260255962104
128.5234 112.80527 -18.420778 2.166195 1.6715837 -11.119933 1260255962112
128.5234 112.80527 -18.420778 -4.765163 -5.963376 1.7252216 1260255962115
126.04723 113.715004 -19.54974 -4.765163 -5.963376 1.7252216 1260255962119
126.04723 113.715004 -19.54974 -16.924961 -17.838503 4.3253136 1260255962124
123.04487 110.829254 -20.272253 -16.924961 -17.838503 4.3253136 1260255962133
123.04487 110.829254 -20.272253 -21.065712 -9.431147 1.3732595 1260255962139
117.74262 108.137794 -20.60864 -21.065712 -9.431147 1.3732595 1260255962149
117.74262 108.137794 -20.60864 -21.381155 -31.62165 7.3693194 1260255962153
129.15549 105.630905 -20.628208 -21.381155 -31.62165 7.3693194 1260255962159
129.15549 105.630905 -20.628208 -20.471718 -16.19254 10.540597 1260255962161
139.24771 103.24936 -20.496798 -20.471718 -16.19254 10.540597 1260255962173
139.24771 103.24936 -20.496798 -18.556503 -28.636621 13.294849 1260255962181
148.63533 100.83689 -20.221958 -18.556503 -28.636621 13.294849 1260255962184
148.63533 100.83689 -20.221958 -16.36346 -24.417198 15.543919 1260255962192
157.30356 98.59505 -19.86086 -16.36346 -24.417198 15.543919 1260255962198
157.30356 98.59505 -19.86086 -13.358895 -8.824871 9.39318 1260255962209
165.18839 96.5153 -19.517818 -13.358895 -8.824871 9.39318 1260255962217
165.18839 96.5153 -19.517818 -10.076689 -22.661942 4.2441006 1260255962220
172.07896 94.68953 -19.141928 -10.076689 -22.661942 4.2441006 1260255962230
172.07896 94.68953 -19.141928 -5.8891754 -17.169907 15.484148 1260255962240
177.17502 93.205055 -18.784832 -5.8891754 -17.169907 15.484148 1260255962254
177.17502 93.205055 -18.784832 -2.049357 -3.098629 9.7355585 1260255962257
