195.41177 31.408028 18.422558 9.482361 -7.4865346 11.306688 1260256248194
195.41177 31.408028 18.422558 -6.850746 -3.8588722 19.788847 1260256248198
188.34119 31.487627 16.70143 -6.850746 -3.8588722 19.788847 1260256248203
188.34119 31.487627 16.70143 -12.216025 -8.520143 5.860938 1260256248212
181.82413 32.463245 15.216358 -12.216025 -8.520143 5.860938 1260256248216
181.82413 32.463245 15.216358 1.0574756 -20.88216 5.0656033 1260256248219
176.48293 34.540085 14.15554 1.0574756 -20.88216 5.0656033 1260256248224
176.48293 34.540085 14.15554 7.945978 -17.155422 4.6202564 1260256248231
172.60878 37.06308 13.697763 7.945978 -17.155422 4.6202564 1260256248262
172.60878 37.06308 13.697763 10.557978 -12.212062 3.6806116 1260256248271
170.92834 40.609924 13.762876 10.557978 -12.212062 3.6806116 1260256248274
170.92834 40.609924 13.762876 13.738813 -18.790346 -6.334669 1260256248277
171.68193 44.62943 14.324732 13.738813 -18.790346 -6.334669 1260256248283
171.68193 44.62943 14.324732 16.34295 -19.46067 -6.170552 1260256248291
173.69783 48.847958 15.208495 16.34295 -19.46067 -6.170552 1260256248297
173.69783 48.847958 15.208495 12.062403 -1.1294422 -5.7536416 1260256248301
176.16293 53.05556 16.29807 12.062403 -1.1294422 -5.7536416 1260256248311
176.16293 53.05556 16.29807 1.2071352 -11.464819 4.348606 1260256248317
179.35478 57.20278 17.683167 1.2071352 -11.464819 4.348606 1260256248321
179.35478 57.20278 17.683167 -3.6294546 -11.261187 1.5754876 1260256248331
185.13704 61.442642 19.399008 -3.6294546 -11.261187 1.5754876 1260256248335
185.13704 61.442642 19.399008 9.285581 6.4108515 1.4003199 1260256248341
193.43019 59.67051 21.579058 9.285581 6.4108515 1.4003199 1260256248352
193.43019 59.67051 21.579058 7.6026487 -1.9914339 9.631622 1260256248355
200.95868 58.036983 23.600105 7.6026487 -1.9914339 9.631622 1260256248368
200.95868 58.036983 23.600105 -6.006409 -11.728014 0.4666541 1260256248375
204.11075 62.285133 25.0701 -6.006409 -11.728014 0.4666541 1260256248388
204.11075 62.285133 25.0701 3.7177958 1.8123977 7.864747 1260256248391
205.40521 66.12088 26.166595 3.7177958 1.8123977 7.864747 1260256248411
205.40521 66.12088 26.166595 13.365099 -2.9869845 -6.443041 1260256248415
206.43495 69.76484 27.108265 13.365099 -2.9869845 -6.443041 1260256248428
206.43495 69.76484 27.108265 14.565357 -11.064144 -5.21089 1260256248433
207.6132 73.276596 28.002851 14.565357 -11.064144 -5.21089 1260256248451
207.6132 73.276596 28.002851 8.961428 2.548211 2.36717 1260256248458
209.48254 76.662766 28.902708 8.961428 2.548211 2.36717 1260256248468
209.48254 76.662766 28.902708 1.3490849 -15.473158 -5.2368755 1260256248471
211.60841 79.87963 29.807573 1.3490849 -15.473158 -5.2368755 1260256248491
211.60841 79.87963 29.807573 -2.356379 3.2062712 -2.5989678 1260256248494
214.028 82.88565 30.667194 -2.356379 3.2062712 -2.5989678 1260256248508
214.028 82.88565 30.667194 0.8747091 -15.70035 0.21664667 1260256248681
216.5766 85.69137 31.483835 0.8747091 -15.70035 0.21664667 1260256248692
216.5766 85.69137 31.483835 7.774815 1.078527 -7.9786167 1260256248701
218.84776 88.2068 32.159645 7.774815 1.078527 -7.9786167 1260256248704
218.84776 88.2068 32.159645 12.64146 -8.26173 6.0620418 1260256248714
220.65538 90.39646 32.651665 12.64146 -8.26173 6.0620418 1260256248717
220.65538 90.39646 32.651665 13.926813 -11.575283 -3.0572948 1260256248723
220.22261 92.27664 32.86908 13.926813 -11.575283 -3.0572948 1260256248731
220.22261 92.27664 32.86908 12.796841 5.0343323 -0.95224166 1260256248735
219.91148 94.01281 33.025627 12.796841 5.0343323 -0.95224166 1260256248739
219.91148 94.01281 33.025627 11.277203 0.2521422 -0.6567191 1260256248744
214.3159 81.56217 31.824347 11.277203 0.2521422 -0.6567191 1260256248751
214.3159 81.56217 31.824347 3.9875083 1.4245429 8.371651 1260256248756
220.0001 69.034065 26.73313 3.9875083 1.4245429 8.371651 1260256248760
220.0001 69.034065 26.73313 6.172697 1.5009279 -1.4058771 1260256248763
209.3001 73.83236 22.196472 6.172697 1.5009279 -1.4058771 1260256248771
209.3001 73.83236 22.196472 -7.827572 8.110958 -2.3082955 1260256248774
201.08508 77.090744 18.93665 -7.827572 8.110958 -2.3082955 1260256248780
201.08508 77.090744 18.93665 -5.9168763 -16.278875 -4.5496674 1260256248783
195.33083 79.336205 16.789816 -5.9168763 -16.278875 -4.5496674 1260256248792
195.33083 79.336205 16.789816 -15.312078 -6.7647877 -2.3927388 1260256248796
198.11429 80.919395 15.500325 -15.312078 -6.7647877 -2.3927388 1260256248800
198.11429 80.919395 15.500325 -1.3712037 -13.501357 -14.033701 1260256248804
201.70857 82.27342 14.625309 -1.3712037 -13.501357 -14.033701 1260256248816
201.70857 82.27342 14.625309 7.5249276 -29.890005 -11.890764 1260256248819
205.42314 83.55975 13.844044 7.5249276 -29.890005 -11.890764 1260256248824
205.42314 83.55975 13.844044 8.9189005 -35.45038 -9.587847 1260256248831
209.25198 84.731766 13.101842 8.9189005 -35.45038 -9.587847 1260256248837
209.25198 84.731766 13.101842 4.5373235 -26.076895 -16.088718 1260256248840
212.98938 85.89518 12.3967495 4.5373235 -26.076895 -16.088718 1260256248844
212.98938 85.89518 12.3967495 -2.185521 -14.670381 -11.987833 1260256248852
216.3399 87.05042 11.676912 -2.185521 -14.670381 -11.987833 1260256248862
216.3399 87.05042 11.676912 -8.306599 -12.831805 -3.3283017 1260256248871
219.37291 88.2479 11.043067 -8.306599 -12.831805 -3.3283017 1260256248874
219.37291 88.2479 11.043067 -10.143079 -20.827244 -6.649494 1260256248878
221.05426 89.485504 10.340914 -10.143079 -20.827244 -6.649494 1260256248889
221.05426 89.485504 10.340914 -8.523015 -24.70209 -6.7263594 1260256248897
216.50154 90.91123 9.523868 -8.523015 -24.70209 -6.7263594 1260256248900
216.50154 90.91123 9.523868 -2.372386 -12.93096 3.8466449 1260256248909
210.12646 92.315674 8.497674 -2.372386 -12.93096 3.8466449 1260256248918
210.12646 92.315674 8.497674 6.095471 1.2946992 -1.8844144 1260256248921
202.42014 93.64989 6.9727902 6.095471 1.2946992 -1.8844144 1260256248933
202.42014 93.64989 6.9727902 4.001341 0.21812296 4.369469 1260256248936
193.64912 95.517395 4.5741506 4.001341 0.21812296 4.369469 1260256248948
193.64912 95.517395 4.5741506 -12.2262745 -12.260006 -0.4687031 1260256248957
201.86667 90.94153 1.4454429 -12.2262745 -12.260006 -0.4687031 1260256248968
201.86667 90.94153 1.4454429 6.767489 -1.8242984 0.6436908 1260256248971
208.82333 85.144455 -1.1268293 6.767489 -1.8242984 0.6436908 1260256248990
208.82333 85.144455 -1.1268293 -12.963283 5.384487 -1.3786268 1260256248993
212.88217 78.98723 -3.6704879 -12.963283 5.384487 -1.3786268 1260256249013
212.88217 78.98723 -3.6704879 -0.4351549 8.448498 8.322799 1260256249017
218.53807 66.23787 -7.2869635 -0.4351549 8.448498 8.322799 1260256249028
218.53807 66.23787 -7.2869635 -15.035675 2.9971094 -6.7425003 1260256249033
210.11116 69.42597 -8.172615 -15.035675 2.9971094 -6.7425003 1260256249048
210.11116 69.42597 -8.172615 -13.692463 -11.034291 -8.153037 1260256249051
214.90561 71.80467 -7.7139845 -13.692463 -11.034291 -8.153037 1260256249072
214.90561 71.80467 -7.7139845 -9.349992 -20.774181 -9.797388 1260256249078
219.96033 73.76444 -7.028285 -9.349992 -20.774181 -9.797388 1260256249088
219.96033 73.76444 -7.028285 -4.1250777 -14.0959015 -9.238517 1260256249098
224.46231 75.82622 -6.2268705 -4.1250777 -14.0959015 -9.238517 1260256249108
224.46231 75.82622 -6.2268705 4.882864 -28.706665 -1.6402416 1260256249113
227.38919 77.98491 -5.515527 4.882864 -28.706665 -1.6402416 1260256249129
227.38919 77.98491 -5.515527 9.924692 -25.975163 -17.257427 1260256249132
225.86974 80.43566 -5.1397505 9.924692 -25.975163 -17.257427 1260256249153
225.86974 80.43566 -5.1397505 9.667731 -7.261898 -11.27442 1260256249156
222.32625 83.26388 -4.982763 9.667731 -7.261898 -11.27442 1260256249168
222.32625 83.26388 -4.982763 8.640377 -22.316433 -13.596418 1260256249173
217.15994 86.15068 -5.1836247 8.640377 -22.316433 -13.596418 1260256249188
217.15994 86.15068 -5.1836247 6.4981413 0.33168888 -12.008164 1260256249194
208.60194 89.24315 -6.5744433 6.4981413 0.33168888 -12.008164 1260256249210
208.60194 89.24315 -6.5744433 -7.199896 -13.702135 -2.5257475 1260256249219
198.17184 84.48099 -9.395721 -7.199896 -13.702135 -2.5257475 1260256249229
198.17184 84.48099 -9.395721 -7.8848677 -2.415073 13.055815 1260256249233
189.21326 79.506935 -10.775935 -7.8848677 -2.415073 13.055815 1260256249248
189.21326 79.506935 -10.775935 0.75220203 11.78624 12.503365 1260256249253
180.8026 75.43159 -11.687139 0.75220203 11.78624 12.503365 1260256249268
180.8026 75.43159 -11.687139 -0.75996876 0.16343054 21.106201 1260256249271
173.01247 73.21001 -12.202782 -0.75996876 0.16343054 21.106201 1260256249453
173.01247 73.21001 -12.202782 -2.5077708 -0.20877981 6.7513547 1260256249457
166.01184 72.5995 -12.192642 -2.5077708 -0.20877981 6.7513547 1260256249471
166.01184 72.5995 -12.192642 -0.26306581 -12.218886 -0.70629835 1260256249475
159.96124 72.71953 -11.93301 -0.26306581 -12.218886 -0.70629835 1260256249479
159.96124 72.71953 -11.93301 3.4030154 -13.711708 -3.022685 1260256249484
154.11317 72.58355 -11.936359 3.4030154 -13.711708 -3.022685 1260256249490
154.11317 72.58355 -11.936359 2.8725734 -10.45969 -3.508445 1260256249496
147.40752 70.10437 -12.789541 2.8725734 -10.45969 -3.508445 1260256249499
147.40752 70.10437 -12.789541 -7.8350277 -12.670554 14.456504 1260256249503
140.58714 66.649155 -14.050064 -7.8350277 -12.670554 14.456504 1260256249510
140.58714 66.649155 -14.050064 -19.678461 5.965972 12.042587 1260256249514
133.70778 63.1667 -15.647561 -19.678461 5.965972 12.042587 1260256249519
133.70778 63.1667 -15.647561 -16.037056 -2.239842 5.675441 1260256249522
144.9724 60.358364 -17.715183 -16.037056 -2.239842 5.675441 1260256249531
144.9724 60.358364 -17.715183 -11.80787 3.1699514 9.7419815 1260256249534
138.17378 58.590446 -20.029425 -11.80787 3.1699514 9.7419815 1260256249537
138.17378 58.590446 -20.029425 -32.010933 -19.602043 1.424598 1260256249542
133.5651 62.710926 -21.377954 -32.010933 -19.602043 1.424598 1260256249553
133.5651 62.710926 -21.377954 -25.552677 -16.129265 -14.997768 1260256249557
133.63684 66.17538 -21.559057 -25.552677 -16.129265 -14.997768 1260256249560
133.63684 66.17538 -21.559057 -17.397413 -21.366152 -7.25819 1260256249571
136.355 69.466606 -20.981104 -17.397413 -21.366152 -7.25819 1260256249577
136.355 69.466606 -20.981104 -14.619026 -29.866404 -27.502853 1260256249580
139.68724 72.59328 -20.13205 -14.619026 -29.866404 -27.502853 1260256249583
139.68724 72.59328 -20.13205 -11.683751 -22.709595 -25.798193 1260256249592
142.80287 75.713615 -19.225447 -11.683751 -22.709595 -25.798193 1260256249595
142.80287 75.713615 -19.225447 -4.6191187 -26.86184 -14.774481 1260256249601
145.21272 78.87794 -18.414175 -4.6191187 -26.86184 -14.774481 1260256249614
145.21272 78.87794 -18.414175 2.5532465 -17.72453 -32.36807 1260256249618
146.5521 82.13404 -17.743465 2.5532465 -17.72453 -32.36807 1260256249623
146.5521 82.13404 -17.743465 6.2409797 -21.43389 -19.654371 1260256249629
147.0745 85.37734 -17.206291 6.2409797 -21.43389 -19.654371 1260256249635
147.0745 85.37734 -17.206291 6.4917736 -8.829546 -20.753395 1260256249638
145.62077 88.70847 -17.095976 6.4917736 -8.829546 -20.753395 1260256249651
145.62077 88.70847 -17.095976 4.0796447 -17.06923 -19.970657 1260256249658
141.88974 92.12305 -17.541178 4.0796447 -17.06923 -19.970657 1260256249662
141.88974 92.12305 -17.541178 1.7009034 1.2383108 -15.829391 1260256249672
136.49525 95.51689 -18.66412 1.7009034 1.2383108 -15.829391 1260256249676
136.49525 95.51689 -18.66412 -7.7818475 -14.383314 -7.407799 1260256249683
130.0705 98.891045 -20.430914 -7.7818475 -14.383314 -7.407799 1260256249693
130.0705 98.891045 -20.430914 -21.03624 5.840316 -7.034571 1260256249697
124.21697 101.24649 -22.159369 -21.03624 5.840316 -7.034571 1260256249708
124.21697 101.24649 -22.159369 -10.644763 -14.791832 -8.790367 1260256249711
118.65612 98.58417 -22.9514 -10.644763 -14.791832 -8.790367 1260256249731
118.65612 98.58417 -22.9514 -4.0381336 -5.417535 6.762144 1260256249734
113.273315 96.35496 -23.10383 -4.0381336 -5.417535 6.762144 1260256249746
113.273315 96.35496 -23.10383 -2.569868 -29.181131 12.511848 1260256249754
108.15965 94.38721 -22.848639 -2.569868 -29.181131 12.511848 1260256249768
108.15965 94.38721 -22.848639 -2.55931 -28.071466 8.060048 1260256249773
103.30167 92.46785 -22.406206 -2.55931 -28.071466 8.060048 1260256249791
103.30167 92.46785 -22.406206 -3.975265 -16.850626 17.484388 1260256249798
103.30167 92.46785 -22.406206 -2.926498 -13.745186 15.890808 1260256249806
98.836586 90.79446 -21.985895 -2.926498 -13.745186 15.890808 1260256249828
98.836586 90.79446 -21.985895 -5.717548 -22.61902 19.624535 1260256249835
94.794754 89.454735 -21.6866 -5.717548 -22.61902 19.624535 1260256249848
94.794754 89.454735 -21.6866 -7.773879 -25.063791 5.1035132 1260256249855
91.85502 88.532 -21.552269 -7.773879 -25.063791 5.1035132 1260256249868
91.85502 88.532 -21.552269 -8.495541 -17.606987 -7.1133595 1260256249871
92.91227 90.655396 -21.024656 -8.495541 -17.606987 -7.1133595 1260256249891
92.91227 90.655396 -21.024656 -10.693125 -14.484905 -3.3917518 1260256249894
96.266655 93.67262 -19.973423 -10.693125 -14.484905 -3.3917518 1260256249908
96.266655 93.67262 -19.973423 -8.973634 -3.3589106 -12.204667 1260256249915
101.15332 96.938995 -18.724752 -8.973634 -3.3589106 -12.204667 1260256249931
101.15332 96.938995 -18.724752 3.3991575 -12.465437 -29.892933 1260256249938
107.24565 100.292046 -17.338514 3.3991575 -12.465437 -29.892933 1260256249948
107.24565 100.292046 -17.338514 13.895854 -4.9404483 -24.138687 1260256249951
113.18337 103.47744 -16.02159 13.895854 -4.9404483 -24.138687 1260256249970
113.18337 103.47744 -16.02159 7.027778 -8.723838 -13.968648 1260256249973
116.974205 106.35357 -15.02051 7.027778 -8.723838 -13.968648 1260256249988
116.974205 106.35357 -15.02051 -4.7614202 -2.359037 -26.438972 1260256249995
117.125496 108.53589 -14.669484 -4.7614202 -2.359037 -26.438972 1260256250008
117.125496 108.53589 -14.669484 -10.732225 -17.561134 -12.654512 1260256250017
113.91922 109.0591 -14.93601 -10.732225 -17.561134 -12.654512 1260256250028
113.91922 109.0591 -14.93601 -11.943482 -20.935965 -1.0101686 1260256250031
109.22326 107.056145 -15.08921 -11.943482 -20.935965 -1.0101686 1260256250048
109.22326 107.056145 -15.08921 -12.126624 -21.307991 -4.3045397 1260256250222
104.562096 104.80334 -14.984749 -12.126624 -21.307991 -4.3045397 1260256250232
104.562096 104.80334 -14.984749 -12.642016 -15.445825 14.47519 1260256250241
100.13399 102.46317 -14.735512 -12.642016 -15.445825 14.47519 1260256250250
100.13399 102.46317 -14.735512 -13.205067 -34.623337 16.81168 1260256250253
95.927284 99.99001 -14.498736 -13.205067 -34.623337 16.81168 1260256250259
95.927284 99.99001 -14.498736 -13.783657 -16.03777 12.051542 1260256250262
92.03092 97.590515 -14.373799 -13.783657 -16.03777 12.051542 1260256250270
92.03092 97.590515 -14.373799 -13.803692 -13.991492 13.760291 1260256250273
88.52937 95.66099 -14.605109 -13.803692 -13.991492 13.760291 1260256250277
88.52937 95.66099 -14.605109 -12.859829 -20.656567 4.4003034 1260256250280
88.90291 96.977936 -14.624854 -12.859829 -20.656567 4.4003034 1260256250288
88.90291 96.977936 -14.624854 -11.231751 -12.227691 -0.35391903 1260256250293
93.05776 99.57904 -13.893611 -11.231751 -12.227691 -0.35391903 1260256250297
93.05776 99.57904 -13.893611 -9.483527 -0.10805941 -12.085901 1260256250300
98.80488 102.400085 -12.898931 -9.483527 -0.10805941 -12.085901 1260256250309
98.80488 102.400085 -12.898931 -0.74768233 -18.43829 -23.085005 1260256250312
105.01463 105.13008 -11.853984 -0.74768233 -18.43829 -23.085005 1260256250318
105.01463 105.13008 -11.853984 10.137666 -0.36910152 -24.387894 1260256250321
110.2139 107.07358 -10.911284 10.137666 -0.36910152 -24.387894 1260256250331
110.2139 107.07358 -10.911284 12.502897 -15.412437 -18.204258 1260256250334
112.3532 107.4699 -10.36572 12.502897 -15.412437 -18.204258 1260256250338
112.3532 107.4699 -10.36572 7.94675 -20.944365 -11.562436 1260256250343
106.98554 105.6964 -10.347434 7.94675 -20.944365 -11.562436 1260256250354
106.98554 105.6964 -10.347434 4.911504 -7.5739374 2.0549142 1260256250358
101.78626 102.961586 -10.430062 4.911504 -7.5739374 2.0549142 1260256250363
101.78626 102.961586 -10.430062 3.6025014 -24.156122 17.517693 1260256250370
96.89695 100.06351 -10.508559 3.6025014 -24.156122 17.517693 1260256250375
96.89695 100.06351 -10.508559 3.607441 -12.350588 11.746195 1260256250380
92.352104 97.36033 -10.733131 3.607441 -12.350588 11.746195 1260256250388
92.352104 97.36033 -10.733131 4.41129 -14.708535 15.426294 1260256250392
89.0345 95.79231 -11.246475 4.41129 -14.708535 15.426294 1260256250400
89.0345 95.79231 -11.246475 5.3253274 -20.39325 2.4610755 1260256250403
91.83277 98.00269 -11.184152 5.3253274 -20.39325 2.4610755 1260256250414
91.83277 98.00269 -11.184152 7.610453 -1.5099368 -9.742602 1260256250417
96.491135 101.252556 -10.624944 7.610453 -1.5099368 -9.742602 1260256250423
96.491135 101.252556 -10.624944 8.998368 -11.826479 -20.126163 1260256250433
102.41658 104.289925 -9.943697 8.998368 -11.826479 -20.126163 1260256250437
102.41658 104.289925 -9.943697 6.2086434 -1.9270296 -16.447128 1260256250448
108.54575 106.37543 -9.246512 6.2086434 -1.9270296 -16.447128 1260256250456
108.54575 106.37543 -9.246512 0.11460316 -9.661772 -28.87579 1260256250459
116.418465 106.95666 -8.934187 0.11460316 -9.661772 -28.87579 1260256250470
116.418465 106.95666 -8.934187 -5.6932507 -20.732742 -18.989697 1260256250477
127.44754 106.75883 -9.137478 -5.6932507 -20.732742 -18.989697 1260256250491
127.44754 106.75883 -9.137478 -7.5577097 -20.869297 -9.4520445 1260256250494
138.22516 104.52089 -9.580604 -7.5577097 -20.869297 -9.4520445 1260256250508
138.22516 104.52089 -9.580604 -5.520801 -13.1877365 14.669146 1260256250515
148.5139 101.794846 -10.201573 -5.520801 -13.1877365 14.669146 1260256250532
148.5139 101.794846 -10.201573 -1.3841543 -26.435581 9.888009 1260256250539
158.4382 99.4551 -11.041494 -1.3841543 -26.435581 9.888009 1260256250549
158.4382 99.4551 -11.041494 3.1293192 -3.3891382 5.580087 1260256250552
159.7163 100.43234 -11.23942 3.1293192 -3.3891382 5.580087 1260256250568
159.7163 100.43234 -11.23942 6.66343 -8.8689575 -2.2627194 1260256250575
163.03047 102.610725 -10.527449 6.66343 -8.8689575 -2.2627194 1260256250590
163.03047 102.610725 -10.527449 9.7671995 -19.208958 -12.337378 1260256250597
167.47894 104.93019 -9.601076 9.7671995 -19.208958 -12.337378 1260256250608
167.47894 104.93019 -9.601076 5.4507613 -3.8475094 -18.547867 1260256250611
172.055 106.83368 -8.671022 5.4507613 -3.8475094 -18.547867 1260256250631
172.055 106.83368 -8.671022 -2.035163 -17.230427 -29.317976 1260256250634
176.35225 108.142 -7.9374714 -2.035163 -17.230427 -29.317976 1260256250648
176.35225 108.142 -7.9374714 -6.755768 -29.615837 -18.856478 1260256250655
180.68463 108.884895 -7.540598 -6.755768 -29.615837 -18.856478 1260256250668
180.68463 108.884895 -7.540598 -9.404422 -29.194515 -14.796215 1260256250677
189.3504 109.19065 -7.713568 -9.404422 -29.194515 -14.796215 1260256250689
189.3504 109.19065 -7.713568 -13.598969 -25.365665 -8.575847 1260256250693
180.58289 109.68112 -8.67789 -13.598969 -25.365665 -8.575847 1260256250711
180.58289 109.68112 -8.67789 -14.421312 -17.517385 4.5518904 1260256250714
171.55374 106.147064 -10.643995 -14.421312 -17.517385 4.5518904 1260256250734
171.55374 106.147064 -10.643995 -1.3279943 -2.8444538 0.52210164 1260256250738
180.17606 101.089714 -12.861795 -1.3279943 -2.8444538 0.52210164 1260256250748
180.17606 101.089714 -12.861795 -15.479296 -6.611751 16.653023 1260256250751
187.71725 95.58523 -14.968705 -15.479296 -6.611751 16.653023 1260256250770
187.71725 95.58523 -14.968705 -20.99936 -6.633263 8.023101 1260256250774
194.2314 90.15597 -17.22027 -20.99936 -6.633263 8.023101 1260256250788
194.2314 90.15597 -17.22027 -4.7224283 -4.1998854 7.946901 1260256250795
201.06982 85.99817 -19.959257 -4.7224283 -4.1998854 7.946901 1260256250813
201.06982 85.99817 -19.959257 -21.675014 7.299588 2.092424 1260256250981
191.56633 88.19826 -20.711294 -21.675014 7.299588 2.092424 1260256250992
191.56633 88.19826 -20.711294 -17.982586 -13.68297 -6.6983027 1260256251001
198.13802 89.68835 -19.92573 -17.982586 -13.68297 -6.6983027 1260256251004
198.13802 89.68835 -19.92573 -10.695744 -28.69959 -10.651644 1260256251013
202.78111 91.10393 -18.629444 -10.695744 -28.69959 -10.651644 1260256251016
202.78111 91.10393 -18.629444 4.9318905 -25.315128 -22.530102 1260256251020
207.09206 92.59873 -17.247972 4.9318905 -25.315128 -22.530102 1260256251028
207.09206 92.59873 -17.247972 14.6850605 -16.939491 -15.026903 1260256251033
211.23746 93.968796 -15.985574 14.6850605 -16.939491 -15.026903 1260256251037
211.23746 93.968796 -15.985574 6.7991176 -21.994978 -22.626251 1260256251040
216.02559 95.020355 -14.9362955 6.7991176 -21.994978 -22.626251 1260256251048
216.02559 95.020355 -14.9362955 -4.818038 -29.014149 -14.972946 1260256251052
223.17432 95.76934 -14.08948 -4.818038 -29.014149 -14.972946 1260256251058
223.17432 95.76934 -14.08948 -8.985259 -28.47524 -6.7327013 1260256251061
213.8156 96.280876 -13.435006 -8.985259 -28.47524 -6.7327013 1260256251064
213.8156 96.280876 -13.435006 -7.8359227 -23.358677 -7.058943 1260256251071
205.17482 96.91683 -13.463256 -7.8359227 -23.358677 -7.058943 1260256251075
205.17482 96.91683 -13.463256 -10.054773 -13.695063 -7.4340444 1260256251078
212.86607 93.52099 -15.840093 -10.054773 -13.695063 -7.4340444 1260256251093
212.86607 93.52099 -15.840093 -3.9254897 3.6107216 -7.00102 1260256251096
217.67278 87.84494 -18.198088 -3.9254897 3.6107216 -7.00102 1260256251102
217.67278 87.84494 -18.198088 -1.7123604 4.070948 10.297811 1260256251108
219.78914 81.8027 -19.788183 -1.7123604 4.070948 10.297811 1260256251113
219.78914 81.8027 -19.788183 -16.9909 5.2567215 9.956927 1260256251117
221.79968 76.21256 -21.498774 -16.9909 5.2567215 9.956927 1260256251120
221.79968 76.21256 -21.498774 -15.433593 -0.52139664 -1.88199 1260256251129
225.1097 71.50194 -23.823835 -15.433593 -0.52139664 -1.88199 1260256251132
225.1097 71.50194 -23.823835 -3.4326267 -2.3959885 0.9846637 1260256251138
229.20421 67.72684 -26.782644 -3.4326267 -2.3959885 0.9846637 1260256251143
229.20421 67.72684 -26.782644 -25.214827 10.835673 1.3848549 1260256251154
233.594 72.9405 -29.543512 -25.214827 10.835673 1.3848549 1260256251158
233.594 72.9405 -29.543512 -7.626973 3.7944138 2.0250595 1260256251163
238.16429 77.29347 -31.466337 -7.626973 3.7944138 2.0250595 1260256251172
238.16429 77.29347 -31.466337 -17.151499 -15.349745 -6.2119894 1260256251177
242.60608 81.0288 -32.84302 -17.151499 -15.349745 -6.2119894 1260256251188
242.60608 81.0288 -32.84302 -24.204659 -2.0303707 -2.7940087 1260256251192
246.82578 84.27736 -33.50087 -24.204659 -2.0303707 -2.7940087 1260256251199
246.82578 84.27736 -33.50087 -19.551846 -13.6667 -1.982182 1260256251202
250.23448 87.01349 -33.725826 -19.551846 -13.6667 -1.982182 1260256251212
250.23448 87.01349 -33.725826 -17.049564 -2.4554172 -10.535271 1260256251222
252.77275 89.31281 -33.789536 -17.049564 -2.4554172 -10.535271 1260256251231
252.77275 89.31281 -33.789536 -15.184439 -20.427288 -7.058708 1260256251234
254.63411 91.14717 -33.55006 -15.184439 -20.427288 -7.058708 1260256251252
254.63411 91.14717 -33.55006 -16.594093 -13.532084 -0.6005969 1260256251256
256.2524 92.53981 -33.172558 -16.594093 -13.532084 -0.6005969 1260256251271
256.2524 92.53981 -33.172558 -18.825 -8.815728 -4.2607317 1260256251278
257.48978 93.66282 -32.61393 -18.825 -8.815728 -4.2607317 1260256251289
257.48978 93.66282 -32.61393 -17.830276 -15.564103 -1.0421252 1260256251293
258.4653 94.62968 -32.083233 -17.830276 -15.564103 -1.0421252 1260256251308
258.4653 94.62968 -32.083233 -15.09524 -26.112234 4.77332 1260256251314
259.29202 93.24819 -31.62907 -15.09524 -26.112234 4.77332 1260256251330
259.29202 93.24819 -31.62907 -11.212282 -13.548325 5.273806 1260256251337
259.72742 91.835785 -31.297617 -11.212282 -13.548325 5.273806 1260256251348
259.72742 91.835785 -31.297617 -8.323031 -13.516767 -6.1101594 1260256251352
259.54105 90.243996 -31.182735 -8.323031 -13.516767 -6.1101594 1260256251371
259.54105 90.243996 -31.182735 -7.4330697 -24.534386 -4.0257254 1260256251374
258.214 88.5318 -31.223598 -7.4330697 -24.534386 -4.0257254 1260256251391
258.214 88.5318 -31.223598 -7.2115555 -19.63478 11.123077 1260256251395
253.85329 86.90521 -31.262419 -7.2115555 -19.63478 11.123077 1260256251416
253.85329 86.90521 -31.262419 -6.3196044 -3.5215073 7.4638996 1260256251419
249.21062 85.20995 -31.249298 -6.3196044 -3.5215073 7.4638996 1260256251428
249.21062 85.20995 -31.249298 -4.8714933 -6.4080997 -4.741039 1260256251431
