261.13736 -77.15915 27.042988 11.816435 5.568754 -6.8701468 1260256018863
261.13736 -77.15915 27.042988 12.71398 17.768372 -1.3718927 1260256018871
262.1305 -79.201195 26.740839 12.71398 17.768372 -1.3718927 1260256018874
262.1305 -79.201195 26.740839 13.075687 1.8942108 -2.4492812 1260256018878
263.87396 -81.04114 26.203796 13.075687 1.8942108 -2.4492812 1260256018883
263.87396 -81.04114 26.203796 10.998707 2.004293 0.8103807 1260256018893
265.63025 -82.58908 25.543606 10.998707 2.004293 0.8103807 1260256018896
265.63025 -82.58908 25.543606 5.889091 15.650155 3.0517354 1260256018900
267.44873 -83.85963 24.866426 5.889091 15.650155 3.0517354 1260256018933
267.44873 -83.85963 24.866426 -0.7812576 16.464375 -7.5482035 1260256018940
268.8263 -84.91665 24.173105 -0.7812576 16.464375 -7.5482035 1260256018943
268.8263 -84.91665 24.173105 -6.282626 8.2500925 -7.2332196 1260256018951
269.88498 -85.77081 23.46445 -6.282626 8.2500925 -7.2332196 1260256018954
269.88498 -85.77081 23.46445 -8.11902 1.5344062 -0.53304654 1260256018958
270.34073 -86.48227 22.791227 -8.11902 1.5344062 -0.53304654 1260256018965
270.34073 -86.48227 22.791227 -5.450667 -0.4862156 -1.1207945 1260256018977
270.1237 -86.258156 22.051666 -5.450667 -0.4862156 -1.1207945 1260256018980
270.1237 -86.258156 22.051666 0.714842 -0.7614155 1.4045167 1260256018988
268.7175 -85.99525 21.299084 0.714842 -0.7614155 1.4045167 1260256018992
268.7175 -85.99525 21.299084 7.288804 -0.5192003 3.854395 1260256018997
266.6816 -85.645485 20.53413 7.288804 -0.5192003 3.854395 1260256019003
266.6816 -85.645485 20.53413 10.553857 1.0585012 2.1190643 1260256019014
264.64752 -85.36321 19.707424 10.553857 1.0585012 2.1190643 1260256019020
264.64752 -85.36321 19.707424 7.9444036 3.1455235 -4.107689 1260256019025
262.96515 -85.14505 18.872053 7.9444036 3.1455235 -4.107689 1260256019035
262.96515 -85.14505 18.872053 0.642685 5.1929913 -8.122471 1260256019041
261.76688 -85.0878 17.97845 0.642685 5.1929913 -8.122471 1260256019056
261.76688 -85.0878 17.97845 -7.2930975 5.7163773 -5.3146915 1260256019059
261.52853 -85.233406 17.029528 -7.2930975 5.7163773 -5.3146915 1260256019072
261.52853 -85.233406 17.029528 -9.619784 4.044277 2.5025616 1260256019080
263.1521 -85.67174 16.028051 -9.619784 4.044277 2.5025616 1260256019091
263.1521 -85.67174 16.028051 -3.5330434 0.3956113 5.8484993 1260256019094
267.2445 -86.38815 14.926649 -3.5330434 0.3956113 5.8484993 1260256019109
267.2445 -86.38815 14.926649 6.0568266 -2.2677913 -1.0231107 1260256019116
254.18228 -87.46874 13.730316 6.0568266 -2.2677913 -1.0231107 1260256019129
254.18228 -87.46874 13.730316 7.774211 2.9102578 1.3543172 1260256019137
242.42317 -88.84531 12.4438 7.774211 2.9102578 1.3543172 1260256019148
242.42317 -88.84531 12.4438 -2.9143505 15.294043 3.0864568 1260256019152
231.70201 -90.45304 11.0716095 -2.9143505 15.294043 3.0864568 1260256019173
231.70201 -90.45304 11.0716095 -12.100764 13.855143 -4.65007 1260256019176
222.11691 -92.23039 9.618029 -12.100764 13.855143 -4.65007 1260256019189
222.11691 -92.23039 9.618029 -5.096493 -0.5576906 -1.0492077 1260256019196
213.36107 -94.268875 8.087127 -5.096493 -0.5576906 -1.0492077 1260256019217
213.36107 -94.268875 8.087127 5.2853084 9.032705 -9.182812 1260256019220
204.74301 -96.45543 6.7327704 5.2853084 9.032705 -9.182812 1260256019229
204.74301 -96.45543 6.7327704 -0.7124262 17.957973 -15.3413105 1260256019232
196.35587 -98.73266 5.546132 -0.7124262 17.957973 -15.3413105 1260256019250
196.35587 -98.73266 5.546132 -12.225491 2.3294802 -15.774629 1260256019253
187.73807 -100.84602 4.5688257 -12.225491 2.3294802 -15.774629 1260256019274
187.73807 -100.84602 4.5688257 -15.501451 17.801205 -18.63092 1260256019277
179.45116 -102.70372 3.6403844 -15.501451 17.801205 -18.63092 1260256019288
179.45116 -102.70372 3.6403844 -10.70817 24.80322 -12.928589 1260256019292
171.97859 -104.36854 2.6583652 -10.70817 24.80322 -12.928589 1260256019311
171.97859 -104.36854 2.6583652 -2.011541 9.952301 -8.840315 1260256019315
165.82967 -105.95011 1.425447 -2.011541 9.952301 -8.840315 1260256019329
165.82967 -105.95011 1.425447 2.7911468 5.2960253 -10.315061 1260256019337
162.48819 -107.75261 -0.7458255 2.7911468 5.2960253 -10.315061 1260256019356
162.48819 -107.75261 -0.7458255 -14.154881 14.769808 -0.48541355 1260256019359
162.81378 -102.41498 -4.5585346 -14.154881 14.769808 -0.48541355 1260256019535
162.81378 -102.41498 -4.5585346 1.8525405 9.486649 2.2742512 1260256019544
163.8731 -95.94423 -5.980608 1.8525405 9.486649 2.2742512 1260256019553
163.8731 -95.94423 -5.980608 -4.8570004 3.1304889 8.893067 1260256019556
164.82944 -89.697014 -6.6815777 -4.8570004 3.1304889 8.893067 1260256019562
164.82944 -89.697014 -6.6815777 -11.470039 -0.89711 16.212072 1260256019565
165.68797 -83.812164 -7.197499 -11.470039 -0.89711 16.212072 1260256019573
165.68797 -83.812164 -7.197499 -15.158857 -3.5736303 18.029915 1260256019577
166.50357 -78.37156 -7.687624 -15.158857 -3.5736303 18.029915 1260256019581
166.50357 -78.37156 -7.687624 -16.733665 -8.764794 19.389078 1260256019589
167.2784 -73.45298 -8.403243 -16.733665 -8.764794 19.389078 1260256019592
167.2784 -73.45298 -8.403243 -15.373001 -15.386317 17.725363 1260256019599
167.91447 -69.38033 -9.8830805 -15.373001 -15.386317 17.725363 1260256019601
167.91447 -69.38033 -9.8830805 -2.8966255 0.9895363 0.65803623 1260256019605
167.61874 -66.86131 -12.6389265 -2.8966255 0.9895363 0.65803623 1260256019612
167.61874 -66.86131 -12.6389265 -8.596605 -4.823579 -3.866356 1260256019616
164.6878 -70.568245 -14.10698 -8.596605 -4.823579 -3.866356 1260256019622
164.6878 -70.568245 -14.10698 -18.076706 17.468681 -4.7596617 1260256019625
159.80342 -73.939835 -14.701632 -18.076706 17.468681 -4.7596617 1260256019636
159.80342 -73.939835 -14.701632 -16.615429 3.1739378 -12.31519 1260256019640
154.16325 -77.24284 -14.91655 -16.615429 3.1739378 -12.31519 1260256019651
154.16325 -77.24284 -14.91655 -15.1434145 25.779308 -15.775778 1260256019657
148.10509 -80.5307 -14.870722 -15.1434145 25.779308 -15.775778 1260256019660
148.10509 -80.5307 -14.870722 -14.620798 9.085421 -25.231237 1260256019665
141.89983 -83.70416 -14.677186 -14.620798 9.085421 -25.231237 1260256019671
141.89983 -83.70416 -14.677186 -14.207717 27.50314 -22.588497 1260256019678
135.30484 -86.66895 -14.243327 -14.207717 27.50314 -22.588497 1260256019681
135.30484 -86.66895 -14.243327 -13.122675 8.656467 -23.763613 1260256019684
146.3396 -89.3355 -13.631161 -13.122675 8.656467 -23.763613 1260256019694
146.3396 -89.3355 -13.631161 -9.416396 26.38514 -19.364792 1260256019703
156.22263 -91.76873 -12.7996025 -9.416396 26.38514 -19.364792 1260256019711
156.22263 -91.76873 -12.7996025 -1.1753787 7.1018004 -22.091188 1260256019715
164.7115 -94.33029 -11.659622 -1.1753787 7.1018004 -22.091188 1260256019718
164.7115 -94.33029 -11.659622 9.35198 6.6372104 -1.5127668 1260256019724
163.52592 -86.51378 -9.676641 9.35198 6.6372104 -1.5127668 1260256019732
163.52592 -86.51378 -9.676641 4.240135 -13.052912 -1.0134006 1260256019741
163.79962 -79.48809 -8.892809 4.240135 -13.052912 -1.0134006 1260256019749
163.79962 -79.48809 -8.892809 -3.6088314 -18.04068 12.143375 1260256019752
164.25964 -73.363686 -8.398169 -3.6088314 -18.04068 12.143375 1260256019760
164.25964 -73.363686 -8.398169 -8.016626 -20.260548 14.405176 1260256019763
164.79666 -68.0455 -8.17826 -8.016626 -20.260548 14.405176 1260256019774
164.79666 -68.0455 -8.17826 -10.351621 -17.692776 12.228843 1260256019780
165.45683 -63.843227 -8.719347 -10.351621 -17.692776 12.228843 1260256019793
165.45683 -63.843227 -8.719347 -10.72608 4.764817 8.01273 1260256019796
165.734 -61.301067 -10.33338 -10.72608 4.764817 8.01273 1260256019809
165.734 -61.301067 -10.33338 -0.10298061 -7.1770506 8.353419 1260256019812
165.04729 -59.986015 -12.266711 -0.10298061 -7.1770506 8.353419 1260256019833
165.04729 -59.986015 -12.266711 -7.3632126 4.9889917 -4.462037 1260256019841
162.89493 -59.436714 -13.703376 -7.3632126 4.9889917 -4.462037 1260256019849
162.89493 -59.436714 -13.703376 -20.59219 15.806156 -3.5379126 1260256019854
159.35017 -62.61488 -14.618207 -20.59219 15.806156 -3.5379126 1260256019869
159.35017 -62.61488 -14.618207 -20.319614 16.359495 -7.152226 1260256019874
154.93266 -65.434135 -15.187297 -20.319614 16.359495 -7.152226 1260256019891
154.93266 -65.434135 -15.187297 -15.36276 26.117033 2.1734705 1260256019899
150.13603 -68.11243 -15.527932 -15.36276 26.117033 2.1734705 1260256019910
150.13603 -68.11243 -15.527932 -10.362849 11.788937 -12.1617985 1260256019913
145.62923 -70.7068 -15.801536 -10.362849 11.788937 -12.1617985 1260256019929
145.62923 -70.7068 -15.801536 -5.431411 25.488487 -6.1697536 1260256019934
141.99777 -73.471466 -16.161459 -5.431411 25.488487 -6.1697536 1260256019949
141.99777 -73.471466 -16.161459 0.53426766 -1.5582619 -1.0160935 1260256019952
152.04788 -62.547894 -15.803386 0.53426766 -1.5582619 -1.0160935 1260256019972
152.04788 -62.547894 -15.803386 0.70217574 -3.6172585 -10.604199 1260256019980
151.69548 -56.3705 -14.013216 0.70217574 -3.6172585 -10.604199 1260256019990
151.69548 -56.3705 -14.013216 -7.150568 -8.3290825 3.7258155 1260256019993
151.51071 -50.901974 -12.212555 -7.150568 -8.3290825 3.7258155 1260256020029
151.51071 -50.901974 -12.212555 7.6178083 -3.0555677 12.486864 1260256020041
151.53517 -46.106876 -10.101927 7.6178083 -3.0555677 12.486864 1260256020058
151.53517 -46.106876 -10.101927 10.648755 1.8520179 8.620436 1260256020061
151.85841 -42.301533 -7.5968304 10.648755 1.8520179 8.620436 1260256020064
151.85841 -42.301533 -7.5968304 -6.7400703 -11.865578 2.1917505 1260256020107
145.26549 -46.136456 -7.216989 -6.7400703 -11.865578 2.1917505 1260256020132
145.26549 -46.136456 -7.216989 -7.891724 10.685375 -4.613619 1260256020134
140.4022 -50.529633 -7.4561396 -7.891724 10.685375 -4.613619 1260256020162
140.4022 -50.529633 -7.4561396 -11.145765 9.750216 -3.0360918 1260256020174
135.1321 -54.95315 -7.5833325 -11.145765 9.750216 -3.0360918 1260256020180
135.1321 -54.95315 -7.5833325 -12.426112 1.1537542 -12.513759 1260256020186
129.67549 -59.105495 -7.704166 -12.426112 1.1537542 -12.513759 1260256020364
129.67549 -59.105495 -7.704166 -13.612886 21.263718 -18.354065 1260256020368
124.19172 -63.10022 -7.7689576 -13.612886 21.263718 -18.354065 1260256020373
124.19172 -63.10022 -7.7689576 -14.245693 20.958767 -19.777903 1260256020382
119.08213 -66.99521 -7.88051 -14.245693 20.958767 -19.777903 1260256020386
119.08213 -66.99521 -7.88051 -14.767979 10.109503 -22.365158 1260256020390
114.52802 -70.745445 -8.036485 -14.767979 10.109503 -22.365158 1260256020395
114.52802 -70.745445 -8.036485 -15.167107 27.271122 -21.509531 1260256020401
110.55162 -74.458176 -8.184661 -15.167107 27.271122 -21.509531 1260256020407
110.55162 -74.458176 -8.184661 -14.186001 6.359777 -21.421732 1260256020410
106.97404 -78.03527 -8.325428 -14.186001 6.359777 -21.421732 1260256020414
106.97404 -78.03527 -8.325428 -12.653601 16.450914 -12.693276 1260256020422
104.02534 -81.38351 -8.509156 -12.653601 16.450914 -12.693276 1260256020425
104.02534 -81.38351 -8.509156 -11.0941925 5.9495335 -17.871086 1260256020431
103.27407 -84.71433 -9.383698 -11.0941925 5.9495335 -17.871086 1260256020434
103.27407 -84.71433 -9.383698 -3.9437563 5.4213734 3.8499842 1260256020443
106.61037 -80.07861 -12.414514 -3.9437563 5.4213734 3.8499842 1260256020446
106.61037 -80.07861 -12.414514 -2.385693 -10.339797 1.0112416 1260256020450
109.62985 -74.87468 -12.993788 -2.385693 -10.339797 1.0112416 1260256020455
109.62985 -74.87468 -12.993788 -7.767047 -8.713234 15.283086 1260256020464
112.39836 -70.18095 -12.994099 -7.767047 -8.713234 15.283086 1260256020468
112.39836 -70.18095 -12.994099 -7.170524 4.273209 16.50351 1260256020471
115.078445 -66.2719 -12.694394 -7.170524 4.273209 16.50351 1260256020479
115.078445 -66.2719 -12.694394 -3.021851 -4.679475 4.2212677 1260256020482
117.574524 -63.4583 -12.159675 -3.021851 -4.679475 4.2212677 1260256020490
117.574524 -63.4583 -12.159675 3.4271827 7.979196 19.31832 1260256020494
119.9958 -61.685387 -11.351691 3.4271827 7.979196 19.31832 1260256020504
119.9958 -61.685387 -11.351691 9.893383 -3.4827461 11.581068 1260256020511
122.59601 -60.601116 -10.284106 9.893383 -3.4827461 11.581068 1260256020514
122.59601 -60.601116 -10.284106 9.220447 -0.7141814 12.081546 1260256020522
125.91621 -59.87106 -8.919901 9.220447 -0.7141814 12.081546 1260256020525
125.91621 -59.87106 -8.919901 -2.0025687 5.102462 14.566643 1260256020529
130.5204 -59.227505 -7.223906 -2.0025687 5.102462 14.566643 1260256020534
130.5204 -59.227505 -7.223906 -4.2952204 10.5857525 -0.72668505 1260256020540
135.69438 -58.46613 -5.112711 -4.2952204 10.5857525 -0.72668505 1260256020546
135.69438 -58.46613 -5.112711 13.642466 14.719628 2.1619425 1260256020549
141.20966 -57.69282 -2.7570753 13.642466 14.719628 2.1619425 1260256020552
141.20966 -57.69282 -2.7570753 1.7584236 14.424151 -1.3484747 1260256020563
146.39917 -56.85818 -0.4192215 1.7584236 14.424151 -1.3484747 1260256020572
146.39917 -56.85818 -0.4192215 2.0583494 8.705578 10.99131 1260256020575
151.57921 -56.21527 1.7017397 2.0583494 8.705578 10.99131 1260256020583
151.57921 -56.21527 1.7017397 15.763538 3.0582645 1.3242624 1260256020587
156.95024 -55.854507 3.4166527 15.763538 3.0582645 1.3242624 1260256020593
156.95024 -55.854507 3.4166527 2.7727926 0.59520006 -4.606702 1260256020601
161.85272 -55.511784 4.94582 2.7727926 0.59520006 -4.606702 1260256020607
161.85272 -55.511784 4.94582 -4.426579 -1.4624448 4.36804 1260256020611
166.96008 -55.336193 6.198529 -4.426579 -1.4624448 4.36804 1260256020644
166.96008 -55.336193 6.198529 3.9520986 -1.7136197 6.638983 1260256020650
171.71208 -55.169384 7.3386025 3.9520986 -1.7136197 6.638983 1260256020654
171.71208 -55.169384 7.3386025 13.089855 -2.1705012 4.4334254 1260256020666
175.87648 -54.960915 8.421673 13.089855 -2.1705012 4.4334254 1260256020670
175.87648 -54.960915 8.421673 12.825634 -2.5117044 3.8213222 1260256020675
179.38266 -54.66287 9.500589 12.825634 -2.5117044 3.8213222 1260256020682
179.38266 -54.66287 9.500589 3.7116132 -2.5212421 6.841205 1260256020686
182.21353 -54.229725 10.57556 3.7116132 -2.5212421 6.841205 1260256020692
182.21353 -54.229725 10.57556 -4.494359 -0.822217 6.804634 1260256020703
184.85286 -53.768238 11.596782 -4.494359 -0.822217 6.804634 1260256020711
184.85286 -53.768238 11.596782 -3.573267 2.6798253 -0.9633355 1260256020714
187.51022 -53.329826 12.616942 -3.573267 2.6798253 -0.9633355 1260256020723
187.51022 -53.329826 12.616942 5.058209 6.8445807 -5.699419 1260256020731
190.18471 -52.913334 13.636095 5.058209 6.8445807 -5.699419 1260256020739
190.18471 -52.913334 13.636095 13.307909 10.896191 -0.20905995 1260256020746
192.92548 -52.56767 14.60429 13.307909 10.896191 -0.20905995 1260256020758
192.92548 -52.56767 14.60429 13.517223 13.65432 6.665906 1260256020766
195.6792 -52.289284 15.5240755 13.517223 13.65432 6.665906 1260256020782
195.6792 -52.289284 15.5240755 6.5863237 15.308439 7.758136 1260256020790
198.89523 -52.17482 16.347872 6.5863237 15.308439 7.758136 1260256020801
198.89523 -52.17482 16.347872 -1.1663966 16.067547 5.7161913 1260256020804
