202.26302 5.0827785 55.51594 1.5784912 8.245259 0.9751408 1260255981195
202.26302 5.0827785 55.51594 3.502552 10.347638 5.727005 1260255981201
200.49986 4.6786394 55.940144 3.502552 10.347638 5.727005 1260255981207
200.49986 4.6786394 55.940144 4.939909 10.352854 4.890789 1260255981210
198.22487 4.394707 55.893135 4.939909 10.352854 4.890789 1260255981218
198.22487 4.394707 55.893135 3.2198353 9.486693 3.9340348 1260255981222
195.91362 4.3249717 55.848476 3.2198353 9.486693 3.9340348 1260255981227
195.91362 4.3249717 55.848476 0.8903966 8.542507 2.208215 1260255981231
194.06793 4.5087233 56.506054 0.8903966 8.542507 2.208215 1260255981234
194.06793 4.5087233 56.506054 5.2077146 8.807471 0.049077034 1260255981242
193.66454 12.933288 56.93075 5.2077146 8.807471 0.049077034 1260255981245
193.66454 12.933288 56.93075 8.284897 -4.142182 6.376893 1260255981248
194.3813 21.186625 55.534214 8.284897 -4.142182 6.376893 1260255981254
194.3813 21.186625 55.534214 -4.6173487 -7.360554 -10.398953 1260255981262
197.06224 11.277293 53.407505 -4.6173487 -7.360554 -10.398953 1260255981266
197.06224 11.277293 53.407505 2.7607172 10.149173 -14.601414 1260255981270
202.80913 2.063428 51.08713 2.7607172 10.149173 -14.601414 1260255981274
202.80913 2.063428 51.08713 9.164816 -6.4826803 -19.73238 1260255981281
210.11867 -6.5897436 48.732777 9.164816 -6.4826803 -19.73238 1260255981287
210.11867 -6.5897436 48.732777 -8.349134 6.1445975 -20.033863 1260255981290
217.51274 -14.810257 46.446136 -8.349134 6.1445975 -20.033863 1260255981293
217.51274 -14.810257 46.446136 7.3708677 11.231142 -18.354631 1260255981301
224.53711 -22.719744 44.22383 7.3708677 11.231142 -18.354631 1260255981305
224.53711 -22.719744 44.22383 3.3519912 -3.5013397 -31.302994 1260255981310
230.91025 -30.333757 42.11264 3.3519912 -3.5013397 -31.302994 1260255981343
230.91025 -30.333757 42.11264 -8.466649 -6.3377266 -25.394373 1260255981348
236.16473 -37.56707 40.15701 -8.466649 -6.3377266 -25.394373 1260255981351
236.16473 -37.56707 40.15701 7.3071575 0.6438364 -30.372578 1260255981359
240.3065 -44.438717 38.34916 7.3071575 0.6438364 -30.372578 1260255981363
240.3065 -44.438717 38.34916 7.3204722 6.035388 -13.550339 1260255981369
241.59117 -51.116783 36.7317 7.3204722 6.035388 -13.550339 1260255981372
241.59117 -51.116783 36.7317 -6.4623084 8.051971 -12.312039 1260255981379
234.21161 -40.310944 35.245117 -6.4623084 8.051971 -12.312039 1260255981382
234.21161 -40.310944 35.245117 -5.225606 2.732088 -1.7188287 1260255981386
228.70103 -34.895397 33.082863 -5.225606 2.732088 -1.7188287 1260255981390
228.70103 -34.895397 33.082863 8.488052 -11.774899 4.088315 1260255981394
223.96599 -30.850628 30.87872 8.488052 -11.774899 4.088315 1260255981405
223.96599 -30.850628 30.87872 -8.8695965 -20.408993 21.002493 1260255981409
219.56769 -27.358097 28.684784 -8.8695965 -20.408993 21.002493 1260255981422
219.56769 -27.358097 28.684784 -10.298359 -10.7627945 27.385921 1260255981433
215.4893 -24.290192 26.550545 -10.298359 -10.7627945 27.385921 1260255981441
215.4893 -24.290192 26.550545 1.8674512 -25.415598 27.172318 1260255981444
211.61484 -21.775682 24.523018 1.8674512 -25.415598 27.172318 1260255981450
211.61484 -21.775682 24.523018 -12.762562 -11.061989 18.438942 1260255981453
207.83409 -19.836899 22.696867 -12.762562 -11.061989 18.438942 1260255981460
207.83409 -19.836899 22.696867 -11.940434 0.4015193 20.46175 1260255981463
204.19238 -18.195053 21.112024 -11.940434 0.4015193 20.46175 1260255981466
204.19238 -18.195053 21.112024 4.060961 -10.746637 15.839279 1260255981470
200.73276 -16.6853 19.806423 4.060961 -10.746637 15.839279 1260255981484
200.73276 -16.6853 19.806423 6.6892567 -11.325093 11.934136 1260255981488
197.44612 -14.9510355 19.016102 6.6892567 -11.325093 11.934136 1260255981493
197.44612 -14.9510355 19.016102 2.169429 4.1825705 0.6018677 1260255981499
195.32382 -6.8534837 20.915297 2.169429 4.1825705 0.6018677 1260255981502
195.32382 -6.8534837 20.915297 11.048374 3.7245154 -3.9862578 1260255981508
196.35764 2.3891912 21.369532 11.048374 3.7245154 -3.9862578 1260255981513
196.35764 2.3891912 21.369532 9.725037 -7.010529 -1.1302228 1260255981524
197.88976 -6.7302685 21.251055 9.725037 -7.010529 -1.1302228 1260255981529
197.88976 -6.7302685 21.251055 11.117035 4.305007 -19.845823 1260255981532
200.24527 -15.293756 20.738503 11.117035 4.305007 -19.845823 1260255981542
200.24527 -15.293756 20.738503 13.271714 4.6660333 -16.90234 1260255981546
204.63301 -23.329067 20.001577 13.271714 4.6660333 -16.90234 1260255981563
204.63301 -23.329067 20.001577 11.595508 -7.8874 -25.095789 1260255981567
211.70135 -30.912613 19.151499 11.595508 -7.8874 -25.095789 1260255981579
211.70135 -30.912613 19.151499 4.235456 -2.3160408 -19.207813 1260255981582
202.51628 -38.016983 18.243923 4.235456 -2.3160408 -19.207813 1260255981601
202.51628 -38.016983 18.243923 -4.9796724 6.726815 -21.494184 1260255981605
194.69046 -44.666134 17.331726 -4.9796724 6.726815 -21.494184 1260255981618
194.69046 -44.666134 17.331726 -9.677294 10.563495 -28.745373 1260255981625
188.10594 -51.03283 16.41514 -9.677294 10.563495 -28.745373 1260255981647
188.10594 -51.03283 16.41514 -6.8028154 10.848679 -33.365574 1260255981650
183.75064 -57.181187 15.494383 -6.8028154 10.848679 -33.365574 1260255981843
183.75064 -57.181187 15.494383 0.9739628 8.367792 -32.93577 1260255981847
190.66312 -45.422127 14.569664 0.9739628 8.367792 -32.93577 1260255981850
190.66312 -45.422127 14.569664 8.012313 8.912474 -20.136097 1260255981859
184.82996 -35.85102 13.99118 8.012313 8.912474 -20.136097 1260255981864
184.82996 -35.85102 13.99118 10.295052 -16.535458 -11.041374 1260255981868
180.88846 -28.95847 13.891622 10.295052 -16.535458 -11.041374 1260255981871
180.88846 -28.95847 13.891622 12.638728 -20.94447 -2.5680299 1260255981879
177.64404 -24.510546 13.997041 12.638728 -20.94447 -2.5680299 1260255981882
177.64404 -24.510546 13.997041 16.350674 -27.000244 11.477329 1260255981888
174.71184 -20.735018 14.147189 16.350674 -27.000244 11.477329 1260255981891
174.71184 -20.735018 14.147189 19.538055 -16.668804 18.676653 1260255981895
172.02625 -17.498266 14.339829 19.538055 -16.668804 18.676653 1260255981903
172.02625 -17.498266 14.339829 21.14949 -34.95318 23.120068 1260255981907
169.52493 -14.773353 14.622838 21.14949 -34.95318 23.120068 1260255981910
169.52493 -14.773353 14.622838 20.54369 -13.106152 28.188 1260255981915
167.19868 -12.484685 14.941696 20.54369 -13.106152 28.188 1260255981923
167.19868 -12.484685 14.941696 17.13366 -15.850114 15.967369 1260255981927
165.08875 -10.810451 15.244612 17.13366 -15.850114 15.967369 1260255981933
165.08875 -10.810451 15.244612 12.075594 -17.450632 20.53233 1260255981939
163.0843 -9.869928 15.432381 12.075594 -17.450632 20.53233 1260255981947
163.0843 -9.869928 15.432381 7.3384333 -6.27649 21.641216 1260255981950
160.8801 -10.226432 15.310761 7.3384333 -6.27649 21.641216 1260255981961
160.8801 -10.226432 15.310761 5.4390893 -4.8484964 13.204573 1260255981964
157.6861 -13.11511 13.895224 5.4390893 -4.8484964 13.204573 1260255981970
157.6861 -13.11511 13.895224 8.247875 10.450978 3.7330399 1260255981973
155.05179 -18.559355 11.750463 8.247875 10.450978 3.7330399 1260255981981
155.05179 -18.559355 11.750463 -11.373739 4.65973 4.5137825 1260255981984
153.1992 -24.281387 9.31294 -11.373739 4.65973 4.5137825 1260255981988
153.1992 -24.281387 9.31294 -6.002469 1.2912436 -10.2993145 1260255981993
152.08925 -30.117317 6.6472926 -6.002469 1.2912436 -10.2993145 1260255982003
152.08925 -30.117317 6.6472926 -6.0306935 -0.72219276 -2.2371223 1260255982007
151.68478 -36.06145 3.814928 -6.0306935 -0.72219276 -2.2371223 1260255982011
151.68478 -36.06145 3.814928 -17.225452 -2.2051878 -4.9090233 1260255982022
152.00055 -42.05838 0.97418153 -17.225452 -2.2051878 -4.9090233 1260255982028
152.00055 -42.05838 0.97418153 -3.4975615 -3.3113308 -8.305719 1260255982031
153.20052 -48.10546 -1.5745275 -3.4975615 -3.3113308 -8.305719 1260255982040
153.20052 -48.10546 -1.5745275 -20.587246 -4.047717 -8.070167 1260255982043
154.94049 -54.05019 -3.395801 -20.587246 -4.047717 -8.070167 1260255982052
154.94049 -54.05019 -3.395801 -5.462545 -2.9758372 -2.025725 1260255982055
155.44347 -59.647682 -4.126011 -5.462545 -2.9758372 -2.025725 1260255982065
155.44347 -59.647682 -4.126011 5.248159 2.6644979 -2.9994812 1260255982069
156.82129 -48.6653 -2.1197102 5.248159 2.6644979 -2.9994812 1260255982084
156.82129 -48.6653 -2.1197102 -5.717952 -11.307628 -3.1322587 1260255982088
155.03023 -43.832035 -0.113724716 -5.717952 -11.307628 -3.1322587 1260255982101
155.03023 -43.832035 -0.113724716 6.310988 -10.483704 12.773281 1260255982110
152.67871 -39.290432 1.4419616 6.310988 -10.483704 12.773281 1260255982121
152.67871 -39.290432 1.4419616 21.323317 -6.750787 10.230282 1260255982124
150.04477 -34.82591 2.6198635 21.323317 -6.750787 10.230282 1260255982145
150.04477 -34.82591 2.6198635 18.150343 -26.44798 23.201649 1260255982149
147.44254 -30.384613 3.6888704 18.150343 -26.44798 23.201649 1260255982159
147.44254 -30.384613 3.6888704 8.044064 -35.04955 9.757286 1260255982168
145.1204 -26.065382 4.804427 8.044064 -35.04955 9.757286 1260255982179
145.1204 -26.065382 4.804427 2.8403006 -16.059631 10.670099 1260255982182
143.21439 -21.662113 5.864206 2.8403006 -16.059631 10.670099 1260255982203
143.21439 -21.662113 5.864206 5.9150743 -16.623688 -4.8899403 1260255982207
141.85367 -14.679008 6.7709956 5.9150743 -16.623688 -4.8899403 1260255982223
141.85367 -14.679008 6.7709956 11.199058 -6.218376 -8.61871 1260255982227
140.96098 -6.8950567 7.182446 11.199058 -6.218376 -8.61871 1260255982242
140.96098 -6.8950567 7.182446 11.621999 -4.1094246 -6.218328 1260255982251
140.01294 1.5996966 7.123324 11.621999 -4.1094246 -6.218328 1260255982263
140.01294 1.5996966 7.123324 9.164396 -15.121464 -17.078217 1260255982268
138.81229 10.2697115 6.8171577 9.164396 -15.121464 -17.078217 1260255982282
138.81229 10.2697115 6.8171577 5.532591 5.5999007 -26.888102 1260255982285
134.97168 0.9062255 6.4763 5.532591 5.5999007 -26.888102 1260255982306
134.97168 0.9062255 6.4763 2.0442247 -6.611131 -19.007336 1260255982310
131.9731 -7.8390856 6.152485 2.0442247 -6.611131 -19.007336 1260255982322
131.9731 -7.8390856 6.152485 -1.222739 12.80901 -26.878038 1260255982328
129.97444 -16.097132 5.794861 -1.222739 12.80901 -26.878038 1260255982342
129.97444 -16.097132 5.794861 -4.9790087 -0.49028563 -35.41157 1260255982345
129.47572 -24.042274 5.405118 -4.9790087 -0.49028563 -35.41157 1260255982364
129.47572 -24.042274 5.405118 -8.426482 -6.3892193 -23.42256 1260255982368
134.60194 -31.790161 4.934862 -8.426482 -6.3892193 -23.42256 1260255982379
134.60194 -31.790161 4.934862 -11.152058 3.97748 -21.83659 1260255982384
145.17184 -21.500652 4.338119 -11.152058 3.97748 -21.83659 1260255982399
145.17184 -21.500652 4.338119 -11.600496 2.3963075 -17.147541 1260255982402
139.41325 -12.32562 3.6712132 -11.600496 2.3963075 -17.147541 1260255982423
139.41325 -12.32562 3.6712132 -7.7023277 -7.4851246 -23.944973 1260255982593
135.6426 -4.8093386 2.9876525 -7.7023277 -7.4851246 -23.944973 1260255982608
135.6426 -4.8093386 2.9876525 -1.0852044 -19.478909 -11.370587 1260255982612
133.11046 0.7811283 2.4882698 -1.0852044 -19.478909 -11.370587 1260255982615
133.11046 0.7811283 2.4882698 3.9272857 -22.05944 -9.680265 1260255982621
131.15494 4.742072 2.2138562 3.9272857 -22.05944 -9.680265 1260255982623
131.15494 4.742072 2.2138562 6.793827 -9.831238 3.2987802 1260255982627
129.19719 7.7549686 2.0531633 6.793827 -9.831238 3.2987802 1260255982630
129.19719 7.7549686 2.0531633 8.463888 -32.211956 9.902086 1260255982633
127.18733 10.16722 2.0505052 8.463888 -32.211956 9.902086 1260255982639
127.18733 10.16722 2.0505052 9.633672 -15.561871 18.205984 1260255982642
125.02797 12.108859 2.19798 9.633672 -15.561871 18.205984 1260255982646
125.02797 12.108859 2.19798 10.018812 -15.189132 11.906497 1260255982649
122.97657 13.753416 2.438081 10.018812 -15.189132 11.906497 1260255982652
122.97657 13.753416 2.438081 9.308851 -25.227325 13.1786785 1260255982655
121.07774 15.215745 2.866177 9.308851 -25.227325 13.1786785 1260255982661
121.07774 15.215745 2.866177 6.410675 -17.46167 21.713537 1260255982664
119.42386 16.404957 3.4728682 6.410675 -17.46167 21.713537 1260255982668
119.42386 16.404957 3.4728682 0.7215948 -3.3251958 18.220032 1260255982671
