23.997957 32.083763 18.729038 2.205956 -13.385443 14.6232815 1260256232122
23.997957 32.083763 18.729038 1.9817044 -10.713569 16.519255 1260256232126
23.69806 31.879576 18.892586 1.9817044 -10.713569 16.519255 1260256232129
23.69806 31.879576 18.892586 4.1943984 -9.0272455 16.75241 1260256232138
23.063156 31.835596 19.347956 4.1943984 -9.0272455 16.75241 1260256232141
23.063156 31.835596 19.347956 9.247418 -8.978143 14.807239 1260256232148
39.559998 32.093815 20.080559 9.247418 -8.978143 14.807239 1260256232151
39.559998 32.093815 20.080559 14.68781 -12.111778 8.169293 1260256232154
52.682 32.589123 21.026531 14.68781 -12.111778 8.169293 1260256232185
52.682 32.589123 21.026531 14.591711 -15.913805 2.0331492 1260256232189
64.0979 33.059666 22.175205 14.591711 -15.913805 2.0331492 1260256232203
64.0979 33.059666 22.175205 5.5069184 -16.81566 3.6305172 1260256232207
74.79301 33.40668 23.516445 5.5069184 -16.81566 3.6305172 1260256232210
74.79301 33.40668 23.516445 -1.9853988 -15.622409 1.8025609 1260256232218
84.853355 33.486347 25.090622 -1.9853988 -15.622409 1.8025609 1260256232221
84.853355 33.486347 25.090622 7.6642194 -14.240898 -4.1189203 1260256232228
94.26069 39.51203 26.886091 7.6642194 -14.240898 -4.1189203 1260256232232
94.26069 39.51203 26.886091 16.392849 -12.919231 -1.1806344 1260256232243
106.29765 38.08643 29.191786 16.392849 -12.919231 -1.1806344 1260256232247
106.29765 38.08643 29.191786 -4.1178694 -4.4233994 -4.6575503 1260256232252
103.28277 35.48211 27.882196 -4.1178694 -4.4233994 -4.6575503 1260256232258
103.28277 35.48211 27.882196 4.085721 9.335922 11.364486 1260256232263
100.56863 33.558002 25.638086 4.085721 9.335922 11.364486 1260256232269
100.56863 33.558002 25.638086 0.7262697 -7.603699 8.357193 1260256232279
97.9902 32.430103 23.406181 0.7262697 -7.603699 8.357193 1260256232287
97.9902 32.430103 23.406181 -16.409805 -12.325032 18.006487 1260256232290
95.59068 32.1586 21.385872 -16.409805 -12.325032 18.006487 1260256232299
95.59068 32.1586 21.385872 -0.87994623 -16.6383 12.586918 1260256232302
93.71115 32.85067 19.666578 -0.87994623 -16.6383 12.586918 1260256232316
93.71115 32.85067 19.666578 2.4054089 -25.236633 14.9386635 1260256232324
92.92559 34.708138 18.48325 2.4054089 -25.236633 14.9386635 1260256232338
92.92559 34.708138 18.48325 -4.654167 -15.255301 -3.026052 1260256232345
93.77931 36.97273 18.059088 -4.654167 -15.255301 -3.026052 1260256232358
93.77931 36.97273 18.059088 -4.4585466 -7.710776 5.3584495 1260256232367
97.09035 41.124092 18.256134 -4.4585466 -7.710776 5.3584495 1260256232381
97.09035 41.124092 18.256134 -0.93097496 -7.761113 -11.763979 1260256232384
102.28583 46.11789 18.693327 -0.93097496 -7.761113 -11.763979 1260256232398
102.28583 46.11789 18.693327 3.0788546 -14.625121 -11.446862 1260256232567
109.02154 51.861996 18.95866 3.0788546 -14.625121 -11.446862 1260256232578
109.02154 51.861996 18.95866 4.281503 -12.330144 -6.842748 1260256232582
119.72046 40.318897 18.610727 4.281503 -12.330144 -6.842748 1260256232590
119.72046 40.318897 18.610727 -1.0925024 -4.734964 -14.138657 1260256232599
120.43443 30.602953 17.58019 -1.0925024 -4.734964 -14.138657 1260256232602
120.43443 30.602953 17.58019 -9.507968 9.62422 -3.0669532 1260256232608
123.36271 21.622805 16.051182 -9.507968 9.62422 -3.0669532 1260256232611
123.36271 21.622805 16.051182 -4.7825108 -0.20533037 3.3792176 1260256232614
128.94458 12.241664 14.498623 -4.7825108 -0.20533037 3.3792176 1260256232622
128.94458 12.241664 14.498623 7.409728 4.7473235 -9.658861 1260256232626
127.94735 19.67958 13.473692 7.409728 4.7473235 -9.658861 1260256232632
127.94735 19.67958 13.473692 6.849295 -9.92872 -3.5134907 1260256232638
128.99998 25.195602 12.950007 6.849295 -9.92872 -3.5134907 1260256232643
128.99998 25.195602 12.950007 4.4035935 -10.572108 0.88385487 1260256232647
131.39998 29.685822 12.902507 4.4035935 -10.572108 0.88385487 1260256232650
131.39998 29.685822 12.902507 7.1142507 -7.376771 -8.4548645 1260256232658
141.57999 33.65153 13.007381 7.1142507 -7.376771 -8.4548645 1260256232661
141.57999 33.65153 13.007381 10.053537 -28.919823 -9.485255 1260256232667
152.301 37.318954 13.207012 10.053537 -28.919823 -9.485255 1260256232672
152.301 37.318954 13.207012 12.286362 -17.897316 5.416249 1260256232683
144.88594 40.85301 13.446662 12.286362 -17.897316 5.416249 1260256232687
144.88594 40.85301 13.446662 13.153023 -17.20451 -6.581917 1260256232692
138.39165 42.36036 13.724329 13.153023 -17.20451 -6.581917 1260256232701
138.39165 42.36036 13.724329 13.076386 -2.1850986 0.27571794 1260256232704
132.22206 43.69234 14.088113 13.076386 -2.1850986 0.27571794 1260256232708
132.22206 43.69234 14.088113 13.111576 -5.8469996 0.610302 1260256232713
125.760956 44.707726 14.683707 13.111576 -5.8469996 0.610302 1260256232720
125.760956 44.707726 14.683707 11.927322 -13.666172 -3.770098 1260256232725
137.0729 48.22234 15.149522 11.927322 -13.666172 -3.770098 1260256232731
137.0729 48.22234 15.149522 9.237921 -0.412323 2.71902 1260256232742
147.41927 51.411224 15.392046 9.237921 -0.412323 2.71902 1260256232747
147.41927 51.411224 15.392046 8.193239 -22.875195 -6.2656584 1260256232751
155.8483 54.540665 15.572444 8.193239 -22.875195 -6.2656584 1260256232761
155.8483 54.540665 15.572444 7.4668045 -8.174484 -0.17903042 1260256232764
160.80588 57.66363 15.693822 7.4668045 -8.174484 -0.17903042 1260256232770
160.80588 57.66363 15.693822 6.2268763 -26.791847 -11.069321 1260256232778
162.71558 60.83045 15.709131 6.2268763 -26.791847 -11.069321 1260256232786
162.71558 60.83045 15.709131 5.423073 -7.8748913 -4.6398916 1260256232789
163.4298 64.23893 15.573675 5.423073 -7.8748913 -4.6398916 1260256232806
163.4298 64.23893 15.573675 5.0304265 -22.907932 -11.798174 1260256232810
162.90831 67.72698 15.144991 5.0304265 -22.907932 -11.798174 1260256232818
162.90831 67.72698 15.144991 7.0690284 -0.97342587 -11.448914 1260256232821
160.7629 70.940636 14.337741 7.0690284 -0.97342587 -11.448914 1260256232837
160.7629 70.940636 14.337741 9.399228 -17.696663 -6.876482 1260256232844
157.07475 73.4436 12.970854 9.399228 -17.696663 -6.876482 1260256232859
157.07475 73.4436 12.970854 2.4946935 3.775012 -6.233937 1260256232866
151.57101 71.87142 10.722311 2.4946935 3.775012 -6.233937 1260256232878
151.57101 71.87142 10.722311 -11.411325 -6.1476626 4.357815 1260256232888
146.39246 68.27785 9.036196 -11.411325 -6.1476626 4.357815 1260256232899
146.39246 68.27785 9.036196 0.96168137 7.26548 0.3291421 1260256232902
141.67284 64.513954 7.734386 0.96168137 7.26548 0.3291421 1260256232919
141.67284 64.513954 7.734386 6.4883556 -8.390944 10.167109 1260256232925
137.08919 61.138256 6.4476666 6.4883556 -8.390944 10.167109 1260256232945
137.08919 61.138256 6.4476666 -2.413344 10.366358 11.523562 1260256232949
132.63474 58.431343 5.225283 -2.413344 10.366358 11.523562 1260256232957
132.63474 58.431343 5.225283 -13.387857 -11.193223 13.152663 1260256232960
128.453 56.909775 4.164019 -13.387857 -11.193223 13.152663 1260256232981
128.453 56.909775 4.164019 -12.762451 -10.967251 8.759397 1260256232984
125.03035 56.764286 3.7058182 -12.762451 -10.967251 8.759397 1260256232999
125.03035 56.764286 3.7058182 -6.834244 -15.989479 1.8263369 1260256233005
122.328835 57.326073 3.7205272 -6.834244 -15.989479 1.8263369 1260256233018
122.328835 57.326073 3.7205272 -4.081585 -23.654303 0.82735825 1260256233027
120.712395 58.109768 4.134501 -4.081585 -23.654303 0.82735825 1260256233039
120.712395 58.109768 4.134501 -4.8852935 -25.217773 3.1761165 1260256233042
118.726776 58.35428 5.027776 -4.8852935 -25.217773 3.1761165 1260256233061
118.726776 58.35428 5.027776 -5.598274 -18.234467 1.6899325 1260256233064
114.69044 55.986565 5.826387 -5.598274 -18.234467 1.6899325 1260256233083
114.69044 55.986565 5.826387 -2.374845 4.2287903 12.3043995 1260256233087
111.055916 52.187237 5.2350674 -2.374845 4.2287903 12.3043995 1260256233098
111.055916 52.187237 5.2350674 -9.308776 -6.3695965 5.9318523 1260256233101
107.45312 48.577873 3.9233139 -9.308776 -6.3695965 5.9318523 1260256233120
107.45312 48.577873 3.9233139 -11.031085 13.710356 10.889654 1260256233123
103.43046 45.59898 1.8771482 -11.031085 13.710356 10.889654 1260256233139
103.43046 45.59898 1.8771482 1.0761623 -7.229059 10.922886 1260256233144
99.10893 43.66903 -1.1667093 1.0761623 -7.229059 10.922886 1260256233157
99.10893 43.66903 -1.1667093 -22.481249 1.0451072 11.660776 1260256233333
95.25349 42.83558 -4.2583737 -22.481249 1.0451072 11.660776 1260256233348
95.25349 42.83558 -4.2583737 -6.3658724 1.2636452 -0.5699781 1260256233351
93.29081 47.2938 -5.945455 -6.3658724 1.2636452 -0.5699781 1260256233354
93.29081 47.2938 -5.945455 -9.3924885 -13.434221 -14.234491 1260256233363
95.12627 50.92911 -6.448182 -9.3924885 -13.434221 -14.234491 1260256233367
95.12627 50.92911 -6.448182 -8.719463 -28.060703 -2.926929 1260256233373
100.66995 54.332657 -6.225773 -8.719463 -28.060703 -2.926929 1260256233379
100.66995 54.332657 -6.225773 -0.36385065 -18.021507 -20.430246 1260256233384
107.03645 57.616024 -5.714484 -0.36385065 -18.021507 -20.430246 1260256233388
107.03645 57.616024 -5.714484 7.6067524 -34.59896 -10.848801 1260256233393
113.234634 60.835224 -5.07876 7.6067524 -34.59896 -10.848801 1260256233399
113.234634 60.835224 -5.07876 12.527454 -15.292166 -16.337217 1260256233403
118.6229 63.943462 -4.474822 12.527454 -15.292166 -16.337217 1260256233409
118.6229 63.943462 -4.474822 12.466747 -30.482063 -14.969441 1260256233412
122.94176 66.99629 -3.951081 12.466747 -30.482063 -14.969441 1260256233420
122.94176 66.99629 -3.951081 9.314672 -9.463811 -8.559332 1260256233423
125.99467 69.996475 -3.5535269 9.314672 -9.463811 -8.559332 1260256233429
125.99467 69.996475 -3.5535269 5.204061 -21.12807 -15.927061 1260256233432
127.59493 73.196655 -3.4258506 5.204061 -21.12807 -15.927061 1260256233442
127.59493 73.196655 -3.4258506 2.5440586 -0.84367466 -2.9649272 1260256233446
127.51518 76.93682 -3.6545582 2.5440586 -0.84367466 -2.9649272 1260256233454
127.51518 76.93682 -3.6545582 3.610889 -14.562042 -7.697979 1260256233463
125.38942 81.33998 -3.9718304 3.610889 -14.562042 -7.697979 1260256233467
125.38942 81.33998 -3.9718304 5.816783 1.1974497 -13.925896 1260256233470
120.01995 86.02298 -4.373239 5.816783 1.1974497 -13.925896 1260256233479
120.01995 86.02298 -4.373239 7.5937085 8.412027 -6.6229906 1260256233482
130.66895 90.67183 -5.254577 7.5937085 8.412027 -6.6229906 1260256233488
130.66895 90.67183 -5.254577 5.5342264 -4.192215 -11.57457 1260256233491
124.9355 94.13824 -7.0918484 5.5342264 -4.192215 -11.57457 1260256233503
124.9355 94.13824 -7.0918484 -12.986585 -2.0068269 0.896502 1260256233507
120.138725 95.98132 -8.737256 -12.986585 -2.0068269 0.896502 1260256233513
120.138725 95.98132 -8.737256 -14.772894 -19.681458 -0.32556307 1260256233521
115.23179 94.08226 -9.800393 -14.772894 -19.681458 -0.32556307 1260256233525
115.23179 94.08226 -9.800393 -6.552079 -15.601425 -5.437255 1260256233529
110.3702 92.32815 -10.510373 -6.552079 -15.601425 -5.437255 1260256233538
110.3702 92.32815 -10.510373 -2.5815125 -14.62585 10.374607 1260256233547
105.60169 90.46174 -10.984855 -2.5815125 -14.62585 10.374607 1260256233550
105.60169 90.46174 -10.984855 -0.63374996 -30.594736 13.677088 1260256233558
101.02161 88.38865 -11.385612 -0.63374996 -30.594736 13.677088 1260256233563
101.02161 88.38865 -11.385612 0.07454014 -24.912296 18.964207 1260256233571
96.670525 86.16922 -11.766331 0.07454014 -24.912296 18.964207 1260256233576
96.670525 86.16922 -11.766331 -0.41996813 -6.6270685 13.28488 1260256233585
92.637 83.96076 -12.128015 -0.41996813 -6.6270685 13.28488 1260256233598
92.637 83.96076 -12.128015 -1.3566155 -18.814148 5.4625125 1260256233604
89.10515 82.112724 -12.571614 -1.3566155 -18.814148 5.4625125 1260256233617
89.10515 82.112724 -12.571614 -3.905946 -12.146672 15.194962 1260256233621
87.49989 83.457085 -12.893034 -3.905946 -12.146672 15.194962 1260256233641
87.49989 83.457085 -12.893034 -5.5554714 -16.432453 -2.0654292 1260256233644
91.0749 86.68423 -12.198382 -5.5554714 -16.432453 -2.0654292 1260256233658
91.0749 86.68423 -12.198382 3.7025075 3.6418 -6.452669 1260256233667
97.621155 90.40002 -11.038464 3.7025075 3.6418 -6.452669 1260256233678
97.621155 90.40002 -11.038464 13.059872 -12.16173 -16.514294 1260256233684
105.190094 94.030014 -9.736541 13.059872 -12.16173 -16.514294 1260256233697
105.190094 94.030014 -9.736541 9.094317 -4.665658 -30.082626 1260256233700
113.03059 97.52851 -8.349713 9.094317 -4.665658 -30.082626 1260256233722
113.03059 97.52851 -8.349713 -1.1971955 -5.47825 -17.720802 1260256233726
119.579056 100.552086 -7.1322274 -1.1971955 -5.47825 -17.720802 1260256233739
119.579056 100.552086 -7.1322274 -1.7039046 -7.711782 -11.151289 1260256233744
122.75011 102.424484 -6.375616 -1.7039046 -7.711782 -11.151289 1260256233758
122.75011 102.424484 -6.375616 0.98869604 -18.705738 -13.52799 1260256233761
119.1126 102.40326 -6.556835 0.98869604 -18.705738 -13.52799 1260256233780
119.1126 102.40326 -6.556835 -5.0047436 -22.215557 -4.3545566 1260256233783
114.30697 100.383095 -6.9789934 -5.0047436 -22.215557 -4.3545566 1260256233796
114.30697 100.383095 -6.9789934 -11.45759 -15.663304 14.890098 1260256233806
109.64162 98.06394 -7.3800435 -11.45759 -15.663304 14.890098 1260256233818
109.64162 98.06394 -7.3800435 -15.107766 -14.486885 10.100068 1260256233823
105.15954 95.71075 -7.6610413 -15.107766 -14.486885 10.100068 1260256233838
105.15954 95.71075 -7.6610413 -15.624731 -30.568594 15.824769 1260256233841
100.95156 93.47521 -7.827989 -15.624731 -30.568594 15.824769 1260256233862
100.95156 93.47521 -7.827989 -14.373127 -11.152313 14.10239 1260256233870
97.00398 91.50145 -7.9865894 -14.373127 -11.152313 14.10239 1260256233878
97.00398 91.50145 -7.9865894 -12.955604 -9.792371 10.675605 1260256233883
93.80378 90.22638 -8.03726 -12.955604 -9.792371 10.675605 1260256233897
93.80378 90.22638 -8.03726 -11.392889 -17.34507 5.020073 1260256233903
97.31359 92.11506 -7.485397 -11.392889 -17.34507 5.020073 1260256233918
97.31359 92.11506 -7.485397 -8.692343 1.4011712 -7.1660123 1260256233922
103.597916 95.3093 -6.511127 -8.692343 1.4011712 -7.1660123 1260256234098
103.597916 95.3093 -6.511127 0.78194165 -14.413123 -8.366725 1260256234106
110.96802 98.59384 -5.3855705 0.78194165 -14.413123 -8.366725 1260256234111
110.96802 98.59384 -5.3855705 13.028469 2.639237 -19.97673 1260256234114
117.86961 101.41415 -4.266292 13.028469 2.639237 -19.97673 1260256234123
117.86961 101.41415 -4.266292 15.651126 -17.42058 -22.664663 1260256234127
123.726135 103.14344 -3.2529774 15.651126 -17.42058 -22.664663 1260256234130
123.726135 103.14344 -3.2529774 7.2320914 -19.929144 -5.9756327 1260256234139
130.23982 103.586266 -2.5903285 7.2320914 -19.929144 -5.9756327 1260256234142
130.23982 103.586266 -2.5903285 -1.7005651 -19.490868 1.6704664 1260256234148
124.77783 102.956955 -2.4108121 -1.7005651 -19.490868 1.6704664 1260256234151
124.77783 102.956955 -2.4108121 -6.254993 -26.546762 5.275943 1260256234159
119.63894 101.309105 -2.6902716 -6.254993 -26.546762 5.275943 1260256234162
119.63894 101.309105 -2.6902716 -6.8077 -24.65372 -0.42413902 1260256234166
114.70699 98.84365 -3.305758 -6.8077 -24.65372 -0.42413902 1260256234171
114.70699 98.84365 -3.305758 -2.4708803 -3.0150948 10.276849 1260256234174
109.97164 95.90147 -4.0904703 -2.4708803 -3.0150948 10.276849 1260256234182
109.97164 95.90147 -4.0904703 4.001548 -17.543571 8.84923 1260256234186
105.37306 92.8064 -5.335947 4.001548 -17.543571 8.84923 1260256234194
105.37306 92.8064 -5.335947 4.373547 5.550224 5.83251 1260256234206
100.75441 90.11607 -7.26915 4.373547 5.550224 5.83251 1260256234209
100.75441 90.11607 -7.26915 -10.473127 -10.277576 -1.8783704 1260256234217
99.86669 92.26027 -7.6056924 -10.473127 -10.277576 -1.8783704 1260256234220
99.86669 92.26027 -7.6056924 -10.534622 5.774193 -3.7260933 1260256234227
97.27335 93.09726 -7.275408 -10.534622 5.774193 -3.7260933 1260256234230
97.27335 93.09726 -7.275408 -8.40929 0.08032131 -0.8508227 1260256234233
92.85969 93.142395 -6.761637 -8.40929 0.08032131 -0.8508227 1260256234241
92.85969 93.142395 -6.761637 -3.7764745 -6.1702604 3.1823974 1260256234244
88.36671 92.63528 -6.4235554 -3.7764745 -6.1702604 3.1823974 1260256234252
88.36671 92.63528 -6.4235554 -1.3574933 -9.290629 1.7746695 1260256234263
83.998375 91.853516 -6.2523775 -1.3574933 -9.290629 1.7746695 1260256234267
83.998375 91.853516 -6.2523775 -0.89672196 -12.748114 -2.9217901 1260256234277
80.09846 90.96084 -6.2897587 -0.89672196 -12.748114 -2.9217901 1260256234287
80.09846 90.96084 -6.2897587 -2.0938504 -16.565233 -5.8691363 1260256234290
77.34354 90.162796 -6.525271 -2.0938504 -16.565233 -5.8691363 1260256234299
77.34354 90.162796 -6.525271 -4.54221 -18.652836 -3.7329273 1260256234303
81.87636 91.45466 -6.2990074 -4.54221 -18.652836 -3.7329273 1260256234311
81.87636 91.45466 -6.2990074 -0.5227996 -5.520522 -13.500235 1260256234314
88.23254 93.68192 -5.484057 -0.5227996 -5.520522 -13.500235 1260256234324
88.23254 93.68192 -5.484057 9.530279 -4.647829 -4.3376427 1260256234328
94.920906 95.997826 -4.5098543 9.530279 -4.647829 -4.3376427 1260256234343
94.920906 95.997826 -4.5098543 14.03992 -21.669748 -13.486808 1260256234347
101.22486 98.19794 -3.6343615 14.03992 -21.669748 -13.486808 1260256234358
101.22486 98.19794 -3.6343615 9.239736 -6.532039 -9.415234 1260256234361
106.16362 99.73804 -3.1026435 9.239736 -6.532039 -9.415234 1260256234380
106.16362 99.73804 -3.1026435 2.0019555 -7.346978 -18.027122 1260256234383
104.805435 99.90114 -3.2475114 2.0019555 -7.346978 -18.027122 1260256234398
104.805435 99.90114 -3.2475114 -0.55751693 -8.883248 -10.73556 1260256234405
100.56516 98.15608 -3.885136 -0.55751693 -8.883248 -10.73556 1260256234418
100.56516 98.15608 -3.885136 2.288731 -7.529665 10.112111 1260256234428
96.23691 95.59828 -4.640879 2.288731 -7.529665 10.112111 1260256234438
96.23691 95.59828 -4.640879 3.6049361 -23.183514 10.920337 1260256234441
92.075066 92.71837 -5.308835 3.6049361 -23.183514 10.920337 1260256234459
92.075066 92.71837 -5.308835 1.7744417 -2.739111 14.910483 1260256234462
88.22131 89.93245 -5.8933935 1.7744417 -2.739111 14.910483 1260256234483
88.22131 89.93245 -5.8933935 -1.2883289 -19.10302 8.820955 1260256234487
85.01025 88.28583 -6.5487237 -1.2883289 -19.10302 8.820955 1260256234497
85.01025 88.28583 -6.5487237 -5.6500015 -11.034885 13.23596 1260256234501
89.40974 89.77154 -6.2212877 -5.6500015 -11.034885 13.23596 1260256234519
89.40974 89.77154 -6.2212877 0.6743108 -17.414198 -6.4153676 1260256234522
96.13925 92.18296 -5.310223 0.6743108 -17.414198 -6.4153676 1260256234542
96.13925 92.18296 -5.310223 11.314657 -1.8185682 -13.770578 1260256234545
103.33229 94.323814 -4.294712 11.314657 -1.8185682 -13.770578 1260256234558
103.33229 94.323814 -4.294712 14.609976 -15.999212 -18.346855 1260256234567
110.86568 95.85762 -3.3299766 14.609976 -15.999212 -18.346855 1260256234578
110.86568 95.85762 -3.3299766 7.9235573 -29.038082 -11.650997 1260256234581
118.822395 96.71474 -2.6134777 7.9235573 -29.038082 -11.650997 1260256234601
118.822395 96.71474 -2.6134777 -0.2801199 -27.709454 -1.411902 1260256234604
128.18127 97.079 -2.132804 -0.2801199 -27.709454 -1.411902 1260256234623
128.18127 97.079 -2.132804 -5.6775265 -24.090946 0.5733943 1260256234627
122.82221 96.97505 -1.9261637 -5.6775265 -24.090946 0.5733943 1260256234638
122.82221 96.97505 -1.9261637 -8.561148 -22.155571 1.7864673 1260256234643
118.781105 96.2763 -2.0298555 -8.561148 -22.155571 1.7864673 1260256234658
118.781105 96.2763 -2.0298555 -9.929514 -23.33773 3.335462 1260256234661
114.69205 94.76248 -2.5783627 -9.929514 -23.33773 3.335462 1260256234681
114.69205 94.76248 -2.5783627 -7.643218 -14.671812 -3.6577616 1260256234684
110.20744 91.72436 -3.8494446 -7.643218 -14.671812 -3.6577616 1260256234866
110.20744 91.72436 -3.8494446 2.8988035 1.4572363 11.216249 1260256234870
105.34707 87.08814 -5.7569723 2.8988035 1.4572363 11.216249 1260256234881
105.34707 87.08814 -5.7569723 0.40021467 7.6263814 10.40754 1260256234887
117.42972 81.68374 -8.069124 0.40021467 7.6263814 10.40754 1260256234890
117.42972 81.68374 -8.069124 -14.477395 2.251767 1.0268953 1260256234893
127.65823 76.84955 -11.365668 -14.477395 2.251767 1.0268953 1260256234901
127.65823 76.84955 -11.365668 3.906261 -8.272766 0.8991955 1260256234905
122.72532 79.45707 -12.697385 3.906261 -8.272766 0.8991955 1260256234910
122.72532 79.45707 -12.697385 -6.510483 1.1610684 -6.6292467 1260256234913
118.23905 80.58421 -12.512516 -6.510483 1.1610684 -6.6292467 1260256234922
118.23905 80.58421 -12.512516 -1.9513834 -6.043124 2.6381097 1260256234926
130.0271 81.305 -11.88689 -1.9513834 -6.043124 2.6381097 1260256234931
130.0271 81.305 -11.88689 6.008386 -18.639713 5.1011343 1260256234934
140.27574 81.93975 -11.142546 6.008386 -18.639713 5.1011343 1260256234943
140.27574 81.93975 -11.142546 10.865697 -28.3551 -0.11072326 1260256234947
149.81195 82.74276 -10.2854185 10.865697 -28.3551 -0.11072326 1260256234950
149.81195 82.74276 -10.2854185 9.868994 -31.464973 -5.26795 1260256234958
159.92136 83.45562 -9.571148 9.868994 -31.464973 -5.26795 1260256234964
159.92136 83.45562 -9.571148 2.9411678 -29.27935 0.18792844 1260256234972
153.32529 84.03284 -8.942591 2.9411678 -29.27935 0.18792844 1260256234981
153.32529 84.03284 -8.942591 -3.645495 -22.925646 4.993345 1260256234983
147.85902 84.48119 -8.345461 -3.645495 -22.925646 4.993345 1260256234988
147.85902 84.48119 -8.345461 -8.013494 -16.414888 4.1258225 1260256234993
142.96608 84.55714 -7.978188 -8.013494 -16.414888 4.1258225 1260256235001
142.96608 84.55714 -7.978188 -9.874328 -12.422403 1.8115952 1260256235005
138.11778 83.97928 -8.229279 -9.874328 -12.422403 1.8115952 1260256235009
138.11778 83.97928 -8.229279 -10.534425 -13.287518 3.5862608 1260256235014
132.06189 81.03031 -10.467814 -10.534425 -13.287518 3.5862608 1260256235028
132.06189 81.03031 -10.467814 5.6607943 4.454767 -2.4001317 1260256235031
141.05879 75.27879 -12.544424 5.6607943 4.454767 -2.4001317 1260256235039
141.05879 75.27879 -12.544424 -3.5305367 3.837225 11.035401 1260256235042
144.85585 69.31485 -14.167203 -3.5305367 3.837225 11.035401 1260256235048
144.85585 69.31485 -14.167203 -14.971312 3.1216204 0.51514745 1260256235051
149.81306 63.94911 -16.058844 -14.971312 3.1216204 0.51514745 1260256235061
149.81306 63.94911 -16.058844 -3.7958014 -3.143166 -3.8279552 1260256235064
156.47241 53.00165 -18.505901 -3.7958014 -3.143166 -3.8279552 1260256235068
156.47241 53.00165 -18.505901 -6.3004293 0.6567588 -8.547111 1260256235079
164.09879 41.801567 -21.630606 -6.3004293 0.6567588 -8.547111 1260256235087
164.09879 41.801567 -21.630606 -15.592996 9.980633 5.184545 1260256235090
171.99385 48.461487 -24.599075 -15.592996 9.980633 5.184545 1260256235100
171.99385 48.461487 -24.599075 -8.485333 8.431486 -3.6659493 1260256235109
179.99416 54.23841 -26.819122 -8.485333 8.431486 -3.6659493 1260256235121
179.99416 54.23841 -26.819122 -23.586502 3.0727296 -2.439145 1260256235124
187.79445 59.076492 -28.328167 -23.586502 3.0727296 -2.439145 1260256235139
187.79445 59.076492 -28.328167 -13.052177 -13.639473 4.036212 1260256235146
194.75473 62.972668 -29.061758 -13.052177 -13.639473 4.036212 1260256235165
194.75473 62.972668 -29.061758 -5.4236045 -13.783564 -11.913912 1260256235168
200.41699 66.12403 -29.25867 -5.4236045 -13.783564 -11.913912 1260256235177
200.41699 66.12403 -29.25867 -2.924491 -15.14666 0.9627247 1260256235181
205.24614 68.71783 -29.145737 -2.924491 -15.14666 0.9627247 1260256235201
205.24614 68.71783 -29.145737 -2.9339056 -16.544064 -8.963905 1260256235205
209.58383 71.03194 -28.88845 -2.9339056 -16.544064 -8.963905 1260256235222
209.58383 71.03194 -28.88845 -4.5545187 -32.291748 -0.08874488 1260256235226
213.55464 73.18034 -28.594028 -4.5545187 -32.291748 -0.08874488 1260256235238
213.55464 73.18034 -28.594028 -7.516719 -16.452576 3.3477197 1260256235241
217.0769 75.271324 -28.414328 -7.516719 -16.452576 3.3477197 1260256235259
217.0769 75.271324 -28.414328 -9.937427 -23.303587 -11.6691475 1260256235262
220.07306 77.40776 -28.34361 -9.937427 -23.303587 -11.6691475 1260256235281
220.07306 77.40776 -28.34361 -11.457359 -32.05365 1.7286296 1260256235284
222.31941 79.58737 -28.42643 -11.457359 -32.05365 1.7286296 1260256235303
222.31941 79.58737 -28.42643 -10.378524 -11.519489 2.416008 1260256235307
222.00345 81.758 -28.605108 -10.378524 -11.519489 2.416008 1260256235318
222.00345 81.758 -28.605108 -7.5772743 -17.96601 -11.666 1260256235321
218.85327 83.7701 -28.774853 -7.5772743 -17.96601 -11.666 1260256235340
218.85327 83.7701 -28.774853 -4.3955603 -23.170338 2.267848 1260256235345
215.61061 85.5816 -28.78611 -4.3955603 -23.170338 2.267848 1260256235363
215.61061 85.5816 -28.78611 -1.9836135 -5.557733 4.5398617 1260256235367
212.68008 87.05251 -28.546804 -1.9836135 -5.557733 4.5398617 1260256235378
212.68008 87.05251 -28.546804 -2.1025867 -2.6426878 -7.00313 1260256235391
