193.07462 37.01046 23.155825 4.708414 -0.47852945 -4.021296 1260256484854
193.07462 37.01046 23.155825 -3.4866319 1.7195349 0.7836597 1260256484858
194.42088 36.409935 24.148033 -3.4866319 1.7195349 0.7836597 1260256484861
194.42088 36.409935 24.148033 -3.928557 6.7579775 5.1702776 1260256484870
185.14984 34.939438 24.89063 -3.928557 6.7579775 5.1702776 1260256484873
185.14984 34.939438 24.89063 0.17019367 3.1893837 -5.709631 1260256484879
178.09235 31.642466 23.8461 0.17019367 3.1893837 -5.709631 1260256484882
178.09235 31.642466 23.8461 -9.05288 0.5093069 7.158292 1260256484893
171.78773 28.610342 22.053795 -9.05288 0.5093069 7.158292 1260256484896
171.78773 28.610342 22.053795 -2.9017506 8.556823 18.441174 1260256484902
165.89835 26.479824 19.851105 -2.9017506 8.556823 18.441174 1260256484913
165.89835 26.479824 19.851105 2.5885415 -5.810191 14.873934 1260256484917
160.65343 25.755833 17.35855 2.5885415 -5.810191 14.873934 1260256484920
160.65343 25.755833 17.35855 -19.84788 -9.84574 17.686996 1260256484929
155.97075 26.06804 15.090622 -19.84788 -9.84574 17.686996 1260256484932
155.97075 26.06804 15.090622 -6.067821 -21.139412 12.527254 1260256484938
151.97221 27.414639 13.086091 -6.067821 -21.139412 12.527254 1260256484940
151.97221 27.414639 13.086091 -6.2607765 -28.53645 5.957604 1260256484944
148.8736 29.593906 11.581786 -6.2607765 -28.53645 5.957604 1260256484952
148.8736 29.593906 11.581786 -15.927412 -15.337525 2.534083 1260256484958
147.02992 33.114212 10.752697 -15.927412 -15.337525 2.534083 1260256484961
147.02992 33.114212 10.752697 -11.582663 -31.812668 -2.9556017 1260256484964
146.42842 37.3585 10.465062 -11.582663 -31.812668 -2.9556017 1260256484973
146.42842 37.3585 10.465062 -6.709566 -15.222619 -14.289658 1260256484977
146.807 42.090576 10.491809 -6.709566 -15.222619 -14.289658 1260256484982
146.807 42.090576 10.491809 -4.9050627 -5.6418686 -11.297229 1260256484988
147.41666 47.03605 10.567219 -4.9050627 -5.6418686 -11.297229 1260256484993
147.41666 47.03605 10.567219 -5.4005213 -11.756013 -9.183994 1260256484997
147.74582 52.334248 10.438858 -5.4005213 -11.756013 -9.183994 1260256485033
147.74582 52.334248 10.438858 -6.467782 -14.69813 -9.1720085 1260256485042
143.05853 58.417534 9.716915 -6.467782 -14.69813 -9.1720085 1260256485050
143.05853 58.417534 9.716915 -3.40807 -10.321295 -6.083524 1260256485053
144.40561 48.096657 8.131069 -3.40807 -10.321295 -6.083524 1260256485057
144.40561 48.096657 8.131069 6.606779 12.10356 -4.238432 1260256485062
144.08533 39.291824 6.3745155 6.606779 12.10356 -4.238432 1260256485071
144.08533 39.291824 6.3745155 -3.3693764 -2.5107603 -4.041184 1260256485076
143.83105 31.027233 4.5057898 -3.3693764 -2.5107603 -4.041184 1260256485079
143.83105 31.027233 4.5057898 -15.148697 12.32206 -4.952161 1260256485084
149.1895 21.875872 1.5305003 -15.148697 12.32206 -4.952161 1260256485093
149.1895 21.875872 1.5305003 1.9739652 3.3266401 -3.4295115 1260256485099
143.03003 28.382078 -0.79602474 1.9739652 3.3266401 -3.4295115 1260256485102
143.03003 28.382078 -0.79602474 -14.875453 -4.1627407 -12.808817 1260256485112
139.97853 32.962975 -1.5062236 -14.875453 -4.1627407 -12.808817 1260256485115
139.97853 32.962975 -1.5062236 -14.110847 -24.302906 -7.3535914 1260256485121
137.42961 36.814827 -1.6309124 -14.110847 -24.302906 -7.3535914 1260256485124
137.42961 36.814827 -1.6309124 -11.389498 -15.601905 -8.7633295 1260256485135
135.40813 40.574085 -1.2493668 -11.389498 -15.601905 -8.7633295 1260256485138
135.40813 40.574085 -1.2493668 -6.642123 -28.120174 -12.861407 1260256485144
133.38773 44.29538 -0.5368984 -6.642123 -28.120174 -12.861407 1260256485158
133.38773 44.29538 -0.5368984 0.040711403 -23.966425 -0.22854042 1260256485162
132.21834 48.03061 0.039946556 0.040711403 -23.966425 -0.22854042 1260256485172
132.21834 48.03061 0.039946556 3.5104318 -7.0607142 -13.621775 1260256485178
133.55742 52.32908 0.7879492 3.5104318 -7.0607142 -13.621775 1260256485181
133.55742 52.32908 0.7879492 9.467066 -15.811838 -9.862252 1260256485184
137.37955 57.412624 1.5985518 9.467066 -15.811838 -9.862252 1260256485195
137.37955 57.412624 1.5985518 11.8120365 -10.380472 -5.8971715 1260256485200
141.11057 62.741993 2.018624 11.8120365 -10.380472 -5.8971715 1260256485204
141.11057 62.741993 2.018624 10.01859 -0.8912007 -10.437241 1260256485213
141.75504 66.55489 2.3176928 10.01859 -0.8912007 -10.437241 1260256485216
141.75504 66.55489 2.3176928 8.539663 -1.1961312 -1.9683619 1260256485220
141.41728 69.527145 2.551808 8.539663 -1.1961312 -1.9683619 1260256485230
141.41728 69.527145 2.551808 7.602598 -17.314102 -17.119362 1260256485238
140.69641 72.30079 2.6742177 7.602598 -17.314102 -17.119362 1260256485241
140.69641 72.30079 2.6742177 6.1859794 -16.129738 -2.727872 1260256485250
139.86159 74.93575 2.740507 6.1859794 -16.129738 -2.727872 1260256485253
139.86159 74.93575 2.740507 5.351577 -13.688206 -20.428143 1260256485259
139.1685 77.73897 2.6534815 5.351577 -13.688206 -20.428143 1260256485262
139.1685 77.73897 2.6534815 5.058885 -20.996737 -6.2740593 1260256485264
137.41008 81.05202 2.1708074 5.058885 -20.996737 -6.2740593 1260256485275
137.41008 81.05202 2.1708074 6.344824 -2.185482 -15.410411 1260256485278
133.28958 84.69942 1.062267 6.344824 -2.185482 -15.410411 1260256485289
133.28958 84.69942 1.062267 5.658788 -4.953644 -11.831363 1260256485294
144.42511 88.914444 -2.1408465 5.658788 -4.953644 -11.831363 1260256485299
144.42511 88.914444 -2.1408465 -12.41819 -8.869558 -5.0111465 1260256485304
139.25386 85.11872 -4.783804 -12.41819 -8.869558 -5.0111465 1260256485488
139.25386 85.11872 -4.783804 4.6673903 1.4667195 2.6680667 1260256485493
134.94116 82.06278 -6.094614 4.6673903 1.4667195 2.6680667 1260256485504
134.94116 82.06278 -6.094614 -4.3601923 -8.387396 17.869617 1260256485517
130.9441 79.00964 -7.0898833 -4.3601923 -8.387396 17.869617 1260256485520
130.9441 79.00964 -7.0898833 -14.716679 -1.8422046 8.500736 1260256485530
127.0969 75.80916 -7.935389 -14.716679 -1.8422046 8.500736 1260256485533
127.0969 75.80916 -7.935389 -18.852318 -9.730659 18.460503 1260256485539
123.29205 72.4187 -8.78862 -18.852318 -9.730659 18.460503 1260256485542
123.29205 72.4187 -8.78862 -16.010292 -1.7828826 29.327053 1260256485552
119.52745 68.84776 -9.749189 -16.010292 -1.7828826 29.327053 1260256485556
119.52745 68.84776 -9.749189 -8.167509 2.2340949 12.152531 1260256485561
115.851074 65.60538 -11.16173 -8.167509 2.2340949 12.152531 1260256485564
115.851074 65.60538 -11.16173 -4.5001287 -5.1878595 16.847944 1260256485575
112.25852 63.17511 -13.103643 -4.5001287 -5.1878595 16.847944 1260256485578
112.25852 63.17511 -13.103643 -23.552883 -10.367207 22.011545 1260256485583
109.1456 61.816353 -15.148461 -23.552883 -10.367207 22.011545 1260256485594
109.1456 61.816353 -15.148461 -24.787548 -5.9057684 -1.7091308 1260256485597
107.03832 65.22553 -16.291039 -24.787548 -5.9057684 -1.7091308 1260256485600
107.03832 65.22553 -16.291039 -11.37083 -27.613178 0.87615824 1260256485608
106.5864 68.314255 -16.576487 -11.37083 -27.613178 0.87615824 1260256485614
106.5864 68.314255 -16.576487 -3.9327679 -17.467567 -18.84441 1260256485622
107.957085 71.59854 -16.147663 -3.9327679 -17.467567 -18.84441 1260256485632
107.957085 71.59854 -16.147663 -0.7590208 -30.537613 -16.234053 1260256485636
110.30923 74.81861 -15.44028 -0.7590208 -30.537613 -16.234053 1260256485642
110.30923 74.81861 -15.44028 -3.6408467 -17.487486 -31.32078 1260256485649
112.89377 78.12768 -14.668266 -3.6408467 -17.487486 -31.32078 1260256485654
112.89377 78.12768 -14.668266 -8.5045395 -24.369724 -21.16731 1260256485658
115.19908 81.421295 -13.934853 -8.5045395 -24.369724 -21.16731 1260256485663
115.19908 81.421295 -13.934853 -9.654602 -15.512873 -22.831612 1260256485669
116.98913 84.55023 -13.28811 -9.654602 -15.512873 -22.831612 1260256485672
116.98913 84.55023 -13.28811 -6.8833838 -17.908527 -28.38669 1260256485678
117.73967 87.57272 -12.873704 -6.8833838 -17.908527 -28.38669 1260256485683
117.73967 87.57272 -12.873704 -4.7625623 -8.352071 -8.447177 1260256485699
116.70268 90.39409 -12.980019 -4.7625623 -8.352071 -8.447177 1260256485702
116.70268 90.39409 -12.980019 -7.8617926 -15.420221 -18.533592 1260256485710
114.06755 92.924385 -13.8310175 -7.8617926 -15.420221 -18.533592 1260256485714
114.06755 92.924385 -13.8310175 -14.874172 2.5143704 -5.9642925 1260256485718
110.864174 95.32816 -15.389466 -14.874172 2.5143704 -5.9642925 1260256485723
110.864174 95.32816 -15.389466 -9.511191 -14.406364 -7.1348763 1260256485729
107.32097 91.961754 -17.569992 -9.511191 -14.406364 -7.1348763 1260256485737
107.32097 91.961754 -17.569992 1.8416567 3.2169929 -0.15640855 1260256485740
103.80492 88.06367 -19.241493 1.8416567 3.2169929 -0.15640855 1260256485755
103.80492 88.06367 -19.241493 -12.119913 -3.5163326 15.359544 1260256485759
100.36467 84.36048 -20.279419 -12.119913 -3.5163326 15.359544 1260256485764
100.36467 84.36048 -20.279419 -19.563969 -8.009443 9.8414 1260256485774
97.04643 81.59246 -20.765448 -19.563969 -8.009443 9.8414 1260256485782
97.04643 81.59246 -20.765448 -19.137836 -8.71818 10.999264 1260256485788
93.89411 79.61284 -20.877174 -19.137836 -8.71818 10.999264 1260256485795
93.89411 79.61284 -20.877174 -18.043312 -7.256959 17.25068 1260256485799
90.999405 78.282196 -20.783316 -18.043312 -7.256959 17.25068 1260256485816
90.999405 78.282196 -20.783316 -17.960262 -23.594765 16.930492 1260256485819
88.54944 77.51809 -20.54415 -17.960262 -23.594765 16.930492 1260256485829
88.54944 77.51809 -20.54415 -16.698618 -31.105484 10.124934 1260256485832
86.771965 76.99219 -20.316942 -16.698618 -31.105484 10.124934 1260256485853
86.771965 76.99219 -20.316942 -15.68612 -29.274467 5.5064263 1260256485857
86.433365 78.49258 -20.101095 -15.68612 -29.274467 5.5064263 1260256485873
86.433365 78.49258 -20.101095 -13.81313 -16.058075 -4.4072027 1260256485876
88.5617 81.06795 -19.39604 -13.81313 -16.058075 -4.4072027 1260256485888
88.5617 81.06795 -19.39604 -6.6184072 -6.3985143 -2.9878697 1260256485891
92.63361 84.61455 -18.226238 -6.6184072 -6.3985143 -2.9878697 1260256485910
92.63361 84.61455 -18.226238 7.177952 -11.289922 -24.810253 1260256485913
98.65193 88.58382 -16.864925 7.177952 -11.289922 -24.810253 1260256485928
98.65193 88.58382 -16.864925 12.813679 -12.37553 -26.595253 1260256485934
105.46934 92.55463 -15.521679 12.813679 -12.37553 -26.595253 1260256485949
105.46934 92.55463 -15.521679 2.6932888 4.5646205 -23.300352 1260256485958
111.09587 96.37689 -14.395595 2.6932888 4.5646205 -23.300352 1260256485970
111.09587 96.37689 -14.395595 -7.036529 -12.343476 -18.885818 1260256485976
111.09108 99.308044 -14.125814 -7.036529 -12.343476 -18.885818 1260256485993
111.09108 99.308044 -14.125814 -11.7334585 3.8056917 -11.430408 1260256486000
108.23653 97.54264 -14.719523 -11.7334585 3.8056917 -11.430408 1260256486015
108.23653 97.54264 -14.719523 -13.605554 -9.5363245 5.789844 1260256486019
104.3747 95.315506 -14.983547 -13.605554 -9.5363245 5.789844 1260256486028
104.3747 95.315506 -14.983547 -13.631505 -25.366112 6.826782 1260256486037
100.50597 93.09973 -15.034369 -13.631505 -25.366112 6.826782 1260256486049
100.50597 93.09973 -15.034369 -13.917688 -13.154947 13.174714 1260256486052
96.830666 91.09474 -14.932651 -13.917688 -13.154947 13.174714 1260256486073
96.830666 91.09474 -14.932651 -13.27459 -23.566399 23.138836 1260256486259
93.68913 89.44 -14.836018 -13.27459 -23.566399 23.138836 1260256486272
93.68913 89.44 -14.836018 -12.869122 -29.600296 10.758886 1260256486281
91.40468 88.168 -14.894217 -12.869122 -29.600296 10.758886 1260256486284
91.40468 88.168 -14.894217 -11.822302 -17.670292 -0.51701593 1260256486292
90.78445 89.0596 -14.949506 -11.822302 -17.670292 -0.51701593 1260256486296
90.78445 89.0596 -14.949506 -10.07745 -20.64295 -3.3809922 1260256486299
92.94522 91.35662 -14.45203 -10.07745 -20.64295 -3.3809922 1260256486304
92.94522 91.35662 -14.45203 -10.503189 -6.4517884 -5.7359095 1260256486313
97.04796 94.63879 -13.5294285 -10.503189 -6.4517884 -5.7359095 1260256486316
97.04796 94.63879 -13.5294285 -6.8874965 -10.395319 -10.748613 1260256486320
103.09556 98.20685 -12.452957 -6.8874965 -10.395319 -10.748613 1260256486330
103.09556 98.20685 -12.452957 4.2689915 1.9044967 -28.03109 1260256486336
109.39078 101.596504 -11.330309 4.2689915 1.9044967 -28.03109 1260256486339
109.39078 101.596504 -11.330309 13.478384 -14.391379 -20.833519 1260256486343
112.571236 104.21668 -10.613793 13.478384 -14.391379 -20.833519 1260256486354
112.571236 104.21668 -10.613793 10.115952 -2.554233 -12.689308 1260256486359
111.592674 104.55585 -10.633103 10.115952 -2.554233 -12.689308 1260256486362
111.592674 104.55585 -10.633103 6.3983 -6.0874686 -2.3303366 1260256486371
107.96304 102.77805 -10.801448 6.3983 -6.0874686 -2.3303366 1260256486374
107.96304 102.77805 -10.801448 4.6308746 -26.670635 6.658662 1260256486377
104.06489 100.48915 -11.061376 4.6308746 -26.670635 6.658662 1260256486391
104.06489 100.48915 -11.061376 2.791553 -21.246696 12.643351 1260256486399
100.411644 98.264694 -11.158307 2.791553 -21.246696 12.643351 1260256486404
100.411644 98.264694 -11.158307 3.8954973 -14.568254 12.684719 1260256486411
97.24106 96.25146 -11.200392 3.8954973 -14.568254 12.684719 1260256486416
97.24106 96.25146 -11.200392 5.3319926 -25.94873 8.711738 1260256486420
95.079 94.68888 -11.540372 5.3319926 -25.94873 8.711738 1260256486423
95.079 94.68888 -11.540372 4.5130963 -15.434376 8.311024 1260256486431
96.57505 96.50444 -11.513353 4.5130963 -15.434376 8.311024 1260256486434
96.57505 96.50444 -11.513353 6.826499 -14.162573 -8.629144 1260256486440
101.046295 99.72922 -10.737685 6.826499 -14.162573 -8.629144 1260256486442
101.046295 99.72922 -10.737685 10.442964 2.2612677 -15.576481 1260256486451
107.09398 103.042755 -9.800801 10.442964 2.2612677 -15.576481 1260256486456
107.09398 103.042755 -9.800801 6.4726934 -10.961407 -13.513522 1260256486464
112.28928 105.89062 -8.910761 6.4726934 -10.961407 -13.513522 1260256486475
112.28928 105.89062 -8.910761 -1.3861287 -0.5450711 -28.504711 1260256486478
115.57482 107.596085 -8.315223 -1.3861287 -0.5450711 -28.504711 1260256486482
115.57482 107.596085 -8.315223 -7.6726604 -20.13096 -19.07144 1260256486489
115.89608 107.91628 -8.399462 -7.6726604 -20.13096 -19.07144 1260256486496
115.89608 107.91628 -8.399462 -11.306183 -24.216007 -8.711834 1260256486500
112.35127 105.87047 -8.929488 -11.306183 -24.216007 -8.711834 1260256486503
112.35127 105.87047 -8.929488 -10.5418 -8.42274 -1.6137345 1260256486513
108.03371 103.02695 -9.583014 -10.5418 -8.42274 -1.6137345 1260256486516
108.03371 103.02695 -9.583014 -5.7153997 -20.293232 18.135735 1260256486522
103.93202 100.2256 -10.303863 -5.7153997 -20.293232 18.135735 1260256486536
103.93202 100.2256 -10.303863 1.5681896 -7.8682833 2.1014385 1260256486541
102.03542 98.86432 -10.638669 1.5681896 -7.8682833 2.1014385 1260256486557
102.03542 98.86432 -10.638669 6.580942 1.2286797 0.40939847 1260256486560
105.683655 100.921104 -10.056736 6.580942 1.2286797 0.40939847 1260256486572
105.683655 100.921104 -10.056736 6.0887604 -11.572432 -16.547754 1260256486579
110.49947 103.27505 -9.203899 6.0887604 -11.572432 -16.547754 1260256486592
110.49947 103.27505 -9.203899 0.08668494 -13.927353 -7.323764 1260256486595
115.0245 105.211296 -8.443705 0.08668494 -13.927353 -7.323764 1260256486608
115.0245 105.211296 -8.443705 -5.8701305 -3.7027998 -16.905228 1260256486615
118.77327 106.45073 -7.8715196 -5.8701305 -3.7027998 -16.905228 1260256486631
118.77327 106.45073 -7.8715196 -8.804207 -12.969738 -13.835467 1260256486638
120.484604 106.728195 -7.6779437 -8.804207 -12.969738 -13.835467 1260256486649
120.484604 106.728195 -7.6779437 -11.03782 -16.592724 -5.30454 1260256486652
117.610374 106.69179 -8.044046 -11.03782 -16.592724 -5.30454 1260256486668
117.610374 106.69179 -8.044046 -13.600663 -13.227786 -2.7501607 1260256486675
113.029854 103.907196 -9.141844 -13.600663 -13.227786 -2.7501607 1260256486688
113.029854 103.907196 -9.141844 -8.374733 -6.5203285 13.415667 1260256486695
108.07836 100.11184 -10.584751 -8.374733 -6.5203285 13.415667 1260256486708
108.07836 100.11184 -10.584751 2.0654292 -1.2556074 3.7118735 1260256486717
103.174446 96.15625 -12.255513 2.0654292 -1.2556074 3.7118735 1260256486731
103.174446 96.15625 -12.255513 -3.7581167 -12.733381 2.929126 1260256486734
99.415726 93.44844 -13.942738 -3.7581167 -12.733381 2.929126 1260256486751
99.415726 93.44844 -13.942738 -15.594681 1.509335 3.0498438 1260256486758
99.89494 94.47602 -14.095601 -15.594681 1.509335 3.0498438 1260256486775
99.89494 94.47602 -14.095601 -13.836779 -15.061381 -3.5396135 1260256486779
104.0002 95.45222 -13.590821 -13.836779 -15.061381 -3.5396135 1260256486791
104.0002 95.45222 -13.590821 -9.817161 -28.013832 -6.402725 1260256486800
108.800186 96.4296 -12.96128 -9.817161 -28.013832 -6.402725 1260256486813
108.800186 96.4296 -12.96128 -3.988225 -29.901056 -15.282287 1260256486816
113.76018 97.30812 -12.213216 -3.988225 -29.901056 -15.282287 1260256486829
113.76018 97.30812 -12.213216 4.165784 -22.669668 -18.767216 1260256487009
117.87217 98.142715 -11.552555 4.165784 -22.669668 -18.767216 1260256487020
117.87217 98.142715 -11.552555 8.75463 -11.165901 -11.678513 1260256487024
120.028564 98.88558 -11.1249275 8.75463 -11.165901 -11.678513 1260256487032
120.028564 98.88558 -11.1249275 8.996248 -3.5070858 -5.678542 1260256487035
119.727135 99.4413 -10.968681 8.996248 -3.5070858 -5.678542 1260256487039
119.727135 99.4413 -10.968681 8.270977 -1.0647411 -3.2682521 1260256487044
117.29078 100.01923 -11.420247 8.270977 -1.0647411 -3.2682521 1260256487052
117.29078 100.01923 -11.420247 6.409737 -1.9431353 2.7442095 1260256487056
112.87624 96.818275 -13.199235 6.409737 -1.9431353 2.7442095 1260256487059
112.87624 96.818275 -13.199235 -9.582733 -8.334778 -4.9047 1260256487064
107.73243 91.67736 -15.139274 -9.582733 -8.334778 -4.9047 1260256487070
107.73243 91.67736 -15.139274 -10.603134 5.9790907 11.101013 1260256487076
120.29581 86.34349 -17.03231 -10.603134 5.9790907 11.101013 1260256487079
120.29581 86.34349 -17.03231 2.3532085 12.157542 5.037171 1260256487082
131.48102 81.37631 -19.330694 2.3532085 12.157542 5.037171 1260256487090
131.48102 81.37631 -19.330694 -13.906126 5.3681993 12.440397 1260256487094
142.00697 77.307495 -22.26416 -13.906126 5.3681993 12.440397 1260256487100
142.00697 77.307495 -22.26416 -9.1392 -9.175867 5.5307417 1260256487103
152.70662 74.44212 -24.650951 -9.1392 -9.175867 5.5307417 1260256487116
152.70662 74.44212 -24.650951 -8.520926 3.3206983 5.5259767 1260256487133
145.47128 77.87002 -26.068403 -8.520926 3.3206983 5.5259767 1260256487137
145.47128 77.87002 -26.068403 -19.833965 -14.991821 -5.4161053 1260256487141
138.59772 80.37652 -26.664984 -19.833965 -14.991821 -5.4161053 1260256487150
138.59772 80.37652 -26.664984 -19.640228 -3.116003 -0.47279257 1260256487155
149.11783 82.15769 -26.631735 -19.640228 -3.116003 -0.47279257 1260256487159
149.11783 82.15769 -26.631735 -17.470245 -20.238216 0.54309285 1260256487162
157.51193 83.549805 -26.300148 -17.470245 -20.238216 0.54309285 1260256487172
157.51193 83.549805 -26.300148 -15.428595 -27.348082 -1.3186879 1260256487175
164.18634 82.92232 -25.93514 -15.428595 -27.348082 -1.3186879 1260256487183
164.18634 82.92232 -25.93514 -13.9247265 -29.239002 2.3561058 1260256487197
168.02702 84.226204 -25.588383 -13.9247265 -29.239002 2.3561058 1260256487201
168.02702 84.226204 -25.588383 -11.626503 -27.16392 -7.401571 1260256487215
169.92567 85.414894 -25.208963 -11.626503 -27.16392 -7.401571 1260256487218
169.92567 85.414894 -25.208963 -8.046761 -16.787909 -8.354438 1260256487222
170.6794 84.69415 -24.898516 -8.046761 -16.787909 -8.354438 1260256487233
170.6794 84.69415 -24.898516 -4.8081017 -22.357147 -8.935812 1260256487238
170.74542 83.95944 -24.60359 -4.8081017 -22.357147 -8.935812 1260256487244
170.74542 83.95944 -24.60359 -1.563478 -26.218409 -3.9302373 1260256487256
170.10815 83.11147 -24.42341 -1.563478 -26.218409 -3.9302373 1260256487261
170.10815 83.11147 -24.42341 0.308321 -25.134968 3.3857646 1260256487264
168.95274 82.105896 -24.40224 0.308321 -25.134968 3.3857646 1260256487272
168.95274 82.105896 -24.40224 0.92739344 -16.348957 9.375683 1260256487276
167.3051 80.8506 -24.582129 0.92739344 -16.348957 9.375683 1260256487294
167.3051 80.8506 -24.582129 -0.19810295 -2.1337314 8.641409 1260256487297
165.43985 79.25807 -24.903023 -0.19810295 -2.1337314 8.641409 1260256487313
165.43985 79.25807 -24.903023 -2.5220082 -0.53813076 -3.4667614 1260256487317
163.86786 77.64517 -24.957872 -2.5220082 -0.53813076 -3.4667614 1260256487320
163.86786 77.64517 -24.957872 -2.2176661 -14.304217 -1.3402553 1260256487323
