215.89136 -14.045356 65.50559 12.747836 1.2677023 -6.062371 1260255811554
215.89136 -14.045356 65.50559 10.371612 11.706435 -1.6872556 1260255811557
219.14679 -21.643087 64.38031 10.371612 11.706435 -1.6872556 1260255811561
219.14679 -21.643087 64.38031 15.381897 5.303874 -5.8446045 1260255811569
222.53944 -29.060932 62.461296 15.381897 5.303874 -5.8446045 1260255811575
222.53944 -29.060932 62.461296 1.8719788 -4.7587023 -17.157139 1260255811578
226.21248 -36.157887 60.28823 1.8719788 -4.7587023 -17.157139 1260255811601
226.21248 -36.157887 60.28823 -0.15065241 -7.1806087 -15.970977 1260255811610
229.45186 -42.999992 58.02382 -0.15065241 -7.1806087 -15.970977 1260255811616
229.45186 -42.999992 58.02382 15.339552 -5.590809 -19.897379 1260255811624
232.82927 -49.499992 55.822628 15.339552 -5.590809 -19.897379 1260255811632
232.82927 -49.499992 55.822628 -0.758564 -3.7393687 -17.475414 1260255811636
236.6878 -55.574993 53.681496 -0.758564 -3.7393687 -17.475414 1260255811639
236.6878 -55.574993 53.681496 2.8741667 -4.3994474 -28.935318 1260255811644
241.00342 -61.246243 51.59742 2.8741667 -4.3994474 -28.935318 1260255811657
241.00342 -61.246243 51.59742 14.506811 -5.440413 -22.684986 1260255811660
245.75325 -66.58393 49.567547 14.506811 -5.440413 -22.684986 1260255811665
245.75325 -66.58393 49.567547 -2.252603 -1.2050056 -26.024303 1260255811671
250.81558 -71.60474 47.58917 -2.252603 -1.2050056 -26.024303 1260255811679
250.81558 -71.60474 47.58917 -1.6729155 9.486889 -8.387905 1260255811682
254.6748 -76.5745 45.70971 -1.6729155 9.486889 -8.387905 1260255811700
254.6748 -76.5745 45.70971 11.246395 10.463696 -9.33179 1260255811704
248.19107 -67.34578 44.274223 11.246395 10.463696 -9.33179 1260255811714
248.19107 -67.34578 44.274223 3.7874599 -12.713074 -2.1909513 1260255811717
241.78151 -61.67849 42.11051 3.7874599 -12.713074 -2.1909513 1260255811730
241.78151 -61.67849 42.11051 -9.168743 -18.206715 7.7570724 1260255811733
235.64244 -56.444565 39.904987 -9.168743 -18.206715 7.7570724 1260255811747
235.64244 -56.444565 39.904987 6.867716 -17.281063 11.447451 1260255811934
229.76031 -51.522335 37.70974 6.867716 -17.281063 11.447451 1260255811938
229.76031 -51.522335 37.70974 -2.0206232 -11.0822735 25.86751 1260255811945
224.1223 -47.146217 35.524254 -2.0206232 -11.0822735 25.86751 1260255811955
224.1223 -47.146217 35.524254 -11.334631 -19.205557 31.25289 1260255811959
218.66618 -43.438908 33.39804 -11.334631 -19.205557 31.25289 1260255811962
218.66618 -43.438908 33.39804 5.3732357 -18.673721 22.933434 1260255811970
213.38287 -40.516964 31.37814 5.3732357 -18.673721 22.933434 1260255811973
213.38287 -40.516964 31.37814 -3.5301456 -3.5700636 14.864597 1260255811980
208.26373 -38.241116 29.409233 -3.5301456 -3.5700636 14.864597 1260255811983
208.26373 -38.241116 29.409233 -11.607688 3.3119607 16.027687 1260255811991
203.35054 -36.429058 27.488771 -11.607688 3.3119607 16.027687 1260255811994
203.35054 -36.429058 27.488771 4.7515287 -8.8153305 11.132069 1260255811998
198.63301 -35.357605 25.314333 4.7515287 -8.8153305 11.132069 1260255812003
198.63301 -35.357605 25.314333 0.20349455 -5.559678 -1.5391355 1260255812011
192.80136 -40.489723 23.748617 0.20349455 -5.559678 -1.5391355 1260255812015
192.80136 -40.489723 23.748617 -10.092839 6.1479816 -4.77248 1260255812018
185.3113 -46.36524 22.811186 -10.092839 6.1479816 -4.77248 1260255812038
185.3113 -46.36524 22.811186 -6.252915 11.045876 -5.690052 1260255812041
177.24573 -52.196976 21.970627 -6.252915 11.045876 -5.690052 1260255812060
177.24573 -52.196976 21.970627 2.3258731 14.5494175 -14.5617695 1260255812063
168.98344 -57.837128 21.272095 2.3258731 14.5494175 -14.5617695 1260255812067
168.98344 -57.837128 21.272095 9.887323 15.881655 -25.903572 1260255812070
160.93427 -63.19527 20.65849 9.887323 15.881655 -25.903572 1260255812073
160.93427 -63.19527 20.65849 14.00453 11.151867 -29.51042 1260255812083
153.43755 -68.235504 20.075565 14.00453 11.151867 -29.51042 1260255812087
153.43755 -68.235504 20.075565 13.8677845 0.8806629 -27.035881 1260255812093
146.56567 -72.97373 19.471786 13.8677845 0.8806629 -27.035881 1260255812101
146.56567 -72.97373 19.471786 9.9206085 2.0993748 -34.49581 1260255812107
140.4874 -77.52505 18.848198 9.9206085 2.0993748 -34.49581 1260255812111
140.4874 -77.52505 18.848198 3.0376496 15.447157 -30.329376 1260255812119
134.96303 -81.998795 18.155788 3.0376496 15.447157 -30.329376 1260255812122
134.96303 -81.998795 18.155788 -4.4277487 7.7983017 -12.93168 1260255812128
141.26488 -86.848854 17.947998 -4.4277487 7.7983017 -12.93168 1260255812147
141.26488 -86.848854 17.947998 -4.962015 -8.693753 -7.9244757 1260255812151
140.35164 -79.45641 18.500599 -4.962015 -8.693753 -7.9244757 1260255812154
140.35164 -79.45641 18.500599 1.1302993 -15.935235 -4.963957 1260255812164
138.93405 -72.88359 18.57557 1.1302993 -15.935235 -4.963957 1260255812169
138.93405 -72.88359 18.57557 4.1994333 -21.467398 2.6023355 1260255812179
137.58734 -66.88941 18.546791 4.1994333 -21.467398 2.6023355 1260255812182
137.58734 -66.88941 18.546791 6.4079657 -29.701645 12.731361 1260255812189
136.40797 -61.39494 18.469452 6.4079657 -29.701645 12.731361 1260255812194
136.40797 -61.39494 18.469452 6.129822 -32.131393 23.020945 1260255812198
135.28758 -56.57519 18.545979 6.129822 -32.131393 23.020945 1260255812202
135.28758 -56.57519 18.545979 6.6727734 -15.948312 30.827877 1260255812205
134.1732 -52.59643 18.81868 6.6727734 -15.948312 30.827877 1260255812227
134.1732 -52.59643 18.81868 8.033114 -0.8383026 10.534924 1260255812231
132.61455 -50.06661 19.327745 8.033114 -0.8383026 10.534924 1260255812247
132.61455 -50.06661 19.327745 10.870394 -1.5547739 19.806883 1260255812251
129.43382 -49.663277 19.811357 10.870394 -1.5547739 19.806883 1260255812267
129.43382 -49.663277 19.811357 12.410322 0.48249006 9.673006 1260255812270
125.76213 -52.38011 19.470789 12.410322 0.48249006 9.673006 1260255812287
125.76213 -52.38011 19.470789 7.88323 17.525425 -4.627261 1260255812291
122.67403 -55.211105 18.59725 7.88323 17.525425 -4.627261 1260255812307
122.67403 -55.211105 18.59725 -2.1468005 0.8031883 -1.3071158 1260255812311
120.44032 -58.25055 17.267387 -2.1468005 0.8031883 -1.3071158 1260255812327
120.44032 -58.25055 17.267387 -11.311225 19.944803 -4.847897 1260255812331
119.2683 -61.638023 15.554018 -11.311225 19.944803 -4.847897 1260255812347
119.2683 -61.638023 15.554018 -1.7661719 -0.2995329 -9.040115 1260255812350
119.20489 -65.30612 13.326317 -1.7661719 -0.2995329 -9.040115 1260255812367
119.20489 -65.30612 13.326317 1.9430652 13.025082 -10.605772 1260255812371
120.34464 -69.34081 10.56 1.9430652 13.025082 -10.605772 1260255812387
120.34464 -69.34081 10.56 -14.741705 7.138025 -8.238668 1260255812391
122.177414 -73.57377 7.5820003 -14.741705 7.138025 -8.238668 1260255812407
122.177414 -73.57377 7.5820003 3.3106008 -5.8906355 -4.596944 1260255812411
124.368546 -77.69508 4.9529004 3.3106008 -5.8906355 -4.596944 1260255812427
124.368546 -77.69508 4.9529004 -14.829855 10.433817 -5.8675003 1260255812431
125.55012 -81.51033 3.4552553 -14.829855 10.433817 -5.8675003 1260255812448
125.55012 -81.51033 3.4552553 -5.9657326 1.4370334 -14.702013 1260255812451
122.22261 -85.13481 3.4324925 -5.9657326 1.4370334 -14.702013 1260255812467
122.22261 -85.13481 3.4324925 -2.4021707 0.3713863 2.0028052 1260255812471
132.51147 -88.87807 4.860868 -2.4021707 0.3713863 2.0028052 1260255812487
132.51147 -88.87807 4.860868 -4.652644 11.081343 -6.6326323 1260255812491
140.4359 -92.88416 7.4178247 -4.652644 11.081343 -6.6326323 1260255812507
140.4359 -92.88416 7.4178247 19.35659 -7.2477264 -5.9585524 1260255812511
144.9641 -79.68996 10.646934 19.35659 -7.2477264 -5.9585524 1260255812527
144.9641 -79.68996 10.646934 5.8400726 -11.288348 -2.8143077 1260255812721
151.4159 -84.65546 10.914587 5.8400726 -11.288348 -2.8143077 1260255812727
151.4159 -84.65546 10.914587 -5.8315983 1.7977151 -12.893124 1260255812731
160.9951 -89.02268 10.868857 -5.8315983 1.7977151 -12.893124 1260255812747
160.9951 -89.02268 10.868857 -6.5615044 10.9915695 -17.891756 1260255812751
154.04535 -92.97155 10.675414 -6.5615044 10.9915695 -17.891756 1260255812775
154.04535 -92.97155 10.675414 -6.577944 -5.019383 -21.230612 1260255812779
148.34308 -96.62297 10.441644 -6.577944 -5.019383 -21.230612 1260255812803
148.34308 -96.62297 10.441644 -5.937361 12.558172 -18.8551 1260255812808
143.27592 -100.041824 10.169561 -5.937361 12.558172 -18.8551 1260255812812
143.27592 -100.041824 10.169561 -4.4633074 1.7015204 -29.310669 1260255812817
138.71213 -103.33974 9.861083 -4.4633074 1.7015204 -29.310669 1260255812834
138.71213 -103.33974 9.861083 -2.4661143 8.799723 -13.684053 1260255812838
134.57652 -106.572754 9.518029 -2.4661143 8.799723 -13.684053 1260255812848
134.57652 -106.572754 9.518029 0.16346908 1.8522918 -29.59176 1260255812852
129.7477 -109.79411 9.242127 0.16346908 1.8522918 -29.59176 1260255812867
129.7477 -109.79411 9.242127 2.8560467 4.1377087 -7.391473 1260255812871
139.71031 -113.054405 9.180021 2.8560467 4.1377087 -7.391473 1260255812894
139.71031 -113.054405 9.180021 4.349689 0.77800274 -22.779003 1260255812897
144.5748 -98.70168 9.77102 4.349689 0.77800274 -22.779003 1260255812908
144.5748 -98.70168 9.77102 0.1337893 -10.455091 -6.4015026 1260255812912
145.04607 -87.0666 11.182469 0.1337893 -10.455091 -6.4015026 1260255812927
145.04607 -87.0666 11.182469 -5.0665255 -12.989944 -1.2896607 1260255812931
143.39377 -79.76327 11.773346 -5.0665255 -12.989944 -1.2896607 1260255812947
143.39377 -79.76327 11.773346 -2.024487 -20.04292 1.9904587 1260255812950
141.42409 -73.0251 11.984678 -2.024487 -20.04292 1.9904587 1260255812970
141.42409 -73.0251 11.984678 -0.20876741 -22.311306 3.7424502 1260255812973
139.45288 -66.77384 12.085444 -0.20876741 -22.311306 3.7424502 1260255812987
139.45288 -66.77384 12.085444 0.86017275 -25.147858 7.0111475 1260255812991
137.63023 -60.98515 12.281172 0.86017275 -25.147858 7.0111475 1260255813007
137.63023 -60.98515 12.281172 3.344703 -26.182375 10.826926 1260255813011
135.99872 -55.785892 12.767114 3.344703 -26.182375 10.826926 1260255813027
135.99872 -55.785892 12.767114 8.886852 -19.506144 18.533276 1260255813030
134.49878 -51.296597 13.628758 8.886852 -19.506144 18.533276 1260255813047
134.49878 -51.296597 13.628758 15.6567 0.62992716 11.808574 1260255813051
