276.432 -21.85402 69.82997 11.032443 9.504326 3.3183742 1260261107062
276.432 -21.85402 69.82997 17.320833 2.0887794 -7.998271 1260261107067
276.46042 -29.361319 70.43847 17.320833 2.0887794 -7.998271 1260261107074
276.46042 -29.361319 70.43847 19.403688 -7.2723417 -1.2932255 1260261107079
277.5874 -28.643253 70.61655 19.403688 -7.2723417 -1.2932255 1260261107083
277.5874 -28.643253 70.61655 18.793156 -1.1095345 0.07542795 1260261107088
280.60803 -28.21109 70.33572 18.793156 -1.1095345 0.07542795 1260261107099
280.60803 -28.21109 70.33572 17.731792 3.861019 -0.9031062 1260261107102
267.52762 -27.950535 69.71893 17.731792 3.861019 -0.9031062 1260261107128
267.52762 -27.950535 69.71893 13.6282015 6.918148 -4.215152 1260261107138
256.15125 -27.753008 68.98299 13.6282015 6.918148 -4.215152 1260261107304
256.15125 -27.753008 68.98299 6.59583 8.898701 -4.5015173 1260261107310
245.84369 -27.715357 68.133835 6.59583 8.898701 -4.5015173 1260261107322
245.84369 -27.715357 68.133835 -0.87217236 9.4194355 -0.73787093 1260261107325
235.75151 -27.72959 67.42714 -0.87217236 9.4194355 -0.73787093 1260261107335
235.75151 -27.72959 67.42714 -2.078247 9.573071 4.207283 1260261107339
225.71393 -27.89311 66.75578 -2.078247 9.573071 4.207283 1260261107344
225.71393 -27.89311 66.75578 1.2229438 8.862747 9.066932 1260261107347
215.77823 -28.148455 66.118 1.2229438 8.862747 9.066932 1260261107355
215.77823 -28.148455 66.118 6.8831253 6.7193613 11.895659 1260261107358
206.28932 -28.091032 65.76209 6.8831253 6.7193613 11.895659 1260261107362
206.28932 -28.091032 65.76209 11.3040905 6.7168813 11.927549 1260261107365
199.12486 -27.88648 65.42399 11.3040905 6.7168813 11.927549 1260261107374
199.12486 -27.88648 65.42399 14.297915 8.037653 11.060112 1260261107379
194.16862 -27.442156 65.05279 14.297915 8.037653 11.060112 1260261107383
194.16862 -27.442156 65.05279 16.681267 10.664823 8.243305 1260261107388
189.8602 -27.020048 64.500145 16.681267 10.664823 8.243305 1260261107395
189.8602 -27.020048 64.500145 18.034634 12.568471 5.3636866 1260261107402
185.36719 -26.919046 63.425137 18.034634 12.568471 5.3636866 1260261107405
185.36719 -26.919046 63.425137 12.316462 13.79561 4.200927 1260261107408
180.99883 -27.273094 61.80388 12.316462 13.79561 4.200927 1260261107416
180.99883 -27.273094 61.80388 -3.705893 13.401464 3.317581 1260261107420
176.89888 -27.95944 59.463684 -3.705893 13.401464 3.317581 1260261107425
176.89888 -27.95944 59.463684 4.3943744 8.742136 15.236364 1260261107428
173.40393 -28.611467 56.3405 4.3943744 8.742136 15.236364 1260261107439
173.40393 -28.611467 56.3405 -2.474815 1.9749169 -3.1101942 1260261107442
170.63373 -28.880894 52.223476 -2.474815 1.9749169 -3.1101942 1260261107450
170.63373 -28.880894 52.223476 6.0916586 -1.7863574 7.889169 1260261107458
168.65204 -28.236849 47.1123 6.0916586 -1.7863574 7.889169 1260261107462
168.65204 -28.236849 47.1123 -4.8033767 2.1515331 13.442711 1260261107465
168.66943 -26.375006 41.056686 -4.8033767 2.1515331 13.442711 1260261107470
168.66943 -26.375006 41.056686 -8.719694 8.2271 -1.5766834 1260261107476
176.63596 -17.456255 35.953854 -8.719694 8.2271 -1.5766834 1260261107482
176.63596 -17.456255 35.953854 -17.5919 -13.854719 -1.7304852 1260261107485
185.00417 -9.333442 31.90616 -17.5919 -13.854719 -1.7304852 1260261107488
185.00417 -9.333442 31.90616 -3.9939046 -6.2023497 -13.703756 1260261107496
193.15396 -1.5667695 28.560852 -3.9939046 -6.2023497 -13.703756 1260261107507
193.15396 -1.5667695 28.560852 -11.214233 1.5051279 -8.741257 1260261107517
201.04626 5.9615693 25.73281 -11.214233 1.5051279 -8.741257 1260261107520
201.04626 5.9615693 25.73281 -2.297655 -5.4694176 -4.516999 1260261107523
208.64395 13.613491 23.446169 -2.297655 -5.4694176 -4.516999 1260261107528
208.64395 13.613491 23.446169 -16.353882 -15.255984 -16.96501 1260261107534
215.91176 21.332817 21.57386 -16.353882 -15.255984 -16.96501 1260261107542
215.91176 21.332817 21.57386 -1.1630974 -10.694639 -13.684277 1260261107545
205.61617 28.816175 20.045168 -1.1630974 -10.694639 -13.684277 1260261107555
205.61617 28.816175 20.045168 5.1411715 1.0087605 -27.78407 1260261107558
197.98535 36.125366 18.842909 5.1411715 1.0087605 -27.78407 1260261107566
197.98535 36.125366 18.842909 -2.0128505 7.280193 -27.74631 1260261107570
197.73608 43.0691 17.950764 -2.0128505 7.280193 -27.74631 1260261107578
197.73608 43.0691 17.950764 -7.015464 5.2910476 -25.404856 1260261107585
202.64928 49.615643 17.353226 -7.015464 5.2910476 -25.404856 1260261107594
202.64928 49.615643 17.353226 -6.5311985 2.7560368 -28.553434 1260261107599
210.3668 55.68486 16.985565 -6.5311985 2.7560368 -28.553434 1260261107613
210.3668 55.68486 16.985565 -4.27416 2.9155722 -29.053177 1260261107620
202.84846 61.100616 16.786287 -4.27416 2.9155722 -29.053177 1260261107633
202.84846 61.100616 16.786287 -3.0783315 2.7958636 -22.768505 1260261107636
196.45604 65.795586 16.546972 -3.0783315 2.7958636 -22.768505 1260261107656
196.45604 65.795586 16.546972 -3.1776714 -10.192089 -11.22053 1260261107659
189.53323 69.4558 15.969624 -3.1776714 -10.192089 -11.22053 1260261107674
189.53323 69.4558 15.969624 -1.3365194 -11.515547 -18.333761 1260261107678
181.10657 71.433014 14.221143 -1.3365194 -11.515547 -18.333761 1260261107696
181.10657 71.433014 14.221143 7.7632747 -13.086976 1.7142296E-4 1260261107703
173.90125 68.711365 11.910086 7.7632747 -13.086976 1.7142296E-4 1260261107714
173.90125 68.711365 11.910086 -10.569799 1.3841507 14.004795 1260261107717
169.00618 65.1758 9.864581 -10.569799 1.3841507 14.004795 1260261107736
169.00618 65.1758 9.864581 -10.192655 -6.482826 17.102804 1260261107739
164.75587 61.567005 7.821352 -10.192655 -6.482826 17.102804 1260261107755
164.75587 61.567005 7.821352 3.39322 10.965726 10.78827 1260261107761
160.56808 58.088654 5.330284 3.39322 10.965726 10.78827 1260261107773
160.56808 58.088654 5.330284 -14.171615 -8.501416 6.930587 1260261107783
166.93968 55.13422 1.1137699 -14.171615 -8.501416 6.930587 1260261107796
166.93968 55.13422 1.1137699 2.7740188 9.830288 1.8583583 1260261107799
173.4427 60.97751 -1.6419187 2.7740188 9.830288 1.8583583 1260261107813
173.4427 60.97751 -1.6419187 -15.523011 8.46887 -3.8640327 1260261107819
180.12057 66.578636 -3.1098228 -15.523011 8.46887 -3.8640327 1260261107836
180.12057 66.578636 -3.1098228 -5.337201 4.308711 -0.32112122 1260261107842
187.26454 71.899704 -3.9043317 -5.337201 4.308711 -0.32112122 1260261108034
187.26454 71.899704 -3.9043317 2.6847568 -4.9631863 -5.116011 1260261108039
195.35132 76.95472 -4.309115 2.6847568 -4.9631863 -5.116011 1260261108043
195.35132 76.95472 -4.309115 5.908416 -11.610504 -14.492564 1260261108048
186.43375 81.85699 -4.393659 5.908416 -11.610504 -14.492564 1260261108054
186.43375 81.85699 -4.393659 7.358706 -3.2509367 -20.348804 1260261108059
180.21207 86.66414 -4.2739763 7.358706 -3.2509367 -20.348804 1260261108062
180.21207 86.66414 -4.2739763 8.137683 8.613222 -21.3917 1260261108065
188.85146 73.33093 -4.0102773 8.137683 8.613222 -21.3917 1260261108073
188.85146 73.33093 -4.0102773 8.06778 8.603105 -20.166965 1260261108076
182.85889 60.764385 -3.5097635 8.06778 8.603105 -20.166965 1260261108082
182.85889 60.764385 -3.5097635 5.9923954 9.528463 -21.0043 1260261108085
176.76595 48.776165 -2.8842752 5.9923954 9.528463 -21.0043 1260261108089
176.76595 48.776165 -2.8842752 1.6738513 10.135237 -26.186918 1260261108097
170.52765 55.18736 -2.0900614 1.6738513 10.135237 -26.186918 1260261108100
170.52765 55.18736 -2.0900614 -2.9511027 8.42802 -24.737986 1260261108106
164.70126 61.07799 -1.0855583 -2.9511027 8.42802 -24.737986 1260261108109
164.70126 61.07799 -1.0855583 -1.7904515 7.007518 -21.439693 1260261108120
159.2162 66.32409 -0.03128038 -1.7904515 7.007518 -21.439693 1260261108127
159.2162 66.32409 -0.03128038 6.517297 -1.7140694 -27.736479 1260261108134
154.50539 70.957886 1.1202836 6.517297 -1.7140694 -27.736479 1260261108137
154.50539 70.957886 1.1202836 15.414444 -15.5006275 -15.202825 1260261108140
149.98012 74.759995 2.3142693 15.414444 -15.5006275 -15.202825 1260261108144
149.98012 74.759995 2.3142693 12.9345455 -1.4755402 -15.12043 1260261108146
145.48111 77.621994 3.3485558 12.9345455 -1.4755402 -15.12043 1260261108149
145.48111 77.621994 3.3485558 2.5490263 -16.405628 -0.30221558 1260261108157
141.10706 79.54089 4.231128 2.5490263 -16.405628 -0.30221558 1260261108160
141.10706 79.54089 4.231128 -5.445195 0.12076664 0.090589285 1260261108163
