104.533585 2.8542655 37.805084 13.372862 -10.192034 8.4135065 1260261229311
104.533585 2.8542655 37.805084 5.354237 -5.351468 3.0489922 1260261229315
100.906906 3.1115522 36.76483 5.354237 -5.351468 3.0489922 1260261229320
100.906906 3.1115522 36.76483 -4.121665 -1.9968953 6.0817184 1260261229326
97.71156 3.3059747 35.72659 -4.121665 -1.9968953 6.0817184 1260261229332
97.71156 3.3059747 35.72659 -5.9552183 0.24166429 14.526676 1260261229335
95.17599 3.890676 34.79026 -5.9552183 0.24166429 14.526676 1260261229344
95.17599 3.890676 34.79026 0.5863259 4.112859 16.149666 1260261229347
93.51719 5.1461425 34.300747 0.5863259 4.112859 16.149666 1260261229353
93.51719 5.1461425 34.300747 5.921135 4.9970484 2.1590703 1260261229356
99.89133 6.8388352 34.635708 5.921135 4.9970484 2.1590703 1260261229389
99.89133 6.8388352 34.635708 3.824589 -9.555208 -5.4399567 1260261229393
107.34676 8.3968935 35.50392 3.824589 -9.555208 -5.4399567 1260261229398
107.34676 8.3968935 35.50392 -1.4267654 -13.4303665 3.4093227 1260261229405
116.379425 15.777049 37.028725 -1.4267654 -13.4303665 3.4093227 1260261229411
116.379425 15.777049 37.028725 3.581811 -3.5458055 -8.137489 1260261229414
125.61045 16.288197 38.32729 3.581811 -3.5458055 -8.137489 1260261229418
125.61045 16.288197 38.32729 17.13217 -0.22541618 -5.2421713 1260261229426
134.72993 17.323788 38.910927 17.13217 -0.22541618 -5.2421713 1260261229436
134.72993 17.323788 38.910927 20.166922 1.1956272 3.9005725 1260261229439
141.19344 18.807598 38.96538 20.166922 1.1956272 3.9005725 1260261229447
141.19344 18.807598 38.96538 19.237465 -10.79848 6.6133547 1260261229451
141.23376 21.067219 38.317112 19.237465 -10.79848 6.6133547 1260261229458
141.23376 21.067219 38.317112 12.202329 -21.317932 -3.370149 1260261229469
141.07208 25.463858 37.151257 12.202329 -21.317932 -3.370149 1260261229475
141.07208 25.463858 37.151257 -1.5086327 -16.465809 5.2416935 1260261229484
140.81848 30.190664 35.643692 -1.5086327 -16.465809 5.2416935 1260261229487
140.81848 30.190664 35.643692 -7.0643325 -1.552927 -7.552931 1260261229497
139.67755 35.481133 33.711506 -7.0643325 -1.552927 -7.552931 1260261229506
139.67755 35.481133 33.711506 6.8055105 0.20452309 -3.9551687 1260261229509
137.34367 41.507076 31.62593 6.8055105 0.20452309 -3.9551687 1260261229527
137.34367 41.507076 31.62593 0.46298742 1.4540749 -17.981043 1260261229531
133.97649 47.981724 29.794634 0.46298742 1.4540749 -17.981043 1260261229543
133.97649 47.981724 29.794634 -11.149543 5.2064943 -14.073166 1260261229552
130.52766 36.682636 28.354902 -11.149543 5.2064943 -14.073166 1260261229563
130.52766 36.682636 28.354902 -0.33924478 9.013548 -24.795815 1260261229568
127.25128 26.148504 27.187157 -0.33924478 9.013548 -24.795815 1260261229586
127.25128 26.148504 27.187157 10.569344 -5.6865053 -25.61041 1260261229589
122.78872 16.09108 26.1778 10.569344 -5.6865053 -25.61041 1260261229608
122.78872 16.09108 26.1778 11.255096 5.81538 -27.716192 1260261229612
126.49928 23.836525 25.11891 11.255096 5.81538 -27.716192 1260261229623
126.49928 23.836525 25.11891 1.4171762 6.3002033 -16.071033 1260261229627
126.57432 29.0947 23.712965 1.4171762 6.3002033 -16.071033 1260261229645
126.57432 29.0947 23.712965 -10.451197 -4.4777217 -10.308154 1260261229648
123.995605 31.739965 22.177317 -10.451197 -4.4777217 -10.308154 1260261229665
123.995605 31.739965 22.177317 -4.388172 -22.951525 -7.6856995 1260261229668
120.345825 33.45297 20.71845 -4.388172 -22.951525 -7.6856995 1260261229684
120.345825 33.45297 20.71845 6.071664 -33.869892 11.822423 1260261229693
116.47853 34.58032 19.532528 6.071664 -33.869892 11.822423 1260261229703
116.47853 34.58032 19.532528 4.427767 -23.584955 8.131613 1260261229707
112.704605 35.2513 18.605902 4.427767 -23.584955 8.131613 1260261229726
112.704605 35.2513 18.605902 -2.132709 -12.311552 9.141363 1260261229729
109.16937 35.588737 18.025606 -2.132709 -12.311552 9.141363 1260261229749
109.16937 35.588737 18.025606 -4.9714637 -3.9459858 10.063738 1260261229753
105.7609 35.359303 17.724325 -4.9714637 -3.9459858 10.063738 1260261229764
105.7609 35.359303 17.724325 -6.4596357 1.117403 6.7197013 1260261229769
102.42286 33.84134 17.338108 -6.4596357 1.117403 6.7197013 1260261229784
102.42286 33.84134 17.338108 -8.720359 -7.0058336 5.881376 1260261229787
99.601715 30.049273 15.971203 -8.720359 -7.0058336 5.881376 1260261229807
99.601715 30.049273 15.971203 -3.4217591 12.783667 1.5412787 1260261229809
97.67163 25.696808 13.722643 -3.4217591 12.783667 1.5412787 1260261229824
97.67163 25.696808 13.722643 5.5649323 0.68550396 5.0517197 1260261229833
96.03805 21.911968 11.086511 5.5649323 0.68550396 5.0517197 1260261229843
96.03805 21.911968 11.086511 -15.69798 6.4572477 -0.3832075 1260261230030
107.63615 13.81637 8.032186 -15.69798 6.4572477 -0.3832075 1260261230038
107.63615 13.81637 8.032186 1.0503645 -2.0131617 -1.35137 1260261230047
118.05434 5.2255516 4.380576 1.0503645 -2.0131617 -1.35137 1260261230050
118.05434 5.2255516 4.380576 -21.27859 13.468288 -4.018935 1260261230054
128.55162 -3.8357263 1.1115474 -21.27859 13.468288 -4.018935 1260261230059
128.55162 -3.8357263 1.1115474 -4.168371 -5.3158293 -10.50321 1260261230065
123.17404 4.5060606 -0.6440301 -4.168371 -5.3158293 -10.50321 1260261230071
123.17404 4.5060606 -0.6440301 -15.254946 4.6615734 -14.572095 1260261230074
122.01534 11.4307575 -1.3118286 -15.254946 4.6615734 -14.572095 1260261230085
122.01534 11.4307575 -1.3118286 -14.539986 -3.4126043 -14.75523 1260261230089
125.26457 17.85922 -1.0462372 -14.539986 -3.4126043 -14.75523 1260261230095
125.26457 17.85922 -1.0462372 -6.5346303 -9.29367 -18.392624 1260261230098
131.15134 23.91626 -0.29392537 -6.5346303 -9.29367 -18.392624 1260261230106
131.15134 23.91626 -0.29392537 5.1151104 -11.675106 -19.464468 1260261230109
137.59377 29.620447 0.6707709 5.1151104 -11.675106 -19.464468 1260261230113
137.59377 29.620447 0.6707709 16.53839 -12.238882 -23.611881 1260261230118
144.16408 35.189426 1.7872323 16.53839 -12.238882 -23.611881 1260261230127
144.16408 35.189426 1.7872323 21.938633 -14.478365 -20.039907 1260261230130
150.65587 40.379955 2.9978707 21.938633 -14.478365 -20.039907 1260261230143
150.65587 40.379955 2.9978707 13.008167 -21.791315 -7.738591 1260261230146
156.62308 45.06096 4.2479773 13.008167 -21.791315 -7.738591 1260261230152
156.62308 45.06096 4.2479773 0.13205147 -22.243725 -11.594646 1260261230155
164.84192 46.10791 5.2355785 0.13205147 -22.243725 -11.594646 1260261230158
164.84192 46.10791 5.2355785 -4.607255 -17.251299 -2.4023645 1260261230166
157.44983 45.152515 4.7237997 -4.607255 -17.251299 -2.4023645 1260261230169
157.44983 45.152515 4.7237997 -10.834509 -14.404227 10.463172 1260261230175
150.52734 43.54489 3.7876098 -10.834509 -14.404227 10.463172 1260261230187
150.52734 43.54489 3.7876098 -10.190117 0.25577188 9.0925045 1260261230192
143.95097 41.967648 2.5982294 -10.190117 0.25577188 9.0925045 1260261230204
143.95097 41.967648 2.5982294 -1.2122064 4.954997 20.545946 1260261230209
138.00342 41.169266 1.118318 -1.2122064 4.954997 20.545946 1260261230213
138.00342 41.169266 1.118318 3.202207 -2.2722394 5.492534 1260261230216
135.70325 45.3608 -0.087597914 3.202207 -2.2722394 5.492534 1260261230224
135.70325 45.3608 -0.087597914 -4.3169303 -16.742817 -1.675604 1260261230227
135.66809 50.592762 -0.38321802 -4.3169303 -16.742817 -1.675604 1260261230235
135.66809 50.592762 -0.38321802 -5.475795 -11.581383 -6.171358 1260261230238
136.38469 56.013123 -0.46405712 -5.475795 -11.581383 -6.171358 1260261230248
136.38469 56.013123 -0.46405712 -5.040059 -3.865808 -15.509022 1260261230254
137.46545 61.36247 -0.44085425 -5.040059 -3.865808 -15.509022 1260261230257
137.46545 61.36247 -0.44085425 -4.331603 1.7000246 -25.281034 1260261230267
138.09218 66.594345 -0.46881154 -4.331603 1.7000246 -25.281034 1260261230271
138.09218 66.594345 -0.46881154 -5.0271935 -0.71386814 -32.07697 1260261230274
138.33757 71.61463 -0.54537094 -5.0271935 -0.71386814 -32.07697 1260261230290
138.33757 71.61463 -0.54537094 -5.900826 -10.798786 -28.1759 1260261230294
139.72069 76.2339 -0.5181024 -5.900826 -10.798786 -28.1759 1260261230304
139.72069 76.2339 -0.5181024 -4.7306952 -12.036287 -10.879559 1260261230307
141.88466 79.6722 -0.24219729 -4.7306952 -12.036287 -10.879559 1260261230326
141.88466 79.6722 -0.24219729 -1.2335279 1.313901 -14.59445 1260261230329
144.64043 81.138596 0.31991258 -1.2335279 1.313901 -14.59445 1260261230344
144.64043 81.138596 0.31991258 5.574463 -7.836308 4.2472296 1260261230348
154.6084 80.93166 0.90391695 5.574463 -7.836308 4.2472296 1260261230366
154.6084 80.93166 0.90391695 11.514103 -11.736477 6.5338354 1260261230373
146.87798 80.48508 1.4587212 11.514103 -11.736477 6.5338354 1260261230385
146.87798 80.48508 1.4587212 14.328573 -12.726142 5.998865 1260261230388
139.83408 79.91082 2.0357852 14.328573 -12.726142 5.998865 1260261230406
139.83408 79.91082 2.0357852 14.071436 -12.405427 7.627841 1260261230409
133.39236 79.21528 2.683996 14.071436 -12.405427 7.627841 1260261230428
133.39236 79.21528 2.683996 9.423584 -11.796847 12.840569 1260261230431
127.422745 78.45451 3.4997962 9.423584 -11.796847 12.840569 1260261230444
127.422745 78.45451 3.4997962 0.82736397 -12.534833 12.822099 1260261230453
138.90161 77.23179 4.8748064 0.82736397 -12.534833 12.822099 1260261230465
138.90161 77.23179 4.8748064 -6.4021406 -14.625723 1.4679736 1260261230468
132.55653 72.6702 8.281066 -6.4021406 -14.625723 1.4679736 1260261230484
132.55653 72.6702 8.281066 11.194336 4.510447 4.112106 1260261230489
129.72871 63.836685 8.517013 11.194336 4.510447 4.112106 1260261230509
129.72871 63.836685 8.517013 8.677101 -4.267523 -3.5477977 1260261230513
127.64228 56.74485 7.491162 8.677101 -4.267523 -3.5477977 1260261230523
127.64228 56.74485 7.491162 8.017908 3.3063147 3.47952 1260261230526
137.76016 52.157608 4.366604 8.017908 3.3063147 3.47952 1260261230546
137.76016 52.157608 4.366604 -14.055159 -5.893314 1.3895528 1260261230549
148.72215 49.599728 -0.30172664 -14.055159 -5.893314 1.3895528 1260261230566
148.72215 49.599728 -0.30172664 -11.888068 5.9167957 7.4271445 1260261230570
142.03604 55.01974 -3.4866405 -11.888068 5.9167957 7.4271445 1260261230584
142.03604 55.01974 -3.4866405 -7.867537 5.1332526 -3.1100943 1260261230593
137.18423 59.268753 -5.3123083 -7.867537 5.1332526 -3.1100943 1260261230605
137.18423 59.268753 -5.3123083 -2.1537657 -14.183935 -11.61358 1260261230769
134.87503 62.805317 -6.096693 -2.1537657 -14.183935 -11.61358 1260261230778
134.87503 62.805317 -6.096693 -5.006746 -14.490812 -0.6021967 1260261230789
136.78128 66.11505 -6.041858 -5.006746 -14.490812 -0.6021967 1260261230793
136.78128 66.11505 -6.041858 0.2582035 -15.996463 -23.218174 1260261230798
141.24222 69.2093 -5.489765 0.2582035 -15.996463 -23.218174 1260261230804
141.24222 69.2093 -5.489765 8.823759 -19.446041 -7.444423 1260261230809
146.5301 72.09883 -4.765277 8.823759 -19.446041 -7.444423 1260261230813
146.5301 72.09883 -4.765277 13.545513 -19.791296 -13.805082 1260261230816
152.3036 74.69389 -3.877013 13.545513 -19.791296 -13.805082 1260261230825
152.3036 74.69389 -3.877013 11.32831 -10.815907 -16.257133 1260261230828
159.23842 76.7092 -2.8831623 11.32831 -10.815907 -16.257133 1260261230834
159.23842 76.7092 -2.8831623 2.2489803 -25.54308 -8.222744 1260261230837
167.8765 78.07374 -2.039004 2.2489803 -25.54308 -8.222744 1260261230840
167.8765 78.07374 -2.039004 -4.9316125 -19.427229 3.9100304 1260261230848
177.18268 77.470055 -1.3870538 -4.9316125 -19.427229 3.9100304 1260261230852
177.18268 77.470055 -1.3870538 -6.802002 -22.365616 4.574453 1260261230855
168.42354 76.09655 -1.0177011 -6.802002 -22.365616 4.574453 1260261230863
168.42354 76.09655 -1.0177011 -6.7861266 -18.49099 14.090241 1260261230868
160.40236 74.291725 -0.9168161 -6.7861266 -18.49099 14.090241 1260261230907
160.40236 74.291725 -0.9168161 -7.4374447 -1.6842718 15.336602 1260261230913
152.93224 72.22714 -0.9209753 -7.4374447 -1.6842718 15.336602 1260261230916
152.93224 72.22714 -0.9209753 -8.006989 -8.556499 6.7400713 1260261230919
146.08562 70.015785 -0.9749266 -8.006989 -8.556499 6.7400713 1260261230927
146.08562 70.015785 -0.9749266 -8.642268 -13.606003 14.6115885 1260261230930
139.78134 67.91499 -1.0261803 -8.642268 -13.606003 14.6115885 1260261230934
139.78134 67.91499 -1.0261803 -8.749947 5.075279 9.466972 1260261230939
134.04227 66.51924 -0.87487125 -8.749947 5.075279 9.466972 1260261230948
134.04227 66.51924 -0.87487125 -7.3440533 2.3358526 -2.1283047 1260261230951
138.94016 70.193275 0.46887237 -7.3440533 2.3358526 -2.1283047 1260261230955
138.94016 70.193275 0.46887237 5.8721867 -10.787045 2.0093386 1260261230960
145.24315 74.98361 1.3954288 5.8721867 -10.787045 2.0093386 1260261230968
145.24315 74.98361 1.3954288 12.70065 1.632319 -6.9069166 1260261230976
151.93098 79.73443 2.2256575 12.70065 1.632319 -6.9069166 1260261230980
151.93098 79.73443 2.2256575 12.635162 6.254444 -12.639819 1260261230988
158.28444 84.2477 2.9643745 12.635162 6.254444 -12.639819 1260261230992
158.28444 84.2477 2.9643745 7.8159566 -8.7916 -11.28804 1260261230996
163.92021 88.48532 3.6161559 7.8159566 -8.7916 -11.28804 1260261231009
163.92021 88.48532 3.6161559 1.3786397 -8.771024 -27.48822 1260261231014
167.0242 92.11105 4.085348 1.3786397 -8.771024 -27.48822 1260261231024
167.0242 92.11105 4.085348 -4.1220226 2.8375673 -12.457575 1260261231029
165.92299 94.1555 3.9810808 -4.1220226 2.8375673 -12.457575 1260261231035
165.92299 94.1555 3.9810808 -6.9536448 -6.7107396 -13.572365 1260261231043
159.92683 92.79773 2.8320267 -6.9536448 -6.7107396 -13.572365 1260261231046
159.92683 92.79773 2.8320267 -0.09267545 1.0252438 1.0276865 1260261231056
153.2305 90.057846 1.3904253 -0.09267545 1.0252438 1.0276865 1260261231066
153.2305 90.057846 1.3904253 3.8115082 -16.651234 8.016795 1260261231069
146.46898 86.704956 -0.22909601 3.8115082 -16.651234 8.016795 1260261231084
146.46898 86.704956 -0.22909601 -9.607781 3.6769567 13.831886 1260261231089
139.44553 82.76971 -2.3176413 -9.607781 3.6769567 13.831886 1260261231110
139.44553 82.76971 -2.3176413 -15.677068 -10.506343 6.131981 1260261231114
149.87325 78.68122 -5.6017594 -15.677068 -10.506343 6.131981 1260261231124
149.87325 78.68122 -5.6017594 -4.014989 1.1904674 -3.5174465 1260261231127
142.42958 82.94716 -8.8216715 -4.014989 1.1904674 -3.5174465 1260261231142
142.42958 82.94716 -8.8216715 -16.740902 -12.589206 -4.9301863 1260261231149
138.1581 86.1998 -10.330588 -16.740902 -12.589206 -4.9301863 1260261231164
138.1581 86.1998 -10.330588 -2.3671885 1.1306858 -7.864507 1260261231171
138.35019 88.839806 -10.914059 -2.3671885 1.1306858 -7.864507 1260261231183
138.35019 88.839806 -10.914059 1.3364639 -22.056164 -15.289443 1260261231187
141.48268 91.197815 -10.868356 1.3364639 -22.056164 -15.289443 1260261231210
141.48268 91.197815 -10.868356 4.654033 -18.716602 -18.19807 1260261231218
145.70854 93.387924 -10.524938 4.654033 -18.716602 -18.19807 1260261231228
145.70854 93.387924 -10.524938 6.5961475 -14.148699 -24.746857 1260261231231
149.97311 95.46853 -10.098691 6.5961475 -14.148699 -24.746857 1260261231249
149.97311 95.46853 -10.098691 5.026046 -30.61688 -24.255219 1260261231253
154.17445 97.4451 -9.593757 5.026046 -30.61688 -24.255219 1260261231263
154.17445 97.4451 -9.593757 1.498298 -19.176426 -9.7908125 1260261231267
157.76573 99.02284 -9.264069 1.498298 -19.176426 -9.7908125 1260261231286
157.76573 99.02284 -9.264069 -2.7122903 -6.509177 -13.572463 1260261231289
161.27745 99.7717 -9.300865 -2.7122903 -6.509177 -13.572463 1260261231309
161.27745 99.7717 -9.300865 -3.5130792 -5.008139 -11.80734 1260261231312
170.06358 97.18311 -9.885822 -3.5130792 -5.008139 -11.80734 1260261231324
170.06358 97.18311 -9.885822 0.9002917 -9.13048 13.97077 1260261231331
178.5104 93.27396 -10.391531 0.9002917 -9.13048 13.97077 1260261231344
178.5104 93.27396 -10.391531 2.61771 2.7249641 11.2404995 1260261231347
186.58488 89.71026 -10.821955 2.61771 2.7249641 11.2404995 1260261231366
186.58488 89.71026 -10.821955 2.8833532 -17.155357 18.109947 1260261231546
194.30565 86.87475 -11.330857 2.8833532 -17.155357 18.109947 1260261231555
194.30565 86.87475 -11.330857 1.7086363 -3.011633 17.618242 1260261231565
201.69037 85.03101 -12.014315 1.7086363 -3.011633 17.618242 1260261231569
201.69037 85.03101 -12.014315 -3.4549384 -13.448868 1.3290634 1260261231575
208.95586 83.87946 -12.813599 -3.4549384 -13.448868 1.3290634 1260261231578
208.95586 83.87946 -12.813599 -11.319556 -24.660257 -5.3999295 1260261231587
204.55806 86.08549 -13.422918 -11.319556 -24.660257 -5.3999295 1260261231591
204.55806 86.08549 -13.422918 -15.672291 -5.971365 -10.474327 1260261231594
200.93016 88.98122 -13.851772 -15.672291 -5.971365 -10.474327 1260261231599
200.93016 88.98122 -13.851772 -17.276157 -20.904867 -13.653037 1260261231608
197.23366 92.232155 -14.059184 -17.276157 -20.904867 -13.653037 1260261231611
197.23366 92.232155 -14.059184 -16.93452 -1.3825731 -20.309568 1260261231615
193.52197 95.67055 -14.106225 -16.93452 -1.3825731 -20.309568 1260261231620
193.52197 95.67055 -14.106225 -16.07429 -17.796932 -22.456099 1260261231627
189.09587 99.13702 -14.150914 -16.07429 -17.796932 -22.456099 1260261231633
189.09587 99.13702 -14.150914 -16.132536 3.449893 -22.470034 1260261231636
183.34108 102.630165 -14.343369 -16.132536 3.449893 -22.470034 1260261231639
183.34108 102.630165 -14.343369 -16.634113 -12.631233 -19.732208 1260261231648
176.27403 106.14866 -14.8762 -16.634113 -12.631233 -19.732208 1260261231659
176.27403 106.14866 -14.8762 -15.333866 3.789991 -22.708218 1260261231669
168.26033 109.69122 -15.88239 -15.333866 3.789991 -22.708218 1260261231673
168.26033 109.69122 -15.88239 -7.438526 -3.461111 -3.7599268 1260261231678
160.09732 113.15666 -17.68827 -7.438526 -3.461111 -3.7599268 1260261231685
160.09732 113.15666 -17.68827 -0.98040104 -0.88070595 -3.8684871 1260261231693
152.24245 116.14883 -20.453857 -0.98040104 -0.88070595 -3.8684871 1260261231696
152.24245 116.14883 -20.453857 -20.431992 -2.2165952 -2.560556 1260261231704
144.83032 111.44138 -22.831165 -20.431992 -2.2165952 -2.560556 1260261231707
144.83032 111.44138 -22.831165 -2.944889 5.7056255 1.5506179 1260261231713
155.43881 107.76932 -24.039608 -2.944889 5.7056255 1.5506179 1260261231716
155.43881 107.76932 -24.039608 -0.38167 -15.723559 6.224588 1260261231720
165.01688 104.98085 -24.437628 -0.38167 -15.723559 6.224588 1260261231729
165.01688 104.98085 -24.437628 -1.8683372 -2.4535208 2.7732134 1260261231737
173.46603 102.881805 -24.315746 -1.8683372 -2.4535208 2.7732134 1260261231744
173.46603 102.881805 -24.315746 0.53923655 -22.875214 -0.09999752 1260261231748
180.84273 101.23772 -23.79996 0.53923655 -22.875214 -0.09999752 1260261231752
180.84273 101.23772 -23.79996 4.634014 -24.832987 6.15651 1260261231757
187.15059 99.92583 -23.159962 4.634014 -24.832987 6.15651 1260261231765
187.15059 99.92583 -23.159962 5.2323546 -13.330063 0.14279294 1260261231773
191.99306 98.97954 -22.351963 5.2323546 -13.330063 0.14279294 1260261231776
191.99306 98.97954 -22.351963 1.2668803 -7.8538084 1.7020218 1260261231786
