181.19557 23.82449 -3.4267187 1260255931857
181.0358 24.833265 -3.0053828 1260255931865
182.184 25.991602 -2.1051137 1260255931878
182.6748 27.242022 -1.349858 1260255931897
183.29106 28.52992 -0.53236514 1260255931922
184.2765 29.553425 0.39425316 1260255931935
183.16267 30.525753 0.9245405 1260255931949
181.45454 31.299465 1.6283135 1260255931960
176.38182 31.884493 2.446898 1260255931972
170.71272 32.39027 3.1745532 1260255931983
164.62709 32.770756 4.0158253 1260255931999
159.94574 33.33222 4.815034 1260255932012
156.59845 34.06561 5.574282 1260255932030
154.86853 35.01233 6.445568 1260255932049
154.17511 36.26171 7.17329 1260255932071
154.31636 37.698624 7.9646254 1260255932089
155.40054 41.613693 8.866394 1260255932115
157.18051 45.68301 9.873075 1260255932129
159.07149 49.94886 10.729421 1260255932152
161.41791 54.601418 11.4929495 1260255932173
164.14702 59.471348 12.118302 1260255932188
166.68967 64.24778 12.612388 1260255932210
169.15518 68.83539 13.031769 1260255932234
171.04742 72.84362 13.430181 1260255932249
171.94505 75.901436 13.808672 1260255932269
171.2478 77.50636 13.968239 1260255932292
167.58542 76.88104 13.6698265 1260255932314
162.85614 75.73699 13.136335 1260255932328
158.01334 74.500145 12.579518 1260255932349
153.41267 73.325134 12.100542 1260255932373
149.09204 72.35888 11.745515 1260255932389
145.43744 71.64094 11.558239 1260255932409
142.71556 71.15889 11.580327 1260255932585
141.52979 70.850945 11.901311 1260255932602
142.8533 70.6084 12.506246 1260255932613
145.91063 73.47798 13.430933 1260255932622
150.1151 77.15408 14.409387 1260255932633
155.05934 81.246376 15.238917 1260255932640
160.45638 85.43406 15.976972 1260255932652
165.78355 89.46236 16.728123 1260255932661
170.44438 92.989235 17.641716 1260255932671
173.82216 95.53977 18.65963 1260255932685
175.58105 96.91278 19.326649 1260255932697
174.40201 95.26714 19.460316 1260255932705
171.0319 93.70379 19.3873 1260255932717
166.8303 92.1186 19.267935 1260255932730
162.8888 90.61267 19.104538 1260255932741
159.74435 89.23204 19.04931 1260255932752
158.05714 87.92044 19.196846 1260255932764
156.65428 86.87442 19.137003 1260255932780
156.47157 85.9307 19.230152 1260255932793
156.79799 85.034164 19.368645 1260255932811
156.45808 84.48245 19.200212 1260255932832
156.83517 85.70833 19.140202 1260255932849
156.84341 86.77291 18.883192 1260255932869
156.85124 87.98427 18.539032 1260255932892
157.50868 89.43505 18.36208 1260255932913
158.83325 90.963295 18.493977 1260255932929
160.69159 92.36513 18.869278 1260255932950
162.557 93.59687 19.275814 1260255932973
163.02916 92.16703 19.462023 1260255932989
161.5277 90.80868 19.438921 1260255933009
159.05132 89.568245 19.266975 1260255933031
156.14874 88.38983 19.053627 1260255933053
153.7913 87.32034 18.900946 1260255933068
152.60175 86.354324 18.805899 1260255933089
153.12166 85.536606 18.815603 1260255933112
154.56558 86.80978 18.874823 1260255933130
156.53731 88.369286 19.081081 1260255933148
158.81044 90.30082 19.327028 1260255933170
161.21992 92.435776 19.560677 1260255933351
163.50893 94.56399 19.782642 1260255933359
165.78348 96.73579 19.993511 1260255933373
168.0943 98.898994 20.193836 1260255933380
170.43959 101.00404 20.384144 1260255933391
172.61761 102.95384 20.564938 1260255933400
174.43674 104.50615 20.686691 1260255933411
175.5649 105.28084 20.702356 1260255933418
175.18665 105.2168 20.367239 1260255933434
172.62732 103.75596 19.698877 1260255933448
168.49596 102.06816 18.963934 1260255933459
164.32115 100.41475 18.165737 1260255933465
160.4551 98.89401 17.50745 1260255933474
157.73235 97.54931 16.982077 1260255933485
