204.23479 15.301627 40.975266 1260255987792
202.92305 14.836546 41.2265 1260255987804
201.12689 14.644719 41.365177 1260255987811
198.87054 14.712483 41.34692 1260255987824
196.32701 14.976859 41.229572 1260255987832
193.71066 15.378016 41.018093 1260255987873
191.07513 15.809115 40.76719 1260255987889
188.47137 16.26866 40.52883 1260255987901
185.89781 16.905226 40.252388 1260255987910
183.10292 18.059965 39.78977 1260255987921
179.49777 20.456966 38.80028 1260255987932
173.22289 25.134119 36.81027 1260255987945
182.16174 31.227413 34.269756 1260255987954
187.80365 37.96604 31.65627 1260255987970
190.41347 44.86774 29.123455 1260255987991
191.64279 33.624355 26.717281 1260255988004
192.91066 40.89314 24.431417 1260255988022
194.56512 47.698483 22.259846 1260255988046
196.33687 54.11356 20.196854 1260255988062
198.07002 60.207882 18.337011 1260255988081
199.76653 66.047485 16.67016 1260255988099
202.1282 71.54511 15.236652 1260255988127
207.27179 76.51786 14.07482 1260255988143
196.9582 80.841965 13.1210785 1260255988162
188.5103 84.399864 12.315024 1260255988184
181.58478 86.87987 11.5492735 1260255988198
176.55554 88.185875 10.67181 1260255988224
173.47777 87.67658 9.538219 1260255988247
171.25388 86.39275 8.161308 1260255988266
169.24118 84.57311 6.603243 1260255988282
167.32912 82.34446 4.923081 1260255988301
165.46266 79.82724 3.126927 1260255988317
163.58952 77.08588 1.2705805 1260255988510
161.71005 74.131584 -0.49294853 1260255988529
159.97455 71.12501 -2.1183012 1260255988543
158.47581 68.318756 -3.6123862 1260255988552
157.15202 65.85282 -5.031767 1260255988563
155.99442 64.21018 -6.5301785 1260255988570
153.1447 67.09967 -7.8036695 1260255988586
146.93747 70.294685 -8.113486 1260255988593
141.4906 74.179955 -7.907812 1260255988610
136.81607 78.42096 -7.5124216 1260255988619
133.17526 82.79991 -7.0368004 1260255988634
130.4165 87.209915 -6.5849605 1260255988649
127.94568 91.59942 -6.2057123 1260255988663
122.54839 95.969444 -5.8954268 1260255988672
126.47097 82.22097 -5.7506557 1260255988685
133.59743 87.009926 -5.8131227 1260255988699
127.267555 90.70943 -6.0224667 1260255988713
123.904175 92.77396 -6.1713433 1260255988726
122.60896 93.08526 -5.962776 1260255988733
122.17851 92.08099 -5.314637 1260255988751
122.019585 90.27695 -4.2989054 1260255988765
122.01861 88.1131 -3.03396 1260255988774
122.06768 85.75745 -1.7322621 1260255988790
122.1643 83.26958 -0.545649 1260255988812
122.206085 80.5561 0.28163347 1260255988832
122.24578 77.42829 0.5175518 1260255988847
122.28349 73.756874 0.09167419 1260255988865
122.26932 69.46903 -1.0129095 1260255988879
122.20585 64.59558 -2.812264 1260255988902
122.14555 59.4658 -4.9716506 1260255988923
122.23827 54.49251 -7.173068 1260255988938
122.57636 49.867886 -9.414414 1260255988962
123.29755 40.02449 -11.793694 1260255988982
124.53267 36.823265 -14.504009 1260255989003
126.45604 26.532103 -17.72881 1260255989022
129.28323 34.1055 -21.04237 1260255989044
133.21907 40.850224 -23.740252 1260255989062
139.10812 46.90771 -25.903238 1260255989079
147.00272 52.462326 -27.758076 1260255989101
156.75258 57.38921 -29.220173 1260255989312
149.31496 61.66975 -30.159164 1260255989326
143.34921 65.186264 -30.601206 1260255989332
138.23175 68.12695 -30.621145 1260255989343
133.62016 70.42061 -30.240088 1260255989352
128.83916 70.549576 -29.578083 1260255989363
124.0972 70.9221 -28.64918 1260255989373
119.34234 71.62599 -27.46672 1260255989384
115.82522 72.844696 -26.293385 1260255989391
115.483955 74.45246 -25.178715 1260255989402
115.709755 76.37984 -24.169779 1260255989414
115.37427 78.51085 -23.46129 1260255989434
114.255554 80.9353 -23.038225 1260255989448
112.34277 83.73854 -22.836313 1260255989464
109.525635 86.851616 -22.844498 1260255989471
105.49935 90.35903 -22.902273 1260255989482
117.97438 94.09108 -23.05716 1260255989493
128.52567 97.93652 -23.304302 1260255989512
137.64938 101.7397 -23.639088 1260255989525
145.81691 105.45271 -24.007133 1260255989532
153.82607 108.93008 -24.406776 1260255989562
162.23476 112.03357 -24.936438 1260255989571
171.42302 114.581894 -25.689615 1260255989585
163.35187 116.6028 -26.555134 1260255989606
156.78427 118.12266 -27.477377 1260255989621
151.49506 119.16653 -28.253508 1260255989644
147.02031 119.8582 -28.840832 1260255989659
142.9693 120.21529 -29.24879 1260255989686
139.17084 117.004524 -29.436352 1260255989699
135.3123 114.0543 -29.414534 1260255989721
130.89668 111.15158 -29.193808 1260255989746
125.95185 108.094 -28.834118 1260255989758
120.75426 104.9893 -28.342411 1260255989783
115.66654 101.78984 -27.82529 1260255989802
