214.31088 -1.9415253 65.95052 1260255814944
217.49535 -9.694449 65.952995 1260255814950
221.67058 -16.959726 65.10535 1260255814982
226.58705 -24.11174 63.10008 1260255814995
232.0077 -31.056154 60.745075 1260255815001
237.80733 -37.80335 58.20782 1260255815018
226.21696 -44.16318 55.69743 1260255815027
215.55612 -50.15502 53.262558 1260255815048
205.52832 -55.747272 50.94943 1260255815067
196.2019 -61.00991 48.751957 1260255815087
186.39182 -66.20941 46.76436 1260255815127
183.62222 -55.69894 45.276142 1260255815147
180.2911 -50.163994 42.662334 1260255815167
177.17654 -45.305794 39.979218 1260255815188
174.16771 -40.890503 37.330257 1260255815364
171.25932 -36.99598 34.713745 1260255815378
168.49635 -33.69618 32.17806 1260255815392
165.77153 -31.01137 29.669155 1260255815399
163.13295 -28.960802 27.085697 1260255815411
160.6263 -27.612762 24.081413 1260255815419
159.04498 -33.282124 20.427343 1260255815431
155.99274 -39.018017 18.905975 1260255815439
151.3931 -44.567116 17.960676 1260255815450
146.27344 -49.88876 17.262642 1260255815460
140.90976 -54.99432 16.69951 1260255815475
135.66428 -59.894604 16.214535 1260255815484
130.63106 -64.74987 15.703808 1260255815496
125.999504 -69.61237 15.168617 1260255815512
121.849525 -74.53175 14.560186 1260255815519
129.20705 -79.755165 14.182177 1260255815533
129.1967 -72.667404 14.823068 1260255815544
128.53687 -66.58403 14.9819145 1260255815558
127.86002 -61.05483 15.082819 1260255815572
127.26702 -55.85209 15.1786785 1260255815591
126.80367 -51.059483 15.4197445 1260255815610
126.61349 -46.756508 15.898757 1260255815654
126.532814 -43.26868 16.753819 1260255815665
125.60617 -41.55525 18.366127 1260255815679
120.82586 -45.477486 18.897821 1260255815697
117.43456 -48.80361 18.30293 1260255815710
114.96284 -52.11343 17.187784 1260255815730
113.514694 -55.55776 15.628395 1260255815749
113.23896 -59.22987 13.496975 1260255815769
114.027016 -63.268375 10.722126 1260255815788
115.525665 -67.60496 7.43602 1260255815811
117.34938 -72.02471 4.014219 1260255815834
119.08191 -76.123474 1.013508 1260255815849
119.92781 -79.4673 -0.7371675 1260255815869
116.43142 -82.493935 -0.3003091 1260255815891
126.40985 -86.26924 2.2647064 1260255815909
132.88936 -90.95578 6.101471 1260255815929
134.1449 -85.107994 8.946398 1260255815950
133.93765 -78.902596 10.849078 1260255816139
133.14076 -72.65746 12.156624 1260255816155
131.98372 -66.67459 13.148792 1260255816162
130.93454 -61.19086 14.341352 1260255816174
130.18782 -56.131317 15.724285 1260255816183
129.97842 -51.47475 17.43807 1260255816194
131.9795 -41.551014 19.116167 1260255816203
136.38054 -31.023464 19.560358 1260255816215
144.91151 -38.22229 19.282341 1260255816224
138.46594 -44.661175 18.768225 1260255816239
133.49265 -50.578117 18.179813 1260255816252
129.06801 -56.099213 17.620823 1260255816261
124.71461 -61.344254 17.08978 1260255816273
120.478874 -66.377045 16.58529 1260255816280
116.25493 -71.30819 16.056026 1260255816293
111.79218 -76.24278 15.503225 1260255816302
123.85257 -81.18064 14.978064 1260255816319
131.40994 -86.07161 14.579161 1260255816332
135.53944 -73.06803 14.450203 1260255816344
137.96248 -61.31463 14.827693 1260255816358
138.66435 -51.4489 15.736308 1260255816369
137.63113 -45.926453 16.399492 1260255816389
135.94958 -41.08013 16.629519 1260255816412
134.05211 -36.726124 16.598043 1260255816429
132.1495 -32.68982 16.51814 1260255816448
130.44203 -28.905329 16.542234 1260255816470
128.86993 -25.360062 16.665123 1260255816487
127.526436 -22.292059 17.131866 1260255816509
