243.58241 -95.09253 9.253135 1260255844712
234.85329 -97.087906 7.740478 1260255844718
226.41063 -99.28351 6.353454 1260255844724
218.5901 -101.669334 5.0357814 1260255844759
211.2106 -104.135864 3.8339922 1260255844765
204.15007 -106.57907 2.7422926 1260255844784
197.14256 -108.85012 1.705178 1260255844802
190.08543 -110.907616 0.8199191 1260255844815
183.23116 -112.81223 -0.021076858 1260255845012
176.5696 -114.571625 -0.770023 1260255845025
170.14111 -116.293045 -1.3815218 1260255845031
164.18405 -117.97839 -1.9624457 1260255845038
159.17485 -119.72948 -2.6143234 1260255845053
160.4161 -110.793 -3.9836073 1260255845069
160.7953 -102.90335 -4.2844267 1260255845080
161.10555 -95.70818 -4.570205 1260255845090
161.40027 -89.172775 -4.9416947 1260255845102
161.58026 -83.364136 -5.49461 1260255845109
161.70125 -78.29593 -6.3198795 1260255845123
161.76619 -73.881134 -7.4038854 1260255845130
161.77788 -69.93708 -9.083691 1260255845146
161.83899 -66.64023 -12.529506 1260255845155
161.04704 -71.45821 -14.35303 1260255845161
158.5947 -75.7853 -14.985378 1260255845177
154.81496 -79.74603 -15.18611 1260255845191
150.42421 -83.40873 -15.226804 1260255845198
145.753 -86.838295 -15.165463 1260255845212
141.41536 -90.09638 -15.15719 1260255845219
137.6946 -93.24156 -15.199331 1260255845238
134.60986 -96.27949 -15.289365 1260255845252
132.22937 -99.215515 -15.524897 1260255845268
131.41791 -102.15474 -16.248652 1260255845292
133.74701 -89.147 -18.83622 1260255845307
134.90965 -82.33965 -18.24441 1260255845327
136.06416 -76.02267 -17.18219 1260255845354
137.26096 -70.17153 -15.973081 1260255845368
138.5979 -64.86295 -14.774426 1260255845387
139.918 -60.419804 -13.785706 1260255845408
140.9221 -57.448814 -13.446421 1260255845427
140.526 -56.326374 -13.9741 1260255845451
138.7997 -56.060055 -14.925395 1260255845467
136.80971 -55.85705 -16.079124 1260255845487
135.06923 -59.6642 -17.375168 1260255845510
133.76576 -63.63099 -18.85641 1260255845527
133.02748 -67.69944 -20.463589 1260255845547
132.62611 -71.81447 -22.04041 1260255845575
132.3948 -75.923744 -23.488388 1260255845754
131.97507 -79.82756 -24.413969 1260255845770
130.72632 -83.386185 -24.69327 1260255845779
127.54 -86.46687 -24.208607 1260255845790
121.913 -89.14353 -22.798176 1260255845816
131.51735 -91.786354 -20.258266 1260255845825
136.34148 -95.69704 -15.9453535 1260255845836
138.0744 -89.71218 -11.898086 1260255845843
138.82068 -83.37657 -9.003181 1260255845858
139.22964 -77.257744 -6.753022 1260255845874
139.51816 -71.74486 -4.865371 1260255845880
139.79225 -66.907616 -3.1721027 1260255845887
140.05264 -62.662235 -1.5634975 1260255845904
140.45001 -59.029125 0.36467737 1260255845917
137.57751 -63.62767 -0.20355651 1260255845932
136.39864 -68.146286 -1.2433788 1260255845943
135.37871 -72.338974 -2.33121 1260255845950
134.25977 -76.32202 -3.3646493 1260255845957
133.24678 -80.15592 -4.2964168 1260255845965
132.08444 -83.84813 -5.181596 1260255845990
130.83022 -87.40572 -5.972516 1260255846010
129.53871 -90.835434 -6.67389 1260255846016
128.26178 -94.14366 -7.3401957 1260255846036
127.29869 -97.38648 -7.923186 1260255846047
126.683754 -100.717155 -8.377027 1260255846067
126.54957 -104.1813 -8.608175 1260255846087
131.12209 -90.02223 -8.577766 1260255846107
127.01598 -78.62112 -8.148878 1260255846127
127.76518 -71.64006 -7.341434 1260255846147
128.82692 -65.90806 -6.674362 1260255846167
129.88557 -60.812656 -6.090644 1260255846187
130.9413 -56.322025 -5.5861115 1260255846208
131.99423 -52.455925 -5.156806 1260255846227
132.89452 -49.43313 -4.7989655 1260255846252
133.49979 -47.361473 -4.4590173 1260255846267
133.67479 -46.2434 -4.0860662 1260255846296
