56.117504 34.084248 26.693596 1260256292912
55.66163 33.430035 26.808916 1260256292924
55.178547 32.858532 27.01847 1260256292930
54.86962 32.565605 27.267548 1260256293127
54.67614 32.387325 27.35417 1260256293143
55.192333 32.76796 27.68646 1260256293173
55.532715 32.97956 28.052137 1260256293189
55.706078 33.130585 28.49953 1260256293202
55.670773 33.224056 29.074554 1260256293218
55.537235 33.312855 29.820827 1260256293227
55.360374 33.447212 30.679787 1260256293239
54.992355 33.524853 31.745798 1260256293250
53.792736 33.49861 32.958508 1260256293263
51.9031 33.42368 34.210583 1260256293270
62.107944 39.452496 35.500053 1260256293283
71.452545 45.17987 36.675053 1260256293292
80.529915 50.770878 37.9413 1260256293302
90.30342 56.532333 39.394234 1260256293313
87.63825 53.805717 41.27452 1260256293320
86.40634 49.665432 41.060795 1260256293336
85.73602 45.73216 39.207756 1260256293350
84.84922 43.04555 36.89737 1260256293358
83.65676 41.593273 34.4525 1260256293369
82.373924 41.463608 32.179874 1260256293378
81.55523 42.640427 30.32088 1260256293390
81.777466 44.808407 29.004837 1260256293400
84.138596 48.367985 28.254595 1260256293408
88.88167 52.849586 27.991865 1260256293414
95.53758 58.10711 27.792273 1260256293432
105.2107 64.05175 27.302658 1260256293444
104.30016 52.649162 26.237526 1260256293460
107.48515 42.616703 24.32565 1260256293471
114.4609 32.03587 22.209366 1260256293485
112.487854 38.184074 20.448898 1260256293499
113.01346 42.57487 19.526453 1260256293517
113.362785 46.19613 19.10013 1260256293539
109.04465 49.386322 18.945124 1260256293556
104.29241 52.517006 19.047867 1260256293576
100.17779 55.591156 19.295473 1260256293596
96.718895 55.9116 19.7307 1260256293621
93.18295 55.566017 20.744165 1260256293636
89.6238 53.337715 23.556957 1260256293830
88.29261 43.57083 24.67911 1260256293842
99.92798 49.84229 25.345154 1260256293851
102.33158 53.550175 25.027897 1260256293863
98.165 56.722668 24.626503 1260256293872
94.20675 59.586536 24.095179 1260256293884
92.19641 62.50721 23.69042 1260256293891
94.88659 65.48185 23.305899 1260256293902
98.14226 68.807755 22.790604 1260256293911
101.43514 72.96737 22.001074 1260256293925
98.813385 67.319 19.75102 1260256293941
96.072716 62.40305 17.91347 1260256293949
92.91908 59.082897 16.067797 1260256293960
90.023125 58.128754 14.814406 1260256293969
87.87197 58.772316 14.123686 1260256293982
86.97837 59.8837 13.817501 1260256294000
88.129456 62.189518 13.876626 1260256294006
90.972984 64.780045 14.282795 1260256294025
92.07433 67.641045 15.168655 1260256294034
89.62061 63.358994 13.610223 1260256294048
87.239586 59.341045 11.479712 1260256294062
84.7776 55.823994 9.1557255 1260256294076
81.98872 52.882793 6.5479393 1260256294102
78.78928 50.638653 3.6205423 1260256294121
75.64982 49.30672 0.28951508 1260256294139
74.01733 53.641384 -1.9249607 1260256294158
76.56646 57.309315 -2.8287127 1260256294178
82.588135 60.943848 -2.8372772 1260256294197
89.85873 64.29665 -2.3954134 1260256294221
97.06579 67.58182 -1.8256427 1260256294239
103.9125 70.60273 -1.2343606 1260256294261
109.866875 73.3726 -0.6726425 1260256294278
114.17353 75.953964 -0.2890104 1260256294296
116.21485 78.45627 -0.2745599 1260256294319
115.55411 81.283455 -1.0108318 1260256294338
111.9764 84.869286 -2.5102904 1260256294360
123.57758 89.275826 -4.434776 1260256294378
132.0487 76.312035 -6.363037 1260256294404
138.79626 64.446434 -8.294886 1260256294417
146.00645 53.024113 -10.530142 1260256294606
156.35612 58.322906 -13.203635 1260256294618
149.43832 57.95676 -14.493453 1260256294627
142.86641 58.30892 -14.818781 1260256294639
136.3731 58.793476 -14.677842 1260256294648
130.25444 59.203804 -14.19395 1260256294654
124.54172 59.543613 -13.584252 1260256294666
119.36463 60.016434 -12.85504 1260256294674
114.7964 60.565613 -11.912288 1260256294686
110.85658 61.28733 -10.716673 1260256294699
109.41375 63.972965 -9.280839 1260256294712
115.44306 68.774315 -7.916797 1260256294723
125.22091 74.2356 -6.7709575 1260256294732
135.50986 61.573822 -5.7324095 1260256294742
143.73436 67.34513 -4.845789 1260256294754
151.14764 72.82787 -4.2034993 1260256294769
158.39026 78.13648 -3.7933242 1260256294781
153.82074 83.07966 -3.753658 1260256294792
150.1297 86.175674 -4.3659754 1260256294809
145.47322 87.566895 -4.5976768 1260256294821
139.04956 87.88855 -4.567793 1260256294843
132.59708 87.594124 -4.439403 1260256294858
126.367226 87.01442 -4.167433 1260256294878
120.59886 86.1137 -3.9090612 1260256294898
115.36892 85.308014 -3.713608 1260256294917
110.550476 84.89262 -3.2279277 1260256294939
106.32295 85.847984 -2.4665313 1260256294961
111.15681 87.80559 -1.5432047 1260256294983
116.648964 91.015305 -0.7160444 1260256294998
123.16652 94.81454 -0.08024218 1260256295018
130.15819 98.72381 0.42376992 1260256295042
136.65028 102.48762 0.7525814 1260256295058
140.26778 106.01324 0.91495234 1260256295077
138.60439 108.56258 0.51920474 1260256295100
133.77417 106.634445 -0.50675553 1260256295123
128.53546 103.85272 -1.0814178 1260256295138
123.50869 100.860085 -1.4773469 1260256295158
118.73325 97.91708 -1.6534796 1260256295181
114.24659 95.27123 -1.6708056 1260256295367
110.23426 93.50767 -1.6372653 1260256295381
112.32255 94.78229 -1.055402 1260256295390
116.95642 97.59317 -0.4026319 1260256295401
122.4586 100.76351 0.21749972 1260256295411
127.88567 103.92534 0.75662476 1260256295422
130.34138 106.529076 0.9187935 1260256295432
127.274315 106.70262 0.12285382 1260256295443
122.110596 103.767494 -0.63328886 1260256295451
117.20506 100.42912 -1.2016244 1260256295469
112.49481 97.30766 -1.5415431 1260256295481
108.12007 94.692276 -1.814466 1260256295488
104.564064 93.457664 -2.2237427 1260256295502
106.08586 95.684784 -2.3125556 1260256295509
110.28157 99.15054 -2.0469277 1260256295528
116.917496 102.74302 -1.5945814 1260256295540
121.82162 105.605865 -1.1648523 1260256295549
125.98054 107.32557 -0.7566097 1260256295562
130.2315 107.85929 -0.4687792 1260256295569
123.91993 107.41633 -0.24534024 1260256295587
118.52393 106.19551 0.01692677 1260256295601
113.897736 104.785736 0.31608045 1260256295620
110.002846 103.24645 0.6002764 1260256295638
106.7527 101.68413 0.5702626 1260256295664
103.465065 99.39992 -0.6082505 1260256295678
99.29181 94.77992 -3.377838 1260256295701
95.32722 89.14092 -5.8589463 1260256295722
90.860855 83.48388 -8.315999 1260256295738
102.71781 78.20969 -11.100199 1260256295759
115.03192 82.7492 -14.4451885 1260256295781
111.98032 85.11174 -15.022929 1260256295803
110.73131 86.706154 -14.321783 1260256295818
120.59474 88.12085 -13.105694 1260256295840
129.765 89.66481 -11.650409 1260256295862
138.82675 90.98157 -10.367888 1260256295877
148.43541 92.18249 -9.249494 1260256295898
144.36363 93.12336 -8.387019 1260256295921
140.79546 93.81719 -7.967668 1260256295943
136.05568 95.02633 -8.819284 1260256296129
147.0529 90.42501 -11.92832 1260256296141
142.20026 84.40376 -13.631904 1260256296150
138.44025 78.58357 -15.100308 1260256296161
149.16823 73.35439 -16.945293 1260256296169
157.10982 68.936676 -19.49803 1260256296180
165.10432 65.53984 -22.823128 1260256296189
173.24911 70.462845 -25.331972 1260256296201
181.48666 74.2397 -26.815374 1260256296211
189.06233 76.82771 -27.224606 1260256296226
195.45921 78.58633 -26.963375 1260256296243
200.88625 80.00701 -26.465206 1260256296252
205.29193 81.30666 -25.941946 1260256296264
208.62733 82.54133 -25.444849 1260256296271
210.84596 82.16426 -24.922607 1260256296284
211.95366 81.75605 -24.476477 1260256296310
211.80597 81.26825 -24.052652 1260256296376
210.51567 80.65484 -23.75002 1260256296607
208.18988 79.522095 -23.662518 1260256296613
204.93039 77.84599 -23.679392 1260256296619
200.98387 75.653694 -23.695423 1260256296644
196.43468 73.07101 -23.510653 1260256296653
191.61295 70.31746 -23.38512 1260256296672
186.4823 67.451584 -23.065865 1260256296690
181.05818 64.52901 -22.56257 1260256296697
176.00528 61.752556 -21.934443 1260256296702
171.30501 59.214928 -21.28772 1260256296712
166.53976 56.85418 -20.673334 1260256296719
161.11278 54.66147 -19.989668 1260256296728
155.25714 52.628395 -19.140184 1260256296734
149.14429 50.846973 -18.133175 1260256296741
142.93707 49.354626 -16.876516 1260256296750
137.09023 48.086895 -15.53269 1260256296758
131.83571 46.98255 -14.206056 1260256296763
127.04392 45.883423 -12.895753 1260256296772
122.791725 44.88925 -11.6009655 1260256296779
119.00214 43.89479 -10.320917 1260256296784
115.15203 42.90005 -9.054872 1260256296794
111.794426 42.05505 -7.802128 1260256296935
109.3047 41.402298 -6.6620216 1260256296941
106.53947 40.782185 -5.5289207 1260256296951
104.41249 40.193077 -4.4524746 1260256296958
102.191864 39.683422 -3.3798509 1260256296964
99.182274 39.09925 -2.2108583 1260256296973
96.52316 38.644287 -1.0503154 1260256296980
94.247 38.262074 0.0022003897 1260256296989
92.73465 37.94897 0.90209043 1260256296996
91.54792 37.701523 1.706986 1260256297002
90.77052 37.466446 2.4216366 1260256297011
89.832 37.193123 3.1505547 1260256297018
88.0404 36.833466 3.943027 1260256297023
86.08838 36.391792 4.7958755 1260256297033
83.98396 35.922203 5.6560817 1260256297039
81.884766 35.426094 6.5232778 1260256297048
79.740524 34.95479 7.3471136 1260256297055
78.7035 34.50705 7.879758 1260256297068
77.46832 34.031696 8.33577 1260256297088
76.09491 33.530113 8.768981 1260256297109
75.14017 33.103607 9.130532 1260256297128
74.18316 32.74843 9.624005 1260256297150
73.674 32.461006 10.042805 1260256297168
73.7403 32.187954 10.340665 1260256297189
73.55329 31.928556 10.6236315 1260256297207
72.92563 31.632128 10.94245 1260256297229
72.27935 31.350521 11.295327 1260256297248
71.565384 31.132996 11.630561 1260256297269
70.987114 30.926346 11.999033 1260256297288
70.33776 30.680029 12.299082 1260256297309
69.920876 30.446028 12.584127 1260256297327
69.57483 30.223726 12.854921 1260256297349
69.096085 30.01254 13.112175 1260256297368
68.54128 29.811914 13.406567 1260256297428
68.414215 29.621319 13.686238 1260256297448
68.49351 29.440252 13.951926 1260256297471
68.66883 29.26824 14.15433 1260256297488
69.08539 29.154827 14.346614 1260256297508
69.43112 29.047087 14.579283 1260256297641
69.859566 28.994732 14.800319 1260256297650
70.16659 28.944996 15.060303 1260256297656
70.20826 28.847746 15.307287 1260256297663
70.14785 28.755358 15.541923 1260256297672
70.19046 28.61759 15.764827 1260256297678
69.880936 28.43671 15.976585 1260256297684
69.58689 28.264875 16.227757 1260256297693
69.20755 28.101631 16.46637 1260256297700
68.64717 27.89655 16.69305 1260256297709
68.46481 27.651722 16.908398 1260256297727
67.99157 27.369137 17.162977 1260256297749
67.34199 27.10068 17.404829 1260256297768
66.67489 26.845646 17.634588 1260256297789
66.14114 26.553364 17.802858 1260256297808
65.78409 26.325695 18.112715 1260256297829
65.34489 26.00941 18.40708 1260256297848
65.077644 25.75894 18.686726 1260256297869
64.42376 25.570993 19.00239 1260256297888
64.15257 25.342443 19.152271 1260256297909
64.34495 25.22532 19.294659 1260256297928
64.7777 25.114056 19.429926 1260256297947
65.78882 24.958353 19.55843 1260256297968
67.09938 24.810436 19.680508 1260256297989
68.39441 24.619915 19.746483 1260256298008
69.57469 24.338919 19.75916 1260256298029
70.79596 24.021973 19.671202 1260256298049
71.756165 23.570873 19.58764 1260256298069
72.81836 23.04233 19.45826 1260256298089
73.47744 22.440214 19.385347 1260256298109
74.153564 21.718203 19.31608 1260256298128
74.79588 20.932293 19.200275 1260256298149
75.25609 20.135677 19.090261 1260256298168
75.843285 19.428894 18.985748 1260256298189
76.45112 18.80745 18.986462 1260256298208
76.87856 18.117077 19.08714 1260256298229
77.384636 17.411222 19.232782 1260256298249
78.0154 16.69066 19.421143 1260256298269
78.51463 15.906127 19.600086 1260256298409
79.2389 15.21082 19.720081 1260256298419
80.026955 14.55028 19.834078 1260256298429
80.82561 13.922766 19.942373 1260256298435
81.83433 13.276628 20.045254 1260256298441
82.54261 12.612796 20.142992 1260256298450
83.36548 11.932156 20.185843 1260256298458
84.347206 11.285548 20.226551 1260256298464
85.17985 10.67127 20.265224 1260256298474
85.92085 10.087707 20.301964 1260256298488
86.27481 9.433321 20.336866 1260256298508
86.31107 8.711655 20.370024 1260256298528
86.39552 8.026072 20.401522 1260256298549
86.52575 7.374768 20.431446 1260256298608
86.64946 6.7560296 20.409874 1260256298629
87.066986 6.168228 20.43938 1260256298648
87.76363 5.6598167 20.467411 1260256298669
88.72545 5.2268257 20.494041 1260256298688
89.989174 4.9154844 20.56934 1260256298709
91.03972 4.61971 20.590874 1260256298728
91.93774 4.3387246 20.61133 1260256298749
92.44085 3.9717884 20.580763 1260256298768
92.56881 3.573199 20.501724 1260256298789
92.890366 3.194539 20.476639 1260256298808
93.24585 2.884812 20.452806 1260256298829
93.73356 2.5905714 20.480165 1260256298848
94.446884 2.3110428 20.556158 1260256298869
94.62454 2.0454907 20.62835 1260256298888
94.44331 1.7932162 20.646933 1260256298909
94.52115 1.6035554 20.614586 1260256298928
94.495094 1.5233777 20.583857 1260256298949
94.82034 1.4972087 20.504663 1260256298969
95.229324 1.4723483 20.42943 1260256298988
95.41786 1.3987309 20.357958 1260256299008
95.79697 1.3787943 20.29006 1260256299029
96.25712 1.4098547 20.275557 1260256299049
96.59426 1.4893619 20.211779 1260256299069
96.76455 1.5648938 20.15119 1260256299208
96.72632 1.5366491 20.04363 1260256299214
96.54 1.5598166 19.941448 1260256299221
96.463 1.6318258 19.894375 1260256299230
96.08985 1.7002345 19.899656 1260256299236
95.48536 1.8152229 19.954674 1260256299243
94.81109 1.8744618 19.90694 1260256299252
93.970535 1.9307387 19.861593 1260256299260
93.27201 2.0842018 19.868513 1260256299269
92.85841 2.4299917 19.975088 1260256299276
92.56549 2.908492 20.226334 1260256299288
92.73721 3.5130675 20.615017 1260256299309
93.15035 4.2374144 20.984266 1260256299329
93.19283 4.925544 21.335052 1260256299349
93.08319 5.529267 21.7183 1260256299368
92.67903 6.1028037 22.182384 1260256299389
92.39508 6.697664 22.673265 1260256299408
92.42532 7.412781 23.139603 1260256299429
92.454056 8.192142 23.532623 1260256299448
92.23135 8.932534 23.905993 1260256299469
91.71979 9.585908 24.360693 1260256299488
91.0338 10.206613 24.942657 1260256299509
90.33211 10.846282 25.545525 1260256299528
89.8655 11.503968 26.16825 1260256299549
89.22223 12.12877 26.759836 1260256299568
88.111115 12.572331 27.421844 1260256299589
87.05556 13.043715 28.100752 1260256299608
86.70278 13.7415285 28.745714 1260256299629
86.867645 14.604452 29.308428 1260256299649
87.574265 15.574229 29.843006 1260256299669
88.34555 16.545517 30.400856 1260256299689
89.07827 17.418242 31.080812 1260256299709
89.87436 18.197329 31.876772 1260256299728
90.58064 18.987463 32.632935 1260256299749
90.701614 19.73809 33.351288 1260256299768
90.46654 20.451185 33.983723 1260256299789
90.24321 21.128626 34.53454 1260256299808
90.08105 21.822195 35.05781 1260256299829
90.27699 22.481085 35.60492 1260256300012
90.21314 23.05703 36.124672 1260256300024
89.702484 23.504179 36.76844 1260256300036
88.91736 23.87897 37.48002 1260256300048
88.17149 24.385021 38.05602 1260256300057
87.96292 24.91577 38.75322 1260256300068
88.81477 25.669981 39.215557 1260256300077
89.424034 26.486483 39.50478 1260256300083
90.10283 27.162159 39.929543 1260256300094
90.04769 27.854052 40.183064 1260256300109
89.74531 28.46135 40.423912 1260256300120
89.208046 29.038282 40.652718 1260256300132
88.44765 29.586369 40.820084 1260256300140
87.825264 30.10705 40.97908 1260256300152
87.134 30.601698 41.180126 1260256300163
86.3273 30.971613 41.47112 1260256300173
85.71094 31.373032 41.747562 1260256300180
85.17539 31.75438 42.010185 1260256300199
84.36662 32.11666 42.259678 1260256300211
83.548294 32.460827 42.546696 1260256300229
82.47088 32.737785 42.819363 1260256300248
80.99734 32.950897 43.128395 1260256300275
79.39747 33.10335 43.521976 1260256300287
77.377594 33.148186 43.945877 1260256300311
74.75871 33.140778 44.44858 1260256300333
72.22078 33.08374 44.976154 1260256300348
70.10974 32.929554 45.577347 1260256300370
68.15425 32.733078 46.248478 1260256300391
66.24654 32.496426 46.936054 1260256300413
64.18421 32.171604 47.73925 1260256300428
62.075 31.713024 48.602287 1260256300450
60.67125 31.227373 49.47217 1260256300474
59.637688 30.566004 50.448563 1260256300490
58.855804 29.587704 51.476135 1260256300509
58.163013 27.908318 52.30233 1260256300531
58.354862 25.062902 51.33721 1260256300554
58.83712 22.759758 48.92035 1260256300568
58.945263 21.52177 45.72433 1260256300589
58.748 22.095682 42.488113 1260256300774
58.910603 24.090899 39.86371 1260256300784
59.76507 26.986353 37.820522 1260256300796
61.87682 30.637035 36.329494 1260256300804
65.88298 34.805183 35.46302 1260256300817
71.73883 39.464924 35.039867 1260256300824
79.55189 44.991676 34.987873 1260256300836
92.324295 34.04209 34.838478 1260256300848
92.60808 25.939987 33.446552 1260256300857
94.577675 18.692987 31.224224 1260256300871
98.248795 11.108338 28.813013 1260256300882
109.48635 1.5529214 26.122362 1260256300894
109.962036 8.325275 24.516245 1260256300902
111.563934 13.809011 23.640432 1260256300913
106.43574 18.61856 23.008411 1260256300924
118.66395 23.287632 22.757992 1260256300940
130.63075 27.77325 22.670092 1260256300951
125.09921 32.134586 22.586588 1260256300962
136.19426 36.827858 23.057259 1260256300976
147.13455 43.436466 25.004396 1260256300993
145.87782 35.514645 24.354177 1260256301008
154.08394 24.838911 22.686468 1260256301031
152.67975 29.846966 21.752144 1260256301050
145.04576 34.254616 21.114536 1260256301068
152.79347 38.491886 20.50881 1260256301089
158.4038 42.517292 20.03337 1260256301108
158.3336 46.44143 19.4817 1260256301131
157.26692 50.219357 18.707615 1260256301148
153.90358 53.308388 17.322233 1260256301171
147.8584 51.69297 14.356121 1260256301189
142.31548 48.75832 11.888315 1260256301208
137.1497 45.870403 9.493899 1260256301229
132.24222 43.226883 7.169204 1260256301248
127.23011 40.965538 4.710744 1260256301270
121.9186 39.16726 1.8752066 1260256301288
116.522675 37.908897 -1.3685539 1260256301311
111.84654 37.46345 -4.3501263 1260256301328
109.00421 42.390278 -6.2326202 1260256301351
110.104004 46.670765 -6.970989 1260256301538
114.44881 50.787228 -6.87244 1260256301550
119.876366 54.747868 -6.378818 1260256301560
125.382545 58.660473 -5.759877 1260256301571
130.41342 62.477448 -5.171883 1260256301578
134.24275 66.203575 -4.713289 1260256301607
135.93062 69.893394 -4.6276245 1260256301619
134.58409 73.598724 -5.1962433 1260256301641
130.40489 77.418785 -6.7864313 1260256301662
124.534645 81.64784 -9.59711 1260256301697
136.25792 77.66545 -13.367254 1260256301703
147.24503 73.182175 -16.098892 1260256301732
157.33278 68.673065 -18.493948 1260256301739
149.91614 66.439415 -20.46925 1260256301753
143.27032 65.817444 -20.895788 1260256301761
136.80681 65.87657 -20.651 1260256301772
130.36647 66.08274 -20.26845 1260256301781
124.14815 66.2786 -19.755028 1260256301792
118.39074 66.464676 -19.317276 1260256301804
113.2212 66.691444 -19.051413 1260256301819
109.16014 68.506874 -18.748842 1260256301830
112.20213 71.83153 -17.711401 1260256301839
117.99203 76.13995 -16.275831 1260256301852
125.69243 80.732956 -14.762039 1260256301863
133.8578 85.24631 -13.323937 1260256301878
138.01491 89.03399 -12.257741 1260256301891
135.36417 90.382286 -12.044854 1260256301900
129.54596 88.96317 -12.242612 1260256301918
123.76866 87.015015 -12.430481 1260256301931
118.230225 85.01427 -12.558957 1260256301948
112.96871 83.16355 -12.7310095 1260256301967
108.17027 81.85538 -13.044459 1260256301988
108.611755 83.412605 -12.642237 1260256302009
113.881165 86.34197 -11.510125 1260256302028
120.4371 89.574875 -10.184619 1260256302055
126.665245 92.69613 -8.925388 1260256302067
130.73198 94.86132 -8.079119 1260256302091
125.04538 92.76826 -9.125163 1260256302113
118.84311 88.879845 -10.418905 1260256302290
130.80095 85.18585 -11.69796 1260256302302
125.2109 83.87656 -12.613062 1260256302314
129.40036 85.63273 -12.132409 1260256302323
135.23035 87.75109 -11.175789 1260256302334
141.36884 89.81354 -10.117 1260256302343
147.4504 91.67286 -9.11115 1260256302355
152.77788 92.98922 -8.605593 1260256302361
146.68898 94.08976 -9.275313 1260256302372
139.55453 91.13527 -11.211548 1260256302383
150.4268 86.7785 -13.15097 1260256302398
160.75546 81.83958 -14.743422 1260256302411
170.21768 76.7476 -16.206251 1260256302418
178.5068 72.06022 -18.145939 1260256302429
187.18147 76.75721 -20.938643 1260256302471
181.9224 79.66935 -21.24171 1260256302478
184.32628 82.085884 -20.329624 1260256302489
188.25996 84.33159 -19.013144 1260256302500
192.74696 86.31501 -17.612486 1260256302511
196.85962 87.99926 -16.481861 1260256302520
201.11664 89.29929 -15.657768 1260256302533
207.3108 90.28433 -15.12488 1260256302548
198.09526 91.12012 -14.918636 1260256302568
189.7405 92.36411 -15.3727045 1260256302591
180.80347 89.59591 -17.20407 1260256302610
188.96329 84.96611 -19.543865 1260256302628
196.21512 79.6678 -21.166672 1260256302649
202.15436 74.48441 -22.658339 1260256302669
206.99664 69.71019 -24.42542 1260256302688
211.24681 65.42468 -26.80415 1260256302709
215.58447 61.853447 -29.663942 1260256302731
220.15524 67.36077 -32.180744 1260256302750
224.74748 71.44273 -33.421707 1260256302768
228.5101 74.1706 -33.50062 1260256302788
231.6346 76.212074 -32.92559 1260256302808
234.25287 78.00147 -32.22931 1260256302831
236.24022 79.7014 -31.617844 1260256302848
237.47821 81.36633 -31.136951 1260256302871
