239.20128 -5.2083116 65.371216 1260255818491
235.94121 -4.697896 65.90266 1260255818500
236.14415 -13.313002 65.657524 1260255818534
237.78694 -21.297352 63.87465 1260255818709
240.5976 -28.782484 61.580917 1260255818721
245.06772 -35.69336 59.15187 1260255818738
250.16434 -42.20869 56.69428 1260255818744
255.60612 -48.298256 54.309566 1260255818756
243.27582 -53.933342 51.994087 1260255818764
232.06203 -59.236675 49.69438 1260255818776
221.85893 -64.12484 47.459663 1260255818784
212.51599 -68.7186 45.28668 1260255818795
203.6402 -73.03267 43.272343 1260255818802
194.7582 -77.131035 41.458725 1260255818813
191.42029 -70.824486 39.73579 1260255818824
188.04927 -65.18326 37.549 1260255818839
184.79681 -59.774094 35.32155 1260255818853
181.65697 -54.635387 33.105473 1260255818859
178.62411 -50.05362 30.900198 1260255818871
175.64291 -46.100937 28.755188 1260255818880
172.76077 -42.79589 26.76743 1260255818893
169.92273 -40.206097 24.829058 1260255818905
167.17659 -38.09579 22.887606 1260255818916
164.11777 -42.541 20.243225 1260255818931
158.06187 -48.36395 19.381063 1260255818941
151.35878 -54.045753 18.71201 1260255818958
144.74084 -59.443466 18.12641 1260255818972
138.4538 -64.47129 17.620089 1260255818989
132.53111 -69.14773 17.139084 1260255819008
127.10455 -73.49034 16.682129 1260255819031
122.199326 -77.56583 16.248022 1260255819054
117.73936 -81.48753 15.785621 1260255819069
112.80239 -85.26315 15.54634 1260255819088
119.16227 -72.2 17.069023 1260255819112
119.60416 -66.189995 17.615572 1260255819127
119.723946 -60.480495 17.734793 1260255819149
119.837746 -55.05647 17.698053 1260255819169
119.99586 -50.053646 17.66315 1260255819192
120.19607 -45.700962 17.779993 1260255819209
120.28626 -42.265915 18.040993 1260255819228
119.52195 -40.40262 18.488943 1260255819250
116.945854 -40.63249 18.614496 1260255819422
113.848564 -42.600864 18.183771 1260255819439
111.80614 -45.72082 16.874582 1260255819453
110.66583 -49.33478 15.080853 1260255819460
110.482544 -53.41804 12.826811 1260255819471
111.008415 -57.64714 10.13547 1260255819480
112.158 -62.014782 7.378697 1260255819492
113.7501 -66.364044 4.709762 1260255819501
115.612595 -70.59584 2.424274 1260255819514
116.381966 -74.51605 1.2030603 1260255819529
111.76287 -78.19025 1.8429072 1260255819538
121.624725 -82.330734 4.200762 1260255819550
129.54349 -86.8642 7.590724 1260255819559
134.06631 -74.02099 11.161188 1260255819574
135.413 -68.86994 13.603128 1260255819584
135.39235 -63.326443 15.172972 1260255819595
134.77274 -57.76012 16.164324 1260255819605
133.8841 -52.522114 16.956108 1260255819620
132.98988 -47.696007 17.758303 1260255819634
132.3904 -43.111206 18.820387 1260255819653
133.47087 -34.155647 20.129368 1260255819669
136.24733 -24.547865 20.4729 1260255819689
142.53496 -14.370472 20.049255 1260255819711
136.10822 -22.101948 19.396793 1260255819734
131.4028 -29.19685 18.726954 1260255819748
127.23266 -35.787006 18.090607 1260255819769
123.22102 -42.047657 17.436077 1260255819792
119.559975 -48.045273 16.814274 1260255819809
115.98198 -53.84301 16.22356 1260255819828
111.83288 -59.55086 15.662382 1260255819850
123.34123 -65.22332 15.329263 1260255819873
130.67416 -70.912155 15.512799 1260255819889
134.39046 -59.26655 16.437159 1260255819909
134.77094 -50.05322 17.2653 1260255819932
133.68239 -44.200558 17.352036 1260255819949
132.34827 -38.99053 17.184433 1260255819968
131.03085 -34.291 16.975212 1260255819989
129.6793 -30.17645 16.876451 1260255820013
128.39534 -26.817629 17.082628 1260255820179
