154.8222 30.342325 32.89328 1260256637666
155.18109 30.27521 34.098618 1260256637678
152.47203 29.51145 35.543686 1260256637688
147.69843 26.435877 35.9165 1260256637694
144.5135 22.314083 34.070675 1260256637706
141.58783 18.998379 31.617142 1260256637718
138.50844 16.79846 28.886284 1260256637727
134.93301 16.308537 25.99197 1260256637761
131.28636 17.19311 23.542372 1260256637772
128.02205 19.283455 21.615253 1260256637784
125.72095 22.469282 20.234491 1260256637793
124.7849 26.445818 19.472767 1260256637804
125.195656 30.973526 19.049128 1260256637814
126.38587 36.02485 18.79667 1260256637829
128.06657 41.473606 18.506838 1260256637849
128.91324 47.799927 17.731497 1260256637861
131.11758 38.15993 15.644922 1260256637870
131.5617 29.901936 13.012676 1260256637889
131.18362 26.256838 10.112042 1260256637911
124.72444 24.043997 6.3064404 1260256637924
118.83822 30.491796 2.9911184 1260256637942
115.79631 35.167206 1.8915625 1260256637965
114.156494 39.358845 1.7469844 1260256637977
114.44867 43.640903 2.0596352 1260256638001
116.27624 47.85886 2.6066535 1260256638024
117.56242 52.065918 2.9263208 1260256638038
118.584305 56.462624 2.9800048 1260256638060
118.55509 60.93949 2.7810044 1260256638080
116.127335 65.592514 2.0419543 1260256638106
127.72097 70.61289 0.039856587 1260256638122
121.78492 67.28225 -3.5621364 1260256638141
117.54568 64.56814 -5.3840294 1260256638351
113.61839 62.53973 -6.5148277 1260256638365
109.83747 61.21274 -7.2890863 1260256638373
106.2956 60.802105 -7.924632 1260256638384
103.58082 61.312 -8.4284 1260256638393
103.00178 64.0464 -8.45698 1260256638404
105.10169 67.59408 -7.834131 1260256638411
108.94661 71.56438 -6.9424243 1260256638429
112.749275 75.68616 -6.095303 1260256638443
114.211815 79.65185 -5.740538 1260256638452
110.201225 83.06925 -7.403511 1260256638466
106.241165 80.11579 -9.183335 1260256638480
102.779106 77.310005 -10.074168 1260256638492
99.44015 74.89451 -10.72046 1260256638509
96.31814 73.14978 -11.334437 1260256638520
93.80223 72.34229 -11.967715 1260256638527
93.31212 74.375175 -12.21933 1260256638540
95.84651 77.25642 -11.658363 1260256638549
100.054184 80.5936 -10.675446 1260256638566
104.401474 84.06392 -9.691673 1260256638572
106.9814 87.16072 -9.05709 1260256638591
104.88233 88.45268 -9.554235 1260256638602
101.18822 86.08005 -10.076524 1260256638614
97.62881 83.47604 -10.372698 1260256638630
94.29736 81.20224 -10.604063 1260256638645
91.4825 79.79213 -11.02386 1260256638662
90.90837 81.502525 -11.472667 1260256638681
93.21295 84.5774 -11.149034 1260256638700
97.152306 88.14853 -10.491582 1260256638718
101.09469 91.141106 -9.8670025 1260256638744
103.58995 92.83405 -9.473652 1260256638766
101.060455 93.29235 -9.54997 1260256638783
97.307434 92.177734 -9.622471 1260256638800
93.69206 91.11885 -9.491347 1260256638820
91.40746 91.062904 -9.01678 1260256638840
95.13709 91.95976 -8.115941 1260256638865
99.63024 93.311775 -7.110144 1260256638881
102.998726 94.69619 -6.204637 1260256638906
103.04879 95.56138 -5.9944053 1260256639108
108.34635 96.68331 -5.194685 1260256639119
112.02904 97.749146 -4.5349507 1260256639145
113.62759 98.61169 -4.058203 1260256639160
113.14621 99.2311 -3.905293 1260256639180
110.7889 99.96954 -4.6600285 1260256639198
105.89946 96.021065 -7.8270273 1260256639226
101.604485 90.37001 -10.435676 1260256639242
98.27426 84.801506 -12.513892 1260256639261
94.36055 79.71143 -14.688197 1260256639286
107.34252 75.425865 -17.353786 1260256639307
119.475395 72.204575 -20.186098 1260256639320
113.501625 76.14435 -22.226793 1260256639341
108.676544 78.88713 -23.115454 1260256639365
104.04272 80.54277 -23.009682 1260256639379
116.14058 81.815636 -22.359198 1260256639403
126.73355 82.72485 -21.691238 1260256639421
136.04688 83.688614 -21.156677 1260256639438
140.39453 84.60418 -20.698843 1260256639458
148.5748 84.12397 -20.213902 1260256639484
149.79607 83.867775 -19.603207 1260256639506
150.85626 83.57439 -18.923046 1260256639519
151.16345 83.19566 -18.376894 1260256639542
151.05528 82.73588 -17.95805 1260256639565
