286.8231 -0.29432398 68.68982 1260261101941
287.18195 -0.3796078 69.35533 1260261101948
287.42285 -0.5106274 70.137566 1260261101959
287.4017 -9.285096 70.93069 1260261101968
287.28162 -17.620842 71.58415 1260261101994
287.61752 -25.3398 72.05495 1260261102022
288.03665 -32.62281 72.4522 1260261102029
290.0848 -31.64167 72.67959 1260261102047
275.83057 -31.009586 72.54561 1260261102059
263.88904 -30.709106 71.96833 1260261102068
254.09459 -30.92365 70.319916 1260261102086
245.53986 -31.277468 67.40392 1260261102099
237.86287 -31.263594 63.533726 1260261102116
230.76973 -30.750414 59.20704 1260261102124
223.98125 -29.862894 54.596687 1260261102142
217.48218 -28.519749 49.36685 1260261102157
209.00807 -26.443762 43.49851 1260261102174
216.50768 -17.571573 38.32358 1260261102192
223.3823 -9.2929945 34.157402 1260261102215
212.21318 -1.3783445 30.749533 1260261102237
219.55252 6.4405727 27.862057 1260261102439
226.2749 14.418544 25.518953 1260261102449
232.36116 22.347618 23.693007 1260261102462
238.2431 30.130238 22.208357 1260261102468
227.48094 37.573727 20.997938 1260261102479
229.5569 44.64504 20.04804 1260261102490
233.37906 51.262787 19.245638 1260261102502
238.2101 57.49965 18.583357 1260261102513
243.6996 63.324665 18.104189 1260261102522
231.51462 68.65843 17.74898 1260261102534
221.68889 73.42551 17.46153 1260261102545
213.75444 77.55423 17.238455 1260261102560
206.41672 80.97652 16.976532 1260261102569
199.29588 83.57769 16.627705 1260261102581
192.13109 85.048805 15.99632 1260261102595
185.07454 84.796364 14.896503 1260261102604
179.02081 82.356544 13.401678 1260261102617
174.31978 78.588715 12.081594 1260261102629
170.25378 74.25928 10.877515 1260261102640
166.54109 69.69631 9.633639 1260261102654
163.26404 65.06149 8.4019575 1260261102666
160.65083 59.80842 6.9318595 1260261102682
158.8183 54.067997 5.4352665 1260261102698
157.82738 45.564598 3.863503 1260261102712
157.636 36.58637 2.5203278 1260261102734
157.20421 27.10705 1.7943114 1260261102754
155.944 17.601696 1.4545958 1260261102777
153.0968 8.471611 1.431866 1260261102794
148.89197 -0.3519701 1.6102728 1260261102813
143.44737 -8.834372 1.9297591 1260261102834
137.225 -16.992653 2.3332713 1260261102858
147.31375 -24.94302 2.8166077 1260261102874
155.99806 -32.59587 3.3757772 1260261102894
163.34816 -39.966076 4.0069885 1260261102916
168.53075 -29.167772 4.756639 1260261102935
172.8542 -19.059383 5.718807 1260261102954
174.46149 -9.806414 6.882867 1260261102975
172.98842 -1.7160931 8.088723 1260261102994
