262.66812 -5.3480344 63.192307 1260255766041
256.68472 -5.0306325 62.68269 1260255766053
252.00049 -4.279101 62.448555 1260255766060
247.55046 -3.0651457 62.226128 1260255766094
243.57294 -1.5118885 62.064823 1260255766116
241.7943 6.7137065 62.01158 1260255766125
243.20457 -2.2719793 61.311 1260255766139
247.29434 -10.1583805 59.64545 1260255766145
251.77963 -17.700462 57.663177 1260255766161
255.79065 -24.965439 55.780018 1260255766175
259.30112 -31.967167 53.941017 1260255766192
262.38605 -38.668808 52.193966 1260255766207
265.51675 -44.935368 50.584267 1260255766227
268.69092 -50.8386 49.005054 1260255766247
272.05637 -56.39667 47.454803 1260255766267
275.65353 -61.62684 45.932064 1260255766289
278.32086 -66.9955 44.33546 1260255766307
269.8048 -61.745724 41.168686 1260255766332
261.71457 -56.858437 38.16025 1260255766347
254.02884 -52.265514 35.352238 1260255766367
246.7274 -48.00224 32.684628 1260255766563
239.74103 -44.102127 30.200396 1260255766575
233.10397 -40.54702 27.990376 1260255766584
226.79877 -37.21967 26.090857 1260255766596
221.10883 -33.458687 24.986313 1260255766603
221.20338 -23.285753 25.586998 1260255766614
225.49321 -30.571465 25.507648 1260255766622
230.81854 -37.292892 25.232265 1260255766633
236.37761 -43.528248 24.920652 1260255766642
242.15872 -49.401836 24.52462 1260255766656
247.95079 -54.981743 24.04839 1260255766670
236.00325 -60.282658 23.49597 1260255766679
225.10309 -65.31853 22.871172 1260255766691
214.44794 -70.1526 22.327614 1260255766700
219.47554 -75.09497 22.311234 1260255766713
215.55176 -68.590225 22.945671 1260255766720
210.52417 -62.610714 22.598387 1260255766737
205.69797 -57.080177 22.018467 1260255766749
201.11307 -52.02617 21.417543 1260255766758
196.65741 -47.62486 20.946667 1260255766773
192.37454 -43.993614 20.699333 1260255766789
187.75581 -41.593933 20.664366 1260255766809
181.86803 -41.064236 20.781147 1260255766832
175.22462 -42.461025 20.59209 1260255766851
169.0634 -45.737972 19.912485 1260255766869
163.81023 -49.501072 18.866861 1260255766890
159.86972 -53.62602 17.42352 1260255766909
157.37624 -57.994717 15.552343 1260255766932
156.10742 -62.49498 13.4247265 1260255766949
155.55205 -67.02023 11.35349 1260255766972
154.37445 -71.41922 9.935816 1260255766989
148.00572 -75.548256 10.039025 1260255767012
156.15544 -79.87084 12.087074 1260255767030
160.69766 -67.1773 15.632721 1260255767048
160.26277 -62.518433 17.751085 1260255767072
158.34964 -57.54251 18.863531 1260255767089
155.98216 -52.515385 19.320354 1260255767112
153.68306 -47.689617 19.654337 1260255767130
151.5989 -43.105137 20.07162 1260255767305
150.01897 -38.79988 20.818039 1260255767323
150.26802 -34.909885 22.277138 1260255767334
153.35461 -25.41439 23.863281 1260255767342
158.28688 -15.49367 24.520117 1260255767353
165.12254 -23.468987 24.59411 1260255767362
173.26642 -30.745537 24.364405 1260255767373
182.15309 -37.45826 23.996185 1260255767380
173.19543 -43.735348 23.596376 1260255767393
164.88567 -49.69858 23.166557 1260255767404
156.79138 -55.463654 22.70823 1260255767419
166.3518 -61.090473 22.372818 1260255767431
173.68422 -66.68595 22.354177 1260255767440
177.00002 -54.851654 22.936468 1260255767451
176.00002 -45.55907 23.739645 1260255767460
173.00002 -40.38112 23.652662 1260255767476
169.75002 -35.662064 23.22003 1260255767490
166.56252 -31.37896 22.809029 1260255767502
163.43439 -27.660011 22.618578 1260255767515
160.56267 -24.327011 22.73765 1260255767534
157.93454 -21.560661 23.300768 1260255767549
155.33781 -19.332628 24.385729 1260255767568
153.62093 -17.615997 26.116442 1260255767592
