94.0755 24.901669 9.356513 1260255516478
94.471725 26.856585 9.7386875 1260255516489
95.34814 29.163755 10.051753 1260255516496
97.38073 33.455566 10.449165 1260255516505
100.6617 38.582787 10.876707 1260255516518
105.478615 44.553646 11.182872 1260255516529
113.05469 50.975964 11.423728 1260255516538
123.35195 39.527164 11.552542 1260255516549
135.08435 28.800806 11.474915 1260255516558
128.63013 18.460766 11.051168 1260255516564
124.89862 25.187727 9.54861 1260255516603
121.60369 26.778341 7.4211793 1260255516615
118.32351 27.939425 5.6501203 1260255516622
115.15733 28.842453 4.1176143 1260255516634
112.04947 29.45033 2.7617335 1260255516642
109.047 29.827814 1.5236468 1260255516656
106.244644 30.136423 0.39746442 1260255516672
103.58241 30.379602 -0.5724088 1260255516679
101.15329 30.860622 -1.3937883 1260255516690
99.14562 31.867592 -1.9740989 1260255516701
98.43834 34.424213 -2.075394 1260255516718
101.56642 40.203003 -1.5216242 1260255516724
107.1881 46.692852 -0.995543 1260255516738
113.178696 52.95821 -0.5457658 1260255516755
118.36976 58.9103 -0.11847752 1260255516768
123.15127 64.514786 0.28744635 1260255516791
127.5437 69.83905 0.62307405 1260255516809
130.71652 74.897095 0.8419204 1260255516835
131.5307 79.50224 0.84982437 1260255516849
130.25417 83.17713 0.45733315 1260255516871
127.54146 84.76827 -0.46553355 1260255516893
123.714386 83.72986 -1.2422569 1260255516908
119.678665 82.24336 -1.730144 1260255516929
115.64473 80.68119 -1.9936368 1260255516951
111.862495 79.14713 -1.993955 1260255516974
108.46937 77.88978 -1.7442572 1260255517150
105.4959 76.89529 -1.2070444 1260255517160
103.37111 76.30052 -0.34669214 1260255517170
103.70255 75.78549 0.8706425 1260255517177
108.06743 78.496216 2.2771103 1260255517185
111.36406 82.4214 2.5632548 1260255517198
122.39586 87.15033 0.6850921 1260255517209
132.57607 74.09281 -2.3991625 1260255517218
143.69727 79.238174 -5.9792047 1260255517233
136.7124 83.77627 -9.380244 1260255517244
130.12679 87.88745 -12.311233 1260255517256
124.22044 91.543076 -14.595671 1260255517264
119.35942 94.76592 -15.915887 1260255517276
118.49145 96.72762 -15.670093 1260255517289
118.31687 97.14124 -14.436588 1260255517300
115.20103 96.13418 -13.1147585 1260255517311
111.140976 95.027466 -12.009021 1260255517321
106.983925 93.826096 -11.10857 1260255517334
102.83473 92.58479 -10.303142 1260255517349
99.143 91.45555 -9.687984 1260255517369
96.23585 90.782776 -9.203586 1260255517395
95.92406 91.14364 -8.943406 1260255517409
97.22785 93.03645 -8.896235 1260255517428
98.26646 96.03463 -8.851423 1260255517452
98.103134 99.6329 -8.758852 1260255517470
96.24798 103.40125 -8.5709095 1260255517489
93.98558 107.03119 -8.392364 1260255517508
92.5863 110.37963 -8.272745 1260255517532
91.75699 113.36065 -8.259108 1260255517551
91.51914 115.84262 -8.3961525 1260255517569
91.54318 117.60049 -8.726345 1260255517590
91.46603 118.27046 -9.290028 1260255517610
90.542725 118.00694 -9.925527 1260255517629
88.56559 115.3566 -10.429251 1260255517649
85.98731 112.43877 -10.807788 1260255517672
83.237946 109.316826 -11.067398 1260255517690
80.52605 106.150986 -11.264029 1260255517709
77.99974 103.14343 -11.400827 1260255517730
75.749756 100.33626 -11.480786 1260255517748
