155.36607 26.017714 26.159967 1260256656842
154.54778 26.466827 26.851969 1260256656849
153.32039 26.893486 27.45937 1260256656863
151.65437 27.098812 28.086401 1260256656870
149.97165 27.193872 28.782082 1260256656880
152.97307 33.23418 30.192978 1260256656913
157.62442 39.772472 31.533329 1260256656928
149.9932 30.383848 31.856663 1260256656940
146.19353 24.564655 30.463829 1260256656948
142.83385 21.386423 27.990637 1260256656963
138.94215 20.217102 24.791105 1260256656974
134.44505 20.556248 21.65155 1260256657148
130.0228 22.228436 19.068974 1260256657166
126.22166 26.617014 17.115524 1260256657180
123.910576 30.986164 15.909748 1260256657190
123.41505 35.886856 15.164261 1260256657201
123.99429 41.24251 14.606048 1260256657208
124.994576 47.080387 14.075746 1260256657222
123.894844 53.37637 13.321959 1260256657229
127.4501 42.85755 11.8058605 1260256657240
129.6276 34.364674 9.515568 1260256657249
129.89621 30.54644 6.8397894 1260256657260
140.9514 28.519117 3.1477997 1260256657272
134.65382 34.293163 0.3904096 1260256657287
130.92113 38.728504 -0.47911093 1260256657299
128.62508 42.99208 -0.6051554 1260256657307
129.09383 47.492477 -0.27489763 1260256657319
130.88913 51.917854 0.18884726 1260256657328
132.24467 56.471962 0.4794049 1260256657342
132.93243 61.198364 0.60543466 1260256657353
131.53581 66.038445 0.32516292 1260256657364
125.70902 71.13652 -0.54109526 1260256657378
135.07358 76.52969 -2.7640405 1260256657391
128.7699 72.85321 -6.0758386 1260256657408
124.1314 69.96055 -7.8220468 1260256657423
119.82483 67.81252 -8.980945 1260256657439
115.533585 66.1719 -9.881897 1260256657483
111.3569 65.3133 -10.637802 1260256657494
107.33906 64.997635 -11.355912 1260256657507
103.572105 64.89775 -12.138117 1260256657526
100.7935 67.802864 -12.6812105 1260256657539
99.90383 71.31272 -12.69715 1260256657560
101.25864 75.247086 -12.212293 1260256657581
104.4457 79.28473 -11.451678 1260256657597
107.97342 83.27049 -10.629094 1260256657618
110.52475 87.20697 -9.99764 1260256657640
109.548515 91.14662 -9.797758 1260256657663
105.07109 94.63929 -10.7078705 1260256657678
101.26753 92.05733 -12.522477 1260256657698
98.15415 89.55446 -13.296353 1260256657721
95.29645 87.176735 -13.631536 1260256657894
92.531624 85.0179 -13.699959 1260256657909
89.905045 83.267006 -13.764961 1260256657920
87.609795 82.10365 -14.126713 1260256657930
86.429306 83.59847 -14.420377 1260256657941
87.55784 85.96855 -14.199358 1260256657948
90.629944 88.82012 -13.48939 1260256657963
94.84845 91.77911 -12.514921 1260256657972
99.15603 94.74016 -11.589175 1260256657983
102.69823 97.553154 -10.759716 1260256657993
104.76331 100.1755 -10.22173 1260256658010
104.42515 102.21672 -10.310644 1260256658020
102.35389 103.10588 -11.095112 1260256658027
99.4862 100.600586 -11.690356 1260256658038
96.56189 97.72056 -11.955838 1260256658049
93.5338 94.83453 -12.108047 1260256658066
90.50711 92.092804 -12.252645 1260256658080
87.48176 89.63816 -12.490012 1260256658091
84.80767 88.006256 -13.065512 1260256658104
84.81728 89.50594 -13.312236 1260256658124
87.87642 91.68065 -12.796624 1260256658138
92.432594 94.146614 -11.956793 1260256658159
97.21097 96.58929 -11.008953 1260256658178
101.30042 98.75982 -10.208506 1260256658205
103.0354 100.52183 -9.89808 1260256658218
101.03363 101.59573 -10.753176 1260256658241
97.48195 98.21595 -12.115517 1260256658259
94.10785 94.105156 -12.90974 1260256658277
90.75246 89.9499 -13.514254 1260256658300
87.36483 86.55241 -13.988541 1260256658318
84.39659 85.32478 -14.239114 1260256658345
84.12676 86.508545 -13.827158 1260256658358
87.47042 88.233116 -13.0358 1260256658380
92.3969 90.42146 -12.13401 1260256658399
97.177055 92.60039 -11.22731 1260256658417
100.9682 94.72037 -10.365945 1260256658438
103.26979 96.634346 -9.747647 1260256658461
103.7063 98.25263 -9.460265 1260256658483
101.52098 99.54 -10.087252 1260256658672
97.59493 96.413 -11.982889 1260256658687
94.065186 92.092354 -13.433744 1260256658701
91.011925 87.68774 -14.5620575 1260256658708
87.91133 83.40335 -15.683954 1260256658720
84.165764 79.58318 -17.349756 1260256658729
80.05747 76.60403 -19.382269 1260256658740
76.304596 74.57382 -21.063156 1260256658749
72.989365 73.44513 -21.909998 1260256658760
69.689896 73.22287 -21.864498 1260256658767
83.805405 74.66173 -21.371273 1260256658786
96.26514 75.82864 -20.70271 1260256658797
106.65188 76.83721 -19.967573 1260256658807
113.16928 77.14535 -19.319195 1260256658813
117.16082 77.48808 -18.653234 1260256658829
119.95278 77.81368 -18.020573 1260256658843
122.20514 78.173 -17.369543 1260256658850
