212.14848 -2.3549747 62.618202 1260255977634
213.04106 -2.987226 63.237293 1260255977646
213.68901 -3.6378648 63.72543 1260255977829
213.45456 -4.355972 63.93916 1260255977869
211.58183 -4.888173 63.6422 1260255977882
208.85274 -5.1937647 62.81009 1260255977889
205.8601 -5.3340764 61.569584 1260255977903
202.9171 -5.4173727 60.191105 1260255977910
200.12125 -5.446504 58.88155 1260255977921
197.66519 -5.474179 58.03747 1260255977931
197.43193 -5.85047 58.935596 1260255977942
200.31033 -13.807946 58.03882 1260255977952
205.09482 -21.317549 56.086876 1260255977963
211.29008 -28.351671 53.88253 1260255977972
218.07558 -34.98409 51.638405 1260255977987
207.2218 -41.234886 49.406483 1260255978001
197.01071 -47.273144 47.23616 1260255978010
204.96017 -53.159485 45.17435 1260255978021
211.51216 -58.901512 43.31563 1260255978028
211.48656 -47.056435 41.699852 1260255978042
207.01222 -40.85361 39.71486 1260255978049
203.11162 -36.310932 37.479115 1260255978061
199.45604 -32.245384 35.20516 1260255978074
196.08324 -28.633116 32.9949 1260255978088
192.87907 -25.50146 30.895155 1260255978094
189.73512 -22.876387 28.900396 1260255978113
186.69836 -20.682568 26.955376 1260255978130
183.76344 -18.548439 25.057608 1260255978142
179.37527 -14.671017 22.254726 1260255978153
186.45651 -5.3874655 20.64199 1260255978164
183.5837 -13.918093 19.45989 1260255978184
176.8545 -21.522188 18.486897 1260255978198
169.46178 -28.346079 17.762552 1260255978219
162.2387 -34.628777 17.124424 1260255978241
155.42676 -40.497337 16.568203 1260255978264
148.40543 -46.22247 16.139793 1260255978279
156.28516 -52.411346 15.982803 1260255978300
154.8709 -43.79078 16.533663 1260255978321
153.37735 -38.75124 16.55698 1260255978344
151.95848 -34.31368 16.379131 1260255978358
150.61055 -30.347994 16.160175 1260255978535
149.43002 -26.880594 16.002167 1260255978546
148.35852 -23.936565 15.952059 1260255978562
147.29059 -21.989737 15.904456 1260255978570
145.37605 -22.24025 15.259233 1260255978582
142.65726 -24.628237 13.546272 1260255978591
140.0744 -29.246824 11.818958 1260255978602
138.32068 -34.23448 9.92801 1260255978611
136.95465 -39.372757 8.181609 1260255978622
135.45692 -44.50412 6.822529 1260255978639
133.13408 -49.728912 6.0814023 1260255978648
140.92737 -55.642467 7.477332 1260255978660
141.681 -51.210342 9.903465 1260255978669
141.09695 -46.499825 11.058292 1260255978681
140.19211 -41.92483 11.755378 1260255978688
139.2825 -37.57859 12.317609 1260255978706
138.46837 -33.44966 12.951729 1260255978719
137.84496 -29.477179 13.854142 1260255978731
137.8027 -25.55332 15.161435 1260255978749
139.11256 -16.925653 16.353363 1260255978763
142.50694 -7.529371 16.685696 1260255978779
149.2316 -15.952903 16.651411 1260255978798
158.22002 -23.555258 16.51884 1260255978820
167.85902 -30.527496 16.3429 1260255978843
159.46608 -37.10112 16.125755 1260255978859
151.54277 -43.396065 15.869468 1260255978879
160.31563 -49.72626 15.675994 1260255978904
162.69984 -38.839947 16.442194 1260255978928
160.61485 -33.94795 16.720085 1260255978943
158.2841 -29.80055 16.53408 1260255978959
156.0199 -26.060522 16.307377 1260255978983
154.1189 -22.257496 16.142008 1260255978999
152.51295 -18.89462 16.234907 1260255979018
