172.90645 42.420963 15.512285 1260256406611
174.51112 42.749916 16.336672 1260256406623
176.48557 42.91242 17.319838 1260256406632
178.5613 43.016796 18.353846 1260256406643
180.13322 43.065956 19.186153 1260256406652
175.47656 42.61266 19.676846 1260256406664
169.10274 41.53203 19.293003 1260256406673
163.3976 40.455425 18.178352 1260256406686
158.47772 40.032654 16.719435 1260256406692
154.65384 40.431023 15.233463 1260256406703
151.77115 41.35947 13.97179 1260256406712
149.8326 42.591496 12.973201 1260256406724
149.04097 44.11192 12.324541 1260256406733
149.33893 45.70632 12.058314 1260256406745
150.72198 47.121006 12.155398 1260256406782
152.53589 48.364956 12.447628 1260256406792
154.65909 49.346706 12.925246 1260256406804
157.22614 52.72937 13.6289835 1260256406813
160.11482 52.9929 14.547534 1260256406826
164.20908 52.793255 15.470158 1260256406832
157.89862 51.003593 14.59665 1260256406844
152.0537 49.053413 12.866817 1260256406852
146.65102 47.65074 10.873477 1260256406866
141.86847 46.918205 8.879803 1260256406882
138.02504 46.972294 7.0358124 1260256406888
135.92378 48.023678 5.6340218 1260256406901
135.82759 51.022495 4.9523206 1260256406910
137.18622 54.621372 4.9047046 1260256406922
139.6269 58.690304 5.2594695 1260256406933
142.34557 62.80579 5.796496 1260256406946
144.37828 66.7655 6.156671 1260256406959
144.35936 70.52723 5.8488374 1260256406970
139.4914 65.75087 2.9563954 1260256406987
134.81682 60.713326 1.2585756 1260256407001
130.27597 55.77766 -0.40435323 1260256407180
125.612175 51.088776 -2.5841355 1260256407191
119.98157 47.63434 -6.0049286 1260256407206
115.58249 53.30262 -8.704682 1260256407213
114.20336 57.38749 -9.669448 1260256407224
115.143196 60.568115 -9.735975 1260256407233
117.53603 63.489708 -9.399177 1260256407245
120.60923 66.31522 -8.779218 1260256407254
122.578766 69.099464 -8.390257 1260256407266
123.84983 72.044495 -8.170744 1260256407279
124.10734 75.04227 -8.212207 1260256407291
122.15197 78.440155 -9.101597 1260256407302
116.944374 83.21815 -12.346517 1260256407309
112.34715 78.25724 -14.179191 1260256407323
108.02979 73.69438 -15.370231 1260256407334
103.92831 69.859665 -16.501719 1260256407349
100.18189 66.866684 -17.676632 1260256407360
97.0728 65.023346 -18.9928 1260256407371
95.81916 64.42218 -19.89316 1260256407385
97.378204 67.351074 -19.648502 1260256407399
101.159294 70.73352 -18.566076 1260256407418
106.00133 74.34685 -17.187773 1260256407438
110.65126 77.829506 -15.828384 1260256407500
113.5187 81.13803 -15.036965 1260256407542
111.592766 84.43113 -16.285116 1260256407593
107.663124 80.30957 -18.72086 1260256407612
103.62997 76.04409 -20.034817 1260256407624
99.74847 72.09189 -21.083076 1260256407631
96.06104 68.687294 -22.178923 1260256407642
92.90799 66.20293 -23.469976 1260256407653
90.91259 64.84278 -24.696478 1260256407669
90.66696 67.950645 -25.161654 1260256407678
92.533615 70.903114 -24.703571 1260256407687
95.85693 74.107956 -23.618393 1260256407704
100.06409 77.502556 -22.237473 1260256407711
104.360886 80.92743 -20.875599 1260256407728
107.64284 84.28106 -19.781818 1260256407743
107.7607 87.66701 -19.492727 1260256407758
104.472664 84.433655 -21.81809 1260256407949
100.84903 81.06197 -22.977186 1260256407960
97.25658 78.058876 -23.628326 1260256407969
93.79375 75.45593 -24.04691 1260256407981
91.30406 73.683136 -24.544563 1260256407988
91.58886 76.04898 -24.767336 1260256407999
94.60941 79.096535 -23.87897 1260256408008
99.07894 82.341705 -22.53502 1260256408019
103.72499 85.12462 -21.20827 1260256408029
107.68874 87.31839 -20.097857 1260256408042
110.404305 88.85247 -19.392963 1260256408050
111.13409 89.85985 -19.173315 1260256408117
109.87738 88.71686 -19.364649 1260256408123
107.53351 86.98102 -19.996416 1260256408200
104.356834 84.18197 -21.146595 1260256408269
100.73899 80.02287 -22.289265 1260256408323
97.15204 74.87173 -23.0748 1260256408405
93.59444 69.27814 -23.77106 1260256408423
89.364716 63.61423 -24.732508 1260256408472
102.19648 52.28352 -26.995882 1260256408507
100.03666 57.169342 -27.696089 1260256408526
101.53483 60.660873 -27.161283 1260256408532
104.858086 63.47783 -26.15322 1260256408544
109.26518 66.15394 -24.845558 1260256408553
113.45193 68.596245 -23.50328 1260256408564
116.27933 70.76643 -22.428116 1260256408573
117.41536 72.82811 -21.75671 1260256408586
116.14459 75.18671 -21.968874 1260256408598
112.13736 72.57737 -24.170431 1260256408607
107.43049 68.1485 -25.91191 1260256408619
103.05897 63.291073 -26.816313 1260256408628
98.60602 58.676517 -27.775497 1260256408634
111.325714 54.44269 -29.236723 1260256408646
123.40943 51.570557 -31.924887 1260256408659
118.08896 56.692028 -33.47864 1260256408669
114.33451 60.457428 -33.70471 1260256408674
110.167786 63.284557 -33.21947 1260256408688
117.9594 65.67033 -32.458496 1260256408694
123.41143 67.83681 -31.685572 1260256408832
127.74086 69.79497 -30.851294 1260256408843
131.40382 71.55522 -30.05873 1260256408854
134.28363 71.72746 -29.305792 1260256408863
136.01945 71.74109 -28.690502 1260256408870
136.96848 71.604034 -28.205976 1260256408879
137.62006 71.37383 -27.745678 1260256408885
