223.04576 33.523994 28.537714 1260256565609
222.94347 33.447796 29.660828 1260256565620
223.89629 32.975407 31.277786 1260256565629
228.15147 31.426636 33.1639 1260256565641
218.2939 28.155304 32.955704 1260256565648
209.7792 24.74754 31.50792 1260256565662
201.99025 22.260162 29.332523 1260256565692
194.89073 21.597155 26.715897 1260256565707
188.54619 22.417297 24.330101 1260256565714
183.36888 24.696432 22.463596 1260256565728
179.50044 28.11161 21.290417 1260256565744
177.72542 32.706028 20.825895 1260256565750
177.68915 38.020725 20.784601 1260256565768
178.9047 43.86969 20.845371 1260256565774
181.80946 50.126205 20.803102 1260256565790
173.06898 39.069897 20.362947 1260256565805
169.61554 30.716402 18.9948 1260256565819
165.88477 23.730581 17.14506 1260256565839
162.34053 16.744053 14.987806 1260256565863
159.8235 9.10685 11.988416 1260256565878
151.93233 17.201508 8.438994 1260256565898
148.88571 22.841433 7.0670447 1260256565921
147.94142 27.54936 6.6136923 1260256565940
148.64435 32.021893 6.733008 1260256566118
151.01213 36.520798 7.2463574 1260256566128
152.91153 40.99476 7.6840396 1260256566139
154.66595 45.54502 8.1498375 1260256566148
156.68266 50.26777 8.692346 1260256566154
159.24854 55.50438 9.057729 1260256566165
156.48611 44.72916 8.854842 1260256566174
150.8618 40.642704 6.7621 1260256566185
145.31871 38.76057 4.8739953 1260256566198
140.05278 37.922543 3.2302957 1260256566210
135.10014 37.876415 1.8687809 1260256566221
130.99513 38.932594 0.8753418 1260256566230
129.84538 42.185966 0.5815747 1260256566242
132.50311 47.076668 1.152496 1260256566253
137.42796 52.522835 2.0948713 1260256566268
143.10657 57.996693 3.0901277 1260256566279
149.40125 63.34686 4.285621 1260256566290
143.63118 60.079517 3.42134 1260256566304
138.19962 57.275543 2.1502728 1260256566322
133.08963 54.961765 0.84275913 1260256566338
128.23515 53.363678 -0.5493789 1260256566360
123.9734 52.595493 -2.02191 1260256566379
121.224724 52.965717 -3.3708146 1260256566398
120.86349 56.11743 -3.852274 1260256566418
122.67031 59.71156 -3.6596603 1260256566438
125.6868 63.675983 -3.0766773 1260256566456
128.95245 67.692184 -2.4228435 1260256566478
131.55482 71.90758 -2.0017014 1260256566501
131.22708 76.3622 -2.1516163 1260256566519
125.81573 80.94409 -3.5440354 1260256566538
120.82494 77.89689 -6.8168335 1260256566559
116.18369 75.40205 -8.525991 1260256566577
111.67451 73.48194 -9.599691 1260256566600
107.34078 72.00784 -10.369707 1260256566618
103.52374 71.05745 -10.951221 1260256566641
102.14755 73.05458 -11.45366 1260256566658
104.74017 76.20185 -11.030977 1260256566676
110.90317 80.19176 -9.829429 1260256566699
118.10801 84.28217 -8.487957 1260256566883
124.35261 88.01807 -7.313559 1260256566892
127.28498 91.117165 -6.797881 1260256566903
124.92073 92.611305 -7.957987 1260256566912
120.07469 90.13074 -9.010088 1260256566923
115.12096 87.5742 -9.709583 1260256566932
110.464905 85.3455 -10.224104 1260256566942
106.39166 83.52822 -10.712898 1260256566950
103.42208 82.10181 -11.477253 1260256566961
103.20097 84.24672 -12.25339 1260256566973
105.940926 87.634384 -11.790721 1260256566987
111.04388 90.802666 -10.801185 1260256566999
116.491684 93.56253 -9.611125 1260256567008
121.2671 95.734406 -8.580568 1260256567019
125.003746 97.29768 -7.85154 1260256567030
127.10356 98.2328 -7.5589633 1260256567046
125.59838 98.771164 -8.131015 1260256567054
121.26846 96.13261 -9.274465 1260256567068
116.25504 92.27598 -10.360742 1260256567086
111.14229 87.76218 -11.392705 1260256567098
105.985176 82.97407 -12.32307 1260256567120
101.43592 79.57536 -13.956916 1260256567138
104.314125 81.346596 -13.60907 1260256567161
109.49842 83.32927 -12.578616 1260256567178
114.7735 85.21281 -11.499685 1260256567196
119.83482 86.95216 -10.374701 1260256567219
124.14308 88.40456 -9.355966 1260256567238
126.93593 89.58433 -8.638167 1260256567260
127.93913 90.35511 -8.206259 1260256567278
126.69218 90.98736 -8.395946 1260256567304
123.05757 88.73799 -9.926148 1260256567317
118.554695 84.45109 -11.829841 1260256567340
114.27696 79.37853 -13.188349 1260256567359
110.16312 74.40961 -14.478931 1260256567378
105.85496 69.73913 -16.154985 1260256567399
100.76221 65.60217 -18.647236 1260256567421
113.5241 62.372063 -22.114874 1260256567467
108.34789 67.253456 -24.40913 1260256567485
104.4305 70.94078 -25.638674 1260256567653
100.85897 73.54374 -26.00674 1260256567669
95.96602 73.21655 -25.806404 1260256567686
107.21772 73.00572 -25.516085 1260256567692
115.506836 72.75544 -25.24028 1260256567703
121.38149 72.567665 -24.878265 1260256567714
126.312416 72.38928 -24.434353 1260256567723
130.64679 72.26982 -23.862635 1260256567730
134.41444 71.95633 -23.369503 1260256567738
137.79372 71.45851 -22.851028 1260256567745
140.80403 70.685585 -22.358477 1260256567758
143.26382 69.55131 -22.040552 1260256567766
