175.68906 31.078922 25.277283 1260256503032
169.4046 28.674976 25.113419 1260256503039
163.73438 25.541227 24.007748 1260256503050
158.54765 22.914165 22.10736 1260256503230
153.87027 22.418457 19.701992 1260256503275
149.87675 23.547535 17.716892 1260256503282
146.58292 25.520159 16.131048 1260256503294
144.00377 27.99415 14.924496 1260256503303
142.20358 30.894444 14.178271 1260256503314
141.1934 34.449722 13.769358 1260256503323
141.23373 39.127235 13.63089 1260256503335
142.92204 45.120872 13.549345 1260256503344
137.97594 34.314827 13.171878 1260256503358
136.87714 25.249086 12.363284 1260256503373
136.13329 17.336632 11.39512 1260256503382
136.07661 9.7198 10.325364 1260256503394
145.87279 17.98381 8.559096 1260256503409
143.52914 23.53462 7.7311416 1260256503420
141.70268 27.90789 7.4445844 1260256503432
139.56755 31.812496 7.3223553 1260256503441
138.43918 35.871872 7.5562377 1260256503452
138.16722 40.078278 7.928426 1260256503461
138.70886 44.524364 8.332005 1260256503473
140.32343 49.398148 8.765405 1260256503482
143.55725 54.77824 9.327134 1260256503496
139.67938 44.83933 9.710777 1260256503510
135.59541 41.14736 8.425239 1260256503520
131.51564 38.839993 7.1539764 1260256503530
127.539856 37.447994 5.7962775 1260256503539
123.71286 36.625595 4.4564633 1260256503556
119.97722 36.344315 3.0336401 1260256503569
116.37836 36.5771 1.2819581 1260256503581
113.109436 41.048244 -0.58213985 1260256503594
111.80396 45.545834 -1.3530328 1260256503613
112.81377 50.318542 -1.3353812 1260256503628
115.473076 55.152615 -0.9686121 1260256503648
118.14942 59.844986 -0.5701815 1260256503671
119.541954 64.35274 -0.49167243 1260256503693
116.96486 68.0851 -1.5670888 1260256503708
112.866615 66.530846 -3.4887345 1260256503728
109.07329 64.654305 -4.464298 1260256503752
105.46962 63.12159 -5.141083 1260256503936
102.09614 62.11551 -5.6340284 1260256503948
99.19133 61.809734 -6.2023273 1260256503958
98.081764 64.219246 -6.6922107 1260256503964
100.12768 67.90829 -6.4076 1260256503975
103.921295 72.062874 -5.78722 1260256503984
107.87523 76.20973 -5.197859 1260256503996
110.83147 80.04925 -4.737966 1260256504004
110.38989 82.99679 -5.1510677 1260256504016
107.1204 81.696945 -6.4435143 1260256504029
103.46438 79.812096 -7.0713387 1260256504041
99.89116 78.12149 -7.317772 1260256504052
96.5966 76.815414 -7.301883 1260256504059
93.81677 76.22464 -7.236789 1260256504073
92.325935 76.513405 -7.22495 1260256504084
94.05964 79.08774 -7.063702 1260256504099
97.306656 82.633354 -6.610517 1260256504110
101.64132 86.351685 -5.979991 1260256504121
105.20925 89.7841 -5.4809914 1260256504136
106.69879 92.494896 -5.406942 1260256504150
104.91385 93.67015 -6.336595 1260256504169
101.468155 91.38664 -7.2697654 1260256504193
97.99474 88.81731 -7.856277 1260256504208
94.69501 86.42644 -8.113463 1260256504227
91.81026 84.805115 -8.10779 1260256504250
92.41975 85.31486 -7.8024006 1260256504270
96.99876 87.69911 -6.9622808 1260256504288
102.39882 90.564156 -5.9641666 1260256504308
107.728874 93.335945 -4.965958 1260256504332
112.24243 95.66915 -4.0676603 1260256504346
114.48031 97.485695 -3.6642773 1260256504368
112.95629 98.56141 -4.4810634 1260256504391
109.00848 95.23334 -6.40701 1260256504409
105.05805 91.07167 -8.036659 1260256504428
101.20515 86.818085 -9.384827 1260256504448
97.44489 83.42718 -10.6655855 1260256504467
95.27265 82.55582 -11.282307 1260256504491
96.70902 84.078026 -10.818192 1260256504508
100.37357 86.024124 -9.927282 1260256504531
104.704895 88.12292 -8.8809185 1260256504722
108.71965 90.06677 -7.8368726 1260256504734
111.63367 91.81343 -6.945029 1260256504743
113.05199 93.32276 -6.297777 1260256504756
112.84939 94.306625 -6.082888 1260256504762
110.35692 92.79129 -7.0287437 1260256504774
106.83907 88.05173 -8.877307 1260256504782
103.84712 82.54914 -10.033442 1260256504794
100.954765 77.171684 -11.28177 1260256504803
97.30703 72.3131 -13.217681 1260256504817
92.74168 68.59745 -16.206797 1260256504831
88.804596 73.01758 -18.746456 1260256504840
86.264366 76.1167 -20.009134 1260256504852
85.251144 78.260864 -20.308678 1260256504861
86.03859 79.74782 -19.943243 1260256504874
89.18666 80.76043 -19.39608 1260256504890
94.07733 81.67241 -18.876276 1260256504898
99.723465 81.63879 -18.332462 1260256504912
105.337296 81.35685 -17.765839 1260256504924
110.37043 80.839005 -17.177547 1260256504940
114.70191 80.14706 -16.61867 1260256504955
