161.47797 35.79017 8.5884285 1260256424226
160.45407 35.75066 8.409007 1260256424234
159.63136 35.813126 8.338556 1260256424246
158.8998 35.822468 8.421628 1260256424254
159.1548 35.831345 8.750546 1260256424291
159.94707 35.989777 9.163019 1260256424304
161.04971 36.19029 9.704868 1260256424313
161.99722 36.530773 10.269625 1260256424327
163.34737 37.004234 10.956143 1260256424341
165.08 37.554024 11.808336 1260256424352
166.826 38.176323 12.76792 1260256424364
168.48471 38.767506 13.829524 1260256424379
170.16048 39.37913 14.938048 1260256424398
171.75246 39.960175 16.091146 1260256424421
173.36484 40.362167 17.33659 1260256424439
175.2466 40.64406 18.66976 1260256424458
177.38426 40.711857 20.136272 1260256424481
180.41505 40.326263 21.97946 1260256424499
172.8443 39.00995 23.280487 1260256424669
167.00209 35.70945 21.616463 1260256424685
161.45198 32.723976 19.68564 1260256424694
155.97939 30.487778 17.451359 1260256424706
150.73042 29.51339 14.928791 1260256424713
145.9939 29.78772 12.382352 1260256424724
142.09421 31.148335 10.313234 1260256424732
139.3395 35.040916 8.847572 1260256424743
138.12251 38.68887 8.055194 1260256424758
138.16638 42.554424 7.802434 1260256424770
138.85806 46.826702 7.7623124 1260256424781
139.61516 51.435368 7.6741967 1260256424790
139.2844 56.5636 7.290487 1260256424801
143.97017 45.635418 5.7259626 1260256424812
142.37166 37.253647 3.9396646 1260256424828
140.70308 29.440964 2.3926814 1260256424839
143.86792 21.268915 0.42304727 1260256424850
137.47452 28.45547 -1.8481051 1260256424869
135.60078 33.482697 -2.6056998 1260256424881
134.77075 37.558563 -2.825415 1260256424898
134.53221 41.180634 -2.7841442 1260256424920
135.1056 44.6716 -2.494937 1260256424938
135.65033 48.13802 -2.22019 1260256424961
136.21782 51.83112 -2.0091805 1260256424979
136.70692 55.889565 -1.8587215 1260256425001
136.52158 60.64509 -1.9157854 1260256425019
146.4455 66.562836 -2.7199962 1260256425038
156.77322 56.034695 -5.2339964 1260256425064
150.58456 52.28296 -7.0722966 1260256425078
144.70534 49.76881 -8.618682 1260256425101
139.17007 48.330368 -9.887748 1260256425118
134.51157 48.11385 -10.793361 1260256425141
132.58598 49.458157 -11.003693 1260256425158
134.30669 52.68525 -10.303508 1260256425181
137.64136 56.70099 -9.138332 1260256425203
141.2593 61.015938 -7.9314156 1260256425217
142.89633 65.36514 -7.384845 1260256425239
137.10152 61.046886 -9.165603 1260256425256
131.69644 57.094543 -10.5573225 1260256425439
126.61162 53.689816 -11.929457 1260256425451
122.08104 51.205326 -13.582984 1260256425463
118.22699 49.74506 -15.353835 1260256425472
115.31564 49.307808 -16.836143 1260256425483
114.29986 52.84242 -17.394337 1260256425490
115.73486 56.2003 -16.82462 1260256425503
118.89812 60.090282 -15.6333885 1260256425510
122.85321 64.28577 -14.251719 1260256425522
125.81055 68.47148 -13.189134 1260256425533
126.17002 72.797905 -12.779677 1260256425550
122.16152 77.25801 -13.740693 1260256425562
118.00345 74.09511 -16.853659 1260256425569
114.10328 71.14035 -18.710976 1260256425580
110.248116 68.583336 -19.875427 1260256425591
106.58571 66.504166 -20.681656 1260256425608
103.35642 65.02895 -21.247574 1260256425621
101.2386 64.427505 -21.685196 1260256425632
102.576675 66.70613 -21.200935 1260256425646
106.59784 69.82082 -19.790888 1260256425663
111.56795 73.42978 -18.201344 1260256425679
116.23955 77.10829 -16.741276 1260256425701
118.32757 80.45288 -16.054213 1260256425718
115.31119 83.83024 -18.051502 1260256425738
110.945625 79.83873 -19.748928 1260256425760
106.54835 75.89679 -20.761482 1260256425778
102.37093 72.40195 -21.773409 1260256425804
99.55238 70.48185 -23.084738 1260256425817
101.32476 72.957756 -22.7805 1260256425840
105.60852 75.85987 -21.541475 1260256425858
110.728096 78.81688 -20.014402 1260256425885
115.69169 81.52604 -18.513681 1260256425897
119.057106 83.899734 -17.487997 1260256425921
118.704254 86.004745 -17.713596 1260256425943
114.81904 83.10451 -19.827917 1260256425957
109.97809 78.69928 -21.536522 1260256425980
105.179184 73.914314 -22.759695 1260256425996
100.42023 69.1686 -23.97171 1260256426023
95.79922 65.36017 -25.873125 1260256426201
92.909256 63.59216 -27.57947 1260256426212
93.513794 66.51255 -27.550497 1260256426224
97.738106 68.73692 -26.522972 1260256426233
103.351204 70.95008 -24.996824 1260256426245
109.23364 73.15258 -23.296984 1260256426253
114.57196 75.24495 -21.632135 1260256426265
118.94336 77.1827 -20.150528 1260256426272
121.896194 78.77357 -19.043001 1260256426282
121.75139 80.33489 -18.940851 1260256426293
117.96382 77.71815 -20.993809 1260256426308
113.26563 73.13224 -22.944118 1260256426320
108.702354 68.07563 -24.296913 1260256426329
104.21724 63.57185 -25.882067 1260256426339
99.706375 60.093258 -27.987963 1260256426350
95.27106 57.488594 -30.238565 1260256426365
91.00751 55.514164 -32.326637 1260256426378
87.10713 60.388454 -33.860306 1260256426388
83.701775 64.56903 -34.81729 1260256426408
82.016685 67.89058 -34.976425 1260256426420
90.21585 70.29605 -34.477604 1260256426440
97.80506 72.18125 -33.603725 1260256426458
104.16481 73.92219 -32.57354 1260256426477
109.75657 75.52608 -31.644863 1260256426498
114.06874 77.14977 -30.86262 1260256426518
116.7153 78.94228 -30.369488 1260256426538
118.27953 80.89517 -30.101013 1260256426559
119.21555 82.95042 -29.995962 1260256426583
119.854774 85.0029 -30.046164 1260256426598
120.66203 86.752754 -30.043856 1260256426620
121.47893 85.21512 -29.941664 1260256426640
121.90498 83.45436 -30.14458 1260256426660
121.80973 81.18164 -30.487352 1260256426678
