80.93476 8.102322 48.49022 1260261312903
82.288025 7.4972057 49.915707 1260261312913
84.473625 6.8223453 51.51992 1260261312928
86.94994 -2.0187721 52.893925 1260261312940
88.702446 -2.6678336 53.99923 1260261312953
90.46732 -3.4344418 54.849266 1260261312965
92.29396 -4.31272 55.456802 1260261312974
94.379265 -5.347084 55.88396 1260261312985
96.7603 -6.4797297 56.189762 1260261312994
99.57229 -13.605743 56.330273 1260261313006
102.79367 -20.175457 56.21376 1260261313015
106.053986 -26.166683 55.803074 1260261313027
109.551285 -31.608349 55.16292 1260261313034
113.12372 -36.57793 54.304775 1260261313069
116.917534 -41.099033 53.239536 1260261313086
121.42165 -45.294083 51.82756 1260261313093
128.70058 -49.229378 49.686184 1260261313104
126.965546 -53.667908 46.251873 1260261313112
127.06727 -58.384514 42.28928 1260261313127
127.1639 -63.165287 38.374817 1260261313136
126.355705 -67.75702 34.856075 1260261313147
124.53792 -72.06917 31.613272 1260261313156
122.761024 -76.11571 28.482609 1260261313169
121.822975 -79.95992 25.308477 1260261313184
122.38183 -83.66193 21.843054 1260261313193
124.36274 -87.42883 17.800901 1260261313205
127.1946 -91.407394 13.060856 1260261313214
130.03487 -86.93703 9.207813 1260261313230
132.18312 -82.140175 6.7474227 1260261313246
133.42397 -77.33317 5.1600513 1260261313253
134.15277 -72.61651 3.9520488 1260261313271
135.04514 -68.085686 2.6044464 1260261313280
137.44289 -64.7314 -0.37577605 1260261313294
137.32074 -68.844826 -1.8069873 1260261313308
134.6047 -72.55258 -2.366638 1260261313324
130.67447 -75.874954 -2.598306 1260261313344
126.39075 -78.931206 -2.6683908 1260261313366
123.02121 -81.63464 -2.7849712 1260261313551
121.52015 -84.05291 -3.2457228 1260261313565
123.34414 -86.55026 -5.283437 1260261313574
125.62693 -82.52275 -6.869265 1260261313585
127.34558 -78.396614 -7.875802 1260261313595
128.7783 -74.876785 -8.632012 1260261313606
130.2394 -72.28294 -9.300412 1260261313613
131.62743 -70.968796 -10.085392 1260261313624
132.24605 -73.07036 -10.681123 1260261313633
127.63374 -76.96684 -10.2470665 1260261313646
138.55206 -81.3685 -9.534713 1260261313655
148.72446 -85.55007 -8.907977 1260261313670
158.33824 -89.27257 -8.312578 1260261313678
168.07133 -92.60894 -7.8969493 1260261313691
160.21777 -95.67849 -7.7021017 1260261313699
153.80688 -98.64456 -7.6669965 1260261313713
150.01654 -101.66233 -7.983647 1260261313727
148.81572 -104.72922 -8.734465 1260261313738
149.22493 -107.74276 -9.997742 1260261313756
150.46368 -110.655624 -11.897855 1260261313769
151.8905 -113.422844 -14.302962 1260261313785
153.04597 -115.9517 -16.937815 1260261313804
153.79367 -118.10411 -19.490925 1260261313826
154.10399 -113.448906 -21.666378 1260261313844
153.94879 -109.17646 -23.133059 1260261313864
153.55135 -105.11764 -24.126406 1260261313885
153.12378 -101.31175 -24.870085 1260261313902
152.91759 -97.896164 -25.77658 1260261313926
153.3217 -94.65135 -27.287752 1260261313944
154.30562 -97.71879 -28.573364 1260261313966
154.04034 -100.58285 -28.794697 1260261313984
150.68832 -103.00371 -28.154963 1260261314011
144.7039 -105.05352 -27.047215 1260261314023
137.7187 -106.80084 -25.744854 1260261314050
131.48277 -108.3108 -24.557611 1260261314067
128.05864 -109.69526 -23.97973 1260261314084
128.30571 -111.1105 -24.980743 1260261314105
129.59042 -106.35497 -26.381706 1260261314127
130.4609 -101.13722 -26.91262 1260261314327
131.13786 -95.93036 -26.96699 1260261314336
131.78098 -90.88384 -26.96864 1260261314347
132.49193 -86.03965 -27.120207 1260261314355
133.61732 -81.43767 -27.664196 1260261314368
136.13646 -77.11578 -29.580986 1260261314375
139.47963 -82.06 -31.201937 1260261314386
140.35565 -85.957 -31.44184 1260261314395
138.68787 -89.20915 -31.019747 1260261314406
134.85347 -92.0487 -30.268759 1260261314417
129.7108 -94.546265 -29.30532 1260261314433
125.37526 -96.96895 -28.440054 1260261314444
123.156494 -99.5205 -27.968052 1260261314453
123.74867 -102.19447 -28.469648 1260261314469
126.16124 -97.63475 -30.796165 1260261314478
127.903175 -92.50301 -31.306356 1260261314491
129.10802 -87.62786 -30.99104 1260261314499
130.05261 -83.29647 -30.341488 1260261314514
130.74998 -79.78165 -29.724413 1260261314526
131.16249 -77.34257 -29.138193 1260261314537
129.90437 -78.52544 -28.231283 1260261314556
139.55916 -82.59917 -25.91972 1260261314569
142.9812 -69.61921 -23.073734 1260261314584
145.03214 -57.688248 -20.170048 1260261314606
146.58054 -46.453835 -16.861546 1260261314624
148.9015 -53.081142 -12.718469 1260261314642
148.70644 -52.777084 -10.332545 1260261314665
148.37111 -52.73823 -9.265918 1260261314683
148.35255 -52.60132 -8.502622 1260261314705
148.43492 -52.57125 -7.8274903 1260261314724
148.46318 -53.29269 -7.2861156 1260261314751
144.19002 -57.278057 -6.9218097 1260261314763
138.83052 -62.364155 -6.625719 1260261314784
133.539 -67.39595 -6.3444333 1260261314804
128.01205 -72.12615 -6.077212 1260261314823
123.76145 -76.31985 -5.9733515 1260261314845
121.37338 -80.00385 -6.274684 1260261314862
120.754715 -83.10366 -7.21095 1260261314883
121.66698 -85.79848 -9.050403 1260261315066
123.03363 -83.00855 -11.147882 1260261315075
124.23195 -79.508125 -12.490488 1260261315085
125.12035 -75.73272 -13.215963 1260261315091
125.81434 -72.04608 -13.455165 1260261315097
126.42362 -68.743774 -13.282407 1260261315106
126.85244 -66.256584 -12.768287 1260261315113
127.059814 -64.49375 -11.879872 1260261315119
