40.30199 19.954525 26.828388 1260256306978
40.88689 20.856798 27.236969 1260256306990
40.492546 21.713959 27.82512 1260256306999
38.66792 22.528261 28.683865 1260256307011
37.38452 23.551847 29.44967 1260256307017
38.765297 24.774256 29.977188 1260256307031
40.677032 26.085543 30.278328 1260256307061
42.69318 27.531265 30.364412 1260256307078
44.55852 28.954702 30.396193 1260256307090
46.480595 30.206966 30.576384 1260256307097
48.656567 31.296618 30.897564 1260256307108
51.17374 32.381786 31.202686 1260256307119
53.565052 33.5627 31.342552 1260256307136
55.9368 34.834564 31.325424 1260256307151
57.939957 35.992836 31.259153 1260256307161
59.69296 36.943195 31.346195 1260256307175
61.40831 37.646034 31.628885 1260256307195
62.987896 38.213734 31.99744 1260256307208
64.4385 38.603046 32.49757 1260256307231
65.51657 38.822895 33.122692 1260256307249
65.89074 38.881752 33.866558 1260256307271
65.5962 38.787663 34.72323 1260256307289
65.31639 38.64828 35.587067 1260256307306
65.15057 38.56587 36.407715 1260256307333
65.14304 38.487576 37.18733 1260256307348
65.03589 38.413197 37.927963 1260256307369
65.1841 38.342537 38.631565 1260256307388
64.92489 38.22541 39.349987 1260256307414
64.62865 38.11414 40.032486 1260256307428
64.09721 38.008434 40.680862 1260256307459
62.592354 37.908012 41.34682 1260256307474
61.362736 37.76261 41.97948 1260256307489
60.1446 37.574482 42.63051 1260256307672
59.58737 37.39576 43.298985 1260256307681
59.308002 37.22597 43.884037 1260256307692
57.492603 36.914673 44.589836 1260256307701
56.517975 36.668938 45.210346 1260256307711
55.742077 36.33549 45.84983 1260256307719
55.404972 36.068718 46.357338 1260256307731
55.784725 35.915283 46.639473 1260256307740
56.04549 35.76952 46.9075 1260256307753
56.293217 35.681046 47.212128 1260256307771
55.678555 35.496994 47.65152 1260256307778
54.494625 35.222145 48.168945 1260256307789
52.819893 34.911037 48.760498 1260256307799
50.678898 34.515484 49.422474 1260256307812
66.04495 34.03971 50.20135 1260256307824
79.64271 40.287727 51.09128 1260256307836
92.86057 46.57334 52.286716 1260256307855
105.617546 53.094673 53.57238 1260256307864
100.886665 42.189938 54.44376 1260256307878
98.792336 37.980442 53.82157 1260256307893
97.35272 34.78142 51.130493 1260256307908
95.485085 32.99235 47.773968 1260256307929
93.31083 32.592735 44.33527 1260256307948
91.09529 33.463097 41.368507 1260256307971
89.490524 35.589943 38.95008 1260256307988
89.215996 38.610447 37.152576 1260256308015
91.605194 42.579926 36.094948 1260256308028
96.424934 47.30093 35.4402 1260256308051
103.30369 52.785885 35.018192 1260256308072
113.538506 59.096592 34.367283 1260256308088
112.31158 48.591763 33.09892 1260256308110
113.145996 39.912174 31.043972 1260256308128
114.73869 31.966566 28.491774 1260256308154
118.95176 23.718237 25.317184 1260256308168
129.55417 31.432325 21.701324 1260256308191
127.57646 36.46071 19.866259 1260256308213
126.74764 40.337673 19.022945 1260256308228
120.66026 43.82079 18.621798 1260256308249
131.87724 47.17975 18.590708 1260256308428
143.08339 50.37076 18.661173 1260256308442
136.22922 53.302223 18.628115 1260256308454
130.11775 56.18711 18.74671 1260256308461
124.31187 56.277756 19.359375 1260256308472
120.04627 52.56387 20.541407 1260256308481
122.94396 43.735676 19.064337 1260256308493
122.29676 48.248894 17.71112 1260256308502
119.43192 51.636448 17.175564 1260256308514
129.11032 54.754627 16.816786 1260256308528
137.80481 57.666897 16.475946 1260256308539
144.11456 60.633553 16.202148 1260256308551
145.50883 63.701874 15.792041 1260256308560
145.4834 66.76678 15.202438 1260256308571
142.85922 69.67844 13.842317 1260256308588
137.01627 65.19451 11.500201 1260256308597
131.81544 60.834785 9.8251915 1260256308611
126.52467 56.993046 7.983932 1260256308623
121.248436 54.693394 6.0847354 1260256308639
116.63602 54.808723 4.8304987 1260256308655
113.60422 56.768288 4.4889736 1260256308669
115.674 59.479874 4.614525 1260256308689
119.540306 62.45588 5.0337987 1260256308711
119.91329 64.483086 4.9821086 1260256308728
115.017624 61.20893 2.8330033 1260256308748
110.41674 57.498486 0.8413531 1260256308770
105.795906 54.02356 -1.3507147 1260256308793
100.95611 51.122383 -3.8831792 1260256308808
96.208305 49.016262 -7.0390205 1260256308828
92.74789 54.165447 -9.787069 1260256308850
92.36049 58.207176 -11.097716 1260256308873
96.042465 61.74682 -11.29283 1260256308888
101.84034 65.109474 -10.7281885 1260256308908
108.24832 68.354004 -9.841779 1260256308932
114.08591 71.5863 -8.94969 1260256308948
119.131615 74.75699 -8.152205 1260256308968
123.17503 77.86914 -7.494595 1260256308990
125.066284 80.975685 -7.2698655 1260256309012
123.76297 84.326904 -7.8563724 1260256309194
119.32482 88.16056 -9.463553 1260256309201
131.30858 92.50253 -12.190375 1260256309219
142.14314 79.1274 -15.730857 1260256309231
152.486 74.921036 -18.894314 1260256309238
144.9117 72.07498 -20.8996 1260256309252
137.6661 70.37123 -21.85462 1260256309259
148.58281 69.45267 -22.111889 1260256309271
158.75366 69.03004 -22.006294 1260256309280
168.36598 68.87853 -21.75598 1260256309293
177.59769 68.734604 -21.56818 1260256309310
168.8678 68.64787 -21.48977 1260256309317
163.0744 70.66548 -21.315283 1260256309328
163.42068 73.58221 -20.449518 1260256309337
165.24965 77.4031 -19.177042 1260256309350
168.48717 81.58295 -17.76819 1260256309362
171.86281 85.8538 -16.47978 1260256309373
169.76967 89.76111 -15.955791 1260256309384
163.83119 91.82305 -16.908 1260256309399
156.13963 89.6819 -17.6126 1260256309414
148.63264 87.547806 -17.83197 1260256309431
141.501 85.67042 -17.79037 1260256309450
134.67595 84.036896 -17.650852 1260256309468
128.89215 83.38505 -17.518309 1260256309490
131.49754 85.315796 -16.642393 1260256309511
136.92267 88.65001 -15.110273 1260256309531
142.97653 92.21751 -13.604759 1260256309548
147.3777 95.35663 -12.424521 1260256309571
146.35881 97.038795 -12.453296 1260256309590
139.24088 93.58685 -13.930631 1260256309608
150.17883 89.75751 -14.984099 1260256309630
160.4699 86.26963 -15.984895 1260256309647
152.7464 84.65615 -16.78565 1260256309671
155.85909 86.123344 -16.296368 1260256309688
160.21613 88.167175 -15.131549 1260256309715
164.90532 90.20882 -13.874971 1260256309728
169.41005 92.09837 -12.681223 1260256309749
172.13954 93.54346 -11.997162 1260256309774
167.23256 94.816284 -12.447304 1260256309952
159.47093 91.92547 -14.424939 1260256309964
169.24739 87.479195 -16.503693 1260256309975
178.33502 82.45524 -18.178509 1260256309984
186.61827 77.28248 -19.669584 1260256309995
194.08736 72.76836 -21.786106 1260256310004
184.53299 76.82994 -23.896801 1260256310017
178.25633 78.98844 -23.75196 1260256310028
181.94351 80.78902 -22.664362 1260256310035
186.19633 82.54957 -21.281143 1260256310053
190.38652 84.17209 -19.817085 1260256310063
194.2172 85.51348 -18.62623 1260256310074
200.15634 86.48781 -17.794918 1260256310083
192.14853 87.26342 -17.305172 1260256310095
184.3911 88.60025 -17.639914 1260256310104
175.97154 85.920235 -19.357918 1260256310121
185.02296 81.32423 -21.390022 1260256310133
193.72182 76.00802 -22.720522 1260256310144
201.23573 70.80762 -24.034496 1260256310159
206.47395 66.017235 -25.73277 1260256310173
211.35025 62.066372 -28.246132 1260256310193
216.78273 67.61305 -30.983826 1260256310208
222.69359 71.8824 -32.384636 1260256310228
228.25891 74.88828 -32.715405 1260256310249
232.74597 77.09387 -32.279633 1260256310273
236.40868 78.93918 -31.61565 1260256310288
239.48824 80.59222 -30.984867 1260256310308
241.91382 82.1126 -30.385624 1260256310331
243.91812 83.406975 -29.716343 1260256310349
245.37222 84.586624 -29.080526 1260256310368
246.20361 83.95729 -28.5265 1260256310388
245.19344 83.20943 -28.100176 1260256310416
