113.55262 25.419096 11.207603 1260255682062
113.07499 28.49814 10.797223 1260255682069
114.32124 33.773235 10.657362 1260255682082
117.15518 40.034573 10.574494 1260255682112
121.49742 46.482845 10.54577 1260255682124
126.32255 52.708702 10.518481 1260255682135
131.05643 58.673267 10.442557 1260255682154
135.3036 64.33961 10.32043 1260255682167
138.88843 69.722626 10.154408 1260255682181
139.494 74.6365 9.796688 1260255682187
137.2693 78.00467 8.8568535 1260255682206
134.00584 77.654434 7.514011 1260255682217
130.35555 76.57171 6.18831 1260255682240
126.73777 75.243126 5.0288944 1260255682411
123.20088 73.78097 4.0274496 1260255682422
119.79084 72.24192 3.0760772 1260255682430
116.601295 70.77982 2.1722734 1260255682444
113.62123 69.440834 1.3136597 1260255682451
110.990166 68.41879 0.39797667 1260255682462
108.890656 68.14785 -0.52192223 1260255682471
107.896126 70.29046 -1.0958261 1260255682482
108.55132 74.12594 -1.0910349 1260255682494
112.07375 78.76964 -0.73648316 1260255682508
118.22006 83.481155 -0.199659 1260255682520
124.90906 88.007095 0.36032397 1260255682528
130.96361 92.256744 0.89230776 1260255682540
136.21542 96.243904 1.3476924 1260255682551
140.15465 99.98171 1.6803077 1260255682565
141.94691 103.38263 1.8462924 1260255682574
141.44957 106.0635 1.7539778 1260255682588
139.77708 106.71033 1.3662789 1260255682607
136.93823 105.574814 1.0479649 1260255682618
133.24132 103.796074 0.7955667 1260255682641
129.32925 101.75627 0.7057883 1260255682659
125.41279 99.518456 0.7204989 1260255682682
121.64215 97.14253 0.83447397 1260255682699
118.16004 94.735405 1.0427502 1260255682717
115.05204 92.34863 1.1406127 1260255682739
112.19944 90.0812 1.083582 1260255682758
109.58947 87.92714 0.22940293 1260255682781
106.31 85.08078 -2.5820673 1260255682799
101.044495 89.576744 -6.152964 1260255682825
112.84227 76.24791 -9.145316 1260255682839
124.00016 63.535515 -11.788051 1260255682861
134.55016 51.358738 -14.148648 1260255682882
144.47264 57.7408 -15.991216 1260255682898
153.79901 63.75376 -17.091656 1260255682920
163.00906 69.36607 -17.387074 1260255682937
159.4586 74.34777 -16.76772 1260255682964
159.43567 77.13038 -15.3793335 1260255682978
155.46388 77.02386 -14.010366 1260255683001
150.14069 76.42266 -12.809848 1260255683175
144.58365 75.70153 -11.769356 1260255683194
139.10446 74.96645 -10.730888 1260255683206
133.84924 74.31813 -9.694344 1260255683212
129.30678 74.00223 -8.759626 1260255683223
126.19144 74.30212 -8.171645 1260255683233
124.93186 75.63701 -7.963063 1260255683244
124.085266 78.205154 -8.06491 1260255683251
123.031006 81.6949 -8.211664 1260255683266
121.479454 85.66016 -8.301081 1260255683279
119.45548 89.777145 -8.286027 1260255683289
117.58271 93.788284 -8.171725 1260255683295
116.50358 97.54887 -8.013139 1260255683306
115.9784 101.02142 -7.8624816 1260255683319
115.479485 104.12035 -7.8193574 1260255683332
114.60551 106.764336 -7.9283895 1260255683341
113.17523 109.07612 -8.28197 1260255683352
111.41647 110.92231 -8.967872 1260255683370
109.24565 111.9762 -9.969478 1260255683383
106.43337 109.47739 -10.871004 1260255683399
103.2117 107.103516 -11.327454 1260255683421
99.70112 104.59834 -11.611081 1260255683439
96.31606 102.21843 -11.680527 1260255683457
93.15026 100.00751 -11.646501 1260255683483
90.34275 97.85713 -11.614176 1260255683498
88.02561 95.96427 -11.533467 1260255683521
86.224335 94.316055 -11.506794 1260255683539
85.263115 93.00025 -11.481454 1260255683568
