203.93015 15.55001 51.849056 1260255984112
200.93364 15.172509 51.556602 1260255984120
197.73695 14.963883 50.97877 1260255984159
194.60011 14.96569 50.329834 1260255984171
191.6701 15.117405 49.813343 1260255984180
188.9866 15.661534 49.622677 1260255984196
186.28728 16.928457 49.541542 1260255984210
182.8229 22.782034 48.564465 1260255984222
177.68176 29.292933 46.53624 1260255984235
169.19768 36.328285 44.05943 1260255984253
171.7878 25.511871 41.556458 1260255984269
170.5984 15.486278 39.128635 1260255984289
169.16849 5.9619637 36.872204 1260255984310
168.31006 -3.1861348 34.778595 1260255984337
168.09456 -11.926828 32.839664 1260255984357
168.48984 -20.280487 31.097681 1260255984377
164.46535 -28.216463 29.492798 1260255984394
157.54208 -35.70564 28.018158 1260255984409
164.96498 -42.920357 26.61725 1260255984428
157.01674 -31.974339 25.236387 1260255984450
149.7659 -22.125622 23.774569 1260255984474
144.0776 -14.169341 22.035841 1260255984489
142.12372 -8.110874 20.08405 1260255984685
141.36754 -4.6553307 18.129847 1260255984697
140.79916 -1.8725642 16.173355 1260255984711
140.3592 0.22106402 14.114687 1260255984718
139.89125 1.7100108 11.958953 1260255984735
139.44669 2.7745101 9.811006 1260255984742
138.97435 3.4357846 7.720455 1260255984759
138.52563 3.9639952 5.734432 1260255984765
138.24936 4.7157955 3.7477105 1260255984777
138.08688 5.9800057 1.5603249 1260255984798
136.43254 12.1810055 -0.4676914 1260255984813
129.66092 18.671955 -1.3943068 1260255984821
123.67787 25.488358 -1.7745914 1260255984833
118.543976 32.46394 -1.8858619 1260255984842
115.866776 39.49074 -1.7415688 1260255984854
121.17344 28.516205 -1.5044904 1260255984865
131.96477 18.290394 -1.2792659 1260255984877
127.06653 8.675875 -1.1653026 1260255984894
127.7132 -0.507919 -1.3070375 1260255984903
133.87755 8.467477 -1.7916856 1260255984916
127.43367 15.844103 -2.5021014 1260255984936
125.261986 20.151897 -2.8269963 1260255984951
124.248886 22.444302 -2.4356465 1260255984963
123.386444 24.022087 -1.6138642 1260255984981
122.61712 25.270983 -0.63317096 1260255984998
121.936264 26.207434 0.44848767 1260255985014
121.48945 26.997063 1.5260633 1260255985031
121.21497 27.59721 2.4997602 1260255985049
121.05422 27.76735 3.2747722 1260255985067
120.85151 27.178982 3.5610335 1260255985089
120.30894 23.970032 2.3329818 1260255985112
119.79349 19.82153 0.66633266 1260255985131
119.55381 12.530453 -1.066984 1260255985149
119.67612 5.35393 -2.963635 1260255985171
120.24231 -1.7637664 -5.1154532 1260255985191
121.18019 -8.925578 -7.5596805 1260255985213
122.62118 -16.0793 -10.181697 1260255985234
124.59012 -23.225336 -12.922612 1260255985257
127.36061 -30.16407 -15.226481 1260255985478
130.69258 -36.855865 -16.865158 1260255985492
135.05795 -43.513073 -17.7719 1260255985502
141.10506 -50.23742 -17.883305 1260255985515
135.9498 -39.87555 -17.58914 1260255985535
132.7523 -32.731773 -17.309683 1260255985542
129.56468 -27.695185 -16.6442 1260255985558
125.98645 -23.360426 -16.01199 1260255985564
122.23713 -19.242405 -15.41139 1260255985581
118.67527 -15.080285 -14.59082 1260255985593
115.59151 -10.576271 -13.91128 1260255985600
113.46193 -5.3974576 -13.365716 1260255985641
112.13883 0.37241527 -12.99743 1260255985652
110.73189 6.7537947 -12.847558 1260255985661
109.045296 13.616105 -12.70518 1260255985675
107.04303 20.7353 -12.519921 1260255985682
104.490875 27.848536 -12.293925 1260255985696
101.36633 34.80611 -12.079229 1260255985702
97.39802 41.515804 -11.975267 1260255985714
93.178116 47.840015 -11.976504 1260255985725
89.21921 53.798016 -12.027679 1260255985745
85.958244 59.308113 -12.126295 1260255985761
83.56033 64.29271 -12.21998 1260255985777
81.88232 68.778076 -12.308981 1260255985789
80.7882 72.58917 -12.443532 1260255985800
80.24879 75.70972 -12.621355 1260255985816
80.08635 78.02423 -12.790287 1260255985825
80.282036 79.77302 -12.900773 1260255985837
80.617935 81.084366 -13.005734 1260255985853
80.78704 80.73015 -13.105448 1260255985865
80.64769 80.04364 -13.250175 1260255985884
80.015305 78.89146 -13.3376665 1260255985899
79.01454 77.39688 -13.320784 1260255985916
77.863815 75.62704 -13.204744 1260255985932
76.72063 73.69569 -12.994507 1260255985955
75.7346 71.6109 -12.694781 1260255985974
74.99786 69.53036 -12.260042 1260255985989
