197.59264 -4.5114126 45.61528 1260163454575
197.16301 -4.535842 46.684517 1260163454593
197.10486 -4.65905 47.95029 1260163454650
198.04962 -4.9260974 49.252777 1260163454665
199.24715 -5.2297926 50.590137 1260163454675
200.5848 -5.618303 51.81063 1260163454689
202.45555 -6.0873876 52.9701 1260163454709
203.63277 -6.433018 54.171597 1260163454718
205.85114 -14.261368 55.113018 1260163454733
207.50858 -21.848299 56.10737 1260163454747
210.63315 -28.905884 56.202 1260163454758
215.40149 -35.110588 55.5919 1260163454778
221.68141 -40.805058 54.112305 1260163454795
213.14734 -44.964806 51.75669 1260163454815
206.88997 -47.916565 48.768856 1260163454832
201.89548 -49.020737 45.330414 1260163454848
197.1507 -49.3197 42.763893 1260163455067
193.54317 -47.553715 42.8257 1260163455076
193.36601 -45.32603 44.984413 1260163455091
193.09772 -34.30973 46.98519 1260163455107
192.29283 -32.094242 48.635933 1260163455114
191.2282 -29.93953 50.05414 1260163455125
190.21678 -27.642553 51.25143 1260163455134
189.35594 -25.410425 52.28886 1260163455148
189.28815 -15.939904 53.274418 1260163455157
189.92374 -6.892909 53.810696 1260163455172
191.32755 2.0017366 53.97016 1260163455184
193.36118 10.651649 53.721653 1260163455195
195.09312 18.819067 53.48557 1260163455213
195.63847 26.228113 53.66129 1260163455224
194.35655 32.566708 54.128223 1260163455230
191.58873 32.58837 53.671814 1260163455242
188.3593 32.35895 52.188225 1260163455251
185.14133 31.441004 49.628815 1260163455262
182.18427 29.468954 45.697372 1260163455273
179.62505 26.995506 40.912502 1260163455287
177.5438 24.54573 35.816875 1260163455293
176.0666 22.218445 30.676031 1260163455307
175.31328 13.007523 25.542229 1260163455318
176.24762 3.707146 20.565117 1260163455333
184.88524 11.121789 18.23686 1260163455347
182.24098 17.5157 18.675016 1260163455366
180.47893 23.689915 19.741266 1260163455382
179.25497 29.755419 20.954203 1260163455402
178.44223 35.66765 22.356493 1260163455422
178.02011 41.484264 23.888668 1260163455447
178.3191 47.31005 25.494234 1260163455463
180.15315 53.544548 27.169523 1260163455482
187.1955 43.11732 27.861048 1260163455506
182.33572 35.711456 26.067995 1260163455522
178.86894 30.925884 23.364595 1260163455547
175.7755 27.02959 20.446365 1260163455566
172.93672 23.77811 17.374046 1260163455584
171.53989 21.439205 13.205344 1260163455602
169.61288 27.267244 13.495077 1260163455624
168.83224 32.953884 14.320323 1260163455642
168.44063 38.40619 15.404307 1260163455665
168.0186 43.43588 16.634092 1260163455682
167.46767 48.214085 18.052387 1260163455867
166.59428 47.80338 19.649767 1260163455876
163.76457 45.66321 21.167278 1260163455887
159.87634 41.480053 20.708914 1260163455896
156.23253 36.90605 19.673468 1260163455907
152.5709 32.06075 18.739794 1260163455916
147.09236 27.80771 19.602804 1260163455927
147.43774 33.217327 19.972664 1260163455934
147.71585 38.30646 20.32403 1260163455946
148.33006 43.19114 20.90783 1260163455957
149.41356 48.03158 21.812437 1260163455972
151.09288 52.930004 23.271814 1260163455985
152.48824 51.133503 25.608223 1260163455992
149.56383 47.97683 26.227812 1260163456004
146.63564 44.327988 25.816422 1260163456015
143.90385 40.611588 25.0756 1260163456033
141.30865 37.08101 24.221819 1260163456042
138.74323 34.02696 23.860727 1260163456053
140.55606 39.62561 25.16769 1260163456072
141.92825 44.94433 25.509306 1260163456085
143.38184 50.09711 25.78384 1260163456105
145.21274 55.142254 26.29465 1260163456122
148.05211 60.33514 27.129917 1260163456149
153.1495 66.118385 28.823421 1260163456162
146.59203 61.012466 30.08225 1260163456185
142.11243 55.411842 30.128138 1260163456203
137.7068 50.64125 30.571732 1260163456222
140.07146 48.659187 32.743145 1260163456244
141.66788 53.226227 33.50599 1260163456261
142.93448 57.364914 33.880688 1260163456289
144.58775 61.49667 34.436653 1260163456302
147.10837 65.92184 35.51482 1260163456325
151.15295 70.92574 37.48908 1260163456347
159.44531 66.879456 39.514626 1260163456362
169.02304 62.48548 40.888893 1260163456383
174.87189 59.261208 42.894447 1260163456405
176.1783 57.448147 43.999725 1260163456427
176.21939 56.47574 44.34974 1260163456442
175.40842 55.801952 44.282253 1260163456462
173.538 54.711853 44.01814 1260163456646
169.8611 52.57626 43.117233 1260163456655
165.81804 49.847446 41.461372 1260163456665
161.87714 46.955074 39.438305 1260163456682
158.18327 44.30732 37.61639 1260163456691
160.62411 49.94195 38.63557 1260163456697
163.2429 55.694855 38.153793 1260163456708
166.03076 61.260113 37.646103 1260163456717
169.27922 66.697105 37.363796 1260163456729
172.16525 71.81225 37.295605 1260163456738
175.75699 76.971634 37.780823 1260163456751
168.51913 71.27305 38.541782 1260163456757
164.49318 65.1094 37.114693 1260163456775
160.86852 59.153927 35.258957 1260163456786
157.4251 53.39623 33.29601 1260163456797
154.20384 48.026417 31.281208 1260163456811
151.14365 43.075096 29.117147 1260163456825
148.23647 43.47134 27.61129 1260163456836
146.97464 47.147774 27.230726 1260163456850
146.6259 51.190384 27.26919 1260163456869
146.8446 55.280865 27.70573 1260163456888
147.40237 59.316822 28.420444 1260163456902
147.68225 63.25098 29.299421 1260163456925
147.49814 66.93843 30.13445 1260163456942
146.92323 70.34151 30.877728 1260163456970
146.07707 69.17443 31.48384 1260163456982
145.12321 68.11571 32.009647 1260163457005
144.46706 71.259926 32.459164 1260163457023
144.4937 74.29693 32.886204 1260163457042
145.419 77.332085 33.241894 1260163457064
147.29805 80.61548 33.479797 1260163457083
150.18315 84.3347 33.55581 1260163457109
154.32399 88.467964 33.378017 1260163457122
160.30779 92.944565 32.959118 1260163457145
167.6924 79.597336 32.31116 1260163457167
175.95778 67.06747 31.495604 1260163457182
184.1599 55.114094 30.520823 1260163457203
182.7019 61.15839 29.144781 1260163457225
176.41681 65.20047 26.837542 1260163457404
172.04597 64.940445 24.045664 1260163457413
168.29367 63.89342 21.54338 1260163457424
164.72899 62.24875 19.416212 1260163457433
161.24254 60.18631 17.5454 1260163457444
157.73041 57.876995 15.918131 1260163457450
154.34389 55.483147 14.622224 1260163457458
151.27669 53.15899 14.391112 1260163457470
157.86285 50.501038 17.221556 1260163457484
162.51971 48.325985 20.510477 1260163457496
167.34373 54.759686 23.834953 1260163457508
171.52655 52.2717 26.843206 1260163457517
175.10022 49.858116 29.101046 1260163457528
182.24521 47.01521 30.595993 1260163457555
177.38295 44.414448 30.916193 1260163457565
173.3638 42.093727 30.870384 1260163457571
