156.96422 2.6330678 23.842316 1260163506922
154.516 0.5014145 20.4002 1260163506928
152.4402 -1.0236562 16.73019 1260163506939
150.31819 -1.7724735 12.943681 1260163506947
147.15228 -0.48384973 9.796496 1260163506959
145.14467 4.540343 9.706672 1260163506968
145.03743 10.7133255 10.721338 1260163506980
146.23557 17.22766 12.085271 1260163506986
148.32379 23.866276 13.481008 1260163506997
151.1076 30.472961 14.856957 1260163507016
154.10222 36.899315 16.16411 1260163507042
156.3471 42.85435 17.405905 1260163507055
157.22975 48.061634 18.58561 1260163507064
156.36827 52.008553 19.45633 1260163507075
154.44986 52.258125 19.283512 1260163507084
152.42737 50.79522 17.519337 1260163507096
150.556 47.805458 14.94337 1260163507103
148.8282 44.265186 12.196201 1260163507125
147.1868 40.651928 9.386392 1260163507136
145.62746 37.11933 6.5170717 1260163507147
144.39609 33.863365 3.3912182 1260163507163
144.07628 31.220198 -0.32834268 1260163507172
154.42247 37.509186 -3.0619256 1260163507183
152.00134 41.633728 -2.7088294 1260163507200
151.70128 45.95204 -1.2733879 1260163507212
152.31621 50.30444 0.49028152 1260163507235
153.7004 54.689217 2.3657675 1260163507252
155.11537 59.004757 4.147479 1260163507275
156.1596 63.10452 5.7901053 1260163507292
157.00163 67.0993 7.2006 1260163507315
154.75156 57.54433 5.14057 1260163507333
152.11398 52.017113 3.2835417 1260163507352
149.65828 46.866257 1.4693646 1260163507374
147.27536 42.122944 -0.30410364 1260163507392
145.11159 38.216797 -2.5388985 1260163507418
141.106 42.605957 -4.1619534 1260163507595
140.7007 46.42566 -3.0038557 1260163507604
141.51567 50.654377 -1.4036629 1260163507616
143.23988 55.02166 0.4665203 1260163507623
145.5279 59.520576 2.6431944 1260163507636
150.6515 65.04455 5.7610345 1260163507643
146.06892 58.49232 6.472983 1260163507654
142.66548 52.167706 6.0493336 1260163507663
139.58221 46.25932 5.396867 1260163507673
145.3531 52.496353 9.127024 1260163507686
145.53545 56.121536 9.970673 1260163507698
146.20868 59.76546 10.872139 1260163507707
147.54825 63.47719 12.078532 1260163507719
149.67084 67.40333 13.824606 1260163507734
148.3373 64.58316 15.833376 1260163507743
144.92043 60.254 15.141707 1260163507756
141.8744 55.941303 13.934622 1260163507763
139.03069 51.894238 12.587891 1260163507780
136.27914 48.199524 11.058496 1260163507793
134.41519 49.289547 10.005571 1260163507813
135.79443 53.925068 10.555293 1260163507831
137.80472 58.578815 11.177528 1260163507858
140.16447 63.049873 11.968652 1260163507872
143.05624 67.39738 13.020219 1260163507894
149.05344 72.677505 15.219208 1260163507912
144.60077 66.34363 15.108248 1260163507932
140.57072 60.176445 14.452835 1260163507953
135.99219 55.71762 15.0801935 1260163507974
138.19258 59.43174 16.276184 1260163507997
140.18295 62.760155 16.912374 1260163508012
141.9238 65.77215 17.466755 1260163508032
143.62761 68.58354 18.193417 1260163508055
142.49623 67.35436 18.483746 1260163508093
138.62141 63.536644 17.309559 1260163508136
134.94034 59.459812 15.794081 1260163508149
131.54332 55.63682 14.254376 1260163508161
128.51616 52.80498 12.841658 1260163508174
127.89035 53.06473 12.749575 1260163508186
130.09584 56.811497 13.462096 1260163508362
133.09105 61.120922 14.238992 1260163508378
137.13649 65.864876 15.077043 1260163508384
146.47966 54.021633 15.573191 1260163508396
142.95567 47.570553 14.144531 1260163508405
139.6079 42.342026 12.387304 1260163508415
136.3775 37.724926 10.467939 1260163508422
133.15863 33.88868 8.194542 1260163508436
129.4007 31.944246 5.0848145 1260163508443
126.430664 32.847034 3.1305737 1260163508461
124.80913 35.154682 2.574045 1260163508472
123.96867 37.49695 2.7453427 1260163508481
123.77024 39.4221 3.2580757 1260163508487
125.53173 41.100994 3.9451718 1260163508497
129.25514 44.545944 4.697913 1260163508508
133.09239 47.968647 5.5130177 1260163508522
136.73778 51.520214 6.3373666 1260163508533
140.20088 55.2442 7.1704984 1260163508544
143.44084 59.131992 8.011973 1260163508558
146.4688 63.22539 8.761374 1260163508570
148.84535 67.41412 9.323306 1260163508592
149.80309 71.493416 9.407141 1260163508616
147.81293 75.31875 8.686784 1260163508633
143.37228 78.95281 6.7024446 1260163508652
139.35367 82.80517 3.267322 1260163508672
135.986 78.96491 -0.39604405 1260163508692
132.38669 74.51667 -2.776242 1260163508714
128.51735 70.04084 -4.28743 1260163508732
124.591484 65.8888 -5.223058 1260163508755
121.16191 62.49436 -6.011905 1260163508771
118.80382 60.069645 -6.96131 1260163508794
116.863625 57.966164 -8.113244 1260163508812
114.72044 55.567856 -9.4575815 1260163508832
112.23442 52.539463 -10.684703 1260163508854
109.4227 49.21249 -11.200468 1260163508870
