116.310234 18.726048 11.426627 1.8108091 -2.9723632 8.541114 1260161826242
116.310234 18.726048 11.426627 1.8183352 -2.9660778 8.566935 1260161826247
115.89472 18.789745 11.555296 1.8183352 -2.9660778 8.566935 1260161826255
115.89472 18.789745 11.555296 1.8438724 -2.9846232 8.571715 1260161826259
115.94999 19.050259 11.827531 1.8438724 -2.9846232 8.571715 1260161826286
115.94999 19.050259 11.827531 1.8906064 -3.026758 8.546292 1260161826295
116.45249 19.597746 12.136154 1.8906064 -3.026758 8.546292 1260161826304
116.45249 19.597746 12.136154 1.9384087 -3.1021988 8.486727 1260161826307
116.92987 20.21786 12.479346 1.9384087 -3.1021988 8.486727 1260161826315
116.92987 20.21786 12.479346 1.9919932 -3.184764 8.416519 1260161826318
117.38338 20.756966 12.855379 1.9919932 -3.184764 8.416519 1260161826324
117.38338 20.756966 12.855379 2.0476656 -3.2604768 8.349822 1260161826336
117.41421 21.269117 13.16261 2.0476656 -3.2604768 8.349822 1260161826342
117.41421 21.269117 13.16261 2.0951061 -3.335128 8.294632 1260161826345
117.14349 21.755661 13.454479 2.0951061 -3.335128 8.294632 1260161826351
117.14349 21.755661 13.454479 2.1490278 -3.411495 8.258546 1260161826354
116.68632 22.217878 13.781755 2.1490278 -3.411495 8.258546 1260161826371
116.68632 22.217878 13.781755 2.2057016 -3.4922156 8.235161 1260161826374
115.902 22.656984 14.042667 2.2057016 -3.4922156 8.235161 1260161826391
115.902 22.656984 14.042667 2.2588606 -3.5716243 8.212945 1260161826394
115.1569 23.074135 14.340534 2.2588606 -3.5716243 8.212945 1260161826410
115.1569 23.074135 14.340534 2.3120859 -3.6470625 8.194564 1260161826413
113.999054 23.420427 14.573507 2.3120859 -3.6470625 8.194564 1260161826431
113.999054 23.420427 14.573507 2.3606067 -3.7105567 8.182549 1260161826434
112.7991 23.749407 14.844831 2.3606067 -3.7105567 8.182549 1260161826450
112.7991 23.749407 14.844831 2.4039774 -3.762704 8.16024 1260161826454
111.55915 24.011936 15.10259 2.4039774 -3.762704 8.16024 1260161826471
111.55915 24.011936 15.10259 2.4390504 -3.7979424 8.125425 1260161826474
109.631195 24.11134 15.34746 2.4390504 -3.7979424 8.125425 1260161826490
109.631195 24.11134 15.34746 2.4669218 -3.8041782 8.086904 1260161826494
107.09963 23.955772 15.5300865 2.4669218 -3.8041782 8.086904 1260161826511
107.09963 23.955772 15.5300865 2.4831843 -3.7671983 8.05848 1260161826514
103.89465 23.157984 15.603582 2.4831843 -3.7671983 8.05848 1260161826530
103.89465 23.157984 15.603582 2.4931855 -3.6469402 8.094131 1260161826534
100.44992 21.900085 15.673404 2.4931855 -3.6469402 8.094131 1260161826552
100.44992 21.900085 15.673404 2.5183501 -3.4421196 8.188611 1260161826558
97.377426 20.80508 15.489734 2.5183501 -3.4421196 8.188611 1260161826570
97.377426 20.80508 15.489734 2.5177398 -3.2693326 8.393458 1260161826574
94.308556 20.014826 15.465247 2.5177398 -3.2693326 8.393458 1260161826596
94.308556 20.014826 15.465247 2.5730035 -3.1712437 8.665018 1260161826599
91.593124 20.114084 15.491984 2.5730035 -3.1712437 8.665018 1260161826610
91.593124 20.114084 15.491984 2.6418483 -3.2830453 8.887587 1260161826614
89.513466 21.25838 15.567385 2.6418483 -3.2830453 8.887587 1260161826631
89.513466 21.25838 15.567385 2.7426639 -3.6480434 8.961461 1260161826634
88.43779 23.095463 16.089016 2.7426639 -3.6480434 8.961461 1260161826650
88.43779 23.095463 16.089016 2.9569356 -4.139848 8.738124 1260161826653
92.7159 27.99069 16.784565 2.9569356 -4.139848 8.738124 1260161826670
92.7159 27.99069 16.784565 3.2381299 -4.6560965 8.191574 1260161826673
98.4301 33.291157 17.445337 3.2381299 -4.6560965 8.191574 1260161826690
98.4301 33.291157 17.445337 3.5406773 -5.0838785 7.334567 1260161826694
104.15859 39.0266 17.82307 3.5406773 -5.0838785 7.334567 1260161826710
104.15859 39.0266 17.82307 3.8008566 -5.3806276 6.1914787 1260161826714
108.650665 44.77527 17.681917 3.8008566 -5.3806276 6.1914787 1260161826734
108.650665 44.77527 17.681917 3.9125044 -5.610782 4.8944297 1260161826737
110.16813 50.336506 16.94782 3.9125044 -5.610782 4.8944297 1260161826750
110.16813 50.336506 16.94782 3.783619 -5.823981 3.5662096 1260161826754
108.959724 55.51968 15.750429 3.783619 -5.823981 3.5662096 1260161826771
108.959724 55.51968 15.750429 3.4323559 -6.083725 2.288056 1260161826774
105.81174 60.293697 14.062907 3.4323559 -6.083725 2.288056 1260161826790
105.81174 60.293697 14.062907 2.866429 -6.387687 1.1589372 1260161826794
101.47115 64.779015 11.909761 2.866429 -6.387687 1.1589372 1260161826811
101.47115 64.779015 11.909761 2.1381137 -6.6710033 0.22860706 1260161826988
96.4976 69.04006 9.414273 2.1381137 -6.6710033 0.22860706 1260161826997
96.4976 69.04006 9.414273 1.2997954 -6.9374294 -0.4931244 1260161827001
109.072716 73.08806 6.5435596 1.2997954 -6.9374294 -0.4931244 1260161827004
109.072716 73.08806 6.5435596 0.39579222 -7.152397 -0.97037804 1260161827013
120.819084 76.88366 3.4163816 0.39579222 -7.152397 -0.97037804 1260161827016
120.819084 76.88366 3.4163816 -0.52634543 -7.3484445 -1.1493189 1260161827022
132.22813 74.58948 0.29556248 -0.52634543 -7.3484445 -1.1493189 1260161827025
132.22813 74.58948 0.29556248 -1.4221258 -7.529241 -1.0755086 1260161827028
143.41673 72.36 -2.5692158 -1.4221258 -7.529241 -1.0755086 1260161827036
143.41673 72.36 -2.5692158 -2.2479193 -7.69555 -0.78337705 1260161827040
136.69589 70.292 -4.7907553 -2.2479193 -7.69555 -0.78337705 1260161827043
136.69589 70.292 -4.7907553 -2.9193745 -7.8562675 -0.27771127 1260161827048
130.71109 68.4774 -6.3012176 -2.9193745 -7.8562675 -0.27771127 1260161827056
130.71109 68.4774 -6.3012176 -3.4523802 -8.118593 0.45192355 1260161827059
125.125534 67.00353 -6.9861565 -3.4523802 -8.118593 0.45192355 1260161827063
125.125534 67.00353 -6.9861565 -3.7517061 -8.583685 1.3922861 1260161827067
119.66926 65.853355 -7.0868487 -3.7517061 -8.583685 1.3922861 1260161827081
119.66926 65.853355 -7.0868487 -3.8201833 -9.257068 2.427963 1260161827084
114.08579 65.060684 -6.8825064 -3.8201833 -9.257068 2.427963 1260161827092
114.08579 65.060684 -6.8825064 -3.7143013 -10.107216 3.403684 1260161827095
126.331505 64.70765 -6.488381 -3.7143013 -10.107216 3.403684 1260161827100
126.331505 64.70765 -6.488381 -3.4863632 -10.99726 4.0895386 1260161827104
137.46494 65.072266 -6.163962 -3.4863632 -10.99726 4.0895386 1260161827106
137.46494 65.072266 -6.163962 -3.316812 -11.842802 4.3379383 1260161827114
147.3917 66.018654 -6.1557636 -3.316812 -11.842802 4.3379383 1260161827117
147.3917 66.018654 -6.1557636 -3.2939851 -12.632446 4.148282 1260161827120
156.12212 68.26772 -6.5479755 -3.2939851 -12.632446 4.148282 1260161827127
156.12212 68.26772 -6.5479755 -3.4575362 -13.286585 3.5785668 1260161827138
162.56601 71.10434 -7.1705766 -3.4575362 -13.286585 3.5785668 1260161827142
162.56601 71.10434 -7.1705766 -3.7504752 -13.76364 2.7329223 1260161827147
160.98772 74.399124 -7.8620477 -3.7504752 -13.76364 2.7329223 1260161827153
160.98772 74.399124 -7.8620477 -4.0730333 -14.039098 1.7129967 1260161827156
158.88834 77.92917 -8.518946 -4.0730333 -14.039098 1.7129967 1260161827164
158.88834 77.92917 -8.518946 -4.354947 -14.120313 0.6044588 1260161827167
156.54391 81.58271 -8.992998 -4.354947 -14.120313 0.6044588 1260161827178
156.54391 81.58271 -8.992998 -4.573051 -14.083056 -0.56170124 1260161827184
153.86671 85.203575 -9.393349 -4.573051 -14.083056 -0.56170124 1260161827195
153.86671 85.203575 -9.393349 -4.7605 -13.9925 -1.7458272 1260161827198
150.27338 88.74339 -9.923681 -4.7605 -13.9925 -1.7458272 1260161827212
150.27338 88.74339 -9.923681 -5.0189366 -13.903748 -2.9150128 1260161827217
145.60971 92.15622 -10.627498 -5.0189366 -13.903748 -2.9150128 1260161827235
145.60971 92.15622 -10.627498 -5.391802 -13.805813 -4.044808 1260161827243
139.92923 95.44841 -11.596123 -5.391802 -13.805813 -4.044808 1260161827253
139.92923 95.44841 -11.596123 -5.8951664 -13.69643 -5.065675 1260161827256
133.33276 98.72599 -12.816317 -5.8951664 -13.69643 -5.065675 1260161827272
133.33276 98.72599 -12.816317 -6.507523 -13.522371 -5.936751 1260161827277
144.21613 101.93969 -14.275501 -6.507523 -13.522371 -5.936751 1260161827293
144.21613 101.93969 -14.275501 -7.164174 -13.264398 -6.6273885 1260161827300
154.15532 104.99271 -16.011726 -7.164174 -13.264398 -6.6273885 1260161827312
154.15532 104.99271 -16.011726 -7.8213625 -12.989358 -7.0996194 1260161827321
163.34755 107.893074 -17.96114 -7.8213625 -12.989358 -7.0996194 1260161827335
163.34755 107.893074 -17.96114 -8.4674835 -12.711044 -7.356192 1260161827338
172.03017 110.49842 -20.213083 -8.4674835 -12.711044 -7.356192 1260161827352
172.03017 110.49842 -20.213083 -9.120117 -12.490912 -7.353408 1260161827357
180.52866 112.6735 -22.40243 -9.120117 -12.490912 -7.353408 1260161827375
180.52866 112.6735 -22.40243 -9.770083 -12.401647 -7.1008296 1260161827382
188.95222 108.58983 -24.182308 -9.770083 -12.401647 -7.1008296 1260161827392
188.95222 108.58983 -24.182308 -10.382103 -12.445557 -6.5891542 1260161827395
197.30461 104.86034 -25.473192 -10.382103 -12.445557 -6.5891542 1260161827410
197.30461 104.86034 -25.473192 -10.894739 -12.571717 -5.842914 1260161827418
187.63937 101.41732 -26.249533 -10.894739 -12.571717 -5.842914 1260161827433
187.63937 101.41732 -26.249533 -11.248945 -12.751499 -4.911974 1260161827440
178.65741 98.296455 -26.387056 -11.248945 -12.751499 -4.911974 1260161827452
178.65741 98.296455 -26.387056 -11.411781 -13.04828 -3.7776475 1260161827455
170.27454 95.481636 -25.967703 -11.411781 -13.04828 -3.7776475 1260161827474
170.27454 95.481636 -25.967703 -11.334249 -13.439184 -2.529783 1260161827477
162.16081 93.057556 -25.119318 -11.334249 -13.439184 -2.529783 1260161827492
162.16081 93.057556 -25.119318 -11.025641 -13.969221 -1.314347 1260161827498
154.10277 91.20468 -23.963352 -11.025641 -13.969221 -1.314347 1260161827519
154.10277 91.20468 -23.963352 -10.539056 -14.639605 -0.31904095 1260161827522
163.89763 89.94445 -22.765184 -10.539056 -14.639605 -0.31904095 1260161827532
163.89763 89.94445 -22.765184 -10.002569 -15.30371 0.30574065 1260161827535
172.50275 89.647224 -21.776926 -10.002569 -15.30371 0.30574065 1260161827554
172.50275 89.647224 -21.776926 -9.578714 -15.93461 0.42189 1260161827557
179.62761 90.564865 -21.23808 -9.578714 -15.93461 0.42189 1260161827572
179.62761 90.564865 -21.23808 -9.372186 -16.53124 0.035770148 1260161827578
184.69623 92.28662 -21.076176 -9.372186 -16.53124 0.035770148 1260161827764
184.69623 92.28662 -21.076176 -9.399357 -16.999292 -0.7369301 1260161827767
183.96141 94.57229 -21.072367 -9.399357 -16.999292 -0.7369301 1260161827775
183.96141 94.57229 -21.072367 -9.543667 -17.280499 -1.7863064 1260161827778
181.06334 97.19367 -21.118748 -9.543667 -17.280499 -1.7863064 1260161827784
181.06334 97.19367 -21.118748 -9.697786 -17.326313 -2.9452958 1260161827787
177.16017 100.08399 -21.162811 -9.697786 -17.326313 -2.9452958 1260161827795
177.16017 100.08399 -21.162811 -9.791761 -17.115818 -4.0844727 1260161827798
172.25217 103.12979 -21.20467 -9.791761 -17.115818 -4.0844727 1260161827802
172.25217 103.12979 -21.20467 -9.823152 -16.724482 -5.095184 1260161827807
165.98956 106.223305 -21.344437 -9.823152 -16.724482 -5.095184 1260161827813
165.98956 106.223305 -21.344437 -9.841395 -16.218552 -5.956612 1260161827818
158.64009 109.21214 -21.677216 -9.841395 -16.218552 -5.956612 1260161827822
158.64009 109.21214 -21.677216 -9.902993 -15.69978 -6.665325 1260161827825
168.6081 112.00153 -22.293354 -9.902993 -15.69978 -6.665325 1260161827833
168.6081 112.00153 -22.293354 -10.044595 -15.217844 -7.2235107 1260161827835
177.22769 114.65146 -23.178686 -10.044595 -15.217844 -7.2235107 1260161827841
177.22769 114.65146 -23.178686 -10.273097 -14.75728 -7.6686597 1260161827844
184.76631 117.11889 -24.269753 -10.273097 -14.75728 -7.6686597 1260161827856
184.76631 117.11889 -24.269753 -10.573258 -14.330641 -8.034346 1260161827860
191.678 119.462944 -25.406265 -10.573258 -14.330641 -8.034346 1260161827863
191.678 119.462944 -25.406265 -10.90472 -13.938954 -8.367446 1260161827868
198.2441 121.5898 -26.435951 -10.90472 -13.938954 -8.367446 1260161827877
198.2441 121.5898 -26.435951 -11.211437 -13.610437 -8.672996 1260161827880
204.8319 123.360306 -27.264154 -11.211437 -13.610437 -8.672996 1260161827884
204.8319 123.360306 -27.264154 -11.450379 -13.386197 -8.949647 1260161827888
211.3403 124.84229 -27.950947 -11.450379 -13.386197 -8.949647 1260161827893
211.3403 124.84229 -27.950947 -11.633109 -13.243995 -9.182501 1260161827899
217.72328 125.95018 -28.6534 -11.633109 -13.243995 -9.182501 1260161827904
217.72328 125.95018 -28.6534 -11.7910385 -13.195392 -9.283172 1260161827907
223.93712 126.60267 -29.32073 -11.7910385 -13.195392 -9.283172 1260161827918
223.93712 126.60267 -29.32073 -11.932899 -13.25069 -9.200383 1260161827924
230.19026 126.872536 -29.904694 -11.932899 -13.25069 -9.200383 1260161827937
230.19026 126.872536 -29.904694 -12.041788 -13.388351 -8.877249 1260161827940
236.63075 123.02891 -30.259459 -12.041788 -13.388351 -8.877249 1260161827947
236.63075 123.02891 -30.259459 -12.098243 -13.554543 -8.216823 1260161827959
225.34921 119.027466 -30.246485 -12.098243 -13.554543 -8.216823 1260161827963
225.34921 119.027466 -30.246485 -12.119185 -13.734217 -7.1392655 1260161827968
214.93175 114.926094 -29.884161 -12.119185 -13.734217 -7.1392655 1260161827976
214.93175 114.926094 -29.884161 -12.089367 -13.946448 -5.7369404 1260161827983
205.08516 110.87979 -29.189953 -12.089367 -13.946448 -5.7369404 1260161827995
205.08516 110.87979 -29.189953 -11.950033 -14.1807575 -4.139135 1260161827998
195.43091 107.1858 -28.280455 -11.950033 -14.1807575 -4.139135 1260161828012
195.43091 107.1858 -28.280455 -11.688273 -14.512314 -2.5687811 1260161828021
185.85936 104.07651 -27.216433 -11.688273 -14.512314 -2.5687811 1260161828032
185.85936 104.07651 -27.216433 -11.293182 -14.945108 -1.2771643 1260161828038
194.31639 101.67268 -26.05561 -11.293182 -14.945108 -1.2771643 1260161828053
194.31639 101.67268 -26.05561 -10.837486 -15.416193 -0.38518894 1260161828056
201.75056 100.139046 -25.05283 -10.837486 -15.416193 -0.38518894 1260161828077
201.75056 100.139046 -25.05283 -10.435221 -15.950893 0.050853126 1260161828080
207.81303 99.08209 -24.350187 -10.435221 -15.950893 0.050853126 1260161828092
207.81303 99.08209 -24.350187 -10.168841 -16.51334 0.06465489 1260161828097
210.37238 99.62799 -23.882677 -10.168841 -16.51334 0.06465489 1260161828112
210.37238 99.62799 -23.882677 -10.02883 -17.053112 -0.28725877 1260161828116
208.75375 100.64659 -23.488543 -10.02883 -17.053112 -0.28725877 1260161828135
208.75375 100.64659 -23.488543 -9.946214 -17.530483 -0.91781926 1260161828138
206.51607 102.01426 -23.064116 -9.946214 -17.530483 -0.91781926 1260161828157
206.51607 102.01426 -23.064116 -9.858875 -17.89954 -1.757932 1260161828161
204.09027 103.61355 -22.51091 -9.858875 -17.89954 -1.757932 1260161828172
204.09027 103.61355 -22.51091 -9.712569 -18.162973 -2.718121 1260161828177
201.53575 105.33287 -21.935364 -9.712569 -18.162973 -2.718121 1260161828192
201.53575 105.33287 -21.935364 -9.523865 -18.314487 -3.7120228 1260161828195
198.20897 107.11623 -21.438595 -9.523865 -18.314487 -3.7120228 1260161828216
198.20897 107.11623 -21.438595 -9.366387 -18.335842 -4.6589537 1260161828220
193.59853 108.96042 -21.166664 -9.366387 -18.335842 -4.6589537 1260161828232
193.59853 108.96042 -21.166664 -9.305316 -18.273727 -5.531297 1260161828237
187.7186 110.8124 -21.20833 -9.305316 -18.273727 -5.531297 1260161828252
187.7186 110.8124 -21.20833 -9.369201 -18.14934 -6.294646 1260161828257
180.78267 112.72178 -21.597914 -9.369201 -18.14934 -6.294646 1260161828274
180.78267 112.72178 -21.597914 -9.553836 -17.952173 -6.945596 1260161828277
173.19354 114.68569 -22.218018 -9.553836 -17.952173 -6.945596 1260161828297
173.19354 114.68569 -22.218018 -9.815048 -17.67429 -7.5088367 1260161828300
165.08386 116.70141 -23.107117 -9.815048 -17.67429 -7.5088367 1260161828312
165.08386 116.70141 -23.107117 -10.1347065 -17.312235 -7.9424434 1260161828317
156.87967 118.71634 -24.201761 -10.1347065 -17.312235 -7.9424434 1260161828332
156.87967 118.71634 -24.201761 -10.485372 -16.919249 -8.244726 1260161828337
166.73569 120.63052 -25.591673 -10.485372 -16.919249 -8.244726 1260161828504
166.73569 120.63052 -25.591673 -10.86277 -16.515947 -8.38139 1260161828507
175.9989 122.398994 -27.31209 -10.86277 -16.515947 -8.38139 1260161828515
175.9989 122.398994 -27.31209 -11.28259 -16.146431 -8.261287 1260161828518
185.04895 117.57905 -29.146486 -11.28259 -16.146431 -8.261287 1260161828525
185.04895 117.57905 -29.146486 -11.725004 -15.819908 -7.8482223 1260161828528
176.04651 113.0001 -30.639162 -11.725004 -15.819908 -7.8482223 1260161828537
176.04651 113.0001 -30.639162 -12.159599 -15.55602 -7.1241555 1260161828540
168.04419 108.65009 -31.557203 -12.159599 -15.55602 -7.1241555 1260161828545
168.04419 108.65009 -31.557203 -12.517302 -15.332567 -6.137326 1260161828548
160.74197 104.46759 -31.929342 -12.517302 -15.332567 -6.137326 1260161828555
160.74197 104.46759 -31.929342 -12.751561 -15.152976 -4.9308352 1260161828560
153.90488 100.694214 -31.732876 -12.751561 -15.152976 -4.9308352 1260161828563
153.90488 100.694214 -31.732876 -12.8501625 -15.135593 -3.5401843 1260161828566
147.20963 97.3095 -31.146233 -12.8501625 -15.135593 -3.5401843 1260161828574
147.20963 97.3095 -31.146233 -12.781071 -15.291377 -2.0740092 1260161828577
140.39914 94.44402 -30.288921 -12.781071 -15.291377 -2.0740092 1260161828586
140.39914 94.44402 -30.288921 -12.549266 -15.63278 -0.7002112 1260161828597
133.47919 92.221825 -29.274475 -12.549266 -15.63278 -0.7002112 1260161828601
133.47919 92.221825 -29.274475 -12.210554 -16.159376 0.37471288 1260161828606
144.35522 90.86073 -28.260752 -12.210554 -16.159376 0.37471288 1260161828615
144.35522 90.86073 -28.260752 -11.847236 -16.747494 0.95935863 1260161828617
153.98746 90.2177 -27.447714 -11.847236 -16.747494 0.95935863 1260161828621
153.98746 90.2177 -27.447714 -11.554522 -17.284412 0.9665531 1260161828626
161.58809 91.45681 -26.875328 -11.554522 -17.284412 0.9665531 1260161828632
161.58809 91.45681 -26.875328 -11.386768 -17.728426 0.4599007 1260161828643
162.00868 93.38397 -26.431562 -11.386768 -17.728426 0.4599007 1260161828646
162.00868 93.38397 -26.431562 -11.307762 -18.033104 -0.4273054 1260161828654
161.60825 95.66477 -25.959984 -11.307762 -18.033104 -0.4273054 1260161828657
161.60825 95.66477 -25.959984 -11.216362 -18.177492 -1.5302999 1260161828663
161.07784 98.13153 -25.361984 -11.216362 -18.177492 -1.5302999 1260161828667
161.07784 98.13153 -25.361984 -11.060068 -18.197525 -2.712986 1260161828679
160.12395 100.624954 -24.743885 -11.060068 -18.197525 -2.712986 1260161828683
160.12395 100.624954 -24.743885 -10.875495 -18.128706 -3.877399 1260161828688
157.91776 103.14371 -24.30669 -10.875495 -18.128706 -3.877399 1260161828698
157.91776 103.14371 -24.30669 -10.764166 -17.981606 -4.9617987 1260161828702
153.82187 105.68652 -24.241356 -10.764166 -17.981606 -4.9617987 1260161828714
153.82187 105.68652 -24.241356 -10.81027 -17.743793 -5.93954 1260161828722
148.08078 108.3022 -24.579288 -10.81027 -17.743793 -5.93954 1260161828733
148.08078 108.3022 -24.579288 -11.047479 -17.419125 -6.7893963 1260161828736
141.42674 110.88709 -25.300323 -11.047479 -17.419125 -6.7893963 1260161828752
141.42674 110.88709 -25.300323 -11.424693 -17.048035 -7.492564 1260161828756
134.5054 113.39274 -26.235308 -11.424693 -17.048035 -7.492564 1260161828772
134.5054 113.39274 -26.235308 -11.835485 -16.654638 -8.028457 1260161828779
145.68013 115.7231 -27.273542 -11.835485 -16.654638 -8.028457 1260161828792
145.68013 115.7231 -27.273542 -12.20667 -16.27274 -8.395222 1260161828795
156.14612 117.836945 -28.359865 -12.20667 -16.27274 -8.395222 1260161828815
156.14612 117.836945 -28.359865 -12.506857 -15.918108 -8.620384 1260161828818
166.18881 119.645096 -29.441872 -12.506857 -15.918108 -8.620384 1260161828832
166.18881 119.645096 -29.441872 -12.728019 -15.611173 -8.713067 1260161828839
157.87936 121.06284 -30.419779 -12.728019 -15.611173 -8.713067 1260161828855
157.87936 121.06284 -30.419779 -12.893856 -15.382238 -8.686024 1260161828860
150.2354 122.2097 -31.34879 -12.893856 -15.382238 -8.686024 1260161828873
150.2354 122.2097 -31.34879 -13.048677 -15.241706 -8.539793 1260161828876
143.37363 122.999214 -32.13135 -13.048677 -15.241706 -8.539793 1260161828890
143.37363 122.999214 -32.13135 -13.184862 -15.206266 -8.241516 1260161828898
137.20494 119.09925 -32.724785 -13.184862 -15.206266 -8.241516 1260161828913
137.20494 119.09925 -32.724785 -13.297893 -15.232528 -7.749761 1260161828917
131.6447 115.39429 -33.088547 -13.297893 -15.232528 -7.749761 1260161828935
131.6447 115.39429 -33.088547 -13.361006 -15.281993 -7.022445 1260161828945
126.56246 111.72457 -32.93412 -13.361006 -15.281993 -7.022445 1260161828953
126.56246 111.72457 -32.93412 -13.316087 -15.345329 -5.977366 1260161828956
121.834335 107.88834 -32.337414 -13.316087 -15.345329 -5.977366 1260161828972
121.834335 107.88834 -32.337414 -13.165132 -15.397326 -4.6501613 1260161828979
117.29262 104.093925 -31.420544 -13.165132 -15.397326 -4.6501613 1260161828999
117.29262 104.093925 -31.420544 -12.886883 -15.454896 -3.1339355 1260161829003
112.87798 100.48923 -30.249516 -12.886883 -15.454896 -3.1339355 1260161829012
112.87798 100.48923 -30.249516 -12.476128 -15.542276 -1.6083937 1260161829015
108.53408 97.26476 -28.93704 -12.476128 -15.542276 -1.6083937 1260161829035
108.53408 97.26476 -28.93704 -11.97218 -15.66683 -0.2742209 1260161829039
104.25738 94.601524 -27.590189 -11.97218 -15.66683 -0.2742209 1260161829056
104.25738 94.601524 -27.590189 -11.424647 -15.823293 0.7242413 1260161829059
100.04451 92.72145 -26.31068 -11.424647 -15.823293 0.7242413 1260161829072
100.04451 92.72145 -26.31068 -10.901767 -16.018242 1.3213755 1260161829079
96.092285 91.83538 -25.245146 -10.901767 -16.018242 1.3213755 1260161829093
96.092285 91.83538 -25.245146 -10.449297 -16.249752 1.5079641 1260161829096
93.43767 92.29361 -24.382889 -10.449297 -16.249752 1.5079641 1260161829279
93.43767 92.29361 -24.382889 -10.085509 -16.507824 1.2956815 1260161829283
93.16579 93.42893 -23.613745 -10.085509 -16.507824 1.2956815 1260161829288
93.16579 93.42893 -23.613745 -9.776005 -16.774784 0.7644005 1260161829294
94.9075 95.007484 -22.833057 -9.776005 -16.774784 0.7644005 1260161829300
94.9075 95.007484 -22.833057 -9.462907 -17.025673 -0.025662757 1260161829303
97.562126 96.80711 -21.891405 -9.462907 -17.025673 -0.025662757 1260161829308
97.562126 96.80711 -21.891405 -9.079656 -17.242224 -0.94307214 1260161829315
100.83402 98.71676 -20.796835 -9.079656 -17.242224 -0.94307214 1260161829321
100.83402 98.71676 -20.796835 -8.621587 -17.412535 -1.9215307 1260161829324
103.89232 100.63092 -19.656994 -8.621587 -17.412535 -1.9215307 1260161829327
103.89232 100.63092 -19.656994 -8.147603 -17.50623 -2.842894 1260161829335
106.1977 102.44937 -18.624144 -8.147603 -17.50623 -2.842894 1260161829338
106.1977 102.44937 -18.624144 -7.7279644 -17.48287 -3.6139936 1260161829341
107.03782 104.226906 -17.942936 -7.7279644 -17.48287 -3.6139936 1260161829347
107.03782 104.226906 -17.942936 -7.4369087 -17.335373 -4.223274 1260161829355
105.78593 105.765564 -17.89579 -7.4369087 -17.335373 -4.223274 1260161829359
105.78593 105.765564 -17.89579 -7.340194 -17.13532 -4.6100435 1260161829362
103.79663 107.077286 -18.251001 -7.340194 -17.13532 -4.6100435 1260161829372
103.79663 107.077286 -18.251001 -7.306202 -16.876488 -4.7936 1260161829381
101.5068 108.27342 -19.038452 -7.306202 -16.876488 -4.7936 1260161829384
101.5068 108.27342 -19.038452 -7.3154516 -16.54615 -4.786828 1260161829387
99.531456 109.40975 -20.13653 -7.3154516 -16.54615 -4.786828 1260161829395
99.531456 109.40975 -20.13653 -7.335135 -16.164228 -4.563831 1260161829398
98.304886 105.989265 -21.079704 -7.335135 -16.164228 -4.563831 1260161829405
98.304886 105.989265 -21.079704 -7.240785 -15.642725 -4.1544886 1260161829408
97.439644 101.7398 -21.72572 -7.240785 -15.642725 -4.1544886 1260161829414
97.439644 101.7398 -21.72572 -7.1123347 -15.008369 -3.628729 1260161829417
96.76766 97.00281 -21.639433 -7.1123347 -15.008369 -3.628729 1260161829424
96.76766 97.00281 -21.639433 -6.8990507 -14.309709 -3.0523026 1260161829427
