113.23117 28.724356 21.781647 3.405207 -4.4465485 7.297165 1260161836178
113.23117 28.724356 21.781647 3.4174592 -4.456448 7.2721343 1260161836184
113.36961 28.888138 21.892565 3.4174592 -4.456448 7.2721343 1260161836188
113.36961 28.888138 21.892565 3.4290988 -4.476749 7.2483554 1260161836197
113.40113 29.043732 21.947937 3.4290988 -4.476749 7.2483554 1260161836221
113.40113 29.043732 21.947937 3.4353895 -4.4933105 7.2203174 1260161836224
113.08108 29.191545 21.95054 3.4353895 -4.4933105 7.2203174 1260161836235
113.08108 29.191545 21.95054 3.4352365 -4.5117683 7.2052584 1260161836238
112.677025 29.431969 21.953014 3.4352365 -4.5117683 7.2052584 1260161836247
112.677025 29.431969 21.953014 3.431686 -4.5401993 7.187547 1260161836255
112.043175 29.61037 21.955364 3.431686 -4.5401993 7.187547 1260161836259
112.043175 29.61037 21.955364 3.428313 -4.5535884 7.1598253 1260161836263
111.44102 29.729853 21.957596 3.428313 -4.5535884 7.1598253 1260161836275
111.44102 29.729853 21.957596 3.4285138 -4.566989 7.1416616 1260161836283
110.66897 29.84336 21.959717 3.4285138 -4.566989 7.1416616 1260161836288
110.66897 29.84336 21.959717 3.4402816 -4.5906157 7.152328 1260161836300
109.83552 29.851192 22.061731 3.4402816 -4.5906157 7.152328 1260161836306
109.83552 29.851192 22.061731 3.483469 -4.634173 7.206046 1260161836314
109.04374 29.908632 22.258644 3.483469 -4.634173 7.206046 1260161836317
109.04374 29.908632 22.258644 3.5857885 -4.7300334 7.3122406 1260161836320
109.19155 30.113201 22.545712 3.5857885 -4.7300334 7.3122406 1260161836333
109.19155 30.113201 22.545712 3.75518 -4.9150815 7.4539866 1260161836340
110.08197 30.45754 22.968426 3.75518 -4.9150815 7.4539866 1260161836352
110.08197 30.45754 22.968426 4.00191 -5.1807714 7.5940933 1260161836355
111.37787 30.934664 23.520004 4.00191 -5.1807714 7.5940933 1260161836376
111.37787 30.934664 23.520004 4.3050866 -5.5074077 7.699954 1260161836381
112.70898 31.537931 24.094004 4.3050866 -5.5074077 7.699954 1260161836397
112.70898 31.537931 24.094004 4.6128535 -5.8585734 7.7426353 1260161836401
113.823524 32.111034 24.739304 4.6128535 -5.8585734 7.7426353 1260161836415
113.823524 32.111034 24.739304 4.896379 -6.152682 7.7014604 1260161836421
115.08235 32.55548 25.602339 4.896379 -6.152682 7.7014604 1260161836434
115.08235 32.55548 25.602339 5.124867 -6.3149495 7.5574675 1260161836440
117.07823 32.677708 26.872221 5.124867 -6.3149495 7.5574675 1260161836458
117.07823 32.677708 26.872221 5.267019 -6.2961254 7.3089876 1260161836466
122.97432 31.893822 29.12861 5.267019 -6.2961254 7.3089876 1260161836472
122.97432 31.893822 29.12861 5.3087635 -6.0759807 6.974184 1260161836477
117.3256 22.949131 30.52218 5.3087635 -6.0759807 6.974184 1260161836495
117.3256 22.949131 30.52218 5.2088127 -5.665943 6.6118546 1260161836500
115.50932 18.201674 28.646072 5.2088127 -5.665943 6.6118546 1260161836513
115.50932 18.201674 28.646072 4.912278 -5.1122823 6.360941 1260161836516
114.38386 15.191589 25.563768 4.912278 -5.1122823 6.360941 1260161836530
114.38386 15.191589 25.563768 4.381999 -4.501858 6.3064475 1260161836534
113.11466 13.43201 22.13558 4.381999 -4.501858 6.3064475 1260161836553
113.11466 13.43201 22.13558 3.6296625 -4.0091257 6.506655 1260161836556
111.55893 12.510409 18.778801 3.6296625 -4.0091257 6.506655 1260161836578
111.55893 12.510409 18.778801 2.7440073 -3.7242234 6.875279 1260161836581
109.680984 12.184889 15.589861 2.7440073 -3.7242234 6.875279 1260161836590
109.680984 12.184889 15.589861 1.8719893 -3.6524231 7.260885 1260161836593
107.34694 12.725644 12.810368 1.8719893 -3.6524231 7.260885 1260161836611
107.34694 12.725644 12.810368 1.1736463 -3.8355083 7.503946 1260161836614
105.12959 14.539362 10.71985 1.1736463 -3.8355083 7.503946 1260161836630
105.12959 14.539362 10.71985 0.74789566 -4.2062535 7.454956 1260161836634
104.32311 18.562393 10.033857 0.74789566 -4.2062535 7.454956 1260161836650
104.32311 18.562393 10.033857 0.66895884 -4.8097568 7.0161495 1260161836654
105.60696 23.634274 10.232164 0.66895884 -4.8097568 7.0161495 1260161836670
105.60696 23.634274 10.232164 0.9446928 -5.6534486 6.1334677 1260161836674
108.32661 29.00256 10.770556 0.9446928 -5.6534486 6.1334677 1260161836690
108.32661 29.00256 10.770556 1.4940294 -6.619081 4.921722 1260161836694
111.81028 34.45243 11.432029 1.4940294 -6.619081 4.921722 1260161836710
111.81028 34.45243 11.432029 2.1759384 -7.5527763 3.4906657 1260161836713
115.719765 39.87981 12.060428 2.1759384 -7.5527763 3.4906657 1260161836730
115.719765 39.87981 12.060428 2.8291998 -8.295411 2.0187943 1260161836734
119.283775 45.08582 12.607407 2.8291998 -8.295411 2.0187943 1260161836750
119.283775 45.08582 12.607407 3.3285773 -8.844961 0.7301602 1260161836944
121.919586 49.831528 13.027037 3.3285773 -8.844961 0.7301602 1260161836955
121.919586 49.831528 13.027037 3.656567 -9.298932 -0.27475452 1260161836962
123.123604 53.58995 13.425685 3.656567 -9.298932 -0.27475452 1260161836964
123.123604 53.58995 13.425685 3.910271 -9.817374 -0.7983395 1260161836973
121.91743 54.410454 13.704401 3.910271 -9.817374 -0.7983395 1260161836976
121.91743 54.410454 13.704401 4.1124716 -10.4604 -0.65422684 1260161836988
120.02155 54.63993 13.719181 4.1124716 -10.4604 -0.65422684 1260161836996
120.02155 54.63993 13.719181 4.2466755 -11.101238 0.0036584889 1260161837000
118.02048 54.157932 13.533222 4.2466755 -11.101238 0.0036584889 1260161837005
118.02048 54.157932 13.533222 4.272698 -11.560211 0.9902697 1260161837008
116.16946 53.000034 12.856561 4.272698 -11.560211 0.9902697 1260161837019
116.16946 53.000034 12.856561 4.0604253 -11.625081 2.029022 1260161837023
114.56098 50.800034 11.413733 4.0604253 -11.625081 2.029022 1260161837028
114.56098 50.800034 11.413733 3.5645666 -11.202504 2.906874 1260161837034
113.532936 47.56003 9.143045 3.5645666 -11.202504 2.906874 1260161837037
113.532936 47.56003 9.143045 2.7734225 -10.380187 3.6393616 1260161837043
113.15629 44.032032 6.535893 2.7734225 -10.380187 3.6393616 1260161837046
113.15629 44.032032 6.535893 1.7535149 -9.355863 4.252822 1260161837054
113.148476 40.73043 3.6590984 1.7535149 -9.355863 4.252822 1260161837060
113.148476 40.73043 3.6590984 0.6191154 -8.390926 4.7368617 1260161837064
113.191055 37.89391 0.52614343 0.6191154 -8.390926 4.7368617 1260161837068
113.191055 37.89391 0.52614343 -0.5253038 -7.61657 5.0652633 1260161837079
111.2815 35.849213 -2.900164 -0.5253038 -7.61657 5.0652633 1260161837083
111.2815 35.849213 -2.900164 -1.5600636 -7.173088 5.231507 1260161837088
107.06743 35.10675 -5.855156 -1.5600636 -7.173088 5.231507 1260161837099
107.06743 35.10675 -5.855156 -2.3796413 -7.1740108 5.271622 1260161837102
103.71406 39.651413 -7.312398 -2.3796413 -7.1740108 5.271622 1260161837106
103.71406 39.651413 -7.312398 -2.7864046 -7.5480847 4.8772855 1260161837115
103.27836 43.46884 -6.896778 -2.7864046 -7.5480847 4.8772855 1260161837121
103.27836 43.46884 -6.896778 -2.6239297 -8.247369 4.108357 1260161837125
105.96444 47.7454 -5.551939 -2.6239297 -8.247369 4.108357 1260161837127
105.96444 47.7454 -5.551939 -1.898205 -9.165709 2.9944618 1260161837138
111.61622 52.358128 -3.824342 -1.898205 -9.165709 2.9944618 1260161837146
111.61622 52.358128 -3.824342 -0.75112283 -10.103509 1.5555729 1260161837153
117.43541 56.740223 -2.033125 -0.75112283 -10.103509 1.5555729 1260161837161
117.43541 56.740223 -2.033125 0.446887 -10.994419 0.30099612 1260161837164
121.81364 60.703213 -0.43146867 0.446887 -10.994419 0.30099612 1260161837172
121.81364 60.703213 -0.43146867 1.377286 -11.750209 -0.6742883 1260161837175
123.92296 64.11805 0.84010476 1.377286 -11.750209 -0.6742883 1260161837180
123.92296 64.11805 0.84010476 1.9022689 -12.260499 -1.2827733 1260161837183
123.37681 66.512146 1.3980995 1.9022689 -12.260499 -1.2827733 1260161837194
123.37681 66.512146 1.3980995 1.9869441 -12.47491 -1.4985328 1260161837198
120.60797 66.78654 0.42819452 1.9869441 -12.47491 -1.4985328 1260161837206
120.60797 66.78654 0.42819452 1.7357299 -12.3156185 -1.4099858 1260161837214
117.12757 64.04721 -2.4432154 1.7357299 -12.3156185 -1.4099858 1260161837219
117.12757 64.04721 -2.4432154 1.2539533 -11.800628 -1.1038544 1260161837223
115.32119 60.14485 -4.7710547 1.2539533 -11.800628 -1.1038544 1260161837238
115.32119 60.14485 -4.7710547 0.6280543 -11.030127 -0.5985092 1260161837243
114.10513 55.93761 -6.632502 0.6280543 -11.030127 -0.5985092 1260161837255
114.10513 55.93761 -6.632502 -0.077555604 -10.071372 0.056590255 1260161837264
113.09988 51.74073 -8.350877 -0.077555604 -10.071372 0.056590255 1260161837274
113.09988 51.74073 -8.350877 -0.7703586 -9.070661 0.69800323 1260161837278
112.14488 47.853695 -10.083333 -0.7703586 -9.070661 0.69800323 1260161837299
112.14488 47.853695 -10.083333 -1.3944707 -8.1880865 1.2283475 1260161837303
110.98764 44.41101 -12.129167 -1.3944707 -8.1880865 1.2283475 1260161837312
110.98764 44.41101 -12.129167 -1.8879485 -7.5164905 1.5428518 1260161837321
107.33826 42.14046 -15.122708 -1.8879485 -7.5164905 1.5428518 1260161837335
107.33826 42.14046 -15.122708 -2.1946702 -7.1318126 1.5923785 1260161837341
104.971344 46.13344 -15.516573 -2.1946702 -7.1318126 1.5923785 1260161837355
104.971344 46.13344 -15.516573 -2.2436137 -7.123903 1.3629358 1260161837358
105.82278 50.026768 -14.190744 -2.2436137 -7.123903 1.3629358 1260161837380
105.82278 50.026768 -14.190744 -1.971394 -7.4970775 0.8364643 1260161837383
108.43164 54.075428 -12.381207 -1.971394 -7.4970775 0.8364643 1260161837396
108.43164 54.075428 -12.381207 -1.3450357 -8.173715 0.037349753 1260161837405
112.06006 58.12166 -10.362147 -1.3450357 -8.173715 0.037349753 1260161837417
112.06006 58.12166 -10.362147 -0.41016772 -9.059643 -0.9410966 1260161837423
115.80705 62.015575 -8.24404 -0.41016772 -9.059643 -0.9410966 1260161837435
115.80705 62.015575 -8.24404 0.6325478 -9.9530325 -1.8379319 1260161837438
118.8167 65.6148 -6.1318374 0.6325478 -9.9530325 -1.8379319 1260161837453
118.8167 65.6148 -6.1318374 1.5870336 -10.728203 -2.44544 1260161837462
119.82587 68.68406 -4.1752453 1.5870336 -10.728203 -2.44544 1260161837472
119.82587 68.68406 -4.1752453 2.2758696 -11.3338585 -2.6827452 1260161837475
118.83457 68.499855 -2.716483 2.2758696 -11.3338585 -2.6827452 1260161837495
118.83457 68.499855 -2.716483 2.587712 -11.677005 -2.5022988 1260161837498
116.79285 68.024864 -2.280659 2.587712 -11.677005 -2.5022988 1260161837519
116.79285 68.024864 -2.280659 2.5359623 -11.719009 -2.0094345 1260161837717
114.4532 65.67362 -3.116626 2.5359623 -11.719009 -2.0094345 1260161837726
114.4532 65.67362 -3.116626 2.1735322 -11.389121 -1.2892369 1260161837737
112.58054 62.03994 -4.460795 2.1735322 -11.389121 -1.2892369 1260161837741
112.58054 62.03994 -4.460795 1.5942726 -10.707297 -0.42457965 1260161837744
111.15152 57.887943 -6.037755 1.5942726 -10.707297 -0.42457965 1260161837757
111.15152 57.887943 -6.037755 0.90981555 -9.806226 0.34849253 1260161837761
110.043945 53.593548 -7.785867 0.90981555 -9.806226 0.34849253 1260161837764
110.043945 53.593548 -7.785867 0.22621146 -8.862357 0.9126568 1260161837775
109.241745 49.61387 -10.146574 0.22621146 -8.862357 0.9126568 1260161837781
109.241745 49.61387 -10.146574 -0.3244649 -8.134574 1.1115092 1260161837784
120.37966 55.583176 -12.539246 -0.3244649 -8.134574 1.1115092 1260161837787
120.37966 55.583176 -12.539246 -0.63513 -7.803438 0.870016 1260161837796
119.56068 59.704018 -11.962283 -0.63513 -7.803438 0.870016 1260161837799
119.56068 59.704018 -11.962283 -0.61018366 -7.925391 0.26263276 1260161837805
120.93264 63.518818 -10.564169 -0.61018366 -7.925391 0.26263276 1260161837808
120.93264 63.518818 -10.564169 -0.21396814 -8.43147 -0.615391 1260161837816
123.336006 67.19288 -8.83596 -0.21396814 -8.43147 -0.615391 1260161837819
123.336006 67.19288 -8.83596 0.48523882 -9.162859 -1.6027424 1260161837823
126.169205 70.63323 -6.9441624 0.48523882 -9.162859 -1.6027424 1260161837828
126.169205 70.63323 -6.9441624 1.3204209 -9.920332 -2.4726245 1260161837839
128.66075 73.70157 -4.9969544 1.3204209 -9.920332 -2.4726245 1260161837842
128.66075 73.70157 -4.9969544 2.0723016 -10.550037 -2.9741673 1260161837846
129.57771 76.26649 -3.0971067 2.0723016 -10.550037 -2.9741673 1260161837864
129.57771 76.26649 -3.0971067 2.5850074 -10.956891 -3.0120578 1260161837867
127.69883 75.25317 -1.7422513 2.5850074 -10.956891 -3.0120578 1260161837878
127.69883 75.25317 -1.7422513 2.762215 -11.032177 -2.5788326 1260161837883
124.71389 72.59051 -1.6551387 2.762215 -11.032177 -2.5788326 1260161837886
124.71389 72.59051 -1.6551387 2.6295524 -10.753656 -1.7804509 1260161837892
121.8782 68.81098 -2.2723818 2.6295524 -10.753656 -1.7804509 1260161837897
121.8782 68.81098 -2.2723818 2.277425 -10.172388 -0.7945285 1260161837901
119.384285 64.720436 -3.2087626 2.277425 -10.172388 -0.7945285 1260161837906
119.384285 64.720436 -3.2087626 1.7849082 -9.428818 0.19998436 1260161837915
117.06507 60.684414 -4.4483247 1.7849082 -9.428818 0.19998436 1260161837921
117.06507 60.684414 -4.4483247 1.2509584 -8.687013 0.98813754 1260161837924
114.66182 57.150192 -6.2759085 1.2509584 -8.687013 0.98813754 1260161837936
114.66182 57.150192 -6.2759085 0.76277465 -8.135527 1.4079516 1260161837945
111.07873 61.39268 -8.562113 0.76277465 -8.135527 1.4079516 1260161837948
111.07873 61.39268 -8.562113 0.42566928 -7.959615 1.3246146 1260161837958
110.57479 64.723045 -8.384007 0.42566928 -7.959615 1.3246146 1260161837964
110.57479 64.723045 -8.384007 0.3287929 -8.196342 0.7741806 1260161837968
111.89605 68.036896 -7.514807 0.3287929 -8.196342 0.7741806 1260161837976
111.89605 68.036896 -7.514807 0.51257235 -8.765147 -0.08583544 1260161837980
114.20125 71.28505 -6.339067 0.51257235 -8.765147 -0.08583544 1260161838001
114.20125 71.28505 -6.339067 0.9241569 -9.504369 -1.0724239 1260161838004
116.79118 74.32079 -5.022114 0.9241569 -9.504369 -1.0724239 1260161838007
116.79118 74.32079 -5.022114 1.4166338 -10.184836 -1.9238749 1260161838018
119.15163 77.054756 -3.6210082 1.4166338 -10.184836 -1.9238749 1260161838026
119.15163 77.054756 -3.6210082 1.8402208 -10.661708 -2.455579 1260161838035
120.044044 79.05202 -2.3399577 1.8402208 -10.661708 -2.455579 1260161838043
120.044044 79.05202 -2.3399577 2.0614777 -10.858673 -2.5459585 1260161838048
118.141846 78.19942 -1.7229599 2.0614777 -10.858673 -2.5459585 1260161838056
118.141846 78.19942 -1.7229599 2.04285 -10.732522 -2.2095883 1260161838060
115.334755 74.88944 -2.2368119 2.04285 -10.732522 -2.2095883 1260161838065
115.334755 74.88944 -2.2368119 1.8303827 -10.307583 -1.597199 1260161838096
112.76802 70.54497 -3.1749713 1.8303827 -10.307583 -1.597199 1260161838139
112.76802 70.54497 -3.1749713 1.5011885 -9.655319 -0.90850943 1260161838162
110.22962 66.16772 -4.3162227 1.5011885 -9.655319 -0.90850943 1260161838165
110.22962 66.16772 -4.3162227 1.1680235 -9.00298 -0.36662227 1260161838205
107.26814 63.159332 -5.9004116 1.1680235 -9.00298 -0.36662227 1260161838233
107.26814 63.159332 -5.9004116 0.92915267 -8.584839 -0.10108185 1260161838236
106.75474 65.05137 -5.755391 0.92915267 -8.584839 -0.10108185 1260161838241
106.75474 65.05137 -5.755391 0.86362654 -8.510407 -0.16208644 1260161838245
108.417 67.7488 -4.8676214 0.86362654 -8.510407 -0.16208644 1260161838258
108.417 67.7488 -4.8676214 0.9886565 -8.770672 -0.502663 1260161838262
111.09615 70.61136 -3.7242403 0.9886565 -8.770672 -0.502663 1260161838267
111.09615 70.61136 -3.7242403 1.2844995 -9.244701 -1.0094044 1260161838277
114.24135 73.43079 -2.4380283 1.2844995 -9.244701 -1.0094044 1260161838281
114.24135 73.43079 -2.4380283 1.6785992 -9.765856 -1.5568675 1260161838284
117.47928 76.05926 -1.1161269 1.6785992 -9.765856 -1.5568675 1260161838295
117.47928 76.05926 -1.1161269 2.0727434 -10.233711 -1.9754858 1260161838300
119.855316 78.20629 0.23967952 2.0727434 -10.233711 -1.9754858 1260161838304
119.855316 78.20629 0.23967952 2.3777168 -10.535841 -2.0796547 1260161838307
119.41255 77.39597 1.4276956 2.3777168 -10.535841 -2.0796547 1260161838316
119.41255 77.39597 1.4276956 2.526471 -10.582465 -1.8244861 1260161838320
116.74192 75.126175 1.7563108 2.526471 -10.582465 -1.8244861 1260161838327
116.74192 75.126175 1.7563108 2.4859555 -10.389084 -1.2122835 1260161838505
114.00482 71.66987 1.3184953 2.4859555 -10.389084 -1.2122835 1260161838516
114.00482 71.66987 1.3184953 2.254057 -9.962248 -0.32627618 1260161838522
111.40458 68.03638 0.5025705 2.254057 -9.962248 -0.32627618 1260161838525
111.40458 68.03638 0.5025705 1.8900586 -9.442343 0.61962634 1260161838537
108.93435 64.58456 -0.62255806 1.8900586 -9.442343 0.61962634 1260161838543
108.93435 64.58456 -0.62255806 1.4720725 -8.962053 1.3922455 1260161838546
106.48763 62.00533 -2.0914302 1.4720725 -8.962053 1.3922455 1260161838558
106.48763 62.00533 -2.0914302 1.1246998 -8.63381 1.7836821 1260161838562
105.66325 62.755062 -2.6368587 1.1246998 -8.63381 1.7836821 1260161838578
105.66325 62.755062 -2.6368587 0.97448444 -8.620264 1.7217387 1260161838581
107.78009 65.76731 -2.0050159 0.97448444 -8.620264 1.7217387 1260161838585
107.78009 65.76731 -2.0050159 1.0694549 -8.894104 1.1998006 1260161838593
111.14108 69.07895 -1.004765 1.0694549 -8.894104 1.1998006 1260161838596
111.14108 69.07895 -1.004765 1.3946278 -9.383755 0.38251927 1260161838603
114.884026 72.275 0.09547329 1.3946278 -9.383755 0.38251927 1260161838606
114.884026 72.275 0.09547329 1.8356595 -9.960609 -0.47289604 1260161838616
118.43983 75.31125 1.1906997 1.8356595 -9.960609 -0.47289604 1260161838620
118.43983 75.31125 1.1906997 2.2410192 -10.429624 -1.1901982 1260161838626
121.117836 77.84569 2.2311647 2.2410192 -10.429624 -1.1901982 1260161838629
121.117836 77.84569 2.2311647 2.5021658 -10.700166 -1.5808407 1260161838637
121.66194 79.4534 3.0696065 2.5021658 -10.700166 -1.5808407 1260161838640
121.66194 79.4534 3.0696065 2.5718284 -10.71542 -1.5644523 1260161838644
119.22884 77.88073 3.1661263 2.5718284 -10.71542 -1.5644523 1260161838655
119.22884 77.88073 3.1661263 2.4752448 -10.473848 -1.2226759 1260161838661
116.3674 74.58669 2.45782 2.4752448 -10.473848 -1.2226759 1260161838664
116.3674 74.58669 2.45782 2.2588642 -10.047542 -0.7059415 1260161838674
113.59903 70.70736 1.334929 2.2588642 -10.047542 -0.7059415 1260161838678
113.59903 70.70736 1.334929 1.9654514 -9.517242 -0.16328646 1260161838684
110.81908 66.82199 -0.23181745 1.9654514 -9.517242 -0.16328646 1260161838697
110.81908 66.82199 -0.23181745 1.6158834 -8.976003 0.2834531 1260161838701
107.67812 63.53089 -2.5202265 1.6158834 -8.976003 0.2834531 1260161838706
107.67812 63.53089 -2.5202265 1.2259073 -8.535375 0.57097113 1260161838717
103.944214 61.104347 -5.4442153 1.2259073 -8.535375 0.57097113 1260161838721
103.944214 61.104347 -5.4442153 0.8104829 -8.211439 0.7072288 1260161838724
100.247 59.54913 -8.172005 0.8104829 -8.211439 0.7072288 1260161838735
100.247 59.54913 -8.172005 0.387908 -8.020836 0.69161683 1260161838741
97.58465 63.321674 -9.863404 0.387908 -8.020836 0.69161683 1260161838744
97.58465 63.321674 -9.863404 -0.004684915 -8.013422 0.55011624 1260161838748
95.855415 66.405594 -10.8702345 -0.004684915 -8.013422 0.55011624 1260161838755
95.855415 66.405594 -10.8702345 -0.33610615 -8.156203 0.33873573 1260161838759
94.86265 68.885315 -11.376723 -0.33610615 -8.156203 0.33873573 1260161838765
94.86265 68.885315 -11.376723 -0.5855786 -8.423963 0.122260846 1260161838767
94.41952 70.69105 -11.357887 -0.5855786 -8.423963 0.122260846 1260161838778
94.41952 70.69105 -11.357887 -0.7204249 -8.815218 -0.03640009 1260161838782
93.148544 71.8565 -10.939993 -0.7204249 -8.815218 -0.03640009 1260161838798
93.148544 71.8565 -10.939993 -0.7327559 -9.328563 -0.08838046 1260161838801
106.24112 72.563675 -10.242993 -0.7327559 -9.328563 -0.08838046 1260161838805
106.24112 72.563675 -10.242993 -0.6450418 -9.922479 -0.0315231 1260161838816
117.229065 73.03549 -9.430843 -0.6450418 -9.922479 -0.0315231 1260161838822
117.229065 73.03549 -9.430843 -0.48748252 -10.582041 0.08310194 1260161838825
127.16761 73.433716 -8.609302 -0.48748252 -10.582041 0.08310194 1260161838837
127.16761 73.433716 -8.609302 -0.30987948 -11.241314 0.17020318 1260161838843
135.00923 74.61203 -7.8288364 -0.30987948 -11.241314 0.17020318 1260161838846
135.00923 74.61203 -7.8288364 -0.15477695 -11.815866 0.15147775 1260161838858
138.55878 75.88143 -7.1373944 -0.15477695 -11.815866 0.15147775 1260161838861
138.55878 75.88143 -7.1373944 -0.04352345 -12.271797 -0.016816229 1260161838865
140.43083 77.58736 -6.580525 -0.04352345 -12.271797 -0.016816229 1260161838875
140.43083 77.58736 -6.580525 0.019944288 -12.589839 -0.35307902 1260161838883
141.90929 79.85799 -6.151499 0.019944288 -12.589839 -0.35307902 1260161838886
141.90929 79.85799 -6.151499 0.058446083 -12.785059 -0.8727478 1260161838897
143.16382 82.56509 -5.7439237 0.058446083 -12.785059 -0.8727478 1260161838905
143.16382 82.56509 -5.7439237 0.09366075 -12.8915205 -1.55848 1260161838908
144.15562 85.63683 -5.4067273 0.09366075 -12.8915205 -1.55848 1260161838924
144.15562 85.63683 -5.4067273 0.11894248 -12.930005 -2.424446 1260161838927
144.34784 88.954994 -5.186391 0.11894248 -12.930005 -2.424446 1260161838940
144.34784 88.954994 -5.186391 0.09052178 -12.859646 -3.3976188 1260161838944
142.93045 92.457245 -5.2270713 0.09052178 -12.859646 -3.3976188 1260161838961
142.93045 92.457245 -5.2270713 -0.042035576 -12.637532 -4.3166847 1260161838964
138.13393 96.134384 -5.8157177 -0.042035576 -12.637532 -4.3166847 1260161838976
138.13393 96.134384 -5.8157177 -0.33209026 -12.256951 -5.0304394 1260161838985
132.22723 99.427666 -7.774932 -0.33209026 -12.256951 -5.0304394 1260161839005
132.22723 99.427666 -7.774932 -0.8228437 -11.868158 -5.234518 1260161839009
127.31587 95.90628 -10.386186 -0.8228437 -11.868158 -5.234518 1260161839021
127.31587 95.90628 -10.386186 -1.4232198 -11.635009 -4.8767686 1260161839024
122.90008 92.76096 -11.866877 -1.4232198 -11.635009 -4.8767686 1260161839033
122.90008 92.76096 -11.866877 -2.0541878 -11.651192 -4.032273 1260161839238
118.75507 89.92291 -12.623533 -2.0541878 -11.651192 -4.032273 1260161839242
118.75507 89.92291 -12.623533 -2.6066172 -11.904241 -2.8622525 1260161839259
114.86732 87.32677 -12.992356 -2.6066172 -11.904241 -2.8622525 1260161839263
114.86732 87.32677 -12.992356 -2.9495935 -12.1834545 -1.7207683 1260161839266
111.123955 85.01043 -12.992739 -2.9495935 -12.1834545 -1.7207683 1260161839274
111.123955 85.01043 -12.992739 -3.07384 -12.339065 -0.78686327 1260161839278
107.61776 82.95991 -12.5931015 -3.07384 -12.339065 -0.78686327 1260161839285
107.61776 82.95991 -12.5931015 -3.0039132 -12.333665 -0.12507023 1260161839288
104.436874 81.41191 -11.713447 -3.0039132 -12.333665 -0.12507023 1260161839300
104.436874 81.41191 -11.713447 -2.8005981 -12.227745 0.28162152 1260161839303
101.56503 80.09132 -10.527774 -2.8005981 -12.227745 0.28162152 1260161839307
101.56503 80.09132 -10.527774 -2.5550106 -12.037227 0.5392664 1260161839315
98.98678 78.836754 -9.351385 -2.5550106 -12.037227 0.5392664 1260161839318
98.98678 78.836754 -9.351385 -2.3230643 -11.801072 0.7479351 1260161839322
96.43744 77.444916 -8.083816 -2.3230643 -11.801072 0.7479351 1260161839325
96.43744 77.444916 -8.083816 -2.091819 -11.538588 0.9461704 1260161839328
93.96557 75.77267 -7.029625 -2.091819 -11.538588 0.9461704 1260161839334
93.96557 75.77267 -7.029625 -1.903463 -11.226574 1.1651397 1260161839337
91.51729 73.93404 -6.028144 -1.903463 -11.226574 1.1651397 1260161839340
91.51729 73.93404 -6.028144 -1.7190766 -10.916541 1.4085734 1260161839343
89.69142 72.13734 -5.2267365 -1.7190766 -10.916541 1.4085734 1260161839354
89.69142 72.13734 -5.2267365 -1.560254 -10.626777 1.6595849 1260161839357
88.50685 70.38047 -4.6653996 -1.560254 -10.626777 1.6595849 1260161839360
88.50685 70.38047 -4.6653996 -1.4393371 -10.339923 1.903494 1260161839363
