94.08676 17.757404 11.87044 1.8288141 -2.8279674 8.9356 1260161804674
94.08676 17.757404 11.87044 1.9770916 -2.922882 8.868828 1260161804677
96.032425 18.569534 12.826918 1.9770916 -2.922882 8.868828 1260161804705
96.032425 18.569534 12.826918 2.1424718 -3.0620842 8.752955 1260161804708
98.1808 19.491058 13.8855715 2.1424718 -3.0620842 8.752955 1260161804713
98.1808 19.491058 13.8855715 2.333634 -3.2324634 8.6183605 1260161804716
98.92176 20.416506 14.741293 2.333634 -3.2324634 8.6183605 1260161804736
98.92176 20.416506 14.741293 2.4791439 -3.3861513 8.487771 1260161804739
98.325676 21.09568 15.404228 2.4791439 -3.3861513 8.487771 1260161804751
98.325676 21.09568 15.404228 2.5724313 -3.4776733 8.385504 1260161804754
97.35939 21.540895 15.784017 2.5724313 -3.4776733 8.385504 1260161804770
97.35939 21.540895 15.784017 2.617469 -3.5292063 8.318995 1260161804774
96.24142 21.71385 15.744816 2.617469 -3.5292063 8.318995 1260161804791
96.24142 21.71385 15.744816 2.5996444 -3.5373018 8.274881 1260161804794
95.02934 21.578157 15.307575 2.5996444 -3.5373018 8.274881 1260161804810
95.02934 21.578157 15.307575 2.5166523 -3.493235 8.249317 1260161804813
93.77788 21.04925 14.392197 2.5166523 -3.493235 8.249317 1260161804831
93.77788 21.04925 14.392197 2.3710701 -3.3962092 8.222307 1260161804834
92.53899 20.346786 13.222587 2.3710701 -3.3962092 8.222307 1260161804850
92.53899 20.346786 13.222587 2.191225 -3.276794 8.210268 1260161804854
91.312035 19.829447 11.861457 2.191225 -3.276794 8.210268 1260161804876
91.312035 19.829447 11.861457 1.9767871 -3.185142 8.215176 1260161804879
90.196434 19.737974 10.768384 1.9767871 -3.185142 8.215176 1260161804890
90.196434 19.737974 10.768384 1.8003118 -3.1614075 8.203493 1260161804894
89.23661 20.301075 10.179965 1.8003118 -3.1614075 8.203493 1260161804911
89.23661 20.301075 10.179965 1.701443 -3.231478 8.17605 1260161804914
89.07478 22.03602 10.120967 1.701443 -3.231478 8.17605 1260161804930
89.07478 22.03602 10.120967 1.6844726 -3.4424205 8.018543 1260161804934
90.47105 24.28422 10.614919 1.6844726 -3.4424205 8.018543 1260161804951
90.47105 24.28422 10.614919 1.7936579 -3.7905967 7.7122774 1260161804954
93.197495 28.870008 11.334173 1.7936579 -3.7905967 7.7122774 1260161804970
93.197495 28.870008 11.334173 1.9995365 -4.23918 7.23745 1260161804974
96.78762 33.626507 12.067465 1.9995365 -4.23918 7.23745 1260161804991
96.78762 33.626507 12.067465 2.2863777 -4.768849 6.5534563 1260161804994
100.84824 38.495182 12.814092 2.2863777 -4.768849 6.5534563 1260161805010
100.84824 38.495182 12.814092 2.650133 -5.3265157 5.7252355 1260161805014
105.15583 43.370422 13.523387 2.650133 -5.3265157 5.7252355 1260161805030
105.15583 43.370422 13.523387 3.0672073 -5.8944364 4.7627234 1260161805214
109.49804 48.1519 14.197218 3.0672073 -5.8944364 4.7627234 1260161805220
109.49804 48.1519 14.197218 3.541064 -6.5109158 3.695108 1260161805223
113.42314 52.694305 14.887357 3.541064 -6.5109158 3.695108 1260161805227
113.42314 52.694305 14.887357 4.0545626 -7.164673 2.6420553 1260161805235
116.401985 56.65959 15.542989 4.0545626 -7.164673 2.6420553 1260161805238
116.401985 56.65959 15.542989 4.509016 -7.8429475 1.863667 1260161805244
117.53188 59.726612 16.06584 4.509016 -7.8429475 1.863667 1260161805247
117.53188 59.726612 16.06584 4.8086295 -8.498205 1.5852469 1260161805255
116.40529 59.89028 16.062548 4.8086295 -8.498205 1.5852469 1260161805258
116.40529 59.89028 16.062548 4.8446913 -8.98722 1.8832682 1260161805262
114.43503 58.595768 15.059421 4.8446913 -8.98722 1.8832682 1260161805267
114.43503 58.595768 15.059421 4.527545 -9.153499 2.7091594 1260161805276
112.513275 56.01598 13.356449 4.527545 -9.153499 2.7091594 1260161805280
112.513275 56.01598 13.356449 3.8700838 -8.869483 3.8424368 1260161805283
110.83761 52.765182 11.338627 3.8700838 -8.869483 3.8424368 1260161805288
110.83761 52.765182 11.338627 2.955382 -8.173351 5.020522 1260161805294
109.29573 49.226925 9.021695 2.955382 -8.173351 5.020522 1260161805302
109.29573 49.226925 9.021695 1.910032 -7.282523 5.939484 1260161805305
107.58094 45.81558 6.37061 1.910032 -7.282523 5.939484 1260161805308
107.58094 45.81558 6.37061 0.88902783 -6.496166 6.4862905 1260161805319
104.85189 43.2748 3.1520796 0.88902783 -6.496166 6.4862905 1260161805323
104.85189 43.2748 3.1520796 0.049148105 -6.08555 6.6516275 1260161805328
101.8593 43.16106 0.5944755 0.049148105 -6.08555 6.6516275 1260161805336
101.8593 43.16106 0.5944755 -0.450452 -6.2198477 6.3728466 1260161805340
102.016335 46.453007 0.41475174 -0.450452 -6.2198477 6.3728466 1260161805343
102.016335 46.453007 0.41475174 -0.48036775 -6.798264 5.745703 1260161805348
105.36552 50.330357 1.2940142 -0.48036775 -6.798264 5.745703 1260161805354
105.36552 50.330357 1.2940142 0.0019753682 -7.6671567 4.787616 1260161805362
110.347244 54.46384 2.5293136 0.0019753682 -7.6671567 4.787616 1260161805365
110.347244 54.46384 2.5293136 0.82250255 -8.678522 3.5539496 1260161805376
115.32988 58.49065 3.752848 0.82250255 -8.678522 3.5539496 1260161805382
115.32988 58.49065 3.752848 1.6707861 -9.608674 2.3377006 1260161805385
119.063385 62.016117 4.7652054 1.6707861 -9.608674 2.3377006 1260161805396
119.063385 62.016117 4.7652054 2.2253602 -10.32615 1.4676104 1260161805404
119.510216 64.36531 4.926945 2.2253602 -10.32615 1.4676104 1260161805407
119.510216 64.36531 4.926945 2.2325892 -10.633192 1.1429344 1260161805415
116.18471 62.297047 2.480598 2.2325892 -10.633192 1.1429344 1260161805421
116.18471 62.297047 2.480598 1.7314178 -10.321501 1.4297014 1260161805424
113.42547 58.132195 0.35656807 1.7314178 -10.321501 1.4297014 1260161805441
113.42547 58.132195 0.35656807 0.9100291 -9.396815 2.13049 1260161805444
111.1542 53.675583 -1.5612603 0.9100291 -9.396815 2.13049 1260161805452
111.1542 53.675583 -1.5612603 -0.022156939 -8.18807 2.8895388 1260161805455
108.94649 49.341805 -3.4331973 -0.022156939 -8.18807 2.8895388 1260161805470
108.94649 49.341805 -3.4331973 -0.8164774 -7.096968 3.459449 1260161805478
105.949165 46.124714 -5.9615374 -0.8164774 -7.096968 3.459449 1260161805492
105.949165 46.124714 -5.9615374 -1.2979939 -6.5739083 3.6222181 1260161805499
105.201706 49.46848 -6.4634604 -1.2979939 -6.5739083 3.6222181 1260161805512
105.201706 49.46848 -6.4634604 -1.3767889 -6.7382693 3.2885594 1260161805521
107.891624 53.045055 -5.4402876 -1.3767889 -6.7382693 3.2885594 1260161805535
107.891624 53.045055 -5.4402876 -1.02056 -7.3915553 2.596343 1260161805538
111.79704 56.692802 -4.068273 -1.02056 -7.3915553 2.596343 1260161805552
111.79704 56.692802 -4.068273 -0.36751264 -8.32885 1.7160447 1260161805558
115.757195 60.20816 -2.6648593 -0.36751264 -8.32885 1.7160447 1260161805574
115.757195 60.20816 -2.6648593 0.34413868 -9.279209 0.88793343 1260161805581
118.71934 63.247753 -1.4316163 0.34413868 -9.279209 0.88793343 1260161805592
118.71934 63.247753 -1.4316163 0.8765128 -10.059467 0.32392046 1260161805595
118.88337 65.085365 -0.9100355 0.8765128 -10.059467 0.32392046 1260161805615
118.88337 65.085365 -0.9100355 0.9736578 -10.4486265 0.25392407 1260161805618
116.0892 63.331097 -2.2145338 0.9736578 -10.4486265 0.25392407 1260161805632
116.0892 63.331097 -2.2145338 0.65392995 -10.222438 0.68729424 1260161805639
113.38474 59.31454 -3.8038073 0.65392995 -10.222438 0.68729424 1260161805655
113.38474 59.31454 -3.8038073 0.0716524 -9.42597 1.4306513 1260161805662
111.0155 54.848812 -5.213617 0.0716524 -9.42597 1.4306513 1260161805672
111.0155 54.848812 -5.213617 -0.60886157 -8.324731 2.2192438 1260161805675
108.61473 50.55637 -6.652936 -0.60886157 -8.324731 2.2192438 1260161805695
108.61473 50.55637 -6.652936 -1.1416198 -7.388197 2.748438 1260161805698
105.83399 48.62855 -8.770289 -1.1416198 -7.388197 2.748438 1260161805717
105.83399 48.62855 -8.770289 -1.363756 -7.093699 2.845286 1260161805721
106.94229 51.497124 -8.131775 -1.363756 -7.093699 2.845286 1260161805735
106.94229 51.497124 -8.131775 -1.2458539 -7.4261603 2.5177848 1260161805744
109.59518 54.722267 -6.9751863 -1.2458539 -7.4261603 2.5177848 1260161805750
109.59518 54.722267 -6.9751863 -0.8519057 -8.209177 1.937657 1260161805754
112.715416 57.886154 -5.676427 -0.8519057 -8.209177 1.937657 1260161805770
112.715416 57.886154 -5.676427 -0.32033992 -9.135555 1.3129857 1260161805774
115.62965 60.791847 -4.4426055 -0.32033992 -9.135555 1.3129857 1260161805791
115.62965 60.791847 -4.4426055 0.124037035 -9.873963 0.8455361 1260161805976
116.74816 62.852253 -3.6704752 0.124037035 -9.873963 0.8455361 1260161805983
116.74816 62.852253 -3.6704752 0.28604648 -10.209064 0.7440108 1260161805986
114.41075 61.55964 -4.2369514 0.28604648 -10.209064 0.7440108 1260161805994
114.41075 61.55964 -4.2369514 0.12804948 -10.024817 1.1167828 1260161805997
111.49021 58.081657 -5.3251038 0.12804948 -10.024817 1.1167828 1260161806000
111.49021 58.081657 -5.3251038 -0.25155053 -9.40508 1.8141489 1260161806004
108.6157 54.177574 -6.408849 -0.25155053 -9.40508 1.8141489 1260161806012
108.6157 54.177574 -6.408849 -0.7054699 -8.584102 2.564498 1260161806017
105.834915 50.868694 -7.3884063 -0.7054699 -8.584102 2.564498 1260161806021
105.834915 50.868694 -7.3884063 -1.0100241 -7.9975815 3.101627 1260161806024
104.29317 50.62526 -7.568986 -1.0100241 -7.9975815 3.101627 1260161806032
104.29317 50.62526 -7.568986 -1.0371588 -7.899393 3.2278059 1260161806035
106.928505 53.393997 -6.4905367 -1.0371588 -7.899393 3.2278059 1260161806041
106.928505 53.393997 -6.4905367 -0.7891679 -8.281465 2.9581337 1260161806044
110.43208 56.474297 -5.21601 -0.7891679 -8.281465 2.9581337 1260161806047
110.43208 56.474297 -5.21601 -0.3547194 -8.980174 2.4772096 1260161806055
113.81048 59.45058 -4.0052094 -0.3547194 -8.980174 2.4772096 1260161806058
113.81048 59.45058 -4.0052094 0.09410058 -9.69911 1.9896858 1260161806062
116.51996 62.028053 -3.0049489 0.09410058 -9.69911 1.9896858 1260161806072
116.51996 62.028053 -3.0049489 0.36861268 -10.138976 1.6831722 1260161806080
117.39396 63.076653 -2.5547013 0.36861268 -10.138976 1.6831722 1260161806086
117.39396 63.076653 -2.5547013 0.39989632 -10.138704 1.6357886 1260161806089
114.22426 60.57282 -3.8269663 0.39989632 -10.138704 1.6357886 1260161806097
114.22426 60.57282 -3.8269663 0.23893091 -9.698509 1.8052945 1260161806101
110.71304 56.844177 -5.3856177 0.23893091 -9.698509 1.8052945 1260161806104
110.71304 56.844177 -5.3856177 -0.005242558 -9.114155 2.0289788 1260161806113
108.42739 55.801968 -5.616337 -0.005242558 -9.114155 2.0289788 1260161806115
108.42739 55.801968 -5.616337 -0.060142837 -8.845727 2.1788254 1260161806121
110.956024 56.511868 -4.58552 -0.060142837 -8.845727 2.1788254 1260161806126
110.956024 56.511868 -4.58552 0.113799684 -9.03883 2.219708 1260161806137
114.80822 57.236275 -3.4062438 0.113799684 -9.03883 2.219708 1260161806141
114.80822 57.236275 -3.4062438 0.48403132 -9.680602 2.1597989 1260161806146
118.56781 57.824463 -2.2359316 0.48403132 -9.680602 2.1597989 1260161806152
118.56781 57.824463 -2.2359316 0.9236026 -10.4871 2.2070808 1260161806157
119.53942 58.28324 -1.474135 0.9236026 -10.4871 2.2070808 1260161806163
119.53942 58.28324 -1.474135 1.13689 -10.991081 2.4467697 1260161806173
116.86245 57.61908 -1.5004283 1.13689 -10.991081 2.4467697 1260161806181
116.86245 57.61908 -1.5004283 1.0412276 -11.071468 2.9536912 1260161806184
113.36932 55.088127 -2.375407 1.0412276 -11.071468 2.9536912 1260161806193
113.36932 55.088127 -2.375407 0.66295886 -10.647969 3.753983 1260161806196
109.95086 51.73372 -3.5066366 0.66295886 -10.647969 3.753983 1260161806215
109.95086 51.73372 -3.5066366 0.12449597 -9.8765335 4.6157317 1260161806218
106.703316 48.54703 -4.781305 0.12449597 -9.8765335 4.6157317 1260161806232
106.703316 48.54703 -4.781305 -0.3346054 -9.181807 5.1926317 1260161806238
104.01815 47.06968 -5.6922398 -0.3346054 -9.181807 5.1926317 1260161806255
104.01815 47.06968 -5.6922398 -0.4976637 -8.874583 5.3375244 1260161806263
106.51724 49.966194 -4.857628 -0.4976637 -8.874583 5.3375244 1260161806273
106.51724 49.966194 -4.857628 -0.35155943 -9.046494 4.954194 1260161806276
110.29138 53.667885 -3.7147465 -0.35155943 -9.046494 4.954194 1260161806292
110.29138 53.667885 -3.7147465 0.024914708 -9.535335 4.175972 1260161806299
113.876816 57.33449 -2.529009 0.024914708 -9.535335 4.175972 1260161806313
113.876816 57.33449 -2.529009 0.41321093 -9.98339 3.3814983 1260161806317
116.58298 60.967766 -1.6525587 0.41321093 -9.98339 3.3814983 1260161806332
116.58298 60.967766 -1.6525587 0.5914075 -10.061723 2.7609088 1260161806336
114.50383 64.86938 -2.6699307 0.5914075 -10.061723 2.7609088 1260161806355
114.50383 64.86938 -2.6699307 0.48420113 -9.691435 2.490065 1260161806358
111.078636 60.07591 -5.136434 0.48420113 -9.691435 2.490065 1260161806372
111.078636 60.07591 -5.136434 0.12833561 -8.992343 2.5038083 1260161806379
108.174706 55.272114 -7.1296124 0.12833561 -8.992343 2.5038083 1260161806399
108.174706 55.272114 -7.1296124 -0.38339612 -8.117771 2.6571538 1260161806403
104.41597 50.85851 -9.373132 -0.38339612 -8.117771 2.6571538 1260161806412
104.41597 50.85851 -9.373132 -1.0105118 -7.270583 2.7694623 1260161806415
99.34517 47.465584 -12.404475 -1.0105118 -7.270583 2.7694623 1260161806435
99.34517 47.465584 -12.404475 -1.7417941 -6.668017 2.780813 1260161806438
94.87791 45.392303 -15.934252 -1.7417941 -6.668017 2.780813 1260161806457
94.87791 45.392303 -15.934252 -2.4943988 -6.4258723 2.701021 1260161806460
91.584015 44.57269 -18.18754 -2.4943988 -6.4258723 2.701021 1260161806472
91.584015 44.57269 -18.18754 -3.2039251 -6.5703945 2.605469 1260161806475
89.254814 44.794056 -19.328163 -3.2039251 -6.5703945 2.605469 1260161806494
89.254814 44.794056 -19.328163 -3.797615 -7.106086 2.534444 1260161806497
86.892075 45.704353 -19.661755 -3.797615 -7.106086 2.534444 1260161806511
86.892075 45.704353 -19.661755 -4.179789 -7.913278 2.5187278 1260161806518
96.89747 47.019135 -19.528667 -4.179789 -7.913278 2.5187278 1260161806538
96.89747 47.019135 -19.528667 -4.3794103 -8.82721 2.53921 1260161806542
104.7026 48.61818 -19.052235 -4.3794103 -8.82721 2.53921 1260161806552
104.7026 48.61818 -19.052235 -4.411735 -9.772401 2.5287035 1260161806715
111.51747 50.38727 -18.349623 -4.411735 -9.772401 2.5287035 1260161806724
111.51747 50.38727 -18.349623 -4.3239465 -10.681229 2.4560688 1260161806746
116.9416 52.717907 -17.582142 -4.3239465 -10.681229 2.4560688 1260161806753
116.9416 52.717907 -17.582142 -4.190833 -11.544615 2.1834414 1260161806758
121.244514 55.282013 -16.853035 -4.190833 -11.544615 2.1834414 1260161806762
121.244514 55.282013 -16.853035 -4.0562034 -12.364832 1.7215023 1260161806767
124.18229 58.017914 -16.310383 -4.0562034 -12.364832 1.7215023 1260161806773
124.18229 58.017914 -16.310383 -4.0134325 -13.10522 1.1539478 1260161806777
125.62318 60.86702 -16.144863 -4.0134325 -13.10522 1.1539478 1260161806783
125.62318 60.86702 -16.144863 -4.1110463 -13.675109 0.6011508 1260161806786
125.44202 63.82367 -16.43762 -4.1110463 -13.675109 0.6011508 1260161806794
125.44202 63.82367 -16.43762 -4.3256817 -13.954312 0.20470594 1260161806797
123.51991 67.18249 -17.465738 -4.3256817 -13.954312 0.20470594 1260161806805
123.51991 67.18249 -17.465738 -4.6174364 -13.886538 -0.028903054 1260161806808
119.99392 71.323364 -19.49245 -4.6174364 -13.886538 -0.028903054 1260161806815
119.99392 71.323364 -19.49245 -4.906181 -13.496626 -0.15480816 1260161806818
115.69422 76.2072 -22.417828 -4.906181 -13.496626 -0.15480816 1260161806826
115.69422 76.2072 -22.417828 -5.136222 -12.915775 -0.18929084 1260161806834
111.70951 72.34684 -25.396936 -5.136222 -12.915775 -0.18929084 1260161806842
111.70951 72.34684 -25.396936 -5.360209 -12.260452 -0.112405576 1260161806845
108.47404 68.6295 -27.227089 -5.360209 -12.260452 -0.112405576 1260161806856
108.47404 68.6295 -27.227089 -5.6417794 -11.624275 0.18809524 1260161806861
105.70033 65.44803 -28.015734 -5.6417794 -11.624275 0.18809524 1260161806864
105.70033 65.44803 -28.015734 -5.967158 -11.120697 0.83314824 1260161806867
103.065315 62.625626 -28.314947 -5.967158 -11.120697 0.83314824 1260161806875
103.065315 62.625626 -28.314947 -6.2762675 -10.730149 1.6843046 1260161806878
100.56205 60.044346 -28.249199 -6.2762675 -10.730149 1.6843046 1260161806881
100.56205 60.044346 -28.249199 -6.4514246 -10.394542 2.5337641 1260161806886
98.28395 57.79213 -27.936739 -6.4514246 -10.394542 2.5337641 1260161806897
98.28395 57.79213 -27.936739 -6.468681 -10.108403 3.231107 1260161806900
96.21976 55.75252 -27.339903 -6.468681 -10.108403 3.231107 1260161806912
96.21976 55.75252 -27.339903 -6.338656 -9.806607 3.6933634 1260161806921
94.55877 54.064896 -26.372908 -6.338656 -9.806607 3.6933634 1260161806924
94.55877 54.064896 -26.372908 -6.096635 -9.519901 4.006519 1260161806927
94.28083 53.01165 -25.304262 -6.096635 -9.519901 4.006519 1260161806938
94.28083 53.01165 -25.304262 -5.8387933 -9.359218 4.282224 1260161806946
94.96679 52.211067 -24.13905 -5.8387933 -9.359218 4.282224 1260161806955
94.96679 52.211067 -24.13905 -5.563198 -9.247429 4.544144 1260161806957
96.51845 51.450512 -22.832096 -5.563198 -9.247429 4.544144 1260161806963
96.51845 51.450512 -22.832096 -5.268694 -9.130333 4.7684517 1260161806976
98.34253 50.627987 -21.59049 -5.268694 -9.130333 4.7684517 1260161806982
98.34253 50.627987 -21.59049 -4.988915 -8.964611 4.9400015 1260161806993
