5.4714346 -3.3821607 -6.487418 1260174315812
5.8998184 -4.354589 -6.7002525 1260174315851
6.047017 -5.288468 -7.2050285 1260174315862
6.1376433 -6.8284645 -7.764697 1260174315879
6.1173377 -8.396418 -7.9884233 1260174315892
6.1173377 -8.341936 -7.9884233 1260174315898
6.2347097 -10.084447 -7.6901994 1260174315937
5.9612017 -9.951901 -7.8354383 1260174315952
5.9535856 -9.853159 -7.698173 1260174315976
6.7013063 -3.0836177 -4.594593 1260174315996
7.7016993 -5.380532 -3.5909905 1260174316021
8.253574 -0.035520554 -0.47570592 1260174316033
8.214753 -2.0566044 1.11637 1260174316056
8.804136 -4.1095524 0.7952413 1260174316077
9.03426 -5.1542425 0.4556244 1260174316099
9.025375 -6.832054 -0.022981524 1260174316117
9.161557 -7.888575 -0.2894081 1260174316137
9.172848 -8.997265 -0.70788777 1260174316159
9.061448 -9.931419 -0.99373764 1260174316173
9.101736 -9.760164 -0.7853252 1260174316195
9.077549 -9.513121 -0.95422065 1260174316218
8.929432 -9.89767 -1.041726 1260174316239
8.8862505 -10.833467 -1.1763011 1260174316254
9.003001 -13.411772 -1.8158207 1260174316446
9.03941 -16.14064 -2.226985 1260174316459
9.0664215 -17.714132 -2.1709404 1260174316470
9.083322 -19.141071 -2.5866137 1260174316480
8.712377 -19.733994 -2.210499 1260174316491
8.483565 -20.150581 -1.4313488 1260174316499
8.359386 -20.335928 -0.83601195 1260174316513
8.33419 -19.670168 -0.46134228 1260174316520
8.36463 -18.546116 0.8539235 1260174316536
8.291668 -13.987431 2.6871164 1260174316553
8.196697 -8.461369 3.617498 1260174316562
7.6759386 -9.953771 4.0575533 1260174316574
7.257803 -11.074663 4.6489882 1260174316581
7.3368397 -11.602395 4.656268 1260174316593
7.4623547 -13.52495 3.4516325 1260174316603
7.6373377 -15.104225 2.9460845 1260174316617
7.987353 -17.27285 1.3383726 1260174316623
7.8105145 -19.196035 -0.2989577 1260174316638
9.0067215 -19.645836 -0.34330952 1260174316650
9.343088 -20.092052 -1.133105 1260174316661
9.669945 -20.131344 -1.8278621 1260174316680
9.369712 -18.292002 -1.1711226 1260174316694
8.642011 -14.572125 -0.5481312 1260174316716
8.648408 -4.7151537 0.08231783 1260174316740
8.636409 2.0837812 -1.8849771 1260174316759
8.899597 2.9141412 -2.3024833 1260174316773
9.312952 2.341133 -2.73275 1260174316796
9.161438 1.140996 -1.8649772 1260174316819
8.912954 0.13140392 -1.2251039 1260174316834
8.491558 -0.26032352 0.07928024 1260174316857
8.083733 -1.63838 -0.7099775 1260174316877
7.195689 -8.283858 -3.7365057 1260174316899
7.8943443 -14.778697 -3.5637324 1260174316913
9.819874 -18.247513 -0.14181262 1260174316936
9.457966 -18.711048 -0.5038109 1260174316958
9.422923 -18.622286 0.19803247 1260174316979
8.920105 -18.45034 -0.068205684 1260174316993
8.794696 -21.095333 -2.4340415 1260174317016
7.3444586 -18.809948 1.9997911 1260174317192
5.985784 -16.155123 2.8610597 1260174317201
6.0922084 -12.098928 2.7584333 1260174317213
6.646105 -17.320145 3.646303 1260174317223
8.128667 -19.317677 0.4080679 1260174317234
8.816628 -18.636787 -0.7530198 1260174317241
8.646357 -15.24583 -1.9753742 1260174317254
8.459863 -10.567985 -2.1663299 1260174317261
8.372171 -5.944901 -1.3612485 1260174317280
8.754541 -5.821736 -2.0908024 1260174317292
8.699796 -6.5903993 -2.0991557 1260174317301
8.745375 -7.5590143 -2.4394765 1260174317311
8.628975 -9.504484 -2.1489134 1260174317318
9.029102 -10.834041 -2.7474463 1260174317337
8.986876 -12.780945 -2.8903453 1260174317351
9.065474 -14.485386 -3.3555346 1260174317366
8.789839 -15.148933 -4.295427 1260174317383
8.226166 -15.798641 -3.6535985 1260174317394
7.9344435 -15.302443 -4.7688465 1260174317411
7.336208 -14.804834 -5.6086106 1260174317422
6.846542 -11.228798 -6.329645 1260174317441
5.833291 -7.074132 -6.823148 1260174317462
5.4571013 -2.8825722 -4.3907485 1260174317479
5.4717183 -0.59232235 -0.16835892 1260174317500
5.8759027 -1.2003098 3.836722 1260174317513
6.437001 -4.988057 5.3236804 1260174317536
6.660676 -8.669751 8.009781 1260174317559
5.6362705 -11.4067335 8.777 1260174317573
4.601789 -14.352509 8.941203 1260174317593
3.4836016 -16.341068 7.8022833 1260174317619
3.643827 -18.215996 3.976562 1260174317636
5.118234 -19.56283 0.6467643 1260174317654
6.3872557 -18.296833 2.644057 1260174317678
