3.87635 -17.11787 4.3200855 1260174305813
3.6768227 -16.613518 5.0980234 1260174305824
3.4190564 -16.421366 5.411807 1260174305834
3.1575813 -16.478828 5.615504 1260174305845
2.5101647 -16.81743 5.699427 1260174305888
2.2064257 -17.056185 5.688366 1260174305895
1.9391088 -17.624935 5.2743487 1260174305907
1.9391088 -17.40701 5.3288302 1260174305915
1.7488182 -17.797153 4.7886467 1260174305930
1.3044467 -18.095804 4.138432 1260174305942
0.72237706 -18.129822 3.924313 1260174306150
0.12716189 -18.293102 3.7880888 1260174306191
-0.50723493 -18.422787 3.7070918 1260174306205
0.16289186 -18.956722 4.2855515 1260174306217
0.8989853 -18.900244 4.339056 1260174306226
1.4530245 -18.137321 4.883918 1260174306238
2.263778 -12.445977 5.386615 1260174306249
2.1188116 -5.1279335 4.813794 1260174306258
2.063189 -1.0227833 0.9537537 1260174306264
1.7263453 -0.2730713 -3.8783474 1260174306275
1.0185218 -0.488657 0.08856803 1260174306285
0.39173135 -0.95700073 2.0289676 1260174306298
0.48429197 -1.4267464 3.9300528 1260174306306
0.8286919 -2.3208876 5.494997 1260174306321
0.860858 -3.8350635 6.9527698 1260174306336
0.39902192 -4.9562516 7.6618333 1260174306344
-0.41548818 -6.236609 8.221972 1260174306355
-1.8735806 -7.6372914 8.386886 1260174306364
-2.711654 -7.6175947 8.201459 1260174306376
-2.514053 -7.732853 8.143903 1260174306385
-2.331571 -8.470701 8.3249855 1260174306402
-1.3428583 -7.3156843 8.198539 1260174306416
-0.5275664 -7.7964144 8.504591 1260174306432
-0.06114781 -7.718969 8.561064 1260174306440
0.2747717 -6.5498714 8.487733 1260174306451
0.7531914 -7.1211953 8.5114 1260174306463
1.6218572 -6.7789354 7.9247746 1260174306480
1.2832495 -5.3438473 7.3593574 1260174306497
1.544672 -2.6039395 4.486705 1260174306513
1.2369922 -0.13051224 1.4525099 1260174306530
-0.970363 1.7643509 -1.7567555 1260174306541
-0.83776844 1.604495 -3.7830236 1260174306561
0.1786632 0.8053169 -3.627274 1260174306576
1.308333 0.25478172 -4.570343 1260174306597
2.941756 -1.8433037 -5.6780415 1260174306623
4.6759925 -2.2452564 -5.4379272 1260174306635
6.2223563 -1.5560951 -4.306826 1260174306656
7.1144814 -0.996686 -3.272647 1260174306680
7.687 -0.5112181 -2.6599631 1260174306698
8.105061 -0.93573475 -2.1277688 1260174306890
8.261649 -1.6851873 -2.5198665 1260174306901
8.455563 -1.032896 -2.419157 1260174306913
7.7836795 -0.4845066 -1.1337789 1260174306922
6.7986245 0.72472 -0.25063533 1260174306933
5.5951643 0.7020569 1.996788 1260174306940
5.9447074 -0.3138628 1.3523315 1260174306953
7.224932 0.9638176 0.30963355 1260174306963
7.8463106 1.2592812 -1.9785185 1260174306975
7.887602 0.80423164 -1.9235684 1260174306992
7.6428823 2.0160456 -2.3033574 1260174307002
7.007579 0.82217693 -1.3586619 1260174307014
6.778106 0.7942343 -0.11420965 1260174307023
6.57114 0.96364975 -0.6843497 1260174307035
6.1602135 -0.17100048 -2.9835608 1260174307052
6.436058 -0.42535782 -6.1033196 1260174307061
7.2406583 -3.824523 -6.100095 1260174307073
8.299058 -3.3234978 -4.0772476 1260174307084
8.648452 2.2404947 1.2852765 1260174307099
8.624217 -4.0720305 3.0147529 1260174307113
8.686829 -13.230672 3.554078 1260174307122
8.578014 -19.149427 1.2187223 1260174307141
7.634326 -20.298435 -1.3096442 1260174307154
7.643606 -17.568092 -2.727663 1260174307176
8.369574 -17.726065 -2.598198 1260174307196
6.8135214 -17.237404 -3.8987932 1260174307212
7.697692 -16.826763 -3.5578372 1260174307235
7.801834 -19.900188 -0.8599611 1260174307256
7.3522744 -19.1199 3.3694139 1260174307280
7.2130647 -13.75848 6.6333375 1260174307292
6.9499745 -5.0987005 6.570283 1260174307318
5.915057 0.015867233 3.1413708 1260174307338
4.9634433 -1.8834867 -2.5068917 1260174307359
5.076968 -7.273947 -5.718702 1260174307375
5.505925 -12.612831 -5.5562305 1260174307397
6.8511796 -16.77924 -3.4846406 1260174307420
8.023184 -18.318838 -1.8261158 1260174307433
8.391884 -19.072313 -0.98144805 1260174307455
8.456049 -19.577843 -0.3469205 1260174307653
8.347087 -19.577843 -0.40140188 1260174307659
8.296802 -19.667479 0.4138781 1260174307666
8.590729 -19.163395 0.9041122 1260174307675
8.983938 -18.671354 1.2548294 1260174307682
9.217346 -17.888088 1.0430853 1260174307691
9.344575 -16.956686 0.64850545 1260174307698
9.584582 -16.955326 -1.113863 1260174307705
8.740073 -16.610611 -2.99088 1260174307714
