147.31264 95.85712 -2.971599 -2.8318098 -19.620514 -1.6894132 1260174322582
147.31264 95.85712 -2.971599 -2.3117015 -19.585752 -0.77194613 1260174322592
147.29701 95.91426 -3.023019 -2.3117015 -19.585752 -0.77194613 1260174322595
147.29701 95.91426 -3.023019 -1.8130767 -19.548203 -0.15991998 1260174322599
147.18216 95.91855 -3.0718682 -1.8130767 -19.548203 -0.15991998 1260174322605
147.18216 95.91855 -3.0718682 -1.336523 -19.59858 0.15850335 1260174322612
147.02306 95.92262 -3.1182747 -1.336523 -19.59858 0.15850335 1260174322618
147.02306 95.92262 -3.1182747 -0.93675345 -19.594513 0.25480312 1260174322621
145.6219 96.27649 -3.562361 -0.93675345 -19.594513 0.25480312 1260174322625
145.6219 96.27649 -3.562361 1.973495 -18.310997 3.3551745 1260174322632
144.0908 96.66267 -4.084243 1.973495 -18.310997 3.3551745 1260174322636
144.0908 96.66267 -4.084243 5.409595 -16.794594 3.650257 1260174322642
143.48627 96.87953 -4.330031 5.409595 -16.794594 3.650257 1260174322645
143.48627 96.87953 -4.330031 7.3897734 -15.011653 2.2652662 1260174322653
143.21196 96.935555 -4.4135294 7.3897734 -15.011653 2.2652662 1260174322656
143.21196 96.935555 -4.4135294 8.221485 -14.293655 1.6399325 1260174322660
145.10136 96.98878 -3.942853 8.221485 -14.293655 1.6399325 1260174322665
145.10136 96.98878 -3.942853 8.046595 -14.418301 5.271099 1260174322673
147.19629 97.08934 -3.3957102 8.046595 -14.418301 5.271099 1260174322677
147.19629 97.08934 -3.3957102 3.526023 -11.994791 8.203461 1260174322680
147.48648 96.98487 -3.2259247 3.526023 -11.994791 8.203461 1260174322685
147.48648 96.98487 -3.2259247 0.784614 -13.064247 8.173511 1260174322692
147.21216 96.93563 -3.2646284 0.784614 -13.064247 8.173511 1260174322698
147.21216 96.93563 -3.2646284 0.49445254 -14.224882 7.9381857 1260174322701
146.25156 97.08885 -3.551397 0.49445254 -14.224882 7.9381857 1260174322735
146.25156 97.08885 -3.551397 2.433616 -12.666758 7.7821045 1260174322740
145.68898 97.234406 -3.7238271 2.433616 -12.666758 7.7821045 1260174322745
145.68898 97.234406 -3.7238271 3.9724216 -12.190955 6.834154 1260174322751
145.70453 97.37269 -3.7876358 3.9724216 -12.190955 6.834154 1260174322757
145.70453 97.37269 -3.7876358 4.9737267 -10.514959 6.3529406 1260174322760
145.61931 97.50405 -3.898254 4.9737267 -10.514959 6.3529406 1260174322763
145.61931 97.50405 -3.898254 5.583567 -9.475238 5.6080914 1260174322772
145.88834 97.47885 -3.8533413 5.583567 -9.475238 5.6080914 1260174322775
145.88834 97.47885 -3.8533413 5.8697634 -9.176092 6.2061067 1260174322783
146.84392 97.40491 -3.6106744 5.8697634 -9.176092 6.2061067 1260174322792
146.84392 97.40491 -3.6106744 4.6209455 -8.946156 7.773341 1260174322795
147.15172 97.33466 -3.5301406 4.6209455 -8.946156 7.773341 1260174322799
147.15172 97.33466 -3.5301406 3.4130337 -10.342529 7.9799323 1260174322804
148.04413 97.51793 -3.3036337 3.4130337 -10.342529 7.9799323 1260174322816
148.04413 97.51793 -3.3036337 1.7581264 -8.196132 7.7939243 1260174322820
148.59192 97.94203 -3.238452 1.7581264 -8.196132 7.7939243 1260174322830
148.59192 97.94203 -3.238452 0.6344696 -4.5259104 5.5234404 1260174322836
148.81232 98.244934 -3.2265294 0.6344696 -4.5259104 5.5234404 1260174322839
148.81232 98.244934 -3.2265294 0.2457043 -3.2799454 3.842992 1260174322842
149.0217 98.432686 -3.2152028 0.2457043 -3.2799454 3.842992 1260174322850
149.0217 98.432686 -3.2152028 0.20315498 -2.7552128 2.5223868 1260174322853
149.42061 98.66105 -3.1544425 0.20315498 -2.7552128 2.5223868 1260174322860
149.42061 98.66105 -3.1544425 -0.35078666 -2.0490084 0.32699156 1260174322863
149.19958 98.827995 -3.2967205 -0.35078666 -2.0490084 0.32699156 1260174322872
149.19958 98.827995 -3.2967205 0.26109087 -2.4620686 -0.95771587 1260174322876
148.78961 99.08659 -3.5318844 0.26109087 -2.4620686 -0.95771587 1260174322880
148.78961 99.08659 -3.5318844 2.1076698 -1.5558615 -3.37648 1260174322894
148.95013 99.33227 -3.6052902 2.1076698 -1.5558615 -3.37648 1260174322898
148.95013 99.33227 -3.6052902 3.4705672 -0.94970894 -5.529467 1260174322901
149.80263 99.41566 -3.4250257 3.4705672 -0.94970894 -5.529467 1260174322911
149.80263 99.41566 -3.4250257 2.6997418 -0.37926102 -5.93691 1260174322919
152.16249 99.59487 -2.8037744 2.6997418 -0.37926102 -5.93691 1260174322922
152.16249 99.59487 -2.8037744 -1.8042521 -1.2342043 -6.953367 1260174322931
153.55437 99.565125 -2.4635856 -1.8042521 -1.2342043 -6.953367 1260174322936
153.55437 99.565125 -2.4635856 -5.3433723 -2.2362165 -5.8117847 1260174322943
154.57664 99.43687 -2.1904063 -5.3433723 -2.2362165 -5.8117847 1260174322955
154.57664 99.43687 -2.1904063 -7.515137 -0.990242 -3.741808 1260174322959
154.64781 99.16502 -2.130886 -7.515137 -0.990242 -3.741808 1260174322970
154.64781 99.16502 -2.130886 -8.397976 -0.23880482 -1.7537456 1260174322975
154.76543 99.10677 -2.0743418 -8.397976 -0.23880482 -1.7537456 1260174322990
154.76543 99.10677 -2.0743418 -8.787903 -0.4114256 -2.0528235 1260174322993
155.82715 99.251434 -1.8206247 -8.787903 -0.4114256 -2.0528235 1260174323013
155.82715 99.251434 -1.8206247 -9.087148 0.77917576 -2.4391847 1260174323016
157.08578 99.58886 -1.5295935 -9.087148 0.77917576 -2.4391847 1260174323029
157.08578 99.58886 -1.5295935 -9.206007 -0.19150686 -1.9418607 1260174323038
157.8815 99.90942 -1.4031138 -9.206007 -0.19150686 -1.9418607 1260174323050
157.8815 99.90942 -1.4031138 -9.539964 -3.9639568 -1.3943647 1260174323055
157.88742 99.81394 -1.4829582 -9.539964 -3.9639568 -1.3943647 1260174323070
157.88742 99.81394 -1.4829582 -10.184449 -2.4677 -0.6050545 1260174323237
157.69305 99.57324 -1.5588102 -10.184449 -2.4677 -0.6050545 1260174323246
157.69305 99.57324 -1.5588102 -10.262388 -1.4100237 -0.5725712 1260174323255
155.6584 98.54458 -1.9308697 -10.262388 -1.4100237 -0.5725712 1260174323259
155.6584 98.54458 -1.9308697 -10.91494 -1.5491018 2.333867 1260174323264
152.22548 97.31735 -2.3843262 -10.91494 -1.5491018 2.333867 1260174323270
152.22548 97.31735 -2.3843262 -8.434531 -9.286005 8.874005 1260174323275
150.11421 96.15148 -3.01511 -8.434531 -9.286005 8.874005 1260174323279
150.11421 96.15148 -3.01511 -3.919436 -18.932396 3.5174735 1260174323283
148.4585 95.243904 -3.4143546 -3.919436 -18.932396 3.5174735 1260174323292
148.4585 95.243904 -3.4143546 0.73319554 -17.651114 -4.408071 1260174323298
147.48557 94.58171 -3.643637 0.73319554 -17.651114 -4.408071 1260174323301
147.48557 94.58171 -3.643637 3.422009 -12.800769 -7.5032315 1260174323304
146.91129 94.80263 -3.9114552 3.422009 -12.800769 -7.5032315 1260174323312
146.91129 94.80263 -3.9114552 5.064133 -15.8138895 -6.1851616 1260174323315
145.41573 94.0125 -3.9658823 5.064133 -15.8138895 -6.1851616 1260174323318
145.41573 94.0125 -3.9658823 6.376622 -6.8955593 -4.918896 1260174323323
143.04494 93.061874 -4.267588 6.376622 -6.8955593 -4.918896 1260174323336
143.04494 93.061874 -4.267588 7.2664638 -0.04260826 0.29640377 1260174323340
141.44269 92.25878 -4.454209 7.2664638 -0.04260826 0.29640377 1260174323345
141.44269 92.25878 -4.454209 8.113156 -0.8784485 2.7868133 1260174323351
139.52055 91.49584 -4.4814982 8.113156 -0.8784485 2.7868133 1260174323357
139.52055 91.49584 -4.4814982 8.518411 -6.6832266 4.335545 1260174323360
138.29453 90.82105 -4.5074234 8.518411 -6.6832266 4.335545 1260174323363
138.29453 90.82105 -4.5074234 8.736785 -13.162553 3.9026632 1260174323371
138.0298 90.33 -4.4820523 8.736785 -13.162553 3.9026632 1260174323374
138.0298 90.33 -4.4820523 8.83292 -17.680065 3.2582657 1260174323380
138.57831 90.013504 -4.4579496 8.83292 -17.680065 3.2582657 1260174323398
138.57831 90.013504 -4.4579496 8.830708 -19.079777 2.020258 1260174323402
138.94939 89.71283 -4.485052 8.830708 -19.079777 2.020258 1260174323411
138.94939 89.71283 -4.485052 8.689765 -19.561743 1.0572639 1260174323415
138.90192 89.32719 -4.6107993 8.689765 -19.561743 1.0572639 1260174323419
138.90192 89.32719 -4.6107993 8.401059 -19.93982 0.35299885 1260174323424
139.10683 89.010826 -4.680259 8.401059 -19.93982 0.35299885 1260174323433
139.10683 89.010826 -4.680259 8.650833 -19.242388 0.4552437 1260174323441
138.85149 88.61028 -4.796246 8.650833 -19.242388 0.4552437 1260174323444
138.85149 88.61028 -4.796246 8.403528 -16.330322 1.4319501 1260174323452
138.55891 88.22977 -4.9064336 8.403528 -16.330322 1.4319501 1260174323462
138.55891 88.22977 -4.9064336 8.376626 -12.701881 2.7634788 1260174323464
139.03098 87.96828 -4.961112 8.376626 -12.701881 2.7634788 1260174323476
139.03098 87.96828 -4.961112 8.367941 -10.115148 2.8618867 1260174323480
139.42943 87.719864 -5.0630565 8.367941 -10.115148 2.8618867 1260174323492
139.42943 87.719864 -5.0630565 8.059498 -7.6228466 3.4977746 1260174323502
140.45796 87.63387 -5.0099034 8.059498 -7.6228466 3.4977746 1260174323511
140.45796 87.63387 -5.0099034 8.661209 -6.7605457 2.7852376 1260174323515
141.58507 87.902176 -4.909408 8.661209 -6.7605457 2.7852376 1260174323533
141.58507 87.902176 -4.909408 9.024738 -9.195347 1.8737237 1260174323537
142.25581 87.80707 -4.863938 9.024738 -9.195347 1.8737237 1260174323549
142.25581 87.80707 -4.863938 9.04752 -8.269268 1.5837649 1260174323558
142.89302 87.71671 -4.770741 9.04752 -8.269268 1.5837649 1260174323569
142.89302 87.71671 -4.770741 9.184025 -7.3749733 0.6766393 1260174323573
143.49837 88.030876 -4.732204 9.184025 -7.3749733 0.6766393 1260174323591
143.49837 88.030876 -4.732204 9.035337 -10.646422 0.098405294 1260174323594
144.37344 88.279335 -4.6455936 9.035337 -10.646422 0.098405294 1260174323614
144.37344 88.279335 -4.6455936 9.260572 -13.112843 -0.77179956 1260174323618
145.50478 88.46537 -4.463314 9.260572 -13.112843 -0.77179956 1260174323629
145.50478 88.46537 -4.463314 9.252415 -14.566174 -2.2144842 1260174323635
146.02954 88.392105 -4.390148 9.252415 -14.566174 -2.2144842 1260174323650
146.02954 88.392105 -4.390148 8.764382 -14.169447 -2.8106482 1260174323653
145.97806 88.222496 -4.3706408 8.764382 -14.169447 -2.8106482 1260174323672
145.97806 88.222496 -4.3706408 8.470529 -13.041661 -2.6717463 1260174323675
145.07915 87.861374 -4.552109 8.470529 -13.041661 -2.6717463 1260174323694
145.07915 87.861374 -4.552109 8.1489105 -10.077198 -0.72486365 1260174323699
143.8252 87.36831 -4.874503 8.1489105 -10.077198 -0.72486365 1260174323710
143.8252 87.36831 -4.874503 7.369666 -6.5642157 2.3575659 1260174323715
143.13394 86.94989 -5.080778 7.369666 -6.5642157 2.3575659 1260174323730
143.13394 86.94989 -5.080778 7.1811748 -3.4990826 2.9116817 1260174323734
