141.89398 88.47687 -2.1847217 1260174335603
141.34929 88.75302 -2.1754856 1260174335636
140.88182 88.96537 -2.1167114 1260174335655
140.38773 89.2171 -2.1108758 1260174335668
140.21834 89.50625 -2.055332 1260174335691
140.50742 89.980934 -1.9525653 1260174335703
140.88205 90.78189 -1.904937 1260174335715
141.38795 92.192795 -1.9096901 1260174335731
141.96855 94.08315 -1.9142057 1260174335751
142.62012 96.27899 -1.9184954 1260174335764
143.28911 98.66504 -1.9225707 1260174335783
143.82465 101.08179 -1.9264421 1260174335799
144.18341 103.3777 -2.0301201 1260174335819
144.12424 105.308815 -2.228614 1260174335843
143.41803 106.29337 -2.7171834 1260174335865
139.59712 104.22871 -3.6313243 1260174335880
134.31726 101.167274 -4.6497583 1260174335898
128.8514 97.70891 -5.66727 1260174335923
123.50883 93.973465 -6.5839067 1260174335938
118.383385 90.07479 -7.4047112 1260174335958
113.56422 86.12105 -8.184476 1260174335978
109.286 82.564995 -9.225252 1260174335998
106.871704 80.73675 -10.963989 1260174336018
106.22812 83.79991 -11.51579 1260174336038
106.46671 87.00992 -11.59 1260174336058
107.24338 90.35942 -11.3605 1260174336078
108.53121 93.79145 -10.9924755 1260174336098
109.754654 97.30188 -10.592852 1260174336118
109.71692 100.63679 -10.463209 1260174336138
109.031075 103.154945 -10.840049 1260174336158
107.82952 104.4472 -11.848046 1260174336178
105.18804 101.924835 -12.855644 1260174336369
101.72864 98.9286 -13.662862 1260174336385
97.892204 95.532166 -14.229719 1260174336400
93.89759 91.655556 -14.618234 1260174336410
90.05271 87.52278 -14.787322 1260174336422
86.55008 83.646645 -14.897956 1260174336431
84.42258 81.564316 -15.603058 1260174336442
85.20145 83.8361 -15.972905 1260174336449
86.74137 86.84429 -15.77426 1260174336463
88.554306 90.252075 -15.3355465 1260174336480
90.82659 94.039474 -14.668769 1260174336489
94.33526 98.0375 -13.88533 1260174336504
93.36849 102.03562 -13.291063 1260174336514
91.75007 105.43384 -13.12651 1260174336526
91.16257 107.612144 -13.620184 1260174336540
90.10444 108.38154 -14.539175 1260174336551
87.79922 105.56246 -15.112216 1260174336563
84.95926 102.43434 -15.406606 1260174336572
81.91129 99.06262 -15.4362755 1260174336585
78.86573 95.60949 -15.2644615 1260174336604
76.07244 92.57902 -14.901238 1260174336615
73.61882 90.15007 -14.156177 1260174336627
75.03788 89.39256 -13.098368 1260174336643
79.235985 90.172935 -12.143449 1260174336662
