-0.08893914 -1.7763107 8.969741 1260088856328
-0.03750198 -1.8448101 8.951656 1260088856339
0.028388754 -1.9017124 8.934477 1260088856356
0.10937242 -1.9550886 8.929052 1260088856368
0.16451435 -2.005796 8.940244 1260088856383
0.26729447 -2.0410287 8.973349 1260088856399
0.37583184 -2.0636034 9.037487 1260088856421
0.4925627 -2.0979888 9.137237 1260088856445
0.6306977 -2.1606197 9.268093 1260088856458
0.73536634 -2.2453167 9.408751 1260088856481
0.8429737 -2.3591487 9.515135 1260088856502
0.94179565 -2.4557118 9.554908 1260088856518
1.0384005 -2.5358694 9.510289 1260088856539
1.1111066 -2.5963557 9.39299 1260088856562
1.1386354 -2.632025 9.210049 1260088856584
1.097367 -2.6407135 8.955894 1260088856597
0.9614576 -2.5774605 8.653837 1260088856778
0.6634513 -2.465613 8.353263 1260088856785
0.19783269 -2.3511856 8.12288 1260088856797
-0.35551086 -2.3112624 7.9673505 1260088856805
-0.873015 -2.3693588 7.882932 1260088856816
-1.1705539 -2.5232978 7.8776464 1260088856825
-1.0956818 -2.8207257 7.9277873 1260088856836
-0.58597803 -3.2987342 8.011516 1260088856843
0.2979977 -3.9857502 8.099229 1260088856855
1.3625104 -4.820247 8.121946 1260088856865
2.3349795 -5.6184673 8.052272 1260088856882
2.9503243 -6.1894965 7.930918 1260088856888
3.0248199 -6.3914657 7.798607 1260088856899
2.5432854 -6.1965184 7.6981087 1260088856910
1.667002 -5.6783013 7.663246 1260088856924
0.6404427 -5.0211887 7.6634965 1260088856938
-0.23740299 -4.433026 7.658286 1260088856947
-0.71654636 -4.124204 7.6506124 1260088856967
-0.6643746 -4.2455635 7.6072283 1260088856978
-0.1122206 -4.753802 7.574186 1260088857000
0.7535154 -5.513802 7.595234 1260088857023
1.6617728 -6.3018613 7.6594954 1260088857032
2.3386996 -6.9020557 7.7811546 1260088857060
2.6099446 -7.1923423 7.9273767 1260088857082
2.4542496 -7.1187525 8.046538 1260088857105
1.9433572 -6.733531 8.113432 1260088857118
1.2108 -6.1421537 8.110242 1260088857141
0.42633858 -5.484322 8.030256 1260088857162
-0.2494361 -4.947233 7.9100037 1260088857177
-0.6666863 -4.708725 7.781462 1260088857200
-0.71371204 -4.828099 7.648452 1260088857220
-0.38110283 -5.2656684 7.5391173 1260088857245
0.23179953 -5.9040523 7.4679384 1260088857256
0.95230323 -6.557507 7.430964 1260088857279
1.5788953 -7.027103 7.4373803 1260088857301
1.9712147 -7.2205615 7.485018 1260088857317
2.0503995 -7.1019754 7.557514 1260088857339
1.8566232 -6.692395 7.6515837 1260088857360
1.4334986 -6.1248674 7.7463975 1260088857556
0.865362 -5.503313 7.839195 1260088857576
0.2949864 -4.973447 7.907603 1260088857583
-0.14131269 -4.6845946 7.906532 1260088857597
-0.29496714 -4.700979 7.819706 1260088857605
-0.10519732 -5.029813 7.640517 1260088857616
0.3829039 -5.5703454 7.4260216 1260088857625
1.0100442 -6.1553583 7.2447243 1260088857636
1.5840349 -6.611692 7.155576 1260088857645
1.9372792 -6.8231974 7.208451 1260088857657
1.9820669 -6.7217555 7.386032 1260088857670
1.7358638 -6.350936 7.6378183 1260088857682
1.2690629 -5.839299 7.8824635 1260088857690
0.70914805 -5.300806 8.029068 1260088857702
0.1854012 -4.863468 8.03282 1260088857708
-0.20387657 -4.6100793 7.9260592 1260088857721
-0.36257505 -4.569579 7.755854 1260088857738
-0.2388886 -4.7483487 7.579858 1260088857744
0.16668388 -5.1327 7.429687 1260088857764
0.77398944 -5.6456146 7.2843003 1260088857774
1.4285656 -6.152633 7.1652517 1260088857784
1.9230628 -6.5546217 7.110042 1260088857801
2.1095319 -6.7356105 7.118203 1260088857819
1.9570651 -6.6494446 7.189972 1260088857837
1.5016778 -6.3312736 7.326935 1260088857862
0.89403826 -5.8451366 7.47067 1260088857878
0.30860856 -5.328144 7.5854263 1260088857898
-0.097725846 -4.9473257 7.671971 1260088857919
-0.17864774 -4.8545504 7.6908536 1260088857938
0.10473468 -5.090578 7.629113 1260088857960
0.66269934 -5.5810823 7.509168 1260088857976
1.3092197 -6.1430845 7.3482304 1260088858000
1.837606 -6.600032 7.187167 1260088858018
2.0787432 -6.8175683 7.062079 1260088858039
1.9666338 -6.7436485 7.022924 1260088858057
1.555034 -6.4153194 7.0967326 1260088858078
0.9862688 -5.9413247 7.2410817 1260088858100
0.46228623 -5.4855814 7.403411 1260088858118
0.17017005 -5.239224 7.529702 1260088858298
0.20320362 -5.315728 7.5665946 1260088858310
0.528785 -5.6410646 7.5355835 1260088858322
1.0158328 -6.079528 7.4843307 1260088858330
1.4894246 -6.451802 7.4492607 1260088858342
1.8004092 -6.610691 7.4738307 1260088858350
1.8547645 -6.5117025 7.5387144 1260088858362
1.6428481 -6.200419 7.6609645 1260088858369
1.1915944 -5.731721 7.8322644 1260088858379
0.61307937 -5.2285714 7.992275 1260088858393
0.0777915 -4.82481 8.091847 1260088858407
-0.2781841 -4.6557574 8.092461 1260088858416
-0.3194373 -4.813874 7.9575205 1260088858425
-0.045359824 -5.2657747 7.7053823 1260088858436
0.43430138 -5.8850846 7.3745947 1260088858446
0.95603824 -6.4734287 7.00246 1260088858460
1.3297861 -6.89479 6.679578 1260088858477
1.4158447 -7.0587707 6.5158534 1260088858484
1.1816083 -6.9836874 6.5734735 1260088858504
0.70642626 -6.7421036 6.8100443 1260088858520
0.13310121 -6.4002314 7.106974 1260088858538
-0.38704094 -6.048212 7.320275 1260088858559
-0.75314474 -5.7492065 7.434378 1260088858584
-0.9150256 -5.561175 7.4651403 1260088858598
-0.8495248 -5.5037656 7.472572 1260088858619
-0.55166703 -5.572491 7.5375185 1260088858638
-0.05826781 -5.775346 7.7013702 1260088858664
0.50784695 -6.045013 8.017069 1260088858679
1.0647244 -6.306645 8.358524 1260088858700
1.5385957 -6.5306783 8.655666 1260088858717
1.9029652 -6.6747274 8.813325 1260088858737
2.2075741 -6.7754803 8.745175 1260088858760
2.4411092 -6.88754 8.536738 1260088858780
2.5717113 -7.019194 8.208649 1260088858804
2.5405111 -7.1108956 7.792087 1260088858818
2.26911 -7.033206 7.45424 1260088858840
1.7558973 -6.734665 7.3130736 1260088858861
1.0885566 -6.263771 7.410512 1260088858877
0.40963587 -5.7203984 7.6937633 1260088858899
