0.45533672 -4.972968 7.781891 1260088864529
0.47683603 -4.970848 7.801407 1260088864539
0.53063023 -5.0274014 7.6047454 1260088864575
0.5871828 -5.078403 7.4288135 1260088864586
0.6245634 -5.1295786 7.2923236 1260088864599
0.6764193 -5.1393776 7.1762786 1260088864611
0.7175103 -5.0799036 7.295539 1260088864625
0.77902025 -5.0097833 7.3972588 1260088864636
0.8789968 -4.9322724 7.466652 1260088864653
0.9766986 -4.850465 7.4992056 1260088864669
1.0613431 -4.7645755 7.4831414 1260088864693
1.1220058 -4.691153 7.446088 1260088864709
1.1537567 -4.628893 7.408163 1260088864728
1.1539553 -4.5670214 7.3694105 1260088864751
1.148696 -4.5307174 7.4068265 1260088864769
1.1219069 -4.52415 7.459397 1260088864787
1.0814749 -4.563539 7.512063 1260088864810
1.0655382 -4.6173034 7.5593715 1260088864832
1.0701478 -4.6629314 7.5484715 1260088864850
1.1378615 -4.7035537 7.52722 1260088864866
1.260757 -4.742145 7.5015826 1260088864896
1.4190497 -4.814901 7.496977 1260088864909
1.61097 -4.9282846 7.514394 1260088864929
1.8069146 -5.0611973 7.5363884 1260088864948
1.956968 -5.169758 7.5239134 1260088864972
1.9885129 -5.215685 7.4514513 1260088864989
1.8468641 -5.116983 7.3499236 1260088865006
1.5154837 -4.869306 7.2534723 1260088865030
1.0481246 -4.562506 7.180912 1260088865045
0.5789357 -4.298968 7.1562457 1260088865066
0.20267004 -4.1609745 7.1906996 1260088865086
-0.45170593 -3.5879004 7.2125344 1260088865317
-0.9235393 -3.1749165 7.272095 1260088865328
-1.0115228 -3.3158183 7.5854216 1260088865342
-0.6565319 -3.8119762 7.6787767 1260088865361
-0.050288625 -4.5250874 7.720474 1260088865382
0.6366483 -5.3121867 7.7403364 1260088865397
1.1727844 -5.780033 7.4418516 1260088865419
1.3742939 -5.9636574 7.3183303 1260088865441
1.2660803 -5.780566 7.2289066 1260088865458
0.879974 -5.260673 7.152127 1260088865480
0.33066037 -4.6128645 7.126176 1260088865501
-0.26882353 -4.0056186 7.1757536 1260088865523
-0.7831709 -3.5717487 7.29504 1260088865544
-1.0913312 -3.464668 7.477145 1260088865559
-1.1041853 -3.7197945 7.578638 1260088865580
-0.82219726 -4.1794095 7.4789233 1260088865604
-0.33502102 -4.8217106 7.3011103 1260088865615
0.20815653 -5.4516463 6.999389 1260088865641
0.6438151 -5.841013 6.7073064 1260088865663
0.8608767 -6.007968 6.554454 1260088865676
0.78378195 -5.839687 6.4725785 1260088865696
0.41906652 -5.3638277 6.51057 1260088865716
-0.17121738 -4.744231 6.6958046 1260088865735
-0.83754474 -4.127693 7.012748 1260088865755
-1.3677222 -3.8280091 7.3444896 1260088865776
-1.5887684 -3.7850704 7.5132256 1260088865797
-1.4793652 -4.0187287 7.5461745 1260088865818
-1.0730605 -4.506982 7.34593 1260088865836
-0.492981 -4.9653745 6.959565 1260088865855
0.052646395 -5.4532857 6.6721973 1260088865875
0.44023705 -5.8534665 6.512928 1260088865896
0.54217035 -6.0054975 6.5352817 1260088865915
0.30054134 -5.886373 6.8187094 1260088865936
-0.2143525 -5.496031 7.2071433 1260088865955
-0.83698106 -4.9215817 7.556406 1260088865977
-1.3753588 -4.3901563 7.858241 1260088865995
-1.5735496 -4.223087 7.9849453 1260088866016
-1.3654789 -4.509075 7.900328 1260088866035
-1.5975336 -4.233907 8.085539 1260088866241
-1.3712381 -4.48939 8.117794 1260088866264
-0.7735257 -5.201319 8.004742 1260088866277
0.035381284 -6.1337147 7.772716 1260088866300
0.75957674 -6.95888 7.452863 1260088866318
1.1424667 -7.424071 7.187821 1260088866337
1.0819383 -7.4015484 7.09607 1260088866360
0.59743834 -6.916379 7.194143 1260088866381
-0.13524356 -6.153096 7.431007 1260088866403
-0.87828153 -5.356471 7.7254915 1260088866417
-1.3594319 -4.868679 7.966434 1260088866439
-1.394975 -4.9494095 8.101349 1260088866463
-0.9710972 -5.4517393 8.055178 1260088866479
-0.24901609 -6.176162 7.859448 1260088866498
0.46760672 -6.7983046 7.637411 1260088866519
0.85964704 -6.9997983 7.4959397 1260088866543
0.7996392 -6.78465 7.5522265 1260088866557
0.3653482 -6.2588186 7.799108 1260088866578
-0.28354132 -5.6244373 8.09698 1260088866602
-0.885685 -5.0769377 8.255332 1260088866615
-1.2690797 -4.836711 8.209634 1260088866635
-1.3724749 -4.959901 7.906753 1260088866659
-1.2350684 -5.3241405 7.422883 1260088866675
-1.0268962 -5.741675 6.941414 1260088866695
-0.9067687 -5.9244933 6.613412 1260088866715
-0.9451954 -5.7324643 6.559234 1260088866735
-1.0150706 -5.328025 6.8278437 1260088866755
-0.97589433 -4.9438076 7.3785844 1260088866776
-0.6506066 -4.8886642 8.02369 1260088866800
-0.016737917 -5.314352 8.594998 1260088866815
0.7931476 -6.08991 8.913687 1260088866836
1.6517522 -7.063003 8.88819 1260088866855
2.3754892 -8.009234 8.551381 1260088866876
2.8580532 -8.797829 8.032556 1260088866896
3.0529351 -9.382188 7.437519 1260088866915
2.9520457 -9.748006 6.8415885 1260088866939
2.5293124 -9.889866 6.4082527 1260088866955
1.828068 -9.703193 6.2649045 1260088866976
0.96507186 -9.273195 6.4018116 1260088866996
0.08120996 -8.688995 6.788617 1260088867184
-0.644729 -7.988268 7.2861567 1260088867194
-1.1293848 -7.3634377 7.7281733 1260088867202
-1.3425984 -6.8304596 8.065686 1260088867215
-1.3176916 -6.376569 8.286895 1260088867224
-1.136034 -6.038672 8.389442 1260088867235
-0.8633498 -5.7694273 8.390158 1260088867244
-0.60157573 -5.522498 8.368364 1260088867250
-0.39443243 -5.281786 8.33404 1260088867262
-0.22284392 -5.0531096 8.284406 1260088867280
-0.0734552 -4.833143 8.240659 1260088867289
0.05688679 -4.643924 8.190246 1260088867302
0.20046118 -4.4771056 8.136906 1260088867308
0.3314087 -4.3431444 8.053544 1260088867328
0.4333353 -4.2165623 7.9797983 1260088867341
0.53016555 -4.0663447 7.915188 1260088867347
