62.340214 16.030401 -2.5337002 -0.42927045 -2.444273 8.885883 1260088830016
62.340214 16.030401 -2.5337002 -0.44526288 -2.5447521 8.852242 1260088830024
62.823204 16.82888 -3.0070152 -0.44526288 -2.5447521 8.852242 1260088830028
62.823204 16.82888 -3.0070152 -0.5237903 -2.6817493 8.814836 1260088830037
63.132046 17.587437 -3.4066644 -0.5237903 -2.6817493 8.814836 1260088830045
63.132046 17.587437 -3.4066644 -0.58409 -2.7955523 8.762955 1260088830048
63.375443 18.358065 -3.7363312 -0.58409 -2.7955523 8.762955 1260088830059
63.375443 18.358065 -3.7363312 -0.63388354 -2.908432 8.705496 1260088830065
62.90667 18.44016 -3.6995146 -0.63388354 -2.908432 8.705496 1260088830074
62.90667 18.44016 -3.6995146 -0.628749 -2.9141963 8.6924515 1260088830079
62.111336 18.318153 -3.2145388 -0.628749 -2.9141963 8.6924515 1260088830093
62.111336 18.318153 -3.2145388 -0.55168337 -2.8924315 8.680059 1260088830096
61.555767 18.402246 -2.8038118 -0.55168337 -2.8924315 8.680059 1260088830117
61.555767 18.402246 -2.8038118 -0.48391917 -2.904444 8.676459 1260088830121
61.12798 18.482134 -2.4636211 -0.48391917 -2.904444 8.676459 1260088830134
61.12798 18.482134 -2.4636211 -0.4243103 -2.919261 8.673039 1260088830138
61.12798 18.482134 -2.4636211 -0.37040594 -2.930613 8.66979 1260088830152
60.67158 18.508028 -2.14044 -0.37040594 -2.930613 8.66979 1260088830175
60.67158 18.508028 -2.14044 -0.32260188 -2.9325442 8.669428 1260088830182
60.188004 18.432627 -1.833418 -0.32260188 -2.9325442 8.669428 1260088830194
60.188004 18.432627 -1.833418 -0.27718803 -2.9207585 8.669084 1260088830197
59.678604 18.410995 -1.5417471 -0.27718803 -2.9207585 8.669084 1260088830214
59.678604 18.410995 -1.5417471 -0.23336387 -2.912967 8.67148 1260088830220
59.678604 18.410995 -1.5417471 -0.1917309 -2.9110134 8.673758 1260088830232
59.144672 18.440445 -1.2646598 -0.1917309 -2.9110134 8.673758 1260088830257
59.144672 18.440445 -1.2646598 -0.15286061 -2.9112005 8.673197 1260088830264
58.58744 18.468422 -1.0014268 -0.15286061 -2.9112005 8.673197 1260088830274
58.58744 18.468422 -1.0014268 -0.115933836 -2.9141023 8.672664 1260088830277
58.10807 18.495 -0.8013555 -0.115933836 -2.9141023 8.672664 1260088830294
58.10807 18.495 -0.8013555 -0.08289645 -2.91754 8.672157 1260088830299
57.60267 18.52025 -0.6112877 -0.08289645 -2.91754 8.672157 1260088830314
57.60267 18.52025 -0.6112877 -0.054235 -2.9235299 8.668952 1260088830317
57.122536 18.594238 -0.4307233 -0.054235 -2.9235299 8.668952 1260088830332
57.122536 18.594238 -0.4307233 -0.02768764 -2.9339874 8.6604595 1260088830336
56.716408 18.714527 -0.30918714 -0.02768764 -2.9339874 8.6604595 1260088830352
56.716408 18.714527 -0.30918714 -0.008596807 -2.9493701 8.649668 1260088830360
56.280586 18.8288 -0.19372779 -0.008596807 -2.9493701 8.649668 1260088830372
56.280586 18.8288 -0.19372779 0.007496434 -2.9646647 8.644863 1260088830376
55.866558 18.88736 -0.1340414 0.007496434 -2.9646647 8.644863 1260088830392
55.866558 18.88736 -0.1340414 0.017336873 -2.9737465 8.643023 1260088830395
55.42323 18.942991 -0.07733933 0.017336873 -2.9737465 8.643023 1260088830412
55.42323 18.942991 -0.07733933 0.020556135 -2.978969 8.638551 1260088830415
54.90207 18.94584 -0.023472361 0.020556135 -2.978969 8.638551 1260088830432
54.90207 18.94584 -0.023472361 0.023614433 -2.9784825 8.637026 1260088830435
54.306965 18.94855 0.027701257 0.023614433 -2.9784825 8.637026 1260088830452
54.306965 18.94855 0.027701257 0.027200833 -2.9759772 8.638302 1260088830638
53.54162 18.901121 0.07631619 0.027200833 -2.9759772 8.638302 1260088830642
53.54162 18.901121 0.07631619 0.033331983 -2.968149 8.636789 1260088830647
52.66454 18.806065 0.072500385 0.033331983 -2.968149 8.636789 1260088830650
52.66454 18.806065 0.072500385 0.033027418 -2.9491348 8.635353 1260088830659
51.73131 18.665762 0.018875366 0.033027418 -2.9491348 8.635353 1260088830663
51.73131 18.665762 0.018875366 0.021841804 -2.922218 8.636712 1260088830668
50.644745 18.382473 -0.18206841 0.021841804 -2.922218 8.636712 1260088830674
50.644745 18.382473 -0.18206841 -0.007853019 -2.8755357 8.643452 1260088830680
49.362507 17.86335 -0.52296495 -0.007853019 -2.8755357 8.643452 1260088830683
49.362507 17.86335 -0.52296495 -0.06330379 -2.7957745 8.658027 1260088830686
47.79438 17.170183 -0.9968167 -0.06330379 -2.7957745 8.658027 1260088830694
47.79438 17.170183 -0.9968167 -0.1418607 -2.6886747 8.669148 1260088830697
45.85466 16.361673 -1.5969759 -0.1418607 -2.6886747 8.669148 1260088830703
45.85466 16.361673 -1.5969759 -0.23623925 -2.5651371 8.679714 1260088830706
61.461926 15.79359 -2.217127 -0.23623925 -2.5651371 8.679714 1260088830709
61.461926 15.79359 -2.217127 -0.33883822 -2.4818275 8.706097 1260088830717
73.83883 16.15391 -2.7562706 -0.33883822 -2.4818275 8.706097 1260088830720
73.83883 16.15391 -2.7562706 -0.44720352 -2.5756617 8.759081 1260088830724
81.346886 17.596214 -3.0684571 -0.44720352 -2.5756617 8.759081 1260088830739
81.346886 17.596214 -3.0684571 -0.54265934 -2.9603658 8.828485 1260088830742
88.27954 19.566404 -3.1650343 -0.54265934 -2.9603658 8.828485 1260088830748
88.27954 19.566404 -3.1650343 -0.60542065 -3.611862 8.902591 1260088830753
94.96556 21.738085 -3.1067827 -0.60542065 -3.611862 8.902591 1260088830757
94.96556 21.738085 -3.1067827 -0.6207778 -4.4391747 8.962095 1260088830762
101.56728 24.00118 -3.0014436 -0.6207778 -4.4391747 8.962095 1260088830765
101.56728 24.00118 -3.0014436 -0.6019972 -5.3408947 8.996832 1260088830768
108.18892 26.251122 -2.8013713 -0.6019972 -5.3408947 8.996832 1260088830776
108.18892 26.251122 -2.8013713 -0.55963904 -6.2220454 8.996462 1260088830780
115.02947 28.388565 -2.7113028 -0.55963904 -6.2220454 8.996462 1260088830787
115.02947 28.388565 -2.7113028 -0.55821675 -7.0067 8.971594 1260088830798
121.978 30.269136 -2.8757377 -0.55821675 -7.0067 8.971594 1260088830801
121.978 30.269136 -2.8757377 -0.6345016 -7.6179614 8.9309435 1260088830805
128.6791 31.75568 -3.3819509 -0.6345016 -7.6179614 8.9309435 1260088830810
128.6791 31.75568 -3.3819509 -0.8036766 -7.978691 8.870533 1260088830819
134.69514 32.167896 -4.862853 -0.8036766 -7.978691 8.870533 1260088830825
134.69514 32.167896 -4.862853 -1.125794 -8.01084 8.782497 1260088830836
145.51039 30.959501 -7.3697104 -1.125794 -8.01084 8.782497 1260088830843
145.51039 30.959501 -7.3697104 -1.6313437 -7.709046 8.726786 1260088830846
138.83487 28.711527 -9.901225 -1.6313437 -7.709046 8.726786 1260088830856
138.83487 28.711527 -9.901225 -2.3833418 -7.0845566 8.762391 1260088830864
132.54312 26.12595 -12.106164 -2.3833418 -7.0845566 8.762391 1260088830874
132.54312 26.12595 -12.106164 -3.3612938 -6.18892 8.911989 1260088830880
126.66596 23.469652 -14.200856 -3.3612938 -6.18892 8.911989 1260088830893
126.66596 23.469652 -14.200856 -4.4817142 -5.1541905 9.054108 1260088830899
121.13267 20.84617 -16.290813 -4.4817142 -5.1541905 9.054108 1260088830914
121.13267 20.84617 -16.290813 -5.568587 -4.141233 9.031805 1260088830917
116.12604 18.503862 -18.526272 -5.568587 -4.141233 9.031805 1260088830937
116.12604 18.503862 -18.526272 -6.520756 -3.3103595 8.83083 1260088830940
111.81973 16.52867 -21.04996 -6.520756 -3.3103595 8.83083 1260088830954
111.81973 16.52867 -21.04996 -7.2339506 -2.7437222 8.443769 1260088830960
108.82874 15.502235 -24.14746 -7.2339506 -2.7437222 8.443769 1260088830976
108.82874 15.502235 -24.14746 -7.7112665 -2.5404775 8.095812 1260088830984
112.93731 16.177124 -25.390087 -7.7112665 -2.5404775 8.095812 1260088830993
112.93731 16.177124 -25.390087 -7.95973 -2.822745 8.049236 1260088830996
119.29044 17.718267 -25.020582 -7.95973 -2.822745 8.049236 1260088831017
119.29044 17.718267 -25.020582 -7.917916 -3.5274315 8.364567 1260088831020
125.525925 19.382355 -23.769552 -7.917916 -3.5274315 8.364567 1260088831034
125.525925 19.382355 -23.769552 -7.5342784 -4.565314 8.926322 1260088831041
131.34962 21.013237 -22.081074 -7.5342784 -4.565314 8.926322 1260088831054
131.34962 21.013237 -22.081074 -6.8402104 -5.743349 9.526049 1260088831063
136.73215 22.662575 -20.22702 -6.8402104 -5.743349 9.526049 1260088831076
136.73215 22.662575 -20.22702 -6.03647 -6.8624825 9.952094 1260088831079
141.74554 24.329447 -18.36567 -6.03647 -6.8624825 9.952094 1260088831094
141.74554 24.329447 -18.36567 -5.3090105 -7.7336125 10.138912 1260088831101
146.30827 26.012974 -16.847385 -5.3090105 -7.7336125 10.138912 1260088831119
146.30827 26.012974 -16.847385 -4.8338065 -8.190031 10.120256 1260088831123
150.04286 27.362326 -16.105017 -4.8338065 -8.190031 10.120256 1260088831134
150.04286 27.362326 -16.105017 -4.613228 -8.222509 9.947942 1260088831137
149.74072 26.74421 -17.799767 -4.613228 -8.222509 9.947942 1260088831156
149.74072 26.74421 -17.799767 -4.5752945 -7.8774424 9.599007 1260088831159
144.15369 18.106998 -19.609777 -4.5752945 -7.8774424 9.599007 1260088831174
144.15369 18.106998 -19.609777 -4.6863575 -7.247257 9.060489 1260088831180
138.34601 10.251648 -21.079288 -4.6863575 -7.247257 9.060489 1260088831193
138.34601 10.251648 -21.079288 -5.027499 -6.3795795 8.557069 1260088831202
132.5287 7.6390653 -22.425323 -5.027499 -6.3795795 8.557069 1260088831215
132.5287 7.6390653 -22.425323 -5.6682568 -5.2583623 8.28585 1260088831380
126.65227 5.1571116 -23.554058 -5.6682568 -5.2583623 8.28585 1260088831389
126.65227 5.1571116 -23.554058 -6.559599 -3.8772135 8.284935 1260088831398
121.06966 3.049256 -24.726355 -6.559599 -3.8772135 8.284935 1260088831401
121.06966 3.049256 -24.726355 -7.5561976 -2.5875957 8.442061 1260088831405
116.11617 1.3467932 -26.040037 -7.5561976 -2.5875957 8.442061 1260088831409
116.11617 1.3467932 -26.040037 -8.4893465 -1.5899187 8.624021 1260088831416
116.16036 0.22945344 -27.588036 -8.4893465 -1.5899187 8.624021 1260088831421
116.16036 0.22945344 -27.588036 -9.262108 -1.010556 8.775089 1260088831424
119.40234 0.26798078 -29.058634 -9.262108 -1.010556 8.775089 1260088831427
119.40234 0.26798078 -29.058634 -9.802141 -0.98726887 8.984663 1260088831436
122.83223 1.5045817 -29.555702 -9.802141 -0.98726887 8.984663 1260088831442
122.83223 1.5045817 -29.555702 -10.062515 -1.4377722 9.300213 1260088831445
126.240616 3.7793527 -29.077917 -10.062515 -1.4377722 9.300213 1260088831448
126.240616 3.7793527 -29.077917 -9.990474 -2.277766 9.566615 1260088831457
130.32858 6.9403853 -27.724022 -9.990474 -2.277766 9.566615 1260088831460
130.32858 6.9403853 -27.724022 -9.536578 -3.4053724 9.626288 1260088831463
134.81215 10.343366 -25.887821 -9.536578 -3.4053724 9.626288 1260088831474
134.81215 10.343366 -25.887821 -8.830928 -4.6414046 9.428958 1260088831481
139.22154 13.676197 -23.99343 -8.830928 -4.6414046 9.428958 1260088831485
139.22154 13.676197 -23.99343 -8.088372 -5.804739 9.089627 1260088831490
143.41046 16.842388 -22.293758 -8.088372 -5.804739 9.089627 1260088831496
143.41046 16.842388 -22.293758 -7.46058 -6.7151356 8.780884 1260088831501
147.03993 19.800268 -20.97907 -7.46058 -6.7151356 8.780884 1260088831504
147.03993 19.800268 -20.97907 -7.0276213 -7.327355 8.570662 1260088831507
150.03793 22.110254 -20.330116 -7.0276213 -7.327355 8.570662 1260088831515
150.03793 22.110254 -20.330116 -6.785884 -7.658349 8.434285 1260088831519
152.23604 23.204742 -20.71361 -6.785884 -7.658349 8.434285 1260088831526
152.23604 23.204742 -20.71361 -6.689032 -7.626837 8.291107 1260088831529
152.52423 22.744505 -22.47793 -6.689032 -7.626837 8.291107 1260088831538
152.52423 22.744505 -22.47793 -6.763872 -7.366035 8.127166 1260088831541
148.04802 20.75728 -24.254034 -6.763872 -7.366035 8.127166 1260088831544
148.04802 20.75728 -24.254034 -7.0842223 -6.7750406 8.062678 1260088831555
141.39561 18.169416 -25.391333 -7.0842223 -6.7750406 8.062678 1260088831562
141.39561 18.169416 -25.391333 -7.6800303 -5.7661676 8.23909 1260088831566
134.52583 15.460945 -26.271767 -7.6800303 -5.7661676 8.23909 1260088831575
134.52583 15.460945 -26.271767 -8.46806 -4.4672294 8.583065 1260088831578
127.99954 12.787898 -27.058178 -8.46806 -4.4672294 8.583065 1260088831597
127.99954 12.787898 -27.058178 -9.291599 -3.0956726 8.896221 1260088831600
122.09956 10.298503 -27.955269 -9.291599 -3.0956726 8.896221 1260088831614
122.09956 10.298503 -27.955269 -10.021523 -1.9248111 9.086119 1260088831621
117.49458 8.183578 -29.157505 -10.021523 -1.9248111 9.086119 1260088831642
117.49458 8.183578 -29.157505 -10.5733 -1.1250796 9.0649395 1260088831645
117.46986 7.1243987 -30.89963 -10.5733 -1.1250796 9.0649395 1260088831654
117.46986 7.1243987 -30.89963 -10.934044 -0.8515811 8.981485 1260088831657
120.39636 7.8181787 -31.804647 -10.934044 -0.8515811 8.981485 1260088831675
120.39636 7.8181787 -31.804647 -11.120797 -1.1549588 9.056794 1260088831679
124.02654 9.72727 -31.514416 -11.120797 -1.1549588 9.056794 1260088831698
124.02654 9.72727 -31.514416 -11.068029 -1.9076216 9.208017 1260088831701
128.07521 12.390906 -30.388695 -11.068029 -1.9076216 9.208017 1260088831713
128.07521 12.390906 -30.388695 -10.712804 -3.007426 9.3128605 1260088831716
132.47145 15.421361 -28.71926 -10.712804 -3.007426 9.3128605 1260088831735
132.47145 15.421361 -28.71926 -10.106338 -4.2633557 9.257871 1260088831738
136.84789 18.550293 -26.933296 -10.106338 -4.2633557 9.257871 1260088831756
136.84789 18.550293 -26.933296 -9.436214 -5.4564886 9.034696 1260088831760
140.7555 21.622778 -25.436632 -9.436214 -5.4564886 9.034696 1260088831779
140.7555 21.622778 -25.436632 -8.88813 -6.4523997 8.800205 1260088831783
144.01772 24.241638 -24.4648 -8.88813 -6.4523997 8.800205 1260088831794
144.01772 24.241638 -24.4648 -8.558816 -7.1513057 8.629878 1260088831797
146.31683 25.929556 -24.34156 -8.558816 -7.1513057 8.629878 1260088831816
146.31683 25.929556 -24.34156 -8.437333 -7.491102 8.498713 1260088831820
147.20099 26.583078 -25.224482 -8.437333 -7.491102 8.498713 1260088831839
147.20099 26.583078 -25.224482 -8.41931 -7.4931498 8.310771 1260088831842
144.74094 25.553925 -27.613258 -8.41931 -7.4931498 8.310771 1260088831864
144.74094 25.553925 -27.613258 -8.5016165 -7.1763787 8.032798 1260088831869
139.5539 23.126228 -29.482595 -8.5016165 -7.1763787 8.032798 1260088831875
139.5539 23.126228 -29.482595 -8.702391 -6.545834 7.743526 1260088831878
133.7262 20.369917 -30.708466 -8.702391 -6.545834 7.743526 1260088831898
133.7262 20.369917 -30.708466 -9.095388 -5.671685 7.5933437 1260088831902
127.53989 17.351421 -31.423042 -9.095388 -5.671685 7.5933437 1260088831914
127.53989 17.351421 -31.423042 -9.6464815 -4.468046 7.635907 1260088831918
121.412895 14.33385 -31.90189 -9.6464815 -4.468046 7.635907 1260088831933
121.412895 14.33385 -31.90189 -10.269448 -3.1018965 7.8282094 1260088831937
115.54225 11.567158 -32.406796 -10.269448 -3.1018965 7.8282094 1260088831956
115.54225 11.567158 -32.406796 -10.897361 -1.8340193 8.035413 1260088831960
110.06514 9.0388 -32.986454 -10.897361 -1.8340193 8.035413 1260088831975
110.06514 9.0388 -32.986454 -11.430543 -0.7616533 8.149173 1260088831978
105.361885 7.08686 -33.93713 -11.430543 -0.7616533 8.149173 1260088832165
105.361885 7.08686 -33.93713 -11.873051 -0.075242095 8.20753 1260088832168
102.89379 6.082517 -35.29027 -11.873051 -0.075242095 8.20753 1260088832176
102.89379 6.082517 -35.29027 -12.207624 0.16483304 8.246625 1260088832179
104.4991 6.2783914 -36.37576 -12.207624 0.16483304 8.246625 1260088832187
104.4991 6.2783914 -36.37576 -12.425361 -0.010938897 8.353229 1260088832195
107.82414 7.5644717 -36.40697 -12.425361 -0.010938897 8.353229 1260088832198
107.82414 7.5644717 -36.40697 -12.507584 -0.61990255 8.619989 1260088832201
111.782936 9.386249 -35.686623 -12.507584 -0.61990255 8.619989 1260088832205
111.782936 9.386249 -35.686623 -12.410674 -1.5614003 9.064097 1260088832210
116.19379 11.416936 -34.45229 -12.410674 -1.5614003 9.064097 1260088832218
116.19379 11.416936 -34.45229 -12.099322 -2.722101 9.5936 1260088832221
120.9341 13.696089 -32.879677 -12.099322 -2.722101 9.5936 1260088832225
120.9341 13.696089 -32.879677 -11.58425 -3.9677804 9.994475 1260088832230
125.7374 16.261284 -31.185694 -11.58425 -3.9677804 9.994475 1260088832236
125.7374 16.261284 -31.185694 -10.970306 -5.175692 10.145804 1260088832241
130.25053 19.14822 -29.576408 -10.970306 -5.175692 10.145804 1260088832244
130.25053 19.14822 -29.576408 -10.395231 -6.3232083 10.035547 1260088832247
134.188 22.19081 -28.297588 -10.395231 -6.3232083 10.035547 1260088832255
134.188 22.19081 -28.297588 -9.959916 -7.2512665 9.729222 1260088832258
137.4286 24.78127 -27.53271 -9.959916 -7.2512665 9.729222 1260088832266
137.4286 24.78127 -27.53271 -9.685294 -7.8557477 9.393947 1260088832270
139.65718 26.642206 -27.456074 -9.685294 -7.8557477 9.393947 1260088832281
139.65718 26.642206 -27.456074 -9.535409 -8.127633 9.059091 1260088832285
139.82433 27.310097 -28.53327 -9.535409 -8.127633 9.059091 1260088832290
139.82433 27.310097 -28.53327 -9.457034 -8.059036 8.6551695 1260088832298
137.08311 34.44459 -31.106606 -9.457034 -8.059036 8.6551695 1260088832301
137.08311 34.44459 -31.106606 -9.499031 -7.7439356 8.210834 1260088832304
132.52896 32.12236 -33.401276 -9.499031 -7.7439356 8.210834 1260088832310
132.52896 32.12236 -33.401276 -9.735743 -7.2001047 7.8656697 1260088832316
127.05251 29.166243 -34.58121 -9.735743 -7.2001047 7.8656697 1260088832324
127.05251 29.166243 -34.58121 -10.226896 -6.3041387 7.800637 1260088832327
121.349884 26.00793 -35.25215 -10.226896 -6.3041387 7.800637 1260088832330
121.349884 26.00793 -35.25215 -10.9264 -5.0824976 8.028969 1260088832337
115.78239 22.957535 -35.689545 -10.9264 -5.0824976 8.028969 1260088832340
115.78239 22.957535 -35.689545 -11.629747 -3.792545 8.380726 1260088832348
110.44327 20.159658 -36.205067 -11.629747 -3.792545 8.380726 1260088832358
110.44327 20.159658 -36.205067 -12.197818 -2.715552 8.657008 1260088832361
105.5211 17.751675 -36.944813 -12.197818 -2.715552 8.657008 1260088832381
105.5211 17.751675 -36.944813 -12.516153 -2.0192971 8.739688 1260088832384
101.545044 16.264091 -37.94757 -12.516153 -2.0192971 8.739688 1260088832393
101.545044 16.264091 -37.94757 -12.582259 -1.750802 8.716081 1260088832396
99.46779 16.100887 -38.45019 -12.582259 -1.750802 8.716081 1260088832417
99.46779 16.100887 -38.45019 -12.48434 -1.82262 8.732472 1260088832420
104.2944 16.845842 -38.077682 -12.48434 -1.82262 8.732472 1260088832438
104.2944 16.845842 -38.077682 -12.269414 -2.1380565 8.831128 1260088832441
109.629684 18.35355 -37.0238 -12.269414 -2.1380565 8.831128 1260088832454
109.629684 18.35355 -37.0238 -11.915411 -2.6767583 8.938472 1260088832457
114.8482 20.335873 -35.47261 -11.915411 -2.6767583 8.938472 1260088832476
114.8482 20.335873 -35.47261 -11.42656 -3.350607 8.979837 1260088832479
119.805786 22.46908 -33.64898 -11.42656 -3.350607 8.979837 1260088832492
119.805786 22.46908 -33.64898 -10.842974 -4.059546 8.972145 1260088832499
124.4655 24.445625 -31.66653 -10.842974 -4.059546 8.972145 1260088832513
124.4655 24.445625 -31.66653 -10.208206 -4.7105646 8.962113 1260088832522
128.79222 26.173344 -29.783203 -10.208206 -4.7105646 8.962113 1260088832533
128.79222 26.173344 -29.783203 -9.605178 -5.293619 8.991401 1260088832536
132.75261 27.714676 -28.094044 -9.605178 -5.293619 8.991401 1260088832556
132.75261 27.714676 -28.094044 -9.064989 -5.814832 9.04374 1260088832559
136.46498 29.478943 -26.43934 -9.064989 -5.814832 9.04374 1260088832577
136.46498 29.478943 -26.43934 -8.546362 -6.2303057 8.952493 1260088832581
139.94173 31.204996 -24.867374 -8.546362 -6.2303057 8.952493 1260088832593
139.94173 31.204996 -24.867374 -8.065244 -6.503784 8.786128 1260088832603
143.19464 32.994747 -23.324005 -8.065244 -6.503784 8.786128 1260088832614
143.19464 32.994747 -23.324005 -7.6163535 -6.606955 8.523205 1260088832617
146.4349 34.895008 -21.707806 -7.6163535 -6.606955 8.523205 1260088832636
146.4349 34.895008 -21.707806 -7.1871834 -6.5537815 8.179448 1260088832639
149.21317 35.25026 -20.622416 -7.1871834 -6.5537815 8.179448 1260088832665
149.21317 35.25026 -20.622416 -6.8291864 -6.3800025 7.94073 1260088832674
