58.191116 30.245373 6.465303 1.0163131 -4.7207317 7.823158 1260088797347
58.191116 30.245373 6.465303 1.028151 -4.727137 7.829033 1260088797355
58.13156 30.233105 6.542038 1.028151 -4.727137 7.829033 1260088797366
58.13156 30.233105 6.542038 1.0414401 -4.721645 7.8346143 1260088797369
58.024982 30.17145 6.614936 1.0414401 -4.721645 7.8346143 1260088797373
58.024982 30.17145 6.614936 1.0513407 -4.7082553 7.842641 1260088797379
57.873734 30.112877 6.6841893 1.0513407 -4.7082553 7.842641 1260088797390
57.873734 30.112877 6.6841893 1.0668755 -4.6989403 7.858438 1260088797394
57.680046 30.107233 6.69998 1.0668755 -4.6989403 7.858438 1260088797404
57.680046 30.107233 6.69998 1.0734612 -4.695539 7.8625493 1260088797413
57.496044 30.251871 6.514981 1.0734612 -4.695539 7.8625493 1260088797426
57.496044 30.251871 6.514981 1.0429428 -4.7161436 7.8610067 1260088797429
57.27124 30.389278 6.539232 1.0429428 -4.7161436 7.8610067 1260088797442
57.27124 30.389278 6.539232 1.0500442 -4.738442 7.8677135 1260088797450
56.95768 30.469814 6.6122704 1.0500442 -4.738442 7.8677135 1260088797469
56.95768 30.469814 6.6122704 1.0683677 -4.7657547 7.884981 1260088797473
56.559795 30.496325 6.7816567 1.0683677 -4.7657547 7.884981 1260088797483
56.559795 30.496325 6.7816567 1.1109728 -4.81077 7.9456515 1260088797486
55.981804 30.371508 7.342574 1.1109728 -4.81077 7.9456515 1260088797506
55.981804 30.371508 7.342574 1.2392988 -4.855578 8.042107 1260088797509
55.282715 30.402933 7.9754453 1.2392988 -4.855578 8.042107 1260088797527
55.282715 30.402933 7.9754453 1.4081987 -4.9533076 8.1589365 1260088797531
54.41858 30.582787 8.826673 1.4081987 -4.9533076 8.1589365 1260088797544
54.41858 30.582787 8.826673 1.6469706 -5.1074424 8.272649 1260088797554
53.29765 30.853647 9.885339 1.6469706 -5.1074424 8.272649 1260088797564
53.29765 30.853647 9.885339 1.9459919 -5.3001795 8.352754 1260088797567
51.932766 31.210964 10.991072 1.9459919 -5.3001795 8.352754 1260088797587
51.932766 31.210964 10.991072 2.2464066 -5.4996243 8.381864 1260088797591
50.28613 31.550415 12.041518 2.2464066 -5.4996243 8.381864 1260088797608
50.28613 31.550415 12.041518 2.4923015 -5.6366587 8.348907 1260088797612
48.42182 31.922894 12.839442 2.4923015 -5.6366587 8.348907 1260088797624
48.42182 31.922894 12.839442 2.629878 -5.7014637 8.267884 1260088797627
46.40073 32.27675 13.29747 2.629878 -5.7014637 8.267884 1260088797645
46.40073 32.27675 13.29747 2.64957 -5.672453 8.130302 1260088797648
44.830692 32.66291 12.882597 2.64957 -5.672453 8.130302 1260088797667
44.830692 32.66291 12.882597 2.540246 -5.5645328 7.9301357 1260088797670
44.089157 32.529766 10.738467 2.540246 -5.5645328 7.9301357 1260088797683
44.089157 32.529766 10.738467 2.308357 -5.3932257 7.6820908 1260088797692
43.084698 31.203278 7.151544 2.308357 -5.3932257 7.6820908 1260088797703
43.084698 31.203278 7.151544 1.9716085 -5.148081 7.415802 1260088797706
41.98046 29.593113 3.3439667 1.9716085 -5.148081 7.415802 1260088797728
41.98046 29.593113 3.3439667 1.5406916 -4.8825045 7.174405 1260088797732
40.88144 27.913458 -0.12323157 1.5406916 -4.8825045 7.174405 1260088797748
40.88144 27.913458 -0.12323157 1.0679859 -4.6111383 6.985939 1260088797752
40.03737 26.767784 -3.11707 1.0679859 -4.6111383 6.985939 1260088797762
40.03737 26.767784 -3.11707 0.59099376 -4.4221234 6.8763604 1260088797766
39.4855 26.179396 -5.2612166 0.59099376 -4.4221234 6.8763604 1260088797782
39.4855 26.179396 -5.2612166 0.21003908 -4.3249626 6.8464913 1260088797785
38.911224 26.270426 -5.8981557 0.21003908 -4.3249626 6.8464913 1260088797802
38.911224 26.270426 -5.8981557 0.04767024 -4.3341312 6.906648 1260088797805
54.815662 26.906904 -4.853248 0.04767024 -4.3341312 6.906648 1260088797823
54.815662 26.906904 -4.853248 0.22711837 -4.565534 7.076846 1260088797826
67.47488 27.66156 -2.9105856 0.22711837 -4.565534 7.076846 1260088797842
67.47488 27.66156 -2.9105856 0.83004016 -5.071394 7.2528353 1260088797845
78.45113 28.428482 -0.6650562 0.83004016 -5.071394 7.2528353 1260088797862
78.45113 28.428482 -0.6650562 1.7719272 -5.820963 7.3062954 1260088797865
88.47858 29.207058 1.6181966 1.7719272 -5.820963 7.3062954 1260088797882
88.47858 29.207058 1.6181966 2.8751113 -6.681515 7.155501 1260088797885
97.55465 30.046705 3.7372868 2.8751113 -6.681515 7.155501 1260088798060
97.55465 30.046705 3.7372868 3.7562869 -7.4057403 6.8549314 1260088798064
105.72691 31.04437 5.5504227 3.7562869 -7.4057403 6.8549314 1260088798069
105.72691 31.04437 5.5504227 4.1997757 -7.799555 6.5394254 1260088798076
110.390564 32.89215 6.2229013 4.1997757 -7.799555 6.5394254 1260088798081
110.390564 32.89215 6.2229013 4.1328006 -7.8277216 6.3003054 1260088798085
106.87103 31.847544 3.1617563 4.1328006 -7.8277216 6.3003054 1260088798088
106.87103 31.847544 3.1617563 3.5665834 -7.530316 6.214112 1260088798095
102.87748 29.755167 -0.14633164 3.5665834 -7.530316 6.214112 1260088798098
102.87748 29.755167 -0.14633164 2.7324345 -7.025088 6.2173553 1260088798102
98.983604 27.46741 -3.239015 2.7324345 -7.025088 6.2173553 1260088798107
98.983604 27.46741 -3.239015 1.8065135 -6.427305 6.253806 1260088798110
95.23442 25.294039 -6.127064 1.8065135 -6.427305 6.253806 1260088798118
95.23442 25.294039 -6.127064 0.96298265 -5.8675838 6.2802625 1260088798121
91.8227 23.579336 -8.720711 0.96298265 -5.8675838 6.2802625 1260088798124
91.8227 23.579336 -8.720711 0.3781918 -5.47069 6.2856464 1260088798130
89.03156 23.50037 -9.084675 0.3781918 -5.47069 6.2856464 1260088798141
89.03156 23.50037 -9.084675 0.22784585 -5.3680906 6.3820176 1260088798144
101.87998 24.525352 -7.130441 0.22784585 -5.3680906 6.3820176 1260088798148
101.87998 24.525352 -7.130441 0.60599554 -5.641776 6.462674 1260088798159
112.08598 25.499084 -4.7239194 0.60599554 -5.641776 6.462674 1260088798164
112.08598 25.499084 -4.7239194 1.4174333 -6.2586303 6.522953 1260088798167
121.38168 26.37413 -2.2877233 1.4174333 -6.2586303 6.522953 1260088798170
121.38168 26.37413 -2.2877233 2.5076962 -7.086403 6.566598 1260088798178
129.9626 27.255424 0.026662912 2.5076962 -7.086403 6.566598 1260088798183
129.9626 27.255424 0.026662912 3.5318687 -7.8782353 6.4997787 1260088798194
138.26447 28.242653 2.0253298 3.5318687 -7.8782353 6.4997787 1260088798199
138.26447 28.242653 2.0253298 4.1915646 -8.441154 6.4723945 1260088798203
149.00124 29.28052 3.4240634 4.1915646 -8.441154 6.4723945 1260088798210
149.00124 29.28052 3.4240634 4.391278 -8.646313 6.504266 1260088798216
144.15117 29.566494 2.6528602 4.391278 -8.646313 6.504266 1260088798224
144.15117 29.566494 2.6528602 4.0790954 -8.472784 6.539992 1260088798227
138.89362 27.888168 -0.22978285 4.0790954 -8.472784 6.539992 1260088798237
138.89362 27.888168 -0.22978285 3.380041 -8.00556 6.554863 1260088798245
133.64894 25.54376 -3.2682936 3.380041 -8.00556 6.554863 1260088798258
133.64894 25.54376 -3.2682936 2.4605577 -7.3287888 6.5301723 1260088798261
128.5665 23.166573 -6.2048793 2.4605577 -7.3287888 6.5301723 1260088798273
128.5665 23.166573 -6.2048793 1.5264381 -6.6225214 6.4597263 1260088798279
123.738174 21.158243 -9.194635 1.5264381 -6.6225214 6.4597263 1260088798294
123.738174 21.158243 -9.194635 0.7690988 -6.0693836 6.343088 1260088798297
119.80126 20.750332 -11.834904 0.7690988 -6.0693836 6.343088 1260088798316
119.80126 20.750332 -11.834904 0.41328976 -5.8462744 6.1743956 1260088798319
122.3612 23.012815 -10.093159 0.41328976 -5.8462744 6.1743956 1260088798338
122.3612 23.012815 -10.093159 0.6132749 -6.0790253 5.9283295 1260088798342
128.04314 24.462175 -7.688501 0.6132749 -6.0790253 5.9283295 1260088798353
128.04314 24.462175 -7.688501 1.2915502 -6.6930857 5.6618776 1260088798358
134.44098 25.639067 -5.204076 1.2915502 -6.6930857 5.6618776 1260088798374
134.44098 25.639067 -5.204076 2.3104713 -7.5481687 5.461187 1260088798377
140.91893 26.657114 -2.7938719 2.3104713 -7.5481687 5.461187 1260088798398
140.91893 26.657114 -2.7938719 3.344505 -8.391144 5.3835797 1260088798401
147.07298 27.67426 -0.7041782 3.344505 -8.391144 5.3835797 1260088798413
147.07298 27.67426 -0.7041782 4.049663 -8.9937935 5.4726157 1260088798418
141.01933 28.640547 0.7310307 4.049663 -8.9937935 5.4726157 1260088798434
141.01933 28.640547 0.7310307 4.3007374 -9.253724 5.67093 1260088798440
136.71837 28.75852 0.44447917 4.3007374 -9.253724 5.67093 1260088798456
136.71837 28.75852 0.44447917 4.0373483 -9.099539 5.909043 1260088798459
132.08244 27.170593 -1.677745 4.0373483 -9.099539 5.909043 1260088798476
132.08244 27.170593 -1.677745 3.376475 -8.604382 6.1127763 1260088798482
127.27832 24.812063 -4.2938576 3.376475 -8.604382 6.1127763 1260088798494
127.27832 24.812063 -4.2938576 2.5348063 -7.883368 6.195998 1260088798499
122.56441 22.27146 -6.929165 2.5348063 -7.883368 6.195998 1260088798513
122.56441 22.27146 -6.929165 1.6991268 -7.1221313 6.1647344 1260088798517
118.03619 20.157887 -9.732707 1.6991268 -7.1221313 6.1647344 1260088798537
118.03619 20.157887 -9.732707 1.085701 -6.5637627 6.026752 1260088798541
116.13438 21.749992 -11.146071 1.085701 -6.5637627 6.026752 1260088798554
116.13438 21.749992 -11.146071 0.90270364 -6.398338 5.7356296 1260088798559
121.22766 26.912493 -8.988768 0.90270364 -6.398338 5.7356296 1260088798573
121.22766 26.912493 -8.988768 1.2334901 -6.658648 5.2935762 1260088798579
127.56628 32.316868 -6.439329 1.2334901 -6.658648 5.2935762 1260088798594
127.56628 32.316868 -6.439329 2.002657 -7.1974177 4.774197 1260088798597
134.08797 37.601025 -3.7673626 2.002657 -7.1974177 4.774197 1260088798618
134.08797 37.601025 -3.7673626 2.960825 -7.8107204 4.3134756 1260088798621
140.48357 37.87097 -1.2289944 2.960825 -7.8107204 4.3134756 1260088798634
140.48357 37.87097 -1.2289944 3.7437344 -8.300058 4.1250424 1260088798639
147.85939 38.17742 0.6324554 3.7437344 -8.300058 4.1250424 1260088798654
147.85939 38.17742 0.6324554 4.074121 -8.489799 4.2824535 1260088798661
142.36642 37.31855 0.60083264 4.074121 -8.489799 4.2824535 1260088798839
142.36642 37.31855 0.60083264 3.871777 -8.313199 4.7139354 1260088798843
137.0481 35.25262 -0.82920897 3.871777 -8.313199 4.7139354 1260088798856
137.0481 35.25262 -0.82920897 3.2580004 -7.8321614 5.2511935 1260088798859
131.89569 32.68999 -2.8377485 3.2580004 -7.8321614 5.2511935 1260088798863
131.89569 32.68999 -2.8377485 2.4808226 -7.1776805 5.650583 1260088798869
126.90091 30.05549 -5.0458612 2.4808226 -7.1776805 5.650583 1260088798875
126.90091 30.05549 -5.0458612 1.792218 -6.555924 5.8284216 1260088798881
122.40586 28.652716 -7.3435683 1.792218 -6.555924 5.8284216 1260088798884
122.40586 28.652716 -7.3435683 1.4213469 -6.239705 5.7630982 1260088798887
126.03557 32.82008 -5.9263897 1.4213469 -6.239705 5.7630982 1260088798895
126.03557 32.82008 -5.9263897 1.5123616 -6.3458643 5.421824 1260088798898
131.88379 37.779076 -3.73007 1.5123616 -6.3458643 5.421824 1260088798904
131.88379 37.779076 -3.73007 2.0482972 -6.7627077 4.870835 1260088798907
137.9896 42.74012 -1.4435664 2.0482972 -6.7627077 4.870835 1260088798910
137.9896 42.74012 -1.4435664 2.8434632 -7.3425837 4.2479663 1260088798918
143.74011 47.353115 0.728612 2.8434632 -7.3425837 4.2479663 1260088798922
143.74011 47.353115 0.728612 3.5655012 -7.890742 3.7393255 1260088798928
148.75311 51.285458 2.4921815 3.5655012 -7.890742 3.7393255 1260088798938
148.75311 51.285458 2.4921815 3.893222 -8.191524 3.5210323 1260088798942
143.86546 51.121185 2.4675725 3.893222 -8.191524 3.5210323 1260088798945
143.86546 51.121185 2.4675725 3.7135434 -8.150378 3.675955 1260088798956
138.27219 48.765125 0.64419377 3.7135434 -8.150378 3.675955 1260088798961
138.27219 48.765125 0.64419377 3.1492205 -7.7905307 4.0546775 1260088798964
132.70857 45.726868 -1.3880159 3.1492205 -7.7905307 4.0546775 1260088798967
132.70857 45.726868 -1.3880159 2.46329 -7.2341547 4.4505577 1260088798975
127.32314 42.740524 -3.068615 2.46329 -7.2341547 4.4505577 1260088798978
127.32314 42.740524 -3.068615 1.9839534 -6.724666 4.716319 1260088798984
121.956985 42.253498 -2.565184 1.9839534 -6.724666 4.716319 1260088798989
121.956985 42.253498 -2.565184 1.9194876 -6.5403 4.709325 1260088799036
129.55914 46.74082 -0.33692476 1.9194876 -6.5403 4.709325 1260088799044
129.55914 46.74082 -0.33692476 2.2906911 -6.7383494 4.4704537 1260088799047
137.08119 51.20378 1.9299215 2.2906911 -6.7383494 4.4704537 1260088799067
137.08119 51.20378 1.9299215 2.9654558 -7.1709814 4.1189 1260088799079
144.42714 55.393593 4.0334253 2.9654558 -7.1709814 4.1189 1260088799087
144.42714 55.393593 4.0334253 3.6534724 -7.658937 3.8264656 1260088799091
152.45578 55.023914 5.731754 3.6534724 -7.658937 3.8264656 1260088799094
152.45578 55.023914 5.731754 3.94683 -7.8534927 3.8333185 1260088799099
145.78299 53.222717 5.4951663 3.94683 -7.8534927 3.8333185 1260088799105
145.78299 53.222717 5.4951663 3.7644708 -7.653546 4.1987247 1260088799110
139.64384 50.161583 3.920408 3.7644708 -7.653546 4.1987247 1260088799116
139.64384 50.161583 3.920408 3.172404 -7.142156 4.788984 1260088799119
133.76166 46.853504 2.0743876 3.172404 -7.142156 4.788984 1260088799130
133.76166 46.853504 2.0743876 2.4464962 -6.5085554 5.3667555 1260088799136
128.22357 44.31083 0.47066817 2.4464962 -6.5085554 5.3667555 1260088799138
128.22357 44.31083 0.47066817 2.0068173 -6.134094 5.647318 1260088799147
123.66239 45.295288 0.99713475 2.0068173 -6.134094 5.647318 1260088799152
123.66239 45.295288 0.99713475 1.9827504 -6.199225 5.529758 1260088799160
130.32927 49.230522 2.5972779 1.9827504 -6.199225 5.529758 1260088799170
130.32927 49.230522 2.5972779 2.362368 -6.6261244 5.1197906 1260088799173
136.91281 53.268997 4.267414 2.362368 -6.6261244 5.1197906 1260088799184
136.91281 53.268997 4.267414 2.9334393 -7.1828647 4.5702825 1260088799193
143.41718 57.10555 5.9540434 2.9334393 -7.1828647 4.5702825 1260088799207
143.41718 57.10555 5.9540434 3.4262426 -7.621193 4.1115847 1260088799210
150.04631 57.05027 7.3563414 3.4262426 -7.621193 4.1115847 1260088799223
150.04631 57.05027 7.3563414 3.6111026 -7.7651978 3.9162207 1260088799230
144.094 56.347755 7.038524 3.6111026 -7.7651978 3.9162207 1260088799252
144.094 56.347755 7.038524 3.4346335 -7.6248283 3.9846444 1260088799255
138.1393 53.830368 5.0365977 3.4346335 -7.6248283 3.9846444 1260088799263
138.1393 53.830368 5.0365977 2.9816415 -7.2994304 4.213091 1260088799266
132.33234 51.03885 2.484768 2.9816415 -7.2994304 4.213091 1260088799286
132.33234 51.03885 2.484768 2.4041996 -6.9133472 4.415814 1260088799289
126.61572 48.536907 -0.53947055 2.4041996 -6.9133472 4.415814 1260088799304
126.61572 48.536907 -0.53947055 1.8529056 -6.5765333 4.468111 1260088799311
121.48494 47.060062 -3.612497 1.8529056 -6.5765333 4.468111 1260088799323
121.48494 47.060062 -3.612497 1.392511 -6.3832293 4.384995 1260088799326
117.610695 46.957058 -5.5318723 1.392511 -6.3832293 4.384995 1260088799345
117.610695 46.957058 -5.5318723 1.0416253 -6.3643966 4.2672167 1260088799348
113.93016 47.659206 -6.2552786 1.0416253 -6.3643966 4.2672167 1260088799363
113.93016 47.659206 -6.2552786 0.82746184 -6.4588733 4.2186623 1260088799370
109.13365 48.276245 -6.0925145 0.82746184 -6.4588733 4.2186623 1260088799390
109.13365 48.276245 -6.0925145 0.756805 -6.622857 4.291713 1260088799394
121.42697 48.262432 -5.137889 0.756805 -6.622857 4.291713 1260088799404
121.42697 48.262432 -5.137889 0.8701506 -6.8113303 4.5129786 1260088799407
132.50562 47.79931 -3.6809945 0.8701506 -6.8113303 4.5129786 1260088799427
132.50562 47.79931 -3.6809945 1.1691948 -7.0074053 4.8416777 1260088799434
142.68033 47.209343 -1.9969448 1.1691948 -7.0074053 4.8416777 1260088799610
142.68033 47.209343 -1.9969448 1.6085588 -7.239986 5.237026 1260088799614
151.84631 46.748875 -0.1970975 1.6085588 -7.239986 5.237026 1260088799619
151.84631 46.748875 -0.1970975 2.1396844 -7.565133 5.5874095 1260088799625
159.65399 46.66143 1.6627574 2.1396844 -7.565133 5.5874095 1260088799632
159.65399 46.66143 1.6627574 2.6946492 -7.9591503 5.702348 1260088799635
165.82129 46.878357 3.5296195 2.6946492 -7.9591503 5.702348 1260088799638
165.82129 46.878357 3.5296195 3.2184606 -8.372285 5.46354 1260088799646
170.68022 51.134438 5.1531386 3.2184606 -8.372285 5.46354 1260088799650
170.68022 51.134438 5.1531386 3.6554708 -8.7177725 4.8498545 1260088799653
174.49622 55.577717 6.2954817 3.6554708 -8.7177725 4.8498545 1260088799658
174.49622 55.577717 6.2954817 3.9460044 -8.928169 3.9821877 1260088799667
176.82141 59.998833 6.8307076 3.9460044 -8.928169 3.9821877 1260088799670
176.82141 59.998833 6.8307076 4.01362 -9.009549 3.1197674 1260088799677
175.68034 63.49889 6.289172 4.01362 -9.009549 3.1197674 1260088799680
175.68034 63.49889 6.289172 3.772759 -8.9527 2.6341667 1260088799688
169.99632 62.073944 3.7247136 3.772759 -8.9527 2.6341667 1260088799692
169.99632 62.073944 3.7247136 3.238845 -8.78292 2.7006345 1260088799695
163.4965 59.470245 1.5384779 3.238845 -8.78292 2.7006345 1260088799705
163.4965 59.470245 1.5384779 2.528684 -8.495641 3.203035 1260088799709
157.07169 56.646732 -0.13844602 2.528684 -8.495641 3.203035 1260088799717
157.07169 56.646732 -0.13844602 1.8322382 -8.129426 3.964981 1260088799727
150.8181 53.714397 -1.3815237 1.8322382 -8.129426 3.964981 1260088799730
150.8181 53.714397 -1.3815237 1.3034132 -7.6936707 4.70245 1260088799734
144.72719 50.728676 -2.1124475 1.3034132 -7.6936707 4.70245 1260088799736
144.72719 50.728676 -2.1124475 1.0175929 -7.229989 5.2123604 1260088799739
138.59084 47.74224 -2.0568252 1.0175929 -7.229989 5.2123604 1260088799745
138.59084 47.74224 -2.0568252 0.95445496 -6.7758713 5.558529 1260088799748
132.3113 44.85513 -1.4039838 0.95445496 -6.7758713 5.558529 1260088799756
132.3113 44.85513 -1.4039838 0.9993506 -6.3526316 5.771616 1260088799759
