56.94517 34.852184 7.7104225 1.2597758 -5.3578715 7.3476977 1260088782373
56.94517 34.852184 7.7104225 1.277828 -5.3726 7.3501053 1260088782376
56.39791 35.109573 7.7749014 1.277828 -5.3726 7.3501053 1260088782385
56.39791 35.109573 7.7749014 1.2874864 -5.415195 7.340815 1260088782388
55.928017 35.454094 7.886156 1.2874864 -5.415195 7.340815 1260088782394
55.928017 35.454094 7.886156 1.3075583 -5.4692807 7.3238173 1260088782397
55.431614 35.731388 8.141849 1.3075583 -5.4692807 7.3238173 1260088782405
55.431614 35.731388 8.141849 1.3565913 -5.5390496 7.330143 1260088782408
54.960033 35.94482 8.534756 1.3565913 -5.5390496 7.330143 1260088782412
54.960033 35.94482 8.534756 1.4338185 -5.613502 7.3497725 1260088782415
54.462032 36.04758 9.158018 1.4338185 -5.613502 7.3497725 1260088782420
54.462032 36.04758 9.158018 1.5657518 -5.6740165 7.376593 1260088782429
53.93893 36.145203 9.900117 1.5657518 -5.6740165 7.376593 1260088782432
53.93893 36.145203 9.900117 1.7271823 -5.7505736 7.3993483 1260088782437
53.391983 36.28794 10.7051115 1.7271823 -5.7505736 7.3993483 1260088782444
53.391983 36.28794 10.7051115 1.8996098 -5.8341994 7.415518 1260088782447
52.722385 36.423546 11.469856 1.8996098 -5.8341994 7.415518 1260088782453
52.722385 36.423546 11.469856 2.068864 -5.916368 7.4308786 1260088782456
51.886265 36.50237 12.146363 2.068864 -5.916368 7.4308786 1260088782464
51.886265 36.50237 12.146363 2.2167163 -5.983532 7.4509196 1260088782467
50.891953 36.527252 12.739045 2.2167163 -5.983532 7.4509196 1260088782473
50.891953 36.527252 12.739045 2.3374264 -6.020097 7.4617863 1260088782476
49.647354 36.550888 13.302093 2.3374264 -6.020097 7.4617863 1260088782511
49.647354 36.550888 13.302093 2.4234984 -6.0269117 7.43874 1260088782515
48.264988 36.623344 13.786988 2.4234984 -6.0269117 7.43874 1260088782524
48.264988 36.623344 13.786988 2.475302 -6.005464 7.3753037 1260088782527
46.851738 36.792175 14.097639 2.475302 -6.005464 7.3753037 1260088782533
46.851738 36.792175 14.097639 2.4829733 -5.950357 7.2707734 1260088782536
45.60915 37.052567 14.092757 2.4829733 -5.950357 7.2707734 1260088782539
45.60915 37.052567 14.092757 2.4350986 -5.862592 7.1306086 1260088782547
44.72869 37.149937 13.438119 2.4350986 -5.862592 7.1306086 1260088782551
44.72869 37.149937 13.438119 2.3194728 -5.7233725 6.964082 1260088782557
44.042255 36.79244 11.616213 2.3194728 -5.7233725 6.964082 1260088782559
44.042255 36.79244 11.616213 2.118372 -5.5441236 6.783408 1260088782567
43.240143 36.002815 9.135403 2.118372 -5.5441236 6.783408 1260088782571
43.240143 36.002815 9.135403 1.8530953 -5.360898 6.6233454 1260088782577
42.378136 35.252674 6.5786324 1.8530953 -5.360898 6.6233454 1260088782592
42.378136 35.252674 6.5786324 1.5370668 -5.21135 6.5066986 1260088782596
41.759228 34.99004 4.4997005 1.5370668 -5.21135 6.5066986 1260088782604
41.759228 34.99004 4.4997005 1.2334347 -5.1482773 6.4428744 1260088782607
41.371265 35.390537 3.4247155 1.2334347 -5.1482773 6.4428744 1260088782613
41.371265 35.390537 3.4247155 1.0423696 -5.1986833 6.4292316 1260088782616
40.852703 36.32101 3.5034797 1.0423696 -5.1986833 6.4292316 1260088782619
40.852703 36.32101 3.5034797 1.0331552 -5.3786864 6.4271674 1260088782627
55.310066 37.15496 4.5783057 1.0331552 -5.3786864 6.4271674 1260088782638
55.310066 37.15496 4.5783057 1.2852312 -5.6818066 6.403414 1260088782644
67.04456 37.697212 6.2993903 1.2852312 -5.6818066 6.403414 1260088782649
67.04456 37.697212 6.2993903 1.7991534 -6.0821385 6.312065 1260088782652
77.792336 38.012352 8.234421 1.7991534 -6.0821385 6.312065 1260088782659
77.792336 38.012352 8.234421 2.495771 -6.5503054 6.1313033 1260088782666
87.85272 38.211735 10.2227 2.495771 -6.5503054 6.1313033 1260088782675
87.85272 38.211735 10.2227 3.2515378 -7.009365 5.884668 1260088782678
97.31009 38.351147 12.161565 3.2515378 -7.009365 5.884668 1260088782688
97.31009 38.351147 12.161565 3.908906 -7.371241 5.6176753 1260088782696
106.19459 38.583588 13.903486 3.908906 -7.371241 5.6176753 1260088782707
106.19459 38.583588 13.903486 4.3447638 -7.58563 5.4048934 1260088782711
114.93486 38.85441 15.308312 4.3447638 -7.58563 5.4048934 1260088782724
114.93486 38.85441 15.308312 4.5286446 -7.6272173 5.2885585 1260088782729
126.08812 39.111687 15.942897 4.5286446 -7.6272173 5.2885585 1260088782743
126.08812 39.111687 15.942897 4.489492 -7.5182633 5.2386513 1260088782746
121.83371 39.1561 15.395752 4.489492 -7.5182633 5.2386513 1260088782766
121.83371 39.1561 15.395752 4.286129 -7.3160095 5.1803427 1260088782769
117.842026 38.498295 13.625964 4.286129 -7.3160095 5.1803427 1260088782789
117.842026 38.498295 13.625964 4.0009966 -7.038741 5.09158 1260088782793
114.04993 37.62338 10.844666 4.0009966 -7.038741 5.09158 1260088782803
114.04993 37.62338 10.844666 3.685855 -6.7480955 4.946645 1260088782808
110.44743 37.04221 7.702432 3.685855 -6.7480955 4.946645 1260088782823
110.44743 37.04221 7.702432 3.3612726 -6.4883265 4.7789917 1260088783008
107.075066 36.6401 5.2673106 3.3612726 -6.4883265 4.7789917 1260088783013
107.075066 36.6401 5.2673106 3.0583675 -6.2633386 4.660582 1260088783018
104.02131 36.70809 3.903945 3.0583675 -6.2633386 4.660582 1260088783025
104.02131 36.70809 3.903945 2.8039775 -6.1156588 4.6093845 1260088783031
100.92024 36.82269 3.4087477 2.8039775 -6.1156588 4.6093845 1260088783034
100.92024 36.82269 3.4087477 2.6290467 -6.0332494 4.6574516 1260088783039
98.02423 36.781555 3.6883104 2.6290467 -6.0332494 4.6574516 1260088783045
98.02423 36.781555 3.6883104 2.5731874 -6.003313 4.7943716 1260088783051
95.57302 36.69248 4.6038947 2.5731874 -6.003313 4.7943716 1260088783054
95.57302 36.69248 4.6038947 2.6590486 -6.040932 4.979608 1260088783057
93.59437 36.607853 5.8737 2.6590486 -6.040932 4.979608 1260088783065
93.59437 36.607853 5.8737 2.8686478 -6.1325135 5.174651 1260088783068
92.01465 36.527462 7.3800154 2.8686478 -6.1325135 5.174651 1260088783074
92.01465 36.527462 7.3800154 3.170601 -6.2576528 5.3408732 1260088783077
90.613914 36.451088 8.961015 3.170601 -6.2576528 5.3408732 1260088783080
90.613914 36.451088 8.961015 3.49355 -6.3874316 5.4681387 1260088783088
89.28322 36.378532 10.512964 3.49355 -6.3874316 5.4681387 1260088783092
89.28322 36.378532 10.512964 3.8058 -6.494377 5.5754204 1260088783097
87.969055 36.259605 12.0873165 3.8058 -6.494377 5.5754204 1260088783112
87.969055 36.259605 12.0873165 4.1106095 -6.590527 5.6603127 1260088783115
86.720604 36.246624 13.632951 4.1106095 -6.590527 5.6603127 1260088783118
86.720604 36.246624 13.632951 4.408351 -6.6927657 5.7055473 1260088783126
85.43457 36.284294 15.251303 4.408351 -6.6927657 5.7055473 1260088783132
85.43457 36.284294 15.251303 4.718446 -6.805556 5.681781 1260088783135
84.16284 36.42008 16.838737 4.718446 -6.805556 5.681781 1260088783139
84.16284 36.42008 16.838737 5.013036 -6.9154305 5.59042 1260088783147
82.3547 36.599075 18.2968 5.013036 -6.9154305 5.59042 1260088783150
82.3547 36.599075 18.2968 5.229562 -6.9878035 5.4593606 1260088783154
80.436966 36.96912 19.431961 5.229562 -6.9878035 5.4593606 1260088783164
80.436966 36.96912 19.431961 5.2997394 -6.9877753 5.3430266 1260088783172
79.06512 37.420666 19.760363 5.2997394 -6.9877753 5.3430266 1260088783176
79.06512 37.420666 19.760363 5.1961536 -6.9019403 5.2713275 1260088783184
77.76186 37.349632 18.722345 5.1961536 -6.9019403 5.2713275 1260088783187
77.76186 37.349632 18.722345 4.928855 -6.7298217 5.242031 1260088783192
76.27377 36.382153 16.286228 4.928855 -6.7298217 5.242031 1260088783197
76.27377 36.382153 16.286228 4.527821 -6.489354 5.233268 1260088783206
74.510086 34.713043 13.221917 4.527821 -6.489354 5.233268 1260088783209
74.510086 34.713043 13.221917 4.0440054 -6.186679 5.227667 1260088783217
72.68458 32.87739 10.060822 4.0440054 -6.186679 5.227667 1260088783227
72.68458 32.87739 10.060822 3.526494 -5.8637247 5.227794 1260088783230
70.95035 31.333523 7.0577803 3.526494 -5.8637247 5.227794 1260088783250
70.95035 31.333523 7.0577803 3.0484786 -5.586883 5.217019 1260088783254
69.70283 30.716846 4.804891 3.0484786 -5.586883 5.217019 1260088783264
69.70283 30.716846 4.804891 2.6999216 -5.4090104 5.1822658 1260088783267
69.41769 31.681004 4.6646466 2.6999216 -5.4090104 5.1822658 1260088783286
69.41769 31.681004 4.6646466 2.5737789 -5.383045 5.129501 1260088783291
69.7468 32.596954 6.081414 2.5737789 -5.383045 5.129501 1260088783310
69.7468 32.596954 6.081414 2.7488236 -5.54021 5.065754 1260088783314
70.05946 33.167107 7.9773436 2.7488236 -5.54021 5.065754 1260088783323
70.05946 33.167107 7.9773436 3.220212 -5.876115 4.9888496 1260088783333
68.85649 33.55875 9.978477 3.220212 -5.876115 4.9888496 1260088783344
68.85649 33.55875 9.978477 3.903663 -6.3382382 4.8960414 1260088783347
67.663666 33.880814 11.929553 3.903663 -6.3382382 4.8960414 1260088783367
67.663666 33.880814 11.929553 4.6584992 -6.829694 4.788805 1260088783370
66.480484 34.18677 13.783075 4.6584992 -6.829694 4.788805 1260088783383
66.480484 34.18677 13.783075 5.2979574 -7.235966 4.6923785 1260088783392
66.75646 34.52743 15.393922 5.2979574 -7.235966 4.6923785 1260088783404
66.75646 34.52743 15.393922 5.7004566 -7.4870834 4.6450396 1260088783407
67.468636 34.95106 16.574226 5.7004566 -7.4870834 4.6450396 1260088783425
67.468636 34.95106 16.574226 5.822001 -7.5553904 4.652506 1260088783429
67.84521 35.403507 16.795515 5.822001 -7.5553904 4.652506 1260088783447
67.84521 35.403507 16.795515 5.6848106 -7.4725013 4.6895633 1260088783450
67.85294 35.38333 15.655739 5.6848106 -7.4725013 4.6895633 1260088783464
67.85294 35.38333 15.655739 5.368562 -7.28888 4.724768 1260088783473
67.310295 34.614166 13.322952 5.368562 -7.28888 4.724768 1260088783483
67.310295 34.614166 13.322952 4.935328 -7.0347605 4.7391443 1260088783487
66.54478 33.333458 10.456804 4.935328 -7.0347605 4.7391443 1260088783506
66.54478 33.333458 10.456804 4.4461193 -6.738866 4.7473536 1260088783509
65.66754 31.916784 7.533964 4.4461193 -6.738866 4.7473536 1260088783529
65.66754 31.916784 7.533964 3.9507253 -6.4352922 4.7578764 1260088783533
64.88416 30.770945 4.907266 3.9507253 -6.4352922 4.7578764 1260088783543
64.88416 30.770945 4.907266 3.5073419 -6.169371 4.762425 1260088783551
64.539955 30.482397 3.2119029 3.5073419 -6.169371 4.762425 1260088783564
64.539955 30.482397 3.2119029 3.188961 -5.9882526 4.7531257 1260088783567
65.16296 31.458277 3.5013077 3.188961 -5.9882526 4.7531257 1260088783588
65.16296 31.458277 3.5013077 3.0826323 -5.9469457 4.7218175 1260088783756
68.15481 32.385365 5.0762424 3.0826323 -5.9469457 4.7218175 1260088783770
68.15481 32.385365 5.0762424 3.2649233 -6.099751 4.664834 1260088783774
73.74707 33.066097 6.97243 3.2649233 -6.099751 4.664834 1260088783777
73.74707 33.066097 6.97243 3.720722 -6.4403677 4.5637097 1260088783788
80.25972 33.562794 8.973809 3.720722 -6.4403677 4.5637097 1260088783794
80.25972 33.562794 8.973809 4.359398 -6.8790455 4.434272 1260088783797
86.69673 33.934654 10.925118 4.359398 -6.8790455 4.434272 1260088783800
86.69673 33.934654 10.925118 5.010406 -7.298514 4.3058577 1260088783808
92.761894 34.33792 12.728863 5.010406 -7.298514 4.3058577 1260088783811
92.761894 34.33792 12.728863 5.476316 -7.5873647 4.2308545 1260088783817
96.3238 34.771027 14.09242 5.476316 -7.5873647 4.2308545 1260088783824
96.3238 34.771027 14.09242 5.6472044 -7.6833467 4.250858 1260088783829
95.80761 35.182476 14.237799 5.6472044 -7.6833467 4.250858 1260088783833
95.80761 35.182476 14.237799 5.499005 -7.6178956 4.354988 1260088783838
94.21723 34.623352 12.625909 5.499005 -7.6178956 4.354988 1260088783844
94.21723 34.623352 12.625909 5.091256 -7.415427 4.5152035 1260088783849
92.30637 33.342186 10.094613 5.091256 -7.415427 4.5152035 1260088783853
92.30637 33.342186 10.094613 4.5404506 -7.1216106 4.659236 1260088783856
90.34106 31.825077 7.2898827 4.5404506 -7.1216106 4.659236 1260088783867
90.34106 31.825077 7.2898827 3.9729192 -6.7900467 4.7490764 1260088783872
88.524 30.583822 4.6253886 3.9729192 -6.7900467 4.7490764 1260088783875
88.524 30.583822 4.6253886 3.522297 -6.4948106 4.751341 1260088783878
88.547806 31.80463 3.9441192 3.522297 -6.4948106 4.751341 1260088783889
88.547806 31.80463 3.9441192 3.3134933 -6.3430486 4.63159 1260088783893
94.620415 32.7644 5.6969132 3.3134933 -6.3430486 4.63159 1260088783898
94.620415 32.7644 5.6969132 3.4175014 -6.3609567 4.429975 1260088783904
101.93939 38.07618 7.8620677 3.4175014 -6.3609567 4.429975 1260088783909
101.93939 38.07618 7.8620677 3.821405 -6.5400515 4.191451 1260088783913
109.44242 38.02237 10.118964 3.821405 -6.5400515 4.191451 1260088783918
109.44242 38.02237 10.118964 4.418953 -6.803491 3.9839215 1260088783925
116.9203 37.87125 12.313016 4.418953 -6.803491 3.9839215 1260088783933
116.9203 37.87125 12.313016 5.0281653 -7.059207 3.886197 1260088783936
124.47429 37.777687 14.147366 5.0281653 -7.059207 3.886197 1260088783946
124.47429 37.777687 14.147366 5.4570937 -7.238802 3.956122 1260088783954
136.20058 37.688805 15.239997 5.4570937 -7.238802 3.956122 1260088783968
136.20058 37.688805 15.239997 5.603746 -7.2997737 4.160797 1260088783972
132.44055 37.404366 15.077997 5.603746 -7.2997737 4.160797 1260088783979
132.44055 37.404366 15.077997 5.440694 -7.2398806 4.421978 1260088783986
128.66852 36.534145 13.624098 5.440694 -7.2398806 4.421978 1260088783993
128.66852 36.534145 13.624098 5.0358605 -7.0617614 4.6864443 1260088783996
124.98509 35.357437 11.392893 5.0358605 -7.0617614 4.6864443 1260088784014
124.98509 35.357437 11.392893 4.521195 -6.8237653 4.8654995 1260088784017
121.48584 34.239567 8.773249 4.521195 -6.8237653 4.8654995 1260088784026
121.48584 34.239567 8.773249 4.0159183 -6.5786004 4.9334493 1260088784029
118.56155 33.97759 6.6345863 4.0159183 -6.5786004 4.9334493 1260088784044
118.56155 33.97759 6.6345863 3.6523592 -6.38996 4.882229 1260088784051
119.28347 36.02871 6.852857 3.6523592 -6.38996 4.882229 1260088784064
119.28347 36.02871 6.852857 3.5174124 -6.3176713 4.6817026 1260088784071
124.11929 40.877274 8.510214 3.5174124 -6.3176713 4.6817026 1260088784083
124.11929 40.877274 8.510214 3.660939 -6.364089 4.350232 1260088784087
129.96333 45.98341 10.584703 3.660939 -6.364089 4.350232 1260088784107
129.96333 45.98341 10.584703 4.058119 -6.507614 3.9665523 1260088784110
136.26517 51.03424 12.805469 4.058119 -6.507614 3.9665523 1260088784124
136.26517 51.03424 12.805469 4.607737 -6.6848245 3.6463225 1260088784128
142.9019 50.082527 15.065195 4.607737 -6.6848245 3.6463225 1260088784147
142.9019 50.082527 15.065195 5.1686926 -6.847726 3.4912472 1260088784154
149.9568 49.2784 16.911936 5.1686926 -6.847726 3.4912472 1260088784164
149.9568 49.2784 16.911936 5.5824223 -6.977966 3.5482306 1260088784167
142.85896 48.56448 18.016338 5.5824223 -6.977966 3.5482306 1260088784182
142.85896 48.56448 18.016338 5.7589016 -7.0492554 3.7569559 1260088784190
138.51602 47.936256 18.165522 5.7589016 -7.0492554 3.7569559 1260088784204
138.51602 47.936256 18.165522 5.676624 -7.037301 3.996787 1260088784212
134.59023 47.239445 17.257246 5.676624 -7.037301 3.996787 1260088784224
134.59023 47.239445 17.257246 5.3907495 -6.9462657 4.1803603 1260088784233
130.76071 46.377472 15.394383 5.3907495 -6.9462657 4.1803603 1260088784246
130.76071 46.377472 15.394383 4.997267 -6.777379 4.2526026 1260088784250
126.922676 45.308598 12.9246645 4.997267 -6.777379 4.2526026 1260088784264
126.922676 45.308598 12.9246645 4.5928125 -6.553602 4.2381487 1260088784271
123.326546 44.493168 11.128431 4.5928125 -6.553602 4.2381487 1260088784291
123.326546 44.493168 11.128431 4.280769 -6.3273935 4.1883235 1260088784294
119.56022 44.21851 11.57201 4.280769 -6.3273935 4.1883235 1260088784304
119.56022 44.21851 11.57201 4.145047 -6.1513133 4.1355414 1260088784306
129.73221 43.807583 13.293409 4.145047 -6.1513133 4.1355414 1260088784327
129.73221 43.807583 13.293409 4.2435718 -6.096405 4.0881224 1260088784331
138.1956 43.317204 15.278739 4.2435718 -6.096405 4.0881224 1260088784348
138.1956 43.317204 15.278739 4.581655 -6.1818075 4.02673 1260088784351
146.08582 42.851345 17.214802 4.581655 -6.1818075 4.02673 1260088784549
146.08582 42.851345 17.214802 5.088071 -6.378032 3.9656832 1260088784555
153.48152 42.45878 19.054062 5.088071 -6.378032 3.9656832 1260088784558
153.48152 42.45878 19.054062 5.6222854 -6.622332 3.9076886 1260088784567
160.30745 42.23584 20.65136 5.6222854 -6.622332 3.9076886 1260088784570
160.30745 42.23584 20.65136 6.0215077 -6.827176 3.8553178 1260088784574
165.89207 42.324047 21.718792 6.0215077 -6.827176 3.8553178 1260088784583
165.89207 42.324047 21.718792 6.1596885 -6.939375 3.824634 1260088784587
162.24747 42.957844 21.832853 6.1596885 -6.939375 3.824634 1260088784593
162.24747 42.957844 21.832853 6.015829 -6.9247427 3.8036568 1260088784596
157.5851 43.259953 20.04121 6.015829 -6.9247427 3.8036568 1260088784603
157.5851 43.259953 20.04121 5.646255 -6.790302 3.7871335 1260088784606
152.20584 42.146954 16.93915 5.646255 -6.790302 3.7871335 1260088784609
152.20584 42.146954 16.93915 5.170533 -6.554982 3.7877805 1260088784615
146.84555 40.389606 14.042192 5.170533 -6.554982 3.7877805 1260088784618
146.84555 40.389606 14.042192 4.7131495 -6.26537 3.8244894 1260088784627
141.75327 38.870125 12.440083 4.7131495 -6.26537 3.8244894 1260088784630
141.75327 38.870125 12.440083 4.3807874 -6.0072637 3.9226973 1260088784633
136.5156 38.176617 12.668078 4.3807874 -6.0072637 3.9226973 1260088784639
136.5156 38.176617 12.668078 4.276159 -5.8662586 4.054813 1260088784647
129.9898 37.967785 14.084675 4.276159 -5.8662586 4.054813 1260088784653
129.9898 37.967785 14.084675 4.4430394 -5.89711 4.1360564 1260088784664
139.39032 37.869396 15.930441 4.4430394 -5.89711 4.1360564 1260088784668
139.39032 37.869396 15.930441 4.856958 -6.077605 4.124706 1260088784673
147.3708 37.775925 17.783918 4.856958 -6.077605 4.124706 1260088784676
147.3708 37.775925 17.783918 5.391832 -6.347822 4.006322 1260088784684
154.15227 37.837128 19.444723 5.391832 -6.347822 4.006322 1260088784687
154.15227 37.837128 19.444723 5.846843 -6.6181493 3.8271174 1260088784691
159.89465 38.19527 20.672487 5.846843 -6.6181493 3.8271174 1260088784696
159.89465 38.19527 20.672487 6.0543675 -6.795281 3.695691 1260088784699
156.84991 39.085506 21.038862 6.0543675 -6.795281 3.695691 1260088784709
156.84991 39.085506 21.038862 5.9688935 -6.84574 3.6511962 1260088784713
152.15742 39.58123 19.936918 5.9688935 -6.84574 3.6511962 1260088784724
152.15742 39.58123 19.936918 5.665682 -6.7615585 3.694734 1260088784729
147.09955 39.05217 18.290071 5.665682 -6.7615585 3.694734 1260088784733
147.09955 39.05217 18.290071 5.308167 -6.5828385 3.7830853 1260088784736
142.14458 38.649563 17.575567 5.308167 -6.5828385 3.7830853 1260088784747
142.14458 38.649563 17.575567 5.063189 -6.3967104 3.828201 1260088784756
135.78735 38.567085 18.79679 5.063189 -6.3967104 3.828201 1260088784759
135.78735 38.567085 18.79679 5.035446 -6.279818 3.7798047 1260088784767
144.89798 38.28873 20.65695 5.035446 -6.279818 3.7798047 1260088784776
144.89798 38.28873 20.65695 5.233826 -6.2627506 3.650744 1260088784779
153.65308 37.924294 22.574102 5.233826 -6.2627506 3.650744 1260088784791
153.65308 37.924294 22.574102 5.5748353 -6.3091903 3.5226882 1260088784795
162.92043 37.57808 24.295397 5.5748353 -6.3091903 3.5226882 1260088784804
162.92043 37.57808 24.295397 5.9321637 -6.38123 3.5031877 1260088784814
155.2744 37.249176 25.480627 5.9321637 -6.38123 3.5031877 1260088784824
155.2744 37.249176 25.480627 6.1769643 -6.436047 3.6447015 1260088784827
149.31068 36.88672 25.756596 6.1769643 -6.436047 3.6447015 1260088784847
149.31068 36.88672 25.756596 6.2099867 -6.4465814 3.9371355 1260088784850
144.14516 36.342384 24.968765 6.2099867 -6.4465814 3.9371355 1260088784864
144.14516 36.342384 24.968765 6.005726 -6.4068747 4.308928 1260088784873
139.3879 35.575264 23.270327 6.005726 -6.4068747 4.308928 1260088784883
139.3879 35.575264 23.270327 5.61214 -6.3064995 4.6703033 1260088784886
134.8185 34.5965 21.006811 5.61214 -6.3064995 4.6703033 1260088784906
134.8185 34.5965 21.006811 5.1102023 -6.1559806 4.9557233 1260088784908
130.47757 33.866676 18.656471 5.1102023 -6.1559806 4.9557233 1260088784928
130.47757 33.866676 18.656471 4.650387 -6.0075397 5.096798 1260088784932
127.20369 34.873344 17.423647 4.650387 -6.0075397 5.096798 1260088784943
127.20369 34.873344 17.423647 4.3879027 -5.938028 5.009488 1260088784950
130.5935 39.52968 18.352465 4.3879027 -5.938028 5.009488 1260088784964
130.5935 39.52968 18.352465 4.410269 -5.9652905 4.692274 1260088784967
136.96384 44.853195 19.83484 4.410269 -5.9652905 4.692274 1260088784986
136.96384 44.853195 19.83484 4.71482 -6.0681453 4.1947875 1260088784989
143.71565 50.160534 21.393099 4.71482 -6.0681453 4.1947875 1260088785003
143.71565 50.160534 21.393099 5.181889 -6.198546 3.6254709 1260088785012
150.77988 55.252506 23.073444 5.181889 -6.198546 3.6254709 1260088785023
150.77988 55.252506 23.073444 5.6310525 -6.2897377 3.161575 1260088785028
157.59088 59.73988 24.619772 5.6310525 -6.2897377 3.161575 1260088785045
157.59088 59.73988 24.619772 5.8772883 -6.3545775 2.9367566 1260088785048
152.96133 59.302887 24.888783 5.8772883 -6.3545775 2.9367566 1260088785068
152.96133 59.302887 24.888783 5.831314 -6.4270716 2.9799225 1260088785072
148.21327 58.687744 23.494343 5.831314 -6.4270716 2.9799225 1260088785084
148.21327 58.687744 23.494343 5.5152316 -6.504113 3.1973138 1260088785089
143.4526 57.753357 21.269625 5.5152316 -6.504113 3.1973138 1260088785104
143.4526 57.753357 21.269625 5.0181394 -6.5664063 3.4453776 1260088785107
138.77997 56.86569 18.656143 5.0181394 -6.5664063 3.4453776 1260088785293
138.77997 56.86569 18.656143 4.476438 -6.597663 3.592506 1260088785306
134.49097 56.522404 16.223335 4.476438 -6.597663 3.592506 1260088785310
134.49097 56.522404 16.223335 4.017665 -6.6328053 3.6083326 1260088785314
130.96642 57.096283 14.762169 4.017665 -6.6328053 3.6083326 1260088785319
130.96642 57.096283 14.762169 3.714629 -6.7131805 3.5573094 1260088785325
128.0181 57.84147 14.424061 3.714629 -6.7131805 3.5573094 1260088785331
128.0181 57.84147 14.424061 3.593594 -6.827674 3.506113 1260088785334
124.06719 57.699394 15.002858 3.593594 -6.827674 3.506113 1260088785337
124.06719 57.699394 15.002858 3.6447792 -6.9228225 3.5317075 1260088785345
119.11383 56.714424 16.202715 3.6447792 -6.9228225 3.5317075 1260088785348
119.11383 56.714424 16.202715 3.845953 -6.953284 3.6554508 1260088785355
114.058136 55.078705 17.79258 3.845953 -6.953284 3.6554508 1260088785358
114.058136 55.078705 17.79258 4.2039175 -6.9052672 3.8724356 1260088785365
109.10523 53.37477 19.40295 4.2039175 -6.9052672 3.8724356 1260088785368
109.10523 53.37477 19.40295 4.684954 -6.875996 4.153483 1260088785372
104.14997 51.75603 21.082804 4.684954 -6.875996 4.153483 1260088785375
104.14997 51.75603 21.082804 5.2699704 -6.8944974 4.4395466 1260088785380
99.192474 50.26823 22.878664 5.2699704 -6.8944974 4.4395466 1260088785392
99.192474 50.26823 22.878664 5.906096 -6.950892 4.6425242 1260088785396
112.03285 49.054817 24.734732 5.906096 -6.950892 4.6425242 1260088785407
112.03285 49.054817 24.734732 6.499519 -7.050776 4.6555643 1260088785413
123.33121 54.30208 26.697994 6.499519 -7.050776 4.6555643 1260088785416
123.33121 54.30208 26.697994 7.012875 -7.112977 4.4003124 1260088785419
132.56465 59.436974 28.263094 7.012875 -7.112977 4.4003124 1260088785426
132.56465 59.436974 28.263094 7.392282 -7.0896645 3.8622618 1260088785430
140.48642 64.715126 29.04994 7.392282 -7.0896645 3.8622618 1260088785435
140.48642 64.715126 29.04994 7.605619 -6.949702 3.1079903 1260088785438
148.0621 70.12937 29.147444 7.605619 -6.949702 3.1079903 1260088785448
148.0621 70.12937 29.147444 7.642121 -6.695516 2.25591 1260088785452
154.059 75.32291 28.540071 7.642121 -6.695516 2.25591 1260088785460
154.059 75.32291 28.540071 7.4520617 -6.429523 1.5206646 1260088785469
150.60605 78.75676 26.563068 7.4520617 -6.429523 1.5206646 1260088785473
150.60605 78.75676 26.563068 7.0134 -6.314395 1.1701813 1260088785476
146.17575 77.26892 23.584915 7.0134 -6.314395 1.1701813 1260088785486
146.17575 77.26892 23.584915 6.4053054 -6.352804 1.2819265 1260088785489
142.01697 75.15547 21.005669 6.4053054 -6.352804 1.2819265 1260088785498
142.01697 75.15547 21.005669 5.7111616 -6.499618 1.7612821 1260088785506
138.16612 72.7977 18.855385 5.7111616 -6.499618 1.7612821 1260088785511
138.16612 72.7977 18.855385 5.0653453 -6.628195 2.4625173 1260088785514
134.50781 70.20782 17.162615 5.0653453 -6.628195 2.4625173 1260088785529
134.50781 70.20782 17.162615 4.5907474 -6.612777 3.11507 1260088785533
131.03242 67.59743 16.004484 4.5907474 -6.612777 3.11507 1260088785544
131.03242 67.59743 16.004484 4.295151 -6.4939346 3.599473 1260088785554
127.730804 64.96755 15.65426 4.295151 -6.4939346 3.599473 1260088785564
127.730804 64.96755 15.65426 4.164159 -6.3149757 3.952055 1260088785567
124.49426 62.469173 16.021547 4.164159 -6.3149757 3.952055 1260088785587
124.49426 62.469173 16.021547 4.15617 -6.125896 4.1984754 1260088785590
121.26955 60.095715 16.92047 4.15617 -6.125896 4.1984754 1260088785603
121.26955 60.095715 16.92047 4.2234926 -5.9489946 4.3801365 1260088785612
118.05607 57.840927 17.774446 4.2234926 -5.9489946 4.3801365 1260088785623
118.05607 57.840927 17.774446 4.320819 -5.7918344 4.596981 1260088785627
115.15327 56.09888 18.585724 4.320819 -5.7918344 4.596981 1260088785647
115.15327 56.09888 18.585724 4.385357 -5.6970134 4.7335196 1260088785651
111.995605 54.193935 19.556438 4.385357 -5.6970134 4.7335196 1260088785664
111.995605 54.193935 19.556438 4.469142 -5.5660725 4.857783 1260088785668
108.89583 52.38424 20.278616 4.469142 -5.5660725 4.857783 1260088785683
108.89583 52.38424 20.278616 4.5017476 -5.4307823 4.9622126 1260088785692
105.951035 50.915028 21.114685 4.5017476 -5.4307823 4.9622126 1260088785702
105.951035 50.915028 21.114685 4.5048013 -5.310429 4.978337 1260088785705
102.80348 49.269276 21.758951 4.5048013 -5.310429 4.978337 1260088785727
102.80348 49.269276 21.758951 4.518598 -5.177025 5.0522223 1260088785731
100.06331 48.055813 21.971004 4.518598 -5.177025 5.0522223 1260088785744
100.06331 48.055813 21.971004 4.484715 -5.1020484 5.141482 1260088785754
97.360146 47.103024 22.222454 4.484715 -5.1020484 5.141482 1260088785764
97.360146 47.103024 22.222454 4.4552503 -5.053294 5.203805 1260088785771
