83.795044 24.867392 8.638065 1260088810674
83.65529 24.874022 8.706162 1260088810709
83.62253 24.88032 8.820854 1260088810720
83.541405 24.886303 9.029812 1260088810736
83.46433 24.941988 9.228321 1260088810748
83.49112 25.19489 9.266905 1260088810769
83.61656 25.535145 9.303559 1260088810788
83.58573 25.758387 9.338382 1260088810804
83.55644 26.020468 9.371463 1260088810825
83.47862 26.169445 9.50289 1260088810844
83.30469 26.160973 9.627746 1260088810869
83.18945 26.202925 9.796358 1260088810884
83.02998 26.09278 10.0565405 1260088810906
82.77849 25.78814 10.353713 1260088810928
82.48956 25.448732 10.586027 1260088810943
82.21509 25.126295 10.756725 1260088810965
81.85433 24.76998 10.868889 1260088810982
81.46162 24.28148 10.925445 1260088811186
80.93854 23.767406 11.029172 1260088811197
80.29161 23.179037 11.227714 1260088811209
79.47703 22.770084 11.666327 1260088811216
78.403175 22.68158 12.283011 1260088811230
76.933014 22.897501 13.068861 1260088811238
74.93636 23.452625 14.015418 1260088811247
71.98955 24.229994 14.964647 1260088811256
85.79007 25.118494 15.916415 1260088811268
98.500565 26.062569 16.570595 1260088811277
95.72554 26.95944 15.492065 1260088811291
92.589264 25.811468 11.467463 1260088811305
89.1598 24.120895 7.2940893 1260088811314
85.90181 22.66485 3.5293849 1260088811326
83.00672 21.881607 0.3529156 1260088811335
80.45638 21.687527 -1.8647302 1260088811348
78.03356 22.15315 -2.6714938 1260088811357
74.48188 23.295492 -2.1879191 1260088811372
85.10779 24.580717 -0.6785232 1260088811380
94.2024 25.85168 1.2554029 1260088811394
102.49228 31.109097 3.2426326 1260088811410
110.11767 36.15364 5.130501 1260088811425
116.961784 40.74596 6.673976 1260088811444
121.263695 44.10866 7.190277 1260088811465
117.00051 42.35323 3.9307632 1260088811484
112.200485 39.43557 1.0842249 1260088811502
107.59046 36.46379 -1.4699863 1260088811524
103.21094 33.7906 -3.7464871 1260088811543
99.40039 32.10107 -5.409163 1260088811566
94.58037 33.246017 -4.438705 1260088811584
102.70135 34.28372 -2.4667697 1260088811606
110.51628 35.169533 -0.44343123 1260088811623
117.94047 35.961056 1.5287404 1260088811646
124.94344 36.763004 3.3023033 1260088811664
131.39627 37.724854 4.537188 1260088811687
127.27646 37.68861 4.160329 1260088811704
122.86263 35.40418 1.9023125 1260088811722
118.6695 32.43397 -0.5928032 1260088811745
114.636024 29.462273 -3.113163 1260088811927
110.854225 26.989159 -5.757505 1260088811937
107.96152 26.689701 -8.11963 1260088811948
110.56344 29.205215 -7.063648 1260088811955
116.085266 33.794956 -5.1604657 1260088811968
122.231 38.40521 -3.1024423 1260088811976
128.36945 39.08495 -1.0473201 1260088811987
133.80098 39.630703 0.7550459 1260088811996
132.01093 39.69917 1.6672935 1260088812010
128.41039 38.364212 1.0339289 1260088812026
124.78986 35.996002 -0.5677676 1260088812033
121.20037 33.1962 -2.589379 1260088812044
117.69035 30.486391 -4.85991 1260088812053
114.70583 28.962072 -7.4169145 1260088812066
116.42054 31.76397 -6.946069 1260088812078
120.69952 36.07577 -5.2487655 1260088812089
125.564545 40.471985 -3.3363273 1260088812100
130.53632 44.748386 -1.3695109 1260088812111
135.3095 45.210968 0.3989647 1260088812132
139.44402 45.15042 1.4790165 1260088812143
134.47182 43.3929 1.1050657 1260088812166
129.49823 40.623253 -0.10018756 1260088812184
124.773315 37.54209 -1.6451782 1260088812203
120.38465 34.764988 -3.3629193 1260088812226
117.66542 34.12674 -4.6447735 1260088812244
120.98215 36.2204 -3.8125348 1260088812265
125.43304 40.20938 -2.371908 1260088812284
130.06139 44.198914 -0.8033125 1260088812306
134.45831 47.88897 0.6368531 1260088812324
138.0854 48.744522 1.5050105 1260088812343
133.08113 47.507298 1.07976 1260088812365
127.77708 45.13193 -0.024228115 1260088812386
122.438225 42.725334 -1.0230167 1260088812408
117.01631 41.039066 -1.4718659 1260088812423
126.4655 40.937115 -0.8982726 1260088812446
132.79222 41.64026 0.44664112 1260088812463
138.7026 42.358246 2.0243092 1260088812492
144.26747 43.040333 3.6230938 1260088812503
149.3541 43.788315 4.991939 1260088812693
155.63638 44.1489 5.492342 1260088812711
148.90456 42.391453 4.417725 1260088812719
142.50932 39.87188 2.8468387 1260088812732
136.38385 37.528286 1.3544967 1260088812738
130.46466 36.40187 0.63677186 1260088812749
136.39143 37.431778 1.3549333 1260088812758
141.97186 38.66019 2.5371866 1260088812769
147.57327 39.72718 3.8603272 1260088812778
152.94461 40.74082 5.067311 1260088812792
158.79738 41.40378 5.9639454 1260088812807
168.5075 40.733593 6.015748 1260088812816
160.88213 38.596912 5.1149607 1260088812827
153.78802 35.91707 3.9092126 1260088812834
147.09862 33.171215 2.463752 1260088812849
140.89369 31.062654 0.94056445 1260088812863
136.49901 31.809523 0.39353624 1260088812873
140.32405 34.019047 1.0738595 1260088812885
144.85785 38.018093 2.1701665 1260088812897
149.41496 41.917187 3.3116581 1260088812910
153.74422 43.121326 4.346075 1260088812931
159.307 43.96526 4.8787713 1260088812944
152.44165 42.716995 4.134833 1260088812966
146.01956 40.431145 2.7280912 1260088812984
139.91858 38.059586 1.0416867 1260088813003
134.12265 36.056606 -0.91039765 1260088813024
129.01651 35.003777 -3.0648777 1260088813046
125.21568 35.30359 -4.561634 1260088813069
120.954895 36.03841 -5.283552 1260088813083
131.70715 36.53649 -5.4693747 1260088813106
140.3218 36.759666 -4.995906 1260088813127
148.0057 36.821682 -3.9961107 1260088813143
154.65543 37.130596 -2.646305 1260088813163
160.47266 37.824066 -1.2139897 1260088813186
165.54903 38.832863 0.09670975 1260088813209
169.97157 40.04122 1.2418742 1260088813223
173.67299 41.489162 2.1797805 1260088813244
176.43935 43.214703 2.7707915 1260088813267
178.26738 45.953968 3.032252 1260088813451
178.404 48.35627 2.6806395 1260088813465
174.6838 48.63846 1.0466075 1260088813475
167.99962 46.706535 -1.355723 1260088813483
161.19963 44.221207 -3.3379369 1260088813489
154.58965 41.660145 -4.92104 1260088813496
148.36017 39.027138 -6.624988 1260088813505
142.39217 36.625782 -7.793739 1260088813511
136.32256 34.444492 -8.004052 1260088813518
