12.959663 -12.137861 7.665298 1260256328034
12.802126 -5.748052 8.419788 1260256328046
12.768225 -0.12179947 6.08657 1260256328054
12.792885 0.77973366 4.370997 1260256328067
12.190918 -0.28280163 2.7129 1260256328074
10.453509 -2.1353664 -0.6517434 1260256328085
8.297593 -4.6998243 -3.293037 1260256328124
4.886975 -8.245392 -5.765151 1260256328131
0.13766241 -10.567278 -4.4395514 1260256328143
-3.636167 -12.340788 -0.06656408 1260256328162
-2.6978192 -13.319553 5.797261 1260256328169
3.3375528 -14.449232 8.898578 1260256328183
10.8706455 -15.957016 7.2749615 1260256328194
16.480022 -16.396093 3.0109007 1260256328209
14.970137 -15.250162 -2.8397236 1260256328220
3.9487157 -0.8568945 -8.762785 1260256328233
-4.736488 6.900737 -0.54009044 1260256328249
-8.2557745 -8.57262 3.2365096 1260256328268
3.8916793 10.261312 8.183297 1260256328281
-6.0910163 -4.814451 3.8962069 1260256328304
-14.046155 -18.39599 19.611122 1260256328490
2.3957043 -23.437298 12.97331 1260256328508
-0.6701679 -14.955216 -0.73951435 1260256328519
-5.838147 -31.229845 -0.59490347 1260256328529
-5.029786 -10.037733 -13.195818 1260256328538
-3.039754 -21.234587 -16.67626 1260256328547
-3.0825028 -13.272172 -9.298209 1260256328559
-4.3323984 3.7573876 -7.430525 1260256328568
-7.8530183 8.202741 -8.307791 1260256328579
-4.4310064 8.831358 -10.5594425 1260256328591
6.387723 -2.589519 -4.3249974 1260256328606
-13.482674 8.563988 0.4977002 1260256328618
3.8556871 -7.785456 -3.0750813 1260256328627
-3.6185312 -15.40229 -3.3089747 1260256328638
-2.211369 -7.34535 -5.1718135 1260256328649
3.6355338 -26.721386 -19.956177 1260256328666
9.8356695 -25.752766 -1.7685356 1260256328673
13.971813 -25.036533 -12.574066 1260256328687
13.79045 -14.013338 -0.16492462 1260256328704
10.875305 -23.814007 -2.6795793 1260256328719
8.336458 -5.277997 -5.811545 1260256328732
-2.4902933 1.1203022 -7.737062 1260256328748
-8.115113 11.275273 0.7239535 1260256328762
5.1533775 -3.7898016 4.781603 1260256328787
6.4547048 -9.846713 -4.2133307 1260256328801
8.78586 -0.1724844 -2.4632 1260256328823
12.553883 -27.001732 -5.2308354 1260256328846
13.297621 -14.510038 -4.536028 1260256328867
12.020533 -24.044744 -13.624274 1260256328882
7.5830946 -18.921507 1.3748431 1260256328903
3.6049294 -5.0830183 -13.738146 1260256328927
2.095027 -16.012827 -0.78915477 1260256328941
8.1832 -13.019397 0.7796111 1260256328963
0.92236733 8.877823 5.071026 1260256328985
-13.424692 -9.415232 14.333451 1260256329007
-16.35157 7.6671834 17.089113 1260256329022
-6.7775545 -13.043287 23.89885 1260256329043
-3.5958424 -14.036203 18.750381 1260256329067
-20.070148 -3.7234344 17.717607 1260256329083
-21.757664 -3.180725 12.445143 1260256329265
-7.0111046 -9.545567 7.0750318 1260256329274
-14.4358 -15.8253355 -7.678992 1260256329286
-20.742905 -21.79488 1.7207949 1260256329298
-18.574493 -12.087559 -10.02741 1260256329307
-14.746534 -27.425133 -13.74438 1260256329319
-10.185425 -10.020606 -20.405724 1260256329328
-3.452593 -30.159843 -24.97274 1260256329334
4.9885397 -12.441962 -20.525597 1260256329346
9.290367 -25.601505 -28.535042 1260256329365
8.681574 -10.954593 -22.398989 1260256329373
5.2831907 -13.283115 -18.75747 1260256329386
-4.0269628 -8.0145645 -2.9596786 1260256329394
-20.769209 -4.9623117 6.2817736 1260256329406
-9.789623 -12.072381 4.102435 1260256329423
-5.8258457 -7.243263 20.956024 1260256329432
-4.267745 -30.645031 24.107216 1260256329446
-1.3214598 -27.375477 21.588928 1260256329454
-0.25741863 -14.5707655 15.344792 1260256329469
0.7225003 -7.413863 5.3461275 1260256329484
4.7451286 -21.64695 -4.4995174 1260256329506
8.901735 -4.47915 -13.894436 1260256329526
2.4160247 -23.955853 -25.125664 1260256329541
-4.1638875 -5.157338 -25.569227 1260256329565
-2.743911 -22.90108 -22.377953 1260256329587
-5.975591 -2.0339699 -18.447483 1260256329603
-17.593384 -7.667734 1.143566 1260256329622
-19.17389 -13.371174 16.040562 1260256329646
-17.735199 -29.810982 15.958191 1260256329663
-15.59775 -14.770805 17.43586 1260256329681
-12.6238785 -17.78772 22.732723 1260256329704
-7.6391563 -22.901167 9.748275 1260256329727
-3.258208 -2.921792 2.3303456 1260256329743
-6.6272516 -15.1152725 -20.338108 1260256329762
-5.2336435 -12.244031 -24.580135 1260256329790
5.201819 -15.155058 -14.359455 1260256329803
12.560852 -31.075903 -20.08076 1260256329823
10.544647 -24.799788 -11.493584 1260256329843
5.0317063 -20.314167 -2.8863058 1260256330029
-1.5322843 -26.219088 8.251882 1260256330046
-11.822098 -1.5517626 10.448032 1260256330054
-20.952248 -9.867424 18.725346 1260256330067
-16.633675 -6.678611 19.560524 1260256330073
0.9751296 5.962146 3.4809978 1260256330084
4.208837 -18.034729 -1.0674345 1260256330093
7.1627374 -22.421156 -3.1478786 1260256330105
0.48057365 -14.703673 -6.8821735 1260256330113
-5.7120256 -20.50349 -11.913223 1260256330129
-1.6047695 -30.619648 -3.9546247 1260256330143
2.4050477 -31.563385 -8.846187 1260256330152
1.1376989 -21.758596 -13.91386 1260256330164
-6.272891 -5.582358 -9.659477 1260256330174
-16.498573 -15.152273 -1.6657128 1260256330189
-1.4074821 -3.5731091 5.873156 1260256330200
-14.574982 10.368445 -0.37656498 1260256330212
-26.200558 18.693472 8.5016365 1260256330223
-9.757568 6.8699293 -1.1770582 1260256330234
-21.577715 -1.9719312 -7.8065977 1260256330249
-20.096619 -15.418238 -2.7246861 1260256330267
-9.943188 -25.852356 -14.647413 1260256330282
6.197381 -15.460668 -11.216849 1260256330300
10.085388 -30.218758 -17.675394 1260256330325
-1.4447325 -29.797083 -5.3927145 1260256330344
-9.027836 -12.436426 -11.289875 1260256330369
-6.3814425 -17.85566 -0.29400158 1260256330382
-3.5265317 -23.389442 -2.5047424 1260256330403
-10.569413 -6.0391865 -9.248386 1260256330421
-2.207815 2.573255 -7.6378455 1260256330449
1.3581553 -0.58841395 7.0376463 1260256330462
-13.212369 -3.6062217 5.238338 1260256330483
-21.534767 4.6330485 9.469271 1260256330508
-8.285577 12.408119 1.5849549 1260256330522
-29.270847 9.136972 0.07368493 1260256330545
-20.647236 -6.028568 8.23228 1260256330566
-9.415067 -16.831654 -8.865442 1260256330591
-5.5694623 -17.3219 3.5905578 1260256330602
-5.824566 -10.307096 -6.025314 1260256330785
-8.546707 -27.51854 -8.42808 1260256330794
-11.700593 -23.96003 5.7606144 1260256330807
-15.3230915 -14.002773 -2.2474961 1260256330813
-18.537186 -22.223848 -10.121533 1260256330825
-19.700302 -32.74071 -5.403188 1260256330834
-17.85427 -30.474129 -7.5739183 1260256330846
-15.704388 -14.164875 -11.018354 1260256330858
-16.509169 -6.5148973 -0.21999168 1260256330870
-18.922485 -19.268818 -1.9979383 1260256330888
-17.1494 -3.6127267 1.6732914 1260256330894
-10.165123 0.97432566 -7.5491576 1260256330904
-7.567563 -5.689523 10.653835 1260256330911
-10.565918 -14.236626 -0.32728982 1260256330924
