15.64641 -5.8221917 6.567635 1260256680827
12.532482 -8.502203 -1.9279742 1260256680839
5.8674006 -10.763684 -3.6125386 1260256680848
0.53907275 -12.228738 -1.3476689 1260256680860
-2.8206003 -12.852071 1.089015 1260256680869
-3.3183107 -10.871101 -0.2598133 1260256680881
4.737703 5.033438 -1.4829412 1260256680909
8.100867 4.220826 5.5114307 1260256680929
-11.16145 -4.493708 15.381011 1260256680941
-7.563001 -2.7175906 4.1807327 1260256680951
-4.9628034 -15.191228 18.5672 1260256680962
-19.14542 -27.540108 4.9940605 1260256680969
-11.789976 -17.0983 2.5671601 1260256680988
-0.19893086 -35.310772 -2.4789953 1260256681000
6.3170614 -23.970789 -21.65532 1260256681009
7.8117557 -11.080573 -12.706969 1260256681025
7.3662567 -16.662727 -8.095019 1260256681034
6.422776 -19.668049 -14.0130625 1260256681049
7.765338 -10.815219 -14.081917 1260256681069
-7.6994696 -7.7825794 -8.721515 1260256681082
-8.290211 13.047001 8.300119 1260256681104
-3.0136752 7.821366 12.647815 1260256681125
-23.39094 8.513994 10.649532 1260256681149
-8.395961 -9.935954 6.380581 1260256681163
-26.689198 -20.000998 2.2228167 1260256681184
-15.293849 -17.264744 -12.166682 1260256681208
-5.71945 -19.358677 0.53321934 1260256681221
-1.9518943 -34.73751 -15.487388 1260256681244
-2.7013917 -16.10019 -22.57525 1260256681265
-5.094224 -23.983839 -12.59752 1260256681289
-7.725602 -30.985275 -28.019825 1260256681301
-10.18489 -12.027869 -25.010479 1260256681488
-12.794716 -23.891537 -16.252907 1260256681501
-12.450569 -15.853542 -25.639347 1260256681510
-4.6493483 -2.0640087 -10.408114 1260256681521
-26.027384 -15.955917 -8.461564 1260256681530
-17.679253 1.4305573 0.34023857 1260256681541
-13.866822 -13.4350195 12.074539 1260256681549
-23.052422 -0.73177004 31.92491 1260256681562
-27.766884 -10.652655 20.642609 1260256681569
-26.434956 -17.610489 16.595875 1260256681587
-17.874998 -8.067167 3.8421783 1260256681599
-7.2133856 -6.435918 -0.3318789 1260256681608
-1.79111 -26.628809 -5.4259243 1260256681618
-0.8682356 -9.521433 -18.086264 1260256681627
-6.1582575 -27.885345 -16.147293 1260256681647
-5.027624 -15.602213 -21.187561 1260256681658
6.4485483 -24.13699 -34.67576 1260256681667
9.586705 -15.026277 -20.219038 1260256681683
4.0936036 -13.845121 -19.853683 1260256681694
-10.504822 -9.286951 -0.7838936 1260256681709
-25.300158 -7.3092217 9.132875 1260256681728
-14.716803 -8.144919 5.639905 1260256681748
-9.180316 -10.862496 26.010977 1260256681762
-6.5090017 -25.423878 21.869192 1260256681783
-3.098977 -13.148191 15.931445 1260256681806
-1.9453125 -9.159043 6.9781675 1260256681821
-1.3980942 -22.893589 2.5573602 1260256681844
2.7597866 -19.33762 -11.562748 1260256681863
5.374283 -11.550938 -20.221136 1260256681889
-1.8452027 -28.498995 -16.750292 1260256681902
-6.439187 -10.772126 -23.74078 1260256681923
-0.81896186 -27.979702 -22.720482 1260256681944
0.32030678 -5.405609 -23.857307 1260256681963
-11.423325 -16.0744 -5.3506274 1260256681984
-22.169958 -2.5241752 4.986043 1260256682003
-13.470965 -17.079784 4.6314507 1260256682027
-9.222145 -7.4224396 24.179468 1260256682044
-7.8643184 -30.904514 26.801624 1260256682064
-8.666043 -26.07954 9.241377 1260256682251
-11.2811 -15.162485 6.100392 1260256682262
-11.905491 -8.724179 4.822914 1260256682271
-11.579733 -15.541183 -10.484421 1260256682282
-12.427298 -20.779768 -8.126486 1260256682289
-7.9088564 -6.5198107 -15.059774 1260256682303
5.481785 -24.972654 -26.326649 1260256682312
12.027676 -4.7576427 -23.534079 1260256682324
6.6978617 -20.247606 -17.814407 1260256682331
1.4512639 -9.312177 -7.5614557 1260256682350
-11.915034 1.3827186 16.463867 1260256682362
-17.94067 -16.245417 15.539715 1260256682369
-16.929466 -0.71699333 16.393295 1260256682382
-11.50184 -7.2426205 -0.049953938 1260256682389
-0.25186527 -15.257418 -1.2042379 1260256682403
10.980906 -33.168747 -17.05544 1260256682420
9.981844 -18.940586 -17.285166 1260256682429
-0.28740263 -16.661682 -29.52307 1260256682465
-8.090164 -28.38523 -16.776289 1260256682479
-10.863104 -20.456104 -11.537132 1260256682491
-14.325348 -9.878382 -1.5934763 1260256682502
-9.179615 -13.953167 -3.8748384 1260256682521
-1.0197601 -6.705017 9.92961 1260256682530
-9.215447 9.896236 10.7107525 1260256682548
-21.31909 -0.5024899 19.709805 1260256682563
-18.085112 -6.7749186 17.059813 1260256682586
-2.2742329 -11.875675 -1.6314368 1260256682608
1.7278466 -18.443298 -1.4811225 1260256682621
0.26733625 -10.555385 -16.22093 1260256682645
-6.2777147 -32.603287 -19.65705 1260256682668
0.38985205 -25.708725 -27.1996 1260256682682
13.990694 -16.383873 -14.872076 1260256682703
10.893301 -29.037628 -18.469444 1260256682727
-1.4181983 -22.003727 -2.6018586 1260256682748
-8.968771 -5.69619 -3.7792313 1260256682761
-10.750828 -0.7080574 -7.041232 1260256682782
1.5830512 -9.8250065 5.4662957 1260256682806
-6.2928214 9.154894 2.4712236 1260256682823
-18.99921 7.3962173 12.410254 1260256683011
-17.37902 -5.122389 6.5637136 1260256683022
-5.137865 2.2686098 13.634857 1260256683030
-20.29537 4.0404677 12.021257 1260256683046
-16.99489 -4.7241325 10.424908 1260256683054
-4.433628 -16.035542 -1.484457 1260256683066
-3.5988383 -2.7944345 -5.840755 1260256683073
0.1595707 -19.077549 1.3972328 1260256683084
2.7297053 -29.268764 -2.8723054 1260256683093
0.5874872 -19.064264 3.5077763 1260256683108
-5.2313437 -13.805724 -3.5140786 1260256683125
-11.419884 -23.315613 -10.362998 1260256683134
-15.204924 -32.306156 -4.1404276 1260256683147
-15.578234 -28.701672 -4.580202 1260256683154
-12.60019 -18.675596 -7.8590903 1260256683172
-7.3085175 -11.540204 -3.4523463 1260256683181
-3.636703 -13.100771 -7.3563237 1260256683188
