8.145278 4.191887 9.070671 1260256424230
9.02353 4.0698814 9.082203 1260256424242
9.802246 3.4059963 9.301366 1260256424250
10.183523 2.7120929 10.684885 1260256424261
9.196311 2.3020663 11.447585 1260256424294
6.268018 1.7654414 10.351153 1260256424308
1.4586899 1.8950057 7.8477006 1260256424320
-3.0387106 0.7903013 5.2290645 1260256424330
-4.8345757 -2.4421673 6.431705 1260256424347
-1.1803527 -7.2865224 12.517257 1260256424361
7.8458242 -13.25906 12.846575 1260256424369
15.61887 -17.306019 4.92941 1260256424385
13.441015 -18.513107 3.4365666 1260256424405
3.2143033 -16.205471 7.6399097 1260256424429
-2.6329346 -12.725784 0.8592408 1260256424442
5.0848904 -8.983698 -8.8705225 1260256424463
15.141382 -6.366846 -2.5740955 1260256424488
4.282374 -7.518903 8.789768 1260256424666
-7.8344245 -9.974677 0.6078835 1260256424682
2.687663 11.32274 8.190463 1260256424689
4.1119137 -5.064294 10.859238 1260256424700
-16.301117 11.209242 14.7107725 1260256424710
-3.9009466 5.4655967 18.547234 1260256424720
-14.787035 -2.8694487 11.828075 1260256424729
-19.768744 -18.738247 0.4960022 1260256424741
-3.451037 -21.36458 7.094287 1260256424747
6.387883 -31.65961 -8.116781 1260256424767
10.822129 -9.831501 -9.380598 1260256424778
11.951729 -17.157501 -11.794914 1260256424787
11.235626 -18.284752 -10.0217 1260256424793
8.271236 -4.055357 -2.9518018 1260256424805
-7.239217 -8.159609 -5.083335 1260256424824
-10.735268 10.5833025 -7.7263503 1260256424833
2.0140905 17.836403 1.2154945 1260256424844
-1.7925868 0.42710733 -9.905781 1260256424861
-16.017847 -0.7134689 -3.4628806 1260256424872
-9.607645 -21.109016 -5.1157193 1260256424885
-5.9891686 -20.283506 -18.729382 1260256424904
-4.327817 -23.905075 -1.3420954 1260256424927
-4.542668 -31.87991 -15.978554 1260256424941
-6.661106 -14.27575 -6.920711 1260256424964
-8.165042 -27.193054 -10.9041195 1260256424985
-9.137798 -5.493973 -12.796582 1260256425009
-9.79463 2.346455 -8.137025 1260256425022
-6.3394117 5.3111663 0.11907959 1260256425044
3.2393355 8.72712 3.5303063 1260256425068
-15.863037 -4.4935927 6.007139 1260256425081
-20.174355 3.934225 11.03323 1260256425104
-10.442187 -0.1595211 22.69671 1260256425125
-2.6171331 -9.867743 14.836556 1260256425148
3.493456 -16.224495 1.2536002 1260256425161
8.689413 -29.289494 -5.630215 1260256425184
3.0741937 -19.87445 -25.322994 1260256425207
-4.376977 -2.7512503 -15.465812 1260256425221
-8.318966 -9.890871 -10.391644 1260256425242
-8.940382 12.885845 8.033489 1260256425427
-4.2289248 1.5997567 12.776469 1260256425448
-12.640962 8.223085 15.466267 1260256425460
-30.507166 -10.119661 24.971088 1260256425469
-26.062632 -6.5135927 8.02893 1260256425480
-11.384222 -10.590409 4.817129 1260256425487
-2.2649078 -27.60884 -5.245117 1260256425498
6.0281057 -20.340403 -17.497816 1260256425507
3.1244032 -18.725178 -12.464442 1260256425519
-2.789394 -29.264713 -26.145494 1260256425528
-2.0795279 -10.15071 -18.884195 1260256425544
-4.131263 -5.247746 -29.837875 1260256425553
-18.274395 -14.610207 -14.807821 1260256425565
-7.9342184 5.1061006 -0.8646913 1260256425574
-19.485388 -15.601597 9.113962 1260256425585
-30.554554 -6.20007 25.925959 1260256425602
-29.816128 -11.016355 25.215483 1260256425611
-21.834158 -25.333138 21.226315 1260256425625
-13.630129 -26.645344 7.4101768 1260256425641
-10.626806 -9.857611 0.5092063 1260256425650
-5.279413 -24.199245 -9.610631 1260256425667
12.086889 -8.698344 -24.926807 1260256425682
14.0434 -25.354889 -23.070988 1260256425704
2.2089782 -2.4274588 -18.961624 1260256425725
-2.5583172 -14.241695 -5.6720743 1260256425747
-23.268076 8.159704 10.362312 1260256425763
-27.65001 -5.2036047 19.103739 1260256425784
-19.700895 -1.4003221 29.3126 1260256425808
-3.7438421 -19.022099 4.9994197 1260256425821
1.1955829 -11.016941 -2.7483006 1260256425843
-3.279114 -27.615084 -28.155348 1260256425864
-3.3783278 -23.23891 -28.919992 1260256425888
8.800753 -22.496166 -12.869534 1260256425900
10.348997 -28.16505 -17.967316 1260256425924
1.859901 -5.764924 -9.860732 1260256425947
-21.341656 -16.980188 3.4203968 1260256425961
-21.110952 3.2722907 20.637903 1260256425983
-11.875225 17.608353 15.882855 1260256426004
-9.48049 8.57372 18.758461 1260256426189
-24.24915 -3.0933907 3.2367816 1260256426204
-21.475063 -15.416146 -5.1415486 1260256426221
-16.337702 -13.410948 0.25396824 1260256426228
-13.01852 -21.756847 -7.653454 1260256426241
3.3573208 -36.741394 -14.181372 1260256426248
14.034443 -17.777325 -9.2792635 1260256426259
0.9561372 -20.378065 -18.3567 1260256426269
-6.8030663 -26.915821 -7.704645 1260256426279
-1.339148 -10.04284 -13.591591 1260256426286
-3.0046053 2.5945573 0.6722449 1260256426305
-12.8359785 -9.655281 4.7104235 1260256426313
1.5050812 9.40536 6.918656 1260256426326
-1.4741135 13.719698 8.315039 1260256426333
-18.892673 -1.0645165 11.536688 1260256426343
-20.297625 5.8319097 15.376239 1260256426354
-12.237347 -10.842018 8.236228 1260256426370
-29.68379 1.4096885 4.432455 1260256426383
-25.537973 -3.452382 3.9843588 1260256426400
-12.138263 -20.451982 -0.3655194 1260256426411
-6.4196854 -3.4352036 -7.002537 1260256426430
-8.586796 -25.967766 -6.0819416 1260256426444
-14.5308075 -22.394373 3.3931322 1260256426465
-15.009117 -15.019379 -4.1360145 1260256426487
-8.81628 -27.768372 5.4483967 1260256426501
-2.3821154 -35.34194 -5.135511 1260256426526
-0.26093483 -18.757599 -8.477922 1260256426545
0.8456135 -11.28857 -2.7559152 1260256426563
2.3337474 -22.609701 -3.6892803 1260256426590
3.677784 -7.8897047 -4.731095 1260256426604
5.166893 1.6024742 0.44811445 1260256426628
6.0360184 -2.888085 1.5787926 1260256426644
5.1551995 -15.416322 1.9256938 1260256426663
3.352799 0.13356161 8.92487 1260256426684
