2.9322615 6.2442703 16.18376 1260256287781
-12.402071 10.600441 12.478401 1260256287787
0.3609748 1.7903094 19.364016 1260256287801
-10.653109 -3.6900406 14.675558 1260256287808
-17.62388 -17.58607 11.155762 1260256287844
-3.5234485 -34.266342 9.436498 1260256287853
8.090566 -16.137611 -9.089098 1260256287864
12.693491 -11.450688 -5.353351 1260256287883
12.415108 -17.424538 -6.133144 1260256287890
9.242696 -19.598406 -11.690937 1260256287909
4.8906193 -13.581667 -17.995895 1260256287920
2.2985537 -2.7186382 -17.331783 1260256288104
7.2267704 -7.953785 -7.673721 1260256288113
-1.5704186 12.975747 -0.9024765 1260256288125
-11.45892 5.652439 5.492886 1260256288132
4.5539927 14.381788 -0.5539486 1260256288142
-15.135886 8.83407 -8.205184 1260256288152
-3.617334 -1.9487199 -15.031422 1260256288162
2.510974 -16.290495 -8.357618 1260256288170
5.9408307 -20.556602 -5.008214 1260256288184
11.935476 -14.305438 -7.140249 1260256288201
16.28035 -29.023232 -2.8732922 1260256288210
12.997932 -31.028168 -9.433566 1260256288221
4.3656015 -10.764607 -0.40005457 1260256288230
-3.6503582 -22.698072 0.27549386 1260256288242
-6.5548058 -0.045198917 1.9599875 1260256288260
-7.483349 -6.2441497 -5.438234 1260256288269
-10.759041 -2.8248467 -3.9529438 1260256288280
-1.0328674 12.965536 -6.776256 1260256288292
6.737997 4.8571463 -5.0751915 1260256288306
8.912789 -14.998184 -7.4842467 1260256288314
10.217126 -27.754877 -4.4102025 1260256288328
12.139292 -16.668436 -6.699516 1260256288341
12.336569 -31.002203 -7.6422358 1260256288363
10.006583 -10.852541 -11.470509 1260256288385
9.118357 -3.8119574 -5.3329735 1260256288404
3.8963132 -6.341256 -10.990713 1260256288421
-11.279482 12.47971 -0.29599857 1260256288445
-13.355848 12.077085 4.6181192 1260256288468
-6.311833 -1.0452437 17.419952 1260256288483
3.8678846 -12.871474 7.438341 1260256288502
7.259592 -15.113827 9.203757 1260256288526
6.836982 -15.0436325 -7.024933 1260256288543
3.8121505 -28.66005 3.1929219 1260256288563
-3.1375468 -7.738669 -7.3723154 1260256288584
-8.045918 -16.334093 -0.5889316 1260256288606
-9.933637 4.6941814 3.7488143 1260256288623
-9.894304 -4.281141 12.664919 1260256288641
-2.5811062 12.649676 8.396524 1260256288665
-4.7946196 -0.69399214 11.256519 1260256288858
9.317351 -23.609816 -11.372378 1260256288889
7.5554266 -4.8429823 -9.991363 1260256288903
0.8828931 -8.405275 -16.031902 1260256288923
-14.5161295 -14.602538 -6.7065845 1260256288947
-0.91709566 -11.2172165 -4.265019 1260256288963
-10.601538 -0.04548931 -11.05877 1260256288983
-12.557558 10.3831625 -8.31799 1260256289005
2.1331782 -6.5675993 -3.6803513 1260256289029
-12.648279 -14.198164 -8.247406 1260256289043
-18.103779 -16.52291 4.1612096 1260256289064
-20.061642 -31.492466 3.5166597 1260256289086
-19.982685 -29.629103 5.8362284 1260256289101
-15.628505 -17.899021 7.0736475 1260256289124
-13.742599 -12.675498 10.363962 1260256289145
-9.47983 -17.020597 15.535843 1260256289167
-2.0343032 -24.70253 9.521528 1260256289184
3.6625426 -14.155665 -6.7126126 1260256289204
7.6186357 -10.1534195 0.12774801 1260256289227
8.9245615 2.6647215 -11.504658 1260256289241
0.32313812 7.4499545 -14.199622 1260256289264
-6.7141232 7.020459 -17.464672 1260256289285
-1.5784423 -3.7525342 -12.242205 1260256289308
7.1453886 -3.4428146 -27.776909 1260256289321
9.790175 10.327035 -18.983225 1260256289344
6.5884533 2.0727777 -9.940676 1260256289362
3.8951192 -24.289928 2.48799 1260256289380
2.2079544 -23.162527 5.0600305 1260256289400
2.0221848 -15.827539 14.55651 1260256289420
4.0338526 -12.69751 20.55737 1260256289440
5.0288916 -15.691432 18.086895 1260256289460
6.215494 -21.242418 9.239329 1260256289479
9.153891 0.5017853 -2.7560532 1260256289506
8.142138 2.6927848 -9.732666 1260256289520
0.568218 3.1853724 -15.622257 1260256289540
-4.2189856 1.7601976 -23.398521 1260256289560
-3.5308497 -8.329072 -26.266079 1260256289580
-3.1611795 -16.490353 -4.8306003 1260256289601
-8.852987 -18.863243 -6.8423 1260256289802
-14.505627 -25.840826 9.8838 1260256289814
-15.750666 -25.137682 18.022806 1260256289826
-15.282234 -13.296283 17.202702 1260256289838
-13.932543 -3.6913004 12.480854 1260256289844
-7.9829226 -0.4156084 2.0113826 1260256289853
-4.8601274 -17.356258 -2.6277046 1260256289864
-6.578244 -9.080808 -21.718386 1260256289873
-4.970484 -8.010773 -23.985603 1260256289885
1.4533353 -24.16183 -15.827671 1260256289893
4.9392996 -13.052667 -21.702286 1260256289911
0.112440825 -7.3903723 -3.328928 1260256289922
-8.190874 -15.110926 0.47502804 1260256289931
-12.808895 -27.464909 16.909853 1260256289943
-14.660412 -16.041826 23.163406 1260256289952
-15.033974 -4.584915 13.286581 1260256289966
-12.654534 -2.0297337 4.2735987 1260256289979
-10.572064 -17.20501 -10.477528 1260256289989
-7.0266676 0.22394848 -16.854221 1260256290003
1.0657351 -19.585526 -25.584454 1260256290013
6.534607 -2.5524864 -12.512733 1260256290027
3.727843 -14.43661 2.212973 1260256290047
-9.135637 -0.11292362 7.377379 1260256290062
-16.922813 -14.548378 9.724443 1260256290084
-14.877766 -21.565811 6.7073793 1260256290105
-11.52038 -25.301207 -1.476501 1260256290129
-9.59413 -32.92418 -5.5964746 1260256290141
-6.1480722 -21.583904 -17.1828 1260256290164
0.40828204 -15.874287 -9.0135765 1260256290187
5.3864613 -27.971596 -6.767897 1260256290201
3.1585257 -24.232601 -14.036697 1260256290224
-9.582691 -7.7854247 -11.176101 1260256290245
-14.710491 -15.626033 -3.6990454 1260256290268
-5.5957804 -2.9704938 2.246377 1260256290281
-24.298676 13.58174 9.868644 1260256290304
-19.595577 11.760395 4.4915657 1260256290327
-6.590126 -4.4957066 10.580758 1260256290342
-23.865234 6.602439 3.1487124 1260256290363
-18.686932 -22.54787 -4.2995925 1260256290554
-14.076662 -13.301775 -10.521185 1260256290570
-2.4222445 -26.485325 -5.847638 1260256290587
12.345547 -34.976063 -18.881859 1260256290594
11.667859 -16.588585 -11.193472 1260256290605
0.1309725 -20.43819 -19.224415 1260256290614
-8.015061 -27.172165 -8.558056 1260256290626
-11.1942 -22.126755 -1.1433892 1260256290634
-11.605275 -6.9386296 4.423875 1260256290646
-1.8754871 -14.621052 0.7023439 1260256290653
-1.3270819 7.4557734 -2.431073 1260256290672
-16.569681 7.625924 2.0253718 1260256290684
-3.5533605 -3.944225 -1.5568411 1260256290693
-8.645012 0.79187393 -5.780547 1260256290705
-20.543783 8.172241 -2.8082602 1260256290714
-4.978797 -4.943102 -1.8772912 1260256290731
-16.159328 -16.095493 2.962447 1260256290742
-17.370514 -2.9423246 -1.4991891 1260256290752
-11.294329 -24.02306 6.8067665 1260256290767
-2.1463346 -29.433702 -7.864152 1260256290783
3.0205646 -17.901348 -3.063674 1260256290799
1.842072 -19.557484 -5.8260174 1260256290812
-3.1781251 -31.27353 -6.9928517 1260256290825
-8.445239 -26.558548 6.795759 1260256290845
-12.334592 -25.677853 4.7696996 1260256290868
-14.451437 -24.664116 2.5541396 1260256290882
-14.741626 -22.05707 2.6769617 1260256290904
-14.688817 -12.340759 4.0614514 1260256290926
-14.308315 2.294025 5.2505074 1260256290941
