3.6873722 -11.483149 5.2232876 1260256495129
-4.673748 -5.353587 -3.2449858 1260256495141
5.172831 11.099254 8.7045145 1260256495150
-5.71596 -1.6915022 0.59858894 1260256495161
-15.044111 -10.685234 21.783854 1260256495188
-4.411515 -11.7644825 6.9826674 1260256495387
-21.36591 -15.279578 7.03358 1260256495400
-14.946077 -28.473892 5.9154778 1260256495407
-0.37078094 -29.217888 -16.609283 1260256495419
7.5091825 -10.669993 -14.002154 1260256495430
10.657336 -18.181366 -7.6386294 1260256495442
10.410687 -21.48518 -15.509083 1260256495454
7.966294 -3.3180132 -17.531284 1260256495466
6.9088225 7.688596 -8.30519 1260256495474
9.041151 -5.794202 -4.0086846 1260256495486
4.7268195 14.808165 1.4983237 1260256495501
-7.6442194 3.812233 -12.942949 1260256495510
-11.801527 -5.5057087 -1.606566 1260256495524
-6.202594 -20.207462 -14.426012 1260256495533
-2.2994256 -10.985517 -5.503783 1260256495544
0.9678366 -32.906925 -12.331648 1260256495553
2.535763 -12.254874 -2.934217 1260256495568
1.8904598 -23.62416 -13.019795 1260256495584
0.54038453 -1.1020088 -5.646987 1260256495591
-3.4336865 -13.324196 -2.4073558 1260256495608
-7.0667076 -8.017763 -8.358572 1260256495614
-7.1679287 1.7869759 -8.361481 1260256495628
-6.6259704 -12.340395 -1.7621517 1260256495647
-7.7800393 -22.198277 -7.57285 1260256495662
-10.894003 -11.28344 -2.4951878 1260256495671
-4.839658 -14.384398 10.445108 1260256495685
3.5595036 7.4658356 10.352306 1260256495703
-7.2040253 -7.0087094 20.095274 1260256495712
-18.558485 6.865954 15.794815 1260256495724
-15.096077 -4.770577 9.8546505 1260256495746
-3.390664 3.166666 14.796504 1260256495764
-17.284916 -13.518583 2.6109476 1260256495774
-23.821997 -23.659449 8.918834 1260256495788
-9.513618 -27.13905 2.3627005 1260256495808
-0.34148502 -10.3864765 -3.4140031 1260256495821
4.2042084 -31.790962 -14.170692 1260256495844
5.879392 -15.23669 -17.167965 1260256495866
3.2173288 -34.367996 -25.020224 1260256495889
-2.2890291 -12.689932 -26.002308 1260256496081
-7.3507247 -26.694944 -18.976505 1260256496100
-9.676485 -4.1985636 -22.659119 1260256496110
-3.0576897 -8.225535 -2.582468 1260256496123
-13.50137 -9.663959 2.0855408 1260256496144
-18.420078 -0.6738913 15.044233 1260256496152
-9.441563 -11.566098 7.235385 1260256496166
-5.2875614 -6.6979303 24.890377 1260256496178
-3.0601192 -28.36819 24.47761 1260256496188
-0.14554977 -27.787987 11.464587 1260256496194
2.163332 -20.303572 1.9695685 1260256496209
4.283945 -24.183025 -2.4348617 1260256496224
-0.26595712 -4.06719 -16.065722 1260256496234
-4.8589525 -20.714138 -21.77168 1260256496246
2.4986944 -6.422318 -16.665394 1260256496252
8.683882 -11.858592 -26.803303 1260256496264
1.5507538 0.098796844 -5.44098 1260256496273
-11.183256 -12.21771 -4.8485856 1260256496294
-16.918428 -24.627514 17.0427 1260256496308
-17.676043 -12.738211 18.968473 1260256496324
-15.359304 -17.628471 10.168986 1260256496341
-13.3231945 -22.096762 2.2634256 1260256496350
-9.307982 -5.2870393 -8.601204 1260256496364
1.2057164 -14.860184 -6.415756 1260256496378
11.698714 4.2100163 -19.294502 1260256496390
11.058992 -14.258891 -15.269925 1260256496409
6.795386 2.1368046 -3.0972269 1260256496431
4.207657 -16.98816 3.680739 1260256496450
-6.075409 0.76648426 11.094609 1260256496468
-13.518972 -14.534361 -1.6495724 1260256496483
-11.418671 -10.771807 -9.483349 1260256496506
-2.820837 -13.591171 -7.332947 1260256496530
5.248173 -30.320023 -12.179879 1260256496548
9.35203 -28.330044 -20.303055 1260256496563
8.002807 -12.169408 -13.15175 1260256496593
2.148179 -3.758134 -4.110356 1260256496607
-13.894756 -15.771482 -3.398207 1260256496622
-16.813683 6.295929 9.51561 1260256496650
-7.1512585 3.9792087 2.9703465 1260256496840
0.7197857 -5.7116175 9.906723 1260256496852
-9.02957 2.2528095 -3.0914931 1260256496864
-11.011944 -3.4131155 4.469123 1260256496873
-0.46597338 -26.0993 -2.9702864 1260256496885
10.074327 -27.68421 -14.609632 1260256496894
9.737488 -14.578736 -9.595423 1260256496906
-1.1164567 -16.36495 -17.87024 1260256496914
-8.785527 -23.77235 -8.921632 1260256496926
-10.568165 -22.03405 -5.252796 1260256496932
-11.802954 -12.094427 -4.6257067 1260256496946
-11.677497 3.3914275 1.06696 1260256496962
4.371319 -12.06768 0.13255095 1260256496971
-11.41798 0.82379186 -5.5362196 1260256496983
-8.711833 9.844593 -0.3596313 1260256496990
-0.5028539 -4.594307 7.5558043 1260256497006
-20.071388 -2.0596638 3.4062421 1260256497012
-2.3994465 5.086676 -0.22997582 1260256497032
-15.658958 -4.203224 -9.173197 1260256497047
-20.01793 -14.12549 2.5060313 1260256497066
-17.8415 -13.3067665 4.262514 1260256497080
-13.767263 -15.410807 8.538912 1260256497093
-8.839284 -16.423464 11.9087715 1260256497106
-4.7971745 -15.256702 12.095895 1260256497126
-0.5991359 -14.549245 9.701502 1260256497142
3.3676958 -14.543991 5.491761 1260256497164
3.0358553 -13.41301 0.6667738 1260256497185
-2.7006383 -11.061208 -2.2214265 1260256497209
-8.802448 -6.3934517 -0.20481157 1260256497221
