161.47797 35.79017 8.5884285 7.962266 4.209903 9.292673 1260256424226
161.47797 35.79017 8.5884285 8.145278 4.191887 9.070671 1260256424230
160.45407 35.75066 8.409007 8.145278 4.191887 9.070671 1260256424234
160.45407 35.75066 8.409007 9.02353 4.0698814 9.082203 1260256424242
159.63136 35.813126 8.338556 9.02353 4.0698814 9.082203 1260256424246
159.63136 35.813126 8.338556 9.802246 3.4059963 9.301366 1260256424250
158.8998 35.822468 8.421628 9.802246 3.4059963 9.301366 1260256424254
158.8998 35.822468 8.421628 10.183523 2.7120929 10.684885 1260256424261
159.1548 35.831345 8.750546 10.183523 2.7120929 10.684885 1260256424291
159.1548 35.831345 8.750546 9.196311 2.3020663 11.447585 1260256424294
159.94707 35.989777 9.163019 9.196311 2.3020663 11.447585 1260256424304
159.94707 35.989777 9.163019 6.268018 1.7654414 10.351153 1260256424308
161.04971 36.19029 9.704868 6.268018 1.7654414 10.351153 1260256424313
161.04971 36.19029 9.704868 1.4586899 1.8950057 7.8477006 1260256424320
161.99722 36.530773 10.269625 1.4586899 1.8950057 7.8477006 1260256424327
161.99722 36.530773 10.269625 -3.0387106 0.7903013 5.2290645 1260256424330
163.34737 37.004234 10.956143 -3.0387106 0.7903013 5.2290645 1260256424341
163.34737 37.004234 10.956143 -4.8345757 -2.4421673 6.431705 1260256424347
165.08 37.554024 11.808336 -4.8345757 -2.4421673 6.431705 1260256424352
165.08 37.554024 11.808336 -1.1803527 -7.2865224 12.517257 1260256424361
166.826 38.176323 12.76792 -1.1803527 -7.2865224 12.517257 1260256424364
166.826 38.176323 12.76792 7.8458242 -13.25906 12.846575 1260256424369
168.48471 38.767506 13.829524 7.8458242 -13.25906 12.846575 1260256424379
168.48471 38.767506 13.829524 15.61887 -17.306019 4.92941 1260256424385
170.16048 39.37913 14.938048 15.61887 -17.306019 4.92941 1260256424398
170.16048 39.37913 14.938048 13.441015 -18.513107 3.4365666 1260256424405
171.75246 39.960175 16.091146 13.441015 -18.513107 3.4365666 1260256424421
171.75246 39.960175 16.091146 3.2143033 -16.205471 7.6399097 1260256424429
173.36484 40.362167 17.33659 3.2143033 -16.205471 7.6399097 1260256424439
173.36484 40.362167 17.33659 -2.6329346 -12.725784 0.8592408 1260256424442
175.2466 40.64406 18.66976 -2.6329346 -12.725784 0.8592408 1260256424458
175.2466 40.64406 18.66976 5.0848904 -8.983698 -8.8705225 1260256424463
177.38426 40.711857 20.136272 5.0848904 -8.983698 -8.8705225 1260256424481
177.38426 40.711857 20.136272 15.141382 -6.366846 -2.5740955 1260256424488
180.41505 40.326263 21.97946 15.141382 -6.366846 -2.5740955 1260256424499
180.41505 40.326263 21.97946 4.282374 -7.518903 8.789768 1260256424666
172.8443 39.00995 23.280487 4.282374 -7.518903 8.789768 1260256424669
172.8443 39.00995 23.280487 -7.8344245 -9.974677 0.6078835 1260256424682
167.00209 35.70945 21.616463 -7.8344245 -9.974677 0.6078835 1260256424685
167.00209 35.70945 21.616463 2.687663 11.32274 8.190463 1260256424689
161.45198 32.723976 19.68564 2.687663 11.32274 8.190463 1260256424694
161.45198 32.723976 19.68564 4.1119137 -5.064294 10.859238 1260256424700
155.97939 30.487778 17.451359 4.1119137 -5.064294 10.859238 1260256424706
155.97939 30.487778 17.451359 -16.301117 11.209242 14.7107725 1260256424710
150.73042 29.51339 14.928791 -16.301117 11.209242 14.7107725 1260256424713
150.73042 29.51339 14.928791 -3.9009466 5.4655967 18.547234 1260256424720
145.9939 29.78772 12.382352 -3.9009466 5.4655967 18.547234 1260256424724
145.9939 29.78772 12.382352 -14.787035 -2.8694487 11.828075 1260256424729
142.09421 31.148335 10.313234 -14.787035 -2.8694487 11.828075 1260256424732
142.09421 31.148335 10.313234 -19.768744 -18.738247 0.4960022 1260256424741
139.3395 35.040916 8.847572 -19.768744 -18.738247 0.4960022 1260256424743
139.3395 35.040916 8.847572 -3.451037 -21.36458 7.094287 1260256424747
138.12251 38.68887 8.055194 -3.451037 -21.36458 7.094287 1260256424758
138.12251 38.68887 8.055194 6.387883 -31.65961 -8.116781 1260256424767
138.16638 42.554424 7.802434 6.387883 -31.65961 -8.116781 1260256424770
138.16638 42.554424 7.802434 10.822129 -9.831501 -9.380598 1260256424778
138.85806 46.826702 7.7623124 10.822129 -9.831501 -9.380598 1260256424781
138.85806 46.826702 7.7623124 11.951729 -17.157501 -11.794914 1260256424787
139.61516 51.435368 7.6741967 11.951729 -17.157501 -11.794914 1260256424790
139.61516 51.435368 7.6741967 11.235626 -18.284752 -10.0217 1260256424793
139.2844 56.5636 7.290487 11.235626 -18.284752 -10.0217 1260256424801
139.2844 56.5636 7.290487 8.271236 -4.055357 -2.9518018 1260256424805
143.97017 45.635418 5.7259626 8.271236 -4.055357 -2.9518018 1260256424812
143.97017 45.635418 5.7259626 -7.239217 -8.159609 -5.083335 1260256424824
142.37166 37.253647 3.9396646 -7.239217 -8.159609 -5.083335 1260256424828
142.37166 37.253647 3.9396646 -10.735268 10.5833025 -7.7263503 1260256424833
140.70308 29.440964 2.3926814 -10.735268 10.5833025 -7.7263503 1260256424839
140.70308 29.440964 2.3926814 2.0140905 17.836403 1.2154945 1260256424844
143.86792 21.268915 0.42304727 2.0140905 17.836403 1.2154945 1260256424850
143.86792 21.268915 0.42304727 -1.7925868 0.42710733 -9.905781 1260256424861
137.47452 28.45547 -1.8481051 -1.7925868 0.42710733 -9.905781 1260256424869
137.47452 28.45547 -1.8481051 -16.017847 -0.7134689 -3.4628806 1260256424872
135.60078 33.482697 -2.6056998 -16.017847 -0.7134689 -3.4628806 1260256424881
135.60078 33.482697 -2.6056998 -9.607645 -21.109016 -5.1157193 1260256424885
134.77075 37.558563 -2.825415 -9.607645 -21.109016 -5.1157193 1260256424898
134.77075 37.558563 -2.825415 -5.9891686 -20.283506 -18.729382 1260256424904
134.53221 41.180634 -2.7841442 -5.9891686 -20.283506 -18.729382 1260256424920
134.53221 41.180634 -2.7841442 -4.327817 -23.905075 -1.3420954 1260256424927
135.1056 44.6716 -2.494937 -4.327817 -23.905075 -1.3420954 1260256424938
135.1056 44.6716 -2.494937 -4.542668 -31.87991 -15.978554 1260256424941
135.65033 48.13802 -2.22019 -4.542668 -31.87991 -15.978554 1260256424961
135.65033 48.13802 -2.22019 -6.661106 -14.27575 -6.920711 1260256424964
136.21782 51.83112 -2.0091805 -6.661106 -14.27575 -6.920711 1260256424979
136.21782 51.83112 -2.0091805 -8.165042 -27.193054 -10.9041195 1260256424985
136.70692 55.889565 -1.8587215 -8.165042 -27.193054 -10.9041195 1260256425001
136.70692 55.889565 -1.8587215 -9.137798 -5.493973 -12.796582 1260256425009
136.52158 60.64509 -1.9157854 -9.137798 -5.493973 -12.796582 1260256425019
136.52158 60.64509 -1.9157854 -9.79463 2.346455 -8.137025 1260256425022
146.4455 66.562836 -2.7199962 -9.79463 2.346455 -8.137025 1260256425038
146.4455 66.562836 -2.7199962 -6.3394117 5.3111663 0.11907959 1260256425044
156.77322 56.034695 -5.2339964 -6.3394117 5.3111663 0.11907959 1260256425064
156.77322 56.034695 -5.2339964 3.2393355 8.72712 3.5303063 1260256425068
150.58456 52.28296 -7.0722966 3.2393355 8.72712 3.5303063 1260256425078
150.58456 52.28296 -7.0722966 -15.863037 -4.4935927 6.007139 1260256425081
144.70534 49.76881 -8.618682 -15.863037 -4.4935927 6.007139 1260256425101
144.70534 49.76881 -8.618682 -20.174355 3.934225 11.03323 1260256425104
139.17007 48.330368 -9.887748 -20.174355 3.934225 11.03323 1260256425118
139.17007 48.330368 -9.887748 -10.442187 -0.1595211 22.69671 1260256425125
134.51157 48.11385 -10.793361 -10.442187 -0.1595211 22.69671 1260256425141
134.51157 48.11385 -10.793361 -2.6171331 -9.867743 14.836556 1260256425148
132.58598 49.458157 -11.003693 -2.6171331 -9.867743 14.836556 1260256425158
132.58598 49.458157 -11.003693 3.493456 -16.224495 1.2536002 1260256425161
134.30669 52.68525 -10.303508 3.493456 -16.224495 1.2536002 1260256425181
134.30669 52.68525 -10.303508 8.689413 -29.289494 -5.630215 1260256425184
137.64136 56.70099 -9.138332 8.689413 -29.289494 -5.630215 1260256425203
137.64136 56.70099 -9.138332 3.0741937 -19.87445 -25.322994 1260256425207
141.2593 61.015938 -7.9314156 3.0741937 -19.87445 -25.322994 1260256425217
141.2593 61.015938 -7.9314156 -4.376977 -2.7512503 -15.465812 1260256425221
142.89633 65.36514 -7.384845 -4.376977 -2.7512503 -15.465812 1260256425239
142.89633 65.36514 -7.384845 -8.318966 -9.890871 -10.391644 1260256425242
137.10152 61.046886 -9.165603 -8.318966 -9.890871 -10.391644 1260256425256
137.10152 61.046886 -9.165603 -8.940382 12.885845 8.033489 1260256425427
131.69644 57.094543 -10.5573225 -8.940382 12.885845 8.033489 1260256425439
131.69644 57.094543 -10.5573225 -4.2289248 1.5997567 12.776469 1260256425448
126.61162 53.689816 -11.929457 -4.2289248 1.5997567 12.776469 1260256425451
126.61162 53.689816 -11.929457 -12.640962 8.223085 15.466267 1260256425460
122.08104 51.205326 -13.582984 -12.640962 8.223085 15.466267 1260256425463
122.08104 51.205326 -13.582984 -30.507166 -10.119661 24.971088 1260256425469
118.22699 49.74506 -15.353835 -30.507166 -10.119661 24.971088 1260256425472
118.22699 49.74506 -15.353835 -26.062632 -6.5135927 8.02893 1260256425480
115.31564 49.307808 -16.836143 -26.062632 -6.5135927 8.02893 1260256425483
115.31564 49.307808 -16.836143 -11.384222 -10.590409 4.817129 1260256425487
114.29986 52.84242 -17.394337 -11.384222 -10.590409 4.817129 1260256425490
114.29986 52.84242 -17.394337 -2.2649078 -27.60884 -5.245117 1260256425498
115.73486 56.2003 -16.82462 -2.2649078 -27.60884 -5.245117 1260256425503
115.73486 56.2003 -16.82462 6.0281057 -20.340403 -17.497816 1260256425507
118.89812 60.090282 -15.6333885 6.0281057 -20.340403 -17.497816 1260256425510
118.89812 60.090282 -15.6333885 3.1244032 -18.725178 -12.464442 1260256425519
122.85321 64.28577 -14.251719 3.1244032 -18.725178 -12.464442 1260256425522
122.85321 64.28577 -14.251719 -2.789394 -29.264713 -26.145494 1260256425528
125.81055 68.47148 -13.189134 -2.789394 -29.264713 -26.145494 1260256425533
125.81055 68.47148 -13.189134 -2.0795279 -10.15071 -18.884195 1260256425544
126.17002 72.797905 -12.779677 -2.0795279 -10.15071 -18.884195 1260256425550
126.17002 72.797905 -12.779677 -4.131263 -5.247746 -29.837875 1260256425553
122.16152 77.25801 -13.740693 -4.131263 -5.247746 -29.837875 1260256425562
122.16152 77.25801 -13.740693 -18.274395 -14.610207 -14.807821 1260256425565
118.00345 74.09511 -16.853659 -18.274395 -14.610207 -14.807821 1260256425569
118.00345 74.09511 -16.853659 -7.9342184 5.1061006 -0.8646913 1260256425574
114.10328 71.14035 -18.710976 -7.9342184 5.1061006 -0.8646913 1260256425580
114.10328 71.14035 -18.710976 -19.485388 -15.601597 9.113962 1260256425585
110.248116 68.583336 -19.875427 -19.485388 -15.601597 9.113962 1260256425591
110.248116 68.583336 -19.875427 -30.554554 -6.20007 25.925959 1260256425602
106.58571 66.504166 -20.681656 -30.554554 -6.20007 25.925959 1260256425608
106.58571 66.504166 -20.681656 -29.816128 -11.016355 25.215483 1260256425611
103.35642 65.02895 -21.247574 -29.816128 -11.016355 25.215483 1260256425621
103.35642 65.02895 -21.247574 -21.834158 -25.333138 21.226315 1260256425625
101.2386 64.427505 -21.685196 -21.834158 -25.333138 21.226315 1260256425632
101.2386 64.427505 -21.685196 -13.630129 -26.645344 7.4101768 1260256425641
102.576675 66.70613 -21.200935 -13.630129 -26.645344 7.4101768 1260256425646
102.576675 66.70613 -21.200935 -10.626806 -9.857611 0.5092063 1260256425650
106.59784 69.82082 -19.790888 -10.626806 -9.857611 0.5092063 1260256425663
106.59784 69.82082 -19.790888 -5.279413 -24.199245 -9.610631 1260256425667
111.56795 73.42978 -18.201344 -5.279413 -24.199245 -9.610631 1260256425679
111.56795 73.42978 -18.201344 12.086889 -8.698344 -24.926807 1260256425682
116.23955 77.10829 -16.741276 12.086889 -8.698344 -24.926807 1260256425701
116.23955 77.10829 -16.741276 14.0434 -25.354889 -23.070988 1260256425704
118.32757 80.45288 -16.054213 14.0434 -25.354889 -23.070988 1260256425718
118.32757 80.45288 -16.054213 2.2089782 -2.4274588 -18.961624 1260256425725
115.31119 83.83024 -18.051502 2.2089782 -2.4274588 -18.961624 1260256425738
115.31119 83.83024 -18.051502 -2.5583172 -14.241695 -5.6720743 1260256425747
110.945625 79.83873 -19.748928 -2.5583172 -14.241695 -5.6720743 1260256425760
110.945625 79.83873 -19.748928 -23.268076 8.159704 10.362312 1260256425763
106.54835 75.89679 -20.761482 -23.268076 8.159704 10.362312 1260256425778
106.54835 75.89679 -20.761482 -27.65001 -5.2036047 19.103739 1260256425784
102.37093 72.40195 -21.773409 -27.65001 -5.2036047 19.103739 1260256425804
102.37093 72.40195 -21.773409 -19.700895 -1.4003221 29.3126 1260256425808
99.55238 70.48185 -23.084738 -19.700895 -1.4003221 29.3126 1260256425817
99.55238 70.48185 -23.084738 -3.7438421 -19.022099 4.9994197 1260256425821
101.32476 72.957756 -22.7805 -3.7438421 -19.022099 4.9994197 1260256425840
101.32476 72.957756 -22.7805 1.1955829 -11.016941 -2.7483006 1260256425843
105.60852 75.85987 -21.541475 1.1955829 -11.016941 -2.7483006 1260256425858
105.60852 75.85987 -21.541475 -3.279114 -27.615084 -28.155348 1260256425864
110.728096 78.81688 -20.014402 -3.279114 -27.615084 -28.155348 1260256425885
110.728096 78.81688 -20.014402 -3.3783278 -23.23891 -28.919992 1260256425888
115.69169 81.52604 -18.513681 -3.3783278 -23.23891 -28.919992 1260256425897
115.69169 81.52604 -18.513681 8.800753 -22.496166 -12.869534 1260256425900
119.057106 83.899734 -17.487997 8.800753 -22.496166 -12.869534 1260256425921
119.057106 83.899734 -17.487997 10.348997 -28.16505 -17.967316 1260256425924
118.704254 86.004745 -17.713596 10.348997 -28.16505 -17.967316 1260256425943
118.704254 86.004745 -17.713596 1.859901 -5.764924 -9.860732 1260256425947
114.81904 83.10451 -19.827917 1.859901 -5.764924 -9.860732 1260256425957
114.81904 83.10451 -19.827917 -21.341656 -16.980188 3.4203968 1260256425961
109.97809 78.69928 -21.536522 -21.341656 -16.980188 3.4203968 1260256425980
109.97809 78.69928 -21.536522 -21.110952 3.2722907 20.637903 1260256425983
105.179184 73.914314 -22.759695 -21.110952 3.2722907 20.637903 1260256425996
105.179184 73.914314 -22.759695 -11.875225 17.608353 15.882855 1260256426004
100.42023 69.1686 -23.97171 -11.875225 17.608353 15.882855 1260256426023
100.42023 69.1686 -23.97171 -9.48049 8.57372 18.758461 1260256426189
95.79922 65.36017 -25.873125 -9.48049 8.57372 18.758461 1260256426201
95.79922 65.36017 -25.873125 -24.24915 -3.0933907 3.2367816 1260256426204
92.909256 63.59216 -27.57947 -24.24915 -3.0933907 3.2367816 1260256426212
92.909256 63.59216 -27.57947 -21.475063 -15.416146 -5.1415486 1260256426221
93.513794 66.51255 -27.550497 -21.475063 -15.416146 -5.1415486 1260256426224
93.513794 66.51255 -27.550497 -16.337702 -13.410948 0.25396824 1260256426228
97.738106 68.73692 -26.522972 -16.337702 -13.410948 0.25396824 1260256426233
97.738106 68.73692 -26.522972 -13.01852 -21.756847 -7.653454 1260256426241
103.351204 70.95008 -24.996824 -13.01852 -21.756847 -7.653454 1260256426245
103.351204 70.95008 -24.996824 3.3573208 -36.741394 -14.181372 1260256426248
109.23364 73.15258 -23.296984 3.3573208 -36.741394 -14.181372 1260256426253
109.23364 73.15258 -23.296984 14.034443 -17.777325 -9.2792635 1260256426259
114.57196 75.24495 -21.632135 14.034443 -17.777325 -9.2792635 1260256426265
114.57196 75.24495 -21.632135 0.9561372 -20.378065 -18.3567 1260256426269
118.94336 77.1827 -20.150528 0.9561372 -20.378065 -18.3567 1260256426272
118.94336 77.1827 -20.150528 -6.8030663 -26.915821 -7.704645 1260256426279
121.896194 78.77357 -19.043001 -6.8030663 -26.915821 -7.704645 1260256426282
121.896194 78.77357 -19.043001 -1.339148 -10.04284 -13.591591 1260256426286
121.75139 80.33489 -18.940851 -1.339148 -10.04284 -13.591591 1260256426293
121.75139 80.33489 -18.940851 -3.0046053 2.5945573 0.6722449 1260256426305
117.96382 77.71815 -20.993809 -3.0046053 2.5945573 0.6722449 1260256426308
117.96382 77.71815 -20.993809 -12.8359785 -9.655281 4.7104235 1260256426313
113.26563 73.13224 -22.944118 -12.8359785 -9.655281 4.7104235 1260256426320
113.26563 73.13224 -22.944118 1.5050812 9.40536 6.918656 1260256426326
108.702354 68.07563 -24.296913 1.5050812 9.40536 6.918656 1260256426329
108.702354 68.07563 -24.296913 -1.4741135 13.719698 8.315039 1260256426333
104.21724 63.57185 -25.882067 -1.4741135 13.719698 8.315039 1260256426339
104.21724 63.57185 -25.882067 -18.892673 -1.0645165 11.536688 1260256426343
99.706375 60.093258 -27.987963 -18.892673 -1.0645165 11.536688 1260256426350
99.706375 60.093258 -27.987963 -20.297625 5.8319097 15.376239 1260256426354
95.27106 57.488594 -30.238565 -20.297625 5.8319097 15.376239 1260256426365
95.27106 57.488594 -30.238565 -12.237347 -10.842018 8.236228 1260256426370
91.00751 55.514164 -32.326637 -12.237347 -10.842018 8.236228 1260256426378
91.00751 55.514164 -32.326637 -29.68379 1.4096885 4.432455 1260256426383
87.10713 60.388454 -33.860306 -29.68379 1.4096885 4.432455 1260256426388
87.10713 60.388454 -33.860306 -25.537973 -3.452382 3.9843588 1260256426400
83.701775 64.56903 -34.81729 -25.537973 -3.452382 3.9843588 1260256426408
83.701775 64.56903 -34.81729 -12.138263 -20.451982 -0.3655194 1260256426411
82.016685 67.89058 -34.976425 -12.138263 -20.451982 -0.3655194 1260256426420
82.016685 67.89058 -34.976425 -6.4196854 -3.4352036 -7.002537 1260256426430
90.21585 70.29605 -34.477604 -6.4196854 -3.4352036 -7.002537 1260256426440
90.21585 70.29605 -34.477604 -8.586796 -25.967766 -6.0819416 1260256426444
97.80506 72.18125 -33.603725 -8.586796 -25.967766 -6.0819416 1260256426458
97.80506 72.18125 -33.603725 -14.5308075 -22.394373 3.3931322 1260256426465
104.16481 73.92219 -32.57354 -14.5308075 -22.394373 3.3931322 1260256426477
104.16481 73.92219 -32.57354 -15.009117 -15.019379 -4.1360145 1260256426487
109.75657 75.52608 -31.644863 -15.009117 -15.019379 -4.1360145 1260256426498
109.75657 75.52608 -31.644863 -8.81628 -27.768372 5.4483967 1260256426501
114.06874 77.14977 -30.86262 -8.81628 -27.768372 5.4483967 1260256426518
114.06874 77.14977 -30.86262 -2.3821154 -35.34194 -5.135511 1260256426526
116.7153 78.94228 -30.369488 -2.3821154 -35.34194 -5.135511 1260256426538
116.7153 78.94228 -30.369488 -0.26093483 -18.757599 -8.477922 1260256426545
118.27953 80.89517 -30.101013 -0.26093483 -18.757599 -8.477922 1260256426559
118.27953 80.89517 -30.101013 0.8456135 -11.28857 -2.7559152 1260256426563
119.21555 82.95042 -29.995962 0.8456135 -11.28857 -2.7559152 1260256426583
119.21555 82.95042 -29.995962 2.3337474 -22.609701 -3.6892803 1260256426590
119.854774 85.0029 -30.046164 2.3337474 -22.609701 -3.6892803 1260256426598
119.854774 85.0029 -30.046164 3.677784 -7.8897047 -4.731095 1260256426604
120.66203 86.752754 -30.043856 3.677784 -7.8897047 -4.731095 1260256426620
120.66203 86.752754 -30.043856 5.166893 1.6024742 0.44811445 1260256426628
121.47893 85.21512 -29.941664 5.166893 1.6024742 0.44811445 1260256426640
121.47893 85.21512 -29.941664 6.0360184 -2.888085 1.5787926 1260256426644
121.90498 83.45436 -30.14458 6.0360184 -2.888085 1.5787926 1260256426660
121.90498 83.45436 -30.14458 5.1551995 -15.416322 1.9256938 1260256426663
121.80973 81.18164 -30.487352 5.1551995 -15.416322 1.9256938 1260256426678
121.80973 81.18164 -30.487352 3.352799 0.13356161 8.92487 1260256426684
