70.97862 24.747393 25.35597 12.516563 -9.558568 3.5021005 1260256287772
70.97862 24.747393 25.35597 2.9322615 6.2442703 16.18376 1260256287781
70.12969 23.110023 23.488173 2.9322615 6.2442703 16.18376 1260256287783
70.12969 23.110023 23.488173 -12.402071 10.600441 12.478401 1260256287787
69.17321 22.754522 21.013763 -12.402071 10.600441 12.478401 1260256287793
69.17321 22.754522 21.013763 0.3609748 1.7903094 19.364016 1260256287801
68.06455 23.216797 18.763075 0.3609748 1.7903094 19.364016 1260256287804
68.06455 23.216797 18.763075 -10.653109 -3.6900406 14.675558 1260256287808
67.26132 24.705957 16.924921 -10.653109 -3.6900406 14.675558 1260256287839
67.26132 24.705957 16.924921 -17.62388 -17.58607 11.155762 1260256287844
67.19826 27.120659 15.528675 -17.62388 -17.58607 11.155762 1260256287850
67.19826 27.120659 15.528675 -3.5234485 -34.266342 9.436498 1260256287853
69.288345 30.764626 14.902242 -3.5234485 -34.266342 9.436498 1260256287861
69.288345 30.764626 14.902242 8.090566 -16.137611 -9.089098 1260256287864
74.023926 35.326393 14.85713 8.090566 -16.137611 -9.089098 1260256287874
74.023926 35.326393 14.85713 12.693491 -11.450688 -5.353351 1260256287883
80.02273 40.460075 15.114273 12.693491 -11.450688 -5.353351 1260256287887
80.02273 40.460075 15.114273 12.415108 -17.424538 -6.133144 1260256287890
86.321594 45.78707 15.458559 12.415108 -17.424538 -6.133144 1260256287901
86.321594 45.78707 15.458559 9.242696 -19.598406 -11.690937 1260256287909
92.105515 51.047718 15.685631 9.242696 -19.598406 -11.690937 1260256287912
92.105515 51.047718 15.685631 4.8906193 -13.581667 -17.995895 1260256287920
97.85024 56.545334 15.701349 4.8906193 -13.581667 -17.995895 1260256288098
97.85024 56.545334 15.701349 2.2985537 -2.7186382 -17.331783 1260256288104
100.05773 45.018066 14.8662815 2.2985537 -2.7186382 -17.331783 1260256288108
100.05773 45.018066 14.8662815 7.2267704 -7.953785 -7.673721 1260256288113
102.65485 36.217163 12.622968 7.2267704 -7.953785 -7.673721 1260256288119
102.65485 36.217163 12.622968 -1.5704186 12.975747 -0.9024765 1260256288125
103.072105 28.306305 10.391819 -1.5704186 12.975747 -0.9024765 1260256288129
103.072105 28.306305 10.391819 -11.45892 5.652439 5.492886 1260256288132
103.4185 24.24099 8.022228 -11.45892 5.652439 5.492886 1260256288139
103.4185 24.24099 8.022228 4.5539927 14.381788 -0.5539486 1260256288142
109.09758 15.97894 5.321117 4.5539927 14.381788 -0.5539486 1260256288149
109.09758 15.97894 5.321117 -15.135886 8.83407 -8.205184 1260256288152
118.8427 6.679993 2.655061 -15.135886 8.83407 -8.205184 1260256288159
118.8427 6.679993 2.655061 -3.617334 -1.9487199 -15.031422 1260256288162
115.750565 13.795994 1.122308 -3.617334 -1.9487199 -15.031422 1260256288166
115.750565 13.795994 1.122308 2.510974 -16.290495 -8.357618 1260256288170
116.213036 19.306194 0.86619264 2.510974 -16.290495 -8.357618 1260256288179
116.213036 19.306194 0.86619264 5.9408307 -20.556602 -5.008214 1260256288184
114.00238 23.840885 1.172883 5.9408307 -20.556602 -5.008214 1260256288190
114.00238 23.840885 1.172883 11.935476 -14.305438 -7.140249 1260256288201
124.95226 28.048841 1.8142389 11.935476 -14.305438 -7.140249 1260256288207
124.95226 28.048841 1.8142389 16.28035 -29.023232 -2.8732922 1260256288210
135.50465 32.1464 2.623527 16.28035 -29.023232 -2.8732922 1260256288213
135.50465 32.1464 2.623527 12.997932 -31.028168 -9.433566 1260256288221
146.07942 35.93908 3.3423507 12.997932 -31.028168 -9.433566 1260256288224
146.07942 35.93908 3.3423507 4.3656015 -10.764607 -0.40005457 1260256288230
139.12546 39.592125 4.125233 4.3656015 -10.764607 -0.40005457 1260256288233
139.12546 39.592125 4.125233 -3.6503582 -22.698072 0.27549386 1260256288242
132.86919 43.31252 5.0689716 -3.6503582 -22.698072 0.27549386 1260256288250
132.86919 43.31252 5.0689716 -6.5548058 -0.045198917 1.9599875 1260256288260
132.12573 33.746895 5.365523 -6.5548058 -0.045198917 1.9599875 1260256288266
132.12573 33.746895 5.365523 -7.483349 -6.2441497 -5.438234 1260256288269
134.31944 26.05955 4.4972467 -7.483349 -6.2441497 -5.438234 1260256288274
134.31944 26.05955 4.4972467 -10.759041 -2.8248467 -3.9529438 1260256288280
139.25346 17.556572 2.9723842 -10.759041 -2.8248467 -3.9529438 1260256288288
139.25346 17.556572 2.9723842 -1.0328674 12.965536 -6.776256 1260256288292
135.6408 23.678743 1.6737651 -1.0328674 12.965536 -6.776256 1260256288302
135.6408 23.678743 1.6737651 6.737997 4.8571463 -5.0751915 1260256288306
131.55875 28.194807 1.4400768 6.737997 4.8571463 -5.0751915 1260256288309
131.55875 28.194807 1.4400768 8.912789 -14.998184 -7.4842467 1260256288314
142.33081 31.985067 1.4180729 8.912789 -14.998184 -7.4842467 1260256288325
142.33081 31.985067 1.4180729 10.217126 -27.754877 -4.4102025 1260256288328
151.86427 35.685814 1.5971693 10.217126 -27.754877 -4.4102025 1260256288338
151.86427 35.685814 1.5971693 12.139292 -16.668436 -6.699516 1260256288341
158.17107 39.551525 1.9173108 12.139292 -16.668436 -6.699516 1260256288360
158.17107 39.551525 1.9173108 12.336569 -31.002203 -7.6422358 1260256288363
157.11252 43.373947 2.0214453 12.336569 -31.002203 -7.6422358 1260256288382
157.11252 43.373947 2.0214453 10.006583 -10.852541 -11.470509 1260256288385
155.8069 47.70525 1.870373 10.006583 -10.852541 -11.470509 1260256288398
155.8069 47.70525 1.870373 9.118357 -3.8119574 -5.3329735 1260256288404
150.91655 52.969986 0.62685436 9.118357 -3.8119574 -5.3329735 1260256288417
150.91655 52.969986 0.62685436 3.8963132 -6.341256 -10.990713 1260256288421
145.22072 48.071487 -0.95448846 3.8963132 -6.341256 -10.990713 1260256288441
145.22072 48.071487 -0.95448846 -11.279482 12.47971 -0.29599857 1260256288445
140.15968 43.567913 -1.9567641 -11.279482 12.47971 -0.29599857 1260256288463
140.15968 43.567913 -1.9567641 -13.355848 12.077085 4.6181192 1260256288468
134.5017 40.039516 -3.0589259 -13.355848 12.077085 4.6181192 1260256288478
134.5017 40.039516 -3.0589259 -6.311833 -1.0452437 17.419952 1260256288483
128.8766 38.98754 -4.1559796 -6.311833 -1.0452437 17.419952 1260256288498
128.8766 38.98754 -4.1559796 3.8678846 -12.871474 7.438341 1260256288502
124.23277 40.738163 -4.1481805 3.8678846 -12.871474 7.438341 1260256288522
124.23277 40.738163 -4.1481805 7.259592 -15.113827 9.203757 1260256288526
120.82114 43.351254 -3.7907715 7.259592 -15.113827 9.203757 1260256288538
120.82114 43.351254 -3.7907715 6.836982 -15.0436325 -7.024933 1260256288543
120.28008 46.33369 -3.201233 6.836982 -15.0436325 -7.024933 1260256288556
120.28008 46.33369 -3.201233 3.8121505 -28.66005 3.1929219 1260256288563
121.41608 49.417007 -2.3411713 3.8121505 -28.66005 3.1929219 1260256288580
121.41608 49.417007 -2.3411713 -3.1375468 -7.738669 -7.3723154 1260256288584
120.595276 52.146156 -1.5241127 -3.1375468 -7.738669 -7.3723154 1260256288601
120.595276 52.146156 -1.5241127 -8.045918 -16.334093 -0.5889316 1260256288606
116.26551 49.73885 -1.5479071 -8.045918 -16.334093 -0.5889316 1260256288618
116.26551 49.73885 -1.5479071 -9.933637 4.6941814 3.7488143 1260256288623
112.352234 46.15191 -2.3705118 -9.933637 4.6941814 3.7488143 1260256288638
112.352234 46.15191 -2.3705118 -9.894304 -4.281141 12.664919 1260256288641
108.38462 42.994312 -3.6519861 -9.894304 -4.281141 12.664919 1260256288661
108.38462 42.994312 -3.6519861 -2.5811062 12.649676 8.396524 1260256288665
104.21539 40.544598 -5.319387 -2.5811062 12.649676 8.396524 1260256288839
104.21539 40.544598 -5.319387 -4.7946196 -0.69399214 11.256519 1260256288858
108.35462 38.21737 -5.0534177 -4.7946196 -0.69399214 11.256519 1260256288880
108.35462 38.21737 -5.0534177 9.317351 -23.609816 -11.372378 1260256288889
110.78689 42.7065 -5.050747 9.317351 -23.609816 -11.372378 1260256288896
110.78689 42.7065 -5.050747 7.5554266 -4.8429823 -9.991363 1260256288903
110.74754 47.221176 -5.7482095 7.5554266 -4.8429823 -9.991363 1260256288918
110.74754 47.221176 -5.7482095 0.8828931 -8.405275 -16.031902 1260256288923
108.160164 52.16012 -7.360799 0.8828931 -8.405275 -16.031902 1260256288939
108.160164 52.16012 -7.360799 -14.5161295 -14.602538 -6.7065845 1260256288947
103.202156 58.002113 -10.092759 -14.5161295 -14.602538 -6.7065845 1260256288959
103.202156 58.002113 -10.092759 -0.91709566 -11.2172165 -4.265019 1260256288963
114.39205 46.902008 -12.938121 -0.91709566 -11.2172165 -4.265019 1260256288978
114.39205 46.902008 -12.938121 -10.601538 -0.04548931 -11.05877 1260256288983
123.32245 36.95691 -15.041215 -10.601538 -0.04548931 -11.05877 1260256288998
123.32245 36.95691 -15.041215 -12.557558 10.3831625 -8.31799 1260256289005
132.20633 27.009064 -17.089153 -12.557558 10.3831625 -8.31799 1260256289021
132.20633 27.009064 -17.089153 2.1331782 -6.5675993 -3.6803513 1260256289029
126.096016 33.40861 -19.084696 2.1331782 -6.5675993 -3.6803513 1260256289040
126.096016 33.40861 -19.084696 -12.648279 -14.198164 -8.247406 1260256289043
120.791214 37.988182 -19.88046 -12.648279 -14.198164 -8.247406 1260256289058
120.791214 37.988182 -19.88046 -18.103779 -16.52291 4.1612096 1260256289064
115.251656 39.238773 -20.186438 -18.103779 -16.52291 4.1612096 1260256289079
115.251656 39.238773 -20.186438 -20.061642 -31.492466 3.5166597 1260256289086
109.68907 40.426834 -20.227116 -20.061642 -31.492466 3.5166597 1260256289098
109.68907 40.426834 -20.227116 -19.982685 -29.629103 5.8362284 1260256289101
104.40462 41.505493 -19.96576 -19.982685 -29.629103 5.8362284 1260256289116
104.40462 41.505493 -19.96576 -15.628505 -17.899021 7.0736475 1260256289124
99.534386 42.63022 -19.717472 -15.628505 -17.899021 7.0736475 1260256289138
99.534386 42.63022 -19.717472 -13.742599 -12.675498 10.363962 1260256289145
95.05766 43.798706 -19.3816 -13.742599 -12.675498 10.363962 1260256289158
95.05766 43.798706 -19.3816 -9.47983 -17.020597 15.535843 1260256289167
91.05478 45.108772 -18.81252 -9.47983 -17.020597 15.535843 1260256289180
91.05478 45.108772 -18.81252 -2.0343032 -24.70253 9.521528 1260256289184
87.80204 46.853333 -18.271893 -2.0343032 -24.70253 9.521528 1260256289198
87.80204 46.853333 -18.271893 3.6625426 -14.155665 -6.7126126 1260256289204
87.46194 50.610664 -17.758297 3.6625426 -14.155665 -6.7126126 1260256289220
87.46194 50.610664 -17.758297 7.6186357 -10.1534195 0.12774801 1260256289227
90.68884 55.83013 -16.820381 7.6186357 -10.1534195 0.12774801 1260256289238
90.68884 55.83013 -16.820381 8.9245615 2.6647215 -11.504658 1260256289241
97.8544 61.538624 -15.579362 8.9245615 2.6647215 -11.504658 1260256289260
97.8544 61.538624 -15.579362 0.32313812 7.4499545 -14.199622 1260256289264
110.36168 49.511692 -14.300394 0.32313812 7.4499545 -14.199622 1260256289278
110.36168 49.511692 -14.300394 -6.7141232 7.020459 -17.464672 1260256289285
106.443596 38.286106 -13.085374 -6.7141232 7.020459 -17.464672 1260256289301
106.443596 38.286106 -13.085374 -1.5784423 -3.7525342 -12.242205 1260256289308
103.97141 27.6718 -12.081105 -1.5784423 -3.7525342 -12.242205 1260256289318
103.97141 27.6718 -12.081105 7.1453886 -3.4428146 -27.776909 1260256289321
101.52284 17.38821 -11.37705 7.1453886 -3.4428146 -27.776909 1260256289341
101.52284 17.38821 -11.37705 9.790175 10.327035 -18.983225 1260256289344
101.1467 23.9188 -11.358198 9.790175 10.327035 -18.983225 1260256289359
101.1467 23.9188 -11.358198 6.5884533 2.0727777 -9.940676 1260256289362
97.639366 26.422861 -11.590288 6.5884533 2.0727777 -9.940676 1260256289376
97.639366 26.422861 -11.590288 3.8951192 -24.289928 2.48799 1260256289380
93.7574 28.101719 -11.660774 3.8951192 -24.289928 2.48799 1260256289396
93.7574 28.101719 -11.660774 2.2079544 -23.162527 5.0600305 1260256289400
90.01953 29.346634 -11.627735 2.2079544 -23.162527 5.0600305 1260256289416
90.01953 29.346634 -11.627735 2.0221848 -15.827539 14.55651 1260256289420
86.46855 30.279303 -11.496348 2.0221848 -15.827539 14.55651 1260256289436
86.46855 30.279303 -11.496348 4.0338526 -12.69751 20.55737 1260256289440
83.245125 31.265337 -11.421531 4.0338526 -12.69751 20.55737 1260256289456
83.245125 31.265337 -11.421531 5.0288916 -15.691432 18.086895 1260256289460
80.48287 32.55207 -11.4004545 5.0288916 -15.691432 18.086895 1260256289476
80.48287 32.55207 -11.4004545 6.215494 -21.242418 9.239329 1260256289479
81.80873 36.274467 -11.030432 6.215494 -21.242418 9.239329 1260256289503
81.80873 36.274467 -11.030432 9.153891 0.5017853 -2.7560532 1260256289506
87.36829 42.060745 -10.12891 9.153891 0.5017853 -2.7560532 1260256289516
87.36829 42.060745 -10.12891 8.142138 2.6927848 -9.732666 1260256289520
94.79988 48.207706 -9.072465 8.142138 2.6927848 -9.732666 1260256289536
94.79988 48.207706 -9.072465 0.568218 3.1853724 -15.622257 1260256289540
102.959885 54.197323 -8.018842 0.568218 3.1853724 -15.622257 1260256289556
102.959885 54.197323 -8.018842 -4.2189856 1.7601976 -23.398521 1260256289560
109.01189 59.537457 -7.1178994 -4.2189856 1.7601976 -23.398521 1260256289576
109.01189 59.537457 -7.1178994 -3.5308497 -8.329072 -26.266079 1260256289580
111.76129 63.510586 -6.6620045 -3.5308497 -8.329072 -26.266079 1260256289598
111.76129 63.510586 -6.6620045 -3.1611795 -16.490353 -4.8306003 1260256289601
108.12323 65.43506 -6.928904 -3.1611795 -16.490353 -4.8306003 1260256289616
108.12323 65.43506 -6.928904 -8.852987 -18.863243 -6.8423 1260256289802
103.617065 64.763306 -7.3824587 -8.852987 -18.863243 -6.8423 1260256289806
103.617065 64.763306 -7.3824587 -14.505627 -25.840826 9.8838 1260256289814
99.33621 63.72514 -7.7133355 -14.505627 -25.840826 9.8838 1260256289821
99.33621 63.72514 -7.7133355 -15.750666 -25.137682 18.022806 1260256289826
95.2694 62.538883 -7.977669 -15.750666 -25.137682 18.022806 1260256289830
95.2694 62.538883 -7.977669 -15.282234 -13.296283 17.202702 1260256289838
91.40593 61.51194 -8.328785 -15.282234 -13.296283 17.202702 1260256289841
91.40593 61.51194 -8.328785 -13.932543 -3.6913004 12.480854 1260256289844
88.235634 61.436344 -9.0623455 -13.932543 -3.6913004 12.480854 1260256289850
88.235634 61.436344 -9.0623455 -7.9829226 -0.4156084 2.0113826 1260256289853
90.223854 64.91453 -9.159228 -7.9829226 -0.4156084 2.0113826 1260256289861
90.223854 64.91453 -9.159228 -4.8601274 -17.356258 -2.6277046 1260256289864
95.262665 68.9188 -8.5012665 -4.8601274 -17.356258 -2.6277046 1260256289868
95.262665 68.9188 -8.5012665 -6.578244 -9.080808 -21.718386 1260256289873
101.59953 72.87286 -7.5762033 -6.578244 -9.080808 -21.718386 1260256289881
101.59953 72.87286 -7.5762033 -4.970484 -8.010773 -23.985603 1260256289885
107.86956 76.37922 -6.647393 -4.970484 -8.010773 -23.985603 1260256289888
107.86956 76.37922 -6.647393 1.4533353 -24.16183 -15.827671 1260256289893
113.32608 78.96026 -6.0150237 1.4533353 -24.16183 -15.827671 1260256289902
113.32608 78.96026 -6.0150237 4.9392996 -13.052667 -21.702286 1260256289911
108.00977 79.91225 -6.0642724 4.9392996 -13.052667 -21.702286 1260256289919
108.00977 79.91225 -6.0642724 0.112440825 -7.3903723 -3.328928 1260256289922
102.80929 78.71664 -6.561059 0.112440825 -7.3903723 -3.328928 1260256289928
102.80929 78.71664 -6.561059 -8.190874 -15.110926 0.47502804 1260256289931
97.96883 76.980804 -6.983006 -8.190874 -15.110926 0.47502804 1260256289934
97.96883 76.980804 -6.983006 -12.808895 -27.464909 16.909853 1260256289943
93.42039 75.231766 -7.3338556 -12.808895 -27.464909 16.909853 1260256289947
93.42039 75.231766 -7.3338556 -14.660412 -16.041826 23.163406 1260256289952
89.24937 73.72018 -7.7171626 -14.660412 -16.041826 23.163406 1260256289962
89.24937 73.72018 -7.7171626 -15.033974 -4.584915 13.286581 1260256289966
86.1869 73.38417 -8.331305 -15.033974 -4.584915 13.286581 1260256289969
86.1869 73.38417 -8.331305 -12.654534 -2.0297337 4.2735987 1260256289979
89.57755 76.36496 -8.21474 -12.654534 -2.0297337 4.2735987 1260256289983
89.57755 76.36496 -8.21474 -10.572064 -17.20501 -10.477528 1260256289989
95.59868 80.09671 -7.5040026 -10.572064 -17.20501 -10.477528 1260256289994
95.59868 80.09671 -7.5040026 -7.0266676 0.22394848 -16.854221 1260256290003
102.41875 83.741875 -6.6288023 -7.0266676 0.22394848 -16.854221 1260256290010
102.41875 83.741875 -6.6288023 1.0657351 -19.585526 -25.584454 1260256290013
108.19781 86.80478 -5.897362 1.0657351 -19.585526 -25.584454 1260256290023
108.19781 86.80478 -5.897362 6.534607 -2.5524864 -12.512733 1260256290027
111.13792 88.41454 -5.802494 6.534607 -2.5524864 -12.512733 1260256290040
111.13792 88.41454 -5.802494 3.727843 -14.43661 2.212973 1260256290047
105.93102 86.793816 -6.762369 3.727843 -14.43661 2.212973 1260256290057
105.93102 86.793816 -6.762369 -9.135637 -0.11292362 7.377379 1260256290062
118.484474 84.354126 -7.724251 -9.135637 -0.11292362 7.377379 1260256290081
118.484474 84.354126 -7.724251 -16.922813 -14.548378 9.724443 1260256290084
130.21025 82.63642 -8.388039 -16.922813 -14.548378 9.724443 1260256290098
130.21025 82.63642 -8.388039 -14.877766 -21.565811 6.7073793 1260256290105
140.59973 82.3546 -8.4686365 -14.877766 -21.565811 6.7073793 1260256290121
140.59973 82.3546 -8.4686365 -11.52038 -25.301207 -1.476501 1260256290129
147.41974 83.43687 -8.045205 -11.52038 -25.301207 -1.476501 1260256290138
147.41974 83.43687 -8.045205 -9.59413 -32.92418 -5.5964746 1260256290141
152.94875 85.16502 -7.392945 -9.59413 -32.92418 -5.5964746 1260256290156
152.94875 85.16502 -7.392945 -6.1480722 -21.583904 -17.1828 1260256290164
158.30132 87.006775 -6.6232977 -6.1480722 -21.583904 -17.1828 1260256290183
158.30132 87.006775 -6.6232977 0.40828204 -15.874287 -9.0135765 1260256290187
162.93625 88.806435 -5.9921327 0.40828204 -15.874287 -9.0135765 1260256290197
162.93625 88.806435 -5.9921327 5.3864613 -27.971596 -6.767897 1260256290201
165.78943 90.21611 -5.842526 5.3864613 -27.971596 -6.767897 1260256290221
165.78943 90.21611 -5.842526 3.1585257 -24.232601 -14.036697 1260256290224
159.29996 91.60531 -6.7003994 3.1585257 -24.232601 -14.036697 1260256290238
159.29996 91.60531 -6.7003994 -9.582691 -7.7854247 -11.176101 1260256290245
151.68495 88.875046 -8.96538 -9.582691 -7.7854247 -11.176101 1260256290265
151.68495 88.875046 -8.96538 -14.710491 -15.626033 -3.6990454 1260256290268
161.5507 84.631294 -11.567111 -14.710491 -15.626033 -3.6990454 1260256290277
161.5507 84.631294 -11.567111 -5.5957804 -2.9704938 2.246377 1260256290281
170.82317 79.74973 -13.588756 -5.5957804 -2.9704938 2.246377 1260256290301
170.82317 79.74973 -13.588756 -24.298676 13.58174 9.868644 1260256290304
179.33202 74.86224 -15.409318 -24.298676 13.58174 9.868644 1260256290323
179.33202 74.86224 -15.409318 -19.595577 11.760395 4.4915657 1260256290327
186.76541 70.41913 -17.388851 -19.595577 11.760395 4.4915657 1260256290338
186.76541 70.41913 -17.388851 -6.590126 -4.4957066 10.580758 1260256290342
194.22714 67.49817 -20.11941 -6.590126 -4.4957066 10.580758 1260256290360
194.22714 67.49817 -20.11941 -23.865234 6.602439 3.1487124 1260256290363
184.96579 70.67326 -20.96344 -23.865234 6.602439 3.1487124 1260256290381
184.96579 70.67326 -20.96344 -18.686932 -22.54787 -4.2995925 1260256290554
192.3675 73.0896 -20.415268 -18.686932 -22.54787 -4.2995925 1260256290567
192.3675 73.0896 -20.415268 -14.076662 -13.301775 -10.521185 1260256290570
196.69911 75.43512 -19.244505 -14.076662 -13.301775 -10.521185 1260256290581
196.69911 75.43512 -19.244505 -2.4222445 -26.485325 -5.847638 1260256290587
200.76416 77.66336 -17.88228 -2.4222445 -26.485325 -5.847638 1260256290591
200.76416 77.66336 -17.88228 12.345547 -34.976063 -18.881859 1260256290594
204.37595 79.730194 -16.588167 12.345547 -34.976063 -18.881859 1260256290601
204.37595 79.730194 -16.588167 11.667859 -16.588585 -11.193472 1260256290605
207.95715 81.44369 -15.508759 11.667859 -16.588585 -11.193472 1260256290609
207.95715 81.44369 -15.508759 0.1309725 -20.43819 -19.224415 1260256290614
214.5593 82.7715 -14.78332 0.1309725 -20.43819 -19.224415 1260256290622
214.5593 82.7715 -14.78332 -8.015061 -27.172165 -8.558056 1260256290626
205.58133 83.78293 -14.444155 -8.015061 -27.172165 -8.558056 1260256290629
205.58133 83.78293 -14.444155 -11.1942 -22.126755 -1.1433892 1260256290634
197.05226 85.043785 -14.671947 -11.1942 -22.126755 -1.1433892 1260256290640
197.05226 85.043785 -14.671947 -11.605275 -6.9386296 4.423875 1260256290646
188.24965 83.24159 -15.938349 -11.605275 -6.9386296 4.423875 1260256290649
188.24965 83.24159 -15.938349 -1.8754871 -14.621052 0.7023439 1260256290653
196.48717 79.57951 -18.441431 -1.8754871 -14.621052 0.7023439 1260256290663
196.48717 79.57951 -18.441431 -1.3270819 7.4557734 -2.431073 1260256290672
203.11281 74.80054 -20.569359 -1.3270819 7.4557734 -2.431073 1260256290680
203.11281 74.80054 -20.569359 -16.569681 7.625924 2.0253718 1260256290684
208.35716 70.01051 -22.59089 -16.569681 7.625924 2.0253718 1260256290688
208.35716 70.01051 -22.59089 -3.5533605 -3.944225 -1.5568411 1260256290693
213.0393 65.65999 -24.811346 -3.5533605 -3.944225 -1.5568411 1260256290700
213.0393 65.65999 -24.811346 -8.645012 0.79187393 -5.780547 1260256290705
217.93735 62.07699 -27.520779 -8.645012 0.79187393 -5.780547 1260256290709
217.93735 62.07699 -27.520779 -20.543783 8.172241 -2.8082602 1260256290714
223.19048 59.423138 -30.14474 -20.543783 8.172241 -2.8082602 1260256290722
223.19048 59.423138 -30.14474 -4.978797 -4.943102 -1.8772912 1260256290731
228.73096 64.05198 -31.737503 -4.978797 -4.943102 -1.8772912 1260256290739
228.73096 64.05198 -31.737503 -16.159328 -16.095493 2.962447 1260256290742
233.99442 67.39938 -32.150627 -16.159328 -16.095493 2.962447 1260256290746
233.99442 67.39938 -32.150627 -17.370514 -2.9423246 -1.4991891 1260256290752
238.3447 69.729416 -31.743095 -17.370514 -2.9423246 -1.4991891 1260256290763
238.3447 69.729416 -31.743095 -11.294329 -24.02306 6.8067665 1260256290767
241.82747 71.542946 -30.95594 -11.294329 -24.02306 6.8067665 1260256290778
241.82747 71.542946 -30.95594 -2.1463346 -29.433702 -7.864152 1260256290783
244.58609 73.1658 -30.108143 -2.1463346 -29.433702 -7.864152 1260256290789
244.58609 73.1658 -30.108143 3.0205646 -17.901348 -3.063674 1260256290799
246.60678 74.757515 -29.302736 3.0205646 -17.901348 -3.063674 1260256290809
246.60678 74.757515 -29.302736 1.842072 -19.557484 -5.8260174 1260256290812
247.67644 76.36964 -28.6376 1.842072 -19.557484 -5.8260174 1260256290822
247.67644 76.36964 -28.6376 -3.1781251 -31.27353 -6.9928517 1260256290825
247.69261 77.90115 -28.05572 -3.1781251 -31.27353 -6.9928517 1260256290838
247.69261 77.90115 -28.05572 -8.445239 -26.558548 6.795759 1260256290845
246.75798 77.6561 -27.502934 -8.445239 -26.558548 6.795759 1260256290861
246.75798 77.6561 -27.502934 -12.334592 -25.677853 4.7696996 1260256290868
244.77008 77.323296 -27.027786 -12.334592 -25.677853 4.7696996 1260256290879
244.77008 77.323296 -27.027786 -14.451437 -24.664116 2.5541396 1260256290882
241.83157 76.75713 -26.726397 -14.451437 -24.664116 2.5541396 1260256290896
241.83157 76.75713 -26.726397 -14.741626 -22.05707 2.6769617 1260256290904
237.39 75.71928 -26.690077 -14.741626 -22.05707 2.6769617 1260256290923
237.39 75.71928 -26.690077 -14.688817 -12.340759 4.0614514 1260256290926
231.3705 74.18331 -26.705572 -14.688817 -12.340759 4.0614514 1260256290938
231.3705 74.18331 -26.705572 -14.308315 2.294025 5.2505074 1260256290941
