266.18048 41.392242 9.198765 8.686063 -4.147916 14.133295 1260256373708
266.18048 41.392242 9.198765 5.097254 -2.0836067 14.209248 1260256373711
265.12146 41.82263 9.638826 5.097254 -2.0836067 14.209248 1260256373719
265.12146 41.82263 9.638826 1.2552922 -0.22713375 11.611507 1260256373722
264.01538 42.3315 10.106885 1.2552922 -0.22713375 11.611507 1260256373729
264.01538 42.3315 10.106885 -2.432618 0.77922726 6.682602 1260256373732
263.2146 42.764927 10.601541 -2.432618 0.77922726 6.682602 1260256373740
263.2146 42.764927 10.601541 -4.86756 -0.3944397 5.317277 1260256373742
262.40387 43.126682 11.221463 -4.86756 -0.3944397 5.317277 1260256373746
262.40387 43.126682 11.221463 -4.7158113 -2.0810142 7.6229753 1260256373750
262.08368 43.37035 12.01039 -4.7158113 -2.0810142 7.6229753 1260256373754
262.08368 43.37035 12.01039 0.09886789 -2.9238462 12.397759 1260256373763
262.1295 43.50183 12.959871 0.09886789 -2.9238462 12.397759 1260256373767
262.1295 43.50183 12.959871 9.437239 -3.3703146 12.943196 1260256373772
262.37302 43.52674 14.061877 9.437239 -3.3703146 12.943196 1260256373778
262.37302 43.52674 14.061877 15.451921 -2.5394096 4.816172 1260256373781
263.20438 43.350403 15.258783 15.451921 -2.5394096 4.816172 1260256373787
263.20438 43.350403 15.258783 9.308573 0.5175338 -3.56839 1260256373790
265.99417 42.782883 16.595844 9.308573 0.5175338 -3.56839 1260256373793
265.99417 42.782883 16.595844 -3.5978336 5.93112 0.8747337 1260256373800
252.84447 40.84374 18.066051 -3.5978336 5.93112 0.8747337 1260256373804
252.84447 40.84374 18.066051 -4.056238 -0.21543252 -4.164174 1260256373810
241.70224 36.751553 18.11275 -4.056238 -0.21543252 -4.164174 1260256373812
241.70224 36.751553 18.11275 -5.1002607 10.88591 7.3008633 1260256373821
231.51712 33.063976 17.007113 -5.1002607 10.88591 7.3008633 1260256373824
231.51712 33.063976 17.007113 -9.890108 -5.4803615 5.950724 1260256373828
221.84126 30.510777 15.156756 -9.890108 -5.4803615 5.950724 1260256373866
221.84126 30.510777 15.156756 1.1961339 11.235544 4.814299 1260256373869
212.6992 29.235237 12.748919 1.1961339 11.235544 4.814299 1260256373872
212.6992 29.235237 12.748919 -6.910732 6.5349126 7.800725 1260256373880
204.51424 29.223475 10.361472 -6.910732 6.5349126 7.800725 1260256373883
204.51424 29.223475 10.361472 -20.289434 -2.4938574 17.246855 1260256373889
197.58853 30.1123 8.293399 -20.289434 -2.4938574 17.246855 1260256373893
197.58853 30.1123 8.293399 -3.8524075 -8.66275 9.686674 1260256373901
192.3591 31.806686 6.778729 -3.8524075 -8.66275 9.686674 1260256373904
192.3591 31.806686 6.778729 -4.8606253 -26.219927 13.228752 1260256373908
189.44115 35.21635 5.9897923 -4.8606253 -26.219927 13.228752 1260256373913
189.44115 35.21635 5.9897923 -6.552533 -17.032513 -8.643645 1260256373920
188.51909 38.905533 5.9903026 -6.552533 -17.032513 -8.643645 1260256373925
188.51909 38.905533 5.9903026 -0.5820341 -28.306805 -3.0306602 1260256373928
188.94313 43.310257 6.540787 -0.5820341 -28.306805 -3.0306602 1260256373938
188.94313 43.310257 6.540787 7.8903284 -8.567793 -2.3089566 1260256373942
190.14598 48.094746 7.313748 7.8903284 -8.567793 -2.3089566 1260256373950
190.14598 48.094746 7.313748 14.519903 -2.80766 -13.660387 1260256373953
191.98868 53.140007 8.19806 14.519903 -2.80766 -13.660387 1260256373961
191.98868 53.140007 8.19806 14.455803 -9.05593 -6.1549273 1260256373964
194.58925 58.383007 9.088157 14.455803 -9.05593 -6.1549273 1260256373970
194.58925 58.383007 9.088157 6.533063 -12.281049 -3.637787 1260256373973
201.35979 46.563854 9.833749 6.533063 -12.281049 -3.637787 1260256373981
201.35979 46.563854 9.833749 -2.5895662 -5.069717 4.7034235 1260256373985
196.6418 38.085663 8.592061 -2.5895662 -5.069717 4.7034235 1260256373994
196.6418 38.085663 8.592061 6.623134 -1.7059914 -7.224431 1260256374001
204.35971 29.081379 5.662458 6.623134 -1.7059914 -7.224431 1260256374007
204.35971 29.081379 5.662458 -8.369533 9.230032 -6.181023 1260256374010
195.34172 36.12731 2.2793348 -8.369533 9.230032 -6.181023 1260256374019
195.34172 36.12731 2.2793348 2.7286344 8.901052 -2.3090577 1260256374023
190.42464 40.870945 0.76536804 2.7286344 8.901052 -2.3090577 1260256374031
190.42464 40.870945 0.76536804 1.4230471 -8.257267 -12.348513 1260256374034
188.0534 44.527397 0.22709964 1.4230471 -8.257267 -12.348513 1260256374044
188.0534 44.527397 0.22709964 -0.7899811 -21.275928 1.6268106 1260256374048
186.95073 47.751026 -0.03425534 -0.7899811 -21.275928 1.6268106 1260256374063
186.95073 47.751026 -0.03425534 -2.1743836 -15.4151 -15.026716 1260256374067
187.55319 50.713474 0.06745743 -2.1743836 -15.4151 -15.026716 1260256374078
187.55319 50.713474 0.06745743 1.5867652 -27.113497 1.8800778 1260256374082
189.37553 53.477802 0.46408457 1.5867652 -27.113497 1.8800778 1260256374100
189.37553 53.477802 0.46408457 7.41024 -19.2204 -13.467821 1260256374103
190.00676 56.053913 0.7908803 7.41024 -19.2204 -13.467821 1260256374269
190.00676 56.053913 0.7908803 8.9969635 -10.724178 2.37404 1260256374282
191.15642 58.551216 1.3513364 8.9969635 -10.724178 2.37404 1260256374286
191.15642 58.551216 1.3513364 11.866787 -19.688007 -2.9358363 1260256374289
197.8986 59.323654 2.0837696 11.866787 -19.688007 -2.9358363 1260256374294
197.8986 59.323654 2.0837696 10.295659 -9.601098 4.8576965 1260256374301
205.95367 59.40747 2.979581 10.295659 -9.601098 4.8576965 1260256374306
205.95367 59.40747 2.979581 2.343516 -4.72312 10.091116 1260256374309
196.90599 54.587097 4.2306023 2.343516 -4.72312 10.091116 1260256374313
196.90599 54.587097 4.2306023 -8.534627 9.251906 1.9339769 1260256374320
195.7607 58.257744 4.119072 -8.534627 9.251906 1.9339769 1260256374323
195.7607 58.257744 4.119072 -7.9207835 -13.833421 -2.4455152 1260256374329
195.42267 61.444855 4.113118 -7.9207835 -13.833421 -2.4455152 1260256374332
195.42267 61.444855 4.113118 -7.0571747 -1.9696007 -8.0519705 1260256374340
195.45154 64.47261 4.1074624 -7.0571747 -1.9696007 -8.0519705 1260256374343
195.45154 64.47261 4.1074624 -6.753377 -25.807175 -9.55326 1260256374347
195.52896 67.39898 4.1020894 -6.753377 -25.807175 -9.55326 1260256374354
195.52896 67.39898 4.1020894 -6.3828063 -9.453424 -11.649614 1260256374366
195.70251 70.22903 4.146985 -6.3828063 -9.453424 -11.649614 1260256374369
195.70251 70.22903 4.146985 -6.2998977 -26.964703 -14.397132 1260256374374
195.0174 73.01758 4.0396357 -6.2998977 -26.964703 -14.397132 1260256374380
195.0174 73.01758 4.0396357 -7.1198535 -7.366146 -5.792826 1260256374386
192.56653 75.7667 3.3876538 -7.1198535 -7.366146 -5.792826 1260256374389
192.56653 75.7667 3.3876538 -4.389331 -13.717932 -16.562323 1260256374393
187.4382 78.32837 1.6682711 -4.389331 -13.717932 -16.562323 1260256374400
187.4382 78.32837 1.6682711 5.653755 -8.308516 -1.4919229 1260256374403
179.2663 74.86195 -1.2151425 5.653755 -8.308516 -1.4919229 1260256374413
179.2663 74.86195 -1.2151425 -15.833436 3.726832 7.251013 1260256374422
171.10298 70.46886 -3.0043855 -15.833436 3.726832 7.251013 1260256374426
171.10298 70.46886 -3.0043855 -9.866753 -6.2604694 8.765507 1260256374431
163.34784 66.39542 -4.3041663 -9.866753 -6.2604694 8.765507 1260256374440
163.34784 66.39542 -4.3041663 -0.41694736 7.868236 20.261307 1260256374448
155.98045 62.825645 -5.538958 -0.41694736 7.868236 20.261307 1260256374451
155.98045 62.825645 -5.538958 -4.639093 2.1038866 27.053701 1260256374459
149.03143 59.784363 -6.9620104 -4.639093 2.1038866 27.053701 1260256374468
149.03143 59.784363 -6.9620104 -19.650978 0.23982543 12.523554 1260256374471
142.57986 57.245144 -8.71391 -19.650978 0.23982543 12.523554 1260256374482
142.57986 57.245144 -8.71391 -22.53453 -10.086958 11.846161 1260256374486
136.70087 55.182888 -10.828215 -22.53453 -10.086958 11.846161 1260256374498
136.70087 55.182888 -10.828215 -8.860598 2.907174 12.82491 1260256374506
131.66582 53.673744 -13.286804 -8.860598 2.907174 12.82491 1260256374518
131.66582 53.673744 -13.286804 -25.710716 -6.7338243 -1.0843806 1260256374521
128.23253 58.090057 -15.222465 -25.710716 -6.7338243 -1.0843806 1260256374539
128.23253 58.090057 -15.222465 -21.830147 -23.157324 -1.4806783 1260256374542
127.020905 61.785553 -16.261341 -21.830147 -23.157324 -1.4806783 1260256374563
127.020905 61.785553 -16.261341 -8.40172 -8.474685 -11.652744 1260256374567
127.91986 65.24628 -16.448275 -8.40172 -8.474685 -11.652744 1260256374578
127.91986 65.24628 -16.448275 -1.8615818 -25.664831 -8.814716 1260256374583
130.47386 68.633965 -15.975861 -1.8615818 -25.664831 -8.814716 1260256374598
130.47386 68.633965 -15.975861 -0.67478085 -15.977476 -27.09215 1260256374601
133.85017 72.05227 -15.177068 -0.67478085 -15.977476 -27.09215 1260256374621
133.85017 72.05227 -15.177068 -4.975417 -22.88245 -14.062161 1260256374625
137.45767 75.49966 -14.268214 -4.975417 -22.88245 -14.062161 1260256374638
137.45767 75.49966 -14.268214 -7.958946 -21.613546 -26.526133 1260256374647
140.78479 78.82468 -13.404803 -7.958946 -21.613546 -26.526133 1260256374657
140.78479 78.82468 -13.404803 -5.475735 -16.450663 -30.995815 1260256374662
143.14555 82.03344 -12.784563 -5.475735 -16.450663 -30.995815 1260256374677
143.14555 82.03344 -12.784563 -2.4618685 -19.573679 -12.866134 1260256374680
143.83827 85.231766 -12.595335 -2.4618685 -19.573679 -12.866134 1260256374702
143.83827 85.231766 -12.595335 -3.607176 -8.308571 -26.722527 1260256374706
141.99635 88.37018 -13.215569 -3.607176 -8.308571 -26.722527 1260256374718
141.99635 88.37018 -13.215569 -13.007149 -12.856072 -5.1805944 1260256374723
137.59654 91.70167 -15.3047905 -13.007149 -12.856072 -5.1805944 1260256374738
137.59654 91.70167 -15.3047905 -15.844445 -0.6458893 1.687675 1260256374743
131.96672 87.91659 -17.83955 -15.844445 -0.6458893 1.687675 1260256374760
131.96672 87.91659 -17.83955 -8.018194 -4.419422 10.518116 1260256374764
125.96838 83.97076 -19.447573 -8.018194 -4.419422 10.518116 1260256374780
125.96838 83.97076 -19.447573 -24.313524 -11.068165 9.800514 1260256374783
120.019966 80.122215 -20.525194 -24.313524 -11.068165 9.800514 1260256374798
120.019966 80.122215 -20.525194 -30.367395 5.9992633 23.51044 1260256374803
114.21897 76.616104 -21.298935 -30.367395 5.9992633 23.51044 1260256374818
114.21897 76.616104 -21.298935 -26.494617 -15.393273 24.755672 1260256374821
108.858025 73.6353 -22.133987 -26.494617 -15.393273 24.755672 1260256374842
108.858025 73.6353 -22.133987 -16.910683 0.95713997 23.726511 1260256374849
104.215126 71.35353 -23.077288 -16.910683 0.95713997 23.726511 1260256374858
104.215126 71.35353 -23.077288 -7.5232134 -19.245506 17.509823 1260256374863
101.60437 70.13586 -23.923424 -7.5232134 -19.245506 17.509823 1260256375039
101.60437 70.13586 -23.923424 -3.10526 -22.261227 6.0746584 1260256375048
103.42415 72.77906 -23.727253 -3.10526 -22.261227 6.0746584 1260256375051
103.42415 72.77906 -23.727253 3.6870713 -10.051451 -8.87511 1260256375059
107.75294 75.89011 -22.49089 3.6870713 -10.051451 -8.87511 1260256375062
107.75294 75.89011 -22.49089 5.0639 -20.55059 -23.503958 1260256375069
113.51529 79.3956 -20.816345 5.0639 -20.55059 -23.503958 1260256375071
113.51529 79.3956 -20.816345 -3.7569222 -8.576839 -20.199541 1260256375080
119.739525 83.02582 -19.075527 -3.7569222 -8.576839 -20.199541 1260256375083
119.739525 83.02582 -19.075527 5.132027 -23.892166 -23.38076 1260256375086
125.30255 86.52453 -17.521751 5.132027 -23.892166 -23.38076 1260256375090
125.30255 86.52453 -17.521751 14.687832 -1.9426413 -22.193436 1260256375098
128.48743 89.8983 -16.595663 14.687832 -1.9426413 -22.193436 1260256375103
128.48743 89.8983 -16.595663 7.968844 -17.007025 -13.9442005 1260256375106
125.71306 92.603386 -17.81588 7.968844 -17.007025 -13.9442005 1260256375110
125.71306 92.603386 -17.81588 2.2772431 4.2844706 -4.8225603 1260256375118
119.9774 89.22321 -19.175085 2.2772431 4.2844706 -4.8225603 1260256375121
119.9774 89.22321 -19.175085 -14.3573065 -16.013927 11.841244 1260256375127
114.07853 86.012054 -19.966331 -14.3573065 -16.013927 11.841244 1260256375132
114.07853 86.012054 -19.966331 -23.462666 -1.5837908 16.323164 1260256375143
108.3746 83.21145 -20.518015 -23.462666 -1.5837908 16.323164 1260256375147
108.3746 83.21145 -20.518015 -25.348598 -24.62442 20.963642 1260256375152
103.05587 81.00088 -20.942114 -25.348598 -24.62442 20.963642 1260256375158
103.05587 81.00088 -20.942114 -21.598812 -11.009037 12.479973 1260256375163
99.05308 79.90083 -21.245008 -21.598812 -11.009037 12.479973 1260256375167
99.05308 79.90083 -21.245008 -15.287634 -6.500477 6.088642 1260256375172
102.600426 81.90579 -20.632757 -15.287634 -6.500477 6.088642 1260256375178
102.600426 81.90579 -20.632757 -12.017805 -15.596592 -9.328288 1260256375185
108.7704 85.110504 -19.10112 -12.017805 -15.596592 -9.328288 1260256375188
108.7704 85.110504 -19.10112 0.80223536 -8.335334 -24.969664 1260256375192
116.48188 88.70498 -17.346064 0.80223536 -8.335334 -24.969664 1260256375203
116.48188 88.70498 -17.346064 16.233856 -15.709197 -20.27087 1260256375208
124.00779 92.16973 -15.62876 16.233856 -15.709197 -20.27087 1260256375213
124.00779 92.16973 -15.62876 4.904308 1.2246432 -12.933517 1260256375223
128.7574 94.81124 -14.497322 4.904308 1.2246432 -12.933517 1260256375226
128.7574 94.81124 -14.497322 -7.8637 -11.159186 -11.269078 1260256375233
122.66953 92.37068 -15.322456 -7.8637 -11.159186 -11.269078 1260256375244
122.66953 92.37068 -15.322456 -7.8392897 3.5824547 6.510997 1260256375247
134.18605 89.05215 -16.006334 -7.8392897 3.5824547 6.510997 1260256375260
134.18605 89.05215 -16.006334 -5.7544575 -16.250738 8.968285 1260256375268
145.02675 85.99954 -16.606018 -5.7544575 -16.250738 8.968285 1260256375278
145.02675 85.99954 -16.606018 -3.2860203 -2.0115519 19.943201 1260256375281
155.37541 83.64957 -17.075718 -3.2860203 -2.0115519 19.943201 1260256375296
155.37541 83.64957 -17.075718 -0.63019466 -23.596588 15.338522 1260256375304
147.65665 82.567085 -17.371931 -0.63019466 -23.596588 15.338522 1260256375318
147.65665 82.567085 -17.371931 2.4025064 -24.600376 5.561978 1260256375324
149.67381 83.788734 -17.003334 2.4025064 -24.600376 5.561978 1260256375341
149.67381 83.788734 -17.003334 6.0527873 -26.701488 -3.2004976 1260256375349
152.59012 85.7993 -16.053167 6.0527873 -26.701488 -3.2004976 1260256375359
152.59012 85.7993 -16.053167 4.0244675 -8.784233 -6.425824 1260256375362
155.96062 88.35934 -14.8005085 4.0244675 -8.784233 -6.425824 1260256375378
155.96062 88.35934 -14.8005085 -4.698086 -17.78413 -20.06236 1260256375385
159.56259 91.09137 -13.510483 -4.698086 -17.78413 -20.06236 1260256375400
159.56259 91.09137 -13.510483 -4.5326834 -10.55115 -18.931196 1260256375407
163.23447 93.9368 -12.184958 -4.5326834 -10.55115 -18.931196 1260256375417
163.23447 93.9368 -12.184958 6.126772 -2.926118 -0.62959576 1260256375421
166.62274 96.68996 -10.975711 6.126772 -2.926118 -0.62959576 1260256375441
166.62274 96.68996 -10.975711 10.942177 -9.182845 -4.468349 1260256375444
167.5916 97.65546 -10.526925 10.942177 -9.182845 -4.468349 1260256375458
167.5916 97.65546 -10.526925 8.675255 0.8608006 3.4398613 1260256375464
159.31201 94.42268 -11.350579 8.675255 0.8608006 3.4398613 1260256375485
159.31201 94.42268 -11.350579 6.805358 -4.5247464 6.9638524 1260256375489
169.04642 91.90155 -11.833051 6.805358 -4.5247464 6.9638524 1260256375498
169.04642 91.90155 -11.833051 1.6834464 -2.3724427 3.3886113 1260256375501
177.8441 89.956474 -12.141398 1.6834464 -2.3724427 3.3886113 1260256375520
177.8441 89.956474 -12.141398 -1.775393 -23.667532 5.939288 1260256375523
185.9019 88.15865 -12.434328 -1.775393 -23.667532 5.939288 1260256375541
185.9019 88.15865 -12.434328 -5.138544 -18.62927 20.101734 1260256375544
192.1568 87.00072 -12.462612 -5.138544 -18.62927 20.101734 1260256375558
192.1568 87.00072 -12.462612 -3.1391969 -8.144785 11.960832 1260256375562
194.04897 87.75068 -11.789481 -3.1391969 -8.144785 11.960832 1260256375580
194.04897 87.75068 -11.789481 7.074739 -10.518404 4.1322446 1260256375584
196.74652 90.113144 -10.500007 7.074739 -10.518404 4.1322446 1260256375598
196.74652 90.113144 -10.500007 12.421127 -19.21462 -7.888047 1260256375604
199.80919 92.85748 -9.175006 12.421127 -19.21462 -7.888047 1260256375624
199.80919 92.85748 -9.175006 3.4752164 -2.7809668 -18.78463 1260256375628
202.16873 95.16461 -8.116256 3.4752164 -2.7809668 -18.78463 1260256375802
202.16873 95.16461 -8.116256 -4.234654 -24.462975 -19.769762 1260256375811
203.86029 96.80638 -7.410443 -4.234654 -24.462975 -19.769762 1260256375820
203.86029 96.80638 -7.410443 -5.9914656 -25.580486 -18.779293 1260256375824
205.01727 97.56606 -7.1399207 -5.9914656 -25.580486 -18.779293 1260256375828
205.01727 97.56606 -7.1399207 -8.195925 -21.09151 -15.60725 1260256375833
207.0664 97.68776 -7.1329246 -8.195925 -21.09151 -15.60725 1260256375842
207.0664 97.68776 -7.1329246 -10.357338 -20.477901 -9.221206 1260256375845
212.51309 96.75337 -7.2762785 -10.357338 -20.477901 -9.221206 1260256375848
212.51309 96.75337 -7.2762785 -11.928003 -26.605679 -2.7799206 1260256375854
202.38744 95.215706 -7.712465 -11.928003 -26.605679 -2.7799206 1260256375860
202.38744 95.215706 -7.712465 -14.687078 -24.266968 5.8232713 1260256375866
193.11806 92.70492 -8.776841 -14.687078 -24.266968 5.8232713 1260256375869
193.11806 92.70492 -8.776841 -12.506966 0.20745182 6.7417493 1260256375873
183.86215 88.51967 -10.387999 -12.506966 0.20745182 6.7417493 1260256375881
183.86215 88.51967 -10.387999 0.24167776 -7.044271 4.057721 1260256375883
174.86905 82.84368 -11.518599 0.24167776 -7.044271 4.057721 1260256375890
174.86905 82.84368 -11.518599 0.24955177 -2.7418003 12.731929 1260256375892
183.9256 76.7015 -12.592669 0.24955177 -2.7418003 12.731929 1260256375903
183.9256 76.7015 -12.592669 -9.778313 1.7172766 11.796997 1260256375907
191.42932 70.56642 -13.963035 -9.778313 1.7172766 11.796997 1260256375914
191.42932 70.56642 -13.963035 -20.003262 1.7653618 4.519919 1260256375920
198.75786 58.8881 -16.864883 -20.003262 1.7653618 4.519919 1260256375926
198.75786 58.8881 -16.864883 -3.6943483 -3.1357863 1.4049373 1260256375929
191.66997 63.643696 -18.171638 -3.6943483 -3.1357863 1.4049373 1260256375938
191.66997 63.643696 -18.171638 -5.9622 -14.955774 -5.016977 1260256375941
189.98647 67.01151 -18.213057 -5.9622 -14.955774 -5.016977 1260256375947
189.98647 67.01151 -18.213057 -2.142941 -9.509662 -17.677471 1260256375950
191.63715 69.76094 -17.752403 -2.142941 -9.509662 -17.677471 1260256375962
191.63715 69.76094 -17.752403 4.349008 -29.530111 -10.486575 1260256375966
194.45529 72.4229 -16.814783 4.349008 -29.530111 -10.486575 1260256375970
194.45529 72.4229 -16.814783 9.472202 -21.464577 -10.616425 1260256375978
197.43253 74.85175 -15.724044 9.472202 -21.464577 -10.616425 1260256375983
197.43253 74.85175 -15.724044 2.241496 -14.983579 -20.343971 1260256375986
199.3609 77.20917 -14.837842 2.241496 -14.983579 -20.343971 1260256375993
199.3609 77.20917 -14.837842 -6.946376 -25.495436 -8.331087 1260256376000
199.44286 79.34871 -14.39595 -6.946376 -25.495436 -8.331087 1260256376008
199.44286 79.34871 -14.39595 -10.917437 -4.786415 -4.9700317 1260256376011
193.2707 81.581276 -15.076153 -10.917437 -4.786415 -4.9700317 1260256376021
193.2707 81.581276 -15.076153 -9.506301 -5.5989633 -10.18405 1260256376024
201.05717 77.552216 -17.672346 -9.506301 -5.5989633 -10.18405 1260256376042
201.05717 77.552216 -17.672346 3.7387524 -8.316334 0.2185278 1260256376046
207.65431 72.2246 -18.838728 3.7387524 -8.316334 0.2185278 1260256376058
207.65431 72.2246 -18.838728 -6.4861364 4.630353 -3.9921312 1260256376068
213.5716 66.81337 -19.69679 -6.4861364 4.630353 -3.9921312 1260256376078
213.5716 66.81337 -19.69679 -14.931169 14.815437 2.7379818 1260256376081
218.59302 61.7727 -21.011951 -14.931169 14.815437 2.7379818 1260256376100
218.59302 61.7727 -21.011951 -17.927519 16.117931 3.2353292 1260256376103
223.31337 57.584064 -23.261354 -17.927519 16.117931 3.2353292 1260256376123
223.31337 57.584064 -23.261354 -4.0282154 -2.9396353 1.0257789 1260256376127
228.5477 45.75486 -26.348288 -4.0282154 -2.9396353 1.0257789 1260256376138
228.5477 45.75486 -26.348288 -25.164751 -9.356032 -2.0723763 1260256376143
234.02031 51.517117 -28.330873 -25.164751 -9.356032 -2.0723763 1260256376158
234.02031 51.517117 -28.330873 -15.368394 -15.066493 -6.9246025 1260256376162
236.6693 56.04126 -29.36433 -15.368394 -15.066493 -6.9246025 1260256376181
236.6693 56.04126 -29.36433 -5.748641 -6.951547 -8.251748 1260256376185
237.98582 59.6392 -29.646114 -5.748641 -6.951547 -8.251748 1260256376198
237.98582 59.6392 -29.646114 -2.556407 -17.130636 -1.9740589 1260256376203
239.08653 62.707237 -29.663809 -2.556407 -17.130636 -1.9740589 1260256376217
239.08653 62.707237 -29.663809 -1.147974 -17.223875 -4.4503536 1260256376221
239.78221 65.57188 -29.680618 -1.147974 -17.223875 -4.4503536 1260256376239
239.78221 65.57188 -29.680618 -1.4465189 -23.089632 -0.12992263 1260256376243
239.9431 68.29328 -29.696587 -1.4465189 -23.089632 -0.12992263 1260256376262
239.9431 68.29328 -29.696587 -1.5310869 -12.57254 -1.7094936 1260256376266
239.69594 67.978615 -29.611757 -1.5310869 -12.57254 -1.7094936 1260256376278
239.69594 67.978615 -29.611757 -1.307456 -11.404402 -0.47706246 1260256376283
239.06114 67.72968 -29.481169 -1.307456 -11.404402 -0.47706246 1260256376297
239.06114 67.72968 -29.481169 -0.8529148 -10.008561 0.55536413 1260256376301
238.05809 67.5432 -29.30711 -0.8529148 -10.008561 0.55536413 1260256376321
238.05809 67.5432 -29.30711 -0.21979809 -8.151624 2.0210564 1260256376325
236.75519 67.31604 -29.091755 -0.21979809 -8.151624 2.0210564 1260256376338
236.75519 67.31604 -29.091755 -0.22064495 -5.7769594 4.2407427 1260256376343
235.16743 66.95024 -28.937168 -0.22064495 -5.7769594 4.2407427 1260256376358
235.16743 66.95024 -28.937168 -0.34385967 -4.477483 7.878371 1260256376364
