135.96811 32.705524 31.948503 5.9888697 -7.1965175 -4.167698 1260256625088
135.96811 32.705524 31.948503 10.233454 -10.382135 7.9272566 1260256625091
132.2197 30.420248 31.251078 10.233454 -10.382135 7.9272566 1260256625099
132.2197 30.420248 31.251078 0.7617285 9.93962 12.218283 1260256625102
128.80872 27.649235 29.638523 0.7617285 9.93962 12.218283 1260256625106
128.80872 27.649235 29.638523 -9.755024 -0.95399857 11.709282 1260256625109
125.66828 24.916773 27.456596 -9.755024 -0.95399857 11.709282 1260256625114
125.66828 24.916773 27.456596 3.3500075 9.209897 7.1285586 1260256625122
122.634865 23.270935 24.533766 3.3500075 9.209897 7.1285586 1260256625126
122.634865 23.270935 24.533766 -14.691701 11.798758 12.442142 1260256625130
119.453125 23.057388 21.507078 -14.691701 11.798758 12.442142 1260256625134
119.453125 23.057388 21.507078 -6.9347925 2.177248 18.903183 1260256625141
116.58047 23.95452 19.031725 -6.9347925 2.177248 18.903183 1260256625149
116.58047 23.95452 19.031725 -9.611213 -6.8676996 17.634367 1260256625153
114.35144 25.756794 17.030138 -9.611213 -6.8676996 17.634367 1260256625183
114.35144 25.756794 17.030138 -19.659454 -30.73338 7.972286 1260256625188
113.08387 28.268953 15.628631 -19.659454 -30.73338 7.972286 1260256625193
113.08387 28.268953 15.628631 -4.576152 -27.45687 13.650834 1260256625200
112.87968 31.505507 14.797199 -4.576152 -27.45687 13.650834 1260256625205
112.87968 31.505507 14.797199 7.251397 -26.047113 -7.4420795 1260256625208
113.43569 35.480232 14.2573395 7.251397 -26.047113 -7.4420795 1260256625214
113.43569 35.480232 14.2573395 11.295662 -12.862713 -7.136106 1260256625220
114.713905 40.20622 13.9944725 11.295662 -12.862713 -7.136106 1260256625228
114.713905 40.20622 13.9944725 12.58791 -20.083206 -12.917646 1260256625231
116.72821 45.84591 13.794749 12.58791 -20.083206 -12.917646 1260256625242
116.72821 45.84591 13.794749 11.573768 -15.784426 -13.248975 1260256625246
116.8918 34.80361 13.105012 11.573768 -15.784426 -13.248975 1260256625252
116.8918 34.80361 13.105012 4.9862466 3.3136218 -18.919006 1260256625258
117.99721 26.163431 11.849761 4.9862466 3.3136218 -18.919006 1260256625263
117.99721 26.163431 11.849761 -8.697931 -1.1317434 -3.81386 1260256625266
118.997345 18.855259 10.157273 -8.697931 -1.1317434 -3.81386 1260256625274
118.997345 18.855259 10.157273 -11.020999 10.06403 -11.168059 1260256625280
120.39748 11.562496 7.8494096 -11.020999 10.06403 -11.168059 1260256625289
120.39748 11.562496 7.8494096 2.7309365 17.841972 -0.8885008 1260256625292
130.1776 10.084372 3.8569388 2.7309365 17.841972 -0.8885008 1260256625302
130.1776 10.084372 3.8569388 -16.043577 9.069977 6.7040415 1260256625309
124.768715 16.580153 1.3140918 -16.043577 9.069977 6.7040415 1260256625321
124.768715 16.580153 1.3140918 0.5303049 -0.25935793 -4.3243375 1260256625324
121.43028 21.451145 0.4483872 0.5303049 -0.25935793 -4.3243375 1260256625338
121.43028 21.451145 0.4483872 -0.77748346 -22.050375 -13.158962 1260256625347
118.70877 25.828588 0.37596783 -0.77748346 -22.050375 -13.158962 1260256625358
118.70877 25.828588 0.37596783 3.176064 -30.51275 -1.2304478 1260256625361
116.77333 30.437159 0.80716944 3.176064 -30.51275 -1.2304478 1260256625382
116.77333 30.437159 0.80716944 11.723398 -16.752232 -8.680661 1260256625387
115.43466 35.1153 1.566811 11.723398 -16.752232 -8.680661 1260256625405
115.43466 35.1153 1.566811 16.814402 -16.523655 -12.999707 1260256625413
116.162926 39.909534 2.3884704 16.814402 -16.523655 -12.999707 1260256625424
116.162926 39.909534 2.3884704 13.93482 -25.541935 -9.5161915 1260256625432
118.75478 44.86406 3.2690468 13.93482 -25.541935 -9.5161915 1260256625446
118.75478 44.86406 3.2690468 5.9867334 -20.980276 -20.127457 1260256625449
121.417046 49.770855 4.1555943 5.9867334 -20.980276 -20.127457 1260256625461
121.417046 49.770855 4.1555943 -2.4902344 -5.1954136 -16.244518 1260256625464
124.146194 54.682312 4.9478145 -2.4902344 -5.1954136 -16.244518 1260256625480
124.146194 54.682312 4.9478145 -6.1926837 4.2265744 -8.279605 1260256625490
135.18889 43.198196 5.750424 -6.1926837 4.2265744 -8.279605 1260256625504
135.18889 43.198196 5.750424 -4.1330953 7.1385756 3.7977355 1260256625507
132.87944 38.78829 4.7129025 -4.1330953 7.1385756 3.7977355 1260256625521
132.87944 38.78829 4.7129025 -10.8896265 -5.7840734 2.6719193 1260256625530
128.53546 36.598873 3.5772574 -10.8896265 -5.7840734 2.6719193 1260256625544
128.53546 36.598873 3.5772574 -5.9608555 9.252466 1.6107035 1260256625548
124.45869 37.91893 3.3483946 -5.9608555 9.252466 1.6107035 1260256625563
124.45869 37.91893 3.3483946 -2.1756887 -9.478279 -5.6420403 1260256625571
121.585754 40.922985 3.5809748 -2.1756887 -9.478279 -5.6420403 1260256625752
121.585754 40.922985 3.5809748 -1.7443061 -15.825006 8.662073 1260256625763
119.85647 44.226837 3.901926 -1.7443061 -15.825006 8.662073 1260256625769
119.85647 44.226837 3.901926 -2.9401007 -23.538698 -11.902163 1260256625773
119.61365 47.915497 4.40683 -2.9401007 -23.538698 -11.902163 1260256625781
119.61365 47.915497 4.40683 -3.8570528 -13.594187 -7.585189 1260256625784
120.23296 51.919724 4.9864883 -3.8570528 -13.594187 -7.585189 1260256625788
120.23296 51.919724 4.9864883 -4.1630855 -25.143272 -11.03565 1260256625793
121.621315 56.373737 5.437164 -4.1630855 -25.143272 -11.03565 1260256625800
121.621315 56.373737 5.437164 -3.6184022 -8.087441 -5.2883368 1260256625806
123.59025 61.10505 5.8653054 -3.6184022 -8.087441 -5.2883368 1260256625809
123.59025 61.10505 5.8653054 -0.8716328 3.3339014 -12.260694 1260256625812
125.410736 65.9498 6.07204 -0.8716328 3.3339014 -12.260694 1260256625823
125.410736 65.9498 6.07204 -0.37857962 -3.786631 -18.2967 1260256625828
122.6402 71.35231 5.668438 -0.37857962 -3.786631 -18.2967 1260256625831
122.6402 71.35231 5.668438 -5.910958 -8.411112 -11.187466 1260256625834
127.25819 60.284695 2.685016 -5.910958 -8.411112 -11.187466 1260256625844
127.25819 60.284695 2.685016 1.0653422 7.4633436 6.04786 1260256625850
124.29528 56.52046 0.60076505 1.0653422 7.4633436 6.04786 1260256625853
124.29528 56.52046 0.60076505 -1.0798068 2.9596252 15.926157 1260256625862
121.03052 53.844437 -0.9292732 -1.0798068 2.9596252 15.926157 1260256625868
121.03052 53.844437 -0.9292732 -17.4131 3.2246146 11.113668 1260256625880
117.52899 52.002216 -2.2328095 -17.4131 3.2246146 11.113668 1260256625885
117.52899 52.002216 -2.2328095 -19.661236 -17.592428 23.196213 1260256625888
113.952545 50.952106 -3.3211691 -19.661236 -17.592428 23.196213 1260256625891
113.952545 50.952106 -3.3211691 -10.181018 -21.04507 14.09004 1260256625902
110.55492 51.0045 -4.3051105 -10.181018 -21.04507 14.09004 1260256625908
110.55492 51.0045 -4.3051105 -0.9444723 -27.167643 9.402708 1260256625911
108.32717 53.654278 -4.789855 -0.9444723 -27.167643 9.402708 1260256625922
108.32717 53.654278 -4.789855 4.2543693 -20.252651 -2.465137 1260256625925
108.76081 57.071564 -4.5003624 4.2543693 -20.252651 -2.465137 1260256625933
108.76081 57.071564 -4.5003624 10.098117 -26.890896 -15.4071 1260256625944
111.72277 61.067986 -3.6753442 10.098117 -26.890896 -15.4071 1260256625947
111.72277 61.067986 -3.6753442 11.224032 -11.22122 -20.06478 1260256625951
115.83663 65.26459 -2.691577 11.224032 -11.22122 -20.06478 1260256625967
115.83663 65.26459 -2.691577 4.740249 -24.712471 -18.172169 1260256625971
119.7948 69.40136 -1.7069981 4.740249 -24.712471 -18.172169 1260256625974
119.7948 69.40136 -1.7069981 -2.1363277 -16.67414 -22.360783 1260256625981
122.50506 73.43129 -1.0216482 -2.1363277 -16.67414 -22.360783 1260256625987
122.50506 73.43129 -1.0216482 -4.940393 0.4874916 -16.411316 1260256625994
119.77981 76.80972 -1.9205657 -4.940393 0.4874916 -16.411316 1260256626002
119.77981 76.80972 -1.9205657 -11.018133 -13.067389 -4.3600216 1260256626006
116.19082 73.26923 -3.3745375 -11.018133 -13.067389 -4.3600216 1260256626013
116.19082 73.26923 -3.3745375 -2.8726017 7.3318243 13.6584835 1260256626019
112.931274 70.105774 -4.1558104 -2.8726017 7.3318243 13.6584835 1260256626028
112.931274 70.105774 -4.1558104 2.1917052 -11.533993 14.56932 1260256626031
109.83471 67.50049 -4.79802 2.1917052 -11.533993 14.56932 1260256626041
109.83471 67.50049 -4.79802 3.1990838 2.626318 20.73437 1260256626048
106.84297 65.57546 -5.508119 3.1990838 2.626318 20.73437 1260256626061
106.84297 65.57546 -5.508119 -0.2657609 -14.626266 11.566006 1260256626064
103.95082 64.24669 -6.432713 -0.2657609 -14.626266 11.566006 1260256626078
103.95082 64.24669 -6.432713 -9.632126 -22.157293 14.567153 1260256626087
100.803276 62.884354 -7.8110776 -9.632126 -22.157293 14.567153 1260256626098
100.803276 62.884354 -7.8110776 -19.95176 -11.396927 10.675873 1260256626101
97.46311 61.390137 -9.470524 -19.95176 -11.396927 10.675873 1260256626119
97.46311 61.390137 -9.470524 -11.714817 -0.3469658 8.505635 1260256626122
94.039955 60.02063 -11.296998 -11.714817 -0.3469658 8.505635 1260256626136
94.039955 60.02063 -11.296998 -4.902339 -7.9215364 5.6380434 1260256626146
91.18796 59.419598 -12.782148 -4.902339 -7.9215364 5.6380434 1260256626159
91.18796 59.419598 -12.782148 -15.854801 -18.161043 -6.5546455 1260256626167
90.07856 62.49862 -13.493041 -15.854801 -18.161043 -6.5546455 1260256626178
90.07856 62.49862 -13.493041 -18.446575 -16.870806 -0.5679908 1260256626181
91.57463 65.62369 -13.468389 -18.446575 -16.870806 -0.5679908 1260256626201
91.57463 65.62369 -13.468389 -14.144926 -27.098438 -21.35817 1260256626205
95.0459 68.8925 -12.894969 -14.144926 -27.098438 -21.35817 1260256626218
95.0459 68.8925 -12.894969 -4.538279 -23.552313 -13.208721 1260256626227
99.1436 72.24788 -12.150221 -4.538279 -23.552313 -13.208721 1260256626240
99.1436 72.24788 -12.150221 5.2418823 -24.261885 -33.970207 1260256626246
102.93642 75.535484 -11.39271 5.2418823 -24.261885 -33.970207 1260256626259
102.93642 75.535484 -11.39271 10.590012 -22.997288 -20.3941 1260256626263
105.98959 78.75871 -10.773074 10.590012 -22.997288 -20.3941 1260256626285
105.98959 78.75871 -10.773074 9.994269 -15.769042 -19.354717 1260256626292
107.24011 81.92078 -10.53442 9.994269 -15.769042 -19.354717 1260256626301
107.24011 81.92078 -10.53442 6.460828 -15.562442 -21.207443 1260256626304
105.878105 85.12474 -11.007699 6.460828 -15.562442 -21.207443 1260256626317
105.878105 85.12474 -11.007699 4.392001 -5.7365465 -11.745228 1260256626321
101.7842 88.718506 -12.657314 4.392001 -5.7365465 -11.745228 1260256626507
101.7842 88.718506 -12.657314 -8.953266 -11.243633 0.04588175 1260256626513
96.744995 92.78258 -15.824449 -8.953266 -11.243633 0.04588175 1260256626523
96.744995 92.78258 -15.824449 -8.749396 7.9339085 -2.6467233 1260256626527
92.30775 88.54345 -18.833225 -8.749396 7.9339085 -2.6467233 1260256626531
92.30775 88.54345 -18.833225 -10.450217 -6.832244 10.4906025 1260256626539
88.79236 85.46628 -20.491564 -10.450217 -6.832244 10.4906025 1260256626544
88.79236 85.46628 -20.491564 -20.22197 -0.14195538 6.1422634 1260256626548
85.90274 83.592964 -20.966986 -20.22197 -0.14195538 6.1422634 1260256626551
85.90274 83.592964 -20.966986 -17.157063 -22.312046 9.820214 1260256626560
83.25761 82.36332 -20.818636 -17.157063 -22.312046 9.820214 1260256626563
83.25761 82.36332 -20.818636 -16.101894 -26.144148 6.7059984 1260256626569
80.74473 81.59515 -20.377705 -16.101894 -26.144148 6.7059984 1260256626572
80.74473 81.59515 -20.377705 -15.416292 -24.217186 9.405696 1260256626580
78.557495 80.96539 -19.808819 -15.416292 -24.217186 9.405696 1260256626583
78.557495 80.96539 -19.808819 -12.219 -17.471144 12.198999 1260256626587
76.62962 80.36713 -19.368378 -12.219 -17.471144 12.198999 1260256626592
76.62962 80.36713 -19.368378 -8.727581 -9.888786 8.506245 1260256626598
75.348145 80.09877 -18.949959 -8.727581 -9.888786 8.506245 1260256626606
75.348145 80.09877 -18.949959 -3.9106708 -4.924283 2.6086001 1260256626610
76.63074 82.093834 -18.452461 -3.9106708 -4.924283 2.6086001 1260256626620
76.63074 82.093834 -18.452461 2.1419969 -13.285334 3.2401419 1260256626626
80.2992 85.73914 -17.479837 2.1419969 -13.285334 3.2401419 1260256626629
80.2992 85.73914 -17.479837 9.834094 1.808219 -14.090246 1260256626632
86.03424 89.75219 -16.305845 9.834094 1.808219 -14.090246 1260256626641
86.03424 89.75219 -16.305845 7.6275063 -14.433056 -18.306807 1260256626644
91.932526 93.76458 -15.240553 7.6275063 -14.433056 -18.306807 1260256626650
91.932526 93.76458 -15.240553 -2.1955276 0.072133064 -32.69968 1260256626653
95.1859 96.97635 -14.428525 -2.1955276 0.072133064 -32.69968 1260256626663
95.1859 96.97635 -14.428525 -8.869402 -11.642644 -16.980453 1260256626667
95.3766 98.32753 -14.107099 -8.869402 -11.642644 -16.980453 1260256626670
95.3766 98.32753 -14.107099 -11.933965 -5.607978 -9.00019 1260256626682
92.70777 97.21115 -14.001743 -11.933965 -5.607978 -9.00019 1260256626686
92.70777 97.21115 -14.001743 -13.741897 -20.560656 1.421928 1260256626689
89.672386 95.35059 -13.801656 -13.741897 -20.560656 1.421928 1260256626702
89.672386 95.35059 -13.801656 -13.938972 -31.669353 13.972606 1260256626711
86.788765 93.33306 -13.461573 -13.938972 -31.669353 13.972606 1260256626714
86.788765 93.33306 -13.461573 -11.134096 -16.138279 20.341698 1260256626724
84.14933 91.46641 -13.088494 -11.134096 -16.138279 20.341698 1260256626732
84.14933 91.46641 -13.088494 -7.4344807 -16.840004 5.535047 1260256626739
82.04186 90.24309 -12.834069 -7.4344807 -16.840004 5.535047 1260256626747
82.04186 90.24309 -12.834069 -4.907684 -22.04765 -0.34165573 1260256626752
83.08977 91.730934 -12.542366 -4.907684 -22.04765 -0.34165573 1260256626765
83.08977 91.730934 -12.542366 -1.0178497 -3.1893835 -12.931645 1260256626769
87.38528 95.244385 -11.765247 -1.0178497 -3.1893835 -12.931645 1260256626788
87.38528 95.244385 -11.765247 7.882216 -13.090857 -10.896786 1260256626791
93.766014 98.93217 -10.826985 7.882216 -13.090857 -10.896786 1260256626799
93.766014 98.93217 -10.826985 12.276167 5.532989 -21.651176 1260256626802
98.77771 102.03556 -9.9356365 12.276167 5.532989 -21.651176 1260256626818
98.77771 102.03556 -9.9356365 7.624511 -16.997318 -21.881365 1260256626822
101.83882 103.933784 -9.138855 7.624511 -16.997318 -21.881365 1260256626841
101.83882 103.933784 -9.138855 -1.0887194 -8.569576 -3.9242735 1260256626848
100.49688 103.787094 -8.931912 -1.0887194 -8.569576 -3.9242735 1260256626858
100.49688 103.787094 -8.931912 -5.7265205 -11.465196 6.288823 1260256626861
97.22204 101.397736 -9.035316 -5.7265205 -11.465196 6.288823 1260256626876
97.22204 101.397736 -9.035316 -6.5267563 -19.34692 1.5819125 1260256626884
93.810936 98.42785 -9.183551 -6.5267563 -19.34692 1.5819125 1260256626898
93.810936 98.42785 -9.183551 -5.310401 -1.1311111 15.140417 1260256626905
90.67039 95.95646 -9.474373 -5.310401 -1.1311111 15.140417 1260256626917
90.67039 95.95646 -9.474373 -1.8841097 -16.435442 6.766219 1260256626927
92.13687 97.108635 -9.150654 -1.8841097 -16.435442 6.766219 1260256626940
92.13687 97.108635 -9.150654 -3.0206473 -9.879532 5.1829643 1260256626943
96.18003 99.1032 -8.443121 -3.0206473 -9.879532 5.1829643 1260256626961
96.18003 99.1032 -8.443121 -6.5815682 -1.4006605 -12.73488 1260256626968
100.27103 100.79804 -7.6709647 -6.5815682 -1.4006605 -12.73488 1260256626985
100.27103 100.79804 -7.6709647 -7.0757065 -18.671984 -13.221186 1260256626989
103.857475 102.00814 -6.9874163 -7.0757065 -18.671984 -13.221186 1260256627000
103.857475 102.00814 -6.9874163 -3.729883 -29.179699 -12.527157 1260256627009
104.5646 102.55773 -6.5380454 -3.729883 -29.179699 -12.527157 1260256627023
104.5646 102.55773 -6.5380454 -1.5717354 -29.202055 -12.620497 1260256627030
102.48637 102.42985 -6.561143 -1.5717354 -29.202055 -12.620497 1260256627043
102.48637 102.42985 -6.561143 -4.609513 -25.417387 -5.093342 1260256627047
99.112045 100.258354 -7.433086 -4.609513 -25.417387 -5.093342 1260256627058
99.112045 100.258354 -7.433086 -13.248718 -6.4461546 7.34301 1260256627061
95.30644 96.79543 -8.761432 -13.248718 -6.4461546 7.34301 1260256627079
95.30644 96.79543 -8.761432 -11.714104 -10.632865 12.92351 1260256627082
91.44112 93.00566 -10.17336 -11.714104 -10.632865 12.92351 1260256627269
91.44112 93.00566 -10.17336 1.3170881 6.0201426 4.083913 1260256627282
88.41906 91.055374 -11.314692 1.3170881 6.0201426 4.083913 1260256627286
88.41906 91.055374 -11.314692 5.2736015 -6.531565 -1.2726853 1260256627289
88.2981 91.95261 -11.098957 5.2736015 -6.531565 -1.2726853 1260256627298
88.2981 91.95261 -11.098957 8.045133 -6.0085993 -4.9878387 1260256627301
91.0832 93.05498 -10.39401 8.045133 -6.0085993 -4.9878387 1260256627308
91.0832 93.05498 -10.39401 9.142009 -10.259947 -10.818348 1260256627311
94.52904 94.20223 -9.62431 9.142009 -10.259947 -10.818348 1260256627319
94.52904 94.20223 -9.62431 3.9991326 -21.768578 -20.12413 1260256627322
97.40259 95.24212 -8.893094 3.9991326 -21.768578 -20.12413 1260256627326
97.40259 95.24212 -8.893094 -2.8573039 -29.831802 -14.261007 1260256627329
98.782455 96.13001 -8.348439 -2.8573039 -29.831802 -14.261007 1260256627334
98.782455 96.13001 -8.348439 -8.067782 -26.503822 -5.9435315 1260256627343
98.043335 96.87351 -8.431017 -8.067782 -26.503822 -5.9435315 1260256627347
98.043335 96.87351 -8.431017 -10.365235 -16.438711 0.74154735 1260256627352
95.241165 94.92984 -9.559466 -10.365235 -16.438711 0.74154735 1260256627358
95.241165 94.92984 -9.559466 -2.2661924 -12.034609 -6.6260366 1260256627364
91.57911 91.03335 -11.081493 -2.2661924 -12.034609 -6.6260366 1260256627369
91.57911 91.03335 -11.081493 5.405339 -2.633659 3.9147599 1260256627373
87.85015 86.53168 -12.577418 5.405339 -2.633659 3.9147599 1260256627383
87.85015 86.53168 -12.577418 -4.357814 9.5435505 6.2093215 1260256627389
84.70764 84.0051 -13.698547 -4.357814 9.5435505 6.2093215 1260256627392
84.70764 84.0051 -13.698547 -12.182065 -10.597156 0.47761703 1260256627401
84.62226 84.80484 -13.06362 -12.182065 -10.597156 0.47761703 1260256627404
84.62226 84.80484 -13.06362 -4.824517 -11.728028 -10.668453 1260256627407
86.791145 86.014595 -12.110438 -4.824517 -11.728028 -10.668453 1260256627414
86.791145 86.014595 -12.110438 6.3171268 -9.556068 -9.386349 1260256627422
89.101585 87.163864 -11.254916 6.3171268 -9.556068 -9.386349 1260256627426
89.101585 87.163864 -11.254916 11.637913 -14.525937 -5.53727 1260256627429
91.496506 88.45567 -10.39217 11.637913 -14.525937 -5.53727 1260256627450
91.496506 88.45567 -10.39217 10.126078 -24.20752 -12.803627 1260256627473
92.52168 89.58289 -9.922562 10.126078 -24.20752 -12.803627 1260256627481
92.52168 89.58289 -9.922562 4.3660297 -24.335476 -5.284427 1260256627485
92.1956 90.753746 -10.026434 4.3660297 -24.335476 -5.284427 1260256627488
92.1956 90.753746 -10.026434 3.408488 -12.467631 4.2591505 1260256627493
90.78582 91.816055 -10.575112 3.408488 -12.467631 4.2591505 1260256627506
90.78582 91.816055 -10.575112 6.9169927 1.1840196 2.6798024 1260256627510
88.29653 87.925255 -11.646357 6.9169927 1.1840196 2.6798024 1260256627518
88.29653 87.925255 -11.646357 5.427038 -0.7042004 9.541727 1260256627521
86.3317 82.67899 -12.364038 5.427038 -0.7042004 9.541727 1260256627527
86.3317 82.67899 -12.364038 -1.7217606 -5.8227987 12.27541 1260256627530
84.46512 77.445045 -13.195837 -1.7217606 -5.8227987 12.27541 1260256627543
84.46512 77.445045 -13.195837 -11.122189 -4.501781 5.08688 1260256627546
81.941864 72.57279 -14.536045 -11.122189 -4.501781 5.08688 1260256627550
81.941864 72.57279 -14.536045 -17.039436 7.255705 12.171101 1260256627561
77.94477 68.344154 -16.809242 -17.039436 7.255705 12.171101 1260256627568
77.94477 68.344154 -16.809242 -2.6471004 9.674995 2.7851772 1260256627583
91.19753 64.77695 -19.91878 -2.6471004 9.674995 2.7851772 1260256627589
91.19753 64.77695 -19.91878 -22.635487 -8.358754 0.78338754 1260256627592
104.28766 62.1381 -22.82284 -22.635487 -8.358754 0.78338754 1260256627601
104.28766 62.1381 -22.82284 -8.12085 3.0928483 -4.2175236 1260256627604
99.473274 66.5312 -24.681698 -8.12085 3.0928483 -4.2175236 1260256627616
99.473274 66.5312 -24.681698 -10.547071 -3.3530211 -8.109784 1260256627624
95.49961 69.65464 -25.397614 -10.547071 -3.3530211 -8.109784 1260256627646
95.49961 69.65464 -25.397614 -14.551409 -19.976707 6.5480056 1260256627650
106.02463 71.82191 -25.277733 -14.551409 -19.976707 6.5480056 1260256627662
106.02463 71.82191 -25.277733 -10.25555 -25.075464 -9.653282 1260256627671
114.2734 73.58081 -24.863846 -10.25555 -25.075464 -9.653282 1260256627683
114.2734 73.58081 -24.863846 -4.5743895 -14.345737 -2.7695405 1260256627689
121.70973 73.55177 -24.420654 -4.5743895 -14.345737 -2.7695405 1260256627701
121.70973 73.55177 -24.420654 -0.82893753 -15.236426 -0.7797172 1260256627708
127.92425 73.42419 -24.149622 -0.82893753 -15.236426 -0.7797172 1260256627717
127.92425 73.42419 -24.149622 -0.2887535 -15.992975 0.537513 1260256627727
130.77803 73.102974 -24.042141 -0.2887535 -15.992975 0.537513 1260256627738
130.77803 73.102974 -24.042141 -1.1422281 -16.837273 -0.49411035 1260256627741
131.73914 72.747826 -24.040033 -1.1422281 -16.837273 -0.49411035 1260256627761
131.73914 72.747826 -24.040033 -1.2416687 -18.137142 -2.0280252 1260256627764
132.25218 72.41043 -24.038033 -1.2416687 -18.137142 -2.0280252 1260256627783
132.25218 72.41043 -24.038033 -0.61974907 -19.610237 -2.20464 1260256627786
132.28957 71.93991 -24.08613 -0.61974907 -19.610237 -2.20464 1260256627797
132.28957 71.93991 -24.08613 -0.028543472 -20.717815 -1.6100552 1260256627801
132.1751 71.392914 -24.131824 -0.028543472 -20.717815 -1.6100552 1260256627819
132.1751 71.392914 -24.131824 1.223167 -21.711077 0.44701958 1260256627822
131.76634 70.573265 -24.225233 1.223167 -21.711077 0.44701958 1260256627843
131.76634 70.573265 -24.225233 1.6883111 -20.98838 5.7173367 1260256627847
