182.59666 28.668104 21.112345 14.293558 3.107555 8.563698 1260256450803
182.59666 28.668104 21.112345 12.108583 0.45024967 12.285082 1260256450809
183.21683 28.684698 21.806728 12.108583 0.45024967 12.285082 1260256450812
183.21683 28.684698 21.806728 7.0273046 -0.4897275 14.85417 1260256450989
183.706 29.000463 22.616392 7.0273046 -0.4897275 14.85417 1260256450994
183.706 29.000463 22.616392 0.27068424 0.80008316 11.308069 1260256451002
185.02069 29.50044 23.885572 0.27068424 0.80008316 11.308069 1260256451006
185.02069 29.50044 23.885572 -2.8488393 3.7890491 1.1806651 1260256451010
186.06966 30.02542 25.041294 -2.8488393 3.7890491 1.1806651 1260256451018
186.06966 30.02542 25.041294 5.928861 3.7163095 3.8747082 1260256451021
187.31618 30.324148 26.33923 5.928861 3.7163095 3.8747082 1260256451030
187.31618 30.324148 26.33923 15.980626 3.4803967 3.570713 1260256451034
189.70036 30.207941 28.122269 15.980626 3.4803967 3.570713 1260256451065
189.70036 30.207941 28.122269 7.858825 5.7978225 -3.1246507 1260256451072
193.01535 29.597544 30.266155 7.858825 5.7978225 -3.1246507 1260256451078
193.01535 29.597544 30.266155 -3.5641336 7.7305202 -0.28690124 1260256451084
201.11458 27.167667 31.602848 -3.5641336 7.7305202 -0.28690124 1260256451088
201.11458 27.167667 31.602848 4.940242 -7.5374413 -2.7305436 1260256451091
193.35886 23.409285 30.372705 4.940242 -7.5374413 -2.7305436 1260256451099
193.35886 23.409285 30.372705 -7.772859 13.812992 2.8591325 1260256451103
186.69092 21.03882 28.05407 -7.772859 13.812992 2.8591325 1260256451109
186.69092 21.03882 28.05407 -0.43306708 -4.021201 13.921156 1260256451112
180.65637 20.33688 25.451366 -0.43306708 -4.021201 13.921156 1260256451120
180.65637 20.33688 25.451366 -2.3781788 -11.373079 13.047889 1260256451123
175.37355 21.170036 23.078798 -2.3781788 -11.373079 13.047889 1260256451129
175.37355 21.170036 23.078798 -14.889146 -17.251719 14.88389 1260256451133
171.00487 23.161535 21.174858 -14.889146 -17.251719 14.88389 1260256451141
171.00487 23.161535 21.174858 1.5832772 -9.471598 11.0474205 1260256451145
167.65462 26.003458 19.766115 1.5832772 -9.471598 11.0474205 1260256451149
167.65462 26.003458 19.766115 4.984251 -30.363516 6.729881 1260256451154
165.52188 29.553286 18.97781 4.984251 -30.363516 6.729881 1260256451163
165.52188 29.553286 18.97781 2.6018605 -12.270748 -5.2753944 1260256451167
164.69579 33.825623 18.72892 2.6018605 -12.270748 -5.2753944 1260256451170
164.69579 33.825623 18.72892 3.4379308 -23.397532 -13.502677 1260256451178
164.961 38.68434 18.842474 3.4379308 -23.397532 -13.502677 1260256451181
164.961 38.68434 18.842474 5.2016726 -19.335995 -2.8787446 1260256451190
166.21295 44.100124 19.05035 5.2016726 -19.335995 -2.8787446 1260256451193
166.21295 44.100124 19.05035 6.2313766 -7.1858506 1.4051714 1260256451203
170.10231 50.245117 19.347832 6.2313766 -7.1858506 1.4051714 1260256451207
170.10231 50.245117 19.347832 7.475706 -1.2986723 2.7771034 1260256451213
165.94719 40.23286 18.68044 7.475706 -1.2986723 2.7771034 1260256451221
165.94719 40.23286 18.68044 -1.2408282 -3.66268 -11.294098 1260256451224
163.49983 32.17122 17.196419 -1.2408282 -3.66268 -11.294098 1260256451228
163.49983 32.17122 17.196419 -10.67936 -2.645431 -2.9023051 1260256451233
165.92484 23.062658 14.836597 -10.67936 -2.645431 -2.9023051 1260256451239
165.92484 23.062658 14.836597 5.1018667 11.02808 -0.3979318 1260256451245
161.22859 28.659525 12.844768 5.1018667 11.02808 -0.3979318 1260256451248
161.22859 28.659525 12.844768 -0.76638436 -2.0247114 -13.295058 1260256451251
158.66716 32.87655 11.902529 -0.76638436 -2.0247114 -13.295058 1260256451259
158.66716 32.87655 11.902529 -7.563723 -23.701439 -4.817374 1260256451262
156.8838 36.532722 11.407402 -7.563723 -23.701439 -4.817374 1260256451268
156.8838 36.532722 11.407402 -8.068066 -13.028232 -4.5584006 1260256451271
155.73961 39.906086 11.237032 -8.068066 -13.028232 -4.5584006 1260256451279
155.73961 39.906086 11.237032 -5.947175 -34.456146 -6.8948693 1260256451284
155.85263 43.310783 11.32518 -5.947175 -34.456146 -6.8948693 1260256451287
155.85263 43.310783 11.32518 -3.715365 -17.96987 -3.0738304 1260256451299
155.86 46.595245 11.458921 -3.715365 -17.96987 -3.0738304 1260256451304
155.86 46.595245 11.458921 -3.768035 -24.85571 -8.739951 1260256451308
155.467 49.715485 11.485975 -3.768035 -24.85571 -8.739951 1260256451311
155.467 49.715485 11.485975 -5.6349154 -8.348207 0.40724778 1260256451319
154.74365 52.62971 11.661676 -5.6349154 -8.348207 0.40724778 1260256451328
154.74365 52.62971 11.661676 -6.0706735 -12.798601 -5.3241787 1260256451331
148.75647 49.048225 12.328592 -6.0706735 -12.798601 -5.3241787 1260256451334
148.75647 49.048225 12.328592 -1.777138 9.602512 4.3871217 1260256451345
144.66864 42.495815 11.712163 -1.777138 9.602512 4.3871217 1260256451351
144.66864 42.495815 11.712163 -7.416938 13.78319 1.0732659 1260256451354
142.68521 34.921024 10.976555 -7.416938 13.78319 1.0732659 1260256451365
142.68521 34.921024 10.976555 -9.934431 6.249345 -0.76560366 1260256451369
142.50095 39.22497 10.527727 -9.934431 6.249345 -0.76560366 1260256451385
142.50095 39.22497 10.527727 -8.501738 -15.497032 -3.562754 1260256451388
142.47589 42.913723 10.251341 -8.501738 -15.497032 -3.562754 1260256451397
142.47589 42.913723 10.251341 -5.9150195 -5.80686 -9.243087 1260256451401
142.2021 46.168037 9.988773 -5.9150195 -5.80686 -9.243087 1260256451420
142.2021 46.168037 9.988773 -3.6043153 -27.536274 -1.4327512 1260256451424
142.092 49.209637 9.8393345 -3.6043153 -27.536274 -1.4327512 1260256451438
142.092 49.209637 9.8393345 -1.4275193 -12.201062 -10.35607 1260256451445
142.2374 52.199154 9.847367 -1.4275193 -12.201062 -10.35607 1260256451461
142.2374 52.199154 9.847367 -1.0635934 -25.628826 -1.8396609 1260256451468
142.27553 55.089195 9.904999 -1.0635934 -25.628826 -1.8396609 1260256451478
142.27553 55.089195 9.904999 -2.3480995 -1.2659044 -4.438768 1260256451481
143.01175 58.134735 10.259748 -2.3480995 -1.2659044 -4.438768 1260256451664
143.01175 58.134735 10.259748 -5.1942186 -16.159561 -2.215014 1260256451668
147.11116 62.528 11.446761 -5.1942186 -16.159561 -2.215014 1260256451673
147.11116 62.528 11.446761 -6.857986 0.99806166 1.9253681 1260256451679
157.15561 50.801598 12.224423 -6.857986 0.99806166 1.9253681 1260256451688
157.15561 50.801598 12.224423 -1.4882717 -4.4337854 4.518567 1260256451691
165.14783 39.261517 12.413202 -1.4882717 -4.4337854 4.518567 1260256451700
165.14783 39.261517 12.413202 -0.20125425 -9.772414 -4.3725796 1260256451703
162.84044 44.098442 11.392542 -0.20125425 -9.772414 -4.3725796 1260256451709
162.84044 44.098442 11.392542 -9.787047 -4.9902215 -0.0911746 1260256451712
158.64842 45.19352 9.9229145 -9.787047 -4.9902215 -0.0911746 1260256451720
158.64842 45.19352 9.9229145 -8.073803 -19.361279 -0.14179897 1260256451723
153.666 45.233845 8.376769 -8.073803 -19.361279 -0.14179897 1260256451727
153.666 45.233845 8.376769 1.5037837 -23.04775 9.81003 1260256451732
148.3827 44.522152 6.7579308 1.5037837 -23.04775 9.81003 1260256451738
148.3827 44.522152 6.7579308 -5.4903965 -17.52717 26.163734 1260256451743
143.06357 43.346043 5.2700343 -5.4903965 -17.52717 26.163734 1260256451747
143.06357 43.346043 5.2700343 -17.958542 -3.0574336 25.555233 1260256451751
138.01039 42.07874 3.8065326 -17.958542 -3.0574336 25.555233 1260256451759
138.01039 42.07874 3.8065326 -13.088436 3.7189279 17.705894 1260256451762
135.60988 43.1248 2.816206 -13.088436 3.7189279 17.705894 1260256451770
135.60988 43.1248 2.816206 0.9535613 0.39634132 -3.1884737 1260256451774
138.42938 47.018562 3.5753958 0.9535613 0.39634132 -3.1884737 1260256451785
138.42938 47.018562 3.5753958 0.103125095 -12.852764 3.0134745 1260256451789
141.95792 51.317635 4.546626 0.103125095 -12.852764 3.0134745 1260256451794
141.95792 51.317635 4.546626 -2.119997 -22.907928 -11.684234 1260256451803
145.16002 55.401752 5.419295 -2.119997 -22.907928 -11.684234 1260256451806
145.16002 55.401752 5.419295 -0.73684454 -4.156459 -7.5973516 1260256451812
147.40202 58.231667 6.19833 -0.73684454 -4.156459 -7.5973516 1260256451817
147.40202 58.231667 6.19833 1.5665962 -15.826672 -1.5972832 1260256451823
141.88193 54.97008 4.5884132 1.5665962 -15.826672 -1.5972832 1260256451829
141.88193 54.97008 4.5884132 -14.233119 10.971052 9.053351 1260256451841
136.63783 51.671577 2.7089925 -14.233119 10.971052 9.053351 1260256451847
136.63783 51.671577 2.7089925 -7.0738235 -5.9217844 15.321501 1260256451850
131.65594 48.788 0.67354286 -7.0738235 -5.9217844 15.321501 1260256451861
131.65594 48.788 0.67354286 -10.326921 12.467815 21.607332 1260256451865
127.123146 46.698597 -1.6601342 -10.326921 12.467815 21.607332 1260256451872
127.123146 46.698597 -1.6601342 -29.510422 -7.3531027 19.769604 1260256451878
123.41699 45.663666 -4.2271276 -29.510422 -7.3531027 19.769604 1260256451886
123.41699 45.663666 -4.2271276 -11.29881 -20.63643 10.910355 1260256451889
120.946144 45.730484 -6.1657715 -11.29881 -20.63643 10.910355 1260256451906
120.946144 45.730484 -6.1657715 -15.673116 -27.54335 -0.24642015 1260256451909
120.44884 49.44396 -7.007483 -15.673116 -27.54335 -0.24642015 1260256451918
120.44884 49.44396 -7.007483 -17.131065 -16.401411 -3.840385 1260256451921
121.92639 53.17176 -6.957109 -17.131065 -16.401411 -3.840385 1260256451941
121.92639 53.17176 -6.957109 -9.343778 -28.858156 -24.96225 1260256451944
124.48007 57.013172 -6.4592533 -9.343778 -28.858156 -24.96225 1260256451958
124.48007 57.013172 -6.4592533 0.29924607 -31.508314 -13.765677 1260256451965
127.40607 60.912514 -5.7862906 0.29924607 -31.508314 -13.765677 1260256451981
127.40607 60.912514 -5.7862906 9.234457 -16.163969 -28.248829 1260256451988
130.08577 64.76689 -5.146976 9.234457 -16.163969 -28.248829 1260256451998
130.08577 64.76689 -5.146976 13.165821 -31.75322 -25.836708 1260256452001
131.93149 68.478546 -4.689627 13.165821 -31.75322 -25.836708 1260256452018
131.93149 68.478546 -4.689627 11.758792 -12.617045 -21.536076 1260256452025
132.53491 72.10462 -4.5551457 11.758792 -12.617045 -21.536076 1260256452040
132.53491 72.10462 -4.5551457 8.7120495 -15.335853 -15.617453 1260256452047
131.40817 75.699394 -5.0273886 8.7120495 -15.335853 -15.617453 1260256452058
131.40817 75.699394 -5.0273886 5.476867 -12.5502615 -9.617561 1260256452061
128.33777 79.364426 -6.526019 5.476867 -12.5502615 -9.617561 1260256452080
128.33777 79.364426 -6.526019 -9.289208 0.8897486 -14.316424 1260256452083
124.57088 83.34621 -9.349718 -9.289208 0.8897486 -14.316424 1260256452099
124.57088 83.34621 -9.349718 -10.541546 -13.720255 -2.1200705 1260256452106
120.94234 79.6289 -12.432232 -10.541546 -13.720255 -2.1200705 1260256452124
120.94234 79.6289 -12.432232 -10.974934 6.6962104 -0.89015007 1260256452128
117.29522 75.84745 -14.26062 -10.974934 6.6962104 -0.89015007 1260256452138
117.29522 75.84745 -14.26062 -24.285568 -5.6451116 11.402821 1260256452141
113.630455 72.405075 -15.497589 -24.285568 -5.6451116 11.402821 1260256452161
113.630455 72.405075 -15.497589 -18.75866 -1.8603299 29.977161 1260256452164
109.94893 69.43482 -16.47271 -18.75866 -1.8603299 29.977161 1260256452182
109.94893 69.43482 -16.47271 -10.921382 -10.040738 17.408855 1260256452186
106.451485 66.96308 -17.299074 -10.921382 -10.040738 17.408855 1260256452198
106.451485 66.96308 -17.299074 -7.295558 -2.5417395 23.467535 1260256452201
103.47891 65.064926 -18.13412 -7.295558 -2.5417395 23.467535 1260256452220
103.47891 65.064926 -18.13412 -9.017206 -21.144266 14.261109 1260256452223
101.20496 63.76168 -18.927416 -9.017206 -21.144266 14.261109 1260256452236
101.20496 63.76168 -18.927416 -13.3338375 -22.251572 18.168789 1260256452242
100.894714 63.673595 -19.381044 -13.3338375 -22.251572 18.168789 1260256452421
100.894714 63.673595 -19.381044 -12.784886 -22.086966 6.4859223 1260256452429
103.14998 66.489914 -18.661993 -12.784886 -22.086966 6.4859223 1260256452433
103.14998 66.489914 -18.661993 0.30187893 -11.682124 -17.824837 1260256452452
107.09248 70.01542 -17.278893 0.30187893 -11.682124 -17.824837 1260256452471
107.09248 70.01542 -17.278893 13.967827 -25.358131 -18.604586 1260256452483
111.93786 73.91465 -15.714948 13.967827 -25.358131 -18.604586 1260256452487
111.93786 73.91465 -15.714948 7.941008 -7.0856237 -26.923023 1260256452490
116.840965 77.76892 -14.1792 7.941008 -7.0856237 -26.923023 1260256452498
116.840965 77.76892 -14.1792 -1.9732642 -21.116167 -24.180384 1260256452502
120.49892 81.63048 -13.02024 -1.9732642 -21.116167 -24.180384 1260256452508
120.49892 81.63048 -13.02024 -0.7282429 -9.471186 -12.124454 1260256452511
120.07397 85.44895 -12.769228 -0.7282429 -9.471186 -12.124454 1260256452514
120.07397 85.44895 -12.769228 -4.044688 -0.019905567 -22.162224 1260256452522
116.170265 88.9765 -14.980766 -4.044688 -0.019905567 -22.162224 1260256452525
116.170265 88.9765 -14.980766 -14.278425 -12.108955 -7.3006287 1260256452531
112.51175 85.67767 -16.581728 -14.278425 -12.108955 -7.3006287 1260256452534
112.51175 85.67767 -16.581728 -4.1720977 1.2499061 13.064814 1260256452542
108.83616 82.74379 -17.30264 -4.1720977 1.2499061 13.064814 1260256452548
108.83616 82.74379 -17.30264 -3.714179 -20.382927 19.03258 1260256452560
105.244354 80.2066 -17.737509 -3.714179 -20.382927 19.03258 1260256452565
105.244354 80.2066 -17.737509 -4.9970417 -7.0389967 23.611353 1260256452569
101.88213 78.09627 -18.000633 -4.9970417 -7.0389967 23.611353 1260256452572
101.88213 78.09627 -18.000633 -4.657571 -23.246891 15.044481 1260256452580
98.98803 76.491455 -18.300602 -4.657571 -23.246891 15.044481 1260256452583
98.98803 76.491455 -18.300602 -4.856502 -26.437237 18.143814 1260256452589
97.388626 75.61688 -18.685572 -4.856502 -26.437237 18.143814 1260256452592
97.388626 75.61688 -18.685572 -5.9458194 -16.740454 13.647003 1260256452600
98.9192 77.78604 -18.351294 -5.9458194 -16.740454 13.647003 1260256452603
98.9192 77.78604 -18.351294 1.5643592 -20.123123 -12.868767 1260256452608
102.52324 80.646736 -17.233728 1.5643592 -20.123123 -12.868767 1260256452618
102.52324 80.646736 -17.233728 11.029517 -5.862731 -14.553951 1260256452626
107.29708 83.9144 -15.872042 11.029517 -5.862731 -14.553951 1260256452632
107.29708 83.9144 -15.872042 6.1090984 -21.744068 -14.2543955 1260256452638
112.382225 87.21868 -14.428439 6.1090984 -21.744068 -14.2543955 1260256452641
112.382225 87.21868 -14.428439 -3.8845968 -5.948124 -23.205778 1260256452647
116.263115 90.157745 -13.307017 -3.8845968 -5.948124 -23.205778 1260256452650
116.263115 90.157745 -13.307017 -4.038455 -17.878193 -18.98077 1260256452658
116.44996 92.09986 -13.341666 -4.038455 -17.878193 -18.98077 1260256452663
116.44996 92.09986 -13.341666 -9.093023 1.1437955 -9.103614 1260256452672
112.72746 89.34487 -14.374583 -9.093023 1.1437955 -9.103614 1260256452680
112.72746 89.34487 -14.374583 -15.790459 -16.31027 6.074054 1260256452682
108.64109 86.07763 -14.955854 -15.790459 -16.31027 6.074054 1260256452689
108.64109 86.07763 -14.955854 -15.126162 1.4689288 17.793194 1260256452702
104.80904 83.22375 -15.358062 -15.126162 1.4689288 17.793194 1260256452708
104.80904 83.22375 -15.358062 -12.117375 -20.910236 17.60794 1260256452717
101.36858 81.16256 -15.590158 -12.117375 -20.910236 17.60794 1260256452721
101.36858 81.16256 -15.590158 -8.193539 -9.101219 5.577718 1260256452730
99.20016 80.25443 -15.66065 -8.193539 -9.101219 5.577718 1260256452740
99.20016 80.25443 -15.66065 -5.3531995 -5.3516626 4.5082207 1260256452743
99.39015 81.39171 -15.477618 -5.3531995 -5.3516626 4.5082207 1260256452762
99.39015 81.39171 -15.477618 -5.247569 -11.597187 -10.369405 1260256452766
101.82065 83.67212 -14.853737 -5.247569 -11.597187 -10.369405 1260256452777
101.82065 83.67212 -14.853737 -8.138937 -20.008339 -5.8341265 1260256452787
106.02962 87.08852 -13.81105 -8.138937 -20.008339 -5.8341265 1260256452798
106.02962 87.08852 -13.81105 -7.485592 -0.31662607 -12.931651 1260256452801
111.978134 90.884094 -12.5704975 -7.485592 -0.31662607 -12.931651 1260256452820
111.978134 90.884094 -12.5704975 3.8004947 -8.192474 -28.505121 1260256452824
118.52923 94.53989 -11.291972 3.8004947 -8.192474 -28.505121 1260256452843
118.52923 94.53989 -11.291972 14.425818 -8.964888 -18.452156 1260256452846
122.75277 97.21289 -10.227373 14.425818 -8.964888 -18.452156 1260256452858
122.75277 97.21289 -10.227373 10.38477 -12.180984 -9.708829 1260256452863
124.51513 97.95225 -9.766005 10.38477 -12.180984 -9.708829 1260256452879
124.51513 97.95225 -9.766005 3.0343373 -10.36582 1.4904051 1260256452883
121.73937 96.65463 -9.927705 3.0343373 -10.36582 1.4904051 1260256452902
121.73937 96.65463 -9.927705 0.66465807 -24.358036 10.307525 1260256452905
117.402405 94.4219 -10.28132 0.66465807 -24.358036 10.307525 1260256452918
117.402405 94.4219 -10.28132 0.79883146 -19.159037 5.7860208 1260256452927
112.982285 91.9008 -10.617253 0.79883146 -19.159037 5.7860208 1260256452938
112.982285 91.9008 -10.617253 3.2774954 -6.91315 15.638613 1260256452941
109.38317 90.15576 -10.736391 3.2774954 -6.91315 15.638613 1260256452960
109.38317 90.15576 -10.736391 6.680505 -18.70673 7.9706435 1260256452963
113.264015 90.89797 -9.749572 6.680505 -18.70673 7.9706435 1260256452983
113.264015 90.89797 -9.749572 4.761753 -12.268295 6.826045 1260256452987
118.15082 92.85307 -8.512094 4.761753 -12.268295 6.826045 1260256452998
118.15082 92.85307 -8.512094 -3.2994013 -3.2227736 -10.720469 1260256453003
123.09328 94.86042 -7.236489 -3.2994013 -3.2227736 -10.720469 1260256453181
123.09328 94.86042 -7.236489 -2.1062698 -20.522333 -8.092836 1260256453185
127.53861 96.5674 -6.0746646 -2.1062698 -20.522333 -8.092836 1260256453194
127.53861 96.5674 -6.0746646 7.5313473 -22.392342 -17.46423 1260256453202
130.61168 97.58903 -5.2209315 7.5313473 -22.392342 -17.46423 1260256453205
130.61168 97.58903 -5.2209315 11.896845 -13.324762 -11.882042 1260256453209
132.13109 97.95958 -4.659885 11.896845 -13.324762 -11.882042 1260256453214
132.13109 97.95958 -4.659885 11.366455 -8.289383 -2.7133653 1260256453223
130.27454 97.1116 -4.8268905 11.366455 -8.289383 -2.7133653 1260256453227
130.27454 97.1116 -4.8268905 8.210349 -13.964919 -0.32762784 1260256453230
126.31081 94.50602 -6.135546 8.210349 -13.964919 -0.32762784 1260256453239
126.31081 94.50602 -6.135546 -3.7749805 -9.789603 14.357011 1260256453246
121.64526 89.88072 -7.728769 -3.7749805 -9.789603 14.357011 1260256453250
121.64526 89.88072 -7.728769 -17.541357 -9.684532 9.446837 1260256453253
117.113 84.43668 -9.242331 -17.541357 -9.684532 9.446837 1260256453261
117.113 84.43668 -9.242331 -12.020583 1.7420716 20.926624 1260256453264
112.45735 78.76485 -10.980214 -12.020583 1.7420716 20.926624 1260256453268
112.45735 78.76485 -10.980214 -1.5605259 10.141016 8.959093 1260256453273
106.83448 73.7266 -13.681204 -1.5605259 10.141016 8.959093 1260256453283
106.83448 73.7266 -13.681204 -20.158176 14.367527 2.235237 1260256453288
103.34276 77.640274 -15.647143 -20.158176 14.367527 2.235237 1260256453299
103.34276 77.640274 -15.647143 -10.5657625 -13.489703 1.1943159 1260256453305
103.67562 80.158264 -15.764786 -10.5657625 -13.489703 1.1943159 1260256453308
103.67562 80.158264 -15.764786 -5.4908733 -5.7519407 -10.953723 1260256453312
106.44184 82.00035 -15.226546 -5.4908733 -5.7519407 -10.953723 1260256453320
106.44184 82.00035 -15.226546 -6.6080413 -26.377323 -19.947947 1260256453323
110.86975 83.55033 -14.315219 -6.6080413 -26.377323 -19.947947 1260256453329
110.86975 83.55033 -14.315219 -8.242171 -35.28723 -10.590756 1260256453332
115.62627 85.072815 -13.249458 -8.242171 -35.28723 -10.590756 1260256453343
115.62627 85.072815 -13.249458 -3.1755745 -21.045073 -17.362534 1260256453346
119.194954 86.36917 -12.386986 -3.1755745 -21.045073 -17.362534 1260256453350
119.194954 86.36917 -12.386986 3.383 -11.205548 -8.314312 1260256453362
121.78521 87.55071 -11.667637 3.383 -11.205548 -8.314312 1260256453366
121.78521 87.55071 -11.667637 8.418003 -12.307845 -0.13422251 1260256453370
122.695946 88.473175 -11.234255 8.418003 -12.307845 -0.13422251 1260256453380
122.695946 88.473175 -11.234255 8.882021 -17.479778 -1.6674285 1260256453389
121.46115 89.549515 -11.522542 8.882021 -17.479778 -1.6674285 1260256453392
121.46115 89.549515 -11.522542 5.8417664 -18.298119 -1.7857732 1260256453400
117.48809 86.77204 -13.696415 5.8417664 -18.298119 -1.7857732 1260256453409
117.48809 86.77204 -13.696415 -13.031252 6.2878723 2.184105 1260256453412
112.66369 81.73344 -15.911594 -13.031252 6.2878723 2.184105 1260256453423
112.66369 81.73344 -15.911594 -4.174575 1.2610049 -6.193066 1260256453427
108.180504 76.19676 -17.366014 -4.174575 1.2610049 -6.193066 1260256453438
108.180504 76.19676 -17.366014 1.8356757 -1.5311027 6.343678 1260256453444
103.67148 70.93692 -18.897715 1.8356757 -1.5311027 6.343678 1260256453458
103.67148 70.93692 -18.897715 -10.496349 -2.9140763 3.751597 1260256453461
98.48791 66.34007 -21.002829 -10.496349 -2.9140763 3.751597 1260256453481
98.48791 66.34007 -21.002829 -20.306118 8.457178 9.4047785 1260256453484
111.51351 62.97307 -24.102688 -20.306118 8.457178 9.4047785 1260256453503
111.51351 62.97307 -24.102688 -5.0006227 -1.1886287 6.5200377 1260256453507
107.037834 67.524414 -26.097553 -5.0006227 -1.1886287 6.5200377 1260256453518
107.037834 67.524414 -26.097553 -21.116943 3.4918528 -0.72358423 1260256453523
104.03594 70.59819 -26.742676 -21.116943 3.4918528 -0.72358423 1260256453538
104.03594 70.59819 -26.742676 -20.59343 -22.960503 -1.3683589 1260256453542
101.734146 72.718285 -26.555542 -20.59343 -22.960503 -1.3683589 1260256453561
101.734146 72.718285 -26.555542 -17.45647 -14.349152 -1.8522283 1260256453565
108.54744 72.78237 -26.027765 -17.45647 -14.349152 -1.8522283 1260256453578
108.54744 72.78237 -26.027765 -13.639149 -16.411299 -5.2067304 1260256453583
114.17007 72.89325 -25.476377 -13.639149 -16.411299 -5.2067304 1260256453598
114.17007 72.89325 -25.476377 -9.185738 -15.449081 -7.0518203 1260256453603
118.71156 72.84859 -25.052559 -9.185738 -15.449081 -7.0518203 1260256453620
118.71156 72.84859 -25.052559 -5.316971 -14.008841 -6.5264487 1260256453623
122.375984 72.55616 -24.79993 -5.316971 -14.008841 -6.5264487 1260256453643
122.375984 72.55616 -24.79993 -3.4586825 -14.950968 -5.621834 1260256453647
125.30718 72.078354 -24.659935 -3.4586825 -14.950968 -5.621834 1260256453658
125.30718 72.078354 -24.659935 -2.3610072 -17.986952 -4.2144647 1260256453664
128.04182 71.52444 -24.526937 -2.3610072 -17.986952 -4.2144647 1260256453677
128.04182 71.52444 -24.526937 -0.6850147 -21.220444 -0.6794162 1260256453681
130.23973 70.748215 -24.500591 -0.6850147 -21.220444 -0.6794162 1260256453702
130.23973 70.748215 -24.500591 -0.5292115 -22.543205 5.3093967 1260256453712
