155.36607 26.017714 26.159967 10.301621 -10.704758 14.539071 1260256656842
155.36607 26.017714 26.159967 15.946796 -13.808694 9.230136 1260256656845
154.54778 26.466827 26.851969 15.946796 -13.808694 9.230136 1260256656849
154.54778 26.466827 26.851969 16.761202 -15.805704 5.4079194 1260256656854
153.32039 26.893486 27.45937 16.761202 -15.805704 5.4079194 1260256656863
153.32039 26.893486 27.45937 13.76458 -15.698412 6.94881 1260256656866
151.65437 27.098812 28.086401 13.76458 -15.698412 6.94881 1260256656870
151.65437 27.098812 28.086401 8.355066 -14.3017845 9.386845 1260256656878
149.97165 27.193872 28.782082 8.355066 -14.3017845 9.386845 1260256656880
149.97165 27.193872 28.782082 1.527739 -13.221754 9.29026 1260256656887
152.97307 33.23418 30.192978 1.527739 -13.221754 9.29026 1260256656913
152.97307 33.23418 30.192978 -2.6480565 -13.642061 -1.5673593 1260256656924
157.62442 39.772472 31.533329 -2.6480565 -13.642061 -1.5673593 1260256656928
157.62442 39.772472 31.533329 6.241913 -10.290776 -7.4800854 1260256656933
149.9932 30.383848 31.856663 6.241913 -10.290776 -7.4800854 1260256656940
149.9932 30.383848 31.856663 7.1635895 10.986243 1.7551181 1260256656945
146.19353 24.564655 30.463829 7.1635895 10.986243 1.7551181 1260256656948
146.19353 24.564655 30.463829 -7.54756 12.327932 5.0225725 1260256656952
142.83385 21.386423 27.990637 -7.54756 12.327932 5.0225725 1260256656963
142.83385 21.386423 27.990637 -1.629045 3.1317472 17.437475 1260256656971
138.94215 20.217102 24.791105 -1.629045 3.1317472 17.437475 1260256656974
138.94215 20.217102 24.791105 -13.743711 -9.053459 16.015385 1260256656981
134.44505 20.556248 21.65155 -13.743711 -9.053459 16.015385 1260256657148
134.44505 20.556248 21.65155 -9.797452 -19.339233 15.076508 1260256657154
130.0228 22.228436 19.068974 -9.797452 -19.339233 15.076508 1260256657166
130.0228 22.228436 19.068974 -10.479362 -17.936186 -1.696866 1260256657169
126.22166 26.617014 17.115524 -10.479362 -17.936186 -1.696866 1260256657180
126.22166 26.617014 17.115524 -19.571718 -36.949554 -0.8322643 1260256657187
123.910576 30.986164 15.909748 -19.571718 -36.949554 -0.8322643 1260256657190
123.910576 30.986164 15.909748 -5.4509077 -20.310825 -19.161264 1260256657193
123.41505 35.886856 15.164261 -5.4509077 -20.310825 -19.161264 1260256657201
123.41505 35.886856 15.164261 5.5735717 -10.669654 -14.597746 1260256657204
123.99429 41.24251 14.606048 5.5735717 -10.669654 -14.597746 1260256657208
123.99429 41.24251 14.606048 10.349532 -10.604962 -14.774763 1260256657213
124.994576 47.080387 14.075746 10.349532 -10.604962 -14.774763 1260256657222
124.994576 47.080387 14.075746 11.048212 -8.080828 -19.451544 1260256657225
123.894844 53.37637 13.321959 11.048212 -8.080828 -19.451544 1260256657229
123.894844 53.37637 13.321959 6.338654 -2.221337 -21.744383 1260256657234
127.4501 42.85755 11.8058605 6.338654 -2.221337 -21.744383 1260256657240
127.4501 42.85755 11.8058605 -9.628946 12.668465 -5.4497566 1260256657246
129.6276 34.364674 9.515568 -9.628946 12.668465 -5.4497566 1260256657249
129.6276 34.364674 9.515568 -6.5273423 6.048848 7.3313646 1260256657252
129.89621 30.54644 6.8397894 -6.5273423 6.048848 7.3313646 1260256657260
129.89621 30.54644 6.8397894 -3.403421 15.754728 8.242586 1260256657264
140.9514 28.519117 3.1477997 -3.403421 15.754728 8.242586 1260256657272
140.9514 28.519117 3.1477997 -12.005874 4.6223507 14.084114 1260256657283
134.65382 34.293163 0.3904096 -12.005874 4.6223507 14.084114 1260256657287
134.65382 34.293163 0.3904096 -6.676387 -10.269735 -10.995114 1260256657292
130.92113 38.728504 -0.47911093 -6.676387 -10.269735 -10.995114 1260256657299
130.92113 38.728504 -0.47911093 -10.551519 -25.95509 -5.025315 1260256657304
128.62508 42.99208 -0.6051554 -10.551519 -25.95509 -5.025315 1260256657307
128.62508 42.99208 -0.6051554 -7.182322 -16.308788 -12.07345 1260256657313
129.09383 47.492477 -0.27489763 -7.182322 -16.308788 -12.07345 1260256657319
129.09383 47.492477 -0.27489763 0.9900589 -20.699677 -30.8499 1260256657325
130.88913 51.917854 0.18884726 0.9900589 -20.699677 -30.8499 1260256657328
130.88913 51.917854 0.18884726 6.320817 -30.388617 -21.786934 1260256657331
132.24467 56.471962 0.4794049 6.320817 -30.388617 -21.786934 1260256657342
132.24467 56.471962 0.4794049 7.2851925 -15.007763 -11.951532 1260256657350
132.93243 61.198364 0.60543466 7.2851925 -15.007763 -11.951532 1260256657353
132.93243 61.198364 0.60543466 6.626138 -1.1019106 -20.404179 1260256657361
131.53581 66.038445 0.32516292 6.626138 -1.1019106 -20.404179 1260256657364
131.53581 66.038445 0.32516292 1.5780194 -6.255356 -26.469357 1260256657368
125.70902 71.13652 -0.54109526 1.5780194 -6.255356 -26.469357 1260256657378
125.70902 71.13652 -0.54109526 -9.4198675 -11.777073 -17.292873 1260256657387
135.07358 76.52969 -2.7640405 -9.4198675 -11.777073 -17.292873 1260256657391
135.07358 76.52969 -2.7640405 -11.362711 -9.087302 -11.55654 1260256657399
128.7699 72.85321 -6.0758386 -11.362711 -9.087302 -11.55654 1260256657408
128.7699 72.85321 -6.0758386 -9.764132 4.7430577 -3.520526 1260256657411
124.1314 69.96055 -7.8220468 -9.764132 4.7430577 -3.520526 1260256657423
124.1314 69.96055 -7.8220468 -23.238285 -12.808813 14.794961 1260256657430
119.82483 67.81252 -8.980945 -23.238285 -12.808813 14.794961 1260256657439
119.82483 67.81252 -8.980945 -18.986242 -3.2992115 18.520334 1260256657480
115.533585 66.1719 -9.881897 -18.986242 -3.2992115 18.520334 1260256657483
115.533585 66.1719 -9.881897 -10.779591 -17.109156 31.5715 1260256657491
111.3569 65.3133 -10.637802 -10.779591 -17.109156 31.5715 1260256657494
111.3569 65.3133 -10.637802 -3.705391 -29.150635 18.12906 1260256657502
107.33906 64.997635 -11.355912 -3.705391 -29.150635 18.12906 1260256657507
107.33906 64.997635 -11.355912 -2.066165 -31.09346 5.772384 1260256657514
103.572105 64.89775 -12.138117 -2.066165 -31.09346 5.772384 1260256657526
103.572105 64.89775 -12.138117 -5.7777386 -28.100319 -3.7317429 1260256657529
100.7935 67.802864 -12.6812105 -5.7777386 -28.100319 -3.7317429 1260256657539
100.7935 67.802864 -12.6812105 -8.641391 -6.883953 -5.192048 1260256657544
99.90383 71.31272 -12.69715 -8.641391 -6.883953 -5.192048 1260256657560
99.90383 71.31272 -12.69715 -5.7046027 -21.284548 -19.824144 1260256657563
101.25864 75.247086 -12.212293 -5.7046027 -21.284548 -19.824144 1260256657581
101.25864 75.247086 -12.212293 2.131219 -10.4014225 -11.302374 1260256657584
104.4457 79.28473 -11.451678 2.131219 -10.4014225 -11.302374 1260256657597
104.4457 79.28473 -11.451678 10.405398 -4.5660515 -28.084839 1260256657607
107.97342 83.27049 -10.629094 10.405398 -4.5660515 -28.084839 1260256657618
107.97342 83.27049 -10.629094 11.805193 -19.972761 -26.223057 1260256657621
110.52475 87.20697 -9.99764 11.805193 -19.972761 -26.223057 1260256657640
110.52475 87.20697 -9.99764 6.415231 -1.2469897 -30.281523 1260256657643
109.548515 91.14662 -9.797758 6.415231 -1.2469897 -30.281523 1260256657663
109.548515 91.14662 -9.797758 1.2964463 -4.915783 -11.339015 1260256657666
105.07109 94.63929 -10.7078705 1.2964463 -4.915783 -11.339015 1260256657678
105.07109 94.63929 -10.7078705 2.1511745 -8.77906 -15.210034 1260256657683
101.26753 92.05733 -12.522477 2.1511745 -8.77906 -15.210034 1260256657698
101.26753 92.05733 -12.522477 -10.193853 -1.869544 -4.351125 1260256657701
98.15415 89.55446 -13.296353 -10.193853 -1.869544 -4.351125 1260256657721
98.15415 89.55446 -13.296353 -17.213549 -25.339035 13.1814575 1260256657886
95.29645 87.176735 -13.631536 -17.213549 -25.339035 13.1814575 1260256657894
95.29645 87.176735 -13.631536 -19.143105 -13.892451 24.323507 1260256657900
92.531624 85.0179 -13.699959 -19.143105 -13.892451 24.323507 1260256657909
92.531624 85.0179 -13.699959 -17.459003 -21.297531 18.225632 1260256657914
89.905045 83.267006 -13.764961 -17.459003 -21.297531 18.225632 1260256657920
89.905045 83.267006 -13.764961 -16.048105 -30.36565 15.746857 1260256657926
87.609795 82.10365 -14.126713 -16.048105 -30.36565 15.746857 1260256657930
87.609795 82.10365 -14.126713 -16.936527 -21.300343 6.8763843 1260256657932
86.429306 83.59847 -14.420377 -16.936527 -21.300343 6.8763843 1260256657941
86.429306 83.59847 -14.420377 -14.884981 -23.764864 -1.2089769 1260256657944
87.55784 85.96855 -14.199358 -14.884981 -23.764864 -1.2089769 1260256657948
87.55784 85.96855 -14.199358 -12.818392 -4.584201 -11.012754 1260256657954
90.629944 88.82012 -13.48939 -12.818392 -4.584201 -11.012754 1260256657963
90.629944 88.82012 -13.48939 -7.814789 -21.345423 -14.863426 1260256657967
94.84845 91.77911 -12.514921 -7.814789 -21.345423 -14.863426 1260256657972
94.84845 91.77911 -12.514921 3.2144313 -8.778921 -31.352873 1260256657978
99.15603 94.74016 -11.589175 3.2144313 -8.778921 -31.352873 1260256657983
99.15603 94.74016 -11.589175 11.392416 -18.961292 -20.408035 1260256657987
102.69823 97.553154 -10.759716 11.392416 -18.961292 -20.408035 1260256657993
102.69823 97.553154 -10.759716 11.680694 -10.7693815 -19.955393 1260256658004
104.76331 100.1755 -10.22173 11.680694 -10.7693815 -19.955393 1260256658010
104.76331 100.1755 -10.22173 6.845804 -6.4913263 -23.51448 1260256658013
104.42515 102.21672 -10.310644 6.845804 -6.4913263 -23.51448 1260256658020
104.42515 102.21672 -10.310644 4.7158465 -18.22079 -9.286195 1260256658023
102.35389 103.10588 -11.095112 4.7158465 -18.22079 -9.286195 1260256658027
102.35389 103.10588 -11.095112 5.0524726 -14.454681 -3.0689912 1260256658032
99.4862 100.600586 -11.690356 5.0524726 -14.454681 -3.0689912 1260256658038
99.4862 100.600586 -11.690356 1.2765551 -13.430381 13.47772 1260256658044
96.56189 97.72056 -11.955838 1.2765551 -13.430381 13.47772 1260256658049
96.56189 97.72056 -11.955838 -1.3552413 -13.116942 8.478797 1260256658060
93.5338 94.83453 -12.108047 -1.3552413 -13.116942 8.478797 1260256658066
93.5338 94.83453 -12.108047 -2.9100566 -23.309393 27.517609 1260256658069
90.50711 92.092804 -12.252645 -2.9100566 -23.309393 27.517609 1260256658080
90.50711 92.092804 -12.252645 -4.330659 -9.708699 15.221381 1260256658088
87.48176 89.63816 -12.490012 -4.330659 -9.708699 15.221381 1260256658091
87.48176 89.63816 -12.490012 -5.8310423 -25.398071 14.252344 1260256658094
84.80767 88.006256 -13.065512 -5.8310423 -25.398071 14.252344 1260256658104
84.80767 88.006256 -13.065512 -10.997203 -13.538183 14.494486 1260256658108
84.81728 89.50594 -13.312236 -10.997203 -13.538183 14.494486 1260256658124
84.81728 89.50594 -13.312236 -11.18593 -22.70784 -5.113621 1260256658128
87.87642 91.68065 -12.796624 -11.18593 -22.70784 -5.113621 1260256658138
87.87642 91.68065 -12.796624 -3.285366 -9.943255 -22.297575 1260256658149
92.432594 94.146614 -11.956793 -3.285366 -9.943255 -22.297575 1260256658159
92.432594 94.146614 -11.956793 7.59928 -16.34897 -13.17218 1260256658162
97.21097 96.58929 -11.008953 7.59928 -16.34897 -13.17218 1260256658178
97.21097 96.58929 -11.008953 13.23145 -25.309181 -23.954184 1260256658184
101.30042 98.75982 -10.208506 13.23145 -25.309181 -23.954184 1260256658205
101.30042 98.75982 -10.208506 9.356103 -7.5168056 -18.626907 1260256658208
103.0354 100.52183 -9.89808 9.356103 -7.5168056 -18.626907 1260256658218
103.0354 100.52183 -9.89808 3.2004194 -14.130099 -22.410751 1260256658221
101.03363 101.59573 -10.753176 3.2004194 -14.130099 -22.410751 1260256658241
101.03363 101.59573 -10.753176 3.697609 -19.563454 -4.817674 1260256658245
97.48195 98.21595 -12.115517 3.697609 -19.563454 -4.817674 1260256658259
97.48195 98.21595 -12.115517 -4.0790763 -0.3911028 1.679492 1260256658266
94.10785 94.105156 -12.90974 -4.0790763 -0.3911028 1.679492 1260256658277
94.10785 94.105156 -12.90974 -12.315959 -3.7010317 25.097282 1260256658281
90.75246 89.9499 -13.514254 -12.315959 -3.7010317 25.097282 1260256658300
90.75246 89.9499 -13.514254 -16.812613 -13.015329 16.030388 1260256658304
87.36483 86.55241 -13.988541 -16.812613 -13.015329 16.030388 1260256658318
87.36483 86.55241 -13.988541 -16.992466 2.7850947 15.974327 1260256658325
84.39659 85.32478 -14.239114 -16.992466 2.7850947 15.974327 1260256658345
84.39659 85.32478 -14.239114 -14.284694 -7.65359 5.6142845 1260256658348
84.12676 86.508545 -13.827158 -14.284694 -7.65359 5.6142845 1260256658358
84.12676 86.508545 -13.827158 -11.321413 -8.706399 -5.6370306 1260256658361
87.47042 88.233116 -13.0358 -11.321413 -8.706399 -5.6370306 1260256658380
87.47042 88.233116 -13.0358 -3.602458 -24.81479 -5.043825 1260256658384
92.3969 90.42146 -12.13401 -3.602458 -24.81479 -5.043825 1260256658399
92.3969 90.42146 -12.13401 6.871278 -28.194962 -26.519407 1260256658405
97.177055 92.60039 -11.22731 6.871278 -28.194962 -26.519407 1260256658417
97.177055 92.60039 -11.22731 12.629857 -10.305127 -19.308817 1260256658427
100.9682 94.72037 -10.365945 12.629857 -10.305127 -19.308817 1260256658438
100.9682 94.72037 -10.365945 10.249888 -21.527178 -21.795862 1260256658441
103.26979 96.634346 -9.747647 10.249888 -21.527178 -21.795862 1260256658461
103.26979 96.634346 -9.747647 3.7768285 -20.772215 -6.1439753 1260256658464
103.7063 98.25263 -9.460265 3.7768285 -20.772215 -6.1439753 1260256658483
103.7063 98.25263 -9.460265 -0.59210247 -3.4894786 -2.4194918 1260256658663
101.52098 99.54 -10.087252 -0.59210247 -3.4894786 -2.4194918 1260256658672
101.52098 99.54 -10.087252 2.4319062 0.32567358 -8.074455 1260256658683
97.59493 96.413 -11.982889 2.4319062 0.32567358 -8.074455 1260256658687
97.59493 96.413 -11.982889 -0.47122955 -12.872507 -2.360165 1260256658692
94.065186 92.092354 -13.433744 -0.47122955 -12.872507 -2.360165 1260256658701
94.065186 92.092354 -13.433744 -14.937753 6.197433 4.9325895 1260256658704
91.011925 87.68774 -14.5620575 -14.937753 6.197433 4.9325895 1260256658708
91.011925 87.68774 -14.5620575 -17.999775 1.6435311 8.726514 1260256658713
87.91133 83.40335 -15.683954 -17.999775 1.6435311 8.726514 1260256658720
87.91133 83.40335 -15.683954 -10.355185 -10.39653 14.91845 1260256658726
84.165764 79.58318 -17.349756 -10.355185 -10.39653 14.91845 1260256658729
84.165764 79.58318 -17.349756 -2.6192045 6.438785 10.165013 1260256658732
80.05747 76.60403 -19.382269 -2.6192045 6.438785 10.165013 1260256658740
80.05747 76.60403 -19.382269 -18.474913 -14.466372 9.414889 1260256658743
76.304596 74.57382 -21.063156 -18.474913 -14.466372 9.414889 1260256658749
76.304596 74.57382 -21.063156 -20.45654 -2.0536275 -1.3872995 1260256658752
72.989365 73.44513 -21.909998 -20.45654 -2.0536275 -1.3872995 1260256658760
72.989365 73.44513 -21.909998 -11.472756 -4.636774 4.2023277 1260256658763
69.689896 73.22287 -21.864498 -11.472756 -4.636774 4.2023277 1260256658767
69.689896 73.22287 -21.864498 -8.048033 -10.038456 5.6482687 1260256658770
83.805405 74.66173 -21.371273 -8.048033 -10.038456 5.6482687 1260256658786
83.805405 74.66173 -21.371273 -10.228727 -15.250797 -6.549523 1260256658789
96.26514 75.82864 -20.70271 -10.228727 -15.250797 -6.549523 1260256658797
96.26514 75.82864 -20.70271 -12.735298 -28.10175 -2.9036617 1260256658801
106.65188 76.83721 -19.967573 -12.735298 -28.10175 -2.9036617 1260256658807
106.65188 76.83721 -19.967573 -11.577432 -34.72195 0.5225891 1260256658810
113.16928 77.14535 -19.319195 -11.577432 -34.72195 0.5225891 1260256658813
113.16928 77.14535 -19.319195 -7.363505 -34.04209 -1.3014033 1260256658821
117.16082 77.48808 -18.653234 -7.363505 -34.04209 -1.3014033 1260256658829
117.16082 77.48808 -18.653234 -0.29488122 -30.996382 -3.9780881 1260256658832
119.95278 77.81368 -18.020573 -0.29488122 -30.996382 -3.9780881 1260256658843
119.95278 77.81368 -18.020573 5.29091 -26.47447 -4.1609516 1260256658847
122.20514 78.173 -17.369543 5.29091 -26.47447 -4.1609516 1260256658850
122.20514 78.173 -17.369543 8.247785 -20.785358 -0.25729525 1260256658852
