145.25308 36.252163 16.302893 -2.9515076 3.1816792 7.0803146 1260256237949
145.25308 36.252163 16.302893 -2.3733535 2.9964876 7.9187193 1260256237954
154.74043 36.189556 16.537748 -2.3733535 2.9964876 7.9187193 1260256237960
154.74043 36.189556 16.537748 -3.1169605 3.1076584 8.230427 1260256237966
164.25342 36.08008 16.91086 -3.1169605 3.1076584 8.230427 1260256237969
164.25342 36.08008 16.91086 -4.3226285 3.128251 8.587328 1260256237973
172.89075 36.026073 17.515318 -4.3226285 3.128251 8.587328 1260256237981
172.89075 36.026073 17.515318 -3.8746285 3.1429543 7.5291862 1260256237987
180.8462 36.02477 18.339552 -3.8746285 3.1429543 7.5291862 1260256237990
180.8462 36.02477 18.339552 1.6991143 2.9645767 5.939754 1260256237993
188.6539 36.073532 19.322575 1.6991143 2.9645767 5.939754 1260256238001
188.6539 36.073532 19.322575 11.601703 2.7844386 5.4744043 1260256238005
195.3712 36.169857 20.506447 11.601703 2.7844386 5.4744043 1260256238008
195.3712 36.169857 20.506447 17.840569 2.5727606 4.6640234 1260256238013
202.35265 36.111362 21.881124 17.840569 2.5727606 4.6640234 1260256238021
202.35265 36.111362 21.881124 9.929288 2.9066958 4.0469265 1260256238025
209.28502 35.855793 23.537067 9.929288 2.9066958 4.0469265 1260256238028
209.28502 35.855793 23.537067 -0.18100166 3.4726186 3.2391558 1260256238034
216.47076 35.413002 25.260214 -0.18100166 3.4726186 3.2391558 1260256238040
216.47076 35.413002 25.260214 11.025261 2.1949263 -3.2561612 1260256238045
206.29723 34.79235 26.947203 11.025261 2.1949263 -3.2561612 1260256238049
206.29723 34.79235 26.947203 18.976652 -2.0510147 5.9088573 1260256238052
197.23236 34.102734 28.549843 18.976652 -2.0510147 5.9088573 1260256238059
197.23236 34.102734 28.549843 5.628832 -7.8188925 12.081251 1260256238062
189.42075 33.097595 29.92235 5.628832 -7.8188925 12.081251 1260256238068
189.42075 33.097595 29.92235 -3.6280198 -11.496852 3.6891882 1260256238071
182.6997 31.042715 30.176233 -3.6280198 -11.496852 3.6891882 1260256238105
182.6997 31.042715 30.176233 -5.7127953 4.431237 7.883482 1260256238109
176.81473 28.190578 28.917421 -5.7127953 4.431237 7.883482 1260256238118
176.81473 28.190578 28.917421 -5.141258 2.8848908 15.374233 1260256238121
171.424 25.78105 27.021551 -5.141258 2.8848908 15.374233 1260256238127
171.424 25.78105 27.021551 7.2247 -1.6680737 9.339054 1260256238130
166.1028 24.391996 24.820473 7.2247 -1.6680737 9.339054 1260256238133
166.1028 24.391996 24.820473 -7.5871754 7.1990848 22.286932 1260256238140
160.89766 24.422396 22.67945 -7.5871754 7.1990848 22.286932 1260256238143
160.89766 24.422396 22.67945 -12.231783 -1.4956427 10.429167 1260256238147
155.95277 25.651276 20.795477 -12.231783 -1.4956427 10.429167 1260256238152
155.95277 25.651276 20.795477 3.3843608 -21.582743 10.14761 1260256238158
151.45514 27.718712 19.255703 3.3843608 -21.582743 10.14761 1260256238163
151.45514 27.718712 19.255703 -0.2007711 -26.485067 0.2376771 1260256238167
147.53238 30.432775 18.092918 -0.2007711 -26.485067 0.2376771 1260256238174
147.53238 30.432775 18.092918 -8.321088 -12.669477 6.2934046 1260256238181
144.45576 33.81114 17.338272 -8.321088 -12.669477 6.2934046 1260256238189
144.45576 33.81114 17.338272 -9.101633 -21.854374 -2.4709728 1260256238192
142.88298 38.22058 16.921358 -9.101633 -21.854374 -2.4709728 1260256238201
142.88298 38.22058 16.921358 -7.614389 -13.69428 -8.202976 1260256238207
143.33884 44.009552 16.57529 -7.614389 -13.69428 -8.202976 1260256238210
143.33884 44.009552 16.57529 -6.029751 -4.053521 -13.977957 1260256238213
150.7219 32.809074 16.046526 -6.029751 -4.053521 -13.977957 1260256238220
150.7219 32.809074 16.046526 -2.2469852 -9.713869 -10.704655 1260256238223
148.9858 22.76862 15.2942 -2.2469852 -9.713869 -10.704655 1260256238229
148.9858 22.76862 15.2942 4.062751 9.040132 -3.493392 1260256238243
149.0365 13.630189 14.32949 4.062751 9.040132 -3.493392 1260256238246
149.0365 13.630189 14.32949 8.802095 -4.808099 -11.0702715 1260256238250
152.18468 4.4986796 13.113015 8.802095 -4.808099 -11.0702715 1260256238259
152.18468 4.4986796 13.113015 3.173803 11.797175 -12.535636 1260256238268
148.02544 12.373746 11.957364 3.173803 11.797175 -12.535636 1260256238271
148.02544 12.373746 11.957364 -7.798994 -1.7469426 -3.3745675 1260256238279
146.67416 18.45506 11.309496 -7.798994 -1.7469426 -3.3745675 1260256238284
146.67416 18.45506 11.309496 -9.525379 -7.715384 -8.4158325 1260256238291
145.19046 23.482306 11.144021 -9.525379 -7.715384 -8.4158325 1260256238296
145.19046 23.482306 11.144021 -6.804706 -9.095243 -10.27609 1260256238306
140.48094 27.90819 11.23682 -6.804706 -9.095243 -10.27609 1260256238317
140.48094 27.90819 11.23682 -3.8637576 -26.254555 -9.7182 1260256238323
134.90689 32.11278 11.574979 -3.8637576 -26.254555 -9.7182 1260256238338
134.90689 32.11278 11.574979 -1.226912 -27.823498 -0.72041893 1260256238341
129.61154 36.20714 12.19623 -1.226912 -27.823498 -0.72041893 1260256238360
129.61154 36.20714 12.19623 2.9926503 -5.158332 -0.7243204 1260256238527
124.480965 37.346786 13.136418 2.9926503 -5.158332 -0.7243204 1260256238538
124.480965 37.346786 13.136418 10.777788 -5.594013 8.056848 1260256238547
118.85692 42.279446 14.779597 10.777788 -5.594013 8.056848 1260256238550
118.85692 42.279446 14.779597 13.553217 4.239295 0.7595034 1260256238558
130.66408 47.56547 16.840618 13.553217 4.239295 0.7595034 1260256238562
130.66408 47.56547 16.840618 -1.7917275 -0.36096907 2.315142 1260256238567
140.48088 51.837196 17.898586 -1.7917275 -0.36096907 2.315142 1260256238570
140.48088 51.837196 17.898586 0.2633152 -19.593025 -4.132189 1260256238574
148.00684 55.645336 18.453657 0.2633152 -19.593025 -4.132189 1260256238581
148.00684 55.645336 18.453657 5.4008665 -7.1220818 -1.15874 1260256238585
152.60649 59.16307 18.780973 5.4008665 -7.1220818 -1.15874 1260256238588
152.60649 59.16307 18.780973 8.345089 -22.037601 -16.6898 1260256238593
154.37616 62.354916 18.891924 8.345089 -22.037601 -16.6898 1260256238602
154.37616 62.354916 18.891924 8.16506 -13.330241 -0.032087326 1260256238606
155.50735 65.63717 18.897327 8.16506 -13.330241 -0.032087326 1260256238611
155.50735 65.63717 18.897327 6.447315 -17.453396 -18.584103 1260256238614
155.83199 68.95531 18.75246 6.447315 -17.453396 -18.584103 1260256238620
155.83199 68.95531 18.75246 2.7138324 -8.397755 1.3893652 1260256238626
155.19038 72.15754 18.314837 2.7138324 -8.397755 1.3893652 1260256238631
155.19038 72.15754 18.314837 -3.4822183 -7.316592 -14.165697 1260256238643
152.53087 74.749664 17.249094 -3.4822183 -7.316592 -14.165697 1260256238648
152.53087 74.749664 17.249094 -9.999993 2.6779387 -2.383674 1260256238651
147.40433 72.21218 14.686639 -9.999993 2.6779387 -2.383674 1260256238659
147.40433 72.21218 14.686639 6.273532 -1.920084 7.782455 1260256238662
142.73412 68.801575 12.652307 6.273532 -1.920084 7.782455 1260256238666
142.73412 68.801575 12.652307 -3.5582361 2.3544855 18.223003 1260256238669
138.39742 65.611496 10.769691 -3.5582361 2.3544855 18.223003 1260256238683
138.39742 65.611496 10.769691 -16.388462 -4.9547815 16.78988 1260256238687
134.17755 62.730923 8.8812065 -16.388462 -4.9547815 16.78988 1260256238692
134.17755 62.730923 8.8812065 -4.315899 -1.9817967 9.960937 1260256238699
129.96867 59.994377 6.987146 -4.315899 -1.9817967 9.960937 1260256238705
129.96867 59.994377 6.987146 -5.193464 -0.47047162 13.20759 1260256238709
125.67024 57.444656 4.887789 -5.193464 -0.47047162 13.20759 1260256238721
125.67024 57.444656 4.887789 -23.338087 -11.438562 20.20498 1260256238726
121.13673 55.172424 2.4433992 -23.338087 -11.438562 20.20498 1260256238730
121.13673 55.172424 2.4433992 -10.153599 4.793512 14.825033 1260256238733
116.37989 53.213802 -0.32877088 -10.153599 4.793512 14.825033 1260256238743
116.37989 53.213802 -0.32877088 -22.545979 -8.719718 3.6053677 1260256238747
111.9609 52.203114 -3.1623325 -22.545979 -8.719718 3.6053677 1260256238763
111.9609 52.203114 -3.1623325 -17.6258 -20.57545 5.2030606 1260256238766
109.06285 55.94296 -4.7542157 -17.6258 -20.57545 5.2030606 1260256238777
109.06285 55.94296 -4.7542157 -2.9572172 -12.086009 -4.280416 1260256238781
109.55971 59.34581 -5.216505 -2.9572172 -12.086009 -4.280416 1260256238800
109.55971 59.34581 -5.216505 2.1248527 -24.843029 -17.476728 1260256238804
113.48172 62.92852 -4.9056797 2.1248527 -24.843029 -17.476728 1260256238818
113.48172 62.92852 -4.9056797 10.012489 -24.890434 -18.992685 1260256238824
118.457634 66.2821 -4.3103957 10.012489 -24.890434 -18.992685 1260256238837
118.457634 66.2821 -4.3103957 12.900572 -21.675846 -16.981735 1260256238847
123.28475 69.81799 -3.694876 12.900572 -21.675846 -16.981735 1260256238858
123.28475 69.81799 -3.694876 10.080304 -29.571766 -30.6191 1260256238862
127.770515 73.2271 -3.060132 10.080304 -29.571766 -30.6191 1260256238880
127.770515 73.2271 -3.060132 4.5689855 -14.155569 -18.685545 1260256238883
131.282 76.51574 -2.5071254 4.5689855 -14.155569 -18.685545 1260256238902
131.282 76.51574 -2.5071254 -1.6547294 -28.055902 -25.30343 1260256238906
133.5179 79.73995 -2.1817691 -1.6547294 -28.055902 -25.30343 1260256238918
133.5179 79.73995 -2.1817691 -6.24282 -5.4120665 -16.133112 1260256238925
134.442 82.95296 -2.0726807 -6.24282 -5.4120665 -16.133112 1260256238939
134.442 82.95296 -2.0726807 -8.686783 -19.375427 -15.391581 1260256238942
133.1199 86.20531 -2.4190466 -8.686783 -19.375427 -15.391581 1260256238961
133.1199 86.20531 -2.4190466 -8.455658 3.2793417 -8.619887 1260256238964
129.5139 89.295044 -3.5480943 -8.455658 3.2793417 -8.619887 1260256238983
129.5139 89.295044 -3.5480943 0.57878065 -13.740612 -7.9177136 1260256238987
124.53821 92.130295 -5.72069 0.57878065 -13.740612 -7.9177136 1260256238998
124.53821 92.130295 -5.72069 1.1538453 5.2389774 -6.516189 1260256239001
118.961296 88.72378 -8.634655 1.1538453 5.2389774 -6.516189 1260256239020
118.961296 88.72378 -8.634655 -12.696477 -9.333494 -4.0359025 1260256239023
114.16323 85.93759 -10.402923 -12.696477 -9.333494 -4.0359025 1260256239042
114.16323 85.93759 -10.402923 0.85546684 3.0499697 7.3284535 1260256239046
110.005066 84.19071 -11.182776 0.85546684 3.0499697 7.3284535 1260256239057
110.005066 84.19071 -11.182776 2.9003305 -17.8185 5.8156013 1260256239067
106.10481 82.88118 -11.473638 2.9003305 -17.8185 5.8156013 1260256239077
106.10481 82.88118 -11.473638 2.4223185 -27.94287 11.332374 1260256239080
102.399574 81.78712 -11.549955 2.4223185 -27.94287 11.332374 1260256239101
102.399574 81.78712 -11.549955 2.48909 -24.54273 16.530323 1260256239104
98.87959 80.84776 -11.472458 2.48909 -24.54273 16.530323 1260256239123
98.87959 80.84776 -11.472458 4.2391367 -16.198446 14.151511 1260256239288
95.58561 79.90537 -11.348835 4.2391367 -16.198446 14.151511 1260256239299
95.58561 79.90537 -11.348835 5.7216578 -10.468454 9.551531 1260256239308
92.60633 79.060104 -11.131393 5.7216578 -10.468454 9.551531 1260256239330
92.60633 79.060104 -11.131393 7.4079103 -11.091173 6.734828 1260256239334
90.22601 78.7571 -10.674824 7.4079103 -11.091173 6.734828 1260256239343
90.22601 78.7571 -10.674824 8.87796 -10.853878 7.0623245 1260256239346
90.364716 79.91925 -9.691083 8.87796 -10.853878 7.0623245 1260256239352
90.364716 79.91925 -9.691083 4.3633165 -0.9891386 0.35446417 1260256239357
96.59648 83.07329 -8.156528 4.3633165 -0.9891386 0.35446417 1260256239363
96.59648 83.07329 -8.156528 -4.424326 -17.693188 -10.13561 1260256239366
104.56666 86.96963 -6.598702 -4.424326 -17.693188 -10.13561 1260256239370
104.56666 86.96963 -6.598702 4.654482 1.8180981 -12.061422 1260256239378
113.13833 90.92114 -5.118767 4.654482 1.8180981 -12.061422 1260256239380
113.13833 90.92114 -5.118767 18.18199 -7.496409 -24.728512 1260256239386
121.43141 94.775085 -3.8128283 18.18199 -7.496409 -24.728512 1260256239389
121.43141 94.775085 -3.8128283 14.621487 -9.69855 -28.31514 1260256239392
127.50984 98.18633 -2.822187 14.621487 -9.69855 -28.31514 1260256239400
127.50984 98.18633 -2.822187 1.8533425 1.9152942 -9.528497 1260256239403
127.23435 99.57702 -2.4810777 1.8533425 1.9152942 -9.528497 1260256239410
127.23435 99.57702 -2.4810777 -5.331514 -0.76397896 -10.742029 1260256239413
122.872635 98.39817 -2.7570238 -5.331514 -0.76397896 -10.742029 1260256239417
122.872635 98.39817 -2.7570238 -5.760476 -5.709036 7.72829 1260256239420
118.229004 96.42826 -3.0691726 -5.760476 -5.709036 7.72829 1260256239423
118.229004 96.42826 -3.0691726 -4.345729 -27.061945 16.50676 1260256239440
113.81755 94.35685 -3.315714 -4.345729 -27.061945 16.50676 1260256239446
113.81755 94.35685 -3.315714 -1.9933355 -23.308796 5.5377436 1260256239449
109.72667 92.38901 -3.4499283 -1.9933355 -23.308796 5.5377436 1260256239459
109.72667 92.38901 -3.4499283 0.27720833 -11.211143 16.789976 1260256239462
105.94034 90.519554 -3.6274319 0.27720833 -11.211143 16.789976 1260256239468
105.94034 90.519554 -3.6274319 2.1653144 -21.17001 17.895458 1260256239471
103.14332 89.79358 -3.7460604 2.1653144 -21.17001 17.895458 1260256239480
103.14332 89.79358 -3.7460604 4.425468 -19.322681 4.2925825 1260256239483
106.536156 92.5539 -3.2587574 4.425468 -19.322681 4.2925825 1260256239487
106.536156 92.5539 -3.2587574 2.0445318 4.3594465 -6.337145 1260256239490
113.509346 96.32621 -2.5458195 2.0445318 4.3594465 -6.337145 1260256239493
113.509346 96.32621 -2.5458195 -2.284857 -12.187203 -12.360415 1260256239497
121.08388 100.0099 -1.8185285 -2.284857 -12.187203 -12.360415 1260256239509
121.08388 100.0099 -1.8185285 -4.4068055 0.43822098 -25.906105 1260256239519
127.129684 102.95941 -1.077602 -4.4068055 0.43822098 -25.906105 1260256239522
127.129684 102.95941 -1.077602 -2.4893088 -16.040905 -27.930347 1260256239526
131.9732 104.91144 -0.4237219 -2.4893088 -16.040905 -27.930347 1260256239536
131.9732 104.91144 -0.4237219 1.459671 -6.480008 -22.347208 1260256239539
127.62454 105.565865 -0.1025358 1.459671 -6.480008 -22.347208 1260256239556
127.62454 105.565865 -0.1025358 1.3259884 -10.985959 -7.615809 1260256239559
122.24332 105.037575 -0.09740901 1.3259884 -10.985959 -7.615809 1260256239579
122.24332 105.037575 -0.09740901 -1.1029232 -12.648787 -4.0359926 1260256239582
117.03115 103.2857 -0.49253857 -1.1029232 -12.648787 -4.0359926 1260256239596
117.03115 103.2857 -0.49253857 -7.6577864 -23.651173 -1.4864502 1260256239600
112.12959 100.771416 -1.0679116 -7.6577864 -23.651173 -1.4864502 1260256239616
112.12959 100.771416 -1.0679116 -12.768166 -18.296825 15.878546 1260256239619
107.57311 97.98284 -1.6645161 -12.768166 -18.296825 15.878546 1260256239636
107.57311 97.98284 -1.6645161 -13.393626 -6.273804 11.888113 1260256239640
103.144455 94.983696 -2.2812903 -13.393626 -6.273804 11.888113 1260256239656
103.144455 94.983696 -2.2812903 -10.9019785 -15.227335 5.613878 1260256239660
98.88723 92.28451 -3.0672257 -10.9019785 -15.227335 5.613878 1260256239676
98.88723 92.28451 -3.0672257 -4.1332116 1.7815914 11.46065 1260256239680
94.94287 90.47028 -4.3638644 -4.1332116 1.7815914 11.46065 1260256239696
94.94287 90.47028 -4.3638644 5.1927977 -12.821124 5.035329 1260256239700
92.99573 91.74677 -5.095671 5.1927977 -12.821124 5.035329 1260256239722
92.99573 91.74677 -5.095671 5.956254 -2.791802 -5.744087 1260256239726
96.045944 93.709435 -4.9908876 5.956254 -2.791802 -5.744087 1260256239736
96.045944 93.709435 -4.9908876 8.768621 -5.912524 -7.1394434 1260256239740
101.64365 96.023964 -4.3413434 8.768621 -5.912524 -7.1394434 1260256239756
101.64365 96.023964 -4.3413434 12.129574 -23.595741 -15.469892 1260256239759
108.211464 98.22276 -3.4742763 12.129574 -23.595741 -15.469892 1260256239776
108.211464 98.22276 -3.4742763 8.689491 -8.545492 -12.050575 1260256239780
114.30089 100.31162 -2.7005625 8.689491 -8.545492 -12.050575 1260256239796
114.30089 100.31162 -2.7005625 0.58378315 -12.250728 -25.334854 1260256239800
118.88584 101.99604 -2.2155344 0.58378315 -12.250728 -25.334854 1260256239816
118.88584 101.99604 -2.2155344 -5.830529 -21.71757 -11.940014 1260256239819
114.49155 101.946236 -2.5047576 -5.830529 -21.71757 -11.940014 1260256239836
114.49155 101.946236 -2.5047576 -6.9172354 -17.458935 -2.3373241 1260256239839
109.11697 98.998924 -3.5295198 -6.9172354 -17.458935 -2.3373241 1260256239857
109.11697 98.998924 -3.5295198 0.1793797 3.6090026 5.287328 1260256239860
103.91112 95.848976 -4.203044 0.1793797 3.6090026 5.287328 1260256239876
103.91112 95.848976 -4.203044 5.082839 -16.687368 8.90313 1260256240072
115.765564 99.95653 -3.3428917 5.082839 -16.687368 8.90313 1260256240083
115.765564 99.95653 -3.3428917 4.955911 4.87548 -20.741503 1260256240089
122.02728 102.8087 -2.525747 4.955911 4.87548 -20.741503 1260256240101
122.02728 102.8087 -2.525747 -2.4465578 -13.253731 -8.043163 1260256240104
127.125916 104.31827 -1.8994597 -2.4465578 -13.253731 -8.043163 1260256240120
127.125916 104.31827 -1.8994597 -5.8431244 -7.886486 -9.936235 1260256240123
133.96962 104.75236 -1.5544868 -5.8431244 -7.886486 -9.936235 1260256240136
133.96962 104.75236 -1.5544868 -7.905468 -12.510137 -8.914965 1260256240140
144.97115 104.56474 -1.3767624 -7.905468 -12.510137 -8.914965 1260256240157
144.97115 104.56474 -1.3767624 -8.6081915 -16.915102 -5.6944747 1260256240160
138.12259 104.0865 -1.2079242 -8.6081915 -16.915102 -5.6944747 1260256240176
138.12259 104.0865 -1.2079242 -8.317374 -19.131075 -5.173387 1260256240180
132.51646 103.182175 -1.347528 -8.317374 -19.131075 -5.173387 1260256240196
132.51646 103.182175 -1.347528 -10.97327 -23.64307 -1.7098747 1260256240200
127.29064 101.52306 -2.0301516 -10.97327 -23.64307 -1.7098747 1260256240216
127.29064 101.52306 -2.0301516 -12.257306 -20.557978 0.40210652 1260256240220
121.67611 98.09691 -3.678644 -12.257306 -20.557978 0.40210652 1260256240236
121.67611 98.09691 -3.678644 0.1104002 1.711483 11.765604 1260256240240
115.6423 92.592064 -5.644712 0.1104002 1.711483 11.765604 1260256240256
115.6423 92.592064 -5.644712 -0.7244997 11.766876 6.1699476 1260256240260
127.36019 86.16246 -7.2124763 -0.7244997 11.766876 6.1699476 1260256240276
127.36019 86.16246 -7.2124763 -14.798097 16.349108 5.0569887 1260256240280
135.09218 79.75433 -8.901853 -14.798097 16.349108 5.0569887 1260256240297
135.09218 79.75433 -8.901853 -11.350328 15.776819 6.570736 1260256240304
145.53757 76.31662 -12.40676 -11.350328 15.776819 6.570736 1260256240318
145.53757 76.31662 -12.40676 -3.9586916 -8.836131 6.18718 1260256240327
141.01068 78.10079 -12.286422 -3.9586916 -8.836131 6.18718 1260256240336
141.01068 78.10079 -12.286422 0.73285306 -14.55788 -12.270893 1260256240340
151.86015 79.59575 -11.4721 0.73285306 -14.55788 -12.270893 1260256240356
151.86015 79.59575 -11.4721 10.220078 -10.716026 -8.206468 1260256240361
160.76715 81.01596 -10.448495 10.220078 -10.716026 -8.206468 1260256240384
160.76715 81.01596 -10.448495 12.196983 -17.67601 -10.547989 1260256240387
168.5288 82.56516 -9.276071 12.196983 -17.67601 -10.547989 1260256240398
168.5288 82.56516 -9.276071 3.9144502 -30.486052 -13.897063 1260256240402
176.30235 84.1369 -8.1122675 3.9144502 -30.486052 -13.897063 1260256240416
176.30235 84.1369 -8.1122675 -4.1629906 -26.70716 -5.3229 1260256240419
184.73723 85.63006 -6.956654 -4.1629906 -26.70716 -5.3229 1260256240436
184.73723 85.63006 -6.956654 -1.0727425 -10.696459 -11.617911 1260256240440
178.05037 87.04855 -5.9588213 -1.0727425 -10.696459 -11.617911 1260256240457
178.05037 87.04855 -5.9588213 6.8961554 -7.48146 0.045074463 1260256240460
172.94785 88.29613 -5.2108803 6.8961554 -7.48146 0.045074463 1260256240477
172.94785 88.29613 -5.2108803 10.500616 -14.726265 0.19431639 1260256240481
167.75046 89.48132 -5.3003364 10.500616 -14.726265 0.19431639 1260256240496
167.75046 89.48132 -5.3003364 7.3371725 -16.0238 -2.1306756 1260256240500
176.41293 93.507256 -8.985319 7.3371725 -16.0238 -2.1306756 1260256240516
176.41293 93.507256 -8.985319 -7.6970778 5.9988976 -6.7777586 1260256240519
182.84229 87.78189 -11.786053 -7.6970778 5.9988976 -6.7777586 1260256240536
182.84229 87.78189 -11.786053 1.7731023 3.8372216 8.1019125 1260256240540
188.80017 82.3428 -14.34675 1.7731023 3.8372216 8.1019125 1260256240556
188.80017 82.3428 -14.34675 -16.47745 -3.240729 0.5702661 1260256240559
194.81017 77.625656 -17.279413 -16.47745 -3.240729 0.5702661 1260256240581
194.81017 77.625656 -17.279413 0.7560873 -5.8143826 2.0663826 1260256240584
201.06966 73.79437 -20.415443 0.7560873 -5.8143826 2.0663826 1260256240596
201.06966 73.79437 -20.415443 -21.717686 9.563101 2.0687032 1260256240600
207.26617 70.654655 -23.24467 -21.717686 9.563101 2.0687032 1260256240616
207.26617 70.654655 -23.24467 -3.8191395 -12.260519 1.7025745 1260256240620
213.25287 68.02192 -25.682438 -3.8191395 -12.260519 1.7025745 1260256240636
213.25287 68.02192 -25.682438 -18.249817 4.3717675 4.209285 1260256240640
219.04022 72.32082 -27.598316 -18.249817 4.3717675 4.209285 1260256240656
219.04022 72.32082 -27.598316 -18.499054 -5.3915377 6.6210403 1260256240659
224.7382 75.904785 -28.7684 -18.499054 -5.3915377 6.6210403 1260256240676
224.7382 75.904785 -28.7684 -5.663347 -12.586399 -10.186857 1260256240680
230.0513 78.95955 -29.32998 -5.663347 -12.586399 -10.186857 1260256240696
230.0513 78.95955 -29.32998 -0.29783726 -5.418 -0.6032629 1260256240700
234.24873 81.61157 -29.513481 -0.29783726 -5.418 -0.6032629 1260256240716
234.24873 81.61157 -29.513481 0.99841404 -10.798109 -9.1216 1260256240720
237.4863 83.78099 -29.437807 0.99841404 -10.798109 -9.1216 1260256240736
237.4863 83.78099 -29.437807 0.9485836 -22.626682 -3.5985408 1260256240740
240.21199 85.54194 -29.165916 0.9485836 -22.626682 -3.5985408 1260256240756
240.21199 85.54194 -29.165916 -0.4790516 -10.707502 0.015264511 1260256240760
242.6514 86.96484 -28.907621 -0.4790516 -10.707502 0.015264511 1260256240776
242.6514 86.96484 -28.907621 -2.8629212 -11.490789 -6.694277 1260256240780
244.81883 85.9166 -28.662241 -2.8629212 -11.490789 -6.694277 1260256240796
244.81883 85.9166 -28.662241 -5.840996 -12.719596 4.207481 1260256240800
246.47789 84.82077 -28.529129 -5.840996 -12.719596 4.207481 1260256240817
246.47789 84.82077 -28.529129 -8.017606 -21.882526 11.390431 1260256240820
247.60399 83.62973 -28.502672 -8.017606 -21.882526 11.390431 1260256240990
247.60399 83.62973 -28.502672 -8.705198 -29.826431 6.3517504 1260256240993
248.07379 82.39825 -28.527538 -8.705198 -29.826431 6.3517504 1260256240997
248.07379 82.39825 -28.527538 -8.25062 -25.084894 -3.325204 1260256241000
247.2701 81.22833 -28.501162 -8.25062 -25.084894 -3.325204 1260256241003
