187.48778 33.125732 29.685413 13.280785 -10.04095 9.207963 1260256546156
187.48778 33.125732 29.685413 -2.1432166 -12.18437 1.5916154 1260256546160
194.51338 30.919445 31.801144 -2.1432166 -12.18437 1.5916154 1260256546169
194.51338 30.919445 31.801144 9.443858 5.8394313 9.46994 1260256546173
186.18771 27.123472 31.811087 9.443858 5.8394313 9.46994 1260256546177
186.18771 27.123472 31.811087 7.2593775 -4.2631335 -0.6093581 1260256546180
179.57832 23.617298 30.120533 7.2593775 -4.2631335 -0.6093581 1260256546188
179.57832 23.617298 30.120533 -9.812064 16.649645 7.3934636 1260256546192
173.64941 21.636433 27.414507 -9.812064 16.649645 7.3934636 1260256546198
173.64941 21.636433 27.414507 1.7324452 0.6278477 18.391558 1260256546201
168.21695 21.35461 24.543781 1.7324452 0.6278477 18.391558 1260256546209
168.21695 21.35461 24.543781 -15.114313 -11.082723 9.573498 1260256546212
163.2061 22.23688 22.016592 -15.114313 -11.082723 9.573498 1260256546242
163.2061 22.23688 22.016592 -10.46458 -12.325976 24.198883 1260256546249
158.8958 24.175035 19.965763 -10.46458 -12.325976 24.198883 1260256546255
158.8958 24.175035 19.965763 0.46907425 -14.172384 11.533534 1260256546258
155.501 26.966284 18.467474 0.46907425 -14.172384 11.533534 1260256546262
155.501 26.966284 18.467474 -7.685583 -33.081352 -1.0951492 1260256546270
153.77596 31.16797 17.7441 -7.685583 -33.081352 -1.0951492 1260256546276
153.77596 31.16797 17.7441 -7.205233 -16.94937 -2.9285073 1260256546279
153.53716 36.159573 17.506895 -7.205233 -16.94937 -2.9285073 1260256546292
153.53716 36.159573 17.506895 -5.4054937 -4.42443 -11.5625105 1260256546296
154.6603 41.651592 17.53155 -5.4054937 -4.42443 -11.5625105 1260256546301
154.6603 41.651592 17.53155 -4.1902256 -2.525576 -14.91377 1260256546308
157.02728 47.519012 17.604973 -4.1902256 -2.525576 -14.91377 1260256546313
157.02728 47.519012 17.604973 -4.366228 -1.7031503 -16.123873 1260256546317
161.07591 53.74306 17.424725 -4.366228 -1.7031503 -16.123873 1260256546324
161.07591 53.74306 17.424725 -6.8763742 1.6374807 -12.59609 1260256546331
157.02211 42.855907 16.803488 -6.8763742 1.6374807 -12.59609 1260256546339
157.02211 42.855907 16.803488 -8.046453 11.2316475 -10.100102 1260256546343
154.97101 34.01311 15.663313 -8.046453 11.2316475 -10.100102 1260256546353
154.97101 34.01311 15.663313 -0.33893168 0.6994915 2.8858976 1260256546360
153.17245 26.262455 14.330147 -0.33893168 0.6994915 2.8858976 1260256546372
153.17245 26.262455 14.330147 7.847439 -1.0575833 -5.18814 1260256546375
152.96384 18.299332 12.763639 7.847439 -1.0575833 -5.18814 1260256546388
152.96384 18.299332 12.763639 -0.57180333 11.280605 3.0839477 1260256546394
147.36565 25.184364 10.925457 -0.57180333 11.280605 3.0839477 1260256546408
147.36565 25.184364 10.925457 -12.813256 -3.4749174 -6.7194858 1260256546412
145.94736 30.025146 10.379184 -12.813256 -3.4749174 -6.7194858 1260256546430
145.94736 30.025146 10.379184 -8.050991 -2.6575346 -8.587263 1260256546434
144.65 34.17389 10.110225 -8.050991 -2.6575346 -8.587263 1260256546453
144.65 34.17389 10.110225 -4.051571 -24.983877 -1.6819367 1260256546457
143.3675 38.065193 10.104713 -4.051571 -24.983877 -1.6819367 1260256546468
143.3675 38.065193 10.104713 -1.5171413 -29.4139 -16.336624 1260256546473
143.29912 42.111935 10.349478 -1.5171413 -29.4139 -16.336624 1260256546489
143.29912 42.111935 10.349478 -0.8647151 -13.491391 -8.841789 1260256546492
143.43416 46.206337 10.482004 -0.8647151 -13.491391 -8.841789 1260256546512
143.43416 46.206337 10.482004 -3.4553723 -26.428598 -8.378716 1260256546516
144.16245 50.446022 10.607904 -3.4553723 -26.428598 -8.378716 1260256546528
144.16245 50.446022 10.607904 -5.1501064 -14.944189 -14.568022 1260256546533
145.20432 54.873722 10.7275095 -5.1501064 -14.944189 -14.568022 1260256546548
145.20432 54.873722 10.7275095 -6.46714 1.0979767 -9.16905 1260256546554
146.4941 59.780037 10.691134 -6.46714 1.0979767 -9.16905 1260256546569
146.4941 59.780037 10.691134 -7.851109 -3.1257536 -4.647107 1260256546572
147.8194 48.491035 9.856578 -7.851109 -3.1257536 -4.647107 1260256546592
147.8194 48.491035 9.856578 -4.537212 10.564526 -2.0408492 1260256546596
143.12843 44.216484 7.763749 -4.537212 10.564526 -2.0408492 1260256546608
143.12843 44.216484 7.763749 6.1098785 1.8119931 4.972319 1260256546613
138.47202 41.25566 6.025562 6.1098785 1.8119931 4.972319 1260256546628
138.47202 41.25566 6.025562 -8.843958 7.601125 3.1773615 1260256546631
134.19841 39.542877 4.4742837 -8.843958 7.601125 3.1773615 1260256546651
134.19841 39.542877 4.4742837 -17.205385 -11.521065 16.913082 1260256546659
130.78848 39.065735 3.2505696 -17.205385 -11.521065 16.913082 1260256546833
130.78848 39.065735 3.2505696 -7.590008 -19.226028 13.116106 1260256546838
128.94907 40.062447 2.6880412 -7.590008 -19.226028 13.116106 1260256546843
128.94907 40.062447 2.6880412 1.8695526 -22.025818 15.099339 1260256546849
129.05162 42.109325 2.8036392 1.8695526 -22.025818 15.099339 1260256546858
129.05162 42.109325 2.8036392 4.6793957 -6.9884424 5.053328 1260256546861
129.79904 43.80386 3.3134573 4.6793957 -6.9884424 5.053328 1260256546869
129.79904 43.80386 3.3134573 1.0889367 -10.505271 -8.453546 1260256546872
127.20909 43.913666 3.2477844 1.0889367 -10.505271 -8.453546 1260256546878
127.20909 43.913666 3.2477844 -0.71183574 -5.8384666 -3.5245972 1260256546881
123.44864 42.06798 2.0353951 -0.71183574 -5.8384666 -3.5245972 1260256546884
123.44864 42.06798 2.0353951 3.9532304 7.5248947 14.145834 1260256546892
119.77621 39.864582 0.38362533 3.9532304 7.5248947 14.145834 1260256546896
119.77621 39.864582 0.38362533 -6.8332977 -7.5319715 12.3564 1260256546899
116.18739 37.871353 -1.6855559 -6.8332977 -7.5319715 12.3564 1260256546904
116.18739 37.871353 -1.6855559 -25.09929 -1.8566955 16.777945 1260256546912
112.52802 36.527786 -4.2512784 -25.09929 -1.8566955 16.777945 1260256546916
112.52802 36.527786 -4.2512784 -9.679093 4.6426644 11.5294485 1260256546919
109.05162 36.401398 -6.8387146 -9.679093 4.6426644 11.5294485 1260256546924
109.05162 36.401398 -6.8387146 -21.1315 -1.5002861 3.0083456 1260256546931
107.59904 40.981327 -7.746779 -21.1315 -1.5002861 3.0083456 1260256546940
107.59904 40.981327 -7.746779 -19.250744 -16.673397 -11.348827 1260256546943
108.76909 45.432262 -7.50944 -19.250744 -16.673397 -11.348827 1260256546954
108.76909 45.432262 -7.50944 -11.049184 -32.801414 -18.969143 1260256546960
112.03063 50.01065 -6.733968 -11.049184 -32.801414 -18.969143 1260256546963
112.03063 50.01065 -6.733968 1.0287495 -22.018976 -17.628513 1260256546972
115.8291 54.510117 -5.7972693 1.0287495 -22.018976 -17.628513 1260256546975
115.8291 54.510117 -5.7972693 12.204176 -14.216594 -30.017393 1260256546979
118.98765 58.98461 -5.0074058 12.204176 -14.216594 -30.017393 1260256546984
118.98765 58.98461 -5.0074058 14.851994 -25.05631 -27.244003 1260256546990
120.93826 63.485382 -4.5570354 14.851994 -25.05631 -27.244003 1260256546997
120.93826 63.485382 -4.5570354 11.670548 -19.415226 -23.691088 1260256547001
120.79135 68.06111 -4.5791836 11.670548 -19.415226 -23.691088 1260256547012
120.79135 68.06111 -4.5791836 8.051502 -0.29253387 -19.12599 1260256547018
116.501785 72.858055 -5.4502244 8.051502 -0.29253387 -19.12599 1260256547022
116.501785 72.858055 -5.4502244 1.8984818 1.540627 -17.993547 1260256547032
111.3267 77.565155 -8.677713 1.8984818 1.540627 -17.993547 1260256547036
111.3267 77.565155 -8.677713 -16.656319 -10.465936 1.3536777 1260256547043
107.81036 74.7369 -10.793828 -16.656319 -10.465936 1.3536777 1260256547054
107.81036 74.7369 -10.793828 -3.1065464 0.27099848 7.1128054 1260256547058
104.61984 72.20006 -11.954137 -3.1065464 0.27099848 7.1128054 1260256547070
104.61984 72.20006 -11.954137 -8.124521 -10.674039 9.876357 1260256547077
101.58885 70.190056 -12.75643 -8.124521 -10.674039 9.876357 1260256547088
101.58885 70.190056 -12.75643 -15.989306 -24.528631 26.24805 1260256547091
98.75941 68.83055 -13.218608 -15.989306 -24.528631 26.24805 1260256547111
98.75941 68.83055 -13.218608 -17.04885 -17.25777 26.012579 1260256547114
96.27144 68.13902 -13.607677 -17.04885 -17.25777 26.012579 1260256547128
96.27144 68.13902 -13.607677 -17.079718 -11.4553795 13.520023 1260256547135
95.357864 70.13207 -13.727294 -17.079718 -11.4553795 13.520023 1260256547151
95.357864 70.13207 -13.727294 -14.123152 -25.892036 -0.30259514 1260256547159
97.239975 72.97547 -13.040929 -14.123152 -25.892036 -0.30259514 1260256547169
97.239975 72.97547 -13.040929 -4.423585 -9.782032 -18.682297 1260256547172
101.17798 76.526695 -11.888883 -4.423585 -9.782032 -18.682297 1260256547188
101.17798 76.526695 -11.888883 10.338078 -23.512333 -16.644566 1260256547195
106.26908 80.45036 -10.644439 10.338078 -23.512333 -16.644566 1260256547213
106.26908 80.45036 -10.644439 15.83514 -3.2909088 -27.179068 1260256547217
111.055626 84.32784 -9.512217 15.83514 -3.2909088 -27.179068 1260256547228
111.055626 84.32784 -9.512217 6.2767053 -14.885561 -15.763171 1260256547231
114.05284 88.21145 -8.836606 6.2767053 -14.885561 -15.763171 1260256547251
114.05284 88.21145 -8.836606 -4.0617876 -8.523834 -26.838299 1260256547254
110.5002 91.850876 -9.644775 -4.0617876 -8.523834 -26.838299 1260256547268
110.5002 91.850876 -9.644775 -2.6693573 2.909907 -2.6790566 1260256547274
106.925186 88.90833 -11.662537 -2.6693573 2.909907 -2.6790566 1260256547300
106.925186 88.90833 -11.662537 -1.4121099 -14.391666 7.779453 1260256547308
103.52892 86.06292 -12.47941 -1.4121099 -14.391666 7.779453 1260256547311
103.52892 86.06292 -12.47941 -9.759111 -2.594901 12.954758 1260256547320
100.45248 83.659775 -12.905439 -9.759111 -2.594901 12.954758 1260256547331
100.45248 83.659775 -12.905439 -13.815338 -26.93525 16.630968 1260256547334
97.62985 81.72678 -13.060167 -13.815338 -26.93525 16.630968 1260256547354
97.62985 81.72678 -13.060167 -12.762657 -21.59692 27.825098 1260256547357
95.19836 80.34045 -13.207159 -12.762657 -21.59692 27.825098 1260256547368
95.19836 80.34045 -13.207159 -12.042349 -9.103953 13.802849 1260256547371
93.83844 79.823425 -13.446801 -12.042349 -9.103953 13.802849 1260256547390
93.83844 79.823425 -13.446801 -12.200467 -4.548601 0.58856857 1260256547393
94.19652 82.08225 -13.474462 -12.200467 -4.548601 0.58856857 1260256547406
94.19652 82.08225 -13.474462 -10.490571 -13.290054 -0.42780733 1260256547414
96.386696 85.62814 -12.900739 -10.490571 -13.290054 -0.42780733 1260256547436
96.386696 85.62814 -12.900739 -3.774523 -0.2626443 -20.512423 1260256547631
100.517365 89.146736 -11.955702 -3.774523 -0.2626443 -20.512423 1260256547638
100.517365 89.146736 -11.955702 7.934931 -18.31733 -17.810293 1260256547652
105.24149 92.2394 -10.857917 7.934931 -18.31733 -17.810293 1260256547656
105.24149 92.2394 -10.857917 14.8966465 -4.9616337 -23.892292 1260256547660
109.62942 94.67743 -9.715021 14.8966465 -4.9616337 -23.892292 1260256547668
109.62942 94.67743 -9.715021 8.824809 -22.510544 -30.805927 1260256547671
113.097946 96.24356 -8.72927 8.824809 -22.510544 -30.805927 1260256547677
113.097946 96.24356 -8.72927 -1.7985058 -30.570972 -11.716848 1260256547680
114.94305 96.881386 -8.092807 -1.7985058 -30.570972 -11.716848 1260256547683
114.94305 96.881386 -8.092807 -7.914641 -26.791008 -5.3294287 1260256547691
113.79589 96.08732 -8.038166 -7.914641 -26.791008 -5.3294287 1260256547695
113.79589 96.08732 -8.038166 -12.058664 -28.802748 2.4515095 1260256547700
110.856094 93.68295 -8.536258 -12.058664 -28.802748 2.4515095 1260256547703
110.856094 93.68295 -8.536258 -13.19051 -7.9933376 5.145376 1260256547711
107.41329 89.84881 -9.259445 -13.19051 -7.9933376 5.145376 1260256547715
107.41329 89.84881 -9.259445 -8.191518 -14.144201 17.458681 1260256547719
103.94263 85.156364 -9.996473 -8.191518 -14.144201 17.458681 1260256547723
103.94263 85.156364 -9.996473 -1.7121048 4.3917513 23.533049 1260256547732
100.4955 79.898544 -10.69665 -1.7121048 4.3917513 23.533049 1260256547736
100.4955 79.898544 -10.69665 3.9445076 13.993449 11.803384 1260256547739
97.17072 76.80362 -12.761817 3.9445076 13.993449 11.803384 1260256547750
97.17072 76.80362 -12.761817 -5.1039853 -10.878465 3.72122 1260256547759
100.262184 79.11344 -11.873726 -5.1039853 -10.878465 3.72122 1260256547762
100.262184 79.11344 -11.873726 7.4157615 -5.7823143 -13.362658 1260256547771
104.64908 81.45777 -10.630039 7.4157615 -5.7823143 -13.362658 1260256547774
104.64908 81.45777 -10.630039 14.287411 -16.908682 -16.259754 1260256547780
108.96662 83.63488 -9.448537 14.287411 -16.908682 -16.259754 1260256547784
108.96662 83.63488 -9.448537 6.5798974 -32.32747 -11.038037 1260256547792
113.26829 85.65314 -8.17611 6.5798974 -32.32747 -11.038037 1260256547796
113.26829 85.65314 -8.17611 -2.0635195 -14.301146 -10.804946 1260256547799
116.35487 87.47048 -7.117305 -2.0635195 -14.301146 -10.804946 1260256547804
116.35487 87.47048 -7.117305 -2.6688542 -12.622948 -3.914877 1260256547813
117.93713 89.04696 -6.4614396 -2.6688542 -12.622948 -3.914877 1260256547819
117.93713 89.04696 -6.4614396 -0.18493617 -20.735332 -1.998445 1260256547822
117.74028 90.14461 -6.3383675 -0.18493617 -20.735332 -1.998445 1260256547833
117.74028 90.14461 -6.3383675 -1.2079077 -16.08657 -8.568509 1260256547839
114.753265 88.08738 -8.071449 -1.2079077 -16.08657 -8.568509 1260256547842
114.753265 88.08738 -8.071449 -12.715481 -4.823286 -1.4992104 1260256547850
111.1656 83.433014 -10.117877 -12.715481 -4.823286 -1.4992104 1260256547855
111.1656 83.433014 -10.117877 1.0721049 -9.00009 5.741425 1260256547858
107.95732 78.211365 -11.561983 1.0721049 -9.00009 5.741425 1260256547872
107.95732 78.211365 -11.561983 1.4185324 0.76139784 2.6497803 1260256547875
104.809456 73.1008 -12.983884 1.4185324 0.76139784 2.6497803 1260256547884
104.809456 73.1008 -12.983884 -12.432024 12.609402 2.6021843 1260256547891
101.068985 68.39576 -14.98469 -12.432024 12.609402 2.6021843 1260256547900
101.068985 68.39576 -14.98469 -17.205267 11.305498 0.9430299 1260256547903
96.46554 64.725975 -17.635456 -17.205267 11.305498 0.9430299 1260256547913
96.46554 64.725975 -17.635456 -3.9060106 -7.9437895 4.0748777 1260256547919
92.09226 62.389675 -20.353683 -3.9060106 -7.9437895 4.0748777 1260256547928
92.09226 62.389675 -20.353683 -23.371336 -0.24672556 1.4072992 1260256547935
88.98765 66.020195 -21.585999 -23.371336 -0.24672556 1.4072992 1260256547954
88.98765 66.020195 -21.585999 -15.194864 -11.023976 8.1795635 1260256547957
86.488266 68.36919 -21.656698 -15.194864 -11.023976 8.1795635 1260256547968
86.488266 68.36919 -21.656698 -10.789763 -10.851889 -7.1262407 1260256547971
84.36385 70.05073 -21.073864 -10.789763 -10.851889 -7.1262407 1260256547991
84.36385 70.05073 -21.073864 -11.757887 -29.204926 -5.9455767 1260256547994
93.59566 71.39819 -20.320171 -11.757887 -29.204926 -5.9455767 1260256548012
93.59566 71.39819 -20.320171 -12.297869 -29.767849 -1.457855 1260256548016
98.81587 72.72829 -19.704163 -12.297869 -29.767849 -1.457855 1260256548028
98.81587 72.72829 -19.704163 -10.32064 -16.590693 -5.840347 1260256548037
102.97508 73.09187 -19.168955 -10.32064 -16.590693 -5.840347 1260256548049
102.97508 73.09187 -19.168955 -6.441386 -13.232325 -5.248922 1260256548052
106.976326 73.33728 -18.610508 -6.441386 -13.232325 -5.248922 1260256548071
106.976326 73.33728 -18.610508 -0.6079526 -10.871774 -1.5810838 1260256548074
110.87751 73.47041 -17.979982 -0.6079526 -10.871774 -1.5810838 1260256548093
110.87751 73.47041 -17.979982 5.444676 -8.919386 1.9037712 1260256548097
114.38364 73.44689 -17.330984 5.444676 -8.919386 1.9037712 1260256548108
114.38364 73.44689 -17.330984 8.233919 -7.245452 4.5771165 1260256548111
