140.96532 34.447002 31.380024 -1.0356674 -2.086214 1.7958907 1260256608861
140.96532 34.447002 31.380024 8.283531 -5.657298 -6.628496 1260256608882
141.96706 33.924652 32.911022 8.283531 -5.657298 -6.628496 1260256608885
141.96706 33.924652 32.911022 18.407234 -9.718959 1.7995594 1260256608893
143.81871 33.22842 34.56547 18.407234 -9.718959 1.7995594 1260256608903
143.81871 33.22842 34.56547 8.28496 -12.688685 4.1706924 1260256608932
140.62778 32.066998 35.587196 8.28496 -12.688685 4.1706924 1260256608938
140.62778 32.066998 35.587196 -0.97681093 -7.5191393 0.9561205 1260256608941
136.3964 30.213648 36.807835 -0.97681093 -7.5191393 0.9561205 1260256608944
136.3964 30.213648 36.807835 -1.4803982 9.809448 5.705306 1260256608953
132.92657 27.602966 36.71744 -1.4803982 9.809448 5.705306 1260256608956
132.92657 27.602966 36.71744 -3.8303304 -3.3448515 1.2119274 1260256608962
130.13025 24.472818 35.28157 -3.8303304 -3.3448515 1.2119274 1260256608969
130.13025 24.472818 35.28157 -5.225073 11.279022 1.650289 1260256608974
127.72374 21.749178 32.917492 -5.225073 11.279022 1.650289 1260256608978
127.72374 21.749178 32.917492 7.5019255 3.413167 8.889692 1260256608984
125.087555 20.71172 30.171618 7.5019255 3.413167 8.889692 1260256608990
125.087555 20.71172 30.171618 -16.364893 -9.863662 16.844437 1260256608996
122.13318 20.776134 27.313036 -16.364893 -9.863662 16.844437 1260256608999
122.13318 20.776134 27.313036 -2.5885057 -18.093975 20.682098 1260256609003
119.07652 21.837328 24.697384 -2.5885057 -18.093975 20.682098 1260256609031
119.07652 21.837328 24.697384 -15.424266 -19.534845 8.081056 1260256609034
116.122696 23.84546 22.462515 -15.424266 -19.534845 8.081056 1260256609046
116.122696 23.84546 22.462515 -14.025324 -15.748019 6.6559606 1260256609049
113.86656 27.803188 20.73939 -14.025324 -15.748019 6.6559606 1260256609247
113.86656 27.803188 20.73939 4.1024985 -29.387148 -0.039649963 1260256609253
113.073235 32.463028 19.65242 4.1024985 -29.387148 -0.039649963 1260256609262
113.073235 32.463028 19.65242 6.436701 -29.366571 -9.276196 1260256609266
113.719574 37.889877 18.9198 6.436701 -29.366571 -9.276196 1260256609270
113.719574 37.889877 18.9198 2.7853575 -17.276417 -9.075004 1260256609278
115.6336 43.845383 18.37381 2.7853575 -17.276417 -9.075004 1260256609284
115.6336 43.845383 18.37381 -1.3284974 -7.842541 -12.576684 1260256609288
119.55192 50.203114 17.85512 -1.3284974 -7.842541 -12.576684 1260256609291
119.55192 50.203114 17.85512 -5.615342 -2.5491016 -14.010517 1260256609299
118.02432 39.042957 17.062365 -5.615342 -2.5491016 -14.010517 1260256609303
118.02432 39.042957 17.062365 -9.2445545 -8.009599 -12.609181 1260256609308
120.12311 30.340809 15.109246 -9.2445545 -8.009599 -12.609181 1260256609311
120.12311 30.340809 15.109246 3.1940353 13.060765 -7.6232324 1260256609314
119.066956 26.673769 12.553783 3.1940353 13.060765 -7.6232324 1260256609326
119.066956 26.673769 12.553783 -4.985815 -4.1976953 3.9555392 1260256609329
116.913605 33.690083 11.676094 -4.985815 -4.1976953 3.9555392 1260256609332
116.913605 33.690083 11.676094 -8.720257 -10.19827 -16.178364 1260256609345
123.967926 23.405579 10.04229 -8.720257 -10.19827 -16.178364 1260256609348
123.967926 23.405579 10.04229 -8.997645 10.947129 -7.418236 1260256609354
131.76953 14.285299 6.090175 -8.997645 10.947129 -7.418236 1260256609366
131.76953 14.285299 6.090175 -8.294961 -7.268253 -1.6647024 1260256609369
127.331055 13.971034 3.8856664 -8.294961 -7.268253 -1.6647024 1260256609372
127.331055 13.971034 3.8856664 -15.272749 -11.571919 9.67672 1260256609382
123.164505 14.572482 2.4413831 -15.272749 -11.571919 9.67672 1260256609385
123.164505 14.572482 2.4413831 -2.8107295 -18.610952 20.621532 1260256609391
119.10628 15.843858 1.369314 -2.8107295 -18.610952 20.621532 1260256609402
119.10628 15.843858 1.369314 0.58508587 -16.70567 17.833632 1260256609406
115.300964 17.751665 0.55084825 0.58508587 -16.70567 17.833632 1260256609409
115.300964 17.751665 0.55084825 -1.9531612 -14.239469 18.690434 1260256609412
112.03592 20.514082 -0.026694179 -1.9531612 -14.239469 18.690434 1260256609417
112.03592 20.514082 -0.026694179 -4.6337037 -32.502964 4.6674623 1260256609426
109.884125 24.488379 -0.3253595 -4.6337037 -32.502964 4.6674623 1260256609432
109.884125 24.488379 -0.3253595 -5.0121727 -13.304317 4.6998086 1260256609436
110.58992 29.66396 -0.10909151 -5.0121727 -13.304317 4.6998086 1260256609440
110.58992 29.66396 -0.10909151 0.4312607 -5.6696634 -13.782046 1260256609443
113.66042 35.480762 0.49636307 0.4312607 -5.6696634 -13.782046 1260256609466
113.66042 35.480762 0.49636307 9.311599 -4.7554703 -23.163532 1260256609470
117.7274 41.406723 1.2215449 9.311599 -4.7554703 -23.163532 1260256609486
117.7274 41.406723 1.2215449 15.24218 -4.9052763 -22.879656 1260256609490
121.591034 47.28639 1.8104676 15.24218 -4.9052763 -22.879656 1260256609506
121.591034 47.28639 1.8104676 14.218897 -6.055528 -16.88174 1260256609510
122.76148 52.92207 1.8699442 14.218897 -6.055528 -16.88174 1260256609526
122.76148 52.92207 1.8699442 10.03216 -8.981882 -9.471727 1260256609530
118.17341 51.475967 -1.473553 10.03216 -8.981882 -9.471727 1260256609547
118.17341 51.475967 -1.473553 -14.343759 -11.241007 1.016478 1260256609551
114.76474 49.40217 -3.0998755 -14.343759 -11.241007 1.016478 1260256609566
114.76474 49.40217 -3.0998755 -8.649021 4.8329 5.7175517 1260256609570
111.5765 47.63206 -4.2448816 -8.649021 4.8329 5.7175517 1260256609586
111.5765 47.63206 -4.2448816 -2.147873 -1.0746417 25.065287 1260256609590
108.59767 46.20046 -5.2826376 -2.147873 -1.0746417 25.065287 1260256609606
108.59767 46.20046 -5.2826376 -4.308646 -17.542149 22.306694 1260256609610
105.76779 45.390434 -6.318506 -4.308646 -17.542149 22.306694 1260256609632
105.76779 45.390434 -6.318506 -12.291113 -23.33185 22.411562 1260256609636
103.2294 45.220913 -7.4525805 -12.291113 -23.33185 22.411562 1260256609646
103.2294 45.220913 -7.4525805 -20.36679 -25.063871 14.582958 1260256609650
101.31793 45.959866 -8.529951 -20.36679 -25.063871 14.582958 1260256609666
101.31793 45.959866 -8.529951 -16.498213 -25.017876 5.095461 1260256609670
101.102036 49.56187 -8.803453 -16.498213 -25.017876 5.095461 1260256609692
101.102036 49.56187 -8.803453 -10.403724 -10.657829 -13.689808 1260256609695
102.74693 53.683777 -8.4132805 -10.403724 -10.657829 -13.689808 1260256609706
102.74693 53.683777 -8.4132805 -8.7425995 -15.029245 -10.865695 1260256609710
106.00959 58.099586 -7.6426163 -8.7425995 -15.029245 -10.865695 1260256609729
106.00959 58.099586 -7.6426163 -6.1768174 -27.64072 -22.228403 1260256609733
109.709114 62.544605 -6.8104854 -6.1768174 -27.64072 -22.228403 1260256609749
109.709114 62.544605 -6.8104854 0.026427269 -14.031033 -16.939577 1260256609753
112.87366 66.91737 -6.1199613 0.026427269 -14.031033 -16.939577 1260256609766
112.87366 66.91737 -6.1199613 5.297237 -6.705162 -31.00623 1260256609770
114.42998 71.1715 -5.763963 5.297237 -6.705162 -31.00623 1260256609786
114.42998 71.1715 -5.763963 5.2986593 -20.802498 -26.663208 1260256609790
112.85848 75.262924 -6.075765 5.2986593 -20.802498 -26.663208 1260256609807
112.85848 75.262924 -6.075765 -2.2449954 -7.5313325 -7.6865807 1260256609810
108.365555 79.09978 -7.871977 -2.2449954 -7.5313325 -7.6865807 1260256609826
108.365555 79.09978 -7.871977 -19.033009 -1.291606 -7.8048716 1260256609830
104.69727 77.24479 -9.628378 -19.033009 -1.291606 -7.8048716 1260256609846
104.69727 77.24479 -9.628378 -9.255264 -20.571161 7.6528263 1260256609850
101.31241 75.33255 -10.496959 -9.255264 -20.571161 7.6528263 1260256610043
101.31241 75.33255 -10.496959 -3.1203136 -15.483353 11.6408205 1260256610046
98.14679 73.61592 -11.022111 -3.1203136 -15.483353 11.6408205 1260256610049
98.14679 73.61592 -11.022111 -1.3857555 -10.644603 20.444035 1260256610052
95.13945 72.33513 -11.271006 -1.3857555 -10.644603 20.444035 1260256610056
95.13945 72.33513 -11.271006 1.1903076 -22.140938 15.961994 1260256610070
92.43248 71.66837 -11.507456 1.1903076 -22.140938 15.961994 1260256610074
92.43248 71.66837 -11.507456 2.4011025 -24.683697 5.99037 1260256610083
91.360855 73.43495 -11.582083 2.4011025 -24.683697 5.99037 1260256610087
91.360855 73.43495 -11.582083 4.7298784 -5.4235725 -4.689613 1260256610091
93.79281 76.66321 -10.902979 4.7298784 -5.4235725 -4.689613 1260256610105
93.79281 76.66321 -10.902979 10.425415 -20.43227 -12.571983 1260256610109
98.40317 80.58005 -9.90783 10.425415 -20.43227 -12.571983 1260256610112
98.40317 80.58005 -9.90783 7.984274 -0.549201 -23.593872 1260256610120
104.23301 84.751045 -8.912438 7.984274 -0.549201 -23.593872 1260256610123
104.23301 84.751045 -8.912438 -0.15959549 -8.018691 -16.323936 1260256610129
109.47136 88.81349 -8.066816 -0.15959549 -8.018691 -16.323936 1260256610132
109.47136 88.81349 -8.066816 -6.092065 -13.361986 -24.835783 1260256610141
110.44779 92.37282 -7.7634754 -6.092065 -13.361986 -24.835783 1260256610146
110.44779 92.37282 -7.7634754 -10.427286 3.2346168 -17.018307 1260256610150
107.875404 93.80418 -8.625301 -10.427286 3.2346168 -17.018307 1260256610153
107.875404 93.80418 -8.625301 -11.888979 -5.6822443 -9.602528 1260256610167
104.481636 91.563965 -9.294036 -11.888979 -5.6822443 -9.602528 1260256610170
104.481636 91.563965 -9.294036 -8.52365 -10.256226 19.081018 1260256610180
101.157555 89.03577 -9.679334 -8.52365 -10.256226 19.081018 1260256610183
101.157555 89.03577 -9.679334 -6.1130276 -27.24833 15.505316 1260256610189
97.99968 86.53398 -9.945367 -6.1130276 -27.24833 15.505316 1260256610192
97.99968 86.53398 -9.945367 -3.3113961 -10.304425 22.062027 1260256610200
94.94969 84.25728 -10.298099 -3.3113961 -10.304425 22.062027 1260256610203
94.94969 84.25728 -10.298099 0.15637875 -21.37955 22.611576 1260256610210
92.502205 82.994415 -11.133194 0.15637875 -21.37955 22.611576 1260256610219
92.502205 82.994415 -11.133194 3.8369741 -20.672092 3.7750795 1260256610222
93.327095 85.444695 -11.126534 3.8369741 -20.672092 3.7750795 1260256610225
93.327095 85.444695 -11.126534 7.060115 -4.6710663 -9.9752445 1260256610228
97.46074 88.52246 -10.320208 7.060115 -4.6710663 -9.9752445 1260256610231
97.46074 88.52246 -10.320208 9.800697 -17.650517 -24.034834 1260256610234
102.7377 91.54634 -9.254197 9.800697 -17.650517 -24.034834 1260256610255
102.7377 91.54634 -9.254197 4.315736 -12.059883 -17.250378 1260256610258
107.65082 94.01903 -8.191487 4.315736 -12.059883 -17.250378 1260256610262
107.65082 94.01903 -8.191487 -2.545908 -17.568096 -26.342415 1260256610274
110.86828 95.71808 -7.331913 -2.545908 -17.568096 -26.342415 1260256610287
110.86828 95.71808 -7.331913 -4.449293 -31.352425 -15.77239 1260256610290
110.524864 96.63217 -7.1653175 -4.449293 -31.352425 -15.77239 1260256610307
110.524864 96.63217 -7.1653175 -9.064776 -27.448067 -13.570155 1260256610310
107.69862 95.250565 -7.857052 -9.064776 -27.448067 -13.570155 1260256610326
107.69862 95.250565 -7.857052 -16.501163 -25.749657 0.55586857 1260256610330
104.11369 92.48804 -9.064199 -16.501163 -25.749657 0.55586857 1260256610346
104.11369 92.48804 -9.064199 -13.631992 -2.8370314 12.250835 1260256610349
100.50801 88.86363 -10.510989 -13.631992 -2.8370314 12.250835 1260256610366
100.50801 88.86363 -10.510989 -3.109892 -14.1676445 10.997032 1260256610370
96.93261 84.77045 -11.93544 -3.109892 -14.1676445 10.997032 1260256610386
96.93261 84.77045 -11.93544 -6.1640596 -2.6940565 6.862089 1260256610390
93.085976 80.831924 -13.588668 -6.1640596 -2.6940565 6.862089 1260256610406
93.085976 80.831924 -13.588668 -18.877327 5.738392 13.630474 1260256610410
89.881676 78.990326 -15.159234 -18.877327 5.738392 13.630474 1260256610426
89.881676 78.990326 -15.159234 -12.861692 -3.264894 8.929898 1260256610430
90.28759 80.69081 -14.751272 -12.861692 -3.264894 8.929898 1260256610449
90.28759 80.69081 -14.751272 -9.943525 -6.336643 -9.115838 1260256610453
94.32321 82.60627 -13.6137085 -9.943525 -6.336643 -9.115838 1260256610469
94.32321 82.60627 -13.6137085 -5.218853 -28.596693 -8.138145 1260256610472
99.85705 84.525955 -12.283023 -5.218853 -28.596693 -8.138145 1260256610493
99.85705 84.525955 -12.283023 9.263947 -27.194374 -22.004581 1260256610497
105.464195 86.44966 -10.8188715 9.263947 -27.194374 -22.004581 1260256610506
105.464195 86.44966 -10.8188715 17.615305 -13.724008 -12.940172 1260256610510
108.790985 87.877174 -9.527928 17.615305 -13.724008 -12.940172 1260256610526
108.790985 87.877174 -9.527928 6.879452 -20.07885 -17.773932 1260256610530
109.901436 89.08331 -8.351532 6.879452 -20.07885 -17.773932 1260256610547
109.901436 89.08331 -8.351532 -4.0762167 -26.19507 -7.573066 1260256610550
109.306366 89.779144 -7.5339556 -4.0762167 -26.19507 -7.573066 1260256610566
109.306366 89.779144 -7.5339556 -7.1504116 -24.206656 -3.304697 1260256610570
107.19105 89.24019 -7.507258 -7.1504116 -24.206656 -3.304697 1260256610587
107.19105 89.24019 -7.507258 -10.320061 -18.883087 2.535211 1260256610590
103.88149 86.57818 -9.231895 -10.320061 -18.883087 2.535211 1260256610606
103.88149 86.57818 -9.231895 -6.032756 5.9291553 1.0696434 1260256610610
100.73742 81.79927 -11.220301 -6.032756 5.9291553 1.0696434 1260256610626
100.73742 81.79927 -11.220301 1.8036022 0.44120896 8.801787 1260256610630
98.35055 76.60931 -12.859285 1.8036022 0.44120896 8.801787 1260256610646
98.35055 76.60931 -12.859285 -13.399082 -3.4113703 12.632666 1260256610840
95.28302 71.82884 -14.816321 -13.399082 -3.4113703 12.632666 1260256610843
95.28302 71.82884 -14.816321 -20.95974 1.5323353 14.481471 1260256610847
108.368866 67.6874 -17.375505 -20.95974 1.5323353 14.481471 1260256610850
108.368866 67.6874 -17.375505 -7.012474 13.050354 6.713684 1260256610853
120.25043 64.55303 -20.55673 -7.012474 13.050354 6.713684 1260256610857
120.25043 64.55303 -20.55673 -28.845596 -11.4328 2.7602355 1260256610874
132.18791 69.12538 -22.828894 -28.845596 -11.4328 2.7602355 1260256610883
132.18791 69.12538 -22.828894 -11.526966 -8.355291 -8.178044 1260256610887
126.328514 72.46912 -23.937449 -11.526966 -8.355291 -8.178044 1260256610892
126.328514 72.46912 -23.937449 -6.2057257 -13.079105 -6.7276335 1260256610899
120.36209 74.74566 -24.040577 -6.2057257 -13.079105 -6.7276335 1260256610905
120.36209 74.74566 -24.040577 -1.8706579 -15.201582 -0.18669748 1260256610908
129.49399 76.358376 -23.588549 -1.8706579 -15.201582 -0.18669748 1260256610911
129.49399 76.358376 -23.588549 3.0408401 -33.294678 -3.4054344 1260256610920
137.06929 77.69046 -22.959122 3.0408401 -33.294678 -3.4054344 1260256610927
137.06929 77.69046 -22.959122 2.5427737 -34.36753 0.67328095 1260256610930
142.46582 79.105934 -22.511166 2.5427737 -34.36753 0.67328095 1260256610933
142.46582 79.105934 -22.511166 -1.4366508 -20.554234 3.2414668 1260256610949
145.74252 80.50064 -22.135607 -1.4366508 -20.554234 3.2414668 1260256610954
145.74252 80.50064 -22.135607 -5.0044117 -15.316419 -7.56909 1260256610958
147.3054 81.87561 -21.828827 -5.0044117 -15.316419 -7.56909 1260256610961
147.3054 81.87561 -21.828827 -7.9444785 -24.364807 -12.867226 1260256610964
148.09013 83.13183 -21.537386 -7.9444785 -24.364807 -12.867226 1260256610980
148.09013 83.13183 -21.537386 -9.934659 -29.682892 -3.2370114 1260256610983
148.18562 84.32523 -21.310516 -9.934659 -29.682892 -3.2370114 1260256610996
148.18562 84.32523 -21.310516 -11.410822 -22.181313 6.051922 1260256610999
147.32634 85.70897 -21.34499 -11.410822 -22.181313 6.051922 1260256611002
147.32634 85.70897 -21.34499 -11.580501 -6.1389422 4.908354 1260256611009
145.46002 84.27352 -21.87774 -11.580501 -6.1389422 4.908354 1260256611012
145.46002 84.27352 -21.87774 -7.2381716 -14.802058 9.311622 1260256611015
143.03702 82.40984 -22.783854 -7.2381716 -14.802058 9.311622 1260256611021
143.03702 82.40984 -22.783854 1.3004093 -12.925446 -3.035569 1260256611024
140.58517 80.28935 -23.494661 1.3004093 -12.925446 -3.035569 1260256611029
140.58517 80.28935 -23.494661 5.3103514 4.9448514 3.3560464 1260256611033
