140.82968 30.23424 22.371368 1260256660819
142.98819 30.322527 23.3528 1260256660827
143.63878 30.3064 24.28516 1260256660838
143.80684 30.241081 25.170902 1260256660848
143.3665 30.129026 26.012358 1260256660854
142.34818 29.922575 26.91174 1260256660887
140.83076 29.476446 27.866152 1260256660904
137.93922 28.652624 28.972845 1260256660910
133.79227 26.519993 29.174202 1260256660921
130.40265 23.243994 27.815493 1260256660933
127.48251 19.881794 25.724718 1260256660946
124.85839 17.087704 23.138483 1260256660961
121.915474 15.883319 19.681559 1260256660970
118.3197 16.089153 16.04748 1260256660988
114.70372 17.534695 13.145105 1260256661165
111.66853 22.50796 11.13785 1260256661182
109.88511 27.232561 9.980957 1260256661189
110.09085 32.420933 9.531909 1260256661201
111.58631 37.899887 9.355313 1260256661210
113.756996 43.604893 9.237548 1260256661221
115.26915 49.474648 8.925671 1260256661230
126.955696 55.850914 8.129387 1260256661242
130.75792 45.658367 6.1229177 1260256661248
130.72002 40.87545 3.8667717 1260256661265
129.13402 36.781677 1.5734329 1260256661279
124.177315 34.042595 -1.3552389 1260256661288
135.86845 32.940464 -4.987477 1260256661299
130.27502 38.14344 -6.8381033 1260256661308
126.41127 42.486267 -7.346198 1260256661324
125.04071 46.861954 -7.078888 1260256661333
128.03868 51.218857 -6.4749436 1260256661346
131.58675 55.507915 -5.8011966 1260256661359
133.90741 59.73252 -5.211137 1260256661371
134.71204 63.895897 -4.8505797 1260256661385
133.22644 68.0011 -4.9580507 1260256661403
128.66512 72.251045 -5.910148 1260256661418
139.93185 76.78849 -8.41464 1260256661439
133.53526 73.09907 -11.743908 1260256661461
128.6585 69.54411 -13.756713 1260256661478
124.22557 66.51691 -15.218878 1260256661498
119.86429 64.04106 -16.557934 1260256661520
115.62107 62.389008 -17.830038 1260256661542
111.640015 61.669556 -18.938536 1260256661559
108.958015 64.73608 -19.341608 1260256661578
109.16012 68.04927 -18.724527 1260256661601
112.20211 71.7468 -17.4883 1260256661618
116.592 75.60947 -16.013885 1260256661637
120.8124 79.479 -14.663191 1260256661660
123.17178 83.20505 -13.680031 1260256661682
121.01319 86.844795 -13.69603 1260256661698
115.762535 90.45255 -16.261229 1260256661717
111.374405 86.579926 -18.298168 1260256661740
107.45568 82.95093 -19.48326 1260256661923
103.732895 79.80338 -20.359097 1260256661937
100.24625 77.413216 -21.041142 1260256661947
97.133934 75.79256 -21.589085 1260256661960
95.127235 75.10293 -21.90963 1260256661970
95.57088 77.24778 -21.464148 1260256661981
98.392334 79.935394 -20.39094 1260256661987
102.47272 82.93862 -19.021393 1260256661999
107.09908 86.04169 -17.570324 1260256662008
111.09413 89.1396 -16.291807 1260256662021
113.18942 92.182625 -15.477217 1260256662033
111.929955 94.973495 -15.653356 1260256662045
108.58346 92.12482 -17.470688 1260256662053
105.05428 89.218575 -18.447153 1260256662066
101.50157 86.507645 -18.924795 1260256662079
98.07649 84.282265 -19.078556 1260256662091
94.92267 82.66815 -19.074629 1260256662103
92.276535 81.63474 -19.120897 1260256662122
91.01271 83.05301 -19.164852 1260256662131
92.612076 85.10036 -18.756609 1260256662144
96.331474 87.89534 -17.768778 1260256662161
101.3649 90.90057 -16.48034 1260256662178
106.49665 93.855545 -15.206322 1260256662201
110.77182 96.46277 -14.096005 1260256662218
113.33323 98.43963 -13.391205 1260256662241
112.86657 99.31765 -13.221644 1260256662259
109.52324 97.801765 -13.560562 1260256662278
105.49708 95.36168 -14.082534 1260256662300
101.57223 92.293594 -14.578407 1260256662317
97.79362 88.92892 -15.099487 1260256662341
94.103935 85.58247 -15.594513 1260256662358
90.94874 83.65335 -16.314787 1260256662385
91.6013 85.12068 -15.849048 1260256662397
96.071236 87.41465 -14.656595 1260256662421
101.367676 89.84392 -13.273766 1260256662467
107.04929 92.30172 -11.810078 1260256662491
111.84683 94.636635 -10.419574 1260256662504
114.60449 96.75481 -9.348595 1260256662513
115.02427 98.31707 -8.731165 1260256662688
112.623055 99.301216 -9.244607 1260256662702
108.5419 95.73615 -11.382377 1260256662712
105.36481 90.59934 -12.963258 1260256662723
102.79657 85.069374 -14.115095 1260256662732
100.15674 79.8159 -15.3093405 1260256662744
96.5989 75.17511 -17.193874 1260256662751
91.968956 71.66635 -19.88418 1260256662765
87.57051 69.18304 -22.28997 1260256662771
83.99198 72.77389 -23.675472 1260256662784
81.242386 75.285194 -24.041698 1260256662801
78.380264 77.12093 -23.789614 1260256662808
91.911255 78.56489 -23.350134 1260256662820
103.11569 79.786644 -22.832626 1260256662828
111.35991 80.84731 -22.240995 1260256662842
117.44192 80.85495 -21.578945 1260256662853
121.36982 80.9122 -20.899998 1260256662865
123.80133 80.91659 -20.304998 1260256662879
125.36127 80.820755 -19.839748 1260256662892
126.4932 80.629715 -19.49776 1260256662906
127.26854 80.298225 -19.272873 1260256662928
127.805115 79.733315 -19.15923 1260256662940
128.01486 78.84665 -19.251268 1260256662958
