135.96811 32.705524 31.948503 1260256625088
132.2197 30.420248 31.251078 1260256625099
128.80872 27.649235 29.638523 1260256625106
125.66828 24.916773 27.456596 1260256625114
122.634865 23.270935 24.533766 1260256625126
119.453125 23.057388 21.507078 1260256625134
116.58047 23.95452 19.031725 1260256625149
114.35144 25.756794 17.030138 1260256625183
113.08387 28.268953 15.628631 1260256625193
112.87968 31.505507 14.797199 1260256625205
113.43569 35.480232 14.2573395 1260256625214
114.713905 40.20622 13.9944725 1260256625228
116.72821 45.84591 13.794749 1260256625242
116.8918 34.80361 13.105012 1260256625252
117.99721 26.163431 11.849761 1260256625263
118.997345 18.855259 10.157273 1260256625274
120.39748 11.562496 7.8494096 1260256625289
130.1776 10.084372 3.8569388 1260256625302
124.768715 16.580153 1.3140918 1260256625321
121.43028 21.451145 0.4483872 1260256625338
118.70877 25.828588 0.37596783 1260256625358
116.77333 30.437159 0.80716944 1260256625382
115.43466 35.1153 1.566811 1260256625405
116.162926 39.909534 2.3884704 1260256625424
118.75478 44.86406 3.2690468 1260256625446
121.417046 49.770855 4.1555943 1260256625461
124.146194 54.682312 4.9478145 1260256625480
135.18889 43.198196 5.750424 1260256625504
132.87944 38.78829 4.7129025 1260256625521
128.53546 36.598873 3.5772574 1260256625544
124.45869 37.91893 3.3483946 1260256625563
121.585754 40.922985 3.5809748 1260256625752
119.85647 44.226837 3.901926 1260256625769
119.61365 47.915497 4.40683 1260256625781
120.23296 51.919724 4.9864883 1260256625788
121.621315 56.373737 5.437164 1260256625800
123.59025 61.10505 5.8653054 1260256625809
125.410736 65.9498 6.07204 1260256625823
122.6402 71.35231 5.668438 1260256625831
127.25819 60.284695 2.685016 1260256625844
124.29528 56.52046 0.60076505 1260256625853
121.03052 53.844437 -0.9292732 1260256625868
117.52899 52.002216 -2.2328095 1260256625885
113.952545 50.952106 -3.3211691 1260256625891
110.55492 51.0045 -4.3051105 1260256625908
108.32717 53.654278 -4.789855 1260256625922
108.76081 57.071564 -4.5003624 1260256625933
111.72277 61.067986 -3.6753442 1260256625947
115.83663 65.26459 -2.691577 1260256625967
119.7948 69.40136 -1.7069981 1260256625974
122.50506 73.43129 -1.0216482 1260256625987
119.77981 76.80972 -1.9205657 1260256626002
116.19082 73.26923 -3.3745375 1260256626013
112.931274 70.105774 -4.1558104 1260256626028
109.83471 67.50049 -4.79802 1260256626041
106.84297 65.57546 -5.508119 1260256626061
103.95082 64.24669 -6.432713 1260256626078
100.803276 62.884354 -7.8110776 1260256626098
97.46311 61.390137 -9.470524 1260256626119
94.039955 60.02063 -11.296998 1260256626136
91.18796 59.419598 -12.782148 1260256626159
90.07856 62.49862 -13.493041 1260256626178
91.57463 65.62369 -13.468389 1260256626201
95.0459 68.8925 -12.894969 1260256626218
99.1436 72.24788 -12.150221 1260256626240
102.93642 75.535484 -11.39271 1260256626259
105.98959 78.75871 -10.773074 1260256626285
107.24011 81.92078 -10.53442 1260256626301
105.878105 85.12474 -11.007699 1260256626317
101.7842 88.718506 -12.657314 1260256626507
96.744995 92.78258 -15.824449 1260256626523
92.30775 88.54345 -18.833225 1260256626531
88.79236 85.46628 -20.491564 1260256626544
85.90274 83.592964 -20.966986 1260256626551
83.25761 82.36332 -20.818636 1260256626563
80.74473 81.59515 -20.377705 1260256626572
78.557495 80.96539 -19.808819 1260256626583
76.62962 80.36713 -19.368378 1260256626592
75.348145 80.09877 -18.949959 1260256626606
76.63074 82.093834 -18.452461 1260256626620
80.2992 85.73914 -17.479837 1260256626629
86.03424 89.75219 -16.305845 1260256626641
91.932526 93.76458 -15.240553 1260256626650
95.1859 96.97635 -14.428525 1260256626663
95.3766 98.32753 -14.107099 1260256626670
92.70777 97.21115 -14.001743 1260256626686
89.672386 95.35059 -13.801656 1260256626702
86.788765 93.33306 -13.461573 1260256626714
84.14933 91.46641 -13.088494 1260256626732
82.04186 90.24309 -12.834069 1260256626747
83.08977 91.730934 -12.542366 1260256626765
87.38528 95.244385 -11.765247 1260256626788
93.766014 98.93217 -10.826985 1260256626799
98.77771 102.03556 -9.9356365 1260256626818
101.83882 103.933784 -9.138855 1260256626841
100.49688 103.787094 -8.931912 1260256626858
97.22204 101.397736 -9.035316 1260256626876
93.810936 98.42785 -9.183551 1260256626898
90.67039 95.95646 -9.474373 1260256626917
92.13687 97.108635 -9.150654 1260256626940
96.18003 99.1032 -8.443121 1260256626961
100.27103 100.79804 -7.6709647 1260256626985
103.857475 102.00814 -6.9874163 1260256627000
104.5646 102.55773 -6.5380454 1260256627023
102.48637 102.42985 -6.561143 1260256627043
99.112045 100.258354 -7.433086 1260256627058
95.30644 96.79543 -8.761432 1260256627079
91.44112 93.00566 -10.17336 1260256627269
88.41906 91.055374 -11.314692 1260256627286
88.2981 91.95261 -11.098957 1260256627298
91.0832 93.05498 -10.39401 1260256627308
94.52904 94.20223 -9.62431 1260256627319
97.40259 95.24212 -8.893094 1260256627326
98.782455 96.13001 -8.348439 1260256627334
98.043335 96.87351 -8.431017 1260256627347
95.241165 94.92984 -9.559466 1260256627358
91.57911 91.03335 -11.081493 1260256627369
87.85015 86.53168 -12.577418 1260256627383
84.70764 84.0051 -13.698547 1260256627392
84.62226 84.80484 -13.06362 1260256627404
86.791145 86.014595 -12.110438 1260256627414
89.101585 87.163864 -11.254916 1260256627426
91.496506 88.45567 -10.39217 1260256627450
92.52168 89.58289 -9.922562 1260256627481
92.1956 90.753746 -10.026434 1260256627488
90.78582 91.816055 -10.575112 1260256627506
88.29653 87.925255 -11.646357 1260256627518
86.3317 82.67899 -12.364038 1260256627527
84.46512 77.445045 -13.195837 1260256627543
81.941864 72.57279 -14.536045 1260256627550
77.94477 68.344154 -16.809242 1260256627568
91.19753 64.77695 -19.91878 1260256627589
104.28766 62.1381 -22.82284 1260256627601
99.473274 66.5312 -24.681698 1260256627616
95.49961 69.65464 -25.397614 1260256627646
106.02463 71.82191 -25.277733 1260256627662
114.2734 73.58081 -24.863846 1260256627683
121.70973 73.55177 -24.420654 1260256627701
127.92425 73.42419 -24.149622 1260256627717
130.77803 73.102974 -24.042141 1260256627738
131.73914 72.747826 -24.040033 1260256627761
132.25218 72.41043 -24.038033 1260256627783
132.28957 71.93991 -24.08613 1260256627797
132.1751 71.392914 -24.131824 1260256627819
131.76634 70.573265 -24.225233 1260256627843
