139.02162 25.174026 27.382027 1260256664823
142.42055 24.765326 29.362925 1260256664830
146.94952 24.077059 31.794779 1260256664842
152.55205 23.073206 34.50504 1260256664851
160.42444 21.569546 36.82979 1260256664862
153.10321 19.291069 38.188297 1260256664871
147.89806 15.576515 37.928883 1260256664903
144.30315 11.147689 36.182438 1260256664921
141.48799 8.240304 33.323315 1260256664930
138.36359 7.3782887 29.757149 1260256665119
134.4954 7.8093743 26.069292 1260256665128
130.07063 9.218905 22.715828 1260256665143
125.7671 11.5579605 19.980036 1260256665160
122.17874 16.630062 18.031034 1260256665170
120.869804 22.098558 16.979483 1260256665181
121.77631 27.84363 16.430508 1260256665189
124.0875 33.851448 16.108982 1260256665200
126.68313 39.958878 15.803533 1260256665209
128.39897 46.110935 15.263356 1260256665221
135.17902 35.005386 13.900188 1260256665230
136.87007 26.805117 11.405179 1260256665241
134.27657 23.11486 8.93492 1260256665248
129.76274 20.259117 6.288174 1260256665261
141.1746 18.84616 2.6737654 1260256665272
134.81587 25.303852 -0.2599228 1260256665287
130.72508 30.43866 -1.4969267 1260256665299
129.03883 35.266727 -1.8720803 1260256665309
131.8369 40.203392 -1.8284763 1260256665320
134.49506 45.143223 -1.7370524 1260256665327
135.9703 50.18606 -1.7501998 1260256665339
135.47179 55.37676 -2.0126898 1260256665350
131.59819 60.65792 -2.8620553 1260256665367
142.66827 65.97502 -5.0189524 1260256665374
153.28487 63.32627 -8.568005 1260256665392
146.47063 61.259956 -10.639605 1260256665403
140.4471 59.646957 -11.907624 1260256665413
134.77475 58.414608 -12.912243 1260256665429
129.28601 57.69388 -13.766631 1260256665442
124.12171 57.359184 -14.6783 1260256665461
119.71563 60.641224 -15.544385 1260256665478
117.47985 63.85916 -15.717166 1260256665498
118.305855 67.5662 -15.081307 1260256665519
121.44056 71.58789 -13.977242 1260256665542
125.61853 75.65849 -12.72838 1260256665558
129.3876 79.625565 -11.591961 1260256665578
131.11823 83.494286 -10.862363 1260256665601
128.11232 87.41957 -10.919245 1260256665619
122.5567 90.64859 -12.773283 1260256665805
117.72887 88.01616 -14.434619 1260256665812
113.44242 85.56535 -15.212888 1260256665823
109.4203 83.28709 -15.652244 1260256665832
105.549286 81.32273 -15.969631 1260256665843
101.87182 79.7066 -16.42115 1260256665853
98.62823 78.571266 -17.150093 1260256665864
96.84682 80.74271 -17.54259 1260256665871
97.554474 83.455574 -17.21546 1260256665889
100.37675 86.5328 -16.404686 1260256665903
104.45791 89.70616 -15.334452 1260256665913
108.585014 92.92085 -14.267729 1260256665925
111.40576 96.12481 -13.454342 1260256665933
110.98547 99.318565 -13.181624 1260256665945
106.6862 102.40263 -14.022543 1260256665962
102.20189 104.4325 -15.921416 1260256665972
98.041794 101.41088 -17.025345 1260256665985
94.2397 98.69034 -17.474077 1260256666001
90.57771 96.15582 -17.650373 1260256666014
87.09883 93.74803 -17.867855 1260256666030
83.84389 91.66063 -18.474463 1260256666043
82.0517 93.4776 -19.25074 1260256666059
84.14911 95.75372 -18.888203 1260256666083
89.34165 98.16604 -17.793793 1260256666098
95.52457 100.45773 -16.504103 1260256666120
101.348335 102.434845 -15.278897 1260256666141
105.28092 104.0631 -14.414952 1260256666158
105.76688 105.35995 -14.344205 1260256666179
102.97853 106.54195 -15.426994 1260256666201
99.079605 102.96485 -17.055645 1260256666218
95.17562 98.76661 -18.252863 1260256666238
91.36684 94.37828 -19.24022 1260256666259
87.448494 90.209366 -20.278208 1260256666283
83.82607 87.4989 -21.414297 1260256666298
82.28477 88.77396 -21.343582 1260256666318
84.22053 90.035255 -20.426403 1260256666341
89.9095 91.38349 -19.255083 1260256666358
95.46403 92.914314 -17.992329 1260256666378
99.59083 94.3686 -16.892712 1260256666568
102.261284 95.70017 -16.048077 1260256666574
103.64822 96.76517 -15.345673 1260256666587
103.76581 97.52691 -14.928389 1260256666598
102.37752 98.30056 -15.131969 1260256666607
99.35864 95.58553 -16.62537 1260256666619
95.89071 91.30626 -18.5941 1260256666629
92.74617 86.44095 -19.964396 1260256666640
89.45886 81.7189 -21.366177 1260256666649
85.63592 77.582954 -23.097868 1260256666666
81.60412 74.50381 -25.142975 1260256666678
78.37391 77.82861 -26.435825 1260256666687
76.15521 79.98718 -26.614035 1260256666698
74.047455 81.43782 -26.083332 1260256666707
72.29508 82.56593 -25.329165 1260256666723
71.68033 83.537636 -24.612707 1260256666733
74.64631 84.460754 -23.98207 1260256666746
78.61399 84.23772 -23.282967 1260256666759
83.13329 84.02583 -22.468819 1260256666771
87.47663 83.72454 -21.545378 1260256666789
91.2528 83.08831 -20.71811 1260256666804
93.99016 82.08389 -20.182203 1260256666819
