176.39325 34.647114 13.441498 1260256428847
176.87358 34.81476 13.419423 1260256428859
176.9799 35.07402 13.298452 1260256428868
176.93091 35.220318 13.23353 1260256428879
177.23436 35.2593 13.271853 1260256428888
177.52264 35.346336 13.358261 1260256428899
178.64651 35.329018 13.590348 1260256428908
181.8142 35.112568 14.110831 1260256428918
186.27348 34.80694 14.75529 1260256428927
190.1598 34.56659 15.4675255 1260256428938
193.00182 34.58826 16.24415 1260256428947
194.10173 35.008846 16.931942 1260256428959
194.74664 35.708405 17.685345 1260256428968
195.50931 36.522984 18.601078 1260256429004
196.23384 37.296833 19.571024 1260256429014
196.82214 37.98199 20.542473 1260256429026
197.63104 38.382893 21.615349 1260256429033
189.04948 37.26375 22.184582 1260256429044
181.647 34.05056 20.875353 1260256429053
174.71465 30.848032 19.131586 1260256429066
168.17891 28.10563 17.075006 1260256429084
162.11996 26.400349 14.521256 1260256429091
156.91397 26.230331 11.795194 1260256429102
152.66827 27.268814 9.505434 1260256429111
149.38486 29.155373 7.8801622 1260256429122
147.46562 32.797604 6.936154 1260256429133
146.84235 36.507725 6.5893464 1260256429147
147.10023 40.732338 6.609879 1260256429158
147.99522 45.595722 6.8293853 1260256429169
149.29546 51.115936 6.987916 1260256429187
149.68068 40.01014 6.48852 1260256429199
148.99664 31.459633 4.964094 1260256429218
146.94681 23.536652 2.9658895 1260256429238
145.54947 15.409819 0.567595 1260256429261
155.922 5.6393275 -2.6607847 1260256429280
151.1259 12.507361 -4.3777456 1260256429298
148.9696 17.981993 -4.9588585 1260256429469
148.42113 22.582893 -4.9609156 1260256429482
149.15007 26.90375 -4.6128697 1260256429491
150.34256 31.008562 -4.182226 1260256429502
150.92543 35.008133 -3.9231148 1260256429509
150.42915 39.207726 -4.076959 1260256429522
148.4077 43.94734 -4.823111 1260256429529
143.43732 49.64997 -7.0819554 1260256429541
137.96545 46.467472 -10.127858 1260256429552
132.71718 42.9441 -11.721465 1260256429569
127.63132 39.996895 -12.935392 1260256429579
122.79975 37.84705 -14.138623 1260256429586
118.45976 36.654697 -15.481692 1260256429594
114.98677 36.52196 -16.757608 1260256429609
112.93743 37.395863 -17.669727 1260256429622
113.19056 41.27607 -17.686241 1260256429633
115.381035 45.412266 -16.80193 1260256429650
118.66198 49.89165 -15.561833 1260256429663
122.07888 54.49707 -14.283742 1260256429680
124.574936 59.122215 -13.319555 1260256429697
123.14619 64.0661 -13.303577 1260256429720
118.088875 52.062798 -16.288399 1260256429738
113.88443 48.659657 -18.27398 1260256429761
109.99021 45.776672 -19.56028 1260256429778
106.2907 43.587837 -20.582266 1260256429796
103.02617 42.308445 -21.603153 1260256429819
100.57486 41.993023 -22.522995 1260256429837
99.596115 46.093372 -23.096846 1260256429860
100.71631 49.938705 -22.642004 1260256429878
103.58049 54.14177 -21.459904 1260256429904
107.55147 58.584682 -19.986908 1260256429917
111.37389 62.90545 -18.587563 1260256429939
113.7052 67.16018 -17.608185 1260256429960
112.51994 71.35217 -17.727776 1260256429978
109.293945 75.53456 -20.041388 1260256429999
106.02925 72.757835 -21.589317 1260256430020
102.67779 70.169945 -22.359852 1260256430043
99.343895 67.86145 -22.791859 1260256430058
96.2267 65.86838 -23.152266 1260256430233
93.365364 64.17496 -23.694653 1260256430247
91.8471 63.21621 -24.70992 1260256430262
93.30474 66.7054 -24.324425 1260256430269
97.3895 70.52013 -23.008204 1260256430280
102.52003 74.34412 -21.407793 1260256430289
107.39403 77.67691 -19.837404 1260256430300
110.97433 80.44306 -18.595533 1260256430309
112.32561 82.52091 -18.065756 1260256430320
110.659325 84.39487 -18.612469 1260256430333
107.076355 81.925125 -19.781845 1260256430345
102.872536 78.27887 -20.692753 1260256430354
98.62891 74.064926 -21.408115 1260256430363
94.29746 69.66168 -22.08771 1260256430374
89.73259 65.6786 -23.983324 1260256430390
88.69596 69.54467 -24.834158 1260256430401
91.61116 72.61744 -24.29245 1260256430414
96.2306 75.28657 -23.377827 1260256430428
101.61907 77.62224 -22.258936 1260256430440
106.638115 79.74113 -21.145988 1260256430460
110.00621 81.70407 -20.33869 1260256430478
111.105896 83.66887 -20.071754 1260256430501
109.4506 86.03542 -20.818167 1260256430519
105.32807 89.78365 -23.32726 1260256430536
100.46167 84.49447 -25.410896 1260256430559
96.088585 78.81975 -26.390352 1260256430577
91.78416 73.37876 -27.220835 1260256430599
105.14495 68.40982 -28.509792 1260256430618
117.3877 64.28933 -30.784304 1260256430645
111.66832 69.72486 -33.29509 1260256430658
107.3849 73.838615 -34.580334 1260256430680
103.91566 76.89668 -35.051315 1260256430701
116.519875 79.15185 -34.89875 1260256430717
123.89388 80.994255 -34.45381 1260256430739
129.24919 80.244545 -33.93112 1260256430760
134.13673 79.63232 -33.334564 1260256430782
138.3799 79.0507 -32.717834 1260256430797
141.8609 78.34816 -32.181942 1260256430819
