137.62529 29.164146 30.449633 1260256620981
137.69403 29.055939 31.67715 1260256620993
142.20934 35.253143 33.193295 1260256621001
146.19887 41.090485 34.63363 1260256621012
151.13893 40.08596 36.201946 1260256621196
146.58199 37.88166 35.991848 1260256621211
142.6529 35.03758 33.842255 1260256621248
138.92024 32.9357 31.050142 1260256621259
135.27423 31.988914 28.097635 1260256621273
131.66052 31.939468 25.342754 1260256621279
128.1275 32.792496 22.875616 1260256621291
124.871124 34.40287 20.781836 1260256621300
122.42757 37.782726 19.192743 1260256621311
121.45619 41.64359 18.133106 1260256621318
121.98338 46.16141 17.47645 1260256621332
123.38422 51.00334 17.002628 1260256621339
125.065 56.203175 16.552496 1260256621355
125.01175 61.643017 15.724871 1260256621362
131.46117 49.910866 14.138627 1260256621378
134.5881 40.365322 11.631696 1260256621392
135.0087 36.147057 8.800111 1260256621400
129.65826 33.239704 5.710105 1260256621417
123.82535 32.87772 2.3245995 1260256621429
120.33408 37.033833 1.0583695 1260256621438
118.16738 40.83214 0.80545104 1260256621452
118.10901 44.840534 0.9651785 1260256621461
119.85356 48.848507 1.4169196 1260256621475
121.76089 53.00608 1.7960737 1260256621489
123.27284 57.355778 1.95627 1260256621501
123.7592 61.737988 1.8584565 1260256621513
121.57124 66.35109 1.1655337 1260256621521
132.89268 71.483536 -1.192743 1260256621532
127.29805 67.659355 -4.183106 1260256621543
122.78315 64.47639 -5.823951 1260256621558
118.44399 62.15257 -7.032753 1260256621569
114.221794 60.49494 -7.931115 1260256621580
110.2107 59.770195 -8.734559 1260256621590
106.60017 59.731686 -9.547832 1260256621611
104.47016 62.3451 -10.07044 1260256621633
104.946655 65.477844 -9.916918 1260256621648
107.74932 69.10395 -9.221072 1260256621670
111.611855 73.04875 -8.310019 1260256621688
115.281265 76.996315 -7.4445176 1260256621877
116.8672 80.7965 -7.0222917 1260256621897
114.37384 84.20667 -7.721177 1260256621904
110.555145 81.99634 -9.735118 1260256621917
106.92739 79.34652 -10.948362 1260256621928
103.53102 76.77919 -11.750944 1260256621937
100.35447 74.44023 -12.313396 1260256621949
97.23675 72.36822 -12.947726 1260256621958
94.52491 70.799805 -13.85034 1260256621964
92.498665 70.00981 -14.757823 1260256621975
92.07373 72.25932 -15.169931 1260256621989
93.87004 74.99635 -14.911435 1260256622002
97.12654 77.99654 -14.215863 1260256622014
101.02021 81.04671 -13.35507 1260256622021
104.8192 84.14437 -12.537316 1260256622033
107.52824 87.08715 -11.96045 1260256622044
108.00182 89.982796 -11.862428 1260256622061
105.25173 92.83366 -12.819306 1260256622072
100.73914 89.891975 -14.978341 1260256622094
96.45219 87.39738 -16.329424 1260256622102
92.42958 85.37751 -16.912952 1260256622122
88.5581 83.80863 -17.067305 1260256622135
84.93019 82.8682 -16.96394 1260256622153
81.63368 82.07479 -17.065742 1260256622168
79.951996 83.62105 -17.312456 1260256622190
81.2044 85.99 -17.296833 1260256622208
84.49418 89.0405 -16.681992 1260256622235
89.31947 92.33847 -15.697892 1260256622248
94.1035 95.521545 -14.712997 1260256622271
96.89832 98.24547 -14.127348 1260256622292
95.553406 99.48319 -14.520981 1260256622308
91.925735 97.409035 -14.994932 1260256622329
88.22945 95.13858 -15.095185 1260256622351
84.71797 93.13165 -14.990426 1260256622373
81.48207 91.42507 -14.890904 1260256622387
78.70797 90.003815 -15.146359 1260256622407
77.42257 91.70362 -15.939041 1260256622431
78.05144 94.61844 -16.19209 1260256622467
81.59887 97.48752 -15.682485 1260256622476
87.16893 99.81314 -14.798361 1260256622673
92.910484 101.62248 -13.858442 1260256622680
97.81496 102.84136 -13.1155205 1260256622691
98.72421 103.64929 -13.059745 1260256622700
95.438 104.61683 -14.056758 1260256622712
91.0661 100.985985 -15.753921 1260256622721
86.7128 96.93668 -17.266224 1260256622732
82.577156 92.83985 -18.202913 1260256622741
78.7983 90.09786 -19.042768 1260256622752
76.05839 89.34297 -18.79063 1260256622761
89.85547 90.125824 -17.9511 1260256622778
96.0627 91.219536 -17.003544 1260256622784
101.209564 92.50856 -16.053366 1260256622795
104.249084 93.73313 -15.300697 1260256622804
105.33663 94.89648 -14.785663 1260256622818
104.9198 95.80165 -14.546379 1260256622835
103.92381 96.41157 -14.26906 1260256622841
101.877625 96.99099 -14.405607 1260256622854
98.73374 94.54144 -15.435327 1260256622870
95.29706 90.06437 -16.86356 1260256622879
92.23221 85.011154 -18.120382 1260256622898
88.8706 80.06059 -19.514362 1260256622920
84.577065 75.707565 -21.488644 1260256622939
98.14821 72.47218 -24.014212 1260256622953
93.8408 76.24857 -25.663502 1260256622968
90.64876 78.83614 -26.180326 1260256622990
87.66632 80.49434 -25.87131 1260256623013
101.18301 81.61962 -25.177744 1260256623033
112.52386 81.53864 -24.418858 1260256623048
122.54767 81.46171 -23.697914 1260256623070
128.82028 81.28862 -23.063019 1260256623091
128.92928 80.97419 -22.609867 1260256623109
129.23282 80.67548 -22.129374 1260256623130
129.17117 80.14171 -21.872906 1260256623153
129.46262 79.63462 -21.47926 1260256623167
129.88948 79.10289 -21.005297 1260256623188
130.145 78.34775 -20.605032 1260256623208
130.48775 77.38036 -19.974781 1260256623231
