156.16438 38.12372 20.93012 1260256351343
165.20616 38.36753 21.733614 1260256351350
174.79585 38.699154 22.446934 1260256351357
182.60606 38.964195 23.274588 1260256351371
190.52576 39.315987 24.060858 1260256351382
198.19946 39.65019 24.907814 1260256351392
204.93948 39.81768 25.912424 1260256351403
195.54251 39.876797 26.916803 1260256351591
186.51538 39.732956 28.070963 1260256351623
178.03961 39.39631 29.367414 1260256351647
169.48763 38.12649 31.499044 1260256351654
163.46324 34.470165 31.874092 1260256351661
158.24008 31.696657 29.930387 1260256351680
152.87808 30.261824 27.483868 1260256351690
147.43417 29.998732 25.059673 1260256351697
142.21246 30.598795 22.85669 1260256351711
137.45184 32.018856 20.963856 1260256351719
133.77925 34.367912 19.565662 1260256351731
132.89029 37.79952 18.73738 1260256351741
134.84578 42.009544 18.45051 1260256351753
138.10349 46.759068 18.427984 1260256351762
141.64832 51.921116 18.406586 1260256351773
145.9659 57.72506 18.036257 1260256351783
150.2176 46.738808 16.284445 1260256351798
154.55673 37.201866 13.720222 1260256351812
161.57889 27.391773 10.334211 1260256351819
156.14995 33.122185 8.067501 1260256351839
155.29245 37.366077 7.664126 1260256351852
161.47783 41.147774 7.8809195 1260256351861
168.10394 44.890385 8.336873 1260256351873
173.79875 48.695866 8.870029 1260256351880
177.8088 52.41107 9.276528 1260256351891
178.41837 56.09052 9.312702 1260256351904
176.94745 59.685993 9.047067 1260256351911
172.30008 63.201694 7.694713 1260256351926
164.48508 59.99161 4.959977 1260256351942
157.51082 56.54203 3.1619782 1260256351949
150.63528 54.014927 1.5038793 1260256351962
144.05351 52.51418 0.028685367 1260256351969
138.05084 52.28847 -1.0727489 1260256351989
134.2483 53.574047 -1.6191114 1260256352002
136.8859 56.895344 -1.2881558 1260256352027
141.3916 60.950577 -0.37374797 1260256352049
146.72202 65.35305 0.6949395 1260256352066
151.53592 69.5354 1.6601925 1260256352086
154.00912 73.25863 2.0771828 1260256352106
149.55867 76.345695 -0.02667637 1260256352299
143.18074 73.17841 -2.5753424 1260256352314
137.0217 70.01949 -4.5465755 1260256352321
131.07062 67.21852 -6.2692466 1260256352333
125.46709 65.00759 -7.905784 1260256352343
120.74373 63.75721 -9.410495 1260256352356
119.20654 66.46935 -10.33997 1260256352368
121.64622 69.09589 -10.172971 1260256352378
125.86391 72.091095 -9.364323 1260256352391
130.32071 75.38654 -8.396107 1260256352397
134.25467 78.567215 -7.6263013 1260256352404
135.59193 81.53886 -7.5449862 1260256352420
131.96234 84.26192 -9.367737 1260256352452
126.314224 81.34882 -11.09935 1260256352470
120.59851 78.381386 -12.094382 1260256352479
115.018585 75.662315 -12.639663 1260256352487
109.71766 73.4792 -13.05768 1260256352493
104.98177 72.10524 -13.404796 1260256352510
106.48268 73.64998 -13.284555 1260256352529
111.10854 76.66748 -12.370328 1260256352537
116.75311 80.13411 -11.201812 1260256352557
122.31546 83.4774 -10.091722 1260256352576
126.949684 86.00353 -9.237136 1260256352596
130.8022 87.203354 -8.775279 1260256352616
141.86209 87.04319 -8.486515 1260256352636
134.86899 86.39103 -8.1621895 1260256352656
128.62553 85.57148 -7.75408 1260256352676
123.244255 84.69291 -7.4163756 1260256352696
118.58204 83.45827 -7.495557 1260256352716
113.852936 80.435356 -8.820779 1260256352736
108.660286 74.963585 -10.52974 1260256352761
103.32727 68.915405 -11.953254 1260256352776
113.96091 63.019634 -13.355591 1260256352796
123.31286 52.818653 -15.237811 1260256352819
117.247215 58.67772 -17.82592 1260256352836
117.43485 61.693832 -17.634624 1260256352856
124.71311 63.90914 -16.552893 1260256352876
132.82745 66.06368 -15.175248 1260256352896
140.63608 68.3105 -13.616486 1260256353087
148.20427 70.294975 -12.2356615 1260256353093
154.99405 72.130226 -10.973879 1260256353111
162.34435 73.62372 -9.875185 1260256353128
157.97713 74.542534 -9.331426 1260256353134
152.32828 73.5154 -10.614855 1260256353146
162.61186 69.68964 -13.784112 1260256353158
171.53127 64.75516 -15.794907 1260256353167
178.8547 59.9674 -17.755161 1260256353181
185.31197 55.769028 -20.067404 1260256353192
191.54637 52.280575 -22.864033 1260256353200
197.96906 40.666546 -25.87083 1260256353210
204.5706 46.883217 -28.07729 1260256353226
210.74207 51.989056 -29.423426 1260256353246
214.90497 55.889603 -29.752254 1260256353259
218.50972 59.045124 -29.614641 1260256353266
221.83423 61.892868 -29.38391 1260256353272
224.69252 64.648224 -29.264713 1260256353293
227.2079 67.365814 -29.251478 1260256353302
229.2975 67.09753 -29.188904 1260256353325
230.78262 69.54265 -28.979458 1260256353336
231.6435 71.76552 -28.730486 1260256353357
231.56133 73.97724 -28.543962 1260256353376
230.43326 76.17838 -28.466764 1260256353397
228.2116 78.419464 -28.593426 1260256353416
224.65102 80.74849 -28.913754 1260256353437
220.71846 79.411064 -29.268066 1260256353456
216.78253 78.19051 -29.504663 1260256353476
213.3934 77.23099 -29.52943 1260256353496
210.37373 76.319435 -29.30296 1260256353523
207.35504 75.25346 -29.037811 1260256353536
204.2873 73.99079 -28.73592 1260256353560
