224.16585 29.44995 34.51974 1260256581948
215.40756 26.87745 32.043755 1260256581960
207.18718 25.38358 28.991568 1260256581969
199.32782 24.8144 25.74199 1260256581981
192.21143 25.37368 22.55489 1260256581990
186.35086 27.054996 19.927145 1260256582026
182.43332 31.352247 18.230787 1260256582043
180.71165 36.034634 17.369247 1260256582052
180.02608 40.982903 16.900785 1260256582072
179.77478 46.08376 16.555746 1260256582084
179.08604 51.32957 16.07796 1260256582093
172.93175 57.213093 14.824061 1260256582109
171.03516 47.45244 12.282858 1260256582128
165.9334 42.229816 10.068715 1260256582141
160.83673 37.418327 7.9152794 1260256582148
155.3949 33.29741 5.3695154 1260256582167
148.22516 22.982538 0.95103955 1260256582180
143.1639 29.133411 -1.5965124 1260256582200
140.3057 33.82674 -2.766687 1260256582218
139.94041 37.985405 -3.0783527 1260256582402
141.89339 42.186134 -2.824435 1260256582411
144.09872 46.326828 -2.4832132 1260256582422
146.09378 50.460487 -2.1090524 1260256582432
147.3891 54.487465 -1.8535998 1260256582474
147.26964 58.463093 -2.0109198 1260256582492
144.95616 62.63994 -2.910374 1260256582568
140.45836 67.20794 -4.7648554 1260256582587
134.98544 72.24754 -7.7766128 1260256582606
129.73618 68.33517 -11.087782 1260256582618
124.74937 64.41841 -13.083393 1260256582627
119.8119 60.94749 -14.529223 1260256582638
114.8713 58.050117 -15.752762 1260256582647
110.27773 56.09761 -17.115124 1260256582653
106.41385 55.09273 -18.359367 1260256582668
103.843155 54.838097 -19.3914 1260256582684
103.751 58.14619 -19.67183 1260256582693
106.063446 61.43888 -19.038239 1260256582706
110.01028 65.01694 -17.836327 1260256582713
114.70976 68.76609 -16.39451 1260256582727
119.02428 72.42779 -15.074784 1260256582742
121.37306 76.156395 -14.271045 1260256582752
119.15441 80.148575 -14.757492 1260256582763
114.44669 84.84115 -17.869617 1260256582770
109.97436 80.39909 -20.176136 1260256582781
105.72564 76.47914 -21.51733 1260256582792
101.48936 73.15518 -22.441463 1260256582806
97.51489 70.59742 -23.36939 1260256582818
94.18915 68.867546 -24.250921 1260256582826
92.02969 67.72417 -25.138376 1260256582840
92.07821 70.73796 -25.531458 1260256582852
94.2243 73.55106 -25.054886 1260256582869
97.913086 76.52351 -23.902142 1260256582884
102.51743 79.74734 -22.457035 1260256582898
106.99156 82.95997 -21.034184 1260256582918
109.64198 86.21197 -20.132475 1260256582941
107.959885 89.55137 -20.62585 1260256582958
104.21189 86.6738 -22.19456 1260256582978
99.951294 84.04011 -22.834831 1260256583178
95.70373 81.9381 -22.99309 1260256583188
91.61854 80.341194 -22.993435 1260256583199
89.78761 79.574135 -23.043764 1260256583208
91.99823 81.99543 -22.691576 1260256583220
96.54832 85.445656 -21.556997 1260256583229
102.770905 89.17337 -20.129147 1260256583240
108.78236 92.6647 -18.77269 1260256583251
112.043236 95.681465 -17.934055 1260256583263
110.69107 97.59739 -18.637352 1260256583274
106.106514 94.51752 -19.905485 1260256583292
101.20119 91.24164 -20.660212 1260256583309
96.39113 88.17956 -21.127201 1260256583321
92.02157 86.02058 -21.420841 1260256583328
93.72049 87.26955 -21.099798 1260256583342
99.23447 89.506065 -19.944809 1260256583358
105.422745 91.98076 -18.54757 1260256583367
111.551605 94.38172 -17.120192 1260256583379
116.97402 96.31264 -15.914182 1260256583390
120.92532 97.84701 -15.018473 1260256583411
121.77906 98.85466 -14.767549 1260256583425
118.54011 99.86193 -15.429172 1260256583441
113.5631 96.56883 -16.957712 1260256583453
108.38495 91.89039 -18.209827 1260256583470
103.2657 86.84587 -19.349337 1260256583484
115.952415 81.90358 -20.68187 1260256583498
127.3548 77.2584 -22.547775 1260256583522
137.88705 73.29548 -25.220387 1260256583543
148.3427 70.4307 -27.609367 1260256583566
158.72557 73.909164 -28.728899 1260256583584
165.3393 76.21371 -28.742455 1260256583601
170.12233 78.00302 -28.305332 1260256583624
173.41621 79.75287 -27.890066 1260256583639
175.3454 81.56522 -27.545563 1260256583661
176.02812 83.38696 -27.368284 1260256583680
175.92671 85.117615 -27.29987 1260256583698
175.93037 86.56174 -27.034876 1260256583718
175.78386 87.78365 -26.733131 1260256583738
