140.96532 34.447002 31.380024 1260256608861
141.96706 33.924652 32.911022 1260256608885
143.81871 33.22842 34.56547 1260256608903
140.62778 32.066998 35.587196 1260256608938
136.3964 30.213648 36.807835 1260256608944
132.92657 27.602966 36.71744 1260256608956
130.13025 24.472818 35.28157 1260256608969
127.72374 21.749178 32.917492 1260256608978
125.087555 20.71172 30.171618 1260256608990
122.13318 20.776134 27.313036 1260256608999
119.07652 21.837328 24.697384 1260256609031
116.122696 23.84546 22.462515 1260256609046
113.86656 27.803188 20.73939 1260256609247
113.073235 32.463028 19.65242 1260256609262
113.719574 37.889877 18.9198 1260256609270
115.6336 43.845383 18.37381 1260256609284
119.55192 50.203114 17.85512 1260256609291
118.02432 39.042957 17.062365 1260256609303
120.12311 30.340809 15.109246 1260256609311
119.066956 26.673769 12.553783 1260256609326
116.913605 33.690083 11.676094 1260256609332
123.967926 23.405579 10.04229 1260256609348
131.76953 14.285299 6.090175 1260256609366
127.331055 13.971034 3.8856664 1260256609372
123.164505 14.572482 2.4413831 1260256609385
119.10628 15.843858 1.369314 1260256609402
115.300964 17.751665 0.55084825 1260256609409
112.03592 20.514082 -0.026694179 1260256609417
109.884125 24.488379 -0.3253595 1260256609432
110.58992 29.66396 -0.10909151 1260256609440
113.66042 35.480762 0.49636307 1260256609466
117.7274 41.406723 1.2215449 1260256609486
121.591034 47.28639 1.8104676 1260256609506
122.76148 52.92207 1.8699442 1260256609526
118.17341 51.475967 -1.473553 1260256609547
114.76474 49.40217 -3.0998755 1260256609566
111.5765 47.63206 -4.2448816 1260256609586
108.59767 46.20046 -5.2826376 1260256609606
105.76779 45.390434 -6.318506 1260256609632
103.2294 45.220913 -7.4525805 1260256609646
101.31793 45.959866 -8.529951 1260256609666
101.102036 49.56187 -8.803453 1260256609692
102.74693 53.683777 -8.4132805 1260256609706
106.00959 58.099586 -7.6426163 1260256609729
109.709114 62.544605 -6.8104854 1260256609749
112.87366 66.91737 -6.1199613 1260256609766
114.42998 71.1715 -5.763963 1260256609786
112.85848 75.262924 -6.075765 1260256609807
108.365555 79.09978 -7.871977 1260256609826
104.69727 77.24479 -9.628378 1260256609846
101.31241 75.33255 -10.496959 1260256610043
98.14679 73.61592 -11.022111 1260256610049
95.13945 72.33513 -11.271006 1260256610056
92.43248 71.66837 -11.507456 1260256610074
91.360855 73.43495 -11.582083 1260256610087
93.79281 76.66321 -10.902979 1260256610105
98.40317 80.58005 -9.90783 1260256610112
104.23301 84.751045 -8.912438 1260256610123
109.47136 88.81349 -8.066816 1260256610132
110.44779 92.37282 -7.7634754 1260256610146
107.875404 93.80418 -8.625301 1260256610153
104.481636 91.563965 -9.294036 1260256610170
101.157555 89.03577 -9.679334 1260256610183
97.99968 86.53398 -9.945367 1260256610192
94.94969 84.25728 -10.298099 1260256610203
92.502205 82.994415 -11.133194 1260256610219
93.327095 85.444695 -11.126534 1260256610225
97.46074 88.52246 -10.320208 1260256610231
102.7377 91.54634 -9.254197 1260256610255
107.65082 94.01903 -8.191487 1260256610262
110.86828 95.71808 -7.331913 1260256610287
110.524864 96.63217 -7.1653175 1260256610307
107.69862 95.250565 -7.857052 1260256610326
104.11369 92.48804 -9.064199 1260256610346
100.50801 88.86363 -10.510989 1260256610366
96.93261 84.77045 -11.93544 1260256610386
93.085976 80.831924 -13.588668 1260256610406
89.881676 78.990326 -15.159234 1260256610426
90.28759 80.69081 -14.751272 1260256610449
94.32321 82.60627 -13.6137085 1260256610469
99.85705 84.525955 -12.283023 1260256610493
105.464195 86.44966 -10.8188715 1260256610506
108.790985 87.877174 -9.527928 1260256610526
109.901436 89.08331 -8.351532 1260256610547
109.306366 89.779144 -7.5339556 1260256610566
107.19105 89.24019 -7.507258 1260256610587
103.88149 86.57818 -9.231895 1260256610606
100.73742 81.79927 -11.220301 1260256610626
98.35055 76.60931 -12.859285 1260256610646
95.28302 71.82884 -14.816321 1260256610843
108.368866 67.6874 -17.375505 1260256610850
120.25043 64.55303 -20.55673 1260256610857
132.18791 69.12538 -22.828894 1260256610883
126.328514 72.46912 -23.937449 1260256610892
120.36209 74.74566 -24.040577 1260256610905
129.49399 76.358376 -23.588549 1260256610911
137.06929 77.69046 -22.959122 1260256610927
142.46582 79.105934 -22.511166 1260256610933
145.74252 80.50064 -22.135607 1260256610954
147.3054 81.87561 -21.828827 1260256610961
148.09013 83.13183 -21.537386 1260256610980
148.18562 84.32523 -21.310516 1260256610996
147.32634 85.70897 -21.34499 1260256611002
145.46002 84.27352 -21.87774 1260256611012
143.03702 82.40984 -22.783854 1260256611021
140.58517 80.28935 -23.494661 1260256611029
