174.74849 32.979393 29.22758 1260256277683
168.96106 32.480423 27.9662 1260256277692
163.563 33.156403 26.11789 1260256277703
158.33485 34.69858 24.361996 1260256277712
153.31812 36.763653 22.893896 1260256277750
149.30222 39.52547 21.849201 1260256277772
147.2371 43.0492 21.35674 1260256277784
148.27525 47.39674 21.288904 1260256277793
151.01149 52.476902 21.32446 1260256277808
155.21092 58.053055 21.258236 1260256277821
161.15038 63.900402 20.945324 1260256277832
155.24286 52.05538 20.198057 1260256277844
155.68071 41.40261 18.838154 1260256277854
158.34668 31.732481 16.646246 1260256277869
163.07935 22.245857 13.813933 1260256277886
170.67538 12.233563 11.023236 1260256277901
165.29161 19.021885 9.322075 1260256277918
163.72704 24.27079 8.905972 1260256277938
167.59068 28.807251 9.060673 1260256277958
175.86115 33.016888 9.457639 1260256277982
184.31808 37.066044 10.084757 1260256278170
175.15218 40.81274 10.630519 1260256278186
167.14456 44.522102 11.248993 1260256278193
158.98734 48.496 12.236544 1260256278204
167.03796 53.7712 14.024716 1260256278213
165.38606 44.082638 13.623481 1260256278225
167.16676 33.428505 12.742307 1260256278234
165.55843 38.25708 12.155191 1260256278248
167.9805 42.344227 12.047432 1260256278259
174.98148 46.077015 11.945061 1260256278271
170.53241 49.573166 11.7478075 1260256278285
168.55579 53.09451 11.460417 1260256278294
164.728 56.539783 10.487396 1260256278306
157.7916 56.012794 7.863026 1260256278314
151.25201 53.262154 6.6698747 1260256278325
145.1894 51.499046 6.136381 1260256278341
139.52994 50.674095 5.779562 1260256278350
134.25343 50.34039 5.1905837 1260256278361
129.24077 49.87337 4.2310543 1260256278370
124.27873 48.829704 2.8195016 1260256278389
119.3148 47.33822 0.97852653 1260256278402
114.09906 45.721306 -1.2703998 1260256278423
108.69411 44.38524 -4.00688 1260256278445
104.209404 43.965977 -6.506536 1260256278465
101.94894 48.267677 -7.831209 1260256278478
104.35149 52.204292 -8.139648 1260256278501
109.33391 56.144077 -7.732666 1260256278522
115.01721 60.036873 -6.9960327 1260256278538
120.216354 63.88503 -6.246231 1260256278559
124.705536 67.54078 -5.5339193 1260256278580
127.82026 71.06374 -5.007223 1260256278606
128.77925 74.51056 -4.956862 1260256278624
126.84029 78.08503 -5.7090187 1260256278641
122.54827 82.130775 -7.073568 1260256278661
116.970856 86.42424 -9.51989 1260256278678
111.72231 90.703026 -13.143895 1260256278697
107.186195 86.66788 -15.686701 1260256278721
103.276886 83.784485 -16.652367 1260256278738
99.56304 81.69526 -16.819748 1260256278947
94.88489 68.81049 -15.12876 1260256278967
107.89064 56.419968 -13.472322 1260256278980
115.14611 61.59897 -11.898706 1260256278999
120.588806 64.61902 -10.553771 1260256279021
115.75937 66.13807 -9.826082 1260256279043
110.8714 66.48116 -9.334778 1260256279057
106.22783 66.157104 -8.918039 1260256279079
101.916435 65.49925 -8.672137 1260256279102
98.07061 65.27429 -8.18853 1260256279125
103.36708 68.61058 -6.9791036 1260256279141
111.19872 73.38005 -5.7301483 1260256279160
119.988785 78.26105 -4.643641 1260256279183
127.33935 82.798 -3.711459 1260256279200
131.07239 86.1581 -3.025886 1260256279222
128.01877 87.10019 -3.0245917 1260256279242
122.81783 85.89518 -3.423362 1260256279265
117.67694 84.00042 -3.8521938 1260256279283
112.743095 81.850395 -4.259584 1260256279298
108.05594 79.60787 -4.846605 1260256279322
104.30314 78.62748 -5.8042746 1260256279338
107.28798 81.446106 -5.5640607 1260256279358
113.02358 84.6238 -4.685858 1260256279380
119.3224 87.69261 -3.7015648 1260256279396
125.30628 90.05798 -2.7664866 1260256279421
130.29097 91.455086 -2.2281623 1260256279440
125.07642 90.88233 -2.616754 1260256279465
119.372604 88.288216 -3.6859164 1260256279483
113.80397 84.97381 -4.8516207 1260256279500
108.36377 81.57512 -6.2090397 1260256279523
103.94558 80.446365 -7.298588 1260256279545
108.9483 82.17405 -6.8836584 1260256279561
116.15089 84.26535 -5.9394755 1260256279578
123.79334 86.25208 -4.892502 1260256279601
131.50368 87.98948 -3.8478768 1260256279616
138.77849 89.29001 -3.155483 1260256279638
133.98956 89.97551 -3.097709 1260256279659
129.09009 88.97673 -3.9428234 1260256279680
123.435585 86.27789 -5.9956822 1260256279867
117.36381 81.864 -8.395898 1260256279882
129.34561 76.7708 -10.526103 1260256279890
140.07834 71.882256 -12.649798 1260256279901
149.67442 67.78814 -15.417309 1260256279910
159.7407 72.398735 -18.096443 1260256279922
153.15367 74.928795 -18.54162 1260256279932
162.64598 76.882355 -17.76454 1260256279944
168.91368 78.88824 -16.426313 1260256279951
174.918 80.84383 -14.854998 1260256279970
180.3721 82.651634 -13.412248 1260256279985
185.6035 84.11905 -12.091636 1260256279994
193.37332 85.16309 -11.087054 1260256280009
185.60466 85.70494 -10.482701 1260256280024
178.47443 85.26969 -10.608566 1260256280040
170.7507 83.35621 -12.128138 1260256280051
179.76317 79.2884 -15.02173 1260256280062
186.425 74.27398 -17.470644 1260256280073
191.50375 69.41028 -19.897112 1260256280088
196.32857 57.839764 -22.502256 1260256280100
201.51215 46.397774 -25.277143 1260256280111
207.13654 52.977886 -28.213287 1260256280128
213.02971 58.57899 -30.552624 1260256280142
218.97823 63.000042 -31.874992 1260256280158
224.52931 62.60004 -32.031242 1260256280181
229.35284 62.92004 -31.479681 1260256280199
233.4852 63.474037 -30.705696 1260256280218
237.01094 64.000336 -29.970411 1260256280238
239.71039 64.50032 -29.27189 1260256280263
241.42487 66.67531 -28.708296 1260256280282
241.25362 68.74155 -28.17288 1260256280297
239.29094 70.65447 -27.564236 1260256280321
236.37639 72.52175 -27.036024 1260256280340
233.20757 74.24567 -26.534224 1260256280361
229.59718 73.883385 -26.257513 1260256280379
225.16733 72.63921 -26.094637 1260256280398
