14.97822 -5.0598116 -5.3689556 1260179276905
12.1371155 -3.86534 -6.155538 1260179276938
4.277364 -7.5118103 -17.23923 1260179276950
-2.077549 3.1600685 -29.037296 1260179276972
1.2958407 12.871685 -31.561659 1260179276983
8.961354 -8.689501 -24.171644 1260179276996
12.909754 -15.696677 -15.54467 1260179277014
-1.4751381 -19.128494 4.61697 1260179277031
-12.792385 -30.315367 11.568464 1260179277046
1.2697825 -20.052238 20.551647 1260179277064
-11.898053 -11.177566 18.218466 1260179277085
-15.935346 -5.5934987 29.766071 1260179277105
1.5771008 -5.1057 21.82539 1260179277125
-10.991477 -9.906284 11.847382 1260179277147
-3.478346 0.28110576 -4.267606 1260179277164
8.415763 3.9565244 -3.954477 1260179277185
10.938864 -0.27312803 -13.488505 1260179277204
13.063803 8.52839 -26.805162 1260179277225
16.468676 -6.1905966 -28.240746 1260179277249
17.888865 6.5392237 -26.413794 1260179277265
17.023746 15.091213 -28.478992 1260179277287
14.079098 8.375878 -29.70789 1260179277304
9.617359 -14.711443 -14.516342 1260179277324
3.6933403 -25.776577 -6.836585 1260179277345
-4.275911 -21.493038 15.932419 1260179277365
-7.558996 -26.514748 12.741214 1260179277384
-7.7008705 -23.326075 25.44586 1260179277405
-6.408089 -29.582884 23.999468 1260179277425
-4.279697 -7.378833 17.239935 1260179277445
-1.4209127 -16.50618 12.635155 1260179277465
11.364458 -9.6194515 -8.003847 1260179277484
7.763904 1.3850756 -5.206951 1260179277666
-1.3064556 15.660923 -6.769223 1260179277678
-13.01131 20.263945 -12.944332 1260179277689
-11.390229 16.895872 -22.879581 1260179277698
-5.5652466 12.1792 -3.8116827 1260179277710
-23.559643 9.944962 -12.970676 1260179277719
-20.110376 10.555865 4.166298 1260179277731
-7.264509 4.299497 1.1943976 1260179277737
-20.35199 -7.6887074 3.7825313 1260179277756
-13.693285 -14.73616 -1.6380992 1260179277768
2.1749744 -18.440971 7.105628 1260179277778
24.368052 -24.804733 -2.1526752 1260179277792
14.807033 -29.676888 7.955728 1260179277803
21.664875 -17.230877 7.0690527 1260179277816
32.993507 -30.088547 6.34635 1260179277827
14.322342 -27.934097 15.539043 1260179277835
11.365446 -9.177444 3.5179644 1260179277851
20.622032 -5.7345066 8.359408 1260179277859
9.469506 -16.72145 -2.2108736 1260179277874
0.5920551 -11.375433 -10.544203 1260179277896
5.4955206 -10.543185 -6.7241325 1260179277912
7.011734 12.156536 -16.503395 1260179277928
4.5465364 -1.9229326 -24.847721 1260179277946
1.9068165 12.218025 -17.82407 1260179277969
-2.144618 22.657085 -29.06037 1260179277989
-8.8109045 6.547484 -36.179596 1260179278008
-14.823057 -2.5291526 -24.415499 1260179278026
-12.564789 -23.456036 -23.147837 1260179278051
-4.925329 -27.25292 -18.273521 1260179278068
1.3065591 -22.203606 9.445877 1260179278091
3.4034252 -27.421673 13.982295 1260179278113
1.2514648 -32.74449 22.586143 1260179278127
-2.3231256 -22.1927 16.832956 1260179278148
-3.7558112 -10.69161 11.089605 1260179278166
0.27702644 -4.084058 6.53683 1260179278193
9.086499 -0.698802 3.6065793 1260179278207
13.003568 4.327609 7.264799 1260179278228
-1.0758967 3.3801718 -0.7636752 1260179278253
