-2.7145143 -0.75575995 4.8468885 1260179317758
-1.5207467 2.0773206 7.659171 1260179317933
-2.468796 0.083639264 6.2793436 1260179317942
-2.8714056 -3.4346085 -14.337852 1260179317978
10.824605 -7.783035 -9.555906 1260179317988
-7.817406 -7.8053603 -20.611633 1260179318000
4.0131283 11.653908 -20.636105 1260179318008
10.5189905 -3.5390444 -23.95068 1260179318021
-6.4462748 11.040512 -31.021936 1260179318027
0.81793934 -3.1364958 -35.634453 1260179318038
7.6702595 -17.642454 -16.318066 1260179318046
-12.685686 -13.987684 -7.780337 1260179318057
-0.64050484 -34.553375 4.3812037 1260179318066
-16.00007 -27.058872 5.4718533 1260179318077
-13.994694 -16.467136 30.755482 1260179318094
-12.69793 -11.310912 17.865269 1260179318103
-20.296244 -9.56652 30.950256 1260179318109
-0.21497345 -11.5724945 19.089361 1260179318121
-16.003052 -10.44711 15.322314 1260179318133
3.7079554 -0.21627644 5.2182436 1260179318142
-9.648214 -6.90138 -13.928011 1260179318155
-10.505283 9.00983 -16.208641 1260179318166
-5.7859755 0.57521534 -25.778912 1260179318176
0.1201601 0.8790617 -27.506817 1260179318185
4.0851035 12.003627 -22.234915 1260179318201
2.318025 16.2964 -23.85095 1260179318209
-4.580028 -2.3884618 -29.877045 1260179318225
-11.155838 -5.2309713 -13.541777 1260179318243
-8.422563 -24.522522 5.706011 1260179318256
-2.9854507 -30.100761 3.412325 1260179318278
2.6786852 -30.352343 30.38485 1260179318299
6.177144 -18.06908 18.880444 1260179318323
7.5212774 -32.45594 16.288588 1260179318336
8.1512375 -14.979402 21.419437 1260179318359
4.032194 -5.719411 -4.816198 1260179318382
-5.6866884 6.403584 3.1206868 1260179318396
-2.0877173 14.780465 1.7020383 1260179318418
3.8338816 24.155476 -4.8772726 1260179318439
-2.2710357 28.714153 -8.927903 1260179318463
-23.217495 27.179197 -7.1468334 1260179318718
23.113138 -31.867313 14.323872 1260179318727
24.348217 -10.563843 9.755626 1260179318741
3.6262884 -20.985207 -2.3080652 1260179318749
13.213268 -6.01605 -11.349876 1260179318765
11.369748 3.7013135 -9.328634 1260179318776
9.1989355 2.856121 -21.2117 1260179318787
7.5491037 -2.90619 -22.04878 1260179318801
5.973975 7.7601037 -20.1742 1260179318818
3.7252681 15.927471 -22.332739 1260179318836
-1.3696976 16.25462 -28.432705 1260179318860
-9.667664 -3.5925453 -37.25573 1260179318878
-17.375294 -4.033294 -21.981688 1260179318898
-17.743536 -23.806232 -22.106674 1260179318918
-9.968982 -28.03826 -14.854406 1260179318937
-2.965702 -24.461306 12.879643 1260179318958
-0.60770226 -24.376755 18.701645 1260179318976
-0.1058712 -33.396664 24.121592 1260179319003
3.122561 -19.876183 18.329226 1260179319018
9.572011 -5.609018 19.194445 1260179319038
12.139388 2.5283165 19.17937 1260179319061
5.4205494 4.96458 12.14278 1260179319077
-5.044374 -3.6164565 3.4188242 1260179319099
