7.452696 -10.102942 -6.953617 1260179301182
1.371871 -4.4845915 -21.920446 1260179301398
0.2714758 14.502306 -22.111403 1260179301407
9.560528 -2.4323268 -32.010277 1260179301426
15.178048 3.0495276 -19.894472 1260179301439
0.32975632 -4.7032614 -19.400986 1260179301448
-9.516071 -28.64209 -1.0886627 1260179301460
1.1271744 -21.120785 8.138667 1260179301469
-21.380766 -14.985303 19.99775 1260179301481
-5.113098 -11.010935 19.433361 1260179301487
-14.370604 -4.744156 31.766708 1260179301499
-14.801109 4.3686686 22.192467 1260179301507
1.5583253 4.4768596 14.991896 1260179301519
-16.102783 -4.9021435 8.290839 1260179301527
4.5326114 6.9199986 -0.34967518 1260179301546
0.61544013 -1.2942824 -22.634281 1260179301558
4.6069407 -0.21194935 -14.759695 1260179301567
11.808519 17.446707 -20.238802 1260179301578
17.602596 23.256897 -29.142044 1260179301587
19.370625 12.295046 -28.94376 1260179301598
16.640821 -10.802207 -14.355704 1260179301614
14.05246 -9.268017 -0.56953514 1260179301623
13.419704 -29.510784 12.591812 1260179301637
13.539298 -20.002237 27.845005 1260179301648
13.11865 -31.113308 21.895351 1260179301662
10.4131365 -6.504879 11.735294 1260179301674
7.8287764 5.6364985 11.345059 1260179301685
-3.729259 6.2168145 7.9234314 1260179301704
-13.863527 8.211196 -7.615272 1260179301717
-6.817719 8.464784 -10.410556 1260179301742
-6.288698 7.645627 -11.330545 1260179301760
-25.296724 5.027942 -5.0892234 1260179301783
-8.386235 -0.917922 -7.9693356 1260179301798
-19.081182 -8.808041 -7.883839 1260179301819
1.6806488 -5.1885557 0.23318338 1260179301843
7.414405 -9.042767 -0.25103545 1260179301856
4.311693 -15.773754 -6.4227896 1260179301878
17.901697 -27.476997 6.9962544 1260179301899
33.471348 -34.44906 -2.2451756 1260179301923
15.718836 -20.314833 8.125352 1260179301936
17.897432 -13.311937 12.204413 1260179302123
23.338768 -21.722069 3.3353236 1260179302135
0.25210285 -7.7101254 6.422601 1260179302144
13.144711 3.1153054 -3.4276605 1260179302158
7.6304364 3.3093505 -8.236382 1260179302167
-9.421226 -0.921896 -11.270089 1260179302178
-12.088032 -2.3775783 -10.525294 1260179302188
-3.9224973 0.7188816 -20.028902 1260179302200
3.6662073 4.6697426 -25.473722 1260179302208
8.054718 4.6375732 -28.213478 1260179302225
8.746167 -2.9839635 -28.75885 1260179302236
3.1120744 2.064333 -15.813083 1260179302245
-12.279149 -23.402145 -2.274506 1260179302259
-18.213112 -18.203882 4.1884823 1260179302268
-12.418072 -30.187704 26.335989 1260179302284
-3.8063653 -13.646008 17.862688 1260179302296
2.664112 -23.990547 22.364769 1260179302306
5.424278 -7.90098 27.655956 1260179302320
-0.18415117 5.894874 15.609902 1260179302335
-2.1415367 4.1168795 10.452427 1260179302344
13.868337 -8.617128 7.2433815 1260179302363
