13.813186 -12.48217 -1.1855066 1260179312108
14.387648 -11.820066 -2.539353 1260179312120
8.37133 -9.983632 -10.780361 1260179312127
-4.3107843 -7.1457105 -16.240772 1260179312163
-2.4266994 2.5925608 -9.801966 1260179312177
11.709253 10.961182 -24.370443 1260179312194
15.014793 -6.1012135 -22.030754 1260179312203
5.6117926 12.260476 -26.438387 1260179312219
-3.7312202 -8.129852 -18.505867 1260179312228
-2.9770536 -6.616663 -8.538761 1260179312242
8.385574 -18.26113 -3.691383 1260179312262
2.4160142 -22.889782 7.281504 1260179312276
-14.586693 -28.521837 9.869368 1260179312298
-1.3133941 -16.376558 20.239214 1260179312319
-6.002698 -12.234424 27.572798 1260179312342
-17.935743 -8.6872635 24.61019 1260179312356
-1.8646398 -1.695797 17.144266 1260179312378
2.387236 5.362123 17.584063 1260179312604
-10.322409 -16.453163 -15.286697 1260179312618
-12.487859 -20.519876 -1.7139239 1260179312633
-2.852761 -37.493046 8.991385 1260179312644
6.2143264 -30.688467 23.293428 1260179312656
11.401453 -18.039776 18.527088 1260179312679
13.2672615 -13.351809 9.354877 1260179312700
13.152392 -19.14092 2.6322606 1260179312723
7.726167 5.65586 -4.054418 1260179312737
9.624605 3.1364288 -3.799521 1260179312759
2.7802515 6.507016 -6.6697173 1260179312780
-14.81563 15.744275 -2.538097 1260179312805
-15.584302 22.735537 -14.438145 1260179312818
-6.815402 26.914928 -0.6571586 1260179312839
-27.923443 25.11847 -3.027787 1260179312863
-9.47682 4.4863257 -8.782755 1260179312876
-21.281551 3.6648893 -8.699498 1260179312899
-5.8403573 -5.875722 -11.790564 1260179312920
-1.373699 -14.101925 -2.6760445 1260179312936
0.5081682 -27.84556 -5.897879 1260179312957
14.548042 -36.72433 -8.228852 1260179312979
27.230942 -33.737648 -1.3977103 1260179313003
15.865358 -31.375027 7.7212048 1260179313016
4.000779 -15.1254425 2.612018 1260179313038
10.2338915 -3.9693518 4.545691 1260179313060
15.265276 -3.591436 5.0470095 1260179313075
8.371966 -10.939462 -3.4403799 1260179313095
6.770808 8.262696 -7.0723734 1260179313115
-1.9209428 -4.1749344 -8.8805685 1260179313135
-6.7855473 15.388051 -11.7518425 1260179313156
-6.2333407 18.817585 -29.04351 1260179313175
-4.3718014 9.174768 -34.513428 1260179313199
-6.061056 2.354477 -28.92688 1260179313215
-11.8339205 3.140854 -27.306467 1260179313235
-14.3882475 -3.391563 -18.118126 1260179313255
-5.9699802 -7.952181 -17.104063 1260179313275
-20.189423 -18.438114 4.9850225 1260179313298
-28.998257 -37.23826 12.081886 1260179313315
