-1.163574 -3.4247007 -5.5636654 1260179566746
-1.7582738 -17.259373 -3.792885 1260179566757
-2.908746 -3.67419 5.4228954 1260179566794
-3.1974108 -11.950689 -10.603605 1260179566805
-2.9987369 -17.363567 4.0084596 1260179566818
-1.970674 -2.5627375 -5.451414 1260179566829
-0.13585997 -18.878971 -9.452028 1260179566847
2.2514486 -16.861897 6.4429774 1260179566865
4.8088417 -5.9125733 8.159907 1260179566877
7.6415863 -1.4224739 5.515155 1260179566889
9.285625 -1.3778815 4.8637614 1260179566910
8.447493 -4.1091933 2.1964912 1260179566933
5.747651 -10.306589 -0.7317896 1260179566947
2.6465104 -16.728737 1.8835282 1260179566969
0.2687586 -18.460144 9.901868 1260179566992
-0.95710886 -14.714739 15.807766 1260179567008
-1.0373456 -10.010806 17.162493 1260179567027
0.6573937 -5.55207 16.092054 1260179567049
5.7113333 -2.6304665 12.773656 1260179567073
11.916296 -0.9600973 7.983379 1260179567086
15.101286 -0.36717796 6.3485074 1260179567108
8.083719 -2.9398742 12.319366 1260179567131
-1.9912243 -8.298472 10.125959 1260179567148
-2.382697 -14.359081 1.5543191 1260179567167
2.2132726 -16.274208 5.982717 1260179567190
2.0100105 -12.320387 13.29044 1260179567212
-4.3827662 -4.788196 15.127932 1260179567228
-11.611539 1.8320446 6.9125137 1260179567246
-3.5914493 2.4106464 10.0355625 1260179567275
4.3815827 -2.4482236 6.7288795 1260179567288
-10.464539 -8.67863 -1.5699735 1260179567305
-13.661233 -11.992897 11.856943 1260179567490
2.317799 -12.431959 7.9960213 1260179567507
-0.9268341 -9.536488 -8.117734 1260179567516
-12.276465 -9.133285 4.4746075 1260179567528
-12.739315 -9.940798 1.6430686 1260179567535
-5.6283493 -5.7834015 -12.158587 1260179567547
1.8838584 -16.802063 2.4950578 1260179567556
5.9269266 -0.01706314 -1.4317515 1260179567566
7.751054 -11.739288 -4.5585847 1260179567577
8.531834 -19.039017 -1.7640631 1260179567594
8.986047 -5.538917 -0.7367413 1260179567605
9.210305 0.46292686 -2.3950613 1260179567614
8.550455 -7.904713 -6.217909 1260179567625
6.673402 -16.992107 -5.7095246 1260179567634
2.8462782 -19.537106 -2.9837737 1260179567649
-2.097621 -20.87883 -0.031534493 1260179567658
-6.0736523 -21.470953 1.316859 1260179567670
-7.880801 -22.087673 1.6319469 1260179567692
-7.049978 -22.86435 0.95493615 1260179567707
-3.761218 -23.557602 -0.53823745 1260179567717
-0.2513361 -23.27238 -3.1691244 1260179567731
2.873469 -21.030993 -5.812078 1260179567752
4.743439 -17.32382 -7.83215 1260179567766
5.3494244 -9.127605 -8.535461 1260179567789
6.271377 -3.047923 -4.7471285 1260179567809
5.5562024 -1.0584545 -0.83156073 1260179567834
4.024668 0.25576305 1.4376739 1260179567845
1.1311324 1.2616167 0.93779045 1260179567869
-1.4017162 0.28468895 -2.3634276 1260179567892
-1.8937938 -4.2761245 -5.2694674 1260179567911
-2.1340954 -10.861709 -5.432559 1260179567928
-2.459957 -16.609629 -1.0024567 1260179567947
-2.2349403 -17.247686 7.821479 1260179567972
-0.84563005 -9.573675 14.612074 1260179567986
1.5642703 -1.3239398 12.356718 1260179568008
