-2.859416 -3.0650043 -15.624424 1260179323373
3.921635 -6.837692 -8.807331 1260179323384
8.909984 0.07558739 -29.212055 1260179323414
-8.459288 12.181187 -22.044355 1260179323427
8.174593 4.3977795 -26.809849 1260179323434
0.30867267 -4.1090956 -3.9951553 1260179323450
-6.9633317 -10.3791895 4.639327 1260179323465
1.0207505 -11.956653 7.152725 1260179323478
-18.148212 -17.739006 13.893064 1260179323490
-1.0554209 -11.315606 23.736757 1260179323509
-18.686996 -4.670439 24.228735 1260179323533
-4.8837795 -8.270267 32.370075 1260179323546
0.53541327 -7.7671566 22.861689 1260179323568
-13.159784 11.163681 9.406315 1260179323589
7.306358 -7.796426 -2.4082847 1260179323609
1.4790293 11.497722 -15.972623 1260179323626
-3.62761 -5.242279 -20.854506 1260179323648
-3.9040685 15.778236 -23.239048 1260179323671
-3.4308896 20.83736 -30.613377 1260179323685
-4.6564026 9.805706 -26.248709 1260179323704
-5.255093 -6.4054747 -24.603176 1260179323724
0.19489598 -6.7129817 -2.3900137 1260179323749
7.1164756 -27.917755 4.7008753 1260179323768
12.347253 -22.9495 11.321842 1260179323784
14.946972 -33.49897 21.956427 1260179323805
15.818848 -14.70998 23.443527 1260179323827
15.46508 -28.081264 20.198812 1260179323844
13.139867 -10.294272 6.949102 1260179323864
11.53309 -7.281678 -1.268993 1260179323884
6.8831654 13.451691 -4.158939 1260179323904
-6.9855494 23.171713 -9.034122 1260179324097
-17.041946 27.311745 -14.734102 1260179324112
-5.260021 24.21331 -17.10458 1260179324126
-17.3287 19.225264 -1.7130117 1260179324135
-13.600336 15.03681 -12.247619 1260179324146
-20.409826 -4.392269 -13.324268 1260179324155
-13.206434 -0.082019806 -0.97789764 1260179324167
-6.4562283 -12.453196 5.1826763 1260179324174
-0.6749792 -31.544537 1.9442769 1260179324187
20.019512 -16.281483 0.075879574 1260179324194
27.447409 -32.739017 2.4046683 1260179324212
12.387104 -24.828297 15.367933 1260179324224
12.170917 -11.101584 13.323965 1260179324233
22.333464 -21.281416 10.636466 1260179324239
11.188364 -13.270686 11.357218 1260179324250
-3.3153229 -5.473652 2.4298763 1260179324269
-2.5901394 9.187123 -14.871305 1260179324276
2.7001853 -5.983187 -21.162876 1260179324293
5.6670666 17.089132 -26.837105 1260179324304
1.6687121 14.792803 -35.658768 1260179324316
-9.233856 0.6137514 -31.228384 1260179324331
-18.984077 3.6810298 -25.622622 1260179324350
-12.236798 -17.017973 -13.073795 1260179324366
-1.3807793 -24.286983 -5.681532 1260179324388
-4.1305156 -25.482113 13.44852 1260179324412
-10.639373 -31.546171 9.326991 1260179324426
-14.012089 -11.030455 21.82137 1260179324446
-12.921632 -9.656371 26.934973 1260179324471
-9.254745 -12.234037 22.71468 1260179324488
-1.7242749 -11.939501 18.570097 1260179324506
13.233701 -13.248586 4.6870093 1260179324530
9.268709 -4.5185657 14.534243 1260179324552
-4.085408 3.8418283 3.4156861 1260179324568
0.6901188 -5.209388 14.85242 1260179324586
10.919766 -16.659103 7.0641346 1260179324615
13.982504 -6.462141 7.2134733 1260179324628
