95.09299 33.391262 44.91786 9.152013 -13.275061 -2.0580812 1260179312103
95.09299 33.391262 44.91786 13.813186 -12.48217 -1.1855066 1260179312108
100.138336 39.521698 45.421967 13.813186 -12.48217 -1.1855066 1260179312115
100.138336 39.521698 45.421967 14.387648 -11.820066 -2.539353 1260179312120
106.98142 46.045612 44.50087 14.387648 -11.820066 -2.539353 1260179312123
106.98142 46.045612 44.50087 8.37133 -9.983632 -10.780361 1260179312127
115.132355 52.643333 43.075825 8.37133 -9.983632 -10.780361 1260179312158
115.132355 52.643333 43.075825 -4.3107843 -7.1457105 -16.240772 1260179312163
124.12574 41.06117 41.522034 -4.3107843 -7.1457105 -16.240772 1260179312169
124.12574 41.06117 41.522034 -2.4266994 2.5925608 -9.801966 1260179312177
134.51945 30.308111 40.095932 -2.4266994 2.5925608 -9.801966 1260179312184
134.51945 30.308111 40.095932 11.709253 10.961182 -24.370443 1260179312194
144.94348 20.192705 38.841137 11.709253 10.961182 -24.370443 1260179312200
144.94348 20.192705 38.841137 15.014793 -6.1012135 -22.030754 1260179312203
154.6963 10.58307 37.64908 15.014793 -6.1012135 -22.030754 1260179312214
154.6963 10.58307 37.64908 5.6117926 12.260476 -26.438387 1260179312219
161.8615 1.1539158 36.516624 5.6117926 12.260476 -26.438387 1260179312225
161.8615 1.1539158 36.516624 -3.7312202 -8.129852 -18.505867 1260179312228
162.01842 9.246221 35.290794 -3.7312202 -8.129852 -18.505867 1260179312239
162.01842 9.246221 35.290794 -2.9770536 -6.616663 -8.538761 1260179312242
158.6675 15.133909 33.776253 -2.9770536 -6.616663 -8.538761 1260179312258
158.6675 15.133909 33.776253 8.385574 -18.26113 -3.691383 1260179312262
154.38412 19.177214 31.83744 8.385574 -18.26113 -3.691383 1260179312273
154.38412 19.177214 31.83744 2.4160142 -22.889782 7.281504 1260179312276
150.11491 21.618353 29.74557 2.4160142 -22.889782 7.281504 1260179312295
150.11491 21.618353 29.74557 -14.586693 -28.521837 9.869368 1260179312298
146.15916 23.187435 27.608292 -14.586693 -28.521837 9.869368 1260179312313
146.15916 23.187435 27.608292 -1.3133941 -16.376558 20.239214 1260179312319
142.4012 24.028063 25.427877 -1.3133941 -16.376558 20.239214 1260179312339
142.4012 24.028063 25.427877 -6.002698 -12.234424 27.572798 1260179312342
138.93114 24.32666 23.406483 -6.002698 -12.234424 27.572798 1260179312353
138.93114 24.32666 23.406483 -17.935743 -8.6872635 24.61019 1260179312356
135.73457 24.210327 21.486158 -17.935743 -8.6872635 24.61019 1260179312375
135.73457 24.210327 21.486158 -1.8646398 -1.695797 17.144266 1260179312378
132.64784 23.69981 19.66185 -1.8646398 -1.695797 17.144266 1260179312588
132.64784 23.69981 19.66185 2.387236 5.362123 17.584063 1260179312604
129.41545 28.364819 18.128757 2.387236 5.362123 17.584063 1260179312608
129.41545 28.364819 18.128757 -10.322409 -16.453163 -15.286697 1260179312618
126.04468 30.946577 16.822319 -10.322409 -16.453163 -15.286697 1260179312623
126.04468 30.946577 16.822319 -12.487859 -20.519876 -1.7139239 1260179312633
122.692444 32.849247 15.831203 -12.487859 -20.519876 -1.7139239 1260179312641
122.692444 32.849247 15.831203 -2.852761 -37.493046 8.991385 1260179312644
119.457825 34.256786 15.139644 -2.852761 -37.493046 8.991385 1260179312653
119.457825 34.256786 15.139644 6.2143264 -30.688467 23.293428 1260179312656
116.534935 35.493946 14.682661 6.2143264 -30.688467 23.293428 1260179312675
116.534935 35.493946 14.682661 11.401453 -18.039776 18.527088 1260179312679
114.05819 36.76925 14.398528 11.401453 -18.039776 18.527088 1260179312696
114.05819 36.76925 14.398528 13.2672615 -13.351809 9.354877 1260179312700
112.30528 38.28079 14.378602 13.2672615 -13.351809 9.354877 1260179312716
112.30528 38.28079 14.378602 13.152392 -19.14092 2.6322606 1260179312723
113.34002 42.716747 15.109672 13.152392 -19.14092 2.6322606 1260179312734
113.34002 42.716747 15.109672 7.726167 5.65586 -4.054418 1260179312737
112.77302 34.13091 14.354188 7.726167 5.65586 -4.054418 1260179312753
112.77302 34.13091 14.354188 9.624605 3.1364288 -3.799521 1260179312759
112.78437 26.624363 13.186479 9.624605 3.1364288 -3.799521 1260179312773
112.78437 26.624363 13.186479 2.7802515 6.507016 -6.6697173 1260179312780
113.14515 19.593145 11.677155 2.7802515 6.507016 -6.6697173 1260179312793
113.14515 19.593145 11.677155 -14.81563 15.744275 -2.538097 1260179312805
114.037895 12.663487 9.793297 -14.81563 15.744275 -2.538097 1260179312815
114.037895 12.663487 9.793297 -15.584302 22.735537 -14.438145 1260179312818
115.486 5.630313 7.453632 -15.584302 22.735537 -14.438145 1260179312833
115.486 5.630313 7.453632 -6.815402 26.914928 -0.6571586 1260179312839
118.0117 -1.6512027 4.6309505 -6.815402 26.914928 -0.6571586 1260179312860
118.0117 -1.6512027 4.6309505 -27.923443 25.11847 -3.027787 1260179312863
123.81112 -9.618643 0.9994028 -27.923443 25.11847 -3.027787 1260179312873
123.81112 -9.618643 0.9994028 -9.47682 4.4863257 -8.782755 1260179312876
134.42056 -0.9377108 -2.2005675 -9.47682 4.4863257 -8.782755 1260179312895
134.42056 -0.9377108 -2.2005675 -21.281551 3.6648893 -8.699498 1260179312899
130.14954 5.259175 -3.1905391 -21.281551 3.6648893 -8.699498 1260179312916
130.14954 5.259175 -3.1905391 -5.8403573 -5.875722 -11.790564 1260179312920
127.69206 10.446217 -2.781012 -5.8403573 -5.875722 -11.790564 1260179312932
127.69206 10.446217 -2.781012 -1.373699 -14.101925 -2.6760445 1260179312936
125.80746 15.623906 -1.6419615 -1.373699 -14.101925 -2.6760445 1260179312954
125.80746 15.623906 -1.6419615 0.5081682 -27.84556 -5.897879 1260179312957
123.51708 20.84271 -0.10986333 0.5081682 -27.84556 -5.897879 1260179312971
123.51708 20.84271 -0.10986333 14.548042 -36.72433 -8.228852 1260179312979
120.94123 25.950575 1.5456299 14.548042 -36.72433 -8.228852 1260179312998
120.94123 25.950575 1.5456299 27.230942 -33.737648 -1.3977103 1260179313003
118.24417 27.403046 3.2183483 27.230942 -33.737648 -1.3977103 1260179313013
118.24417 27.403046 3.2183483 15.865358 -31.375027 7.7212048 1260179313016
115.58196 28.732893 4.8074307 15.865358 -31.375027 7.7212048 1260179313035
115.58196 28.732893 4.8074307 4.000779 -15.1254425 2.612018 1260179313038
113.10287 29.896248 6.317059 4.000779 -15.1254425 2.612018 1260179313056
113.10287 29.896248 6.317059 10.2338915 -3.9693518 4.545691 1260179313060
110.69772 30.951435 7.651206 10.2338915 -3.9693518 4.545691 1260179313071
110.69772 30.951435 7.651206 15.265276 -3.591436 5.0470095 1260179313075
108.86284 32.353863 8.668646 15.265276 -3.591436 5.0470095 1260179313091
108.86284 32.353863 8.668646 8.371966 -10.939462 -3.4403799 1260179313095
113.91969 22.78617 7.2352138 8.371966 -10.939462 -3.4403799 1260179313111
113.91969 22.78617 7.2352138 6.770808 8.262696 -7.0723734 1260179313115
116.62371 13.94686 6.323453 6.770808 8.262696 -7.0723734 1260179313131
116.62371 13.94686 6.323453 -1.9209428 -4.1749344 -8.8805685 1260179313135
118.142525 5.549517 5.7572803 -1.9209428 -4.1749344 -8.8805685 1260179313152
118.142525 5.549517 5.7572803 -6.7855473 15.388051 -11.7518425 1260179313156
118.2854 -2.3779588 5.5194163 -6.7855473 15.388051 -11.7518425 1260179313171
118.2854 -2.3779588 5.5194163 -6.2333407 18.817585 -29.04351 1260179313175
117.72113 -9.959061 5.4934454 -6.2333407 18.817585 -29.04351 1260179313196
117.72113 -9.959061 5.4934454 -4.3718014 9.174768 -34.513428 1260179313199
117.335075 -17.311108 5.368773 -4.3718014 9.174768 -34.513428 1260179313211
117.335075 -17.311108 5.368773 -6.061056 2.354477 -28.92688 1260179313215
120.118324 -24.995552 4.9003344 -6.061056 2.354477 -28.92688 1260179313231
120.118324 -24.995552 4.9003344 -11.8339205 3.140854 -27.306467 1260179313235
114.46241 -15.395774 3.7553177 -11.8339205 3.140854 -27.306467 1260179313251
114.46241 -15.395774 3.7553177 -14.3882475 -3.391563 -18.118126 1260179313255
110.28929 -7.5259852 1.9175519 -14.3882475 -3.391563 -18.118126 1260179313272
110.28929 -7.5259852 1.9175519 -5.9699802 -7.952181 -17.104063 1260179313275
106.67483 -0.7496859 -0.0783257 -5.9699802 -7.952181 -17.104063 1260179313292
106.67483 -0.7496859 -0.0783257 -20.189423 -18.438114 4.9850225 1260179313298
103.441086 1.8377984 -1.7244093 -20.189423 -18.438114 4.9850225 1260179313311
103.441086 1.8377984 -1.7244093 -28.998257 -37.23826 12.081886 1260179313315
