154.16585 -37.95763 6.029765 0.9218488 -1.386302 0.47730362 1260179476424
154.16585 -37.95763 6.029765 -2.6749458 10.936349 11.269273 1260179476428
154.80756 -39.85975 5.678277 -2.6749458 10.936349 11.269273 1260179476434
154.80756 -39.85975 5.678277 -5.722953 16.793007 -2.3317616 1260179476437
154.56718 -41.86676 5.294363 -5.722953 16.793007 -2.3317616 1260179476468
154.56718 -41.86676 5.294363 -8.499984 0.6487255 -1.238703 1260179476474
154.18883 -43.62342 4.8296447 -8.499984 0.6487255 -1.238703 1260179476478
154.18883 -43.62342 4.8296447 -10.386485 5.6972733 3.075626 1260179476485
153.67938 -45.24225 4.3881626 -10.386485 5.6972733 3.075626 1260179476493
153.67938 -45.24225 4.3881626 -9.997653 18.796482 1.2107182 1260179476496
152.7454 -46.780136 3.9187546 -9.997653 18.796482 1.2107182 1260179476506
152.7454 -46.780136 3.9187546 -7.784901 12.891556 8.757005 1260179476509
151.55814 -48.24113 3.4228168 -7.784901 12.891556 8.757005 1260179476515
151.55814 -48.24113 3.4228168 -3.6868572 0.8340359 6.250099 1260179476526
150.98022 -49.579075 3.0016758 -3.6868572 0.8340359 6.250099 1260179476529
150.98022 -49.579075 3.0016758 0.48139256 3.2961307 -5.1910324 1260179476533
150.38121 -50.85012 2.601592 0.48139256 3.2961307 -5.1910324 1260179476545
150.38121 -50.85012 2.601592 4.275798 14.643192 -4.6395407 1260179476551
150.61215 -52.007614 2.3215125 4.275798 14.643192 -4.6395407 1260179476729
150.61215 -52.007614 2.3215125 6.689053 18.686798 3.7276802 1260179476735
151.18155 -53.007233 2.1054368 6.689053 18.686798 3.7276802 1260179476738
151.18155 -53.007233 2.1054368 8.173642 12.51828 7.3508525 1260179476746
151.87247 -53.95687 1.9501649 8.173642 12.51828 7.3508525 1260179476750
151.87247 -53.95687 1.9501649 8.994244 3.3648467 5.9002233 1260179476754
152.67885 -54.859028 1.8526567 8.994244 3.3648467 5.9002233 1260179476759
152.67885 -54.859028 1.8526567 9.358807 -1.4088421 3.0744925 1260179476766
153.39491 -55.716076 1.7600238 9.358807 -1.4088421 3.0744925 1260179476770
153.39491 -55.716076 1.7600238 9.597828 1.0595675 1.510786 1260179476773
154.27516 -56.530273 1.6220226 9.597828 1.0595675 1.510786 1260179476778
154.27516 -56.530273 1.6220226 9.705422 8.237121 2.3040783 1260179476784
155.1614 -57.30376 1.4909215 9.705422 8.237121 2.3040783 1260179476787
155.1614 -57.30376 1.4909215 9.60531 15.31093 3.3752074 1260179476793
155.1614 -57.30376 1.4909215 9.550829 15.474375 3.429689 1260179476795
155.95334 -58.038574 1.3163754 9.550829 15.474375 3.429689 1260179476804
155.95334 -58.038574 1.3163754 9.212124 18.47136 3.00509 1260179476807
156.65567 -58.786644 1.1505566 9.212124 18.47136 3.00509 1260179476815
156.65567 -58.786644 1.1505566 8.674907 16.347506 0.22285175 1260179476818
157.07289 -59.49731 0.99302876 8.674907 16.347506 0.22285175 1260179476828
157.07289 -59.49731 0.99302876 7.936896 10.528118 -2.6651313 1260179476831
157.31924 -60.222446 0.8433773 7.936896 10.528118 -2.6651313 1260179476837
157.31924 -60.222446 0.8433773 7.0471454 3.6762223 -3.0818422 1260179476842
157.50328 -60.861324 0.7012084 7.0471454 3.6762223 -3.0818422 1260179476847
157.50328 -60.861324 0.7012084 6.0635996 -0.29677486 -0.3261826 1260179476851
157.47812 -61.468258 0.566148 6.0635996 -0.29677486 -0.3261826 1260179476854
157.47812 -61.468258 0.566148 4.9977865 -0.8052597 4.289378 1260179476859
157.45421 -62.094845 0.43784058 4.9977865 -0.8052597 4.289378 1260179476867
157.45421 -62.094845 0.43784058 3.8962636 2.1443024 9.105581 1260179476876
157.5315 -62.640102 0.31594855 3.8962636 2.1443024 9.105581 1260179476879
157.5315 -62.640102 0.31594855 2.7862518 6.8084993 11.732063 1260179476885
157.75491 -63.158096 0.20015112 2.7862518 6.8084993 11.732063 1260179476890
157.75491 -63.158096 0.20015112 1.6896243 11.816932 11.740105 1260179476894
157.91718 -63.650192 0.09014356 1.6896243 11.816932 11.740105 1260179476908
157.91718 -63.650192 0.09014356 0.62342435 15.884759 9.312813 1260179476911
157.97131 -64.11768 0.035636384 0.62342435 15.884759 9.312813 1260179476923
157.97131 -64.11768 0.035636384 0.13123707 18.258003 5.422862 1260179476932
157.92274 -64.6118 -0.016145436 0.13123707 18.258003 5.422862 1260179476943
157.92274 -64.6118 -0.016145436 -0.37614396 18.548622 0.58059597 1260179476947
158.02661 -65.08121 -0.065338165 -0.37614396 18.548622 0.58059597 1260179476965
158.02661 -65.08121 -0.065338165 -0.8577841 16.645761 -3.5774252 1260179476968
158.17528 -65.527145 -0.11207125 -0.8577841 16.645761 -3.5774252 1260179476981
158.51651 -65.95079 -0.15646769 -0.8577841 16.645761 -3.5774252 1260179477001
158.49068 -66.35325 -0.19864431 -0.8577841 16.645761 -3.5774252 1260179477051
158.49068 -66.35325 -0.19864431 -2.1654825 5.3289623 -6.402882 1260179477055
158.76614 -66.73559 -0.2387121 -2.1654825 5.3289623 -6.402882 1260179477064
158.76614 -66.73559 -0.2387121 -2.5487702 2.1410747 -4.36813 1260179477073
159.42784 -67.09881 -0.2767765 -2.5487702 2.1410747 -4.36813 1260179477083
159.42784 -67.09881 -0.2767765 -2.8141148 -0.0041484833 -1.5010021 1260179477086
160.15645 -67.39387 -0.31293768 -2.8141148 -0.0041484833 -1.5010021 1260179477106
160.15645 -67.39387 -0.31293768 -3.1531823 -0.9042835 1.2182857 1260179477109
160.99863 -67.67417 -0.34729078 -3.1531823 -0.9042835 1.2182857 1260179477124
160.99863 -67.67417 -0.34729078 -3.4444084 -0.97313213 3.8226507 1260179477133
161.4487 -67.94046 -0.37992623 -3.4444084 -0.97313213 3.8226507 1260179477142
161.4487 -67.94046 -0.37992623 -3.7433121 -0.35098362 6.1411667 1260179477145
161.67627 -68.193436 -0.41092992 -3.7433121 -0.35098362 6.1411667 1260179477161
161.79245 -68.43376 -0.44038343 -3.7433121 -0.35098362 6.1411667 1260179477186
161.79245 -68.43376 -0.44038343 -4.286569 2.5178862 9.460278 1260179477190
161.60283 -68.712074 -0.46836427 -4.286569 2.5178862 9.460278 1260179477203
161.60283 -68.712074 -0.46836427 -4.587432 4.955706 10.563961 1260179477207
161.72269 -68.97647 -0.49494606 -4.587432 4.955706 10.563961 1260179477222
161.72269 -68.97647 -0.49494606 -4.8182893 7.5540876 11.115528 1260179477225
161.63655 -69.227646 -0.52019876 -4.8182893 7.5540876 11.115528 1260179477245
161.63655 -69.227646 -0.52019876 -5.089041 10.063412 11.024047 1260179477248
161.50473 -69.46626 -0.5441888 -5.089041 10.063412 11.024047 1260179477261
161.50473 -69.46626 -0.5441888 -5.291623 12.388338 10.446764 1260179477267
161.5795 -69.69295 -0.56697935 -5.291623 12.388338 10.446764 1260179477281
161.35052 -69.9083 -0.5886304 -5.291623 12.388338 10.446764 1260179477302
161.35052 -69.9083 -0.5886304 -5.6591053 15.946127 8.292134 1260179477305
161.333 -70.06289 -0.60919887 -5.6591053 15.946127 8.292134 1260179477327
161.333 -70.06289 -0.60919887 -5.757488 16.90777 7.3586416 1260179477335
161.46634 -70.20975 -0.62873894 -5.757488 16.90777 7.3586416 1260179477342
161.46634 -70.20975 -0.62873894 -5.9134517 17.604277 6.3020897 1260179477347
161.54303 -70.34926 -0.647302 -5.9134517 17.604277 6.3020897 1260179477362
161.54303 -70.34926 -0.647302 -6.05958 18.089737 5.305888 1260179477368
161.66588 -70.4818 -0.6649369 -6.05958 18.089737 5.305888 1260179477383
161.63258 -70.607704 -0.68169004 -6.05958 18.089737 5.305888 1260179477571
161.63258 -70.607704 -0.68169004 -6.324865 18.609709 3.2635403 1260179477577
161.65096 -70.72732 -0.69760555 -6.324865 18.609709 3.2635403 1260179477583
161.8184 -70.84095 -0.7127253 -6.324865 18.609709 3.2635403 1260179477588
161.8184 -70.84095 -0.7127253 -6.517164 18.481083 1.4832298 1260179477592
161.72748 -70.9989 -0.67708904 -6.517164 18.481083 1.4832298 1260179477595
161.72748 -70.9989 -0.67708904 -6.194445 18.122402 0.22187567 1260179477602
161.9411 -71.09895 -0.6432346 -6.194445 18.122402 0.22187567 1260179477605
161.9411 -71.09895 -0.6432346 -5.932392 17.774303 -0.5194068 1260179477611
162.09404 -71.19401 -0.6110729 -5.932392 17.774303 -0.5194068 1260179477615
162.09404 -71.19401 -0.6110729 -5.622716 17.360367 -1.2768347 1260179477618
162.13934 -71.28431 -0.58051926 -5.622716 17.360367 -1.2768347 1260179477626
162.13934 -71.28431 -0.58051926 -5.429372 16.895464 -1.9879391 1260179477629
162.38237 -71.370094 -0.6014933 -5.429372 16.895464 -1.9879391 1260179477633
162.38237 -71.370094 -0.6014933 -5.6545315 16.44712 -2.4241657 1260179477639
162.41325 -71.45159 -0.62141865 -5.6545315 16.44712 -2.4241657 1260179477648
162.41325 -71.45159 -0.62141865 -5.8552775 15.944876 -2.7983603 1260179477651
162.49258 -71.529015 -0.6403477 -5.8552775 15.944876 -2.7983603 1260179477659
162.49258 -71.529015 -0.6403477 -6.005072 15.452846 -3.0898788 1260179477665
162.46796 -71.60256 -0.6583303 -6.005072 15.452846 -3.0898788 1260179477673
162.64456 -71.62244 -0.6754138 -6.005072 15.452846 -3.0898788 1260179477676
162.64456 -71.62244 -0.6754138 -6.2225018 14.687249 -3.3281252 1260179477685
162.96233 -71.64131 -0.6416431 -6.2225018 14.687249 -3.3281252 1260179477688
162.96233 -71.64131 -0.6416431 -5.9199047 14.523596 -3.6187975 1260179477694
163.06421 -71.65925 -0.659561 -5.9199047 14.523596 -3.6187975 1260179477697
163.06421 -71.65925 -0.659561 -6.1685896 14.379154 -3.6111143 1260179477704
163.261 -71.676285 -0.67658293 -6.1685896 14.379154 -3.6111143 1260179477708
163.261 -71.676285 -0.67658293 -6.2723002 14.226698 -3.543496 1260179477712
163.49796 -71.692474 -0.6927538 -6.2723002 14.226698 -3.543496 1260179477723
163.49796 -71.692474 -0.6927538 -6.3950577 14.093319 -3.5802777 1260179477727
163.27306 -71.70785 -0.7081161 -6.3950577 14.093319 -3.5802777 1260179477733
163.27306 -71.70785 -0.7081161 -6.5646434 13.965393 -3.5587223 1260179477738
163.5594 -71.72246 -0.7227103 -6.5646434 13.965393 -3.5587223 1260179477743
163.5594 -71.72246 -0.7227103 -6.6181183 13.788214 -3.4795516 1260179477747
163.63144 -71.736336 -0.73657477 -6.6181183 13.788214 -3.4795516 1260179477761
163.59987 -71.74952 -0.749746 -6.6181183 13.788214 -3.4795516 1260179477786
163.59987 -71.74952 -0.749746 -6.868923 13.558158 -3.4229734 1260179477789
163.81987 -71.76205 -0.7622587 -6.868923 13.558158 -3.4229734 1260179477801
163.57887 -71.77394 -0.7741458 -6.868923 13.558158 -3.4229734 1260179477822
163.57887 -71.77394 -0.7741458 -6.9874377 13.347547 -3.3599546 1260179477825
163.39993 -71.83524 -0.7854385 -6.9874377 13.347547 -3.3599546 1260179477846
163.39993 -71.83524 -0.7854385 -7.038889 12.752731 -3.5855112 1260179477849
163.12993 -71.84348 -0.7461665 -7.038889 12.752731 -3.5855112 1260179477863
163.12993 -71.84348 -0.7461665 -6.707004 12.624428 -3.8529458 1260179477878
162.82343 -71.85131 -0.7088582 -6.707004 12.624428 -3.8529458 1260179477884
162.78226 -71.908745 -0.6734153 -6.707004 12.624428 -3.8529458 1260179477902
162.78226 -71.908745 -0.6734153 -6.166343 12.030714 -4.5185084 1260179477905
162.99315 -71.91331 -0.6397445 -6.166343 12.030714 -4.5185084 1260179477928
162.99315 -71.91331 -0.6397445 -5.9186087 12.206572 -4.4884586 1260179477935
163.1435 -71.867645 -0.6577573 -5.9186087 12.206572 -4.4884586 1260179477943
163.1435 -71.867645 -0.6577573 -6.11375 12.842285 -4.097809 1260179477948
163.08632 -71.824265 -0.6748694 -6.11375 12.842285 -4.097809 1260179477962
163.08632 -71.824265 -0.6748694 -6.3545403 13.177555 -3.8149104 1260179477966
162.582 -71.83305 -0.74112594 -6.3545403 13.177555 -3.8149104 1260179477985
162.582 -71.83305 -0.74112594 -6.9566746 13.09919 -3.621395 1260179477988
161.65291 -71.8914 -0.80406964 -6.9566746 13.09919 -3.621395 1260179478002
161.65291 -71.8914 -0.80406964 -7.398327 12.571341 -3.653781 1260179478005
