91.510635 37.275757 40.490883 11.942723 1.2370691 -3.0988655 1260179271060
91.510635 37.275757 40.490883 7.7717485 0.33493733 -7.0724936 1260179271064
94.3851 42.711967 41.066338 7.7717485 0.33493733 -7.0724936 1260179271069
94.3851 42.711967 41.066338 1.948096 6.43257 -4.066399 1260179271077
99.81585 48.52637 41.06302 1.948096 6.43257 -4.066399 1260179271083
99.81585 48.52637 41.06302 1.9253263 7.441394 -2.63462 1260179271094
106.32506 54.60005 40.309868 1.9253263 7.441394 -2.63462 1260179271115
106.32506 54.60005 40.309868 8.774997 7.5969596 -4.5097322 1260179271125
114.158806 60.77005 39.244373 8.774997 7.5969596 -4.5097322 1260179271136
114.158806 60.77005 39.244373 13.828428 8.219984 -11.613552 1260179271141
122.15086 48.73155 38.032154 13.828428 8.219984 -11.613552 1260179271323
122.15086 48.73155 38.032154 7.398879 9.752481 -15.308457 1260179271327
130.49332 37.39497 36.78055 7.398879 9.752481 -15.308457 1260179271335
130.49332 37.39497 36.78055 -3.2119236 3.6567292 -13.897207 1260179271339
139.01865 26.67522 35.591522 -3.2119236 3.6567292 -13.897207 1260179271348
139.01865 26.67522 35.591522 -3.2867875 -8.420416 -21.94807 1260179271358
147.16771 16.54146 34.511948 -3.2867875 -8.420416 -21.94807 1260179271362
147.16771 16.54146 34.511948 6.017169 8.793909 -15.333527 1260179271367
153.25932 6.714387 33.53635 6.017169 8.793909 -15.333527 1260179271374
153.25932 6.714387 33.53635 13.709445 -3.9734519 -24.332031 1260179271379
155.79636 14.928668 32.709534 13.709445 -3.9734519 -24.332031 1260179271383
155.79636 14.928668 32.709534 14.274762 -9.597675 -17.939007 1260179271388
154.80653 21.682234 31.974056 14.274762 -9.597675 -17.939007 1260179271394
154.80653 21.682234 31.974056 9.221709 -9.653415 -18.761124 1260179271399
151.7662 26.048122 30.925354 9.221709 -9.653415 -18.761124 1260179271403
151.7662 26.048122 30.925354 -2.1790414 -19.945982 1.904326 1260179271406
148.42789 28.295715 29.379086 -2.1790414 -19.945982 1.904326 1260179271414
148.42789 28.295715 29.379086 -8.850199 -17.837439 10.47736 1260179271417
145.25648 29.68093 27.61013 -8.850199 -17.837439 10.47736 1260179271423
145.25648 29.68093 27.61013 3.1399016 -13.227622 16.162048 1260179271428
142.29366 30.496883 25.779623 3.1399016 -13.227622 16.162048 1260179271436
142.29366 30.496883 25.779623 0.85332155 -15.649406 26.522448 1260179271440
139.47897 30.822039 23.940641 0.85332155 -15.649406 26.522448 1260179271443
139.47897 30.822039 23.940641 -15.302902 -14.633297 28.60902 1260179271448
136.80502 30.730936 22.19361 -15.302902 -14.633297 28.60902 1260179271457
136.80502 30.730936 22.19361 -7.7864757 -8.414511 18.280865 1260179271461
134.26477 30.29439 20.483929 -7.7864757 -8.414511 18.280865 1260179271466
134.26477 30.29439 20.483929 4.509126 -0.46154118 22.380232 1260179271477
131.95154 29.72967 18.809732 4.509126 -0.46154118 22.380232 1260179271483
131.95154 29.72967 18.809732 -4.557993 3.6600747 16.455761 1260179271486
129.75397 29.393187 17.269245 -4.557993 3.6600747 16.455761 1260179271489
129.75397 29.393187 17.269245 -12.210359 4.3622265 10.419424 1260179271497
127.06627 31.373528 15.905783 -12.210359 4.3622265 10.419424 1260179271500
127.06627 31.373528 15.905783 -2.5661676 -2.9488401 -8.442511 1260179271506
128.76295 38.10485 15.660494 -2.5661676 -2.9488401 -8.442511 1260179271509
128.76295 38.10485 15.660494 1.854301 -5.706785 -16.076786 1260179271517
135.47481 45.14961 15.477469 1.854301 -5.706785 -16.076786 1260179271523
135.47481 45.14961 15.477469 5.494155 -9.27183 -19.61368 1260179271535
144.80107 34.192127 15.403596 5.494155 -9.27183 -19.61368 1260179271540
144.80107 34.192127 15.403596 8.562162 -1.145371 -13.782098 1260179271544
138.01102 24.232521 15.433416 8.562162 -1.145371 -13.782098 1260179271547
138.01102 24.232521 15.433416 10.434105 14.923969 -32.476162 1260179271555
132.96046 15.120894 15.461745 10.434105 14.923969 -32.476162 1260179271565
132.96046 15.120894 15.461745 11.3099575 6.7753863 -21.261692 1260179271568
128.96245 6.6148496 15.388658 11.3099575 6.7753863 -21.261692 1260179271576
128.96245 6.6148496 15.388658 10.621965 10.320338 -36.3379 1260179271580
125.06432 -1.8158933 15.069224 10.621965 10.320338 -36.3379 1260179271588
125.06432 -1.8158933 15.069224 10.146627 17.624844 -22.675575 1260179271598
126.36111 6.724901 14.615763 10.146627 17.624844 -22.675575 1260179271603
126.36111 6.724901 14.615763 10.251616 -7.2267523 -19.402935 1260179271612
123.943054 11.188656 13.984975 10.251616 -7.2267523 -19.402935 1260179271616
123.943054 11.188656 13.984975 10.245157 -5.2146664 -1.2812518 1260179271621
121.395905 13.929223 13.435726 10.245157 -5.2146664 -1.2812518 1260179271636
121.395905 13.929223 13.435726 8.875625 -33.410873 11.956718 1260179271640
118.87611 15.782762 13.06394 8.875625 -33.410873 11.956718 1260179271656
118.87611 15.782762 13.06394 8.49115 -26.72628 12.973386 1260179271659
116.4823 17.343624 12.910743 8.49115 -26.72628 12.973386 1260179271673
116.4823 17.343624 12.910743 9.873544 -16.862007 24.991974 1260179271682
114.30818 18.876444 13.015205 9.873544 -16.862007 24.991974 1260179271693
114.30818 18.876444 13.015205 12.19304 -23.159275 27.9355 1260179271696
112.64278 20.532621 13.514445 12.19304 -23.159275 27.9355 1260179271715
112.64278 20.532621 13.514445 16.663885 -27.349411 10.2831545 1260179271718
112.16064 22.20599 14.638723 16.663885 -27.349411 10.2831545 1260179271738
112.16064 22.20599 14.638723 15.757289 -7.853569 5.597714 1260179271743
119.2526 29.84569 15.256787 15.757289 -7.853569 5.597714 1260179271754
119.2526 29.84569 15.256787 8.141215 9.0508795 -7.686811 1260179271760
118.13997 20.853405 14.543948 8.141215 9.0508795 -7.686811 1260179271773
118.13997 20.853405 14.543948 9.231856 -1.7582893 -10.685659 1260179271777
118.93297 12.910734 13.116751 9.231856 -1.7582893 -10.685659 1260179271796
118.93297 12.910734 13.116751 0.576314 9.49467 -5.5400176 1260179271800
120.53632 5.565197 11.160913 0.576314 9.49467 -5.5400176 1260179271813
120.53632 5.565197 11.160913 -18.95543 21.85175 -10.335291 1260179271822
122.65951 -1.5130631 8.7028675 -18.95543 21.85175 -10.335291 1260179271833
122.65951 -1.5130631 8.7028675 -6.8719068 25.024841 -8.651102 1260179271841
125.22653 -8.58741 5.817724 -6.8719068 25.024841 -8.651102 1260179271854
125.22653 -8.58741 5.817724 -20.674898 20.246832 -10.983649 1260179271858
128.1152 -15.658039 2.576838 -20.674898 20.246832 -10.983649 1260179272033
128.1152 -15.658039 2.576838 -11.630567 10.459148 5.8843803 1260179272043
132.05945 -22.825138 -1.0020039 -11.630567 10.459148 5.8843803 1260179272048
132.05945 -22.825138 -1.0020039 -23.21215 -1.591991 -4.186871 1260179272055
141.35648 -13.08388 -5.001904 -23.21215 -1.591991 -4.186871 1260179272060
141.35648 -13.08388 -5.001904 -1.4360285 3.390855 1.5188556 1260179272064
136.78865 -6.7296863 -5.7518086 -1.4360285 3.390855 1.5188556 1260179272067
136.78865 -6.7296863 -5.7518086 1.0704429 -6.3103905 5.018916 1260179272075
134.29922 -0.89320195 -4.7642183 1.0704429 -6.3103905 5.018916 1260179272079
134.29922 -0.89320195 -4.7642183 14.635684 -10.847796 -4.3534913 1260179272085
132.48427 5.2014585 -3.1260073 14.635684 -10.847796 -4.3534913 1260179272087
132.48427 5.2014585 -3.1260073 13.236072 -15.810995 -11.195775 1260179272096
130.86006 11.341386 -1.1697068 13.236072 -15.810995 -11.195775 1260179272098
130.86006 11.341386 -1.1697068 11.231221 -18.184294 -5.404304 1260179272102
129.01706 17.374317 0.93877846 11.231221 -18.184294 -5.404304 1260179272108
129.01706 17.374317 0.93877846 31.415724 -16.50474 -3.9559379 1260179272116
126.96621 23.155602 3.0418396 31.415724 -16.50474 -3.9559379 1260179272119
126.96621 23.155602 3.0418396 23.926245 -15.514618 1.9609964 1260179272122
124.7679 24.347822 5.0397477 23.926245 -15.514618 1.9609964 1260179272134
124.7679 24.347822 5.0397477 10.320109 -14.335037 3.3324957 1260179272141
122.4795 25.530432 6.8377604 10.320109 -14.335037 3.3324957 1260179272145
122.4795 25.530432 6.8377604 19.47549 -20.098999 11.453868 1260179272154
120.155525 26.70391 8.195872 19.47549 -20.098999 11.453868 1260179272157
120.155525 26.70391 8.195872 17.663795 -21.213852 4.9726534 1260179272163
117.69775 27.618715 8.986078 17.663795 -21.213852 4.9726534 1260179272166
117.69775 27.618715 8.986078 7.5813813 -11.940279 12.003993 1260179272175
115.06286 27.287779 8.336774 7.5813813 -11.940279 12.003993 1260179272178
115.06286 27.287779 8.336774 8.421094 -9.522896 6.0098867 1260179272181
118.35972 23.97339 5.369935 8.421094 -9.522896 6.0098867 1260179272195
118.35972 23.97339 5.369935 -10.167447 10.957078 2.4635224 1260179272200
121.24173 15.674721 3.801438 -10.167447 10.957078 2.4635224 1260179272203
121.24173 15.674721 3.801438 -9.235371 4.264341 2.7943883 1260179272208
122.729645 7.2909846 3.1113663 -9.235371 4.264341 2.7943883 1260179272216
122.729645 7.2909846 3.1113663 -2.1691096 -1.4772873 -17.92226 1260179272224
122.643166 -0.8235646 2.855798 -2.1691096 -1.4772873 -17.92226 1260179272227
122.643166 -0.8235646 2.855798 2.1771405 16.614296 -26.23488 1260179272235
121.711006 -8.482387 2.863008 2.1771405 16.614296 -26.23488 1260179272241
121.711006 -8.482387 2.863008 3.975265 20.1317 -19.931181 1260179272247
120.62546 -15.858268 2.9198577 3.975265 20.1317 -19.931181 1260179272257
120.62546 -15.858268 2.9198577 4.1438103 11.444645 -19.613537 1260179272262
120.04418 -23.215355 2.823865 4.1438103 11.444645 -19.613537 1260179272273
120.04418 -23.215355 2.823865 3.3476338 -0.44575405 -26.012423 1260179272282
131.24197 -13.204587 2.3826716 3.3476338 -0.44575405 -26.012423 1260179272293
131.24197 -13.204587 2.3826716 3.6791837 4.1087017 -34.12305 1260179272297
127.07987 -5.044358 1.5635381 3.6791837 4.1087017 -34.12305 1260179272315
127.07987 -5.044358 1.5635381 3.5480022 -22.149794 -21.56507 1260179272318
123.475876 1.2578603 0.48536116 3.5480022 -22.149794 -21.56507 1260179272338
123.475876 1.2578603 0.48536116 -4.4855585 -31.838486 -7.6829405 1260179272342
120.20208 4.6449676 -0.5389069 -4.4855585 -31.838486 -7.6829405 1260179272352
120.20208 4.6449676 -0.5389069 -15.299084 -18.007774 2.933774 1260179272356
117.04198 7.212719 -1.3119615 -15.299084 -18.007774 2.933774 1260179272374
117.04198 7.212719 -1.3119615 -18.87159 -35.638653 18.103722 1260179272377
113.88988 9.102083 -1.8463634 -18.87159 -35.638653 18.103722 1260179272397
113.88988 9.102083 -1.8463634 -16.6218 -27.256685 25.615364 1260179272400
110.94538 10.596979 -2.1040452 -16.6218 -27.256685 25.615364 1260179272413
110.94538 10.596979 -2.1040452 -12.116863 -9.77795 24.529663 1260179272421
108.19811 11.86713 -1.9988428 -12.116863 -9.77795 24.529663 1260179272433
108.19811 11.86713 -1.9988428 -8.847726 -7.122025 15.178818 1260179272436
105.68821 12.773774 -1.3489007 -8.847726 -7.122025 15.178818 1260179272456
105.68821 12.773774 -1.3489007 -6.5223866 -9.727131 15.213328 1260179272459
103.5038 13.7350855 -0.03145564 -6.5223866 -9.727131 15.213328 1260179272473
103.5038 13.7350855 -0.03145564 4.15926 -14.493814 11.487818 1260179272482
101.42861 14.698331 2.0701172 4.15926 -14.493814 11.487818 1260179272492
101.42861 14.698331 2.0701172 14.174219 -12.80537 6.596957 1260179272498
99.25718 15.263414 3.9666114 14.174219 -12.80537 6.596957 1260179272513
99.25718 15.263414 3.9666114 -1.6824522 -7.9600925 11.478782 1260179272516
96.79432 15.750243 6.368281 -1.6824522 -7.9600925 11.478782 1260179272538
96.79432 15.750243 6.368281 6.730541 -2.786562 -6.364346 1260179272545
94.0046 16.112732 8.799867 6.730541 -2.786562 -6.364346 1260179272556
94.0046 16.112732 8.799867 12.134811 0.8219626 10.588205 1260179272568
