90.8409 37.593723 41.59431 7.7347207 -6.1931143 -7.238264 1260179249523
90.8409 37.593723 41.59431 0.1724 -2.9734852 -5.567665 1260179249526
92.14885 37.46404 42.214596 0.1724 -2.9734852 -5.567665 1260179249553
92.14885 37.46404 42.214596 -2.568912 -2.784212 -0.8702099 1260179249564
94.69141 42.690838 42.703865 -2.568912 -2.784212 -0.8702099 1260179249569
94.69141 42.690838 42.703865 -1.6886415 3.3727021 -0.07930797 1260179249573
97.506836 47.506298 42.818672 -1.6886415 3.3727021 -0.07930797 1260179249577
97.506836 47.506298 42.818672 -1.0853753 -3.6571991 -6.365538 1260179249585
100.88149 52.180984 42.727737 -1.0853753 -3.6571991 -6.365538 1260179249588
100.88149 52.180984 42.727737 -0.9102888 -17.191418 -6.3690615 1260179249594
104.287415 56.821934 42.19135 -0.9102888 -17.191418 -6.3690615 1260179249597
104.287415 56.821934 42.19135 -1.1597157 -11.688712 -11.921824 1260179249606
107.92304 61.580837 41.381783 -1.1597157 -11.688712 -11.921824 1260179249608
107.92304 61.580837 41.381783 3.5196075 0.25927258 -17.4051 1260179249613
112.27689 66.6018 40.412693 3.5196075 0.25927258 -17.4051 1260179249619
112.27689 66.6018 40.412693 12.907217 -1.32201 -13.067707 1260179249628
117.11305 71.72171 39.242058 12.907217 -1.32201 -13.067707 1260179249632
117.11305 71.72171 39.242058 17.532558 -9.953581 -24.873987 1260179249637
122.2074 76.78562 37.979954 17.532558 -9.953581 -24.873987 1260179249643
122.2074 76.78562 37.979954 9.022435 -12.918154 -23.412315 1260179249646
124.147026 81.346344 36.480957 9.022435 -12.918154 -23.412315 1260179249652
124.147026 81.346344 36.480957 -5.91444 -1.6263041 -19.317957 1260179249655
120.73968 84.02903 33.85691 -5.91444 -1.6263041 -19.317957 1260179249665
120.73968 84.02903 33.85691 1.7959375 -18.429895 -5.154189 1260179249668
118.00269 82.62758 30.514065 1.7959375 -18.429895 -5.154189 1260179249676
118.00269 82.62758 30.514065 -19.919004 -26.459631 6.2917633 1260179249679
115.85256 80.6462 27.28836 -19.919004 -26.459631 6.2917633 1260179249688
115.85256 80.6462 27.28836 -9.6168375 -13.187806 11.64929 1260179249691
114.00993 78.11389 24.273943 -9.6168375 -13.187806 11.64929 1260179249695
114.00993 78.11389 24.273943 -27.618145 -22.55905 18.83569 1260179249703
112.25944 75.3082 21.560246 -27.618145 -22.55905 18.83569 1260179249708
112.25944 75.3082 21.560246 -12.64603 -11.540687 17.4464 1260179249712
110.596466 72.292786 19.232233 -12.64603 -11.540687 17.4464 1260179249715
110.596466 72.292786 19.232233 -7.7408595 -6.9462686 14.76402 1260179249726
109.06664 69.42815 17.420622 -7.7408595 -6.9462686 14.76402 1260179249734
109.06664 69.42815 17.420622 -15.5446825 -8.194299 19.392427 1260179249737
107.76331 67.80674 16.24959 -15.5446825 -8.194299 19.392427 1260179249747
107.76331 67.80674 16.24959 -6.386993 2.218274 7.273466 1260179249751
107.52515 68.2164 16.13711 -6.386993 2.218274 7.273466 1260179249756
107.52515 68.2164 16.13711 -1.9393346 -0.83079576 -5.208375 1260179249759
108.29889 71.15558 16.330254 -1.9393346 -0.83079576 -5.208375 1260179249767
108.29889 71.15558 16.330254 -1.8169782 -18.109304 -2.1705363 1260179249771
109.28394 74.4978 16.313742 -1.8169782 -18.109304 -2.1705363 1260179249778
109.28394 74.4978 16.313742 -1.1943889 -2.999185 -15.955904 1260179249785
110.46975 78.17291 16.148054 -1.1943889 -2.999185 -15.955904 1260179249793
110.46975 78.17291 16.148054 0.26522112 -14.030434 -7.918517 1260179249796
113.09626 82.26427 16.040651 0.26522112 -14.030434 -7.918517 1260179249806
113.09626 82.26427 16.040651 2.3429496 -13.293842 -28.667793 1260179249813
119.29145 86.85105 16.038618 2.3429496 -13.293842 -28.667793 1260179249826
119.29145 86.85105 16.038618 4.4457026 5.7831345 -30.324976 1260179249830
129.47688 73.7585 16.036688 4.4457026 5.7831345 -30.324976 1260179249843
129.47688 73.7585 16.036688 5.4578857 12.541659 -28.481483 1260179249852
123.45304 61.670574 15.984854 5.4578857 12.541659 -28.481483 1260179249862
123.45304 61.670574 15.984854 5.234436 15.554676 -32.87371 1260179249866
118.23039 50.087044 15.685611 5.234436 15.554676 -32.87371 1260179249884
118.23039 50.087044 15.685611 5.653555 7.214814 -38.76229 1260179249887
123.21887 56.432693 15.10133 5.653555 7.214814 -38.76229 1260179249908
123.21887 56.432693 15.10133 7.4938765 -0.07820892 -34.938366 1260179249911
121.20793 61.21106 14.146263 7.4938765 -0.07820892 -34.938366 1260179249924
121.20793 61.21106 14.146263 8.083431 -0.6726732 -19.45902 1260179249934
118.54754 63.850506 12.53895 8.083431 -0.6726732 -19.45902 1260179249943
118.54754 63.850506 12.53895 -6.779215 -27.289646 -0.47328377 1260179249946
116.020164 63.65798 10.712003 -6.779215 -27.289646 -0.47328377 1260179249965
116.020164 63.65798 10.712003 -21.421757 -32.512676 6.395666 1260179249969
113.619156 62.825085 9.026402 -21.421757 -32.512676 6.395666 1260179249983
113.619156 62.825085 9.026402 -10.622317 -26.656792 10.894191 1260179249992
111.2882 61.53383 7.4750824 -10.622317 -26.656792 10.894191 1260179250002
111.2882 61.53383 7.4750824 -4.5018187 -12.613669 27.291094 1260179250008
109.17379 60.15714 6.301328 -4.5018187 -12.613669 27.291094 1260179250023
109.17379 60.15714 6.301328 -8.906981 -13.281841 16.35256 1260179250028
107.3651 58.749283 5.736262 -8.906981 -13.281841 16.35256 1260179250047
107.3651 58.749283 5.736262 -6.9762154 -20.341473 14.560531 1260179250051
106.046844 57.41182 6.3494487 -6.9762154 -20.341473 14.560531 1260179250063
106.046844 57.41182 6.3494487 4.653288 -14.420589 16.953098 1260179250068
108.2945 55.99123 9.031977 4.653288 -14.420589 16.953098 1260179250083
108.2945 55.99123 9.031977 11.555682 0.7577205 -7.0701213 1260179250088
116.17978 61.94167 10.980378 11.555682 0.7577205 -7.0701213 1260179250104
116.17978 61.94167 10.980378 -0.61875343 6.458706 -8.320399 1260179250286
125.22079 50.144585 12.081359 -0.61875343 6.458706 -8.320399 1260179250293
125.22079 50.144585 12.081359 3.5079226 2.6392915 -3.7607975 1260179250304
135.90974 39.237354 12.427291 3.5079226 2.6392915 -3.7607975 1260179250309
135.90974 39.237354 12.427291 3.1361237 -6.975395 -12.160346 1260179250313
134.61426 29.225487 11.655927 3.1361237 -6.975395 -12.160346 1260179250316
134.61426 29.225487 11.655927 -8.407203 11.778116 -14.550738 1260179250324
137.28354 19.964212 9.52313 -8.407203 11.778116 -14.550738 1260179250328
137.28354 19.964212 9.52313 -7.4183455 -3.7040334 -13.830144 1260179250335
140.21936 11.2160015 6.6469736 -7.4183455 -3.7040334 -13.830144 1260179250338
140.21936 11.2160015 6.6469736 -7.967705 16.127888 -6.0062585 1260179250345
143.0584 2.9052014 3.564625 -7.967705 16.127888 -6.0062585 1260179250348
143.0584 2.9052014 3.564625 -18.896587 5.4684796 1.5505333 1260179250352
146.45547 -5.0900583 0.4863937 -18.896587 5.4684796 1.5505333 1260179250357
146.45547 -5.0900583 0.4863937 -11.600052 -1.7816138 -3.506524 1260179250366
151.43271 -13.135555 -2.637926 -11.600052 -1.7816138 -3.506524 1260179250369
151.43271 -13.135555 -2.637926 -18.71797 9.136224 -13.658634 1260179250372
143.86107 -4.8287773 -4.7560296 -18.71797 9.136224 -13.658634 1260179250378
143.86107 -4.8287773 -4.7560296 1.632081 -14.90943 -6.2701926 1260179250384
141.21802 0.71266174 -4.3182282 1.632081 -14.90943 -6.2701926 1260179250392
141.21802 0.71266174 -4.3182282 10.029193 -20.627373 -6.7566156 1260179250396
138.95712 3.8770287 -2.8023167 10.029193 -20.627373 -6.7566156 1260179250406
138.95712 3.8770287 -2.8023167 7.512212 -15.421939 8.119514 1260179250412
136.10927 6.3331776 -0.96220076 7.512212 -15.421939 8.119514 1260179250415
136.10927 6.3331776 -0.96220076 11.096162 -27.9211 13.577339 1260179250418
132.70381 8.116519 1.0859092 11.096162 -27.9211 13.577339 1260179250427
132.70381 8.116519 1.0859092 32.4787 -34.117027 12.080713 1260179250430
129.31862 9.560693 3.181614 32.4787 -34.117027 12.080713 1260179250434
129.31862 9.560693 3.181614 22.748867 -19.30696 24.003212 1260179250439
126.20269 10.832658 5.2725334 22.748867 -19.30696 24.003212 1260179250447
126.20269 10.832658 5.2725334 10.943204 -6.170232 10.51484 1260179250451
123.49255 11.941025 7.4589067 10.943204 -6.170232 10.51484 1260179250463
123.49255 11.941025 7.4589067 22.788013 -4.2878747 9.568552 1260179250466
121.51793 13.243974 9.485961 22.788013 -4.2878747 9.568552 1260179250473
121.51793 13.243974 9.485961 7.4231653 -12.681656 -4.8285036 1260179250476
120.09203 14.731775 11.311663 7.4231653 -12.681656 -4.8285036 1260179250486
120.09203 14.731775 11.311663 -5.6914816 -11.563953 -0.8756714 1260179250490
118.93743 19.495186 11.696079 -5.6914816 -11.563953 -0.8756714 1260179250494
118.93743 19.495186 11.696079 -7.0700336 -7.1088877 4.89579 1260179250506
128.04056 27.320427 8.5612755 -7.0700336 -7.1088877 4.89579 1260179250512
128.04056 27.320427 8.5612755 5.5151167 -8.170747 2.1174574 1260179250518
134.58853 17.354404 6.4832115 5.5151167 -8.170747 2.1174574 1260179250524
134.58853 17.354404 6.4832115 -1.0356449 10.521093 -3.8914516 1260179250533
139.6591 7.886684 5.3590508 -1.0356449 10.521093 -3.8914516 1260179250544
139.6591 7.886684 5.3590508 -10.749751 -8.391864 -10.272122 1260179250547
141.87614 -1.0576504 4.7410984 -10.749751 -8.391864 -10.272122 1260179250565
141.87614 -1.0576504 4.7410984 -11.784533 11.13929 -16.928192 1260179250568
141.33234 -9.404769 4.4040437 -11.784533 11.13929 -16.928192 1260179250588
141.33234 -9.404769 4.4040437 -10.182264 5.031299 -20.140198 1260179250591
140.76572 -17.28453 4.0838413 -10.182264 5.031299 -20.140198 1260179250602
140.76572 -17.28453 4.0838413 -8.989433 -3.616199 -27.410152 1260179250606
143.12743 -25.020304 3.5296493 -8.989433 -3.616199 -27.410152 1260179250623
143.12743 -25.020304 3.5296493 -7.1269317 2.863954 -38.134357 1260179250626
153.12105 -15.169288 2.6031668 -7.1269317 2.863954 -38.134357 1260179250646
153.12105 -15.169288 2.6031668 -2.969849 0.7642269 -21.353464 1260179250649
146.965 -6.960823 1.1730084 -2.969849 0.7642269 -21.353464 1260179250663
146.965 -6.960823 1.1730084 -2.2564507 -7.203787 -15.79767 1260179250672
142.31674 -0.512782 -0.33564204 -2.2564507 -7.203787 -15.79767 1260179250683
142.31674 -0.512782 -0.33564204 -15.949285 -17.406874 3.1733341 1260179250687
138.2009 2.5128572 -1.51886 -15.949285 -17.406874 3.1733341 1260179250705
138.2009 2.5128572 -1.51886 -22.726116 -33.52187 8.550728 1260179250708
134.14085 4.7372146 -2.242917 -22.726116 -33.52187 8.550728 1260179250728
134.14085 4.7372146 -2.242917 -17.747587 -16.05444 22.1178 1260179250732
130.08382 6.250354 -2.680771 -17.747587 -16.05444 22.1178 1260179250744
130.08382 6.250354 -2.680771 -10.977393 -18.842138 17.541506 1260179250754
126.12962 7.387836 -2.8967326 -10.977393 -18.842138 17.541506 1260179250763
126.12962 7.387836 -2.8967326 -5.5765038 -21.557537 19.085703 1260179250767
122.42314 8.118444 -2.501896 -5.5765038 -21.557537 19.085703 1260179250785
122.42314 8.118444 -2.501896 -4.3246527 -16.814272 19.965893 1260179250788
118.80199 8.612522 -1.1268011 -4.3246527 -16.814272 19.965893 1260179250803
118.80199 8.612522 -1.1268011 -3.3063378 -11.104001 8.409264 1260179250812
116.111885 10.131896 1.379539 -3.3063378 -11.104001 8.409264 1260179250822
116.111885 10.131896 1.379539 16.268036 0.7549429 0.23180425 1260179250828
120.85629 16.575302 3.3105621 16.268036 0.7549429 0.23180425 1260179250844
120.85629 16.575302 3.3105621 5.1621413 0.55444384 1.9040403 1260179250847
125.21348 22.796537 4.845034 5.1621413 0.55444384 1.9040403 1260179250870
125.21348 22.796537 4.845034 -3.1216636 -0.23372555 -7.1633477 1260179250998
