94.65968 50.559464 39.22224 15.604687 -8.13386 0.68521744 1260179276895
94.65968 50.559464 39.22224 14.97822 -5.0598116 -5.3689556 1260179276905
102.4767 56.83149 38.41113 14.97822 -5.0598116 -5.3689556 1260179276935
102.4767 56.83149 38.41113 12.1371155 -3.86534 -6.155538 1260179276938
112.65286 45.239914 37.44057 12.1371155 -3.86534 -6.155538 1260179276947
112.65286 45.239914 37.44057 4.277364 -7.5118103 -17.23923 1260179276950
123.82022 34.427917 36.318542 4.277364 -7.5118103 -17.23923 1260179276964
123.82022 34.427917 36.318542 -2.077549 3.1600685 -29.037296 1260179276972
134.37921 24.15652 35.302616 -2.077549 3.1600685 -29.037296 1260179276975
134.37921 24.15652 35.302616 1.2958407 12.871685 -31.561659 1260179276983
141.96025 14.098695 34.287487 1.2958407 12.871685 -31.561659 1260179276992
141.96025 14.098695 34.287487 8.961354 -8.689501 -24.171644 1260179276996
140.81224 21.09376 33.073112 8.961354 -8.689501 -24.171644 1260179277007
140.81224 21.09376 33.073112 12.909754 -15.696677 -15.54467 1260179277014
137.57162 25.339071 31.319456 12.909754 -15.696677 -15.54467 1260179277028
137.57162 25.339071 31.319456 -1.4751381 -19.128494 4.61697 1260179277031
134.49304 27.572117 29.253483 -1.4751381 -19.128494 4.61697 1260179277042
134.49304 27.572117 29.253483 -12.792385 -30.315367 11.568464 1260179277046
131.76839 28.843512 27.090809 -12.792385 -30.315367 11.568464 1260179277061
131.76839 28.843512 27.090809 1.2697825 -20.052238 20.551647 1260179277064
129.37997 29.251335 24.886269 1.2697825 -20.052238 20.551647 1260179277081
129.37997 29.251335 24.886269 -11.898053 -11.177566 18.218466 1260179277085
127.26098 29.088768 22.691956 -11.898053 -11.177566 18.218466 1260179277102
127.26098 29.088768 22.691956 -15.935346 -5.5934987 29.766071 1260179277105
125.49793 28.33433 20.507359 -15.935346 -5.5934987 29.766071 1260179277121
125.49793 28.33433 20.507359 1.5771008 -5.1057 21.82539 1260179277125
123.97304 27.017612 18.331991 1.5771008 -5.1057 21.82539 1260179277144
123.97304 27.017612 18.331991 -10.991477 -9.906284 11.847382 1260179277147
122.924385 25.216732 15.665392 -10.991477 -9.906284 11.847382 1260179277161
122.924385 25.216732 15.665392 -3.478346 0.28110576 -4.267606 1260179277164
124.27817 15.905895 14.332122 -3.478346 0.28110576 -4.267606 1260179277181
124.27817 15.905895 14.332122 8.415763 3.9565244 -3.954477 1260179277185
119.51426 6.5606003 13.865516 8.415763 3.9565244 -3.954477 1260179277201
119.51426 6.5606003 13.865516 10.938864 -0.27312803 -13.488505 1260179277204
130.18855 -2.4674296 13.67224 10.938864 -0.27312803 -13.488505 1260179277222
130.18855 -2.4674296 13.67224 13.063803 8.52839 -26.805162 1260179277225
140.22913 -10.994059 13.738628 13.063803 8.52839 -26.805162 1260179277243
140.22913 -10.994059 13.738628 16.468676 -6.1905966 -28.240746 1260179277249
150.71767 -18.944355 13.851697 16.468676 -6.1905966 -28.240746 1260179277261
150.71767 -18.944355 13.851697 17.888865 6.5392237 -26.413794 1260179277265
161.08179 -26.447138 13.859112 17.888865 6.5392237 -26.413794 1260179277284
161.08179 -26.447138 13.859112 17.023746 15.091213 -28.478992 1260179277287
169.3777 -33.874783 13.716156 17.023746 15.091213 -28.478992 1260179277301
169.3777 -33.874783 13.716156 14.079098 8.375878 -29.70789 1260179277304
167.60881 -24.131042 13.380348 14.079098 8.375878 -29.70789 1260179277321
167.60881 -24.131042 13.380348 9.617359 -14.711443 -14.516342 1260179277324
163.47836 -17.27449 12.861331 9.617359 -14.711443 -14.516342 1260179277342
163.47836 -17.27449 12.861331 3.6933403 -25.776577 -6.836585 1260179277345
158.90445 -12.760766 12.168264 3.6933403 -25.776577 -6.836585 1260179277361
158.90445 -12.760766 12.168264 -4.275911 -21.493038 15.932419 1260179277365
154.40923 -9.322728 11.609851 -4.275911 -21.493038 15.932419 1260179277381
154.40923 -9.322728 11.609851 -7.558996 -26.514748 12.741214 1260179277384
150.08876 -6.506592 11.1793585 -7.558996 -26.514748 12.741214 1260179277401
150.08876 -6.506592 11.1793585 -7.7008705 -23.326075 25.44586 1260179277405
146.08432 -4.031262 10.92039 -7.7008705 -23.326075 25.44586 1260179277421
146.08432 -4.031262 10.92039 -6.408089 -29.582884 23.999468 1260179277425
142.58011 -1.6796987 11.02437 -6.408089 -29.582884 23.999468 1260179277441
142.58011 -1.6796987 11.02437 -4.279697 -7.378833 17.239935 1260179277445
139.7011 0.70428616 11.723151 -4.279697 -7.378833 17.239935 1260179277461
139.7011 0.70428616 11.723151 -1.4209127 -16.50618 12.635155 1260179277465
142.41605 8.569072 13.386993 -1.4209127 -16.50618 12.635155 1260179277481
142.41605 8.569072 13.386993 11.364458 -9.6194515 -8.003847 1260179277484
138.19524 0.54061824 13.167644 11.364458 -9.6194515 -8.003847 1260179277655
138.19524 0.54061824 13.167644 7.763904 1.3850756 -5.206951 1260179277666
135.98547 -6.436413 12.459261 7.763904 1.3850756 -5.206951 1260179277674
135.98547 -6.436413 12.459261 -1.3064556 15.660923 -6.769223 1260179277678
134.7862 -12.814592 11.386298 -1.3064556 15.660923 -6.769223 1260179277686
134.7862 -12.814592 11.386298 -13.01131 20.263945 -12.944332 1260179277689
134.84688 -18.873863 9.716983 -13.01131 20.263945 -12.944332 1260179277693
134.84688 -18.873863 9.716983 -11.390229 16.895872 -22.879581 1260179277698
136.45453 -25.08017 7.2311335 -11.390229 16.895872 -22.879581 1260179277707
136.45453 -25.08017 7.2311335 -5.5652466 12.1792 -3.8116827 1260179277710
139.43181 -31.626162 3.8695767 -5.5652466 12.1792 -3.8116827 1260179277714
139.43181 -31.626162 3.8695767 -23.559643 9.944962 -12.970676 1260179277719
143.61021 -38.494854 -0.17390229 -23.559643 9.944962 -12.970676 1260179277725
143.61021 -38.494854 -0.17390229 -20.110376 10.555865 4.166298 1260179277731
150.5797 -27.72011 -4.4652076 -20.110376 10.555865 4.166298 1260179277734
150.5797 -27.72011 -4.4652076 -7.264509 4.299497 1.1943976 1260179277737
160.75072 -18.684105 -7.3419476 -7.264509 4.299497 1.1943976 1260179277748
160.75072 -18.684105 -7.3419476 -20.35199 -7.6887074 3.7825313 1260179277756
155.36317 -12.2499 -7.8748503 -20.35199 -7.6887074 3.7825313 1260179277759
155.36317 -12.2499 -7.8748503 -13.693285 -14.73616 -1.6380992 1260179277768
152.04501 -6.237405 -6.631108 -13.693285 -14.73616 -1.6380992 1260179277771
152.04501 -6.237405 -6.631108 2.1749744 -18.440971 7.105628 1260179277778
149.19276 0.22446552 -4.6495523 2.1749744 -18.440971 7.105628 1260179277789
149.19276 0.22446552 -4.6495523 24.368052 -24.804733 -2.1526752 1260179277792
146.18312 2.7132423 -2.4170747 24.368052 -24.804733 -2.1526752 1260179277795
146.18312 2.7132423 -2.4170747 14.807033 -29.676888 7.955728 1260179277803
142.92397 4.9275804 -0.24622099 14.807033 -29.676888 7.955728 1260179277813
142.92397 4.9275804 -0.24622099 21.664875 -17.230877 7.0690527 1260179277816
139.47777 6.8812013 1.8660902 21.664875 -17.230877 7.0690527 1260179277819
139.47777 6.8812013 1.8660902 32.993507 -30.088547 6.34635 1260179277827
136.05388 8.637141 3.8727858 32.993507 -30.088547 6.34635 1260179277830
136.05388 8.637141 3.8727858 14.322342 -27.934097 15.539043 1260179277835
132.80118 10.255284 5.7291465 14.322342 -27.934097 15.539043 1260179277843
132.80118 10.255284 5.7291465 11.365446 -9.177444 3.5179644 1260179277851
129.96112 11.89252 7.492689 11.365446 -9.177444 3.5179644 1260179277854
129.96112 11.89252 7.492689 20.622032 -5.7345066 8.359408 1260179277859
127.963066 13.747894 9.118054 20.622032 -5.7345066 8.359408 1260179277871
127.963066 13.747894 9.118054 9.469506 -16.72145 -2.2108736 1260179277874
127.91491 19.6105 9.562152 9.469506 -16.72145 -2.2108736 1260179277892
127.91491 19.6105 9.562152 0.5920551 -11.375433 -10.544203 1260179277896
122.56916 27.129974 8.634045 0.5920551 -11.375433 -10.544203 1260179277908
122.56916 27.129974 8.634045 5.4955206 -10.543185 -6.7241325 1260179277912
126.7907 17.173475 7.752342 5.4955206 -10.543185 -6.7241325 1260179277923
126.7907 17.173475 7.752342 7.011734 12.156536 -16.503395 1260179277928
127.75117 8.214801 7.064725 7.011734 12.156536 -16.503395 1260179277943
127.75117 8.214801 7.064725 4.5465364 -1.9229326 -24.847721 1260179277946
127.51361 -0.045939118 6.611489 4.5465364 -1.9229326 -24.847721 1260179277966
127.51361 -0.045939118 6.611489 1.9068165 12.218025 -17.82407 1260179277969
127.18793 -7.843642 6.1809144 1.9068165 12.218025 -17.82407 1260179277985
127.18793 -7.843642 6.1809144 -2.144618 22.657085 -29.06037 1260179277989
128.37852 -15.75146 5.6218686 -2.144618 22.657085 -29.06037 1260179278003
128.37852 -15.75146 5.6218686 -8.8109045 6.547484 -36.179596 1260179278008
122.1596 -6.463887 4.7907753 -8.8109045 6.547484 -36.179596 1260179278023
122.1596 -6.463887 4.7907753 -14.823057 -2.5291526 -24.415499 1260179278026
119.00162 0.9593071 3.9012365 -14.823057 -2.5291526 -24.415499 1260179278047
119.00162 0.9593071 3.9012365 -12.564789 -23.456036 -23.147837 1260179278051
116.651535 6.611342 3.0561748 -12.564789 -23.456036 -23.147837 1260179278063
116.651535 6.611342 3.0561748 -4.925329 -27.25292 -18.273521 1260179278068
114.318954 10.030775 2.303366 -4.925329 -27.25292 -18.273521 1260179278087
114.318954 10.030775 2.303366 1.3065591 -22.203606 9.445877 1260179278091
111.853004 12.529236 1.6381977 1.3065591 -22.203606 9.445877 1260179278105
111.853004 12.529236 1.6381977 3.4034252 -27.421673 13.982295 1260179278113
109.26035 14.102774 0.95628774 3.4034252 -27.421673 13.982295 1260179278124
109.26035 14.102774 0.95628774 1.2514648 -32.74449 22.586143 1260179278127
106.74734 15.097635 0.35847333 1.2514648 -32.74449 22.586143 1260179278143
106.74734 15.097635 0.35847333 -2.3231256 -22.1927 16.832956 1260179278148
104.40997 15.742753 -0.059450343 -2.3231256 -22.1927 16.832956 1260179278163
104.40997 15.742753 -0.059450343 -3.7558112 -10.69161 11.089605 1260179278166
102.08948 15.805615 -0.0064778253 -3.7558112 -10.69161 11.089605 1260179278186
102.08948 15.805615 -0.0064778253 0.27702644 -4.084058 6.53683 1260179278193
100.035 16.065334 0.69384605 0.27702644 -4.084058 6.53683 1260179278201
100.035 16.065334 0.69384605 9.086499 -0.698802 3.6065793 1260179278207
98.53326 16.962069 1.9091537 9.086499 -0.698802 3.6065793 1260179278223
98.53326 16.962069 1.9091537 13.003568 4.327609 7.264799 1260179278228
97.4566 17.913965 3.813696 13.003568 4.327609 7.264799 1260179278244
97.4566 17.913965 3.813696 -1.0758967 3.3801718 -0.7636752 1260179278253
