109.53159 43.834045 48.129623 1.4681835 2.6878872 -7.7582216 1260179303939
109.53159 43.834045 48.129623 -1.7933536 0.044655085 -9.316998 1260179303945
116.405014 50.442345 47.47314 -1.7933536 0.044655085 -9.316998 1260179303956
116.405014 50.442345 47.47314 2.6803124 -2.5278282 -17.56382 1260179303959
124.03476 38.970226 46.199482 2.6803124 -2.5278282 -17.56382 1260179303984
124.03476 38.970226 46.199482 13.693359 -9.186153 -16.180117 1260179303999
132.98302 28.321714 44.73951 13.693359 -9.186153 -16.180117 1260179304005
132.98302 28.321714 44.73951 12.983342 2.7659943 -27.939705 1260179304015
143.08386 18.405628 43.202534 12.983342 2.7659943 -27.939705 1260179304018
143.08386 18.405628 43.202534 -0.40720463 8.799057 -18.727448 1260179304024
152.67967 8.985347 41.692406 -0.40720463 8.799057 -18.727448 1260179304027
152.67967 8.985347 41.692406 -1.0673194 0.63882065 -21.04456 1260179304035
159.4457 -0.31392094 40.257786 -1.0673194 0.63882065 -21.04456 1260179304040
159.4457 -0.31392094 40.257786 11.046982 4.510763 -32.747887 1260179304044
158.57341 7.8017755 38.8449 11.046982 4.510763 -32.747887 1260179304058
158.57341 7.8017755 38.8449 13.041485 -16.13373 -18.816765 1260179304062
155.09474 13.111687 37.102654 13.041485 -16.13373 -18.816765 1260179304073
155.09474 13.111687 37.102654 -4.3607063 -20.787407 0.1762104 1260179304076
151.64 16.156103 34.84752 -4.3607063 -20.787407 0.1762104 1260179304093
151.64 16.156103 34.84752 -6.221037 -18.704044 14.320243 1260179304097
148.458 17.998299 32.355145 -6.221037 -18.704044 14.320243 1260179304116
148.458 17.998299 32.355145 -0.24904156 -17.799728 20.688877 1260179304300
145.48509 18.898384 29.737387 -0.24904156 -17.799728 20.688877 1260179304307
145.48509 18.898384 29.737387 -21.524773 -20.486618 23.722822 1260179304318
142.76083 19.203465 27.050518 -21.524773 -20.486618 23.722822 1260179304325
142.76083 19.203465 27.050518 -4.2273254 -17.425312 23.13398 1260179304328
140.2228 18.94329 24.347992 -4.2273254 -17.425312 23.13398 1260179304336
140.2228 18.94329 24.347992 -19.374146 -7.754671 30.480524 1260179304339
137.86165 18.146126 21.680592 -19.374146 -7.754671 30.480524 1260179304343
137.86165 18.146126 21.680592 -7.3022103 5.3719616 11.3393345 1260179304348
135.76857 17.138819 18.596561 -7.3022103 5.3719616 11.3393345 1260179304357
135.76857 17.138819 18.596561 -10.61157 10.208151 8.3470125 1260179304360
140.93015 7.6818776 14.916734 -10.61157 10.208151 8.3470125 1260179304364
140.93015 7.6818776 14.916734 1.4536972 -8.660935 -4.9253964 1260179304369
144.18364 -1.5022165 13.870897 1.4536972 -8.660935 -4.9253964 1260179304375
144.18364 -1.5022165 13.870897 7.8474393 10.771249 -14.751192 1260179304382
137.07446 -9.977106 13.627353 7.8474393 10.771249 -14.751192 1260179304385
137.07446 -9.977106 13.627353 12.394722 -1.4778984 -27.729954 1260179304388
130.52074 -17.72825 13.745985 12.394722 -1.4778984 -27.729954 1260179304396
130.52074 -17.72825 13.745985 17.790342 -0.8177862 -27.115374 1260179304400
124.6947 -24.94184 14.008686 17.790342 -0.8177862 -27.115374 1260179304405
124.6947 -24.94184 14.008686 20.438438 8.001635 -27.941944 1260179304417
135.80997 -32.14475 14.258252 20.438438 8.001635 -27.941944 1260179304421
135.80997 -32.14475 14.258252 18.962841 12.029337 -27.006847 1260179304426
138.71947 -22.287512 14.445339 18.962841 12.029337 -27.006847 1260179304429
138.71947 -22.287512 14.445339 15.208688 -7.738115 -14.441298 1260179304435
136.6335 -15.673136 14.273072 15.208688 -7.738115 -14.441298 1260179304441
136.6335 -15.673136 14.273072 12.937657 -16.289206 -3.7261786 1260179304444
133.85182 -11.389479 13.809419 12.937657 -16.289206 -3.7261786 1260179304447
133.85182 -11.389479 13.809419 11.416737 -34.00197 10.009522 1260179304455
130.95923 -8.070004 13.318948 11.416737 -34.00197 10.009522 1260179304459
130.95923 -8.070004 13.318948 9.272763 -18.213284 18.066391 1260179304464
128.16127 -5.366504 12.903001 9.272763 -18.213284 18.066391 1260179304476
128.16127 -5.366504 12.903001 6.3016 -33.328922 30.240173 1260179304480
125.60321 -2.9481788 12.557851 6.3016 -33.328922 30.240173 1260179304484
125.60321 -2.9481788 12.557851 3.0900483 -19.541145 13.1971655 1260179304489
123.47305 -0.60076976 12.429958 3.0900483 -19.541145 13.1971655 1260179304498
123.47305 -0.60076976 12.429958 2.50824 -10.219022 24.012836 1260179304503
121.9994 1.6292688 12.908461 2.50824 -10.219022 24.012836 1260179304515
121.9994 1.6292688 12.908461 7.6732283 -17.819256 6.406859 1260179304523
128.94943 10.197806 15.163037 7.6732283 -17.819256 6.406859 1260179304526
128.94943 10.197806 15.163037 9.247704 6.2577257 3.4518387 1260179304534
124.95196 2.437916 15.154885 9.247704 6.2577257 3.4518387 1260179304539
124.95196 2.437916 15.154885 8.04916 0.19691849 -2.4133296 1260179304545
123.05436 -4.23398 14.447141 8.04916 0.19691849 -2.4133296 1260179304557
123.05436 -4.23398 14.447141 9.755178 3.9399424 -9.792496 1260179304560
122.451645 -10.322281 13.174784 9.755178 3.9399424 -9.792496 1260179304573
122.451645 -10.322281 13.174784 1.9510937 8.179096 -15.910637 1260179304582
123.07906 -16.256166 11.266045 1.9510937 8.179096 -15.910637 1260179304592
123.07906 -16.256166 11.266045 -18.092646 10.7331505 -11.768958 1260179304596
125.02511 -22.443357 8.602742 -18.092646 10.7331505 -11.768958 1260179304616
125.02511 -22.443357 8.602742 -5.978431 8.466501 -1.4088602 1260179304619
129.07385 -29.27119 5.072605 -5.978431 8.466501 -1.4088602 1260179304638
129.07385 -29.27119 5.072605 -25.188572 -1.6919646 -7.432579 1260179304642
137.62016 -19.05763 1.0689749 -25.188572 -1.6919646 -7.432579 1260179304653
137.62016 -19.05763 1.0689749 -6.281683 0.6760347 0.8122716 1260179304658
132.18915 -11.504749 -0.9844739 -6.281683 0.6760347 0.8122716 1260179304673
132.18915 -11.504749 -0.9844739 -17.084541 -18.935545 -0.012802839 1260179304676
129.37968 -6.279512 -0.93525016 -17.084541 -18.935545 -0.012802839 1260179304697
129.37968 -6.279512 -0.93525016 -7.736703 -18.573292 4.795882 1260179304701
127.3107 -2.5655363 0.21151237 -7.736703 -18.573292 4.795882 1260179304713
127.3107 -2.5655363 0.21151237 11.836809 -18.756128 -6.114828 1260179304720
125.295166 0.36274052 1.8009368 11.836809 -18.756128 -6.114828 1260179304732
125.295166 0.36274052 1.8009368 26.962042 -30.609142 3.3308482 1260179304736
123.13041 2.7446036 3.61089 26.962042 -30.609142 3.3308482 1260179304754
123.13041 2.7446036 3.61089 16.46147 -29.286396 16.91396 1260179304757
120.77389 4.7573733 5.4803452 16.46147 -29.286396 16.91396 1260179304778
120.77389 4.7573733 5.4803452 13.285727 -11.416795 10.739325 1260179304781
118.435196 6.4195046 7.406328 13.285727 -11.416795 10.739325 1260179304793
118.435196 6.4195046 7.406328 26.254786 -16.709167 13.273743 1260179304798
116.013435 7.6485295 9.636012 26.254786 -16.709167 13.273743 1260179304813
116.013435 7.6485295 9.636012 11.0208 -18.283676 3.6839666 1260179304817
113.46276 8.516103 12.404211 11.0208 -18.283676 3.6839666 1260179304836
113.46276 8.516103 12.404211 6.712584 -11.529238 -5.060589 1260179304840
121.53962 16.740297 13.484 6.712584 -11.529238 -5.060589 1260179304853
121.53962 16.740297 13.484 11.67822 7.609683 -8.774626 1260179304858
118.96264 7.1532826 12.909801 11.67822 7.609683 -8.774626 1260179304873
118.96264 7.1532826 12.909801 3.7765553 -6.2788277 -7.834192 1260179305045
119.7645 -1.604382 12.16431 3.7765553 -6.2788277 -7.834192 1260179305056
119.7645 -1.604382 12.16431 -4.6248674 14.166605 -20.964903 1260179305063
119.92628 -9.624164 11.506095 -4.6248674 14.166605 -20.964903 1260179305066
119.92628 -9.624164 11.506095 -8.999876 6.7759643 -30.92651 1260179305069
120.02996 -17.142956 10.88079 -8.999876 6.7759643 -30.92651 1260179305077
120.02996 -17.142956 10.88079 -10.402908 1.0775461 -29.022825 1260179305081
121.32846 -24.585808 10.13675 -10.402908 1.0775461 -29.022825 1260179305084
121.32846 -24.585808 10.13675 -8.622732 2.3672605 -35.13044 1260179305093
131.26204 -14.506517 9.079913 -8.622732 2.3672605 -35.13044 1260179305098
131.26204 -14.506517 9.079913 -1.7128277 7.518286 -23.339052 1260179305102
126.84894 -6.331191 7.8759174 -1.7128277 7.518286 -23.339052 1260179305105
126.84894 -6.331191 7.8759174 3.1236725 -12.632499 -21.258144 1260179305114
123.406494 0.035368685 6.7821217 3.1236725 -12.632499 -21.258144 1260179305122
123.406494 0.035368685 6.7821217 -1.8757877 -22.806494 -3.4949484 1260179305125
120.23617 5.1336 5.8930154 -1.8757877 -22.806494 -3.4949484 1260179305129
120.23617 5.1336 5.8930154 -9.189146 -18.024864 2.7387037 1260179305137
117.074356 8.27692 5.1983647 -9.189146 -18.024864 2.7387037 1260179305140
117.074356 8.27692 5.1983647 -12.642493 -36.66752 8.881359 1260179305148
113.970634 10.513074 4.6384463 -12.642493 -36.66752 8.881359 1260179305158
113.970634 10.513074 4.6384463 -12.919521 -16.816084 19.172863 1260179305162
110.9721 12.137421 4.256524 -12.919521 -16.816084 19.172863 1260179305167
110.9721 12.137421 4.256524 -10.624356 -16.15024 17.964424 1260179305174
108.223495 13.28055 4.2436976 -10.624356 -16.15024 17.964424 1260179305180
108.223495 13.28055 4.2436976 -6.8908024 -21.306015 17.562172 1260179305183
105.66232 14.116523 4.6315126 -6.8908024 -21.306015 17.562172 1260179305186
105.66232 14.116523 4.6315126 -5.7091026 -19.359396 15.878603 1260179305196
103.22921 14.660697 5.599937 -5.7091026 -19.359396 15.878603 1260179305202
103.22921 14.660697 5.599937 -1.0792618 -13.908284 6.524598 1260179305205
100.91775 15.477662 7.2699404 -1.0792618 -13.908284 6.524598 1260179305216
100.91775 15.477662 7.2699404 14.045933 -7.0177956 0.21433258 1260179305220
