101.04374 6.86233 7.3040457 8.151265 3.9302516 10.228284 1260179559142
101.04374 6.86233 7.3040457 9.635381 -10.566594 10.919703 1260179559148
105.29155 8.7192135 7.7888436 9.635381 -10.566594 10.919703 1260179559155
105.29155 8.7192135 7.7888436 12.108296 -11.721361 4.6220307 1260179559160
112.27697 10.633253 8.749401 12.108296 -11.721361 4.6220307 1260179559164
112.27697 10.633253 8.749401 9.831612 3.307001 6.8516064 1260179559167
120.413124 12.301591 10.011931 9.831612 3.307001 6.8516064 1260179559177
120.413124 12.301591 10.011931 -0.076339245 -4.0003805 -3.6248279 1260179559182
128.59247 13.986511 11.161335 -0.076339245 -4.0003805 -3.6248279 1260179559185
128.59247 13.986511 11.161335 -4.3673573 -16.689854 4.5739646 1260179559188
137.86284 15.687185 11.903268 -4.3673573 -16.689854 4.5739646 1260179559196
137.86284 15.687185 11.903268 -1.3471379 -8.130652 -2.2325764 1260179559199
131.4197 17.252827 12.108105 -1.3471379 -8.130652 -2.2325764 1260179559203
131.4197 17.252827 12.108105 -1.1346755 1.3248491 6.868306 1260179559208
126.59871 18.640184 11.652699 -1.1346755 1.3248491 6.868306 1260179559214
126.59871 18.640184 11.652699 -7.2007313 -6.9797873 14.913065 1260179559219
122.268776 19.608175 10.570065 -7.2007313 -6.9797873 14.913065 1260179559223
122.268776 19.608175 10.570065 -11.500364 -16.085175 8.545933 1260179559228
118.20534 20.327766 9.1415615 -11.500364 -16.085175 8.545933 1260179559234
118.20534 20.327766 9.1415615 -2.5325098 -19.101585 12.083 1260179559240
114.39507 20.911379 7.4344835 -2.5325098 -19.101585 12.083 1260179559268
114.39507 20.911379 7.4344835 1.5408072 -17.98568 11.125285 1260179559277
110.87532 21.51581 5.5627594 1.5408072 -17.98568 11.125285 1260179559281
110.87532 21.51581 5.5627594 -14.81438 -13.392574 4.6610966 1260179559286
107.63155 22.240019 3.4846213 -14.81438 -13.392574 4.6610966 1260179559288
107.63155 22.240019 3.4846213 -11.427487 -5.731138 16.72194 1260179559295
104.99998 23.278017 1.2603903 -11.427487 -5.731138 16.72194 1260179559300
104.99998 23.278017 1.2603903 2.031148 1.8074789 2.5120792 1260179559303
103.19998 28.564116 -0.7526293 2.031148 1.8074789 2.5120792 1260179559307
103.19998 28.564116 -0.7526293 -12.95063 -4.963317 -7.535746 1260179559315
102.43998 33.53591 -2.1649978 -12.95063 -4.963317 -7.535746 1260179559318
102.43998 33.53591 -2.1649978 -13.445795 -16.939713 -1.0314898 1260179559323
102.61798 38.259117 -3.106748 -13.445795 -16.939713 -1.0314898 1260179559329
102.61798 38.259117 -3.106748 -4.7271595 -14.767153 -14.495291 1260179559339
103.83708 42.746162 -3.6014106 -4.7271595 -14.767153 -14.495291 1260179559343
103.83708 42.746162 -3.6014106 1.2845147 -1.3403196 -10.607216 1260179559348
106.44523 47.008854 -3.62134 1.2845147 -1.3403196 -10.607216 1260179559356
106.44523 47.008854 -3.62134 3.4880936 -12.64768 -0.33957577 1260179559359
110.57297 51.00841 -3.140273 3.4880936 -12.64768 -0.33957577 1260179559363
110.57297 51.00841 -3.140273 1.5397879 -19.459557 -16.901667 1260179559368
115.84432 54.80799 -2.2832594 1.5397879 -19.459557 -16.901667 1260179559376
115.84432 54.80799 -2.2832594 -3.0576782 -5.0101852 -8.873404 1260179559384
121.80211 58.317593 -1.1690965 -3.0576782 -5.0101852 -8.873404 1260179559387
121.80211 58.317593 -1.1690965 -2.5093713 -25.639427 -9.675528 1260179559396
128.162 61.501713 0.03935833 -2.5093713 -25.639427 -9.675528 1260179559403
128.162 61.501713 0.03935833 8.040248 -7.1128635 -4.844002 1260179559406
134.6539 64.376625 1.2373905 8.040248 -7.1128635 -4.844002 1260179559416
134.6539 64.376625 1.2373905 16.969463 -26.15472 -4.629185 1260179559421
141.6212 66.957794 2.425521 16.969463 -26.15472 -4.629185 1260179559433
141.6212 66.957794 2.425521 13.5972805 -6.9424305 1.8303652 1260179559438
148.74014 69.309906 3.5042448 13.5972805 -6.9424305 1.8303652 1260179559453
148.74014 69.309906 3.5042448 2.638936 -15.3817835 -9.28883 1260179559456
156.40314 69.19441 4.429033 2.638936 -15.3817835 -9.28883 1260179559476
156.40314 69.19441 4.429033 -4.7782826 -12.24538 -1.6143849 1260179559484
165.53297 69.23469 5.007581 -4.7782826 -12.24538 -1.6143849 1260179559491
165.53297 69.23469 5.007581 -6.5567007 -11.058141 4.9826846 1260179559497
158.75633 69.27296 4.857202 -6.5567007 -11.058141 4.9826846 1260179559512
158.75633 69.27296 4.857202 -9.302432 -10.612329 4.747221 1260179559518
152.76851 68.70931 3.864342 -9.302432 -10.612329 4.747221 1260179559534
152.76851 68.70931 3.864342 -9.110929 -4.7128973 -2.149531 1260179559542
146.88008 67.52385 2.2711248 -9.110929 -4.7128973 -2.149531 1260179559554
146.88008 67.52385 2.2711248 1.8409348 1.2716246 6.7074146 1260179559557
141.18608 65.947655 0.4075686 1.8409348 1.2716246 6.7074146 1260179559573
141.18608 65.947655 0.4075686 -4.3558035 -8.670098 -0.7267122 1260179559580
135.72678 64.250275 -1.5628098 -4.3558035 -8.670098 -0.7267122 1260179559594
135.72678 64.250275 -1.5628098 -20.014948 -18.267271 9.532503 1260179559600
130.49043 62.58776 -3.4846694 -20.014948 -18.267271 9.532503 1260179559615
130.49043 62.58776 -3.4846694 -7.586074 -6.2123995 0.5652981 1260179559623
125.51591 61.058372 -5.460436 -7.586074 -6.2123995 0.5652981 1260179559634
125.51591 61.058372 -5.460436 -3.3585653 1.5089054 6.2719045 1260179559637
120.890114 59.755455 -7.5874143 -3.3585653 1.5089054 6.2719045 1260179559653
120.890114 59.755455 -7.5874143 -19.015356 -6.6892924 1.9186673 1260179559844
116.79561 58.71768 -9.758043 -19.015356 -6.6892924 1.9186673 1260179559848
116.79561 58.71768 -9.758043 -4.7620254 -14.4997015 6.1415925 1260179559858
113.75583 62.5318 -11.420141 -4.7620254 -14.4997015 6.1415925 1260179559862
113.75583 62.5318 -11.420141 2.7326708 -3.450481 2.1131072 1260179559867
112.368034 65.85521 -12.249134 2.7326708 -3.450481 2.1131072 1260179559876
112.368034 65.85521 -12.249134 -1.2742372 -8.1568775 -13.059681 1260179559880
112.899635 68.86245 -12.336678 -1.2742372 -8.1568775 -13.059681 1260179559883
112.899635 68.86245 -12.336678 -0.28851366 -5.8047996 3.88702 1260179559888
114.85465 71.61932 -12.019844 -0.28851366 -5.8047996 3.88702 1260179559895
114.85465 71.61932 -12.019844 3.949175 -15.447294 -13.062433 1260179559901
117.86192 74.28836 -11.418852 3.949175 -15.447294 -13.062433 1260179559904
117.86192 74.28836 -11.418852 8.948747 -2.0373058 -5.687155 1260179559907
121.61883 76.77394 -10.647909 8.948747 -2.0373058 -5.687155 1260179559915
121.61883 76.77394 -10.647909 10.167098 -22.117596 -8.996497 1260179559918
125.83788 78.985245 -9.865514 10.167098 -22.117596 -8.996497 1260179559924
125.83788 78.985245 -9.865514 5.7334495 -9.752201 -0.18718195 1260179559927
130.146 80.88598 -9.022238 5.7334495 -9.752201 -0.18718195 1260179559935
130.146 80.88598 -9.022238 -1.8506454 -7.833743 -13.652837 1260179559938
134.4887 82.39168 -8.221126 -1.8506454 -7.833743 -13.652837 1260179559942
134.4887 82.39168 -8.221126 -7.1038394 -21.603897 -8.047127 1260179559947
139.01425 83.272095 -7.5100694 -7.1038394 -21.603897 -8.047127 1260179559958
139.01425 83.272095 -7.5100694 -7.727901 -24.358213 -2.2449718 1260179559961
147.86354 83.25849 -6.9845657 -7.727901 -24.358213 -2.2449718 1260179559965
147.86354 83.25849 -6.9845657 -5.656277 -23.338432 1.4239348 1260179559975
140.72037 82.39557 -6.7353373 -5.656277 -23.338432 1.4239348 1260179559981
140.72037 82.39557 -6.7353373 -4.7038727 -18.813347 12.231865 1260179559984
133.98434 80.92579 -6.6485705 -4.7038727 -18.813347 12.231865 1260179559987
133.98434 80.92579 -6.6485705 -4.7547016 -4.5846353 15.174743 1260179559996
127.635124 79.1295 -6.666142 -4.7547016 -4.5846353 15.174743 1260179559999
127.635124 79.1295 -6.666142 -5.3508363 -4.9834137 2.9190993 1260179560005
121.653366 77.22302 -6.682835 -5.3508363 -4.9834137 2.9190993 1260179560009
121.653366 77.22302 -6.682835 -5.502062 -19.101528 8.804853 1260179560020
115.970695 75.41187 -6.6486936 -5.502062 -19.101528 8.804853 1260179560026
115.970695 75.41187 -6.6486936 -4.86479 -9.095946 19.407902 1260179560029
110.72216 73.74128 -6.566259 -4.86479 -9.095946 19.407902 1260179560038
110.72216 73.74128 -6.566259 -3.8268485 1.6186895 8.302367 1260179560041
105.886055 72.304214 -6.437946 -3.8268485 1.6186895 8.302367 1260179560054
105.886055 72.304214 -6.437946 -2.3278272 -7.0250497 -2.194344 1260179560057
101.59175 71.189 -6.2660484 -2.3278272 -7.0250497 -2.194344 1260179560066
101.59175 71.189 -6.2660484 -0.3632604 -15.695202 1.1727095 1260179560078
97.962166 70.27956 -6.152746 -0.3632604 -15.695202 1.1727095 1260179560082
