111.58763 57.379627 48.221962 -2.294045 -10.778595 -3.0734634 1260179279998
111.58763 57.379627 48.221962 -2.1738591 -9.131298 -10.4312725 1260179280033
117.75825 63.110645 47.110863 -2.1738591 -9.131298 -10.4312725 1260179280036
117.75825 63.110645 47.110863 6.1206145 -4.5901365 -21.583778 1260179280053
124.62034 68.805115 45.70532 6.1206145 -4.5901365 -21.583778 1260179280133
124.62034 68.805115 45.70532 15.298258 2.0762985 -17.677944 1260179280152
131.83932 74.31486 44.22005 15.298258 2.0762985 -17.677944 1260179280156
131.83932 74.31486 44.22005 8.137606 8.45438 -16.541796 1260179280165
139.69736 61.699116 42.809048 8.137606 8.45438 -16.541796 1260179280171
139.69736 61.699116 42.809048 -2.7703724 9.814456 -19.720055 1260179280174
146.7625 49.66416 41.418594 -2.7703724 9.814456 -19.720055 1260179280187
146.7625 49.66416 41.418594 0.14929533 5.9936457 -26.681711 1260179280191
148.02437 55.530952 39.997665 0.14929533 5.9936457 -26.681711 1260179280197
148.02437 55.530952 39.997665 10.8995 4.5933228 -18.924423 1260179280203
144.97314 58.804405 38.14778 10.8995 4.5933228 -18.924423 1260179280208
144.97314 58.804405 38.14778 4.9727964 -18.676634 -12.300961 1260179280212
141.42448 59.614185 35.790394 4.9727964 -18.676634 -12.300961 1260179280217
141.42448 59.614185 35.790394 -12.323966 -19.064186 7.162228 1260179280223
138.20326 59.533478 33.350876 -12.323966 -19.064186 7.162228 1260179280226
138.20326 59.533478 33.350876 2.5515037 -25.992329 17.462875 1260179280232
135.2931 58.906803 30.983332 2.5515037 -25.992329 17.462875 1260179280235
135.2931 58.906803 30.983332 -12.525809 -31.814178 15.080452 1260179280244
132.57845 57.811462 28.634165 -12.525809 -31.814178 15.080452 1260179280254
132.57845 57.811462 28.634165 -12.644472 -29.456078 22.811983 1260179280257
130.09952 56.42089 26.352457 -12.644472 -29.456078 22.811983 1260179280265
130.09952 56.42089 26.352457 0.512434 -13.474786 27.668808 1260179280268
127.69454 54.649845 24.084835 0.512434 -13.474786 27.668808 1260179280272
127.69454 54.649845 24.084835 -15.913609 0.75112724 18.82656 1260179280277
125.40981 52.767353 21.730593 -15.913609 0.75112724 18.82656 1260179280287
125.40981 52.767353 21.730593 -3.9722526 -10.6855545 21.884537 1260179280291
122.839325 50.978985 18.444063 -3.9722526 -10.6855545 21.884537 1260179280294
122.839325 50.978985 18.444063 -9.368443 -8.68856 12.106991 1260179280304
130.09737 39.480034 15.57186 -9.368443 -8.68856 12.106991 1260179280312
130.09737 39.480034 15.57186 -2.5793447 -9.461863 -2.8781166 1260179280315
131.6425 29.006033 14.493267 -2.5793447 -9.461863 -2.8781166 1260179280324
131.6425 29.006033 14.493267 7.4826393 9.176448 -12.29055 1260179280327
129.01038 19.355732 13.968604 7.4826393 9.176448 -12.29055 1260179280341
129.01038 19.355732 13.968604 11.09124 1.7318892 -21.144594 1260179280349
125.80986 10.487946 13.720174 11.09124 1.7318892 -21.144594 1260179280363
125.80986 10.487946 13.720174 13.849952 19.569458 -29.374418 1260179280369
123.11937 2.263548 13.584166 13.849952 19.569458 -29.374418 1260179280386
123.11937 2.263548 13.584166 14.945198 6.9918933 -32.42134 1260179280393
121.013405 -5.5496297 13.404957 14.945198 6.9918933 -32.42134 1260179280404
121.013405 -5.5496297 13.404957 12.790869 8.0806265 -24.104074 1260179280407
119.71274 -13.3721485 12.884709 12.790869 8.0806265 -24.104074 1260179280423
119.71274 -13.3721485 12.884709 4.6063933 15.731964 -19.909382 1260179280428
114.1771 -4.103541 11.790474 4.6063933 15.731964 -19.909382 1260179280445
114.1771 -4.103541 11.790474 -9.941691 -10.912905 -23.532278 1260179280448
110.86825 2.451636 10.30095 -9.941691 -10.912905 -23.532278 1260179280461
110.86825 2.451636 10.30095 -12.86846 -20.430138 -4.382816 1260179280466
108.174835 6.129054 9.335902 -12.86846 -20.430138 -4.382816 1260179280481
108.174835 6.129054 9.335902 -2.821278 -21.500254 -5.2870917 1260179280484
105.66609 8.822601 8.769107 -2.821278 -21.500254 -5.2870917 1260179280501
105.66609 8.822601 8.769107 4.762764 -33.00971 22.010448 1260179280505
103.33279 10.931471 8.580651 4.762764 -33.00971 22.010448 1260179280521
103.33279 10.931471 8.580651 10.457113 -18.005638 22.7817 1260179280525
101.21615 12.784898 8.601619 10.457113 -18.005638 22.7817 1260179280545
101.21615 12.784898 8.601619 12.688936 -27.839779 16.132383 1260179280549
99.45534 14.695653 8.721538 12.688936 -27.839779 16.132383 1260179280561
99.45534 14.695653 8.721538 11.89469 -30.11715 20.768509 1260179280565
98.23257 16.71087 9.23546 11.89469 -30.11715 20.768509 1260179280588
98.23257 16.71087 9.23546 8.000648 -6.8976707 13.852949 1260179280591
98.37094 18.725327 10.423687 8.000648 -6.8976707 13.852949 1260179280602
98.37094 18.725327 10.423687 -3.7322989 -5.677577 -5.263081 1260179280823
110.252396 9.289061 11.152503 -3.7322989 -5.677577 -5.263081 1260179280832
110.252396 9.289061 11.152503 -6.7648225 -0.11374009 -7.6330495 1260179280863
109.339775 1.9746077 10.944878 -6.7648225 -0.11374009 -7.6330495 1260179280868
109.339775 1.9746077 10.944878 -8.302791 -0.07683849 -9.189286 1260179280872
109.37279 -4.3741226 10.247634 -8.302791 -0.07683849 -9.189286 1260179280877
109.37279 -4.3741226 10.247634 -7.9606543 4.920514 -7.8263097 1260179280884
110.154144 -10.205417 9.085252 -7.9606543 4.920514 -7.8263097 1260179280889
110.154144 -10.205417 9.085252 -1.0810957 9.979023 -2.7648625 1260179280893
111.846436 -15.945146 7.280989 -1.0810957 9.979023 -2.7648625 1260179280896
111.846436 -15.945146 7.280989 -0.78190327 14.246068 -12.423961 1260179280904
114.554115 -21.94789 4.7669396 -0.78190327 14.246068 -12.423961 1260179280907
114.554115 -21.94789 4.7669396 -23.868862 14.643451 -5.055787 1260179280914
118.27641 -28.350494 1.5785927 -23.868862 14.643451 -5.055787 1260179280919
118.27641 -28.350494 1.5785927 -8.192778 9.769258 -2.0485923 1260179280927
123.71259 -35.08297 -2.150337 -8.192778 9.769258 -2.0485923 1260179280930
123.71259 -35.08297 -2.150337 -27.949305 0.9682832 4.261498 1260179280936
132.87697 -24.37882 -6.4928203 -27.949305 0.9682832 4.261498 1260179280939
132.87697 -24.37882 -6.4928203 -20.086369 -6.9669094 6.82445 1260179280947
126.88312 -16.05988 -8.718179 -20.086369 -6.9669094 6.82445 1260179280952
126.88312 -16.05988 -8.718179 -18.362186 -12.939515 5.0899754 1260179280957
123.58896 -10.056885 -8.73227 -18.362186 -12.939515 5.0899754 1260179280971
123.58896 -10.056885 -8.73227 -9.171753 -23.51036 2.816324 1260179280974
121.45951 -4.1540403 -7.4956565 -9.171753 -23.51036 2.816324 1260179280983
121.45951 -4.1540403 -7.4956565 -2.0268755 -32.406082 -5.19868 1260179280986
119.18654 2.0536616 -5.6208735 -2.0268755 -32.406082 -5.19868 1260179280992
119.18654 2.0536616 -5.6208735 22.261883 -36.465057 -5.4951096 1260179280995
116.57721 4.5509787 -3.4398298 22.261883 -36.465057 -5.4951096 1260179280998
116.57721 4.5509787 -3.4398298 24.168192 -17.949448 2.8674712 1260179281006
113.79835 6.77343 -1.2178384 24.168192 -17.949448 2.8674712 1260179281009
113.79835 6.77343 -1.2178384 12.760129 -29.893614 7.129199 1260179281013
111.15843 8.734758 0.94305366 12.760129 -29.893614 7.129199 1260179281018
111.15843 8.734758 0.94305366 27.572224 -27.336132 0.7503414 1260179281026
108.75051 10.54802 3.045901 27.572224 -27.336132 0.7503414 1260179281030
108.75051 10.54802 3.045901 16.014072 -6.651554 8.362247 1260179281033
106.762985 12.170619 5.193606 16.014072 -6.651554 8.362247 1260179281038
106.762985 12.170619 5.193606 0.99703026 -5.4566774 5.6019254 1260179281044
107.87484 18.562088 7.2339253 0.99703026 -5.4566774 5.6019254 1260179281052
107.87484 18.562088 7.2339253 12.810912 -1.5663466 3.5540664 1260179281056
112.9311 26.183983 7.372229 12.810912 -1.5663466 3.5540664 1260179281066
112.9311 26.183983 7.372229 9.733373 -9.528322 -3.861126 1260179281072
115.83454 16.374784 6.753618 9.733373 -9.528322 -3.861126 1260179281075
115.83454 16.374784 6.753618 3.5022597 7.981683 -18.10103 1260179281078
117.09281 7.4060445 6.265937 3.5022597 7.981683 -18.10103 1260179281086
117.09281 7.4060445 6.265937 -1.2177932 -3.5484605 -12.509209 1260179281089
117.33817 -0.914258 5.95264 -1.2177932 -3.5484605 -12.509209 1260179281092
117.33817 -0.914258 5.95264 -3.235158 16.534182 -16.652237 1260179281097
116.97127 -8.718545 5.755008 -3.235158 16.534182 -16.652237 1260179281110
116.97127 -8.718545 5.755008 -3.890038 17.855503 -32.84977 1260179281114
116.57271 -16.232618 5.567258 -3.890038 17.855503 -32.84977 1260179281118
116.57271 -16.232618 5.567258 -5.5465884 5.8238716 -34.87959 1260179281124
117.59407 -23.820988 5.1888947 -5.5465884 5.8238716 -34.87959 1260179281132
117.59407 -23.820988 5.1888947 -9.866039 -3.4800763 -27.3832 1260179281135
128.36436 -13.829938 4.47945 -9.866039 -3.4800763 -27.3832 1260179281146
128.36436 -13.829938 4.47945 -13.66229 7.6658144 -26.113325 1260179281149
124.04615 -5.588441 3.4054778 -13.66229 7.6658144 -26.113325 1260179281163
124.04615 -5.588441 3.4054778 -9.597885 -17.796667 -26.7995 1260179281169
120.59384 1.040981 2.235204 -9.597885 -17.796667 -26.7995 1260179281183
120.59384 1.040981 2.235204 -0.7020097 -27.756458 -14.726416 1260179281190
117.46415 6.4389324 1.1734438 -0.7020097 -27.756458 -14.726416 1260179281206
117.46415 6.4389324 1.1734438 0.67357635 -25.87334 2.32997 1260179281213
114.490944 9.466986 0.41477162 0.67357635 -25.87334 2.32997 1260179281224
114.490944 9.466986 0.41477162 -3.4738765 -26.990627 -0.3393736 1260179281227
111.5664 11.8436365 -0.10596696 -3.4738765 -26.990627 -0.3393736 1260179281243
111.5664 11.8436365 -0.10596696 -6.75708 -20.104828 23.353542 1260179281248
108.68808 13.651455 -0.4506686 -6.75708 -20.104828 23.353542 1260179281263
108.68808 13.651455 -0.4506686 -8.341045 -31.671326 24.684952 1260179281266
105.90368 15.018882 -0.67813516 -8.341045 -31.671326 24.684952 1260179281283
105.90368 15.018882 -0.67813516 -8.354446 -24.441525 14.621872 1260179281286
103.25849 16.117937 -0.6942284 -8.354446 -24.441525 14.621872 1260179281305
103.25849 16.117937 -0.6942284 -6.5423746 -8.924231 10.063334 1260179281308
100.74557 17.06204 -0.409517 -6.5423746 -8.924231 10.063334 1260179281323
100.74557 17.06204 -0.409517 -2.5263746 0.98994064 10.120988 1260179281328
98.55829 18.308939 0.31095886 -2.5263746 0.98994064 10.120988 1260179281346
98.55829 18.308939 0.31095886 5.4774256 -1.7936974 15.204623 1260179281353
101.680374 23.793491 2.195411 5.4774256 -1.7936974 15.204623 1260179281363
101.680374 23.793491 2.195411 12.240057 4.0086036 -1.9689186 1260179281525
