92.473076 24.362638 9.642817 1260179603079
96.09942 26.744507 10.010675 1260179603088
99.14445 30.607283 10.060142 1260179603100
99.73723 34.27692 9.107135 1260179603113
97.80037 35.313076 7.001778 1260179603145
95.01035 35.54742 4.651689 1260179603158
91.909836 35.37005 2.4691045 1260179603167
88.76434 35.151546 0.39564925 1260179603180
85.576126 35.093967 -1.5241332 1260179603193
82.397316 35.28927 -3.2479267 1260179603204
79.57745 36.024803 -4.6355305 1260179603225
77.19858 37.523563 -5.503754 1260179603239
79.03865 40.797386 -5.7285666 1260179603253
84.93672 44.457516 -5.542138 1260179603273
90.889885 48.33464 -5.215031 1260179603297
96.49539 52.26791 -4.9042797 1260179603317
101.62062 56.054516 -4.6590657 1260179603332
106.28959 59.65179 -4.4261127 1260179603355
110.42511 63.0192 -4.304807 1260179603374
113.50385 66.168236 -4.3395667 1260179603393
115.17866 69.109825 -4.7225885 1260179603422
115.21973 71.95433 -5.436459 1260179603436
113.75874 74.85661 -6.7146363 1260179603455
111.07081 77.91378 -8.528905 1260179603473
107.46727 75.718094 -10.85246 1260179603494
103.54391 72.98219 -13.059837 1260179603514
99.71671 70.083084 -14.706845 1260179603533
96.18088 67.22893 -15.921503 1260179603551
92.82183 64.61748 -16.775429 1260179603571
89.63074 62.236603 -17.436657 1260179603595
86.5992 60.07477 -17.964825 1260179603785
83.76923 58.421032 -18.366583 1260179603797
81.93077 58.04998 -18.498253 1260179603806
84.73423 59.997482 -17.82334 1260179603825
89.797516 62.74761 -16.632172 1260179603840
95.25764 65.71023 -15.400563 1260179603852
100.694756 68.62472 -14.2305355 1260179603863
105.860016 71.29348 -13.119009 1260179603869
110.76701 73.62881 -12.163058 1260179603878
115.22866 75.49737 -11.354905 1260179603885
118.41723 76.8225 -10.83716 1260179603894
115.99637 76.93137 -10.795302 1260179603904
111.74655 75.93481 -11.205537 1260179603913
