101.04374 6.86233 7.3040457 1260179559142
105.29155 8.7192135 7.7888436 1260179559155
112.27697 10.633253 8.749401 1260179559164
120.413124 12.301591 10.011931 1260179559177
128.59247 13.986511 11.161335 1260179559185
137.86284 15.687185 11.903268 1260179559196
131.4197 17.252827 12.108105 1260179559203
126.59871 18.640184 11.652699 1260179559214
122.268776 19.608175 10.570065 1260179559223
118.20534 20.327766 9.1415615 1260179559234
114.39507 20.911379 7.4344835 1260179559268
110.87532 21.51581 5.5627594 1260179559281
107.63155 22.240019 3.4846213 1260179559288
104.99998 23.278017 1.2603903 1260179559300
103.19998 28.564116 -0.7526293 1260179559307
102.43998 33.53591 -2.1649978 1260179559318
102.61798 38.259117 -3.106748 1260179559329
103.83708 42.746162 -3.6014106 1260179559343
106.44523 47.008854 -3.62134 1260179559356
110.57297 51.00841 -3.140273 1260179559363
115.84432 54.80799 -2.2832594 1260179559376
121.80211 58.317593 -1.1690965 1260179559387
128.162 61.501713 0.03935833 1260179559403
134.6539 64.376625 1.2373905 1260179559416
141.6212 66.957794 2.425521 1260179559433
148.74014 69.309906 3.5042448 1260179559453
156.40314 69.19441 4.429033 1260179559476
165.53297 69.23469 5.007581 1260179559491
158.75633 69.27296 4.857202 1260179559512
152.76851 68.70931 3.864342 1260179559534
146.88008 67.52385 2.2711248 1260179559554
141.18608 65.947655 0.4075686 1260179559573
135.72678 64.250275 -1.5628098 1260179559594
130.49043 62.58776 -3.4846694 1260179559615
125.51591 61.058372 -5.460436 1260179559634
120.890114 59.755455 -7.5874143 1260179559653
116.79561 58.71768 -9.758043 1260179559848
113.75583 62.5318 -11.420141 1260179559862
112.368034 65.85521 -12.249134 1260179559876
112.899635 68.86245 -12.336678 1260179559883
114.85465 71.61932 -12.019844 1260179559895
117.86192 74.28836 -11.418852 1260179559904
121.61883 76.77394 -10.647909 1260179559915
125.83788 78.985245 -9.865514 1260179559924
130.146 80.88598 -9.022238 1260179559935
134.4887 82.39168 -8.221126 1260179559942
139.01425 83.272095 -7.5100694 1260179559958
147.86354 83.25849 -6.9845657 1260179559965
140.72037 82.39557 -6.7353373 1260179559981
133.98434 80.92579 -6.6485705 1260179559987
127.635124 79.1295 -6.666142 1260179559999
121.653366 77.22302 -6.682835 1260179560009
115.970695 75.41187 -6.6486936 1260179560026
110.72216 73.74128 -6.566259 1260179560038
105.886055 72.304214 -6.437946 1260179560054
101.59175 71.189 -6.2660484 1260179560066
97.962166 70.27956 -6.152746 1260179560082
