135.58292 6.5909142 1.2313998 1260179549809
141.45377 8.311369 1.8198298 1260179549821
148.33107 10.145801 2.3288383 1260179549832
156.66452 12.03851 2.8123965 1260179549866
165.9813 13.836585 3.2217767 1260179549876
158.08223 15.394755 3.3106878 1260179549884
151.07813 16.625017 2.9451535 1260179549901
144.67422 17.543766 2.0978959 1260179549914
138.6905 18.216578 0.893001 1260179549925
132.90598 18.70575 -0.55164903 1260179549938
127.410675 19.170462 -2.2240667 1260179549959
122.19014 19.661938 -4.1628633 1260179549973
117.28063 20.228842 -6.4047203 1260179549993
112.9166 20.9674 -8.784484 1260179550016
109.520775 27.01903 -10.84526 1260179550033
107.29474 32.768078 -12.252996 1260179550052
106.48 38.279675 -12.940347 1260179550074
107.456 43.51569 -12.993329 1260179550097
110.1332 48.389904 -12.593662 1260179550113
114.62654 52.97041 -11.763979 1260179550133
120.44521 57.121887 -10.52578 1260179550155
127.02295 60.665794 -9.049491 1260179550173
134.7218 63.532505 -7.4970164 1260179550344
144.13571 63.90588 -6.1721654 1260179550360
154.37892 64.11059 -5.263557 1260179550374
164.60997 64.05506 -4.750379 1260179550383
156.67947 63.90231 -4.7628603 1260179550394
149.5455 63.607193 -5.4247174 1260179550400
143.06822 62.976833 -6.853482 1260179550409
137.01482 62.07799 -8.660808 1260179550421
131.36407 61.074093 -10.627768 1260179550434
126.19587 65.020386 -12.596379 1260179550445
121.53608 68.76936 -14.41656 1260179550457
117.709274 72.2809 -15.895732 1260179550466
115.72381 75.416855 -16.600945 1260179550477
116.48762 78.196014 -16.370897 1260179550488
119.863235 80.68621 -15.502353 1260179550502
124.37007 82.9019 -14.377235 1260179550514
129.05157 84.80681 -13.258373 1260179550525
133.899 86.416466 -12.145454 1260179550539
139.10405 87.69564 -11.038181 1260179550556
145.44885 88.66086 -10.036272 1260179550575
153.97641 89.22781 -9.184459 1260179550596
164.17758 89.116425 -8.625236 1260179550615
156.6687 88.3606 -8.593974 1260179550633
149.58527 86.89257 -8.964275 1260179550653
142.856 85.14794 -9.516062 1260179550677
136.5132 83.54054 -9.990258 1260179550712
130.63754 82.26352 -10.340745 1260179550736
125.40566 81.30035 -10.523707 1260179550754
120.93538 80.48533 -10.747522 1260179550774
117.18861 79.811066 -10.910146 1260179550825
