122.49554 59.63738 55.56017 1260179323369
127.32076 65.40551 53.38216 1260179323378
137.30472 53.285233 51.013054 1260179323407
132.68948 42.02097 48.6124 1260179323424
126.75501 31.11992 46.33178 1260179323431
124.81726 37.663925 44.01519 1260179323447
122.1764 41.18073 41.31443 1260179323459
119.81758 42.521694 38.498707 1260179323474
117.7267 43.095608 35.72377 1260179323486
115.84036 42.840828 32.987583 1260179323503
114.148346 41.998787 30.388205 1260179323529
112.64093 40.648846 27.968794 1260179323543
111.25888 38.6164 25.770353 1260179323565
110.09594 36.28558 23.531836 1260179323583
114.24114 26.871302 20.405243 1260179323602
116.47909 16.977736 19.134981 1260179323623
114.05513 7.728848 18.328232 1260179323645
111.10237 -0.7575948 17.86182 1260179323668
108.69725 -8.519715 17.518728 1260179323681
106.76239 -15.943729 17.142792 1260179323701
103.87427 -23.746544 16.535652 1260179323721
103.08055 -15.459217 15.65887 1260179323742
101.126526 -10.336256 14.825926 1260179323765
99.0702 -6.669443 14.334629 1260179323781
97.06669 -3.8859708 14.017898 1260179323801
95.36336 -1.3916724 13.8670025 1260179323824
93.89519 0.9779112 13.823652 1260179323841
92.80043 3.4790156 13.78247 1260179323861
92.86041 6.605065 14.293346 1260179323881
94.06739 -0.9751884 13.428679 1260179323901
95.71402 -7.5264287 12.207246 1260179323924
97.87832 -13.600107 10.646884 1260179324108
100.734406 -19.570103 8.664539 1260179324119
104.697685 -25.741598 6.081312 1260179324132
110.6628 -32.454517 2.8272464 1260179324143
120.27966 -22.23179 -0.664116 1260179324152
115.36568 -14.470201 -2.5809102 1260179324158
113.14739 -8.996691 -2.4018648 1260179324170
111.54002 -5.096856 -1.2317715 1260179324179
109.81303 -1.9920132 0.42981714 1260179324191
107.872375 0.7075876 2.2083263 1260179324204
105.778755 3.0722084 3.99791 1260179324215
103.63982 5.168598 5.6980143 1260179324227
101.65782 7.0601683 7.4131136 1260179324236
100.07493 8.95716 9.142458 1260179324247
103.47118 15.609302 10.235335 1260179324259
102.24763 23.728838 9.673569 1260179324272
106.63525 14.042396 8.8398905 1260179324285
109.75349 5.2902756 7.9978957 1260179324296
112.66581 -2.8742383 7.098001 1260179324309
116.53252 -10.780526 6.093101 1260179324327
124.35589 -19.0415 4.838446 1260179324342
118.98809 -10.289425 3.3465238 1260179324363
115.43868 -3.5749533 1.8291975 1260179324385
112.31675 -0.0962057 0.6877376 1260179324403
109.30091 2.5586047 -0.1466493 1260179324422
106.285866 4.4306746 -0.7893169 1260179324443
103.32157 5.759141 -1.1498511 1260179324461
100.50549 6.671184 -1.1423585 1260179324483
97.78022 7.187625 -0.48524058 1260179324502
95.14121 8.228244 1.0890216 1260179324526
92.73415 9.466831 2.6845706 1260179324543
90.747444 11.09349 4.450342 1260179324562
88.710075 12.438815 5.7778254 1260179324583
87.22457 13.966874 6.9389343 1260179324608
87.11334 15.768531 8.291987 1260179324623
