125.49623 -11.561451 25.023901 1260179516039
119.62142 -12.383378 24.922707 1260179516051
113.74035 -13.514209 24.976572 1260179516065
125.40333 -14.738499 25.427744 1260179516277
136.33316 -16.151573 26.106358 1260179516295
130.6665 -19.493994 25.15104 1260179516308
126.88318 -21.369295 22.343487 1260179516318
124.08902 -21.55083 18.226313 1260179516330
121.93457 -20.523289 13.864997 1260179516338
120.337845 -18.647123 10.221747 1260179516353
119.37096 -16.014767 7.31066 1260179516364
118.902405 -12.964028 5.0951266 1260179516374
118.90729 -9.615827 3.5903702 1260179516385
119.511925 -6.035035 2.5608516 1260179516392
120.53633 -2.4332833 1.832809 1260179516405
122.10951 1.0883809 1.3911685 1260179516415
124.20403 4.533962 1.12161 1260179516432
126.79383 7.807264 0.91552955 1260179516438
129.75414 10.966901 0.7697531 1260179516449
133.11642 14.068556 0.63126546 1260179516458
136.9106 17.065128 0.4997022 1260179516469
141.31506 19.961872 0.42471707 1260179516479
146.19931 22.663778 0.3534812 1260179516493
151.53935 25.18059 0.23580714 1260179516511
157.26239 27.47156 0.07401677 1260179516517
164.24927 29.497982 -0.22968408 1260179516528
172.38681 31.273083 -0.6181999 1260179516539
181.16747 32.659428 -1.18729 1260179516556
172.10909 33.726456 -1.9279255 1260179516567
163.85364 34.49013 -2.8315291 1260179516584
156.26096 34.965626 -3.8899527 1260179516596
149.24791 35.317345 -4.945455 1260179516609
142.68552 35.60148 -5.948182 1260179516628
136.55124 35.821404 -7.000773 1260179516645
130.82367 35.930332 -8.0507345 1260179516663
125.43249 35.983814 -9.148198 1260179516687
120.36086 36.034622 -10.190788 1260179516703
115.69282 36.18289 -11.231249 1260179516727
111.25818 36.37375 -12.419686 1260179516744
107.04527 36.55506 -13.798702 1260179516762
103.04301 36.77731 -15.258767 1260179516789
99.19086 37.088444 -16.745829 1260179516969
95.581314 37.43402 -18.208538 1260179516987
92.35225 42.31232 -19.498112 1260179516994
89.484634 46.996704 -20.623207 1260179517008
87.0104 51.44687 -21.542048 1260179517015
84.95988 55.674526 -22.264946 1260179517026
83.16188 59.6908 -22.951698 1260179517035
81.653786 63.65626 -23.554113 1260179517046
80.771095 67.523445 -23.976408 1260179517053
80.732544 71.24728 -24.127588 1260179517069
81.24592 74.834915 -24.071209 1260179517084
82.28362 78.24317 -23.86765 1260179517096
83.81944 81.48101 -23.524267 1260179517107
85.928474 84.45696 -22.998055 1260179517116
88.73205 87.13412 -22.298151 1260179517129
91.64545 89.57741 -21.583244 1260179517146
94.263176 91.84853 -20.904081 1260179517153
96.60001 93.906105 -20.258877 1260179517166
98.570015 95.6108 -19.595932 1260179517184
100.591515 96.98026 -18.816135 1260179517196
101.86194 97.88125 -17.825329 1260179517211
101.21884 98.33719 -16.784061 1260179517228
99.2079 98.47033 -15.594858 1260179517244
96.64751 98.49681 -14.365115 1260179517267
94.26513 97.47197 -13.196859 1260179517283
92.05187 96.248375 -12.137016 1260179517303
90.14928 94.735954 -11.180165 1260179517325
88.54182 92.899155 -10.371157 1260179517349
87.264725 90.70419 -9.702599 1260179517363
86.30149 88.11898 -9.167469 1260179517383
85.68642 85.11303 -8.809095 1260179517406
85.30209 81.80738 -8.568641 1260179517424
85.18699 78.46701 -8.340209 1260179517443
85.27764 75.29366 -8.223199 1260179517463
85.46376 72.42898 -8.312039 1260179517483
85.64057 69.90753 -8.746437 1260179517501
85.30854 68.26215 -9.609116 1260179517523
83.79311 67.79905 -10.52866 1260179517546
81.80346 70.259094 -11.002227 1260179517749
80.313286 73.34614 -10.902116 1260179517759
79.447624 76.828835 -10.50701 1260179517771
79.375244 80.4874 -9.8816595 1260179517778
80.30648 84.26302 -9.137576 1260179517789
82.191154 88.04987 -8.280697 1260179517798
84.931595 91.74738 -7.366662 1260179517811
88.68501 95.41001 -6.398329 1260179517823
92.900764 98.98951 -5.3784122 1260179517832
97.65572 102.39004 -4.3094916 1260179517843
102.772934 105.67054 -3.094017 1260179517855
108.03429 108.737015 -1.6393161 1260179517870
113.482574 111.65016 0.0926497 1260179517878
118.55845 114.31765 2.1380172 1260179517889
122.73053 116.651764 4.4311166 1260179517898
125.594 118.46918 6.7595606 1260179517913
127.264305 119.84572 9.021583 1260179517929
128.00108 120.85343 11.070503 1260179517938
127.65103 116.91076 12.716978 1260179517951
126.41848 112.91522 13.731129 1260179517968
124.74756 108.81946 14.144572 1260179517983
122.86018 104.728485 14.187344 1260179517996
120.917175 100.69206 14.077976 1260179518013
118.92132 96.70746 13.874078 1260179518027
116.87525 92.77209 13.630374 1260179518049
114.83149 89.033485 13.398855 1260179518063
112.78992 85.58181 13.278913 1260179518086
110.75042 82.502716 13.264967 1260179518107
108.8129 79.92758 13.551719 1260179518124
107.17225 77.931206 14.174133 1260179518144
105.96364 76.43465 15.115427 1260179518166
105.465454 75.26292 16.159657 1260179518188
106.442184 77.94977 17.251673 1260179518203
108.72008 80.80228 18.28909 1260179518225
111.88407 83.76216 19.124634 1260179518247
115.58987 86.82405 19.768402 1260179518263
119.010376 89.932846 20.129982 1260179518282
121.709854 93.086205 20.073483 1260179518306
123.52436 96.28189 19.66981 1260179518490
124.498146 99.4678 19.086319 1260179518505
124.27324 102.594406 18.332003 1260179518515
122.40958 105.56469 17.365402 1260179518526
118.839096 108.28645 16.197132 1260179518535
114.44714 110.27213 14.637276 1260179518547
110.02479 111.308525 12.755412 1260179518555
106.12355 111.6431 10.767641 1260179518565
102.91737 109.06094 8.879259 1260179518573
100.371506 106.0579 7.135296 1260179518588
98.202934 102.705 5.428531 1260179518599
96.292786 99.31975 3.9571044 1260179518610
94.67815 96.10376 3.0092492 1260179518618
93.39424 93.34857 3.1087868 1260179518634
92.62453 90.681145 4.8033476 1260179518652
91.8933 88.14709 6.81318 1260179518664
90.898636 85.88973 8.622521 1260179518674
89.6537 83.945244 10.191396 1260179518687
88.221016 82.29798 11.581826 1260179518699
86.55997 80.88308 12.802735 1260179518714
84.68197 83.08893 13.912599 1260179518735
82.44787 85.13448 14.866969 1260179518748
79.925476 87.027756 15.72362 1260179518769
76.8792 88.876366 16.53744 1260179518789
90.33524 90.732544 17.260567 1260179518803
98.41848 92.49592 17.89754 1260179518826
104.74756 94.271126 18.402662 1260179518847
110.36018 96.00757 18.83253 1260179518863
115.292175 97.65719 19.190903 1260179518884
119.72757 99.22433 19.481358 1260179518907
123.44119 100.61311 19.70729 1260179518923
126.419136 101.782455 19.871925 1260179518944
128.74818 102.543335 20.02833 1260179518964
129.96077 100.76617 20.026913 1260179518988
130.26273 98.32786 19.925568 1260179519003
129.69958 95.111465 19.72929 1260179519023
127.71461 91.05589 19.292826 1260179519046
124.478874 86.2531 18.728184 1260179519063
