88.285706 12.811252 8.171699 1260179630084
87.52142 14.720689 7.8631134 1260179630095
87.645355 16.934654 7.7699575 1260179630102
87.96309 19.23792 7.93146 1260179630166
90.214935 21.726025 8.234887 1260179630177
93.25419 24.389723 8.523143 1260179630186
94.99148 27.120237 8.546986 1260179630198
95.0919 29.764225 8.019636 1260179630207
93.83731 31.576014 6.718654 1260179630223
91.745445 32.597214 4.832721 1260179630236
89.25817 33.167355 2.691085 1260179630245
86.545265 33.45899 0.30653083 1260179630263
83.768005 33.73604 -2.058796 1260179630276
81.079605 33.999237 -4.405856 1260179630294
79.17563 39.099274 -6.435563 1260179630316
78.81685 43.44431 -7.763785 1260179630504
81.42601 47.222095 -8.325596 1260179630521
86.70471 50.71099 -8.309316 1260179630528
92.76948 54.02544 -8.09385 1260179630539
98.831 57.174168 -7.8391576 1260179630549
104.38945 60.215458 -7.5972 1260179630562
109.61998 63.054684 -7.41734 1260179630573
114.58898 65.55195 -7.1964726 1260179630582
119.45953 67.674355 -6.986649 1260179630588
124.73656 69.24064 -6.7373166 1260179630604
131.64973 70.12861 -6.550451 1260179630617
125.917244 70.37218 -6.5729284 1260179630624
120.62138 69.903564 -6.744282 1260179630638
115.74031 68.70839 -7.2070675 1260179630645
111.103294 66.72297 -7.946714 1260179630663
106.74813 64.28682 -8.799378 1260179630676
102.66072 61.62248 -9.75941 1260179630683
98.82768 58.791355 -10.82144 1260179630699
95.086296 55.951786 -12.080368 1260179630713
91.33198 53.254196 -13.67635 1260179630725
87.41538 50.841488 -15.842532 1260179630743
83.49461 48.899414 -18.550406 1260179630760
80.11988 47.604443 -20.972885 1260179630773
77.71389 52.52422 -22.62424 1260179630836
76.8782 56.74801 -23.44303 1260179630843
78.03429 60.46061 -23.520878 1260179630862
80.83257 63.78758 -23.144835 1260179630875
84.640945 66.7482 -22.537592 1260179630887
89.1589 69.41079 -21.810713 1260179630905
93.900955 71.74025 -21.020178 1260179630922
98.505905 73.753235 -20.319168 1260179630935
102.53061 75.465576 -19.75321 1260179630954
105.404076 76.992294 -19.41555 1260179630976
105.63387 76.74268 -19.344772 1260179630993
103.30218 76.25555 -19.377533 1260179631013
99.937065 75.592766 -19.358656 1260179631034
96.59021 74.86313 -19.240723 1260179631057
93.2107 74.21997 -18.978687 1260179631073
