7.6744018 5.3501897 1.2564754 1258745744357
7.418713 5.5968485 1.4231546 1258745744368
6.8591356 5.7549005 1.8491396 1258745744377
6.016312 5.8206034 2.5023966 1258745744409
4.9704633 5.8230915 3.1938167 1258745744415
3.7508094 5.7437334 3.7253585 1258745744420
2.391238 5.5212436 4.022613 1258745744439
0.9648037 5.1219172 3.8623435 1258745744451
-0.4897374 4.579113 3.1639113 1258745744467
-1.9015162 4.060725 2.0413952 1258745744487
-3.1684752 3.6935637 0.6174706 1258745744507
-4.276063 3.5000322 -0.8775903 1258745744526
-5.1818523 3.4714494 -2.297898 1258745744546
-5.8251076 3.5804992 -3.6471906 1258745744567
-6.2407484 3.7603705 -4.9290185 1258745744758
-6.5000844 3.846802 -6.1467547 1258745744772
-6.751902 3.6292644 -7.2300544 1258745744781
-7.0932813 3.0303376 -8.024239 1258745744793
-7.5803547 2.1807778 -8.461359 1258745744800
-8.273939 1.2756295 -8.398549 1258745744809
-9.073815 0.663629 -7.719154 1258745744818
-9.918825 0.5262519 -6.6147227 1258745744828
-10.727033 0.75532085 -5.1889105 1258745744836
-11.381781 1.3216172 -3.6893322 1258745744842
-11.899595 2.0175948 -2.540545 1258745744856
-12.333632 2.6242921 -1.8700658 1258745744870
-12.7323475 3.129829 -1.8065273 1258745744876
-12.95926 3.5910203 -2.3692966 1258745744888
-12.86905 4.050945 -3.321391 1258745744899
-12.425136 4.5096655 -4.498969 1258745744912
-11.604341 4.9454503 -5.738208 1258745744925
-10.587591 5.21507 -6.915485 1258745744934
-9.602611 5.185181 -7.979417 1258745744949
-8.828961 4.769969 -8.755201 1258745744972
-8.430417 4.040457 -9.011398 1258745744991
-8.387542 3.298387 -8.560828 1258745745007
-8.578356 2.8222427 -7.4933114 1258745745029
-8.850204 2.8003087 -6.050811 1258745745047
-9.086669 3.242563 -4.7757773 1258745745067
-9.272491 3.9187672 -3.966296 1258745745087
-9.416334 4.6646757 -3.721672 1258745745107
-9.434488 5.4223223 -4.1525903 1258745745127
-9.151405 6.071261 -4.947418 1258745745147
-8.541287 6.5297565 -5.9946613 1258745745168
-7.614356 6.6302667 -7.159116 1258745745187
-6.5846286 6.123732 -8.065809 1258745745207
-5.7167125 5.1113305 -8.383717 1258745745227
-5.08492 3.765455 -8.078941 1258745745246
-4.790494 2.4487364 -7.0988536 1258745745270
-4.725991 1.5737753 -5.6733513 1258745745287
-4.8213468 1.2574115 -4.258514 1258745745310
-5.0420094 1.5289204 -3.0540268 1258745745327
-5.265259 2.2662902 -2.3033922 1258745745528
-5.39971 3.2827835 -2.16643 1258745745533
-5.412347 4.381932 -2.5252864 1258745745539
-5.272485 5.3362284 -3.2264583 1258745745556
-5.049041 5.885957 -4.015836 1258745745562
-4.8776298 5.778939 -4.5525856 1258745745570
-4.6957207 5.113389 -4.7567215 1258745745577
-4.4929423 4.167849 -4.5597463 1258745745585
-4.303027 3.2777581 -4.0069137 1258745745590
-4.0340753 2.7890248 -3.3448381 1258745745596
-3.7622266 2.6924777 -2.7267628 1258745745609
