204.23465 -51.947598 50.969936 1258745744355
200.47292 -52.500217 49.071438 1258745744366
197.44926 -51.825207 45.817867 1258745744374
194.8768 -50.283947 41.976974 1258745744406
192.63297 -48.51975 37.828125 1258745744412
191.00131 -46.59376 33.28672 1258745744418
190.55125 -44.414074 28.272385 1258745744436
192.2237 -41.94337 22.658766 1258745744448
195.01251 -31.396202 18.125828 1258745744463
197.66188 -21.326391 14.469537 1258745744484
199.42879 -11.510072 11.44606 1258745744504
200.10735 -19.934568 8.823757 1258745744523
199.45198 -27.68784 6.5325694 1258745744544
196.47939 -34.853447 4.655941 1258745744564
191.50542 -41.510777 3.1731439 1258745744583
187.03015 -47.935238 1.9644866 1258745744761
186.57864 -36.588474 0.7162623 1258745744775
189.89972 -26.60905 -0.76955086 1258745744787
194.45473 -17.778599 -2.6310732 1258745744796
198.782 -9.639668 -5.0495195 1258745744806
200.7929 -7.957685 -7.9470434 1258745744814
199.90324 -7.359801 -10.599691 1258745744821
198.00809 -7.4418106 -12.519707 1258745744831
195.85768 -8.01972 -13.943722 1258745744839
193.9148 -9.018734 -15.2965355 1258745744852
192.41905 -10.117797 -16.981709 1258745744865
191.4981 -17.011908 -19.032623 1258745744873
190.37318 -23.661312 -20.280993 1258745744882
187.55452 -30.078247 -20.466944 1258745744897
181.42679 -36.274334 -19.843597 1258745744909
188.75545 -42.260616 -18.501417 1258745744915
193.01767 -48.197586 -16.776346 1258745744931
195.31679 -54.337708 -15.037529 1258745744946
192.75095 -42.97082 -13.585652 1258745744969
184.3634 -33.57228 -13.05637 1258745744983
192.79523 -29.143667 -14.153551 1258745745004
190.40547 -26.736485 -15.495873 1258745745026
188.0352 -25.64966 -16.37108 1258745745044
185.73344 -25.667177 -17.102526 1258745745064
183.49677 -26.583818 -17.847399 1258745745083
181.22192 -28.104628 -18.605028 1258745745103
178.11082 -33.099396 -18.824778 1258745745124
173.50528 -38.344425 -18.283539 1258745745144
166.43001 -43.927204 -17.069363 1258745745165
173.5585 -49.980843 -15.315894 1258745745184
174.73058 -38.8318 -13.200099 1258745745204
172.49405 -29.790209 -11.140094 1258745745224
169.56935 -22.900698 -9.683089 1258745745244
166.89088 -18.605663 -9.098935 1258745745267
164.79634 -15.92538 -9.043988 1258745745283
163.00653 -14.579111 -9.3917885 1258745745307
161.25621 -14.700155 -10.122199 1258745745324
159.0934 -16.315147 -10.866089 1258745745343
155.53873 -19.04939 -11.272784 1258745745530
150.96179 -23.746922 -11.309145 1258745745536
145.5637 -28.859575 -10.993688 1258745745553
140.13551 -34.366596 -10.5440035 1258745745559
137.17874 -40.948265 -10.316803 1258745745568
132.7198 -31.950851 -10.100963 1258745745574
131.98381 -25.653309 -9.745914 1258745745579
132.08463 -21.170643 -9.408619 1258745745588
132.7304 -18.36211 -8.688188 1258745745593
133.39388 -17.694004 -7.803778 1258745745606
