167.30441 -52.714115 33.88196 1258745741877
166.1892 -53.62841 32.637863 1258745741888
165.52974 -53.49699 30.65597 1258745741898
165.25325 -52.62214 28.173172 1258745741909
165.29059 -51.24103 25.414513 1258745741915
165.77606 -49.37898 22.093786 1258745741930
167.28726 -47.01003 17.739098 1258745741937
169.7729 -36.05953 12.802142 1258745741948
172.08426 -25.506552 9.062035 1258745741956
173.03004 -32.981224 6.2589326 1258745741967
172.27855 -39.632164 4.095986 1258745741973
169.76462 -45.600555 2.3411865 1258745742012
165.7264 -51.020527 0.9241271 1258745742022
160.29007 -56.0195 -0.17207932 1258745742034
154.22557 -60.768524 -0.96347535 1258745742040
148.81429 -65.6801 -1.5153016 1258745742050
147.12357 -71.0461 -2.0395365 1258745742059
153.41739 -59.44379 -2.9875598 1258745742072
160.34653 -49.8216 -4.4881816 1258745742086
163.7292 -44.930523 -6.2637725 1258745742095
164.54274 -41.184 -8.200583 1258745742106
164.8156 -38.724796 -10.090554 1258745742117
164.87482 -37.238556 -11.786027 1258745742131
164.98108 -36.476627 -13.646726 1258745742140
165.23203 -36.002796 -15.96439 1258745742153
165.32042 -42.052658 -18.26617 1258745742169
164.20439 -47.650024 -19.502863 1258745742185
161.14417 -52.667522 -19.92772 1258745742209
155.93695 -57.234146 -19.781334 1258745742225
148.8401 -61.47244 -19.092268 1258745742243
159.1481 -65.89882 -18.087654 1258745742263
151.3407 -70.65388 -17.133272 1258745742285
152.87366 -76.07118 -16.77661 1258745742304
158.02997 -65.31762 -18.037779 1258745742333
158.17847 -60.101738 -19.18589 1258745742348
157.96954 -55.74665 -20.076595 1258745742530
157.72107 -52.209316 -20.722765 1258745742536
157.43501 -49.54885 -21.436626 1258745742548
157.06326 -47.72141 -22.564795 1258745742557
156.7101 -46.435337 -24.536554 1258745742568
156.0746 -51.76357 -26.059727 1258745742577
154.12086 -56.57539 -26.456741 1258745742588
150.46483 -60.94662 -26.183905 1258745742595
145.34158 -64.89929 -25.42471 1258745742608
139.6245 -68.55433 -24.403473 1258745742616
134.29327 -72.226616 -23.383299 1258745742630
130.02861 -76.315285 -22.514133 1258745742638
141.22717 -65.24952 -21.938427 1258745742649
141.21582 -58.787045 -20.891506 1258745742668
141.65503 -53.697693 -19.64693 1258745742674
142.32228 -49.462807 -18.314585 1258745742687
143.25616 -46.039665 -16.848856 1258745742698
