6.182359 -2.7891471 5.9994454 1260088947456
6.2409906 -2.7280068 5.9466825 1260088947467
6.302139 -2.6753716 5.882256 1260088947499
6.358867 -2.6280923 5.7883625 1260088947514
6.401863 -2.585901 5.6719227 1260088947528
6.4134254 -2.532199 5.535426 1260088947537
6.318852 -2.4648376 5.3757896 1260088947556
6.1527333 -2.4199126 5.0892935 1260088947569
5.930905 -2.3138993 4.808269 1260088947590
5.5921364 -2.2104626 4.5637693 1260088947607
5.2062907 -2.1121976 4.3675885 1260088947626
4.819988 -2.0440438 4.189389 1260088947825
4.5503855 -2.1080098 3.9867299 1260088947834
4.5973163 -2.303619 3.7581096 1260088947845
5.05664 -2.6685553 3.4305956 1260088947855
5.8382735 -3.1194403 3.1140091 1260088947866
6.794665 -3.6247363 2.7580895 1260088947873
7.720262 -4.091147 2.3865962 1260088947884
8.404808 -4.4327655 2.1167614 1260088947893
8.740497 -4.6469784 1.9652952 1260088947905
8.669859 -4.6883984 1.926279 1260088947916
8.224789 -4.5765615 1.9532292 1260088947934
7.520712 -4.3409233 2.0122018 1260088947940
6.6958857 -4.0121903 2.0954664 1260088947952
5.878931 -3.6835496 2.1582234 1260088947964
5.209063 -3.4346755 2.1926448 1260088947973
4.833518 -3.3358104 2.1647346 1260088947991
4.896938 -3.4237204 2.0803335 1260088947997
5.388271 -3.7272034 1.9170682 1260088948011
6.208485 -4.191215 1.6870544 1260088948019
7.1851835 -4.7008085 1.460369 1260088948033
8.051756 -5.157682 1.2920082 1260088948050
8.666608 -5.448698 1.2423902 1260088948068
8.933363 -5.5378833 1.3253274 1260088948092
8.786343 -5.416261 1.5260198 1260088948109
8.271433 -5.0780272 1.8188303 1260088948127
7.470362 -4.5667014 2.1528437 1260088948154
6.5200224 -3.9821942 2.458579 1260088948168
5.5811057 -3.4711785 2.644151 1260088948189
4.8253384 -3.1750364 2.6243112 1260088948208
4.4328856 -3.1742806 2.2928765 1260088948231
4.510889 -3.3989794 1.6817709 1260088948249
5.03855 -3.7752063 0.9296043 1260088948269
5.8905516 -4.236818 0.23751959 1260088948294
6.808235 -4.705994 -0.104649834 1260088948308
7.5520034 -5.1319623 0.009545446 1260088948331
7.994348 -5.426988 0.5000817 1260088948347
8.072705 -5.525431 1.1819737 1260088948374
7.82979 -5.3989835 1.8188748 1260088948388
7.3511305 -5.075234 2.2468665 1260088948576
6.7241063 -4.649856 2.4069302 1260088948590
6.0616937 -4.1878605 2.2770495 1260088948599
5.4739437 -3.7435164 1.885342 1260088948609
5.0245442 -3.367699 1.3307071 1260088948618
4.7780843 -3.1046526 0.73161614 1260088948631
4.78026 -3.030461 0.23739162 1260088948639
5.052691 -3.226938 0.008277489 1260088948652
5.5920796 -3.7411604 0.13112776 1260088948658
6.3326397 -4.468709 0.5631466 1260088948678
7.139005 -5.198698 1.1533531 1260088948691
7.8580623 -5.754622 1.7058771 1260088948700
8.360016 -6.015791 2.0230646 1260088948712
8.556293 -5.9778743 2.0397274 1260088948720
8.43085 -5.7130313 1.8287783 1260088948737
7.9977303 -5.28028 1.5173707 1260088948748
7.3220315 -4.715256 1.2521794 1260088948755
6.521441 -4.0988045 1.0717545 1260088948773
5.76088 -3.5458643 0.9589182 1260088948784
5.2521863 -3.199679 0.859896 1260088948795
5.1727705 -3.197691 0.66912043 1260088948807
5.5645037 -3.5812583 0.41841987 1260088948830
6.317339 -4.2289505 0.21362418 1260088948853
7.177589 -4.9348335 0.1491426 1260088948866
7.8640714 -5.4950976 0.2921903 1260088948890
8.160057 -5.738597 0.599702 1260088948911
7.9992633 -5.5878706 1.0110161 1260088948933
7.46514 -5.095319 1.4650992 1260088948947
6.7159615 -4.41015 1.8467638 1260088948970
5.9926643 -3.7674117 2.0493062 1260088948992
5.533673 -3.421045 1.9400307 1260088949009
5.5096464 -3.452255 1.4099021 1260088949027
5.9431033 -3.7515874 0.58824474 1260088949050
6.6715603 -4.176243 -0.25566432 1260088949073
7.422162 -4.598734 -0.85034865 1260088949087
7.9404626 -4.9340415 -1.0026022 1260088949109
8.093701 -5.1538363 -0.72433126 1260088949133
7.9083037 -5.2169037 -0.1746276 1260088949148
7.484286 -5.1031585 0.44974354 1260088949350
6.9091716 -4.822122 1.0040781 1260088949359
6.251126 -4.4366403 1.4060698 1260088949372
5.5565186 -4.0179944 1.602725 1260088949383
4.8748493 -3.6066604 1.5627688 1260088949393
4.249056 -3.257435 1.278282 1260088949399
3.6879222 -3.00535 0.8922467 1260088949411
3.221585 -2.8836854 0.61404544 1260088949419
2.9426897 -2.9914775 0.55133533 1260088949431
2.9589994 -3.4153202 0.7798311 1260088949439
3.3919573 -4.1564364 1.2209568 1260088949457
4.18668 -5.149248 1.593036 1260088949475
5.2031775 -6.2218127 1.6781905 1260088949487
6.2805367 -7.1474495 1.4267507 1260088949493
7.2066426 -7.808879 0.8364779 1260088949506
7.9141455 -8.173683 0.068689436 1260088949515
8.352003 -8.258737 -0.69680345 1260088949532
8.501009 -8.149533 -1.4403661 1260088949538
8.408976 -7.913673 -2.1385787 1260088949556
8.115877 -7.5717897 -2.7576144 1260088949567
7.66786 -7.2027345 -3.2489936 1260088949576
7.0610933 -7.0203433 -3.3923209 1260088949592
6.340289 -7.1215215 -3.0606227 1260088949608
5.602406 -7.460083 -2.3307698 1260088949631
4.9238906 -7.8859124 -1.3554684 1260088949653
4.4209523 -8.161738 -0.39828625 1260088949668
4.1488285 -8.186778 0.32580006 1260088949687
4.082358 -7.982425 0.80869585 1260088949713
4.166991 -7.6534486 1.1264762 1260088949734
4.319581 -7.2748623 1.328939 1260088949747
4.4618173 -6.8436985 1.493357 1260088949774
4.5131764 -6.4204726 1.6441059 1260088949788
