4.341362 -3.455074 7.2477794 1260088941451
4.4239416 -3.5254436 7.3130693 1260088941488
4.580709 -3.6202164 7.4023356 1260088941499
4.79774 -3.7347672 7.506207 1260088941514
5.034565 -3.8544867 7.574239 1260088941529
5.2411613 -3.927359 7.6089044 1260088941545
5.4149547 -3.999312 7.6336646 1260088941555
5.4867587 -4.0315733 7.590447 1260088941573
5.4827847 -3.9770944 7.471754 1260088941589
5.413632 -3.8211439 7.240499 1260088941611
5.2226295 -3.5762863 6.846466 1260088941634
4.9689894 -3.277613 6.347509 1260088941648
4.6 -3.0136228 5.810165 1260088941669
4.171824 -2.837063 5.3078604 1260088941689
3.7037652 -2.776251 4.9028587 1260088941705
3.2672815 -2.853321 4.65363 1260088941725
3.0807629 -3.017113 4.566005 1260088941746
3.1970887 -3.291212 4.5876384 1260088941766
3.7168896 -3.6782756 4.6327066 1260088941785
4.580493 -4.1781034 4.639427 1260088941805
5.598411 -4.701973 4.5130134 1260088941825
6.624001 -5.161512 4.2465014 1260088941846
7.445082 -5.4523363 3.8966107 1260088941865
7.9833484 -5.5386157 3.4893029 1260088941886
8.1664505 -5.496636 3.1050844 1260088941905
7.992398 -5.3580074 2.8095405 1260088941927
7.526719 -5.1548038 2.6418228 1260088941945
6.8452873 -4.912046 2.6125653 1260088941965
6.0555944 -4.6541853 2.6876042 1260088941986
5.2774644 -4.4146657 2.8004334 1260088942005
4.6329026 -4.211639 2.910345 1260088942029
4.265735 -4.079374 3.005908 1260088942211
4.3398376 -4.1301055 2.9999883 1260088942218
4.8358707 -4.3512793 2.8370495 1260088942229
5.6659985 -4.6880636 2.5079172 1260088942246
6.6909328 -5.0767913 2.0678914 1260088942253
7.6176305 -5.3636794 1.7186495 1260088942264
8.297093 -5.531347 1.5809597 1260088942273
8.647702 -5.6136756 1.6660368 1260088942284
8.60554 -5.5788393 1.9293728 1260088942296
8.212038 -5.406136 2.2871428 1260088942310
7.568528 -5.1181226 2.65767 1260088942318
6.7848964 -4.7478056 2.9626808 1260088942329
5.9791546 -4.387832 3.1278148 1260088942340
5.2858877 -4.120088 3.0967312 1260088942352
4.8384 -3.967884 2.8540435 1260088942368
4.75039 -3.9411063 2.4021595 1260088942377
5.0726666 -4.0041995 1.7985291 1260088942390
5.754751 -4.1186194 1.1562976 1260088942407
6.619295 -4.2743087 0.65105426 1260088942419
7.448784 -4.477376 0.43394583 1260088942434
8.059052 -4.6948066 0.5232544 1260088942449
8.354824 -4.852332 0.8267041 1260088942469
8.324582 -4.899829 1.1898932 1260088942492
8.031617 -4.7665243 1.5042771 1260088942507
7.5503573 -4.4941473 1.6898929 1260088942529
6.962405 -4.1693306 1.7198092 1260088942551
6.386825 -3.805592 1.606578 1260088942573
5.8958673 -3.4600406 1.3444175 1260088942586
5.5792813 -3.148111 0.9843591 1260088942610
5.520967 -2.896044 0.6314074 1260088942632
5.7461476 -2.8213866 0.39825585 1260088942655
6.2665267 -2.9867752 0.39264444 1260088942675
7.0026484 -3.363863 0.66108257 1260088942690
7.8020735 -3.856938 1.1238091 1260088942712
8.497512 -4.3008423 1.6383113 1260088942727
8.957959 -4.5631933 2.033108 1260088942754
9.125701 -4.608803 2.1895583 1260088942771
9.009244 -4.4539557 2.108683 1260088942789
8.659573 -4.1393204 1.8602353 1260088942986
8.14351 -3.72192 1.5384017 1260088942993
7.5422444 -3.264779 1.2074622 1260088943007
6.9431205 -2.8468397 0.9209913 1260088943014
6.4352446 -2.5410535 0.74010026 1260088943025
6.1250596 -2.4044666 0.75076646 1260088943035
6.1198163 -2.5246425 0.943412 1260088943046
6.460111 -2.894872 1.27012 1260088943056
7.0809956 -3.3896036 1.6138624 1260088943067
7.8015914 -3.867771 1.8157915 1260088943085
8.39422 -4.1653957 1.8394128 1260088943093
8.701155 -4.2029734 1.6875126 1260088943105
8.653596 -4.0241513 1.4376497 1260088943114
8.274716 -3.6894643 1.2309258 1260088943120
7.6668906 -3.27004 1.1618884 1260088943134
6.9784503 -2.8743112 1.2345493 1260088943149
6.4245415 -2.618909 1.3812131 1260088943160
6.2238545 -2.6050985 1.4347355 1260088943177
6.464286 -2.8092232 1.3248618 1260088943188
7.0795135 -3.1298108 1.0985795 1260088943198
7.866923 -3.4479895 0.86454296 1260088943215
8.578868 -3.667856 0.78045475 1260088943230
9.0379715 -3.7854729 0.90283316 1260088943248
9.126801 -3.822978 1.2983098 1260088943271
8.835267 -3.8061695 1.9423333 1260088943289
8.221888 -3.762961 2.681506 1260088943309
7.4328284 -3.6749225 3.3557982 1260088943329
6.70842 -3.5776656 3.683789 1260088943348
6.268122 -3.4525826 3.4750829 1260088943371
6.222356 -3.2758675 2.7905657 1260088943386
6.5214295 -3.0861955 1.8133861 1260088943410
6.9887433 -2.8862574 0.83262706 1260088943428
7.3714 -2.759651 0.11406438 1260088943451
7.4986105 -2.721778 -0.21444109 1260088943474
7.2993827 -2.7770548 -0.12540203 1260088943488
6.8240886 -2.909247 0.27449614 1260088943510
6.2193303 -3.0375535 0.79537 1260088943531
5.6059923 -3.1703413 1.2738557 1260088943554
5.100957 -3.3046618 1.606515 1260088943732
4.796195 -3.4322662 1.7761227 1260088943749
4.734812 -3.5950325 1.8514417 1260088943757
4.9441376 -3.7905214 1.9584078 1260088943768
5.3983784 -4.05932 2.154687 1260088943777
6.0641775 -4.435219 2.3493242 1260088943790
6.8771563 -4.8692775 2.393259 1260088943799
7.733251 -5.2816334 2.1830208 1260088943810
8.5438175 -5.5555553 1.6761556 1260088943819
9.1831 -5.6312256 0.973303 1260088943836
9.586794 -5.535582 0.22795708 1260088943848
9.753739 -5.345292 -0.48556972 1260088943856
9.695093 -5.145448 -1.1109818 1260088943867
9.413962 -5.040724 -1.5444032 1260088943875
8.8969555 -5.0896974 -1.6156448 1260088943894
8.2498455 -5.2159014 -1.3019546 1260088943905
7.5295334 -5.421603 -0.68863785 1260088943914
6.8227634 -5.5863743 0.06290533 1260088943934
6.237821 -5.599893 0.7080886 1260088943945
5.773382 -5.497644 1.1296468 1260088943954
