300.03848 22.314342 28.386992 4.2938633 -3.4412172 7.1919565 1260088941447
300.03848 22.314342 28.386992 4.341362 -3.455074 7.2477794 1260088941451
300.53656 22.448626 28.517641 4.341362 -3.455074 7.2477794 1260088941478
300.53656 22.448626 28.517641 4.4239416 -3.5254436 7.3130693 1260088941488
301.05972 22.576195 28.89176 4.4239416 -3.5254436 7.3130693 1260088941496
301.05972 22.576195 28.89176 4.580709 -3.6202164 7.4023356 1260088941499
301.75674 22.647385 29.397171 4.580709 -3.6202164 7.4023356 1260088941510
301.75674 22.647385 29.397171 4.79774 -3.7347672 7.506207 1260088941514
302.4689 22.765015 29.977312 4.79774 -3.7347672 7.506207 1260088941520
302.4689 22.765015 29.977312 5.034565 -3.8544867 7.574239 1260088941529
303.39545 22.776764 30.628447 5.034565 -3.8544867 7.574239 1260088941534
303.39545 22.776764 30.628447 5.2411613 -3.927359 7.6089044 1260088941545
304.62567 22.837925 31.197025 5.2411613 -3.927359 7.6089044 1260088941552
304.62567 22.837925 31.197025 5.4149547 -3.999312 7.6336646 1260088941555
306.54437 22.996029 31.637175 5.4149547 -3.999312 7.6336646 1260088941566
306.54437 22.996029 31.637175 5.4867587 -4.0315733 7.590447 1260088941573
309.11716 22.896227 32.155315 5.4867587 -4.0315733 7.590447 1260088941582
309.11716 22.896227 32.155315 5.4827847 -3.9770944 7.471754 1260088941589
311.6113 22.251415 33.24755 5.4827847 -3.9770944 7.471754 1260088941605
311.6113 22.251415 33.24755 5.413632 -3.8211439 7.240499 1260088941611
296.53073 13.738844 34.185173 5.413632 -3.8211439 7.240499 1260088941627
296.53073 13.738844 34.185173 5.2226295 -3.5762863 6.846466 1260088941634
286.8042 5.9019017 32.575912 5.2226295 -3.5762863 6.846466 1260088941645
286.8042 5.9019017 32.575912 4.9689894 -3.277613 6.347509 1260088941648
283.564 -2.2931936 29.597116 4.9689894 -3.277613 6.347509 1260088941664
283.564 -2.2931936 29.597116 4.6 -3.0136228 5.810165 1260088941669
284.5858 -10.928534 25.96726 4.6 -3.0136228 5.810165 1260088941686
284.5858 -10.928534 25.96726 4.171824 -2.837063 5.3078604 1260088941689
270.8565 -2.1321068 21.768898 4.171824 -2.837063 5.3078604 1260088941702
270.8565 -2.1321068 21.768898 3.7037652 -2.776251 4.9028587 1260088941705
259.91367 4.924499 18.230453 3.7037652 -2.776251 4.9028587 1260088941722
259.91367 4.924499 18.230453 3.2672815 -2.853321 4.65363 1260088941725
250.76797 7.878274 17.11893 3.2672815 -2.853321 4.65363 1260088941742
250.76797 7.878274 17.11893 3.0807629 -3.017113 4.566005 1260088941746
241.17958 9.9343605 17.712984 3.0807629 -3.017113 4.566005 1260088941762
241.17958 9.9343605 17.712984 3.1970887 -3.291212 4.5876384 1260088941766
246.3206 11.2876425 19.227335 3.1970887 -3.291212 4.5876384 1260088941782
246.3206 11.2876425 19.227335 3.7168896 -3.6782756 4.6327066 1260088941785
250.20457 12.32326 21.015968 3.7168896 -3.6782756 4.6327066 1260088941802
250.20457 12.32326 21.015968 4.580493 -4.1781034 4.639427 1260088941805
253.29434 13.207097 22.91517 4.580493 -4.1781034 4.639427 1260088941822
253.29434 13.207097 22.91517 5.598411 -4.701973 4.5130134 1260088941825
255.87962 20.146742 24.869411 5.598411 -4.701973 4.5130134 1260088941842
255.87962 20.146742 24.869411 6.624001 -5.161512 4.2465014 1260088941846
258.18564 26.889404 26.825941 6.624001 -5.161512 4.2465014 1260088941862
258.18564 26.889404 26.825941 7.445082 -5.4523363 3.8966107 1260088941865
260.27637 33.494934 28.734644 7.445082 -5.4523363 3.8966107 1260088941882
260.27637 33.494934 28.734644 7.9833484 -5.5386157 3.4893029 1260088941886
261.81256 39.770187 30.397911 7.9833484 -5.5386157 3.4893029 1260088941902
261.81256 39.770187 30.397911 8.1664505 -5.496636 3.1050844 1260088941905
261.77194 45.43168 31.378016 8.1664505 -5.496636 3.1050844 1260088941924
261.77194 45.43168 31.378016 7.992398 -5.3580074 2.8095405 1260088941927
251.48334 50.060097 27.659115 7.992398 -5.3580074 2.8095405 1260088941941
251.48334 50.060097 27.659115 7.526719 -5.1548038 2.6418228 1260088941945
240.85918 47.707092 22.72616 7.526719 -5.1548038 2.6418228 1260088941962
240.85918 47.707092 22.72616 6.8452873 -4.912046 2.6125653 1260088941965
230.91621 45.271736 18.339851 6.8452873 -4.912046 2.6125653 1260088941983
230.91621 45.271736 18.339851 6.0555944 -4.6541853 2.6876042 1260088941986
221.4704 42.95815 14.272859 6.0555944 -4.6541853 2.6876042 1260088942002
221.4704 42.95815 14.272859 5.2774644 -4.4146657 2.8004334 1260088942005
212.49687 40.91024 10.709215 5.2774644 -4.4146657 2.8004334 1260088942026
212.49687 40.91024 10.709215 4.6329026 -4.211639 2.910345 1260088942029
204.27203 39.664726 8.773754 4.6329026 -4.211639 2.910345 1260088942205
204.27203 39.664726 8.773754 4.265735 -4.079374 3.005908 1260088942211
194.55843 39.58149 10.535067 4.265735 -4.079374 3.005908 1260088942214
194.55843 39.58149 10.535067 4.3398376 -4.1301055 2.9999883 1260088942218
200.2805 45.052414 12.958313 4.3398376 -4.1301055 2.9999883 1260088942226
200.2805 45.052414 12.958313 4.8358707 -4.3512793 2.8370495 1260088942229
205.71648 50.449795 15.360397 4.8358707 -4.3512793 2.8370495 1260088942237
205.71648 50.449795 15.360397 5.6659985 -4.6880636 2.5079172 1260088942246
210.83066 55.677303 17.692377 5.6659985 -4.6880636 2.5079172 1260088942249
210.83066 55.677303 17.692377 6.6909328 -5.0767913 2.0678914 1260088942253
216.08913 60.74344 20.057758 6.6909328 -5.0767913 2.0678914 1260088942258
216.08913 60.74344 20.057758 7.6176305 -5.3636794 1.7186495 1260088942264
221.43468 65.60627 22.45487 7.6176305 -5.3636794 1.7186495 1260088942269
221.43468 65.60627 22.45487 8.297093 -5.531347 1.5809597 1260088942273
227.31294 63.575954 24.482126 8.297093 -5.531347 1.5809597 1260088942276
227.31294 63.575954 24.482126 8.647702 -5.6136756 1.6660368 1260088942284
217.7473 61.647156 25.40802 8.647702 -5.6136756 1.6660368 1260088942292
217.7473 61.647156 25.40802 8.60554 -5.5788393 1.9293728 1260088942296
209.55994 59.214798 24.387619 8.60554 -5.5788393 1.9293728 1260088942299
209.55994 59.214798 24.387619 8.212038 -5.406136 2.2871428 1260088942310
201.88194 56.154057 21.868238 8.212038 -5.406136 2.2871428 1260088942315
201.88194 56.154057 21.868238 7.568528 -5.1181226 2.65767 1260088942318
194.58784 52.796352 18.674826 7.568528 -5.1181226 2.65767 1260088942326
194.58784 52.796352 18.674826 6.7848964 -4.7478056 2.9626808 1260088942329
187.45845 49.556534 15.041084 6.7848964 -4.7478056 2.9626808 1260088942333
187.45845 49.556534 15.041084 5.9791546 -4.387832 3.1278148 1260088942340
180.08553 46.728706 10.73903 5.9791546 -4.387832 3.1278148 1260088942348
180.08553 46.728706 10.73903 5.2858877 -4.120088 3.0967312 1260088942352
171.33125 52.64227 7.1520786 5.2858877 -4.120088 3.0967312 1260088942365
171.33125 52.64227 7.1520786 4.8384 -3.967884 2.8540435 1260088942368
173.3147 57.710155 7.994475 4.8384 -3.967884 2.8540435 1260088942374
173.3147 57.710155 7.994475 4.75039 -3.9411063 2.4021595 1260088942377
178.19896 62.87465 9.894752 4.75039 -3.9411063 2.4021595 1260088942387
178.19896 62.87465 9.894752 5.0726666 -4.0041995 1.7985291 1260088942390
184.139 67.930916 12.200014 5.0726666 -4.0041995 1.7985291 1260088942398
184.139 67.930916 12.200014 5.754751 -4.1186194 1.1562976 1260088942407
190.53206 72.73437 14.740013 5.754751 -4.1186194 1.1562976 1260088942412
190.53206 72.73437 14.740013 6.619295 -4.2743087 0.65105426 1260088942419
197.15546 77.09765 17.453012 6.619295 -4.2743087 0.65105426 1260088942425
197.15546 77.09765 17.453012 7.448784 -4.477376 0.43394583 1260088942434
204.69768 74.442764 19.830362 7.448784 -4.477376 0.43394583 1260088942445
204.69768 74.442764 19.830362 8.059052 -4.6948066 0.5232544 1260088942449
195.8628 72.070625 21.538845 8.059052 -4.6948066 0.5232544 1260088942467
195.8628 72.070625 21.538845 8.354824 -4.852332 0.8267041 1260088942469
188.71965 69.81709 22.361902 8.354824 -4.852332 0.8267041 1260088942488
188.71965 69.81709 22.361902 8.324582 -4.899829 1.1898932 1260088942492
182.23367 67.126236 22.143806 8.324582 -4.899829 1.1898932 1260088942503
182.23367 67.126236 22.143806 8.031617 -4.7665243 1.5042771 1260088942507
176.22198 63.419926 20.186617 8.031617 -4.7665243 1.5042771 1260088942526
176.22198 63.419926 20.186617 7.5503573 -4.4941473 1.6898929 1260088942529
170.61089 59.09893 16.477285 7.5503573 -4.4941473 1.6898929 1260088942547
170.61089 59.09893 16.477285 6.962405 -4.1693306 1.7198092 1260088942551
169.93034 48.843983 12.903421 6.962405 -4.1693306 1.7198092 1260088942563
169.93034 48.843983 12.903421 6.386825 -3.805592 1.606578 1260088942573
171.53383 39.001785 10.45825 6.386825 -3.805592 1.606578 1260088942583
171.53383 39.001785 10.45825 5.8958673 -3.4600406 1.3444175 1260088942586
169.60713 29.301697 9.735337 5.8958673 -3.4600406 1.3444175 1260088942607
169.60713 29.301697 9.735337 5.5792813 -3.148111 0.9843591 1260088942610
178.82678 19.536612 10.99857 5.5792813 -3.148111 0.9843591 1260088942628
178.82678 19.536612 10.99857 5.520967 -2.896044 0.6314074 1260088942632
185.83545 27.209782 13.798642 5.520967 -2.896044 0.6314074 1260088942646
185.83545 27.209782 13.798642 5.7461476 -2.8213866 0.39825585 1260088942655
193.79367 26.899292 16.55871 5.7461476 -2.8213866 0.39825585 1260088942669
193.79367 26.899292 16.55871 6.2665267 -2.9867752 0.39264444 1260088942675
184.50398 26.854328 18.730774 6.2665267 -2.9867752 0.39264444 1260088942687
184.50398 26.854328 18.730774 7.0026484 -3.363863 0.66108257 1260088942690
176.02878 26.911612 20.494236 7.0026484 -3.363863 0.66108257 1260088942704
176.02878 26.911612 20.494236 7.8020735 -3.856938 1.1238091 1260088942712
168.12733 26.91603 22.069525 7.8020735 -3.856938 1.1238091 1260088942724
168.12733 26.91603 22.069525 8.497512 -4.3008423 1.6383113 1260088942727
160.82097 26.820229 23.616049 8.497512 -4.3008423 1.6383113 1260088942748
160.82097 26.820229 23.616049 8.957959 -4.5631933 2.033108 1260088942754
153.87991 26.579218 25.385246 8.957959 -4.5631933 2.033108 1260088942768
153.87991 26.579218 25.385246 9.125701 -4.608803 2.1895583 1260088942771
163.38593 25.900257 27.965984 9.125701 -4.608803 2.1895583 1260088942784
163.38593 25.900257 27.965984 9.009244 -4.4539557 2.108683 1260088942789
156.51663 17.005245 28.117685 9.009244 -4.4539557 2.108683 1260088942978
156.51663 17.005245 28.117685 8.659573 -4.1393204 1.8602353 1260088942986
155.89081 9.204983 25.961802 8.659573 -4.1393204 1.8602353 1260088942989
155.89081 9.204983 25.961802 8.14351 -3.72192 1.5384017 1260088942993
156.44627 1.7447336 23.263712 8.14351 -3.72192 1.5384017 1260088942998
156.44627 1.7447336 23.263712 7.5422444 -3.264779 1.2074622 1260088943007
157.47395 -5.3925033 20.450527 7.5422444 -3.264779 1.2074622 1260088943011
157.47395 -5.3925033 20.450527 6.9431205 -2.8468397 0.9209913 1260088943014
158.85025 -12.222878 17.578001 6.9431205 -2.8468397 0.9209913 1260088943019
158.85025 -12.222878 17.578001 6.4352446 -2.5410535 0.74010026 1260088943025
153.85774 -12.161735 17.3491 6.4352446 -2.5410535 0.74010026 1260088943031
153.85774 -12.161735 17.3491 6.1250596 -2.4044666 0.75076646 1260088943035
149.21486 -9.953648 18.581646 6.1250596 -2.4044666 0.75076646 1260088943038
149.21486 -9.953648 18.581646 6.1198163 -2.5246425 0.943412 1260088943046
144.35411 -7.755965 19.952564 6.1198163 -2.5246425 0.943412 1260088943049
144.35411 -7.755965 19.952564 6.460111 -2.894872 1.27012 1260088943056
138.6364 -5.768167 21.504936 6.460111 -2.894872 1.27012 1260088943059
138.6364 -5.768167 21.504936 7.0809956 -3.3896036 1.6138624 1260088943067
132.05458 -3.9797587 23.27969 7.0809956 -3.3896036 1.6138624 1260088943074
132.05458 -3.9797587 23.27969 7.8015914 -3.867771 1.8157915 1260088943085
142.75185 -2.4807708 25.265705 7.8015914 -3.867771 1.8157915 1260088943090
142.75185 -2.4807708 25.265705 8.39422 -4.1653957 1.8394128 1260088943093
151.41426 5.693268 27.55242 8.39422 -4.1653957 1.8394128 1260088943097
151.41426 5.693268 27.55242 8.701155 -4.2029734 1.6875126 1260088943105
159.39355 14.208605 29.5248 8.701155 -4.2029734 1.6875126 1260088943108
159.39355 14.208605 29.5248 8.653596 -4.0241513 1.4376497 1260088943114
154.77388 6.648175 28.848558 8.653596 -4.0241513 1.4376497 1260088943116
154.77388 6.648175 28.848558 8.274716 -3.6894643 1.2309258 1260088943120
152.53519 -0.18423398 25.40613 8.274716 -3.6894643 1.2309258 1260088943130
152.53519 -0.18423398 25.40613 7.6668906 -3.27004 1.1618884 1260088943134
148.50842 -1.9250222 21.685823 7.6668906 -3.27004 1.1618884 1260088943146
148.50842 -1.9250222 21.685823 6.9784503 -2.8743112 1.2345493 1260088943149
143.983 -2.8787713 18.551533 6.9784503 -2.8743112 1.2345493 1260088943153
143.983 -2.8787713 18.551533 6.4245415 -2.618909 1.3812131 1260088943160
139.98386 -1.0348327 19.373957 6.4245415 -2.618909 1.3812131 1260088943173
139.98386 -1.0348327 19.373957 6.2238545 -2.6050985 1.4347355 1260088943177
147.53467 6.4669094 21.355259 6.2238545 -2.6050985 1.4347355 1260088943185
147.53467 6.4669094 21.355259 6.464286 -2.8092232 1.3248618 1260088943188
155.35794 13.843564 23.437496 6.464286 -2.8092232 1.3248618 1260088943195
155.35794 13.843564 23.437496 7.0795135 -3.1298108 1.0985795 1260088943198
163.49005 21.051386 25.56562 7.0795135 -3.1298108 1.0985795 1260088943209
163.49005 21.051386 25.56562 7.866923 -3.4479895 0.86454296 1260088943215
172.16554 27.998817 27.78734 7.866923 -3.4479895 0.86454296 1260088943227
172.16554 27.998817 27.78734 8.578868 -3.667856 0.78045475 1260088943230
163.75726 27.498877 29.847973 8.578868 -3.667856 0.78045475 1260088943244
163.75726 27.498877 29.847973 9.0379715 -3.7854729 0.90283316 1260088943248
157.8694 27.023933 30.755575 9.0379715 -3.7854729 0.90283316 1260088943267
157.8694 27.023933 30.755575 9.126801 -3.822978 1.2983098 1260088943271
153.02592 26.322737 29.867796 9.126801 -3.822978 1.2983098 1260088943284
153.02592 26.322737 29.867796 8.835267 -3.8061695 1.9423333 1260088943289
148.52463 25.5066 27.824406 8.835267 -3.8061695 1.9423333 1260088943303
148.52463 25.5066 27.824406 8.221888 -3.762961 2.681506 1260088943309
144.2484 24.53127 25.183186 8.221888 -3.762961 2.681506 1260088943325
144.2484 24.53127 25.183186 7.4328284 -3.6749225 3.3557982 1260088943329
139.93597 23.704706 22.174026 7.4328284 -3.6749225 3.3557982 1260088943345
139.93597 23.704706 22.174026 6.70842 -3.5776656 3.683789 1260088943348
133.78917 30.169472 18.015326 6.70842 -3.5776656 3.683789 1260088943364
133.78917 30.169472 18.015326 6.268122 -3.4525826 3.4750829 1260088943371
142.49971 19.660997 18.514559 6.268122 -3.4525826 3.4750829 1260088943383
142.49971 19.660997 18.514559 6.222356 -3.2758675 2.7905657 1260088943386
151.37473 9.727947 19.38883 6.222356 -3.2758675 2.7905657 1260088943406
151.37473 9.727947 19.38883 6.5214295 -3.0861955 1.8133861 1260088943410
160.10599 0.3415493 20.519388 6.5214295 -3.0861955 1.8133861 1260088943425
160.10599 0.3415493 20.519388 6.9887433 -2.8862574 0.83262706 1260088943428
168.1007 9.274471 21.843418 6.9887433 -2.8862574 0.83262706 1260088943444
168.1007 9.274471 21.843418 7.3714 -2.759651 0.11406438 1260088943451
175.04565 17.310747 23.551247 7.3714 -2.759651 0.11406438 1260088943467
175.04565 17.310747 23.551247 7.4986105 -2.721778 -0.21444109 1260088943474
170.04337 18.69521 24.373684 7.4986105 -2.721778 -0.21444109 1260088943484
170.04337 18.69521 24.373684 7.2993827 -2.7770548 -0.12540203 1260088943488
164.3912 19.46045 22.505 7.2993827 -2.7770548 -0.12540203 1260088943504
164.3912 19.46045 22.505 6.8240886 -2.909247 0.27449614 1260088943510
158.82164 19.737427 20.179749 6.8240886 -2.909247 0.27449614 1260088943524
158.82164 19.737427 20.179749 6.2193303 -3.0375535 0.79537 1260088943531
153.43056 20.000555 17.82076 6.2193303 -3.0375535 0.79537 1260088943546
153.43056 20.000555 17.82076 5.6059923 -3.1703413 1.2738557 1260088943554
148.20903 20.650528 15.729723 5.6059923 -3.1703413 1.2738557 1260088943728
148.20903 20.650528 15.729723 5.100957 -3.3046618 1.606515 1260088943732
143.39857 22.068 14.593237 5.100957 -3.3046618 1.606515 1260088943736
143.39857 22.068 14.593237 4.796195 -3.4322662 1.7761227 1260088943749
139.02864 23.6646 15.163575 4.796195 -3.4322662 1.7761227 1260088943753
139.02864 23.6646 15.163575 4.734812 -3.5950325 1.8514417 1260088943757
133.4772 24.38137 16.705397 4.734812 -3.5950325 1.8514417 1260088943765
133.4772 24.38137 16.705397 4.9441376 -3.7905214 1.9584078 1260088943768
127.553345 24.712301 18.470127 4.9441376 -3.7905214 1.9584078 1260088943774
127.553345 24.712301 18.470127 5.3983784 -4.05932 2.154687 1260088943777
121.325676 24.976686 20.296621 5.3983784 -4.05932 2.154687 1260088943786
121.325676 24.976686 20.296621 6.0641775 -4.435219 2.3493242 1260088943790
132.80939 25.227852 22.23179 6.0641775 -4.435219 2.3493242 1260088943796
132.80939 25.227852 22.23179 6.8771563 -4.8692775 2.393259 1260088943799
142.91891 31.516459 24.1702 6.8771563 -4.8692775 2.393259 1260088943807
142.91891 31.516459 24.1702 7.733251 -5.2816334 2.1830208 1260088943810
151.92297 37.790634 26.01169 7.733251 -5.2816334 2.1830208 1260088943814
151.92297 37.790634 26.01169 8.5438175 -5.5555553 1.6761556 1260088943819
160.07683 44.1011 27.511106 8.5438175 -5.5555553 1.6761556 1260088943833
160.07683 44.1011 27.511106 9.1831 -5.6312256 0.973303 1260088943836
167.82298 50.396046 28.635551 9.1831 -5.6312256 0.973303 1260088943845
167.82298 50.396046 28.635551 9.586794 -5.535582 0.22795708 1260088943848
174.98183 56.626244 29.303774 9.586794 -5.535582 0.22795708 1260088943854
174.98183 56.626244 29.303774 9.753739 -5.345292 -0.48556972 1260088943856
181.23274 62.54493 29.488585 9.753739 -5.345292 -0.48556972 1260088943860
181.23274 62.54493 29.488585 9.695093 -5.145448 -1.1109818 1260088943867
183.92111 67.61768 29.114155 9.695093 -5.145448 -1.1109818 1260088943872
183.92111 67.61768 29.114155 9.413962 -5.040724 -1.5444032 1260088943875
179.62506 70.0868 27.258448 9.413962 -5.040724 -1.5444032 1260088943891
179.62506 70.0868 27.258448 8.8969555 -5.0896974 -1.6156448 1260088943894
174.04381 69.13246 24.695526 8.8969555 -5.0896974 -1.6156448 1260088943899
174.04381 69.13246 24.695526 8.2498455 -5.2159014 -1.3019546 1260088943905
168.69162 67.52584 22.31075 8.2498455 -5.2159014 -1.3019546 1260088943911
168.69162 67.52584 22.31075 7.5295334 -5.421603 -0.68863785 1260088943914
163.70703 65.59955 20.145212 7.5295334 -5.421603 -0.68863785 1260088943927
163.70703 65.59955 20.145212 6.8227634 -5.5863743 0.06290533 1260088943934
158.92168 63.46957 18.187952 6.8227634 -5.5863743 0.06290533 1260088943937
158.92168 63.46957 18.187952 6.237821 -5.599893 0.7080886 1260088943945
154.32559 61.296093 16.428555 6.237821 -5.599893 0.7080886 1260088943950
154.32559 61.296093 16.428555 5.773382 -5.497644 1.1296468 1260088943954
