281.839 13.28567 24.018494 3.859249 -2.1386144 8.681879 1260088962263
281.839 13.28567 24.018494 4.038122 -2.2720828 8.603276 1260088962268
282.09705 13.971387 25.21757 4.038122 -2.2720828 8.603276 1260088962272
282.09705 13.971387 25.21757 4.255723 -2.4186273 8.450968 1260088962275
282.4422 14.672817 26.55669 4.255723 -2.4186273 8.450968 1260088962280
282.4422 14.672817 26.55669 4.477426 -2.5558014 8.250431 1260088962287
283.4201 15.339176 27.828856 4.477426 -2.5558014 8.250431 1260088962293
283.4201 15.339176 27.828856 4.6689754 -2.6752207 8.043577 1260088962296
285.4491 15.772218 29.237413 4.6689754 -2.6752207 8.043577 1260088962299
285.4491 15.772218 29.237413 4.768544 -2.7049038 7.8007565 1260088962306
288.27664 15.833607 30.875544 4.768544 -2.7049038 7.8007565 1260088962309
288.27664 15.833607 30.875544 4.754853 -2.6425276 7.503337 1260088962313
274.5628 14.141927 32.581768 4.754853 -2.6425276 7.503337 1260088962318
274.5628 14.141927 32.581768 4.6070046 -2.4797554 7.1567726 1260088962327
266.28467 7.5848303 29.75268 4.6070046 -2.4797554 7.1567726 1260088962330
266.28467 7.5848303 29.75268 4.307872 -2.2066247 6.7662454 1260088962334
259.27045 0.60558885 26.215046 4.307872 -2.2066247 6.7662454 1260088962338
259.27045 0.60558885 26.215046 3.8759146 -1.8511273 6.384348 1260088962344
252.15692 -6.624691 22.204294 3.8759146 -1.8511273 6.384348 1260088962370
252.15692 -6.624691 22.204294 3.3545494 -1.5188528 6.0549154 1260088962379
241.54907 -7.4934564 17.794079 3.3545494 -1.5188528 6.0549154 1260088962387
241.54907 -7.4934564 17.794079 2.8231587 -1.2828711 5.7555747 1260088962390
230.32162 -7.3687835 12.854375 2.8231587 -1.2828711 5.7555747 1260088962393
230.32162 -7.3687835 12.854375 2.4320674 -1.196254 5.501847 1260088962398
223.25554 -3.2003443 12.561656 2.4320674 -1.196254 5.501847 1260088962407
223.25554 -3.2003443 12.561656 2.3363426 -1.3393846 5.2689776 1260088962411
219.29276 -0.64032704 14.033573 2.3363426 -1.3393846 5.2689776 1260088962414
219.29276 -0.64032704 14.033573 2.6594627 -1.7695581 5.014382 1260088962419
223.57811 6.2916894 15.7318945 2.6594627 -1.7695581 5.014382 1260088962425
223.57811 6.2916894 15.7318945 3.3784423 -2.4451816 4.7037334 1260088962428
227.5992 13.077105 17.4953 3.3784423 -2.4451816 4.7037334 1260088962436
227.5992 13.077105 17.4953 4.3672495 -3.2300377 4.242449 1260088962439
231.51924 19.773249 19.270535 4.3672495 -3.2300377 4.242449 1260088962450
231.51924 19.773249 19.270535 5.4489493 -3.9620306 3.6162677 1260088962456
234.94328 26.384586 21.007008 5.4489493 -3.9620306 3.6162677 1260088962458
234.94328 26.384586 21.007008 6.3791785 -4.46742 2.91039 1260088962467
238.14612 32.915356 22.656658 6.3791785 -4.46742 2.91039 1260088962470
238.14612 32.915356 22.656658 7.023178 -4.713951 2.239806 1260088962480
240.53882 39.169586 24.073826 7.023178 -4.713951 2.239806 1260088962488
240.53882 39.169586 24.073826 7.3094516 -4.7853923 1.7083089 1260088962492
240.51187 44.811108 24.770134 7.3094516 -4.7853923 1.7083089 1260088962497
240.51187 44.811108 24.770134 7.189145 -4.7327213 1.3715981 1260088962506
229.38628 50.270554 20.881628 7.189145 -4.7327213 1.3715981 1260088962516
229.38628 50.270554 20.881628 6.71051 -4.561463 1.2430887 1260088962519
219.41696 47.407024 16.387547 6.71051 -4.561463 1.2430887 1260088962528
219.41696 47.407024 16.387547 5.972503 -4.2775464 1.328034 1260088962532
210.54611 44.48667 12.618169 5.972503 -4.2775464 1.328034 1260088962543
210.54611 44.48667 12.618169 5.1045475 -3.9335947 1.5721762 1260088962550
202.1188 41.712337 9.237261 5.1045475 -3.9335947 1.5721762 1260088962566
202.1188 41.712337 9.237261 4.268412 -3.5959444 1.8735751 1260088962573
194.16286 39.276722 6.525398 4.268412 -3.5959444 1.8735751 1260088962583
194.16286 39.276722 6.525398 3.6715786 -3.3521316 2.1626282 1260088962586
187.10472 39.112885 6.499128 3.6715786 -3.3521316 2.1626282 1260088962602
187.10472 39.112885 6.499128 3.5166025 -3.340478 2.2710602 1260088962609
192.24948 44.10724 8.624171 3.5166025 -3.340478 2.2710602 1260088962625
192.24948 44.10724 8.624171 3.8617506 -3.6236064 2.0887244 1260088962632
197.38701 49.201878 10.792963 3.8617506 -3.6236064 2.0887244 1260088962644
197.38701 49.201878 10.792963 4.6180015 -4.1214004 1.6914507 1260088962647
202.56766 54.191784 12.953315 4.6180015 -4.1214004 1.6914507 1260088962666
202.56766 54.191784 12.953315 5.63132 -4.720293 1.1730701 1260088962669
207.48927 58.882195 15.005649 5.63132 -4.720293 1.1730701 1260088962687
207.48927 58.882195 15.005649 6.5742235 -5.2783446 0.7303227 1260088962691
211.96481 63.288086 17.005365 6.5742235 -5.2783446 0.7303227 1260088962711
211.96481 63.288086 17.005365 7.2146 -5.6573076 0.52014714 1260088962715
215.91658 61.973682 18.805098 7.2146 -5.6573076 0.52014714 1260088962724
215.91658 61.973682 18.805098 7.452484 -5.8191466 0.502993 1260088962906
208.77075 61.425 18.914843 7.452484 -5.8191466 0.502993 1260088962909
208.77075 61.425 18.914843 7.1860986 -5.7583733 0.6331153 1260088962914
200.63222 58.05375 15.619101 7.1860986 -5.7583733 0.6331153 1260088962920
200.63222 58.05375 15.619101 6.5162497 -5.4282317 0.88680583 1260088962928
192.8506 54.101063 12.138145 6.5162497 -5.4282317 0.88680583 1260088962932
192.8506 54.101063 12.138145 5.612253 -4.8973527 1.172078 1260088962935
185.45807 50.19601 8.681238 5.612253 -4.8973527 1.172078 1260088962943
185.45807 50.19601 8.681238 4.675821 -4.3385363 1.4076736 1260088962946
178.03517 46.68621 5.1971765 4.675821 -4.3385363 1.4076736 1260088962952
178.03517 46.68621 5.1971765 3.978257 -3.9390967 1.5123113 1260088962956
175.53342 50.4019 4.8373175 3.978257 -3.9390967 1.5123113 1260088962959
175.53342 50.4019 4.8373175 3.771853 -3.898095 1.3433964 1260088962967
178.85675 54.881805 6.5954514 3.771853 -3.898095 1.3433964 1260088962971
178.85675 54.881805 6.5954514 4.0987906 -4.2221255 0.939123 1260088962976
183.6139 59.337715 8.665679 4.0987906 -4.2221255 0.939123 1260088962979
183.6139 59.337715 8.665679 4.8568096 -4.7696724 0.4753842 1260088962987
188.88321 63.62083 10.832396 4.8568096 -4.7696724 0.4753842 1260088962993
188.88321 63.62083 10.832396 5.813922 -5.396762 0.1315368 1260088963004
194.23904 67.58979 12.940776 5.813922 -5.396762 0.1315368 1260088963009
194.23904 67.58979 12.940776 6.586294 -5.9407396 0.10044333 1260088963013
201.27708 66.1603 14.493737 6.586294 -5.9407396 0.10044333 1260088963016
201.27708 66.1603 14.493737 6.9250574 -6.2538943 0.43661088 1260088963024
193.26323 64.052284 14.319051 6.9250574 -6.2538943 0.43661088 1260088963027
193.26323 64.052284 14.319051 6.718413 -6.2428904 1.0631089 1260088963033
185.95007 60.64967 12.353098 6.718413 -6.2428904 1.0631089 1260088963036
185.95007 60.64967 12.353098 6.029725 -5.86673 1.771331 1260088963039
179.00256 56.567184 9.685443 6.029725 -5.86673 1.771331 1260088963049
179.00256 56.567184 9.685443 5.0921683 -5.2260747 2.3310928 1260088963053
172.40244 52.388824 6.701171 5.0921683 -5.2260747 2.3310928 1260088963064
172.40244 52.388824 6.701171 4.1592665 -4.5568414 2.6136143 1260088963069
165.48232 48.369385 3.4661124 4.1592665 -4.5568414 2.6136143 1260088963073
165.48232 48.369385 3.4661124 3.512728 -4.086557 2.6000686 1260088963078
164.4582 53.250916 3.3428068 3.512728 -4.086557 2.6000686 1260088963086
164.4582 53.250916 3.3428068 3.3432207 -4.0191135 2.2684839 1260088963095
168.2853 57.83837 5.0256667 3.3432207 -4.0191135 2.2684839 1260088963098
168.2853 57.83837 5.0256667 3.694314 -4.323473 1.6715373 1260088963105
173.17104 62.29645 7.0243835 3.694314 -4.323473 1.6715373 1260088963111
173.17104 62.29645 7.0243835 4.4643846 -4.840755 0.96619153 1260088963114
178.31248 66.53163 9.123164 4.4643846 -4.840755 0.96619153 1260088963129
178.31248 66.53163 9.123164 5.4295406 -5.45067 0.32403475 1260088963133
183.49686 70.45505 11.267006 5.4295406 -5.45067 0.32403475 1260088963143
183.49686 70.45505 11.267006 6.254502 -5.989228 0.0040992466 1260088963148
189.572 69.032295 13.053656 6.254502 -5.989228 0.0040992466 1260088963164
189.572 69.032295 13.053656 6.688172 -6.366017 0.12102927 1260088963167
182.3434 67.48068 13.500973 6.688172 -6.366017 0.12102927 1260088963186
182.3434 67.48068 13.500973 6.626851 -6.49242 0.62165475 1260088963189
175.72623 64.506645 12.075924 6.626851 -6.49242 0.62165475 1260088963203
175.72623 64.506645 12.075924 6.1041427 -6.277443 1.3076833 1260088963212
169.48991 60.631313 9.722128 6.1041427 -6.277443 1.3076833 1260088963224
169.48991 60.631313 9.722128 5.299069 -5.767438 1.9151443 1260088963230
163.71542 56.349747 6.9860215 5.299069 -5.767438 1.9151443 1260088963244
163.71542 56.349747 6.9860215 4.4368634 -5.118127 2.287246 1260088963247
158.12965 51.982258 3.9867203 4.4368634 -5.118127 2.287246 1260088963268
158.12965 51.982258 3.9867203 3.7539713 -4.561892 2.3506293 1260088963272
165.82317 40.433144 2.1873844 3.7539713 -4.561892 2.3506293 1260088963284
165.82317 40.433144 2.1873844 3.4641201 -4.3303924 2.0676107 1260088963289
169.132 45.961487 3.7280152 3.4641201 -4.3303924 2.0676107 1260088963304
169.132 45.961487 3.7280152 3.6668358 -4.4462094 1.4834319 1260088963307
173.82541 51.31341 5.6916146 3.6668358 -4.4462094 1.4834319 1260088963326
173.82541 51.31341 5.6916146 4.307525 -4.77348 0.732329 1260088963330
179.03413 56.447742 7.807034 4.307525 -4.77348 0.732329 1260088963342
179.03413 56.447742 7.807034 5.1776905 -5.177686 -0.028208917 1260088963352
184.13243 61.225357 9.966682 5.1776905 -5.177686 -0.028208917 1260088963364
184.13243 61.225357 9.966682 5.9376082 -5.5371656 -0.554587 1260088963368
188.37581 65.46409 12.068349 5.9376082 -5.5371656 -0.554587 1260088963384
188.37581 65.46409 12.068349 6.3258314 -5.746554 -0.73933506 1260088963387
182.35703 64.49088 13.114931 6.3258314 -5.746554 -0.73933506 1260088963407
182.35703 64.49088 13.114931 6.207716 -5.7227798 -0.5470964 1260088963411
175.78917 61.116337 11.109184 6.207716 -5.7227798 -0.5470964 1260088963423
175.78917 61.116337 11.109184 5.6392245 -5.408719 -0.021236824 1260088963428
169.6997 57.16052 8.603725 5.6392245 -5.408719 -0.021236824 1260088963444
169.6997 57.16052 8.603725 4.807001 -4.8679194 0.5947837 1260088963450
163.81473 53.20249 6.073539 4.807001 -4.8679194 0.5947837 1260088963464
163.81473 53.20249 6.073539 3.9271758 -4.2744803 1.1772792 1260088963468
157.924 49.792366 3.769862 3.9271758 -4.2744803 1.1772792 1260088963489
157.924 49.792366 3.769862 3.2500186 -3.8700714 1.6611861 1260088963492
152.4778 49.002747 3.2313688 3.2500186 -3.8700714 1.6611861 1260088963665
152.4778 49.002747 3.2313688 3.0323553 -3.914924 1.9247646 1260088963673
146.40392 49.30261 4.7698 3.0323553 -3.914924 1.9247646 1260088963676
146.40392 49.30261 4.7698 3.3458724 -4.395428 1.9177396 1260088963685
154.78372 53.58748 6.78131 3.3458724 -4.395428 1.9177396 1260088963688
154.78372 53.58748 6.78131 4.099995 -5.1018405 1.7312773 1260088963695
162.54454 57.958103 8.942245 4.099995 -5.1018405 1.7312773 1260088963697
162.54454 57.958103 8.942245 5.092224 -5.833543 1.4349601 1260088963706
169.61731 62.210197 11.095133 5.092224 -5.833543 1.4349601 1260088963708
169.61731 62.210197 11.095133 5.9483523 -6.3938184 1.2058971 1260088963712
177.18645 60.89969 13.190376 5.9483523 -6.3938184 1.2058971 1260088963717
177.18645 60.89969 13.190376 6.472242 -6.681595 1.2429878 1260088963724
170.27713 59.554703 14.480858 6.472242 -6.681595 1.2429878 1260088963729
170.27713 59.554703 14.480858 6.583119 -6.734333 1.5465447 1260088963733
164.71327 57.526966 13.756815 6.583119 -6.734333 1.5465447 1260088963738
164.71327 57.526966 13.756815 6.249196 -6.5978355 2.0671506 1260088963745
159.5776 54.65062 11.868974 6.249196 -6.5978355 2.0671506 1260088963751
159.5776 54.65062 11.868974 5.5921416 -6.2618146 2.7360668 1260088963754
154.94873 51.51809 9.525525 5.5921416 -6.2618146 2.7360668 1260088963766
154.94873 51.51809 9.525525 4.751376 -5.807753 3.3769853 1260088963770
150.60129 48.292183 6.949249 4.751376 -5.807753 3.3769853 1260088963776
150.60129 48.292183 6.949249 3.8804612 -5.307612 3.8809812 1260088963779
146.32123 45.277573 4.351786 3.8804612 -5.307612 3.8809812 1260088963786
146.32123 45.277573 4.351786 3.2199411 -4.909433 4.138447 1260088963789
141.70517 49.163692 2.484197 3.2199411 -4.909433 4.138447 1260088963793
141.70517 49.163692 2.484197 2.9513433 -4.8280864 3.9240332 1260088963798
143.96991 53.95551 3.809987 2.9513433 -4.8280864 3.9240332 1260088963811
143.96991 53.95551 3.809987 3.152457 -4.9986978 3.247033 1260088963815
148.42142 58.957733 5.4694877 3.152457 -4.9986978 3.247033 1260088963820
148.42142 58.957733 5.4694877 3.7466774 -5.2874475 2.2640555 1260088963826
153.50035 63.909847 7.1960135 3.7466774 -5.2874475 2.2640555 1260088963832
153.50035 63.909847 7.1960135 4.486208 -5.567208 1.180403 1260088963835
158.92534 68.814354 8.986213 4.486208 -5.567208 1.180403 1260088963847
158.92534 68.814354 8.986213 5.091377 -5.662045 0.3171013 1260088963851
163.97906 73.47363 10.936902 5.091377 -5.662045 0.3171013 1260088963856
163.97906 73.47363 10.936902 5.3298645 -5.58461 -0.099191986 1260088963859
160.2801 71.89995 12.640057 5.3298645 -5.58461 -0.099191986 1260088963870
160.2801 71.89995 12.640057 5.1444125 -5.3816533 -0.06562965 1260088963874
155.8661 67.85495 10.308054 5.1444125 -5.3816533 -0.06562965 1260088963890
155.8661 67.85495 10.308054 4.6372585 -5.043107 0.29518598 1260088963893
151.9228 63.812202 7.792651 4.6372585 -5.043107 0.29518598 1260088963903
151.9228 63.812202 7.792651 3.955243 -4.6363606 0.7843796 1260088963906
148.17667 59.971592 5.1530185 3.955243 -4.6363606 0.7843796 1260088963924
148.17667 59.971592 5.1530185 3.2576141 -4.2472277 1.2164247 1260088963927
143.71783 56.623013 2.1953676 3.2576141 -4.2472277 1.2164247 1260088963944
143.71783 56.623013 2.1953676 2.6500292 -3.9681265 1.4770436 1260088963950
137.93195 54.541862 -0.8144009 2.6500292 -3.9681265 1.4770436 1260088963963
137.93195 54.541862 -0.8144009 2.1872342 -3.8677866 1.5836611 1260088963973
133.38535 54.61477 -2.023681 2.1872342 -3.8677866 1.5836611 1260088963985
133.38535 54.61477 -2.023681 1.9341778 -3.9515715 1.6297852 1260088963988
129.71608 55.28403 -1.3724968 1.9341778 -3.9515715 1.6297852 1260088964006
129.71608 55.28403 -1.3724968 1.9300872 -4.2014213 1.7035679 1260088964009
125.28027 54.76983 0.49612808 1.9300872 -4.2014213 1.7035679 1260088964028
125.28027 54.76983 0.49612808 2.2401502 -4.485769 1.8873913 1260088964032
120.16626 53.881336 2.7713215 2.2401502 -4.485769 1.8873913 1260088964043
120.16626 53.881336 2.7713215 2.8936062 -4.9016366 2.1587281 1260088964046
114.70795 52.93727 5.1827555 2.8936062 -4.9016366 2.1587281 1260088964066
114.70795 52.93727 5.1827555 3.7983737 -5.4261045 2.4001536 1260088964069
126.92255 51.940407 7.7236176 3.7983737 -5.4261045 2.4001536 1260088964084
126.92255 51.940407 7.7236176 4.858122 -5.9822354 2.4660637 1260088964091
137.77641 56.643387 10.137437 4.858122 -5.9822354 2.4660637 1260088964103
137.77641 56.643387 10.137437 5.9622684 -6.598411 2.2331166 1260088964112
147.18759 61.26122 12.330565 5.9622684 -6.598411 2.2331166 1260088964124
147.18759 61.26122 12.330565 6.9805617 -7.104099 1.6931008 1260088964127
155.37822 65.898155 14.314037 6.9805617 -7.104099 1.6931008 1260088964146
155.37822 65.898155 14.314037 7.850555 -7.433316 0.9560311 1260088964149
162.30931 70.45325 16.048336 7.850555 -7.433316 0.9560311 1260088964168
162.30931 70.45325 16.048336 8.507475 -7.6139555 0.18975616 1260088964172
167.54384 74.68059 17.495918 8.507475 -7.6139555 0.18975616 1260088964183
167.54384 74.68059 17.495918 8.89796 -7.7276764 -0.4775945 1260088964187
170.26665 78.34656 18.471123 8.89796 -7.7276764 -0.4775945 1260088964204
170.26665 78.34656 18.471123 8.98766 -7.8111944 -0.98967546 1260088964207
168.90332 80.62923 18.447567 8.98766 -7.8111944 -0.98967546 1260088964226
168.90332 80.62923 18.447567 8.733729 -7.93957 -1.229624 1260088964229
164.65816 80.34776 16.875189 8.733729 -7.93957 -1.229624 1260088964250
164.65816 80.34776 16.875189 8.164245 -8.108517 -1.095274 1260088964253
160.17525 78.580376 14.481429 8.164245 -8.108517 -1.095274 1260088964435
160.17525 78.580376 14.481429 7.350827 -8.263568 -0.64688224 1260088964438
156.11649 76.15136 12.107358 7.350827 -8.263568 -0.64688224 1260088964449
156.11649 76.15136 12.107358 6.433024 -8.363876 0.06375522 1260088964479
152.41066 73.49379 10.00199 6.433024 -8.363876 0.06375522 1260088964505
152.41066 73.49379 10.00199 5.6026525 -8.349525 0.85531473 1260088964508
148.89012 70.9191 8.30189 5.6026525 -8.349525 0.85531473 1260088964517
148.89012 70.9191 8.30189 4.9976745 -8.23374 1.4663256 1260088964520
145.69562 68.623146 7.4367957 4.9976745 -8.23374 1.4663256 1260088964531
145.69562 68.623146 7.4367957 4.676284 -8.024996 1.8227314 1260088964536
143.21083 66.24199 8.964956 4.676284 -8.024996 1.8227314 1260088964539
143.21083 66.24199 8.964956 4.61 -7.7218127 1.9229606 1260088964547
136.8003 62.82989 12.816709 4.61 -7.7218127 1.9229606 1260088964551
136.8003 62.82989 12.816709 4.7057076 -7.324145 1.8465621 1260088964554
147.71028 51.388397 15.975873 4.7057076 -7.324145 1.8465621 1260088964560
147.71028 51.388397 15.975873 4.852473 -6.8639574 1.7297174 1260088964567
142.47476 47.96898 18.72708 4.852473 -6.8639574 1.7297174 1260088964572
142.47476 47.96898 18.72708 4.9667025 -6.409754 1.699075 1260088964575
139.50102 44.97053 20.640726 4.9667025 -6.409754 1.699075 1260088964578
139.50102 44.97053 20.640726 5.013929 -6.014354 1.7891427 1260088964586
137.22597 42.572006 21.80869 5.013929 -6.014354 1.7891427 1260088964592
137.22597 42.572006 21.80869 5.019976 -5.693887 1.9632393 1260088964600
135.16467 40.543407 22.668255 5.019976 -5.693887 1.9632393 1260088964609
135.16467 40.543407 22.668255 5.0141435 -5.422132 2.1701732 1260088964612
133.25644 38.716236 23.584843 5.0141435 -5.422132 2.1701732 1260088964617
133.25644 38.716236 23.584843 5.022904 -5.1803093 2.3613122 1260088964623
131.59361 37.080425 24.805601 5.022904 -5.1803093 2.3613122 1260088964626
131.59361 37.080425 24.805601 5.068682 -4.964198 2.5102053 1260088964632
130.06393 35.476402 26.315321 5.068682 -4.964198 2.5102053 1260088964635
130.06393 35.476402 26.315321 5.162567 -4.750039 2.6264563 1260088964640
128.61073 33.80258 28.049555 5.162567 -4.750039 2.6264563 1260088964646
128.61073 33.80258 28.049555 5.30011 -4.530925 2.7171452 1260088964649
127.230194 32.112453 29.997078 5.30011 -4.530925 2.7171452 1260088964655
127.230194 32.112453 29.997078 5.4784465 -4.3009734 2.7726538 1260088964659
125.668686 30.25683 32.147224 5.4784465 -4.3009734 2.7726538 1260088964668
125.668686 30.25683 32.147224 5.704391 -4.0402966 2.781802 1260088964672
123.48525 28.29399 34.489864 5.704391 -4.0402966 2.781802 1260088964675
123.48525 28.29399 34.489864 5.985778 -3.7490685 2.7046845 1260088964688
133.611 18.37929 36.71537 5.985778 -3.7490685 2.7046845 1260088964692
133.611 18.37929 36.71537 6.3354983 -3.4506092 2.5149689 1260088964695
140.13045 8.810325 38.5796 6.3354983 -3.4506092 2.5149689 1260088964700
140.13045 8.810325 38.5796 6.7344728 -3.1895466 2.2101128 1260088964706
145.17392 -0.63019156 40.00062 6.7344728 -3.1895466 2.2101128 1260088964715
145.17392 -0.63019156 40.00062 7.1175847 -3.0232592 1.7992785 1260088964718
148.66522 7.901318 41.00059 7.1175847 -3.0232592 1.7992785 1260088964728
148.66522 7.901318 41.00059 7.412077 -3.0001276 1.3619957 1260088964734
150.38196 15.3062525 41.55056 7.412077 -3.0001276 1.3619957 1260088964737
150.38196 15.3062525 41.55056 7.5501933 -3.118442 0.9962913 1260088964745
150.41286 21.34094 41.47303 7.5501933 -3.118442 0.9962913 1260088964750
150.41286 21.34094 41.47303 7.500253 -3.31052 0.78439456 1260088964754
148.99222 23.623894 40.44938 7.500253 -3.31052 0.78439456 1260088964770
148.99222 23.623894 40.44938 7.260763 -3.4902697 0.7962511 1260088964773
146.89261 24.5927 38.27691 7.260763 -3.4902697 0.7962511 1260088964783
146.89261 24.5927 38.27691 6.8745704 -3.5731807 1.0342937 1260088964786
144.64798 24.363064 35.613064 6.8745704 -3.5731807 1.0342937 1260088964806
144.64798 24.363064 35.613064 6.3966813 -3.5634139 1.4402227 1260088964809
142.31558 24.09491 32.882412 6.3966813 -3.5634139 1.4402227 1260088964823
142.31558 24.09491 32.882412 5.875947 -3.5820572 1.9089394 1260088964830
139.89981 24.090164 30.13829 5.875947 -3.5820572 1.9089394 1260088964851
139.89981 24.090164 30.13829 5.336983 -3.6712751 2.3651164 1260088964854
137.30482 24.335655 27.381376 5.336983 -3.6712751 2.3651164 1260088964864
137.30482 24.335655 27.381376 4.757547 -3.8493316 2.8209581 1260088964867
134.58958 24.668873 24.812307 4.757547 -3.8493316 2.8209581 1260088964887
134.58958 24.668873 24.812307 4.1709886 -4.0954404 3.3255148 1260088964890
131.7601 24.88543 22.521692 4.1709886 -4.0954404 3.3255148 1260088964908
131.7601 24.88543 22.521692 3.6280596 -4.342864 3.8906517 1260088964912
128.8721 25.141157 20.645607 3.6280596 -4.342864 3.8906517 1260088964923
128.8721 25.141157 20.645607 3.1980853 -4.60039 4.483375 1260088964927
126.028496 25.584099 19.413326 3.1980853 -4.60039 4.483375 1260088964945
126.028496 25.584099 19.413326 2.9707603 -4.900202 5.029437 1260088964948
123.32707 26.404894 18.89266 2.9707603 -4.900202 5.029437 1260088964967
123.32707 26.404894 18.89266 2.9550207 -5.250401 5.435147 1260088964971
120.86072 27.48465 18.948027 2.9550207 -5.250401 5.435147 1260088964989
120.86072 27.48465 18.948027 3.1123655 -5.6437006 5.6768765 1260088964993
118.71768 28.610416 19.500626 3.1123655 -5.6437006 5.6768765 1260088965003
118.71768 28.610416 19.500626 3.3925984 -6.042533 5.7485237 1260088965006
116.9318 29.779896 20.325594 3.3925984 -6.042533 5.7485237 1260088965175
116.9318 29.779896 20.325594 3.7228353 -6.407122 5.634076 1260088965178
116.08521 34.7909 21.309315 3.7228353 -6.407122 5.634076 1260088965189
116.08521 34.7909 21.309315 4.0454135 -6.6908283 5.3319416 1260088965193
116.73095 39.901356 22.393848 4.0454135 -6.6908283 5.3319416 1260088965198
116.73095 39.901356 22.393848 4.321217 -6.839128 4.876022 1260088965207
119.5444 45.256287 23.424156 4.321217 -6.839128 4.876022 1260088965210
119.5444 45.256287 23.424156 4.527387 -6.8369994 4.32372 1260088965214
124.66718 50.993473 24.302948 4.527387 -6.8369994 4.32372 1260088965219
124.66718 50.993473 24.302948 4.659233 -6.683791 3.7411466 1260088965225
131.93382 57.0938 25.1378 4.659233 -6.683791 3.7411466 1260088965231
131.93382 57.0938 25.1378 4.7177467 -6.403402 3.223796 1260088965234
142.08713 45.839108 26.03091 4.7177467 -6.403402 3.223796 1260088965237
142.08713 45.839108 26.03091 4.7147675 -6.013087 2.826293 1260088965246
136.88277 36.397152 27.279366 4.7147675 -6.013087 2.826293 1260088965249
136.88277 36.397152 27.279366 4.6676707 -5.5680566 2.636626 1260088965255
133.13863 32.377293 28.015398 4.6676707 -5.5680566 2.636626 1260088965258
133.13863 32.377293 28.015398 4.6338253 -5.0792193 2.5837927 1260088965266
129.8817 28.608427 28.264627 4.6338253 -5.0792193 2.5837927 1260088965272
129.8817 28.608427 28.264627 4.5764747 -4.6039276 2.611237 1260088965280
126.63761 25.328005 28.601397 4.5764747 -4.6039276 2.611237 1260088965291
126.63761 25.328005 28.601397 4.541741 -4.168745 2.669998 1260088965294
122.90573 22.311605 29.371326 4.541741 -4.168745 2.669998 1260088965300
122.90573 22.311605 29.371326 4.5366654 -3.7771142 2.6706583 1260088965306
119.06045 19.796024 30.25276 4.5366654 -3.7771142 2.6706583 1260088965309
119.06045 19.796024 30.25276 4.5236716 -3.452055 2.6794581 1260088965313
114.907425 17.906223 31.390121 4.5236716 -3.452055 2.6794581 1260088965319
114.907425 17.906223 31.390121 4.5555935 -3.1793427 2.7157395 1260088965326
