305.51425 20.486586 43.105114 6.108362 -3.152252 5.724109 1260088993081
305.51425 20.486586 43.105114 6.1284704 -3.1431012 5.724612 1260088993087
305.78854 20.862257 43.19986 6.1284704 -3.1431012 5.724612 1260088993090
305.78854 20.862257 43.19986 6.1584697 -3.208639 5.686953 1260088993098
305.59912 21.519144 43.389866 6.1584697 -3.208639 5.686953 1260088993102
305.59912 21.519144 43.389866 6.225106 -3.3349154 5.6028247 1260088993105
305.31915 22.293186 43.670372 6.225106 -3.3349154 5.6028247 1260088993139
305.31915 22.293186 43.670372 6.325185 -3.493696 5.456844 1260088993305
305.4532 22.978527 44.086853 6.325185 -3.493696 5.456844 1260088993310
305.4532 22.978527 44.086853 6.459759 -3.657477 5.2936454 1260088993319
306.08054 23.2796 44.88251 6.459759 -3.657477 5.2936454 1260088993322
306.08054 23.2796 44.88251 6.6128025 -3.7388377 5.105918 1260088993326
307.3265 23.26562 45.938385 6.6128025 -3.7388377 5.105918 1260088993338
307.3265 23.26562 45.938385 6.7432113 -3.7480288 4.9044223 1260088993347
308.86017 23.102339 47.141464 6.7432113 -3.7480288 4.9044223 1260088993356
308.86017 23.102339 47.141464 6.836454 -3.7152183 4.702105 1260088993359
310.96716 22.747221 48.48439 6.836454 -3.7152183 4.702105 1260088993362
310.96716 22.747221 48.48439 6.881449 -3.6397822 4.4942403 1260088993367
295.7688 22.20986 49.91017 6.881449 -3.6397822 4.4942403 1260088993374
295.7688 22.20986 49.91017 6.8765235 -3.532024 4.302217 1260088993379
283.38037 21.399366 49.314663 6.8765235 -3.532024 4.302217 1260088993383
283.38037 21.399366 49.314663 6.7656054 -3.3921976 4.3792624 1260088993388
271.86136 20.779398 47.79893 6.7656054 -3.3921976 4.3792624 1260088993394
271.86136 20.779398 47.79893 6.53765 -3.2784312 4.4851446 1260088993400
260.9183 20.190428 45.758984 6.53765 -3.2784312 4.4851446 1260088993403
260.9183 20.190428 45.758984 6.271378 -3.1948698 4.757349 1260088993406
250.37239 19.730906 43.371033 6.271378 -3.1948698 4.757349 1260088993414
250.37239 19.730906 43.371033 5.9346547 -3.140003 5.046589 1260088993417
240.15378 20.19436 41.10248 5.9346547 -3.140003 5.046589 1260088993423
240.15378 20.19436 41.10248 5.6263447 -3.140318 5.080287 1260088993426
230.39609 20.884644 39.997356 5.6263447 -3.140318 5.080287 1260088993429
230.39609 20.884644 39.997356 5.4138103 -3.1024802 4.9883547 1260088993436
218.97629 26.890411 40.34749 5.4138103 -3.1024802 4.9883547 1260088993442
218.97629 26.890411 40.34749 5.3535542 -3.1271448 4.6681113 1260088993450
224.02747 33.29589 40.780113 5.3535542 -3.1271448 4.6681113 1260088993458
224.02747 33.29589 40.780113 5.6245613 -3.2765644 4.0764904 1260088993462
229.0261 39.631096 41.041107 5.6245613 -3.2765644 4.0764904 1260088993465
229.0261 39.631096 41.041107 6.2136736 -3.5233896 3.1548736 1260088993470
234.2248 45.749542 41.389053 6.2136736 -3.5233896 3.1548736 1260088993477
234.2248 45.749542 41.389053 7.0593576 -3.8375525 2.0797994 1260088993482
239.16356 51.662064 41.619602 7.0593576 -3.8375525 2.0797994 1260088993485
239.16356 51.662064 41.619602 7.9798923 -4.1414557 0.859622 1260088993488
243.85538 57.228962 41.93862 7.9798923 -4.1414557 0.859622 1260088993498
243.85538 57.228962 41.93862 8.742713 -4.397475 -0.13610245 1260088993507
248.3126 62.267513 42.34169 8.742713 -4.397475 -0.13610245 1260088993516
248.3126 62.267513 42.34169 9.228355 -4.6209435 -0.7558333 1260088993519
237.74698 66.30414 42.374607 9.228355 -4.6209435 -0.7558333 1260088993522
237.74698 66.30414 42.374607 9.292002 -4.8557124 -1.0401629 1260088993526
228.70963 66.73893 40.655876 9.292002 -4.8557124 -1.0401629 1260088993541
228.70963 66.73893 40.655876 8.87984 -4.97659 -0.90915674 1260088993544
218.52414 64.50198 36.42308 8.87984 -4.97659 -0.90915674 1260088993549
218.52414 64.50198 36.42308 8.009531 -4.9538584 -0.48301017 1260088993556
208.49792 61.576885 31.851927 8.009531 -4.9538584 -0.48301017 1260088993563
208.49792 61.576885 31.851927 6.773446 -4.8198953 0.115237966 1260088993567
198.62303 58.59804 27.359331 6.773446 -4.8198953 0.115237966 1260088993577
198.62303 58.59804 27.359331 5.385326 -4.6156754 0.7584857 1260088993581
206.09187 55.81814 22.841364 5.385326 -4.6156754 0.7584857 1260088993594
206.09187 55.81814 22.841364 4.046862 -4.4489074 1.2612892 1260088993598
212.73727 53.52723 18.299295 4.046862 -4.4489074 1.2612892 1260088993613
212.73727 53.52723 18.299295 2.9564724 -4.3865013 1.517622 1260088993619
219.6004 52.30087 14.334331 2.9564724 -4.3865013 1.517622 1260088993636
219.6004 52.30087 14.334331 2.267921 -4.467505 1.448551 1260088993644
211.97038 56.285824 13.317614 2.267921 -4.467505 1.448551 1260088993655
211.97038 56.285824 13.317614 2.0898283 -4.7099457 0.9572978 1260088993658
214.62186 60.871532 13.901732 2.0898283 -4.7099457 0.9572978 1260088993674
214.62186 60.871532 13.901732 2.4463856 -5.0526323 0.1249009 1260088993679
220.29076 65.777954 14.956646 2.4463856 -5.0526323 0.1249009 1260088993695
220.29076 65.777954 14.956646 3.1882775 -5.356392 -1.0029799 1260088993702
226.57622 70.73906 16.058813 3.1882775 -5.356392 -1.0029799 1260088993714
226.57622 70.73906 16.058813 4.0939746 -5.542811 -2.2821767 1260088993717
233.04741 75.65211 17.105873 4.0939746 -5.542811 -2.2821767 1260088993736
233.04741 75.65211 17.105873 4.917612 -5.5939207 -3.4974139 1260088993740
238.59503 80.3195 17.85058 4.917612 -5.5939207 -3.4974139 1260088993754
238.59503 80.3195 17.85058 5.469203 -5.6036572 -4.568805 1260088993761
241.96529 84.503525 18.25805 5.469203 -5.6036572 -4.568805 1260088993777
241.96529 84.503525 18.25805 5.720807 -5.6490006 -5.3843646 1260088993784
238.91702 88.02835 18.195148 5.720807 -5.6490006 -5.3843646 1260088993795
238.91702 88.02835 18.195148 5.6703987 -5.7138696 -5.8138704 1260088993798
228.82117 89.72694 16.78539 5.6703987 -5.7138696 -5.8138704 1260088993814
228.82117 89.72694 16.78539 5.319458 -5.7482543 -5.715224 1260088993821
217.7301 86.49059 14.046122 5.319458 -5.7482543 -5.715224 1260088993834
217.7301 86.49059 14.046122 4.7020802 -5.706008 -5.043326 1260088993841
207.6936 82.76606 11.643815 4.7020802 -5.706008 -5.043326 1260088993853
207.6936 82.76606 11.643815 3.87381 -5.644081 -3.9432929 1260088994038
198.05893 79.17776 9.361624 3.87381 -5.644081 -3.9432929 1260088994042
198.05893 79.17776 9.361624 2.9391725 -5.6213446 -2.676931 1260088994050
188.35599 75.868866 7.0935426 2.9391725 -5.6213446 -2.676931 1260088994059
188.35599 75.868866 7.0935426 2.007001 -5.651502 -1.4929556 1260088994063
196.38818 73.075424 4.7388654 2.007001 -5.651502 -1.4929556 1260088994066
196.38818 73.075424 4.7388654 1.1745572 -5.7686844 -0.6364998 1260088994074
203.91878 71.27165 2.351922 1.1745572 -5.7686844 -0.6364998 1260088994077
203.91878 71.27165 2.351922 0.5308354 -5.997823 -0.2437356 1260088994083
193.87283 73.80807 0.8843259 0.5308354 -5.997823 -0.2437356 1260088994086
193.87283 73.80807 0.8843259 0.1862585 -6.3013134 -0.43789712 1260088994089
185.3792 77.01766 0.8901096 0.1862585 -6.3013134 -0.43789712 1260088994097
185.3792 77.01766 0.8901096 0.19601406 -6.6086974 -1.109278 1260088994101
190.76024 81.116776 1.5956041 0.19601406 -6.6086974 -1.109278 1260088994106
190.76024 81.116776 1.5956041 0.5110586 -6.721605 -2.139356 1260088994109
198.67223 85.660934 2.5158238 0.5110586 -6.721605 -2.139356 1260088994118
198.67223 85.660934 2.5158238 0.9826484 -6.592554 -3.3617342 1260088994122
189.33861 90.22789 3.3400326 0.9826484 -6.592554 -3.3617342 1260088994125
189.33861 90.22789 3.3400326 1.4000129 -6.326942 -4.5229936 1260088994130
197.52168 94.5665 3.873031 1.4000129 -6.326942 -4.5229936 1260088994141
197.52168 94.5665 3.873031 1.6405561 -6.0827827 -5.5764756 1260088994144
198.5456 98.08817 3.9293795 1.6405561 -6.0827827 -5.5764756 1260088994147
198.5456 98.08817 3.9293795 1.6606809 -6.0708 -6.394771 1260088994160
190.61832 100.483765 3.3829105 1.6606809 -6.0708 -6.394771 1260088994165
190.61832 100.483765 3.3829105 1.46596 -6.246696 -6.7846527 1260088994168
198.7374 101.60957 1.5637649 1.46596 -6.246696 -6.7846527 1260088994177
198.7374 101.60957 1.5637649 1.0528344 -6.4635115 -6.4631267 1260088994179
206.35052 98.02909 -0.2644233 1.0528344 -6.4635115 -6.4631267 1260088994183
206.35052 98.02909 -0.2644233 0.44312045 -6.6333923 -5.505262 1260088994188
196.083 94.02763 -1.8012022 0.44312045 -6.6333923 -5.505262 1260088994197
196.083 94.02763 -1.8012022 -0.31112927 -6.747789 -4.074993 1260088994201
186.47884 90.07625 -3.2611423 -0.31112927 -6.747789 -4.074993 1260088994206
186.47884 90.07625 -3.2611423 -1.1223279 -6.826501 -2.5473456 1260088994217
194.40489 86.52244 -4.848085 -1.1223279 -6.826501 -2.5473456 1260088994222
194.40489 86.52244 -4.848085 -1.8766222 -6.9394145 -1.3759787 1260088994225
201.68465 83.69632 -6.6056805 -1.8766222 -6.9394145 -1.3759787 1260088994237
201.68465 83.69632 -6.6056805 -2.5148847 -7.1597314 -0.6445498 1260088994245
208.70041 86.1115 -8.375397 -2.5148847 -7.1597314 -0.6445498 1260088994248
208.70041 86.1115 -8.375397 -2.9714103 -7.4568834 -0.63615793 1260088994256
198.31538 88.65593 -9.1066265 -2.9714103 -7.4568834 -0.63615793 1260088994262
198.31538 88.65593 -9.1066265 -3.1933131 -7.7201095 -1.1838958 1260088994270
195.49962 92.173134 -8.951295 -3.1933131 -7.7201095 -1.1838958 1260088994280
195.49962 92.173134 -8.951295 -3.1514635 -7.7086635 -2.1162624 1260088994284
203.27464 96.51448 -8.30373 -3.1514635 -7.7086635 -2.1162624 1260088994294
203.27464 96.51448 -8.30373 -2.9108062 -7.345704 -3.3227699 1260088994303
199.2109 83.08875 -7.5385437 -2.9108062 -7.345704 -3.3227699 1260088994317
199.2109 83.08875 -7.5385437 -2.6072698 -6.789096 -4.485977 1260088994320
194.75037 70.18432 -6.9116163 -2.6072698 -6.789096 -4.485977 1260088994333
194.75037 70.18432 -6.9116163 -2.3720295 -6.3399973 -5.5910244 1260088994340
192.61285 75.1251 -6.7160354 -2.3720295 -6.3399973 -5.5910244 1260088994362
192.61285 75.1251 -6.7160354 -2.3126767 -6.249095 -6.480099 1260088994365
183.53221 78.71884 -7.1802335 -2.3126767 -6.249095 -6.480099 1260088994374
183.53221 78.71884 -7.1802335 -2.4674067 -6.473963 -6.934497 1260088994377
191.5556 81.2329 -8.671222 -2.4674067 -6.473963 -6.934497 1260088994397
191.5556 81.2329 -8.671222 -2.8316448 -6.775439 -6.7164845 1260088994400
198.82782 78.621254 -10.387661 -2.8316448 -6.775439 -6.7164845 1260088994418
198.82782 78.621254 -10.387661 -3.3860624 -6.9269996 -5.806563 1260088994421
206.18643 75.590195 -11.668278 -3.3860624 -6.9269996 -5.806563 1260088994433
206.18643 75.590195 -11.668278 -4.0966334 -7.02944 -4.4000473 1260088994437
213.52711 72.51068 -12.734864 -4.0966334 -7.02944 -4.4000473 1260088994475
213.52711 72.51068 -12.734864 -4.8104944 -7.072277 -2.8452508 1260088994478
219.90076 69.835144 -13.948121 -4.8104944 -7.072277 -2.8452508 1260088994484
219.90076 69.835144 -13.948121 -5.4968343 -7.228064 -1.5840766 1260088994490
225.75572 68.09338 -15.250715 -5.4968343 -7.228064 -1.5840766 1260088994503
225.75572 68.09338 -15.250715 -6.099143 -7.6402965 -0.8286225 1260088994506
231.46794 71.13872 -16.438179 -6.099143 -7.6402965 -0.8286225 1260088994516
231.46794 71.13872 -16.438179 -6.5153832 -8.150414 -0.8137511 1260088994526
237.39455 74.33178 -16.91627 -6.5153832 -8.150414 -0.8137511 1260088994537
237.39455 74.33178 -16.91627 -6.688119 -8.551943 -1.4077718 1260088994540
232.92482 78.56519 -16.520456 -6.688119 -8.551943 -1.4077718 1260088994557
232.92482 78.56519 -16.520456 -6.543717 -8.532275 -2.4065804 1260088994562
237.32858 83.58694 -15.594434 -6.543717 -8.532275 -2.4065804 1260088994574
237.32858 83.58694 -15.594434 -6.181118 -8.128135 -3.6155972 1260088994583
231.01216 70.55759 -14.664712 -6.181118 -8.128135 -3.6155972 1260088994595
231.01216 70.55759 -14.664712 -5.792383 -7.645454 -4.7641635 1260088994598
227.31155 75.579704 -14.081476 -5.792383 -7.645454 -4.7641635 1260088994619
227.31155 75.579704 -14.081476 -5.572909 -7.448418 -5.761321 1260088994794
216.44597 79.20072 -14.277403 -5.572909 -7.448418 -5.761321 1260088994803
216.44597 79.20072 -14.277403 -5.6456685 -7.6793785 -6.3626637 1260088994806
222.67368 81.740685 -15.363533 -5.6456685 -7.6793785 -6.3626637 1260088994818
222.67368 81.740685 -15.363533 -5.9619994 -8.066321 -6.3114896 1260088994824
228.18999 79.40365 -16.845356 -5.9619994 -8.066321 -6.3114896 1260088994827
228.18999 79.40365 -16.845356 -6.415743 -8.269111 -5.560064 1260088994830
233.3805 76.23347 -17.853088 -6.415743 -8.269111 -5.560064 1260088994838
233.3805 76.23347 -17.853088 -6.9441843 -8.249964 -4.238061 1260088994841
238.36147 72.92179 -18.610434 -6.9441843 -8.249964 -4.238061 1260088994845
238.36147 72.92179 -18.610434 -7.451652 -8.113277 -2.7438023 1260088994850
242.8434 69.925705 -19.429913 -7.451652 -8.113277 -2.7438023 1260088994859
242.8434 69.925705 -19.429913 -7.8922043 -8.035864 -1.501321 1260088994862
247.05122 67.67942 -20.508417 -7.8922043 -8.035864 -1.501321 1260088994867
247.05122 67.67942 -20.508417 -8.246714 -8.118955 -0.70301443 1260088994870
251.24866 66.54545 -21.732996 -8.246714 -8.118955 -0.70301443 1260088994877
251.24866 66.54545 -21.732996 -8.455466 -8.3300085 -0.6058911 1260088994882
255.83623 70.11818 -21.996346 -8.455466 -8.3300085 -0.6058911 1260088994885
255.83623 70.11818 -21.996346 -8.450838 -8.525062 -1.0972558 1260088994888
250.34442 74.71227 -21.346529 -8.450838 -8.525062 -1.0972558 1260088994899
250.34442 74.71227 -21.346529 -8.1876545 -8.418887 -2.0094378 1260088994907
243.5772 62.07666 -20.179203 -8.1876545 -8.418887 -2.0094378 1260088994915
243.5772 62.07666 -20.179203 -7.734687 -7.957082 -3.1967697 1260088994918
239.34833 50.472828 -18.920242 -7.734687 -7.957082 -3.1967697 1260088994922
239.34833 50.472828 -18.920242 -7.234904 -7.3181477 -4.366277 1260088994925
236.23091 39.19919 -17.92423 -7.234904 -7.3181477 -4.366277 1260088994930
236.23091 39.19919 -17.92423 -6.843194 -6.8425965 -5.477309 1260088994938
231.21936 45.58923 -17.37802 -6.843194 -6.8425965 -5.477309 1260088994942
231.21936 45.58923 -17.37802 -6.6549444 -6.781727 -6.3775177 1260088994945
236.8584 50.459766 -17.559118 -6.6549444 -6.781727 -6.3775177 1260088994955
236.8584 50.459766 -17.559118 -6.6953945 -7.0705385 -6.801632 1260088994965
241.66548 54.43678 -18.681162 -6.6953945 -7.0705385 -6.801632 1260088994968
241.66548 54.43678 -18.681162 -6.9347224 -7.3946238 -6.5017304 1260088994984
246.03221 53.16494 -19.747105 -6.9347224 -7.3946238 -6.5017304 1260088994987
246.03221 53.16494 -19.747105 -7.314632 -7.5731115 -5.514014 1260088994990
250.2306 51.25669 -20.40975 -7.314632 -7.5731115 -5.514014 1260088995001
250.2306 51.25669 -20.40975 -7.7811036 -7.596937 -4.0281453 1260088995004
254.01907 49.343857 -20.989262 -7.7811036 -7.596937 -4.0281453 1260088995015
254.01907 49.343857 -20.989262 -8.246725 -7.561685 -2.530762 1260088995021
257.41812 47.926662 -21.789799 -8.246725 -7.561685 -2.530762 1260088995026
257.41812 47.926662 -21.789799 -8.655696 -7.660313 -1.4371791 1260088995036
260.64722 47.18033 -22.900309 -8.655696 -7.660313 -1.4371791 1260088995046
260.64722 47.18033 -22.900309 -8.972031 -7.87455 -0.86068624 1260088995049
263.86487 51.571312 -23.905293 -8.972031 -7.87455 -0.86068624 1260088995058
263.86487 51.571312 -23.905293 -9.164267 -8.146857 -1.015147 1260088995062
267.27164 56.492744 -24.110027 -9.164267 -8.146857 -1.015147 1260088995074
267.27164 56.492744 -24.110027 -9.160292 -8.227123 -1.6794579 1260088995081
256.70807 62.46811 -23.504526 -9.160292 -8.227123 -1.6794579 1260088995101
256.70807 62.46811 -23.504526 -8.933823 -7.890679 -2.6837509 1260088995104
255.77266 50.944702 -22.4793 -8.933823 -7.890679 -2.6837509 1260088995113
255.77266 50.944702 -22.4793 -8.562724 -7.213523 -3.8789093 1260088995116
254.23402 39.997467 -21.455334 -8.562724 -7.213523 -3.8789093 1260088995135
254.23402 39.997467 -21.455334 -8.176811 -6.559328 -5.01431 1260088995138
245.32233 46.797592 -20.732567 -8.176811 -6.559328 -5.01431 1260088995159
245.32233 46.797592 -20.732567 -7.9300528 -6.314446 -6.040502 1260088995162
250.2062 52.057713 -20.645939 -7.9300528 -6.314446 -6.040502 1260088995173
250.2062 52.057713 -20.645939 -7.921049 -6.557839 -6.71097 1260088995177
254.44589 56.05483 -21.363642 -7.921049 -6.557839 -6.71097 1260088995196
254.44589 56.05483 -21.363642 -8.146085 -7.045125 -6.75611 1260088995199
258.1236 55.15209 -22.64546 -8.146085 -7.045125 -6.75611 1260088995214
258.1236 55.15209 -22.64546 -8.546467 -7.367757 -6.0961833 1260088995220
261.26743 53.194485 -23.563187 -8.546467 -7.367757 -6.0961833 1260088995240
261.26743 53.194485 -23.563187 -9.029664 -7.3848248 -4.8188815 1260088995245
264.05405 50.93476 -24.185028 -9.029664 -7.3848248 -4.8188815 1260088995256
264.05405 50.93476 -24.185028 -9.505046 -7.236233 -3.345296 1260088995265
266.50134 48.838024 -24.925777 -9.505046 -7.236233 -3.345296 1260088995278
266.50134 48.838024 -24.925777 -9.87085 -7.0950713 -2.147652 1260088995282
269.02628 47.546124 -25.92949 -9.87085 -7.0950713 -2.147652 1260088995298
269.02628 47.546124 -25.92949 -10.098505 -7.1319027 -1.4300777 1260088995301
271.87497 51.96882 -26.933014 -10.098505 -7.1319027 -1.4300777 1260088995313
271.87497 51.96882 -26.933014 -10.167677 -7.331699 -1.3708321 1260088995320
275.13123 56.370377 -26.786364 -10.167677 -7.331699 -1.3708321 1260088995335
275.13123 56.370377 -26.786364 -10.016146 -7.5324016 -1.8791122 1260088995338
272.77466 61.601856 -25.747046 -10.016146 -7.5324016 -1.8791122 1260088995357
272.77466 61.601856 -25.747046 -9.618853 -7.486756 -2.7522013 1260088995360
261.73593 49.521763 -24.159693 -9.618853 -7.486756 -2.7522013 1260088995380
261.73593 49.521763 -24.159693 -9.002387 -7.102203 -3.8635771 1260088995567
254.64914 38.495674 -22.401709 -9.002387 -7.102203 -3.8635771 1260088995578
254.64914 38.495674 -22.401709 -8.291438 -6.5359774 -4.9997444 1260088995582
247.51668 27.920889 -20.781624 -8.291438 -6.5359774 -4.9997444 1260088995594
247.51668 27.920889 -20.781624 -7.6466823 -6.047777 -6.079103 1260088995599
248.84085 35.174847 -19.592543 -7.6466823 -6.047777 -6.079103 1260088995603
248.84085 35.174847 -19.592543 -7.2064614 -5.899979 -6.993488 1260088995608
253.6988 41.216103 -19.012915 -7.2064614 -5.899979 -6.993488 1260088995615
253.6988 41.216103 -19.012915 -7.0054965 -6.059219 -7.646271 1260088995621
257.76385 46.2053 -19.41227 -7.0054965 -6.059219 -7.646271 1260088995624
257.76385 46.2053 -19.41227 -7.0563407 -6.307201 -7.8244348 1260088995627
260.57565 45.545033 -21.191656 -7.0563407 -6.307201 -7.8244348 1260088995635
260.57565 45.545033 -21.191656 -7.3300595 -6.4106665 -7.29088 1260088995638
262.44687 43.96778 -22.382072 -7.3300595 -6.4106665 -7.29088 1260088995644
262.44687 43.96778 -22.382072 -7.7514935 -6.360497 -6.192199 1260088995647
263.3745 42.21939 -23.112968 -7.7514935 -6.360497 -6.192199 1260088995650
263.3745 42.21939 -23.112968 -8.221319 -6.2631216 -4.7527814 1260088995658
264.70578 40.65842 -23.65732 -8.221319 -6.2631216 -4.7527814 1260088995662
264.70578 40.65842 -23.65732 -8.606362 -6.2257776 -3.371033 1260088995665
267.4205 39.7755 -24.274454 -8.606362 -6.2257776 -3.371033 1260088995670
267.4205 39.7755 -24.274454 -8.83595 -6.360555 -2.3934326 1260088995678
270.5995 39.936726 -24.710732 -8.83595 -6.360555 -2.3934326 1260088995684
270.5995 39.936726 -24.710732 -8.867459 -6.6316075 -1.8658316 1260088995697
274.2195 43.689888 -24.525194 -8.867459 -6.6316075 -1.8658316 1260088995702
274.2195 43.689888 -24.525194 -8.686278 -6.9749155 -1.9536906 1260088995705
278.00854 48.355392 -23.348934 -8.686278 -6.9749155 -1.9536906 1260088995709
278.00854 48.355392 -23.348934 -8.2696705 -7.220698 -2.4934385 1260088995717
281.6581 54.137623 -21.581488 -8.2696705 -7.220698 -2.4934385 1260088995721
281.6581 54.137623 -21.581488 -7.6368995 -7.1545434 -3.3746293 1260088995726
271.47522 42.530743 -19.752413 -7.6368995 -7.1545434 -3.3746293 1260088995729
271.47522 42.530743 -19.752413 -6.8941154 -6.745059 -4.51277 1260088995737
264.30145 32.104206 -17.964792 -6.8941154 -6.745059 -4.51277 1260088995743
264.30145 32.104206 -17.964792 -6.1523767 -6.0700216 -5.6164775 1260088995755
258.68637 22.398994 -16.466553 -6.1523767 -6.0700216 -5.6164775 1260088995760
258.68637 22.398994 -16.466553 -5.5369377 -5.3190923 -6.6649995 1260088995763
254.05205 12.929045 -15.3432255 -5.5369377 -5.3190923 -6.6649995 1260088995766
254.05205 12.929045 -15.3432255 -5.116396 -4.7432747 -7.6610956 1260088995775
254.79944 3.4825923 -14.726064 -5.116396 -4.7432747 -7.6610956 1260088995785
254.79944 3.4825923 -14.726064 -4.9198246 -4.424389 -8.446667 1260088995790
257.00946 11.858463 -15.039761 -4.9198246 -4.424389 -8.446667 1260088995798
257.00946 11.858463 -15.039761 -4.9918685 -4.34414 -8.833382 1260088995801
259.20898 18.86554 -17.137774 -4.9918685 -4.34414 -8.833382 1260088995809
259.20898 18.86554 -17.137774 -5.319097 -4.4470115 -8.591931 1260088995820
261.24854 19.072262 -18.780886 -5.319097 -4.4470115 -8.591931 1260088995824
261.24854 19.072262 -18.780886 -5.8247347 -4.61897 -7.6604247 1260088995829
263.6861 19.118649 -19.691841 -5.8247347 -4.61897 -7.6604247 1260088995841
263.6861 19.118649 -19.691841 -6.4106483 -4.894698 -6.2415757 1260088995845
266.45178 19.212717 -20.357248 -6.4106483 -4.894698 -6.2415757 1260088995856
266.45178 19.212717 -20.357248 -6.947517 -5.228147 -4.7302256 1260088995860
269.2292 19.552082 -20.989386 -6.947517 -5.228147 -4.7302256 1260088995878
269.2292 19.552082 -20.989386 -7.3601565 -5.5837417 -3.4912567 1260088995882
272.11774 20.574478 -21.639915 -7.3601565 -5.5837417 -3.4912567 1260088995894
272.11774 20.574478 -21.639915 -7.6132364 -6.0121317 -2.7507684 1260088995899
274.86185 25.845755 -22.25792 -7.6132364 -6.0121317 -2.7507684 1260088995913
274.86185 25.845755 -22.25792 -7.6588917 -6.3230786 -2.7419422 1260088995916
277.21875 32.253468 -21.695023 -7.6588917 -6.3230786 -2.7419422 1260088995938
277.21875 32.253468 -21.695023 -7.4155555 -6.335175 -3.2565787 1260088995946
266.70782 21.640795 -20.260271 -7.4155555 -6.335175 -3.2565787 1260088995954
266.70782 21.640795 -20.260271 -6.9201517 -6.016373 -4.157499 1260088995959
259.57245 12.058755 -18.497257 -6.9201517 -6.016373 -4.157499 1260088995974
259.57245 12.058755 -18.497257 -6.224101 -5.4826465 -5.27897 1260088995981
252.34383 2.9558172 -16.722395 -6.224101 -5.4826465 -5.27897 1260088995995
252.34383 2.9558172 -16.722395 -5.513139 -4.967434 -6.344367 1260088995998
242.17664 -6.1419735 -15.4362755 -5.513139 -4.967434 -6.344367 1260088996018
242.17664 -6.1419735 -15.4362755 -5.051564 -4.7033987 -7.1876025 1260088996022
233.2178 2.3151257 -15.0144615 -5.051564 -4.7033987 -7.1876025 1260088996034
233.2178 2.3151257 -15.0144615 -4.8997765 -4.710671 -7.631823 1260088996041
239.30692 9.099369 -16.21374 -4.8997765 -4.710671 -7.631823 1260088996054
239.30692 9.099369 -16.21374 -5.022537 -4.8721704 -7.483821 1260088996057
227.59157 10.2944 -17.503052 -5.022537 -4.8721704 -7.483821 1260088996077
227.59157 10.2944 -17.503052 -5.2113476 -4.981329 -6.7820606 1260088996084
217.512 10.77968 -18.1279 -5.2113476 -4.981329 -6.7820606 1260088996096
217.512 10.77968 -18.1279 -5.3103576 -4.980834 -5.866136 1260088996099
208.5864 10.840696 -18.021503 -5.3103576 -4.980834 -5.866136 1260088996114
208.5864 10.840696 -18.021503 -5.215094 -4.859143 -4.982387 1260088996119
200.35707 10.148662 -17.120428 -5.215094 -4.859143 -4.982387 1260088996135
200.35707 10.148662 -17.120428 -4.9550204 -4.59235 -4.3253384 1260088996142
