298.31046 3.173333 42.864414 6.1071105 -0.47812653 6.519738 1260089021350
298.31046 3.173333 42.864414 6.166099 -0.524365 6.521321 1260089021354
298.74493 3.4646664 43.221195 6.166099 -0.524365 6.521321 1260089021359
298.74493 3.4646664 43.221195 6.241888 -0.57646376 6.509204 1260089021367
299.05768 3.9414332 43.710136 6.241888 -0.57646376 6.509204 1260089021392
299.05768 3.9414332 43.710136 6.3186545 -0.6538793 6.4513836 1260089021396
299.1548 4.594362 44.37463 6.3186545 -0.6538793 6.4513836 1260089021408
299.1548 4.594362 44.37463 6.407927 -0.76283693 6.34674 1260089021416
298.99704 5.4646435 45.1559 6.407927 -0.76283693 6.34674 1260089021419
298.99704 5.4646435 45.1559 6.5056753 -0.90312165 6.190804 1260089021429
298.54718 6.5414114 45.898106 6.5056753 -0.90312165 6.190804 1260089021432
298.54718 6.5414114 45.898106 6.5958123 -1.071805 5.9840975 1260089021436
297.56982 7.9643407 46.3032 6.5958123 -1.071805 5.9840975 1260089021450
297.56982 7.9643407 46.3032 6.6467104 -1.2838116 5.744141 1260089021454
296.49133 9.416123 46.63804 6.6467104 -1.2838116 5.744141 1260089021457
296.49133 9.416123 46.63804 6.6644177 -1.4824938 5.4807696 1260089021466
295.56677 10.795318 46.95614 6.6644177 -1.4824938 5.4807696 1260089021474
295.56677 10.795318 46.95614 6.682602 -1.6712418 5.2135415 1260089021477
294.48843 17.255552 47.10833 6.682602 -1.6712418 5.2135415 1260089021487
294.48843 17.255552 47.10833 6.669231 -1.8560005 4.9515023 1260089021492
294.114 23.642775 47.502914 6.669231 -1.8560005 4.9515023 1260089021504
294.114 23.642775 47.502914 6.666063 -1.9981515 4.702565 1260089021510
294.05832 24.210636 47.87777 6.666063 -1.9981515 4.702565 1260089021523
294.05832 24.210636 47.87777 6.6685014 -2.133195 4.4796953 1260089021527
293.7054 24.950104 48.033882 6.6685014 -2.133195 4.4796953 1260089021547
293.7054 24.950104 48.033882 6.6306376 -2.2696583 4.265245 1260089021555
293.57013 30.802599 48.23219 6.6306376 -2.2696583 4.265245 1260089021565
293.57013 30.802599 48.23219 6.6055636 -2.3965745 4.0478964 1260089021568
293.3416 36.412468 48.420578 6.6055636 -2.3965745 4.0478964 1260089021584
293.3416 36.412468 48.420578 6.577657 -2.5089726 3.825071 1260089021589
293.07452 41.691845 48.54955 6.577657 -2.5089726 3.825071 1260089021604
293.07452 41.691845 48.54955 6.54025 -2.615751 3.6072578 1260089021608
293.2208 46.807255 48.82207 6.54025 -2.615751 3.6072578 1260089021625
293.2208 46.807255 48.82207 6.514247 -2.706294 3.4030592 1260089021628
293.60974 51.666893 49.080967 6.514247 -2.706294 3.4030592 1260089021643
293.60974 51.666893 49.080967 6.4677515 -2.7705173 3.223372 1260089021650
293.97925 56.183548 49.226917 6.4677515 -2.7705173 3.223372 1260089021664
293.97925 56.183548 49.226917 6.3997455 -2.8315296 3.0581174 1260089021671
295.4803 55.024372 49.51557 6.3997455 -2.8315296 3.0581174 1260089021687
295.4803 55.024372 49.51557 6.296322 -2.834329 2.9562879 1260089021690
297.55627 53.923153 49.589794 6.296322 -2.834329 2.9562879 1260089021703
297.55627 53.923153 49.589794 6.1572084 -2.8151956 2.8847475 1260089021707
299.02847 53.526997 49.210304 6.1572084 -2.8151956 2.8847475 1260089021732
299.02847 53.526997 49.210304 6.0114303 -2.8460522 2.7861383 1260089021735
297.07706 57.650646 48.149788 6.0114303 -2.8460522 2.7861383 1260089021753
297.07706 57.650646 48.149788 5.843657 -2.9005635 2.4942834 1260089021756
294.0232 62.468113 46.3923 5.843657 -2.9005635 2.4942834 1260089021772
294.0232 62.468113 46.3923 5.6869965 -3.0320284 1.8267984 1260089021775
291.17203 67.3447 44.472683 5.6869965 -3.0320284 1.8267984 1260089021792
291.17203 67.3447 44.472683 5.538169 -3.2066343 0.8440067 1260089021796
288.21344 72.277466 42.49905 5.538169 -3.2066343 0.8440067 1260089021812
288.21344 72.277466 42.49905 5.360689 -3.3473122 -0.39133602 1260089021816
285.20276 77.06359 40.524097 5.360689 -3.3473122 -0.39133602 1260089021832
285.20276 77.06359 40.524097 5.1668854 -3.4509916 -1.6391426 1260089021835
281.69263 81.61041 38.597893 5.1668854 -3.4509916 -1.6391426 1260089021852
281.69263 81.61041 38.597893 4.946678 -3.510669 -2.633874 1260089021855
277.408 85.72989 36.718 4.946678 -3.510669 -2.633874 1260089021872
277.408 85.72989 36.718 4.7095594 -3.5619144 -3.313272 1260089021875
272.8876 89.1934 34.8821 4.7095594 -3.5619144 -3.313272 1260089021892
272.8876 89.1934 34.8821 4.4734006 -3.6214938 -3.6515613 1260089021896
259.44324 90.53373 32.987995 4.4734006 -3.6214938 -3.6515613 1260089021912
259.44324 90.53373 32.987995 4.2354293 -3.7169123 -3.6051867 1260089021915
246.52107 88.75704 31.088594 4.2354293 -3.7169123 -3.6051867 1260089022098
246.52107 88.75704 31.088594 3.9896069 -3.859998 -3.1961055 1260089022101
252.14502 85.71919 29.184164 3.9896069 -3.859998 -3.1961055 1260089022105
252.14502 85.71919 29.184164 3.7029562 -3.9959295 -2.4281516 1260089022110
257.28778 82.433235 27.274956 3.7029562 -3.9959295 -2.4281516 1260089022116
257.28778 82.433235 27.274956 3.3611743 -4.1332364 -1.4003098 1260089022122
261.8234 79.31158 25.311209 3.3611743 -4.1332364 -1.4003098 1260089022125
261.8234 79.31158 25.311209 2.9642937 -4.296367 -0.34894824 1260089022128
265.63223 76.645996 23.095648 2.9642937 -4.296367 -0.34894824 1260089022137
265.63223 76.645996 23.095648 2.5150692 -4.4874353 0.45643628 1260089022143
269.0006 75.013695 20.240866 2.5150692 -4.4874353 0.45643628 1260089022146
269.0006 75.013695 20.240866 2.0351868 -4.696191 0.7148746 1260089022149
272.90057 78.41301 17.278822 2.0351868 -4.696191 0.7148746 1260089022157
272.90057 78.41301 17.278822 1.5323082 -4.847518 0.3549666 1260089022161
262.25555 82.69236 15.06488 1.5323082 -4.847518 0.3549666 1260089022164
262.25555 82.69236 15.06488 1.0123506 -4.881635 -0.4908989 1260089022169
251.09277 87.30774 13.261637 1.0123506 -4.881635 -0.4908989 1260089022180
251.09277 87.30774 13.261637 0.49659818 -4.743792 -1.6567725 1260089022184
239.03813 73.992355 11.648555 0.49659818 -4.743792 -1.6567725 1260089022195
239.03813 73.992355 11.648555 0.0066334154 -4.483448 -2.9025989 1260089022201
227.48622 61.292736 10.166127 0.0066334154 -4.483448 -2.9025989 1260089022204
227.48622 61.292736 10.166127 -0.43704057 -4.2551894 -4.086134 1260089022207
218.41191 66.9281 8.807821 -0.43704057 -4.2551894 -4.086134 1260089022215
218.41191 66.9281 8.807821 -0.80268747 -4.178633 -5.1771226 1260089022218
211.54132 71.7317 7.5174303 -0.80268747 -4.178633 -5.1771226 1260089022224
211.54132 71.7317 7.5174303 -1.1166822 -4.325874 -6.0147047 1260089022227
201.06425 75.39511 5.991559 -1.1166822 -4.325874 -6.0147047 1260089022240
201.06425 75.39511 5.991559 -1.412253 -4.6332827 -6.3759184 1260089022244
207.96104 74.425354 3.991981 -1.412253 -4.6332827 -6.3759184 1260089022249
207.96104 74.425354 3.991981 -1.7093898 -4.953243 -6.0244336 1260089022255
214.56299 72.10409 2.4923818 -1.7093898 -4.953243 -6.0244336 1260089022261
214.56299 72.10409 2.4923818 -2.0195913 -5.1387076 -5.021083 1260089022264
221.13484 69.14888 1.4177628 -2.0195913 -5.1387076 -5.021083 1260089022275
221.13484 69.14888 1.4177628 -2.3449287 -5.1718855 -3.564628 1260089022278
227.5281 66.14143 0.4468746 -2.3449287 -5.1718855 -3.564628 1260089022286
227.5281 66.14143 0.4468746 -2.684645 -5.14007 -1.9821386 1260089022290
233.1517 63.43436 -0.67546916 -2.684645 -5.14007 -1.9821386 1260089022299
233.1517 63.43436 -0.67546916 -3.032573 -5.148663 -0.6912513 1260089022303
238.19412 61.412643 -2.0916958 -3.032573 -5.148663 -0.6912513 1260089022319
238.19412 61.412643 -2.0916958 -3.3848972 -5.2971163 0.15848914 1260089022323
243.03441 60.742012 -3.987111 -3.3848972 -5.2971163 0.15848914 1260089022334
243.03441 60.742012 -3.987111 -3.6950886 -5.5866084 0.26361358 1260089022339
230.88269 64.654915 -5.2877555 -3.6950886 -5.5866084 0.26361358 1260089022355
230.88269 64.654915 -5.2877555 -3.9672968 -5.91134 -0.27054542 1260089022358
224.33856 69.22217 -6.023368 -3.9672968 -5.91134 -0.27054542 1260089022377
224.33856 69.22217 -6.023368 -4.1789045 -6.1040626 -1.2587948 1260089022380
218.02164 74.11106 -6.4721994 -4.1789045 -6.1040626 -1.2587948 1260089022394
218.02164 74.11106 -6.4721994 -4.3404326 -6.1250668 -2.52452 1260089022403
210.72055 78.955505 -6.9485893 -4.3404326 -6.1250668 -2.52452 1260089022413
210.72055 78.955505 -6.9485893 -4.5054617 -6.0265236 -3.7269588 1260089022417
203.83452 83.55773 -7.35116 -4.5054617 -6.0265236 -3.7269588 1260089022436
203.83452 83.55773 -7.35116 -4.647938 -5.94108 -4.8692756 1260089022439
197.9928 87.47984 -7.883602 -4.647938 -5.94108 -4.8692756 1260089022459
197.9928 87.47984 -7.883602 -4.7914624 -6.0165424 -5.7249737 1260089022463
205.79315 90.40585 -8.839422 -4.7914624 -6.0165424 -5.7249737 1260089022474
205.79315 90.40585 -8.839422 -4.978206 -6.2312455 -6.075476 1260089022483
212.0535 88.28556 -10.497451 -4.978206 -6.2312455 -6.075476 1260089022494
212.0535 88.28556 -10.497451 -5.208732 -6.452239 -5.7063246 1260089022498
218.00082 85.021286 -11.522578 -5.208732 -6.452239 -5.7063246 1260089022517
218.00082 85.021286 -11.522578 -5.4719977 -6.532789 -4.6528206 1260089022519
223.90079 81.370224 -12.146449 -5.4719977 -6.532789 -4.6528206 1260089022534
223.90079 81.370224 -12.146449 -5.7663665 -6.5044355 -3.178685 1260089022542
229.55576 77.80171 -12.639127 -5.7663665 -6.5044355 -3.178685 1260089022553
229.55576 77.80171 -12.639127 -6.063042 -6.4475346 -1.6182169 1260089022559
234.87798 74.66163 -13.257171 -6.063042 -6.4475346 -1.6182169 1260089022575
234.87798 74.66163 -13.257171 -6.3421597 -6.4786057 -0.35369775 1260089022578
239.83408 72.37855 -14.144312 -6.3421597 -6.4786057 -0.35369775 1260089022599
239.83408 72.37855 -14.144312 -6.599149 -6.7008514 0.45192423 1260089022602
244.64238 71.30962 -15.337096 -6.599149 -6.7008514 0.45192423 1260089022614
244.64238 71.30962 -15.337096 -6.8153677 -7.0577226 0.5144552 1260089022624
250.21027 74.64414 -16.070242 -6.8153677 -7.0577226 0.5144552 1260089022634
250.21027 74.64414 -16.070242 -6.975828 -7.3688283 -0.04859026 1260089022637
242.39975 78.76193 -16.36673 -6.975828 -7.3688283 -0.04859026 1260089022657
242.39975 78.76193 -16.36673 -7.073103 -7.469608 -1.0676868 1260089022660
233.97977 83.37383 -16.398394 -7.073103 -7.469608 -1.0676868 1260089022672
233.97977 83.37383 -16.398394 -7.126015 -7.3283544 -2.3429673 1260089022682
223.73077 88.10514 -16.428474 -7.126015 -7.3283544 -2.3429673 1260089022879
223.73077 88.10514 -16.428474 -7.1681094 -7.018461 -3.554484 1260089022885
214.64424 92.44988 -16.45705 -7.1681094 -7.018461 -3.554484 1260089022888
214.64424 92.44988 -16.45705 -7.2196765 -6.7955694 -4.682951 1260089022896
206.76202 95.92739 -16.734198 -7.2196765 -6.7955694 -4.682951 1260089022899
206.76202 95.92739 -16.734198 -7.302035 -6.8228593 -5.5036993 1260089022903
213.37392 98.331024 -17.547487 -7.302035 -6.8228593 -5.5036993 1260089022908
213.37392 98.331024 -17.547487 -7.4354377 -7.016996 -5.7849054 1260089022917
219.15523 95.664474 -18.820112 -7.4354377 -7.016996 -5.7849054 1260089022921
219.15523 95.664474 -18.820112 -7.5594463 -7.1816764 -5.3499227 1260089022924
224.74747 91.93125 -19.329107 -7.5594463 -7.1816764 -5.3499227 1260089022929
224.74747 91.93125 -19.329107 -7.679979 -7.1842127 -4.2556715 1260089022935
230.51009 87.78469 -19.412651 -7.679979 -7.1842127 -4.2556715 1260089022941
230.51009 87.78469 -19.412651 -7.7944846 -7.0436087 -2.765299 1260089022944
236.38458 83.795456 -19.39202 -7.7944846 -7.0436087 -2.765299 1260089022947
236.38458 83.795456 -19.39202 -7.872619 -6.8909664 -1.2724905 1260089022955
241.71535 80.405685 -19.522419 -7.872619 -6.8909664 -1.2724905 1260089022958
241.71535 80.405685 -19.522419 -7.9522953 -6.8807974 -0.11379001 1260089022962
246.72958 77.9854 -19.846298 -7.9522953 -6.8807974 -0.11379001 1260089022967
246.72958 77.9854 -19.846298 -7.9837217 -7.066589 0.6049247 1260089022970
251.6931 77.33613 -20.103983 -7.9837217 -7.066589 0.6049247 1260089022981
251.6931 77.33613 -20.103983 -7.9107428 -7.4160695 0.62643576 1260089022985
256.65845 79.86932 -19.748783 -7.9107428 -7.4160695 0.62643576 1260089022996
256.65845 79.86932 -19.748783 -7.716106 -7.7616963 0.07141159 1260089023001
253.12552 83.375854 -19.061344 -7.716106 -7.7616963 0.07141159 1260089023005
253.12552 83.375854 -19.061344 -7.4392633 -7.938856 -0.89852273 1260089023008
249.31924 87.55706 -18.258276 -7.4392633 -7.938856 -0.89852273 1260089023016
249.31924 87.55706 -18.258276 -7.129273 -7.845647 -2.1407194 1260089023019
240.65327 92.029205 -17.595362 -7.129273 -7.845647 -2.1407194 1260089023025
240.65327 92.029205 -17.595362 -6.8906255 -7.5207853 -3.3623483 1260089023028
229.97061 96.32774 -17.215593 -6.8906255 -7.5207853 -3.3623483 1260089023038
229.97061 96.32774 -17.215593 -6.772192 -7.182202 -4.522896 1260089023042
221.37209 100.061356 -17.104815 -6.772192 -7.182202 -4.522896 1260089023049
221.37209 100.061356 -17.104815 -6.7488933 -7.0199056 -5.4980655 1260089023058
211.15349 102.95829 -17.449574 -6.7488933 -7.0199056 -5.4980655 1260089023061
211.15349 102.95829 -17.449574 -6.8404894 -7.055047 -6.083968 1260089023065
217.34581 104.91038 -18.727095 -6.8404894 -7.055047 -6.083968 1260089023075
217.34581 104.91038 -18.727095 -7.008547 -7.1606193 -6.06784 1260089023084
222.72852 101.11486 -20.04074 -7.008547 -7.1606193 -6.06784 1260089023087
222.72852 101.11486 -20.04074 -7.226088 -7.188725 -5.3503895 1260089023095
228.14209 96.80912 -20.538702 -7.226088 -7.188725 -5.3503895 1260089023100
228.14209 96.80912 -20.538702 -7.472251 -7.1357465 -4.093352 1260089023107
233.73499 92.51866 -20.761766 -7.472251 -7.1357465 -4.093352 1260089023119
233.73499 92.51866 -20.761766 -7.6918044 -7.052728 -2.6226728 1260089023122
239.14824 88.59273 -20.923677 -7.6918044 -7.052728 -2.6226728 1260089023134
239.14824 88.59273 -20.923677 -7.8418126 -7.023575 -1.3304045 1260089023143
244.24083 85.36309 -21.127493 -7.8418126 -7.023575 -1.3304045 1260089023154
244.24083 85.36309 -21.127493 -7.9012365 -7.102799 -0.41806072 1260089023157
249.12878 83.34493 -21.471119 -7.9012365 -7.102799 -0.41806072 1260089023176
249.12878 83.34493 -21.471119 -7.829658 -7.2386727 -0.02191709 1260089023179
254.22235 85.127686 -21.197563 -7.829658 -7.2386727 -0.02191709 1260089023199
254.22235 85.127686 -21.197563 -7.6002574 -7.3895454 -0.2619014 1260089023203
255.61124 88.2213 -20.037685 -7.6002574 -7.3895454 -0.2619014 1260089023213
255.61124 88.2213 -20.037685 -7.187556 -7.481117 -0.95774543 1260089023219
257.28067 91.810234 -18.485802 -7.187556 -7.481117 -0.95774543 1260089023234
257.28067 91.810234 -18.485802 -6.603442 -7.512947 -2.0062962 1260089023237
259.91663 95.46972 -16.861511 -6.603442 -7.512947 -2.0062962 1260089023257
259.91663 95.46972 -16.861511 -5.9232273 -7.5179887 -3.2346463 1260089023260
262.6708 98.89623 -15.168436 -5.9232273 -7.5179887 -3.2346463 1260089023274
262.6708 98.89623 -15.168436 -5.230033 -7.5146055 -4.3075986 1260089023279
264.28726 101.85142 -13.510015 -5.230033 -7.5146055 -4.3075986 1260089023293
264.28726 101.85142 -13.510015 -4.615764 -7.5692782 -5.1110206 1260089023297
264.7729 104.35885 -11.984514 -4.615764 -7.5692782 -5.1110206 1260089023316
264.7729 104.35885 -11.984514 -4.1214223 -7.6157694 -5.5977783 1260089023320
264.63425 106.14091 -10.385288 -4.1214223 -7.6157694 -5.5977783 1260089023339
264.63425 106.14091 -10.385288 -3.7267094 -7.580257 -5.691768 1260089023342
251.50253 106.633865 -8.566024 -3.7267094 -7.580257 -5.691768 1260089023354
251.50253 106.633865 -8.566024 -3.3966792 -7.4940815 -5.4242053 1260089023359
239.7774 103.20217 -6.6877227 -3.3966792 -7.4940815 -5.4242053 1260089023373
239.7774 103.20217 -6.6877227 -3.0742972 -7.3134675 -4.9548187 1260089023377
228.83853 98.992065 -5.1033363 -3.0742972 -7.3134675 -4.9548187 1260089023397
228.83853 98.992065 -5.1033363 -2.7462418 -7.0785494 -4.364526 1260089023401
218.3966 94.74246 -3.4981694 -2.7462418 -7.0785494 -4.364526 1260089023414
218.3966 94.74246 -3.4981694 -2.417564 -6.8247313 -3.7765071 1260089023419
208.22678 90.305336 -1.6732609 -2.417564 -6.8247313 -3.7765071 1260089023434
208.22678 90.305336 -1.6732609 -2.0916994 -6.520951 -3.275776 1260089023444
