296.52853 26.769497 34.374397 4.9915376 -3.9300256 6.247825 1260088953157
296.52853 26.769497 34.374397 4.991213 -3.954855 6.090706 1260088953166
294.8021 27.681023 34.85568 4.991213 -3.954855 6.090706 1260088953169
294.8021 27.681023 34.85568 5.0242743 -4.0417776 5.8283935 1260088953175
293.162 28.596972 35.262894 5.0242743 -4.0417776 5.8283935 1260088953178
293.162 28.596972 35.262894 5.02027 -4.0998373 5.571706 1260088953185
291.60388 29.467123 35.69975 5.02027 -4.0998373 5.571706 1260088953188
291.60388 29.467123 35.69975 5.0164657 -4.15227 5.31968 1260088953193
291.27368 29.743767 36.66476 5.0164657 -4.15227 5.31968 1260088953198
291.27368 29.743767 36.66476 5.097979 -4.176883 5.085023 1260088953207
292.46 29.506578 37.581524 5.097979 -4.176883 5.085023 1260088953210
292.46 29.506578 37.581524 5.1590724 -4.131483 4.9751472 1260088953214
293.487 29.28125 38.50245 5.1590724 -4.131483 4.9751472 1260088953218
293.487 29.28125 38.50245 5.274997 -4.116275 4.890515 1260088953224
294.61264 29.017187 39.427326 5.274997 -4.116275 4.890515 1260088953228
294.61264 29.017187 39.427326 5.4300733 -4.118171 4.8291826 1260088953233
295.732 28.916328 40.10596 5.4300733 -4.118171 4.8291826 1260088953236
295.732 28.916328 40.10596 5.5501547 -4.133593 4.7879424 1260088953239
296.9954 28.720512 40.800663 5.5501547 -4.133593 4.7879424 1260088953247
296.9954 28.720512 40.800663 5.7200756 -4.1645885 4.773962 1260088953251
298.24564 28.534487 41.46063 5.7200756 -4.1645885 4.773962 1260088953285
298.24564 28.534487 41.46063 5.953007 -4.230128 4.7960935 1260088953292
299.73337 28.107763 42.337597 5.953007 -4.230128 4.7960935 1260088953296
299.73337 28.107763 42.337597 6.2689533 -4.267874 4.8334627 1260088953304
300.9467 27.752375 43.270718 6.2689533 -4.267874 4.8334627 1260088953307
300.9467 27.752375 43.270718 6.6671686 -4.3445935 4.8533 1260088953313
301.99936 27.514755 44.20718 6.6671686 -4.3445935 4.8533 1260088953316
301.99936 27.514755 44.20718 7.0870156 -4.4562955 4.833328 1260088953319
302.9994 27.239017 45.246822 7.0870156 -4.4562955 4.833328 1260088953327
302.9994 27.239017 45.246822 7.4933615 -4.551516 4.7557864 1260088953329
303.5494 27.177067 46.13448 7.4933615 -4.551516 4.7557864 1260088953333
303.5494 27.177067 46.13448 7.7847285 -4.655596 4.6153827 1260088953338
303.92194 27.018213 47.127754 7.7847285 -4.655596 4.6153827 1260088953350
303.92194 27.018213 47.127754 7.9123845 -4.649595 4.408449 1260088953354
304.72583 34.067303 48.571365 7.9123845 -4.649595 4.408449 1260088953359
304.72583 34.067303 48.571365 7.8831525 -4.498156 4.150571 1260088953365
306.13953 23.663939 49.292797 7.8831525 -4.498156 4.150571 1260088953371
306.13953 23.663939 49.292797 7.6660595 -4.2528176 3.853148 1260088953374
296.38254 15.630742 46.828156 7.6660595 -4.2528176 3.853148 1260088953377
296.38254 15.630742 46.828156 7.2820754 -3.9400673 3.554252 1260088953384
291.4634 7.499205 41.786747 7.2820754 -3.9400673 3.554252 1260088953390
291.4634 7.499205 41.786747 6.730692 -3.6177566 3.328187 1260088953398
278.34024 6.4742446 35.99741 6.730692 -3.6177566 3.328187 1260088953406
278.34024 6.4742446 35.99741 6.040028 -3.3531036 3.218302 1260088953409
266.07324 6.0505323 30.547539 6.040028 -3.3531036 3.218302 1260088953416
266.07324 6.0505323 30.547539 5.27834 -3.1704662 3.1969955 1260088953428
254.41959 6.098006 25.670162 5.27834 -3.1704662 3.1969955 1260088953434
254.41959 6.098006 25.670162 4.5574603 -3.0684674 3.2182963 1260088953443
243.8986 7.193105 22.036654 4.5574603 -3.0684674 3.2182963 1260088953447
243.8986 7.193105 22.036654 4.07012 -3.0812123 3.2276359 1260088953452
236.20367 10.18345 21.88482 4.07012 -3.0812123 3.2276359 1260088953466
236.20367 10.18345 21.88482 3.9885159 -3.2669795 3.139804 1260088953469
237.54349 16.524277 23.09058 3.9885159 -3.2669795 3.139804 1260088953488
237.54349 16.524277 23.09058 4.37817 -3.6579785 2.9038157 1260088953492
240.06631 22.948063 24.586052 4.37817 -3.6579785 2.9038157 1260088953503
240.06631 22.948063 24.586052 5.1542277 -4.199682 2.5332081 1260088953513
242.813 29.20066 26.106749 5.1542277 -4.199682 2.5332081 1260088953523
242.813 29.20066 26.106749 6.1529937 -4.7912555 2.070125 1260088953527
245.52235 35.240627 27.651411 6.1529937 -4.7912555 2.070125 1260088953546
245.52235 35.240627 27.651411 7.14132 -5.317837 1.5947833 1260088953549
248.24623 41.078594 29.21884 7.14132 -5.317837 1.5947833 1260088953569
248.24623 41.078594 29.21884 7.9045277 -5.656008 1.2174395 1260088953573
250.63393 46.674664 30.757898 7.9045277 -5.656008 1.2174395 1260088953583
250.63393 46.674664 30.757898 8.340142 -5.8145065 0.95907253 1260088953586
251.55223 51.64093 31.920004 8.340142 -5.8145065 0.95907253 1260088953605
251.55223 51.64093 31.920004 8.361711 -5.824791 0.8048802 1260088953608
244.57462 54.058884 30.774004 8.361711 -5.824791 0.8048802 1260088953627
244.57462 54.058884 30.774004 7.9654174 -5.669755 0.75782603 1260088953630
233.64589 51.20594 25.535303 7.9654174 -5.669755 0.75782603 1260088953644
233.64589 51.20594 25.535303 7.2518353 -5.368561 0.80710495 1260088953649
223.41359 47.995644 20.858538 7.2518353 -5.368561 0.80710495 1260088953663
223.41359 47.995644 20.858538 6.3709893 -4.9721017 0.93428 1260088953667
213.79291 44.895863 16.56561 6.3709893 -4.9721017 0.93428 1260088953686
213.79291 44.895863 16.56561 5.4980917 -4.573673 1.0911902 1260088953689
204.80327 42.20107 12.787331 5.4980917 -4.573673 1.0911902 1260088953873
204.80327 42.20107 12.787331 4.8384123 -4.2721205 1.2511512 1260088953885
197.4131 42.191017 12.1479645 4.8384123 -4.2721205 1.2511512 1260088953890
197.4131 42.191017 12.1479645 4.5958104 -4.1756496 1.32003 1260088953894
201.24245 47.23147 14.090567 4.5958104 -4.1756496 1.32003 1260088953897
201.24245 47.23147 14.090567 4.8577147 -4.35028 1.1334884 1260088953904
205.83032 52.269894 16.136038 4.8577147 -4.35028 1.1334884 1260088953908
205.83032 52.269894 16.136038 5.5348835 -4.730699 0.8207514 1260088953914
210.5888 57.206398 18.179235 5.5348835 -4.730699 0.8207514 1260088953917
210.5888 57.206398 18.179235 6.4839706 -5.19425 0.41060245 1260088953925
215.25937 61.99608 20.220274 6.4839706 -5.19425 0.41060245 1260088953928
215.25937 61.99608 20.220274 7.441447 -5.615555 0.029133093 1260088953931
220.2464 66.54627 22.309261 7.441447 -5.615555 0.029133093 1260088953935
220.2464 66.54627 22.309261 8.153554 -5.883677 -0.109208055 1260088953940
225.48409 70.91896 24.393799 8.153554 -5.883677 -0.109208055 1260088953949
225.48409 70.91896 24.393799 8.509977 -5.9592857 -0.10783376 1260088953952
215.55988 68.82301 25.87411 8.509977 -5.9592857 -0.10783376 1260088953956
215.55988 68.82301 25.87411 8.414772 -5.8581357 0.034442425 1260088953964
207.53188 65.58186 23.480404 8.414772 -5.8581357 0.034442425 1260088953975
207.53188 65.58186 23.480404 7.8823466 -5.5883837 0.31329948 1260088953978
199.90529 61.65277 19.856384 7.8823466 -5.5883837 0.31329948 1260088953986
199.90529 61.65277 19.856384 7.033991 -5.172761 0.66947 1260088953989
192.81003 57.67013 16.163565 7.033991 -5.172761 0.66947 1260088953995
192.81003 57.67013 16.163565 6.0387297 -4.6737237 1.0357537 1260088953998
185.91953 53.936626 12.405386 6.0387297 -4.6737237 1.0357537 1260088954006
185.91953 53.936626 12.405386 5.0905075 -4.2132587 1.3033632 1260088954010
178.67355 50.539795 8.485117 5.0905075 -4.2132587 1.3033632 1260088954014
178.67355 50.539795 8.485117 4.3762956 -3.8827367 1.4030013 1260088954019
171.73987 55.112804 5.9608607 4.3762956 -3.8827367 1.4030013 1260088954032
171.73987 55.112804 5.9608607 4.0648623 -3.772365 1.2763268 1260088954035
175.10287 59.757164 7.862818 4.0648623 -3.772365 1.2763268 1260088954043
175.10287 59.757164 7.862818 4.247756 -3.8793085 0.93737936 1260088954046
180.24773 64.419304 10.119677 4.247756 -3.8793085 0.93737936 1260088954052
180.24773 64.419304 10.119677 4.858037 -4.149116 0.46555552 1260088954055
186.08534 68.94834 12.463693 4.858037 -4.149116 0.46555552 1260088954060
186.08534 68.94834 12.463693 5.7660546 -4.509629 -0.032391384 1260088954071
192.43108 73.30093 14.940508 5.7660546 -4.509629 -0.032391384 1260088954074
192.43108 73.30093 14.940508 6.7675986 -4.8820806 -0.34472084 1260088954079
199.25952 77.33588 17.393482 6.7675986 -4.8820806 -0.34472084 1260088954089
199.25952 77.33588 17.393482 7.618956 -5.2277374 -0.3397431 1260088954094
207.24655 74.86908 19.473808 7.618956 -5.2277374 -0.3397431 1260088954106
207.24655 74.86908 19.473808 8.194157 -5.4818807 -0.07214155 1260088954114
198.53423 72.625626 20.950117 8.194157 -5.4818807 -0.07214155 1260088954124
198.53423 72.625626 20.950117 8.4068985 -5.616397 0.29785287 1260088954127
191.70752 70.74435 21.40261 8.4068985 -5.616397 0.29785287 1260088954142
191.70752 70.74435 21.40261 8.216738 -5.603898 0.58601296 1260088954149
184.77214 68.257126 18.33248 8.216738 -5.603898 0.58601296 1260088954164
184.77214 68.257126 18.33248 7.663568 -5.404744 0.70721716 1260088954171
176.38353 64.14427 13.665855 7.663568 -5.404744 0.70721716 1260088954187
176.38353 64.14427 13.665855 6.837047 -5.025544 0.70931226 1260088954194
184.91435 53.08706 9.632563 6.837047 -5.025544 0.70931226 1260088954205
184.91435 53.08706 9.632563 5.8911324 -4.5168424 0.65001106 1260088954208
189.81863 42.882706 6.1009345 5.8911324 -4.5168424 0.65001106 1260088954223
189.81863 42.882706 6.1009345 5.014306 -3.967517 0.57188237 1260088954230
190.3277 33.63857 3.2458878 5.014306 -3.967517 0.57188237 1260088954245
190.3277 33.63857 3.2458878 4.459857 -3.5287418 0.49221194 1260088954252
195.2613 39.90664 6.0835934 4.459857 -3.5287418 0.49221194 1260088954263
195.2613 39.90664 6.0835934 4.4364023 -3.43607 0.39132738 1260088954266
201.34824 45.061306 8.429414 4.4364023 -3.43607 0.39132738 1260088954287
201.34824 45.061306 8.429414 4.9092197 -3.7825208 0.36495084 1260088954290
208.38083 44.65824 10.657943 4.9092197 -3.7825208 0.36495084 1260088954303
208.38083 44.65824 10.657943 5.76224 -4.4174256 0.45021793 1260088954310
215.06178 44.22533 12.825046 5.76224 -4.4174256 0.45021793 1260088954327
215.06178 44.22533 12.825046 6.770104 -5.1384015 0.6061336 1260088954334
221.5587 43.714066 14.933793 6.770104 -5.1384015 0.6061336 1260088954344
221.5587 43.714066 14.933793 7.5995436 -5.6748667 0.7903474 1260088954347
227.98076 42.87836 17.237103 7.5995436 -5.6748667 0.7903474 1260088954367
227.98076 42.87836 17.237103 8.123277 -5.8603444 0.907464 1260088954370
234.03172 41.63444 19.875248 8.123277 -5.8603444 0.907464 1260088954388
234.03172 41.63444 19.875248 8.234005 -5.7389436 0.94108886 1260088954392
224.93013 38.05272 20.031485 8.234005 -5.7389436 0.94108886 1260088954404
224.93013 38.05272 20.031485 7.874743 -5.384576 1.0002731 1260088954407
217.18362 34.500084 16.87991 7.874743 -5.384576 1.0002731 1260088954426
217.18362 34.500084 16.87991 7.1520743 -4.852474 1.1811243 1260088954430
209.67444 31.37508 13.535914 7.1520743 -4.852474 1.1811243 1260088954444
209.67444 31.37508 13.535914 6.217649 -4.2591267 1.4550856 1260088954451
202.29071 28.706326 10.209119 6.217649 -4.2591267 1.4550856 1260088954470
202.29071 28.706326 10.209119 5.2884026 -3.7533329 1.7432706 1260088954635
194.62617 26.67101 6.748663 5.2884026 -3.7533329 1.7432706 1260088954648
194.62617 26.67101 6.748663 4.6228633 -3.4655566 1.8787998 1260088954654
191.79486 31.337458 7.21123 4.6228633 -3.4655566 1.8787998 1260088954657
191.79486 31.337458 7.21123 4.4523306 -3.4781966 1.6976895 1260088954660
194.10512 37.170586 9.050669 4.4523306 -3.4781966 1.6976895 1260088954668
194.10512 37.170586 9.050669 4.801769 -3.740138 1.2239442 1260088954672
197.79987 42.962055 11.148135 4.801769 -3.740138 1.2239442 1260088954678
197.79987 42.962055 11.148135 5.562776 -4.13472 0.58864933 1260088954684
202.05988 48.513954 13.340729 5.562776 -4.13472 0.58864933 1260088954689
202.05988 48.513954 13.340729 6.4662023 -4.556563 0.023937175 1260088954694
206.50688 53.638256 15.573692 6.4662023 -4.556563 0.023937175 1260088954697
206.50688 53.638256 15.573692 7.1324105 -4.8994274 -0.2360463 1260088954705
198.03154 52.706345 17.495008 7.1324105 -4.8994274 -0.2360463 1260088954708
198.03154 52.706345 17.495008 7.334224 -5.046722 -0.10915204 1260088954714
190.92996 50.87103 17.020258 7.334224 -5.046722 -0.10915204 1260088954717
190.92996 50.87103 17.020258 7.0308475 -4.927865 0.34850112 1260088954726
184.08347 47.777477 14.769245 7.0308475 -4.927865 0.34850112 1260088954729
184.08347 47.777477 14.769245 6.3701234 -4.5561647 0.89427745 1260088954732
177.62929 44.288605 12.130783 6.3701234 -4.5561647 0.89427745 1260088954740
177.62929 44.288605 12.130783 5.6641183 -4.0879574 1.2854147 1260088954751
171.64783 40.424175 10.024244 5.6641183 -4.0879574 1.2854147 1260088954754
171.64783 40.424175 10.024244 5.2746735 -3.7664244 1.3634766 1260088954759
177.26544 46.602966 12.223032 5.2746735 -3.7664244 1.3634766 1260088954766
177.26544 46.602966 12.223032 5.3943524 -3.7115827 1.0474125 1260088954772
182.45216 52.27282 14.31188 5.3943524 -3.7115827 1.0474125 1260088954775
182.45216 52.27282 14.31188 5.9752254 -3.8876238 0.5040284 1260088954778
187.82956 57.559177 16.496286 5.9752254 -3.8876238 0.5040284 1260088954786
187.82956 57.559177 16.496286 6.7776694 -4.17336 -0.0067384336 1260088954790
193.48808 62.53122 18.821472 6.7776694 -4.17336 -0.0067384336 1260088954797
193.48808 62.53122 18.821472 7.4868717 -4.4339128 -0.28153256 1260088954808
183.96368 60.85466 20.930399 7.4868717 -4.4339128 -0.28153256 1260088954811
183.96368 60.85466 20.930399 7.8296394 -4.612655 -0.21365555 1260088954815
177.8655 59.26193 21.23388 7.8296394 -4.612655 -0.21365555 1260088954820
177.8655 59.26193 21.23388 7.690815 -4.653067 0.20495665 1260088954829
171.97221 56.798832 19.472185 7.690815 -4.653067 0.20495665 1260088954835
171.97221 56.798832 19.472185 7.146916 -4.5375485 0.8437184 1260088954845
166.3736 53.90889 16.848576 7.146916 -4.5375485 0.8437184 1260088954852
166.3736 53.90889 16.848576 6.3353314 -4.298413 1.5057045 1260088954855
160.95491 50.863445 13.906147 6.3353314 -4.298413 1.5057045 1260088954864
160.95491 50.863445 13.906147 5.4533205 -3.9806585 2.0596793 1260088954867
155.45717 48.02027 10.710839 5.4533205 -3.9806585 2.0596793 1260088954884
155.45717 48.02027 10.710839 4.690322 -3.7196531 2.3591766 1260088954891
148.5843 46.069256 6.525297 4.690322 -3.7196531 2.3591766 1260088954911
148.5843 46.069256 6.525297 4.1575203 -3.5820227 2.3174918 1260088954914
145.4551 51.215794 5.7490325 4.1575203 -3.5820227 2.3174918 1260088954923
145.4551 51.215794 5.7490325 3.898568 -3.577262 1.921038 1260088954926
147.58234 56.405003 6.2115808 3.898568 -3.577262 1.921038 1260088954946
147.58234 56.405003 6.2115808 3.8670838 -3.6694438 1.2788101 1260088954949
151.05322 61.33475 7.001002 3.8670838 -3.6694438 1.2788101 1260088954967
151.05322 61.33475 7.001002 3.9454556 -3.7951536 0.61625534 1260088954971
153.05057 65.168015 7.8509517 3.9454556 -3.7951536 0.61625534 1260088954983
153.05057 65.168015 7.8509517 3.9892628 -4.000386 0.21088299 1260088954986
147.99805 65.25961 8.208405 3.9892628 -4.000386 0.21088299 1260088955005
147.99805 65.25961 8.208405 3.925322 -4.299553 0.35969692 1260088955007
142.29814 63.896633 8.1479845 3.925322 -4.299553 0.35969692 1260088955026
142.29814 63.896633 8.1479845 3.8393807 -4.630751 1.0377119 1260088955029
136.58324 62.3018 8.390585 3.8393807 -4.630751 1.0377119 1260088955049
136.58324 62.3018 8.390585 3.9164135 -5.014172 1.9474229 1260088955052
130.75407 60.78671 9.421056 3.9164135 -5.014172 1.9474229 1260088955063
130.75407 60.78671 9.421056 4.3375945 -5.4301796 2.7421844 1260088955067
142.11636 59.347374 11.450003 4.3375945 -5.4301796 2.7421844 1260088955085
142.11636 59.347374 11.450003 5.0938888 -5.83424 3.0824683 1260088955088
151.31055 63.880005 13.877502 5.0938888 -5.83424 3.0824683 1260088955107
151.31055 63.880005 13.877502 6.071155 -6.242614 2.9017851 1260088955110
159.29501 68.436005 16.183628 6.071155 -6.242614 2.9017851 1260088955123
159.29501 68.436005 16.183628 7.118736 -6.597199 2.3487666 1260088955132
166.58026 72.9642 18.224447 7.118736 -6.597199 2.3487666 1260088955143
166.58026 72.9642 18.224447 8.036302 -6.7971706 1.6102403 1260088955147
173.45125 77.51599 20.063225 8.036302 -6.7971706 1.6102403 1260088955166
173.45125 77.51599 20.063225 8.752036 -6.8271046 0.8364526 1260088955170
179.6287 81.99019 21.610064 8.752036 -6.8271046 0.8364526 1260088955189
179.6287 81.99019 21.610064 9.190223 -6.7377257 0.12382786 1260088955192
184.64726 86.19068 22.62956 9.190223 -6.7377257 0.12382786 1260088955203
184.64726 86.19068 22.62956 9.283698 -6.594929 -0.4673575 1260088955209
186.6149 89.73115 22.748083 9.283698 -6.594929 -0.4673575 1260088955224
186.6149 89.73115 22.748083 9.052422 -6.472893 -0.88801295 1260088955405
