281.839 13.28567 24.018494 1260088962263
282.09705 13.971387 25.21757 1260088962272
282.4422 14.672817 26.55669 1260088962280
283.4201 15.339176 27.828856 1260088962293
285.4491 15.772218 29.237413 1260088962299
288.27664 15.833607 30.875544 1260088962309
274.5628 14.141927 32.581768 1260088962318
266.28467 7.5848303 29.75268 1260088962330
259.27045 0.60558885 26.215046 1260088962338
252.15692 -6.624691 22.204294 1260088962370
241.54907 -7.4934564 17.794079 1260088962387
230.32162 -7.3687835 12.854375 1260088962393
223.25554 -3.2003443 12.561656 1260088962407
219.29276 -0.64032704 14.033573 1260088962414
223.57811 6.2916894 15.7318945 1260088962425
227.5992 13.077105 17.4953 1260088962436
231.51924 19.773249 19.270535 1260088962450
234.94328 26.384586 21.007008 1260088962458
238.14612 32.915356 22.656658 1260088962470
240.53882 39.169586 24.073826 1260088962488
240.51187 44.811108 24.770134 1260088962497
229.38628 50.270554 20.881628 1260088962516
219.41696 47.407024 16.387547 1260088962528
210.54611 44.48667 12.618169 1260088962543
202.1188 41.712337 9.237261 1260088962566
194.16286 39.276722 6.525398 1260088962583
187.10472 39.112885 6.499128 1260088962602
192.24948 44.10724 8.624171 1260088962625
197.38701 49.201878 10.792963 1260088962644
202.56766 54.191784 12.953315 1260088962666
207.48927 58.882195 15.005649 1260088962687
211.96481 63.288086 17.005365 1260088962711
215.91658 61.973682 18.805098 1260088962724
208.77075 61.425 18.914843 1260088962909
200.63222 58.05375 15.619101 1260088962920
192.8506 54.101063 12.138145 1260088962932
185.45807 50.19601 8.681238 1260088962943
178.03517 46.68621 5.1971765 1260088962952
175.53342 50.4019 4.8373175 1260088962959
178.85675 54.881805 6.5954514 1260088962971
183.6139 59.337715 8.665679 1260088962979
188.88321 63.62083 10.832396 1260088962993
194.23904 67.58979 12.940776 1260088963009
201.27708 66.1603 14.493737 1260088963016
193.26323 64.052284 14.319051 1260088963027
185.95007 60.64967 12.353098 1260088963036
179.00256 56.567184 9.685443 1260088963049
172.40244 52.388824 6.701171 1260088963064
165.48232 48.369385 3.4661124 1260088963073
164.4582 53.250916 3.3428068 1260088963086
168.2853 57.83837 5.0256667 1260088963098
173.17104 62.29645 7.0243835 1260088963111
178.31248 66.53163 9.123164 1260088963129
183.49686 70.45505 11.267006 1260088963143
189.572 69.032295 13.053656 1260088963164
182.3434 67.48068 13.500973 1260088963186
175.72623 64.506645 12.075924 1260088963203
169.48991 60.631313 9.722128 1260088963224
163.71542 56.349747 6.9860215 1260088963244
158.12965 51.982258 3.9867203 1260088963268
165.82317 40.433144 2.1873844 1260088963284
169.132 45.961487 3.7280152 1260088963304
173.82541 51.31341 5.6916146 1260088963326
179.03413 56.447742 7.807034 1260088963342
184.13243 61.225357 9.966682 1260088963364
188.37581 65.46409 12.068349 1260088963384
182.35703 64.49088 13.114931 1260088963407
175.78917 61.116337 11.109184 1260088963423
169.6997 57.16052 8.603725 1260088963444
163.81473 53.20249 6.073539 1260088963464
157.924 49.792366 3.769862 1260088963489
152.4778 49.002747 3.2313688 1260088963665
146.40392 49.30261 4.7698 1260088963676
154.78372 53.58748 6.78131 1260088963688
162.54454 57.958103 8.942245 1260088963697
169.61731 62.210197 11.095133 1260088963708
177.18645 60.89969 13.190376 1260088963717
170.27713 59.554703 14.480858 1260088963729
164.71327 57.526966 13.756815 1260088963738
159.5776 54.65062 11.868974 1260088963751
154.94873 51.51809 9.525525 1260088963766
150.60129 48.292183 6.949249 1260088963776
146.32123 45.277573 4.351786 1260088963786
141.70517 49.163692 2.484197 1260088963793
143.96991 53.95551 3.809987 1260088963811
148.42142 58.957733 5.4694877 1260088963820
153.50035 63.909847 7.1960135 1260088963832
158.92534 68.814354 8.986213 1260088963847
163.97906 73.47363 10.936902 1260088963856
160.2801 71.89995 12.640057 1260088963870
155.8661 67.85495 10.308054 1260088963890
151.9228 63.812202 7.792651 1260088963903
148.17667 59.971592 5.1530185 1260088963924
143.71783 56.623013 2.1953676 1260088963944
137.93195 54.541862 -0.8144009 1260088963963
133.38535 54.61477 -2.023681 1260088963985
129.71608 55.28403 -1.3724968 1260088964006
125.28027 54.76983 0.49612808 1260088964028
120.16626 53.881336 2.7713215 1260088964043
114.70795 52.93727 5.1827555 1260088964066
126.92255 51.940407 7.7236176 1260088964084
137.77641 56.643387 10.137437 1260088964103
147.18759 61.26122 12.330565 1260088964124
155.37822 65.898155 14.314037 1260088964146
162.30931 70.45325 16.048336 1260088964168
167.54384 74.68059 17.495918 1260088964183
170.26665 78.34656 18.471123 1260088964204
168.90332 80.62923 18.447567 1260088964226
164.65816 80.34776 16.875189 1260088964250
160.17525 78.580376 14.481429 1260088964435
156.11649 76.15136 12.107358 1260088964449
152.41066 73.49379 10.00199 1260088964505
148.89012 70.9191 8.30189 1260088964517
145.69562 68.623146 7.4367957 1260088964531
143.21083 66.24199 8.964956 1260088964539
136.8003 62.82989 12.816709 1260088964551
147.71028 51.388397 15.975873 1260088964560
142.47476 47.96898 18.72708 1260088964572
139.50102 44.97053 20.640726 1260088964578
137.22597 42.572006 21.80869 1260088964592
135.16467 40.543407 22.668255 1260088964609
133.25644 38.716236 23.584843 1260088964617
131.59361 37.080425 24.805601 1260088964626
130.06393 35.476402 26.315321 1260088964635
128.61073 33.80258 28.049555 1260088964646
127.230194 32.112453 29.997078 1260088964655
125.668686 30.25683 32.147224 1260088964668
123.48525 28.29399 34.489864 1260088964675
133.611 18.37929 36.71537 1260088964692
140.13045 8.810325 38.5796 1260088964700
145.17392 -0.63019156 40.00062 1260088964715
148.66522 7.901318 41.00059 1260088964728
150.38196 15.3062525 41.55056 1260088964737
150.41286 21.34094 41.47303 1260088964750
148.99222 23.623894 40.44938 1260088964770
146.89261 24.5927 38.27691 1260088964783
144.64798 24.363064 35.613064 1260088964806
142.31558 24.09491 32.882412 1260088964823
139.89981 24.090164 30.13829 1260088964851
137.30482 24.335655 27.381376 1260088964864
134.58958 24.668873 24.812307 1260088964887
131.7601 24.88543 22.521692 1260088964908
128.8721 25.141157 20.645607 1260088964923
126.028496 25.584099 19.413326 1260088964945
123.32707 26.404894 18.89266 1260088964967
120.86072 27.48465 18.948027 1260088964989
118.71768 28.610416 19.500626 1260088965003
116.9318 29.779896 20.325594 1260088965175
116.08521 34.7909 21.309315 1260088965189
116.73095 39.901356 22.393848 1260088965198
119.5444 45.256287 23.424156 1260088965210
124.66718 50.993473 24.302948 1260088965219
131.93382 57.0938 25.1378 1260088965231
142.08713 45.839108 26.03091 1260088965237
136.88277 36.397152 27.279366 1260088965249
133.13863 32.377293 28.015398 1260088965258
129.8817 28.608427 28.264627 1260088965272
126.63761 25.328005 28.601397 1260088965291
122.90573 22.311605 29.371326 1260088965300
119.06045 19.796024 30.25276 1260088965309
114.907425 17.906223 31.390121 1260088965319
