282.82843 10.36221 19.516237 1260088957612
284.28702 10.8941 19.840425 1260088957620
286.42267 11.449395 20.248404 1260088957656
288.50153 12.126925 20.985983 1260088957669
291.07645 12.620579 22.036684 1260088957684
293.82263 12.88955 23.48485 1260088957696
296.3815 12.745072 25.560608 1260088957714
298.86243 11.857819 28.432577 1260088957727
284.5693 3.8149273 29.610949 1260088957743
273.34085 -2.875819 29.230402 1260088957763
265.0238 -8.832028 27.668882 1260088957786
258.9226 -14.590427 25.135439 1260088957805
256.62646 -21.110907 21.228666 1260088957824
245.39514 -19.105362 17.117233 1260088957844
236.32538 -14.950094 16.261372 1260088957864
227.85912 -11.302589 16.948303 1260088957882
233.61617 -4.03746 18.300888 1260088957904
237.28535 3.4644134 19.935844 1260088957926
240.8711 11.091193 21.639051 1260088957942
244.37753 18.686634 23.157099 1260088957962
247.80865 26.102303 24.649244 1260088957982
250.41823 33.147186 26.016783 1260088958004
249.39732 38.939827 26.615944 1260088958022
238.77745 37.542835 22.485147 1260088958047
228.83858 35.565693 18.56089 1260088958062
219.44666 33.537407 14.882846 1260088958082
210.47432 31.710537 11.388703 1260088958102
201.9506 30.72501 8.569268 1260088958122
195.35307 32.38876 8.990805 1260088958142
199.38542 37.76932 10.841265 1260088958162
204.36615 43.330856 12.849201 1260088958188
209.39784 48.814312 14.806742 1260088958365
214.32796 54.123596 16.666405 1260088958374
219.06155 59.117416 18.583084 1260088958385
223.60847 63.711544 20.55393 1260088958393
213.12805 62.42597 22.076233 1260088958399
205.32166 60.95467 21.27242 1260088958412
197.70557 58.05694 18.8088 1260088958424
190.57028 54.90409 16.01836 1260088958433
183.74176 51.858887 13.117442 1260088958446
177.05467 49.01594 10.01157 1260088958459
169.75194 46.765144 6.3609915 1260088958469
165.21434 51.676888 5.4429417 1260088958478
168.55362 56.993042 6.4707947 1260088958490
174.47594 62.44339 8.047255 1260088958510
181.05214 67.72122 9.944892 1260088958517
187.79953 72.58516 12.147647 1260088958533
194.75955 76.8059 14.6402645 1260088958547
185.87157 74.71561 16.65825 1260088958556
179.37799 73.07983 17.52534 1260088958572
173.3091 71.02583 16.999073 1260088958587
167.29364 67.42454 14.49912 1260088958604
161.92896 62.80331 11.174164 1260088958624
158.18251 58.013145 7.9154553 1260088958644
155.12338 53.31249 4.9196825 1260088958663
150.36722 49.046864 4.9236984 1260088958687
143.04886 53.79452 7.3775134 1260088958704
153.39641 58.204796 9.608638 1260088958726
162.7266 62.444557 11.778206 1260088958743
171.24026 66.52233 13.839295 1260088958766
178.62825 70.39622 15.797331 1260088958784
183.99684 74.3764 17.807465 1260088958803
176.947 62.507584 17.667091 1260088958827
176.44966 52.532204 14.433737 1260088958844
173.52718 47.855595 11.26205 1260088958870
168.85081 43.612816 8.248947 1260088958883
162.30827 40.932175 5.2865 1260088958906
163.49286 45.585567 7.172175 1260088958928
169.06822 50.35629 9.213566 1260088958943
175.3648 55.088474 11.352888 1260088959135
181.74657 59.68405 13.585243 1260088959146
189.05923 64.14985 15.855981 1260088959154
181.75627 62.392357 17.613182 1260088959165
175.71846 59.872738 16.782522 1260088959174
170.03253 56.9291 14.643396 1260088959185
164.6309 54.032646 12.061227 1260088959195
159.29936 51.381012 9.258165 1260088959205
153.2844 49.61196 5.895257 1260088959212
155.42018 54.781364 6.800494 1260088959230
161.94917 60.592297 8.510469 1260088959239
168.90172 66.212685 10.384946 1260088959251
175.50664 71.45205 12.465698 1260088959258
180.6313 76.12945 14.542414 1260088959268
175.99974 74.77297 15.6152935 1260088959279
170.29976 72.034325 13.684529 1260088959289
164.73477 68.732605 11.200303 1260088959303
159.24803 65.39597 8.490288 1260088959314
153.38564 62.526173 5.5657735 1260088959327
147.56636 60.499863 3.037485 1260088959346
142.53804 59.774868 2.0356107 1260088959363
137.76114 59.486126 3.2338302 1260088959383
131.27309 58.66182 5.3721385 1260088959404
141.65944 62.828728 7.7035317 1260088959427
150.82646 66.98729 9.968355 1260088959447
159.18513 71.137924 12.119938 1260088959463
166.87589 75.38103 14.163941 1260088959485
173.98209 79.76198 15.955745 1260088959507
180.08298 84.07388 17.307957 1260088959529
184.12883 88.120186 17.942558 1260088959544
181.87239 91.264175 17.295431 1260088959564
175.12877 93.450966 14.630659 1260088959588
169.02232 90.77842 11.649126 1260088959603
163.57121 87.9395 9.11667 1260088959624
158.64265 85.04253 7.0608363 1260088959647
154.11052 82.1904 5.4077945 1260088959669
