298.31046 3.173333 42.864414 1260089021350
298.74493 3.4646664 43.221195 1260089021359
299.05768 3.9414332 43.710136 1260089021392
299.1548 4.594362 44.37463 1260089021408
298.99704 5.4646435 45.1559 1260089021419
298.54718 6.5414114 45.898106 1260089021432
297.56982 7.9643407 46.3032 1260089021450
296.49133 9.416123 46.63804 1260089021457
295.56677 10.795318 46.95614 1260089021474
294.48843 17.255552 47.10833 1260089021487
294.114 23.642775 47.502914 1260089021504
294.05832 24.210636 47.87777 1260089021523
293.7054 24.950104 48.033882 1260089021547
293.57013 30.802599 48.23219 1260089021565
293.3416 36.412468 48.420578 1260089021584
293.07452 41.691845 48.54955 1260089021604
293.2208 46.807255 48.82207 1260089021625
293.60974 51.666893 49.080967 1260089021643
293.97925 56.183548 49.226917 1260089021664
295.4803 55.024372 49.51557 1260089021687
297.55627 53.923153 49.589794 1260089021703
299.02847 53.526997 49.210304 1260089021732
297.07706 57.650646 48.149788 1260089021753
294.0232 62.468113 46.3923 1260089021772
291.17203 67.3447 44.472683 1260089021792
288.21344 72.277466 42.49905 1260089021812
285.20276 77.06359 40.524097 1260089021832
281.69263 81.61041 38.597893 1260089021852
277.408 85.72989 36.718 1260089021872
272.8876 89.1934 34.8821 1260089021892
259.44324 90.53373 32.987995 1260089021912
246.52107 88.75704 31.088594 1260089022098
252.14502 85.71919 29.184164 1260089022105
257.28778 82.433235 27.274956 1260089022116
261.8234 79.31158 25.311209 1260089022125
265.63223 76.645996 23.095648 1260089022137
269.0006 75.013695 20.240866 1260089022146
272.90057 78.41301 17.278822 1260089022157
262.25555 82.69236 15.06488 1260089022164
251.09277 87.30774 13.261637 1260089022180
239.03813 73.992355 11.648555 1260089022195
227.48622 61.292736 10.166127 1260089022204
218.41191 66.9281 8.807821 1260089022215
211.54132 71.7317 7.5174303 1260089022224
201.06425 75.39511 5.991559 1260089022240
207.96104 74.425354 3.991981 1260089022249
214.56299 72.10409 2.4923818 1260089022261
221.13484 69.14888 1.4177628 1260089022275
227.5281 66.14143 0.4468746 1260089022286
233.1517 63.43436 -0.67546916 1260089022299
238.19412 61.412643 -2.0916958 1260089022319
243.03441 60.742012 -3.987111 1260089022334
230.88269 64.654915 -5.2877555 1260089022355
224.33856 69.22217 -6.023368 1260089022377
218.02164 74.11106 -6.4721994 1260089022394
210.72055 78.955505 -6.9485893 1260089022413
203.83452 83.55773 -7.35116 1260089022436
197.9928 87.47984 -7.883602 1260089022459
205.79315 90.40585 -8.839422 1260089022474
212.0535 88.28556 -10.497451 1260089022494
218.00082 85.021286 -11.522578 1260089022517
223.90079 81.370224 -12.146449 1260089022534
229.55576 77.80171 -12.639127 1260089022553
234.87798 74.66163 -13.257171 1260089022575
239.83408 72.37855 -14.144312 1260089022599
244.64238 71.30962 -15.337096 1260089022614
250.21027 74.64414 -16.070242 1260089022634
242.39975 78.76193 -16.36673 1260089022657
233.97977 83.37383 -16.398394 1260089022672
223.73077 88.10514 -16.428474 1260089022879
214.64424 92.44988 -16.45705 1260089022888
206.76202 95.92739 -16.734198 1260089022899
213.37392 98.331024 -17.547487 1260089022908
219.15523 95.664474 -18.820112 1260089022921
224.74747 91.93125 -19.329107 1260089022929
230.51009 87.78469 -19.412651 1260089022941
236.38458 83.795456 -19.39202 1260089022947
241.71535 80.405685 -19.522419 1260089022958
246.72958 77.9854 -19.846298 1260089022967
251.6931 77.33613 -20.103983 1260089022981
256.65845 79.86932 -19.748783 1260089022996
253.12552 83.375854 -19.061344 1260089023005
249.31924 87.55706 -18.258276 1260089023016
240.65327 92.029205 -17.595362 1260089023025
229.97061 96.32774 -17.215593 1260089023038
221.37209 100.061356 -17.104815 1260089023049
211.15349 102.95829 -17.449574 1260089023061
217.34581 104.91038 -18.727095 1260089023075
222.72852 101.11486 -20.04074 1260089023087
228.14209 96.80912 -20.538702 1260089023100
233.73499 92.51866 -20.761766 1260089023119
239.14824 88.59273 -20.923677 1260089023134
244.24083 85.36309 -21.127493 1260089023154
249.12878 83.34493 -21.471119 1260089023176
254.22235 85.127686 -21.197563 1260089023199
255.61124 88.2213 -20.037685 1260089023213
257.28067 91.810234 -18.485802 1260089023234
259.91663 95.46972 -16.861511 1260089023257
262.6708 98.89623 -15.168436 1260089023274
264.28726 101.85142 -13.510015 1260089023293
264.7729 104.35885 -11.984514 1260089023316
264.63425 106.14091 -10.385288 1260089023339
251.50253 106.633865 -8.566024 1260089023354
239.7774 103.20217 -6.6877227 1260089023373
228.83853 98.992065 -5.1033363 1260089023397
218.3966 94.74246 -3.4981694 1260089023414
208.22678 90.305336 -1.6732609 1260089023434
