74.386284 92.1898 -3.5400083 1260170045272
73.41697 92.38031 -3.5630078 1260170045283
72.94612 92.6113 -3.5348575 1260170045292
72.14882 92.78073 -3.5081146 1260170045327
71.49138 92.941696 -3.532709 1260170045340
70.616806 93.04461 -3.5560734 1260170045512
69.38596 93.09238 -3.5782697 1260170045526
68.416664 93.13776 -3.5993562 1260170045541
67.69583 93.28087 -3.7193885 1260170045550
66.96104 93.46683 -3.883419 1260170045562
66.21298 93.69349 -4.089248 1260170045571
65.45233 93.85882 -4.2347856 1260170045582
64.42972 93.91588 -4.2730465 1260170045591
63.55823 93.92008 -4.259394 1260170045597
62.78032 93.87408 -4.1964245 1260170045608
62.491302 93.88037 -4.1366034 1260170045616
62.466736 93.88635 -4.0797734 1260170045631
62.5434 93.94203 -4.025785 1260170045644
62.61623 93.99493 -4.0244956 1260170045653
62.78542 94.09518 -4.0232706 1260170045664
62.746147 94.14042 -3.9721072 1260170045674
62.65884 94.183395 -3.9235017 1260170045686
62.6759 94.27422 -3.8773267 1260170045702
62.592106 94.36051 -3.8334603 1260170045710
62.8625 94.54249 -3.8917873 1260170045723
63.669373 94.81536 -3.947198 1260170045735
64.1359 94.974594 -3.999838 1260170045748
64.47911 95.07587 -3.9498463 1260170045767
64.65516 95.12207 -3.952354 1260170045781
64.222404 95.06596 -3.7547362 1260170045802
63.511284 95.012665 -3.4669993 1260170045821
63.33572 95.062035 -3.1436493 1260170045840
62.418934 94.95893 -2.886467 1260170045861
61.09799 94.56098 -2.5921435 1260170045883
58.89309 94.032936 -2.2125363 1260170045906
57.298435 93.48129 -2.0019095 1260170045920
55.783512 93.007225 -1.651814 1260170045941
56.594337 93.25687 -1.2192233 1260170045964
57.26462 93.244026 -1.0582621 1260170045981
72.351395 92.53182 -0.455349 1260170046001
85.833824 91.45523 0.41741848 1260170046022
99.19213 90.38247 1.0965475 1260170046039
111.282524 89.56335 1.7917202 1260170046061
106.6184 89.33518 1.8521341 1260170046080
103.28748 89.21842 1.6095273 1260170046268
100.52311 89.4075 1.379051 1260170046277
97.596954 89.08713 1.0100985 1260170046289
94.767105 89.28277 1.0095935 1260170046301
93.92875 89.66863 0.7591138 1260170046310
93.03231 90.1852 0.32115808 1260170046321
93.580696 90.67594 0.005100165 1260170046331
90.901665 90.292145 -0.29515487 1260170046337
88.506584 90.027534 -0.5303971 1260170046349
85.381256 89.72616 -0.7038773 1260170046367
81.66219 89.23985 -0.76868343 1260170046374
79.07909 88.927864 -1.0302492 1260170046389
75.62513 88.68147 -1.1287367 1260170046395
74.24387 88.4974 -1.3222998 1260170046406
74.33168 89.12253 -1.7561848 1260170046417
74.965096 89.7664 -2.1683755 1260170046434
75.116844 90.52808 -2.7099566 1260170046443
74.561005 91.25168 -3.274459 1260170046454
74.63296 91.78909 -3.510736 1260170046472
74.901306 92.24964 -3.6351993 1260170046485
75.15624 92.63716 -3.7034392 1260170046506
74.49843 92.905304 -3.6682673 1260170046520
88.72351 92.61004 -3.3848538 1260170046543
84.487335 92.12954 -3.2656112 1260170046559
80.312965 91.72306 -3.0523305 1260170046588
93.84732 91.28691 -2.649714 1260170046600
106.25495 91.52257 -2.2672284 1260170046623
117.642204 91.84644 -1.803867 1260170046644
128.1601 92.10412 -1.3636737 1260170046660
124.05209 92.348915 -1.44549 1260170046681
121.54949 92.93147 -1.8232155 1260170046704
119.472015 93.4849 -2.1820548 1260170046725
116.94842 94.210655 -2.822952 1260170046741
114.351 94.65012 -3.1318045 1260170046762
110.133446 94.117615 -3.2752142 1260170046784
105.976776 93.46173 -3.4114535 1260170046800
101.67794 92.73865 -3.4408808 1260170046820
97.34404 91.95171 -3.5188367 1260170046842
93.47684 91.30413 -3.5928948 1260170047030
89.853 90.788925 -3.7132502 1260170047042
86.46035 90.39948 -3.7275877 1260170047049
83.18733 90.12951 -3.7412083 1260170047055
80.42796 89.97303 -3.7041478 1260170047064
77.056564 89.42438 -3.6689405 1260170047071
73.85374 89.05316 -3.5854936 1260170047077
70.96105 88.7505 -3.456219 1260170047085
68.263 88.51298 -3.383408 1260170047092
