10.9525385 6.376068 8.133575 1260179555834
10.180717 4.163974 3.4126744 1260179555846
5.391285 -1.3839912 -2.9927382 1260179555855
-4.30682 -7.025959 1.9076576 1260179555866
1.236537 -11.479178 8.601938 1260179555884
14.20543 -12.5722065 4.807948 1260179555918
13.470176 -7.9797373 10.609915 1260179555930
10.254914 2.488831 10.248506 1260179555948
10.525008 -4.790477 4.0581837 1260179555955
9.555634 -19.265099 10.672679 1260179555966
0.89235055 -15.131497 3.4534035 1260179555977
-11.911281 -4.788112 8.3019085 1260179555990
-11.373203 0.45512104 13.66834 1260179556005
1.5482903 -0.7712865 8.988439 1260179556019
-4.4893665 -5.4101844 20.206951 1260179556033
-18.22524 -11.027223 8.447747 1260179556046
-2.1378036 -16.51126 4.3098516 1260179556068
-8.74148 -17.049055 1.0031285 1260179556256
-16.322866 -8.82695 7.870794 1260179556274
0.7848778 -15.476218 2.5398567 1260179556285
-5.3741426 -18.284964 0.3526876 1260179556294
-16.631023 -8.519962 -0.6068466 1260179556306
-12.414164 -0.0062675476 -3.0246563 1260179556313
-1.8760858 -14.611017 2.7667708 1260179556324
4.1039357 -13.554244 -8.1493225 1260179556333
5.3242946 -2.2393413 -5.9709463 1260179556344
5.191883 -18.66587 -2.587671 1260179556358
6.500737 -2.392458 -7.8059397 1260179556370
8.608349 -16.59272 -4.100937 1260179556378
9.013028 -10.681211 -2.3558753 1260179556391
5.846412 -6.5806646 -12.327461 1260179556399
-0.106741965 -22.521322 -5.149141 1260179556417
-5.3024464 -9.188185 2.498022 1260179556427
-8.55812 -5.1460066 -6.1572037 1260179556436
-8.988535 -18.492714 -1.9562911 1260179556449
-6.614278 -24.3729 -3.1466415 1260179556464
-3.2717977 -19.32314 -9.063331 1260179556475
-0.048833564 -13.075842 -9.550636 1260179556494
1.5048041 -10.194737 -7.699997 1260179556508
0.82663774 -13.246622 -5.289008 1260179556530
-1.2426037 -18.749977 3.3531828 1260179556552
-4.768796 -13.407612 15.306061 1260179556567
-7.844722 0.6146078 11.591061 1260179556588
-10.276447 -3.655048 2.8619232 1260179556610
-11.303778 -15.910522 5.4932165 1260179556626
-11.6136265 -16.109924 9.050564 1260179556648
-11.813351 -8.429365 7.6607714 1260179556668
-11.528671 0.36773872 5.322705 1260179556693
-11.146761 2.982377 5.030345 1260179556706
-10.766431 0.1782918 5.761983 1260179556731
