9.635381 -10.566594 10.919703 1260179559148
12.108296 -11.721361 4.6220307 1260179559160
9.831612 3.307001 6.8516064 1260179559167
-0.076339245 -4.0003805 -3.6248279 1260179559182
-4.3673573 -16.689854 4.5739646 1260179559188
-1.3471379 -8.130652 -2.2325764 1260179559199
-1.1346755 1.3248491 6.868306 1260179559208
-7.2007313 -6.9797873 14.913065 1260179559219
-11.500364 -16.085175 8.545933 1260179559228
-2.5325098 -19.101585 12.083 1260179559240
1.5408072 -17.98568 11.125285 1260179559277
-14.81438 -13.392574 4.6610966 1260179559286
-11.427487 -5.731138 16.72194 1260179559295
2.031148 1.8074789 2.5120792 1260179559303
-12.95063 -4.963317 -7.535746 1260179559315
-13.445795 -16.939713 -1.0314898 1260179559323
-4.7271595 -14.767153 -14.495291 1260179559339
1.2845147 -1.3403196 -10.607216 1260179559348
3.4880936 -12.64768 -0.33957577 1260179559359
1.5397879 -19.459557 -16.901667 1260179559368
-3.0576782 -5.0101852 -8.873404 1260179559384
-2.5093713 -25.639427 -9.675528 1260179559396
8.040248 -7.1128635 -4.844002 1260179559406
16.969463 -26.15472 -4.629185 1260179559421
13.5972805 -6.9424305 1.8303652 1260179559438
2.638936 -15.3817835 -9.28883 1260179559456
-4.7782826 -12.24538 -1.6143849 1260179559484
-6.5567007 -11.058141 4.9826846 1260179559497
-9.302432 -10.612329 4.747221 1260179559518
-9.110929 -4.7128973 -2.149531 1260179559542
1.8409348 1.2716246 6.7074146 1260179559557
-4.3558035 -8.670098 -0.7267122 1260179559580
-20.014948 -18.267271 9.532503 1260179559600
-7.586074 -6.2123995 0.5652981 1260179559623
-3.3585653 1.5089054 6.2719045 1260179559637
-19.015356 -6.6892924 1.9186673 1260179559844
-4.7620254 -14.4997015 6.1415925 1260179559858
2.7326708 -3.450481 2.1131072 1260179559867
-1.2742372 -8.1568775 -13.059681 1260179559880
-0.28851366 -5.8047996 3.88702 1260179559888
3.949175 -15.447294 -13.062433 1260179559901
8.948747 -2.0373058 -5.687155 1260179559907
10.167098 -22.117596 -8.996497 1260179559918
5.7334495 -9.752201 -0.18718195 1260179559927
-1.8506454 -7.833743 -13.652837 1260179559938
-7.1038394 -21.603897 -8.047127 1260179559947
-7.727901 -24.358213 -2.2449718 1260179559961
-5.656277 -23.338432 1.4239348 1260179559975
-4.7038727 -18.813347 12.231865 1260179559984
-4.7547016 -4.5846353 15.174743 1260179559996
-5.3508363 -4.9834137 2.9190993 1260179560005
-5.502062 -19.101528 8.804853 1260179560020
-4.86479 -9.095946 19.407902 1260179560029
-3.8268485 1.6186895 8.302367 1260179560041
-2.3278272 -7.0250497 -2.194344 1260179560057
-0.3632604 -15.695202 1.1727095 1260179560078
