9.25649 -11.624585 9.360605 1260179485648
9.962063 -8.681566 7.72164 1260179485671
9.985005 -2.3911808 5.397173 1260179485683
9.5263605 4.8611116 4.599684 1260179485712
11.329889 7.635072 7.2610426 1260179485728
12.1164 5.679406 7.145972 1260179485738
10.048821 3.741897 2.337873 1260179485750
6.7253275 0.5783448 -1.6736689 1260179485773
5.455211 -9.766975 -0.36405134 1260179485785
8.22148 -10.848099 8.770183 1260179485792
8.8481655 2.8195715 5.244942 1260179485811
2.5388484 -10.276052 14.334906 1260179485819
-7.4216146 -16.633682 0.10392189 1260179485834
-12.254863 -2.0609207 6.3011985 1260179485850
-11.139895 -17.579754 1.7838006 1260179485872
-5.4841 -20.241554 15.592913 1260179485888
0.43459845 -9.3125725 4.83182 1260179485906
4.4988475 -26.694183 4.8894725 1260179485931
5.0547075 -25.707636 7.41285 1260179485947
1.2702498 -13.092612 8.386097 1260179485968
-4.390805 -20.359833 20.19107 1260179485987
-9.970318 -30.750671 12.787373 1260179486011
-13.09627 -24.423073 5.7730646 1260179486027
-14.034052 -11.54278 9.553283 1260179486046
-13.92509 -10.453152 9.171912 1260179486067
-12.890804 -9.028367 6.3220644 1260179486085
-8.974274 -17.420557 -0.50990486 1260179486105
-2.8283663 -24.097858 4.426755 1260179486128
2.8572469 -21.280046 9.773349 1260179486145
2.9212637 -13.263546 1.382585 1260179486165
-7.747038 -6.864972 -4.1371393 1260179486185
-16.605392 -3.222075 4.797983 1260179486376
-5.944146 -1.8714004 12.359298 1260179486388
3.3511229 -2.108849 1.1052318 1260179486397
-12.145856 -5.064753 -4.8522615 1260179486410
-2.6467454 -11.105973 2.902485 1260179486416
-2.0109503 8.001291 7.7786846 1260179486428
-12.778941 -6.782927 0.8160231 1260179486437
-11.692995 8.604593 2.51512 1260179486449
-10.184725 15.389286 0.59429735 1260179486458
-1.4263952 14.068479 7.8712177 1260179486472
10.052803 5.000181 4.0414085 1260179486488
6.66666 0.75345707 5.431222 1260179486495
-6.0328 4.180256 2.179015 1260179486506
1.2867489 18.946714 6.07082 1260179486515
13.503799 1.0368595 0.7225733 1260179486532
6.172089 21.536167 -0.3273983 1260179486546
-5.584699 1.7634888 2.754476 1260179486553
0.16807675 18.049961 5.4512067 1260179486566
13.334494 6.4489956 -1.309614 1260179486583
