2.4818127 1.886427 -2.3892775 1260179562037
1.0008795 -3.4120936 -3.5141277 1260179562045
-2.754054 -11.068774 1.8509538 1260179562081
-6.392071 2.2424874 7.698735 1260179562094
-7.5175047 -14.872634 -0.8595351 1260179562104
-7.832769 0.97494984 0.2622124 1260179562120
-7.074566 -18.186056 5.276258 1260179562134
-4.423517 -14.495612 -9.588772 1260179562155
-1.2983899 -9.551676 7.883488 1260179562162
0.87969726 -22.545095 -6.686262 1260179562180
1.0352002 -5.588435 3.6526055 1260179562358
-1.7070227 -17.371717 -7.3302846 1260179562367
-5.327174 -18.348873 4.985318 1260179562378
-5.7982864 -4.2912955 2.0786285 1260179562388
-4.0319095 -0.2325716 6.903493 1260179562400
-3.8487358 -1.6920848 13.343361 1260179562408
-7.193429 -2.1354728 15.297491 1260179562420
-11.680341 0.13616848 13.358976 1260179562426
-10.410513 2.1434784 15.184057 1260179562445
-1.7612224 0.08085537 22.432613 1260179562456
0.92038536 -6.1333017 14.962875 1260179562463
-10.685254 -12.768881 9.46517 1260179562476
-19.197582 -15.94859 15.464462 1260179562483
-8.4712925 -13.820824 7.7875075 1260179562496
0.90836334 -9.534428 11.603383 1260179562507
-15.220047 -6.8723783 12.483311 1260179562518
-7.7370343 -7.8626485 -7.227764 1260179562537
1.2743831 -1.0292864 2.411168 1260179562544
-10.218477 2.1195636 -6.143914 1260179562563
-15.874966 -10.960507 -8.722137 1260179562577
-15.048273 -17.7499 -8.8370075 1260179562601
-13.024721 -1.0349903 -8.988132 1260179562620
-11.785546 -18.19953 -4.3205595 1260179562639
-11.6155 -6.127683 -10.408797 1260179562666
-10.255841 -16.959564 -10.457618 1260179562677
-4.184184 -4.55506 -2.1615696 1260179562698
5.1899652 -22.469875 -8.419316 1260179562721
11.628592 -5.5779324 -7.3611636 1260179562737
8.721047 -11.101445 -12.543322 1260179562763
-0.4771967 -23.05584 -4.9752564 1260179562782
-6.979141 -15.506036 0.30132246 1260179562803
-6.360149 -5.284475 -4.475596 1260179562818
-1.534753 -3.8673816 -4.588941 1260179562840
2.2248774 -4.199884 -4.2070293 1260179562862
2.5621095 -9.492894 -4.4877925 1260179562876
0.44243073 -18.557903 1.6221905 1260179562900
-3.55155 -18.073751 14.415218 1260179562917
-7.969556 -7.09211 16.639341 1260179562936
-10.749733 -1.7551823 8.064228 1260179563115
