12.796418 5.460561 9.925669 1260179616673
12.200963 3.3397155 8.071375 1260179616682
11.8420725 -0.113283396 6.533602 1260179616721
11.291986 -3.7610898 5.0863686 1260179616737
11.188586 -8.030763 6.9607015 1260179616753
11.500518 -11.671594 8.890236 1260179616762
11.697844 -12.729708 8.5065975 1260179616782
11.7862625 -9.824798 7.548372 1260179616793
11.309426 -0.14821577 7.7718296 1260179616805
10.86308 4.1728354 2.538506 1260179616821
10.9438095 -14.773137 2.3989058 1260179616842
11.200827 3.5411959 1.303374 1260179616859
11.5311985 -11.949324 1.3960124 1260179616877
11.401703 -13.340153 -3.6840057 1260179616900
10.929626 2.0605097 -1.1948156 1260179616915
10.982872 -16.372265 -0.935183 1260179617108
9.592272 -6.8715644 0.44316053 1260179617120
3.2857656 -5.082391 -12.914597 1260179617129
-5.485216 -21.29646 -6.827594 1260179617142
-11.31173 -5.5797677 -7.1425 1260179617153
-9.276229 -13.819722 -1.8617706 1260179617163
0.025822163 -16.318577 -17.527473 1260179617174
6.531607 -6.5682383 -5.6663513 1260179617181
5.0140934 -15.712349 -0.7364707 1260179617189
-1.7831355 -12.534282 -13.362406 1260179617203
-8.706831 -0.3725748 -0.9437925 1260179617220
-11.130608 -0.8908043 3.4780414 1260179617229
-10.461166 -2.0684261 7.8665648 1260179617241
-8.1694765 -7.6246967 15.238079 1260179617247
-6.2454205 -16.706314 17.522081 1260179617260
-5.2557635 -21.5243 12.121802 1260179617277
-4.9472094 -16.867567 5.2303753 1260179617284
-5.3599544 -6.432391 4.1884346 1260179617313
-6.4184732 0.5461569 7.600872 1260179617360
-7.207591 0.8702178 9.539714 1260179617413
-7.803001 -0.63802624 9.049066 1260179617464
-6.527488 0.30980015 8.848253 1260179617506
-0.7434092 2.0716414 6.2896094 1260179617566
6.45448 2.57051 -0.1805982 1260179617615
6.0311584 -15.782415 1.836351 1260179617689
-1.6747595 -6.049448 -11.447342 1260179617716
-10.47921 -4.3017907 3.2208145 1260179617735
-12.93959 -18.464764 -1.2973475 1260179617758
-6.058301 -1.1951857 4.6230974 1260179617779
3.5890949 -7.194226 -7.6714926 1260179617801
5.799757 -18.008823 -2.174531 1260179617826
1.5355952 -3.8851562 -9.220911 1260179617845
-3.2556534 -0.80530643 3.0083668 1260179617869
-4.8019505 -15.201067 4.5594354 1260179617885
-4.258855 -18.58748 -10.515486 1260179617900
-1.8903315 -4.460552 -13.164585 1260179617906
1.2805573 -9.754408 0.10995579 1260179617917
4.356264 -24.654903 -7.453159 1260179617926
7.2162457 -20.179483 -15.822903 1260179618118
8.18198 -9.753395 -11.377432 1260179618125
7.834087 -6.5891647 -4.8037415 1260179618134
6.1614785 -7.0229516 0.718503 1260179618142
1.6503644 -9.052836 8.001659 1260179618149
-4.8857837 0.1900158 2.3844416 1260179618160
-9.537153 -7.514108 -3.9059658 1260179618166
-11.363325 -17.898338 3.421819 1260179618176
-11.677433 -9.953239 5.606922 1260179618183
-11.501045 1.4197555 3.5855887 1260179618188
-11.178127 -0.078487396 4.544574 1260179618197
-10.881269 -7.6818986 5.519864 1260179618204
