17.747364 -14.932036 6.1856227 1260179326076
16.225422 -14.157766 6.660283 1260179326087
13.5469265 -14.913538 9.313677 1260179326094
3.686482 -16.293282 5.0555797 1260179326110
-10.244309 0.9020982 1.1150534 1260179326118
3.9511929 2.0336916 0.40950155 1260179326130
6.4142694 6.1918936 -19.777922 1260179326136
-5.075553 11.749121 -19.21175 1260179326147
-8.758855 -1.157898 -27.624437 1260179326156
-3.2018285 10.625341 -20.886898 1260179326167
5.961303 3.3799162 -34.312202 1260179326174
5.6124744 -15.08885 -19.062351 1260179326188
-15.746497 -17.796455 -3.1460829 1260179326194
-11.312947 -33.36938 10.878569 1260179326205
-3.5523949 -25.394526 14.925431 1260179326215
-18.550098 -15.843241 17.202835 1260179326236
-18.75728 -11.409063 32.073135 1260179326265
-3.2285597 -11.597374 30.345993 1260179326274
6.121663 -7.4822617 16.847082 1260179326285
6.9176326 9.631312 11.703437 1260179326294
10.777585 3.0507865 -7.3480453 1260179326306
13.927877 1.2686081 -16.516365 1260179326314
15.808112 12.521868 -20.323 1260179326326
14.249879 -1.4219661 -23.76652 1260179326333
9.356629 1.7084794 -37.503983 1260179326346
3.5200605 10.216148 -29.561157 1260179326357
2.331699 -16.569798 -14.526178 1260179326368
5.077834 -26.986317 -2.7385573 1260179326376
0.118245125 -18.036308 15.78248 1260179326388
-5.3171835 -36.14026 15.632381 1260179326395
-7.6601715 -15.852715 24.36728 1260179326412
-7.1871514 -27.191406 28.56139 1260179326423
-4.7972307 -19.71886 9.183981 1260179326432
1.302726 -2.1574154 12.100044 1260179326609
12.992895 -7.2256804 -1.8875885 1260179326632
12.945967 15.506046 -12.273065 1260179326644
10.5194845 16.55708 -18.284573 1260179326653
3.947033 17.838581 -23.421967 1260179326664
-10.136018 18.814352 -22.475641 1260179326674
-17.536274 17.213604 -6.552601 1260179326685
-1.7756119 9.213026 -7.9278364 1260179326691
-21.132738 -8.961512 -4.2835464 1260179326699
-1.1649365 1.716866 0.1273377 1260179326711
5.582534 -6.805084 3.7794366 1260179326719
3.6364298 -26.983131 9.749611 1260179326739
3.922451 -24.526861 8.689357 1260179326750
20.133204 -25.371338 1.1971397 1260179326758
26.789063 -25.214714 11.634751 1260179326770
14.618687 -27.36943 23.252157 1260179326778
2.3522081 -6.7033033 12.245533 1260179326794
5.3468175 -16.185158 14.651278 1260179326805
13.338754 -4.702331 -0.13668513 1260179326815
9.217559 6.0138383 -4.00336 1260179326836
3.687446 1.5315369 -23.782425 1260179326848
0.8719311 -0.67329645 -17.787664 1260179326859
0.030728877 14.0422325 -17.709425 1260179326875
-1.7172376 21.148365 -25.822914 1260179326885
-7.0289373 12.470228 -34.596817 1260179326908
-14.217507 -14.18387 -23.25518 1260179326927
-11.749592 -23.949236 -7.1054826 1260179326953
-2.6901293 -23.550255 -4.7920613 1260179326967
-3.8717227 -28.204285 8.686705 1260179326989
-10.372331 -11.672619 26.421 1260179327010
-14.277929 -16.657003 31.837675 1260179327027
-12.5625 -16.96936 21.958084 1260179327048
-9.62185 -11.731154 16.129213 1260179327069
-1.528667 -10.92953 7.14108 1260179327092
12.20236 -3.9071703 1.1813745 1260179327106
7.909894 5.2585163 5.3750367 1260179327128
