12.795513 7.7378373 -1.3166133 1260179283112
12.416161 1.1672593 -15.96677 1260179283147
18.707245 -4.7175074 -13.165593 1260179283157
15.937824 12.292461 -18.4351 1260179283169
5.3522015 -0.12222338 -32.133224 1260179283184
-1.2432756 2.7794976 -25.898201 1260179283196
4.5183315 -4.057308 -11.556561 1260179283207
11.256413 -6.38951 -13.019488 1260179283228
-10.076131 -27.505407 -1.7342696 1260179283249
-3.8854725 -16.153309 16.432844 1260179283266
-6.412944 -18.308231 27.258715 1260179283285
-17.718845 -20.656881 19.426828 1260179283305
0.40323353 -17.93959 22.83601 1260179283324
-12.595871 -9.696336 27.485035 1260179283347
-7.1531477 -1.4633784 2.2486763 1260179283364
-11.825433 7.708716 -2.0396936 1260179283387
-3.7774997 -4.40683 -5.799045 1260179283404
2.0046787 6.044161 -30.266552 1260179283424
5.069964 19.993145 -25.5317 1260179283445
5.9725156 14.502509 -20.369682 1260179283464
4.488248 4.00807 -20.940182 1260179283486
2.635048 -5.4087024 -22.839666 1260179283505
0.5730946 -4.088538 1.1859112 1260179283531
4.1631846 -26.936188 7.821514 1260179283544
9.613839 -15.273396 14.744464 1260179283564
14.244373 -36.84337 27.771767 1260179283584
15.603235 -13.315752 21.085596 1260179283605
13.870375 -25.757896 10.533428 1260179283625
1.4632187 -5.3298645 11.963058 1260179283644
-1.799201 -7.0751624 -5.9201097 1260179283670
-5.915789 -0.2308321 -9.969417 1260179283685
-9.108528 6.8703327 -6.4156365 1260179283864
1.4913096 14.430684 -4.012348 1260179283876
-14.08581 18.871525 -14.095858 1260179283887
-9.201534 17.697187 -3.2866473 1260179283896
-24.48223 15.209726 -4.0537443 1260179283905
-6.4006224 12.184485 -2.796053 1260179283914
-14.855985 -1.1432297 6.8372984 1260179283926
3.4290056 -2.2714834 -5.32102 1260179283935
9.0748625 -18.95569 -10.535168 1260179283946
4.450296 -25.605007 -4.4345255 1260179283958
10.825392 -21.728504 -14.19346 1260179283971
31.289083 -17.575443 -0.6424311 1260179283979
19.973717 -24.342424 -1.4332857 1260179283990
15.2556 -30.934845 10.415708 1260179284006
27.324453 -12.520648 9.176854 1260179284015
19.114912 -2.6340313 8.316822 1260179284029
0.5350542 -11.219248 4.230616 1260179284039
4.604524 -11.748802 4.25992 1260179284054
0.06483936 -10.370247 -18.437164 1260179284072
-6.487705 11.446125 -18.986645 1260179284086
-10.579464 0.41648722 -27.347206 1260179284108
-10.059873 4.7373457 -34.48537 1260179284135
-4.159666 16.815355 -32.82987 1260179284145
1.7071362 0.28372905 -25.141382 1260179284169
-4.8804364 -5.6559963 -14.871292 1260179284189
-16.547655 -22.634083 -7.280573 1260179284212
-16.213697 -16.291813 2.8735876 1260179284226
-9.230683 -37.027306 10.755817 1260179284249
-2.6260557 -21.153097 31.38718 1260179284269
1.9511434 -11.697592 20.295063 1260179284292
4.8612328 -15.849834 15.3573475 1260179284307
5.4644594 -16.101181 14.114238 1260179284328
2.7263346 -15.188268 15.127644 1260179284352
-2.280516 -12.235483 16.44321 1260179284366
-5.569674 -6.985998 15.907804 1260179284387
-4.458085 0.19251823 7.388215 1260179284409
