75.68018 42.50118 32.02193 -3.4137745 0.49531054 6.273855 1260179286195
75.68018 42.50118 32.02193 10.975617 7.6086054 1.9199712 1260179286198
73.24618 48.62612 34.170834 10.975617 7.6086054 1.9199712 1260179286207
73.24618 48.62612 34.170834 9.429951 8.210634 0.5673515 1260179286211
85.43387 54.844814 35.96229 9.429951 8.210634 0.5673515 1260179286216
85.43387 54.844814 35.96229 -3.7676363 8.909777 -1.8009515 1260179286219
95.51218 60.902573 36.514175 -3.7676363 8.909777 -1.8009515 1260179286227
95.51218 60.902573 36.514175 -3.35891 8.645818 -6.633231 1260179286231
104.78657 66.80744 35.888466 -3.35891 8.645818 -6.633231 1260179286236
104.78657 66.80744 35.888466 -4.2347674 6.9993114 -10.258192 1260179286239
115.29724 54.717068 34.944042 -4.2347674 6.9993114 -10.258192 1260179286245
115.29724 54.717068 34.944042 2.026238 11.116655 -16.19672 1260179286251
109.53238 43.531216 33.89684 2.026238 11.116655 -16.19672 1260179286254
109.53238 43.531216 33.89684 12.279169 9.284491 -31.33067 1260179286259
104.95576 33.054653 32.802 12.279169 9.284491 -31.33067 1260179286265
104.95576 33.054653 32.802 15.735188 -2.531372 -28.752153 1260179286271
100.65797 23.05192 31.661898 15.735188 -2.531372 -28.752153 1260179286274
100.65797 23.05192 31.661898 7.398572 15.036062 -32.88895 1260179286277
106.02507 30.849323 30.178802 7.398572 15.036062 -32.88895 1260179286285
106.02507 30.849323 30.178802 -8.265205 4.6746635 -21.876656 1260179286288
102.77382 36.606857 28.019863 -8.265205 4.6746635 -21.876656 1260179286292
102.77382 36.606857 28.019863 -1.8234239 -2.2243795 -19.853765 1260179286297
100.035126 40.676514 25.26887 -1.8234239 -2.2243795 -19.853765 1260179286305
100.035126 40.676514 25.26887 -9.062386 -21.55566 -11.471986 1260179286308
98.18337 41.39269 22.655426 -9.062386 -21.55566 -11.471986 1260179286312
98.18337 41.39269 22.655426 -20.778822 -20.957684 17.602674 1260179286317
96.87421 41.373055 20.172655 -20.778822 -20.957684 17.602674 1260179286323
96.87421 41.373055 20.172655 -6.5574894 -18.030684 19.163927 1260179286328
95.88049 40.754402 17.814022 -6.5574894 -18.030684 19.163927 1260179286356
95.88049 40.754402 17.814022 -24.05186 -17.638601 21.007572 1260179286365
95.08647 39.76668 15.673321 -24.05186 -17.638601 21.007572 1260179286368
95.08647 39.76668 15.673321 -12.422837 -19.103092 29.334246 1260179286372
94.432144 38.278347 13.639655 -12.422837 -19.103092 29.334246 1260179286377
94.432144 38.278347 13.639655 -1.2355385 -9.218922 24.548885 1260179286383
93.860535 36.56443 11.607673 -1.2355385 -9.218922 24.548885 1260179286388
93.860535 36.56443 11.607673 -15.334879 7.7522283 16.407587 1260179286392
93.36751 34.636208 8.427289 -15.334879 7.7522283 16.407587 1260179286395
93.36751 34.636208 8.427289 3.452352 1.0018966 9.01756 1260179286403
98.29913 24.504396 7.3559246 3.452352 1.0018966 9.01756 1260179286406
98.29913 24.504396 7.3559246 6.525509 7.680973 -4.766115 1260179286411
96.48418 14.9791765 7.238128 6.525509 7.680973 -4.766115 1260179286414
96.48418 14.9791765 7.238128 9.593132 -1.9364004 -22.596876 1260179286418
93.60997 6.130217 7.4762216 9.593132 -1.9364004 -22.596876 1260179286427
93.60997 6.130217 7.4762216 15.047504 9.992346 -22.061077 1260179286436
90.97947 -2.076294 7.9024105 15.047504 9.992346 -22.061077 1260179286439
90.97947 -2.076294 7.9024105 18.914143 20.778181 -28.945053 1260179286448
88.63049 -9.822479 8.30729 18.914143 20.778181 -28.945053 1260179286451
88.63049 -9.822479 8.30729 18.112926 8.898623 -25.217913 1260179286456
86.09897 -17.481356 8.541925 18.112926 8.898623 -25.217913 1260179286459
86.09897 -17.481356 8.541925 14.013446 -1.3728752 -27.866209 1260179286467
90.09402 -8.057287 8.364829 14.013446 -1.3728752 -27.866209 1260179286470
90.09402 -8.057287 8.364829 10.305863 6.7787523 -17.188505 1260179286474
89.23932 -2.2544227 7.6465874 10.305863 6.7787523 -17.188505 1260179286484
89.23932 -2.2544227 7.6465874 8.105375 -6.4856234 -5.564948 1260179286487
88.12735 1.1582984 6.914258 8.105375 -6.4856234 -5.564948 1260179286495
88.12735 1.1582984 6.914258 2.7583926 -31.546913 12.733586 1260179286499
87.220985 3.7503836 6.468545 2.7583926 -31.546913 12.733586 1260179286507
87.220985 3.7503836 6.468545 0.8663364 -21.908716 12.951134 1260179286511
86.45994 5.8128643 6.295118 0.8663364 -21.908716 12.951134 1260179286518
86.45994 5.8128643 6.295118 2.146368 -20.783794 34.341576 1260179286525
85.836945 7.772221 6.380362 2.146368 -20.783794 34.341576 1260179286528
85.836945 7.772221 6.380362 4.914355 -30.756218 21.540375 1260179286532
85.5451 9.63361 6.911344 4.914355 -30.756218 21.540375 1260179286544
85.5451 9.63361 6.911344 11.806463 -12.215175 5.2367983 1260179286551
85.91784 10.951929 8.715777 11.806463 -12.215175 5.2367983 1260179286562
85.91784 10.951929 8.715777 11.883161 5.1188884 3.8794549 1260179286732
82.97195 2.9543324 9.729988 11.883161 5.1188884 3.8794549 1260179286743
82.97195 2.9543324 9.729988 1.0186839 2.384243 3.354167 1260179286748
83.22335 -3.8433843 9.493488 1.0186839 2.384243 3.354167 1260179286752
83.22335 -3.8433843 9.493488 0.81178623 5.168821 -3.2663631 1260179286757
84.86218 -10.101215 8.6188135 0.81178623 5.168821 -3.2663631 1260179286763
84.86218 -10.101215 8.6188135 4.3193774 8.833777 -6.6399016 1260179286769
87.86907 -16.196154 7.037873 4.3193774 8.833777 -6.6399016 1260179286772
87.86907 -16.196154 7.037873 -1.0499997 9.936433 -17.03802 1260179286776
92.02562 -22.436346 4.6859794 -1.0499997 9.936433 -17.03802 1260179286783
92.02562 -22.436346 4.6859794 -21.959553 7.820153 -8.047612 1260179286788
97.17434 -28.864529 1.7516804 -21.959553 7.820153 -8.047612 1260179286794
97.17434 -28.864529 1.7516804 -5.2196856 3.3720608 -4.4192224 1260179286797
103.41562 -35.471302 -1.6359036 -5.2196856 3.3720608 -4.4192224 1260179286804
103.41562 -35.471302 -1.6359036 -24.516453 -2.3661761 -3.4651408 1260179286808
111.69484 -42.497738 -5.3541083 -24.516453 -2.3661761 -3.4651408 1260179286811
111.69484 -42.497738 -5.3541083 -3.2092576 -8.932741 -2.150726 1260179286817
107.3601 -33.92285 -6.836403 -3.2092576 -8.932741 -2.150726 1260179286827
107.3601 -33.92285 -6.836403 -9.7120075 -0.26415825 -8.771177 1260179286831
106.1421 -26.97671 -5.794583 -9.7120075 -0.26415825 -8.771177 1260179286834
106.1421 -26.97671 -5.794583 8.114095 -4.973712 -4.1732945 1260179286844
105.534996 -19.577873 -3.9548535 8.114095 -4.973712 -4.1732945 1260179286850
105.534996 -19.577873 -3.9548535 19.718832 -14.683855 -6.2104516 1260179286853
104.80824 -15.948979 -1.9071108 19.718832 -14.683855 -6.2104516 1260179286857
104.80824 -15.948979 -1.9071108 10.389564 -28.108854 3.6990566 1260179286864
104.01783 -12.70153 0.23824468 10.389564 -28.108854 3.6990566 1260179286867
104.01783 -12.70153 0.23824468 25.3584 -25.375343 12.06506 1260179286873
103.06694 -9.816454 2.4263325 25.3584 -25.375343 12.06506 1260179286877
103.06694 -9.816454 2.4263325 29.254679 -27.18165 11.428035 1260179286887
102.06359 -7.175631 4.555016 29.254679 -27.18165 11.428035 1260179286891
102.06359 -7.175631 4.555016 9.689238 -10.797965 4.0621185 1260179286894
101.260414 -4.8668494 6.777265 9.689238 -10.797965 4.0621185 1260179286899
101.260414 -4.8668494 6.777265 18.948738 -21.641993 5.100224 1260179286908
100.49739 -3.0735068 9.338402 18.948738 -21.641993 5.100224 1260179286913
100.49739 -3.0735068 9.338402 9.916586 -4.8086543 11.225461 1260179286923
95.47252 5.630169 12.371482 9.916586 -4.8086543 11.225461 1260179286932
95.47252 5.630169 12.371482 2.50153 5.205213 6.2334485 1260179286935
94.24889 -2.5013394 12.202908 2.50153 5.205213 6.2334485 1260179286944
94.24889 -2.5013394 12.202908 -2.544225 8.319788 -13.011699 1260179286947
95.88645 -10.176272 11.392762 -2.544225 8.319788 -13.011699 1260179286963
95.88645 -10.176272 11.392762 -9.867935 -1.6239991 -14.047544 1260179286968
97.34213 -17.517458 10.673124 -9.867935 -1.6239991 -14.047544 1260179286982
97.34213 -17.517458 10.673124 -10.289212 -2.0037045 -18.672264 1260179286989
98.025024 -24.491585 10.139468 -10.289212 -2.0037045 -18.672264 1260179287007
98.025024 -24.491585 10.139468 -6.4772396 3.9995298 -29.644945 1260179287013
98.27377 -31.217007 9.682495 -6.4772396 3.9995298 -29.644945 1260179287024
98.27377 -31.217007 9.682495 -1.952949 8.578325 -36.77534 1260179287027
98.81008 -37.956158 9.19837 -1.952949 8.578325 -36.77534 1260179287043
98.81008 -37.956158 9.19837 2.0909278 9.519501 -38.08403 1260179287049
109.01958 -27.10835 8.588451 2.0909278 9.519501 -38.08403 1260179287064
109.01958 -27.10835 8.588451 5.734326 8.749139 -24.081892 1260179287070
106.8686 -18.052933 7.759029 5.734326 8.749139 -24.081892 1260179287082
106.8686 -18.052933 7.759029 6.568693 -17.167772 -19.794558 1260179287085
105.17517 -11.150286 6.7210774 6.568693 -17.167772 -19.794558 1260179287106
105.17517 -11.150286 6.7210774 -0.80229855 -28.710575 -8.602448 1260179287109
103.566414 -6.9427714 5.6350236 -0.80229855 -28.710575 -8.602448 1260179287123
103.566414 -6.9427714 5.6350236 -12.3589 -18.620249 9.728716 1260179287129
101.938095 -3.6456327 4.7032723 -12.3589 -18.620249 9.728716 1260179287146
101.938095 -3.6456327 4.7032723 -16.78683 -32.082737 15.305779 1260179287154
100.14119 -1.2133511 3.9181087 -16.78683 -32.082737 15.305779 1260179287163
100.14119 -1.2133511 3.9181087 -13.133184 -14.750371 20.422565 1260179287166
98.284134 0.6473165 3.3722034 -13.133184 -14.750371 20.422565 1260179287183
98.284134 0.6473165 3.3722034 -5.8766394 -24.065794 16.783487 1260179287189
96.469925 2.2149508 3.2535932 -5.8766394 -24.065794 16.783487 1260179287204
96.469925 2.2149508 3.2535932 -0.87738657 -20.666523 26.101704 1260179287209
94.64643 3.4542034 3.7409136 -0.87738657 -20.666523 26.101704 1260179287222
94.64643 3.4542034 3.7409136 -1.8368886 -4.586224 22.38259 1260179287225
92.86411 4.7314935 5.153868 -1.8368886 -4.586224 22.38259 1260179287245
92.86411 4.7314935 5.153868 -2.4724388 3.886981 8.606329 1260179287248
91.57091 6.244919 7.246175 -2.4724388 3.886981 8.606329 1260179287263
91.57091 6.244919 7.246175 15.685859 -5.699755 9.36521 1260179287269
97.44236 7.682673 9.583866 15.685859 -5.699755 9.36521 1260179287290
97.44236 7.682673 9.583866 6.5379906 -15.295376 -0.3283553 1260179287293
103.820244 9.048539 11.854672 6.5379906 -15.295376 -0.3283553 1260179287302
103.820244 9.048539 11.854672 1.6899042 -9.29407 -6.5614977 1260179287305
109.47923 15.796112 13.961939 1.6899042 -9.29407 -6.5614977 1260179287325
109.47923 15.796112 13.961939 17.413528 -4.776084 -1.7426885 1260179287328
