83.414406 38.57205 33.26916 18.86211 -16.649788 6.9552355 1260179326073
83.414406 38.57205 33.26916 17.747364 -14.932036 6.1856227 1260179326076
83.24368 38.443447 33.155704 17.747364 -14.932036 6.1856227 1260179326079
83.24368 38.443447 33.155704 16.225422 -14.157766 6.660283 1260179326087
83.181496 38.571274 32.64792 16.225422 -14.157766 6.660283 1260179326091
83.181496 38.571274 32.64792 13.5469265 -14.913538 9.313677 1260179326094
83.07242 39.24271 31.615522 13.5469265 -14.913538 9.313677 1260179326099
83.07242 39.24271 31.615522 3.686482 -16.293282 5.0555797 1260179326110
82.6188 41.430576 29.734747 3.686482 -16.293282 5.0555797 1260179326113
82.6188 41.430576 29.734747 -10.244309 0.9020982 1.1150534 1260179326118
79.987854 47.559048 27.69801 -10.244309 0.9020982 1.1150534 1260179326124
79.987854 47.559048 27.69801 3.9511929 2.0336916 0.40950155 1260179326130
91.08846 54.131096 26.063108 3.9511929 2.0336916 0.40950155 1260179326133
91.08846 54.131096 26.063108 6.4142694 6.1918936 -19.777922 1260179326136
92.78404 42.77454 24.659952 6.4142694 6.1918936 -19.777922 1260179326144
92.78404 42.77454 24.659952 -5.075553 11.749121 -19.21175 1260179326147
92.14484 32.235813 23.526955 -5.075553 11.749121 -19.21175 1260179326153
92.14484 32.235813 23.526955 -8.758855 -1.157898 -27.624437 1260179326156
91.637596 22.324022 22.450607 -8.758855 -1.157898 -27.624437 1260179326159
91.637596 22.324022 22.450607 -3.2018285 10.625341 -20.886898 1260179326167
92.655716 12.55782 21.278076 -3.2018285 10.625341 -20.886898 1260179326170
92.655716 12.55782 21.278076 5.961303 3.3799162 -34.312202 1260179326174
90.17293 20.17993 19.864172 5.961303 3.3799162 -34.312202 1260179326179
90.17293 20.17993 19.864172 5.6124744 -15.08885 -19.062351 1260179326188
88.26428 25.320932 17.770964 5.6124744 -15.08885 -19.062351 1260179326191
88.26428 25.320932 17.770964 -15.746497 -17.796455 -3.1460829 1260179326194
87.00107 27.204885 15.732415 -15.746497 -17.796455 -3.1460829 1260179326199
87.00107 27.204885 15.732415 -11.312947 -33.36938 10.878569 1260179326205
86.10101 28.34464 13.845795 -11.312947 -33.36938 10.878569 1260179326212
86.10101 28.34464 13.845795 -3.5523949 -25.394526 14.925431 1260179326215
85.34596 28.627409 12.003505 -3.5523949 -25.394526 14.925431 1260179326230
85.34596 28.627409 12.003505 -18.550098 -15.843241 17.202835 1260179326236
84.72867 28.396038 10.35333 -18.550098 -15.843241 17.202835 1260179326257
84.72867 28.396038 10.35333 -18.75728 -11.409063 32.073135 1260179326265
84.24223 27.576237 9.035664 -18.75728 -11.409063 32.073135 1260179326271
84.24223 27.576237 9.035664 -3.2285597 -11.597374 30.345993 1260179326274
83.830124 26.097425 7.9838805 -3.2285597 -11.597374 30.345993 1260179326279
83.830124 26.097425 7.9838805 6.121663 -7.4822617 16.847082 1260179326285
83.53862 24.192554 7.2346864 6.121663 -7.4822617 16.847082 1260179326291
83.53862 24.192554 7.2346864 6.9176326 9.631312 11.703437 1260179326294
82.41169 15.682926 7.5729523 6.9176326 9.631312 11.703437 1260179326297
82.41169 15.682926 7.5729523 10.777585 3.0507865 -7.3480453 1260179326306
78.8411 6.5487795 7.9443045 10.777585 3.0507865 -7.3480453 1260179326308
78.8411 6.5487795 7.9443045 13.927877 1.2686081 -16.516365 1260179326314
92.49905 -2.2286594 8.447089 13.927877 1.2686081 -16.516365 1260179326317
92.49905 -2.2286594 8.447089 15.808112 12.521868 -20.323 1260179326326
88.02409 -10.467227 9.0247345 15.808112 12.521868 -20.323 1260179326329
88.02409 -10.467227 9.0247345 14.249879 -1.4219661 -23.76652 1260179326333
83.92289 -18.293865 9.473497 14.249879 -1.4219661 -23.76652 1260179326342
83.92289 -18.293865 9.473497 9.356629 1.7084794 -37.503983 1260179326346
95.92674 -26.229172 9.649822 9.356629 1.7084794 -37.503983 1260179326354
95.92674 -26.229172 9.649822 3.5200605 10.216148 -29.561157 1260179326357
96.83041 -17.067713 9.217331 3.5200605 10.216148 -29.561157 1260179326364
96.83041 -17.067713 9.217331 2.331699 -16.569798 -14.526178 1260179326368
95.53889 -10.864327 8.056464 2.331699 -16.569798 -14.526178 1260179326373
95.53889 -10.864327 8.056464 5.077834 -26.986317 -2.7385573 1260179326376
94.06194 -7.121111 7.003641 5.077834 -26.986317 -2.7385573 1260179326379
94.06194 -7.121111 7.003641 0.118245125 -18.036308 15.78248 1260179326388
92.658844 -4.1650553 6.253459 0.118245125 -18.036308 15.78248 1260179326391
92.658844 -4.1650553 6.253459 -5.3171835 -36.14026 15.632381 1260179326395
91.325905 -1.7568024 5.740786 -5.3171835 -36.14026 15.632381 1260179326408
91.325905 -1.7568024 5.740786 -7.6601715 -15.852715 24.36728 1260179326412
90.15961 0.53103775 5.453747 -7.6601715 -15.852715 24.36728 1260179326415
90.15961 0.53103775 5.453747 -7.1871514 -27.191406 28.56139 1260179326423
89.30163 2.854486 5.4810596 -7.1871514 -27.191406 28.56139 1260179326427
89.30163 2.854486 5.4810596 -4.7972307 -19.71886 9.183981 1260179326432
89.036545 5.4117618 6.0570064 -4.7972307 -19.71886 9.183981 1260179326437
89.036545 5.4117618 6.0570064 1.302726 -2.1574154 12.100044 1260179326609
95.58472 13.091174 7.504156 1.302726 -2.1574154 12.100044 1260179326618
95.58472 13.091174 7.504156 12.992895 -7.2256804 -1.8875885 1260179326632
93.25548 4.6366153 7.7789483 12.992895 -7.2256804 -1.8875885 1260179326638
93.25548 4.6366153 7.7789483 12.945967 15.506046 -12.273065 1260179326644
93.24271 -2.6952155 7.540001 12.945967 15.506046 -12.273065 1260179326650
93.24271 -2.6952155 7.540001 10.5194845 16.55708 -18.284573 1260179326653
94.23057 -9.260455 6.913001 10.5194845 16.55708 -18.284573 1260179326656
94.23057 -9.260455 6.913001 3.947033 17.838581 -23.421967 1260179326664
96.21904 -15.4474325 5.817351 3.947033 17.838581 -23.421967 1260179326667
96.21904 -15.4474325 5.817351 -10.136018 18.814352 -22.475641 1260179326674
99.50809 -21.575062 4.1264834 -10.136018 18.814352 -22.475641 1260179326677
99.50809 -21.575062 4.1264834 -17.536274 17.213604 -6.552601 1260179326685
104.88268 -28.096308 1.6201593 -17.536274 17.213604 -6.552601 1260179326688
104.88268 -28.096308 1.6201593 -1.7756119 9.213026 -7.9278364 1260179326691
114.58855 -35.691494 -1.7608486 -1.7756119 9.213026 -7.9278364 1260179326694
114.58855 -35.691494 -1.7608486 -21.132738 -8.961512 -4.2835464 1260179326699
110.25912 -27.05692 -3.8728063 -21.132738 -8.961512 -4.2835464 1260179326707
110.25912 -27.05692 -3.8728063 -1.1649365 1.716866 0.1273377 1260179326711
108.49616 -21.004072 -3.879166 -1.1649365 1.716866 0.1273377 1260179326714
108.49616 -21.004072 -3.879166 5.582534 -6.805084 3.7794366 1260179326719
107.32136 -16.353868 -2.8352075 5.582534 -6.805084 3.7794366 1260179326735
107.32136 -16.353868 -2.8352075 3.6364298 -26.983131 9.749611 1260179326739
106.00529 -12.586175 -1.2934471 3.6364298 -26.983131 9.749611 1260179326746
106.00529 -12.586175 -1.2934471 3.922451 -24.526861 8.689357 1260179326750
104.50502 -9.256866 0.3212253 3.922451 -24.526861 8.689357 1260179326754
104.50502 -9.256866 0.3212253 20.133204 -25.371338 1.1971397 1260179326758
102.87977 -6.344023 1.805164 20.133204 -25.371338 1.1971397 1260179326766
102.87977 -6.344023 1.805164 26.789063 -25.214714 11.634751 1260179326770
101.23578 -3.7268221 3.2149057 26.789063 -25.214714 11.634751 1260179326773
101.23578 -3.7268221 3.2149057 14.618687 -27.36943 23.252157 1260179326778
99.72399 -1.3904809 4.6041603 14.618687 -27.36943 23.252157 1260179326791
99.72399 -1.3904809 4.6041603 2.3522081 -6.7033033 12.245533 1260179326794
98.33779 0.7290431 6.0239525 2.3522081 -6.7033033 12.245533 1260179326799
98.33779 0.7290431 6.0239525 5.3468175 -16.185158 14.651278 1260179326805
97.7209 3.092591 7.722755 5.3468175 -16.185158 14.651278 1260179326811
97.7209 3.092591 7.722755 13.338754 -4.702331 -0.13668513 1260179326815
104.68486 11.887961 7.4366174 13.338754 -4.702331 -0.13668513 1260179326830
104.68486 11.887961 7.4366174 9.217559 6.0138383 -4.00336 1260179326836
107.15062 2.943563 6.8147864 9.217559 6.0138383 -4.00336 1260179326838
107.15062 2.943563 6.8147864 3.687446 1.5315369 -23.782425 1260179326848
107.99309 -5.203615 6.424047 3.687446 1.5315369 -23.782425 1260179326852
107.99309 -5.203615 6.424047 0.8719311 -0.67329645 -17.787664 1260179326859
108.09343 -12.793434 6.2028446 0.8719311 -0.67329645 -17.787664 1260179326871
108.09343 -12.793434 6.2028446 0.030728877 14.0422325 -17.709425 1260179326875
108.03876 -20.053762 5.9927025 0.030728877 14.0422325 -17.709425 1260179326882
108.03876 -20.053762 5.9927025 -1.7172376 21.148365 -25.822914 1260179326885
109.13682 -27.501074 5.593067 -1.7172376 21.148365 -25.822914 1260179326905
109.13682 -27.501074 5.593067 -7.0289373 12.470228 -34.596817 1260179326908
105.17998 -17.77602 4.8134136 -7.0289373 12.470228 -34.596817 1260179326923
105.17998 -17.77602 4.8134136 -14.217507 -14.18387 -23.25518 1260179326927
102.670975 -10.237219 3.5227427 -14.217507 -14.18387 -23.25518 1260179326946
102.670975 -10.237219 3.5227427 -11.749592 -23.949236 -7.1054826 1260179326953
100.63743 -6.425358 2.1466055 -11.749592 -23.949236 -7.1054826 1260179326964
100.63743 -6.425358 2.1466055 -2.6901293 -23.550255 -4.7920613 1260179326967
98.755554 -3.35409 0.9392752 -2.6901293 -23.550255 -4.7920613 1260179326983
98.755554 -3.35409 0.9392752 -3.8717227 -28.204285 8.686705 1260179326989
96.71777 -1.1863855 -0.0076885917 -3.8717227 -28.204285 8.686705 1260179327003
96.71777 -1.1863855 -0.0076885917 -10.372331 -11.672619 26.421 1260179327010
94.63188 0.27293375 -0.7573042 -10.372331 -11.672619 26.421 1260179327023
94.63188 0.27293375 -0.7573042 -14.277929 -16.657003 31.837675 1260179327027
92.50029 1.2592871 -1.169439 -14.277929 -16.657003 31.837675 1260179327045
92.50029 1.2592871 -1.169439 -12.5625 -16.96936 21.958084 1260179327048
90.275276 1.5463227 -1.2109671 -12.5625 -16.96936 21.958084 1260179327063
90.275276 1.5463227 -1.2109671 -9.62185 -11.731154 16.129213 1260179327069
88.061516 2.0190065 -0.4504187 -9.62185 -11.731154 16.129213 1260179327086
88.061516 2.0190065 -0.4504187 -1.528667 -10.92953 7.14108 1260179327092
85.80844 3.068056 1.0221022 -1.528667 -10.92953 7.14108 1260179327103
85.80844 3.068056 1.0221022 12.20236 -3.9071703 1.1813745 1260179327106
83.41802 4.614653 2.8209972 12.20236 -3.9071703 1.1813745 1260179327125
83.41802 4.614653 2.8209972 7.909894 5.2585163 5.3750367 1260179327128
