101.26231 14.930603 23.320053 -4.6217875 -9.584861 10.720081 1260179461204
101.26231 14.930603 23.320053 -5.2515197 -9.407107 9.668359 1260179461210
99.49919 15.034073 23.55405 -5.2515197 -9.407107 9.668359 1260179461213
99.49919 15.034073 23.55405 -5.3867025 -8.85319 7.7287087 1260179461219
98.824234 15.28237 23.826347 -5.3867025 -8.85319 7.7287087 1260179461225
98.824234 15.28237 23.826347 -4.937483 -7.2195845 5.335659 1260179461231
98.08302 15.518251 24.03503 -4.937483 -7.2195845 5.335659 1260179461235
98.08302 15.518251 24.03503 -4.2016783 -5.0760665 3.5010705 1260179461238
97.12887 15.642339 24.28328 -4.2016783 -5.0760665 3.5010705 1260179461246
97.12887 15.642339 24.28328 -2.728148 -3.6527555 1.3193526 1260179461250
96.27242 15.810222 24.569115 -2.728148 -3.6527555 1.3193526 1260179461256
96.27242 15.810222 24.569115 -0.52306175 -2.0505712 -0.5590162 1260179461258
94.758804 15.91971 25.040659 -0.52306175 -2.0505712 -0.5590162 1260179461267
94.758804 15.91971 25.040659 4.2473598 -0.77338505 -2.4579473 1260179461271
91.52087 15.973724 25.638626 4.2473598 -0.77338505 -2.4579473 1260179461274
91.52087 15.973724 25.638626 9.924633 0.040524006 -1.9789543 1260179461279
87.04482 16.125038 26.356695 9.924633 0.040524006 -1.9789543 1260179461285
87.04482 16.125038 26.356695 14.6645565 1.1640689 2.8654854 1260179461291
97.39258 16.418787 27.08886 14.6645565 1.1640689 2.8654854 1260179461294
97.39258 16.418787 27.08886 14.883707 3.1660683 8.539161 1260179461303
105.12295 16.847847 27.784416 14.883707 3.1660683 8.539161 1260179461306
105.12295 16.847847 27.784416 10.468172 5.1857767 9.196297 1260179461312
112.0168 17.355455 28.595196 10.468172 5.1857767 9.196297 1260179461315
112.0168 17.355455 28.595196 3.406137 5.5625033 4.544894 1260179461318
119.41596 17.787683 29.515436 3.406137 5.5625033 4.544894 1260179461350
119.41596 17.787683 29.515436 -2.3394294 4.3493524 3.3301835 1260179461354
127.49516 18.098299 30.589664 -2.3394294 4.3493524 3.3301835 1260179461366
127.49516 18.098299 30.589664 0.12079191 2.9026108 9.402479 1260179461372
136.2704 18.243383 31.710182 0.12079191 2.9026108 9.402479 1260179461377
136.2704 18.243383 31.710182 10.565008 2.123747 12.420446 1260179461385
145.40688 18.331215 32.774673 10.565008 2.123747 12.420446 1260179461388
145.40688 18.331215 32.774673 17.725464 1.4093616 6.7902822 1260179461395
154.73653 18.364655 33.78594 17.725464 1.4093616 6.7902822 1260179461398
154.73653 18.364655 33.78594 15.414059 1.1220391 -0.7804074 1260179461406
164.7497 18.296421 34.69664 15.414059 1.1220391 -0.7804074 1260179461410
164.7497 18.296421 34.69664 7.6849203 1.797895 -1.9518547 1260179461414
157.16222 18.1816 35.411808 7.6849203 1.797895 -1.9518547 1260179461419
157.16222 18.1816 35.411808 1.6536913 2.8283012 2.233893 1260179461429
151.1541 18.072521 35.69122 1.6536913 2.8283012 2.233893 1260179461433
151.1541 18.072521 35.69122 -0.6792002 3.534464 5.7047195 1260179461438
146.4464 18.168896 35.456657 -0.6792002 3.534464 5.7047195 1260179461447
146.4464 18.168896 35.456657 -0.9565196 1.7950692 5.557573 1260179461456
142.42407 18.460451 34.633823 -0.9565196 1.7950692 5.557573 1260179461465
142.42407 18.460451 34.633823 3.9383438 -2.0164359 3.271738 1260179461468
138.80287 18.83743 33.252132 3.9383438 -2.0164359 3.271738 1260179461475
138.80287 18.83743 33.252132 11.554388 -6.9773602 11.867173 1260179461478
135.46272 19.245558 31.589525 11.554388 -6.9773602 11.867173 1260179461487
135.46272 19.245558 31.589525 1.7199757 -11.312233 23.997028 1260179461492
132.33958 19.63328 29.81005 1.7199757 -11.312233 23.997028 1260179461497
132.33958 19.63328 29.81005 -10.706533 -13.755449 12.886559 1260179461503
129.5726 20.451616 28.169546 -10.706533 -13.755449 12.886559 1260179461512
129.5726 20.451616 28.169546 0.56194985 -15.815405 8.585829 1260179461516
128.24397 22.879036 27.31107 0.56194985 -15.815405 8.585829 1260179461528
128.24397 22.879036 27.31107 9.067908 2.7806516 5.055749 1260179461533
131.78177 29.185085 27.445517 9.067908 2.7806516 5.055749 1260179461536
131.78177 29.185085 27.445517 10.819672 4.009679 -0.95179033 1260179461545
137.09268 35.92583 27.57324 10.819672 4.009679 -0.95179033 1260179461550
137.09268 35.92583 27.57324 12.505165 6.2491794 -8.682045 1260179461554
142.98805 42.57954 27.694578 12.505165 6.2491794 -8.682045 1260179461568
142.98805 42.57954 27.694578 13.690664 6.474801 -15.481902 1260179461576
149.28865 49.000565 27.90985 13.690664 6.474801 -15.481902 1260179461593
149.28865 49.000565 27.90985 14.062776 6.375876 -19.265081 1260179461597
155.47421 55.100536 28.264357 14.062776 6.375876 -19.265081 1260179461605
155.47421 55.100536 28.264357 12.04282 6.484721 -17.706905 1260179461608
161.5005 60.84551 28.901138 12.04282 6.484721 -17.706905 1260179461616
161.5005 60.84551 28.901138 6.700713 5.7788115 -10.906549 1260179461785
167.32549 66.10323 30.056082 6.700713 5.7788115 -10.906549 1260179461795
167.32549 66.10323 30.056082 1.9809198 -2.245699 -10.206977 1260179461808
175.20921 70.54807 31.803278 1.9809198 -2.245699 -10.206977 1260179461812
175.20921 70.54807 31.803278 13.399513 -14.25635 0.9736867 1260179461815
169.94875 68.72067 31.863113 13.399513 -14.25635 0.9736867 1260179461823
169.94875 68.72067 31.863113 11.020754 -3.1809945 15.948904 1260179461826
164.8513 66.93464 30.769958 11.020754 -3.1809945 15.948904 1260179461832
164.8513 66.93464 30.769958 -2.4669955 -2.2758245 11.155748 1260179461836
159.95874 65.13791 29.28146 -2.4669955 -2.2758245 11.155748 1260179461839
159.95874 65.13791 29.28146 -7.7118826 -19.689993 23.888287 1260179461847
155.3108 63.431015 27.617386 -7.7118826 -19.689993 23.888287 1260179461850
155.3108 63.431015 27.617386 4.3640676 -18.166399 14.948244 1260179461854
150.84526 61.709465 25.886517 4.3640676 -18.166399 14.948244 1260179461859
150.84526 61.709465 25.886517 3.9830136 -1.5339289 21.839304 1260179461867
146.553 60.02399 24.09219 3.9830136 -1.5339289 21.839304 1260179461871
146.553 60.02399 24.09219 -11.069403 -3.57275 7.7933946 1260179461875
142.57535 59.17279 22.23758 -11.069403 -3.57275 7.7933946 1260179461882
142.57535 59.17279 22.23758 -3.6845856 -8.797793 12.291242 1260179461886
143.69658 64.06415 21.675701 -3.6845856 -8.797793 12.291242 1260179461895
143.69658 64.06415 21.675701 4.2253404 -11.681925 -8.65085 1260179461898
149.06175 69.51094 21.441916 4.2253404 -11.681925 -8.65085 1260179461909
149.06175 69.51094 21.441916 9.651502 -5.726989 -22.42209 1260179461915
155.65866 74.835396 21.46982 9.651502 -5.726989 -22.42209 1260179461918
155.65866 74.835396 21.46982 13.747566 3.7172256 -28.761938 1260179461926
162.57573 79.99363 21.79633 13.747566 3.7172256 -28.761938 1260179461929
162.57573 79.99363 21.79633 15.108911 8.602531 -23.285479 1260179461932
169.04694 84.793945 22.456512 15.108911 8.602531 -23.285479 1260179461938
169.04694 84.793945 22.456512 11.401873 -2.2324216 -13.41977 1260179461944
174.84459 89.10425 23.533688 11.401873 -2.2324216 -13.41977 1260179461949
174.84459 89.10425 23.533688 6.1669607 -12.471722 -16.07876 1260179461953
178.95236 92.39903 25.257004 6.1669607 -12.471722 -16.07876 1260179461965
178.95236 92.39903 25.257004 13.718121 3.1857548 -7.299163 1260179461971
173.90474 90.179085 25.344154 13.718121 3.1857548 -7.299163 1260179461974
173.90474 90.179085 25.344154 8.839382 -18.912207 1.6589055 1260179461977
168.6095 87.67013 24.226946 8.839382 -18.912207 1.6589055 1260179461986
168.6095 87.67013 24.226946 -6.6902523 -11.375396 22.894054 1260179461990
163.47902 84.88662 22.615599 -6.6902523 -11.375396 22.894054 1260179461999
163.47902 84.88662 22.615599 -9.652243 -14.740717 32.178726 1260179462007
158.65508 82.092285 20.784819 -9.652243 -14.740717 32.178726 1260179462013
158.65508 82.092285 20.784819 2.3733454 -17.86148 21.096218 1260179462019
154.07233 79.18767 18.745577 2.3733454 -17.86148 21.096218 1260179462029
154.07233 79.18767 18.745577 -9.012303 -3.470368 11.84116 1260179462034
149.56871 76.328285 16.158298 -9.012303 -3.470368 11.84116 1260179462044
149.56871 76.328285 16.158298 -12.151802 -13.331615 5.7854967 1260179462047
142.79027 80.21187 12.500383 -12.151802 -13.331615 5.7854967 1260179462066
142.79027 80.21187 12.500383 -6.1624465 6.83505 -1.0273571 1260179462069
137.30075 84.70127 11.475364 -6.1624465 6.83505 -1.0273571 1260179462088
137.30075 84.70127 11.475364 -10.750175 -3.628058 -18.328403 1260179462091
139.53572 89.11621 11.151595 -10.750175 -3.628058 -18.328403 1260179462113
139.53572 89.11621 11.151595 -7.733254 -11.81182 -22.371346 1260179462117
144.30893 93.3104 11.1940155 -7.733254 -11.81182 -22.371346 1260179462125
144.30893 93.3104 11.1940155 -3.6964445 4.330354 -27.132294 1260179462129
149.64348 97.24488 11.484315 -3.6964445 4.330354 -27.132294 1260179462146
149.64348 97.24488 11.484315 -0.003742218 -5.4154778 -32.720173 1260179462150
154.81131 100.832634 12.0601 -0.003742218 -5.4154778 -32.720173 1260179462163
154.81131 100.832634 12.0601 5.7626987 -7.842286 -16.16954 1260179462172
158.97075 103.841 12.957094 5.7626987 -7.842286 -16.16954 1260179462183
158.97075 103.841 12.957094 14.696784 -5.4668474 -26.694092 1260179462186
160.17221 105.498955 14.10924 14.696784 -5.4668474 -26.694092 1260179462205
160.17221 105.498955 14.10924 19.27594 -1.6462107 -7.1768384 1260179462208
156.2636 103.424 14.303778 19.27594 -1.6462107 -7.1768384 1260179462228
156.2636 103.424 14.303778 15.521044 -19.354538 7.295843 1260179462231
151.85042 100.852806 13.738588 15.521044 -19.354538 7.295843 1260179462242
151.85042 100.852806 13.738588 10.543672 -23.407812 19.353298 1260179462248
147.4579 97.910164 12.801659 10.543672 -23.407812 19.353298 1260179462263
147.4579 97.910164 12.801659 -0.2760191 -15.704189 14.724595 1260179462266
143.285 94.66466 11.661575 -0.2760191 -15.704189 14.724595 1260179462287
143.285 94.66466 11.661575 -13.562477 -21.497484 31.850853 1260179462290
139.27075 91.18143 10.278497 -13.562477 -21.497484 31.850853 1260179462303
139.27075 91.18143 10.278497 -15.163768 -11.099425 30.502964 1260179462308
135.40721 87.62235 8.614572 -15.163768 -11.099425 30.502964 1260179462323
135.40721 87.62235 8.614572 -1.7674375 -4.297657 12.868107 1260179462328
131.63686 84.29124 6.383843 -1.7674375 -4.297657 12.868107 1260179462344
131.63686 84.29124 6.383843 -8.277056 -10.553484 2.8736496 1260179462347
126.405014 87.52667 3.1646507 -8.277056 -10.553484 2.8736496 1260179462367
126.405014 87.52667 3.1646507 -7.948686 -0.5023861 -10.071452 1260179462371
121.234764 91.30034 2.156418 -7.948686 -0.5023861 -10.071452 1260179462554
121.234764 91.30034 2.156418 4.080908 -2.168107 -7.488264 1260179462565
120.47302 95.285324 2.048597 4.080908 -2.168107 -7.488264 1260179462571
120.47302 95.285324 2.048597 8.5662775 -11.735478 -24.083277 1260179462575
126.64937 99.32106 2.3961673 8.5662775 -11.735478 -24.083277 1260179462578
126.64937 99.32106 2.3961673 10.8013935 7.2209973 -30.219294 1260179462586
134.2669 103.255005 2.976359 10.8013935 7.2209973 -30.219294 1260179462589
134.2669 103.255005 2.976359 8.885199 -5.1046305 -20.202566 1260179462593
141.85356 106.992256 3.727541 8.885199 -5.1046305 -20.202566 1260179462598
141.85356 106.992256 3.727541 3.502028 -2.757751 -35.54918 1260179462606
148.76088 110.44264 4.691164 3.502028 -2.757751 -35.54918 1260179462612
148.76088 110.44264 4.691164 0.22678375 2.8555164 -23.570068 1260179462618
154.02284 113.32051 5.856606 0.22678375 2.8555164 -23.570068 1260179462623
154.02284 113.32051 5.856606 5.370442 -6.2278714 -8.515597 1260179462629
156.0717 114.854485 7.3137755 5.370442 -6.2278714 -8.515597 1260179462632
156.0717 114.854485 7.3137755 15.963799 -17.325825 -8.343309 1260179462635
152.61812 112.36176 7.848087 15.963799 -17.325825 -8.343309 1260179462643
152.61812 112.36176 7.848087 14.171961 -6.009286 4.019974 1260179462646
148.43721 109.14368 7.5556827 14.171961 -6.009286 4.019974 1260179462654
148.43721 109.14368 7.5556827 10.15719 -22.693638 12.074642 1260179462657
144.21535 105.53649 6.9278984 10.15719 -22.693638 12.074642 1260179462667
144.21535 105.53649 6.9278984 3.5604184 -7.0169477 23.62007 1260179462671
140.10458 101.75967 6.1315036 3.5604184 -7.0169477 23.62007 1260179462674
140.10458 101.75967 6.1315036 -6.234289 -24.16003 28.638103 1260179462679
136.19936 97.921684 5.2249284 -6.234289 -24.16003 28.638103 1260179462688
136.19936 97.921684 5.2249284 -14.3974695 -6.971282 20.866074 1260179462691
132.53938 94.1756 4.263682 -14.3974695 -6.971282 20.866074 1260179462695
132.53938 94.1756 4.263682 -14.850079 -8.8411 17.171007 1260179462703
129.11241 90.81682 3.2504978 -14.850079 -8.8411 17.171007 1260179462706
129.11241 90.81682 3.2504978 -6.0910707 -10.873269 24.591702 1260179462713
126.05679 88.62598 2.3379729 -6.0910707 -10.873269 24.591702 1260179462718
126.05679 88.62598 2.3379729 4.4396515 -13.44233 1.0608621 1260179462729
125.15395 89.89468 2.4710743 4.4396515 -13.44233 1.0608621 1260179462735
125.15395 89.89468 2.4710743 6.716179 -16.284073 -0.35122633 1260179462738
127.44626 92.94994 3.1975207 6.716179 -16.284073 -0.35122633 1260179462746
127.44626 92.94994 3.1975207 3.6608777 2.599761 -14.1878395 1260179462750
132.32394 96.50245 4.1876445 3.6608777 2.599761 -14.1878395 1260179462759
132.32394 96.50245 4.1876445 -0.4862852 -13.017187 -14.495527 1260179462768
138.35774 100.17733 5.278262 -0.4862852 -13.017187 -14.495527 1260179462773
138.35774 100.17733 5.278262 1.7521925 -0.44709945 -14.902061 1260179462783
144.98985 103.86846 6.4643493 1.7521925 -0.44709945 -14.902061 1260179462787
144.98985 103.86846 6.4643493 12.389582 -0.36699522 -28.14235 1260179462796
151.89037 107.47504 7.891132 12.389582 -0.36699522 -28.14235 1260179462804
151.89037 107.47504 7.891132 20.144703 -7.418301 -15.215252 1260179462806
158.14584 110.75128 9.596576 20.144703 -7.418301 -15.215252 1260179462826
158.14584 110.75128 9.596576 7.300461 5.324258 -3.0486016 1260179462830
163.23856 113.463715 11.866747 7.300461 5.324258 -3.0486016 1260179462842
163.23856 113.463715 11.866747 1.5756688 -6.044109 2.1513586 1260179462846
166.62663 115.54053 14.47341 1.5756688 -6.044109 2.1513586 1260179462864
166.62663 115.54053 14.47341 16.415512 -9.597463 1.5502133 1260179462867
163.9953 111.1635 16.59974 16.415512 -9.597463 1.5502133 1260179462886
163.9953 111.1635 16.59974 -1.1701999 5.592716 4.3104267 1260179462889
160.39554 106.90532 17.969751 -1.1701999 5.592716 4.3104267 1260179462908
160.39554 106.90532 17.969751 -1.695271 -4.624194 10.9595 1260179462912
