82.506355 16.455702 11.036271 -6.0147295 -4.496276 12.0516405 1260179636255
82.506355 16.455702 11.036271 -6.100771 1.3655119 8.697078 1260179636265
78.381035 16.882917 11.634458 -6.100771 1.3655119 8.697078 1260179636268
78.381035 16.882917 11.634458 -3.4540768 4.247824 6.885995 1260179636274
74.511986 17.088772 12.402735 -3.4540768 4.247824 6.885995 1260179636277
74.511986 17.088772 12.402735 3.579248 5.5375595 7.2587953 1260179636286
70.936386 17.134333 13.382598 3.579248 5.5375595 7.2587953 1260179636314
70.936386 17.134333 13.382598 12.697057 6.3609824 7.328657 1260179636324
85.18957 17.227615 14.663468 12.697057 6.3609824 7.328657 1260179636327
85.18957 17.227615 14.663468 14.139839 6.9405327 6.571511 1260179636333
97.63009 17.516235 16.480295 14.139839 6.9405327 6.571511 1260179636339
97.63009 17.516235 16.480295 -1.4584756 6.7872725 1.835449 1260179636350
106.698586 23.990423 18.50628 -1.4584756 6.7872725 1.835449 1260179636353
106.698586 23.990423 18.50628 1.5368099 5.74053 3.820596 1260179636359
113.16366 29.890902 19.480967 1.5368099 5.74053 3.820596 1260179636367
113.16366 29.890902 19.480967 10.238637 5.25416 -3.2065823 1260179636373
117.455475 35.296356 19.606918 10.238637 5.25416 -3.2065823 1260179636383
117.455475 35.296356 19.606918 10.355683 -0.0062685013 -11.611427 1260179636388
120.1327 40.28154 19.176573 10.355683 -0.0062685013 -11.611427 1260179636394
120.1327 40.28154 19.176573 5.3953075 -13.656921 -16.02578 1260179636403
121.27606 44.817463 18.267744 5.3953075 -13.656921 -16.02578 1260179636406
121.27606 44.817463 18.267744 -5.07221 -17.140549 -3.1545997 1260179636415
120.812256 48.87659 16.854357 -5.07221 -17.140549 -3.1545997 1260179636425
120.812256 48.87659 16.854357 -11.25967 -1.1081448 -8.289311 1260179636428
118.62164 52.53276 14.661639 -11.25967 -1.1081448 -8.289311 1260179636443
118.62164 52.53276 14.661639 2.6260157 -18.590961 -0.69272137 1260179636448
115.24056 52.35612 11.978558 2.6260157 -18.590961 -0.69272137 1260179636466
115.24056 52.35612 11.978558 -15.1458235 -19.96011 -1.1634889 1260179636473
111.47853 51.688316 9.4796295 -15.1458235 -19.96011 -1.1634889 1260179636483
111.47853 51.688316 9.4796295 -12.727487 -22.23726 8.159772 1260179636486
107.5546 50.9039 7.455648 -12.727487 -22.23726 8.159772 1260179636501
107.5546 50.9039 7.455648 -2.7216158 -19.092669 17.29944 1260179636509
103.52687 50.158707 5.9328656 -2.7216158 -19.092669 17.29944 1260179636523
103.52687 50.158707 5.9328656 -12.025883 -12.09922 24.924717 1260179636530
99.55053 49.80077 5.0362225 -12.025883 -12.09922 24.924717 1260179636543
99.55053 49.80077 5.0362225 -13.104319 -8.206795 15.618053 1260179636546
95.673004 50.26073 5.0344114 -13.104319 -8.206795 15.618053 1260179636565
95.673004 50.26073 5.0344114 -8.097663 -12.061922 10.184106 1260179636570
108.189354 51.247696 5.782691 -8.097663 -12.061922 10.184106 1260179636581
108.189354 51.247696 5.782691 -0.13980436 -20.586315 5.3046484 1260179636585
114.87988 54.88531 6.5935564 -0.13980436 -20.586315 5.3046484 1260179636601
114.87988 54.88531 6.5935564 9.040472 -3.4945488 -7.5909696 1260179636604
120.38589 58.841045 7.1138787 9.040472 -3.4945488 -7.5909696 1260179636621
120.38589 58.841045 7.1138787 12.956858 -21.318325 -16.773706 1260179636625
124.71659 62.898994 7.3081846 12.956858 -21.318325 -16.773706 1260179636644
124.71659 62.898994 7.3081846 12.326097 -13.8011265 -9.961151 1260179636648
127.18076 66.85404 7.0927753 12.326097 -13.8011265 -9.961151 1260179636661
127.18076 66.85404 7.0927753 7.912464 -3.4074173 -18.523672 1260179636665
126.67172 70.56134 6.0881367 7.912464 -3.4074173 -18.523672 1260179636681
126.67172 70.56134 6.0881367 -4.8277545 -18.182388 -8.817135 1260179636684
122.68813 73.88327 3.7837298 -4.8277545 -18.182388 -8.817135 1260179636706
122.68813 73.88327 3.7837298 -11.780532 3.5602245 -3.6796708 1260179636709
117.05373 71.489105 0.8445433 -11.780532 3.5602245 -3.6796708 1260179636721
117.05373 71.489105 0.8445433 -1.2809143 -11.503717 -0.76063514 1260179636725
111.40104 68.71465 -1.347684 -1.2809143 -11.503717 -0.76063514 1260179636741
111.40104 68.71465 -1.347684 -19.64977 -0.2254653 11.87166 1260179636745
105.88099 66.12892 -3.0802999 -19.64977 -0.2254653 11.87166 1260179636761
105.88099 66.12892 -3.0802999 -10.475045 -3.3449323 22.439499 1260179636765
100.58694 63.922474 -4.5262847 -10.475045 -3.3449323 22.439499 1260179636781
100.58694 63.922474 -4.5262847 0.75031185 -15.025218 11.720328 1260179636785
113.40759 62.32635 -5.7499704 0.75031185 -15.025218 11.720328 1260179636804
113.40759 62.32635 -5.7499704 -2.5234275 -3.5491753 18.184954 1260179636807
125.58721 61.760033 -6.662472 -2.5234275 -3.5491753 18.184954 1260179637009
125.58721 61.760033 -6.662472 -9.376312 -2.3592644 11.002998 1260179637012
136.60785 62.22203 -7.179348 -9.376312 -2.3592644 11.002998 1260179637015
136.60785 62.22203 -7.179348 -11.848238 -8.348182 7.237961 1260179637018
141.97746 64.31093 -7.4203806 -11.848238 -8.348182 7.237961 1260179637022
141.97746 64.31093 -7.4203806 -12.379904 -26.552694 -2.1562629 1260179637034
145.2786 66.745384 -7.449362 -12.379904 -26.552694 -2.1562629 1260179637043
145.2786 66.745384 -7.449362 -11.991527 -12.518763 -10.432714 1260179637047
148.16467 69.358116 -7.476894 -11.991527 -12.518763 -10.432714 1260179637053
148.16467 69.358116 -7.476894 -12.271381 -23.456692 -7.5981655 1260179637056
150.55644 72.09021 -7.553049 -12.271381 -23.456692 -7.5981655 1260179637059
150.55644 72.09021 -7.553049 -13.282252 -23.266142 -16.702967 1260179637067
152.42862 74.8357 -7.6753964 -13.282252 -23.266142 -16.702967 1260179637073
152.42862 74.8357 -7.6753964 -14.397642 -16.361696 -14.000112 1260179637078
153.75719 77.49392 -7.891627 -14.397642 -16.361696 -14.000112 1260179637084
153.75719 77.49392 -7.891627 -15.431881 -28.92481 -14.906511 1260179637089
154.16933 80.119225 -8.297046 -15.431881 -28.92481 -14.906511 1260179637093
154.16933 80.119225 -8.297046 -15.418743 -8.5197315 -13.656529 1260179637096
153.51086 82.66326 -8.932194 -15.418743 -8.5197315 -13.656529 1260179637111
153.51086 82.66326 -8.932194 -12.030312 -23.689789 -16.224022 1260179637114
151.63531 85.1801 -9.885584 -12.030312 -23.689789 -16.224022 1260179637124
151.63531 85.1801 -9.885584 -3.7599602 -9.336611 -0.6972685 1260179637127
148.00356 87.9211 -11.341305 -3.7599602 -9.336611 -0.6972685 1260179637135
148.00356 87.9211 -11.341305 -8.6021423E-4 -8.903797 -3.0836413 1260179637138
143.15338 90.975044 -13.424239 -8.6021423E-4 -8.903797 -3.0836413 1260179637142
143.15338 90.975044 -13.424239 -17.287964 -7.560498 -10.250083 1260179637145
137.49571 94.226295 -16.053026 -17.287964 -7.560498 -10.250083 1260179637148
137.49571 94.226295 -16.053026 -6.8322506 -4.3250475 -9.233823 1260179637163
131.67093 90.41498 -18.250376 -6.8322506 -4.3250475 -9.233823 1260179637166
131.67093 90.41498 -18.250376 -4.729258 -9.965552 -1.4954443 1260179637169
126.037384 86.79423 -19.487858 -4.729258 -9.965552 -1.4954443 1260179637178
126.037384 86.79423 -19.487858 -15.495986 4.5981445 12.234512 1260179637188
120.83552 83.55452 -20.213465 -15.495986 4.5981445 12.234512 1260179637200
120.83552 83.55452 -20.213465 -18.580444 -15.307662 11.509138 1260179637204
116.143745 80.62679 -20.652792 -18.580444 -15.307662 11.509138 1260179637210
116.143745 80.62679 -20.652792 -17.477114 1.6448903 11.157742 1260179637213
111.836555 77.99545 -20.770153 -17.477114 1.6448903 11.157742 1260179637216
111.836555 77.99545 -20.770153 -15.0632715 -11.953438 14.491264 1260179637219
