78.28629 18.932552 15.399199 12.2604065 1.4812183 3.4985757 1260179622863
78.28629 18.932552 15.399199 7.391036 -6.519357 -2.671307 1260179622866
92.12198 19.835924 16.129238 7.391036 -6.519357 -2.671307 1260179622874
92.12198 19.835924 16.129238 0.2148509 -13.226622 0.40502834 1260179622877
104.51588 20.744127 17.072777 0.2148509 -13.226622 0.40502834 1260179622881
104.51588 20.744127 17.072777 -5.4250064 -13.744657 4.669314 1260179622884
112.89008 21.906921 18.269138 -5.4250064 -13.744657 4.669314 1260179623078
112.89008 21.906921 18.269138 -1.1926107 -5.2783046 -6.1638474 1260179623087
118.49558 27.211575 19.20568 -1.1926107 -5.2783046 -6.1638474 1260179623109
118.49558 27.211575 19.20568 7.4892044 -13.942308 -5.516978 1260179623118
122.770805 32.100994 19.595396 7.4892044 -13.942308 -5.516978 1260179623122
122.770805 32.100994 19.595396 10.450251 -13.160706 2.4959762 1260179623127
126.08227 36.845943 19.515627 10.450251 -13.160706 2.4959762 1260179623134
126.08227 36.845943 19.515627 9.256217 -0.7755847 -0.19045067 1260179623140
128.52815 41.453648 19.139845 9.256217 -0.7755847 -0.19045067 1260179623143
128.52815 41.453648 19.139845 5.2294674 -3.4470544 -14.57251 1260179623147
129.80174 45.580967 18.432852 5.2294674 -3.4470544 -14.57251 1260179623155
129.80174 45.580967 18.432852 -2.8632903 -19.807148 -6.923723 1260179623159
129.51166 49.101917 17.26121 -2.8632903 -19.807148 -6.923723 1260179623164
129.51166 49.101917 17.26121 -10.901739 -1.9930553 -5.325571 1260179623167
127.336075 52.14682 15.448149 -10.901739 -1.9930553 -5.325571 1260179623178
127.336075 52.14682 15.448149 -1.6093326 -21.46698 1.1915758 1260179623181
123.91927 52.43948 13.225741 -1.6093326 -21.46698 1.1915758 1260179623187
123.91927 52.43948 13.225741 -1.5011392 -21.255032 -0.68925977 1260179623193
119.97331 52.017506 10.914454 -1.5011392 -21.255032 -0.68925977 1260179623199
119.97331 52.017506 10.914454 -19.969414 -22.715042 9.200658 1260179623202
115.924644 51.16663 8.668732 -19.969414 -22.715042 9.200658 1260179623207
115.924644 51.16663 8.668732 -4.4726334 -19.179161 7.301432 1260179623214
111.828415 50.1083 6.4852953 -4.4726334 -19.179161 7.301432 1260179623219
111.828415 50.1083 6.4852953 -8.847336 -7.89122 21.808584 1260179623223
107.63699 48.902885 4.3610306 -8.847336 -7.89122 21.808584 1260179623228
107.63699 48.902885 4.3610306 -18.912586 2.1788974 10.648577 1260179623239
103.45515 47.75774 2.292979 -18.912586 2.1788974 10.648577 1260179623245
103.45515 47.75774 2.292979 -0.873116 -0.24337006 14.168266 1260179623247
99.43239 46.919853 0.32833004 -0.873116 -0.24337006 14.168266 1260179623255
99.43239 46.919853 0.32833004 -3.7453814 -7.9241853 -2.1649432 1260179623258
95.760765 46.673862 -1.3880866 -3.7453814 -7.9241853 -2.1649432 1260179623262
95.760765 46.673862 -1.3880866 -15.16674 -10.909634 3.136557 1260179623265
93.02273 47.29017 -2.6686823 -15.16674 -10.909634 3.136557 1260179623274
93.02273 47.29017 -2.6686823 -8.549799 -5.950878 10.660757 1260179623278
93.27159 50.27566 -3.2852483 -8.549799 -5.950878 10.660757 1260179623282
93.27159 50.27566 -3.2852483 -1.0895357 -9.41607 -10.910761 1260179623285
97.25801 53.361877 -3.3709857 -1.0895357 -9.41607 -10.910761 1260179623293
97.25801 53.361877 -3.3709857 1.1660012 -12.701099 4.6574545 1260179623296
102.14511 56.593784 -3.2024364 1.1660012 -12.701099 4.6574545 1260179623302
102.14511 56.593784 -3.2024364 0.5277996 -15.914708 -18.039463 1260179623305
107.33785 59.814095 -2.9423146 0.5277996 -15.914708 -18.039463 1260179623318
107.33785 59.814095 -2.9423146 -1.1772852 -17.095272 -1.5680876 1260179623324
112.620964 62.87339 -2.6451988 -1.1772852 -17.095272 -1.5680876 1260179623327
112.620964 62.87339 -2.6451988 -3.5776978 -21.164356 -20.908937 1260179623336
117.83991 65.72972 -2.362939 -3.5776978 -21.164356 -20.908937 1260179623340
117.83991 65.72972 -2.362939 -5.7386436 -24.266445 -5.760671 1260179623343
122.89792 68.393234 -2.1447918 -5.7386436 -24.266445 -5.760671 1260179623348
122.89792 68.393234 -2.1447918 -7.4666944 -14.826971 -15.74862 1260179623355
127.50302 70.87357 -2.0375524 -7.4666944 -14.826971 -15.74862 1260179623363
127.50302 70.87357 -2.0375524 -8.928785 -28.914215 -9.460305 1260179623366
131.27788 73.2299 -2.0856748 -8.928785 -28.914215 -9.460305 1260179623374
131.27788 73.2299 -2.0856748 -9.591843 -8.514897 -6.1518345 1260179623378
133.56398 75.5184 -2.431391 -9.591843 -8.514897 -6.1518345 1260179623386
133.56398 75.5184 -2.431391 -8.75941 -14.849745 -14.650329 1260179623394
133.38579 77.84248 -3.2098215 -8.75941 -14.849745 -14.650329 1260179623399
133.38579 77.84248 -3.2098215 -3.6359062 -17.843374 1.8014812 1260179623403
130.6665 80.35036 -4.6993303 -3.6359062 -17.843374 1.8014812 1260179623418
130.6665 80.35036 -4.6993303 3.2477775 0.09442711 -3.2175488 1260179623422
126.13318 83.38284 -7.014364 3.2477775 0.09442711 -3.2175488 1260179623433
126.13318 83.38284 -7.014364 -15.301807 -16.853558 -1.5087283 1260179623438
121.17652 80.7137 -9.613646 -15.301807 -16.853558 -1.5087283 1260179623454
121.17652 80.7137 -9.613646 -7.857769 2.3506246 -4.1111784 1260179623457
116.3677 78.278015 -11.832963 -7.857769 2.3506246 -4.1111784 1260179623476
116.3677 78.278015 -11.832963 -2.3066769 -8.420434 -4.362732 1260179623479
112.09931 76.664116 -13.241315 -2.3066769 -8.420434 -4.362732 1260179623493
112.09931 76.664116 -13.241315 -12.674954 -16.594007 4.912031 1260179623502
108.44434 75.88091 -13.779249 -12.674954 -16.594007 4.912031 1260179623512
108.44434 75.88091 -13.779249 -13.305923 -13.265818 5.710529 1260179623516
104.87212 75.18687 -13.940287 -13.305923 -13.265818 5.710529 1260179623536
104.87212 75.18687 -13.940287 -12.716119 -7.423851 5.742507 1260179623540
101.42852 74.377525 -13.993272 -12.716119 -7.423851 5.742507 1260179623558
101.42852 74.377525 -13.993272 -12.300202 -0.47174644 5.4745364 1260179623562
98.30709 73.45865 -13.893608 -12.300202 -0.47174644 5.4745364 1260179623573
98.30709 73.45865 -13.893608 -11.7172575 0.5330696 4.541726 1260179623579
95.441734 72.685715 -13.648928 -11.7172575 0.5330696 4.541726 1260179623593
95.441734 72.685715 -13.648928 -10.303031 -4.857778 1.2134771 1260179623597
