97.96636 42.378025 46.558556 17.002354 6.8998013 1.928252 1260179283104
97.96636 42.378025 46.558556 12.795513 7.7378373 -1.3166133 1260179283112
107.76804 31.309124 46.68063 12.795513 7.7378373 -1.3166133 1260179283137
107.76804 31.309124 46.68063 12.416161 1.1672593 -15.96677 1260179283147
118.42964 21.143667 45.8966 12.416161 1.1672593 -15.96677 1260179283151
118.42964 21.143667 45.8966 18.707245 -4.7175074 -13.165593 1260179283157
129.10815 11.586484 44.701767 18.707245 -4.7175074 -13.165593 1260179283163
129.10815 11.586484 44.701767 15.937824 12.292461 -18.4351 1260179283169
139.65274 2.55716 43.516678 15.937824 12.292461 -18.4351 1260179283174
139.65274 2.55716 43.516678 5.3522015 -0.12222338 -32.133224 1260179283184
148.72011 -6.220699 42.290844 5.3522015 -0.12222338 -32.133224 1260179283193
148.72011 -6.220699 42.290844 -1.2432756 2.7794976 -25.898201 1260179283196
153.3341 2.8903363 40.976303 -1.2432756 2.7794976 -25.898201 1260179283204
153.3341 2.8903363 40.976303 4.5183315 -4.057308 -11.556561 1260179283207
150.5174 9.795819 39.177486 4.5183315 -4.057308 -11.556561 1260179283223
150.5174 9.795819 39.177486 11.256413 -6.38951 -13.019488 1260179283228
146.39153 14.256028 36.81861 11.256413 -6.38951 -13.019488 1260179283243
146.39153 14.256028 36.81861 -10.076131 -27.505407 -1.7342696 1260179283249
142.57195 16.643227 34.27768 -10.076131 -27.505407 -1.7342696 1260179283262
142.57195 16.643227 34.27768 -3.8854725 -16.153309 16.432844 1260179283266
139.14334 18.211065 31.713795 -3.8854725 -16.153309 16.432844 1260179283281
139.14334 18.211065 31.713795 -6.412944 -18.308231 27.258715 1260179283285
135.98618 19.050512 29.278105 -6.412944 -18.308231 27.258715 1260179283301
135.98618 19.050512 29.278105 -17.718845 -20.656881 19.426828 1260179283305
133.03687 19.397987 26.9142 -17.718845 -20.656881 19.426828 1260179283322
133.03687 19.397987 26.9142 0.40323353 -17.93959 22.83601 1260179283324
130.38503 19.228088 24.56849 0.40323353 -17.93959 22.83601 1260179283344
130.38503 19.228088 24.56849 -12.595871 -9.696336 27.485035 1260179283347
127.91577 18.766684 22.190065 -12.595871 -9.696336 27.485035 1260179283361
127.91577 18.766684 22.190065 -7.1531477 -1.4633784 2.2486763 1260179283364
136.16998 17.928349 16.880562 -7.1531477 -1.4633784 2.2486763 1260179283384
136.16998 17.928349 16.880562 -11.825433 7.708716 -2.0396936 1260179283387
132.61148 8.63193 16.186533 -11.825433 7.708716 -2.0396936 1260179283401
132.61148 8.63193 16.186533 -3.7774997 -4.40683 -5.799045 1260179283404
127.18091 3.34018E-4 16.027206 -3.7774997 -4.40683 -5.799045 1260179283421
127.18091 3.34018E-4 16.027206 2.0046787 6.044161 -30.266552 1260179283424
122.371864 -7.999683 16.075846 2.0046787 6.044161 -30.266552 1260179283441
122.371864 -7.999683 16.075846 5.069964 19.993145 -25.5317 1260179283445
118.20327 -15.499699 16.122053 5.069964 19.993145 -25.5317 1260179283461
118.20327 -15.499699 16.122053 5.9725156 14.502509 -20.369682 1260179283464
114.143105 -22.724714 16.11595 5.9725156 14.502509 -20.369682 1260179283483
114.143105 -22.724714 16.11595 4.488248 4.00807 -20.940182 1260179283486
108.68595 -30.038479 15.960153 4.488248 4.00807 -20.940182 1260179283501
108.68595 -30.038479 15.960153 2.635048 -5.4087024 -22.839666 1260179283505
109.40166 -21.636555 15.962145 2.635048 -5.4087024 -22.839666 1260179283527
109.40166 -21.636555 15.962145 0.5730946 -4.088538 1.1859112 1260179283531
107.78158 -17.104727 15.514037 0.5730946 -4.088538 1.1859112 1260179283541
107.78158 -17.104727 15.514037 4.1631846 -26.936188 7.821514 1260179283544
106.1425 -13.64949 15.088335 4.1631846 -26.936188 7.821514 1260179283561
106.1425 -13.64949 15.088335 9.613839 -15.273396 14.744464 1260179283564
104.635376 -10.667016 14.833919 9.613839 -15.273396 14.744464 1260179283581
104.635376 -10.667016 14.833919 14.244373 -36.84337 27.771767 1260179283584
103.303604 -7.8336654 14.792223 14.244373 -36.84337 27.771767 1260179283601
103.303604 -7.8336654 14.792223 15.603235 -13.315752 21.085596 1260179283605
102.28842 -5.141982 15.152612 15.603235 -13.315752 21.085596 1260179283622
102.28842 -5.141982 15.152612 13.870375 -25.757896 10.533428 1260179283625
101.924 -2.884883 16.44498 13.870375 -25.757896 10.533428 1260179283641
101.924 -2.884883 16.44498 1.4632187 -5.3298645 11.963058 1260179283644
114.077805 -10.790639 17.972733 1.4632187 -5.3298645 11.963058 1260179283666
114.077805 -10.790639 17.972733 -1.799201 -7.0751624 -5.9201097 1260179283670
111.87392 -17.051107 17.724096 -1.799201 -7.0751624 -5.9201097 1260179283681
111.87392 -17.051107 17.724096 -5.915789 -0.2308321 -9.969417 1260179283685
111.53022 -22.698551 16.637892 -5.915789 -0.2308321 -9.969417 1260179283857
111.53022 -22.698551 16.637892 -9.108528 6.8703327 -6.4156365 1260179283864
112.75371 -28.163624 14.805997 -9.108528 6.8703327 -6.4156365 1260179283867
112.75371 -28.163624 14.805997 1.4913096 14.430684 -4.012348 1260179283876
115.36602 -33.705444 12.215697 1.4913096 14.430684 -4.012348 1260179283879
115.36602 -33.705444 12.215697 -14.08581 18.871525 -14.095858 1260179283887
119.04772 -39.57017 8.904912 -14.08581 18.871525 -14.095858 1260179283891
119.04772 -39.57017 8.904912 -9.201534 17.697187 -3.2866473 1260179283896
123.545334 -45.641663 5.1096663 -9.201534 17.697187 -3.2866473 1260179283899
123.545334 -45.641663 5.1096663 -24.48223 15.209726 -4.0537443 1260179283905
129.21806 -51.90958 1.0041829 -24.48223 15.209726 -4.0537443 1260179283911
129.21806 -51.90958 1.0041829 -6.4006224 12.184485 -2.796053 1260179283914
137.70715 -40.7641 -2.7960262 -6.4006224 12.184485 -2.796053 1260179283923
137.70715 -40.7641 -2.7960262 -14.855985 -1.1432297 6.8372984 1260179283926
131.4718 -31.925894 -4.556225 -14.855985 -1.1432297 6.8372984 1260179283932
131.4718 -31.925894 -4.556225 3.4290056 -2.2714834 -5.32102 1260179283935
128.8482 -24.3296 -4.1284137 3.4290056 -2.2714834 -5.32102 1260179283938
128.8482 -24.3296 -4.1284137 9.0748625 -18.95569 -10.535168 1260179283946
127.705795 -16.81312 -2.6219928 9.0748625 -18.95569 -10.535168 1260179283951
127.705795 -16.81312 -2.6219928 4.450296 -25.605007 -4.4345255 1260179283958
126.37051 -9.472464 -0.64089316 4.450296 -25.605007 -4.4345255 1260179283966
126.37051 -9.472464 -0.64089316 10.825392 -21.728504 -14.19346 1260179283971
124.45198 -2.3988404 1.4911517 10.825392 -21.728504 -14.19346 1260179283974
124.45198 -2.3988404 1.4911517 31.289083 -17.575443 -0.6424311 1260179283979
122.02938 -0.028898405 3.5165942 31.289083 -17.575443 -0.6424311 1260179283985
122.02938 -0.028898405 3.5165942 19.973717 -24.342424 -1.4332857 1260179283990
119.42791 1.9725465 5.4407644 19.973717 -24.342424 -1.4332857 1260179283996
119.42791 1.9725465 5.4407644 15.2556 -30.934845 10.415708 1260179284006
116.80651 3.6239192 7.218726 15.2556 -30.934845 10.415708 1260179284012
116.80651 3.6239192 7.218726 27.324453 -12.520648 9.176854 1260179284015
114.316185 5.042723 9.00779 27.324453 -12.520648 9.176854 1260179284026
114.316185 5.042723 9.00779 19.114912 -2.6340313 8.316822 1260179284029
112.10037 6.590587 10.9074 19.114912 -2.6340313 8.316822 1260179284032
112.10037 6.590587 10.9074 0.5350542 -11.219248 4.230616 1260179284039
113.54536 13.261058 12.46203 0.5350542 -11.219248 4.230616 1260179284050
113.54536 13.261058 12.46203 4.604524 -11.748802 4.25992 1260179284054
117.61809 21.048004 12.338929 4.604524 -11.748802 4.25992 1260179284065
117.61809 21.048004 12.338929 0.06483936 -10.370247 -18.437164 1260179284072
115.98718 11.295604 11.771983 0.06483936 -10.370247 -18.437164 1260179284083
115.98718 11.295604 11.771983 -6.487705 11.446125 -18.986645 1260179284086
116.48782 2.4308233 11.083384 -6.487705 11.446125 -18.986645 1260179284103
116.48782 2.4308233 11.083384 -10.579464 0.41648722 -27.347206 1260179284108
117.66343 -5.790718 10.329214 -10.579464 0.41648722 -27.347206 1260179284124
117.66343 -5.790718 10.329214 -10.059873 4.7373457 -34.48537 1260179284135
120.33026 -13.751183 9.362753 -10.059873 4.7373457 -34.48537 1260179284142
120.33026 -13.751183 9.362753 -4.159666 16.815355 -32.82987 1260179284145
128.21375 -22.013622 8.144615 -4.159666 16.815355 -32.82987 1260179284166
128.21375 -22.013622 8.144615 1.7071362 0.28372905 -25.141382 1260179284169
122.553055 -13.012941 6.7373843 1.7071362 0.28372905 -25.141382 1260179284183
122.553055 -13.012941 6.7373843 -4.8804364 -5.6559963 -14.871292 1260179284189
118.875404 -5.912294 5.350515 -4.8804364 -5.6559963 -14.871292 1260179284205
118.875404 -5.912294 5.350515 -16.547655 -22.634083 -7.280573 1260179284212
115.93163 -1.9666791 4.2329893 -16.547655 -22.634083 -7.280573 1260179284223
115.93163 -1.9666791 4.2329893 -16.213697 -16.291813 2.8735876 1260179284226
113.235054 1.231655 3.52134 -16.213697 -16.291813 2.8735876 1260179284246
113.235054 1.231655 3.52134 -9.230683 -37.027306 10.755817 1260179284249
110.6233 3.5700724 3.0452728 -9.230683 -37.027306 10.755817 1260179284263
110.6233 3.5700724 3.0452728 -2.6260557 -21.153097 31.38718 1260179284269
107.992134 5.2915688 2.743009 -2.6260557 -21.153097 31.38718 1260179284283
107.992134 5.2915688 2.743009 1.9511434 -11.697592 20.295063 1260179284292
105.44253 6.5269904 2.6558585 1.9511434 -11.697592 20.295063 1260179284304
105.44253 6.5269904 2.6558585 4.8612328 -15.849834 15.3573475 1260179284307
102.9704 7.300641 2.7730656 4.8612328 -15.849834 15.3573475 1260179284321
102.9704 7.300641 2.7730656 5.4644594 -16.101181 14.114238 1260179284328
100.72188 7.935609 3.1344123 5.4644594 -16.101181 14.114238 1260179284348
100.72188 7.935609 3.1344123 2.7263346 -15.188268 15.127644 1260179284352
98.73579 8.488829 3.7776916 2.7263346 -15.188268 15.127644 1260179284362
98.73579 8.488829 3.7776916 -2.280516 -12.235483 16.44321 1260179284366
97.048996 9.264387 4.288807 -2.280516 -12.235483 16.44321 1260179284385
97.048996 9.264387 4.288807 -5.569674 -6.985998 15.907804 1260179284387
95.54655 10.001168 5.1243668 -5.569674 -6.985998 15.907804 1260179284403
95.54655 10.001168 5.1243668 -4.458085 0.19251823 7.388215 1260179284409
94.11922 10.55111 6.1181483 -4.458085 0.19251823 7.388215 1260179284422
