100.98777 45.047802 42.02707 6.680707 -10.826185 -3.8693063 1260179252699
100.98777 45.047802 42.02707 -2.3290224 -10.836305 -4.108163 1260179252703
106.78838 51.04541 42.175716 -2.3290224 -10.836305 -4.108163 1260179252708
106.78838 51.04541 42.175716 -2.4735074 -9.384158 -8.165403 1260179252715
112.09897 56.84314 41.56693 -2.4735074 -9.384158 -8.165403 1260179252720
112.09897 56.84314 41.56693 0.5476365 -6.04508 -19.052319 1260179252724
116.94402 62.45098 40.638584 0.5476365 -6.04508 -19.052319 1260179252746
116.94402 62.45098 40.638584 9.458511 -0.15712237 -26.19676 1260179252755
122.64682 68.028435 39.606655 9.458511 -0.15712237 -26.19676 1260179252760
122.64682 68.028435 39.606655 17.462648 6.235458 -24.076233 1260179252764
128.81448 73.47701 38.57632 17.462648 6.235458 -24.076233 1260179252768
128.81448 73.47701 38.57632 16.02126 7.747081 -27.49821 1260179252779
134.87376 78.70316 37.547504 16.02126 7.747081 -27.49821 1260179252782
134.87376 78.70316 37.547504 6.9509273 0.62664473 -35.19213 1260179252788
139.33008 83.468 36.52013 6.9509273 0.62664473 -35.19213 1260179252799
139.33008 83.468 36.52013 -2.1654372 -11.901779 -22.607498 1260179252802
138.96358 86.9446 35.344124 -2.1654372 -11.901779 -22.607498 1260179252807
138.96358 86.9446 35.344124 -3.5192947 1.3497558 -17.18828 1260179252818
136.1154 87.497375 33.226917 -3.5192947 1.3497558 -17.18828 1260179252824
136.1154 87.497375 33.226917 7.666291 -9.887397 -2.4492233 1260179252826
133.50963 85.92251 30.615572 7.666291 -9.887397 -2.4492233 1260179252836
133.50963 85.92251 30.615572 -15.109377 -12.039392 8.64184 1260179252839
131.13414 83.77638 28.034794 -15.109377 -12.039392 8.64184 1260179252854
131.13414 83.77638 28.034794 -9.878725 -31.38002 25.726574 1260179252860
128.97743 81.237564 25.533054 -9.878725 -31.38002 25.726574 1260179252872
128.97743 81.237564 25.533054 -9.365371 -15.255209 34.46524 1260179252876
126.87856 78.42568 23.206402 -9.365371 -15.255209 34.46524 1260179252894
126.87856 78.42568 23.206402 -20.778 -14.436789 29.703693 1260179252897
124.93463 75.3044 21.146082 -20.778 -14.436789 29.703693 1260179252913
124.93463 75.3044 21.146082 -0.6373534 -6.3551188 17.646166 1260179252919
123.1379 72.08918 19.438778 -0.6373534 -6.3551188 17.646166 1260179252939
123.1379 72.08918 19.438778 1.0057678 -5.3789577 11.566182 1260179252943
121.481 69.53472 18.116838 1.0057678 -5.3789577 11.566182 1260179252952
121.481 69.53472 18.116838 -8.026141 -8.610514 18.556908 1260179252955
120.25695 69.65798 17.860996 -8.026141 -8.610514 18.556908 1260179252975
120.25695 69.65798 17.860996 -6.741544 -11.301372 6.0441155 1260179252978
120.5941 73.22508 17.817947 -6.741544 -11.301372 6.0441155 1260179252998
120.5941 73.22508 17.817947 -4.5959373 -0.17864037 -12.167162 1260179253002
121.56439 77.26383 17.62705 -4.5959373 -0.17864037 -12.167162 1260179253012
121.56439 77.26383 17.62705 -3.804305 -18.93868 -19.61808 1260179253019
123.88617 81.60064 17.445698 -3.804305 -18.93868 -19.61808 1260179253033
123.88617 81.60064 17.445698 -3.0987544 -6.591546 -23.179556 1260179253036
129.89186 86.370605 17.273413 -3.0987544 -6.591546 -23.179556 1260179253055
129.89186 86.370605 17.273413 -2.7990012 8.06758 -28.192905 1260179253058
141.04727 73.502075 17.009743 -2.7990012 8.06758 -28.192905 1260179253078
141.04727 73.502075 17.009743 -3.2230215 14.093857 -28.287737 1260179253081
136.39491 61.626972 16.559256 -3.2230215 14.093857 -28.287737 1260179253092
136.39491 61.626972 16.559256 -3.1213522 17.759266 -31.431116 1260179253096
133.32516 50.245625 15.881292 -3.1213522 17.759266 -31.431116 1260179253114
133.32516 50.245625 15.881292 -0.0829314 7.6585455 -38.499153 1260179253117
144.25891 56.683342 15.037228 -0.0829314 7.6585455 -38.499153 1260179253137
144.25891 56.683342 15.037228 5.396674 -1.8470149 -34.058174 1260179253140
140.59596 61.399174 13.985366 5.396674 -1.8470149 -34.058174 1260179253151
140.59596 61.399174 13.985366 7.330983 -1.3802881 -19.749779 1260179253155
137.21617 63.929214 12.636098 7.330983 -1.3802881 -19.749779 1260179253171
137.21617 63.929214 12.636098 -4.0843477 -28.294512 -1.8624277 1260179253174
134.20537 64.082756 11.154293 -4.0843477 -28.294512 -1.8624277 1260179253191
134.20537 64.082756 11.154293 -17.644724 -34.90909 7.760348 1260179253194
131.3451 63.378616 9.746578 -17.644724 -34.90909 7.760348 1260179253212
131.3451 63.378616 9.746578 -12.71546 -29.775337 10.786419 1260179253215
128.42784 61.959686 8.409249 -12.71546 -29.775337 10.786419 1260179253231
128.42784 61.959686 8.409249 -1.2883244 -11.741453 22.7738 1260179253235
125.70645 60.261703 7.3387866 -1.2883244 -11.741453 22.7738 1260179253427
125.70645 60.261703 7.3387866 1.5543094 -9.00107 22.253155 1260179253433
123.22113 58.398617 6.7718472 1.5543094 -9.00107 22.253155 1260179253438
123.22113 58.398617 6.7718472 3.0205994 -18.709711 19.83052 1260179253442
121.11008 56.728687 7.083255 3.0205994 -18.709711 19.83052 1260179253447
121.11008 56.728687 7.083255 10.571855 -8.428648 20.582424 1260179253453
121.00457 55.492252 9.329092 10.571855 -8.428648 20.582424 1260179253459
121.00457 55.492252 9.329092 9.312805 2.83855 -1.4625196 1260179253462
126.70434 61.01764 11.662638 9.312805 2.83855 -1.4625196 1260179253465
126.70434 61.01764 11.662638 4.640745 5.8199806 -8.92528 1260179253473
133.16913 66.71676 13.329506 4.640745 5.8199806 -8.92528 1260179253476
133.16913 66.71676 13.329506 20.543839 4.847696 -18.671028 1260179253482
139.61067 72.28092 14.56303 20.543839 4.847696 -18.671028 1260179253485
139.61067 72.28092 14.56303 20.379402 -0.2931661 -10.553758 1260179253488
146.48013 59.816875 15.284879 20.379402 -0.2931661 -10.553758 1260179253496
146.48013 59.816875 15.284879 10.91553 1.9049118 -3.611867 1260179253499
141.80612 48.27603 14.670635 10.91553 1.9049118 -3.611867 1260179253504
141.80612 48.27603 14.670635 8.887747 10.438258 -6.908988 1260179253508
145.26582 37.71223 11.787104 8.887747 10.438258 -6.908988 1260179253519
145.26582 37.71223 11.787104 -13.315834 2.609129 0.65156174 1260179253522
148.55254 27.576618 7.9477487 -13.315834 2.609129 0.65156174 1260179253533
148.55254 27.576618 7.9477487 -1.7250032 -2.95921 -3.587264 1260179253539
151.97491 17.747787 3.850361 -1.7250032 -2.95921 -3.587264 1260179253542
151.97491 17.747787 3.850361 -21.388437 11.806257 -6.5092373 1260179253545
156.12617 8.210398 -0.24215704 -21.388437 11.806257 -6.5092373 1260179253553
156.12617 8.210398 -0.24215704 -18.503746 -7.2091527 -6.2480016 1260179253556
163.06987 16.549877 -4.1800494 -18.503746 -7.2091527 -6.2480016 1260179253562
163.06987 16.549877 -4.1800494 -6.565728 6.016075 0.7113757 1260179253565
172.41638 23.472383 -7.0710473 -6.565728 6.016075 0.7113757 1260179253577
172.41638 23.472383 -7.0710473 -17.665913 4.6667123 -2.8928685 1260179253581
166.89557 27.648764 -7.417495 -17.665913 4.6667123 -2.8928685 1260179253584
166.89557 27.648764 -7.417495 -11.346458 -15.73582 -5.142729 1260179253589
163.3008 32.016327 -5.79662 -11.346458 -15.73582 -5.142729 1260179253597
163.3008 32.016327 -5.79662 12.12808 -22.058216 6.616442 1260179253601
159.73576 32.96551 -3.6067889 12.12808 -22.058216 6.616442 1260179253613
159.73576 32.96551 -3.6067889 21.408077 -31.222603 1.8981439 1260179253617
155.89897 33.567234 -1.2764493 21.408077 -31.222603 1.8981439 1260179253625
155.89897 33.567234 -1.2764493 14.457089 -32.765694 3.7526183 1260179253628
151.85402 33.938873 1.0873731 14.457089 -32.765694 3.7526183 1260179253637
151.85402 33.938873 1.0873731 34.99152 -29.927559 4.1616297 1260179253645
147.76132 34.14193 3.4330046 34.99152 -29.927559 4.1616297 1260179253653
147.76132 34.14193 3.4330046 21.78276 -24.346209 17.223103 1260179253659
143.92325 34.234833 5.7613544 21.78276 -24.346209 17.223103 1260179253673
143.92325 34.234833 5.7613544 15.654496 -19.029919 -1.1108317 1260179253679
140.37709 34.373093 8.023287 15.654496 -19.029919 -1.1108317 1260179253696
140.37709 34.373093 8.023287 24.696745 -13.374447 5.5050716 1260179253703
137.85823 34.85444 9.922122 24.696745 -13.374447 5.5050716 1260179253715
137.85823 34.85444 9.922122 4.3002973 -5.768056 8.685354 1260179253727
137.81532 39.861717 11.126016 4.3002973 -5.768056 8.685354 1260179253736
137.81532 39.861717 11.126016 -5.0858264 -13.93561 -4.2387805 1260179253740
139.67456 45.918633 11.269715 -5.0858264 -13.93561 -4.2387805 1260179253755
139.67456 45.918633 11.269715 -7.5544415 -11.754012 -8.248849 1260179253761
135.84084 34.722702 10.756229 -7.5544415 -11.754012 -8.248849 1260179253772
135.84084 34.722702 10.756229 -9.343572 2.0064304 -10.07565 1260179253776
136.94879 24.436567 10.018418 -9.343572 2.0064304 -10.07565 1260179253795
136.94879 24.436567 10.018418 -6.6805367 9.07678 -24.824806 1260179253798
138.45135 14.764739 9.217498 -6.6805367 9.07678 -24.824806 1260179253816
138.45135 14.764739 9.217498 -0.3939712 -3.397088 -17.80942 1260179253820
140.2788 5.6265016 8.406623 -0.3939712 -3.397088 -17.80942 1260179253836
140.2788 5.6265016 8.406623 4.718169 11.648903 -31.39688 1260179253841
143.66486 -3.254824 7.486292 4.718169 11.648903 -31.39688 1260179253854
143.66486 -3.254824 7.486292 4.2007847 3.0469096 -32.62046 1260179253857
152.68161 5.7079177 6.511977 4.2007847 3.0469096 -32.62046 1260179253871
152.68161 5.7079177 6.511977 -3.9746077 3.220628 -20.458141 1260179253879
146.89752 13.172522 5.3863783 -3.9746077 3.220628 -20.458141 1260179253897
146.89752 13.172522 5.3863783 -14.794176 -16.288734 -17.2154 1260179253901
142.65265 18.713896 4.1670594 -14.794176 -16.288734 -17.2154 1260179253913
142.65265 18.713896 4.1670594 -16.005966 -18.192562 -15.932834 1260179253917
138.77002 21.328201 3.0587065 -16.005966 -18.192562 -15.932834 1260179253935
138.77002 21.328201 3.0587065 -7.4289565 -31.964478 10.653279 1260179253938
134.98152 23.111792 2.2057712 -7.4289565 -31.964478 10.653279 1260179253953
134.98152 23.111792 2.2057712 -0.13253593 -18.580414 18.696585 1260179253959
131.08244 24.106201 1.4954826 -0.13253593 -18.580414 18.696585 1260179253979
131.08244 24.106201 1.4954826 2.7986016 -14.348337 24.17655 1260179253982
127.27832 24.550892 0.97070843 2.7986016 -14.348337 24.17655 1260179253992
127.27832 24.550892 0.97070843 3.2117186 -10.917771 29.562397 1260179253995
