100.34771 25.01641 55.190563 -0.5444374 -6.0020514 1.8683028 1260179317755
100.34771 25.01641 55.190563 -2.7145143 -0.75575995 4.8468885 1260179317758
100.53033 24.71559 55.781036 -2.7145143 -0.75575995 4.8468885 1260179317924
100.53033 24.71559 55.781036 -1.5207467 2.0773206 7.659171 1260179317933
104.00381 31.22981 55.891983 -1.5207467 2.0773206 7.659171 1260179317938
104.00381 31.22981 55.891983 -2.468796 0.083639264 6.2793436 1260179317942
107.75362 37.86832 53.897385 -2.468796 0.083639264 6.2793436 1260179317968
107.75362 37.86832 53.897385 -2.8714056 -3.4346085 -14.337852 1260179317978
113.26594 44.774906 51.552517 -2.8714056 -3.4346085 -14.337852 1260179317982
113.26594 44.774906 51.552517 10.824605 -7.783035 -9.555906 1260179317988
122.952644 33.586163 49.12489 10.824605 -7.783035 -9.555906 1260179317996
122.952644 33.586163 49.12489 -7.817406 -7.8053603 -20.611633 1260179318000
117.85501 23.206854 46.918644 -7.817406 -7.8053603 -20.611633 1260179318003
117.85501 23.206854 46.918644 4.0131283 11.653908 -20.636105 1260179318008
113.46226 13.4965105 44.87271 4.0131283 11.653908 -20.636105 1260179318015
113.46226 13.4965105 44.87271 10.5189905 -3.5390444 -23.95068 1260179318021
108.639145 4.121685 42.879074 10.5189905 -3.5390444 -23.95068 1260179318024
108.639145 4.121685 42.879074 -6.4462748 11.040512 -31.021936 1260179318027
110.75719 12.665601 40.88512 -6.4462748 11.040512 -31.021936 1260179318035
110.75719 12.665601 40.88512 0.81793934 -3.1364958 -35.634453 1260179318038
109.11933 19.582321 38.740864 0.81793934 -3.1364958 -35.634453 1260179318043
109.11933 19.582321 38.740864 7.6702595 -17.642454 -16.318066 1260179318046
107.16337 24.553205 36.40382 7.6702595 -17.642454 -16.318066 1260179318049
107.16337 24.553205 36.40382 -12.685686 -13.987684 -7.780337 1260179318057
105.2552 26.875546 33.733627 -12.685686 -13.987684 -7.780337 1260179318061
105.2552 26.875546 33.733627 -0.64050484 -34.553375 4.3812037 1260179318066
103.692444 28.281769 30.996946 -0.64050484 -34.553375 4.3812037 1260179318069
103.692444 28.281769 30.996946 -16.00007 -27.058872 5.4718533 1260179318077
102.35782 28.81768 28.1971 -16.00007 -27.058872 5.4718533 1260179318083
102.35782 28.81768 28.1971 -13.994694 -16.467136 30.755482 1260179318094
101.189926 28.726797 25.437244 -13.994694 -16.467136 30.755482 1260179318097
101.189926 28.726797 25.437244 -12.69793 -11.310912 17.865269 1260179318103
100.18043 28.240458 22.815382 -12.69793 -11.310912 17.865269 1260179318106
100.18043 28.240458 22.815382 -20.296244 -9.56652 30.950256 1260179318109
99.221405 27.228436 20.324614 -20.296244 -9.56652 30.950256 1260179318116
99.221405 27.228436 20.324614 -0.21497345 -11.5724945 19.089361 1260179318121
98.31033 26.217014 17.808382 -0.21497345 -11.5724945 19.089361 1260179318127
98.31033 26.217014 17.808382 -16.003052 -10.44711 15.322314 1260179318133
96.84482 25.106163 13.967963 -16.003052 -10.44711 15.322314 1260179318138
96.84482 25.106163 13.967963 3.7079554 -0.21627644 5.2182436 1260179318142
105.75258 14.900855 11.969565 3.7079554 -0.21627644 5.2182436 1260179318149
105.75258 14.900855 11.969565 -9.648214 -6.90138 -13.928011 1260179318155
110.21495 5.305812 11.221087 -9.648214 -6.90138 -13.928011 1260179318163
110.21495 5.305812 11.221087 -10.505283 9.00983 -16.208641 1260179318166
105.654205 -3.5094788 11.110033 -10.505283 9.00983 -16.208641 1260179318173
105.654205 -3.5094788 11.110033 -5.7859755 0.57521534 -25.778912 1260179318176
101.821495 -11.434005 11.4045315 -5.7859755 0.57521534 -25.778912 1260179318182
101.821495 -11.434005 11.4045315 0.1201601 0.8790617 -27.506817 1260179318185
98.68042 -18.762304 11.784305 0.1201601 0.8790617 -27.506817 1260179318197
98.68042 -18.762304 11.784305 4.0851035 12.003627 -22.234915 1260179318201
95.2464 -25.97419 11.945089 4.0851035 12.003627 -22.234915 1260179318206
95.2464 -25.97419 11.945089 2.318025 16.2964 -23.85095 1260179318209
102.23408 -15.8254795 11.697835 2.318025 16.2964 -23.85095 1260179318220
102.23408 -15.8254795 11.697835 -4.580028 -2.3884618 -29.877045 1260179318225
101.02238 -8.284205 10.912943 -4.580028 -2.3884618 -29.877045 1260179318240
101.02238 -8.284205 10.912943 -11.155838 -5.2309713 -13.541777 1260179318243
99.67126 -3.1699948 10.217296 -11.155838 -5.2309713 -13.541777 1260179318253
99.67126 -3.1699948 10.217296 -8.422563 -24.522522 5.706011 1260179318256
98.23769 0.23850492 9.656431 -8.422563 -24.522522 5.706011 1260179318271
98.23769 0.23850492 9.656431 -2.9854507 -30.100761 3.412325 1260179318278
96.77581 2.8765798 9.323609 -2.9854507 -30.100761 3.412325 1260179318292
96.77581 2.8765798 9.323609 2.6786852 -30.352343 30.38485 1260179318299
95.43702 5.1827507 9.107429 2.6786852 -30.352343 30.38485 1260179318316
95.43702 5.1827507 9.107429 6.177144 -18.06908 18.880444 1260179318323
94.31517 7.423613 8.902057 6.177144 -18.06908 18.880444 1260179318333
94.31517 7.423613 8.902057 7.5212774 -32.45594 16.288588 1260179318336
93.69941 9.702433 8.956954 7.5212774 -32.45594 16.288588 1260179318353
93.69941 9.702433 8.956954 8.1512375 -14.979402 21.419437 1260179318359
93.71444 12.217311 9.309106 8.1512375 -14.979402 21.419437 1260179318375
93.71444 12.217311 9.309106 4.032194 -5.719411 -4.816198 1260179318382
89.17872 3.7064452 10.24365 4.032194 -5.719411 -4.816198 1260179318393
89.17872 3.7064452 10.24365 -5.6866884 6.403584 3.1206868 1260179318396
89.51978 -2.6788774 9.581468 -5.6866884 6.403584 3.1206868 1260179318415
89.51978 -2.6788774 9.581468 -2.0877173 14.780465 1.7020383 1260179318418
90.54379 -8.544933 8.502395 -2.0877173 14.780465 1.7020383 1260179318433
90.54379 -8.544933 8.502395 3.8338816 24.155476 -4.8772726 1260179318439
92.1666 -14.217687 6.977275 3.8338816 24.155476 -4.8772726 1260179318456
92.1666 -14.217687 6.977275 -2.2710357 28.714153 -8.927903 1260179318463
94.55827 -20.056803 4.8784113 -2.2710357 28.714153 -8.927903 1260179318708
94.55827 -20.056803 4.8784113 -23.217495 27.179197 -7.1468334 1260179318718
92.83036 -16.753963 2.8844907 -23.217495 27.179197 -7.1468334 1260179318722
92.83036 -16.753963 2.8844907 23.113138 -31.867313 14.323872 1260179318727
91.38884 -13.566265 0.9902662 23.113138 -31.867313 14.323872 1260179318737
91.38884 -13.566265 0.9902662 24.348217 -10.563843 9.755626 1260179318741
90.669395 -10.387952 -0.80924714 24.348217 -10.563843 9.755626 1260179318744
90.669395 -10.387952 -0.80924714 3.6262884 -20.985207 -2.3080652 1260179318749
93.83592 -3.0185544 0.8812152 3.6262884 -20.985207 -2.3080652 1260179318762
93.83592 -3.0185544 0.8812152 13.213268 -6.01605 -11.349876 1260179318765
99.64413 5.6823735 1.2871544 13.213268 -6.01605 -11.349876 1260179318773
99.64413 5.6823735 1.2871544 11.369748 3.7013135 -9.328634 1260179318776
100.61192 -3.1517453 1.2227967 11.369748 3.7013135 -9.328634 1260179318784
100.61192 -3.1517453 1.2227967 9.1989355 2.856121 -21.2117 1260179318787
102.381325 -11.194158 1.0616568 9.1989355 2.856121 -21.2117 1260179318797
102.381325 -11.194158 1.0616568 7.5491037 -2.90619 -22.04878 1260179318801
104.16226 -18.68445 0.858574 7.5491037 -2.90619 -22.04878 1260179318813
104.16226 -18.68445 0.858574 5.973975 7.7601037 -20.1742 1260179318818
106.10415 -25.800228 0.6156453 5.973975 7.7601037 -20.1742 1260179318832
106.10415 -25.800228 0.6156453 3.7252681 15.927471 -22.332739 1260179318836
109.74894 -32.910217 0.23486303 3.7252681 15.927471 -22.332739 1260179318857
109.74894 -32.910217 0.23486303 -1.3696976 16.25462 -28.432705 1260179318860
119.51149 -22.314707 -0.37688014 -1.3696976 16.25462 -28.432705 1260179318873
119.51149 -22.314707 -0.37688014 -9.667664 -3.5925453 -37.25573 1260179318878
115.18591 -13.248971 -1.2080362 -9.667664 -3.5925453 -37.25573 1260179318892
115.18591 -13.248971 -1.2080362 -17.375294 -4.033294 -21.981688 1260179318898
112.02662 -5.7865224 -2.1976345 -17.375294 -4.033294 -21.981688 1260179318915
112.02662 -5.7865224 -2.1976345 -17.743536 -23.806232 -22.106674 1260179318918
109.27529 0.30280393 -3.2377527 -17.743536 -23.806232 -22.106674 1260179318934
109.27529 0.30280393 -3.2377527 -9.968982 -28.03826 -14.854406 1260179318937
106.51153 3.4876637 -4.125865 -9.968982 -28.03826 -14.854406 1260179318953
106.51153 3.4876637 -4.125865 -2.965702 -24.461306 12.879643 1260179318958
103.78595 5.9632807 -4.819572 -2.965702 -24.461306 12.879643 1260179318972
103.78595 5.9632807 -4.819572 -0.60770226 -24.376755 18.701645 1260179318976
101.04665 7.815117 -5.2785935 -0.60770226 -24.376755 18.701645 1260179318996
101.04665 7.815117 -5.2785935 -0.1058712 -33.396664 24.121592 1260179319003
98.34432 9.174361 -5.414664 -0.1058712 -33.396664 24.121592 1260179319015
98.34432 9.174361 -5.414664 3.122561 -19.876183 18.329226 1260179319018
95.67711 10.065643 -5.0939307 3.122561 -19.876183 18.329226 1260179319033
95.67711 10.065643 -5.0939307 9.572011 -5.609018 19.194445 1260179319038
92.94325 10.462361 -4.389234 9.572011 -5.609018 19.194445 1260179319054
92.94325 10.462361 -4.389234 12.139388 2.5283165 19.17937 1260179319061
90.19609 10.9892435 -3.2697723 12.139388 2.5283165 19.17937 1260179319074
90.19609 10.9892435 -3.2697723 5.4205494 4.96458 12.14278 1260179319077
87.73628 12.289782 -2.0062838 5.4205494 4.96458 12.14278 1260179319093
87.73628 12.289782 -2.0062838 -5.044374 -3.6164565 3.4188242 1260179319099
