131.69768 76.26104 40.2668 1260179264645
140.2128 63.74799 39.45346 1260179264686
148.50217 51.91059 38.580788 1260179264701
154.82706 40.415062 37.701748 1260179264715
155.38571 46.39431 36.81666 1260179264725
152.36642 49.424595 35.375828 1260179264744
149.0981 50.403366 33.357037 1260179264755
145.9932 50.5832 31.189184 1260179264942
143.09354 50.10404 29.029724 1260179264954
140.33885 49.148838 26.878239 1260179264962
137.77191 47.791397 24.884327 1260179264969
135.43332 46.001827 23.09011 1260179264982
133.31165 44.201736 21.585606 1260179264993
131.29607 42.29165 20.756325 1260179265001
138.53127 31.277065 21.318508 1260179265013
145.1047 20.713211 20.952583 1260179265021
151.94948 10.7275505 20.504953 1260179265034
160.40201 1.441173 20.079706 1260179265045
170.33191 -7.1308856 19.67572 1260179265056
162.71532 -15.124342 19.291935 1260179265063
155.47955 -22.818125 18.827337 1260179265076
159.55557 -12.827218 18.23597 1260179265084
156.7278 -5.0858574 17.574171 1260179265100
153.04141 -0.58156455 16.945463 1260179265108
149.23935 2.5975137 16.34819 1260179265124
145.57738 5.0176377 15.830781 1260179265138
141.9985 6.916756 15.489242 1260179265158
138.79858 8.670918 15.314779 1260179265177
136.00865 10.237372 15.59904 1260179265194
133.90822 11.325503 17.069088 1260179265213
143.11281 2.2592282 19.115633 1260179265234
137.95717 -5.103733 19.209852 1260179265252
135.10931 -11.698546 18.49936 1260179265275
134.30385 -17.81362 17.024391 1260179265293
135.23866 -23.822939 14.723171 1260179265316
137.42673 -29.981792 11.687013 1260179265333
140.7054 -36.3827 8.052662 1260179265351
145.02013 -42.863567 4.1500287 1260179265378
151.21912 -49.57039 0.14252731 1260179265392
161.15816 -39.49187 -2.564599 1260179265415
157.25024 -31.967278 -2.2363691 1260179265433
154.53773 -24.268913 -0.67455065 1260179265459
151.71085 -16.655468 1.2091769 1260179265472
148.6253 -9.222694 3.198718 1260179265495
145.39404 -6.5115595 5.2387824 1260179265517
142.22433 -4.0859814 7.276843 1260179265533
139.21312 -1.8816823 9.263001 1260179265714
136.40247 0.11240181 11.249851 1260179265720
133.93234 1.9067818 13.237359 1260179265737
132.03572 9.261443 15.525491 1260179265744
126.43394 0.39837041 15.399217 1260179265754
127.26224 -7.621548 14.329256 1260179265763
127.299126 -15.1404705 13.462793 1260179265775
126.48417 -22.183447 12.789654 1260179265784
125.45996 -28.874275 12.200171 1260179265797
124.83696 -35.38056 11.590163 1260179265809
126.24511 -42.061535 10.760655 1260179265823
120.48286 -31.458458 9.722623 1260179265834
117.408714 -22.735535 8.586492 1260179265843
114.93828 -15.848758 7.507167 1260179265855
112.54137 -11.25632 6.5818086 1260179265866
110.0643 -7.693504 5.8527184 1260179265879
107.511086 -4.9088287 5.3100824 1260179265888
104.985535 -2.6633873 4.944578 1260179265902
102.68626 -0.78021795 4.847349 1260179265922
100.45194 0.75879294 5.0549817 1260179265934
98.429344 2.2208533 5.8022327 1260179265953
96.907875 3.9598107 7.112121 1260179265973
96.46248 5.96182 8.7565155 1260179265996
98.28935 7.763729 10.71869 1260179266014
101.82488 14.225542 12.532756 1260179266033
105.38364 20.264265 14.106118 1260179266054
