109.53159 43.834045 48.129623 1260179303939
116.405014 50.442345 47.47314 1260179303956
124.03476 38.970226 46.199482 1260179303984
132.98302 28.321714 44.73951 1260179304005
143.08386 18.405628 43.202534 1260179304018
152.67967 8.985347 41.692406 1260179304027
159.4457 -0.31392094 40.257786 1260179304040
158.57341 7.8017755 38.8449 1260179304058
155.09474 13.111687 37.102654 1260179304073
151.64 16.156103 34.84752 1260179304093
148.458 17.998299 32.355145 1260179304116
145.48509 18.898384 29.737387 1260179304307
142.76083 19.203465 27.050518 1260179304325
140.2228 18.94329 24.347992 1260179304336
137.86165 18.146126 21.680592 1260179304343
135.76857 17.138819 18.596561 1260179304357
140.93015 7.6818776 14.916734 1260179304364
144.18364 -1.5022165 13.870897 1260179304375
137.07446 -9.977106 13.627353 1260179304385
130.52074 -17.72825 13.745985 1260179304396
124.6947 -24.94184 14.008686 1260179304405
135.80997 -32.14475 14.258252 1260179304421
138.71947 -22.287512 14.445339 1260179304429
136.6335 -15.673136 14.273072 1260179304441
133.85182 -11.389479 13.809419 1260179304447
130.95923 -8.070004 13.318948 1260179304459
128.16127 -5.366504 12.903001 1260179304476
125.60321 -2.9481788 12.557851 1260179304484
123.47305 -0.60076976 12.429958 1260179304498
121.9994 1.6292688 12.908461 1260179304515
128.94943 10.197806 15.163037 1260179304526
124.95196 2.437916 15.154885 1260179304539
123.05436 -4.23398 14.447141 1260179304557
122.451645 -10.322281 13.174784 1260179304573
123.07906 -16.256166 11.266045 1260179304592
125.02511 -22.443357 8.602742 1260179304616
129.07385 -29.27119 5.072605 1260179304638
137.62016 -19.05763 1.0689749 1260179304653
132.18915 -11.504749 -0.9844739 1260179304673
129.37968 -6.279512 -0.93525016 1260179304697
127.3107 -2.5655363 0.21151237 1260179304713
125.295166 0.36274052 1.8009368 1260179304732
123.13041 2.7446036 3.61089 1260179304754
120.77389 4.7573733 5.4803452 1260179304778
118.435196 6.4195046 7.406328 1260179304793
116.013435 7.6485295 9.636012 1260179304813
113.46276 8.516103 12.404211 1260179304836
121.53962 16.740297 13.484 1260179304853
118.96264 7.1532826 12.909801 1260179304873
119.7645 -1.604382 12.16431 1260179305056
119.92628 -9.624164 11.506095 1260179305066
120.02996 -17.142956 10.88079 1260179305077
121.32846 -24.585808 10.13675 1260179305084
131.26204 -14.506517 9.079913 1260179305098
126.84894 -6.331191 7.8759174 1260179305105
123.406494 0.035368685 6.7821217 1260179305122
120.23617 5.1336 5.8930154 1260179305129
117.074356 8.27692 5.1983647 1260179305140
113.970634 10.513074 4.6384463 1260179305158
110.9721 12.137421 4.256524 1260179305167
108.223495 13.28055 4.2436976 1260179305180
105.66232 14.116523 4.6315126 1260179305186
103.22921 14.660697 5.599937 1260179305202
100.91775 15.477662 7.2699404 1260179305216
