95.430244 30.886988 41.110825 1260179255688
95.40873 30.992638 41.555283 1260179255699
95.38829 31.143005 41.97752 1260179255737
95.66888 31.385855 42.428642 1260179255745
96.13543 31.516562 43.00721 1260179255765
97.528656 37.190735 43.60685 1260179255778
100.00222 42.731197 44.176506 1260179255788
104.45211 48.34464 44.417683 1260179255802
109.679504 54.02741 44.0468 1260179255820
114.79553 59.72604 43.04446 1260179255833
120.35576 65.439735 41.692238 1260179255855
127.88797 53.167747 40.307625 1260179255873
137.39357 41.80936 38.942245 1260179255896
147.17389 31.118893 37.645134 1260179255913
154.91519 20.712948 36.362877 1260179255935
153.11943 27.7773 34.79473 1260179255953
149.01346 32.088436 32.354996 1260179255971
145.36278 33.534016 29.537247 1260179255991
142.19464 34.307316 26.810385 1260179256011
139.1849 34.49195 24.219866 1260179256031
136.37566 34.36735 21.808872 1260179256051
133.80687 34.048985 19.61843 1260179256071
131.31653 33.496536 17.637508 1260179256092
128.9507 33.371708 15.905633 1260179256111
126.70316 35.70312 14.860352 1260179256131
126.81801 41.167965 14.817334 1260179256151
128.02711 46.959568 14.876468 1260179256172
129.72575 52.71159 14.882645 1260179256193
132.38947 58.42601 14.888513 1260179256211
138.01999 64.30471 14.944087 1260179256232
147.81898 52.489475 15.046883 1260179256251
141.62804 41.715 15.0445385 1260179256271
136.79663 31.62925 14.892312 1260179256474
132.2568 21.697786 14.497697 1260179256483
132.19397 29.212898 13.872812 1260179256494
129.48427 34.452255 12.929172 1260179256503
126.56005 36.529644 11.582713 1260179256514
123.78205 37.65316 10.303577 1260179256523
121.09295 38.120502 9.138398 1260179256529
118.488304 38.314476 8.231479 1260179256541
116.31389 38.498753 7.6699047 1260179256549
114.64819 38.773815 7.8364096 1260179256563
114.66579 38.735123 9.844589 1260179256576
123.3825 27.998365 11.45236 1260179256587
117.263374 18.648447 12.029742 1260179256598
114.000206 10.116025 11.928255 1260179256607
114.30019 2.1602235 10.881843 1260179256621
117.385185 -5.5477877 8.78775 1260179256634
121.76592 -13.220399 5.848363 1260179256643
126.67763 -20.80938 2.4559445 1260179256656
131.99374 -28.21891 -1.1668527 1260179256667
138.44406 -35.607964 -4.85851 1260179256681
147.77185 -25.677565 -7.8155847 1260179256700
144.38326 -18.843687 -7.3248053 1260179256712
142.4141 -11.751503 -5.408565 1260179256735
140.34338 -4.7139277 -3.1881368 1260179256753
137.92621 -2.0282314 -0.97873 1260179256772
135.02989 0.3231802 1.2202066 1260179256795
131.9784 2.357021 3.3591964 1260179256815
128.92947 4.18917 5.391237 1260179256837
126.083 5.8297114 7.321675 1260179256853
123.62885 7.5382257 9.155591 1260179256873
122.34741 13.711314 10.747811 1260179256895
124.98004 20.825748 11.260421 1260179256913
120.18104 10.88446 10.7973995 1260179256932
120.57198 1.8402374 10.207529 1260179256954
120.89339 -6.6017747 9.597153 1260179256971
121.198715 -14.571686 9.017295 1260179256993
121.63878 -22.093102 8.41643 1260179257012
122.75684 -29.338448 7.795609 1260179257035
128.169 -36.671524 7.0558286 1260179257218
123.01056 -26.587948 6.103037 1260179257228
119.56003 -18.25855 5.047885 1260179257240
116.68203 -11.895623 4.0454907 1260179257247
113.997925 -7.850842 3.2432163 1260179257259
111.398026 -4.8083 2.6310554 1260179257269
108.828125 -2.4678848 2.1495025 1260179257281
106.38672 -0.54449046 1.8420274 1260179257293
104.16738 1.0327342 1.8999261 1260179257300
102.05901 2.0310974 2.6549299 1260179257313
100.006065 3.0795424 4.4221835 1260179257320
