140.30775 4.9567986 8.120383 1260179555828
135.84236 5.5589585 8.414364 1260179555837
145.05025 6.1810107 9.1936455 1260179555849
153.14774 6.7719603 10.533963 1260179555858
161.14035 7.433362 12.157265 1260179555873
169.38333 8.061694 13.599401 1260179555913
177.71417 9.00861 14.669432 1260179555927
169.12846 10.50818 14.93596 1260179555942
162.27203 12.182771 14.639162 1260179555951
156.10843 13.823632 13.907204 1260179555963
150.153 15.18245 12.861843 1260179555974
144.44534 16.273327 11.568751 1260179555987
138.92308 17.15966 10.140314 1260179555996
133.72693 17.901678 8.483298 1260179556011
128.84058 18.556595 6.6091332 1260179556029
124.298546 19.178764 4.5786767 1260179556043
120.13362 19.919827 2.349743 1260179556065
116.476944 20.823835 0.032255694 1260179556252
113.353096 21.932644 -2.219357 1260179556267
110.83544 27.486012 -4.2583895 1260179556276
108.69367 32.71171 -6.0454698 1260179556288
107.00899 37.626125 -7.543196 1260179556297
105.70854 42.24482 -8.816036 1260179556309
104.723114 46.58258 -9.875235 1260179556318
104.23696 50.703453 -10.681473 1260179556330
104.32511 54.31828 -11.197399 1260179556336
105.00886 57.602364 -11.487529 1260179556355
106.85841 60.672245 -11.463152 1260179556367
109.81549 63.388634 -11.139995 1260179556373
113.52472 66.0692 -10.632995 1260179556387
117.74848 68.51574 -10.001345 1260179556394
121.96106 70.68995 -9.351277 1260179556414
126.16301 72.65545 -8.783713 1260179556425
130.45486 74.37267 -8.244528 1260179556433
134.83212 75.85404 -7.6823015 1260179556446
139.49052 77.06134 -7.148186 1260179556453
144.316 78.00827 -6.690777 1260179556472
149.85019 78.55785 -6.306238 1260179556485
159.05768 78.67996 -6.090926 1260179556505
151.6048 78.19596 -6.08638 1260179556524
144.67456 77.186165 -6.232061 1260179556542
138.19083 75.876854 -6.5204577 1260179556564
131.98128 74.28301 -6.8444347 1260179556585
126.232216 72.76886 -7.152213 1260179556607
120.870605 71.330414 -7.3946023 1260179556622
116.02708 70.063896 -7.574872 1260179556644
111.77573 69.1107 -7.7461286 1260179556661
108.08694 68.20517 -7.908822 1260179556689
105.03259 67.44491 -8.013381 1260179556703
102.480965 66.67266 -8.012712 1260179556728
