107.51053 44.108093 33.48959 1260179320623
118.885 33.152687 32.56511 1260179320635
113.390755 22.845053 31.436853 1260179320667
125.471214 12.9028 30.215012 1260179320679
125.14765 20.75766 28.754261 1260179320696
122.24027 27.069777 26.966547 1260179320707
118.62826 31.566288 24.768219 1260179320724
115.14684 33.287975 22.479809 1260179320738
112.0395 34.223576 20.305819 1260179320753
109.18752 34.4624 18.240528 1260179320980
118.528145 23.739279 17.778502 1260179320994
119.051735 30.502316 17.139576 1260179321005
117.44915 35.3772 16.332598 1260179321019
115.22669 38.40834 15.565968 1260179321032
112.81536 39.987923 15.037669 1260179321053
110.42459 40.838528 14.685785 1260179321075
108.20336 41.4466 14.401496 1260179321095
106.29319 42.024273 14.231421 1260179321113
104.778534 42.77306 14.31985 1260179321133
103.98961 43.234406 15.253858 1260179321153
101.79013 34.322685 15.791164 1260179321175
101.95062 26.70655 15.001606 1260179321195
102.80309 19.621223 13.751526 1260179321216
104.36294 12.640162 11.963949 1260179321233
106.79479 5.5081544 9.615751 1260179321251
110.25505 -1.8172535 6.7349634 1260179321274
115.2923 -9.476391 3.2982152 1260179321293
123.42768 -17.702572 -0.56669563 1260179321315
117.9563 -9.817443 -2.688361 1260179321333
115.758484 -4.1765704 -2.503943 1260179321359
114.12056 1.6822582 -1.2287458 1260179321373
112.264534 4.4481454 0.48269144 1260179321395
110.20131 6.725738 2.408557 1260179321413
108.041245 8.689451 4.388129 1260179321432
105.93918 10.454979 6.368723 1260179321454
103.99222 11.98223 8.400287 1260179321475
102.89261 18.53312 10.580273 1260179321498
111.14798 26.406464 10.851259 1260179321511
113.64058 16.63614 10.108696 1260179321531
116.25855 7.5043335 9.303261 1260179321551
118.04562 -1.0208838 8.588098 1260179321571
121.843346 -9.51984 7.7586927 1260179321621
132.95117 -0.3438484 6.770758 1260179321644
128.50362 7.173344 5.6822205 1260179321661
125.07844 12.814677 4.6981096 1260179321681
121.97452 16.173943 3.9632041 1260179321701
118.775795 18.665245 3.465044 1260179321721
