75.3061 12.902659 10.028484 1260179467669
87.64079 13.507526 10.7770605 1260179467678
97.15875 14.53215 12.038208 1260179467689
105.40082 15.955543 13.486298 1260179467698
113.380775 17.407766 14.961983 1260179467878
121.411736 18.687378 16.463884 1260179467914
129.84116 19.803009 17.89069 1260179467927
139.4991 20.712858 19.046156 1260179467937
132.97415 21.277216 19.393848 1260179467950
127.72544 21.563354 18.674156 1260179467956
123.03917 21.685186 17.240448 1260179467967
118.63721 21.850927 15.378426 1260179467976
114.50535 22.108381 13.159504 1260179467987
110.53008 22.552961 10.751529 1260179467994
106.75358 23.175314 8.013952 1260179468007
103.4659 28.966549 5.1632547 1260179468014
101.6426 34.818222 3.455092 1260179468033
103.41047 40.97731 3.0823374 1260179468046
109.489944 46.978443 3.4282205 1260179468055
116.71545 52.529522 4.1068096 1260179468066
123.479675 57.353046 4.901469 1260179468072
129.1057 60.885395 5.4563956 1260179468083
123.50041 62.241127 5.0835757 1260179468092
117.87539 62.07907 4.0793967 1260179468106
112.48162 61.37512 2.925427 1260179468114
107.45754 60.556362 1.6791556 1260179468127
102.83466 59.678543 0.24519779 1260179468136
98.49293 58.794617 -1.5670621 1260179468151
94.36828 57.604885 -4.238709 1260179468164
89.99986 62.92464 -6.376774 1260179468176
86.09987 68.37841 -7.1079354 1260179468193
85.94488 73.50949 -7.052539 1260179468208
89.997635 78.23402 -6.649912 1260179468223
94.847755 82.622314 -6.167416 1260179468243
98.155365 86.7912 -5.8590455 1260179468264
97.6476 90.60164 -6.0160933 1260179468285
95.01522 93.47156 -7.015289 1260179468303
91.114456 95.44798 -8.564525 1260179468323
87.05873 93.27558 -9.986299 1260179468345
83.25579 91.2118 -10.936984 1260179468362
79.743004 89.10121 -11.690135 1260179468383
76.50585 86.996155 -12.305628 1260179468402
73.58056 85.04635 -12.890347 1260179468428
70.85153 83.34403 -13.595829 1260179468616
69.00896 85.176834 -14.416038 1260179468634
71.00851 87.967995 -14.195235 1260179468645
76.358086 91.4696 -13.335473 1260179468657
84.190186 95.14612 -12.168699 1260179468668
93.13068 98.68881 -10.910264 1260179468677
101.32414 102.00437 -9.714751 1260179468689
108.157936 105.05415 -8.679013 1260179468696
112.20004 107.551445 -8.045063 1260179468707
112.39004 108.97387 -8.0428095 1260179468718
108.62054 109.32517 -8.840669 1260179468733
104.13951 106.85892 -9.648635 1260179468746
99.832535 104.26597 -10.266203 1260179468757
95.740906 101.50267 -10.802893 1260179468770
91.85386 98.677536 -11.262748 1260179468776
88.16116 95.84366 -11.84961 1260179468795
84.55311 93.051476 -12.75713 1260179468807
81.52545 90.8489 -14.169273 1260179468814
81.64918 93.506454 -14.360809 1260179468829
85.41672 96.281136 -13.642769 1260179468843
91.445885 99.06708 -12.46063 1260179468853
98.37359 101.66373 -11.037599 1260179468867
105.004906 103.73054 -9.535719 1260179468883
110.80466 105.34401 -8.158933 1260179468902
115.214424 106.17681 -7.100986 1260179468922
118.1537 106.41797 -6.345937 1260179468945
119.04602 105.89707 -5.92864 1260179468963
117.59372 104.75222 -5.682208 1260179468986
114.36404 102.96461 -5.4980974 1260179469003
110.09583 100.316376 -5.4231925 1260179469025
105.84104 97.05056 -5.5020328 1260179469043
101.79899 93.59803 -5.626931 1260179469071
98.00904 90.118126 -5.8455844 1260179469084
94.50859 86.81222 -6.003305 1260179469102
91.43316 84.371605 -5.85314 1260179469129
98.0615 86.10303 -4.1104827 1260179469142
106.35843 89.59788 -2.3049586 1260179469166
114.690506 93.067986 -0.6397106 1260179469183
122.90598 96.364586 1.142275 1260179469364
130.81068 99.396355 2.9351614 1260179469374
137.57014 101.67654 4.688403 1260179469385
134.09164 102.04271 5.403983 1260179469394
129.08707 99.24057 3.933784 1260179469406
124.032715 96.17854 2.0370948 1260179469413
119.08108 93.16962 -0.01475996 1260179469424
114.12702 90.461136 -2.2640219 1260179469433
109.370674 87.93808 -4.6508207 1260179469446
105.30214 90.641174 -6.6682796 1260179469458
103.78703 93.55911 -7.4348655 1260179469469
106.24768 96.331154 -7.263122 1260179469478
111.935295 98.9146 -6.399966 1260179469490
118.68853 101.118866 -5.2799673 1260179469503
126.004105 102.86292 -3.9659688 1260179469515
133.5539 104.06978 -2.6676705 1260179469526
142.2762 104.466286 -1.784287 1260179469537
135.76239 103.392975 -1.3450726 1260179469551
130.22427 101.97333 -1.477819 1260179469568
124.76306 99.42466 -2.503928 1260179469585
119.37491 96.15343 -4.0787315 1260179469607
114.10616 92.64575 -6.024795 1260179469623
108.900856 88.91347 -8.373555 1260179469642
103.655815 85.2178 -11.154878 1260179469664
98.57302 81.80691 -14.197134 1260179469685
93.94437 85.71656 -16.887278 1260179469703
90.64715 89.13073 -18.392914 1260179469722
91.51479 91.77419 -18.373268 1260179469746
96.539055 93.98548 -17.454605 1260179469764
103.3121 95.986206 -16.131874 1260179469788
110.5965 97.73689 -14.675281 1260179469804
117.91667 99.20005 -13.191517 1260179469823
125.07084 100.34005 -11.831941 1260179469841
131.8673 101.073044 -10.640344 1260179469863
138.42393 101.21939 -9.858327 1260179469886
148.55273 101.05842 -9.71541 1260179469904
141.9751 99.155495 -10.47964 1260179469923
135.32634 96.24772 -11.805658 1260179469944
128.81003 92.88533 -13.265375 1260179470136
122.56953 89.341064 -14.702106 1260179470150
116.64105 85.82401 -16.167002 1260179470159
111.109 82.682816 -17.958652 1260179470171
106.60355 80.24867 -19.86072 1260179470179
105.47337 83.03624 -20.217684 1260179470194
108.69971 85.53443 -19.306799 1260179470205
113.96472 87.65771 -17.891459 1260179470212
120.01649 89.47482 -16.246885 1260179470225
126.415665 90.901085 -14.634541 1260179470232
132.69489 92.00603 -13.102814 1260179470245
139.21014 92.805725 -11.697673 1260179470257
145.99963 93.36544 -10.46279 1260179470269
153.04965 92.64717 -9.38965 1260179470278
160.64717 91.91481 -8.570168 1260179470291
169.81482 90.91907 -7.991659 1260179470308
161.37408 89.67311 -7.4920764 1260179470315
153.70538 88.13946 -7.0174727 1260179470331
146.67012 86.282486 -6.566599 1260179470348
139.98662 84.16836 -6.188269 1260179470354
