100.98777 45.047802 42.02707 1260179252699
106.78838 51.04541 42.175716 1260179252708
112.09897 56.84314 41.56693 1260179252720
116.94402 62.45098 40.638584 1260179252746
122.64682 68.028435 39.606655 1260179252760
128.81448 73.47701 38.57632 1260179252768
134.87376 78.70316 37.547504 1260179252782
139.33008 83.468 36.52013 1260179252799
138.96358 86.9446 35.344124 1260179252807
136.1154 87.497375 33.226917 1260179252824
133.50963 85.92251 30.615572 1260179252836
131.13414 83.77638 28.034794 1260179252854
128.97743 81.237564 25.533054 1260179252872
126.87856 78.42568 23.206402 1260179252894
124.93463 75.3044 21.146082 1260179252913
123.1379 72.08918 19.438778 1260179252939
121.481 69.53472 18.116838 1260179252952
120.25695 69.65798 17.860996 1260179252975
120.5941 73.22508 17.817947 1260179252998
121.56439 77.26383 17.62705 1260179253012
123.88617 81.60064 17.445698 1260179253033
129.89186 86.370605 17.273413 1260179253055
141.04727 73.502075 17.009743 1260179253078
136.39491 61.626972 16.559256 1260179253092
133.32516 50.245625 15.881292 1260179253114
144.25891 56.683342 15.037228 1260179253137
140.59596 61.399174 13.985366 1260179253151
137.21617 63.929214 12.636098 1260179253171
134.20537 64.082756 11.154293 1260179253191
131.3451 63.378616 9.746578 1260179253212
128.42784 61.959686 8.409249 1260179253231
125.70645 60.261703 7.3387866 1260179253427
123.22113 58.398617 6.7718472 1260179253438
121.11008 56.728687 7.083255 1260179253447
121.00457 55.492252 9.329092 1260179253459
126.70434 61.01764 11.662638 1260179253465
133.16913 66.71676 13.329506 1260179253476
139.61067 72.28092 14.56303 1260179253485
146.48013 59.816875 15.284879 1260179253496
141.80612 48.27603 14.670635 1260179253504
145.26582 37.71223 11.787104 1260179253519
148.55254 27.576618 7.9477487 1260179253533
151.97491 17.747787 3.850361 1260179253542
156.12617 8.210398 -0.24215704 1260179253553
163.06987 16.549877 -4.1800494 1260179253562
172.41638 23.472383 -7.0710473 1260179253577
166.89557 27.648764 -7.417495 1260179253584
163.3008 32.016327 -5.79662 1260179253597
159.73576 32.96551 -3.6067889 1260179253613
155.89897 33.567234 -1.2764493 1260179253625
151.85402 33.938873 1.0873731 1260179253637
147.76132 34.14193 3.4330046 1260179253653
143.92325 34.234833 5.7613544 1260179253673
140.37709 34.373093 8.023287 1260179253696
137.85823 34.85444 9.922122 1260179253715
137.81532 39.861717 11.126016 1260179253736
139.67456 45.918633 11.269715 1260179253755
135.84084 34.722702 10.756229 1260179253772
136.94879 24.436567 10.018418 1260179253795
138.45135 14.764739 9.217498 1260179253816
140.2788 5.6265016 8.406623 1260179253836
143.66486 -3.254824 7.486292 1260179253854
152.68161 5.7079177 6.511977 1260179253871
146.89752 13.172522 5.3863783 1260179253897
142.65265 18.713896 4.1670594 1260179253913
138.77002 21.328201 3.0587065 1260179253935
134.98152 23.111792 2.2057712 1260179253953
131.08244 24.106201 1.4954826 1260179253979
127.27832 24.550892 0.97070843 1260179253992
