100.34771 25.01641 55.190563 1260179317755
100.53033 24.71559 55.781036 1260179317924
104.00381 31.22981 55.891983 1260179317938
107.75362 37.86832 53.897385 1260179317968
113.26594 44.774906 51.552517 1260179317982
122.952644 33.586163 49.12489 1260179317996
117.85501 23.206854 46.918644 1260179318003
113.46226 13.4965105 44.87271 1260179318015
108.639145 4.121685 42.879074 1260179318024
110.75719 12.665601 40.88512 1260179318035
109.11933 19.582321 38.740864 1260179318043
107.16337 24.553205 36.40382 1260179318049
105.2552 26.875546 33.733627 1260179318061
103.692444 28.281769 30.996946 1260179318069
102.35782 28.81768 28.1971 1260179318083
101.189926 28.726797 25.437244 1260179318097
100.18043 28.240458 22.815382 1260179318106
99.221405 27.228436 20.324614 1260179318116
98.31033 26.217014 17.808382 1260179318127
96.84482 25.106163 13.967963 1260179318138
105.75258 14.900855 11.969565 1260179318149
110.21495 5.305812 11.221087 1260179318163
105.654205 -3.5094788 11.110033 1260179318173
101.821495 -11.434005 11.4045315 1260179318182
98.68042 -18.762304 11.784305 1260179318197
95.2464 -25.97419 11.945089 1260179318206
102.23408 -15.8254795 11.697835 1260179318220
101.02238 -8.284205 10.912943 1260179318240
99.67126 -3.1699948 10.217296 1260179318253
98.23769 0.23850492 9.656431 1260179318271
96.77581 2.8765798 9.323609 1260179318292
95.43702 5.1827507 9.107429 1260179318316
94.31517 7.423613 8.902057 1260179318333
93.69941 9.702433 8.956954 1260179318353
93.71444 12.217311 9.309106 1260179318375
89.17872 3.7064452 10.24365 1260179318393
89.51978 -2.6788774 9.581468 1260179318415
90.54379 -8.544933 8.502395 1260179318433
92.1666 -14.217687 6.977275 1260179318456
94.55827 -20.056803 4.8784113 1260179318708
92.83036 -16.753963 2.8844907 1260179318722
91.38884 -13.566265 0.9902662 1260179318737
90.669395 -10.387952 -0.80924714 1260179318744
93.83592 -3.0185544 0.8812152 1260179318762
99.64413 5.6823735 1.2871544 1260179318773
100.61192 -3.1517453 1.2227967 1260179318784
102.381325 -11.194158 1.0616568 1260179318797
104.16226 -18.68445 0.858574 1260179318813
106.10415 -25.800228 0.6156453 1260179318832
109.74894 -32.910217 0.23486303 1260179318857
119.51149 -22.314707 -0.37688014 1260179318873
115.18591 -13.248971 -1.2080362 1260179318892
112.02662 -5.7865224 -2.1976345 1260179318915
109.27529 0.30280393 -3.2377527 1260179318934
106.51153 3.4876637 -4.125865 1260179318953
103.78595 5.9632807 -4.819572 1260179318972
101.04665 7.815117 -5.2785935 1260179318996
98.34432 9.174361 -5.414664 1260179319015
95.67711 10.065643 -5.0939307 1260179319033
92.94325 10.462361 -4.389234 1260179319054
90.19609 10.9892435 -3.2697723 1260179319074
87.73628 12.289782 -2.0062838 1260179319093
