10.840277 11.396488 2.477281 1260255869825
3.3454616 -0.8092866 -11.382849 1260255869838
-9.264648 13.585451 -3.131476 1260255869849
-4.180871 -0.78145313 -0.9443884 1260255869862
6.621461 15.646822 -6.784044 1260255869878
-9.456064 1.518117 -14.238614 1260255869884
-10.709063 16.311636 -15.963411 1260255869895
2.6948433 2.021039 -11.847033 1260255869904
-12.138034 17.398804 -8.136135 1260255869917
-17.03939 5.1864524 -11.698618 1260255869929
-2.8195972 16.458717 -24.699543 1260255869938
-3.584587 15.623919 -26.843513 1260255869963
-15.988503 6.726748 -14.179448 1260255869975
-16.654268 21.92656 -16.50798 1260255869995
-1.6581106 1.1791873 -3.5010848 1260255870004
-9.423471 -1.4028196 -10.610254 1260255870016
-12.123253 -3.808116 5.9646826 1260255870022
-12.112143 -9.967249 16.37386 1260255870033
-12.229092 -13.322772 22.752283 1260255870042
-12.468052 -17.971321 27.38778 1260255870059
-12.599778 -21.626308 23.927227 1260255870071
-10.497544 0.8609872 15.167927 1260255870080
-1.9299154 -8.416575 21.032402 1260255870091
-9.342714 7.536843 10.742344 1260255870102
-12.301616 7.6357756 -12.865213 1260255870117
-3.3332043 2.1362526 -16.335583 1260255870125
-7.7900524 -0.0119485855 -23.222984 1260255870140
-14.676554 18.344685 -35.73829 1260255870159
-18.909725 21.349102 -21.114386 1260255870171
-20.601479 10.99074 -32.85573 1260255870194
-20.38123 26.44741 -27.235235 1260255870216
-18.768625 3.177082 -24.678432 1260255870240
-15.9178295 12.87529 -19.197895 1260255870252
-11.74288 6.439339 -10.1910925 1260255870275
2.7555501 -4.570726 8.1306 1260255870298
17.304266 -10.905504 11.45202 1260255870312
10.287889 -10.551416 20.222288 1260255870335
0.15983582 -18.474041 21.508402 1260255870520
4.306425 -7.905732 28.675842 1260255870533
7.808944 -5.4066963 10.497284 1260255870542
3.251789 3.1989713 3.863999 1260255870554
-6.80727 4.8018227 4.246132 1260255870563
-17.831352 7.619855 3.434087 1260255870575
-15.925924 18.986692 7.499733 1260255870584
-3.9280663 18.94393 -4.04367 1260255870596
-18.207174 1.0750418 0.13285708 1260255870602
-19.827868 5.367337 4.390109 1260255870622
-5.643676 16.164215 -5.8490686 1260255870633
-17.68105 4.765402 0.21545029 1260255870643
-19.439888 -3.1514 -11.581766 1260255870654
-14.118919 16.172762 -13.206586 1260255870663
2.8513753 -1.5372658 -10.889059 1260255870680
9.704572 15.180244 -4.512081 1260255870691
24.33509 8.322657 -2.1237502 1260255870700
9.717286 -2.968471 2.8200715 1260255870718
29.729937 -18.580978 11.282739 1260255870732
13.312956 -26.05764 15.13222 1260255870741
13.464657 -8.97323 22.594643 1260255870761
19.097565 -0.43646097 13.482918 1260255870773
2.7009401 -3.3886852 10.112537 1260255870797
-1.9687581 -6.041077 -0.83242035 1260255870816
-13.757171 -3.7742372 -12.649329 1260255870839
-10.140395 11.437047 -6.9590645 1260255870862
-2.7187262 18.15406 -18.61776 1260255870877
-15.664552 4.015568 -17.50378 1260255870899
-26.493408 18.510069 -24.418015 1260255870912
-18.889864 18.048729 -34.752487 1260255870935
-7.5973816 9.047452 -21.653994 1260255870956
-8.384761 20.557621 -18.496403 1260255870978
-18.510572 -1.1056004 -20.76771 1260255870995
-19.851027 12.995104 -15.050256 1260255871015
-6.278941 7.3168945 -15.676008 1260255871038
5.143968 -2.8979433 -1.8862588 1260255871052
8.519102 -7.242143 9.496328 1260255871075
5.64973 -18.187096 19.132109 1260255871093
