-1.8570304 -1.497014 18.384205 1260261233655
-2.1774979 5.6467276 20.025812 1260261233664
-4.4256086 11.2242985 18.35241 1260261233670
-7.453251 9.516753 18.15315 1260261233682
-5.9389973 4.5983987 22.401709 1260261233720
-0.40100604 0.055193305 22.48168 1260261233727
7.1738644 5.4863033 8.220866 1260261233745
6.252176 -8.398785 -6.982139 1260261233757
-8.635056 -7.076925 -16.425692 1260261233763
-12.934977 2.3701768 -15.068108 1260261233781
-7.266351 8.399283 -25.676592 1260261233790
-0.534517 -4.456013 -33.76768 1260261233968
4.065257 11.919588 -19.909206 1260261233981
6.0146422 -0.8921337 -29.988953 1260261233990
6.4881544 15.837086 -25.418913 1260261234002
2.7982771 6.7098293 -4.006378 1260261234014
-4.983604 5.3606167 -4.2290893 1260261234022
-3.014708 -21.669895 3.9333286 1260261234029
-4.080488 -10.896779 12.872317 1260261234040
-6.360239 -27.688337 20.50474 1260261234049
-7.6832166 -25.610252 19.754553 1260261234063
-7.733288 -4.9143963 18.826103 1260261234083
-0.24761486 5.749572 14.325701 1260261234094
2.5595555 -5.226115 2.976188 1260261234102
-15.469265 -0.65027237 0.48305047 1260261234108
-7.198086 1.6130228 -3.9088583 1260261234127
1.1478672 1.7280807 -4.0724664 1260261234139
-14.135067 0.2115488 -5.1503224 1260261234148
-15.222124 -1.1423402 -13.547898 1260261234165
-2.1599674 5.0354085 -18.39693 1260261234182
0.23578535 -11.947218 -2.730135 1260261234198
-2.9588842 -5.383987 -8.144453 1260261234205
7.6169 -10.157681 -9.772089 1260261234222
26.68932 -20.68401 -12.731816 1260261234237
24.460354 -28.549896 -26.863077 1260261234265
12.802285 -29.424316 -19.179684 1260261234289
22.546722 -23.574238 -18.913582 1260261234302
23.629986 -14.629288 -7.4612412 1260261234318
1.1363115 -4.5338798 -5.4681134 1260261234338
14.04092 -9.453083 0.5544143 1260261234360
2.5616136 7.8648925 16.440397 1260261234382
-16.32668 7.6343956 14.696807 1260261234404
-8.615519 -6.404653 25.938744 1260261234418
-7.9593363 -11.657526 12.385784 1260261234438
-6.6109476 -11.072813 1.9914851 1260261234461
4.557321 -3.327653 -12.111746 1260261234477
9.469264 11.339573 -24.86529 1260261234499
12.573704 -2.955268 -32.51687 1260261234519
10.8481655 16.078886 -24.55782 1260261234544
6.5904016 -2.1743054 -23.816832 1260261234744
3.0465207 8.284481 -29.500175 1260261234757
4.6091805 -5.1102805 -3.6688905 1260261234766
7.307176 -4.685884 2.2171319 1260261234777
7.6919065 -24.15807 13.539325 1260261234786
9.913546 -17.073656 17.642612 1260261234797
13.708938 -10.618226 20.293427 1260261234809
12.923176 -22.286076 6.2851334 1260261234821
0.06927109 -11.0793495 -7.1448073 1260261234829
1.3480692 -12.421187 -8.971933 1260261234841
9.428265 9.742476 -27.85447 1260261234857
14.805384 0.5649204 -21.626495 1260261234866
15.565057 15.700485 -17.589157 1260261234878
14.194687 21.704746 -18.97436 1260261234885
11.867458 10.641785 -17.36974 1260261234901
11.268614 -2.6035872 -8.4038105 1260261234907
11.575441 -5.910504 -1.8519311 1260261234926
11.305857 -21.90934 2.4136536 1260261234937
11.215295 -20.415758 15.023359 1260261234944
9.04458 -27.936653 11.753963 1260261234962
3.8929691 -7.4563346 6.9849343 1260261234970
-5.6066966 1.6546601 4.4294167 1260261234985
-13.895726 -3.4553518 9.822747 1260261235006
-7.399092 22.009092 6.885217 1260261235022
2.0038462 5.2101774 1.6689131 1260261235039
-9.660875 4.699687 1.677759 1260261235057
-18.30703 3.764834 -9.4925785 1260261235081
-10.898014 10.129202 3.356746 1260261235114
-18.95516 -6.240809 1.5571098 1260261235123
-2.1159983 2.535903 -9.355258 1260261235138
4.07867 -5.71826 -18.270014 1260261235162
6.708965 -16.233849 -30.452251 1260261235179
1.8211064 -22.994064 -32.84586 1260261235201
-1.4196472 -24.876144 -28.73038 1260261235224
7.193554 -23.599947 -25.28505 1260261235238
18.617188 -20.539028 -23.267374 1260261235259
15.629771 -16.08598 -24.915955 1260261235277
1.2014003 -9.925409 -21.588066 1260261235304
-3.0025325 -1.7106234 -0.9591012 1260261235483
2.4792707 5.0107574 -5.9177923 1260261235497
-4.041183 -7.831795 17.18319 1260261235508
-9.776375 8.271807 18.908613 1260261235520
-14.679595 -5.1831446 17.301086 1260261235528
-12.592018 -15.81522 15.516592 1260261235539
-0.8169906 -1.7879882 -7.4514203 1260261235548
3.5831723 0.17173862 -9.432682 1260261235560
5.1979375 -1.5623248 -17.10086 1260261235569
6.1821337 -2.3063514 -21.624302 1260261235586
4.738812 5.8919845 -20.298954 1260261235597
3.1294084 14.2215805 -27.317348 1260261235604
2.1983318 -1.5806451 -28.24159 1260261235617
2.3877373 8.936916 -8.195576 1260261235623
4.905385 -2.3037062 -16.496204 1260261235642
7.6307144 11.178462 -6.062954 1260261235653
-3.6375208 7.275872 -2.5962672 1260261235662
-3.7129164 -13.956184 12.418468 1260261235679
-0.6871817 -17.355062 0.16229343 1260261235686
4.546488 -7.404627 12.450352 1260261235702
10.22644 -19.607458 17.328226 1260261235717
12.121303 -22.403107 11.817347 1260261235738
8.513344 -14.588856 17.508766 1260261235764
