5.0305834 6.8964186 12.965717 1260256026999
10.877606 8.394845 12.584266 1260256027005
15.206509 10.178322 10.452667 1260256027017
17.492008 11.32823 9.061508 1260256027053
17.347298 8.43202 13.267269 1260256027061
14.483071 1.5627766 16.937084 1260256027073
9.426974 -4.2810273 14.045241 1260256027083
1.7246442 -2.8769932 6.639968 1260256027097
-4.1840796 4.5251255 7.228851 1260256027114
-5.385916 11.071625 10.308567 1260256027124
-3.4997797 12.507263 6.600273 1260256027140
2.047843 11.492258 0.87196064 1260256027156
6.65196 -2.3814802 -6.003813 1260256027174
-9.114486 1.0059855 3.7175035 1260256027194
-7.545009 -0.4135548 -13.921898 1260256027214
-3.6578712 5.110483 0.27334785 1260256027233
-14.226057 11.741385 -17.764019 1260256027253
-12.471823 14.601006 -18.506035 1260256027274
-1.4388752 6.6451716 -18.71704 1260256027295
-14.219147 -1.3864822 -24.972855 1260256027479
-17.62865 14.247118 -19.757938 1260256027496
-4.5450296 12.261379 -30.812202 1260256027503
2.8405662 -0.06550598 -20.928473 1260256027514
-3.8012981 16.92321 -17.790752 1260256027523
-14.463627 -3.8793235 -11.80484 1260256027533
-5.830266 3.506392 1.5330052 1260256027540
-1.858515 -6.931875 -9.767181 1260256027553
-14.082846 -9.971075 1.3606868 1260256027560
-16.926641 -17.084726 17.415169 1260256027579
-13.969772 -25.613342 26.704258 1260256027591
-8.572922 -26.684196 20.840702 1260256027600
-2.7050629 -7.826327 21.039383 1260256027611
0.19361591 -10.127897 25.860016 1260256027618
-2.8766685 -7.143449 30.178087 1260256027637
-11.835294 -3.9524546 9.028524 1260256027645
-18.258465 5.23909 11.296439 1260256027662
-0.6338167 -9.073441 4.7332993 1260256027673
-16.566757 -8.0033655 0.47557938 1260256027684
-11.880562 -7.495942 -5.8318863 1260256027699
-6.770595 -4.6722126 -8.431969 1260256027715
-5.6094956 3.0328646 -10.786802 1260256027732
-6.1341934 12.417652 -20.21815 1260256027754
-6.894244 12.367203 -34.47304 1260256027779
-7.135722 -1.2297897 -34.87012 1260256027792
-6.442772 3.6831517 -20.824095 1260256027814
-5.031044 17.526497 -31.714731 1260256027836
-3.1934538 0.15867615 -25.61666 1260256027854
-1.3001385 19.864552 -22.049702 1260256027872
0.5965462 -0.8330574 -17.917494 1260256027895
1.0966644 16.046583 -12.989013 1260256027918
-4.3708954 -7.6631002 -8.850217 1260256027935
-5.8340425 -10.156246 6.3854084 1260256027953
12.06465 -21.496763 3.4983034 1260256027981
9.110121 -23.262901 22.27425 1260256027994
5.958495 -26.468607 12.967937 1260256028015
25.774364 -28.562786 18.643661 1260256028034
12.851565 -16.057964 11.424627 1260256028053
4.843611 3.1966 14.850729 1260256028240
15.452494 -4.035422 20.911175 1260256028254
12.976127 -2.1755366 14.389126 1260256028263
8.173304 3.5494075 13.270613 1260256028274
6.5694637 3.00746 5.4504714 1260256028283
-1.3914928 2.6589746 -0.08812261 1260256028295
-17.832884 3.3119879 -1.4829285 1260256028304
-14.778093 21.880821 2.8677285 1260256028315
-3.841384 21.131277 1.0683167 1260256028321
-19.808245 3.2279902 5.217206 1260256028341
-16.9164 5.8776503 8.0145445 1260256028352
-4.02551 16.167496 -2.08782 1260256028359
-15.723887 2.2128854 0.8867445 1260256028373
-16.714031 -6.3087897 -11.599358 1260256028380
-10.891634 7.5454893 -18.302704 1260256028399
4.337578 8.212995 -6.838318 1260256028411
10.963951 -8.282495 -13.713328 1260256028419
9.177627 -12.270505 -6.9644322 1260256028436
11.466977 -18.923458 -0.6950079 1260256028444
5.6405315 -23.006588 13.766743 1260256028459
20.070278 -18.677313 23.697277 1260256028474
19.0554 -7.265072 19.415993 1260256028497
4.966252 -13.661286 27.115597 1260256028514
4.047242 -15.313068 17.7004 1260256028532
17.13538 4.1193976 2.4731214 1260256028555
-1.4372478 -10.219685 -2.550394 1260256028574
-4.5127 -4.1285133 -10.929476 1260256028594
-5.797199 7.1134005 -21.420055 1260256028613
-7.8726215 -5.751864 -24.68327 1260256028640
-9.65164 -4.601712 -24.826017 1260256028654
-10.133546 0.46563625 -28.283249 1260256028674
-9.491744 1.9111319 -30.999435 1260256028698
-7.631549 -0.3392067 -30.541607 1260256028713
-4.721192 -3.8541183 -25.434963 1260256028735
-0.48650312 -5.930144 -18.07916 1260256028755
3.708899 -5.795369 -12.931501 1260256028772
6.643088 -9.159759 -14.36356 1260256028795
8.549474 -9.519101 -17.987274 1260256028814
8.927434 5.149214 -17.968529 1260256029005
6.2468805 -11.218229 -3.9544644 1260256029023
2.7301455 -19.049301 5.38885 1260256029032
2.741274 -14.895649 -0.36257362 1260256029039
4.088725 -22.203566 25.68362 1260256029045
5.6179156 -9.443754 22.005163 1260256029054
7.972718 -17.954784 19.33305 1260256029060
9.666793 -15.864166 20.682667 1260256029069
9.693058 -8.731443 20.005466 1260256029076
8.732513 -5.3601756 18.54606 1260256029082
