-1.5405456 14.302107 -10.442415 1260255844715
5.964104 10.482737 -7.556798 1260255844721
-3.6840641 -1.1744328 -5.733487 1260255844731
-14.494968 17.288057 -10.367515 1260255844762
-12.276377 4.500762 -8.302473 1260255844772
-2.9865732 7.5240345 -27.004757 1260255844792
2.4247608 19.981853 -19.215012 1260255844804
0.041246414 4.6030674 -24.609312 1260255844818
-7.2754984 10.373708 -11.10993 1260255845020
-13.060406 22.394081 -18.799187 1260255845029
-14.487446 10.529635 -19.792753 1260255845035
-12.830788 -1.1618319 -14.970194 1260255845047
-7.410022 7.750159 -16.266993 1260255845060
5.444678 -10.507551 4.955135 1260255845072
6.3283043 -4.5155873 13.273577 1260255845084
5.301735 -6.971819 18.438782 1260255845093
2.9376101 -8.530103 24.993517 1260255845105
-1.7926345 -4.099598 25.570196 1260255845114
-10.479442 -6.1326246 14.263925 1260255845127
-19.32526 -13.776631 19.202013 1260255845135
-13.56158 5.803211 5.317727 1260255845149
-9.704244 -5.311797 -5.6935697 1260255845158
-19.583515 10.819351 -6.298781 1260255845164
-16.056099 11.571901 -23.628244 1260255845183
-14.010816 2.7483025 -20.275255 1260255845194
-13.443219 24.621717 -26.213356 1260255845204
-13.585867 7.5648146 -32.702053 1260255845216
-13.70961 24.329082 -24.54127 1260255845221
-13.571177 6.335455 -32.147392 1260255845242
-12.400882 21.498749 -20.520643 1260255845255
-9.547647 0.35164833 -21.59776 1260255845271
-1.9429221 15.152667 -10.642045 1260255845296
-4.881598 7.0406737 3.5883121 1260255845311
3.7090602 -5.0647807 16.618273 1260255845331
11.293439 -12.5626 17.988623 1260255845358
6.7492676 -13.0832615 19.768822 1260255845372
-3.4226942 -9.2942095 27.01151 1260255845391
-7.225981 -16.066229 18.964155 1260255845411
-9.705568 7.990765 20.510876 1260255845431
-15.935353 6.5292006 12.230187 1260255845454
-16.539595 9.101934 -0.8513684 1260255845470
-8.499569 9.181584 -5.849175 1260255845491
-3.7296524 15.087923 -2.6455612 1260255845513
-14.314044 19.963518 3.1697633 1260255845530
-24.037724 0.85993576 -4.8189774 1260255845551
-13.056067 12.828672 3.0445051 1260255845578
-2.7708397 12.080604 -7.7873273 1260255845758
-4.0483694 -2.5726185 -11.457961 1260255845773
-3.5940776 17.257847 -12.544051 1260255845782
3.8033733 -0.5937309 -12.072372 1260255845813
8.126662 19.38139 -14.819697 1260255845820
-3.0112 2.5808187 -10.409676 1260255845833
14.236059 12.056787 -5.908334 1260255845839
21.967426 2.4557056 0.10459912 1260255845852
13.76422 -5.0265274 9.935189 1260255845862
12.234444 -8.407435 12.38543 1260255845878
23.768986 -10.169466 16.69043 1260255845884
10.922823 -17.033112 22.399216 1260255845900
-3.139389 -5.8629827 11.184705 1260255845913
6.464385 5.186489 -3.3718705 1260255845924
-2.8664286 9.167105 2.9426627 1260255845936
-13.678757 -2.656063 -8.212457 1260255845947
-14.305764 7.8292513 -8.060216 1260255845953
-6.95776 18.851868 -24.597973 1260255845962
-1.428031 2.6045732 -22.176226 1260255845970
-2.3188353 21.431477 -27.153652 1260255845993
-7.95494 8.1244545 -18.130888 1260255846013
-14.179041 15.124558 -34.337624 1260255846019
-17.891901 9.9050045 -19.004349 1260255846039
-17.472038 8.500178 -20.447504 1260255846051
-14.455473 7.5891705 -23.511429 1260255846071
-10.860829 -1.7087762 -10.27981 1260255846091
-8.909527 8.511562 -8.295959 1260255846111
-9.349715 -4.650424 -1.3970563 1260255846131
-7.3012285 -2.2602844 0.2877066 1260255846151
-2.0067272 -10.719028 3.0272713 1260255846170
3.7684972 -21.552593 13.195911 1260255846191
7.9666758 -13.1256485 26.703491 1260255846211
10.033012 0.7047572 16.662468 1260255846231
10.512414 -9.7398 17.82739 1260255846255
9.950205 -0.38600492 16.68892 1260255846270
8.620865 12.514101 14.145592 1260255846298
