-7.4052906 -15.075309 4.2984595 1260255635599
-6.8893957 -12.498489 -1.7550839 1260255635605
-4.9455166 -9.340234 -4.4633512 1260255635637
-3.6700675 -7.701344 -7.6173644 1260255635656
-2.6473727 -6.6620417 -12.503267 1260255635687
-2.8854208 -4.049971 -16.435326 1260255635693
-4.1602955 -0.65636206 -19.592388 1260255635712
-6.228794 3.8514142 -21.646133 1260255635724
-8.43446 7.466438 -21.553251 1260255635734
-8.119495 -0.31846976 -8.040321 1260255635750
2.8376694 -8.162792 -10.652229 1260255635761
-1.8631911 -8.551095 10.777094 1260255635772
-15.838235 -15.976168 11.864244 1260255635786
-20.020504 -32.079502 25.026896 1260255635805
-13.734253 -34.437294 22.46337 1260255635821
-4.136578 -19.602266 13.759805 1260255635840
2.9115586 -7.802079 18.573683 1260255635864
4.40795 -9.589117 10.270594 1260255635881
-0.43617177 -14.784735 -0.26887226 1260255635903
-8.298063 -12.940708 -4.9422874 1260255635921
-11.558508 1.043973 -1.5553838 1260255635941
-10.406941 -4.814927 -11.427421 1260255635962
-8.390757 -13.838289 -17.290361 1260255635980
-5.029953 -4.5859146 -16.267344 1260255636000
-0.1794405 7.7622013 -25.213463 1260255636033
4.2133546 -1.5137677 -38.057312 1260255636047
6.6835175 -9.938325 -23.28743 1260255636072
6.73991 7.240417 -19.49142 1260255636465
4.819904 -9.025911 -24.889503 1260255636475
-0.113776565 -0.40946198 -14.316652 1260255636489
0.8124071 5.6924534 -6.4713316 1260255636494
-12.147729 -6.1892815 -3.2519715 1260255636506
3.877809 2.9694808 1.7035942 1260255636513
-14.030743 -4.1386476 3.0783188 1260255636524
-0.13666487 -2.1384397 3.8574896 1260255636534
-15.190703 3.8096023 3.481431 1260255636546
-6.108664 -10.880336 -0.32886863 1260255636555
2.8212447 7.321112 -6.4728885 1260255636567
3.024398 -3.044918 -0.38176584 1260255636587
9.305846 -13.325818 -7.8642607 1260255636593
2.1390548 -17.043873 -4.538313 1260255636604
-6.0797596 -18.402672 -0.50800115 1260255636613
0.73680305 -11.458807 -0.5041914 1260255636625
8.534281 -33.825348 12.073662 1260255636641
11.703127 -17.163013 11.315277 1260255636651
10.188259 -31.683563 13.561822 1260255636662
3.931435 -24.621347 -3.1358595 1260255636674
-2.328305 -9.091468 -3.481387 1260255636702
-6.084756 -3.869503 -5.9477124 1260255636714
-7.8589964 -7.0342197 -16.091885 1260255636729
-8.411286 -16.108389 -11.45701 1260255636745
-9.009512 4.6003957 -12.785439 1260255636754
-10.007902 -8.887131 -21.319967 1260255636767
-10.635645 -1.5526856 -16.101206 1260255636787
-11.085791 2.708229 -19.111488 1260255636802
-11.607279 -13.562363 -17.027447 1260255636825
-12.099758 -3.415933 -15.849888 1260255636846
-12.77178 3.9419413 -13.887506 1260255636869
-12.296698 -1.9376869 -16.026546 1260255636882
-9.144426 -8.03974 -18.497437 1260255636905
-3.382349 -7.98728 -15.979689 1260255636928
1.8022189 -3.4660883 -3.642054 1260255636942
3.9565086 -24.519142 4.952737 1260255636963
4.6449122 -8.568089 7.7839212 1260255636985
5.0855165 -29.522335 11.628996 1260255637008
5.338196 -10.5370865 11.0042515 1260255637022
