-2.1738591 -9.131298 -10.4312725 1260179280033
6.1206145 -4.5901365 -21.583778 1260179280053
15.298258 2.0762985 -17.677944 1260179280152
8.137606 8.45438 -16.541796 1260179280165
-2.7703724 9.814456 -19.720055 1260179280174
0.14929533 5.9936457 -26.681711 1260179280191
10.8995 4.5933228 -18.924423 1260179280203
4.9727964 -18.676634 -12.300961 1260179280212
-12.323966 -19.064186 7.162228 1260179280223
2.5515037 -25.992329 17.462875 1260179280232
-12.525809 -31.814178 15.080452 1260179280244
-12.644472 -29.456078 22.811983 1260179280257
0.512434 -13.474786 27.668808 1260179280268
-15.913609 0.75112724 18.82656 1260179280277
-3.9722526 -10.6855545 21.884537 1260179280291
-9.368443 -8.68856 12.106991 1260179280304
-2.5793447 -9.461863 -2.8781166 1260179280315
7.4826393 9.176448 -12.29055 1260179280327
11.09124 1.7318892 -21.144594 1260179280349
13.849952 19.569458 -29.374418 1260179280369
14.945198 6.9918933 -32.42134 1260179280393
12.790869 8.0806265 -24.104074 1260179280407
4.6063933 15.731964 -19.909382 1260179280428
-9.941691 -10.912905 -23.532278 1260179280448
-12.86846 -20.430138 -4.382816 1260179280466
-2.821278 -21.500254 -5.2870917 1260179280484
4.762764 -33.00971 22.010448 1260179280505
10.457113 -18.005638 22.7817 1260179280525
12.688936 -27.839779 16.132383 1260179280549
11.89469 -30.11715 20.768509 1260179280565
8.000648 -6.8976707 13.852949 1260179280591
-3.7322989 -5.677577 -5.263081 1260179280823
-6.7648225 -0.11374009 -7.6330495 1260179280863
-8.302791 -0.07683849 -9.189286 1260179280872
-7.9606543 4.920514 -7.8263097 1260179280884
-1.0810957 9.979023 -2.7648625 1260179280893
-0.78190327 14.246068 -12.423961 1260179280904
-23.868862 14.643451 -5.055787 1260179280914
-8.192778 9.769258 -2.0485923 1260179280927
-27.949305 0.9682832 4.261498 1260179280936
-20.086369 -6.9669094 6.82445 1260179280947
-18.362186 -12.939515 5.0899754 1260179280957
-9.171753 -23.51036 2.816324 1260179280974
-2.0268755 -32.406082 -5.19868 1260179280986
22.261883 -36.465057 -5.4951096 1260179280995
24.168192 -17.949448 2.8674712 1260179281006
12.760129 -29.893614 7.129199 1260179281013
27.572224 -27.336132 0.7503414 1260179281026
16.014072 -6.651554 8.362247 1260179281033
0.99703026 -5.4566774 5.6019254 1260179281044
12.810912 -1.5663466 3.5540664 1260179281056
9.733373 -9.528322 -3.861126 1260179281072
3.5022597 7.981683 -18.10103 1260179281078
-1.2177932 -3.5484605 -12.509209 1260179281089
-3.235158 16.534182 -16.652237 1260179281097
-3.890038 17.855503 -32.84977 1260179281114
-5.5465884 5.8238716 -34.87959 1260179281124
-9.866039 -3.4800763 -27.3832 1260179281135
-13.66229 7.6658144 -26.113325 1260179281149
-9.597885 -17.796667 -26.7995 1260179281169
-0.7020097 -27.756458 -14.726416 1260179281190
0.67357635 -25.87334 2.32997 1260179281213
-3.4738765 -26.990627 -0.3393736 1260179281227
-6.75708 -20.104828 23.353542 1260179281248
-8.341045 -31.671326 24.684952 1260179281266
-8.354446 -24.441525 14.621872 1260179281286
-6.5423746 -8.924231 10.063334 1260179281308
-2.5263746 0.98994064 10.120988 1260179281328
5.4774256 -1.7936974 15.204623 1260179281353
12.240057 4.0086036 -1.9689186 1260179281525
