-0.54372597 3.414585 7.4782662 1260255508811
-4.6311326 -4.769038 5.4431806 1260255508822
0.53768444 -17.357773 2.71425 1260255508855
7.9944324 -2.330217 -4.274581 1260255508867
13.961059 -6.3437986 5.123456 1260255508881
13.850185 1.252656 -0.3449513 1260255508894
8.979803 -4.896341 6.4044166 1260255508909
1.1035562 -13.384664 2.4960666 1260255508924
-3.3910599 -15.823199 -6.354788 1260255508949
-3.149364 -15.0023 -10.169458 1260255508962
-1.9918523 -12.95357 -12.483845 1260255508984
-2.047564 -9.548258 -16.35102 1260255509006
-3.2784743 -4.9809732 -20.719482 1260255509028
-5.422068 -6.837825 -24.665913 1260255509041
-5.708935 -6.6918035 -17.848867 1260255509066
1.7489502 -5.401146 -6.1874466 1260255509086
-7.3160796 -15.404074 2.3228078 1260255509101
-18.693724 -22.198017 2.5398798 1260255509120
-5.6680346 -26.699636 11.648196 1260255509145
-8.001361 -28.524572 30.600971 1260255509161
-18.152136 -23.918972 32.713425 1260255509180
-19.571028 -16.910036 21.342928 1260255509201
-10.97482 -10.451066 14.034341 1260255509391
0.13211775 -4.7539415 12.000399 1260255509409
5.7663317 -1.1780367 9.031848 1260255509420
3.6762633 -1.6107311 9.139254 1260255509429
-1.2154299 -14.159845 -7.4439545 1260255509434
-0.46508253 -10.413549 0.9731798 1260255509445
3.2859883 0.10307312 -3.7813587 1260255509454
8.267191 6.1721907 -17.025425 1260255509465
13.401847 3.6432552 -26.150303 1260255509474
15.931967 -5.546854 -24.827742 1260255509491
13.885615 -10.455395 -28.605463 1260255509502
8.768317 -0.68819654 -36.400246 1260255509512
4.0070972 7.106244 -19.676317 1260255509523
2.9123673 -15.804371 -17.52795 1260255509530
5.420615 -21.204739 -2.327822 1260255509548
1.711904 -23.368647 14.648723 1260255509560
-2.1705859 -14.861497 17.268875 1260255509568
-4.244257 -33.796566 17.149809 1260255509584
-3.0327992 -24.987442 32.436977 1260255509593
-0.3445534 -10.053177 14.195132 1260255509607
2.910605 -19.716547 5.188995 1260255509627
7.4203725 -10.336609 12.745065 1260255509641
6.9600124 7.688017 -2.3141391 1260255509665
5.730193 8.133756 -8.645781 1260255509684
8.28951 0.3179301 -6.264767 1260255509710
-2.5124016 -8.207646 -3.2391152 1260255509722
-15.247277 -5.161726 -3.562658 1260255509745
1.0427723 2.3589525 -4.8100758 1260255509767
-16.905035 4.8201103 -11.7457075 1260255509782
-8.150668 5.6766334 0.959466 1260255509804
0.3324027 3.2124474 -11.319362 1260255509826
-7.9877214 -12.329622 -7.9819374 1260255509849
-4.2815266 -2.523487 -8.119674 1260255509862
4.3120484 -7.0358047 -0.08742857 1260255509883
10.984795 -13.809322 7.6452007 1260255509907
11.217903 -19.15178 15.367741 1260255509922
5.6836233 -20.361174 19.744282 1260255509942
-1.9649355 -18.031048 15.996017 1260255509964
-7.035836 -12.298139 5.7822413 1260255510145
-8.016099 -10.731047 2.5550647 1260255510165
-8.09896 -21.544964 -7.102124 1260255510174
-8.212064 -0.6799035 -6.3719425 1260255510186
-7.628018 -0.13169527 -21.4095 1260255510193
-6.2794304 -11.441179 -21.050634 1260255510204
-4.4300966 -3.9603868 -10.906701 1260255510213
-2.874958 6.7836523 -23.301912 1260255510225
-2.8758154 -13.01641 -24.143135 1260255510234
-4.530658 2.3104553 -12.970928 1260255510250
-8.619005 -16.134903 -18.723335 1260255510262
-13.362118 0.8100066 -14.228089 1260255510271
-14.838032 -4.731327 -10.450716 1260255510281
-9.465155 -12.822741 -11.72713 1260255510288
-3.8978121 -7.8295593 10.436712 1260255510306
-0.698822 -28.364014 11.886888 1260255510315
0.9344125 -10.931627 15.834887 1260255510332
2.1757255 -27.491364 23.774298 1260255510348
3.520049 -13.537256 13.385481 1260255510354
4.3667936 -11.949741 19.895554 1260255510370
4.7635937 -22.630074 9.544571 1260255510385
4.6280646 -12.160628 -1.16749 1260255510402
4.3594723 -2.6137428 -2.3254864 1260255510431
