6.181759 -12.153496 13.9840355 1260255595537
6.5987425 2.1665068 0.027022004 1260255595549
5.4144936 -1.0561357 -12.606592 1260255595558
5.111211 -3.3253312 -19.174694 1260255595593
5.05978 -4.096946 -24.694378 1260255595600
5.023481 -4.924433 -28.901379 1260255595614
4.3138704 -6.9256973 -30.498295 1260255595669
2.6648204 -8.979402 -29.100191 1260255595678
-0.5010052 -10.916994 -23.04427 1260255595689
-6.8338103 -10.728158 -12.1389675 1260255595698
-11.171024 3.634478 -10.695814 1260255595713
0.0026869774 -18.81308 -7.623794 1260255595722
1.1550703 -18.330399 12.08901 1260255595733
-9.759214 -15.679997 19.97994 1260255595749
-18.128899 -20.994043 19.03093 1260255595759
-17.1165 -31.082508 26.85887 1260255595772
-8.516228 -27.946068 14.544699 1260255595795
1.1173544 -12.923141 8.470303 1260255595816
6.367555 -3.61096 8.415717 1260255595839
7.6513333 -2.2521062 4.9463053 1260255595851
9.303897 -16.886396 -1.2201126 1260255595874
11.460764 3.6900806 -8.524077 1260255595897
11.709601 -3.8217082 -9.929195 1260255595911
9.539266 -12.91109 -20.56624 1260255595930
5.622868 -0.07604265 -33.230045 1260255595951
1.396802 4.305385 -19.527592 1260255595971
-2.2243686 -12.943041 -23.773108 1260255595990
-5.09721 3.359631 -25.649624 1260255596010
-7.089062 -9.189256 -13.097181 1260255596038
-6.31621 2.9619055 -15.051266 1260255596055
-1.1305474 -5.247448 -11.632612 1260255596081
3.6442397 -10.375206 7.3075256 1260255596257
6.421031 -31.565302 11.7277775 1260255596269
8.133657 -29.20624 13.217486 1260255596278
9.642288 -17.011337 17.630163 1260255596289
10.609569 -31.906435 17.317215 1260255596298
10.858875 -16.435781 13.1977005 1260255596305
10.627898 -6.974691 12.612377 1260255596315
9.859088 -17.713291 8.350395 1260255596324
9.413517 -14.767066 1.3602164 1260255596338
4.926155 -8.814138 -6.877713 1260255596354
-11.250564 -2.2409618 0.7960303 1260255596371
-3.9352386 8.031576 -10.097686 1260255596380
2.825746 9.676861 -4.003617 1260255596391
-16.375292 6.3975635 -5.4446545 1260255596400
-0.48103237 -6.7358904 1.2224789 1260255596416
-6.1805058 -9.047478 1.6567845 1260255596424
-15.814602 7.2289915 -5.6754475 1260255596441
-12.506013 -10.6871195 -4.116761 1260255596452
-10.332831 4.849172 -6.1299715 1260255596463
-0.8729274 -7.307695 4.916447 1260255596480
11.735075 -17.658451 4.8397255 1260255596495
12.322029 -14.335114 0.06868887 1260255596512
4.467663 -15.891455 9.473526 1260255596538
-3.1473565 -23.404623 14.857563 1260255596555
-5.7264404 -29.958794 5.7247763 1260255596575
-2.4392407 -30.122915 1.9480888 1260255596598
3.5296063 -24.41972 -5.8066807 1260255596613
7.2549267 -14.5424 -11.176868 1260255596634
7.474838 0.044093132 -7.1399593 1260255596656
6.411074 -14.353796 -5.14676 1260255596679
5.615639 2.4272738 -15.750922 1260255596693
5.491995 -11.653236 -8.516102 1260255596714
6.385071 5.276126 -16.628077 1260255596733
7.769018 -11.56646 -11.442826 1260255596753
8.657695 3.9056945 -17.187634 1260255596775
8.616576 -7.752281 -11.97154 1260255596791
7.7586427 -7.164953 -16.319897 1260255596811
5.9793205 5.014888 -9.824312 1260255596831
-0.38200235 -5.538031 1.8784175 1260255597016
-9.392914 -8.400584 5.4394784 1260255597023
-12.984128 -9.012764 -1.3911805 1260255597032
-13.922136 -28.350712 8.195065 1260255597039
-13.438673 -12.8640995 10.710685 1260255597044
-12.094282 -28.056454 8.23933 1260255597053
-11.28688 -25.37774 10.769674 1260255597060
-10.232199 -9.231627 6.5646324 1260255597065
-9.896305 -7.2486753 -2.0113869 1260255597079
