17.973665 9.389775 2.7726715 1260261053758
16.979479 8.243179 1.3013821 1260261053767
9.360257 2.4837165 -1.3686848 1260261053779
-3.5097032 -4.8686857 9.099036 1260261053788
5.3020487 -3.9122763 5.769544 1260261053800
7.268468 5.0120425 17.205103 1260261053806
-9.25606 12.831151 6.4896584 1260261053818
9.045908 6.8971453 4.798369 1260261053827
-9.812383 -7.6686397 3.3000114 1260261053838
-7.675416 -0.42007452 6.6166487 1260261053848
0.9048164 2.3900373 3.6245203 1260261053860
5.050354 0.87296987 -3.0111814 1260261053898
-8.661244 -8.438792 -19.872301 1260261053907
-5.8238063 7.722685 -17.324362 1260261053919
5.9969444 5.6548047 -31.6059 1260261053928
13.98777 -4.575965 -29.071203 1260261053940
16.765966 -10.068996 -24.202314 1260261053954
18.657305 -12.047268 -21.869034 1260261053969
22.017307 -10.90514 -18.388988 1260261053980
23.822403 -3.8023462 -15.883172 1260261053988
22.564255 -27.998932 -6.077423 1260261054000
20.912579 -14.673683 -0.38494757 1260261054009
18.577312 -15.93515 7.3486257 1260261054025
11.396273 -14.52997 9.605715 1260261054036
-3.99059 -20.66865 11.560404 1260261054046
-11.67078 -13.676588 17.297619 1260261054067
1.7622857 4.6946907 24.363531 1260261054083
-3.592401 -7.153505 21.895065 1260261054097
-15.052481 8.29043 16.171219 1260261054108
2.4365978 7.1560946 9.275428 1260261054126
-16.975739 -3.968083 3.897294 1260261054142
2.6876473 11.329441 1.4051602 1260261054166
-15.123274 -1.8809204 0.62962437 1260261054359
-2.9440343 12.638079 -0.75693274 1260261054374
0.31932163 -5.8072023 -3.5707288 1260261054383
-12.586126 7.600685 -14.170101 1260261054395
-13.88216 -0.84315366 -14.726082 1260261054404
-8.273712 -10.711154 -10.531951 1260261054415
-5.0059175 -0.82918346 -5.88727 1260261054424
-4.7608466 6.419699 -12.807742 1260261054434
-5.877657 7.6117716 -19.185814 1260261054441
-6.546587 7.0698414 -19.930706 1260261054449
-2.8283415 7.1474514 -17.915524 1260261054466
6.6202908 6.353216 -21.652592 1260261054482
16.545069 -0.7042167 -23.833721 1260261054488
17.130226 -14.496419 -16.178417 1260261054499
6.714088 -10.9060955 -27.493195 1260261054508
2.2631521 -0.96310425 -18.334421 1260261054521
12.724703 -21.582426 -13.139044 1260261054536
20.723114 -4.4398336 -11.852594 1260261054544
15.334029 -13.96604 -13.272705 1260261054558
8.102358 -23.619007 -7.3822336 1260261054570
5.984844 -11.479664 -1.6743412 1260261054584
7.5236287 -5.5408025 15.024788 1260261054604
