11.580426 -13.213666 8.236097 1260256001839
16.0936 -16.913456 7.317156 1260256001845
12.540112 -16.079826 3.7938766 1260256001862
2.6067586 -9.30127 6.758312 1260256001876
-3.3189 -1.4509335 13.520983 1260256001915
4.258197 -5.759556 -1.0551767 1260256001924
11.497204 -15.787542 2.3505623 1260256001940
-3.5190163 -14.681586 1.8028882 1260256001959
-5.870701 -13.212679 -15.064714 1260256001965
5.442914 -12.577929 -15.346504 1260256001982
-13.352323 -9.05515 -22.082521 1260256001994
-4.025311 2.5532963 -14.162776 1260256002003
3.6509666 8.540557 -23.964163 1260256002013
-10.812753 -8.676973 -27.431131 1260256002040
-11.313366 11.118933 -26.648146 1260256002060
2.989029 -8.37483 -25.740992 1260256002081
5.2372823 7.175564 -20.217857 1260256002101
-5.1798005 -8.6666 -26.501276 1260256002121
-11.855827 4.2709827 -15.01931 1260256002145
-3.742918 -0.6944361 -5.4070673 1260256002163
5.2559967 -25.483852 1.0895283 1260256002183
-5.383405 -18.32088 2.2943249 1260256002203
-19.043854 -16.866852 20.434145 1260256002223
-14.463778 -23.533981 15.49162 1260256002252
-2.9598312 -25.460062 23.503206 1260256002271
-6.5197496 -23.232141 29.851109 1260256002291
-18.314169 -19.85256 25.695242 1260256002313
-16.109495 -19.204197 18.279175 1260256002333
-0.98650026 -18.247349 15.253743 1260256002350
-4.610311 -7.070972 -6.4925137 1260256002570
-14.328245 -10.79562 -13.431071 1260256002579
-14.439114 -8.338228 -16.775116 1260256002588
-12.423124 -1.0596769 -22.073414 1260256002604
-10.902718 5.5594983 -26.041752 1260256002613
-10.133549 9.359156 -32.068542 1260256002627
-9.84822 -5.254184 -31.848402 1260256002633
-9.785503 7.818595 -23.567566 1260256002645
-9.238516 -0.6663463 -35.435722 1260256002654
-6.6738863 7.871765 -18.040688 1260256002666
-1.0841055 -3.64904 -28.67675 1260256002675
3.5618658 -14.525831 -12.826959 1260256002690
2.5495648 -16.147175 3.4617224 1260256002699
8.474658 -22.951317 4.477169 1260256002713
14.965109 -15.642359 19.077671 1260256002725
12.815285 -20.687515 17.038467 1260256002734
5.97174 -25.453583 21.288319 1260256002745
8.996376 -27.520403 29.626715 1260256002755
17.185625 -24.866102 24.40949 1260256002762
16.783463 -17.852783 16.060991 1260256002780
10.793072 -7.982955 8.037769 1260256002796
3.730517 12.160648 3.7656796 1260256002811
-15.187445 0.8694968 4.5652723 1260256002833
-8.716502 14.944006 -9.265848 1260256002851
-2.2447958 21.784687 -0.44603366 1260256002873
-21.060005 19.728138 -4.5881057 1260256002900
-13.179388 11.573029 8.457678 1260256002913
-10.830109 0.7374277 -8.652599 1260256002943
-22.116165 -4.5854726 -5.5374136 1260256002968
-3.0741987 -1.628649 -8.695463 1260256002983
-8.858805 4.413518 1.8945174 1260256003011
-16.51947 4.5637436 -6.9082603 1260256003030
-13.976603 0.7454157 -1.8531232 1260256003053
-10.0603285 -13.638441 -3.129262 1260256003074
0.5808871 -33.003426 5.3195424 1260256003093
11.159225 -24.834576 10.613766 1260256003120
10.178177 -21.259336 10.804405 1260256003143
-0.7318969 -37.14904 0.9143961 1260256003160
-1.9465818 -30.824217 0.095128536 1260256003384
-17.157112 -10.383155 -24.483854 1260256003393
-17.922026 -1.5861044 -17.5503 1260256003421
-15.669422 -1.7657547 -10.03749 1260256003442
-9.383424 -10.866653 -0.96998596 1260256003461
-3.3659282 -25.036053 -6.716609 1260256003481
-0.6358404 -11.482023 -3.4842136 1260256003506
0.5200405 -25.43862 0.5413606 1260256003524
0.9667635 -34.438744 8.306837 1260256003547
0.82404137 -35.561172 15.461895 1260256003563
0.57546425 -33.517338 21.415426 1260256003585
-0.30045795 -31.2473 25.001081 1260256003600
-1.5843177 -28.63707 23.58086 1260256003624
-2.7130482 -23.265932 16.776545 1260256003643
-4.314362 -12.601883 7.1770315 1260256003660
-6.9089756 1.4861183 5.3727007 1260256003681
-9.351386 6.266179 8.309089 1260256003701
1.8085581 4.2047257 -0.5445843 1260256003721
