-6.5480585 -16.66148 6.7201653 1260255555544
-2.1309004 -3.675227 -6.075619 1260255555581
5.1781473 -16.53479 -5.2892513 1260255555594
10.544188 -15.261326 -6.898864 1260255555606
12.593752 -13.506577 -12.323952 1260255555647
12.737868 -12.044915 -17.52938 1260255555653
12.057424 -10.348335 -20.63502 1260255555671
10.519123 -7.201977 -20.629866 1260255555682
7.911328 -1.1747462 -18.087023 1260255555694
2.7708368 6.543505 -17.326002 1260255555709
-6.0995073 6.2961826 -24.352715 1260255555722
-14.653434 -14.145082 -13.301703 1260255555744
-4.795482 -2.6627197 -0.5209336 1260255555767
0.29966354 -20.553202 3.6578884 1260255555788
-8.180761 -32.667435 18.053247 1260255555804
-17.278193 -22.151138 28.553865 1260255555821
-20.608328 -19.030396 24.755556 1260255555842
-17.487188 -31.0592 25.803444 1260255555861
-10.045963 -17.07435 10.590156 1260255555881
-1.1931562 -4.218934 16.877739 1260255555904
3.8857746 -11.185077 7.9981403 1260255555921
-0.20259905 -14.5076065 -5.3924046 1260255555941
-6.594258 0.5466895 1.4596992 1260255555960
-5.4876223 -4.7274365 -19.83943 1260255555980
0.8435677 -12.4829235 -16.60523 1260255556004
8.366762 -0.5279333 -15.100914 1260255556020
13.588284 7.404133 -25.214687 1260255556046
12.972781 8.415611 -30.438559 1260255556060
8.212493 9.072742 -27.583889 1260255556081
2.872295 3.6987383 -16.236267 1260255556101
-0.19542053 -13.270024 -13.583504 1260255556120
-0.058096886 -1.5439186 -18.118576 1260255556312
1.4516342 -18.474453 -11.944311 1260255556332
2.6534808 -20.001541 -3.1054301 1260255556343
2.699742 -16.207352 9.5568905 1260255556352
2.125737 -19.954334 27.493496 1260255556363
0.87014157 -30.661951 26.275595 1260255556372
-1.3208694 -21.324928 10.181655 1260255556382
-3.6899078 -3.4277096 12.360667 1260255556391
-5.972976 -5.6254663 16.225258 1260255556402
-6.523243 -12.099054 11.116205 1260255556411
-1.0926139 -12.973764 7.06556 1260255556427
6.7701063 5.8673134 0.07545787 1260255556439
-10.748625 -10.786049 -6.547699 1260255556448
-8.33367 -0.044296026 -11.90844 1260255556459
3.040369 -3.869587 -5.296892 1260255556468
-11.190257 -7.305415 3.9156957 1260255556485
-16.081497 -1.680907 -0.5216508 1260255556493
-4.3347034 -7.2321305 -15.665371 1260255556504
3.0989027 -5.2771387 -2.5477252 1260255556523
5.640212 0.94008446 -11.966877 1260255556539
-1.9537598 -14.155897 -10.153997 1260255556552
-3.0778933 -20.53175 -1.6336551 1260255556566
14.517658 -14.320381 9.046459 1260255556586
14.36438 -13.400432 8.972579 1260255556608
2.254787 -29.18025 15.1029005 1260255556623
-2.8330774 -34.276096 6.696524 1260255556644
1.1411974 -24.589497 12.296799 1260255556667
5.0868793 -14.73903 9.101797 1260255556682
4.850602 -17.062727 3.4388456 1260255556703
1.1139362 -15.886507 -14.536258 1260255556726
-4.401854 2.8020792 -6.792461 1260255556744
-8.795385 -12.233257 -17.943466 1260255556762
-11.871458 4.4357147 -10.943596 1260255556784
-13.301718 -10.173729 -16.815939 1260255556808
-13.509772 5.036488 -14.989237 1260255556824
-12.825076 -13.913266 -14.205763 1260255556849
-11.378432 0.17021036 -8.0069065 1260255556865
-8.992197 1.0437546 -15.787308 1260255556884
-6.0617557 -7.237598 -16.945713 1260255557069
-4.2003875 -7.062453 -12.362067 1260255557089
-4.5785894 -8.208946 6.8094435 1260255557099
-6.2474704 -27.933266 7.1369905 1260255557109
-8.331391 -14.812929 4.031898 1260255557121
-9.692759 -22.029707 14.858264 1260255557131
-10.079231 -24.82984 12.94952 1260255557142
-9.448388 -9.427712 10.30272 1260255557149
-8.403408 -24.960602 9.502436 1260255557154
-7.3189764 -6.5141015 14.812029 1260255557163
-6.6565714 -7.5414066 -0.84170485 1260255557174
-6.2925 -18.825771 4.6519303 1260255557183
