6.6383734 15.424957 -9.377033 1260255903775
9.786861 19.338087 -1.3901505 1260255903784
11.670539 14.27014 4.700325 1260255903796
12.880323 13.797953 -5.0869207 1260255903822
13.9296875 -0.13519955 5.979045 1260255903842
13.539842 17.508533 7.7744102 1260255903853
6.4220285 -3.633533 7.4270673 1260255903860
-4.850481 10.261623 16.11607 1260255903878
-7.951104 1.0234054 12.490615 1260255903890
-0.4048025 -0.96119547 -2.7668185 1260255903901
7.5766697 -0.79308486 9.466911 1260255903921
4.04202 -4.541419 5.265506 1260255903934
-11.648529 4.912635 -3.0046399 1260255903959
3.5036168 7.2027426 -15.342892 1260255903980
-5.4395847 3.5317812 -23.514446 1260255903993
-17.503899 13.786234 -21.07015 1260255904016
-4.2520533 16.025074 -13.028438 1260255904199
-2.7351246 8.344123 -17.961826 1260255904210
-17.96428 25.413656 -21.188639 1260255904217
-15.625378 8.948247 -14.099438 1260255904229
-0.82441425 10.155895 -25.072891 1260255904238
1.5736127 21.480232 -18.092144 1260255904249
-8.576963 0.6172776 -20.080782 1260255904259
-9.93227 8.07068 -11.709598 1260255904270
3.8808293 -16.416815 2.3831117 1260255904284
0.5228553 -22.736397 9.273706 1260255904296
-7.0374966 -20.85256 11.724301 1260255904305
-13.669758 -19.75428 17.630058 1260255904317
-16.61224 -20.320877 24.119883 1260255904329
-14.959232 -9.837492 18.0685 1260255904343
-8.749318 7.8132496 18.592094 1260255904355
1.9463859 -8.850191 9.00657 1260255904364
-2.7698965 3.5016377 -7.952018 1260255904378
-12.088795 11.023375 -0.63792276 1260255904395
-14.253639 1.3409281 -13.930331 1260255904410
-15.188419 23.482594 -18.372917 1260255904423
-15.570345 6.787752 -23.232574 1260255904439
-15.552845 27.127613 -24.343086 1260255904456
-14.890507 8.836069 -29.474073 1260255904479
-13.3490505 26.094868 -24.18161 1260255904492
-11.217997 5.5976343 -26.073431 1260255904515
-7.6373005 21.882805 -20.809525 1260255904537
-2.1294184 -0.12547302 -6.6150002 1260255904556
6.3127317 7.273611 -7.8835497 1260255904574
3.8412805 -8.2479 -4.910798 1260255904595
-4.034301 -15.899746 5.568389 1260255904618
-2.7522035 -19.210426 18.248178 1260255904632
9.4087 -16.124233 26.976486 1260255904654
16.914988 -4.4246254 19.923105 1260255904675
11.262031 -1.2598038 24.202272 1260255904699
-1.6166868 -8.070318 8.035894 1260255904712
-7.210368 -1.5152078 7.9251614 1260255904735
-9.338853 0.5581703 2.8578644 1260255904758
-11.839791 13.485248 -2.0852923 1260255904774
-10.560114 22.01918 2.7662208 1260255904972
-2.8857846 6.3863316 -7.285386 1260255904980
1.1703539 24.479393 -5.8822646 1260255904994
-7.2224836 3.2029629 -8.031275 1260255905001
-16.340523 20.852997 -7.1413713 1260255905012
-15.367334 0.7327938 -8.09051 1260255905021
-11.573972 17.504747 -12.200459 1260255905032
-9.53172 4.5878797 -7.58105 1260255905042
2.9682262 4.4544935 3.709855 1260255905052
6.0332866 3.209639 7.4621267 1260255905070
18.300064 -11.032248 -0.009355307 1260255905080
6.715306 -15.899416 2.3473754 1260255905091
8.47814 -15.322089 14.08653 1260255905100
21.82612 -6.097958 7.5742493 1260255905112
5.7979283 3.5929775 9.477683 1260255905129
6.264146 -11.011114 0.72059274 1260255905138
6.351449 10.482149 3.3041916 1260255905149
-0.04344392 2.4708595 -13.946807 1260255905161
4.926091 -0.9914937 -4.2601895 1260255905175
7.4981136 19.197582 -14.014613 1260255905184
-1.9716812 4.799887 -10.874241 1260255905198
-13.037047 19.487762 -23.796055 1260255905218
-13.646996 11.57976 -25.34691 1260255905239
-3.707028 18.122614 -11.395275 1260255905253
3.6422486 10.103265 -21.079288 1260255905276
-0.26169443 15.284031 -25.225588 1260255905299
-9.640237 3.77566 -8.205003 1260255905312
-13.073082 13.791626 -13.637599 1260255905335
-9.919531 -3.6170645 -12.320774 1260255905356
-6.566472 11.095569 -3.2571945 1260255905376
-5.994785 5.1790104 4.6015244 1260255905394
4.5267935 5.291618 9.580822 1260255905415
10.741644 4.9921575 7.7427573 1260255905438
13.957024 -2.831097 10.017839 1260255905452
13.316387 -14.620773 13.045273 1260255905472
6.3050323 -1.2627647 1.2435179 1260255905497
