12.4797 3.2223105 2.9144845 1260255790152
6.231869 11.365851 7.792704 1260255790161
-2.9679818 10.708714 -2.6470256 1260255790172
2.121648 -4.081969 1.0403671 1260255790209
0.8691673 -6.5309668 -7.5325537 1260255790218
-3.7134907 5.064702 -27.747139 1260255790229
7.5356674 12.370132 -18.789518 1260255790241
-9.685629 14.5630665 -26.596783 1260255790255
8.313571 11.588675 -31.831018 1260255790269
-0.046798468 3.2382712 -17.140337 1260255790279
-7.506428 -1.9870653 -19.300365 1260255790297
9.118286 0.82908154 -10.944597 1260255790319
-0.19812287 -12.325652 -8.233104 1260255790333
-8.9502735 -20.993647 3.6531174 1260255790355
5.2905865 -21.491608 13.14892 1260255790377
-11.484708 -12.877088 21.891823 1260255790391
-10.874975 -27.983059 32.33748 1260255790418
4.3242197 -8.4001875 25.034603 1260255790438
-4.966518 -18.072708 18.691011 1260255790452
-11.923076 3.8575425 17.879137 1260255790470
0.61835325 -7.366343 0.72280884 1260255790495
2.6490664 7.225887 -0.5657235 1260255790511
-8.290444 -9.396509 -11.058279 1260255790531
-9.873916 0.57151556 -18.954355 1260255790550
-4.6433024 13.072429 -28.36451 1260255790570
2.6297212 17.973377 -27.946156 1260255790594
8.545148 20.015165 -28.971996 1260255790610
10.773168 20.337765 -29.296522 1260255790631
8.609221 16.871021 -23.904451 1260255790651
2.3167598 8.007453 -15.363345 1260255790671
-4.251126 -2.624351 -14.327743 1260255790690
-6.5822644 -9.4412985 -9.180411 1260255790879
-5.7704587 -14.864642 -3.9650111 1260255790891
-3.902329 -24.910378 6.115264 1260255790900
-0.6742964 -32.59194 18.520823 1260255790912
2.1935744 -22.222076 27.34943 1260255790922
7.2483535 -11.333591 13.839658 1260255790933
12.844795 -21.78494 20.23871 1260255790940
16.960001 2.6302404 10.207453 1260255790953
11.69761 11.263402 4.3464947 1260255790960
1.8761997 12.564001 8.669981 1260255790979
1.8539761 10.114249 -12.638 1260255790990
6.6644616 6.6465826 1.051105 1260255790999
7.109472 21.20065 -4.991755 1260255791010
-8.170627 1.6323748 -1.492043 1260255791017
-9.856409 7.5644035 4.454693 1260255791036
-0.62757206 15.212893 -1.8946797 1260255791045
-12.850921 1.5332887 -9.282156 1260255791062
-0.4492116 -5.115356 -5.34719 1260255791073
-13.553143 12.157635 -1.4170808 1260255791085
-9.096233 -1.8628073 -7.2911587 1260255791105
11.656578 -4.1960354 2.9197981 1260255791117
5.445013 4.158333 -4.792926 1260255791134
8.844635 -22.17341 -2.8486314 1260255791157
24.835077 -19.909042 5.949156 1260255791174
22.154953 -14.32172 5.7306542 1260255791192
11.241749 -26.305721 16.93184 1260255791213
4.6391163 -24.587875 7.4692893 1260255791237
9.936972 -6.043065 -0.6145048 1260255791254
19.04346 -4.161373 0.2822448 1260255791272
11.6908455 -14.927181 -9.19364 1260255791295
7.172737 2.5530376 -3.65277 1260255791314
7.935701 -6.8296833 -20.997475 1260255791334
10.179572 11.886202 -20.612722 1260255791353
11.561472 10.377271 -20.925833 1260255791377
10.949671 3.2764444 -26.415592 1260255791396
7.870123 -0.9407592 -28.039988 1260255791412
2.1693215 -3.8412561 -25.941238 1260255791442
-4.6150017 -6.5285554 -21.330137 1260255791453
-8.8559265 -9.021232 -15.900047 1260255791639
-8.971432 -5.661232 -10.224616 1260255791651
-7.849313 -4.577646 -7.419074 1260255791662
-6.992266 -16.383959 -1.2016468 1260255791671
-6.414629 -21.174461 8.979745 1260255791678
-5.901642 -7.69116 11.654944 1260255791684
-4.9305 -26.653122 11.660467 1260255791694
-2.5015073 -7.8197045 15.138992 1260255791700
2.3505487 -20.87075 6.930785 1260255791709
11.489944 0.9264679 5.1653414 1260255791720
