1.535572 4.0287566 1.4752722 1260261044231
0.38655376 3.953459 4.039998 1260261044240
2.206411 3.253551 9.214515 1260261044276
10.211639 6.8141346 10.231623 1260261044288
17.602745 9.156583 4.5792665 1260261044306
17.372086 11.122664 0.7740049 1260261044313
11.8759575 10.811775 5.146208 1260261044333
2.6011896 8.244064 6.7154393 1260261044344
-2.0014787 5.745048 1.4440947 1260261044356
1.822113 3.139432 -6.4313607 1260261044371
13.320262 1.8133068 -8.533418 1260261044392
19.347792 1.922827 0.5619864 1260261044407
15.387663 2.7120163 8.984124 1260261044429
6.989279 3.252735 9.99238 1260261044453
1.3393011 2.6635807 5.939126 1260261044468
-0.0650816 1.1129799 -1.1427255 1260261044487
2.5313873 -6.7541647 3.861181 1260261044510
5.0070505 8.034262 4.5364227 1260261044534
2.2008839 9.742697 -7.6540833 1260261044546
-3.081718 4.4655604 -6.2471876 1260261044737
0.72178483 6.3428493 3.7459183 1260261044752
11.529074 12.661571 -1.976617 1260261044760
-7.6213555 -1.7580705 5.247489 1260261044773
-10.910409 1.7076519 -2.718978 1260261044784
-0.8525696 12.344782 4.144156 1260261044793
0.025295258 -0.08241379 3.8516312 1260261044799
-10.512242 -6.101494 15.015498 1260261044811
-18.310467 0.46334338 -1.5177455 1260261044819
-5.0761986 -15.967098 -6.9669237 1260261044831
-12.041453 -3.2701793 -4.370016 1260261044844
3.1199646 -5.464248 -20.740395 1260261044855
13.741318 -22.013092 -23.039543 1260261044866
19.018581 -22.56492 -23.26534 1260261044875
20.383877 -12.21716 -29.67413 1260261044886
18.581345 -5.724904 -30.810616 1260261044900
13.290829 -4.233552 -25.424156 1260261044912
4.7392883 -4.9435244 -20.380627 1260261044926
-5.102112 -4.5686493 -20.463533 1260261044940
-7.5312624 -1.8779569 -25.450197 1260261044958
4.2680883 2.9128222 -17.83666 1260261044971
-8.8009815 6.6200314 -8.463871 1260261044994
0.76340866 6.773071 -1.395319 1260261045006
-11.547903 9.889997 -1.0097225 1260261045029
-12.347836 -8.065823 0.34134674 1260261045064
-4.384545 11.512726 1.6053944 1260261045076
1.2907581 -5.8914285 2.703478 1260261045088
-8.3955345 7.9591613 14.118488 1260261045160
-9.326352 3.5221233 3.197382 1260261045167
-5.998146 -9.417208 11.051093 1260261045198
2.9864821 -3.6664267 21.960709 1260261045209
14.72751 0.32800484 16.642803 1260261045226
12.958494 -1.647407 4.608469 1260261045235
1.9553356 -7.0210953 7.4764514 1260261045249
16.246689 -14.85548 14.863672 1260261045259
23.21931 -21.2193 -2.5075738 1260261045274
7.802512 -11.953987 -6.9465394 1260261045293
11.588173 -4.4877834 -4.5647774 1260261045306
23.571846 -8.701548 -9.58584 1260261045486
