3.0067098 -7.2566957 16.540539 1260179584631
1.4827989 -10.775812 14.638008 1260179584643
-2.385302 -12.157906 11.762316 1260179584653
-7.495114 -13.718453 5.615536 1260179584688
-10.00425 -8.697151 3.625497 1260179584699
-7.3241796 3.8201828 0.62225556 1260179584715
-2.4747965 -18.135906 1.2316313 1260179584731
1.0309255 -3.442595 -8.707637 1260179584737
3.090577 -17.19378 3.591466 1260179584755
3.975698 -21.584404 -17.257381 1260179584770
3.243723 -10.021668 -5.9706507 1260179584793
0.76109505 -29.108671 -8.53703 1260179584807
-1.3594503 -9.611757 -8.95407 1260179584818
-0.15967083 -24.385908 -7.8429346 1260179584834
5.5830793 -5.747981 2.6620574 1260179584853
12.3823395 -3.429123 4.5880194 1260179584872
14.717829 -0.8753872 4.801208 1260179584894
13.46931 0.34090328 6.0776057 1260179584910
11.167748 -3.8181748 4.8607073 1260179584934
5.2032 -11.040453 0.20018387 1260179584954
-7.5898476 -16.853813 4.661145 1260179584987
-12.241924 -16.823004 5.955804 1260179585008
1.7073116 -8.818763 3.3571506 1260179585023
-6.288286 -0.9618187 14.661286 1260179585036
-17.741337 0.08055687 8.564561 1260179585056
-1.9578505 -3.2146087 11.983959 1260179585076
-5.3735447 -6.8746357 -4.289947 1260179585094
-17.599545 -10.20962 4.6693926 1260179585116
-0.6446128 -12.847092 6.4134474 1260179585134
-1.1031175 -9.671504 6.5989923 1260179585154
-12.227217 -1.7093325 -8.382906 1260179585174
-13.842541 -14.528398 -4.8562217 1260179585409
-10.4760275 -1.7618237 0.8505683 1260179585427
-7.913637 -10.601206 -12.193753 1260179585437
-7.609565 -14.04991 2.1432004 1260179585451
-8.37535 -0.41257954 -5.015606 1260179585463
-9.520912 -15.476307 -8.313115 1260179585472
-10.314282 -19.727892 -3.4949827 1260179585486
-10.475153 -5.648088 -5.2387195 1260179585495
-10.144477 -6.2260985 -2.9246104 1260179585507
-9.212155 -20.954617 -2.522818 1260179585515
-6.5501933 -21.3804 -11.672525 1260179585528
-2.552829 -11.449523 -13.826429 1260179585535
1.1323991 -8.032903 -4.932789 1260179585555
2.864849 -9.760806 2.3446574 1260179585569
2.9350872 -10.944187 6.8622856 1260179585578
2.3795438 -7.2555637 7.240801 1260179585590
1.1571876 -3.49127 4.072182 1260179585605
-0.33921254 -5.0119696 -2.459291 1260179585656
-3.754612 -14.871212 -3.4869742 1260179585695
-9.751146 -17.157467 9.37118 1260179585714
-13.363146 0.460927 6.470793 1260179585734
-11.189895 -0.38791943 9.116628 1260179585749
-8.411323 -12.6725235 9.215095 1260179585765
