1.8952581 -18.029999 7.4390116 1260255562816
5.5492024 -3.5308108 -3.6014242 1260255562853
10.712668 -5.921153 6.1200533 1260255562864
12.784616 2.9489565 -3.2575672 1260255562878
10.140685 0.13141203 -1.2835727 1260255562889
6.203437 -4.8591857 -0.3853941 1260255562905
2.8431025 -10.036037 -4.4276457 1260255562917
0.87673116 -15.047201 -12.311995 1260255562930
-0.14781332 -15.633453 -21.4408 1260255562950
-1.0968423 -9.57003 -28.497562 1260255562970
-1.2289417 0.8210845 -28.737991 1260255562990
-0.4444542 6.638912 -18.027943 1260255563011
2.733499 -5.0800676 -5.868161 1260255563199
7.130829 -6.2694736 -9.537733 1260255563211
-2.9405062 -6.872423 7.604836 1260255563219
-16.096888 -9.894395 8.831726 1260255563231
-17.699905 -26.726635 23.686138 1260255563241
-9.868034 -35.86639 20.818258 1260255563253
-1.8076649 -18.383072 20.665451 1260255563260
-1.4636378 -11.396683 16.945831 1260255563277
-7.7646046 -20.879768 7.384839 1260255563291
-13.666231 -20.75689 10.599959 1260255563303
-12.7289 -15.72871 2.5881224 1260255563317
-9.20014 -15.719137 2.8339076 1260255563325
-8.75676 1.954834 -7.160582 1260255563336
-6.0073442 -2.1633337 -15.134811 1260255563345
2.436178 -12.92064 -17.265425 1260255563359
11.612318 -0.9080653 -13.211634 1260255563372
16.68161 6.032924 -25.735046 1260255563381
15.835037 -11.584989 -24.25655 1260255563396
10.937655 1.1562357 -31.781384 1260255563409
5.5513687 -5.3314805 -10.89789 1260255563420
1.9418766 -0.7353606 -22.740757 1260255563434
2.3807063 -13.22097 -16.093344 1260255563455
4.814872 -8.879515 -2.2943273 1260255563475
6.7807436 -21.394306 15.683099 1260255563495
8.109157 -35.20023 14.183679 1260255563519
9.567199 -15.64628 18.38944 1260255563533
10.449199 -28.229643 21.214008 1260255563555
9.992189 -18.909788 8.606968 1260255563576
8.328135 -3.3554735 12.206319 1260255563592
5.8434057 -13.224848 12.539094 1260255563614
4.816244 -14.8920965 3.9285166 1260255563634
8.573651 -2.8545902 1.6267864 1260255563659
1.1033828 -2.1877725 6.0622396 1260255563672
-13.264637 1.3410492 -5.287829 1260255563695
-1.1029167 -5.041134 -13.5542965 1260255563716
-1.1686087 -4.76127 -13.101307 1260255563739
-16.628624 2.2263606 -4.9880567 1260255563754
-2.2313533 -13.056163 -2.504944 1260255563776
3.2365942 5.2889156 -7.495161 1260255563964
-0.59491086 -4.314568 3.036436 1260255563976
4.061508 -14.232157 -3.4374375 1260255563984
11.395095 -17.211876 -2.8075655 1260255563995
5.713369 -6.5039835 -4.085713 1260255564004
-2.8947668 -19.897959 10.717777 1260255564017
-2.871338 -33.672153 10.311454 1260255564025
4.401032 -18.1551 14.498142 1260255564037
12.236429 -20.396128 0.9286084 1260255564043
13.32767 -29.194542 4.1544194 1260255564057
10.060011 -25.109138 -2.4870982 1260255564073
6.520741 -22.724876 -5.523551 1260255564080
5.2814384 -11.168827 -1.419858 1260255564091
5.465734 1.0529428 -15.768042 1260255564099
6.265579 -14.263216 -12.676001 1260255564117
6.8820043 6.547077 -15.286469 1260255564123
7.3471675 -12.260146 -15.990566 1260255564136
7.6697307 6.3825755 -13.945835 1260255564152
7.812559 -8.254 -16.557175 1260255564160
7.6068134 -7.4758463 -13.556958 1260255564175
6.4466715 4.201948 -12.424184 1260255564193
3.217205 0.18723679 -4.199159 1260255564215
-0.810658 -2.3001685 0.035957813 1260255564237
-3.541353 -3.2224607 -4.816349 1260255564252
-5.142749 -23.49163 -4.2939653 1260255564275
-5.7788916 -16.685287 14.716566 1260255564296
-6.016592 -18.537878 -0.08844948 1260255564318
-5.5088196 -28.258053 18.648724 1260255564332
-4.538764 -12.374893 8.135013 1260255564352
-3.5386205 -28.718637 7.589138 1260255564377
-3.2173486 -11.783628 17.04332 1260255564394
-3.500441 -8.223698 -1.9953623 1260255564412
-5.2945814 -20.34765 1.2002368 1260255564437
