4.0296774 2.3090148 -3.4865997 1260256046498
5.3896794 3.7576032 -5.68761 1260256046504
4.1205654 3.3386593 -2.7704575 1260256046515
-2.2825208 6.5533476 12.525228 1260256046554
7.163542 12.496768 19.531599 1260256046561
7.182287 6.0439987 24.842678 1260256046572
-10.180511 -9.046167 17.504044 1260256046581
6.0319033 -3.8476434 21.380234 1260256046592
-0.7970389 6.483926 13.686186 1260256046599
-6.779298 -13.180092 6.9604526 1260256046612
-1.6083484 -1.7124329 -11.3100815 1260256046619
-9.071746 -3.2824485 -18.384598 1260256046631
3.7961535 10.734573 -18.421438 1260256046640
-13.814608 2.8542461 -29.36503 1260256046654
-10.525766 -1.8512816 -22.258825 1260256046671
1.5101252 -2.0376663 -27.546854 1260256046677
-12.042093 -1.6009007 -26.004093 1260256046689
-17.160154 -1.8725238 -26.715109 1260256046698
-2.0146227 -0.014923096 -21.112019 1260256046709
0.84526587 7.1428494 -29.02527 1260256046718
-8.9205885 16.008236 -23.623758 1260256046734
-12.834216 10.840057 -17.067623 1260256046743
-5.754861 7.1528378 -14.571196 1260256046755
3.7664895 -20.280926 -1.0359278 1260256046764
-12.525728 -19.75491 18.884554 1260256046780
-24.203526 -11.984288 20.439964 1260256046791
-12.728624 -26.808872 24.89536 1260256046801
-10.737154 -2.001707 23.056509 1260256046819
-24.462536 -3.1997404 30.983479 1260256046835
-19.865822 -9.609205 20.490541 1260256046856
-2.9639053 -2.2611513 18.133781 1260256046880
-12.983228 3.2898676 -2.3809261 1260256046894
-11.749055 7.3361855 6.805717 1260256046914
-1.3797488 5.8228545 -1.8365841 1260256046938
1.2075222 1.6424611 -9.901349 1260256046952
0.37491775 0.08645749 -14.853254 1260256046975
-2.5017657 3.3703284 -18.317081 1260256046994
-6.249195 12.382196 -24.028702 1260256047019
-8.778416 15.439542 -30.863117 1260256047199
-10.663017 4.175786 -30.56844 1260256047216
-12.000329 -2.7281199 -27.932245 1260256047224
-12.85342 10.595961 -24.47635 1260256047237
-12.782425 7.5283012 -16.932125 1260256047243
-10.638866 -2.76038 -6.909975 1260256047254
2.7365794 -15.482529 8.037594 1260256047263
16.590738 -19.838955 13.319737 1260256047274
14.966196 -15.31505 11.232389 1260256047283
5.1784806 -10.552094 25.852741 1260256047300
-2.2459302 -22.41118 25.475296 1260256047312
-5.0309343 2.4141107 24.30651 1260256047321
-7.3361883 -7.040411 20.907677 1260256047332
-11.494822 -2.4739451 12.040247 1260256047341
-12.087341 6.8577347 -0.6528971 1260256047357
-5.3636847 15.033522 8.290109 1260256047369
1.8592582 18.487635 -9.33699 1260256047379
-2.4717445 3.3883247 -8.97462 1260256047394
-18.469124 17.277119 -12.726584 1260256047405
-16.942022 15.298191 -15.768113 1260256047418
-3.4321117 -0.5530119 -8.19029 1260256047437
-12.826256 9.659197 -18.198845 1260256047458
-19.781841 12.851269 -9.160683 1260256047472
-11.802362 -5.4203415 -10.34327 1260256047495
-8.975701 11.85133 -7.375359 1260256047514
4.925742 3.9971893 -10.108236 1260256047540
2.0796852 -1.7732353 13.662958 1260256047553
17.044338 -8.149488 20.191296 1260256047575
18.264172 -12.950043 19.726425 1260256047598
10.505229 -13.248832 23.656107 1260256047612
1.3191814 -13.602126 18.95542 1260256047634
8.64829 -18.120594 -0.1815548 1260256047655
16.57381 -3.9439273 -6.220414 1260256047678
2.488437 -1.7024872 -1.5452747 1260256047694
-3.177996 -10.8252325 -19.293468 1260256047715
-5.058165 1.0572987 -30.905323 1260256047737
-4.785849 10.219124 -34.277367 1260256047752
-2.9735856 13.789315 -34.905666 1260256047774
0.10229969 13.717583 -35.93996 1260256047959
3.2668922 9.315387 -34.736717 1260256047976
5.684229 0.94681454 -27.68026 1260256047982
6.2998495 -5.4249425 -19.970196 1260256047993
5.1491895 -4.045162 -21.465748 1260256048011
4.9629116 -5.890926 -20.145931 1260256048018
8.456433 -11.577824 -10.991144 1260256048030
11.9849205 2.2054448 -8.811163 1260256048039
10.959356 -15.926251 -5.330812 1260256048050
9.215036 -18.043728 -0.5343469 1260256048060
7.778876 -4.5520167 7.614475 1260256048070
0.87864256 -20.09041 7.9191546 1260256048084
-9.90656 -2.7018757 19.005302 1260256048095
-16.766727 -14.949387 23.97463 1260256048104
-16.31472 -15.926065 22.525059 1260256048116
-7.7008443 -6.247268 28.244997 1260256048132
0.93839216 1.026351 23.978888 1260256048139
