249.83961 -2.5218942 49.537838 10.780481 11.989258 10.503968 1260261077947
249.83961 -2.5218942 49.537838 -4.7065964 8.947002 -0.9586444 1260261077951
239.79764 -5.2957997 48.260944 -4.7065964 8.947002 -0.9586444 1260261077955
239.79764 -5.2957997 48.260944 -7.789268 -5.9043703 -1.3699055 1260261077960
230.10776 -13.58101 46.097897 -7.789268 -5.9043703 -1.3699055 1260261077968
230.10776 -13.58101 46.097897 8.762617 8.963201 -6.862704 1260261077972
222.45236 -4.251959 43.693 8.762617 8.963201 -6.862704 1260261077998
222.45236 -4.251959 43.693 -3.1770933 -9.937171 -13.980167 1260261078008
214.72974 4.3106394 41.20835 -3.1770933 -9.937171 -13.980167 1260261078018
214.72974 4.3106394 41.20835 -4.952456 5.6827216 -10.330364 1260261078024
207.94325 12.245108 38.847935 -4.952456 5.6827216 -10.330364 1260261078032
207.94325 12.245108 38.847935 7.006279 -2.5851865 -14.197748 1260261078035
202.0461 19.682852 36.655537 7.006279 -2.5851865 -14.197748 1260261078045
202.0461 19.682852 36.655537 -10.348852 -14.894501 -18.667635 1260261078051
197.19379 26.64871 34.72276 -10.348852 -14.894501 -18.667635 1260261078054
197.19379 26.64871 34.72276 -2.769723 -19.387619 -25.414099 1260261078058
193.5341 33.266273 33.03662 -2.769723 -19.387619 -25.414099 1260261078067
193.5341 33.266273 33.03662 10.060209 -20.05705 -27.146687 1260261078075
191.5074 39.55296 31.63479 10.060209 -20.05705 -27.146687 1260261078078
191.5074 39.55296 31.63479 4.824612 -20.53786 -31.492374 1260261078087
190.68204 45.47531 30.553051 4.824612 -20.53786 -31.492374 1260261078092
190.68204 45.47531 30.553051 -2.1060362 -21.824377 -28.815819 1260261078095
190.09793 50.901546 29.775398 -2.1060362 -21.824377 -28.815819 1260261078110
190.09793 50.901546 29.775398 -1.7265577 -19.56446 -27.394993 1260261078114
187.74303 55.55647 29.236628 -1.7265577 -19.56446 -27.394993 1260261078123
187.74303 55.55647 29.236628 1.7112207 -9.406251 -25.155695 1260261078127
183.25587 59.328644 28.824797 1.7112207 -9.406251 -25.155695 1260261078146
183.25587 59.328644 28.824797 5.061819 -24.946398 -7.456221 1260261078155
177.99309 62.06221 28.333557 5.061819 -24.946398 -7.456221 1260261078170
177.99309 62.06221 28.333557 8.123354 -18.255447 -13.876656 1260261078174
172.69344 62.9091 27.466879 8.123354 -18.255447 -13.876656 1260261078183
172.69344 62.9091 27.466879 12.36549 -26.811989 -6.6187205 1260261078193
167.60876 63.563644 26.193535 12.36549 -26.811989 -6.6187205 1260261078204
167.60876 63.563644 26.193535 9.438206 -29.389717 8.993832 1260261078207
162.87833 63.385464 24.333858 9.438206 -29.389717 8.993832 1260261078226
162.87833 63.385464 24.333858 -11.04046 -22.545652 15.130876 1260261078229
158.7344 61.91619 21.717165 -11.04046 -22.545652 15.130876 1260261078248
158.7344 61.91619 21.717165 -5.220989 -1.7767963 5.965401 1260261078251
155.49768 59.17038 18.631308 -5.220989 -1.7767963 5.965401 1260261078262
155.49768 59.17038 18.631308 -12.309914 -6.7888803 3.791419 1260261078266
153.0228 55.41186 15.4997425 -12.309914 -6.7888803 3.791419 1260261078282
153.0228 55.41186 15.4997425 -9.483343 13.508791 6.9734073 1260261078285
151.02165 51.041267 12.574756 -9.483343 13.508791 6.9734073 1260261078308
151.02165 51.041267 12.574756 -11.822012 2.4944677 15.985125 1260261078311
149.37057 46.489204 9.846018 -11.822012 2.4944677 15.985125 1260261078322
149.37057 46.489204 9.846018 -15.802365 5.5623336 13.562377 1260261078325
148.15204 42.064743 7.103717 -15.802365 5.5623336 13.562377 1260261078342
148.15204 42.064743 7.103717 -4.176968 19.990395 1.7471366 1260261078346
147.49443 38.061504 4.248531 -4.176968 19.990395 1.7471366 1260261078362
147.49443 38.061504 4.248531 -19.456436 5.1747 -1.8932719 1260261078365
148.1197 28.658428 1.0861043 -19.456436 5.1747 -1.8932719 1260261078382
148.1197 28.658428 1.0861043 -1.2988739 9.48814 -5.677229 1260261078385
150.76372 19.025507 -2.218201 -1.2988739 9.48814 -5.677229 1260261078403
150.76372 19.025507 -2.218201 -17.133305 1.103975 -9.183529 1260261078408
155.77553 9.124231 -5.057291 -17.133305 1.103975 -9.183529 1260261078422
155.77553 9.124231 -5.057291 0.35601807 -2.6969101 -8.544936 1260261078425
162.53676 17.11802 -7.0044265 0.35601807 -2.6969101 -8.544936 1260261078447
162.53676 17.11802 -7.0044265 -13.962301 7.6987185 -8.573758 1260261078450
170.55992 24.362118 -8.354205 -13.962301 7.6987185 -8.573758 1260261078461
170.55992 24.362118 -8.354205 -14.3334255 3.598488 -11.381113 1260261078465
179.93193 31.144012 -8.936495 -14.3334255 3.598488 -11.381113 1260261078482
179.93193 31.144012 -8.936495 -8.342877 -1.1407945 -17.816542 1260261078486
173.43533 37.53681 -8.88967 -8.342877 -1.1407945 -17.816542 1260261078502
173.43533 37.53681 -8.88967 -6.59093 -2.5706396 -18.888699 1260261078676
170.26357 43.75997 -8.345187 -6.59093 -2.5706396 -18.888699 1260261078680
170.26357 43.75997 -8.345187 -8.259926 -2.1022835 -17.597935 1260261078691
170.40039 49.721973 -7.427928 -8.259926 -2.1022835 -17.597935 1260261078697
170.40039 49.721973 -7.427928 -5.614172 -0.28479958 -13.817702 1260261078700
172.48038 55.435875 -6.2565317 -5.614172 -0.28479958 -13.817702 1260261078706
172.48038 55.435875 -6.2565317 6.867043 2.129633 -17.760592 1260261078712
175.90636 60.91408 -4.9937053 6.867043 2.129633 -17.760592 1260261078715
175.90636 60.91408 -4.9937053 19.057976 1.9018483 -27.389517 1260261078720
179.91104 66.11838 -3.5940201 19.057976 1.9018483 -27.389517 1260261078726
179.91104 66.11838 -3.5940201 16.40618 -6.770463 -19.336317 1260261078733
183.81549 70.91246 -2.164319 16.40618 -6.770463 -19.336317 1260261078736
183.81549 70.91246 -2.164319 4.7745075 -18.71591 -24.470068 1260261078739
186.72472 75.16684 -0.7061031 4.7745075 -18.71591 -24.470068 1260261078747
186.72472 75.16684 -0.7061031 5.926593 -8.825958 -14.180367 1260261078751
187.68848 78.6085 0.72920203 5.926593 -8.825958 -14.180367 1260261078755
187.68848 78.6085 0.72920203 17.493874 -13.233828 -22.559101 1260261078759
185.50406 81.028076 1.992742 17.493874 -13.233828 -22.559101 1260261078768
185.50406 81.028076 1.992742 17.698364 -10.019873 -11.631549 1260261078772
180.72885 82.676674 3.043105 17.698364 -10.019873 -11.631549 1260261078779
180.72885 82.676674 3.043105 8.127923 -25.01514 -7.0787477 1260261078786
175.3424 81.94284 3.7409496 8.127923 -25.01514 -7.0787477 1260261078794
175.3424 81.94284 3.7409496 -0.516006 -18.509613 -3.9623337 1260261078797
169.87529 80.6457 4.253902 -0.516006 -18.509613 -3.9623337 1260261078807
169.87529 80.6457 4.253902 -5.0422907 -4.549988 5.5791335 1260261078810
164.58153 78.76341 4.691207 -5.0422907 -4.549988 5.5791335 1260261078813
164.58153 78.76341 4.691207 -6.774085 -7.374835 9.95457 1260261078816
159.55244 76.42524 4.9566464 -6.774085 -7.374835 9.95457 1260261078819
159.55244 76.42524 4.9566464 -7.4660563 -14.665418 10.978343 1260261078825
154.57483 73.55398 5.408814 -7.4660563 -14.665418 10.978343 1260261078833
154.57483 73.55398 5.408814 -5.256998 6.316822 6.9103646 1260261078836
