273.8154 -137.4494 33.46899 13.876844 6.4514494 -8.899465 1260261189489
273.8154 -137.4494 33.46899 13.721795 1.1936479 -5.4219155 1260261189498
267.22464 -136.22693 32.94554 13.721795 1.1936479 -5.4219155 1260261189502
267.22464 -136.22693 32.94554 13.70073 0.34998322 -0.4959429 1260261189509
261.0134 -133.01558 32.098263 13.70073 0.34998322 -0.4959429 1260261189521
261.0134 -133.01558 32.098263 9.040231 18.27445 4.859069 1260261189525
255.11273 -130.1148 30.99335 9.040231 18.27445 4.859069 1260261189534
255.11273 -130.1148 30.99335 -2.2348375 0.03963375 -0.44290674 1260261189537
249.6071 -127.409065 29.893682 -2.2348375 0.03963375 -0.44290674 1260261189543
249.6071 -127.409065 29.893682 -8.290213 19.049105 1.619938 1260261189547
244.37674 -124.88861 28.998999 -8.290213 19.049105 1.619938 1260261189550
244.37674 -124.88861 28.998999 -4.63028 1.6820731 -4.6831207 1260261189558
237.85791 -124.24418 27.849049 -4.63028 1.6820731 -4.6831207 1260261189561
237.85791 -124.24418 27.849049 4.914993 -2.1832786 -4.287233 1260261189565
227.76501 -124.78197 26.606596 4.914993 -2.1832786 -4.287233 1260261189570
227.76501 -124.78197 26.606596 10.25794 0.52639866 -7.5010157 1260261189578
216.62677 -125.99287 25.426266 10.25794 0.52639866 -7.5010157 1260261189582
216.62677 -125.99287 25.426266 3.570911 11.694174 -5.3151665 1260261189585
205.89543 -127.39323 24.204952 3.570911 11.694174 -5.3151665 1260261189594
205.89543 -127.39323 24.204952 -7.3934307 19.40174 -20.651035 1260261189597
212.85066 -128.67357 23.144705 -7.3934307 19.40174 -20.651035 1260261189603
212.85066 -128.67357 23.144705 -7.6244726 12.646595 -17.869244 1260261189606
219.60812 -129.8899 22.08747 -7.6244726 12.646595 -17.869244 1260261189609
219.60812 -129.8899 22.08747 0.06542349 2.0957603 -16.308334 1260261189617
209.77771 -131.0954 20.833096 0.06542349 2.0957603 -16.308334 1260261189621
209.77771 -131.0954 20.833096 7.887406 1.6989522 -21.11366 1260261189626
203.18883 -132.44063 19.19144 7.887406 1.6989522 -21.11366 1260261189629
203.18883 -132.44063 19.19144 -0.39191365 11.372863 -7.9282627 1260261189637
200.17938 -133.9686 16.931868 -0.39191365 11.372863 -7.9282627 1260261189666
200.17938 -133.9686 16.931868 -15.931084 13.247113 -11.800665 1260261189676
199.02042 -135.57018 13.835274 -15.931084 13.247113 -11.800665 1260261189682
199.02042 -135.57018 13.835274 -0.23192692 -1.1486626 -11.626173 1260261189685
198.2694 -136.99167 9.74351 -0.23192692 -1.1486626 -11.626173 1260261189688
198.2694 -136.99167 9.74351 -14.702734 -5.7086935 -6.155754 1260261189696
197.25592 -130.99208 5.8063345 -14.702734 -5.7086935 -6.155754 1260261189699
197.25592 -130.99208 5.8063345 -17.001518 -4.0080414 7.7136536 1260261189705
195.99312 -125.29247 2.6160176 -17.001518 -4.0080414 7.7136536 1260261189708
195.99312 -125.29247 2.6160176 -7.314309 0.7080717 -1.4846935 1260261189716
194.64346 -119.97785 -0.21478336 -7.314309 0.7080717 -1.4846935 1260261189719
194.64346 -119.97785 -0.21478336 -13.162073 9.884021 14.822359 1260261189723
193.46129 -115.02896 -3.1040442 -13.162073 9.884021 14.822359 1260261189728
193.46129 -115.02896 -3.1040442 -10.22902 13.377609 7.788725 1260261189734
192.58823 -110.52751 -6.198842 -10.22902 13.377609 7.788725 1260261189740
192.58823 -110.52751 -6.198842 -7.877818 -1.2032542 -7.6671534 1260261189743
191.55882 -112.50114 -8.5889 -7.877818 -1.2032542 -7.6671534 1260261189746
191.55882 -112.50114 -8.5889 -14.598227 -1.0216165 -8.393091 1260261189754
189.23088 -114.22608 -9.709455 -14.598227 -1.0216165 -8.393091 1260261189760
189.23088 -114.22608 -9.709455 -2.7503195 14.551296 -11.038121 1260261189768
183.81934 -115.86478 -9.673982 -2.7503195 14.551296 -11.038121 1260261189776
183.81934 -115.86478 -9.673982 0.11515808 11.999107 -3.7585917 1260261189779
174.87837 -117.42154 -8.840282 0.11515808 11.999107 -3.7585917 1260261189782
174.87837 -117.42154 -8.840282 -2.4654365 3.4326239 -15.648001 1260261189786
181.63446 -119.000465 -7.5482683 -2.4654365 3.4326239 -15.648001 1260261189794
181.63446 -119.000465 -7.5482683 -0.5604744 12.204939 -21.586868 1260261189799
186.50273 -120.650444 -6.0708547 -0.5604744 12.204939 -21.586868 1260261189803
186.50273 -120.650444 -6.0708547 15.481282 25.854008 -25.368692 1260261189806
189.9776 -122.51792 -4.4173117 15.481282 25.854008 -25.368692 1260261189817
189.9776 -122.51792 -4.4173117 25.285007 13.416263 -25.303308 1260261189825
192.27872 -124.692024 -2.6964462 25.285007 13.416263 -25.303308 1260261189828
192.27872 -124.692024 -2.6964462 10.857942 -0.601995 -29.913013 1260261189837
193.31479 -127.20742 -0.96162385 10.857942 -0.601995 -29.913013 1260261189840
193.31479 -127.20742 -0.96162385 4.003194 11.771358 -19.24353 1260261189846
192.99905 -112.097046 0.8364574 4.003194 11.771358 -19.24353 1260261189858
192.99905 -112.097046 0.8364574 15.841482 -9.432919 -8.45299 1260261189861
191.6991 -98.242195 3.1446347 15.841482 -9.432919 -8.45299 1260261189867
191.6991 -98.242195 3.1446347 5.0097165 -9.11056 2.0612435 1260261190035
189.26414 -93.13009 4.987403 5.0097165 -9.11056 2.0612435 1260261190047
189.26414 -93.13009 4.987403 -7.4840207 -9.015407 3.4668453 1260261190057
186.65094 -89.323586 4.6880326 -7.4840207 -9.015407 3.4668453 1260261190063
186.65094 -89.323586 4.6880326 -10.001399 12.591096 9.919921 1260261190067
184.1184 -85.85741 3.903631 -10.001399 12.591096 9.919921 1260261190070
184.1184 -85.85741 3.903631 -9.28566 -3.7791343 16.112919 1260261190078
181.76247 -82.514534 2.9584494 -9.28566 -3.7791343 16.112919 1260261190081
181.76247 -82.514534 2.9584494 -2.505622 12.72774 8.583183 1260261190085
179.57434 -79.53881 1.7605268 -2.505622 12.72774 8.583183 1260261190090
179.57434 -79.53881 1.7605268 3.018271 -0.9133401 16.663563 1260261190098
177.54562 -77.01187 0.22250038 3.018271 -0.9133401 16.663563 1260261190102
177.54562 -77.01187 0.22250038 -6.540846 18.480785 12.897614 1260261190106
175.71834 -74.81128 -1.2886246 -6.540846 18.480785 12.897614 1260261190114
175.71834 -74.81128 -1.2886246 -19.273571 5.3326445 15.579123 1260261190117
173.88242 -73.07072 -2.9241934 -19.273571 5.3326445 15.579123 1260261190123
173.88242 -73.07072 -2.9241934 -13.132632 5.486879 16.921125 1260261190126
172.2383 -71.51718 -4.6779838 -13.132632 5.486879 16.921125 1260261190129
172.2383 -71.51718 -4.6779838 -1.3881054 18.83511 7.8628407 1260261190138
171.07639 -69.94132 -6.7940845 -1.3881054 18.83511 7.8628407 1260261190148
171.07639 -69.94132 -6.7940845 -16.31464 17.258917 9.524614 1260261190156
170.52257 -73.79426 -9.30438 -16.31464 17.258917 9.524614 1260261190162
170.52257 -73.79426 -9.30438 -12.808825 -2.1399736 -0.0042420626 1260261190169
170.69644 -77.854546 -11.689161 -12.808825 -2.1399736 -0.0042420626 1260261190178
170.69644 -77.854546 -11.689161 -3.3741126 11.623148 -9.563408 1260261190182
171.46162 -82.26182 -13.154703 -3.3741126 11.623148 -9.563408 1260261190185
171.46162 -82.26182 -13.154703 -14.864033 8.710972 -3.3162723 1260261190193
172.08855 -86.848724 -13.646968 -14.864033 8.710972 -3.3162723 1260261190196
172.08855 -86.848724 -13.646968 -15.687664 -6.7738433 -14.739337 1260261190203
171.43411 -91.30629 -13.414619 -15.687664 -6.7738433 -14.739337 1260261190206
171.43411 -91.30629 -13.414619 -11.083186 -0.29988384 -28.9748 1260261190209
165.36241 -95.490974 -12.793888 -11.083186 -0.29988384 -28.9748 1260261190223
165.36241 -95.490974 -12.793888 -2.8642614 11.526162 -23.283262 1260261190229
173.09428 -99.366425 -12.004193 -2.8642614 11.526162 -23.283262 1260261190236
173.09428 -99.366425 -12.004193 6.830892 -5.501918 -24.059366 1260261190239
179.33957 -102.8981 -11.103984 6.830892 -5.501918 -24.059366 1260261190244
