231.54324 -0.19098292 64.979065 -1.9640465 -1.2671201 3.082183 1260255790145
231.54324 -0.19098292 64.979065 12.4797 3.2223105 2.9144845 1260255790152
225.01608 -1.2314339 63.18011 12.4797 3.2223105 2.9144845 1260255790158
225.01608 -1.2314339 63.18011 6.231869 11.365851 7.792704 1260255790161
231.61528 -8.119863 62.371105 6.231869 11.365851 7.792704 1260255790169
231.61528 -8.119863 62.371105 -2.9679818 10.708714 -2.6470256 1260255790172
237.73451 -16.26387 59.55255 -2.9679818 10.708714 -2.6470256 1260255790198
237.73451 -16.26387 59.55255 2.121648 -4.081969 1.0403671 1260255790209
228.3478 -24.250677 56.624924 2.121648 -4.081969 1.0403671 1260255790215
228.3478 -24.250677 56.624924 0.8691673 -6.5309668 -7.5325537 1260255790218
221.4304 -31.738144 53.74368 0.8691673 -6.5309668 -7.5325537 1260255790223
221.4304 -31.738144 53.74368 -3.7134907 5.064702 -27.747139 1260255790229
213.20888 -38.501236 51.106495 -3.7134907 5.064702 -27.747139 1260255790238
213.20888 -38.501236 51.106495 7.5356674 12.370132 -18.789518 1260255790241
205.59843 -44.726173 48.55117 7.5356674 12.370132 -18.789518 1260255790244
205.59843 -44.726173 48.55117 -9.685629 14.5630665 -26.596783 1260255790255
198.26851 -50.439865 46.17361 -9.685629 14.5630665 -26.596783 1260255790261
198.26851 -50.439865 46.17361 8.313571 11.588675 -31.831018 1260255790269
191.15509 -55.81787 43.91493 8.313571 11.588675 -31.831018 1260255790275
191.15509 -55.81787 43.91493 -0.046798468 3.2382712 -17.140337 1260255790279
184.59734 -61.026978 41.76918 -0.046798468 3.2382712 -17.140337 1260255790290
184.59734 -61.026978 41.76918 -7.506428 -1.9870653 -19.300365 1260255790297
178.11746 -66.27563 39.73072 -7.506428 -1.9870653 -19.300365 1260255790312
178.11746 -66.27563 39.73072 9.118286 0.82908154 -10.944597 1260255790319
172.7116 -54.911846 37.694183 9.118286 0.82908154 -10.944597 1260255790330
172.7116 -54.911846 37.694183 -0.19812287 -12.325652 -8.233104 1260255790333
169.42601 -48.716255 35.359474 -0.19812287 -12.325652 -8.233104 1260255790349
169.42601 -48.716255 35.359474 -8.9502735 -20.993647 3.6531174 1260255790355
166.5547 -43.680443 33.0415 -8.9502735 -20.993647 3.6531174 1260255790369
166.5547 -43.680443 33.0415 5.2905865 -21.491608 13.14892 1260255790377
163.82697 -39.196423 30.839424 5.2905865 -21.491608 13.14892 1260255790388
163.82697 -39.196423 30.839424 -11.484708 -12.877088 21.891823 1260255790391
161.18562 -35.3866 28.697453 -11.484708 -12.877088 21.891823 1260255790414
161.18562 -35.3866 28.697453 -10.874975 -27.983059 32.33748 1260255790418
158.62634 -32.11727 26.71258 -10.874975 -27.983059 32.33748 1260255790435
158.62634 -32.11727 26.71258 4.3242197 -8.4001875 25.034603 1260255790438
156.09503 -29.411407 24.976952 4.3242197 -8.4001875 25.034603 1260255790448
156.09503 -29.411407 24.976952 -4.966518 -18.072708 18.691011 1260255790452
153.64027 -27.090837 23.378103 -4.966518 -18.072708 18.691011 1260255790467
153.64027 -27.090837 23.378103 -11.923076 3.8575425 17.879137 1260255790470
151.35826 -24.736296 21.759197 -11.923076 3.8575425 17.879137 1260255790492
151.35826 -24.736296 21.759197 0.61835325 -7.366343 0.72280884 1260255790495
148.14035 -20.54948 19.271238 0.61835325 -7.366343 0.72280884 1260255790507
148.14035 -20.54948 19.271238 2.6490664 7.225887 -0.5657235 1260255790511
154.93333 -10.622005 18.007677 2.6490664 7.225887 -0.5657235 1260255790527
154.93333 -10.622005 18.007677 -8.290444 -9.396509 -11.058279 1260255790531
151.43666 -18.640905 17.057293 -8.290444 -9.396509 -11.058279 1260255790547
151.43666 -18.640905 17.057293 -9.873916 0.57151556 -18.954355 1260255790550
147.01483 -26.00886 16.254429 -9.873916 0.57151556 -18.954355 1260255790567
147.01483 -26.00886 16.254429 -4.6433024 13.072429 -28.36451 1260255790570
142.61409 -32.858418 15.541707 -4.6433024 13.072429 -28.36451 1260255790588
142.61409 -32.858418 15.541707 2.6297212 17.973377 -27.946156 1260255790594
138.58339 -39.265495 14.864622 2.6297212 17.973377 -27.946156 1260255790607
138.58339 -39.265495 14.864622 8.545148 20.015165 -28.971996 1260255790610
134.85422 -45.25222 14.221391 8.545148 20.015165 -28.971996 1260255790628
134.85422 -45.25222 14.221391 10.773168 20.337765 -29.296522 1260255790631
131.61151 -50.98961 13.560321 10.773168 20.337765 -29.296522 1260255790647
131.61151 -50.98961 13.560321 8.609221 16.871021 -23.904451 1260255790651
128.93094 -56.490128 12.832305 8.609221 16.871021 -23.904451 1260255790667
128.93094 -56.490128 12.832305 2.3167598 8.007453 -15.363345 1260255790671
126.53439 -61.81562 12.14069 2.3167598 8.007453 -15.363345 1260255790687
126.53439 -61.81562 12.14069 -4.251126 -2.624351 -14.327743 1260255790690
135.80768 -67.62484 11.733655 -4.251126 -2.624351 -14.327743 1260255790875
135.80768 -67.62484 11.733655 -6.5822644 -9.4412985 -9.180411 1260255790879
134.56729 -60.393597 11.696972 -6.5822644 -9.4412985 -9.180411 1260255790884
134.56729 -60.393597 11.696972 -5.7704587 -14.864642 -3.9650111 1260255790891
133.23892 -54.423916 11.662124 -5.7704587 -14.864642 -3.9650111 1260255790897
133.23892 -54.423916 11.662124 -3.902329 -24.910378 6.115264 1260255790900
131.97697 -49.05272 11.729017 -3.902329 -24.910378 6.115264 1260255790909
131.97697 -49.05272 11.729017 -0.6742964 -32.59194 18.520823 1260255790912
130.87813 -44.200085 11.892567 -0.6742964 -32.59194 18.520823 1260255790918
130.87813 -44.200085 11.892567 2.1935744 -22.222076 27.34943 1260255790922
129.93422 -39.94008 12.297938 2.1935744 -22.222076 27.34943 1260255790925
129.93422 -39.94008 12.297938 7.2483535 -11.333591 13.839658 1260255790933
129.08751 -36.393074 12.883041 7.2483535 -11.333591 13.839658 1260255790936
129.08751 -36.393074 12.883041 12.844795 -21.78494 20.23871 1260255790940
128.08313 -33.77342 13.73889 12.844795 -21.78494 20.23871 1260255790944
128.08313 -33.77342 13.73889 16.960001 2.6302404 10.207453 1260255790953
125.72897 -32.684746 15.101945 16.960001 2.6302404 10.207453 1260255790956
125.72897 -32.684746 15.101945 11.69761 11.263402 4.3464947 1260255790960
121.142525 -33.90051 15.946848 11.69761 11.263402 4.3464947 1260255790970
121.142525 -33.90051 15.946848 1.8761997 12.564001 8.669981 1260255790979
117.4854 -37.705482 15.749506 1.8761997 12.564001 8.669981 1260255790982
117.4854 -37.705482 15.749506 1.8539761 10.114249 -12.638 1260255790990
114.86113 -41.420208 14.96203 1.8539761 10.114249 -12.638 1260255790993
114.86113 -41.420208 14.96203 6.6644616 6.6465826 1.051105 1260255790999
113.06807 -45.2492 13.763928 6.6644616 6.6465826 1.051105 1260255791002
113.06807 -45.2492 13.763928 7.109472 21.20065 -4.991755 1260255791010
112.21467 -49.18674 12.125732 7.109472 21.20065 -4.991755 1260255791013
112.21467 -49.18674 12.125732 -8.170627 1.6323748 -1.492043 1260255791017
112.603935 -53.427402 9.819446 -8.170627 1.6323748 -1.492043 1260255791030
112.603935 -53.427402 9.819446 -9.856409 7.5644035 4.454693 1260255791036
113.773735 -57.95603 6.978473 -9.856409 7.5644035 4.454693 1260255791039
113.773735 -57.95603 6.978473 -0.62757206 15.212893 -1.8946797 1260255791045
115.085045 -62.55823 3.7795494 -0.62757206 15.212893 -1.8946797 1260255791053
115.085045 -62.55823 3.7795494 -12.850921 1.5332887 -9.282156 1260255791062
116.53079 -67.03032 0.64057183 -12.850921 1.5332887 -9.282156 1260255791070
116.53079 -67.03032 0.64057183 -0.4492116 -5.115356 -5.34719 1260255791073
118.15425 -71.0288 -1.7914568 -0.4492116 -5.115356 -5.34719 1260255791079
118.15425 -71.0288 -1.7914568 -13.553143 12.157635 -1.4170808 1260255791085
117.596535 -75.02736 -2.051884 -13.553143 12.157635 -1.4170808 1260255791098
117.596535 -75.02736 -2.051884 -9.096233 -1.8628073 -7.2911587 1260255791105
125.01671 -62.42599 0.7507103 -9.096233 -1.8628073 -7.2911587 1260255791114
125.01671 -62.42599 0.7507103 11.656578 -4.1960354 2.9197981 1260255791117
129.21587 -51.60469 3.7131748 11.656578 -4.1960354 2.9197981 1260255791130
129.21587 -51.60469 3.7131748 5.445013 4.158333 -4.792926 1260255791134
130.80507 -42.224457 5.827516 5.445013 4.158333 -4.792926 1260255791153
130.80507 -42.224457 5.827516 8.844635 -22.17341 -2.8486314 1260255791157
130.96481 -37.613235 7.4861403 8.844635 -22.17341 -2.8486314 1260255791169
130.96481 -37.613235 7.4861403 24.835077 -19.909042 5.949156 1260255791174
130.26657 -32.982574 8.711833 24.835077 -19.909042 5.949156 1260255791188
130.26657 -32.982574 8.711833 22.154953 -14.32172 5.7306542 1260255791192
129.05324 -28.533445 9.726241 22.154953 -14.32172 5.7306542 1260255791210
129.05324 -28.533445 9.726241 11.241749 -26.305721 16.93184 1260255791213
127.800575 -24.606773 10.939929 11.241749 -26.305721 16.93184 1260255791231
127.800575 -24.606773 10.939929 4.6391163 -24.587875 7.4692893 1260255791237
127.11055 -20.926435 12.342933 4.6391163 -24.587875 7.4692893 1260255791249
127.11055 -20.926435 12.342933 9.936972 -6.043065 -0.6145048 1260255791254
128.05502 -13.130114 13.975786 9.936972 -6.043065 -0.6145048 1260255791269
128.05502 -13.130114 13.975786 19.04346 -4.161373 0.2822448 1260255791272
131.25227 -5.0236077 15.176997 19.04346 -4.161373 0.2822448 1260255791292
131.25227 -5.0236077 15.176997 11.6908455 -14.927181 -9.19364 1260255791295
135.73965 3.6775725 15.418147 11.6908455 -14.927181 -9.19364 1260255791309
135.73965 3.6775725 15.418147 7.172737 2.5530376 -3.65277 1260255791314
143.70267 -5.456306 15.14724 7.172737 2.5530376 -3.65277 1260255791329
143.70267 -5.456306 15.14724 7.935701 -6.8296833 -20.997475 1260255791334
138.11754 -13.733491 14.6898775 7.935701 -6.8296833 -20.997475 1260255791350
138.11754 -13.733491 14.6898775 10.179572 11.886202 -20.612722 1260255791353
133.96165 -21.396816 14.205383 10.179572 11.886202 -20.612722 1260255791373
133.96165 -21.396816 14.205383 11.561472 10.377271 -20.925833 1260255791377
130.36357 -28.576975 13.745114 11.561472 10.377271 -20.925833 1260255791389
130.36357 -28.576975 13.745114 10.949671 3.2764444 -26.415592 1260255791396
127.1954 -35.398125 13.257858 10.949671 3.2764444 -26.415592 1260255791408
127.1954 -35.398125 13.257858 7.870123 -0.9407592 -28.039988 1260255791412
124.48563 -41.978218 12.694965 7.870123 -0.9407592 -28.039988 1260255791431
124.48563 -41.978218 12.694965 2.1693215 -3.8412561 -25.941238 1260255791442
122.61134 -48.429306 12.060217 2.1693215 -3.8412561 -25.941238 1260255791450
122.61134 -48.429306 12.060217 -4.6150017 -6.5285554 -21.330137 1260255791453
121.730774 -54.85784 11.457206 -4.6150017 -6.5285554 -21.330137 1260255791631
121.730774 -54.85784 11.457206 -8.8559265 -9.021232 -15.900047 1260255791639
122.89423 -43.56495 11.084346 -8.8559265 -9.021232 -15.900047 1260255791643
122.89423 -43.56495 11.084346 -8.971432 -5.661232 -10.224616 1260255791651
123.39952 -34.486702 11.180128 -8.971432 -5.661232 -10.224616 1260255791659
123.39952 -34.486702 11.180128 -7.849313 -4.577646 -7.419074 1260255791662
122.729546 -28.962366 11.271122 -7.849313 -4.577646 -7.419074 1260255791665
122.729546 -28.962366 11.271122 -6.992266 -16.383959 -1.2016468 1260255791671
121.493065 -24.414248 11.2575655 -6.992266 -16.383959 -1.2016468 1260255791674
121.493065 -24.414248 11.2575655 -6.414629 -21.174461 8.979745 1260255791678
120.11841 -20.443535 11.194687 -6.414629 -21.174461 8.979745 1260255791681
120.11841 -20.443535 11.194687 -5.901642 -7.69116 11.654944 1260255791684
118.812485 -16.771358 11.234953 -5.901642 -7.69116 11.654944 1260255791691
118.812485 -16.771358 11.234953 -4.9305 -26.653122 11.660467 1260255791694
117.72186 -13.482791 11.523206 -4.9305 -26.653122 11.660467 1260255791697
117.72186 -13.482791 11.523206 -2.5015073 -7.8197045 15.138992 1260255791700
116.88577 -10.608651 12.097046 -2.5015073 -7.8197045 15.138992 1260255791703
116.88577 -10.608651 12.097046 2.3505487 -20.87075 6.930785 1260255791709
116.29148 -8.178219 13.042193 2.3505487 -20.87075 6.930785 1260255791716
116.29148 -8.178219 13.042193 11.489944 0.9264679 5.1653414 1260255791720
