167.2538 -23.902348 42.245857 -1.8407531 10.201559 6.9041324 1260261237748
167.2538 -23.902348 42.245857 -8.276587 -4.347974 -1.1387885 1260261237756
163.5411 -28.40723 39.783566 -8.276587 -4.347974 -1.1387885 1260261237759
163.5411 -28.40723 39.783566 7.936047 2.9918542 2.9614186 1260261237763
159.96405 -33.43687 37.194386 7.936047 2.9918542 2.9614186 1260261237768
159.96405 -33.43687 37.194386 -6.1418614 13.83604 -7.6140776 1260261237775
156.41585 -38.565025 34.734665 -6.1418614 13.83604 -7.6140776 1260261237805
156.41585 -38.565025 34.734665 -3.6338115 13.689035 -12.4886055 1260261237808
153.59506 -43.986774 32.197933 -3.6338115 13.689035 -12.4886055 1260261237817
153.59506 -43.986774 32.197933 3.718943 6.0913115 -1.9682889 1260261237820
149.3153 -49.087437 30.188036 3.718943 6.0913115 -1.9682889 1260261237824
149.3153 -49.087437 30.188036 -11.422336 -0.718174 -11.051694 1260261237829
144.94954 -54.083065 28.278635 -11.422336 -0.718174 -11.051694 1260261237838
144.94954 -54.083065 28.278635 -2.6708782 3.3481975 -7.6780996 1260261237842
140.75206 -58.928913 26.464703 -2.6708782 3.3481975 -7.6780996 1260261237845
140.75206 -58.928913 26.464703 6.4436216 17.003496 -19.902328 1260261237856
136.26445 -63.43247 24.791468 6.4436216 17.003496 -19.902328 1260261237865
136.26445 -63.43247 24.791468 -5.9086647 17.360935 -11.817615 1260261238046
132.10123 -67.61085 23.201895 -5.9086647 17.360935 -11.817615 1260261238059
132.10123 -67.61085 23.201895 -12.031889 2.643486 -19.01226 1260261238068
128.09616 -71.3803 21.6918 -12.031889 2.643486 -19.01226 1260261238075
128.09616 -71.3803 21.6918 0.53368616 19.84306 -10.215359 1260261238080
124.241356 -74.71129 20.357208 0.53368616 19.84306 -10.215359 1260261238084
124.241356 -74.71129 20.357208 8.418434 4.082112 -11.071912 1260261238087
120.02929 -77.72572 19.289349 8.418434 4.082112 -11.071912 1260261238095
120.02929 -77.72572 19.289349 4.077026 14.09923 -13.0886 1260261238098
130.47783 -80.23944 19.57488 4.077026 14.09923 -13.0886 1260261238104
130.47783 -80.23944 19.57488 8.10831 -6.7359324 -0.80129427 1260261238107
131.60394 -75.97747 20.296137 8.10831 -6.7359324 -0.80129427 1260261238115
131.60394 -75.97747 20.296137 12.380461 4.9149866 4.9251595 1260261238118
132.47374 -71.5786 19.98133 12.380461 4.9149866 4.9251595 1260261238122
132.47374 -71.5786 19.98133 11.199727 4.063258 5.9768295 1260261238125
133.40005 -67.59967 19.132265 11.199727 4.063258 5.9768295 1260261238130
133.40005 -67.59967 19.132265 3.5237715 -11.7599 15.381167 1260261238139
134.28006 -64.31969 18.025652 3.5237715 -11.7599 15.381167 1260261238143
134.28006 -64.31969 18.025652 -7.9540153 10.243006 17.876793 1260261238146
135.16606 -61.753704 16.57437 -7.9540153 10.243006 17.876793 1260261238154
135.16606 -61.753704 16.57437 -10.81827 -4.6711006 13.506373 1260261238157
135.95776 -60.16602 14.695651 -10.81827 -4.6711006 13.506373 1260261238166
135.95776 -60.16602 14.695651 2.5359545 3.5202336 17.228764 1260261238184
136.30988 -59.55772 12.410869 2.5359545 3.5202336 17.228764 1260261238187
136.30988 -59.55772 12.410869 -9.730855 13.172038 -2.8411446 1260261238190
136.34438 -59.229836 9.990325 -9.730855 13.172038 -2.8411446 1260261238198
136.34438 -59.229836 9.990325 -15.889093 18.574064 9.673441 1260261238203
136.27716 -62.718346 7.5408087 -15.889093 18.574064 9.673441 1260261238208
136.27716 -62.718346 7.5408087 -2.6898098 13.654471 2.4140687 1260261238214
136.56331 -66.282425 4.963768 -2.6898098 13.654471 2.4140687 1260261238219
136.56331 -66.282425 4.963768 -22.717346 10.694783 -3.738731 1260261238223
137.28514 -70.1183 2.1155794 -22.717346 10.694783 -3.738731 1260261238226
137.28514 -70.1183 2.1155794 -5.620368 19.105446 -4.9093184 1260261238234
138.62088 -74.26239 -0.8901997 -5.620368 19.105446 -4.9093184 1260261238244
138.62088 -74.26239 -0.8901997 -21.727215 -1.2056036 -1.7736213 1260261238247
140.63983 -78.59927 -3.69569 -21.727215 -1.2056036 -1.7736213 1260261238255
140.63983 -78.59927 -3.69569 -6.8021417 3.9804778 2.0263557 1260261238258
143.70784 -83.41931 -5.1609054 -6.8021417 3.9804778 2.0263557 1260261238264
143.70784 -83.41931 -5.1609054 2.1703463 10.685015 -11.0991535 1260261238267
140.12245 -70.34834 -4.85286 2.1703463 10.685015 -11.0991535 1260261238279
140.12245 -70.34834 -4.85286 9.880536 8.743211 -15.249931 1260261238283
142.36633 -57.980927 -3.6102169 9.880536 8.743211 -15.249931 1260261238288
142.36633 -57.980927 -3.6102169 11.944693 8.766302 -21.460884 1260261238295
145.14801 -63.98188 -2.029706 11.944693 8.766302 -21.460884 1260261238302
145.14801 -63.98188 -2.029706 4.4120646 10.075684 -26.793762 1260261238305
149.19061 -69.28278 -0.47822064 4.4120646 10.075684 -26.793762 1260261238318
149.19061 -69.28278 -0.47822064 10.894651 7.3022685 -18.25362 1260261238325
154.38109 -73.868645 0.99569046 10.894651 7.3022685 -18.25362 1260261238335
154.38109 -73.868645 0.99569046 22.906254 0.39634323 -24.800934 1260261238338
160.91203 -77.62521 2.195906 22.906254 0.39634323 -24.800934 1260261238354
160.91203 -77.62521 2.195906 19.605827 21.820938 -16.700129 1260261238359
169.66643 -80.54395 3.0861106 19.605827 21.820938 -16.700129 1260261238382
169.66643 -80.54395 3.0861106 8.279803 6.919055 -18.45096 1260261238385
164.48311 -82.516754 3.481805 8.279803 6.919055 -18.45096 1260261238394
164.48311 -82.516754 3.481805 0.32563567 22.971237 -14.397627 1260261238398
162.05896 -83.09092 3.2577147 0.32563567 22.971237 -14.397627 1260261238416
162.05896 -83.09092 3.2577147 -1.4487088 23.946936 -2.639166 1260261238419
160.906 -81.68637 2.344829 -1.4487088 23.946936 -2.639166 1260261238434
160.906 -81.68637 2.344829 3.3304617 11.7076435 0.39566708 1260261238440
159.96071 -79.00205 1.1775875 3.3304617 11.7076435 0.39566708 1260261238457
159.96071 -79.00205 1.1775875 3.059154 3.6384492 10.177763 1260261238464
158.86267 -75.70195 -0.031291842 3.059154 3.6384492 10.177763 1260261238476
158.86267 -75.70195 -0.031291842 -7.2938485 6.8944864 25.24181 1260261238479
157.71954 -71.86685 -1.3297273 -7.2938485 6.8944864 25.24181 1260261238494
157.71954 -71.86685 -1.3297273 -15.577671 3.4922993 10.066902 1260261238500
155.83357 -66.62351 -2.9632409 -15.577671 3.4922993 10.066902 1260261238516
155.83357 -66.62351 -2.9632409 -5.7565985 -9.867626 12.185814 1260261238522
148.4919 -56.792336 -3.7150788 -5.7565985 -9.867626 12.185814 1260261238534
148.4919 -56.792336 -3.7150788 3.015286 -3.3289218 -12.19765 1260261238537
141.11731 -46.152718 -3.9793248 3.015286 -3.3289218 -12.19765 1260261238556
141.11731 -46.152718 -3.9793248 5.4711432 3.2823853 -6.909547 1260261238559
146.21144 -34.94508 -4.3803587 5.4711432 3.2823853 -6.909547 1260261238574
146.21144 -34.94508 -4.3803587 6.404475 -4.2076774 -10.621968 1260261238580
144.35088 -40.997826 -4.811341 6.404475 -4.2076774 -10.621968 1260261238593
144.35088 -40.997826 -4.811341 5.679577 5.8215284 -17.164434 1260261238603
141.73334 -45.947933 -5.0707736 5.679577 5.8215284 -17.164434 1260261238614
141.73334 -45.947933 -5.0707736 5.10487 24.859196 -19.600763 1260261238779
139.19667 -50.250538 -5.1172347 5.10487 24.859196 -19.600763 1260261238788
139.19667 -50.250538 -5.1172347 5.602712 22.531427 -16.502855 1260261238799
136.68684 -54.28801 -5.111373 5.602712 22.531427 -16.502855 1260261238803
136.68684 -54.28801 -5.111373 5.843109 18.292347 -24.596897 1260261238808
134.1525 -58.32361 -5.155804 5.843109 18.292347 -24.596897 1260261238815
134.1525 -58.32361 -5.155804 5.556134 32.165417 -22.971811 1260261238820
132.79488 -62.85743 -5.548014 5.556134 32.165417 -22.971811 1260261238824
132.79488 -62.85743 -5.548014 1.3972659 12.182046 -11.51602 1260261238827
138.95514 -51.014557 -6.4206133 1.3972659 12.182046 -11.51602 1260261238835
138.95514 -51.014557 -6.4206133 -6.954142 5.2432833 -6.0209494 1260261238838
132.45738 -42.36383 -7.149583 -6.954142 5.2432833 -6.0209494 1260261238843
132.45738 -42.36383 -7.149583 -11.9759445 -20.222054 -5.0014324 1260261238846
128.78452 -36.79564 -7.542104 -11.9759445 -20.222054 -5.0014324 1260261238850
128.78452 -36.79564 -7.542104 -13.181797 -21.454264 5.5385427 1260261238858
127.84529 -33.05586 -7.7649984 -13.181797 -21.454264 5.5385427 1260261238861
127.84529 -33.05586 -7.7649984 -12.389955 2.230916 9.215295 1260261238865
128.50302 -32.853065 -7.9767485 -12.389955 2.230916 9.215295 1260261238874
128.50302 -32.853065 -7.9767485 -11.810154 14.438856 8.012284 1260261238879
128.17787 -35.510414 -7.727911 -11.810154 14.438856 8.012284 1260261238885
128.17787 -35.510414 -7.727911 -10.593925 6.504109 -0.26438665 1260261238895
125.918976 -39.434895 -7.0915155 -10.593925 6.504109 -0.26438665 1260261238901
125.918976 -39.434895 -7.0915155 -5.084531 31.691025 -10.686826 1260261238904
122.07303 -43.71315 -6.33694 -5.084531 31.691025 -10.686826 1260261238908
122.07303 -43.71315 -6.33694 3.9000723 23.463434 -8.245676 1260261238916
117.61938 -48.07749 -5.520093 3.9000723 23.463434 -8.245676 1260261238919
117.61938 -48.07749 -5.520093 12.303225 15.285221 -23.535217 1260261238925
113.08841 -52.723618 -4.7940884 12.303225 15.285221 -23.535217 1260261238930
113.08841 -52.723618 -4.7940884 13.145159 19.645386 -16.93731 1260261238941
114.983986 -41.237434 -4.404384 13.145159 19.645386 -16.93731 1260261238945
114.983986 -41.237434 -4.404384 9.788286 -4.181752 -5.4047747 1260261238950
113.834785 -35.025562 -4.4841647 9.788286 -4.181752 -5.4047747 1260261238958
113.834785 -35.025562 -4.4841647 8.23833 -17.360508 2.8640978 1260261238962
113.44305 -30.024284 -4.6099563 8.23833 -17.360508 2.8640978 1260261238967
113.44305 -30.024284 -4.6099563 7.174386 -27.826313 8.048121 1260261238977
113.57089 -26.07307 -4.6294584 7.174386 -27.826313 8.048121 1260261238987
113.57089 -26.07307 -4.6294584 7.954813 -7.4886413 12.951096 1260261238996
114.24235 -23.719418 -4.4979854 7.954813 -7.4886413 12.951096 1260261239001
114.24235 -23.719418 -4.4979854 9.098902 -15.317566 14.587291 1260261239007
114.98023 -23.583447 -4.973086 9.098902 -15.317566 14.587291 1260261239018
114.98023 -23.583447 -4.973086 6.172739 -4.853548 12.612269 1260261239022
115.38122 -24.954273 -5.6244316 6.172739 -4.853548 12.612269 1260261239033
115.38122 -24.954273 -5.6244316 0.55075264 12.0985565 17.283148 1260261239040
115.56216 -26.906559 -6.29321 0.55075264 12.0985565 17.283148 1260261239054
115.56216 -26.906559 -6.29321 -7.480469 30.369757 4.6708584 1260261239057
115.88405 -28.711231 -7.2785497 -7.480469 30.369757 4.6708584 1260261239076
115.88405 -28.711231 -7.2785497 -19.077198 18.149832 -1.8084686 1260261239079
116.38985 -30.22567 -8.4646225 -19.077198 18.149832 -1.8084686 1260261239096
116.38985 -30.22567 -8.4646225 -19.878654 10.419007 -1.0928245 1260261239100
117.57035 -35.414387 -10.241391 -19.878654 10.419007 -1.0928245 1260261239117
117.57035 -35.414387 -10.241391 -6.0283318 6.431481 4.298418 1260261239124
119.64183 -35.043667 -12.829322 -6.0283318 6.431481 4.298418 1260261239134
119.64183 -35.043667 -12.829322 -16.658009 2.9396434 -8.135194 1260261239137
122.50974 -33.941483 -16.037855 -16.658009 2.9396434 -8.135194 1260261239156
122.50974 -33.941483 -16.037855 -10.663654 8.972233 7.7442775 1260261239159
125.83426 -40.794407 -19.285963 -10.663654 8.972233 7.7442775 1260261239175
125.83426 -40.794407 -19.285963 -15.597036 2.23782 -9.403183 1260261239181
130.24254 -47.554688 -21.971664 -15.597036 2.23782 -9.403183 1260261239198
130.24254 -47.554688 -21.971664 -8.226937 -3.5612447 6.5057306 1260261239205
135.38042 -54.126953 -21.92308 -8.226937 -3.5612447 6.5057306 1260261239215
135.38042 -54.126953 -21.92308 -3.526826 -6.256766 0.023674011 1260261239218
141.4614 -60.270607 -20.126926 -3.526826 -6.256766 0.023674011 1260261239234
141.4614 -60.270607 -20.126926 -5.6764 -4.6788373 -16.876074 1260261239240
145.88832 -66.157074 -17.77058 -5.6764 -4.6788373 -16.876074 1260261239259
145.88832 -66.157074 -17.77058 19.248701 -1.0948229 -25.293854 1260261239263
149.74391 -71.69922 -15.282051 19.248701 -1.0948229 -25.293854 1260261239273
149.74391 -71.69922 -15.282051 12.567939 6.913905 -18.71371 1260261239276
153.35672 -76.86426 -12.817948 12.567939 6.913905 -18.71371 1260261239297
153.35672 -76.86426 -12.817948 17.269106 12.565683 -28.468279 1260261239300
156.78888 -81.72105 -10.427051 17.269106 12.565683 -28.468279 1260261239313
156.78888 -81.72105 -10.427051 27.354156 3.589127 -32.15863 1260261239319
160.84944 -86.23499 -8.205698 27.354156 3.589127 -32.15863 1260261239340
160.84944 -86.23499 -8.205698 6.313505 -5.8766093 -21.857946 1260261239344
166.05698 -90.32324 -6.245413 6.313505 -5.8766093 -21.857946 1260261239353
166.05698 -90.32324 -6.245413 10.816889 10.985108 -23.694698 1260261239356
173.70413 -93.70708 -4.683142 10.816889 10.985108 -23.694698 1260261239376
173.70413 -93.70708 -4.683142 14.889818 -0.4816203 -10.14769 1260261239555
168.76892 -95.071724 -4.198985 14.889818 -0.4816203 -10.14769 1260261239563
168.76892 -95.071724 -4.198985 9.163098 13.511385 -6.988131 1260261239566
166.43048 -93.768135 -4.839036 9.163098 13.511385 -6.988131 1260261239577
166.43048 -93.768135 -4.839036 6.91572 4.5215654 3.0322375 1260261239583
164.35896 -91.47973 -5.5470843 6.91572 4.5215654 3.0322375 1260261239586
164.35896 -91.47973 -5.5470843 1.4040222 8.464218 2.622548 1260261239589
162.29102 -88.755745 -6.11973 1.4040222 8.464218 2.622548 1260261239597
162.29102 -88.755745 -6.11973 -4.7387233 20.15389 23.251217 1260261239604
160.22647 -85.66796 -6.7137437 -4.7387233 20.15389 23.251217 1260261239609
160.22647 -85.66796 -6.7137437 -11.690461 3.6209068 14.478477 1260261239617
158.16515 -82.13456 -7.4280567 -11.690461 3.6209068 14.478477 1260261239621
158.16515 -82.13456 -7.4280567 -17.014925 10.01099 23.975521 1260261239624
156.15689 -78.077835 -8.306654 -17.014925 10.01099 23.975521 1260261239629
156.15689 -78.077835 -8.306654 -15.745716 4.5179048 18.969114 1260261239636
153.69905 -72.87394 -9.641321 -15.745716 4.5179048 18.969114 1260261239641
153.69905 -72.87394 -9.641321 -2.8522289 -9.499974 13.838491 1260261239645
147.6641 -62.730244 -9.909255 -2.8522289 -9.499974 13.838491 1260261239648
147.6641 -62.730244 -9.909255 2.8617642 -6.0880694 -12.618235 1260261239656
145.38089 -51.29373 -9.113792 2.8617642 -6.0880694 -12.618235 1260261239666
145.38089 -51.29373 -9.113792 -1.6639771 5.1646614 -17.892748 1260261239669
150.01184 -57.729046 -8.308103 -1.6639771 5.1646614 -17.892748 1260261239677
150.01184 -57.729046 -8.308103 -6.314217 9.103411 -22.611425 1260261239680
142.56125 -63.292595 -7.6426973 -6.314217 9.103411 -22.611425 1260261239684
142.56125 -63.292595 -7.6426973 -7.19851 9.028984 -23.179676 1260261239689
137.28319 -68.077965 -7.1105623 -7.19851 9.028984 -23.179676 1260261239698
137.28319 -68.077965 -7.1105623 -5.6071534 1.6420498 -22.300009 1260261239704
133.21902 -72.02406 -6.7050343 -5.6071534 1.6420498 -22.300009 1260261239709
133.21902 -72.02406 -6.7050343 -3.4405358 17.636047 -31.963715 1260261239716
130.00807 -75.22286 -6.4197826 -3.4405358 17.636047 -31.963715 1260261239724
130.00807 -75.22286 -6.4197826 -1.7022443 16.609621 -9.331606 1260261239727
127.457664 -77.91172 -6.2487936 -1.7022443 16.609621 -9.331606 1260261239738
127.457664 -77.91172 -6.2487936 -1.0250626 23.478603 -22.158222 1260261239744
126.13478 -80.266136 -6.536354 -1.0250626 23.478603 -22.158222 1260261239747
126.13478 -80.266136 -6.536354 -6.2410917 4.646886 -7.8330917 1260261239754
125.72804 -82.552826 -7.359536 -6.2410917 4.646886 -7.8330917 1260261239759
125.72804 -82.552826 -7.359536 -12.753239 15.943985 -1.5963135 1260261239762
126.24164 -80.82519 -9.041559 -12.753239 15.943985 -1.5963135 1260261239769
126.24164 -80.82519 -9.041559 -7.123863 -3.493604 -5.779034 1260261239776
126.22955 -77.68393 -9.939482 -7.123863 -3.493604 -5.779034 1260261239784
126.22955 -77.68393 -9.939482 2.4135134 9.075798 10.045882 1260261239787
125.918076 -74.34973 -9.042507 2.4135134 9.075798 10.045882 1260261239799
125.918076 -74.34973 -9.042507 -2.7022533 -7.0904903 2.4919806 1260261239808
