86.493835 24.93317 4.1738443 -5.41389 2.6494527 11.037394 1260255537573
86.493835 24.93317 4.1738443 -7.2823806 -3.2056534 -2.8153775 1260255537582
89.11914 29.386513 4.6151524 -7.2823806 -3.2056534 -2.8153775 1260255537609
89.11914 29.386513 4.6151524 -8.2963295 2.780748 -1.771675 1260255537613
91.81319 34.717186 4.7843947 -8.2963295 2.780748 -1.771675 1260255537624
91.81319 34.717186 4.7843947 -8.37171 -5.2520795 -7.574354 1260255537630
94.77253 40.63133 4.895175 -8.37171 -5.2520795 -7.574354 1260255537633
94.77253 40.63133 4.895175 -7.9069586 -8.588312 -14.368504 1260255537641
98.033905 46.749763 4.950416 -7.9069586 -8.588312 -14.368504 1260255537651
98.033905 46.749763 4.950416 -7.5759797 -9.261188 -20.647295 1260255537663
102.48221 52.962276 4.952895 -7.5759797 -9.261188 -20.647295 1260255537666
102.48221 52.962276 4.952895 -7.352297 -7.6898947 -25.23452 1260255537670
110.3581 59.214165 4.9552503 -7.352297 -7.6898947 -25.23452 1260255537681
110.3581 59.214165 4.9552503 -7.4557357 -5.267823 -28.232073 1260255537685
106.090195 47.353455 4.807488 -7.4557357 -5.267823 -28.232073 1260255537701
106.090195 47.353455 4.807488 -8.67971 3.1698308 -26.989119 1260255537704
109.685684 36.13578 4.4671135 -8.67971 3.1698308 -26.989119 1260255537717
109.685684 36.13578 4.4671135 -10.174088 11.1209 -22.981668 1260255537721
120.7014 43.178993 3.6937578 -10.174088 11.1209 -22.981668 1260255537740
120.7014 43.178993 3.6937578 -8.58636 6.27625 -22.995756 1260255537743
116.46633 48.470043 1.9590698 -8.58636 6.27625 -22.995756 1260255537757
116.46633 48.470043 1.9590698 2.3556967 2.9478936 -8.149333 1260255537761
113.24301 48.74654 0.061116282 2.3556967 2.9478936 -8.149333 1260255537777
113.24301 48.74654 0.061116282 -9.385148 -3.9833431 2.1414342 1260255537780
110.18086 48.80921 -1.2919395 -9.385148 -3.9833431 2.1414342 1260255537797
110.18086 48.80921 -1.2919395 -21.693367 -10.653858 12.484851 1260255537801
107.27182 48.71875 -2.3273425 -21.693367 -10.653858 12.484851 1260255537818
107.27182 48.71875 -2.3273425 -20.48823 -15.76823 19.928154 1260255537821
104.45823 48.43281 -3.1609755 -20.48823 -15.76823 19.928154 1260255537839
104.45823 48.43281 -3.1609755 -12.73577 -17.066555 27.679821 1260255537842
101.73532 48.061172 -3.9029267 -12.73577 -17.066555 27.679821 1260255537857
101.73532 48.061172 -3.9029267 -4.530368 -15.678488 29.233932 1260255537861
99.24856 47.658115 -4.6077805 -4.530368 -15.678488 29.233932 1260255537883
99.24856 47.658115 -4.6077805 -0.019360542 -15.032 22.251038 1260255537887
96.93613 47.32521 -5.3273916 -0.019360542 -15.032 22.251038 1260255537898
96.93613 47.32521 -5.3273916 -0.2359457 -14.180469 11.26749 1260255537901
94.78932 47.15895 -6.261022 -0.2359457 -14.180469 11.26749 1260255537917
94.78932 47.15895 -6.261022 -6.8790193 -11.914785 0.7097168 1260255537920
92.79986 47.401005 -7.497971 -6.8790193 -11.914785 0.7097168 1260255537937
92.79986 47.401005 -7.497971 -15.409987 -6.934864 1.0322926 1260255537940
90.90987 51.430954 -8.823072 -15.409987 -6.934864 1.0322926 1260255537957
90.90987 51.430954 -8.823072 -10.300785 -15.666299 -5.1060953 1260255537960
88.86437 56.709408 -9.331919 -10.300785 -15.666299 -5.1060953 1260255537977
88.86437 56.709408 -9.331919 -4.027773 -5.423036 -18.062988 1260255537980
88.07115 62.523937 -9.065323 -4.027773 -5.423036 -18.062988 1260255537997
88.07115 62.523937 -9.065323 -4.4415746 1.1177498 -24.50095 1260255538000
96.26759 68.29774 -8.462057 -4.4415746 1.1177498 -24.50095 1260255538022
96.26759 68.29774 -8.462057 -6.8583694 6.479763 -25.663956 1260255538026
105.554214 73.78285 -7.738954 -6.8583694 6.479763 -25.663956 1260255538037
105.554214 73.78285 -7.738954 -7.133752 9.1228695 -25.642756 1260255538040
114.426506 78.99371 -7.0020065 -7.133752 9.1228695 -25.642756 1260255538057
114.426506 78.99371 -7.0020065 -2.8166475 3.3027332 -34.80902 1260255538061
122.45518 83.89403 -6.301906 -2.8166475 3.3027332 -34.80902 1260255538077
122.45518 83.89403 -6.301906 3.3986983 -9.116552 -34.100784 1260255538080
127.68242 88.49933 -5.7368107 3.3986983 -9.116552 -34.100784 1260255538097
127.68242 88.49933 -5.7368107 7.1486845 -7.0100136 -18.660656 1260255538100
128.2983 92.67436 -5.4499702 7.1486845 -7.0100136 -18.660656 1260255538119
128.2983 92.67436 -5.4499702 7.348296 6.708148 -22.014137 1260255538124
126.78338 95.89064 -5.5774717 7.348296 6.708148 -22.014137 1260255538137
126.78338 95.89064 -5.5774717 4.1086984 -16.216988 -15.805491 1260255538140
124.34421 97.04611 -6.148598 4.1086984 -16.216988 -15.805491 1260255538162
124.34421 97.04611 -6.148598 -3.0026748 -16.196747 -14.947106 1260255538165
120.877 95.8438 -6.541168 -3.0026748 -16.196747 -14.947106 1260255538344
120.877 95.8438 -6.541168 -7.3627453 -28.742786 3.1660647 1260255538348
116.833145 94.101616 -6.6641097 -7.3627453 -28.742786 3.1660647 1260255538351
116.833145 94.101616 -6.6641097 -7.906601 -22.953114 21.708328 1260255538359
112.69149 92.14654 -6.580904 -7.906601 -22.953114 21.708328 1260255538362
112.69149 92.14654 -6.580904 -5.6669035 -18.95084 14.056198 1260255538368
108.70692 90.08921 -6.3518586 -5.6669035 -18.95084 14.056198 1260255538371
108.70692 90.08921 -6.3518586 -1.5577922 -33.846024 15.315699 1260255538375
105.02157 88.08475 -5.984266 -1.5577922 -33.846024 15.315699 1260255538382
105.02157 88.08475 -5.984266 3.4716554 -23.076187 27.71261 1260255538386
101.77049 86.28051 -5.5850525 3.4716554 -23.076187 27.71261 1260255538389
101.77049 86.28051 -5.5850525 7.21189 -7.043088 12.403937 1260255538394
98.981964 84.66648 -5.1558 7.21189 -7.043088 12.403937 1260255538402
98.981964 84.66648 -5.1558 9.437952 -12.001695 3.447125 1260255538405
96.83286 83.58316 -4.89801 9.437952 -12.001695 3.447125 1260255538409
96.83286 83.58316 -4.89801 9.618034 -14.689076 2.2180753 1260255538414
95.49122 85.554 -5.903109 9.618034 -14.689076 2.2180753 1260255538422
95.49122 85.554 -5.903109 2.7503917 4.785591 -7.5109925 1260255538430
106.31666 72.4263 -7.3579535 2.7503917 4.785591 -7.5109925 1260255538434
106.31666 72.4263 -7.3579535 -10.539372 1.845475 -7.321269 1260255538441
116.400826 60.104984 -9.090056 -10.539372 1.845475 -7.321269 1260255538444
116.400826 60.104984 -9.090056 -6.71979 4.5208397 4.562415 1260255538450
127.180786 66.049736 -11.185554 -6.71979 4.5208397 4.562415 1260255538453
127.180786 66.049736 -11.185554 4.1074395 0.6651978 -6.2990885 1260255538461
138.47174 71.29725 -13.526276 4.1074395 0.6651978 -6.2990885 1260255538464
138.47174 71.29725 -13.526276 -15.123744 -9.291296 -7.5171576 1260255538468
131.69815 76.03239 -15.749962 -15.123744 -9.291296 -7.5171576 1260255538475
131.69815 76.03239 -15.749962 -7.6109195 -8.040272 -12.341457 1260255538487
125.513245 80.38077 -17.662464 -7.6109195 -8.040272 -12.341457 1260255538490
125.513245 80.38077 -17.662464 1.2829261 6.557036 -4.0059385 1260255538495
119.98758 84.41173 -19.02934 1.2829261 6.557036 -4.0059385 1260255538502
119.98758 84.41173 -19.02934 -8.331043 -6.9687743 -14.544945 1260255538507
115.4382 88.14114 -19.727873 -8.331043 -6.9687743 -14.544945 1260255538512
115.4382 88.14114 -19.727873 -12.486908 -4.976474 -0.6234064 1260255538523
113.66629 91.08408 -19.691479 -12.486908 -4.976474 -0.6234064 1260255538529
113.66629 91.08408 -19.691479 -10.19758 -5.1063004 -13.512735 1260255538532
113.88297 92.57988 -18.906904 -10.19758 -5.1063004 -13.512735 1260255538540
113.88297 92.57988 -18.906904 -1.215482 0.8733673 -6.2060122 1260255538547
112.23882 92.85088 -17.761559 -1.215482 0.8733673 -6.2060122 1260255538560
112.23882 92.85088 -17.761559 9.660515 -5.3710527 -1.1332488 1260255538566
108.52688 92.30834 -16.57348 9.660515 -5.3710527 -1.1332488 1260255538581
108.52688 92.30834 -16.57348 9.532314 -11.751999 4.2369356 1260255538589
104.10053 91.49293 -15.444806 9.532314 -11.751999 4.2369356 1260255538600
104.10053 91.49293 -15.444806 0.2292738 -21.664804 14.266363 1260255538603
99.64551 90.61828 -14.372566 0.2292738 -21.664804 14.266363 1260255538619
99.64551 90.61828 -14.372566 -6.8056593 -31.739391 9.455674 1260255538624
95.41323 89.737366 -13.403938 -6.8056593 -31.739391 9.455674 1260255538639
95.41323 89.737366 -13.403938 -4.88439 -34.907394 6.066489 1260255538645
91.54257 89.000496 -12.533741 -4.88439 -34.907394 6.066489 1260255538658
91.54257 89.000496 -12.533741 1.9541552 -30.945595 10.65896 1260255538662
88.76544 88.75047 -11.857054 1.9541552 -30.945595 10.65896 1260255538687
88.76544 88.75047 -11.857054 6.764262 -25.51113 7.0400023 1260255538694
88.62717 89.41295 -11.464201 6.764262 -25.51113 7.0400023 1260255538704
88.62717 89.41295 -11.464201 7.817272 -23.129053 -2.1425986 1260255538709
90.09581 91.3423 -11.340991 7.817272 -23.129053 -2.1425986 1260255538722
90.09581 91.3423 -11.340991 7.3687897 -6.751439 -10.158863 1260255538730
90.89102 94.525185 -11.273941 7.3687897 -6.751439 -10.158863 1260255538739
90.89102 94.525185 -11.273941 7.1890173 -7.791466 -8.319951 1260255538742
89.54647 98.34892 -11.210244 7.1890173 -7.791466 -8.319951 1260255538757
89.54647 98.34892 -11.210244 7.232358 5.832674 -14.75032 1260255538765
85.96915 102.28148 -11.099732 7.232358 5.832674 -14.75032 1260255538780
85.96915 102.28148 -11.099732 7.3497066 -10.541106 -15.559504 1260255538787
81.87069 106.067406 -10.944746 7.3497066 -10.541106 -15.559504 1260255538799
81.87069 106.067406 -10.944746 7.3356814 6.030145 -17.0912 1260255538808
78.72716 109.56403 -10.847508 7.3356814 6.030145 -17.0912 1260255538821
78.72716 109.56403 -10.847508 7.023183 -4.803722 -15.70281 1260255538825
76.5908 112.785835 -10.805133 7.023183 -4.803722 -15.70281 1260255538839
76.5908 112.785835 -10.805133 6.571866 1.1784463 -18.21917 1260255538845
75.161255 115.69654 -10.914876 6.571866 1.1784463 -18.21917 1260255538866
75.161255 115.69654 -10.914876 6.226817 -7.7417936 -15.027656 1260255538869
74.20319 118.211716 -11.169132 6.226817 -7.7417936 -15.027656 1260255538878
74.20319 118.211716 -11.169132 5.3623614 5.382148 -13.85716 1260255538881
73.493034 120.25113 -11.660676 5.3623614 5.382148 -13.85716 1260255538897
73.493034 120.25113 -11.660676 2.494576 -12.588276 -8.620025 1260255538900
73.16838 121.58857 -12.427642 2.494576 -12.588276 -8.620025 1260255538920
73.16838 121.58857 -12.427642 -4.583287 -14.918308 -14.750686 1260255538923
72.659966 121.959145 -13.40626 -4.583287 -14.918308 -14.750686 1260255538937
72.659966 121.959145 -13.40626 -13.834543 -14.805357 -9.495877 1260255539115
71.27697 118.91119 -14.135946 -13.834543 -14.805357 -9.495877 1260255539131
71.27697 118.91119 -14.135946 -16.610167 -8.479618 1.8494159 1260255539134
69.163124 115.765625 -14.529149 -16.610167 -8.479618 1.8494159 1260255539143
69.163124 115.765625 -14.529149 -16.684101 -21.533419 11.899438 1260255539147
66.80497 112.57735 -14.752691 -16.684101 -21.533419 11.899438 1260255539150
66.80497 112.57735 -14.752691 -16.663956 -16.351171 9.418115 1260255539153
64.41472 109.44848 -14.865057 -16.663956 -16.351171 9.418115 1260255539159
64.41472 109.44848 -14.865057 -16.25143 -28.609947 23.473446 1260255539162
62.093983 106.47605 -14.921804 -16.25143 -28.609947 23.473446 1260255539165
62.093983 106.47605 -14.921804 -15.542975 -21.088959 12.100271 1260255539169
59.939285 103.70225 -14.875714 -15.542975 -21.088959 12.100271 1260255539172
59.939285 103.70225 -14.875714 -14.274683 -21.733183 22.693844 1260255539175
58.04232 101.21713 -14.831928 -14.274683 -21.733183 22.693844 1260255539180
58.04232 101.21713 -14.831928 -12.758637 -24.351357 6.995651 1260255539183
56.540203 99.056274 -14.740332 -12.758637 -24.351357 6.995651 1260255539187
56.540203 99.056274 -14.740332 -11.993397 -5.268467 7.815836 1260255539190
55.613194 97.25346 -14.653316 -11.993397 -5.268467 7.815836 1260255539193
