113.55262 25.419096 11.207603 -6.6086645 -0.37700558 13.002569 1260255682062
113.55262 25.419096 11.207603 -9.934667 -12.12526 8.625102 1260255682065
113.07499 28.49814 10.797223 -9.934667 -12.12526 8.625102 1260255682069
113.07499 28.49814 10.797223 -9.144757 -6.215095 2.0736427 1260255682074
114.32124 33.773235 10.657362 -9.144757 -6.215095 2.0736427 1260255682082
114.32124 33.773235 10.657362 -7.9508905 -13.568649 -3.9090526 1260255682085
117.15518 40.034573 10.574494 -7.9508905 -13.568649 -3.9090526 1260255682112
117.15518 40.034573 10.574494 -6.6693525 -12.097733 -10.002751 1260255682121
121.49742 46.482845 10.54577 -6.6693525 -12.097733 -10.002751 1260255682124
121.49742 46.482845 10.54577 -5.4609885 -9.742521 -15.435541 1260255682130
126.32255 52.708702 10.518481 -5.4609885 -9.742521 -15.435541 1260255682135
126.32255 52.708702 10.518481 -5.014554 -9.760698 -18.114395 1260255682149
131.05643 58.673267 10.442557 -5.014554 -9.760698 -18.114395 1260255682154
131.05643 58.673267 10.442557 -4.5255513 -11.740286 -20.379276 1260255682163
135.3036 64.33961 10.32043 -4.5255513 -11.740286 -20.379276 1260255682167
135.3036 64.33961 10.32043 -4.3402987 -13.022175 -23.036522 1260255682170
138.88843 69.722626 10.154408 -4.3402987 -13.022175 -23.036522 1260255682181
138.88843 69.722626 10.154408 -4.2035446 -8.291534 -25.883417 1260255682184
139.494 74.6365 9.796688 -4.2035446 -8.291534 -25.883417 1260255682187
139.494 74.6365 9.796688 -2.8257785 3.5765204 -21.984274 1260255682190
137.2693 78.00467 8.8568535 -2.8257785 3.5765204 -21.984274 1260255682206
137.2693 78.00467 8.8568535 3.5414743 -11.9713 -1.651319 1260255682209
134.00584 77.654434 7.514011 3.5414743 -11.9713 -1.651319 1260255682217
134.00584 77.654434 7.514011 4.771617 -20.96192 -1.2785819 1260255682221
130.35555 76.57171 6.18831 4.771617 -20.96192 -1.2785819 1260255682240
130.35555 76.57171 6.18831 -8.7328415 -28.799751 14.60314 1260255682243
126.73777 75.243126 5.0288944 -8.7328415 -28.799751 14.60314 1260255682411
126.73777 75.243126 5.0288944 -18.711262 -23.61567 21.918655 1260255682415
123.20088 73.78097 4.0274496 -18.711262 -23.61567 21.918655 1260255682422
123.20088 73.78097 4.0274496 -17.478054 -17.342308 24.736458 1260255682426
119.79084 72.24192 3.0760772 -17.478054 -17.342308 24.736458 1260255682430
119.79084 72.24192 3.0760772 -8.810929 -24.837849 34.59419 1260255682435
116.601295 70.77982 2.1722734 -8.810929 -24.837849 34.59419 1260255682444
116.601295 70.77982 2.1722734 0.33012867 -30.704842 21.918007 1260255682448
113.62123 69.440834 1.3136597 0.33012867 -30.704842 21.918007 1260255682451
113.62123 69.440834 1.3136597 2.9808908 -20.025845 18.828161 1260255682459
110.990166 68.41879 0.39797667 2.9808908 -20.025845 18.828161 1260255682462
110.990166 68.41879 0.39797667 -1.2142596 -6.5452185 16.94242 1260255682468
108.890656 68.14785 -0.52192223 -1.2142596 -6.5452185 16.94242 1260255682471
108.890656 68.14785 -0.52192223 -8.3589525 -1.8882027 8.431438 1260255682474
107.896126 70.29046 -1.0958261 -8.3589525 -1.8882027 8.431438 1260255682482
107.896126 70.29046 -1.0958261 -10.499468 -16.780304 -0.5757053 1260255682486
108.55132 74.12594 -1.0910349 -10.499468 -16.780304 -0.5757053 1260255682494
108.55132 74.12594 -1.0910349 -8.829833 3.9048395 -6.991724 1260255682505
112.07375 78.76964 -0.73648316 -8.829833 3.9048395 -6.991724 1260255682508
112.07375 78.76964 -0.73648316 -4.8527455 -1.2815711 -22.010817 1260255682513
118.22006 83.481155 -0.199659 -4.8527455 -1.2815711 -22.010817 1260255682520
118.22006 83.481155 -0.199659 1.4750232 -12.132137 -22.33809 1260255682525
124.90906 88.007095 0.36032397 1.4750232 -12.132137 -22.33809 1260255682528
124.90906 88.007095 0.36032397 8.086177 -3.0042508 -15.06821 1260255682532
130.96361 92.256744 0.89230776 8.086177 -3.0042508 -15.06821 1260255682540
130.96361 92.256744 0.89230776 12.641806 5.7601557 -29.01453 1260255682543
136.21542 96.243904 1.3476924 12.641806 5.7601557 -29.01453 1260255682551
136.21542 96.243904 1.3476924 14.133548 -12.549866 -26.800594 1260255682554
140.15465 99.98171 1.6803077 14.133548 -12.549866 -26.800594 1260255682565
140.15465 99.98171 1.6803077 13.10552 1.2342899 -25.035166 1260255682569
141.94691 103.38263 1.8462924 13.10552 1.2342899 -25.035166 1260255682574
141.94691 103.38263 1.8462924 11.105748 -7.22827 -17.82146 1260255682584
141.44957 106.0635 1.7539778 11.105748 -7.22827 -17.82146 1260255682588
141.44957 106.0635 1.7539778 9.554316 0.582809 -15.715714 1260255682595
139.77708 106.71033 1.3662789 9.554316 0.582809 -15.715714 1260255682607
139.77708 106.71033 1.3662789 8.138382 -11.051989 -4.667119 1260255682610
136.93823 105.574814 1.0479649 8.138382 -11.051989 -4.667119 1260255682618
136.93823 105.574814 1.0479649 6.815504 -8.766771 2.6003628 1260255682621
133.24132 103.796074 0.7955667 6.815504 -8.766771 2.6003628 1260255682641
133.24132 103.796074 0.7955667 5.3244486 -22.233234 1.787868 1260255682645
129.32925 101.75627 0.7057883 5.3244486 -22.233234 1.787868 1260255682659
129.32925 101.75627 0.7057883 5.8935213 -36.734016 16.772858 1260255682664
125.41279 99.518456 0.7204989 5.8935213 -36.734016 16.772858 1260255682682
125.41279 99.518456 0.7204989 7.146662 -17.839062 21.07647 1260255682689
121.64215 97.14253 0.83447397 7.146662 -17.839062 21.07647 1260255682699
121.64215 97.14253 0.83447397 8.773104 -25.303967 11.596982 1260255682702
118.16004 94.735405 1.0427502 8.773104 -25.303967 11.596982 1260255682717
118.16004 94.735405 1.0427502 10.412884 -23.047157 20.338865 1260255682725
115.05204 92.34863 1.1406127 10.412884 -23.047157 20.338865 1260255682739
115.05204 92.34863 1.1406127 9.91502 -3.826334 10.96758 1260255682746
112.19944 90.0812 1.083582 9.91502 -3.826334 10.96758 1260255682758
112.19944 90.0812 1.083582 8.577954 -16.820751 5.6270742 1260255682761
109.58947 87.92714 0.22940293 8.577954 -16.820751 5.6270742 1260255682781
109.58947 87.92714 0.22940293 0.44421673 -4.4410095 13.581813 1260255682785
106.31 85.08078 -2.5820673 0.44421673 -4.4410095 13.581813 1260255682799
106.31 85.08078 -2.5820673 -8.620391 0.34632802 8.930086 1260255682805
101.044495 89.576744 -6.152964 -8.620391 0.34632802 8.930086 1260255682825
101.044495 89.576744 -6.152964 -3.6852427 -10.213852 -1.7365121 1260255682829
112.84227 76.24791 -9.145316 -3.6852427 -10.213852 -1.7365121 1260255682839
112.84227 76.24791 -9.145316 -9.036678 -6.9655256 -9.065784 1260255682842
124.00016 63.535515 -11.788051 -9.036678 -6.9655256 -9.065784 1260255682861
124.00016 63.535515 -11.788051 -0.597147 -6.05471 1.3846896 1260255682864
134.55016 51.358738 -14.148648 -0.597147 -6.05471 1.3846896 1260255682882
134.55016 51.358738 -14.148648 -17.82174 -8.690032 -4.955036 1260255682886
144.47264 57.7408 -15.991216 -17.82174 -8.690032 -4.955036 1260255682898
144.47264 57.7408 -15.991216 -4.956593 -9.310063 -9.798345 1260255682902
153.79901 63.75376 -17.091656 -4.956593 -9.310063 -9.798345 1260255682920
153.79901 63.75376 -17.091656 3.0775743 -8.230442 -9.4236355 1260255682923
163.00906 69.36607 -17.387074 3.0775743 -8.230442 -9.4236355 1260255682937
163.00906 69.36607 -17.387074 5.710947 -3.1290252 -8.330982 1260255682945
159.4586 74.34777 -16.76772 5.710947 -3.1290252 -8.330982 1260255682964
159.4586 74.34777 -16.76772 7.8124156 6.786792 -10.813986 1260255682968
159.43567 77.13038 -15.3793335 7.8124156 6.786792 -10.813986 1260255682978
159.43567 77.13038 -15.3793335 -1.6510564 -15.570308 -3.2632957 1260255682987
155.46388 77.02386 -14.010366 -1.6510564 -15.570308 -3.2632957 1260255683001
155.46388 77.02386 -14.010366 -6.9563904 -22.39771 1.9070239 1260255683004
150.14069 76.42266 -12.809848 -6.9563904 -22.39771 1.9070239 1260255683175
150.14069 76.42266 -12.809848 1.2195797 -27.482681 13.15477 1260255683189
144.58365 75.70153 -11.769356 1.2195797 -27.482681 13.15477 1260255683194
144.58365 75.70153 -11.769356 11.150263 -27.838657 19.20299 1260255683200
139.10446 74.96645 -10.730888 11.150263 -27.838657 19.20299 1260255683206
139.10446 74.96645 -10.730888 14.144112 -22.540304 11.809464 1260255683209
133.84924 74.31813 -9.694344 14.144112 -22.540304 11.809464 1260255683212
133.84924 74.31813 -9.694344 7.567672 -15.777667 7.507231 1260255683220
129.30678 74.00223 -8.759626 7.567672 -15.777667 7.507231 1260255683223
129.30678 74.00223 -8.759626 -2.5751598 -11.896729 6.776718 1260255683230
126.19144 74.30212 -8.171645 -2.5751598 -11.896729 6.776718 1260255683233
126.19144 74.30212 -8.171645 -8.301779 -8.881026 1.556545 1260255683241
124.93186 75.63701 -7.963063 -8.301779 -8.881026 1.556545 1260255683244
124.93186 75.63701 -7.963063 -10.695179 -16.006369 -3.4474065 1260255683247
124.085266 78.205154 -8.06491 -10.695179 -16.006369 -3.4474065 1260255683251
124.085266 78.205154 -8.06491 -11.857401 -13.393208 -5.253571 1260255683259
123.031006 81.6949 -8.211664 -11.857401 -13.393208 -5.253571 1260255683266
123.031006 81.6949 -8.211664 -11.726769 -7.0513496 -14.313369 1260255683269
121.479454 85.66016 -8.301081 -11.726769 -7.0513496 -14.313369 1260255683279
121.479454 85.66016 -8.301081 -11.274752 2.6343226 -10.647108 1260255683283
119.45548 89.777145 -8.286027 -11.274752 2.6343226 -10.647108 1260255683289
119.45548 89.777145 -8.286027 -11.065125 -12.756653 -14.340475 1260255683292
117.58271 93.788284 -8.171725 -11.065125 -12.756653 -14.340475 1260255683295
117.58271 93.788284 -8.171725 -11.148187 1.485986 -19.592548 1260255683302
116.50358 97.54887 -8.013139 -11.148187 1.485986 -19.592548 1260255683306
116.50358 97.54887 -8.013139 -11.351442 -1.8486642 -16.295584 1260255683309
115.9784 101.02142 -7.8624816 -11.351442 -1.8486642 -16.295584 1260255683319
115.9784 101.02142 -7.8624816 -11.474949 -8.933747 -18.215782 1260255683327
115.479485 104.12035 -7.8193574 -11.474949 -8.933747 -18.215782 1260255683332
115.479485 104.12035 -7.8193574 -11.959762 -1.327518 -17.971392 1260255683335
114.60551 106.764336 -7.9283895 -11.959762 -1.327518 -17.971392 1260255683341
114.60551 106.764336 -7.9283895 -12.973665 -6.3766737 -16.922215 1260255683347
113.17523 109.07612 -8.28197 -12.973665 -6.3766737 -16.922215 1260255683352
113.17523 109.07612 -8.28197 -13.329057 -15.178289 -11.545191 1260255683362
111.41647 110.92231 -8.967872 -13.329057 -15.178289 -11.545191 1260255683370
111.41647 110.92231 -8.967872 -9.771643 -0.27083874 -5.995087 1260255683373
109.24565 111.9762 -9.969478 -9.771643 -0.27083874 -5.995087 1260255683383
109.24565 111.9762 -9.969478 -1.5823693 -1.3485565 -9.963036 1260255683387
106.43337 109.47739 -10.871004 -1.5823693 -1.3485565 -9.963036 1260255683399
106.43337 109.47739 -10.871004 1.9196019 -19.3437 1.8164557 1260255683405
103.2117 107.103516 -11.327454 1.9196019 -19.3437 1.8164557 1260255683421
103.2117 107.103516 -11.327454 1.6786966 -22.450533 10.251833 1260255683429
99.70112 104.59834 -11.611081 1.6786966 -22.450533 10.251833 1260255683439
99.70112 104.59834 -11.611081 -0.29327965 -16.426727 9.864439 1260255683442
96.31606 102.21843 -11.680527 -0.29327965 -16.426727 9.864439 1260255683457
96.31606 102.21843 -11.680527 0.38443756 -36.538223 15.091539 1260255683464
93.15026 100.00751 -11.646501 0.38443756 -36.538223 15.091539 1260255683483
93.15026 100.00751 -11.646501 2.2935033 -20.285221 20.084444 1260255683487
90.34275 97.85713 -11.614176 2.2935033 -20.285221 20.084444 1260255683498
90.34275 97.85713 -11.614176 2.8082323 -17.455578 8.084734 1260255683507
88.02561 95.96427 -11.533467 2.8082323 -17.455578 8.084734 1260255683521
88.02561 95.96427 -11.533467 4.725028 -27.67503 8.791698 1260255683524
86.224335 94.316055 -11.506794 4.725028 -27.67503 8.791698 1260255683539
86.224335 94.316055 -11.506794 5.3462725 -15.2832155 11.648049 1260255683545
85.263115 93.00025 -11.481454 5.3462725 -15.2832155 11.648049 1260255683568
85.263115 93.00025 -11.481454 6.0643063 -2.8842096 5.6080008 1260255683571
