290.54892 -74.24754 42.460022 0.22734451 15.866316 -9.5969095 1260255900355
290.54892 -74.24754 42.460022 -3.8772354 0.32764816 -4.082922 1260255900361
291.12146 -76.73517 42.03702 -3.8772354 0.32764816 -4.082922 1260255900367
291.12146 -76.73517 42.03702 -3.209612 18.209415 -1.4027276 1260255900371
286.4654 -75.79841 41.18517 -3.209612 18.209415 -1.4027276 1260255900374
286.4654 -75.79841 41.18517 0.84481597 12.112761 -5.526254 1260255900382
279.99213 -74.10849 39.87591 0.84481597 12.112761 -5.526254 1260255900386
279.99213 -74.10849 39.87591 10.942436 -1.9923701 6.0654697 1260255900392
273.7925 -72.05306 38.232117 10.942436 -1.9923701 6.0654697 1260255900395
273.7925 -72.05306 38.232117 6.545952 8.6960535 1.9625826 1260255900403
268.0029 -69.70041 36.42051 6.545952 8.6960535 1.9625826 1260255900407
268.0029 -69.70041 36.42051 -8.921528 10.821859 14.10729 1260255900413
262.55276 -67.215385 34.499485 -8.921528 10.821859 14.10729 1260255900419
262.55276 -67.215385 34.499485 0.21428666 -4.9435687 15.240939 1260255900424
257.42514 -64.80462 32.52451 0.21428666 -4.9435687 15.240939 1260255900428
257.42514 -64.80462 32.52451 7.8590994 12.532914 8.737079 1260255900432
252.55388 -62.76439 30.548285 7.8590994 12.532914 8.737079 1260255900440
252.55388 -62.76439 30.548285 -8.497028 2.5809965 13.39149 1260255900444
247.32619 -62.02617 28.42087 -8.497028 2.5809965 13.39149 1260255900450
247.32619 -62.02617 28.42087 -2.4524446 -3.5547369 -3.7456746 1260255900452
238.70988 -64.82486 26.099827 -2.4524446 -3.5547369 -3.7456746 1260255900460
238.70988 -64.82486 26.099827 6.610323 12.9982815 -3.8869867 1260255900463
229.9244 -68.83362 24.094835 6.610323 12.9982815 -3.8869867 1260255900467
229.9244 -68.83362 24.094835 -10.62041 2.3042498 -2.1772022 1260255900470
221.72818 -72.991936 22.190094 -10.62041 2.3042498 -2.1772022 1260255900475
221.72818 -72.991936 22.190094 -5.314676 0.08638096 -4.956666 1260255900484
214.04176 -76.94234 20.33059 -5.314676 0.08638096 -4.956666 1260255900488
214.04176 -76.94234 20.33059 4.721017 18.854042 -16.484425 1260255900493
206.68968 -80.64522 18.51406 4.721017 18.854042 -16.484425 1260255900528
206.68968 -80.64522 18.51406 -9.750683 3.0765886 -15.225458 1260255900532
199.8552 -84.11295 16.738356 -9.750683 3.0765886 -15.225458 1260255900540
199.8552 -84.11295 16.738356 -16.357792 19.69541 -17.751184 1260255900544
193.31244 -87.35731 14.951438 -16.357792 19.69541 -17.751184 1260255900547
193.31244 -87.35731 14.951438 -2.2082405 8.80442 -27.863014 1260255900553
187.14682 -90.38944 13.253866 -2.2082405 8.80442 -27.863014 1260255900559
187.14682 -90.38944 13.253866 -2.8247952 21.25689 -27.448338 1260255900564
181.23947 -93.21997 11.641173 -2.8247952 21.25689 -27.448338 1260255900568
181.23947 -93.21997 11.641173 -16.326744 6.0062523 -17.656263 1260255900573
175.3775 -95.85897 10.159115 -16.326744 6.0062523 -17.656263 1260255900580
175.3775 -95.85897 10.159115 -13.9082985 23.208048 -18.556797 1260255900586
170.05862 -98.36602 8.7011595 -13.9082985 23.208048 -18.556797 1260255900589
170.05862 -98.36602 8.7011595 0.38667154 2.5442019 -10.55777 1260255900592
167.25569 -101.29772 6.6661015 0.38667154 2.5442019 -10.55777 1260255900600
167.25569 -101.29772 6.6661015 -1.5686688 10.558489 -0.76763344 1260255900603
167.39291 -93.78284 4.482796 -1.5686688 10.558489 -0.76763344 1260255900612
167.39291 -93.78284 4.482796 -14.718573 -10.918188 0.2401948 1260255900615
167.02327 -86.64369 3.4586563 -14.718573 -10.918188 0.2401948 1260255900652
167.02327 -86.64369 3.4586563 -8.77597 -25.485886 10.296071 1260255900681
166.6721 -80.06151 2.6357234 -8.77597 -25.485886 10.296071 1260255900684
166.6721 -80.06151 2.6357234 -1.911583 -31.390059 20.769583 1260255900690
166.3885 -74.10843 1.8539371 -1.911583 -31.390059 20.769583 1260255900693
166.3885 -74.10843 1.8539371 1.646193 -30.418201 23.893574 1260255900702
166.16908 -68.90301 0.9612403 1.646193 -30.418201 23.893574 1260255900705
166.16908 -68.90301 0.9612403 -0.21888924 -17.289917 30.968561 1260255900709
165.96063 -64.35786 -0.08682172 -0.21888924 -17.289917 30.968561 1260255900714
165.96063 -64.35786 -0.08682172 -9.430603 0.43299198 22.311447 1260255900728
165.6626 -60.439964 -1.5324807 -9.430603 0.43299198 22.311447 1260255900731
165.6626 -60.439964 -1.5324807 -18.754997 -11.199892 15.443129 1260255900739
165.27946 -57.317966 -4.0058565 -18.754997 -11.199892 15.443129 1260255900742
165.27946 -57.317966 -4.0058565 -2.1755342 6.326857 3.179409 1260255900749
164.6155 -62.65207 -7.4555635 -2.1755342 6.326857 3.179409 1260255900752
164.6155 -62.65207 -7.4555635 -20.092144 1.461995 2.4331832 1260255900755
162.88472 -67.21947 -9.232785 -20.092144 1.461995 2.4331832 1260255900762
162.88472 -67.21947 -9.232785 -14.35985 -1.2925377 -7.567814 1260255900766
160.04048 -71.308495 -10.271146 -14.35985 -1.2925377 -7.567814 1260255900769
160.04048 -71.308495 -10.271146 -5.641184 21.51308 -14.54539 1260255900944
156.38846 -75.09307 -10.907589 -5.641184 21.51308 -14.54539 1260255900961
156.38846 -75.09307 -10.907589 -2.945693 15.061799 -25.038338 1260255900967
152.31903 -78.63842 -11.312209 -2.945693 15.061799 -25.038338 1260255900971
152.31903 -78.63842 -11.312209 -2.4551525 19.329565 -31.244349 1260255900974
148.10307 -82.0065 -11.546598 -2.4551525 19.329565 -31.244349 1260255900982
148.10307 -82.0065 -11.546598 -1.9883537 23.642317 -24.271784 1260255900984
143.99792 -85.35618 -11.719269 -1.9883537 23.642317 -24.271784 1260255900988
143.99792 -85.35618 -11.719269 -1.7818613 13.46089 -34.667873 1260255900994
140.34802 -88.68837 -11.833305 -1.7818613 13.46089 -34.667873 1260255901002
140.34802 -88.68837 -11.833305 -1.3148847 21.499363 -21.770111 1260255901006
137.23062 -92.00395 -11.94164 -1.3148847 21.499363 -21.770111 1260255901010
137.23062 -92.00395 -11.94164 -0.76509285 3.546576 -28.136902 1260255901015
135.71909 -95.45376 -12.244558 -0.76509285 3.546576 -28.136902 1260255901022
135.71909 -95.45376 -12.244558 -1.8582006 14.426125 -11.461137 1260255901028
144.63313 -83.88107 -12.832331 -1.8582006 14.426125 -11.461137 1260255901031
144.63313 -83.88107 -12.832331 -4.891249 4.057023 -8.885332 1260255901039
144.60147 -76.53702 -11.940714 -4.891249 4.057023 -8.885332 1260255901042
144.60147 -76.53702 -11.940714 6.9513826 -4.5436163 10.149729 1260255901048
144.8714 -70.21017 -10.743678 6.9513826 -4.5436163 10.149729 1260255901051
144.8714 -70.21017 -10.743678 14.5030155 -10.60158 14.163504 1260255901054
145.32784 -64.64966 -9.456494 14.5030155 -10.60158 14.163504 1260255901062
145.32784 -64.64966 -9.456494 7.6248946 -9.429731 22.689259 1260255901066
145.96144 -59.967175 -8.18367 7.6248946 -9.429731 22.689259 1260255901080
145.96144 -59.967175 -8.18367 -2.1760035 -15.414234 24.435808 1260255901085
146.66338 -56.468815 -7.1244864 -2.1760035 -15.414234 24.435808 1260255901089
146.66338 -56.468815 -7.1244864 -2.5252652 -4.4864616 26.36929 1260255901094
147.1802 -54.445374 -6.568262 -2.5252652 -4.4864616 26.36929 1260255901100
147.1802 -54.445374 -6.568262 -1.5983356 -4.030115 10.834391 1260255901106
146.6212 -54.123104 -6.639849 -1.5983356 -4.030115 10.834391 1260255901109
146.6212 -54.123104 -6.639849 -5.3966208 3.7417378 2.1295166 1260255901112
144.14014 -54.91695 -7.157857 -5.3966208 3.7417378 2.1295166 1260255901120
144.14014 -54.91695 -7.157857 -11.701309 3.9883518 2.504907 1260255901123
141.08313 -57.771103 -7.849964 -11.701309 3.9883518 2.504907 1260255901129
141.08313 -57.771103 -7.849964 -15.738393 24.329933 -1.4575579 1260255901132
138.47897 -60.88255 -8.807466 -15.738393 24.329933 -1.4575579 1260255901143
138.47897 -60.88255 -8.807466 -13.368185 5.521924 -0.53375816 1260255901148
136.70502 -64.23842 -10.117092 -13.368185 5.521924 -0.53375816 1260255901155
136.70502 -64.23842 -10.117092 -3.2650847 22.73005 -5.101534 1260255901164
135.71977 -67.876495 -11.811237 -3.2650847 22.73005 -5.101534 1260255901168
135.71977 -67.876495 -11.811237 -4.560868 1.8910284 -1.4860661 1260255901171
135.33379 -71.63267 -13.670675 -4.560868 1.8910284 -1.4860661 1260255901180
135.33379 -71.63267 -13.670675 -21.079302 15.627706 -7.5542173 1260255901183
135.0671 -75.30103 -15.487142 -21.079302 15.627706 -7.5542173 1260255901190
135.0671 -75.30103 -15.487142 -14.690847 8.515172 -13.929901 1260255901194
134.66374 -78.83598 -17.062784 -14.690847 8.515172 -13.929901 1260255901203
134.66374 -78.83598 -17.062784 -2.3046188 6.279063 -4.0523477 1260255901207
133.83055 -82.094185 -18.109646 -2.3046188 6.279063 -4.0523477 1260255901215
133.83055 -82.094185 -18.109646 -3.1584182 13.13866 -1.6787057 1260255901223
131.93903 -85.039474 -18.454163 -3.1584182 13.13866 -1.6787057 1260255901229
131.93903 -85.039474 -18.454163 -2.5860248 7.3203764 -18.557735 1260255901239
127.84207 -87.7375 -17.831455 -2.5860248 7.3203764 -18.557735 1260255901249
127.84207 -87.7375 -17.831455 6.9107656 6.9328384 -5.461302 1260255901252
137.59996 -90.500626 -15.739882 6.9107656 6.9328384 -5.461302 1260255901262
137.59996 -90.500626 -15.739882 5.0934973 12.701834 -0.24150562 1260255901271
141.21996 -94.72559 -11.552888 5.0934973 12.701834 -0.24150562 1260255901282
141.21996 -94.72559 -11.552888 18.6549 5.4326067 0.46219683 1260255901285
142.05896 -88.58932 -7.875243 18.6549 5.4326067 0.46219683 1260255901303
142.05896 -88.58932 -7.875243 4.721506 -1.9909854 1.193039 1260255901307
142.25601 -82.30985 -5.1314807 4.721506 -1.9909854 1.193039 1260255901319
142.25601 -82.30985 -5.1314807 25.623203 -8.063366 10.649094 1260255901322
142.1932 -76.29436 -2.8749065 25.623203 -8.063366 10.649094 1260255901341
142.1932 -76.29436 -2.8749065 13.421254 -7.5745554 5.549695 1260255901344
142.13354 -70.97964 -0.7811612 13.421254 -7.5745554 5.549695 1260255901357
142.13354 -70.97964 -0.7811612 6.9108086 -1.6660347 10.80148 1260255901366
142.22687 -66.68066 1.357897 6.9108086 -1.6660347 10.80148 1260255901378
142.22687 -66.68066 1.357897 19.698658 -10.398839 8.899959 1260255901388
142.61552 -63.746624 3.590002 19.698658 -10.398839 8.899959 1260255901399
142.61552 -63.746624 3.590002 1.5808878 8.855372 0.18396664 1260255901403
138.93475 -66.309296 4.610502 1.5808878 8.855372 0.18396664 1260255901422
138.93475 -66.309296 4.610502 -7.992152 0.63837576 0.3962652 1260255901428
136.13802 -69.99383 3.7299767 -7.992152 0.63837576 0.3962652 1260255901444
136.13802 -69.99383 3.7299767 -7.468603 13.525009 -11.9709835 1260255901448
134.23111 -73.74413 2.6434777 -7.468603 13.525009 -11.9709835 1260255901458
134.23111 -73.74413 2.6434777 0.010371208 -1.0626211 -10.738448 1260255901467
132.56955 -77.30692 1.5113038 0.010371208 -1.0626211 -10.738448 1260255901479
132.56955 -77.30692 1.5113038 3.1767936 20.291931 -14.753317 1260255901482
131.24107 -80.79158 0.33573857 3.1767936 20.291931 -14.753317 1260255901664
131.24107 -80.79158 0.33573857 -4.970677 4.41252 -10.710024 1260255901669
130.32903 -84.252 -0.8310483 -4.970677 4.41252 -10.710024 1260255901674
130.32903 -84.252 -0.8310483 -16.650316 17.051025 -23.782213 1260255901681
129.71257 -87.7894 -1.989496 -16.650316 17.051025 -23.782213 1260255901686
129.71257 -87.7894 -1.989496 -19.182343 9.011062 -24.326702 1260255901690
129.17694 -91.29993 -3.0400212 -19.182343 9.011062 -24.326702 1260255901695
129.17694 -91.29993 -3.0400212 -11.331533 8.233124 -12.579596 1260255901701
128.36809 -94.63493 -3.9380202 -11.331533 8.233124 -12.579596 1260255901708
128.36809 -94.63493 -3.9380202 -2.7873764 13.819952 -29.091583 1260255901711
127.24969 -97.703186 -4.7411194 -2.7873764 13.819952 -29.091583 1260255901714
127.24969 -97.703186 -4.7411194 1.160655 6.9858093 -21.597235 1260255901722
126.0372 -100.56802 -5.4540634 1.160655 6.9858093 -21.597235 1260255901726
126.0372 -100.56802 -5.4540634 0.020752907 9.556828 -11.880846 1260255901732
124.58534 -103.28962 -6.03136 0.020752907 9.556828 -11.880846 1260255901734
124.58534 -103.28962 -6.03136 -2.9245317 11.34362 -24.153614 1260255901743
122.656075 -105.82514 -6.379792 -2.9245317 11.34362 -24.153614 1260255901747
122.656075 -105.82514 -6.379792 -4.050715 -2.2492466 -6.5984926 1260255901750
120.27327 -108.18388 -6.5608025 -4.050715 -2.2492466 -6.5984926 1260255901761
120.27327 -108.18388 -6.5608025 -3.9797683 12.939562 -4.5738153 1260255901769
121.45961 -101.07469 -5.5327625 -3.9797683 12.939562 -4.5738153 1260255901773
121.45961 -101.07469 -5.5327625 6.9827385 4.375186 7.101089 1260255901781
122.63663 -94.470955 -4.7061243 6.9827385 4.375186 7.101089 1260255901784
122.63663 -94.470955 -4.7061243 11.47511 -2.5572534 7.5130424 1260255901792
123.7548 -88.29741 -3.8708181 11.47511 -2.5572534 7.5130424 1260255901795
123.7548 -88.29741 -3.8708181 9.635103 -3.853635 5.4060287 1260255901803
124.91706 -82.63254 -2.8272772 9.635103 -3.853635 5.4060287 1260255901807
124.91706 -82.63254 -2.8272772 1.6691976 1.1949687 8.425617 1260255901810
126.17121 -77.70091 -1.5359133 1.6691976 1.1949687 8.425617 1260255901820
126.17121 -77.70091 -1.5359133 -4.155214 3.3812883 12.302313 1260255901823
