310.10062 3.766132 61.18875 -2.230453 3.8650336 5.3008776 1260261056354
310.10062 3.766132 61.18875 -0.8394451 4.4772205 5.1371503 1260261056357
310.24557 3.9278255 61.279312 -0.8394451 4.4772205 5.1371503 1260261056363
310.24557 3.9278255 61.279312 -0.48204994 5.723217 4.545388 1260261056366
310.83328 3.9314342 61.365345 -0.48204994 5.723217 4.545388 1260261056369
310.83328 3.9314342 61.365345 0.2778206 6.23849 4.2805085 1260261056378
311.79163 3.7848625 61.497078 0.2778206 6.23849 4.2805085 1260261056384
311.79163 3.7848625 61.497078 1.177288 5.755604 3.4374828 1260261056387
312.90204 3.6956193 61.522224 1.177288 5.755604 3.4374828 1260261056421
312.90204 3.6956193 61.522224 1.1289568 4.815427 3.4460385 1260261056425
314.05695 3.6608384 61.596115 1.1289568 4.815427 3.4460385 1260261056433
314.05695 3.6608384 61.596115 2.1996803 4.2500935 3.0726347 1260261056437
315.6041 3.4777966 61.61631 2.1996803 4.2500935 3.0726347 1260261056442
315.6041 3.4777966 61.61631 2.3211212 3.2739391 2.9793851 1260261056445
300.0239 3.2039068 61.435493 2.3211212 3.2739391 2.9793851 1260261056448
300.0239 3.2039068 61.435493 1.5991278 1.0325141 5.262475 1260261056457
285.8227 2.7937114 61.21372 1.5991278 1.0325141 5.262475 1260261056466
285.8227 2.7937114 61.21372 0.9710531 -2.210397 7.341479 1260261056469
273.23157 2.2040257 60.60303 0.9710531 -2.210397 7.341479 1260261056478
273.23157 2.2040257 60.60303 1.3854814 -6.0748563 11.282869 1260261056482
261.72 1.4938245 59.92288 1.3854814 -6.0748563 11.282869 1260261056657
261.72 1.4938245 59.92288 5.123077 -7.618969 5.790864 1260261056663
250.684 0.36913317 59.326733 5.123077 -7.618969 5.790864 1260261056666
250.684 0.36913317 59.326733 9.395853 -0.66201663 -4.0887156 1260261056674
239.9498 -1.4493235 58.660397 9.395853 -0.66201663 -4.0887156 1260261056677
239.9498 -1.4493235 58.660397 13.263307 13.691307 1.8674133 1260261056683
229.3023 -7.976857 57.427376 13.263307 13.691307 1.8674133 1260261056688
229.3023 -7.976857 57.427376 11.236281 14.656676 -3.1228313 1260261056694
219.53719 -14.178014 56.056007 11.236281 14.656676 -3.1228313 1260261056699
219.53719 -14.178014 56.056007 -0.7260816 15.539612 -3.8666465 1260261056703
210.01033 -20.919113 54.303207 -0.7260816 15.539612 -3.8666465 1260261056709
210.01033 -20.919113 54.303207 -3.7984266 13.972541 -5.284962 1260261056715
217.20981 -28.073156 52.638046 -3.7984266 13.972541 -5.284962 1260261056721
217.20981 -28.073156 52.638046 11.827578 5.7447243 -5.3445725 1260261056724
222.29932 -35.2695 51.306145 11.827578 5.7447243 -5.3445725 1260261056729
222.29932 -35.2695 51.306145 15.728111 -4.0327444 -18.570486 1260261056735
225.18436 -42.506027 50.040836 15.728111 -4.0327444 -18.570486 1260261056739
225.18436 -42.506027 50.040836 7.242219 -9.892454 -18.125889 1260261056745
226.62514 -31.780725 49.188793 7.242219 -9.892454 -18.125889 1260261056757
226.62514 -31.780725 49.188793 3.5487442 0.58150816 -13.977594 1260261056761
226.79388 -22.041689 48.67935 3.5487442 0.58150816 -13.977594 1260261056767
226.79388 -22.041689 48.67935 4.1347675 -6.842167 -15.649525 1260261056769
224.9542 -13.489604 48.345383 4.1347675 -6.842167 -15.649525 1260261056778
224.9542 -13.489604 48.345383 4.725425 -3.1074672 -13.178338 1260261056782
221.40648 -6.1651235 47.928112 4.725425 -3.1074672 -13.178338 1260261056785
221.40648 -6.1651235 47.928112 5.948577 -15.782573 -11.463301 1260261056793
216.73616 -3.1568673 47.281708 5.948577 -15.782573 -11.463301 1260261056799
216.73616 -3.1568673 47.281708 9.642101 -16.031012 11.733755 1260261056803
211.59935 -0.4990239 46.317623 9.642101 -16.031012 11.733755 1260261056806
211.59935 -0.4990239 46.317623 15.939585 -9.720354 2.2295442 1260261056814
206.36938 1.4759274 45.10174 15.939585 -9.720354 2.2295442 1260261056819
206.36938 1.4759274 45.10174 15.42448 -20.733932 12.513407 1260261056828
201.25092 2.702131 43.596653 15.42448 -20.733932 12.513407 1260261056836
201.25092 2.702131 43.596653 0.54959846 -11.388217 5.974948 1260261056839
196.28838 3.3170245 41.76682 0.54959846 -11.388217 5.974948 1260261056843
196.28838 3.3170245 41.76682 -6.0760274 -2.1305113 20.427113 1260261056848
191.47395 3.3511732 39.57848 -6.0760274 -2.1305113 20.427113 1260261056858
191.47395 3.3511732 39.57848 8.9012785 1.0854617 16.613186 1260261056862
186.85025 2.7336144 37.049557 8.9012785 1.0854617 16.613186 1260261056865
186.85025 2.7336144 37.049557 -8.406259 -2.008584 4.9447656 1260261056876
182.50774 1.4969337 34.14708 -8.406259 -2.008584 4.9447656 1260261056884
182.50774 1.4969337 34.14708 -0.2711234 -5.333046 9.375066 1260261056887
178.53235 -0.27791303 30.989725 -0.2711234 -5.333046 9.375066 1260261056896
178.53235 -0.27791303 30.989725 -9.554089 8.926743 16.221947 1260261056904
175.05573 -2.3140173 27.64024 -9.554089 8.926743 16.221947 1260261056913
175.05573 -2.3140173 27.64024 -0.7998781 14.488935 10.681407 1260261056920
172.20294 -4.2483163 24.108227 -0.7998781 14.488935 10.681407 1260261056939
172.20294 -4.2483163 24.108227 -15.810438 -1.5992203 0.9900782 1260261056943
170.14279 -5.9359 20.402815 -15.810438 -1.5992203 0.9900782 1260261056954
170.14279 -5.9359 20.402815 2.0893764 2.902726 1.6734563 1260261056963
168.93565 -7.239105 16.482674 2.0893764 2.902726 1.6734563 1260261056976
168.93565 -7.239105 16.482674 -14.291899 12.717718 -3.8900898 1260261056980
169.43887 -14.92715 12.20854 -14.291899 12.717718 -3.8900898 1260261056994
169.43887 -14.92715 12.20854 -10.092732 9.213263 -7.623652 1260261057001
173.66693 -5.2307925 8.1981125 -10.092732 9.213263 -7.623652 1260261057024
173.66693 -5.2307925 8.1981125 3.8317585 -8.648595 -3.8311334 1260261057028
181.43358 2.8307474 5.4382067 3.8317585 -8.648595 -3.8311334 1260261057036
181.43358 2.8307474 5.4382067 -11.2390175 -5.2039585 -9.162222 1260261057039
173.5619 9.53921 3.9162962 -11.2390175 -5.2039585 -9.162222 1260261057057
173.5619 9.53921 3.9162962 -9.170601 -2.6129842 3.6614306 1260261057061
168.03381 15.36225 3.3704815 -9.170601 -2.6129842 3.6614306 1260261057077
168.03381 15.36225 3.3704815 -2.9454541 -8.414911 5.30221 1260261057081
164.03212 20.944138 3.5019574 -2.9454541 -8.414911 5.30221 1260261057094
164.03212 20.944138 3.5019574 -2.57031 -14.833217 -0.07141304 1260261057103
161.43051 26.64693 4.0768595 -2.57031 -14.833217 -0.07141304 1260261057115
161.43051 26.64693 4.0768595 -5.2987576 -16.948605 -6.948613 1260261057119
159.90898 32.364586 4.8730164 -5.2987576 -16.948605 -6.948613 1260261057137
159.90898 32.364586 4.8730164 -5.437918 -15.836384 -7.9534144 1260261057140
159.46353 37.996357 5.8293657 -5.437918 -15.836384 -7.9534144 1260261057159
159.46353 37.996357 5.8293657 1.601274 -11.233189 -2.0795116 1260261057162
159.44035 43.29654 6.8378973 1.601274 -11.233189 -2.0795116 1260261057174
159.44035 43.29654 6.8378973 11.944578 -2.9196882 -4.3263845 1260261057177
158.81833 48.181713 7.7960024 11.944578 -2.9196882 -4.3263845 1260261057196
158.81833 48.181713 7.7960024 16.893354 -1.7855883 -10.616542 1260261057199
158.32741 52.622627 8.656202 16.893354 -1.7855883 -10.616542 1260261057221
158.32741 52.622627 8.656202 13.826576 -18.32329 -5.2968974 1260261057224
159.26103 56.891495 9.273393 13.826576 -18.32329 -5.2968974 1260261057423
159.26103 56.891495 9.273393 7.988442 -15.348287 -20.606113 1260261057427
162.04797 61.09692 9.809723 7.988442 -15.348287 -20.606113 1260261057430
162.04797 61.09692 9.809723 2.9803705 -2.6172676 -12.463096 1260261057433
165.54558 65.292076 10.269237 2.9803705 -2.6172676 -12.463096 1260261057436
165.54558 65.292076 10.269237 -0.32573557 -18.349194 -10.96228 1260261057439
169.6683 69.427475 10.7557745 -0.32573557 -18.349194 -10.96228 1260261057453
169.6683 69.427475 10.7557745 -1.9602852 -14.848389 -19.59446 1260261057456
173.9849 73.4561 11.267986 -1.9602852 -14.848389 -19.59446 1260261057466
173.9849 73.4561 11.267986 -1.2119322 -2.268134 -19.05819 1260261057469
178.38565 77.4333 11.804587 -1.2119322 -2.268134 -19.05819 1260261057473
178.38565 77.4333 11.804587 2.0482779 -19.522705 -21.93055 1260261057478
182.36636 81.21163 12.2643585 2.0482779 -19.522705 -21.93055 1260261057486
182.36636 81.21163 12.2643585 5.3526216 -5.9968476 -10.630285 1260261057490
185.89804 84.60105 12.751141 5.3526216 -5.9968476 -10.630285 1260261057493
185.89804 84.60105 12.751141 10.122493 -13.353224 -26.177155 1260261057505
189.75314 88.020996 13.363584 10.122493 -13.353224 -26.177155 1260261057511
189.75314 88.020996 13.363584 15.333066 -9.623596 -8.799755 1260261057514
192.91548 91.169945 13.895405 15.333066 -9.623596 -8.799755 1260261057518
192.91548 91.169945 13.895405 16.406889 -7.6295276 -15.634948 1260261057526
196.3697 94.21145 14.650635 16.406889 -7.6295276 -15.634948 1260261057533
196.3697 94.21145 14.650635 15.319187 -6.372487 -15.257399 1260261057536
199.80122 97.40088 15.318103 15.319187 -6.372487 -15.257399 1260261057547
199.80122 97.40088 15.318103 9.458748 -4.436434 -0.67451954 1260261057550
201.36116 99.93083 15.902198 9.458748 -4.436434 -0.67451954 1260261057553
201.36116 99.93083 15.902198 2.52144 0.33159924 -14.990812 1260261057556
202.9431 102.18429 16.757088 2.52144 0.33159924 -14.990812 1260261057559
202.9431 102.18429 16.757088 -4.260547 -14.20688 -4.4735107 1260261057563
203.99594 104.07507 17.669233 -4.260547 -14.20688 -4.4735107 1260261057574
203.99594 104.07507 17.669233 -5.371228 -0.32883096 -6.782627 1260261057578
205.04614 105.62132 18.735771 -5.371228 -0.32883096 -6.782627 1260261057584
205.04614 105.62132 18.735771 2.3060217 5.3218217 1.8361155 1260261057587
206.89383 107.190254 20.098982 2.3060217 5.3218217 1.8361155 1260261057591
206.89383 107.190254 20.098982 12.771462 -6.8956604 2.0482893 1260261057595
