283.60345 -58.02437 37.37165 2.3442078 17.083439 -0.9017165 1260255885463
283.60345 -58.02437 37.37165 2.8272593 16.879164 3.2237878 1260255885467
280.47327 -57.57315 37.35307 2.8272593 16.879164 3.2237878 1260255885470
280.47327 -57.57315 37.35307 1.9471343 15.061158 7.132388 1260255885475
276.8996 -57.394493 37.035416 1.9471343 15.061158 7.132388 1260255885508
276.8996 -57.394493 37.035416 -2.1008394 13.49188 7.28465 1260255885512
272.2546 -57.42477 36.333645 -2.1008394 13.49188 7.28465 1260255885520
272.2546 -57.42477 36.333645 -6.9790335 13.08595 3.608175 1260255885523
266.24188 -57.90353 35.116962 -6.9790335 13.08595 3.608175 1260255885528
266.24188 -57.90353 35.116962 -3.934309 15.279337 0.34513295 1260255885724
259.2298 -58.758354 33.311115 -3.934309 15.279337 0.34513295 1260255885730
259.2298 -58.758354 33.311115 9.234395 13.083622 3.2791238 1260255885734
251.56831 -59.720436 31.09556 9.234395 13.083622 3.2791238 1260255885744
251.56831 -59.720436 31.09556 -4.107687 4.8800554 -8.983874 1260255885749
243.5899 -62.434414 28.540783 -4.107687 4.8800554 -8.983874 1260255885762
243.5899 -62.434414 28.540783 -4.528123 1.38256 -9.983966 1260255885765
235.66042 -65.71269 25.963743 -4.528123 1.38256 -9.983966 1260255885769
235.66042 -65.71269 25.963743 4.4870405 8.070005 -9.761052 1260255885774
227.8274 -69.22706 23.565556 4.4870405 8.070005 -9.761052 1260255885781
227.8274 -69.22706 23.565556 -13.205023 7.4562044 -5.6990037 1260255885787
220.28603 -72.965706 21.387278 -13.205023 7.4562044 -5.6990037 1260255885790
220.28603 -72.965706 21.387278 1.3015952 0.9738951 -2.894248 1260255885793
212.87172 -76.66742 19.417913 1.3015952 0.9738951 -2.894248 1260255885802
212.87172 -76.66742 19.417913 0.18082571 18.238117 -10.213506 1260255885805
205.62813 -80.23405 17.597017 0.18082571 18.238117 -10.213506 1260255885811
205.62813 -80.23405 17.597017 -15.219095 0.89843273 -15.89876 1260255885814
198.49672 -83.67235 15.917167 -15.219095 0.89843273 -15.89876 1260255885822
198.49672 -83.67235 15.917167 -8.504936 21.206015 -15.85295 1260255885826
191.52188 -86.93873 14.4213085 -8.504936 21.206015 -15.85295 1260255885829
191.52188 -86.93873 14.4213085 2.7194557 5.239747 -23.475412 1260255885834
184.79579 -90.041794 13.000243 2.7194557 5.239747 -23.475412 1260255885843
184.79579 -90.041794 13.000243 -2.567791 23.15744 -27.399408 1260255885847
178.256 -92.98971 11.700231 -2.567791 23.15744 -27.399408 1260255885850
178.256 -92.98971 11.700231 -13.826677 5.371666 -21.187943 1260255885855
172.1432 -95.79022 10.4652195 -13.826677 5.371666 -21.187943 1260255885869
172.1432 -95.79022 10.4652195 -14.147057 23.307446 -21.919474 1260255885873
166.53604 -98.60071 9.291959 -14.147057 23.307446 -21.919474 1260255885881
166.53604 -98.60071 9.291959 -3.6191413 1.1778145 -15.311001 1260255885884
164.00925 -101.92067 7.8273606 -3.6191413 1.1778145 -15.311001 1260255885890
164.00925 -101.92067 7.8273606 4.988545 13.194657 -12.619943 1260255885894
166.10878 -90.17464 5.4859924 4.988545 13.194657 -12.619943 1260255885906
166.10878 -90.17464 5.4859924 -12.922127 1.027533 -6.7138414 1260255885909
165.90334 -82.965904 4.0116925 -12.922127 1.027533 -6.7138414 1260255885914
165.90334 -82.965904 4.0116925 -15.445337 -6.6300573 6.823664 1260255885920
165.55817 -76.51761 2.8111079 -15.445337 -6.6300573 6.823664 1260255885926
165.55817 -76.51761 2.8111079 -6.858081 -12.878858 14.166639 1260255885930
165.18025 -70.791725 1.7205524 -6.858081 -12.878858 14.166639 1260255885940
165.18025 -70.791725 1.7205524 -1.7780199 -11.7341795 24.630302 1260255885944
164.77124 -65.80214 0.6345248 -1.7780199 -11.7341795 24.630302 1260255885953
164.77124 -65.80214 0.6345248 -5.4954987 -13.979176 18.564812 1260255885960
164.38268 -61.51203 -0.49720144 -5.4954987 -13.979176 18.564812 1260255885963
164.38268 -61.51203 -0.49720144 -15.148331 -19.272383 26.342487 1260255885967
163.96355 -57.78643 -1.7223414 -15.148331 -19.272383 26.342487 1260255885973
163.96355 -57.78643 -1.7223414 -19.072102 4.276491 18.652935 1260255885979
163.56537 -54.597107 -3.4362245 -19.072102 4.276491 18.652935 1260255885987
163.56537 -54.597107 -3.4362245 -5.5988173 -10.609991 14.980614 1260255885991
162.9871 -52.51725 -7.0144134 -5.5988173 -10.609991 14.980614 1260255886001
162.9871 -52.51725 -7.0144134 -15.097864 9.534693 -3.352898 1260255886008
160.93774 -57.54139 -8.563693 -15.097864 9.534693 -3.352898 1260255886013
160.93774 -57.54139 -8.563693 -16.09633 14.690945 -12.669409 1260255886022
157.59085 -62.164318 -9.235508 -16.09633 14.690945 -12.669409 1260255886030
157.59085 -62.164318 -9.235508 -10.615295 5.26542 -25.524225 1260255886033
153.56131 -66.5061 -9.623733 -10.615295 5.26542 -25.524225 1260255886042
153.56131 -66.5061 -9.623733 -6.8345866 10.427931 -15.90034 1260255886046
149.08324 -70.580795 -9.8425455 -6.8345866 10.427931 -15.90034 1260255886063
149.08324 -70.580795 -9.8425455 -4.2506247 27.547781 -28.724636 1260255886067
144.57907 -74.45176 -9.950418 -4.2506247 27.547781 -28.724636 1260255886078
144.57907 -74.45176 -9.950418 -2.5330124 10.504303 -34.048355 1260255886082
140.15012 -78.17917 -10.002897 -2.5330124 10.504303 -34.048355 1260255886100
140.15012 -78.17917 -10.002897 -1.2234197 21.151058 -21.41364 1260255886104
136.0426 -81.82021 -10.002752 -1.2234197 21.151058 -21.41364 1260255886119
136.0426 -81.82021 -10.002752 -0.23032379 17.141901 -35.58787 1260255886126
132.29047 -85.3292 -9.952615 -0.23032379 17.141901 -35.58787 1260255886144
132.29047 -85.3292 -9.952615 0.5637927 7.670163 -15.899923 1260255886148
128.92595 -88.812744 -9.904984 0.5637927 7.670163 -15.899923 1260255886159
128.92595 -88.812744 -9.904984 1.9666054 14.215223 -20.267681 1260255886162
125.17965 -76.97211 -9.159736 1.9666054 14.215223 -20.267681 1260255886182
125.17965 -76.97211 -9.159736 -2.2674632 7.852244 -3.035383 1260255886185
126.32066 -70.5235 -7.951749 -2.2674632 7.852244 -3.035383 1260255886203
126.32066 -70.5235 -7.951749 -6.0348454 -1.6337357 7.7996745 1260255886207
127.60463 -64.89732 -6.7541614 -6.0348454 -1.6337357 7.7996745 1260255886218
127.60463 -64.89732 -6.7541614 2.186298 -8.005236 12.920332 1260255886228
128.9244 -59.802456 -5.616453 2.186298 -8.005236 12.920332 1260255886239
128.9244 -59.802456 -5.616453 13.9058485 -17.618692 13.118153 1260255886242
130.37817 -55.512333 -4.4856305 13.9058485 -17.618692 13.118153 1260255886262
130.37817 -55.512333 -4.4856305 16.45464 -18.866508 18.940493 1260255886434
131.95926 -52.536716 -3.561349 16.45464 -18.866508 18.940493 1260255886448
131.95926 -52.536716 -3.561349 8.039114 6.1987567 22.344221 1260255886452
133.0613 -51.40988 -3.2832816 8.039114 6.1987567 22.344221 1260255886460
133.0613 -51.40988 -3.2832816 1.7925204 15.732699 7.537458 1260255886464
132.25822 -51.839386 -3.7191174 1.7925204 15.732699 7.537458 1260255886470
132.25822 -51.839386 -3.7191174 2.2993696 22.276192 6.672241 1260255886473
130.64531 -52.497417 -4.6331615 2.2993696 22.276192 6.672241 1260255886481
130.64531 -52.497417 -4.6331615 3.408556 22.867283 3.5135787 1260255886484
129.31305 -52.872547 -5.9015036 3.408556 22.867283 3.5135787 1260255886488
129.31305 -52.872547 -5.9015036 -5.066702 20.288113 -7.185992 1260255886493
128.24739 -56.57892 -7.4064283 -5.066702 20.288113 -7.185992 1260255886501
128.24739 -56.57892 -7.4064283 -19.036425 14.080203 2.808982 1260255886505
127.43502 -60.449974 -9.136107 -19.036425 14.080203 2.808982 1260255886508
127.43502 -60.449974 -9.136107 -13.658882 4.964103 3.4743452 1260255886514
126.91327 -64.427475 -10.929302 -13.658882 4.964103 3.4743452 1260255886520
126.91327 -64.427475 -10.929302 -1.0360689 19.767075 -4.6284285 1260255886526
126.567604 -68.3561 -12.632837 -1.0360689 19.767075 -4.6284285 1260255886529
126.567604 -68.3561 -12.632837 -10.907016 1.9731517 1.8374147 1260255886533
126.38922 -72.18829 -14.251195 -10.907016 1.9731517 1.8374147 1260255886543
126.38922 -72.18829 -14.251195 -19.120777 8.351064 -4.308447 1260255886551
125.91976 -75.82888 -15.438635 -19.120777 8.351064 -4.308447 1260255886554
125.91976 -75.82888 -15.438635 -10.221398 11.0648 -15.149155 1260255886562
124.32378 -79.03744 -15.866703 -10.221398 11.0648 -15.149155 1260255886566
124.32378 -79.03744 -15.866703 -2.8774881 2.2412386 1.4478517 1260255886570
120.10759 -81.68556 -15.1733675 -2.8774881 2.2412386 1.4478517 1260255886575
120.10759 -81.68556 -15.1733675 -5.2926817 7.6136136 -15.161031 1260255886584
130.80222 -84.10128 -13.064699 -5.2926817 7.6136136 -15.161031 1260255886588
130.80222 -84.10128 -13.064699 -0.42081976 13.720669 -10.725044 1260255886591
133.7621 -80.79622 -9.1114645 -0.42081976 13.720669 -10.725044 1260255886602
133.7621 -80.79622 -9.1114645 4.7022552 -5.011301 -3.737095 1260255886610
134.724 -75.60641 -6.2558913 4.7022552 -5.011301 -3.737095 1260255886614
134.724 -75.60641 -6.2558913 10.578051 -3.2864425 17.048777 1260255886621
135.0878 -70.026085 -4.0930967 10.578051 -3.2864425 17.048777 1260255886625
135.0878 -70.026085 -4.0930967 19.88422 -3.997313 7.1372814 1260255886630
135.23341 -64.47478 -2.1884418 19.88422 -3.997313 7.1372814 1260255886635
135.23341 -64.47478 -2.1884418 4.2552986 -4.5813274 11.414237 1260255886647
135.47174 -59.301037 0.07098043 4.2552986 -4.5813274 11.414237 1260255886652
135.47174 -59.301037 0.07098043 12.885236 -7.422636 -2.397438 1260255886655
136.39815 -55.285984 3.4674315 12.885236 -7.422636 -2.397438 1260255886666
136.39815 -55.285984 3.4674315 7.5685773 -13.574423 -1.6850889 1260255886670
140.12823 -61.221684 6.24406 7.5685773 -13.574423 -1.6850889 1260255886683
140.12823 -61.221684 6.24406 7.6254344 -8.79812 -5.0844827 1260255886690
147.97182 -66.2106 7.031857 7.6254344 -8.79812 -5.0844827 1260255886700
147.97182 -66.2106 7.031857 11.478512 1.8518014 -17.956467 1260255886703
141.12323 -70.75007 6.930264 11.478512 1.8518014 -17.956467 1260255886719
141.12323 -70.75007 6.930264 7.4743505 16.535482 -16.233397 1260255886725
136.71707 -74.91257 6.4337506 7.4743505 16.535482 -16.233397 1260255886741
136.71707 -74.91257 6.4337506 0.23051977 4.687303 -10.540587 1260255886749
133.33122 -78.71694 5.7120633 0.23051977 4.687303 -10.540587 1260255886758
133.33122 -78.71694 5.7120633 -8.621013 10.204657 -29.622227 1260255886761
130.36465 -82.231094 4.9264603 -8.621013 10.204657 -29.622227 1260255886782
130.36465 -82.231094 4.9264603 -14.43877 18.849016 -20.711971 1260255886786
128.04642 -85.56954 4.030137 -14.43877 18.849016 -20.711971 1260255886799
128.04642 -85.56954 4.030137 -13.572029 7.2375426 -18.005793 1260255886806
126.09409 -88.79106 3.1286302 -13.572029 7.2375426 -18.005793 1260255886823
126.09409 -88.79106 3.1286302 -6.342636 20.338331 -28.581114 1260255886830
124.339386 -91.95151 2.2221987 -6.342636 20.338331 -28.581114 1260255886839
124.339386 -91.95151 2.2221987 1.3781128 4.272334 -16.474592 1260255886842
122.87241 -95.05393 1.3610888 1.3781128 4.272334 -16.474592 1260255886862
122.87241 -95.05393 1.3610888 3.8102722 16.810513 -17.247553 1260255886865
121.22879 -98.001236 0.5930343 3.8102722 16.810513 -17.247553 1260255886884
121.22879 -98.001236 0.5930343 0.91420555 2.4205637 -22.806026 1260255886888
119.51735 -100.85117 -0.086617425 0.91420555 2.4205637 -22.806026 1260255886899
119.51735 -100.85117 -0.086617425 -4.062192 9.213848 -3.7404404 1260255886903
117.841484 -103.658615 -0.63228655 -4.062192 9.213848 -3.7404404 1260255886921
117.841484 -103.658615 -0.63228655 -7.5759754 3.7732646 -16.117748 1260255886925
114.44941 -106.52569 -0.7506722 -7.5759754 3.7732646 -16.117748 1260255886939
114.44941 -106.52569 -0.7506722 -6.8210816 -1.8753226 4.2821093 1260255886946
115.92694 -99.6994 -0.013138621 -6.8210816 -1.8753226 4.2821093 1260255886966
115.92694 -99.6994 -0.013138621 1.0562155 -9.761821 10.769728 1260255886970
117.3306 -93.21443 0.63751835 1.0562155 -9.761821 10.769728 1260255886978
117.3306 -93.21443 0.63751835 8.393616 -14.356846 13.879105 1260255886981
118.714066 -87.05371 1.3056424 8.393616 -14.356846 13.879105 1260255887002
118.714066 -87.05371 1.3056424 13.230347 -15.642248 14.745286 1260255887005
120.128365 -81.401024 1.9403602 13.230347 -15.642248 14.745286 1260255887023
120.128365 -81.401024 1.9403602 13.34704 -10.284825 11.730595 1260255887027
