245.70143 -133.54916 28.21211 -5.026705 13.523065 3.1922283 1260261156978
245.70143 -133.54916 28.21211 1.6309216 16.319292 -2.7840016 1260261156982
237.71635 -134.0217 26.401505 1.6309216 16.319292 -2.7840016 1260261156986
237.71635 -134.0217 26.401505 8.048837 14.342806 -8.885405 1260261156994
230.43054 -135.27061 24.431429 8.048837 14.342806 -8.885405 1260261156997
230.43054 -135.27061 24.431429 -9.67377 3.7684536 -21.038155 1260261157004
223.60901 -136.75708 22.559858 -9.67377 3.7684536 -21.038155 1260261157007
223.60901 -136.75708 22.559858 -10.112968 -3.991763 -21.373013 1260261157015
216.32855 -138.16922 20.881865 -10.112968 -3.991763 -21.373013 1260261157018
216.32855 -138.16922 20.881865 3.5445113 6.309488 -29.308365 1260261157022
209.36212 -139.46075 19.237772 3.5445113 6.309488 -29.308365 1260261157025
209.36212 -139.46075 19.237772 -2.0653565 16.797901 -23.302143 1260261157033
203.89401 -140.73772 17.475883 -2.0653565 16.797901 -23.302143 1260261157039
203.89401 -140.73772 17.475883 -16.542969 12.546946 -25.572681 1260261157042
200.8493 -142.05083 15.402089 -16.542969 12.546946 -25.572681 1260261157046
200.8493 -142.05083 15.402089 -5.8613214 -1.279666 -11.824266 1260261157054
199.80684 -143.44829 12.731985 -5.8613214 -1.279666 -11.824266 1260261157060
199.80684 -143.44829 12.731985 -9.021878 -5.712535 -8.433002 1260261157065
199.7665 -144.92587 9.145386 -9.021878 -5.712535 -8.433002 1260261157069
199.7665 -144.92587 9.145386 -9.092661 5.537024 -15.453229 1260261157077
199.57817 -138.12958 4.6881166 -9.092661 5.537024 -15.453229 1260261157080
199.57817 -138.12958 4.6881166 -21.973705 0.95085514 0.5533338 1260261157085
198.64926 -131.9231 1.8537105 -21.973705 0.95085514 0.5533338 1260261157120
198.64926 -131.9231 1.8537105 -2.1668844 3.3898363 5.668808 1260261157125
197.2668 -126.07694 -0.08897502 -2.1668844 3.3898363 5.668808 1260261157133
197.2668 -126.07694 -0.08897502 -11.889667 8.648079 22.832348 1260261157137
195.70346 -120.4731 -1.5345263 -11.889667 8.648079 22.832348 1260261157143
195.70346 -120.4731 -1.5345263 -19.81813 13.685646 17.284317 1260261157146
194.21829 -115.049446 -2.8078 -19.81813 13.685646 17.284317 1260261157149
194.21829 -115.049446 -2.8078 -11.968645 13.046029 20.130615 1260261157157
193.05737 -109.59698 -4.2674103 -11.968645 13.046029 20.130615 1260261157160
193.05737 -109.59698 -4.2674103 1.0820765 4.939202 16.466824 1260261157167
193.15451 -103.86713 -6.50404 1.0820765 4.939202 16.466824 1260261157177
193.15451 -103.86713 -6.50404 -8.480283 -2.6847472 -3.9878826 1260261157180
196.54678 -90.47377 -7.978838 -8.480283 -2.6847472 -3.9878826 1260261157184
196.54678 -90.47377 -7.978838 -14.232048 3.640725 -4.84512 1260261157188
199.56944 -77.20008 -7.929896 -14.232048 3.640725 -4.84512 1260261157202
199.56944 -77.20008 -7.929896 -11.91017 8.259243 -16.024384 1260261157205
206.54097 -81.94008 -7.4834013 -11.91017 8.259243 -16.024384 1260261157214
206.54097 -81.94008 -7.4834013 -8.562695 6.0208387 -21.14005 1260261157217
211.71393 -85.893074 -6.859231 -8.562695 6.0208387 -21.14005 1260261157223
211.71393 -85.893074 -6.859231 -2.7911727 1.4685316 -33.338093 1260261157226
216.62823 -89.24842 -6.3162694 -2.7911727 1.4685316 -33.338093 1260261157229
216.62823 -89.24842 -6.3162694 2.0049145 24.654028 -26.674845 1260261157237
222.34682 -92.286 -6.000456 2.0049145 24.654028 -26.674845 1260261157241
222.34682 -92.286 -6.000456 2.8565652 7.5563726 -31.998495 1260261157244
212.67947 -95.271706 -6.000433 2.8565652 7.5563726 -31.998495 1260261157259
212.67947 -95.271706 -6.000433 -0.45296383 21.814014 -20.385567 1260261157263
207.0955 -98.45812 -6.5004115 -0.45296383 21.814014 -20.385567 1260261157268
207.0955 -98.45812 -6.5004115 -8.500057 -0.26864338 -24.899446 1260261157274
204.84073 -101.83521 -7.625391 -8.500057 -0.26864338 -24.899446 1260261157280
204.84073 -101.83521 -7.625391 -17.635555 13.512784 -13.743658 1260261157284
204.1987 -105.29345 -9.444121 -17.635555 13.512784 -13.743658 1260261157296
204.1987 -105.29345 -9.444121 -8.622811 -7.690172 -9.452827 1260261157300
203.98877 -108.62878 -12.071916 -8.622811 -7.690172 -9.452827 1260261157307
203.98877 -108.62878 -12.071916 -4.883634 11.008359 -6.9313974 1260261157315
203.48933 -111.79734 -15.51832 -4.883634 11.008359 -6.9313974 1260261157318
203.48933 -111.79734 -15.51832 -12.593838 -7.890138 -3.4189959 1260261157322
202.31487 -106.70747 -18.142405 -12.593838 -7.890138 -3.4189959 1260261157339
202.31487 -106.70747 -18.142405 -6.027742 1.21753 11.8752365 1260261157342
200.54912 -101.9721 -19.785284 -6.027742 1.21753 11.8752365 1260261157353
200.54912 -101.9721 -19.785284 -21.38707 13.449711 11.130407 1260261157357
198.57166 -97.573494 -20.89602 -21.38707 13.449711 11.130407 1260261157376
198.57166 -97.573494 -20.89602 -22.386898 3.1908326 18.740494 1260261157379
196.59308 -93.54482 -21.80122 -22.386898 3.1908326 18.740494 1260261157394
196.59308 -93.54482 -21.80122 -14.5851555 -0.46509933 7.31319 1260261157400
194.81343 -89.91758 -22.711159 -14.5851555 -0.46509933 7.31319 1260261157419
194.81343 -89.91758 -22.711159 -4.7202606 15.399156 14.229729 1260261157423
193.42276 -86.871704 -24.0256 -4.7202606 15.399156 14.229729 1260261157433
193.42276 -86.871704 -24.0256 -0.98681736 -2.5592303 7.681789 1260261157437
191.80162 -89.37812 -25.124321 -0.98681736 -2.5592303 7.681789 1260261157622
191.80162 -89.37812 -25.124321 -7.2997108 16.639051 -0.19493616 1260261157626
187.66154 -91.90922 -24.668104 -7.2997108 16.639051 -0.19493616 1260261157640
187.66154 -91.90922 -24.668104 0.6593888 1.5981698 -15.809731 1260261157644
179.67847 -94.863754 -23.284698 0.6593888 1.5981698 -15.809731 1260261157649
179.67847 -94.863754 -23.284698 10.4881525 15.72743 -20.01839 1260261157655
186.39455 -98.02057 -21.420464 10.4881525 15.72743 -20.01839 1260261157663
186.39455 -98.02057 -21.420464 1.121139 4.4457912 -17.695194 1260261157666
190.17482 -101.31954 -19.34944 1.121139 4.4457912 -17.695194 1260261157675
190.17482 -101.31954 -19.34944 5.967362 15.382635 -21.68229 1260261157680
191.91608 -104.75356 -17.131968 5.967362 15.382635 -21.68229 1260261157684
191.91608 -104.75356 -17.131968 22.674797 -3.2133074 -26.253096 1260261157687
192.32027 -108.265884 -14.775369 22.674797 -3.2133074 -26.253096 1260261157690
192.32027 -108.265884 -14.775369 5.381549 11.828154 -23.398607 1260261157696
191.60425 -93.95259 -12.2866 5.381549 11.828154 -23.398607 1260261157699
191.60425 -93.95259 -12.2866 14.528585 -3.4775558 -7.6188765 1260261157703
190.02403 -80.70496 -9.47227 14.528585 -3.4775558 -7.6188765 1260261157706
190.02403 -80.70496 -9.47227 9.9177685 -10.16247 -15.206458 1260261157709
187.97282 -68.36971 -6.098656 9.9177685 -10.16247 -15.206458 1260261157718
187.97282 -68.36971 -6.098656 8.594694 -8.526076 3.2112541 1260261157722
186.02419 -56.201225 -1.593723 8.594694 -8.526076 3.2112541 1260261157725
186.02419 -56.201225 -1.593723 -5.152886 -3.7454538 -0.4564042 1260261157728
