280.83334 -63.45128 26.160187 12.775684 -1.5687509 -0.323663 1260255869822
280.83334 -63.45128 26.160187 10.840277 11.396488 2.477281 1260255869825
283.99167 -66.67872 25.352177 10.840277 11.396488 2.477281 1260255869834
283.99167 -66.67872 25.352177 3.3454616 -0.8092866 -11.382849 1260255869838
270.84207 -69.99478 23.984568 3.3454616 -0.8092866 -11.382849 1260255869843
270.84207 -69.99478 23.984568 -9.264648 13.585451 -3.131476 1260255869849
259.59998 -73.195045 22.23534 -9.264648 13.585451 -3.131476 1260255869858
259.59998 -73.195045 22.23534 -4.180871 -0.78145313 -0.9443884 1260255869862
249.71997 -76.28529 20.323572 -4.180871 -0.78145313 -0.9443884 1260255869872
249.71997 -76.28529 20.323572 6.621461 15.646822 -6.784044 1260255869878
240.78397 -79.37103 18.307394 6.621461 15.646822 -6.784044 1260255869881
240.78397 -79.37103 18.307394 -9.456064 1.518117 -14.238614 1260255869884
232.54477 -82.50248 16.242023 -9.456064 1.518117 -14.238614 1260255869892
232.54477 -82.50248 16.242023 -10.709063 16.311636 -15.963411 1260255869895
225.06754 -85.67735 14.179922 -10.709063 16.311636 -15.963411 1260255869899
225.06754 -85.67735 14.179922 2.6948433 2.021039 -11.847033 1260255869904
218.01416 -88.79349 12.170926 2.6948433 2.021039 -11.847033 1260255869913
218.01416 -88.79349 12.170926 -12.138034 17.398804 -8.136135 1260255869917
211.26346 -91.80381 10.31238 -12.138034 17.398804 -8.136135 1260255869920
211.26346 -91.80381 10.31238 -17.03939 5.1864524 -11.698618 1260255869929
204.65028 -94.61362 8.596761 -17.03939 5.1864524 -11.698618 1260255869935
204.65028 -94.61362 8.596761 -2.8195972 16.458717 -24.699543 1260255869938
198.06776 -97.23293 7.016923 -2.8195972 16.458717 -24.699543 1260255869960
198.06776 -97.23293 7.016923 -3.584587 15.623919 -26.843513 1260255869963
191.71437 -99.67129 5.5660768 -3.584587 15.623919 -26.843513 1260255869972
191.71437 -99.67129 5.5660768 -15.988503 6.726748 -14.179448 1260255869975
185.77866 -101.987724 4.1877728 -15.988503 6.726748 -14.179448 1260255869990
185.77866 -101.987724 4.1877728 -16.654268 21.92656 -16.50798 1260255869995
180.93973 -104.33834 2.628384 -16.654268 21.92656 -16.50798 1260255869999
180.93973 -104.33834 2.628384 -1.6581106 1.1791873 -3.5010848 1260255870004
181.44275 -91.07143 -0.50303507 -1.6581106 1.1791873 -3.5010848 1260255870010
181.44275 -91.07143 -0.50303507 -9.423471 -1.4028196 -10.610254 1260255870016
180.77061 -83.86785 -1.1278833 -9.423471 -1.4028196 -10.610254 1260255870019
180.77061 -83.86785 -1.1278833 -12.123253 -3.808116 5.9646826 1260255870022
180.03209 -77.27446 -1.3714892 -12.123253 -3.808116 5.9646826 1260255870030
180.03209 -77.27446 -1.3714892 -12.112143 -9.967249 16.37386 1260255870033
179.33049 -71.260735 -1.5029147 -12.112143 -9.967249 16.37386 1260255870039
179.33049 -71.260735 -1.5029147 -12.229092 -13.322772 22.752283 1260255870042
178.61397 -65.997696 -1.677769 -12.229092 -13.322772 22.752283 1260255870054
178.61397 -65.997696 -1.677769 -12.468052 -17.971321 27.38778 1260255870059
177.93327 -61.39781 -1.9938805 -12.468052 -17.971321 27.38778 1260255870064
177.93327 -61.39781 -1.9938805 -12.599778 -21.626308 23.927227 1260255870071
177.18661 -57.42792 -2.5441866 -12.599778 -21.626308 23.927227 1260255870076
177.18661 -57.42792 -2.5441866 -10.497544 0.8609872 15.167927 1260255870080
176.42729 -54.006527 -3.6169772 -10.497544 0.8609872 15.167927 1260255870085
176.42729 -54.006527 -3.6169772 -1.9299154 -8.416575 21.032402 1260255870091
175.90593 -51.2062 -6.3861284 -1.9299154 -8.416575 21.032402 1260255870099
175.90593 -51.2062 -6.3861284 -9.342714 7.536843 10.742344 1260255870102
175.41063 -57.14589 -9.266822 -9.342714 7.536843 10.742344 1260255870105
175.41063 -57.14589 -9.266822 -12.301616 7.6357756 -12.865213 1260255870117
174.0901 -62.488594 -10.803481 -12.301616 7.6357756 -12.865213 1260255870122
174.0901 -62.488594 -10.803481 -3.3332043 2.1362526 -16.335583 1260255870125
171.7356 -67.36417 -11.813307 -3.3332043 2.1362526 -16.335583 1260255870136
171.7356 -67.36417 -11.813307 -7.7900524 -0.0119485855 -23.222984 1260255870140
168.59882 -71.79596 -12.522641 -7.7900524 -0.0119485855 -23.222984 1260255870156
168.59882 -71.79596 -12.522641 -14.676554 18.344685 -35.73829 1260255870159
164.76888 -75.80616 -13.046509 -14.676554 18.344685 -35.73829 1260255870168
164.76888 -75.80616 -13.046509 -18.909725 21.349102 -21.114386 1260255870171
160.73044 -79.46585 -13.444183 -18.909725 21.349102 -21.114386 1260255870191
160.73044 -79.46585 -13.444183 -20.601479 10.99074 -32.85573 1260255870194
156.94391 -83.04256 -13.721974 -20.601479 10.99074 -32.85573 1260255870209
156.94391 -83.04256 -13.721974 -20.38123 26.44741 -27.235235 1260255870216
153.59671 -86.64043 -13.935876 -20.38123 26.44741 -27.235235 1260255870233
153.59671 -86.64043 -13.935876 -18.768625 3.177082 -24.678432 1260255870240
151.21687 -90.40841 -14.089082 -18.768625 3.177082 -24.678432 1260255870249
151.21687 -90.40841 -14.089082 -15.9178295 12.87529 -19.197895 1260255870252
158.35603 -77.48799 -13.984628 -15.9178295 12.87529 -19.197895 1260255870272
158.35603 -77.48799 -13.984628 -11.74288 6.439339 -10.1910925 1260255870275
156.58823 -69.91359 -12.585397 -11.74288 6.439339 -10.1910925 1260255870294
156.58823 -69.91359 -12.585397 2.7555501 -4.570726 8.1306 1260255870298
155.90881 -63.71791 -11.006127 2.7555501 -4.570726 8.1306 1260255870309
155.90881 -63.71791 -11.006127 17.304266 -10.905504 11.45202 1260255870312
155.51337 -58.332016 -9.455821 17.304266 -10.905504 11.45202 1260255870332
155.51337 -58.332016 -9.455821 10.287889 -10.551416 20.222288 1260255870335
155.3877 -53.715416 -7.93303 10.287889 -10.551416 20.222288 1260255870516
155.3877 -53.715416 -7.93303 0.15983582 -18.474041 21.508402 1260255870520
155.51831 -50.129646 -6.5863786 0.15983582 -18.474041 21.508402 1260255870529
155.51831 -50.129646 -6.5863786 4.306425 -7.905732 28.675842 1260255870533
155.6924 -48.073162 -5.7570596 4.306425 -7.905732 28.675842 1260255870539
155.6924 -48.073162 -5.7570596 7.808944 -5.4066963 10.497284 1260255870542
154.95778 -47.869503 -5.7692065 7.808944 -5.4066963 10.497284 1260255870551
154.95778 -47.869503 -5.7692065 3.251789 3.1989713 3.863999 1260255870554
152.80989 -48.576027 -6.430746 3.251789 3.1989713 3.863999 1260255870560
152.80989 -48.576027 -6.430746 -6.80727 4.8018227 4.246132 1260255870563
150.3694 -49.197224 -7.5092087 -6.80727 4.8018227 4.246132 1260255870572
150.3694 -49.197224 -7.5092087 -17.831352 7.619855 3.434087 1260255870575
148.25093 -53.03736 -8.933748 -17.831352 7.619855 3.434087 1260255870579
148.25093 -53.03736 -8.933748 -15.925924 18.986692 7.499733 1260255870584
146.73839 -57.185493 -10.737061 -15.925924 18.986692 7.499733 1260255870590
146.73839 -57.185493 -10.737061 -3.9280663 18.94393 -4.04367 1260255870596
145.90147 -61.62622 -12.9002075 -3.9280663 18.94393 -4.04367 1260255870599
145.90147 -61.62622 -12.9002075 -18.207174 1.0750418 0.13285708 1260255870602
145.6064 -66.24491 -15.255198 -18.207174 1.0750418 0.13285708 1260255870613
145.6064 -66.24491 -15.255198 -19.827868 5.367337 4.390109 1260255870622
145.67609 -70.832664 -17.542439 -19.827868 5.367337 4.390109 1260255870625
145.67609 -70.832664 -17.542439 -5.643676 16.164215 -5.8490686 1260255870633
145.94228 -75.341034 -19.315317 -5.643676 16.164215 -5.8490686 1260255870637
145.94228 -75.341034 -19.315317 -17.68105 4.765402 0.21545029 1260255870643
145.79517 -79.57398 -20.299551 -17.68105 4.765402 0.21545029 1260255870649
145.79517 -79.57398 -20.299551 -19.439888 -3.1514 -11.581766 1260255870654
143.45541 -83.34528 -20.184574 -19.439888 -3.1514 -11.581766 1260255870658
143.45541 -83.34528 -20.184574 -14.118919 16.172762 -13.206586 1260255870663
136.33264 -86.62802 -18.775345 -14.118919 16.172762 -13.206586 1260255870672
136.33264 -86.62802 -18.775345 2.8513753 -1.5372658 -10.889059 1260255870680
143.266 -89.94662 -15.786577 2.8513753 -1.5372658 -10.889059 1260255870684
143.266 -89.94662 -15.786577 9.704572 15.180244 -4.512081 1260255870691
145.45271 -76.649284 -10.947248 9.704572 15.180244 -4.512081 1260255870695
145.45271 -76.649284 -10.947248 24.33509 8.322657 -2.1237502 1260255870700
145.93008 -71.51682 -7.449886 24.33509 8.322657 -2.1237502 1260255870714
145.93008 -71.51682 -7.449886 9.717286 -2.968471 2.8200715 1260255870718
145.83359 -66.24098 -4.8273916 9.717286 -2.968471 2.8200715 1260255870724
145.83359 -66.24098 -4.8273916 29.729937 -18.580978 11.282739 1260255870732
145.5919 -61.22893 -2.5360222 29.729937 -18.580978 11.282739 1260255870738
145.5919 -61.22893 -2.5360222 13.312956 -26.05764 15.13222 1260255870741
145.46231 -56.767487 -0.259221 13.312956 -26.05764 15.13222 1260255870758
145.46231 -56.767487 -0.259221 13.464657 -8.97323 22.594643 1260255870761
145.5392 -52.92911 2.2037401 13.464657 -8.97323 22.594643 1260255870770
145.5392 -52.92911 2.2037401 19.097565 -0.43646097 13.482918 1260255870773
146.41225 -49.982655 5.9435534 19.097565 -0.43646097 13.482918 1260255870789
146.41225 -49.982655 5.9435534 2.7009401 -3.3886852 10.112537 1260255870797
156.59163 -55.583523 5.9963756 2.7009401 -3.3886852 10.112537 1260255870809
156.59163 -55.583523 5.9963756 -1.9687581 -6.041077 -0.83242035 1260255870816
154.51205 -60.75435 4.8465567 -1.9687581 -6.041077 -0.83242035 1260255870829
154.51205 -60.75435 4.8465567 -13.757171 -3.7742372 -12.649329 1260255870839
153.43645 -65.56663 3.3042288 -13.757171 -3.7742372 -12.649329 1260255870854
153.43645 -65.56663 3.3042288 -10.140395 11.437047 -6.9590645 1260255870862
152.71463 -70.0383 1.5890173 -10.140395 11.437047 -6.9590645 1260255870873
152.71463 -70.0383 1.5890173 -2.7187262 18.15406 -18.61776 1260255870877
151.8789 -74.23638 -0.040433664 -2.7187262 18.15406 -18.61776 1260255870895
151.8789 -74.23638 -0.040433664 -15.664552 4.015568 -17.50378 1260255870899
150.83496 -78.17456 -1.538412 -15.664552 4.015568 -17.50378 1260255870909
150.83496 -78.17456 -1.538412 -26.493408 18.510069 -24.418015 1260255870912
149.59322 -81.91583 -2.9614913 -26.493408 18.510069 -24.418015 1260255870931
149.59322 -81.91583 -2.9614913 -18.889864 18.048729 -34.752487 1260255870935
148.41356 -85.47004 -4.263417 -18.889864 18.048729 -34.752487 1260255870949
148.41356 -85.47004 -4.263417 -7.5973816 9.047452 -21.653994 1260255870956
147.44289 -88.94654 -5.550246 -7.5973816 9.047452 -21.653994 1260255870969
147.44289 -88.94654 -5.550246 -8.384761 20.557621 -18.496403 1260255870978
147.17075 -92.499214 -6.8727336 -8.384761 20.557621 -18.496403 1260255870992
147.17075 -92.499214 -6.8727336 -18.510572 -1.1056004 -20.76771 1260255870995
147.91222 -96.274254 -8.129097 -18.510572 -1.1056004 -20.76771 1260255871012
147.91222 -96.274254 -8.129097 -19.851027 12.995104 -15.050256 1260255871015
151.3166 -82.66054 -9.572642 -19.851027 12.995104 -15.050256 1260255871034
151.3166 -82.66054 -9.572642 -6.278941 7.3168945 -15.676008 1260255871038
158.15077 -71.97751 -11.04401 -6.278941 7.3168945 -15.676008 1260255871049
158.15077 -71.97751 -11.04401 5.143968 -2.8979433 -1.8862588 1260255871052
156.89323 -65.77863 -10.74181 5.143968 -2.8979433 -1.8862588 1260255871072
156.89323 -65.77863 -10.74181 8.519102 -7.242143 9.496328 1260255871075
155.89857 -60.5397 -9.70472 8.519102 -7.242143 9.496328 1260255871089
155.89857 -60.5397 -9.70472 5.64973 -18.187096 19.132109 1260255871093
