100.19006 31.245758 11.204716 -5.597001 -16.769543 3.3804054 1260255670867
100.19006 31.245758 11.204716 -6.767041 -4.129033 1.1063459 1260255670872
103.63056 36.68347 11.64448 -6.767041 -4.129033 1.1063459 1260255670893
103.63056 36.68347 11.64448 -5.206621 3.5202346 -2.0542383 1260255670902
107.89903 42.799297 11.812256 -5.206621 3.5202346 -2.0542383 1260255670911
107.89903 42.799297 11.812256 -3.6176894 4.86361 -8.01809 1260255670914
112.804085 49.009335 11.871643 -3.6176894 4.86361 -8.01809 1260255670924
112.804085 49.009335 11.871643 -2.3510664 5.273628 -14.137022 1260255670931
118.113884 55.05887 11.878061 -2.3510664 5.273628 -14.137022 1260255671106
118.113884 55.05887 11.878061 -1.757803 5.9950347 -19.818146 1260255671109
123.90819 60.905926 11.884158 -1.757803 5.9950347 -19.818146 1260255671120
123.90819 60.905926 11.884158 -1.2212095 6.0013275 -25.350021 1260255671124
129.81277 66.56063 11.839951 -1.2212095 6.0013275 -25.350021 1260255671133
129.81277 66.56063 11.839951 -2.0416632 2.8960092 -28.586163 1260255671141
135.17213 71.9326 11.697953 -2.0416632 2.8960092 -28.586163 1260255671144
135.17213 71.9326 11.697953 -4.3885946 -5.108779 -25.669456 1260255671148
135.51353 76.73597 11.213056 -4.3885946 -5.108779 -25.669456 1260255671153
135.51353 76.73597 11.213056 -9.051578 -12.667751 -13.921979 1260255671162
132.88786 79.599174 9.902403 -9.051578 -12.667751 -13.921979 1260255671165
132.88786 79.599174 9.902403 -7.3786707 0.5917239 -2.8774023 1260255671169
129.64346 78.86922 8.257283 -7.3786707 0.5917239 -2.8774023 1260255671174
129.64346 78.86922 8.257283 2.6258059 -11.44457 5.7776957 1260255671179
126.31129 77.625755 6.794419 2.6258059 -11.44457 5.7776957 1260255671185
126.31129 77.625755 6.794419 -4.6033564 -28.655113 6.7404337 1260255671188
122.99572 76.194466 5.554698 -4.6033564 -28.655113 6.7404337 1260255671191
122.99572 76.194466 5.554698 -17.284344 -32.77408 24.618744 1260255671199
119.79594 74.684746 4.476963 -17.284344 -32.77408 24.618744 1260255671202
119.79594 74.684746 4.476963 -19.962854 -20.2821 22.066385 1260255671208
116.70614 73.10051 3.503115 -19.962854 -20.2821 22.066385 1260255671211
116.70614 73.10051 3.503115 -12.319471 -16.226763 29.941021 1260255671214
113.77083 71.54549 2.6779592 -12.319471 -16.226763 29.941021 1260255671225
113.77083 71.54549 2.6779592 -2.332262 -26.105116 27.180323 1260255671229
111.03229 70.11821 1.9440612 -2.332262 -26.105116 27.180323 1260255671242
111.03229 70.11821 1.9440612 4.2763453 -23.967428 14.273293 1260255671245
108.480675 68.8623 1.2468581 4.2763453 -23.967428 14.273293 1260255671249
108.480675 68.8623 1.2468581 5.926069 -9.562567 14.338772 1260255671254
106.30664 68.16918 0.6345152 5.926069 -9.562567 14.338772 1260255671261
106.30664 68.16918 0.6345152 3.5347161 -2.1176534 11.155273 1260255671267
104.89131 68.610725 0.20278946 3.5347161 -2.1176534 11.155273 1260255671270
104.89131 68.610725 0.20278946 0.8023937 -3.7636776 9.902389 1260255671273
105.24674 71.08019 0.19264998 0.8023937 -3.7636776 9.902389 1260255671283
105.24674 71.08019 0.19264998 1.9035538 -15.85796 -7.3595276 1260255671292
107.53441 74.87618 0.53301746 1.9035538 -15.85796 -7.3595276 1260255671294
107.53441 74.87618 0.53301746 6.382614 -0.9018736 -1.6595383 1260255671303
111.35769 79.18237 1.0063666 6.382614 -0.9018736 -1.6595383 1260255671306
111.35769 79.18237 1.0063666 11.099372 0.6832409 -19.138374 1260255671310
116.689804 83.62325 1.5560483 11.099372 0.6832409 -19.138374 1260255671320
116.689804 83.62325 1.5560483 14.375371 -13.723148 -20.428444 1260255671328
123.205315 88.04209 2.1782458 14.375371 -13.723148 -20.428444 1260255671332
123.205315 88.04209 2.1782458 14.039797 -4.3272424 -30.229637 1260255671339
130.74506 92.389984 2.7193334 14.039797 -4.3272424 -30.229637 1260255671349
130.74506 92.389984 2.7193334 10.567646 7.1926613 -24.682981 1260255671352
138.7578 96.67049 3.2333667 10.567646 7.1926613 -24.682981 1260255671363
138.7578 96.67049 3.2333667 5.203792 -7.529764 -19.488228 1260255671367
146.4199 100.73696 3.5216985 5.203792 -7.529764 -19.488228 1260255671378
146.4199 100.73696 3.5216985 0.3411579 -2.6991556 -33.193203 1260255671387
149.94891 104.500114 3.5456135 0.3411579 -2.6991556 -33.193203 1260255671399
149.94891 104.500114 3.5456135 -2.5041485 5.7173095 -14.060596 1260255671404
147.50146 107.475105 3.1183329 -2.5041485 5.7173095 -14.060596 1260255671420
147.50146 107.475105 3.1183329 -0.99790585 -9.952217 -21.163752 1260255671423
144.4764 107.90135 2.062416 -0.99790585 -9.952217 -21.163752 1260255671443
144.4764 107.90135 2.062416 5.0027475 -19.44992 -6.087269 1260255671447
140.55258 105.80628 1.3592952 5.0027475 -19.44992 -6.087269 1260255671459
140.55258 105.80628 1.3592952 5.4955215 -8.8738165 7.7446337 1260255671464
136.22495 103.31597 0.99133044 5.4955215 -8.8738165 7.7446337 1260255671479
136.22495 103.31597 0.99133044 5.1628637 -26.493824 10.185243 1260255671482
131.9637 100.850174 0.8417639 5.1628637 -26.493824 10.185243 1260255671501
131.9637 100.850174 0.8417639 6.3011236 -30.697458 26.57451 1260255671505
127.76551 98.357666 0.94967574 6.3011236 -30.697458 26.57451 1260255671517
127.76551 98.357666 0.94967574 9.699408 -17.96769 17.797848 1260255671527
123.92724 95.989784 1.202192 9.699408 -17.96769 17.797848 1260255671539
123.92724 95.989784 1.202192 12.1246 -32.130295 17.227434 1260255671544
120.48087 93.740295 1.5420823 12.1246 -32.130295 17.227434 1260255671559
120.48087 93.740295 1.5420823 12.833298 -12.562478 13.947969 1260255671562
117.45683 91.60328 1.9149783 12.833298 -12.562478 13.947969 1260255671583
117.45683 91.60328 1.9149783 11.445364 -6.3046584 11.609974 1260255671590
114.98399 89.77312 2.1692293 11.445364 -6.3046584 11.609974 1260255671599
114.98399 89.77312 2.1692293 8.88693 -15.258551 5.2363973 1260255671604
112.984795 88.73446 1.1107678 8.88693 -15.258551 5.2363973 1260255671618
112.984795 88.73446 1.1107678 8.045692 -8.973187 3.5326078 1260255671624
124.935555 92.997734 -1.9447706 8.045692 -8.973187 3.5326078 1260255671640
124.935555 92.997734 -1.9447706 -11.996546 8.932441 -2.7359366 1260255671643
136.18878 97.197845 -5.197532 -11.996546 8.932441 -2.7359366 1260255671660
136.18878 97.197845 -5.197532 3.3844647 -2.1787765 -6.7338758 1260255671663
129.57935 100.98795 -8.487656 3.3844647 -2.1787765 -6.7338758 1260255671843
129.57935 100.98795 -8.487656 -15.538419 -5.345751 -7.563555 1260255671847
123.55038 104.43855 -11.763273 -15.538419 -5.345751 -7.563555 1260255671851
123.55038 104.43855 -11.763273 -2.4013176 5.1322126 -7.0433702 1260255671859
117.67286 107.81663 -14.92511 -2.4013176 5.1322126 -7.0433702 1260255671863
117.67286 107.81663 -14.92511 -17.12725 -9.812227 -6.0954466 1260255671869
129.48921 111.12579 -17.728855 -17.12725 -9.812227 -6.0954466 1260255671873
129.48921 111.12579 -17.728855 -1.0643978 8.002023 -5.0002003 1260255671881
139.81476 114.4195 -19.742413 -1.0643978 8.002023 -5.0002003 1260255671884
139.81476 114.4195 -19.742413 -15.927685 -9.975368 -3.7177181 1260255671890
149.02402 117.64853 -20.705292 -15.927685 -9.975368 -3.7177181 1260255671893
149.02402 117.64853 -20.705292 -14.744027 9.468648 -6.2590747 1260255671899
143.47281 120.1661 -20.370028 -14.744027 9.468648 -6.2590747 1260255671903
143.47281 120.1661 -20.370028 -11.24497 -8.21121 -5.535468 1260255671907
143.99918 120.207794 -18.451527 -11.24497 -8.21121 -5.535468 1260255671912
143.99918 120.207794 -18.451527 6.1275835 -13.696953 3.0503366 1260255671915
140.59921 117.64741 -16.47895 6.1275835 -13.696953 3.0503366 1260255671926
140.59921 117.64741 -16.47895 11.786875 -3.4860725 2.2527566 1260255671930
136.01926 115.115036 -14.755003 11.786875 -3.4860725 2.2527566 1260255671933
136.01926 115.115036 -14.755003 -1.3824434 -28.764105 7.956027 1260255671944
131.5683 112.80928 -13.317253 -1.3824434 -28.764105 7.956027 1260255671950
131.5683 112.80928 -13.317253 0.028446198 -23.094597 14.496851 1260255671953
127.33988 110.668816 -12.051391 0.028446198 -23.094597 14.496851 1260255671962
127.33988 110.668816 -12.051391 10.874105 -20.121662 0.8495779 1260255671964
123.472885 108.78538 -10.898821 10.874105 -20.121662 0.8495779 1260255671969
123.472885 108.78538 -10.898821 14.657491 -33.17363 5.7626977 1260255671974
120.89924 107.39611 -9.953879 14.657491 -33.17363 5.7626977 1260255671986
120.89924 107.39611 -9.953879 7.9294825 -25.858076 -6.386319 1260255671990
120.75428 107.4763 -9.206185 7.9294825 -25.858076 -6.386319 1260255672000
120.75428 107.4763 -9.206185 -0.72229254 -21.40257 -12.611818 1260255672006
121.51656 108.75249 -8.745876 -0.72229254 -21.40257 -12.611818 1260255672009
121.51656 108.75249 -8.745876 -6.1265574 -19.42886 -6.7800875 1260255672012
122.04073 111.11486 -8.408583 -6.1265574 -19.42886 -6.7800875 1260255672022
122.04073 111.11486 -8.408583 -8.903139 2.9201589 -11.255646 1260255672025
121.9387 114.00912 -8.088154 -8.903139 2.9201589 -11.255646 1260255672033
121.9387 114.00912 -8.088154 -10.213543 -10.771557 -16.606367 1260255672041
120.89176 117.00866 -7.7837462 -10.213543 -10.771557 -16.606367 1260255672046
120.89176 117.00866 -7.7837462 -10.456856 5.2130327 -17.06983 1260255672050
120.597176 119.908226 -7.444559 -10.456856 5.2130327 -17.06983 1260255672066
120.597176 119.908226 -7.444559 -9.398648 -6.3785667 -14.77182 1260255672069
120.717316 122.66281 -7.122331 -9.398648 -6.3785667 -14.77182 1260255672078
120.717316 122.66281 -7.122331 -7.6460414 -0.2873888 -25.496674 1260255672082
119.83145 125.22967 -6.8662148 -7.6460414 -0.2873888 -25.496674 1260255672102
119.83145 125.22967 -6.8662148 -6.239905 2.023741 -11.863974 1260255672106
117.739876 127.568184 -6.822904 -6.239905 2.023741 -11.863974 1260255672122
117.739876 127.568184 -6.822904 -6.8204346 -11.901809 -20.732338 1260255672126
115.10288 129.58978 -7.031759 -6.8204346 -11.901809 -20.732338 1260255672139
115.10288 129.58978 -7.031759 -9.707162 3.46374 -20.513573 1260255672148
112.54774 130.9603 -7.680171 -9.707162 3.46374 -20.513573 1260255672160
112.54774 130.9603 -7.680171 -14.22878 2.8763819 -10.588085 1260255672163
110.27035 130.91228 -8.796163 -14.22878 2.8763819 -10.588085 1260255672181
110.27035 130.91228 -8.796163 -12.259554 -1.586235 -9.388569 1260255672184
107.50683 127.46667 -9.656355 -12.259554 -1.586235 -9.388569 1260255672203
107.50683 127.46667 -9.656355 -5.7186794 -25.50012 4.6599216 1260255672207
104.43149 124.09333 -10.173537 -5.7186794 -25.50012 4.6599216 1260255672218
104.43149 124.09333 -10.173537 -1.8960404 -11.692909 9.190716 1260255672222
101.25991 120.68867 -10.46486 -1.8960404 -11.692909 9.190716 1260255672239
101.25991 120.68867 -10.46486 0.04821396 -35.029305 13.653636 1260255672243
98.196915 117.30424 -10.591617 0.04821396 -35.029305 13.653636 1260255672262
98.196915 117.30424 -10.591617 1.7515783 -16.555141 19.149487 1260255672266
95.28707 113.98903 -10.662036 1.7515783 -16.555141 19.149487 1260255672279
95.28707 113.98903 -10.662036 3.5938554 -28.90072 14.342854 1260255672287
92.572716 110.689575 -10.678934 3.5938554 -28.90072 14.342854 1260255672299
92.572716 110.689575 -10.678934 4.845338 -10.162525 16.78536 1260255672302
90.19408 107.5051 -10.694987 4.845338 -10.162525 16.78536 1260255672321
90.19408 107.5051 -10.694987 5.9418883 -18.748692 9.082416 1260255672324
88.18437 104.52984 -10.660238 5.9418883 -18.748692 9.082416 1260255672337
88.18437 104.52984 -10.660238 6.870577 -2.3291035 10.596256 1260255672347
