290.18936 -4.918144 74.06956 3.3314934 -8.428453 2.0216103 1260261094052
290.18936 -4.918144 74.06956 3.0983133 -7.2097273 1.297291 1260261094056
290.9299 -12.872237 74.01608 3.0983133 -7.2097273 1.297291 1260261094065
290.9299 -12.872237 74.01608 1.7196283 6.3151984 1.2077591 1260261094071
293.3334 -19.978626 73.46528 1.7196283 6.3151984 1.2077591 1260261094074
293.3334 -19.978626 73.46528 0.3290329 13.435785 -2.9007921 1260261094078
279.81674 -26.179695 72.44202 0.3290329 13.435785 -2.9007921 1260261094085
279.81674 -26.179695 72.44202 5.426015 13.879513 -5.9076996 1260261094090
268.1759 -31.27071 70.61992 5.426015 13.879513 -5.9076996 1260261094119
268.1759 -31.27071 70.61992 14.3006735 4.7246513 -0.77780247 1260261094129
258.5671 -35.157173 67.88892 14.3006735 4.7246513 -0.77780247 1260261094133
258.5671 -35.157173 67.88892 -7.1805425 1.2658567 -3.9867275 1260261094136
250.78876 -38.199314 64.39448 -7.1805425 1.2658567 -3.9867275 1260261094144
250.78876 -38.199314 64.39448 9.5272665 11.823551 -0.58350736 1260261094147
244.39932 -39.839348 60.274754 9.5272665 11.823551 -0.58350736 1260261094155
244.39932 -39.839348 60.274754 -7.722871 15.431515 5.1148796 1260261094159
239.07936 -40.39738 55.661015 -7.722871 15.431515 5.1148796 1260261094169
239.07936 -40.39738 55.661015 -11.782253 10.34643 -2.9048805 1260261094175
234.5754 -39.677513 50.577965 -11.782253 10.34643 -2.9048805 1260261094178
234.5754 -39.677513 50.577965 -2.7759151 12.579266 0.6754272 1260261094187
230.99663 -37.793636 45.249065 -2.7759151 12.579266 0.6754272 1260261094200
230.99663 -37.793636 45.249065 2.240735 1.2927104 7.728673 1260261094208
233.8468 -34.953953 39.98661 2.240735 1.2927104 7.728673 1260261094214
233.8468 -34.953953 39.98661 -0.7696223 -6.794181 9.656715 1260261094218
238.35446 -31.556255 35.18728 -0.7696223 -6.794181 9.656715 1260261094226
238.35446 -31.556255 35.18728 -14.58408 -4.472416 -6.8070574 1260261094236
243.03674 -23.028442 31.127914 -14.58408 -4.472416 -6.8070574 1260261094246
243.03674 -23.028442 31.127914 -11.487061 -16.242565 -7.5162206 1260261094249
247.78491 -14.97702 27.821518 -11.487061 -16.242565 -7.5162206 1260261094264
247.78491 -14.97702 27.821518 -3.4761038 -2.351881 0.2822075 1260261094269
252.54567 -7.1281695 25.130442 -3.4761038 -2.351881 0.2822075 1260261094287
252.54567 -7.1281695 25.130442 -6.301516 -1.5640726 -2.8388934 1260261094294
257.1684 0.57823884 22.973919 -6.301516 -1.5640726 -2.8388934 1260261094303
257.1684 0.57823884 22.973919 -12.839365 -13.433056 -16.23872 1260261094306
261.61 8.299327 21.275223 -12.839365 -13.433056 -16.23872 1260261094322
261.61 8.299327 21.275223 3.1766355 -15.940329 -11.6747055 1260261094329
264.8295 15.984361 19.961462 3.1766355 -15.940329 -11.6747055 1260261094344
264.8295 15.984361 19.961462 6.852048 -3.7680867 -23.462595 1260261094350
265.18802 23.585144 18.863388 6.852048 -3.7680867 -23.462595 1260261094363
265.18802 23.585144 18.863388 -0.80425334 4.5535293 -23.431234 1260261094366
264.27863 31.055887 17.870218 -0.80425334 4.5535293 -23.431234 1260261094385
264.27863 31.055887 17.870218 -8.625589 -0.1022625 -22.31752 1260261094388
261.76468 38.353092 16.926708 -8.625589 -0.1022625 -22.31752 1260261094404
261.76468 38.353092 16.926708 -9.63479 -7.500932 -31.80233 1260261094410
250.37645 27.435438 15.980372 -9.63479 -7.500932 -31.80233 1260261094429
250.37645 27.435438 15.980372 -3.739963 -7.1404514 -22.540205 1260261094433
238.45763 17.113667 14.981354 -3.739963 -7.1404514 -22.540205 1260261094444
238.45763 17.113667 14.981354 4.5219545 10.197944 -26.826883 1260261094447
227.58475 7.257983 13.932286 4.5219545 10.197944 -26.826883 1260261094466
227.58475 7.257983 13.932286 6.952688 -8.069506 -25.535822 1260261094469
217.10551 15.795085 12.835672 6.952688 -8.069506 -25.535822 1260261094484
217.10551 15.795085 12.835672 -0.75685334 0.13083446 -34.10464 1260261094489
223.15024 23.855331 11.643888 -0.75685334 0.13083446 -34.10464 1260261094504
223.15024 23.855331 11.643888 -12.1565 8.032831 -20.408081 1260261094512
227.69272 31.412565 10.261694 -12.1565 8.032831 -20.408081 1260261094522
227.69272 31.412565 10.261694 -12.834396 -1.8058062 -25.359653 1260261094525
231.70808 38.441936 8.598609 -12.834396 -1.8058062 -25.359653 1260261094542
231.70808 38.441936 8.598609 0.72305155 -8.848554 -20.078512 1260261094545
235.32268 45.01984 6.5686784 0.72305155 -8.848554 -20.078512 1260261094562
235.32268 45.01984 6.5686784 -4.66311 -10.768427 -6.7427506 1260261094565
238.65654 51.21885 4.0902443 -4.66311 -10.768427 -6.7427506 1260261094582
238.65654 51.21885 4.0902443 -15.713757 -10.156254 -11.451439 1260261094585
241.9237 57.057907 1.2857319 -15.713757 -10.156254 -11.451439 1260261094602
241.9237 57.057907 1.2857319 1.9814172 -6.779821 -3.0554976 1260261094795
245.57751 62.455013 -1.9785547 1.9814172 -6.779821 -3.0554976 1260261094811
245.57751 62.455013 -1.9785547 -15.874794 1.6040506 -6.296736 1260261094814
233.49864 60.332264 -5.3796268 -15.874794 1.6040506 -6.296736 1260261094817
233.49864 60.332264 -5.3796268 2.2092328 3.8660612 -4.856981 1260261094823
224.9237 58.61565 -7.8606453 2.2092328 3.8660612 -4.856981 1260261094826
224.9237 58.61565 -7.8606453 -13.586239 -10.674839 1.7744938 1260261094830
217.87752 56.734867 -8.717613 -13.586239 -10.674839 1.7744938 1260261094833
217.87752 56.734867 -8.717613 -8.341825 -3.4895303 -3.3849733 1260261094836
211.23364 54.298122 -8.281733 -8.341825 -3.4895303 -3.3849733 1260261094839
211.23364 54.298122 -8.281733 -8.957891 6.8181586 8.34408 1260261094845
204.82196 51.633217 -7.267646 -8.957891 6.8181586 8.34408 1260261094848
204.82196 51.633217 -7.267646 -6.6104226 -9.74847 8.189745 1260261094851
198.58086 48.901554 -6.0542636 -6.6104226 -9.74847 8.189745 1260261094855
198.58086 48.901554 -6.0542636 5.0433016 10.095007 11.085999 1260261094858
192.50182 46.20648 -4.75155 5.0433016 10.095007 11.085999 1260261094865
192.50182 46.20648 -4.75155 13.606184 -6.732736 10.308918 1260261094868
186.72673 43.496155 -3.4639726 13.606184 -6.732736 10.308918 1260261094871
186.72673 43.496155 -3.4639726 7.5314956 6.226805 3.0866632 1260261094874
180.8904 40.821346 -2.0407739 7.5314956 6.226805 3.0866632 1260261094883
180.8904 40.821346 -2.0407739 -3.4936347 2.0031774 15.306295 1260261094886
