199.97687 -75.427864 17.64652 -2.8217251 -0.2946353 5.8017907 1260255849471
199.97687 -75.427864 17.64652 -9.321785 8.026791 2.7999392 1260255849480
190.02803 -77.10647 16.614195 -9.321785 8.026791 2.7999392 1260255849483
190.02803 -77.10647 16.614195 -8.082166 16.93998 -1.569082 1260255849490
181.22662 -79.30115 15.433485 -8.082166 16.93998 -1.569082 1260255849493
181.22662 -79.30115 15.433485 1.6210921 0.4715252 2.6882472 1260255849503
173.46529 -81.83609 14.111811 1.6210921 0.4715252 2.6882472 1260255849510
173.46529 -81.83609 14.111811 7.9036217 8.837584 -5.5022883 1260255849515
166.99202 -84.54429 12.55622 7.9036217 8.837584 -5.5022883 1260255849524
166.99202 -84.54429 12.55622 -3.3138757 10.45976 -16.694601 1260255849528
161.39243 -87.267075 10.928409 -3.3138757 10.45976 -16.694601 1260255849531
161.39243 -87.267075 10.928409 -14.177276 2.2588553 -9.18027 1260255849540
156.5228 -90.00372 9.281988 -14.177276 2.2588553 -9.18027 1260255849543
156.5228 -90.00372 9.281988 -4.2169933 17.952114 -5.822951 1260255849549
151.99666 -92.70354 7.6678886 -4.2169933 17.952114 -5.822951 1260255849552
151.99666 -92.70354 7.6678886 2.8614864 0.17354965 -12.114829 1260255849561
147.69682 -95.36836 6.1344943 2.8614864 0.17354965 -12.114829 1260255849563
147.69682 -95.36836 6.1344943 -9.0383415 19.828712 -9.96129 1260255849570
143.51198 -97.89995 4.6777697 -9.0383415 19.828712 -9.96129 1260255849573
143.51198 -97.89995 4.6777697 -18.211502 7.3602886 -15.258495 1260255849579
139.43639 -100.20495 3.2938812 -18.211502 7.3602886 -15.258495 1260255849584
139.43639 -100.20495 3.2938812 -10.448854 10.045833 -25.275597 1260255849588
135.56456 -102.3447 1.929187 -10.448854 10.045833 -25.275597 1260255849593
135.56456 -102.3447 1.929187 0.20152378 23.037222 -14.632166 1260255849600
131.93633 -104.277466 0.6327277 0.20152378 23.037222 -14.632166 1260255849632
131.93633 -104.277466 0.6327277 -2.7447615 7.352581 -20.31159 1260255849641
128.2895 -106.013596 -0.5989087 -2.7447615 7.352581 -20.31159 1260255849644
128.2895 -106.013596 -0.5989087 -12.825172 4.734105 -5.8185654 1260255849647
124.97503 -107.56291 -1.8189633 -12.825172 4.734105 -5.8185654 1260255849653
124.97503 -107.56291 -1.8189633 -15.37014 15.9874935 -9.894663 1260255849663
122.57628 -109.134766 -3.378015 -15.37014 15.9874935 -9.894663 1260255849667
122.57628 -109.134766 -3.378015 -2.0358555 12.442835 2.3796287 1260255849671
125.24747 -102.37803 -6.359114 -2.0358555 12.442835 2.3796287 1260255849678
125.24747 -102.37803 -6.359114 -3.5355592 8.066351 -2.3112829 1260255849682
127.88509 -94.55913 -6.6411586 -3.5355592 8.066351 -2.3112829 1260255849688
127.88509 -94.55913 -6.6411586 -5.735531 -6.0826178 14.880241 1260255849691
130.34084 -87.48117 -6.7091007 -5.735531 -6.0826178 14.880241 1260255849699
130.34084 -87.48117 -6.7091007 -6.895568 -19.183422 21.018206 1260255849702
132.57379 -81.10711 -6.873646 -6.895568 -19.183422 21.018206 1260255849710
132.57379 -81.10711 -6.873646 -9.841839 -21.804443 25.73976 1260255849713
134.6451 -75.55175 -7.1799636 -9.841839 -21.804443 25.73976 1260255849724
134.6451 -75.55175 -7.1799636 -14.085742 -12.489441 29.743942 1260255849727
136.56284 -70.77416 -7.670965 -14.085742 -12.489441 29.743942 1260255849731
136.56284 -70.77416 -7.670965 -17.604235 0.2956543 24.195848 1260255849739
138.2347 -66.58546 -8.387417 -17.604235 0.2956543 24.195848 1260255849744
138.2347 -66.58546 -8.387417 -16.951157 -10.57443 24.345833 1260255849748
139.67296 -63.056183 -9.418046 -16.951157 -10.57443 24.345833 1260255849751
139.67296 -63.056183 -9.418046 -8.524208 0.872486 5.360052 1260255849759
140.7393 -60.253372 -11.147143 -8.524208 0.872486 5.360052 1260255849762
140.7393 -60.253372 -11.147143 1.2294111 -3.705958 7.234248 1260255849768
141.00233 -58.390705 -13.689786 1.2294111 -3.705958 7.234248 1260255849773
141.00233 -58.390705 -13.689786 -17.566158 13.309883 1.2885343 1260255849785
140.35222 -62.97117 -15.755297 -17.566158 13.309883 1.2885343 1260255849791
140.35222 -62.97117 -15.755297 -8.593837 6.9588423 -12.608934 1260255849794
139.08461 -67.42261 -17.017532 -8.593837 6.9588423 -12.608934 1260255849802
139.08461 -67.42261 -17.017532 -0.03948021 -2.8220782 -8.396302 1260255849809
137.58038 -71.85148 -17.766655 -0.03948021 -2.8220782 -8.396302 1260255849820
137.58038 -71.85148 -17.766655 -1.558711 11.80342 -18.591478 1260255849826
135.85136 -76.158905 -18.228323 -1.558711 11.80342 -18.591478 1260255849831
135.85136 -76.158905 -18.228323 -5.396609 15.841041 -13.8408375 1260255849841
134.05879 -80.30096 -18.516907 -5.396609 15.841041 -13.8408375 1260255849850
134.05879 -80.30096 -18.516907 -8.717633 0.71483994 -22.273808 1260255849853
132.15585 -84.23591 -18.741062 -8.717633 0.71483994 -22.273808 1260255849863
132.15585 -84.23591 -18.741062 -11.415084 16.965078 -34.875046 1260255849866
129.99806 -87.92411 -18.904009 -11.415084 16.965078 -34.875046 1260255849879
129.99806 -87.92411 -18.904009 -13.118576 12.229428 -18.620968 1260255849886
127.79816 -91.3279 -19.008808 -13.118576 12.229428 -18.620968 1260255849902
127.79816 -91.3279 -19.008808 -13.7579155 11.233735 -37.40171 1260255850075
125.55825 -94.511505 -19.158367 -13.7579155 11.233735 -37.40171 1260255850085
125.55825 -94.511505 -19.158367 -14.569393 16.05242 -16.878666 1260255850094
123.63034 -97.43593 -19.30045 -14.569393 16.05242 -16.878666 1260255850103
123.63034 -97.43593 -19.30045 -14.935276 12.333422 -31.802158 1260255850107
121.998825 -100.16413 -19.485426 -14.935276 12.333422 -31.802158 1260255850113
121.998825 -100.16413 -19.485426 -14.823051 7.2043295 -11.054653 1260255850119
121.098885 -102.90592 -19.811155 -14.823051 7.2043295 -11.054653 1260255850124
121.098885 -102.90592 -19.811155 -14.683786 13.322563 -16.011187 1260255850128
126.79394 -89.960625 -20.820597 -14.683786 13.322563 -16.011187 1260255850131
126.79394 -89.960625 -20.820597 -12.199006 6.9114223 -1.6118978 1260255850140
128.10425 -82.362595 -19.379566 -12.199006 6.9114223 -1.6118978 1260255850143
128.10425 -82.362595 -19.379566 -3.2381501 -5.3652325 12.329832 1260255850149
129.54904 -75.544464 -17.710588 -3.2381501 -5.3652325 12.329832 1260255850152
129.54904 -75.544464 -17.710588 14.85247 -18.484896 17.446638 1260255850160
131.02159 -69.31724 -16.07506 14.85247 -18.484896 17.446638 1260255850163
131.02159 -69.31724 -16.07506 11.40347 -20.832382 9.236077 1260255850166
132.57051 -63.801376 -14.521307 11.40347 -20.832382 9.236077 1260255850170
132.57051 -63.801376 -14.521307 -2.0304456 -9.271086 16.827442 1260255850175
134.24199 -59.36131 -13.295241 -2.0304456 -9.271086 16.827442 1260255850186
134.24199 -59.36131 -13.295241 -3.3262897 -4.829246 10.134545 1260255850190
135.37988 -57.043243 -13.030479 -3.3262897 -4.829246 10.134545 1260255850201
135.37988 -57.043243 -13.030479 -6.239103 7.7570896 21.156536 1260255850207
134.96089 -56.54108 -13.478955 -6.239103 7.7570896 21.156536 1260255850210
134.96089 -56.54108 -13.478955 -13.895433 11.625524 15.188253 1260255850214
133.46284 -56.564026 -14.255008 -13.895433 11.625524 15.188253 1260255850221
133.46284 -56.564026 -14.255008 -19.184555 16.740088 3.9555972 1260255850225
131.6897 -56.585823 -15.192257 -19.184555 16.740088 3.9555972 1260255850231
131.6897 -56.585823 -15.192257 -16.587225 18.642546 -6.0951514 1260255850234
130.25522 -56.356533 -16.332644 -16.587225 18.642546 -6.0951514 1260255850244
130.25522 -56.356533 -16.332644 -7.453085 15.263041 -6.9040527 1260255850248
129.29247 -60.23871 -17.716011 -7.453085 15.263041 -6.9040527 1260255850259
129.29247 -60.23871 -17.716011 -5.1918135 9.314586 -3.6773896 1260255850265
128.82784 -64.27677 -19.38021 -5.1918135 9.314586 -3.6773896 1260255850268
128.82784 -64.27677 -19.38021 -19.356472 21.258896 0.16220224 1260255850272
128.68645 -68.36293 -21.2112 -19.356472 21.258896 0.16220224 1260255850282
128.68645 -68.36293 -21.2112 -21.125038 2.9344254 -6.640601 1260255850291
128.55212 -72.294785 -22.95064 -21.125038 2.9344254 -6.640601 1260255850294
128.55212 -72.294785 -22.95064 -5.5542707 8.601995 3.2505462 1260255850302
128.07452 -75.780045 -24.253107 -5.5542707 8.601995 3.2505462 1260255850311
128.07452 -75.780045 -24.253107 -4.4349494 13.335653 2.0650194 1260255850314
126.5208 -78.69104 -24.740452 -4.4349494 13.335653 2.0650194 1260255850327
126.5208 -78.69104 -24.740452 -4.984055 9.624233 -15.25843 1260255850334
122.99476 -81.10649 -24.153429 -4.984055 9.624233 -15.25843 1260255850341
122.99476 -81.10649 -24.153429 4.2941794 7.8964524 -4.6622744 1260255850350
117.24502 -83.451164 -22.595758 4.2941794 7.8964524 -4.6622744 1260255850359
117.24502 -83.451164 -22.595758 7.6137753 23.376846 -8.907705 1260255850363
126.53277 -86.5286 -19.965971 7.6137753 23.376846 -8.907705 1260255850382
126.53277 -86.5286 -19.965971 -1.5868368 -1.6069832 -8.670137 1260255850385
129.80614 -73.752174 -15.817673 -1.5868368 -1.6069832 -8.670137 1260255850400
129.80614 -73.752174 -15.817673 11.819451 -12.060483 -4.198212 1260255850409
131.01582 -67.86456 -12.726789 11.819451 -12.060483 -4.198212 1260255850419
131.01582 -67.86456 -12.726789 11.482923 -21.818617 3.6726542 1260255850424
131.71503 -61.871334 -10.34045 11.482923 -21.818617 3.6726542 1260255850440
131.71503 -61.871334 -10.34045 20.71046 -26.037094 1.903765 1260255850443
132.42928 -56.42777 -8.123427 20.71046 -26.037094 1.903765 1260255850463
132.42928 -56.42777 -8.123427 2.6757069 -17.00877 5.6778607 1260255850467
133.45781 -51.95638 -5.667256 2.6757069 -17.00877 5.6778607 1260255850479
133.45781 -51.95638 -5.667256 16.353603 0.8080797 7.4181256 1260255850484
134.63492 -48.50856 -3.083893 16.353603 0.8080797 7.4181256 1260255850499
134.63492 -48.50856 -3.083893 6.817086 -12.681697 8.116724 1260255850502
136.40317 -46.23313 0.120301545 6.817086 -12.681697 8.116724 1260255850521
136.40317 -46.23313 0.120301545 5.153255 7.8379045 -3.911425 1260255850525
130.33301 -51.071476 0.36428645 5.153255 7.8379045 -3.911425 1260255850539
130.33301 -51.071476 0.36428645 3.8320787 9.631511 2.9895883 1260255850549
128.51636 -55.967903 -0.60392785 3.8320787 9.631511 2.9895883 1260255850559
128.51636 -55.967903 -0.60392785 -9.011171 0.057617664 -1.5780959 1260255850564
127.34054 -60.51951 -1.7737315 -9.011171 0.057617664 -1.5780959 1260255850579
127.34054 -60.51951 -1.7737315 -16.300106 1.7490578 -10.747177 1260255850582
126.32351 -64.74353 -2.985045 -16.300106 1.7490578 -10.747177 1260255850603
126.32351 -64.74353 -2.985045 -10.708023 21.371843 -11.351147 1260255850607
125.50733 -68.756355 -4.2357926 -10.708023 21.371843 -11.351147 1260255850619
125.50733 -68.756355 -4.2357926 -2.5016432 10.547892 -20.499645 1260255850624
124.93197 -72.66854 -5.424003 -2.5016432 10.547892 -20.499645 1260255850638
124.93197 -72.66854 -5.424003 -5.1635756 10.445936 -24.279364 1260255850642
124.33537 -76.53511 -6.552803 -5.1635756 10.445936 -24.279364 1260255850661
124.33537 -76.53511 -6.552803 -15.63141 22.770958 -16.622686 1260255850833
123.61861 -80.35835 -7.525163 -15.63141 22.770958 -16.622686 1260255850844
123.61861 -80.35835 -7.525163 -21.969124 3.5066347 -21.397907 1260255850848
122.73768 -84.040436 -8.348905 -21.969124 3.5066347 -21.397907 1260255850859
122.73768 -84.040436 -8.348905 -20.106005 19.100203 -19.03673 1260255850865
121.75079 -87.48841 -9.081459 -20.106005 19.100203 -19.03673 1260255850868
121.75079 -87.48841 -9.081459 -13.1327095 6.880764 -28.57752 1260255850872
120.813255 -90.76399 -9.727386 -13.1327095 6.880764 -28.57752 1260255850880
120.813255 -90.76399 -9.727386 -5.224458 13.095092 -8.86688 1260255850883
120.07259 -93.97579 -10.291018 -5.224458 13.095092 -8.86688 1260255850890
120.07259 -93.97579 -10.291018 1.3102102 4.504326 -20.510792 1260255850893
120.31896 -97.377 -10.876467 1.3102102 4.504326 -20.510792 1260255850902
120.31896 -97.377 -10.876467 5.4401584 3.730648 -8.819308 1260255850905
125.35301 -83.75815 -11.882644 5.4401584 3.730648 -8.819308 1260255850909
125.35301 -83.75815 -11.882644 3.7116256 8.150004 -7.8224325 1260255850914
125.98536 -76.72024 -11.488511 3.7116256 8.150004 -7.8224325 1260255850923
125.98536 -76.72024 -11.488511 8.360873 5.9706173 3.4300838 1260255850927
127.036095 -71.48422 -10.314086 8.360873 5.9706173 3.4300838 1260255850930
127.036095 -71.48422 -10.314086 9.531502 2.6031232 12.062677 1260255850933
128.23428 -67.16001 -8.898381 9.531502 2.6031232 12.062677 1260255850943
128.23428 -67.16001 -8.898381 -1.1781313 -12.177272 13.977121 1260255850947
129.57257 -63.65201 -7.2534623 -1.1781313 -12.177272 13.977121 1260255850951
129.57257 -63.65201 -7.2534623 -3.0186448 6.4171715 15.286484 1260255850953
130.99394 -60.819412 -5.540789 -3.0186448 6.4171715 15.286484 1260255850960
130.99394 -60.819412 -5.540789 12.182446 -7.266109 7.76891 1260255850963
132.39424 -58.57844 -3.8637497 12.182446 -7.266109 7.76891 1260255850967
132.39424 -58.57844 -3.8637497 11.871506 11.959299 12.751322 1260255850970
