95.36737 22.83637 5.6077266 -3.4265459 -12.403837 1.6591187 1260255659066
95.36737 22.83637 5.6077266 -6.39991 -1.0177126 2.8111558 1260255659230
94.399 24.444551 5.32734 -6.39991 -1.0177126 2.8111558 1260255659234
94.399 24.444551 5.32734 -8.059137 -2.3428268 10.359933 1260255659242
93.97905 26.522324 5.110973 -8.059137 -2.3428268 10.359933 1260255659245
93.97905 26.522324 5.110973 -8.868348 -18.043285 4.349357 1260255659251
94.1801 29.196207 5.005424 -8.868348 -18.043285 4.349357 1260255659254
94.1801 29.196207 5.005424 -9.000872 -0.5412693 -0.32147086 1260255659263
95.32109 32.836395 5.155153 -9.000872 -0.5412693 -0.32147086 1260255659291
95.32109 32.836395 5.155153 -7.656405 -18.03875 -0.6787481 1260255659303
97.755035 37.444576 5.497395 -7.656405 -18.03875 -0.6787481 1260255659309
97.755035 37.444576 5.497395 -4.9574127 -5.6092653 1.3918099 1260255659312
100.91728 42.62235 5.872525 -4.9574127 -5.6092653 1.3918099 1260255659320
100.91728 42.62235 5.872525 -1.0111692 1.7785077 -7.4902935 1260255659323
104.871414 48.091232 6.2788987 -1.0111692 1.7785077 -7.4902935 1260255659327
104.871414 48.091232 6.2788987 3.8397906 0.8094835 -18.773085 1260255659333
109.227844 53.63667 6.6649537 3.8397906 0.8094835 -18.773085 1260255659339
109.227844 53.63667 6.6649537 8.077722 -4.389183 -25.745052 1260255659344
113.81645 59.154835 6.981706 8.077722 -4.389183 -25.745052 1260255659348
113.81645 59.154835 6.981706 10.783334 -10.6933365 -25.454885 1260255659353
118.32563 64.5471 7.182621 10.783334 -10.6933365 -25.454885 1260255659359
118.32563 64.5471 7.182621 11.663927 -14.4242 -20.531666 1260255659364
122.60935 69.769745 7.27349 11.663927 -14.4242 -20.531666 1260255659368
122.60935 69.769745 7.27349 11.313752 -9.713075 -15.172909 1260255659371
126.028885 74.83126 7.2098155 11.313752 -9.713075 -15.172909 1260255659380
126.028885 74.83126 7.2098155 9.702075 2.4302804 -12.469658 1260255659383
125.677444 79.4897 6.7993245 9.702075 2.4302804 -12.469658 1260255659389
125.677444 79.4897 6.7993245 4.6731105 5.083297 -18.388363 1260255659393
122.94357 82.51521 5.559358 4.6731105 5.083297 -18.388363 1260255659401
122.94357 82.51521 5.559358 -9.6091795 -13.603916 -1.9978523 1260255659403
119.89639 81.489456 3.9313903 -9.6091795 -13.603916 -1.9978523 1260255659410
119.89639 81.489456 3.9313903 -13.416111 -10.810937 -4.511403 1260255659422
116.75157 80.014984 2.6348207 -13.416111 -10.810937 -4.511403 1260255659426
116.75157 80.014984 2.6348207 -4.4917126 -9.408606 12.872133 1260255659429
113.76399 78.41424 1.5530797 -4.4917126 -9.408606 12.872133 1260255659435
113.76399 78.41424 1.5530797 -0.9752331 -26.125431 19.781563 1260255659441
110.82579 76.74352 0.6754257 -0.9752331 -26.125431 19.781563 1260255659449
110.82579 76.74352 0.6754257 -4.4830003 -35.866405 26.049658 1260255659452
107.9345 75.00635 -0.108345576 -4.4830003 -35.866405 26.049658 1260255659461
107.9345 75.00635 -0.108345576 -10.198964 -19.316404 33.180115 1260255659464
105.23778 73.30603 -0.8529283 -10.198964 -19.316404 33.180115 1260255659470
105.23778 73.30603 -0.8529283 -14.709203 -10.611531 17.546585 1260255659473
102.67589 71.69073 -1.5102818 -14.709203 -10.611531 17.546585 1260255659483
102.67589 71.69073 -1.5102818 -15.420885 -20.141594 15.612587 1260255659486
100.3921 70.35619 -2.1847677 -15.420885 -20.141594 15.612587 1260255659490
100.3921 70.35619 -2.1847677 -12.109917 -20.645344 8.932458 1260255659503
98.52249 69.688385 -2.8755293 -12.109917 -20.645344 8.932458 1260255659507
98.52249 69.688385 -2.8755293 -5.532382 -14.523332 -2.658503 1260255659510
97.39637 69.953964 -3.4817529 -5.532382 -14.523332 -2.658503 1260255659515
97.39637 69.953964 -3.4817529 1.3491848 -14.4411545 -5.805973 1260255659521
97.67655 73.00626 -3.557665 1.3491848 -14.4411545 -5.805973 1260255659529
97.67655 73.00626 -3.557665 3.3071003 1.3110089 1.8892484 1260255659532
100.192726 77.305954 -3.179782 3.3071003 1.3110089 1.8892484 1260255659543
100.192726 77.305954 -3.179782 1.2458661 -13.43042 -7.590708 1260255659549
104.98309 81.84066 -2.570793 1.2458661 -13.43042 -7.590708 1260255659552
104.98309 81.84066 -2.570793 -2.8297076 -5.081743 -24.282162 1260255659555
111.08394 86.29863 -1.9422532 -2.8297076 -5.081743 -24.282162 1260255659566
111.08394 86.29863 -1.9422532 -5.304318 6.4459095 -21.10041 1260255659570
117.729744 90.6337 -1.3451406 -5.304318 6.4459095 -21.10041 1260255659585
117.729744 90.6337 -1.3451406 -4.7980447 -7.4428787 -27.44976 1260255659588
124.29326 94.80201 -0.7778835 -4.7980447 -7.4428787 -27.44976 1260255659599
124.29326 94.80201 -0.7778835 -2.0149136 -7.93618 -20.691347 1260255659602
130.17859 98.76191 -0.28898934 -2.0149136 -7.93618 -20.691347 1260255659619
130.17859 98.76191 -0.28898934 1.2524037 6.883958 -27.94678 1260255659623
134.16966 102.473816 0.025460145 1.2524037 6.883958 -27.94678 1260255659639
134.16966 102.473816 0.025460145 2.7692468 -12.112363 -26.457249 1260255659645
135.16118 105.65012 0.17418714 2.7692468 -12.112363 -26.457249 1260255659659
135.16118 105.65012 0.17418714 2.570117 4.709946 -13.778843 1260255659668
134.30312 107.71762 0.015477776 2.570117 4.709946 -13.778843 1260255659680
134.30312 107.71762 0.015477776 -0.61106336 -14.957345 -4.927249 1260255659684
131.93796 107.63174 -0.43529612 -0.61106336 -14.957345 -4.927249 1260255659702
131.93796 107.63174 -0.43529612 -6.379811 -20.524254 3.0950944 1260255659705
128.49106 105.90015 -0.7635313 -6.379811 -20.524254 3.0950944 1260255659724
128.49106 105.90015 -0.7635313 -9.2417555 -11.566118 9.716263 1260255659728
124.61651 103.80514 -0.97535473 -9.2417555 -11.566118 9.716263 1260255659738
124.61651 103.80514 -0.97535473 -10.251823 -23.07132 6.442232 1260255659742
120.63568 101.56488 -1.026587 -10.251823 -23.07132 6.442232 1260255659760
120.63568 101.56488 -1.026587 -9.582852 -35.75726 19.034832 1260255659973
116.6539 99.23663 -0.9252577 -9.582852 -35.75726 19.034832 1260255659984
116.6539 99.23663 -0.9252577 -7.1742263 -15.524617 19.343033 1260255659993
113.0212 96.9748 -0.6789948 -7.1742263 -15.524617 19.343033 1260255660022
113.0212 96.9748 -0.6789948 -4.397484 -25.494814 8.369771 1260255660031
109.820145 94.87606 -0.34504503 -4.397484 -25.494814 8.369771 1260255660049
109.820145 94.87606 -0.34504503 -1.1218667 -23.08508 19.242876 1260255660052
107.07914 93.03226 0.07220723 -1.1218667 -23.08508 19.242876 1260255660087
107.07914 93.03226 0.07220723 2.7364478 -3.0022087 10.850348 1260255660104
105.12518 91.730644 0.46859688 2.7364478 -3.0022087 10.850348 1260255660127
105.12518 91.730644 0.46859688 5.6246123 -2.5651531 -3.8109992 1260255660130
104.26892 91.444115 0.59516704 5.6246123 -2.5651531 -3.8109992 1260255660133
104.26892 91.444115 0.59516704 5.712267 -1.681545 -7.3427186 1260255660150
103.05547 93.62191 -0.28459135 5.712267 -1.681545 -7.3427186 1260255660153
103.05547 93.62191 -0.28459135 -3.5687206 3.7795315 5.8250904 1260255660162
113.802704 79.94081 -1.9703618 -3.5687206 3.7795315 5.8250904 1260255660165
113.802704 79.94081 -1.9703618 -11.111968 9.645439 -2.3930964 1260255660169
123.06257 67.29377 -4.0718436 -11.111968 9.645439 -2.3930964 1260255660173
123.06257 67.29377 -4.0718436 4.2479534 10.134353 -2.239439 1260255660180
132.70944 55.079082 -6.4182515 4.2479534 10.134353 -2.239439 1260255660186
132.70944 55.079082 -6.4182515 -6.304675 10.063116 -3.0368447 1260255660189
143.02397 61.12513 -8.897339 -6.304675 10.063116 -3.0368447 1260255660192
143.02397 61.12513 -8.897339 -11.007232 9.151172 -2.9794536 1260255660201
153.37277 66.61887 -11.252472 -11.007232 9.151172 -2.9794536 1260255660211
153.37277 66.61887 -11.252472 2.8589034 4.5875416 -6.279524 1260255660215
163.45413 71.63793 -13.139849 2.8589034 4.5875416 -6.279524 1260255660222
163.45413 71.63793 -13.139849 -11.609659 -7.4816504 -11.800225 1260255660226
155.48143 76.30604 -14.432857 -11.609659 -7.4816504 -11.800225 1260255660229
155.48143 76.30604 -14.432857 -14.468704 -9.794264 -7.6688385 1260255660234
149.25735 80.54073 -15.011214 -14.468704 -9.794264 -7.6688385 1260255660243
149.25735 80.54073 -15.011214 -9.516954 6.51019 -9.317637 1260255660246
147.59448 83.9137 -14.5106535 -9.516954 6.51019 -9.317637 1260255660250
147.59448 83.9137 -14.5106535 -9.723692 -11.206145 -3.442314 1260255660260
147.11476 85.51801 -13.285121 -9.723692 -11.206145 -3.442314 1260255660267
147.11476 85.51801 -13.285121 -4.927279 -1.6920409 -9.301563 1260255660270
143.95903 86.292114 -12.070865 -4.927279 -1.6920409 -9.301563 1260255660273
143.95903 86.292114 -12.070865 7.451844 -4.388541 -1.3246112 1260255660281
139.31108 85.82751 -10.967321 7.451844 -4.388541 -1.3246112 1260255660284
139.31108 85.82751 -10.967321 13.296518 -11.874308 3.2131054 1260255660290
134.29553 85.23613 -10.068955 13.296518 -11.874308 3.2131054 1260255660293
134.29553 85.23613 -10.068955 9.058842 -21.671787 13.71454 1260255660301
129.23076 84.47432 -9.265508 9.058842 -21.671787 13.71454 1260255660304
129.23076 84.47432 -9.265508 1.2379134 -30.629822 18.546223 1260255660308
124.26922 83.6006 -8.552233 1.2379134 -30.629822 18.546223 1260255660313
124.26922 83.6006 -8.552233 -5.095681 -34.980927 12.584021 1260255660319
119.655754 82.82057 -7.924621 -5.095681 -34.980927 12.584021 1260255660327
119.655754 82.82057 -7.924621 -8.195599 -32.12387 9.163149 1260255660330
115.522964 82.229546 -7.42839 -8.195599 -32.12387 9.163149 1260255660341
115.522964 82.229546 -7.42839 -8.380974 -24.978846 10.263444 1260255660348
112.24682 82.16807 -7.1569705 -8.380974 -24.978846 10.263444 1260255660351
112.24682 82.16807 -7.1569705 -8.004622 -20.668848 8.039434 1260255660354
110.68448 83.15967 -7.099122 -8.004622 -20.668848 8.039434 1260255660361
110.68448 83.15967 -7.099122 -8.55452 -22.533957 -1.7766955 1260255660365
110.45026 85.30168 -7.194166 -8.55452 -22.533957 -1.7766955 1260255660368
110.45026 85.30168 -7.194166 -9.554539 -5.1837306 -12.06039 1260255660373
110.727745 88.3866 -7.184458 -9.554539 -5.1837306 -12.06039 1260255660382
110.727745 88.3866 -7.184458 -9.264309 -10.892238 -4.9119935 1260255660385
111.091354 92.017265 -7.075235 -9.264309 -10.892238 -4.9119935 1260255660394
111.091354 92.017265 -7.075235 -8.174175 3.2897644 -17.485016 1260255660403
111.38679 95.8664 -6.8714733 -8.174175 3.2897644 -17.485016 1260255660407
111.38679 95.8664 -6.8714733 -6.2556095 -12.676308 -15.1678295 1260255660410
111.967445 99.67308 -6.6278996 -6.2556095 -12.676308 -15.1678295 1260255660418
111.967445 99.67308 -6.6278996 -3.8565066 5.070614 -9.889666 1260255660421
113.01907 103.239426 -6.3465047 -3.8565066 5.070614 -9.889666 1260255660429
113.01907 103.239426 -6.3465047 -1.0014851 -6.728319 -25.602985 1260255660432
114.31812 106.477455 -6.0791793 -1.0014851 -6.728319 -25.602985 1260255660443
114.31812 106.477455 -6.0791793 1.6585318 -0.2900486 -7.722335 1260255660446
115.45222 109.40358 -5.82522 1.6585318 -0.2900486 -7.722335 1260255660450
115.45222 109.40358 -5.82522 3.8969631 -9.648731 -23.896381 1260255660455
116.02961 111.9834 -5.683959 3.8969631 -9.648731 -23.896381 1260255660466
116.02961 111.9834 -5.683959 4.5465713 3.3740368 -11.753004 1260255660470
116.02813 114.13423 -5.749761 4.5465713 3.3740368 -11.753004 1260255660486
116.02813 114.13423 -5.749761 3.2806075 -14.565279 -8.917433 1260255660490
115.32672 115.72752 -6.062273 3.2806075 -14.565279 -8.917433 1260255660498
115.32672 115.72752 -6.062273 -0.4268713 -11.783382 -18.580982 1260255660501
113.86038 116.291145 -6.659159 -0.4268713 -11.783382 -18.580982 1260255660522
113.86038 116.291145 -6.659159 -7.3167048 -8.913785 -15.286688 1260255660709
