115.806335 20.416832 7.8412027 10.736793 0.66524696 7.8489065 1260255577233
115.806335 20.416832 7.8412027 11.37916 -17.032345 2.7789917 1260255577237
116.81602 24.845991 8.299143 11.37916 -17.032345 2.7789917 1260255577241
116.81602 24.845991 8.299143 11.024159 -4.406125 -5.150854 1260255577249
118.92522 30.053692 8.834186 11.024159 -4.406125 -5.150854 1260255577254
118.92522 30.053692 8.834186 8.235712 2.8455591 -6.4661503 1260255577258
121.37896 35.851006 9.142476 8.235712 2.8455591 -6.4661503 1260255577280
121.37896 35.851006 9.142476 5.9988413 2.4655967 -7.052846 1260255577284
123.460014 41.658455 9.2353525 5.9988413 2.4655967 -7.052846 1260255577295
123.460014 41.658455 9.2353525 5.005208 -0.518085 -7.4742084 1260255577303
125.28701 47.32553 9.223585 5.005208 -0.518085 -7.4742084 1260255577311
125.28701 47.32553 9.223585 5.1183357 -6.1277666 -8.0535145 1260255577314
126.92266 52.909256 9.162406 5.1183357 -6.1277666 -8.0535145 1260255577318
126.92266 52.909256 9.162406 5.538323 -12.661127 -11.787773 1260255577324
128.57652 58.313793 9.054286 5.538323 -12.661127 -11.787773 1260255577336
128.57652 58.313793 9.054286 6.2179136 -16.575537 -18.44854 1260255577339
130.4977 63.6481 8.951571 6.2179136 -16.575537 -18.44854 1260255577344
130.4977 63.6481 8.951571 6.808979 -12.424793 -25.315857 1260255577351
131.97281 68.8657 8.703993 6.808979 -12.424793 -25.315857 1260255577358
131.97281 68.8657 8.703993 7.7753057 -1.2455952 -24.214853 1260255577361
130.82417 73.522415 8.168793 7.7753057 -1.2455952 -24.214853 1260255577372
130.82417 73.522415 8.168793 8.882526 5.3024206 -11.415157 1260255577535
128.48297 76.1963 7.110353 8.882526 5.3024206 -11.415157 1260255577550
128.48297 76.1963 7.110353 4.870266 -15.161888 -1.0075436 1260255577555
125.75882 76.03648 6.004835 4.870266 -15.161888 -1.0075436 1260255577559
125.75882 76.03648 6.004835 -6.615403 -20.467083 9.69254 1260255577564
122.77088 75.23466 5.1045933 -6.615403 -20.467083 9.69254 1260255577570
122.77088 75.23466 5.1045933 -14.245226 -19.611069 14.8917465 1260255577573
119.83234 74.17293 4.349364 -14.245226 -19.611069 14.8917465 1260255577579
119.83234 74.17293 4.349364 -14.949951 -16.780365 17.140799 1260255577582
116.89072 72.814285 3.6318955 -14.949951 -16.780365 17.140799 1260255577590
116.89072 72.814285 3.6318955 -10.6213255 -20.610806 30.245092 1260255577593
113.89618 71.22357 2.9003007 -10.6213255 -20.610806 30.245092 1260255577596
113.89618 71.22357 2.9003007 -3.8827171 -30.59085 29.663116 1260255577600
111.05137 69.56239 2.1552856 -3.8827171 -30.59085 29.663116 1260255577604
111.05137 69.56239 2.1552856 2.1665683 -22.367989 17.65279 1260255577612
108.4488 67.88428 1.3975213 2.1665683 -22.367989 17.65279 1260255577616
108.4488 67.88428 1.3975213 4.300452 -4.681115 19.046331 1260255577619
106.07636 66.44006 0.6276452 4.300452 -4.681115 19.046331 1260255577629
106.07636 66.44006 0.6276452 1.4509258 -6.7054954 6.1138706 1260255577638
103.97254 65.56806 -0.103737056 1.4509258 -6.7054954 6.1138706 1260255577641
103.97254 65.56806 -0.103737056 -4.0657587 -13.358224 -1.2618103 1260255577649
102.473915 65.68966 -0.6985502 -4.0657587 -13.358224 -1.2618103 1260255577652
102.473915 65.68966 -0.6985502 -7.9913836 -10.412186 -4.6438046 1260255577658
102.55022 68.35518 -0.7636227 -7.9913836 -10.412186 -4.6438046 1260255577661
102.55022 68.35518 -0.7636227 -7.049526 1.1388493 2.0807598 1260255577664
105.22271 72.937416 -0.42544156 -7.049526 1.1388493 2.0807598 1260255577672
105.22271 72.937416 -0.42544156 -2.9005766 2.5042784 -17.165394 1260255577675
110.81158 77.840546 0.045830533 -2.9005766 2.5042784 -17.165394 1260255577680
110.81158 77.840546 0.045830533 3.2820144 -8.895731 -24.408651 1260255577693
117.620995 82.64852 0.593539 3.2820144 -8.895731 -24.408651 1260255577696
117.620995 82.64852 0.593539 9.730671 -10.328827 -18.13423 1260255577700
124.489944 87.2661 1.113862 9.730671 -10.328827 -18.13423 1260255577709
124.489944 87.2661 1.113862 14.0384445 3.823152 -23.480053 1260255577718
130.86545 91.60279 1.608169 14.0384445 3.823152 -23.480053 1260255577721
130.86545 91.60279 1.608169 15.309397 1.7543812 -27.654259 1260255577729
136.32217 95.67265 2.0277605 15.309397 1.7543812 -27.654259 1260255577734
136.32217 95.67265 2.0277605 13.370919 -12.828527 -27.256514 1260255577741
139.85606 99.43902 2.3263724 13.370919 -12.828527 -27.256514 1260255577753
139.85606 99.43902 2.3263724 10.184149 4.8704324 -25.84225 1260255577756
140.76326 102.467064 2.4600537 10.184149 4.8704324 -25.84225 1260255577769
140.76326 102.467064 2.4600537 7.644889 -14.982862 -13.598384 1260255577778
139.5751 103.64371 2.337051 7.644889 -14.982862 -13.598384 1260255577789
139.5751 103.64371 2.337051 7.0065455 -11.233454 -1.0524216 1260255577792
136.59634 102.76152 2.1201982 7.0065455 -11.233454 -1.0524216 1260255577811
136.59634 102.76152 2.1201982 7.8129883 -24.796047 4.2398 1260255577814
132.86653 101.023445 2.0141883 7.8129883 -24.796047 4.2398 1260255577833
132.86653 101.023445 2.0141883 8.743394 -27.188862 5.2303123 1260255577837
128.9232 99.02227 1.9634789 8.743394 -27.188862 5.2303123 1260255577848
128.9232 99.02227 1.9634789 9.653377 -16.81943 14.204828 1260255577854
124.97704 96.871155 2.015305 9.653377 -16.81943 14.204828 1260255577868
124.97704 96.871155 2.015305 10.591061 -30.651196 21.013163 1260255577871
121.17819 94.627594 2.1645398 10.591061 -30.651196 21.013163 1260255577892
121.17819 94.627594 2.1645398 10.41097 -26.188627 12.096834 1260255577896
117.719284 92.44621 2.3063128 10.41097 -26.188627 12.096834 1260255577909
117.719284 92.44621 2.3063128 9.33684 -8.642959 16.200356 1260255577918
114.58332 90.2739 2.4409971 9.33684 -8.642959 16.200356 1260255577929
114.58332 90.2739 2.4409971 7.8432746 -19.872877 16.021322 1260255577934
111.75416 88.210205 2.5189474 7.8432746 -19.872877 16.021322 1260255577950
111.75416 88.210205 2.5189474 6.369 -9.996633 -1.1161342 1260255577953
109.41645 86.5497 2.293 6.369 -9.996633 -1.1161342 1260255577973
109.41645 86.5497 2.293 7.1899943 6.126237 1.4457995 1260255577977
104.14563 90.47221 0.22834994 7.1899943 6.126237 1.4457995 1260255577989
104.14563 90.47221 0.22834994 1.401211 -6.131924 -8.630509 1260255577994
110.33835 77.998604 -1.0330676 1.401211 -6.131924 -8.630509 1260255578008
110.33835 77.998604 -1.0330676 -10.214853 -3.5368624 -7.8297453 1260255578012
117.67143 65.798676 -2.4814143 -10.214853 -3.5368624 -7.8297453 1260255578031
117.67143 65.798676 -2.4814143 -9.0608835 -0.19218338 2.6378846 1260255578034
127.48786 53.508743 -4.3073435 -9.0608835 -0.19218338 2.6378846 1260255578047
127.48786 53.508743 -4.3073435 4.594035 1.049114 -1.6335278 1260255578053
139.01347 59.083305 -6.3919764 4.594035 1.049114 -1.6335278 1260255578069
139.01347 59.083305 -6.3919764 -6.798217 -7.5918074 -13.204992 1260255578074
133.0128 63.929142 -8.522378 -6.798217 -7.5918074 -13.204992 1260255578089
133.0128 63.929142 -8.522378 -14.351551 -12.385622 -7.332322 1260255578092
127.812164 68.23268 -10.496259 -14.351551 -12.385622 -7.332322 1260255578113
127.812164 68.23268 -10.496259 1.6707664 2.9233994 -7.108253 1260255578120
123.12156 72.17104 -12.221446 1.6707664 2.9233994 -7.108253 1260255578133
123.12156 72.17104 -12.221446 -3.0743115 -5.700199 -13.315996 1260255578137
119.31548 75.76249 -13.3603735 -3.0743115 -5.700199 -13.315996 1260255578311
119.31548 75.76249 -13.3603735 -11.797 -8.394705 1.7063675 1260255578321
118.049706 78.474365 -13.442355 -11.797 -8.394705 1.7063675 1260255578329
118.049706 78.474365 -13.442355 -9.6120205 -6.8518414 -11.082529 1260255578333
118.49722 80.200645 -12.520237 -9.6120205 -6.8518414 -11.082529 1260255578339
118.49722 80.200645 -12.520237 1.4734755 -0.16892529 -3.1241899 1260255578342
117.572365 81.490616 -11.194225 1.4734755 -0.16892529 -3.1241899 1260255578345
117.572365 81.490616 -11.194225 13.625273 -13.682366 0.20998394 1260255578353
113.94375 81.066086 -9.784514 13.625273 -13.682366 0.20998394 1260255578356
113.94375 81.066086 -9.784514 9.71523 -15.386658 -5.6651793 1260255578360
109.64656 80.56278 -8.495289 9.71523 -15.386658 -5.6651793 1260255578365
109.64656 80.56278 -8.495289 -0.55237484 -16.654938 2.3281472 1260255578373
105.26423 79.98464 -7.2705245 -0.55237484 -16.654938 2.3281472 1260255578377
105.26423 79.98464 -7.2705245 -0.55132294 -16.932674 5.777734 1260255578381
100.95102 79.43541 -6.1069984 -0.55132294 -16.932674 5.777734 1260255578389
100.95102 79.43541 -6.1069984 8.800293 -16.948666 -0.051386833 1260255578392
97.25347 79.11364 -5.1016483 8.800293 -16.948666 -0.051386833 1260255578398
97.25347 79.11364 -5.1016483 14.67845 -16.32283 0.58129 1260255578401
95.1408 80.25796 -4.246566 14.67845 -16.32283 0.58129 1260255578413
95.1408 80.25796 -4.246566 12.501427 -7.9990206 -0.76881415 1260255578416
96.83376 81.69506 -3.6842375 12.501427 -7.9990206 -0.76881415 1260255578422
96.83376 81.69506 -3.6842375 6.8450117 -13.563446 -12.777161 1260255578425
99.09207 84.110306 -3.4500256 6.8450117 -13.563446 -12.777161 1260255578433
99.09207 84.110306 -3.4500256 3.2882135 -15.901365 -0.7668977 1260255578436
101.13747 87.45479 -3.3775244 3.2882135 -15.901365 -0.7668977 1260255578440
101.13747 87.45479 -3.3775244 1.9502316 -1.264956 -19.281239 1260255578445
102.780594 91.43205 -3.308648 1.9502316 -1.264956 -19.281239 1260255578451
102.780594 91.43205 -3.308648 1.2345493 0.0045843124 -4.0839634 1260255578456
104.541565 95.61045 -3.1432157 1.2345493 0.0045843124 -4.0839634 1260255578461
104.541565 95.61045 -3.1432157 -0.10667771 -10.882449 -16.394398 1260255578471
106.56448 99.67993 -2.986055 -0.10667771 -10.882449 -16.394398 1260255578477
106.56448 99.67993 -2.986055 -1.531752 6.674589 -21.827713 1260255578480
108.53626 103.54594 -2.8367522 -1.531752 6.674589 -21.827713 1260255578485
108.53626 103.54594 -2.8367522 -2.9550023 -2.0956542 -6.6624765 1260255578494
109.15945 107.01864 -2.7449145 -2.9550023 -2.0956542 -6.6624765 1260255578498
109.15945 107.01864 -2.7449145 -4.1812844 -3.7743146 -24.459616 1260255578505
108.901474 110.06771 -2.8576689 -4.1812844 -3.7743146 -24.459616 1260255578515
108.901474 110.06771 -2.8576689 -3.9574308 -2.037685 -4.911769 1260255578519
108.1564 112.56432 -3.1647854 -3.9574308 -2.037685 -4.911769 1260255578531
108.1564 112.56432 -3.1647854 -1.9111261 0.38961554 -20.587627 1260255578539
106.99858 113.98611 -3.8565462 -1.9111261 0.38961554 -20.587627 1260255578549
106.99858 113.98611 -3.8565462 3.2511654 -14.404272 -12.442062 1260255578553
105.09865 114.1368 -4.713719 3.2511654 -14.404272 -12.442062 1260255578572
105.09865 114.1368 -4.713719 5.8637114 -18.32367 -3.0307338 1260255578575
102.54372 111.979965 -5.328033 5.8637114 -18.32367 -3.0307338 1260255578589
102.54372 111.979965 -5.328033 3.6286054 -5.3281956 4.3041916 1260255578596
99.76653 109.78097 -5.661631 3.6286054 -5.3281956 4.3041916 1260255578612
99.76653 109.78097 -5.661631 1.4433651 -20.636374 -1.498693 1260255578619
96.9782 107.64192 -5.8285494 1.4433651 -20.636374 -1.498693 1260255578630
96.9782 107.64192 -5.8285494 0.5851705 -29.554342 14.741547 1260255578633
94.229294 105.50983 -5.8871217 0.5851705 -29.554342 14.741547 1260255578649
94.229294 105.50983 -5.8871217 0.87960505 -13.428069 12.459919 1260255578656
91.61783 103.43433 -5.842766 0.87960505 -13.428069 12.459919 1260255578670
91.61783 103.43433 -5.842766 2.2029757 -23.410494 1.6280413 1260255578677
89.13694 101.312614 -5.8006277 2.2029757 -23.410494 1.6280413 1260255578688
89.13694 101.312614 -5.8006277 2.899591 -24.48749 15.695568 1260255578691
86.93009 99.24699 -5.7605963 2.899591 -24.48749 15.695568 1260255578711
86.93009 99.24699 -5.7605963 3.3523288 -4.8472233 10.424782 1260255578714
