222.29326 -27.682188 56.66938 10.167817 9.894424 -10.075342 1260255808043
222.29326 -27.682188 56.66938 4.544337 7.213204 -21.175102 1260255808050
227.5786 -34.84808 54.33591 4.544337 7.213204 -21.175102 1260255808053
227.5786 -34.84808 54.33591 -4.5937853 0.18888164 -12.670175 1260255808059
232.99966 -41.555676 52.119114 -4.5937853 0.18888164 -12.670175 1260255808063
232.99966 -41.555676 52.119114 13.224325 -2.3932133 -19.005465 1260255808067
238.69968 -47.87789 49.963158 13.224325 -2.3932133 -19.005465 1260255808091
238.69968 -47.87789 49.963158 1.1682487 -1.4921079 -30.832443 1260255808100
244.71469 -53.783997 47.915 1.1682487 -1.4921079 -30.832443 1260255808111
244.71469 -53.783997 47.915 -2.9919803 2.7537165 -18.750496 1260255808114
232.77896 -59.3948 45.91925 -2.9919803 2.7537165 -18.750496 1260255808122
232.77896 -59.3948 45.91925 12.691649 9.268767 -21.200834 1260255808126
221.74 -64.72506 43.97329 12.691649 9.268767 -21.200834 1260255808129
221.74 -64.72506 43.97329 2.7856193 15.110939 -25.91912 1260255808134
211.60301 -69.88881 42.024624 2.7856193 15.110939 -25.91912 1260255808145
211.60301 -69.88881 42.024624 -7.359537 10.934711 -22.244444 1260255808149
203.07286 -75.14437 39.973392 -7.359537 10.934711 -22.244444 1260255808159
203.07286 -75.14437 39.973392 7.7594376 -1.1535696 -19.892797 1260255808164
195.36922 -63.737152 37.574722 7.7594376 -1.1535696 -19.892797 1260255808170
195.36922 -63.737152 37.574722 -2.0875788 4.7123003 0.14751148 1260255808173
191.15076 -57.150295 35.145985 -2.0875788 4.7123003 0.14751148 1260255808182
191.15076 -57.150295 35.145985 -7.18324 -3.2112317 -3.6829484 1260255808192
187.39322 -51.84278 32.988686 -7.18324 -3.2112317 -3.6829484 1260255808201
187.39322 -51.84278 32.988686 6.898847 -5.3187923 12.803252 1260255808204
183.87355 -47.00064 30.889252 6.898847 -5.3187923 12.803252 1260255808219
183.87355 -47.00064 30.889252 -9.257355 -18.92609 11.27373 1260255808224
180.57988 -42.650608 28.84479 -9.257355 -18.92609 11.27373 1260255808242
180.57988 -42.650608 28.84479 -10.890116 -30.142395 22.031961 1260255808249
177.40088 -38.91808 26.80255 -10.890116 -30.142395 22.031961 1260255808259
177.40088 -38.91808 26.80255 3.2687173 -7.7167797 26.007914 1260255808262
174.28084 -35.822174 24.812422 3.2687173 -7.7167797 26.007914 1260255808277
174.28084 -35.822174 24.812422 -9.460047 -20.608362 23.483963 1260255808286
171.2168 -33.381065 22.9718 -9.460047 -20.608362 23.483963 1260255808300
171.2168 -33.381065 22.9718 -13.35902 3.2319555 25.808275 1260255808307
168.25595 -31.262012 21.22321 -13.35902 3.2319555 25.808275 1260255808319
168.25595 -31.262012 21.22321 2.8032298 -4.498886 12.224838 1260255808328
165.49315 -29.298912 19.562048 2.8032298 -4.498886 12.224838 1260255808341
165.49315 -29.298912 19.562048 3.5053377 -10.226419 9.495627 1260255808344
162.86848 -27.483967 17.683945 3.5053377 -10.226419 9.495627 1260255808359
162.86848 -27.483967 17.683945 -10.967819 6.2557354 3.1660073 1260255808365
164.62506 -34.609768 15.349748 -10.967819 6.2557354 3.1660073 1260255808382
164.62506 -34.609768 15.349748 2.182844 -0.075953454 6.9180527 1260255808385
162.04381 -41.47928 14.4322605 2.182844 -0.075953454 6.9180527 1260255808397
162.04381 -41.47928 14.4322605 8.681757 -4.2613406 -9.125351 1260255808400
157.29161 -47.955315 13.710648 8.681757 -4.2613406 -9.125351 1260255808574
157.29161 -47.955315 13.710648 8.881168 -4.1357045 -22.168121 1260255808586
151.42703 -53.95755 13.175116 8.881168 -4.1357045 -22.168121 1260255808590
151.42703 -53.95755 13.175116 6.8843284 0.4716606 -32.621647 1260255808595
145.60568 -59.45967 12.766359 6.8843284 0.4716606 -32.621647 1260255808604
145.60568 -59.45967 12.766359 4.330412 10.72528 -38.280075 1260255808608
140.2254 -64.48669 12.378041 4.330412 10.72528 -38.280075 1260255808612
140.2254 -64.48669 12.378041 1.0391564 20.321186 -29.901115 1260255808620
135.41414 -69.26235 12.009139 1.0391564 20.321186 -29.901115 1260255808623
135.41414 -69.26235 12.009139 -2.6356132 12.2121525 -20.811188 1260255808629
131.54343 -73.89923 11.508682 -2.6356132 12.2121525 -20.811188 1260255808632
131.54343 -73.89923 11.508682 -7.475599 -0.85342026 -26.405233 1260255808640
128.56625 -78.45427 10.9332485 -7.475599 -0.85342026 -26.405233 1260255808643
128.56625 -78.45427 10.9332485 -9.712871 6.544264 -21.11629 1260255808647
122.48794 -83.23155 10.586586 -9.712871 6.544264 -21.11629 1260255808650
122.48794 -83.23155 10.586586 -8.038307 11.159945 -13.019815 1260255808655
122.86354 -73.06998 11.407257 -8.038307 11.159945 -13.019815 1260255808669
122.86354 -73.06998 11.407257 -5.6169715 -13.644729 -4.342406 1260255808673
122.670364 -66.76648 11.986895 -5.6169715 -13.644729 -4.342406 1260255808688
122.670364 -66.76648 11.986895 1.7434826 -21.460785 2.5817156 1260255808692
122.38685 -61.028156 12.43755 1.7434826 -21.460785 2.5817156 1260255808700
122.38685 -61.028156 12.43755 9.324053 -30.973837 14.278378 1260255808703
122.1675 -55.72675 12.815672 9.324053 -30.973837 14.278378 1260255808709
122.1675 -55.72675 12.815672 14.485552 -31.980694 27.727108 1260255808712
121.90913 -50.990414 13.224889 14.485552 -31.980694 27.727108 1260255808720
121.90913 -50.990414 13.224889 17.669704 -13.905058 28.152828 1260255808723
121.61367 -46.94089 13.613645 17.669704 -13.905058 28.152828 1260255808727
121.61367 -46.94089 13.613645 17.967186 -11.496446 15.73556 1260255808733
121.18298 -43.793846 14.032963 17.967186 -11.496446 15.73556 1260255808743
121.18298 -43.793846 14.032963 16.31185 -6.7256126 16.760048 1260255808747
120.07384 -42.354153 14.381314 16.31185 -6.7256126 16.760048 1260255808751
120.07384 -42.354153 14.381314 13.214104 -7.059819 9.561061 1260255808761
117.77014 -43.536446 14.012249 13.214104 -7.059819 9.561061 1260255808767
117.77014 -43.536446 14.012249 10.677062 3.3332748 4.356916 1260255808770
115.831635 -46.409622 12.861636 10.677062 3.3332748 4.356916 1260255808782
115.831635 -46.409622 12.861636 1.1628172 17.193325 -8.459837 1260255808790
114.49005 -49.789143 11.318554 1.1628172 17.193325 -8.459837 1260255808793
114.49005 -49.789143 11.318554 -13.461107 8.0779915 -1.1720824 1260255808800
113.86555 -53.499687 9.502626 -13.461107 8.0779915 -1.1720824 1260255808805
113.86555 -53.499687 9.502626 -7.1364675 11.447354 4.362032 1260255808809
114.07227 -57.524704 7.277495 -7.1364675 11.447354 4.362032 1260255808826
114.07227 -57.524704 7.277495 0.084804535 18.455017 -2.5367954 1260255808829
115.21866 -61.898468 4.6136203 0.084804535 18.455017 -2.5367954 1260255808838
115.21866 -61.898468 4.6136203 -18.986834 -0.53429556 -5.6691074 1260255808842
117.50773 -66.75355 1.5329391 -18.986834 -0.53429556 -5.6691074 1260255808862
117.50773 -66.75355 1.5329391 0.12253094 -2.7522626 -4.8537173 1260255808865
120.482346 -71.76587 -1.643708 0.12253094 -2.7522626 -4.8537173 1260255808879
120.482346 -71.76587 -1.643708 -18.613567 6.906939 -3.5245638 1260255808886
123.908226 -76.52757 -4.261523 -18.613567 6.906939 -3.5245638 1260255808899
123.908226 -76.52757 -4.261523 2.0105124 10.821846 -6.414539 1260255808908
126.462814 -80.701195 -5.6984468 2.0105124 10.821846 -6.414539 1260255808919
126.462814 -80.701195 -5.6984468 1.7864051 -5.8518248 -0.47548962 1260255808923
122.089676 -84.46613 -5.0135245 1.7864051 -5.8518248 -0.47548962 1260255808942
122.089676 -84.46613 -5.0135245 10.3124275 6.0931377 -8.580339 1260255808945
130.9352 -88.692825 -2.5128484 10.3124275 6.0931377 -8.580339 1260255808964
130.9352 -88.692825 -2.5128484 0.6378932 8.265799 -12.044685 1260255808968
137.03844 -75.55818 1.0127941 0.6378932 8.265799 -12.044685 1260255808978
137.03844 -75.55818 1.0127941 20.149567 0.19887805 0.5872073 1260255808982
139.38652 -64.180275 4.062155 20.149567 0.19887805 0.5872073 1260255809001
139.38652 -64.180275 4.062155 8.162816 1.1276951 -2.7930422 1260255809004
139.5672 -58.92126 6.259047 8.162816 1.1276951 -2.7930422 1260255809017
139.5672 -58.92126 6.259047 17.551641 -8.957279 -3.9484756 1260255809025
138.58884 -53.525196 7.796095 17.551641 -8.957279 -3.9484756 1260255809039
138.58884 -53.525196 7.796095 27.517277 -23.410543 7.336779 1260255809048
137.05939 -48.298935 8.95629 27.517277 -23.410543 7.336779 1260255809058
137.05939 -48.298935 8.95629 20.55156 -33.572777 14.920906 1260255809062
135.25642 -43.48399 10.008475 20.55156 -33.572777 14.920906 1260255809081
135.25642 -43.48399 10.008475 8.91408 -25.631903 5.5656586 1260255809084
133.54361 -39.10979 11.1580515 8.91408 -25.631903 5.5656586 1260255809103
133.54361 -39.10979 11.1580515 2.832549 -6.3156433 11.149026 1260255809107
132.41643 -35.054302 12.600149 2.832549 -6.3156433 11.149026 1260255809119
132.41643 -35.054302 12.600149 10.464505 -15.28093 -2.4540668 1260255809125
133.29561 -31.251587 14.420142 10.464505 -15.28093 -2.4540668 1260255809139
133.29561 -31.251587 14.420142 17.296425 -8.454324 -2.4406412 1260255809143
136.48083 -22.089008 15.649135 17.296425 -8.454324 -2.4406412 1260255809162
136.48083 -22.089008 15.649135 6.3648357 -5.207044 3.9884539 1260255809165
141.00679 -12.384558 15.866678 6.3648357 -5.207044 3.9884539 1260255809343
141.00679 -12.384558 15.866678 2.646182 -3.569852 -20.876698 1260255809346
149.15645 -20.61533 15.673345 2.646182 -3.569852 -20.876698 1260255809350
149.15645 -20.61533 15.673345 3.594458 10.486012 -13.32999 1260255809361
142.44862 -28.084562 15.289678 3.594458 10.486012 -13.32999 1260255809368
142.44862 -28.084562 15.289678 6.636674 5.117502 -10.0426 1260255809371
137.2762 -35.030334 14.825193 6.636674 5.117502 -10.0426 1260255809374
137.2762 -35.030334 14.825193 10.008549 0.5902829 -16.837837 1260255809383
132.71239 -41.57882 14.333934 10.008549 0.5902829 -16.837837 1260255809386
132.71239 -41.57882 14.333934 11.885495 -0.77847815 -22.64989 1260255809392
128.67677 -47.89988 13.817237 11.885495 -0.77847815 -22.64989 1260255809395
128.67677 -47.89988 13.817237 10.964405 -1.5930681 -26.75727 1260255809404
124.992935 -54.054886 13.226375 10.964405 -1.5930681 -26.75727 1260255809407
124.992935 -54.054886 13.226375 7.0164824 -2.2089984 -29.695784 1260255809413
121.84329 -60.102142 12.615056 7.0164824 -2.2089984 -29.695784 1260255809419
121.84329 -60.102142 12.615056 0.8719188 -2.125393 -29.604603 1260255809425
132.25113 -66.047035 12.084303 0.8719188 -2.125393 -29.604603 1260255809429
132.25113 -66.047035 12.084303 -4.0939283 -0.4481193 -25.807692 1260255809432
135.93857 -53.994682 11.880088 -4.0939283 -0.4481193 -25.807692 1260255809442
135.93857 -53.994682 11.880088 -4.493762 -6.522465 -18.976648 1260255809451
138.39163 -43.44495 12.486083 -4.493762 -6.522465 -18.976648 1260255809454
138.39163 -43.44495 12.486083 2.6872153 -8.285099 1.4453855 1260255809462
137.72205 -38.172703 13.211779 2.6872153 -8.285099 1.4453855 1260255809465
137.72205 -38.172703 13.211779 10.198969 -3.7979193 7.6072655 1260255809469
136.18594 -33.46407 13.35119 10.198969 -3.7979193 7.6072655 1260255809474
136.18594 -33.46407 13.35119 11.611032 -5.229088 4.7687945 1260255809483
134.37665 -29.190866 13.28363 11.611032 -5.229088 4.7687945 1260255809486
134.37665 -29.190866 13.28363 11.072674 -26.05477 9.016829 1260255809490
132.60782 -25.281322 13.119449 11.072674 -26.05477 9.016829 1260255809500
132.60782 -25.281322 13.119449 9.669983 -18.189796 24.76854 1260255809509
130.97743 -21.817257 13.113476 9.669983 -18.189796 24.76854 1260255809513
130.97743 -21.817257 13.113476 10.396442 -14.621614 7.569912 1260255809522
129.37856 -18.926394 13.357802 10.396442 -14.621614 7.569912 1260255809525
129.37856 -18.926394 13.357802 12.81446 -10.293834 20.70566 1260255809529
127.55962 -16.780073 13.939912 12.81446 -10.293834 20.70566 1260255809535
127.55962 -16.780073 13.939912 15.616533 -14.36788 10.304602 1260255809541
