196.70464 13.864688 1.352096 8.049689 -8.954086 12.736942 1260261276421
196.70464 13.864688 1.352096 11.568758 -13.252144 7.682029 1260261276425
197.6194 14.821453 2.3344913 11.568758 -13.252144 7.682029 1260261276433
197.6194 14.821453 2.3344913 10.238319 -12.279131 10.903765 1260261276437
198.68843 15.98038 3.4177668 10.238319 -12.279131 10.903765 1260261276443
198.68843 15.98038 3.4177668 1.1006036 -3.0156574 15.210096 1260261276446
200.154 17.131361 4.5468783 1.1006036 -3.0156574 15.210096 1260261276449
200.154 17.131361 4.5468783 -5.3892875 3.6054378 6.3662868 1260261276458
202.4963 18.224792 5.7695346 -5.3892875 3.6054378 6.3662868 1260261276461
202.4963 18.224792 5.7695346 -0.048207283 -0.35622215 12.779804 1260261276468
208.32149 19.063553 6.4810576 -0.048207283 -0.35622215 12.779804 1260261276497
208.32149 19.063553 6.4810576 5.8764205 -8.659828 18.052137 1260261276505
198.75542 19.660376 6.8570046 5.8764205 -8.659828 18.052137 1260261276509
198.75542 19.660376 6.8570046 8.779435 -14.649223 17.751188 1260261276516
190.26764 20.227356 6.9641542 8.779435 -14.649223 17.751188 1260261276520
190.26764 20.227356 6.9641542 9.138788 -19.016092 16.93313 1260261276525
182.60426 20.915989 6.9659467 9.138788 -19.016092 16.93313 1260261276528
182.60426 20.915989 6.9659467 8.593992 -20.306986 13.232366 1260261276537
175.77405 21.87019 6.9676495 8.593992 -20.306986 13.232366 1260261276542
175.77405 21.87019 6.9676495 8.497967 -13.740469 7.281787 1260261276546
170.28534 23.27668 6.869267 8.497967 -13.740469 7.281787 1260261276558
170.28534 23.27668 6.869267 6.727942 -3.045044 8.244558 1260261276562
166.57108 25.462847 6.6258035 6.727942 -3.045044 8.244558 1260261276570
166.57108 25.462847 6.6258035 3.7690637 -14.644934 13.6353655 1260261276576
164.29253 29.239704 6.2445135 3.7690637 -14.644934 13.6353655 1260261276588
164.29253 29.239704 6.2445135 -0.5559537 -1.4488583 -7.466361 1260261276610
162.0279 35.12772 5.732288 -0.5559537 -1.4488583 -7.466361 1260261276616
162.0279 35.12772 5.732288 -5.9198103 -1.2749581 -17.189865 1260261276621
161.4265 42.021336 5.4956737 -5.9198103 -1.2749581 -17.189865 1260261276626
161.4265 42.021336 5.4956737 -6.522046 6.870617 -20.622534 1260261276629
154.30518 31.020267 5.37089 -6.522046 6.870617 -20.622534 1260261276646
154.30518 31.020267 5.37089 -6.6612935 4.5806813 -17.389418 1260261276649
150.63992 20.769255 5.2523456 -6.6612935 4.5806813 -17.389418 1260261276662
150.63992 20.769255 5.2523456 -7.316136 -6.7714934 -26.402452 1260261276666
148.90793 10.880792 5.039728 -7.316136 -6.7714934 -26.402452 1260261276682
148.90793 10.880792 5.039728 -9.075326 11.138409 -23.338406 1260261276685
145.01253 18.786753 4.4377418 -9.075326 11.138409 -23.338406 1260261276706
145.01253 18.786753 4.4377418 -11.761785 -2.8308809 -21.026443 1260261276709
142.2619 24.647415 3.5158546 -11.761785 -2.8308809 -21.026443 1260261276722
142.2619 24.647415 3.5158546 -7.627983 -6.73322 -19.155247 1260261276725
138.4488 28.765045 2.6400619 -7.627983 -6.73322 -19.155247 1260261276742
138.4488 28.765045 2.6400619 0.121472836 -13.673845 4.1603947 1260261276746
133.47636 30.876793 1.9080588 0.121472836 -13.673845 4.1603947 1260261276764
133.47636 30.876793 1.9080588 4.0994163 -17.401464 3.10111 1260261276768
128.30255 32.282955 1.3126558 4.0994163 -17.401464 3.10111 1260261276784
128.30255 32.282955 1.3126558 4.721789 -31.157398 14.898724 1260261276788
123.337425 33.36881 0.747023 4.721789 -31.157398 14.898724 1260261276815
123.337425 33.36881 0.747023 2.2865515 -30.218472 11.920022 1260261276818
118.670555 34.35037 0.109671816 2.2865515 -30.218472 11.920022 1260261276832
118.670555 34.35037 0.109671816 -3.408464 -19.980827 3.0931969 1260261276836
114.58703 35.93285 -0.54581183 -3.408464 -19.980827 3.0931969 1260261276852
114.58703 35.93285 -0.54581183 -8.792033 -5.7367496 4.2571526 1260261276855
112.85767 39.83621 -1.0185212 -8.792033 -5.7367496 4.2571526 1260261276874
112.85767 39.83621 -1.0185212 -10.726625 -20.337767 -7.498274 1260261276877
114.11479 45.494396 -1.0175952 -10.726625 -20.337767 -7.498274 1260261276892
114.11479 45.494396 -1.0175952 -8.515365 -16.947426 -14.026544 1260261276896
119.609055 51.819675 -0.6667154 -8.515365 -16.947426 -14.026544 1260261276912
119.609055 51.819675 -0.6667154 -3.8130417 -12.808745 -22.195887 1260261276915
130.2286 40.22869 -0.13337961 -3.8130417 -12.808745 -22.195887 1260261276932
130.2286 40.22869 -0.13337961 3.4774942 -5.6438828 -34.332603 1260261276935
124.11718 29.367256 0.5232894 3.4774942 -5.6438828 -34.332603 1260261276952
124.11718 29.367256 0.5232894 10.073107 10.159529 -27.099277 1260261276956
134.56133 36.848892 1.0971249 10.073107 10.159529 -27.099277 1260261276972
134.56133 36.848892 1.0971249 12.235065 7.1324224 -13.626356 1260261277160
134.73326 41.35645 1.0422686 12.235065 7.1324224 -13.626356 1260261277163
134.73326 41.35645 1.0422686 8.449174 -1.6773353 -9.256782 1260261277167
128.9966 42.388626 0.39015517 8.449174 -1.6773353 -9.256782 1260261277170
128.9966 42.388626 0.39015517 0.34940672 -3.959115 6.453042 1260261277185
123.29677 42.969196 -0.3293526 0.34940672 -3.959115 6.453042 1260261277190
123.29677 42.969196 -0.3293526 -8.971887 -11.284606 18.07859 1260261277198
117.93193 43.42074 -1.0628849 -8.971887 -11.284606 18.07859 1260261277202
117.93193 43.42074 -1.0628849 -15.577349 -16.72382 19.34356 1260261277205
113.18533 44.1497 -1.8097407 -15.577349 -16.72382 19.34356 1260261277214
113.18533 44.1497 -1.8097407 -15.664343 -20.251913 7.7648053 1260261277219
111.42606 47.342216 -2.5192537 -15.664343 -20.251913 7.7648053 1260261277224
111.42606 47.342216 -2.5192537 -9.758028 -11.579426 5.6080093 1260261277229
113.90476 52.075104 -2.4932911 -9.758028 -11.579426 5.6080093 1260261277236
113.90476 52.075104 -2.4932911 -6.5985847 -19.846066 -11.377418 1260261277241
118.90952 57.32135 -1.9686266 -6.5985847 -19.846066 -11.377418 1260261277244
118.90952 57.32135 -1.9686266 -5.847495 -16.130049 -24.33409 1260261277248
125.16405 62.555283 -1.2701952 -5.847495 -16.130049 -24.33409 1260261277263
125.16405 62.555283 -1.2701952 -3.4765644 -6.1772566 -23.97253 1260261277266
130.55585 67.42752 -0.7066855 -3.4765644 -6.1772566 -23.97253 1260261277277
130.55585 67.42752 -0.7066855 -2.0728931 1.2069817 -24.063412 1260261277280
133.32805 71.306145 -0.57135123 -2.0728931 1.2069817 -24.063412 1260261277283
133.32805 71.306145 -0.57135123 -4.8228254 -17.099876 -17.74478 1260261277286
128.71164 73.340836 -1.5927837 -4.8228254 -17.099876 -17.74478 1260261277289
128.71164 73.340836 -1.5927837 -13.28444 -0.40862083 -1.193181 1260261277293
140.22606 71.92379 -2.7631445 -13.28444 -0.40862083 -1.193181 1260261277305
140.22606 71.92379 -2.7631445 -10.689854 -14.99717 17.895834 1260261277308
150.86476 70.5776 -3.6249874 -10.689854 -14.99717 17.895834 1260261277316
150.86476 70.5776 -3.6249874 -3.562809 -26.5093 13.827109 1260261277322
160.87152 69.74872 -4.293738 -3.562809 -26.5093 13.827109 1260261277325
160.87152 69.74872 -4.293738 1.3262587 -26.655472 9.579001 1260261277335
170.37794 69.661285 -4.879051 1.3262587 -26.655472 9.579001 1260261277338
170.37794 69.661285 -4.879051 2.5952506 -29.21258 8.267437 1260261277343
179.25905 70.02822 -5.2850986 2.5952506 -29.21258 8.267437 1260261277348
179.25905 70.02822 -5.2850986 2.6519275 -31.55099 3.872613 1260261277353
180.94609 71.82681 -5.470844 2.6519275 -31.55099 3.872613 1260261277356
180.94609 71.82681 -5.470844 3.6270077 -25.208876 -11.03067 1260261277359
181.04878 74.08547 -5.3973017 3.6270077 -25.208876 -11.03067 1260261277368
181.04878 74.08547 -5.3973017 6.3095355 -8.053859 -7.3256454 1260261277374
181.24634 76.8312 -5.1274366 6.3095355 -8.053859 -7.3256454 1260261277382
181.24634 76.8312 -5.1274366 9.008813 -23.2457 -10.544062 1260261277386
181.63402 80.23964 -4.7210646 9.008813 -23.2457 -10.544062 1260261277412
181.63402 80.23964 -4.7210646 10.780296 -0.60568523 -14.807999 1260261277416
182.10231 83.97765 -4.3350115 10.780296 -0.60568523 -14.807999 1260261277434
182.10231 83.97765 -4.3350115 10.309005 -15.695274 -15.923482 1260261277437
182.0972 87.77877 -4.0682607 10.309005 -15.695274 -15.923482 1260261277452
182.0972 87.77877 -4.0682607 8.367504 -5.68058 -26.731699 1260261277455
180.69234 91.38983 -4.0148478 8.367504 -5.68058 -26.731699 1260261277472
180.69234 91.38983 -4.0148478 6.17616 -4.9665236 -15.681103 1260261277476
177.80772 94.72034 -4.364105 6.17616 -4.9665236 -15.681103 1260261277492
177.80772 94.72034 -4.364105 5.1118813 -12.714546 -22.56411 1260261277495
173.41734 97.63432 -5.2959 5.1118813 -12.714546 -22.56411 1260261277512
173.41734 97.63432 -5.2959 0.76895857 -6.2587156 -20.166107 1260261277515
168.04648 99.95261 -6.881105 0.76895857 -6.2587156 -20.166107 1260261277532
168.04648 99.95261 -6.881105 -15.568475 -4.367755 -2.2342277 1260261277536
161.64415 101.404976 -8.43705 -15.568475 -4.367755 -2.2342277 1260261277552
161.64415 101.404976 -8.43705 -19.063475 -21.108818 -5.0835814 1260261277556
154.26195 99.13473 -9.515198 -19.063475 -21.108818 -5.0835814 1260261277572
154.26195 99.13473 -9.515198 -9.5619 -7.551428 3.4806824 1260261277576
146.69885 96.92799 -10.189438 -9.5619 -7.551428 3.4806824 1260261277592
146.69885 96.92799 -10.189438 -2.1641107 -23.03629 15.948385 1260261277595
157.26392 94.931595 -10.729966 -2.1641107 -23.03629 15.948385 1260261277612
157.26392 94.931595 -10.729966 2.0468745 -23.720589 6.8591356 1260261277615
149.55072 95.43501 -10.943468 2.0468745 -23.720589 6.8591356 1260261277632
149.55072 95.43501 -10.943468 6.408853 -21.536901 -0.27273118 1260261277635
153.17319 97.363266 -10.196295 6.408853 -21.536901 -0.27273118 1260261277652
153.17319 97.363266 -10.196295 7.7589726 -9.599371 -1.9938955 1260261277656
159.21452 99.94511 -8.88648 7.7589726 -9.599371 -1.9938955 1260261277672
159.21452 99.94511 -8.88648 0.9142556 -5.504954 -24.349657 1260261277675
165.8038 102.19785 -7.392156 0.9142556 -5.504954 -24.349657 1260261277697
165.8038 102.19785 -7.392156 0.7064047 -25.159405 -20.059502 1260261277700
172.31361 103.63796 -6.0725484 0.7064047 -25.159405 -20.059502 1260261277712
172.31361 103.63796 -6.0725484 10.861376 -21.137238 -25.05038 1260261277715
178.94794 104.30606 -5.068921 10.861376 -21.137238 -25.05038 1260261277732
178.94794 104.30606 -5.068921 16.0075 -18.59272 -13.135454 1260261277736
186.40054 104.19076 -4.465475 16.0075 -18.59272 -13.135454 1260261277752
186.40054 104.19076 -4.465475 12.68994 -19.049599 -1.9508457 1260261277949
186.98051 107.83122 -4.192201 12.68994 -19.049599 -1.9508457 1260261277962
186.98051 107.83122 -4.192201 9.034906 -9.711262 -28.331165 1260261277965
181.48149 110.88966 -4.3825912 9.034906 -9.711262 -28.331165 1260261277982
181.48149 110.88966 -4.3825912 6.6158895 4.3238754 -16.26854 1260261277986
174.35742 111.79518 -5.713462 6.6158895 4.3238754 -16.26854 1260261278002
174.35742 111.79518 -5.713462 -0.91114616 -0.058506966 -2.2771835 1260261278006
166.33955 108.755424 -6.827789 -0.91114616 -0.058506966 -2.2771835 1260261278024
166.33955 108.755424 -6.827789 -14.29815 -24.64869 5.2599025 1260261278028
158.67258 105.61765 -7.736399 -14.29815 -24.64869 5.2599025 1260261278042
158.67258 105.61765 -7.736399 -20.723953 -9.933378 14.966868 1260261278045
151.33894 102.73677 -8.449579 -20.723953 -9.933378 14.966868 1260261278062
151.33894 102.73677 -8.449579 -17.51061 -26.236258 16.936064 1260261278065
144.82199 100.549934 -9.3771 -17.51061 -26.236258 16.936064 1260261278082
144.82199 100.549934 -9.3771 -7.4815464 -13.397627 -5.864443 1260261278086
143.33089 102.222435 -9.558245 -7.4815464 -13.397627 -5.864443 1260261278107
143.33089 102.222435 -9.558245 -1.8013449 -19.726067 -8.010872 1260261278111
145.66434 104.761314 -8.880332 -1.8013449 -19.726067 -8.010872 1260261278122
145.66434 104.761314 -8.880332 -3.8227813 -0.6057739 -14.378607 1260261278125
149.13112 107.373245 -8.036315 -3.8227813 -0.6057739 -14.378607 1260261278142
149.13112 107.373245 -8.036315 -6.3959055 -14.759593 -23.503273 1260261278146
152.17456 109.70458 -7.284499 -6.3959055 -14.759593 -23.503273 1260261278162
152.17456 109.70458 -7.284499 -5.338611 -12.378432 -25.41265 1260261278165
151.71584 110.66935 -7.2202744 -5.338611 -12.378432 -25.41265 1260261278182
151.71584 110.66935 -7.2202744 -9.177525 -2.7108984 -11.5922165 1260261278185
144.88005 107.335884 -8.30926 -9.177525 -2.7108984 -11.5922165 1260261278202
144.88005 107.335884 -8.30926 -14.00473 -12.375355 1.9301901 1260261278215
137.93605 103.21909 -9.393797 -14.00473 -12.375355 1.9301901 1260261278224
137.93605 103.21909 -9.393797 -9.08869 -11.675434 22.248617 1260261278227
131.03925 99.00814 -10.524107 -9.08869 -11.675434 22.248617 1260261278245
131.03925 99.00814 -10.524107 -3.3095398 2.352016 17.779034 1260261278248
142.28728 95.107735 -12.147902 -3.3095398 2.352016 17.779034 1260261278262
142.28728 95.107735 -12.147902 -9.433694 -14.427429 18.196133 1260261278265
135.27292 91.802345 -14.340507 -9.433694 -14.427429 18.196133 1260261278282
135.27292 91.802345 -14.340507 -24.403416 -2.2963276 6.9121857 1260261278286
129.45927 88.96223 -16.373482 -24.403416 -2.2963276 6.9121857 1260261278302
129.45927 88.96223 -16.373482 -8.468114 -18.394636 -3.7172532 1260261278305
127.23631 91.46412 -17.804808 -8.468114 -18.394636 -3.7172532 1260261278322
127.23631 91.46412 -17.804808 -4.2327623 -8.470871 -9.621199 1260261278326
128.2245 93.74091 -18.564568 -4.2327623 -8.470871 -9.621199 1260261278342
128.2245 93.74091 -18.564568 -8.072943 -8.890278 -1.4481859 1260261278345
130.36328 96.00387 -18.73634 -8.072943 -8.890278 -1.4481859 1260261278362
130.36328 96.00387 -18.73634 -7.5145288 -24.478428 -16.503906 1260261278366
133.04512 98.353676 -18.599522 -7.5145288 -24.478428 -16.503906 1260261278382
133.04512 98.353676 -18.599522 -4.6440763 -7.7337923 -24.998255 1260261278385
136.09286 100.68599 -18.219545 -4.6440763 -7.7337923 -24.998255 1260261278405
136.09286 100.68599 -18.219545 0.24384117 -18.606699 -16.093683 1260261278410
139.68822 102.85169 -17.658567 0.24384117 -18.606699 -16.093683 1260261278422
139.68822 102.85169 -17.658567 5.342396 -26.389324 -28.423157 1260261278425
143.20381 104.809105 -17.07564 5.342396 -26.389324 -28.423157 1260261278444
143.20381 104.809105 -17.07564 6.329648 -10.763736 -24.338657 1260261278447
146.34363 106.56865 -16.571857 6.329648 -10.763736 -24.338657 1260261278462
146.34363 106.56865 -16.571857 3.9104092 -16.782015 -28.715744 1260261278466
148.42645 108.14022 -16.343266 3.9104092 -16.782015 -28.715744 1260261278482
148.42645 108.14022 -16.343266 0.28566313 -26.656013 -20.012615 1260261278486
148.85513 109.63321 -16.626102 0.28566313 -26.656013 -20.012615 1260261278502
148.85513 109.63321 -16.626102 -0.11396694 -17.13527 -7.5262294 1260261278505
147.66237 111.05155 -17.344797 -0.11396694 -17.13527 -7.5262294 1260261278522
147.66237 111.05155 -17.344797 0.43508053 -3.2435398 -9.857237 1260261278525
144.87926 112.49898 -18.427557 0.43508053 -3.2435398 -9.857237 1260261278543
144.87926 112.49898 -18.427557 -6.4328756 -5.0219426 0.3452797 1260261278546
140.73529 114.07403 -19.90618 -6.4328756 -5.0219426 0.3452797 1260261278562
140.73529 114.07403 -19.90618 -19.796886 -17.02848 -2.2598531 1260261278565
135.54852 115.82033 -21.76087 -19.796886 -17.02848 -2.2598531 1260261278582
135.54852 115.82033 -21.76087 -13.841373 -11.147827 6.1160135 1260261278585
129.3711 111.07931 -24.072826 -13.841373 -11.147827 6.1160135 1260261278604
129.3711 111.07931 -24.072826 -3.8186007 3.9736843 -1.2277993 1260261278607
140.75253 106.025345 -26.069185 -3.8186007 3.9736843 -1.2277993 1260261278622
140.75253 106.025345 -26.069185 -21.146065 4.487934 9.922388 1260261278625
151.06491 100.974075 -27.315725 -21.146065 4.487934 9.922388 1260261278642
151.06491 100.974075 -27.315725 -22.15817 -5.7408643 6.339703 1260261278645
160.36166 96.27537 -28.649939 -22.15817 -5.7408643 6.339703 1260261278662
160.36166 96.27537 -28.649939 -12.585989 -11.151547 15.666555 1260261278666
168.89359 92.1616 -30.317442 -12.585989 -11.151547 15.666555 1260261278684
168.89359 92.1616 -30.317442 -8.284728 3.8824706 5.443568 1260261278688
176.6989 89.30352 -31.551569 -8.284728 3.8824706 5.443568 1260261278704
176.6989 89.30352 -31.551569 -16.675356 -20.352291 3.7976778 1260261278708
181.26395 91.23834 -31.723991 -16.675356 -20.352291 3.7976778 1260261278882
181.26395 91.23834 -31.723991 -15.447747 -15.7477 -14.378456 1260261278885
184.40074 92.82642 -31.287792 -15.447747 -15.7477 -14.378456 1260261278900
184.40074 92.82642 -31.287792 -8.036794 -9.963387 -7.242673 1260261278903
187.18071 94.2351 -30.573402 -8.036794 -9.963387 -7.242673 1260261278907
187.18071 94.2351 -30.573402 0.40847397 -20.129198 -3.3117204 1260261278915
188.92168 95.873344 -29.744732 0.40847397 -20.129198 -3.3117204 1260261278919
188.92168 95.873344 -29.744732 4.2207894 -27.587101 -12.027479 1260261278925
189.82559 97.979675 -28.807495 4.2207894 -27.587101 -12.027479 1260261278929
189.82559 97.979675 -28.807495 0.8267255 -9.336892 -8.679086 1260261278937
190.63431 100.28069 -27.66712 0.8267255 -9.336892 -8.679086 1260261278940
190.63431 100.28069 -27.66712 -8.029742 -10.621153 -25.680939 1260261278943
191.45259 102.66666 -26.433764 -8.029742 -10.621153 -25.680939 1260261278948
191.45259 102.66666 -26.433764 -10.616895 -19.745852 -19.499628 1260261278957
191.32996 105.033325 -25.412075 -10.616895 -19.745852 -19.499628 1260261278961
191.32996 105.033325 -25.412075 -4.64972 0.6224556 -17.32774 1260261278964
188.56346 107.431656 -25.041471 -4.64972 0.6224556 -17.32774 1260261278974
188.56346 107.431656 -25.041471 -3.0430782 -11.422018 -2.7486625 1260261278983
182.73529 109.51007 -25.989397 -3.0430782 -11.422018 -2.7486625 1260261278986
182.73529 109.51007 -25.989397 -13.602692 -8.814488 -10.368155 1260261278994
173.59853 105.984566 -27.189928 -13.602692 -8.814488 -10.368155 1260261278997
173.59853 105.984566 -27.189928 -16.781181 0.5550084 -2.6843276 1260261279003
182.1186 103.03534 -27.880432 -16.781181 0.5550084 -2.6843276 1260261279007
182.1186 103.03534 -27.880432 -11.933393 -14.901778 9.057838 1260261279010
189.66267 99.83357 -28.23641 -11.933393 -14.901778 9.057838 1260261279018
189.66267 99.83357 -28.23641 -10.150973 -4.520788 1.3467369 1260261279021
196.82954 97.54189 -28.47459 -10.150973 -4.520788 1.3467369 1260261279039
196.82954 97.54189 -28.47459 -6.5088134 -11.0145645 13.129293 1260261279043
203.53807 98.7148 -28.60086 -6.5088134 -11.0145645 13.129293 1260261279054
203.53807 98.7148 -28.60086 -3.5986712 -1.7984247 1.6827362 1260261279057
209.71117 99.97906 -28.570818 -3.5986712 -1.7984247 1.6827362 1260261279063
209.71117 99.97906 -28.570818 -2.33981 -3.98737 -11.345086 1260261279066
209.42561 102.280106 -27.442278 -2.33981 -3.98737 -11.345086 1260261279077
209.42561 102.280106 -27.442278 -8.975094 -18.66123 -12.000229 1260261279085
209.90433 104.366104 -26.220163 -8.975094 -18.66123 -12.000229 1260261279088
209.90433 104.366104 -26.220163 -9.358248 -2.261507 -15.311363 1260261279097
210.55911 106.2978 -24.959156 -9.358248 -2.261507 -15.311363 1260261279102
210.55911 106.2978 -24.959156 1.4610587 -3.3065991 -2.3113327 1260261279110
211.03116 107.63291 -23.861198 1.4610587 -3.3065991 -2.3113327 1260261279120
211.03116 107.63291 -23.861198 8.683439 -16.337057 -6.4301286 1260261279124
212.1796 108.25127 -22.86814 8.683439 -16.337057 -6.4301286 1260261279142
212.1796 108.25127 -22.86814 6.798918 -19.7099 -6.501316 1260261279145
214.02061 108.188705 -21.974731 6.798918 -19.7099 -6.501316 1260261279156
214.02061 108.188705 -21.974731 -1.114305 -20.04509 -5.002404 1260261279159
217.31958 107.62927 -21.125996 -1.114305 -20.04509 -5.002404 1260261279173
217.31958 107.62927 -21.125996 -8.522093 -18.273977 -5.093992 1260261279180
220.9036 106.34781 -20.319696 -8.522093 -18.273977 -5.093992 1260261279201
220.9036 106.34781 -20.319696 -10.758303 -7.062044 2.1735415 1260261279205
224.25842 104.730415 -19.503712 -10.758303 -7.062044 2.1735415 1260261279214
224.25842 104.730415 -19.503712 -6.86214 -2.820569 -0.6156554 1260261279217
227.5455 102.79389 -18.728525 -6.86214 -2.820569 -0.6156554 1260261279236
227.5455 102.79389 -18.728525 0.39322758 -18.087051 -1.6864476 1260261279239
