196.03954 8.062916 -6.186622 -7.5364923 -11.028055 9.95313 1260261215195
196.03954 8.062916 -6.186622 4.458899 -12.4880085 5.8902016 1260261215204
201.03755 9.10977 -4.127291 4.458899 -12.4880085 5.8902016 1260261215207
201.03755 9.10977 -4.127291 12.732666 -6.9180765 10.430727 1260261215214
205.38568 10.604281 -2.2709267 12.732666 -6.9180765 10.430727 1260261215217
205.38568 10.604281 -2.2709267 -2.850092 3.7064877 7.1752977 1260261215224
210.1164 12.1740675 -0.45738032 -2.850092 3.7064877 7.1752977 1260261215228
210.1164 12.1740675 -0.45738032 1.1477075 -2.7501936 13.000794 1260261215232
216.51057 13.515364 1.1154888 1.1477075 -2.7501936 13.000794 1260261215238
216.51057 13.515364 1.1154888 14.399595 -14.762281 8.939059 1260261215246
206.08505 14.589596 2.3097143 14.399595 -14.762281 8.939059 1260261215250
206.08505 14.589596 2.3097143 12.624175 -16.046406 11.88833 1260261215254
196.53079 15.360116 3.4442286 12.624175 -16.046406 11.88833 1260261215258
196.53079 15.360116 3.4442286 2.949603 -10.368672 19.486343 1260261215265
187.65425 15.89211 4.4720173 2.949603 -10.368672 19.486343 1260261215270
187.65425 15.89211 4.4720173 -3.5389132 -4.634349 14.252244 1260261215274
179.42154 16.297504 5.2984166 -3.5389132 -4.634349 14.252244 1260261215277
179.42154 16.297504 5.2984166 -2.7847757 -0.7077966 7.998441 1260261215284
171.85046 16.73263 5.933496 -2.7847757 -0.7077966 7.998441 1260261215287
171.85046 16.73263 5.933496 1.028214 2.3270679 7.285714 1260261215294
164.70795 17.345999 6.436821 1.028214 2.3270679 7.285714 1260261215297
164.70795 17.345999 6.436821 4.9456615 3.7304206 10.906814 1260261215300
158.27255 18.5787 6.8649797 4.9456615 3.7304206 10.906814 1260261215307
158.27255 18.5787 6.8649797 7.728035 -3.6433003 14.426944 1260261215311
154.10892 21.149765 7.4717307 7.728035 -3.6433003 14.426944 1260261215315
154.10892 21.149765 7.4717307 11.122141 -13.122435 -2.0820107 1260261215319
156.30347 27.492277 7.8981442 11.122141 -13.122435 -2.0820107 1260261215355
156.30347 27.492277 7.8981442 12.255728 -11.619093 -6.7892485 1260261215365
159.38829 34.367664 8.053237 12.255728 -11.619093 -6.7892485 1260261215368
159.38829 34.367664 8.053237 12.466373 -5.5813956 -12.042285 1260261215374
162.56888 41.14928 8.050575 12.466373 -5.5813956 -12.042285 1260261215377
162.56888 41.14928 8.050575 12.294437 -0.2653606 -16.727097 1260261215380
163.49043 47.541817 7.8480463 12.294437 -0.2653606 -16.727097 1260261215389
163.49043 47.541817 7.8480463 11.107381 0.24551797 -19.366814 1260261215392
160.51591 53.164726 7.155644 11.107381 0.24551797 -19.366814 1260261215396
160.51591 53.164726 7.155644 5.8987365 -8.113245 -21.58945 1260261215404
155.09012 57.20649 5.4478617 5.8987365 -8.113245 -21.58945 1260261215410
155.09012 57.20649 5.4478617 -12.96014 -15.021957 -1.457232 1260261215413
148.93561 56.896164 3.4754686 -12.96014 -15.021957 -1.457232 1260261215418
148.93561 56.896164 3.4754686 -12.269064 -15.799956 -3.911058 1260261215425
142.78883 55.951355 1.9516952 -12.269064 -15.799956 -3.911058 1260261215434
142.78883 55.951355 1.9516952 -1.8394976 -9.075651 12.187928 1260261215437
136.7994 54.853786 0.70411044 -1.8394976 -9.075651 12.187928 1260261215448
136.7994 54.853786 0.70411044 -4.157199 -5.244111 19.042961 1260261215454
130.95943 54.1611 -0.28109506 -4.157199 -5.244111 19.042961 1260261215457
130.95943 54.1611 -0.28109506 -9.351707 -7.0613155 7.247435 1260261215460
125.76145 55.503044 -0.5670403 -9.351707 -7.0613155 7.247435 1260261215467
125.76145 55.503044 -0.5670403 -6.5442643 -3.5474405 5.547281 1260261215471
130.32338 59.72789 0.16131169 -6.5442643 -3.5474405 5.547281 1260261215474
130.32338 59.72789 0.16131169 5.428566 -10.078124 -21.365803 1260261215479
137.0572 64.641495 1.0032461 5.428566 -10.078124 -21.365803 1260261215486
137.0572 64.641495 1.0032461 15.591307 -18.71553 -22.698395 1260261215491
143.85434 69.50942 1.8030838 15.591307 -18.71553 -22.698395 1260261215497
143.85434 69.50942 1.8030838 17.136948 -11.760691 -25.673258 1260261215507
149.36162 74.083954 2.4129295 17.136948 -11.760691 -25.673258 1260261215513
149.36162 74.083954 2.4129295 11.48336 2.7917252 -21.22321 1260261215516
151.14354 78.12975 2.492283 11.48336 2.7917252 -21.22321 1260261215526
151.14354 78.12975 2.492283 6.8516226 -9.504903 -4.7047367 1260261215529
145.98636 80.573265 1.017669 6.8516226 -9.504903 -4.7047367 1260261215538
145.98636 80.573265 1.017669 5.342204 3.4986691 -0.2491374 1260261215546
139.18704 78.1946 -0.8332146 5.342204 3.4986691 -0.2491374 1260261215552
139.18704 78.1946 -0.8332146 -13.613653 -9.132183 0.29522228 1260261215560
132.67769 75.48487 -2.341554 -13.613653 -9.132183 0.29522228 1260261215572
132.67769 75.48487 -2.341554 -15.325146 -7.3177457 5.388371 1260261215575
126.4438 72.960625 -3.6744764 -15.325146 -7.3177457 5.388371 1260261215583
126.4438 72.960625 -3.6744764 -3.6430907 -1.0526314 19.82321 1260261215587
120.42161 70.862595 -4.9907527 -3.6430907 -1.0526314 19.82321 1260261215606
120.42161 70.862595 -4.9907527 1.4139977 -17.860373 10.790511 1260261215609
114.600525 69.46947 -6.141215 1.4139977 -17.860373 10.790511 1260261215624
114.600525 69.46947 -6.141215 -4.9195795 -12.5948715 16.684944 1260261215631
109.070496 69.09599 -6.834154 -4.9195795 -12.5948715 16.684944 1260261215797
109.070496 69.09599 -6.834154 -9.502559 -11.349801 12.543327 1260261215808
121.41697 69.79119 -6.8424463 -9.502559 -11.349801 12.543327 1260261215815
121.41697 69.79119 -6.8424463 -7.0382347 -21.319496 6.887912 1260261215818
131.94612 71.20163 -6.350324 -7.0382347 -21.319496 6.887912 1260261215825
131.94612 71.20163 -6.350324 0.48664272 -27.593517 -7.369735 1260261215828
141.04881 73.04155 -5.532808 0.48664272 -27.593517 -7.369735 1260261215832
141.04881 73.04155 -5.532808 10.75525 -14.811752 -11.063944 1260261215838
149.14638 75.38947 -4.456167 10.75525 -14.811752 -11.063944 1260261215847
149.14638 75.38947 -4.456167 16.698856 -22.524021 -13.352531 1260261215851
156.58907 77.97 -3.2833588 16.698856 -22.524021 -13.352531 1260261215854
156.58907 77.97 -3.2833588 10.305987 -27.406313 -5.778409 1260261215859
163.45961 80.721504 -2.169191 10.305987 -27.406313 -5.778409 1260261215866
163.45961 80.721504 -2.169191 1.0420914 -12.185055 -19.63355 1260261215893
169.53664 83.58543 -1.1107314 1.0420914 -12.185055 -19.63355 1260261215897
169.53664 83.58543 -1.1107314 -0.40451813 -26.96739 -18.979876 1260261215899
174.75981 86.356155 -0.25519478 -0.40451813 -26.96739 -18.979876 1260261215944
174.75981 86.356155 -0.25519478 3.914091 -5.1212234 -16.21095 1260261215957
179.47182 88.83835 0.557565 3.914091 -5.1212234 -16.21095 1260261215965
179.47182 88.83835 0.557565 9.421319 -18.233307 -4.82246 1260261215968
181.09822 91.34643 0.82968676 9.421319 -18.233307 -4.82246 1260261215974
181.09822 91.34643 0.82968676 8.482727 -5.6633644 -15.6061535 1260261215977
178.7933 93.7291 0.38820243 8.482727 -5.6633644 -15.6061535 1260261215984
178.7933 93.7291 0.38820243 2.538197 -0.6853161 1.5987849 1260261215989
171.55363 96.79265 -1.4812077 2.538197 -0.6853161 1.5987849 1260261215993
171.55363 96.79265 -1.4812077 -13.301989 -7.9858723 -4.7024093 1260261215998
180.07596 100.70302 -4.5071473 -13.301989 -7.9858723 -4.7024093 1260261216003
180.07596 100.70302 -4.5071473 2.8522434 -2.3588328 -5.4954576 1260261216008
188.17216 95.36787 -7.73179 2.8522434 -2.3588328 -5.4954576 1260261216012
188.17216 95.36787 -7.73179 -19.83323 -7.7044873 4.2795453 1260261216015
196.36356 90.54948 -10.245201 -19.83323 -7.7044873 4.2795453 1260261216023
196.36356 90.54948 -10.245201 -7.296752 -4.769672 14.635817 1260261216026
204.29538 86.372 -12.482941 -7.296752 -4.769672 14.635817 1260261216035
204.29538 86.372 -12.482941 -17.298397 6.937399 12.3042555 1260261216038
211.78061 82.8034 -14.608793 -17.298397 6.937399 12.3042555 1260261216051
211.78061 82.8034 -14.608793 -28.166374 -15.190163 10.367278 1260261216057
218.89159 79.96323 -16.628353 -28.166374 -15.190163 10.367278 1260261216060
218.89159 79.96323 -16.628353 -9.866381 0.064165115 8.948294 1260261216069
225.847 77.965065 -18.196936 -9.866381 0.064165115 8.948294 1260261216072
225.847 77.965065 -18.196936 -7.519275 -16.809488 -3.3342676 1260261216078
215.00465 80.16681 -18.887089 -7.519275 -16.809488 -3.3342676 1260261216083
215.00465 80.16681 -18.887089 -8.485463 -3.3318653 -0.34889555 1260261216089
220.10442 81.60847 -18.292734 -8.485463 -3.3318653 -0.34889555 1260261216095
220.10442 81.60847 -18.292734 2.904611 -15.848146 3.17623 1260261216106
223.0992 83.42805 -16.978098 2.904611 -15.848146 3.17623 1260261216110
223.0992 83.42805 -16.978098 12.438578 -30.40629 -9.97995 1260261216115
225.89424 85.60664 -15.479193 12.438578 -30.40629 -9.97995 1260261216126
225.89424 85.60664 -15.479193 4.3289404 -17.163307 -9.869503 1260261216129
228.69952 88.02631 -13.955233 4.3289404 -17.163307 -9.869503 1260261216133
228.69952 88.02631 -13.955233 -0.44452095 -25.44798 -20.55399 1260261216140
231.16455 90.575 -12.507471 -0.44452095 -25.44798 -20.55399 1260261216153
231.16455 90.575 -12.507471 9.607172 -27.900951 -33.65984 1260261216165
233.10632 93.14625 -11.232098 9.607172 -27.900951 -33.65984 1260261216173
233.10632 93.14625 -11.232098 16.51439 -10.436819 -22.93332 1260261216177
234.151 95.688934 -10.170493 16.51439 -10.436819 -22.93332 1260261216187
234.151 95.688934 -10.170493 11.157609 -24.849968 -21.279491 1260261216195
233.19345 98.05449 -9.561969 11.157609 -24.849968 -21.279491 1260261216203
233.19345 98.05449 -9.561969 2.0485148 -5.7062793 -8.106497 1260261216210
228.88377 100.301765 -9.533871 2.0485148 -5.7062793 -8.106497 1260261216223
228.88377 100.301765 -9.533871 -1.26209 -6.694787 -21.132378 1260261216230
221.28958 102.686676 -10.257177 -1.26209 -6.694787 -21.132378 1260261216243
221.28958 102.686676 -10.257177 2.3851118 -14.586023 -5.374604 1260261216246
211.6251 105.50234 -11.594318 2.3851118 -14.586023 -5.374604 1260261216266
211.6251 105.50234 -11.594318 1.516604 5.523265 -6.2809553 1260261216269
201.24385 108.577225 -13.114603 1.516604 5.523265 -6.2809553 1260261216283
201.24385 108.577225 -13.114603 -12.244621 -11.934859 -9.075852 1260261216290
208.98166 111.598366 -14.608873 -12.244621 -11.934859 -9.075852 1260261216308
208.98166 111.598366 -14.608873 -16.193733 7.786161 -8.015079 1260261216312
198.93257 114.16845 -15.97843 -16.193733 7.786161 -8.015079 1260261216324
198.93257 114.16845 -15.97843 -4.9545393 -11.843444 -12.274914 1260261216327
190.38594 116.06003 -17.029509 -4.9545393 -11.843444 -12.274914 1260261216347
190.38594 116.06003 -17.029509 2.360093 -7.2873654 -5.3711143 1260261216350
182.61664 117.107025 -17.978033 2.360093 -7.2873654 -5.3711143 1260261216368
182.61664 117.107025 -17.978033 0.485559 -0.7346859 -9.470318 1260261216371
175.0858 117.301674 -18.629131 0.485559 -0.7346859 -9.470318 1260261216384
175.0858 117.301674 -18.629131 -4.803666 -3.0014687 -5.469326 1260261216394
167.78151 114.53659 -18.847675 -4.803666 -3.0014687 -5.469326 1260261216406
167.78151 114.53659 -18.847675 -6.3286524 -24.329971 5.834584 1260261216589
160.84244 111.65976 -18.65529 -6.3286524 -24.329971 5.834584 1260261216629
160.84244 111.65976 -18.65529 -3.406467 -6.876419 10.811459 1260261216648
154.40031 108.77677 -18.222527 -3.406467 -6.876419 10.811459 1260261216655
154.40031 108.77677 -18.222527 2.0589554 -26.790985 9.186968 1260261216660
148.3803 105.98793 -17.5614 2.0589554 -26.790985 9.186968 1260261216668
148.3803 105.98793 -17.5614 7.694998 -9.709797 14.287518 1260261216672
142.71127 103.18853 -16.683329 7.694998 -9.709797 14.287518 1260261216676
142.71127 103.18853 -16.683329 8.167969 -18.793673 16.97358 1260261216684
137.4257 100.2291 -15.649162 8.167969 -18.793673 16.97358 1260261216691
137.4257 100.2291 -15.649162 0.5273306 -8.377745 2.4953642 1260261216695
132.35442 97.117645 -14.466704 0.5273306 -8.377745 2.4953642 1260261216698
132.35442 97.117645 -14.466704 -7.3385935 -11.3064375 13.951251 1260261216706
127.5367 93.96176 -13.0933695 -7.3385935 -11.3064375 13.951251 1260261216709
127.5367 93.96176 -13.0933695 -2.2319994 -3.9499145 17.551512 1260261216715
123.009865 91.063675 -11.438701 -2.2319994 -3.9499145 17.551512 1260261216718
123.009865 91.063675 -11.438701 12.272181 -6.20514 3.0342946 1260261216727
118.609375 88.71049 -9.566766 12.272181 -6.20514 3.0342946 1260261216730
118.609375 88.71049 -9.566766 5.2549887 -12.657127 -2.1949239 1260261216734
114.478905 86.87496 -7.6384273 5.2549887 -12.657127 -2.1949239 1260261216739
114.478905 86.87496 -7.6384273 -5.541585 2.190371 4.198127 1260261216763
110.454956 85.38121 -5.8065057 -5.541585 2.190371 4.198127 1260261216774
110.454956 85.38121 -5.8065057 8.446449 -1.6602921 -5.1792755 1260261216778
106.88221 84.21215 -4.2161803 8.446449 -1.6602921 -5.1792755 1260261216789
106.88221 84.21215 -4.2161803 12.281934 -12.962303 4.925228 1260261216792
103.9381 85.801544 -2.7053711 12.281934 -12.962303 4.925228 1260261216795
103.9381 85.801544 -2.7053711 -0.6402452 0.9529867 4.42718 1260261216798
106.8912 87.711464 -1.2701025 -0.6402452 0.9529867 4.42718 1260261216802
106.8912 87.711464 -1.2701025 -5.8598566 -4.124357 0.086027145 1260261216816
112.496635 90.37589 0.043402623 -5.8598566 -4.124357 0.086027145 1260261216826
112.496635 90.37589 0.043402623 4.2661505 -12.244397 -13.191521 1260261216832
119.67181 93.8571 1.1912324 4.2661505 -12.244397 -13.191521 1260261216836
119.67181 93.8571 1.1912324 13.760656 -0.38135266 -6.707982 1260261216839
128.13821 97.664246 2.2316709 13.760656 -0.38135266 -6.707982 1260261216847
128.13821 97.664246 2.2316709 13.225666 0.017617702 -7.612926 1260261216853
137.5813 101.53104 3.2700872 13.225666 0.017617702 -7.612926 1260261216856
137.5813 101.53104 3.2700872 5.390945 -9.853994 -20.846024 1260261216859
145.55223 104.95448 4.306583 5.390945 -9.853994 -20.846024 1260261216869
145.55223 104.95448 4.306583 -2.41184 6.533675 -13.240166 1260261216873
149.67462 107.10676 5.241254 -2.41184 6.533675 -13.240166 1260261216880
149.67462 107.10676 5.241254 -3.639524 -9.350959 -4.3503184 1260261216884
144.19089 105.75142 5.4791913 -3.639524 -9.350959 -4.3503184 1260261216886
144.19089 105.75142 5.4791913 -4.878048 -3.9549627 3.321539 1260261216889
138.48134 103.613846 5.105232 -4.878048 -3.9549627 3.321539 1260261216898
138.48134 103.613846 5.105232 -9.802599 -18.499422 5.2579155 1260261216906
132.85727 101.08315 4.5999703 -9.802599 -18.499422 5.2579155 1260261216916
132.85727 101.08315 4.5999703 -12.026358 -24.535976 13.760363 1260261216920
127.414406 98.379 4.069972 -12.026358 -24.535976 13.760363 1260261216925
127.414406 98.379 4.069972 -10.298033 -9.787819 19.622368 1260261216928
122.24368 95.960045 3.5664735 -10.298033 -9.787819 19.622368 1260261216938
122.24368 95.960045 3.5664735 -5.8375654 -23.0909 12.509326 1260261216942
117.3815 94.71204 3.0881498 -5.8375654 -23.0909 12.509326 1260261216945
117.3815 94.71204 3.0881498 -0.44355386 -12.601167 -6.162306 1260261216947
118.86243 97.37644 2.9837422 -0.44355386 -12.601167 -6.162306 1260261216955
118.86243 97.37644 2.9837422 1.6222401 -4.893835 2.077198 1260261216959
124.819305 100.95762 3.184555 1.6222401 -4.893835 2.077198 1260261216983
124.819305 100.95762 3.184555 1.7583537 -7.4605904 -26.42902 1260261216986
132.97835 104.45974 3.5753274 1.7583537 -7.4605904 -26.42902 1260261216992
132.97835 104.45974 3.5753274 0.48510408 3.2100222 -18.199015 1260261216995
140.72943 107.63676 4.0465612 0.48510408 3.2100222 -18.199015 1260261217012
140.72943 107.63676 4.0465612 -1.4414163 -12.889559 -30.296625 1260261217016
147.29295 110.25492 4.594233 -1.4414163 -12.889559 -30.296625 1260261217032
147.29295 110.25492 4.594233 -3.3573484 -5.651556 -21.778265 1260261217036
152.4283 111.99217 5.0645213 -3.3573484 -5.651556 -21.778265 1260261217052
152.4283 111.99217 5.0645213 -4.431545 -2.888729 -14.404596 1260261217055
162.40689 111.89256 5.111295 -4.431545 -2.888729 -14.404596 1260261217072
162.40689 111.89256 5.111295 -7.287162 -7.1391087 -4.3173456 1260261217076
154.73654 109.897934 4.5557303 -7.287162 -7.1391087 -4.3173456 1260261217102
154.73654 109.897934 4.5557303 -11.968208 -20.615364 7.6692057 1260261217106
147.49971 106.95303 3.7779438 -11.968208 -20.615364 7.6692057 1260261217124
147.49971 106.95303 3.7779438 -10.985907 -21.896168 7.7076283 1260261217127
140.62473 103.55538 2.8390467 -10.985907 -21.896168 7.7076283 1260261217142
140.62473 103.55538 2.8390467 -3.835768 -18.14389 28.863186 1260261217145
133.99348 99.977615 1.7970943 -3.835768 -18.14389 28.863186 1260261217162
133.99348 99.977615 1.7970943 3.6252851 -4.6972203 12.880131 1260261217165
127.89381 97.62874 0.3572396 3.6252851 -4.6972203 12.880131 1260261217184
127.89381 97.62874 0.3572396 0.81184983 -2.2802262 -6.6040516 1260261217356
131.99911 100.5973 0.63937765 0.81184983 -2.2802262 -6.6040516 1260261217367
131.99911 100.5973 0.63937765 7.0870743 -5.6346316 -3.7576518 1260261217377
137.89915 103.51743 1.1574088 7.0870743 -5.6346316 -3.7576518 1260261217387
137.89915 103.51743 1.1574088 13.305771 -9.563755 -24.687794 1260261217390
143.6042 105.99156 1.6995385 13.305771 -9.563755 -24.687794 1260261217394
143.6042 105.99156 1.6995385 15.098934 -4.735295 -24.01057 1260261217399
149.07399 107.941986 2.1645615 15.098934 -4.735295 -24.01057 1260261217408
149.07399 107.941986 2.1645615 12.78079 -22.896748 -21.949764 1260261217412
154.72029 109.34489 2.4063334 12.78079 -22.896748 -21.949764 1260261217415
154.72029 109.34489 2.4063334 8.807375 -18.519444 -7.012741 1260261217420
148.88428 110.077644 1.8860167 8.807375 -18.519444 -7.012741 1260261217426
148.88428 110.077644 1.8860167 7.5737305 -8.655833 -3.440336 1260261217433
141.44006 106.92376 -0.30828425 7.5737305 -8.655833 -3.440336 1260261217436
141.44006 106.92376 -0.30828425 -8.026707 -6.6155024 10.058306 1260261217439
151.51807 101.77757 -2.6428702 -8.026707 -6.6155024 10.058306 1260261217447
151.51807 101.77757 -2.6428702 -12.7097645 -10.133974 4.7225003 1260261217451
160.89217 96.23869 -4.610727 -12.7097645 -10.133974 4.7225003 1260261217457
160.89217 96.23869 -4.610727 -1.2558403 -6.4688993 12.200875 1260261217459
169.29756 90.876755 -6.5801907 -1.2558403 -6.4688993 12.200875 1260261217470
169.29756 90.876755 -6.5801907 -15.752897 1.1763256 3.5415535 1260261217474
176.68268 86.03291 -9.051181 -15.752897 1.1763256 3.5415535 1260261217500
176.68268 86.03291 -9.051181 -19.049389 10.993857 13.586789 1260261217506
183.64854 82.031265 -12.048622 -19.049389 10.993857 13.586789 1260261217512
183.64854 82.031265 -12.048622 -13.169456 -5.456609 14.755406 1260261217515
190.41612 78.9297 -14.896191 -13.169456 -5.456609 14.755406 1260261217518
190.41612 78.9297 -14.896191 -24.789192 -2.7993295 8.6082735 1260261217526
196.79532 82.483215 -17.101381 -24.789192 -2.7993295 8.6082735 1260261217529
196.79532 82.483215 -17.101381 -6.9297295 -16.78096 -2.619023 1260261217534
202.45555 85.40906 -18.546312 -6.9297295 -16.78096 -2.619023 1260261217544
202.45555 85.40906 -18.546312 -11.225092 -6.9334774 -13.798703 1260261217552
205.48277 87.9886 -19.068996 -11.225092 -6.9334774 -13.798703 1260261217556
205.48277 87.9886 -19.068996 -12.866133 -15.3674555 -2.8595228 1260261217563
207.10863 90.53917 -19.015547 -12.866133 -15.3674555 -2.8595228 1260261217567
207.10863 90.53917 -19.015547 -10.200069 -22.915733 -26.82624 1260261217572
208.8532 93.01221 -18.614769 -10.200069 -22.915733 -26.82624 1260261217575
208.8532 93.01221 -18.614769 -4.0400105 -11.557392 -20.95884 1260261217578
210.71054 95.361595 -18.03403 -4.0400105 -11.557392 -20.95884 1260261217597
210.71054 95.361595 -18.03403 2.5860424 -31.840038 -23.976896 1260261217606
212.52501 97.64352 -17.43233 2.5860424 -31.840038 -23.976896 1260261217609
212.52501 97.64352 -17.43233 6.293201 -19.764519 -28.337488 1260261217613
213.89876 99.91134 -16.810713 6.293201 -19.764519 -28.337488 1260261217620
213.89876 99.91134 -16.810713 6.0083313 -12.8869915 -27.693684 1260261217631
213.75381 102.215775 -16.470177 6.0083313 -12.8869915 -27.693684 1260261217635
213.75381 102.215775 -16.470177 2.8717172 -22.362436 -17.758108 1260261217640
209.66612 104.70499 -16.846668 2.8717172 -22.362436 -17.758108 1260261217653
209.66612 104.70499 -16.846668 3.5737448 2.3254647 -8.1246395 1260261217656
215.48282 99.66974 -19.854336 3.5737448 2.3254647 -8.1246395 1260261217667
215.48282 99.66974 -19.854336 -15.081804 6.9715996 4.8677464 1260261217670
220.70868 94.38625 -20.66162 -15.081804 6.9715996 4.8677464 1260261217682
220.70868 94.38625 -20.66162 -18.314898 0.1455282 9.911942 1260261217687
226.02324 89.91694 -20.928537 -18.314898 0.1455282 9.911942 1260261217702
226.02324 89.91694 -20.928537 -18.082188 -10.811439 20.857735 1260261217706
231.27208 86.47109 -21.13211 -18.082188 -10.811439 20.857735 1260261217722
231.27208 86.47109 -21.13211 -17.322695 1.3942261 18.642319 1260261217725
236.25848 84.39754 -21.375505 -17.322695 1.3942261 18.642319 1260261217742
236.25848 84.39754 -21.375505 -15.670296 -20.062418 19.464043 1260261217746
240.79556 83.527664 -21.45673 -15.670296 -20.062418 19.464043 1260261217762
240.79556 83.527664 -21.45673 -13.681322 -30.07899 3.6831002 1260261217766
244.15579 85.20128 -21.183893 -13.681322 -30.07899 3.6831002 1260261217782
244.15579 85.20128 -21.183893 -13.889616 -18.11874 -2.6238728 1260261217786
245.048 87.441216 -20.674698 -13.889616 -18.11874 -2.6238728 1260261217802
245.048 87.441216 -20.674698 -14.306318 -14.8786125 -18.003422 1260261217805
243.9456 90.119156 -19.990963 -14.306318 -14.8786125 -18.003422 1260261217822
243.9456 90.119156 -19.990963 -11.974936 -24.466991 -22.229763 1260261217825
241.79832 92.963196 -19.341415 -11.974936 -24.466991 -22.229763 1260261217842
241.79832 92.963196 -19.341415 -7.420376 -3.5516138 -17.651249 1260261217846
238.4584 95.91504 -18.824345 -7.420376 -3.5516138 -17.651249 1260261217862
238.4584 95.91504 -18.824345 -3.0354595 -19.87436 -19.726032 1260261217866
233.53548 98.91929 -18.533127 -3.0354595 -19.87436 -19.726032 1260261217882
233.53548 98.91929 -18.533127 -1.3362379 2.1235561 -17.024693 1260261217885
226.6587 102.02332 -18.60647 -1.3362379 2.1235561 -17.024693 1260261217902
226.6587 102.02332 -18.60647 -3.2935956 -15.204387 -13.705859 1260261217905
218.12578 105.22216 -18.976147 -3.2935956 -15.204387 -13.705859 1260261217922
218.12578 105.22216 -18.976147 -7.8840084 6.1747866 -13.281553 1260261217925
208.4195 108.56105 -19.67734 -7.8840084 6.1747866 -13.281553 1260261217942
208.4195 108.56105 -19.67734 -14.803585 -11.637002 -12.875006 1260261218153
215.04852 106.733 -19.093473 -14.803585 -11.637002 -12.875006 1260261218156
215.04852 106.733 -19.093473 -5.703744 -21.052656 15.961905 1260261218159
221.2461 105.09635 -18.438799 -5.703744 -21.052656 15.961905 1260261218167
221.2461 105.09635 -18.438799 1.7883999 -9.156258 3.519186 1260261218178
227.28378 103.64153 -17.816858 1.7883999 -9.156258 3.519186 1260261218186
227.28378 103.64153 -17.816858 6.7261868 -16.212559 -1.2745297 1260261218189
233.16959 102.35946 -17.226015 6.7261868 -16.212559 -1.2745297 1260261218202
233.16959 102.35946 -17.226015 8.274512 -23.083126 2.6105757 1260261218205
239.26111 101.241486 -16.764715 8.274512 -23.083126 2.6105757 1260261218221
239.26111 101.241486 -16.764715 6.967138 -17.873793 -2.2089174 1260261218225
