100.23091 20.249107 13.289494 1260255650897
99.31937 21.536652 13.625019 1260255650904
98.6034 22.909819 13.893768 1260255650918
98.02323 24.364328 14.09908 1260255650924
97.72207 26.046112 14.094126 1260255650937
98.035965 28.193806 14.039419 1260255650949
99.33417 32.034115 14.037448 1260255650980
101.91746 36.73241 14.1855755 1260255650993
105.32159 42.09579 14.326297 1260255651002
109.60551 47.791 14.509982 1260255651013
114.725235 53.551453 14.684483 1260255651022
119.88898 59.17388 14.800259 1260255651037
124.74453 64.565186 14.8102455 1260255651048
128.75731 69.68693 14.669733 1260255651059
131.31944 74.50258 14.3362465 1260255651072
131.00346 78.72745 13.619434 1260255651089
128.7533 81.59107 12.238462 1260255651109
125.81563 80.86152 10.47654 1260255651132
122.574844 79.61845 8.902713 1260255651151
119.296104 78.13753 7.557577 1260255651169
116.0813 76.58065 6.3796983 1260255651190
112.977234 74.951614 5.3607135 1260255651210
110.07837 73.354034 4.392678 1260255651229
107.37445 71.88633 3.473044 1260255651247
105.00573 70.69202 2.5493917 1260255651267
103.05544 70.20741 1.6719222 1260255651292
102.10267 71.697044 1.0883261 1260255651307
102.89754 74.61219 1.0339098 1260255651330
105.75266 78.631584 1.3822143 1260255651347
111.06503 83.00001 1.9131036 1260255651367
116.91178 87.25001 2.4674485 1260255651387
122.466194 91.287506 2.944076 1260255651407
127.292885 95.07313 3.3968723 1260255651582
131.27824 98.61947 3.7270286 1260255651593
134.51433 101.988495 3.9406772 1260255651603
136.63861 105.18907 3.9936433 1260255651614
136.40668 107.97962 3.743961 1260255651623
134.48634 109.480644 2.906763 1260255651634
131.56203 109.40661 1.9114249 1260255651641
127.88393 107.33628 1.1658536 1260255651652
123.98973 105.069466 0.75756097 1260255651663
120.09024 102.815994 0.6196829 1260255651678
116.28573 100.62519 0.68869877 1260255651689
112.82144 98.493935 0.95426387 1260255651698
109.78037 96.51924 1.3065506 1260255651709
107.29135 94.79328 1.7412231 1260255651720
106.02679 93.80362 2.154162 1260255651736
106.32545 94.56344 2.1464539 1260255651745
104.90917 97.13527 1.2391311 1260255651759
100.51371 100.37851 -0.4228255 1260255651776
95.68803 103.60958 -2.7016842 1260255651789
91.10362 106.5791 -5.2666 1260255651811
86.84844 109.40015 -7.80327 1260255651833
82.60602 112.13014 -10.013106 1260255651852
96.42572 114.873634 -11.512451 1260255651869
92.154434 117.579956 -12.136828 1260255651892
92.44672 119.900955 -11.829987 1260255651913
95.17438 120.60591 -10.988487 1260255651929
94.86566 119.325615 -10.189063 1260255651951
93.122375 117.30933 -9.62961 1260255651967
91.01626 115.19387 -9.148129 1260255651995
88.76544 113.18417 -8.690723 1260255652008
86.52717 111.32497 -8.206187 1260255652031
84.70081 109.75872 -7.695878 1260255652049
83.615776 108.62078 -7.211084 1260255652068
83.78499 108.089745 -6.8005295 1260255652090
85.34574 108.18526 -6.460503 1260255652111
87.628456 109.076 -6.187478 1260255652134
90.44704 110.772194 -5.878104 1260255652148
93.974686 113.08359 -5.484199 1260255652170
98.42595 115.72941 -5.0099893 1260255652192
103.654655 118.39294 -4.50949 1260255652360
108.82192 121.02329 -4.0340157 1260255652377
112.680824 123.522125 -3.6823149 1260255652389
114.446785 125.79602 -3.4981992 1260255652398
115.07445 127.70622 -3.4732893 1260255652404
115.220726 129.0209 -3.6496248 1260255652415
114.95969 129.41986 -4.0171437 1260255652424
113.7617 128.84886 -4.5662866 1260255652436
111.47362 127.60642 -5.0379725 1260255652449
108.49994 124.8761 -5.486074 1260255652461
105.32494 122.13229 -5.8117704 1260255652472
102.108696 119.37568 -6.021182 1260255652481
99.00326 116.6569 -6.220123 1260255652492
96.15309 114.124054 -6.3591166 1260255652501
93.64544 111.81785 -6.491161 1260255652517
91.61317 109.82696 -6.516603 1260255652531
90.482506 108.33561 -6.440773 1260255652542
90.30838 107.36883 -6.1187344 1260255652556
91.79296 107.15038 -5.8127975 1260255652573
94.053314 107.342865 -5.3721576 1260255652588
