95.70096 27.189116 6.901989 1260255566789
96.51591 29.32966 7.3068895 1260255566801
98.99011 33.663177 7.991545 1260255566810
102.59061 38.88002 8.641968 1260255566822
106.961075 44.63602 9.109869 1260255566830
111.51302 50.45422 9.404375 1260255566842
116.137375 56.181507 9.584156 1260255566849
121.080505 61.872433 9.654948 1260255566860
126.47648 67.42881 9.622201 1260255566869
132.35266 72.85737 9.491091 1260255566880
133.58502 77.9645 9.066536 1260255566889
130.60577 81.71628 8.013209 1260255566924
127.67548 83.180466 6.5625486 1260255566935
124.49171 81.92144 5.334421 1260255566946
121.26712 80.42537 4.3177 1260255566952
118.053764 78.8041 3.401815 1260255566962
114.90108 77.063896 2.5817242 1260255566982
111.856026 75.3107 1.8026379 1260255566990
109.063225 73.645164 1.062506 1260255567008
106.46006 72.1629 0.35938063 1260255567019
104.23706 71.20476 -0.25858843 1260255567028
102.725204 71.04452 -0.795659 1260255567042
102.43894 72.54229 -1.055876 1260255567052
104.216995 75.86517 -0.8030822 1260255567063
108.10615 80.12192 -0.3129281 1260255567073
114.00084 84.56582 0.3027183 1260255567087
120.9508 88.987526 0.93758243 1260255567100
128.30325 93.28815 1.5907032 1260255567122
135.63809 97.37374 2.161168 1260255567138
142.40619 101.25505 2.6531098 1260255567159
146.88588 104.6923 3.0704544 1260255567180
148.19159 107.057686 3.3669317 1260255567204
147.28201 107.4548 3.498585 1260255567219
144.41791 106.73206 3.4736557 1260255567238
140.34702 105.19546 3.4499729 1260255567261
135.77966 103.28568 3.3774743 1260255567279
131.19067 101.1214 3.2586005 1260255567298
126.73114 98.71533 3.0956705 1260255567473
122.544586 96.37956 2.890887 1260255567489
118.867355 94.26058 2.6963427 1260255567500
116.02399 92.697556 2.4615257 1260255567507
114.472786 92.162674 1.9384494 1260255567519
112.19915 94.50454 0.54152685 1260255567528
107.13919 97.97931 -1.5355494 1260255567540
101.93223 101.43034 -3.958772 1260255567549
97.58562 104.40883 -6.4108334 1260255567560
93.906334 106.938385 -8.640291 1260255567571
90.81102 109.141464 -10.608276 1260255567586
88.02047 111.18439 -12.427863 1260255567594
85.369446 113.12517 -13.9564705 1260255567607
83.45097 114.81891 -14.958647 1260255567615
83.978424 115.77796 -14.910714 1260255567630
86.579506 115.689064 -13.7151785 1260255567643
87.10053 115.20461 -12.329419 1260255567652
84.79551 113.29438 -11.062948 1260255567665
81.855736 111.37966 -10.009801 1260255567686
78.76295 109.51068 -9.159311 1260255567698
75.8248 107.68515 -8.451345 1260255567721
73.183556 106.10089 -7.8287783 1260255567740
71.97438 105.14584 -7.3373394 1260255567762
74.12566 105.13855 -7.0204725 1260255567779
77.21938 106.23162 -6.8694487 1260255567797
80.35841 108.27004 -6.725976 1260255567820
83.19049 110.70654 -6.5896773 1260255567838
85.68097 113.32121 -6.4101934 1260255567861
88.24692 115.955154 -6.189684 1260255567879
90.884575 118.4574 -5.9802 1260255567898
93.34035 120.73453 -5.78119 1260255567919
95.47333 122.6978 -5.6421304 1260255567942
96.89966 124.26291 -5.710024 1260255567963
97.75468 125.19976 -5.9745226 1260255567988
97.766945 125.13977 -6.5257964 1260255568001
96.1786 124.33278 -7.1495066 1260255568021
93.41967 121.41614 -7.642031 1260255568044
90.34869 118.34533 -7.9599295 1260255568058
