249.83961 -2.5218942 49.537838 1260261077947
239.79764 -5.2957997 48.260944 1260261077955
230.10776 -13.58101 46.097897 1260261077968
222.45236 -4.251959 43.693 1260261077998
214.72974 4.3106394 41.20835 1260261078018
207.94325 12.245108 38.847935 1260261078032
202.0461 19.682852 36.655537 1260261078045
197.19379 26.64871 34.72276 1260261078054
193.5341 33.266273 33.03662 1260261078067
191.5074 39.55296 31.63479 1260261078078
190.68204 45.47531 30.553051 1260261078092
190.09793 50.901546 29.775398 1260261078110
187.74303 55.55647 29.236628 1260261078123
183.25587 59.328644 28.824797 1260261078146
177.99309 62.06221 28.333557 1260261078170
172.69344 62.9091 27.466879 1260261078183
167.60876 63.563644 26.193535 1260261078204
162.87833 63.385464 24.333858 1260261078226
158.7344 61.91619 21.717165 1260261078248
155.49768 59.17038 18.631308 1260261078262
153.0228 55.41186 15.4997425 1260261078282
151.02165 51.041267 12.574756 1260261078308
149.37057 46.489204 9.846018 1260261078322
148.15204 42.064743 7.103717 1260261078342
147.49443 38.061504 4.248531 1260261078362
148.1197 28.658428 1.0861043 1260261078382
150.76372 19.025507 -2.218201 1260261078403
155.77553 9.124231 -5.057291 1260261078422
162.53676 17.11802 -7.0044265 1260261078447
170.55992 24.362118 -8.354205 1260261078461
179.93193 31.144012 -8.936495 1260261078482
173.43533 37.53681 -8.88967 1260261078502
170.26357 43.75997 -8.345187 1260261078680
170.40039 49.721973 -7.427928 1260261078697
172.48038 55.435875 -6.2565317 1260261078706
175.90636 60.91408 -4.9937053 1260261078715
179.91104 66.11838 -3.5940201 1260261078726
183.81549 70.91246 -2.164319 1260261078736
186.72472 75.16684 -0.7061031 1260261078747
187.68848 78.6085 0.72920203 1260261078755
185.50406 81.028076 1.992742 1260261078768
180.72885 82.676674 3.043105 1260261078779
175.3424 81.94284 3.7409496 1260261078794
169.87529 80.6457 4.253902 1260261078807
164.58153 78.76341 4.691207 1260261078813
159.55244 76.42524 4.9566464 1260261078819
154.57483 73.55398 5.408814 1260261078833
