123.864586 46.21284 42.700268 1260179258786
130.22136 52.7522 41.915253 1260179258819
135.9603 58.964592 40.86949 1260179258836
143.01228 47.116364 39.776016 1260179258851
150.46167 36.010544 38.787216 1260179258859
158.13858 25.560017 37.847855 1260179258874
164.53165 15.482016 36.90546 1260179258892
166.20506 23.257915 35.910187 1260179258905
162.8948 28.64502 34.614677 1260179258925
158.95007 31.16277 32.583942 1260179258943
155.35257 32.50463 30.354746 1260179258966
151.98494 33.179398 28.08701 1260179258981
148.8357 33.320427 25.882658 1260179259001
145.94391 33.154404 23.738525 1260179259024
143.24672 32.596684 21.7016 1260179259041
140.73439 31.86685 19.816519 1260179259061
138.19768 31.673508 18.125692 1260179259081
136.4878 36.489834 17.769407 1260179259101
137.8134 42.765343 17.730936 1260179259123
140.97273 49.177074 17.69439 1260179259141
146.72409 55.61822 17.75967 1260179259336
154.58789 44.08731 17.821686 1260179259354
163.9085 33.432945 17.880602 1260179259366
173.31306 23.411297 17.886572 1260179259375
181.2474 13.640732 17.842243 1260179259386
184.03503 21.708694 17.750132 1260179259394
182.18329 28.07326 17.762625 1260179259405
178.32413 32.169598 17.574493 1260179259414
173.90791 34.211117 16.945768 1260179259425
169.51251 35.30056 16.09848 1260179259437
165.18689 35.68553 15.193556 1260179259454
161.17755 35.851254 14.383878 1260179259468
157.51868 35.75869 13.864684 1260179259475
154.14275 34.870754 14.02145 1260179259487
148.78561 31.677216 16.170378 1260179259496
143.69633 23.293354 16.261858 1260179259509
140.41151 15.178686 15.598765 1260179259526
139.24094 7.3697515 14.268827 1260179259533
140.12889 -0.2987363 12.155386 1260179259553
142.02245 -7.7837996 9.447617 1260179259565
144.47133 -15.09461 6.3752356 1260179259576
147.69777 -22.38988 3.0064738 1260179259587
152.51288 -29.870386 -0.54385 1260179259603
160.48723 -20.076866 -3.6166577 1260179259622
155.86287 -13.523023 -3.835825 1260179259643
153.11972 -6.9968715 -2.2940338 1260179259668
150.46373 -4.0470276 -0.2793321 1260179259683
147.64055 -1.4946761 1.7846345 1260179259702
144.65852 0.6800578 3.895403 1260179259725
141.57559 2.5460548 6.000633 1260179259741
138.69681 4.168752 8.050601 1260179259763
135.96198 5.6603146 10.048071 1260179259782
133.91388 7.177299 12.145667 1260179259807
136.71819 14.568434 13.088384 1260179259823
133.18228 5.1400123 12.533964 1260179259843
131.52316 -3.3169882 11.957266 1260179259865
129.897 -11.351139 11.409403 1260179259884
128.35216 -19.133583 10.888932 1260179259902
127.38455 -26.726904 10.344485 1260179260076
128.51532 -34.19056 9.727261 1260179260093
122.989555 -23.68103 9.040897 1260179260105
120.04008 -14.446979 8.338853 1260179260111
117.93807 -6.774629 7.72191 1260179260125
116.09117 -1.0858978 7.2858143 1260179260133
114.186615 2.9183972 7.0215235 1260179260145
112.27728 5.8224773 6.9204473 1260179260155
110.16342 7.9813533 6.8244247 1260179260174
107.95525 9.532286 6.7332034 1260179260185
105.70749 10.705671 6.8465433 1260179260191
103.52212 11.370388 7.1542163 1260179260197
