297.16684 -129.15211 25.23947 1260261180945
289.3085 -127.44451 24.227495 1260261180956
281.2931 -126.32229 22.31612 1260261180965
274.12845 -125.95618 19.750315 1260261180976
267.97202 -126.35837 16.5628 1260261180983
262.7734 -127.54045 12.984659 1260261181014
258.23474 -128.91342 9.3854265 1260261181037
254.323 -130.56775 5.9161553 1260261181046
250.85684 -132.28937 2.7703474 1260261181057
247.214 -133.9749 0.48182988 1260261181064
243.1533 -135.62616 -1.0422616 1260261181078
237.74564 -137.09485 -1.9401485 1260261181094
229.25835 -138.2901 -2.193141 1260261181104
218.29543 -139.1756 -2.033484 1260261181117
224.08066 -139.86682 -1.6318097 1260261181128
227.77663 -140.47348 -0.9002192 1260261181148
229.9878 -141.09981 0.044791795 1260261181163
231.3884 -141.84482 1.1425523 1260261181175
232.01898 -142.70258 2.3854246 1260261181196
232.41803 -143.66745 3.7161534 1260261181219
232.84712 -144.58408 5.0803456 1260261181235
233.60477 -145.05487 6.7263284 1260261181255
230.27454 -140.50212 7.890012 1260261181276
226.71082 -134.52701 6.2955112 1260261181294
223.37527 -128.75066 3.9307358 1260261181313
220.20651 -123.313126 1.484199 1260261181336
217.1462 -118.19747 -0.940011 1260261181358
214.23889 -113.387596 -3.2930105 1260261181373
211.57695 -108.76822 -5.72836 1260261181393
209.0981 -104.479805 -8.391942 1260261181416
206.64319 -100.70582 -10.972345 1260261181434
203.76103 -102.72053 -12.923728 1260261181454
200.22298 -104.234505 -14.127542 1260261181646
196.06183 -105.32278 -14.721165 1260261181658
191.15874 -106.206635 -14.785107 1260261181665
185.1508 -107.1463 -14.4958515 1260261181676
177.39326 -108.388985 -13.871058 1260261181686
185.9236 -109.91953 -12.9275055 1260261181702
192.52742 -111.573555 -11.68113 1260261181708
197.75105 -113.24488 -10.247074 1260261181720
202.2135 -114.88264 -8.73472 1260261181729
206.45282 -116.538506 -7.247984 1260261181749
210.63017 -118.31158 -5.8355846 1260261181762
217.34866 -119.645996 -5.0438056 1260261181768
214.73123 -114.0637 -6.441615 1260261181780
211.99467 -109.01051 -7.2195344 1260261181788
