95.09299 33.391262 44.91786 1260179312103
100.138336 39.521698 45.421967 1260179312115
106.98142 46.045612 44.50087 1260179312123
115.132355 52.643333 43.075825 1260179312158
124.12574 41.06117 41.522034 1260179312169
134.51945 30.308111 40.095932 1260179312184
144.94348 20.192705 38.841137 1260179312200
154.6963 10.58307 37.64908 1260179312214
161.8615 1.1539158 36.516624 1260179312225
162.01842 9.246221 35.290794 1260179312239
158.6675 15.133909 33.776253 1260179312258
154.38412 19.177214 31.83744 1260179312273
150.11491 21.618353 29.74557 1260179312295
146.15916 23.187435 27.608292 1260179312313
142.4012 24.028063 25.427877 1260179312339
138.93114 24.32666 23.406483 1260179312353
135.73457 24.210327 21.486158 1260179312375
132.64784 23.69981 19.66185 1260179312588
129.41545 28.364819 18.128757 1260179312608
126.04468 30.946577 16.822319 1260179312623
122.692444 32.849247 15.831203 1260179312641
119.457825 34.256786 15.139644 1260179312653
116.534935 35.493946 14.682661 1260179312675
114.05819 36.76925 14.398528 1260179312696
112.30528 38.28079 14.378602 1260179312716
113.34002 42.716747 15.109672 1260179312734
112.77302 34.13091 14.354188 1260179312753
112.78437 26.624363 13.186479 1260179312773
113.14515 19.593145 11.677155 1260179312793
114.037895 12.663487 9.793297 1260179312815
115.486 5.630313 7.453632 1260179312833
118.0117 -1.6512027 4.6309505 1260179312860
123.81112 -9.618643 0.9994028 1260179312873
134.42056 -0.9377108 -2.2005675 1260179312895
130.14954 5.259175 -3.1905391 1260179312916
127.69206 10.446217 -2.781012 1260179312932
125.80746 15.623906 -1.6419615 1260179312954
123.51708 20.84271 -0.10986333 1260179312971
120.94123 25.950575 1.5456299 1260179312998
118.24417 27.403046 3.2183483 1260179313013
115.58196 28.732893 4.8074307 1260179313035
113.10287 29.896248 6.317059 1260179313056
110.69772 30.951435 7.651206 1260179313071
108.86284 32.353863 8.668646 1260179313091
113.91969 22.78617 7.2352138 1260179313111
116.62371 13.94686 6.323453 1260179313131
118.142525 5.549517 5.7572803 1260179313152
118.2854 -2.3779588 5.5194163 1260179313171
117.72113 -9.959061 5.4934454 1260179313196
117.335075 -17.311108 5.368773 1260179313211
120.118324 -24.995552 4.9003344 1260179313231
114.46241 -15.395774 3.7553177 1260179313251
110.28929 -7.5259852 1.9175519 1260179313272
106.67483 -0.7496859 -0.0783257 1260179313292
103.441086 1.8377984 -1.7244093 1260179313311
