205.27255 -5.1433725 47.032894 1260255995445
206.35893 4.063796 48.83125 1260255995451
206.64099 12.460607 50.439686 1260255995470
204.45894 12.687576 50.367702 1260255995485
200.986 12.753198 48.499317 1260255995494
197.5367 12.615538 46.324352 1260255995507
194.25986 12.334761 44.108135 1260255995513
191.14687 12.068023 42.052727 1260255995530
188.28952 12.014622 40.30009 1260255995547
185.67505 13.06389 39.485085 1260255995558
182.9413 20.410696 38.41083 1260255995567
182.84424 28.19016 36.99029 1260255995579
188.15202 17.980652 35.440777 1260255995588
195.89442 8.581619 33.91874 1260255995602
186.0997 -0.14746189 32.4728 1260255995654
177.39471 -8.490089 30.99916 1260255995664
169.12498 -16.565584 29.549202 1260255995681
161.56874 -24.537306 28.121742 1260255995696
154.99031 -14.51044 26.715654 1260255995702
149.1408 -5.784918 25.279871 1260255995719
146.58376 -0.34567183 23.415878 1260255995725
145.50456 2.521612 21.645084 1260255995740
144.62933 4.7955313 19.96283 1260255995758
143.79787 6.505755 18.314688 1260255995777
143.00798 7.780467 16.748953 1260255995783
142.15758 8.641443 15.211505 1260255995803
141.2497 9.109371 13.650929 1260255995818
140.3372 10.003902 11.568383 1260255995835
149.22034 17.303707 9.589964 1260255995842
156.65932 25.188522 8.660465 1260255995858
155.12636 15.079096 8.127442 1260255995864
148.97005 5.9251404 7.82107 1260255995878
143.07155 -2.4211168 7.630017 1260255995884
137.86797 -10.150061 7.398516 1260255995890
133.32457 -17.542557 7.1285906 1260255995907
127.75834 -25.415428 6.872161 1260255995913
126.82042 -19.044657 7.0785527 1260255995931
126.4294 -15.292424 7.2746253 1260255996146
126.05793 -12.177803 7.510894 1260255996152
125.80503 -9.5689125 7.835349 1260255996163
125.71478 -7.340467 8.193582 1260255996182
125.62904 -5.7234435 8.533902 1260255996192
125.39759 -5.2872715 8.507207 1260255996205
124.27771 -7.5229077 7.1318464 1260255996214
123.163826 -13.046762 5.375254 1260255996225
122.205635 -18.494425 3.6564913 1260255996234
121.59535 -24.019703 1.8736666 1260255996249
121.41559 -29.718718 0.17998329 1260255996264
121.79481 -35.582783 -1.2290158 1260255996282
123.30507 -41.753643 -2.317565 1260255996291
117.78982 -31.215961 -2.5516868 1260255996299
118.00033 -26.355164 -1.2741024 1260255996304
117.55031 -22.387405 -0.26039734 1260255996323
116.82279 -18.768036 0.55262256 1260255996339
116.031654 -15.329634 1.2249914 1260255996350
115.23007 -11.863152 1.8637419 1260255996362
114.66857 -7.8699937 2.5205548 1260255996377
114.735146 -1.726494 3.244527 1260255996383
115.24839 5.659831 3.6823008 1260255996402
116.83597 13.67684 3.9481857 1260255996416
121.04417 21.792997 4.1507764 1260255996430
129.19196 11.803347 4.2932377 1260255996437
140.68236 2.5131795 4.378576 1260255996456
136.49825 -6.2124796 4.259647 1260255996469
138.12334 -14.701856 3.8466644 1260255996489
132.01717 -5.716763 3.1043313 1260255996520
129.1163 0.5690751 2.1491146 1260255996539
127.160484 4.3906217 1.4916588 1260255996559
125.35246 7.4210906 1.1170758 1260255996590
123.53484 9.900036 0.911222 1260255996607
121.658104 11.855034 0.91566086 1260255996627
119.825195 13.362283 1.1698778 1260255996649
118.533936 14.544168 1.8613839 1260255996680
118.057236 15.46696 2.8183148 1260255996697
119.35438 16.143612 4.0773993 1260255996720
