85.06702 37.86952 37.91667 1260179242749
85.263664 37.826042 38.57084 1260179242761
86.55048 37.88474 39.192295 1260179242800
90.37296 43.090504 39.58268 1260179242814
94.954315 48.28598 39.203545 1260179242825
99.2566 53.67168 38.243366 1260179242839
104.89377 59.388096 37.1312 1260179242848
111.84908 65.11869 36.02464 1260179243035
119.25663 70.71275 34.92341 1260179243048
123.6938 75.72712 33.777237 1260179243064
122.90911 78.99076 32.288376 1260179243079
120.51366 78.79122 30.223957 1260179243088
118.03797 77.45166 28.012758 1260179243099
115.63607 75.57908 25.86212 1260179243106
113.30427 73.35013 23.869013 1260179243117
111.08906 70.932625 21.925562 1260179243127
108.984604 68.285995 20.229284 1260179243138
107.03537 65.7717 18.76782 1260179243145
105.2836 64.03311 17.47943 1260179243164
104.51942 65.73145 16.755457 1260179243177
105.843445 69.84488 16.367683 1260179243186
108.45127 74.40263 16.0493 1260179243197
113.47871 79.1825 15.896834 1260179243207
121.25477 84.07338 15.901993 1260179243221
130.69203 70.96971 15.906893 1260179243235
140.45743 58.621227 15.861548 1260179243243
146.88455 64.590164 15.668471 1260179243257
147.29033 69.41066 15.335048 1260179243268
145.0758 71.99013 14.768295 1260179243281
141.82202 72.29062 13.879881 1260179243299
138.38092 71.57609 12.885887 1260179243313
134.96187 70.44728 11.991592 1260179243334
131.61377 68.974915 11.242013 1260179243351
128.53308 67.476166 10.779912 1260179243374
125.85643 65.90236 10.890917 1260179243393
123.663605 64.15724 12.146371 1260179243415
130.73042 69.44938 14.389052 1260179243438
124.6439 57.77691 14.5696 1260179243453
123.9617 47.188065 13.69112 1260179243473
125.66361 37.42866 12.056564 1260179243496
128.23044 28.207228 9.853736 1260179243513
131.46892 19.346867 7.211049 1260179243533
135.44547 10.6795225 4.2004967 1260179243553
141.37318 1.8455462 0.84047174 1260179243581
152.10452 9.503269 -1.8015519 1260179243594
148.64929 13.978106 -1.6614743 1260179243613
145.96683 16.6292 -0.42840067 1260179243808
143.01848 18.69774 1.1430194 1260179243820
139.81755 20.412853 2.8358684 1260179243829
136.42667 21.792212 4.544075 1260179243841
133.00533 22.9526 6.166871 1260179243848
129.75507 24.00497 7.7085276 1260179243862
126.76731 25.004723 9.073101 1260179243869
124.22894 26.454487 10.019446 1260179243881
123.167496 31.181763 9.918474 1260179243893
133.95912 38.472675 9.022551 1260179243905
135.61116 27.949041 8.371423 1260179243922
134.28061 18.151588 8.0028515 1260179243928
132.11658 8.894009 7.752709 1260179243939
129.91075 0.09930782 7.5150733 1260179243948
128.36522 -8.555658 7.1893196 1260179243962
123.996956 0.6221246 6.6298537 1260179243978
121.197105 8.191018 5.748361 1260179243987
118.53725 13.781467 4.610943 1260179244003
115.71039 16.542395 3.4803956 1260179244009
112.87487 18.515274 2.5563757 1260179244025
109.88113 19.73951 1.8285569 1260179244037
106.93707 20.502535 1.287129 1260179244053
104.14022 20.977407 1.1227726 1260179244072
101.38321 21.128536 1.616634 1260179244095
98.96405 21.82211 2.5358024 1260179244113
97.46585 23.131004 3.9090123 1260179244136
99.392555 24.824453 5.313562 1260179244154
101.372925 26.933231 6.1978836 1260179244171
