302.13278 -95.68893 22.033113 1260255861958
300.27615 -94.90448 21.431458 1260255861971
286.96234 -94.909256 20.559885 1260255861980
275.01422 -95.013794 19.43189 1260255862015
263.7135 -95.463104 18.110296 1260255862030
253.32782 -96.28995 16.604782 1260255862039
244.16142 -97.47545 14.824543 1260255862054
236.15335 -99.00168 12.783316 1260255862064
229.34569 -100.85159 10.49415 1260255862078
223.4284 -102.959015 8.019443 1260255862097
217.95699 -105.311066 5.6684704 1260255862110
212.45914 -107.745514 3.5850468 1260255862130
206.63618 -110.00824 1.8057944 1260255862149
200.60437 -112.00783 0.16550457 1260255862169
194.57416 -113.75744 -1.3927708 1260255862190
188.84544 -115.319565 -2.9231322 1260255862211
183.60316 -116.853584 -4.3769755 1260255862234
178.923 -118.5109 -5.708127 1260255862249
175.22685 -120.435356 -7.022721 1260255862270
175.11551 -105.463585 -9.0215845 1260255862291
175.00974 -97.59041 -10.320505 1260255862309
174.30925 -90.110886 -10.60448 1260255862327
173.49379 -83.20534 -10.574256 1260255862347
172.7191 -76.89507 -10.445543 1260255862367
172.03314 -71.15032 -10.373266 1260255862387
171.38148 -65.89281 -10.504603 1260255862407
170.91241 -61.29817 -11.129374 1260255862428
170.7668 -57.23326 -12.972905 1260255862447
171.12846 -45.671597 -16.52426 1260255862467
170.77203 -51.938015 -18.448046 1260255862487
169.03343 -57.341114 -19.575644 1260255862507
166.28175 -62.174057 -20.34686 1260255862686
163.01767 -66.61536 -20.929518 1260255862701
159.61679 -70.78459 -21.383041 1260255862710
156.63596 -74.89536 -21.813889 1260255862721
154.35416 -79.000595 -22.223194 1260255862731
152.93645 -83.10056 -22.662035 1260255862742
152.53963 -87.24554 -23.228933 1260255862749
154.41264 -73.98326 -24.217487 1260255862763
154.14201 -64.4841 -24.206614 1260255862780
153.63492 -57.909897 -22.746283 1260255862790
153.45317 -52.2644 -20.908968 1260255862801
153.53052 -47.40118 -19.01352 1260255862808
153.90399 -43.43112 -17.162844 1260255862824
154.45879 -40.559566 -15.604701 1260255862838
154.73584 -39.731586 -14.874466 1260255862848
153.19905 -40.445007 -15.030743 1260255862861
150.6891 -41.372757 -15.679206 1260255862873
148.35464 -42.00412 -16.695246 1260255862886
146.58691 -46.603912 -18.060484 1260255862906
145.40756 -51.37372 -19.70746 1260255862919
144.78719 -56.30503 -21.622087 1260255862940
144.49783 -61.23978 -23.540983 1260255862962
144.27293 -66.027794 -25.213934 1260255862979
143.80928 -70.5764 -26.303238 1260255862999
142.21881 -74.69758 -26.538076 1260255863021
137.95787 -78.2627 -25.711172 1260255863044
148.20998 -81.39957 -23.775614 1260255863059
153.74948 -85.07959 -20.386833 1260255863078
155.26201 -72.22561 -15.467491 1260255863102
155.39891 -67.16433 -11.844116 1260255863119
155.12897 -62.056114 -9.15191 1260255863138
154.82253 -57.503307 -6.844314 1260255863159
154.7314 -53.82814 -4.7520986 1260255863183
154.74483 -50.986732 -2.7644937 1260255863199
155.30759 -49.787395 -0.62626904 1260255863218
151.9422 -54.648026 -1.4449556 1260255863242
150.1451 -59.665623 -2.6227078 1260255863257
148.33784 -64.332344 -3.7915726 1260255863279
146.67096 -68.61573 -4.951994 1260255863464
145.23741 -72.73495 -6.1043944 1260255863473
144.12553 -76.7982 -7.2491746 1260255863485
143.31926 -80.80829 -8.336716 1260255863494
142.6033 -84.71787 -9.31988 1260255863506
141.92314 -88.48198 -10.203886 1260255863514
141.17699 -92.00788 -10.993691 1260255863527
140.51814 -95.35749 -11.744007 1260255863534
140.69223 -98.78962 -12.506806 1260255863545
143.60762 -102.80014 -13.5314665 1260255863564
151.57724 -90.76013 -14.504893 1260255863573
150.14838 -82.67213 -13.829649 1260255863584
149.49095 -76.13852 -12.538166 1260255863591
149.1664 -70.63159 -10.911258 1260255863603
149.05807 -65.95001 -9.115695 1260255863622
149.10516 -62.15251 -7.25991 1260255863629
