107.58597 0.33256125 11.085818 1260179633055
116.75667 1.0159332 11.581528 1260179633062
114.968834 1.8151366 11.702452 1260179633076
113.02039 2.5743797 11.717329 1260179633083
110.26937 3.1456606 11.7314625 1260179633119
107.1059 3.6383777 11.84489 1260179633129
103.40061 3.9564588 12.152645 1260179633149
99.28058 4.3086357 12.695013 1260179633164
95.61655 4.793204 13.2602625 1260179633181
92.63572 5.6535435 13.74725 1260179633188
91.00394 7.0208664 14.2098875 1260179633206
92.45374 8.969823 14.849393 1260179633222
97.93105 11.121332 15.856923 1260179633235
103.7845 16.965265 16.964077 1260179633247
109.74528 22.667002 18.015873 1260179633263
114.958015 27.983652 18.815079 1260179633277
118.56011 32.68447 19.024324 1260179633296
119.182106 36.050247 18.323109 1260179633314
116.973 37.597736 16.606953 1260179633338
113.87435 38.11785 14.526605 1260179633351
110.48064 38.21196 12.400274 1260179633373
107.00661 38.10136 10.38026 1260179633394
103.50628 37.896294 8.461247 1260179633419
100.03097 37.651478 6.638185 1260179633431
96.57942 37.568905 4.9062757 1260179633451
93.50045 38.04046 3.360962 1260179633472
91.77543 39.488438 2.1929138 1260179633493
94.23666 42.764015 1.7332681 1260179633511
98.72482 46.425816 1.6966047 1260179633536
103.63858 50.204525 1.8117745 1260179633551
108.80665 53.8443 1.9711858 1260179633571
113.816315 57.352085 2.1726265 1260179633591
118.5755 60.58448 2.363995 1260179633799
122.89673 63.405254 2.4957952 1260179633808
126.50189 65.78499 2.4710054 1260179633820
128.47679 67.64574 2.2474551 1260179633836
125.652954 69.31345 1.5850823 1260179633845
121.6703 69.197784 0.40582815 1260179633856
116.93679 68.0879 -1.3144633 1260179633865
111.93995 66.1835 -3.2487402 1260179633877
107.09295 64.074326 -4.936303 1260179633883
102.3883 61.970608 -6.389488 1260179633901
97.818886 59.972076 -7.770014 1260179633915
93.32794 58.02347 -9.181513 1260179633924
88.86154 56.0723 -10.772437 1260179633936
84.51846 54.268684 -12.683815 1260179633943
80.34254 52.75525 -14.749624 1260179633957
76.67541 51.767487 -16.662144 1260179633968
73.691635 51.579113 -17.929037 1260179633983
71.40705 55.10016 -18.632586 1260179633994
77.0367 58.195152 -18.950956 1260179634003
83.08486 61.035393 -19.053408 1260179634016
88.78062 63.733624 -19.000738 1260179634022
94.09158 66.34694 -18.900702 1260179634048
98.687004 68.97959 -18.855667 1260179634064
102.40266 71.68061 -18.912884 1260179634076
105.38252 74.44658 -19.06724 1260179634096
107.8134 77.22425 -19.263878 1260179634118
109.47273 80.06304 -19.600683 1260179634134
110.39909 82.90989 -20.070648 1260179634156
110.47914 85.6644 -20.767117 1260179634177
109.00519 88.58118 -21.97876 1260179634193
106.05493 91.70212 -23.779821 1260179634213
102.35219 88.36701 -25.84083 1260179634236
98.23458 84.748665 -27.748789 1260179634253
94.42285 81.36123 -28.96135 1260179634273
91.15171 78.54317 -29.463282 1260179634295
88.244125 76.16601 -29.590118 1260179634317
85.78192 74.007706 -29.710613 1260179634333
83.49283 71.90732 -29.675083 1260179634353
