96.76763 15.677211 -5.78765 1260179545687
99.27925 16.89335 -5.5482674 1260179545700
104.815285 18.348682 -5.020854 1260179545738
111.074524 20.08125 -4.3198113 1260179545746
116.470795 21.877186 -3.753821 1260179545764
124.19726 23.533327 -3.1661298 1260179545778
118.68739 24.706661 -2.8078234 1260179545820
113.75302 25.371328 -2.7174323 1260179545879
109.21537 25.802761 -2.8815606 1260179545940
105.0546 26.162622 -3.2374825 1260179545961
101.101875 26.404491 -3.8756084 1260179545986
97.39678 26.634268 -4.781828 1260179545996
93.77694 26.952555 -5.8927364 1260179546164
90.28809 27.454927 -7.1481 1260179546183
87.22369 28.332182 -8.540695 1260179546194
84.8625 29.565573 -9.813661 1260179546204
83.66938 34.187294 -10.922977 1260179546214
83.88591 38.57793 -11.726829 1260179546223
85.241615 42.799034 -12.190487 1260179546229
87.679535 46.90908 -12.330962 1260179546241
91.49556 50.913628 -12.014414 1260179546249
96.72078 54.76795 -11.313693 1260179546261
102.98474 58.47955 -10.298008 1260179546269
109.6855 62.005573 -9.083108 1260179546281
116.40122 65.20529 -7.8289523 1260179546288
122.78116 67.995026 -6.687505 1260179546299
127.7921 69.845276 -6.1531296 1260179546313
122.80249 69.653015 -6.945473 1260179546324
117.51237 68.420364 -8.448199 1260179546335
112.13675 66.899345 -10.075789 1260179546343
106.97991 65.40438 -11.672 1260179546354
101.98092 64.034164 -13.1384 1260179546363
97.131874 62.682457 -14.58148 1260179546376
92.42528 61.298332 -16.052406 1260179546383
87.85401 60.033417 -17.349787 1260179546399
83.511314 59.331745 -18.182297 1260179546407
96.83575 59.615158 -18.073181 1260179546416
107.54396 60.8344 -17.019522 1260179546428
116.66676 62.89268 -15.618546 1260179546439
124.533424 65.098045 -14.287619 1260179546449
131.35675 67.39314 -13.123238 1260179546464
137.18892 69.62348 -12.167076 1260179546481
142.22948 71.89231 -11.408722 1260179546497
146.268 74.1477 -10.888286 1260179546514
149.30461 76.440315 -10.593871 1260179546533
151.08939 78.8683 -10.5641775 1260179546552
151.68492 81.32489 -10.785969 1260179546573
151.00067 83.85864 -11.34667 1260179546596
148.95064 86.41571 -12.279337 1260179546614
146.0531 88.89493 -13.46537 1260179546635
142.50044 91.30018 -14.842102 1260179546839
138.67542 93.58517 -16.349997 1260179546852
134.64165 95.755905 -17.832497 1260179546859
130.15956 93.11811 -19.290873 1260179546865
125.15158 90.612206 -20.526329 1260179546875
119.744 88.181595 -21.250013 1260179546883
114.2068 85.772514 -21.487513 1260179546896
108.84646 83.53389 -21.363136 1260179546903
103.70413 81.507195 -20.99498 1260179546908
98.86893 79.731834 -20.495232 1260179546917
