233.66837 -3.8283563 65.568214 1260255769783
233.28494 5.263062 66.589806 1260255769820
233.27069 13.749908 66.06032 1260255769830
233.95715 22.012413 64.5073 1260255769844
236.20929 12.261792 62.681934 1260255769853
240.04883 3.2987022 60.64784 1260255769867
244.69638 -5.0162334 58.565445 1260255769882
249.76157 -12.815422 56.48717 1260255769899
255.02348 -20.124651 54.41281 1260255769919
242.32231 -27.01842 52.39217 1260255770090
230.5062 -33.517498 50.47256 1260255770107
219.23088 -39.741623 48.648933 1260255770113
219.11934 -29.004541 47.016487 1260255770124
213.91338 -24.654314 44.36566 1260255770133
208.91771 -20.971598 41.74738 1260255770145
204.17183 -17.673018 39.26001 1260255770153
199.61324 -14.839367 36.89701 1260255770171
195.13257 -12.597399 34.65216 1260255770190
190.82594 -10.867529 32.569553 1260255770202
186.73465 -9.524153 30.641075 1260255770209
182.89792 -8.347945 28.95902 1260255770222
179.55302 -7.080548 28.26107 1260255770229
186.37537 -15.076521 27.848017 1260255770247
194.25659 -22.622696 27.105616 1260255770258
202.44376 -29.741562 26.300335 1260255770268
192.82156 -36.504482 25.435318 1260255770283
183.98048 -42.929256 24.563553 1260255770290
175.78146 -48.98279 23.735374 1260255770305
168.09239 -54.73365 22.898605 1260255770321
160.98778 -60.196968 22.103676 1260255770340
153.3384 -65.43712 21.498491 1260255770357
159.17148 -71.06526 21.473566 1260255770379
158.0629 -61.312 22.099888 1260255770402
156.05975 -55.546402 22.044893 1260255770419
154.05676 -50.26908 21.74265 1260255770439
152.10393 -45.505627 21.405516 1260255770460
150.19873 -41.480347 21.235239 1260255770478
148.2388 -38.40633 21.273478 1260255770501
145.47685 -36.936012 21.559803 1260255770519
141.40302 -37.439213 21.631813 1260255770545
137.33287 -39.367252 21.100222 1260255770558
133.96623 -42.34889 19.945211 1260255770580
131.51791 -46.031445 18.29795 1260255770604
130.79202 -50.529873 15.983053 1260255770618
131.90242 -55.653378 13.3339 1260255770640
134.3073 -61.02071 10.717205 1260255770657
136.89194 -66.16968 8.381345 1260255770684
137.34734 -70.61119 6.9622774 1260255770864
131.32997 -74.43063 7.6641636 1260255770874
140.76347 -78.7591 10.480955 1260255770887
147.5753 -74.77115 14.406908 1260255770893
148.49654 -70.182594 17.036562 1260255770905
147.1717 -64.973465 18.384733 1260255770914
145.26312 -59.62479 19.015497 1260255770925
143.19997 -54.39355 19.214722 1260255770934
141.33997 -49.273872 19.403986 1260255770946
140.17297 -44.36018 20.033787 1260255770960
141.01433 -35.39217 21.282097 1260255770972
144.1636 -25.97256 22.267992 1260255770982
148.75543 -16.223932 22.554592 1260255770992
155.06766 -24.412735 22.426863 1260255771003
163.31427 -31.842098 22.15552 1260255771014
172.29855 -38.699993 21.847744 1260255771029
181.28363 -45.164993 21.505356 1260255771040
189.71945 -51.356743 21.180088 1260255771051
196.88348 -57.388905 20.821083 1260255771062
201.88931 -63.36946 20.53003 1260255771079
204.19485 -51.45099 20.353527 1260255771099
204.03511 -40.828438 20.485851 1260255771121
201.98335 -32.037014 20.861559 1260255771137
198.18419 -27.085163 20.918482 1260255771159
193.57498 -22.680904 20.522558 1260255771183
188.89622 -18.94686 19.94643 1260255771203
184.45142 -15.4995165 19.449108 1260255771219
180.32884 -12.4245405 19.126654 1260255771239
176.6124 -9.653314 19.07032 1260255771259
173.53177 -7.120648 19.366804 1260255771283
