311.17218 -1.0035357 63.176384 1260261083106
297.66357 -1.503359 62.967564 1260261083119
285.4804 -2.428191 62.419186 1260261083128
274.3064 -3.7567813 61.548225 1260261083144
264.39108 -5.0189424 60.420815 1260261083158
254.52153 -6.667995 59.599773 1260261083189
242.84546 -13.2845955 58.669785 1260261083204
231.05319 -20.470366 56.636295 1260261083215
221.00053 -27.546848 54.20448 1260261083224
211.4505 -34.269505 51.844254 1260261083243
202.87798 -40.55603 49.55204 1260261083437
195.13408 -46.52823 47.274437 1260261083450
188.87738 -52.251816 44.910713 1260261083462
187.28351 -57.889225 41.965176 1260261083476
189.86934 -63.894764 36.966915 1260261083485
185.42587 -60.200027 32.51857 1260261083518
180.90457 -56.690025 29.242641 1260261083527
176.40935 -53.355522 26.38051 1260261083539
171.88889 -50.037746 23.761484 1260261083555
166.99445 -46.48586 21.07341 1260261083564
160.39473 -42.161568 18.169739 1260261083576
153.22499 -33.85349 15.861252 1260261083584
147.36374 -24.860815 14.56819 1260261083598
143.04555 -15.817774 13.73978 1260261083610
141.59328 -6.776885 13.152791 1260261083616
145.46361 2.2119598 12.695151 1260261083636
153.89043 11.051362 12.210394 1260261083645
151.0959 1.6487936 11.699874 1260261083657
153.2911 -7.333647 11.06488 1260261083664
162.67656 1.9330361 10.311636 1260261083678
172.44273 10.486384 9.396054 1260261083685
181.2206 18.312065 8.126251 1260261083704
189.10957 25.396461 6.2699385 1260261083715
196.1041 32.026638 3.4064417 1260261083724
204.19888 31.175306 -0.5138804 1260261083730
198.48894 29.86654 -3.3881865 1260261083745
193.31448 28.123215 -5.418777 1260261083762
188.39876 26.167053 -6.897838 1260261083775
183.67882 24.1087 -8.202946 1260261083787
179.24487 21.903265 -9.492799 1260261083800
175.03262 19.658102 -10.768159 1260261083813
171.03099 17.725197 -12.529751 1260261083834
167.27943 16.188936 -15.153263 1260261083859
175.56546 23.579489 -17.6456 1260261083878
168.43718 30.150515 -17.61332 1260261083894
167.01532 36.74299 -16.432653 1260261083913
169.36455 43.35584 -14.96102 1260261083937
175.44632 50.038048 -13.312969 1260261083956
183.074 38.536144 -11.54732 1260261083973
190.8203 27.659338 -9.819954 1260261084168
197.37929 35.126373 -8.028956 1260261084182
201.56032 41.770054 -6.2275085 1260261084188
202.4323 47.28155 -4.366133 1260261084197
197.51068 51.317474 -2.5478265 1260261084204
191.38515 52.001602 -1.2204351 1260261084209
185.1659 52.151524 -0.2094134 1260261084219
179.3076 51.693947 0.6510573 1260261084227
173.84222 50.85925 1.5185045 1260261084236
