196.70464 13.864688 1.352096 1260261276421
197.6194 14.821453 2.3344913 1260261276433
198.68843 15.98038 3.4177668 1260261276443
200.154 17.131361 4.5468783 1260261276449
202.4963 18.224792 5.7695346 1260261276461
208.32149 19.063553 6.4810576 1260261276497
198.75542 19.660376 6.8570046 1260261276509
190.26764 20.227356 6.9641542 1260261276520
182.60426 20.915989 6.9659467 1260261276528
175.77405 21.87019 6.9676495 1260261276542
170.28534 23.27668 6.869267 1260261276558
166.57108 25.462847 6.6258035 1260261276570
164.29253 29.239704 6.2445135 1260261276588
162.0279 35.12772 5.732288 1260261276616
161.4265 42.021336 5.4956737 1260261276626
154.30518 31.020267 5.37089 1260261276646
150.63992 20.769255 5.2523456 1260261276662
148.90793 10.880792 5.039728 1260261276682
145.01253 18.786753 4.4377418 1260261276706
142.2619 24.647415 3.5158546 1260261276722
138.4488 28.765045 2.6400619 1260261276742
133.47636 30.876793 1.9080588 1260261276764
128.30255 32.282955 1.3126558 1260261276784
123.337425 33.36881 0.747023 1260261276815
118.670555 34.35037 0.109671816 1260261276832
114.58703 35.93285 -0.54581183 1260261276852
112.85767 39.83621 -1.0185212 1260261276874
114.11479 45.494396 -1.0175952 1260261276892
119.609055 51.819675 -0.6667154 1260261276912
130.2286 40.22869 -0.13337961 1260261276932
124.11718 29.367256 0.5232894 1260261276952
134.56133 36.848892 1.0971249 1260261276972
134.73326 41.35645 1.0422686 1260261277163
128.9966 42.388626 0.39015517 1260261277170
123.29677 42.969196 -0.3293526 1260261277190
117.93193 43.42074 -1.0628849 1260261277202
113.18533 44.1497 -1.8097407 1260261277214
111.42606 47.342216 -2.5192537 1260261277224
113.90476 52.075104 -2.4932911 1260261277236
118.90952 57.32135 -1.9686266 1260261277244
125.16405 62.555283 -1.2701952 1260261277263
130.55585 67.42752 -0.7066855 1260261277277
133.32805 71.306145 -0.57135123 1260261277283
128.71164 73.340836 -1.5927837 1260261277289
140.22606 71.92379 -2.7631445 1260261277305
150.86476 70.5776 -3.6249874 1260261277316
160.87152 69.74872 -4.293738 1260261277325
170.37794 69.661285 -4.879051 1260261277338
179.25905 70.02822 -5.2850986 1260261277348
180.94609 71.82681 -5.470844 1260261277356
181.04878 74.08547 -5.3973017 1260261277368
181.24634 76.8312 -5.1274366 1260261277382
181.63402 80.23964 -4.7210646 1260261277412
182.10231 83.97765 -4.3350115 1260261277434
182.0972 87.77877 -4.0682607 1260261277452
180.69234 91.38983 -4.0148478 1260261277472
177.80772 94.72034 -4.364105 1260261277492
173.41734 97.63432 -5.2959 1260261277512
168.04648 99.95261 -6.881105 1260261277532
161.64415 101.404976 -8.43705 1260261277552
154.26195 99.13473 -9.515198 1260261277572
146.69885 96.92799 -10.189438 1260261277592
157.26392 94.931595 -10.729966 1260261277612
149.55072 95.43501 -10.943468 1260261277632
153.17319 97.363266 -10.196295 1260261277652
159.21452 99.94511 -8.88648 1260261277672
165.8038 102.19785 -7.392156 1260261277697
172.31361 103.63796 -6.0725484 1260261277712
178.94794 104.30606 -5.068921 1260261277732
186.40054 104.19076 -4.465475 1260261277752
186.98051 107.83122 -4.192201 1260261277962
181.48149 110.88966 -4.3825912 1260261277982
174.35742 111.79518 -5.713462 1260261278002
166.33955 108.755424 -6.827789 1260261278024
158.67258 105.61765 -7.736399 1260261278042
151.33894 102.73677 -8.449579 1260261278062
144.82199 100.549934 -9.3771 1260261278082
143.33089 102.222435 -9.558245 1260261278107
145.66434 104.761314 -8.880332 1260261278122
149.13112 107.373245 -8.036315 1260261278142
152.17456 109.70458 -7.284499 1260261278162
151.71584 110.66935 -7.2202744 1260261278182
144.88005 107.335884 -8.30926 1260261278202
137.93605 103.21909 -9.393797 1260261278224
131.03925 99.00814 -10.524107 1260261278245
142.28728 95.107735 -12.147902 1260261278262
135.27292 91.802345 -14.340507 1260261278282
129.45927 88.96223 -16.373482 1260261278302
127.23631 91.46412 -17.804808 1260261278322
128.2245 93.74091 -18.564568 1260261278342
130.36328 96.00387 -18.73634 1260261278362
133.04512 98.353676 -18.599522 1260261278382
136.09286 100.68599 -18.219545 1260261278405
139.68822 102.85169 -17.658567 1260261278422
143.20381 104.809105 -17.07564 1260261278444
146.34363 106.56865 -16.571857 1260261278462
148.42645 108.14022 -16.343266 1260261278482
148.85513 109.63321 -16.626102 1260261278502
147.66237 111.05155 -17.344797 1260261278522
144.87926 112.49898 -18.427557 1260261278543
140.73529 114.07403 -19.90618 1260261278562
135.54852 115.82033 -21.76087 1260261278582
129.3711 111.07931 -24.072826 1260261278604
140.75253 106.025345 -26.069185 1260261278622
151.06491 100.974075 -27.315725 1260261278642
160.36166 96.27537 -28.649939 1260261278662
168.89359 92.1616 -30.317442 1260261278684
176.6989 89.30352 -31.551569 1260261278704
181.26395 91.23834 -31.723991 1260261278882
184.40074 92.82642 -31.287792 1260261278900
187.18071 94.2351 -30.573402 1260261278907
188.92168 95.873344 -29.744732 1260261278919
189.82559 97.979675 -28.807495 1260261278929
190.63431 100.28069 -27.66712 1260261278940
191.45259 102.66666 -26.433764 1260261278948
191.32996 105.033325 -25.412075 1260261278961
188.56346 107.431656 -25.041471 1260261278974
182.73529 109.51007 -25.989397 1260261278986
173.59853 105.984566 -27.189928 1260261278997
182.1186 103.03534 -27.880432 1260261279007
189.66267 99.83357 -28.23641 1260261279018
196.82954 97.54189 -28.47459 1260261279039
203.53807 98.7148 -28.60086 1260261279054
209.71117 99.97906 -28.570818 1260261279063
209.42561 102.280106 -27.442278 1260261279077
209.90433 104.366104 -26.220163 1260261279088
210.55911 106.2978 -24.959156 1260261279102
211.03116 107.63291 -23.861198 1260261279120
212.1796 108.25127 -22.86814 1260261279142
214.02061 108.188705 -21.974731 1260261279156
217.31958 107.62927 -21.125996 1260261279173
220.9036 106.34781 -20.319696 1260261279201
224.25842 104.730415 -19.503712 1260261279214
227.5455 102.79389 -18.728525 1260261279236
