231.54324 -0.19098292 64.979065 1260255790145
225.01608 -1.2314339 63.18011 1260255790158
231.61528 -8.119863 62.371105 1260255790169
237.73451 -16.26387 59.55255 1260255790198
228.3478 -24.250677 56.624924 1260255790215
221.4304 -31.738144 53.74368 1260255790223
213.20888 -38.501236 51.106495 1260255790238
205.59843 -44.726173 48.55117 1260255790244
198.26851 -50.439865 46.17361 1260255790261
191.15509 -55.81787 43.91493 1260255790275
184.59734 -61.026978 41.76918 1260255790290
178.11746 -66.27563 39.73072 1260255790312
172.7116 -54.911846 37.694183 1260255790330
169.42601 -48.716255 35.359474 1260255790349
166.5547 -43.680443 33.0415 1260255790369
163.82697 -39.196423 30.839424 1260255790388
161.18562 -35.3866 28.697453 1260255790414
158.62634 -32.11727 26.71258 1260255790435
156.09503 -29.411407 24.976952 1260255790448
153.64027 -27.090837 23.378103 1260255790467
151.35826 -24.736296 21.759197 1260255790492
148.14035 -20.54948 19.271238 1260255790507
154.93333 -10.622005 18.007677 1260255790527
151.43666 -18.640905 17.057293 1260255790547
147.01483 -26.00886 16.254429 1260255790567
142.61409 -32.858418 15.541707 1260255790588
138.58339 -39.265495 14.864622 1260255790607
134.85422 -45.25222 14.221391 1260255790628
131.61151 -50.98961 13.560321 1260255790647
128.93094 -56.490128 12.832305 1260255790667
126.53439 -61.81562 12.14069 1260255790687
135.80768 -67.62484 11.733655 1260255790875
134.56729 -60.393597 11.696972 1260255790884
133.23892 -54.423916 11.662124 1260255790897
131.97697 -49.05272 11.729017 1260255790909
130.87813 -44.200085 11.892567 1260255790918
129.93422 -39.94008 12.297938 1260255790925
129.08751 -36.393074 12.883041 1260255790936
128.08313 -33.77342 13.73889 1260255790944
125.72897 -32.684746 15.101945 1260255790956
121.142525 -33.90051 15.946848 1260255790970
117.4854 -37.705482 15.749506 1260255790982
114.86113 -41.420208 14.96203 1260255790993
113.06807 -45.2492 13.763928 1260255791002
112.21467 -49.18674 12.125732 1260255791013
112.603935 -53.427402 9.819446 1260255791030
113.773735 -57.95603 6.978473 1260255791039
115.085045 -62.55823 3.7795494 1260255791053
116.53079 -67.03032 0.64057183 1260255791070
118.15425 -71.0288 -1.7914568 1260255791079
117.596535 -75.02736 -2.051884 1260255791098
125.01671 -62.42599 0.7507103 1260255791114
129.21587 -51.60469 3.7131748 1260255791130
130.80507 -42.224457 5.827516 1260255791153
130.96481 -37.613235 7.4861403 1260255791169
130.26657 -32.982574 8.711833 1260255791188
129.05324 -28.533445 9.726241 1260255791210
127.800575 -24.606773 10.939929 1260255791231
127.11055 -20.926435 12.342933 1260255791249
128.05502 -13.130114 13.975786 1260255791269
131.25227 -5.0236077 15.176997 1260255791292
135.73965 3.6775725 15.418147 1260255791309
143.70267 -5.456306 15.14724 1260255791329
138.11754 -13.733491 14.6898775 1260255791350
133.96165 -21.396816 14.205383 1260255791373
130.36357 -28.576975 13.745114 1260255791389
127.1954 -35.398125 13.257858 1260255791408
124.48563 -41.978218 12.694965 1260255791431
122.61134 -48.429306 12.060217 1260255791450
121.730774 -54.85784 11.457206 1260255791631
122.89423 -43.56495 11.084346 1260255791643
123.39952 -34.486702 11.180128 1260255791659
122.729546 -28.962366 11.271122 1260255791665
121.493065 -24.414248 11.2575655 1260255791674
120.11841 -20.443535 11.194687 1260255791681
118.812485 -16.771358 11.234953 1260255791691
117.72186 -13.482791 11.523206 1260255791697
116.88577 -10.608651 12.097046 1260255791703
116.29148 -8.178219 13.042193 1260255791716
