102.668564 49.068825 45.022984 1260179295418
107.185135 54.46538 45.221836 1260179295428
112.17588 59.842113 44.760746 1260179295461
114.91708 64.50001 45.02271 1260179295476
118.52123 69.17501 44.571575 1260179295488
123.89517 74.16626 44.142998 1260179295501
131.45041 61.507946 43.68585 1260179295518
139.47789 49.63255 42.651554 1260179295527
145.10399 56.000923 41.618977 1260179295541
144.2488 60.550877 40.23803 1260179295553
141.03636 61.673332 37.92613 1260179295576
138.03455 61.539665 35.279823 1260179295599
135.33282 60.76268 32.51583 1260179295613
132.86618 59.524548 29.74004 1260179295635
130.57288 57.84832 26.953037 1260179295657
128.34424 55.755905 24.205385 1260179295673
126.22703 53.36811 21.445116 1260179295692
122.565674 51.099705 16.672861 1260179295711
118.73739 39.79472 15.939218 1260179295731
129.95052 29.304983 15.942257 1260179295753
123.65299 19.689734 16.195145 1260179295771
118.07034 10.705247 16.485388 1260179295791
129.96683 1.8699844 16.711119 1260179295874
136.0185 10.526485 16.825563 1260179295885
134.16757 15.950161 16.434286 1260179295891
131.35919 18.852654 15.612572 1260179295897
128.59123 20.760021 14.881943 1260179295914
125.81167 22.12202 14.287846 1260179295928
123.32108 23.36592 13.873453 1260179295946
121.35503 24.647623 13.97978 1260179295961
120.887276 25.415241 15.680791 1260179295981
132.59291 16.194479 16.396751 1260179296001
129.76326 8.534755 15.976913 1260179296194
128.7251 1.5080171 14.828068 1260179296210
129.28885 -5.267384 12.886664 1260179296217
131.17441 -12.104014 10.2423315 1260179296229
134.4157 -19.198814 6.980215 1260179296238
139.14491 -26.538874 3.2812042 1260179296249
147.28767 -16.51193 -0.48285612 1260179296258
142.82329 -10.136333 -1.3587134 1260179296271
140.28212 -6.2795167 -0.14077774 1260179296279
137.66801 -3.2655408 1.6162611 1260179296294
135.0346 -0.65226376 3.4854481 1260179296308
132.28288 1.5803494 5.4111757 1260179296317
129.61874 3.6013322 7.340617 1260179296328
127.38781 5.4712653 9.273586 1260179296337
125.81842 7.147702 11.309907 1260179296349
127.7775 14.090318 12.994411 1260179296364
133.13863 21.985802 13.244691 1260179296374
133.3317 12.486511 12.432456 1260179296386
133.96512 3.8621857 11.460834 1260179296393
133.86687 -4.0809236 10.637792 1260179296411
133.27353 -11.576878 9.955902 1260179296423
132.60985 -18.998034 9.358107 1260179296444
134.92935 -26.798132 8.690201 1260179296466
131.23288 -17.558226 7.855691 1260179296489
128.22124 -10.630314 6.8629065 1260179296503
125.26018 -6.3487983 5.869761 1260179296525
122.39717 -3.1313581 5.026273 1260179296547
119.47731 -0.8247901 4.3249593 1260179296562
116.65344 0.9664494 3.8587112 1260179296582
113.97077 2.318127 3.8157756 1260179296605
111.22224 3.0022206 4.674987 1260179296628
108.46113 3.7521095 6.6412377 1260179296642
105.488075 4.8645043 9.259176 1260179296664
112.36367 12.121279 11.796217 1260179296686
116.24548 18.415215 13.506406 1260179296703
