215.13435 11.545991 60.186584 1260255786815
217.92764 2.118691 57.877254 1260255786827
222.63126 -6.637244 55.53339 1260255786835
227.94969 -14.755382 53.35672 1260255786866
234.20221 -22.267612 51.238884 1260255786882
222.5921 -29.304232 49.17694 1260255786890
211.7625 -35.939022 47.168095 1260255786906
201.87437 -42.242073 45.20969 1260255786919
193.03065 -48.27997 43.249207 1260255786930
187.22913 -37.16597 41.086746 1260255786943
183.51767 -32.75767 38.48241 1260255786959
180.0418 -28.869787 36.00829 1260255786978
176.8397 -25.276299 33.657875 1260255787002
173.84772 -22.062483 31.37498 1260255787019
170.85533 -19.359358 29.206232 1260255787039
167.91257 -17.14139 27.14592 1260255787061
165.01694 -15.38432 25.138624 1260255787080
162.26608 -13.715104 23.031693 1260255787098
159.60278 -11.529349 20.030107 1260255787119
166.82265 -2.6028814 17.778603 1260255787141
167.18152 -11.2727375 16.639673 1260255787157
161.37244 -19.1591 15.907689 1260255787177
154.80382 -26.451145 15.362305 1260255787199
148.51363 -33.22859 14.944189 1260255787217
142.68794 -39.567158 14.596979 1260255787237
137.45355 -45.6388 14.16713 1260255787257
132.93088 -51.55686 13.658774 1260255787277
129.03433 -57.47902 13.075835 1260255787301
130.33261 -46.05507 12.722043 1260255787317
129.11598 -38.902317 12.435941 1260255787340
127.96018 -34.007202 12.364143 1260255787357
126.81217 -29.756842 12.395936 1260255787378
125.67156 -25.918999 12.476139 1260255787559
124.73798 -22.623049 12.802332 1260255787576
123.901085 -19.991896 13.262216 1260255787582
122.55603 -18.9923 13.849105 1260255787594
119.728226 -20.942684 14.056649 1260255787603
117.04182 -24.74555 13.703816 1260255787614
114.73972 -28.658272 13.018625 1260255787621
112.952736 -32.77536 12.0176935 1260255787634
112.0551 -37.136593 10.616809 1260255787651
112.40234 -41.929764 8.585968 1260255787660
114.23222 -47.233276 5.806669 1260255787671
117.22061 -52.97161 2.4163356 1260255787680
120.70958 -58.67303 -0.9544812 1260255787693
124.3741 -63.83938 -3.0567572 1260255787704
123.10539 -68.497406 -3.0539193 1260255787716
133.15012 -73.372536 -1.4012233 1260255787729
140.3426 -78.65391 1.268838 1260255787740
143.87547 -66.871216 4.305396 1260255787753
143.4317 -61.377655 6.390126 1260255787774
141.51012 -55.758774 7.57062 1260255787789
139.0346 -50.370834 8.292089 1260255787810
136.43288 -45.402294 8.877485 1260255787831
134.11124 -40.63218 9.633611 1260255787850
132.60568 -35.95057 10.75193 1260255787868
134.0754 -27.35304 12.164333 1260255787891
137.82162 -17.885387 12.856116 1260255787914
144.53055 -8.041119 13.063311 1260255787929
154.40402 -16.239063 13.060145 1260255787949
147.38382 -23.777111 13.007138 1260255787971
141.41463 -30.788256 12.906781 1260255787989
136.0939 -37.44884 12.711442 1260255788008
131.0892 -43.8764 12.47587 1260255788029
125.98474 -50.18258 12.152077 1260255788053
137.2855 -56.42345 11.844473 1260255788069
141.52122 -44.802277 11.70225 1260255788088
142.54517 -34.76216 11.917137 1260255788111
141.46791 -27.374054 12.27128 1260255788129
139.34451 -22.755352 12.307716 1260255788149
