287.3185 3.4544487 65.99713 1260261068900
288.95258 2.2317262 66.04727 1260261068908
291.25494 0.6701398 65.79491 1260261068939
294.1922 -6.513367 65.15516 1260261068955
279.9326 -12.937698 64.1474 1260261068966
266.83597 -18.790813 62.94003 1260261068978
254.99417 -24.101273 61.543026 1260261068988
244.14445 -28.996208 60.065876 1260261069003
234.03723 -33.5464 58.562584 1260261069016
224.68536 -34.969078 57.034454 1260261069036
216.35109 -36.620625 55.28273 1260261069058
209.28354 -38.389595 53.268593 1260261069074
203.16936 -40.220116 50.905163 1260261069276
198.2609 -41.30911 47.809906 1260261069285
194.29785 -41.04365 43.91941 1260261069297
190.63297 -39.79147 39.67344 1260261069304
186.95131 -37.901897 35.439766 1260261069317
183.00374 -35.606804 31.217777 1260261069326
177.55356 -32.976463 26.856888 1260261069337
186.07588 -30.12764 22.314043 1260261069346
192.97209 -20.671257 18.698341 1260261069357
199.57349 -11.237694 16.463425 1260261069374
206.94481 -2.0758088 14.990253 1260261069383
199.24757 6.6779823 14.040741 1260261069395
196.83519 14.794083 13.438704 1260261069404
198.09343 22.154379 13.116768 1260261069417
206.13876 28.84666 13.060929 1260261069428
196.53183 34.85433 13.1078825 1260261069444
188.40524 40.36161 13.252488 1260261069455
181.78497 45.39353 13.439864 1260261069464
176.39572 50.023857 13.717871 1260261069478
171.82593 54.222664 14.081977 1260261069490
167.58463 57.91153 14.377878 1260261069503
163.30539 60.765953 14.558985 1260261069523
156.99011 59.627655 11.681035 1260261069543
156.7406 54.796272 8.746984 1260261069555
156.00357 49.40646 6.5096345 1260261069577
154.80339 41.086136 4.8341527 1260261069594
153.21323 33.53183 3.5924451 1260261069616
151.35257 26.405237 2.662823 1260261069636
149.38493 19.584976 1.8796818 1260261069658
147.36569 12.755728 1.1856977 1260261069674
146.6474 5.067941 -0.023587186 1260261069693
140.36504 11.814544 -1.0224078 1260261069717
137.09679 16.573816 -1.1712874 1260261069733
134.74194 20.495125 -0.962723 1260261069754
133.15485 23.270369 -0.21458688 1260261069774
132.3471 24.95685 1.2961425 1260261069798
131.97975 25.709007 3.4313354 1260261069813
132.43077 25.373556 6.5097685 1260261069833
