131.49669 25.938736 10.766518 1260255504543
131.72185 27.741798 11.328192 1260255504580
132.93576 32.45471 12.261782 1260255504596
135.08897 38.181973 12.948692 1260255504609
137.88452 44.372875 13.251258 1260255504621
141.7903 50.654232 13.488695 1260255504634
146.45079 56.82152 13.614261 1260255504652
150.97826 62.780445 13.583548 1260255504669
153.22934 68.29142 13.30437 1260255504687
150.11787 73.22685 12.589151 1260255504707
145.36198 76.815506 10.809694 1260255504727
142.44388 75.62473 8.51921 1260255504749
139.97168 74.0935 6.6432495 1260255504767
137.6731 72.48882 5.111087 1260255504793
135.58945 70.91438 3.8555324 1260255504807
133.60997 69.36866 2.8127558 1260255504827
131.72948 67.85023 1.972118 1260255504847
129.94301 66.35772 1.2735121 1260255504867
128.24586 65.03983 0.65983653 1260255504890
126.78357 64.23784 0.02684468 1260255504907
125.644394 66.125946 -0.52449757 1260255504930
124.51218 70.36965 -0.5982727 1260255504947
124.386566 75.101166 -0.46835905 1260255504967
126.017235 79.89611 -0.1949411 1260255504987
129.86638 84.651306 0.16480595 1260255505007
135.12306 89.21874 0.60656565 1260255505027
140.66692 93.6078 1.0262374 1260255505047
145.28357 97.72742 1.4249256 1260255505070
146.5694 101.291046 1.7036793 1260255505087
145.49092 103.07649 1.7684953 1260255505287
143.81638 102.22267 1.6800705 1260255505293
141.72556 100.111534 1.646067 1260255505308
139.53928 97.60596 1.7137637 1260255505314
137.36232 94.875656 1.8780755 1260255505326
135.2442 92.08187 2.1341717 1260255505334
133.232 89.17778 2.427463 1260255505346
131.2204 86.11889 2.8560898 1260255505355
128.80937 82.41294 3.5632854 1260255505367
128.1689 71.5423 2.285121 1260255505383
131.06046 60.06518 0.37086484 1260255505392
135.65744 48.76192 -2.0976784 1260255505403
145.62457 37.423824 -5.042794 1260255505410
139.44334 44.30263 -8.140655 1260255505424
133.87117 50.5375 -11.033622 1260255505439
128.27762 56.210625 -13.381941 1260255505451
122.76374 61.400093 -15.062844 1260255505462
119.02555 65.78009 -15.759702 1260255505473
118.67427 68.291084 -15.321716 1260255505489
118.94056 68.92653 -14.15563 1260255505505
118.79353 68.780205 -12.847849 1260255505522
118.153854 68.29119 -11.605456 1260255505540
117.296165 67.72663 -10.425183 1260255505559
116.48135 67.2403 -9.353924 1260255505579
116.257286 67.12829 -8.336227 1260255505598
116.84442 67.82188 -7.519416 1260255505622
117.5022 70.38078 -7.143445 1260255505639
117.07709 74.36174 -7.0862727 1260255505662
114.42323 78.94366 -7.181959 1260255505679
109.90207 83.59647 -7.322861 1260255505697
105.30697 88.06665 -7.456718 1260255505720
101.59162 92.21332 -7.583882 1260255505737
99.21204 95.95265 -7.7046876 1260255505762
97.75144 99.30502 -7.8194532 1260255505777
96.71387 102.23977 -8.028481 1260255505798
95.878174 104.77778 -8.377056 1260255505817
95.28426 106.68889 -8.958203 1260255505837
95.07005 107.40444 -9.810293 1260255505863
94.71655 105.03422 -10.469778 1260255506043
94.08073 102.28251 -10.796289 1260255506053
93.27669 99.41838 -10.956475 1260255506062
92.66286 96.74746 -11.008652 1260255506069
92.22971 94.31009 -10.908219 1260255506075
92.118225 92.19459 -10.762809 1260255506084
92.56232 90.43486 -10.524669 1260255506091
93.434204 89.013115 -10.348435 1260255506100
94.56249 87.91246 -10.2810135 1260255506107
