95.11075 23.861874 3.212013 1260255527113
97.10521 28.71878 3.4514124 1260255527148
99.849945 34.432842 3.7788417 1260255527167
103.00745 40.4612 4.0898995 1260255527180
106.95708 46.588142 4.3854046 1260255527191
111.85922 52.708736 4.6661344 1260255527204
117.26626 58.7233 4.8328276 1260255527219
123.35294 64.587135 4.891186 1260255527238
124.78529 70.157776 4.696627 1260255527263
121.59603 74.499886 3.7617958 1260255527279
118.71623 76.72489 2.173706 1260255527297
115.73042 75.63865 0.81502074 1260255527320
112.7939 74.35672 -0.27573037 1260255527337
109.9542 72.93888 -1.1619439 1260255527357
107.20649 71.341934 -1.9038467 1260255527377
104.69617 69.72484 -2.6086545 1260255527397
102.36136 68.1886 -3.2782218 1260255527417
100.19329 66.879166 -4.014311 1260255527437
98.28362 65.98521 -4.8635955 1260255527457
96.76944 65.835945 -5.8704157 1260255527478
95.93097 69.54415 -6.376895 1260255527498
96.13442 74.16695 -6.30805 1260255527517
98.8777 79.0086 -5.8926477 1260255527537
104.183815 83.75817 -5.3480153 1260255527557
110.974625 88.32026 -4.7306147 1260255527584
118.275894 92.70425 -4.094084 1260255527598
124.9621 96.86903 -3.5393796 1260255527617
129.01399 100.575584 -3.0624106 1260255527637
129.4133 102.7468 -2.8092902 1260255527657
127.592636 102.709465 -2.8188257 1260255527679
124.263 101.273994 -2.8278844 1260255527697
120.54985 99.3603 -2.7364902 1260255527723
116.82236 97.19228 -2.5496657 1260255527899
113.23124 94.88267 -2.2221825 1260255527910
109.91968 92.538536 -1.8610734 1260255527921
106.873695 90.21161 -1.4180197 1260255527931
104.23001 88.10103 -0.8971186 1260255527942
102.46851 86.64597 -0.3022627 1260255527949
102.99509 88.11368 -0.33714956 1260255527962
98.34533 92.107994 -1.5202922 1260255527968
110.67806 96.10259 -3.2942777 1260255527980
123.09416 99.64746 -5.529564 1260255527991
117.63945 102.665085 -7.803086 1260255528008
112.90748 105.28183 -9.962932 1260255528014
108.712105 107.61774 -11.864785 1260255528025
105.0265 109.73685 -13.371546 1260255528034
102.42517 111.600006 -14.252969 1260255528049
102.20391 112.62 -14.19032 1260255528063
103.143715 112.389 -13.230804 1260255528074
101.88653 110.76955 -12.069264 1260255528091
99.142204 109.03107 -10.965801 1260255528104
95.6851 107.229515 -9.967511 1260255528121
92.15084 105.41804 -9.069136 1260255528138
88.7933 103.64713 -8.215679 1260255528161
85.75363 102.11478 -7.454895 1260255528179
83.36595 100.909035 -6.73215 1260255528201
83.947655 100.81358 -6.1955423 1260255528218
86.750275 101.97291 -5.885765 1260255528241
89.36276 104.17426 -5.741477 1260255528263
90.89462 106.96555 -5.754403 1260255528278
91.74989 109.86728 -5.766683 1260255528299
92.6624 112.723915 -5.7283487 1260255528319
93.72928 115.53772 -5.641931 1260255528339
94.792816 118.160835 -5.5598345 1260255528358
95.85317 120.60279 -5.5318427 1260255528381
96.46051 122.62265 -5.6552505 1260255528403
96.83749 123.79152 -6.022488 1260255528419
96.34561 123.70194 -6.671364 1260255528440
94.67833 123.016846 -7.2877955 1260255528461
92.14441 120.166 -7.8234057 1260255528482
