267.91785 -133.14612 29.170612 1260261141035
260.77194 -132.48882 26.312082 1260261141045
255.33334 -132.71437 22.646479 1260261141056
250.76668 -127.628654 18.614155 1260261141064
246.72835 -122.49722 14.633447 1260261141074
243.09193 -117.47236 10.701775 1260261141106
239.88734 -112.548744 6.666686 1260261141124
237.19298 -115.17131 2.6333518 1260261141130
234.88333 -117.812744 -0.84831595 1260261141141
232.43916 -120.27211 -3.3059 1260261141159
228.3672 -122.40851 -4.490605 1260261141166
219.99884 -124.288086 -4.6160746 1260261141179
225.5489 -126.073685 -4.085271 1260261141188
228.37146 -127.87 -3.2810073 1260261141207
229.85289 -129.62651 -2.316957 1260261141219
230.81024 -131.29518 -1.3511091 1260261141239
231.86974 -132.83043 -0.48355368 1260261141256
233.27625 -134.2389 0.290624 1260261141274
235.51244 -135.57697 0.9260928 1260261141485
239.53682 -136.84811 1.2297882 1260261141496
228.55998 -138.05571 1.1182988 1260261141506
221.73198 -139.10292 0.4623838 1260261141518
217.19537 -139.79778 -0.8607355 1260261141525
213.68561 -140.00789 -2.6676986 1260261141539
210.75133 -139.95749 -4.734314 1260261141546
208.26376 -139.95961 -6.997598 1260261141558
205.95058 -134.81163 -9.197719 1260261141567
203.60304 -129.82104 -11.037832 1260261141578
201.27289 -125.079994 -12.485941 1260261141589
198.95924 -120.675995 -13.561644 1260261141608
196.71129 -116.742195 -14.433561 1260261141619
194.47572 -113.50509 -15.111883 1260261141626
191.60194 -113.37984 -15.356289 1260261141639
185.02185 -114.41084 -14.438475 1260261141648
192.62076 -116.1903 -12.966551 1260261141661
197.73972 -118.13078 -11.318223 1260261141677
201.30273 -120.124245 -9.602312 1260261141685
204.0876 -122.118034 -7.8721967 1260261141701
206.43323 -124.06213 -6.128587 1260261141718
208.16156 -126.009026 -4.3721576 1260261141728
209.25348 -128.00858 -2.5035498 1260261141740
209.9908 -130.00815 -0.5283723 1260261141758
210.99126 -131.70773 1.4480463 1260261141773
