112.914894 22.096703 5.539939 1260255580635
115.76915 27.541868 6.512942 1260255580695
119.580696 33.564774 7.437295 1260255580871
124.25166 39.786533 8.26543 1260255580883
129.03908 45.94721 8.952159 1260255580892
134.33713 52.099846 9.454551 1260255580906
139.97028 58.144855 9.781823 1260255580923
145.57176 63.987614 9.942732 1260255580932
148.19318 69.338234 9.845595 1260255580943
146.08351 73.32132 9.203316 1260255580950
142.72934 74.95525 7.9931498 1260255580961
139.09286 74.40749 6.843492 1260255580970
135.48822 73.387115 5.8513174 1260255580981
132.01381 72.16776 4.9587517 1260255580990
128.56313 70.70937 4.110814 1260255581001
125.284966 69.173904 3.2552733 1260255581008
122.27071 67.71521 2.4425097 1260255581027
119.40718 66.42945 1.6703842 1260255581039
116.93682 65.75798 0.9868649 1260255581047
115.28998 66.52008 0.5875217 1260255581053
115.82548 70.14407 0.7581456 1260255581064
119.3842 74.88687 1.2202383 1260255581073
125.51499 79.79253 1.7592264 1260255581087
132.88924 84.6529 2.3212652 1260255581095
140.34477 89.32026 2.905202 1260255581109
146.72754 93.65424 3.3599417 1260255581125
150.99117 97.62153 3.6919446 1260255581143
151.34161 100.590454 3.8073473 1260255581166
149.27454 101.06093 3.71698 1260255581181
145.71082 99.85788 3.631131 1260255581201
141.57527 98.014984 3.5995743 1260255581223
137.34651 95.96423 3.6695957 1260255581239
133.17918 93.76602 3.8361158 1260255581259
129.22023 91.52772 4.04431 1260255581283
125.45922 89.251335 4.2920947 1260255581299
122.03626 86.98877 4.52749 1260255581319
119.03445 84.93933 4.6011157 1260255581340
116.38272 83.542366 3.7210598 1260255581363
112.713585 86.36525 1.0850067 1260255581379
108.0779 89.846985 -1.6192437 1260255581398
103.12401 93.454636 -4.1882815 1260255581585
98.217804 96.93191 -6.5788674 1260255581595
93.70692 100.08531 -8.699924 1260255581607
89.871574 102.88105 -10.464929 1260255581619
87.02799 105.286995 -11.641683 1260255581628
85.42659 107.37264 -12.259599 1260255581638
86.25526 108.70401 -12.046618 1260255581645
88.24249 108.91881 -10.894287 1260255581654
87.68037 107.022865 -9.399572 1260255581665
85.44635 105.071724 -7.9295936 1260255581680
82.87403 103.21814 -6.5831137 1260255581691
80.23033 101.45723 -5.353958 1260255581703
77.71881 99.834366 -4.2362604 1260255581712
75.63287 98.39265 -3.2744474 1260255581723
74.75123 97.37302 -2.510725 1260255581734
76.56367 97.654366 -2.0351887 1260255581749
79.535484 99.021645 -1.8834293 1260255581763
82.40871 101.37056 -1.8892578 1260255581772
84.98827 104.40203 -1.894795 1260255581790
87.38886 107.68193 -1.8500552 1260255581804
90.11942 110.94784 -1.7575525 1260255581822
93.26345 114.050446 -1.6696749 1260255581839
95.500275 116.79792 -1.6361911 1260255581858
96.77526 119.05802 -1.7543815 1260255581882
97.4365 120.705124 -2.0666625 1260255581899
97.714676 121.51987 -2.5633295 1260255581922
97.32894 121.29388 -3.135163 1260255581939
95.81249 119.179184 -3.528405 1260255581957
93.42187 116.770226 -3.7519846 1260255581980
90.75077 114.18172 -3.8643854 1260255581998
88.06323 111.57263 -3.871166 1260255582020
85.560074 108.994 -3.8276076 1260255582039
83.33207 106.6443 -3.7862272 1260255582065
81.46547 104.512085 -3.6969159 1260255582079
80.0422 102.63648 -3.66207 1260255582101
79.09009 101.10466 -3.5789666 1260255582123
78.83559 99.84943 -3.4000182 1260255582139
