154.16585 -37.95763 6.029765 1260179476424
154.80756 -39.85975 5.678277 1260179476434
154.56718 -41.86676 5.294363 1260179476468
154.18883 -43.62342 4.8296447 1260179476478
153.67938 -45.24225 4.3881626 1260179476493
152.7454 -46.780136 3.9187546 1260179476506
151.55814 -48.24113 3.4228168 1260179476515
150.98022 -49.579075 3.0016758 1260179476529
150.38121 -50.85012 2.601592 1260179476545
150.61215 -52.007614 2.3215125 1260179476729
151.18155 -53.007233 2.1054368 1260179476738
151.87247 -53.95687 1.9501649 1260179476750
152.67885 -54.859028 1.8526567 1260179476759
153.39491 -55.716076 1.7600238 1260179476770
154.27516 -56.530273 1.6220226 1260179476778
155.1614 -57.30376 1.4909215 1260179476787
155.95334 -58.038574 1.3163754 1260179476804
156.65567 -58.786644 1.1505566 1260179476815
157.07289 -59.49731 0.99302876 1260179476828
157.31924 -60.222446 0.8433773 1260179476837
157.50328 -60.861324 0.7012084 1260179476847
157.47812 -61.468258 0.566148 1260179476854
157.45421 -62.094845 0.43784058 1260179476867
157.5315 -62.640102 0.31594855 1260179476879
157.75491 -63.158096 0.20015112 1260179476890
157.91718 -63.650192 0.09014356 1260179476908
157.97131 -64.11768 0.035636384 1260179476923
157.92274 -64.6118 -0.016145436 1260179476943
158.02661 -65.08121 -0.065338165 1260179476965
158.17528 -65.527145 -0.11207125 1260179476981
158.51651 -65.95079 -0.15646769 1260179477001
158.49068 -66.35325 -0.19864431 1260179477051
158.76614 -66.73559 -0.2387121 1260179477064
159.42784 -67.09881 -0.2767765 1260179477083
160.15645 -67.39387 -0.31293768 1260179477106
160.99863 -67.67417 -0.34729078 1260179477124
161.4487 -67.94046 -0.37992623 1260179477142
161.67627 -68.193436 -0.41092992 1260179477161
161.79245 -68.43376 -0.44038343 1260179477186
161.60283 -68.712074 -0.46836427 1260179477203
161.72269 -68.97647 -0.49494606 1260179477222
161.63655 -69.227646 -0.52019876 1260179477245
161.50473 -69.46626 -0.5441888 1260179477261
161.5795 -69.69295 -0.56697935 1260179477281
161.35052 -69.9083 -0.5886304 1260179477302
161.333 -70.06289 -0.60919887 1260179477327
161.46634 -70.20975 -0.62873894 1260179477342
161.54303 -70.34926 -0.647302 1260179477362
161.66588 -70.4818 -0.6649369 1260179477383
161.63258 -70.607704 -0.68169004 1260179477571
161.65096 -70.72732 -0.69760555 1260179477583
161.8184 -70.84095 -0.7127253 1260179477588
161.72748 -70.9989 -0.67708904 1260179477595
161.9411 -71.09895 -0.6432346 1260179477605
162.09404 -71.19401 -0.6110729 1260179477615
162.13934 -71.28431 -0.58051926 1260179477626
162.38237 -71.370094 -0.6014933 1260179477633
162.41325 -71.45159 -0.62141865 1260179477648
162.49258 -71.529015 -0.6403477 1260179477659
162.46796 -71.60256 -0.6583303 1260179477673
162.64456 -71.62244 -0.6754138 1260179477676
162.96233 -71.64131 -0.6416431 1260179477688
163.06421 -71.65925 -0.659561 1260179477697
163.261 -71.676285 -0.67658293 1260179477708
163.49796 -71.692474 -0.6927538 1260179477723
163.27306 -71.70785 -0.7081161 1260179477733
163.5594 -71.72246 -0.7227103 1260179477743
163.63144 -71.736336 -0.73657477 1260179477761
163.59987 -71.74952 -0.749746 1260179477786
163.81987 -71.76205 -0.7622587 1260179477801
163.57887 -71.77394 -0.7741458 1260179477822
163.39993 -71.83524 -0.7854385 1260179477846
163.12993 -71.84348 -0.7461665 1260179477863
162.82343 -71.85131 -0.7088582 1260179477884
162.78226 -71.908745 -0.6734153 1260179477902
162.99315 -71.91331 -0.6397445 1260179477928
163.1435 -71.867645 -0.6577573 1260179477943
163.08632 -71.824265 -0.6748694 1260179477962
162.582 -71.83305 -0.74112594 1260179477985
161.65291 -71.8914 -0.80406964 1260179478002
