240.9305 -1.1500081 27.990082 1260261290992
241.83397 -0.59250766 28.390577 1260261291003
242.44228 0.18711773 29.42105 1260261291015
243.37016 0.97776186 31.199997 1260261291026
244.45166 1.7288737 33.289997 1260261291035
246.07907 10.1924305 35.4755 1260261291047
248.42513 0.68280894 37.301723 1260261291079
251.40387 -8.001332 38.736637 1260261291093
255.03368 -15.851266 40.149807 1260261291105
259.28198 -22.808702 41.142315 1260261291117
247.96788 -24.668268 39.9852 1260261291131
238.41948 -23.584854 36.28594 1260261291147
229.1485 -22.205612 32.421642 1260261291154
220.04108 -20.74533 28.75056 1260261291174
210.98903 -19.308064 25.213032 1260261291185
202.08958 -17.84266 21.60238 1260261291196
193.6851 -15.950528 17.872261 1260261291215
187.00085 -8.153002 14.478648 1260261291230
183.05081 -1.4453515 12.354715 1260261291246
181.64827 4.976916 11.186979 1260261291428
181.76585 11.32807 10.57763 1260261291438
182.72755 17.411667 10.248749 1260261291449
183.89117 23.391083 10.086311 1260261291458
184.94661 29.17153 9.981996 1260261291469
185.44928 34.71295 9.782896 1260261291476
184.82681 39.977303 9.343751 1260261291487
182.48547 45.128437 8.476563 1260261291496
178.1612 50.272015 7.002735 1260261291508
172.35313 55.408413 4.952598 1260261291527
165.68547 60.587994 2.4049683 1260261291534
158.75119 65.75859 -0.5152801 1260261291545
151.81363 70.72066 -3.5895162 1260261291554
145.02295 75.43462 -6.5600405 1260261291567
138.5218 79.76289 -9.382038 1260261291579
132.74571 83.07475 -11.612936 1260261291592
126.50842 85.471016 -13.082289 1260261291605
137.433 84.097466 -14.028174 1260261291617
147.26135 83.042595 -14.576766 1260261291634
156.44829 82.140465 -14.997928 1260261291648
165.17587 81.28344 -15.298032 1260261291663
173.56708 80.519264 -15.533131 1260261291684
181.68872 79.793304 -15.7564745 1260261291704
189.80429 79.15364 -16.01865 1260261291728
185.11407 80.89596 -16.317719 1260261291744
183.40837 83.65116 -16.201832 1260261291763
182.58795 87.11861 -15.591741 1260261291786
183.65855 90.86268 -14.612154 1260261291803
186.42563 94.71954 -13.531547 1260261291823
189.25435 98.53357 -12.554969 1260261291843
188.14163 102.206894 -11.977221 1260261291868
182.93456 104.89655 -12.478359 1260261291883
175.78783 105.85172 -13.554441 1260261291903
167.54843 103.559135 -14.126719 1260261291928
159.27101 101.48118 -14.370383 1260261291945
169.20746 99.70712 -14.351864 1260261291963
178.64708 98.121765 -14.234271 1260261291983
187.66472 96.86568 -14.022557 1260261292006
195.23148 97.072395 -13.42143 1260261292210
196.9199 99.06878 -12.250359 1260261292217
201.07391 102.26534 -10.787841 1260261292228
208.27022 105.95207 -9.248448 1260261292240
199.1067 91.85447 -7.736026 1260261292251
191.40137 78.61175 -6.3992248 1260261292260
191.4313 83.33116 -6.0292635 1260261292272
182.25974 81.414604 -7.3778005 1260261292284
173.14674 79.69387 -8.25891 1260261292293
182.28941 78.35918 -8.945965 1260261292300
191.07494 77.39122 -9.498667 1260261292318
181.67119 76.87166 -9.923734 1260261292329
178.93762 78.528076 -10.177547 1260261292344
179.64075 82.201675 -9.66867 1260261292353
184.8587 86.54159 -8.635236 1260261292364
191.66577 90.86451 -7.503474 1260261292375
196.68248 94.67129 -6.4783006 1260261292391
199.29836 97.43772 -5.6543856 1260261292399
201.03343 99.065834 -5.271666 1260261292411
204.18176 99.51254 -5.408083 1260261292424
210.27267 98.28692 -5.837679 1260261292436
216.75903 96.47257 -6.445795 1260261292454
223.32108 94.29894 -7.1735053 1260261292468
230.00502 92.034 -7.96483 1260261292484
219.10477 90.0823 -8.966588 1260261292504
214.59953 92.928185 -9.118258 1260261292526
220.61955 97.18178 -8.162346 1260261292549
210.83858 83.47269 -7.054229 1260261292564
217.39665 88.149055 -6.0015173 1260261292584
217.57681 91.6416 -5.3514414 1260261292606
211.04797 93.20952 -5.5338693 1260261292623
201.39557 91.89904 -6.4071755 1260261292643
191.8758 89.804085 -7.586817 1260261292665
182.73201 87.06388 -8.957476 1260261292688
173.89542 83.86069 -10.659602 1260261292704
183.10065 80.31765 -13.026622 1260261292723
190.94562 85.20177 -16.775291 1260261292748
196.84834 72.49168 -17.836527 1260261292762
203.40593 60.017094 -17.744701 1260261292940
203.73563 65.516235 -16.757465 1260261292954
206.09885 69.79042 -15.419592 1260261292966
209.3939 72.800896 -14.048613 1260261292975
213.97421 74.86085 -12.896182 1260261292986
218.9755 76.367805 -12.151373 1260261292993
224.37672 77.69942 -11.793804 1260261293005
230.45789 79.26445 -11.854114 1260261293013
223.73499 81.75123 -12.261408 1260261293027
217.24823 85.61367 -12.548338 1260261293038
224.13582 72.332985 -12.370921 1260261293049
224.87903 60.216335 -12.052375 1260261293067
226.08508 48.905518 -11.949756 1260261293074
214.88083 55.260242 -12.802268 1260261293092
204.53679 59.09723 -14.262155 1260261293104
211.95995 58.692368 -14.999047 1260261293115
218.86195 58.35775 -15.449095 1260261293128
225.41885 58.089863 -15.77664 1260261293139
231.6479 57.98537 -16.187807 1260261293154
237.91551 58.186104 -16.728416 1260261293176
231.26973 61.576797 -17.041996 1260261293189
227.60625 66.34795 -16.589895 1260261293208
226.57593 71.530556 -15.710401 1260261293228
228.89713 76.55403 -14.624881 1260261293243
229.85226 80.77633 -13.543636 1260261293266
230.15965 83.937515 -12.666454 1260261293289
231.15167 85.94064 -12.083132 1260261293306
235.09409 86.79361 -11.928975 1260261293328
240.13939 86.15393 -12.082526 1260261293346
245.33241 84.89623 -12.5284 1260261293369
250.41579 83.30142 -13.30198 1260261293384
255.245 81.13635 -14.786881 1260261293404
259.73276 78.22954 -17.397537 1260261293428
264.1961 83.26806 -19.07766 1260261293444
251.6363 70.10465 -19.423777 1260261293464
244.2045 75.09942 -19.102589 1260261293485
241.29428 79.54445 -18.34746 1260261293502
239.02957 83.41723 -17.680086 1260261293524
235.6781 86.89637 -17.346083 1260261293544
228.3942 90.40155 -17.928778 1260261293733
234.5745 94.081474 -20.182339 1260261293744
238.89577 89.8774 -22.873222 1260261293753
242.75098 86.18353 -24.329561 1260261293764
246.36343 83.174355 -25.163084 1260261293774
249.69527 80.915634 -25.75493 1260261293785
252.5605 79.46986 -26.117184 1260261293794
254.63248 81.49636 -26.311325 1260261293806
255.25085 83.42154 -26.345758 1260261293813
253.98831 85.500465 -26.278471 1260261293832
251.5389 87.57544 -26.114548 1260261293840
249.11195 89.39667 -25.80882 1260261293853
246.90636 90.77683 -25.418379 1260261293859
244.96104 91.68799 -24.99746 1260261293872
242.81299 92.503586 -24.647587 1260261293894
240.17233 91.22841 -24.515207 1260261293900
237.11371 89.816986 -24.539448 1260261293909
