225.10147 -43.20831 47.85051 1260256043320
225.0464 -48.397892 48.307983 1260256043332
225.54408 -52.828 48.242584 1260256043341
226.41689 -56.7866 47.930454 1260256043353
226.34604 -56.39727 47.53393 1260256043393
226.07874 -56.177406 47.007236 1260256043399
226.7748 -59.568535 46.306873 1260256043411
230.28606 -62.44011 45.14153 1260256043422
236.02176 -65.9681 43.384453 1260256043433
224.42067 -69.66969 41.31523 1260256043444
213.69963 -73.486206 39.19947 1260256043458
203.56465 -77.261894 37.139496 1260256043475
194.08643 -80.648796 35.132523 1260256043489
185.13211 -83.76636 33.175896 1260256043511
177.22551 -86.67804 31.2171 1260256043533
171.16423 -89.394135 28.906244 1260256043549
169.15602 -92.72443 25.060932 1260256043570
169.19823 -86.63821 21.257885 1260256043592
168.88832 -80.406296 18.79499 1260256043614
168.49391 -74.68598 16.755241 1260256043629
168.11922 -69.45168 14.96748 1260256043651
167.76326 -64.9291 13.169106 1260256043669
167.37509 -61.232643 11.21065 1260256043688
166.90634 -58.62101 8.500118 1260256043710
164.56102 -62.88996 6.025112 1260256043731
160.18297 -67.14546 4.8738565 1260256043754
154.07382 -70.98819 4.280164 1260256043769
147.12013 -74.48878 4.0161557 1260256043790
139.76413 -77.71434 4.015348 1260256043812
150.12593 -80.67862 4.2645807 1260256043829
159.61963 -83.74469 4.651352 1260256043847
159.38864 -71.20746 5.7687845 1260256043867
158.76921 -64.54709 5.680345 1260256044054
158.58075 -59.119736 5.2963276 1260256044064
158.65172 -54.76375 4.7815113 1260256044075
158.66913 -52.37556 3.9924357 1260256044082
157.68567 -52.156784 3.092814 1260256044093
154.70139 -53.148945 2.3381732 1260256044102
150.61632 -54.491497 1.7212645 1260256044113
146.4855 -56.86692 1.1352012 1260256044120
144.86124 -56.923576 1.1784412 1260256044133
144.31818 -50.9274 2.269519 1260256044151
143.50227 -45.081028 3.156043 1260256044160
142.72716 -39.72698 4.1982408 1260256044171
143.1408 -30.24063 6.6883287 1260256044180
152.48375 -35.828598 7.4539123 1260256044193
162.50957 -40.787167 7.7812166 1260256044204
171.78409 -45.497807 8.092155 1260256044217
180.39488 -50.072918 8.337547 1260256044230
188.52513 -54.56927 8.52067 1260256044241
196.24887 -59.04081 8.694636 1260256044253
203.28642 -63.48877 8.9099045 1260256044274
209.4721 -68.01433 9.16441 1260256044289
214.79851 -72.51361 9.456189 1260256044310
218.85858 -76.83793 10.08338 1260256044332
215.56566 -72.046036 9.929211 1260256044349
212.28737 -67.343735 9.28275 1260256044369
209.223 -62.87655 8.6686125 1260256044391
206.41185 -58.73272 8.135181 1260256044414
203.89125 -55.096085 7.8284225 1260256044429
201.64668 -52.34128 7.7870016 1260256044449
199.81435 -50.27422 8.0976515 1260256044472
198.92363 -48.610508 8.892769 1260256044489
