346.3106 69.32383 6.61602 1260179238779
346.5951 68.95764 7.5852194 1260179238795
346.86533 68.60976 8.555959 1260179238806
347.32205 68.42927 9.228161 1260179238845
347.80594 68.40781 9.816752 1260179238855
330.46564 68.23742 10.525915 1260179238870
314.19235 68.02555 11.199619 1260179238887
298.98273 67.67427 11.939638 1260179238894
284.7836 67.14056 12.592656 1260179238913
271.49442 66.48353 13.113024 1260179238924
259.01968 65.80935 13.707373 1260179238936
247.3687 65.21888 14.3720045 1260179238950
238.70026 64.55794 15.203404 1260179238968
232.01524 67.88004 16.443233 1260179238985
229.76448 71.836044 17.321072 1260179239007
228.32626 76.14424 17.705017 1260179239023
227.85995 80.68703 17.769766 1260179239250
228.21695 85.25268 17.681278 1260179239259
228.9061 89.74004 17.547215 1260179239271
228.3608 93.85304 17.319855 1260179239282
223.69275 96.96039 16.853863 1260179239291
216.20811 97.46237 15.36117 1260179239297
208.8977 95.38925 13.443111 1260179239307
202.00282 92.819786 11.470956 1260179239314
195.45268 89.8788 9.547408 1260179239327
189.23004 86.78486 7.7700377 1260179239334
183.31854 83.59562 6.1315355 1260179239345
177.70262 80.51584 4.6749587 1260179239357
172.1675 78.34005 3.291211 1260179239373
166.90912 80.12305 2.3766503 1260179239379
163.81366 83.51689 2.357818 1260179239390
164.02298 87.541046 2.789927 1260179239398
168.42183 91.913994 3.4004307 1260179239413
176.30074 78.56829 4.080409 1260179239426
167.6357 66.13988 4.6763887 1260179239435
159.5039 54.282883 5.042569 1260179239448
164.12871 60.41874 5.240441 1260179239459
161.12227 64.147804 5.128419 1260179239473
156.81616 64.89041 4.621998 1260179239491
152.57535 64.54589 4.040898 1260179239504
148.44658 63.768597 3.538853 1260179239525
144.37425 62.630165 3.0619102 1260179239546
140.60555 61.398655 2.7088146 1260179239563
137.17526 60.128723 2.623374 1260179239585
134.0665 58.372288 3.2922053 1260179239605
129.86317 48.053673 3.977595 1260179239628
127.27001 38.500988 4.178715 1260179239642
125.95651 29.475939 3.9697795 1260179239663
126.058685 20.902142 3.2712905 1260179239687
128.55576 12.457034 1.757726 1260179239703
134.37796 3.5341823 -0.8801603 1260179239723
143.50906 11.907474 -3.9361525 1260179239745
136.8836 18.6121 -6.1393447 1260179239768
133.23943 23.281496 -6.6323776 1260179239782
131.12746 27.417421 -5.550759 1260179239805
129.07109 29.04655 -3.7732208 1260179239826
126.46754 30.294224 -1.8345597 1260179239843
123.64416 31.329512 0.10716833 1260179239863
120.76195 32.163036 1.9518099 1260179240050
117.92385 32.804886 3.6542194 1260179240066
115.17766 33.21464 5.1215086 1260179240074
112.56878 33.55391 6.215433 1260179240085
110.14034 34.076214 6.8546615 1260179240096
108.283325 36.722404 6.411928 1260179240107
106.06916 42.836285 5.6413317 1260179240116
104.0157 49.49447 5.259265 1260179240128
116.264915 38.069744 5.1463017 1260179240137
111.50167 27.416256 5.188987 1260179240150
107.37659 17.395443 5.279537 1260179240165
103.557755 7.8756704 5.3655605 1260179240174
114.17987 -1.468113 5.2972827 1260179240186
112.770874 6.655293 4.8324184 1260179240195
110.28233 12.772529 3.6407976 1260179240208
107.86822 15.283902 2.1587577 1260179240223
105.5248 17.069708 0.85081977 1260179240232
103.098564 18.016222 -0.24172129 1260179240245
100.693634 18.56541 -0.97963524 1260179240257
98.25895 18.73714 -1.0806534 1260179240274
95.646 18.500284 0.17337929 1260179240289
91.21371 18.52527 3.3147104 1260179240303
100.85302 25.449007 6.3489747 1260179240367
109.31037 31.826557 9.081526 1260179240386
