196.84793 51.755733 11.990236 1260255940656
196.80554 52.167946 12.590725 1260255940665
198.46527 51.95955 13.961188 1260255940677
201.242 51.311573 15.613129 1260255940685
204.6299 50.345993 17.632473 1260255940860
208.3984 49.378693 19.40085 1260255940898
212.72849 48.559757 20.630808 1260255940911
202.79205 47.98177 21.049267 1260255940921
195.25246 47.48268 20.846804 1260255940932
188.63983 47.208546 20.354464 1260255940941
182.75784 47.148117 19.73674 1260255940953
177.76994 47.440712 19.199903 1260255940960
174.08145 48.218678 18.789907 1260255940971
171.87738 49.407745 18.650412 1260255940980
171.43352 52.837357 18.81789 1260255940990
173.01184 57.745487 19.026995 1260255941000
176.91125 63.458214 18.975645 1260255941013
183.11569 51.2853 18.826862 1260255941025
190.2599 39.921036 18.58552 1260255941037
197.4969 29.124983 18.306244 1260255941049
204.42206 18.868734 17.990932 1260255941057
210.05095 8.975298 17.541386 1260255941069
209.7484 17.276533 16.864317 1260255941078
205.01097 24.612707 15.921101 1260255941094
199.76042 30.632072 14.625046 1260255941101
194.1224 35.100468 12.843794 1260255941114
187.86629 36.345444 10.901604 1260255941121
181.37297 37.02817 9.1065235 1260255941137
174.90433 37.42676 7.451197 1260255941144
168.55911 37.655422 5.978637 1260255941160
162.53116 37.87265 4.679705 1260255941173
156.9546 38.129017 3.49572 1260255941194
151.85687 38.472565 2.3209338 1260255941209
147.51402 39.198936 1.0048871 1260255941231
144.08832 43.08899 -0.39535728 1260255941249
141.58391 48.03454 -1.1755894 1260255941269
140.6047 53.93281 -1.21681 1260255941290
145.12447 59.98617 -0.8559695 1260255941312
153.11824 65.93686 -0.313171 1260255941333
161.91232 53.740017 0.3524876 1260255941348
170.9167 42.203014 0.9348632 1260255941370
179.32086 31.192863 1.28812 1260255941392
178.35481 38.283222 1.2737141 1260255941570
174.98708 44.06906 0.8100284 1260255941579
171.33772 47.665607 -0.030473057 1260255941593
166.47084 48.932327 -0.6789494 1260255941602
160.6473 49.68571 -1.045002 1260255941613
154.61493 50.251427 -1.1927519 1260255941620
148.43419 50.588856 -1.0831143 1260255941634
142.51248 50.95941 -0.72895855 1260255941641
137.18686 51.361443 -0.19251062 1260255941653
132.52751 51.84337 0.5671149 1260255941664
129.85114 52.6012 1.3387592 1260255941680
129.95857 53.67114 2.0218213 1260255941689
130.16064 56.83758 1.8707302 1260255941698
140.55261 45.1957 -0.6728064 1260255941709
149.97498 34.735916 -3.439166 1260255941721
159.37622 24.59912 -6.217208 1260255941737
168.8074 14.669164 -8.906347 1260255941745
178.01703 4.985706 -11.16103 1260255941762
186.61618 13.68642 -12.702978 1260255941776
177.43536 21.7521 -13.367829 1260255941796
173.4636 28.864494 -13.149438 1260255941810
173.7904 34.27127 -12.091966 1260255941832
173.80089 37.757706 -11.037368 1260255941849
168.11084 39.66982 -10.185499 1260255941872
160.8053 41.086327 -9.576224 1260255941889
153.61504 42.28201 -9.097413 1260255941912
146.93428 43.31791 -8.692542 1260255941934
141.48756 44.552013 -8.357915 1260255941948
139.21318 46.17441 -8.240019 1260255941971
138.70251 49.16569 -8.328018 1260255941989
138.5174 53.557407 -8.411617 1260255942016
138.29152 58.92954 -8.191036 1260255942029
139.17694 64.58306 -7.7814846 1260255942052
142.5681 70.15391 -7.2924104 1260255942074
145.78969 75.39621 -6.77779 1260255942088
146.6002 80.2264 -6.3889008 1260255942110
147.1202 84.61508 -6.0694556 1260255942131
147.11418 88.58433 -5.815983 1260255942154
146.05847 92.10511 -5.825184 1260255942338
144.85555 95.04986 -6.083925 1260255942345
143.26277 97.14736 -6.7297287 1260255942354
141.09964 98.34 -7.6932425 1260255942361
138.39465 96.772995 -8.408581 1260255942370
134.52492 95.234344 -8.938151 1260255942376
129.94867 93.67263 -9.391244 1260255942383
125.601234 92.289 -9.671681 1260255942392
121.12117 90.87455 -9.888098 1260255942399
