138.70619 93.53101 -3.834686 4.9975758 -2.202139 -5.5602074 1260174315802
138.70619 93.53101 -3.834686 5.4714346 -3.3821607 -6.487418 1260174315812
138.52089 93.654465 -3.8929517 5.4714346 -3.3821607 -6.487418 1260174315840
138.52089 93.654465 -3.8929517 5.8998184 -4.354589 -6.7002525 1260174315851
138.64485 93.77174 -3.8983042 5.8998184 -4.354589 -6.7002525 1260174315859
138.64485 93.77174 -3.8983042 6.047017 -5.288468 -7.2050285 1260174315862
138.7626 93.93316 -3.903389 6.047017 -5.288468 -7.2050285 1260174315873
138.7626 93.93316 -3.903389 6.1376433 -6.8284645 -7.764697 1260174315879
138.82448 94.0865 -3.9082196 6.1376433 -6.8284645 -7.764697 1260174315885
138.82448 94.0865 -3.9082196 6.1173377 -8.396418 -7.9884233 1260174315892
138.82448 94.0865 -3.9082196 6.1173377 -8.341936 -7.9884233 1260174315898
138.93326 94.23218 -3.9128087 6.1173377 -8.341936 -7.9884233 1260174315908
138.78659 94.27057 -3.9171681 6.1173377 -8.341936 -7.9884233 1260174315930
138.78659 94.27057 -3.9171681 6.2347097 -10.084447 -7.6901994 1260174315937
138.74725 94.25704 -3.8713098 6.2347097 -10.084447 -7.6901994 1260174315949
138.74725 94.25704 -3.8713098 5.9612017 -9.951901 -7.8354383 1260174315952
138.6099 94.24419 -3.8777442 5.9612017 -9.951901 -7.8354383 1260174315972
138.6099 94.24419 -3.8777442 5.9535856 -9.853159 -7.698173 1260174315976
137.2794 93.63197 -4.083857 5.9535856 -9.853159 -7.698173 1260174315990
137.2794 93.63197 -4.083857 6.7013063 -3.0836177 -4.594593 1260174315996
136.16544 93.900375 -4.329664 6.7013063 -3.0836177 -4.594593 1260174316013
136.16544 93.900375 -4.329664 7.7016993 -5.380532 -3.5909905 1260174316021
134.85716 93.20535 -4.613181 7.7016993 -5.380532 -3.5909905 1260174316030
134.85716 93.20535 -4.613181 8.253574 -0.035520554 -0.47570592 1260174316033
133.71431 93.54508 -4.882522 8.253574 -0.035520554 -0.47570592 1260174316048
133.71431 93.54508 -4.882522 8.214753 -2.0566044 1.11637 1260174316056
133.67859 93.66783 -4.888396 8.214753 -2.0566044 1.11637 1260174316070
133.67859 93.66783 -4.888396 8.804136 -4.1095524 0.7952413 1260174316077
133.84467 93.78444 -4.843976 8.804136 -4.1095524 0.7952413 1260174316089
133.84467 93.78444 -4.843976 9.03426 -5.1542425 0.4556244 1260174316099
134.00243 93.94521 -4.8017774 9.03426 -5.1542425 0.4556244 1260174316112
134.00243 93.94521 -4.8017774 9.025375 -6.832054 -0.022981524 1260174316117
134.1523 94.04795 -4.7616887 9.025375 -6.832054 -0.022981524 1260174316130
134.1523 94.04795 -4.7616887 9.161557 -7.888575 -0.2894081 1260174316137
134.39468 94.14555 -4.723604 9.161557 -7.888575 -0.2894081 1260174316152
134.39468 94.14555 -4.723604 9.172848 -8.997265 -0.70788777 1260174316159
134.42494 94.23827 -4.687424 9.172848 -8.997265 -0.70788777 1260174316169
134.42494 94.23827 -4.687424 9.061448 -9.931419 -0.99373764 1260174316173
134.1537 94.22636 -4.653053 9.061448 -9.931419 -0.99373764 1260174316192
134.1537 94.22636 -4.653053 9.101736 -9.760164 -0.7853252 1260174316195
133.79602 94.21504 -4.6204 9.101736 -9.760164 -0.7853252 1260174316210
133.79602 94.21504 -4.6204 9.077549 -9.513121 -0.95422065 1260174316218
133.35622 94.25429 -4.63938 9.077549 -9.513121 -0.95422065 1260174316229
133.35622 94.25429 -4.63938 8.929432 -9.89767 -1.041726 1260174316239
133.2384 94.341576 -4.657411 8.929432 -9.89767 -1.041726 1260174316251
133.2384 94.341576 -4.657411 8.8862505 -10.833467 -1.1763011 1260174316254
133.52649 94.6245 -4.6745405 8.8862505 -10.833467 -1.1763011 1260174316437
133.52649 94.6245 -4.6745405 9.003001 -13.411772 -1.8158207 1260174316446
133.90016 94.943275 -4.6408134 9.003001 -13.411772 -1.8158207 1260174316455
133.90016 94.943275 -4.6408134 9.03941 -16.14064 -2.226985 1260174316459
134.35515 95.19611 -4.6087728 9.03941 -16.14064 -2.226985 1260174316462
134.35515 95.19611 -4.6087728 9.0664215 -17.714132 -2.1709404 1260174316470
135.08739 95.38631 -4.478334 9.0664215 -17.714132 -2.1709404 1260174316473
135.08739 95.38631 -4.478334 9.083322 -19.141071 -2.5866137 1260174316480
135.48302 95.56699 -4.404417 9.083322 -19.141071 -2.5866137 1260174316483
135.48302 95.56699 -4.404417 8.712377 -19.733994 -2.210499 1260174316491
135.45886 95.688644 -4.484196 8.712377 -19.733994 -2.210499 1260174316495
135.45886 95.688644 -4.484196 8.483565 -20.150581 -1.4313488 1260174316499
135.08592 95.85421 -4.6099863 8.483565 -20.150581 -1.4313488 1260174316504
135.08592 95.85421 -4.6099863 8.359386 -20.335928 -0.83601195 1260174316513
134.33162 95.9615 -4.779487 8.359386 -20.335928 -0.83601195 1260174316516
134.33162 95.9615 -4.779487 8.33419 -19.670168 -0.46134228 1260174316520
133.56503 95.31343 -4.890513 8.33419 -19.670168 -0.46134228 1260174316530
133.56503 95.31343 -4.890513 8.36463 -18.546116 0.8539235 1260174316536
132.98679 94.69776 -4.9959874 8.36463 -18.546116 0.8539235 1260174316542
132.98679 94.69776 -4.9959874 8.291668 -13.987431 2.6871164 1260174316553
132.63745 94.11288 -5.046188 8.291668 -13.987431 2.6871164 1260174316559
132.63745 94.11288 -5.046188 8.196697 -8.461369 3.617498 1260174316562
132.40558 94.25723 -5.1438785 8.196697 -8.461369 3.617498 1260174316565
132.40558 94.25723 -5.1438785 7.6759386 -9.953771 4.0575533 1260174316574
132.3853 94.39437 -5.2366843 7.6759386 -9.953771 4.0575533 1260174316577
132.3853 94.39437 -5.2366843 7.257803 -11.074663 4.6489882 1260174316581
132.56604 94.474655 -5.27485 7.257803 -11.074663 4.6489882 1260174316586
132.56604 94.474655 -5.27485 7.3368397 -11.602395 4.656268 1260174316593
132.93774 94.70092 -5.2611074 7.3368397 -11.602395 4.656268 1260174316597
132.93774 94.70092 -5.2611074 7.4623547 -13.52495 3.4516325 1260174316603
133.59085 94.865875 -5.248052 7.4623547 -13.52495 3.4516325 1260174316611
133.59085 94.865875 -5.248052 7.6373377 -15.104225 2.9460845 1260174316617
134.31131 95.12258 -5.1856494 7.6373377 -15.104225 2.9460845 1260174316620
134.31131 95.12258 -5.1856494 7.987353 -17.27285 1.3383726 1260174316623
134.94574 95.46645 -5.176367 7.987353 -17.27285 1.3383726 1260174316633
134.94574 95.46645 -5.176367 7.8105145 -19.196035 -0.2989577 1260174316638
135.89845 95.54313 -5.0175486 7.8105145 -19.196035 -0.2989577 1260174316643
135.89845 95.54313 -5.0175486 9.0067215 -19.645836 -0.34330952 1260174316650
136.80353 95.66597 -4.866671 9.0067215 -19.645836 -0.34330952 1260174316658
136.80353 95.66597 -4.866671 9.343088 -20.092052 -1.133105 1260174316661
138.06335 95.88267 -4.6733375 9.343088 -20.092052 -1.133105 1260174316677
138.06335 95.88267 -4.6733375 9.669945 -20.131344 -1.8278621 1260174316680
139.41019 96.23853 -4.4396706 9.669945 -20.131344 -1.8278621 1260174316690
139.41019 96.23853 -4.4396706 9.369712 -18.292002 -1.1711226 1260174316694
140.13968 96.82661 -4.417687 9.369712 -18.292002 -1.1711226 1260174316712
140.13968 96.82661 -4.417687 8.642011 -14.572125 -0.5481312 1260174316716
141.0827 97.68528 -4.3468027 8.642011 -14.572125 -0.5481312 1260174316735
141.0827 97.68528 -4.3468027 8.648408 -4.7151537 0.08231783 1260174316740
141.47856 98.501015 -4.4794626 8.648408 -4.7151537 0.08231783 1260174316749
141.47856 98.501015 -4.4794626 8.636409 2.0837812 -1.8849771 1260174316759
141.85463 99.02596 -4.6054893 8.636409 2.0837812 -1.8849771 1260174316770
141.85463 99.02596 -4.6054893 8.899597 2.9141412 -2.3024833 1260174316773
142.6619 99.524666 -4.575215 8.899597 2.9141412 -2.3024833 1260174316792
142.6619 99.524666 -4.575215 9.312952 2.341133 -2.73275 1260174316796
143.0788 99.498436 -4.546454 9.312952 2.341133 -2.73275 1260174316815
143.0788 99.498436 -4.546454 9.161438 1.140996 -1.8649772 1260174316819
143.07486 99.423515 -4.619131 9.161438 1.140996 -1.8649772 1260174316829
143.07486 99.423515 -4.619131 8.912954 0.13140392 -1.2251039 1260174316834
142.47112 99.35234 -4.7881746 8.912954 0.13140392 -1.2251039 1260174316853
142.47112 99.35234 -4.7881746 8.491558 -0.26032352 0.07928024 1260174316857
141.59756 98.484726 -4.9487658 8.491558 -0.26032352 0.07928024 1260174316869
141.59756 98.484726 -4.9487658 8.083733 -1.63838 -0.7099775 1260174316877
140.71768 97.61049 -5.1513276 8.083733 -1.63838 -0.7099775 1260174316890
140.71768 97.61049 -5.1513276 7.195689 -8.283858 -3.7365057 1260174316899
140.5818 96.92996 -5.143761 7.195689 -8.283858 -3.7365057 1260174316909
140.5818 96.92996 -5.143761 7.8943443 -14.778697 -3.5637324 1260174316913
141.40271 96.433464 -4.836573 7.8943443 -14.778697 -3.5637324 1260174316933
141.40271 96.433464 -4.836573 9.819874 -18.247513 -0.14181262 1260174316936
142.13257 96.31179 -4.6947446 9.819874 -18.247513 -0.14181262 1260174316954
142.13257 96.31179 -4.6947446 9.457966 -18.711048 -0.5038109 1260174316958
142.87595 96.1462 -4.5100074 9.457966 -18.711048 -0.5038109 1260174316970
142.87595 96.1462 -4.5100074 9.422923 -18.622286 0.19803247 1260174316979
142.58215 95.58889 -4.484507 9.422923 -18.622286 0.19803247 1260174316990
142.58215 95.58889 -4.484507 8.920105 -18.45034 -0.068205684 1260174316993
144.15305 96.35944 -4.210282 8.920105 -18.45034 -0.068205684 1260174317013
144.15305 96.35944 -4.210282 8.794696 -21.095333 -2.4340415 1260174317016
145.5954 96.79147 -3.9497678 8.794696 -21.095333 -2.4340415 1260174317181
145.5954 96.79147 -3.9497678 7.3444586 -18.809948 1.9997911 1260174317192
146.21562 97.2019 -3.9522793 7.3444586 -18.809948 1.9997911 1260174317198
146.21562 97.2019 -3.9522793 5.985784 -16.155123 2.8610597 1260174317201
147.00484 97.6418 -3.9046655 5.985784 -16.155123 2.8610597 1260174317210
147.00484 97.6418 -3.9046655 6.0922084 -12.098928 2.7584333 1260174317213
145.5046 96.65971 -4.2594323 6.0922084 -12.098928 2.7584333 1260174317220
145.5046 96.65971 -4.2594323 6.646105 -17.320145 3.646303 1260174317223
144.57936 95.87673 -4.496461 6.646105 -17.320145 3.646303 1260174317231
144.57936 95.87673 -4.496461 8.128667 -19.317677 0.4080679 1260174317234
144.8004 95.33289 -4.421638 8.128667 -19.317677 0.4080679 1260174317238
144.8004 95.33289 -4.421638 8.816628 -18.636787 -0.7530198 1260174317241
145.16039 94.816246 -4.400556 8.816628 -18.636787 -0.7530198 1260174317246
145.16039 94.816246 -4.400556 8.646357 -15.24583 -1.9753742 1260174317254
145.30237 94.27544 -4.430528 8.646357 -15.24583 -1.9753742 1260174317258
145.30237 94.27544 -4.430528 8.459863 -10.567985 -2.1663299 1260174317261
145.33725 93.71166 -4.5090017 8.459863 -10.567985 -2.1663299 1260174317272
145.33725 93.71166 -4.5090017 8.372171 -5.944901 -1.3612485 1260174317280
146.02039 93.72608 -4.4835515 8.372171 -5.944901 -1.3612485 1260174317283
146.02039 93.72608 -4.4835515 8.754541 -5.821736 -2.0908024 1260174317292
146.46936 93.78978 -4.509374 8.754541 -5.821736 -2.0908024 1260174317295
146.46936 93.78978 -4.509374 8.699796 -6.5903993 -2.0991557 1260174317301
146.94589 93.90029 -4.5339055 8.699796 -6.5903993 -2.0991557 1260174317304
146.94589 93.90029 -4.5339055 8.745375 -7.5590143 -2.4394765 1260174317311
147.1486 94.10528 -4.60721 8.745375 -7.5590143 -2.4394765 1260174317314
147.1486 94.10528 -4.60721 8.628975 -9.504484 -2.1489134 1260174317318
147.69118 94.35001 -4.5768495 8.628975 -9.504484 -2.1489134 1260174317333
147.69118 94.35001 -4.5768495 9.029102 -10.834041 -2.7474463 1260174317337
148.25662 94.58251 -4.548007 9.029102 -10.834041 -2.7474463 1260174317340
148.25662 94.58251 -4.548007 8.986876 -12.780945 -2.8903453 1260174317351
149.0938 94.80338 -4.470607 8.986876 -12.780945 -2.8903453 1260174317362
149.0938 94.80338 -4.470607 9.065474 -14.485386 -3.3555346 1260174317366
150.3891 94.913216 -4.297076 9.065474 -14.485386 -3.3555346 1260174317377
150.3891 94.913216 -4.297076 8.789839 -15.148933 -4.295427 1260174317383
150.96965 94.86755 -4.2822223 8.789839 -15.148933 -4.295427 1260174317386
150.96965 94.86755 -4.2822223 8.226166 -15.798641 -3.6535985 1260174317394
151.87117 94.77418 -4.1681113 8.226166 -15.798641 -3.6535985 1260174317400
151.87117 94.77418 -4.1681113 7.9344435 -15.302443 -4.7688465 1260174317411
152.62761 94.68547 -4.0597057 7.9344435 -15.302443 -4.7688465 1260174317419
152.62761 94.68547 -4.0597057 7.336208 -14.804834 -5.6086106 1260174317422
153.19623 94.30119 -3.9567204 7.336208 -14.804834 -5.6086106 1260174317431
153.19623 94.30119 -3.9567204 6.846542 -11.228798 -6.329645 1260174317441
153.78642 93.936134 -3.8088844 6.846542 -11.228798 -6.329645 1260174317456
153.78642 93.936134 -3.8088844 5.833291 -7.074132 -6.823148 1260174317462
153.2471 93.43933 -3.8184402 5.833291 -7.074132 -6.823148 1260174317475
153.2471 93.43933 -3.8184402 5.4571013 -2.8825722 -4.3907485 1260174317479
152.38475 92.86736 -3.8275182 5.4571013 -2.8825722 -4.3907485 1260174317493
152.38475 92.86736 -3.8275182 5.4717183 -0.59232235 -0.16835892 1260174317500
151.3155 92.273994 -3.9361422 5.4717183 -0.59232235 -0.16835892 1260174317509
151.3155 92.273994 -3.9361422 5.8759027 -1.2003098 3.836722 1260174317513
150.69974 91.810295 -4.0393353 5.8759027 -1.2003098 3.836722 1260174317533
150.69974 91.810295 -4.0393353 6.437001 -4.988057 5.3236804 1260174317536
150.71475 91.36978 -3.9373684 6.437001 -4.988057 5.3236804 1260174317555
150.71475 91.36978 -3.9373684 6.660676 -8.669751 8.009781 1260174317559
151.07901 91.05129 -3.7905 6.660676 -8.669751 8.009781 1260174317570
151.07901 91.05129 -3.7905 5.6362705 -11.4067335 8.777 1260174317573
151.52505 90.748726 -3.650975 5.6362705 -11.4067335 8.777 1260174317590
151.52505 90.748726 -3.650975 4.601789 -14.352509 8.941203 1260174317593
151.74881 90.36129 -3.5184262 4.601789 -14.352509 8.941203 1260174317610
151.74881 90.36129 -3.5184262 3.4836016 -16.341068 7.8022833 1260174317619
151.21136 89.993225 -3.642505 3.4836016 -16.341068 7.8022833 1260174317629
151.21136 89.993225 -3.642505 3.643827 -18.215996 3.976562 1260174317636
150.4008 89.59357 -3.8603797 3.643827 -18.215996 3.976562 1260174317651
150.4008 89.59357 -3.8603797 5.118234 -19.56283 0.6467643 1260174317654
149.83076 90.06389 -4.067361 5.118234 -19.56283 0.6467643 1260174317674
149.83076 90.06389 -4.067361 6.3872557 -18.296833 2.644057 1260174317678
