142.80562 73.75176 -1.5001636 1260174332443
142.06534 74.114174 -1.4751554 1260174332451
140.86208 74.25847 -1.5013976 1260174332484
139.26897 74.245544 -1.5763277 1260174332496
137.55551 74.183266 -1.6975113 1260174332520
136.07773 74.224106 -1.7626357 1260174332531
134.97385 74.4129 -1.774504 1260174332545
134.47516 74.842255 -1.6857787 1260174332555
134.6514 75.40014 -1.5014898 1260174332569
135.31883 75.98013 -1.2764152 1260174332587
136.25288 76.88113 -1.0125945 1260174332773
137.14024 77.78707 -0.7119647 1260174332791
137.88322 78.59772 -0.4763665 1260174332803
138.28906 79.31783 -0.40254816 1260174332811
138.4246 80.351944 -0.53242075 1260174332822
138.40338 81.93435 -0.90579975 1260174332831
138.28322 84.08763 -1.3105098 1260174332842
138.26906 86.63325 -1.6949843 1260174332852
138.6056 89.40159 -1.9102352 1260174332863
139.22533 92.23151 -2.0147233 1260174332870
140.16406 94.96993 -2.0639873 1260174332886
141.10587 97.37144 -2.1107879 1260174332901
140.95058 98.60287 -2.6052485 1260174332912
137.30305 96.82272 -3.6749861 1260174332923
132.0379 94.18159 -4.941237 1260174332932
126.586006 91.07251 -6.144175 1260174332946
121.15671 87.46889 -7.236966 1260174332955
115.89887 83.495445 -8.125118 1260174332966
111.00393 79.42067 -8.868862 1260174332981
106.75373 75.99963 -10.225419 1260174332992
105.96604 78.89965 -11.114148 1260174333005
106.61774 82.10467 -11.158441 1260174333023
107.68685 85.29943 -11.000519 1260174333039
109.20251 88.53446 -10.650493 1260174333059
111.49238 91.95774 -10.117968 1260174333082
113.21776 95.459854 -9.7120695 1260174333100
113.35687 98.58686 -9.626466 1260174333123
112.28903 100.55752 -10.445143 1260174333139
109.67458 98.12964 -11.722886 1260174333163
106.140854 95.22316 -12.736742 1260174333185
102.18381 91.912 -13.499905 1260174333200
98.074615 88.2164 -14.024909 1260174333222
94.070885 84.35558 -14.323664 1260174333244
90.36734 80.7378 -14.45748 1260174333259
88.14897 78.850914 -15.034607 1260174333280
89.09152 80.808365 -15.332876 1260174333303
90.78695 83.517944 -15.166232 1260174333325
92.9476 86.59205 -14.75792 1260174333339
96.10022 90.06245 -14.020024 1260174333361
