1.8183352 -2.9660778 8.566935 1260161826247
1.8438724 -2.9846232 8.571715 1260161826259
1.8906064 -3.026758 8.546292 1260161826295
1.9384087 -3.1021988 8.486727 1260161826307
1.9919932 -3.184764 8.416519 1260161826318
2.0476656 -3.2604768 8.349822 1260161826336
2.0951061 -3.335128 8.294632 1260161826345
2.1490278 -3.411495 8.258546 1260161826354
2.2057016 -3.4922156 8.235161 1260161826374
2.2588606 -3.5716243 8.212945 1260161826394
2.3120859 -3.6470625 8.194564 1260161826413
2.3606067 -3.7105567 8.182549 1260161826434
2.4039774 -3.762704 8.16024 1260161826454
2.4390504 -3.7979424 8.125425 1260161826474
2.4669218 -3.8041782 8.086904 1260161826494
2.4831843 -3.7671983 8.05848 1260161826514
2.4931855 -3.6469402 8.094131 1260161826534
2.5183501 -3.4421196 8.188611 1260161826558
2.5177398 -3.2693326 8.393458 1260161826574
2.5730035 -3.1712437 8.665018 1260161826599
2.6418483 -3.2830453 8.887587 1260161826614
2.7426639 -3.6480434 8.961461 1260161826634
2.9569356 -4.139848 8.738124 1260161826653
3.2381299 -4.6560965 8.191574 1260161826673
3.5406773 -5.0838785 7.334567 1260161826694
3.8008566 -5.3806276 6.1914787 1260161826714
3.9125044 -5.610782 4.8944297 1260161826737
3.783619 -5.823981 3.5662096 1260161826754
3.4323559 -6.083725 2.288056 1260161826774
2.866429 -6.387687 1.1589372 1260161826794
2.1381137 -6.6710033 0.22860706 1260161826988
1.2997954 -6.9374294 -0.4931244 1260161827001
0.39579222 -7.152397 -0.97037804 1260161827013
-0.52634543 -7.3484445 -1.1493189 1260161827022
-1.4221258 -7.529241 -1.0755086 1260161827028
-2.2479193 -7.69555 -0.78337705 1260161827040
-2.9193745 -7.8562675 -0.27771127 1260161827048
-3.4523802 -8.118593 0.45192355 1260161827059
-3.7517061 -8.583685 1.3922861 1260161827067
-3.8201833 -9.257068 2.427963 1260161827084
-3.7143013 -10.107216 3.403684 1260161827095
-3.4863632 -10.99726 4.0895386 1260161827104
-3.316812 -11.842802 4.3379383 1260161827114
-3.2939851 -12.632446 4.148282 1260161827120
-3.4575362 -13.286585 3.5785668 1260161827138
-3.7504752 -13.76364 2.7329223 1260161827147
-4.0730333 -14.039098 1.7129967 1260161827156
-4.354947 -14.120313 0.6044588 1260161827167
-4.573051 -14.083056 -0.56170124 1260161827184
-4.7605 -13.9925 -1.7458272 1260161827198
-5.0189366 -13.903748 -2.9150128 1260161827217
-5.391802 -13.805813 -4.044808 1260161827243
-5.8951664 -13.69643 -5.065675 1260161827256
-6.507523 -13.522371 -5.936751 1260161827277
-7.164174 -13.264398 -6.6273885 1260161827300
-7.8213625 -12.989358 -7.0996194 1260161827321
-8.4674835 -12.711044 -7.356192 1260161827338
-9.120117 -12.490912 -7.353408 1260161827357
-9.770083 -12.401647 -7.1008296 1260161827382
-10.382103 -12.445557 -6.5891542 1260161827395
-10.894739 -12.571717 -5.842914 1260161827418
-11.248945 -12.751499 -4.911974 1260161827440
-11.411781 -13.04828 -3.7776475 1260161827455
-11.334249 -13.439184 -2.529783 1260161827477
-11.025641 -13.969221 -1.314347 1260161827498
-10.539056 -14.639605 -0.31904095 1260161827522
-10.002569 -15.30371 0.30574065 1260161827535
-9.578714 -15.93461 0.42189 1260161827557
-9.372186 -16.53124 0.035770148 1260161827578
-9.399357 -16.999292 -0.7369301 1260161827767
-9.543667 -17.280499 -1.7863064 1260161827778
-9.697786 -17.326313 -2.9452958 1260161827787
-9.791761 -17.115818 -4.0844727 1260161827798
-9.823152 -16.724482 -5.095184 1260161827807
-9.841395 -16.218552 -5.956612 1260161827818
-9.902993 -15.69978 -6.665325 1260161827825
-10.044595 -15.217844 -7.2235107 1260161827835
-10.273097 -14.75728 -7.6686597 1260161827844
-10.573258 -14.330641 -8.034346 1260161827860
-10.90472 -13.938954 -8.367446 1260161827868
-11.211437 -13.610437 -8.672996 1260161827880
-11.450379 -13.386197 -8.949647 1260161827888
-11.633109 -13.243995 -9.182501 1260161827899
-11.7910385 -13.195392 -9.283172 1260161827907
-11.932899 -13.25069 -9.200383 1260161827924
-12.041788 -13.388351 -8.877249 1260161827940
-12.098243 -13.554543 -8.216823 1260161827959
-12.119185 -13.734217 -7.1392655 1260161827968
-12.089367 -13.946448 -5.7369404 1260161827983
-11.950033 -14.1807575 -4.139135 1260161827998
-11.688273 -14.512314 -2.5687811 1260161828021
-11.293182 -14.945108 -1.2771643 1260161828038
-10.837486 -15.416193 -0.38518894 1260161828056
-10.435221 -15.950893 0.050853126 1260161828080
-10.168841 -16.51334 0.06465489 1260161828097
-10.02883 -17.053112 -0.28725877 1260161828116
-9.946214 -17.530483 -0.91781926 1260161828138
-9.858875 -17.89954 -1.757932 1260161828161
-9.712569 -18.162973 -2.718121 1260161828177
-9.523865 -18.314487 -3.7120228 1260161828195
-9.366387 -18.335842 -4.6589537 1260161828220
-9.305316 -18.273727 -5.531297 1260161828237
-9.369201 -18.14934 -6.294646 1260161828257
-9.553836 -17.952173 -6.945596 1260161828277
-9.815048 -17.67429 -7.5088367 1260161828300
-10.1347065 -17.312235 -7.9424434 1260161828317
-10.485372 -16.919249 -8.244726 1260161828337
-10.86277 -16.515947 -8.38139 1260161828507
-11.28259 -16.146431 -8.261287 1260161828518
-11.725004 -15.819908 -7.8482223 1260161828528
-12.159599 -15.55602 -7.1241555 1260161828540
-12.517302 -15.332567 -6.137326 1260161828548
-12.751561 -15.152976 -4.9308352 1260161828560
-12.8501625 -15.135593 -3.5401843 1260161828566
-12.781071 -15.291377 -2.0740092 1260161828577
-12.549266 -15.63278 -0.7002112 1260161828597
-12.210554 -16.159376 0.37471288 1260161828606
-11.847236 -16.747494 0.95935863 1260161828617
-11.554522 -17.284412 0.9665531 1260161828626
-11.386768 -17.728426 0.4599007 1260161828643
-11.307762 -18.033104 -0.4273054 1260161828654
-11.216362 -18.177492 -1.5302999 1260161828663
-11.060068 -18.197525 -2.712986 1260161828679
-10.875495 -18.128706 -3.877399 1260161828688
-10.764166 -17.981606 -4.9617987 1260161828702
-10.81027 -17.743793 -5.93954 1260161828722
-11.047479 -17.419125 -6.7893963 1260161828736
-11.424693 -17.048035 -7.492564 1260161828756
-11.835485 -16.654638 -8.028457 1260161828779
-12.20667 -16.27274 -8.395222 1260161828795
-12.506857 -15.918108 -8.620384 1260161828818
-12.728019 -15.611173 -8.713067 1260161828839
-12.893856 -15.382238 -8.686024 1260161828860
-13.048677 -15.241706 -8.539793 1260161828876
-13.184862 -15.206266 -8.241516 1260161828898
-13.297893 -15.232528 -7.749761 1260161828917
-13.361006 -15.281993 -7.022445 1260161828945
-13.316087 -15.345329 -5.977366 1260161828956
-13.165132 -15.397326 -4.6501613 1260161828979
-12.886883 -15.454896 -3.1339355 1260161829003
-12.476128 -15.542276 -1.6083937 1260161829015
-11.97218 -15.66683 -0.2742209 1260161829039
-11.424647 -15.823293 0.7242413 1260161829059
-10.901767 -16.018242 1.3213755 1260161829079
-10.449297 -16.249752 1.5079641 1260161829096
-10.085509 -16.507824 1.2956815 1260161829283
-9.776005 -16.774784 0.7644005 1260161829294
-9.462907 -17.025673 -0.025662757 1260161829303
-9.079656 -17.242224 -0.94307214 1260161829315
-8.621587 -17.412535 -1.9215307 1260161829324
-8.147603 -17.50623 -2.842894 1260161829335
-7.7279644 -17.48287 -3.6139936 1260161829341
-7.4369087 -17.335373 -4.223274 1260161829355
-7.340194 -17.13532 -4.6100435 1260161829362
-7.306202 -16.876488 -4.7936 1260161829381
-7.3154516 -16.54615 -4.786828 1260161829387
-7.335135 -16.164228 -4.563831 1260161829398
-7.240785 -15.642725 -4.1544886 1260161829408
-7.1123347 -15.008369 -3.628729 1260161829417
-6.8990507 -14.309709 -3.0523026 1260161829427
