92.55038 13.895338 16.210184 2.6266956 -2.2306316 8.469346 1260161799018
92.55038 13.895338 16.210184 2.5729969 -2.2655187 8.530763 1260161799025
91.42286 13.850572 16.049675 2.5729969 -2.2655187 8.530763 1260161799055
91.42286 13.850572 16.049675 2.5601199 -2.2652917 8.594557 1260161799064
90.50172 13.908043 16.047192 2.5601199 -2.2652917 8.594557 1260161799067
90.50172 13.908043 16.047192 2.5710413 -2.2875495 8.646989 1260161799070
89.62663 14.012641 15.944832 2.5710413 -2.2875495 8.646989 1260161799078
89.62663 14.012641 15.944832 2.5732446 -2.3168666 8.702248 1260161799090
88.8953 14.162009 16.19759 2.5732446 -2.3168666 8.702248 1260161799093
88.8953 14.162009 16.19759 2.6107507 -2.3392699 8.677789 1260161799099
89.10054 14.553908 16.23771 2.6107507 -2.3392699 8.677789 1260161799110
89.10054 14.553908 16.23771 2.6191406 -2.3959658 8.657277 1260161799113
89.04552 14.876213 16.175825 2.6191406 -2.3959658 8.657277 1260161799125
89.04552 14.876213 16.175825 2.6134908 -2.449827 8.654135 1260161799128
88.84324 15.182403 16.367033 2.6134908 -2.449827 8.654135 1260161799141
88.84324 15.182403 16.367033 2.6578376 -2.5173395 8.676348 1260161799144
88.65108 15.573282 16.648682 2.6578376 -2.5173395 8.676348 1260161799161
88.65108 15.573282 16.648682 2.7374232 -2.608717 8.719242 1260161799165
88.81852 15.994618 16.966248 2.7374232 -2.608717 8.719242 1260161799184
88.81852 15.994618 16.966248 2.8409512 -2.7200422 8.781785 1260161799187
89.47759 16.394888 17.367935 2.8409512 -2.7200422 8.781785 1260161799201
89.47759 16.394888 17.367935 2.9665434 -2.8366976 8.857545 1260161799204
89.253716 16.675144 17.899538 2.9665434 -2.8366976 8.857545 1260161799221
89.253716 16.675144 17.899538 3.12195 -2.9366238 8.945861 1260161799224
88.84103 16.891388 18.50456 3.12195 -2.9366238 8.945861 1260161799244
88.84103 16.891388 18.50456 3.3077233 -3.039726 9.046787 1260161799247
87.848976 17.096819 19.129332 3.3077233 -3.039726 9.046787 1260161799260
87.848976 17.096819 19.129332 3.5203018 -3.1458454 9.161736 1260161799448
86.45653 17.291979 19.772865 3.5203018 -3.1458454 9.161736 1260161799452
86.45653 17.291979 19.772865 3.7528973 -3.257555 9.290005 1260161799457
85.3337 17.47738 20.434221 3.7528973 -3.257555 9.290005 1260161799464
85.3337 17.47738 20.434221 3.9684148 -3.3691273 9.395516 1260161799470
84.61702 17.703512 21.01251 3.9684148 -3.3691273 9.395516 1260161799473
84.61702 17.703512 21.01251 4.1397862 -3.4642246 9.456934 1260161799476
84.186165 17.968336 21.461885 4.1397862 -3.4642246 9.456934 1260161799485
84.186165 17.968336 21.461885 4.23585 -3.5246024 9.455351 1260161799490
83.876854 18.16992 21.688791 4.23585 -3.5246024 9.455351 1260161799494
83.876854 18.16992 21.688791 4.222914 -3.5165837 9.346928 1260161799497
83.23301 17.761423 21.454351 4.222914 -3.5165837 9.346928 1260161799505
83.23301 17.761423 21.454351 4.077827 -3.3802536 9.09274 1260161799508
82.92136 14.323352 19.031633 4.077827 -3.3802536 9.09274 1260161799511
82.92136 14.323352 19.031633 3.7901704 -3.0648222 8.719825 1260161799516
83.57529 11.057184 16.180052 3.7901704 -3.0648222 8.719825 1260161799525
83.57529 11.057184 16.180052 3.3377893 -2.5826497 8.338315 1260161799528
83.89652 8.154325 13.471049 3.3377893 -2.5826497 8.338315 1260161799534
83.89652 8.154325 13.471049 2.788849 -1.9958735 8.101869 1260161799545
83.7017 6.2966084 10.497497 2.788849 -1.9958735 8.101869 1260161799551
83.7017 6.2966084 10.497497 2.1263852 -1.5399077 8.058395 1260161799554
82.96661 5.6317782 7.6726217 2.1263852 -1.5399077 8.058395 1260161799557
82.96661 5.6317782 7.6726217 1.5583361 -1.3798282 8.099499 1260161799565
82.218285 7.350189 5.9389906 1.5583361 -1.3798282 8.099499 1260161799568
82.218285 7.350189 5.9389906 1.2672609 -1.6098034 7.976465 1260161799574
83.55737 11.88268 5.942041 1.2672609 -1.6098034 7.976465 1260161799577
83.55737 11.88268 5.942041 1.2835768 -2.2791133 7.505454 1260161799591
87.22951 17.488546 6.794939 1.2835768 -2.2791133 7.505454 1260161799598
87.22951 17.488546 6.794939 1.7185838 -3.2152865 6.6166945 1260161799610
91.66803 23.214119 7.705192 1.7185838 -3.2152865 6.6166945 1260161799614
91.66803 23.214119 7.705192 2.347723 -4.290569 5.4127955 1260161799619
96.084625 28.803413 8.569933 2.347723 -4.290569 5.4127955 1260161799625
96.084625 28.803413 8.569933 2.9726458 -5.3420515 4.124035 1260161799631
100.33039 34.113243 9.341436 2.9726458 -5.3420515 4.124035 1260161799634
100.33039 34.113243 9.341436 3.5029879 -6.248342 2.9596417 1260161799637
103.81387 38.857582 10.074365 3.5029879 -6.248342 2.9596417 1260161799647
103.81387 38.857582 10.074365 3.8794625 -6.991502 2.1524348 1260161799656
105.72318 42.714703 10.720647 3.8794625 -6.991502 2.1524348 1260161799663
105.72318 42.714703 10.720647 4.104996 -7.593989 1.8657055 1260161799667
105.43703 43.728966 11.084615 4.104996 -7.593989 1.8657055 1260161799673
105.43703 43.728966 11.084615 4.200075 -8.073052 2.0952225 1260161799684
104.21518 43.692516 10.980384 4.200075 -8.073052 2.0952225 1260161799692
104.21518 43.692516 10.980384 4.135809 -8.342926 2.6973574 1260161799695
102.80442 42.50789 10.181365 4.135809 -8.342926 2.6973574 1260161799705
102.80442 42.50789 10.181365 3.831633 -8.290124 3.5629041 1260161799714
101.4142 40.282494 8.772297 3.831633 -8.290124 3.5629041 1260161799725
101.4142 40.282494 8.772297 3.266173 -7.8306704 4.533635 1260161799728
100.24349 37.36837 6.983682 3.266173 -7.8306704 4.533635 1260161799746
100.24349 37.36837 6.983682 2.461346 -7.0060096 5.466726 1260161799750
99.18132 34.19995 4.884498 2.461346 -7.0060096 5.466726 1260161799762
99.18132 34.19995 4.884498 1.492455 -6.0039754 6.2155967 1260161799767
98.022255 31.139954 2.3402731 1.492455 -6.0039754 6.2155967 1260161799786
98.022255 31.139954 2.3402731 0.4616838 -5.104481 6.619885 1260161799794
95.67114 28.832956 -0.97674054 0.4616838 -5.104481 6.619885 1260161799804
95.67114 28.832956 -0.97674054 -0.49303213 -4.5857034 6.6668553 1260161799807
92.187584 28.54131 -4.2779036 -0.49303213 -4.5857034 6.6668553 1260161799822
92.187584 28.54131 -4.2779036 -1.1786816 -4.652661 6.349176 1260161799827
91.378204 33.114243 -5.1140084 -1.1786816 -4.652661 6.349176 1260161799845
91.378204 33.114243 -5.1140084 -1.4548081 -5.2297573 5.6966567 1260161799853
93.809296 37.45853 -4.558308 -1.4548081 -5.2297573 5.6966567 1260161799863
93.809296 37.45853 -4.558308 -1.2390541 -6.163455 4.749875 1260161799866
98.56883 41.985603 -3.4303927 -1.2390541 -6.163455 4.749875 1260161799882
98.56883 41.985603 -3.4303927 -0.6227532 -7.25273 3.5732584 1260161799889
103.64039 46.436325 -2.208873 -0.6227532 -7.25273 3.5732584 1260161799902
103.64039 46.436325 -2.208873 0.07646252 -8.287541 2.4037151 1260161799909
107.55837 50.464508 -1.1484294 0.07646252 -8.287541 2.4037151 1260161799922
107.55837 50.464508 -1.1484294 0.5609288 -9.0629015 1.5364532 1260161799932
108.73045 53.491283 -0.79100794 0.5609288 -9.0629015 1.5364532 1260161799945
108.73045 53.491283 -0.79100794 0.6234577 -9.359556 1.1817755 1260161799948
105.49393 51.36672 -3.3014574 0.6234577 -9.359556 1.1817755 1260161799962
105.49393 51.36672 -3.3014574 0.25450018 -8.971938 1.3882835 1260161799969
103.11923 47.09838 -4.836385 0.25450018 -8.971938 1.3882835 1260161799989
103.11923 47.09838 -4.836385 -0.36637333 -7.9104257 2.0012488 1260161799992
101.06327 42.79346 -6.194566 -0.36637333 -7.9104257 2.0012488 1260161800002
101.06327 42.79346 -6.194566 -1.1026219 -6.603703 2.7286224 1260161800005
98.76011 38.90379 -7.6848373 -1.1026219 -6.603703 2.7286224 1260161800025
98.76011 38.90379 -7.6848373 -1.755068 -5.580923 3.2772949 1260161800207
95.3721 36.8586 -10.400596 -1.755068 -5.580923 3.2772949 1260161800213
95.3721 36.8586 -10.400596 -2.162414 -5.2787223 3.3708546 1260161800224
95.35349 40.81567 -10.580565 -2.162414 -5.2787223 3.3708546 1260161800228
95.35349 40.81567 -10.580565 -2.232039 -5.6855884 2.929905 1260161800233
98.18582 44.824886 -9.651537 -2.232039 -5.6855884 2.929905 1260161800236
98.18582 44.824886 -9.651537 -1.9386054 -6.577426 2.0996683 1260161800244
102.17653 48.83364 -8.46896 -1.9386054 -6.577426 2.0996683 1260161800247
102.17653 48.83364 -8.46896 -1.4167203 -7.6460023 1.1107243 1260161800251
106.0677 52.59196 -7.245512 -1.4167203 -7.6460023 1.1107243 1260161800256
106.0677 52.59196 -7.245512 -0.89913684 -8.5978155 0.2645269 1260161800266
108.16432 55.662365 -6.333236 -0.89913684 -8.5978155 0.2645269 1260161800269
108.16432 55.662365 -6.333236 -0.6144619 -9.297732 -0.19953297 1260161800273
107.2561 56.979248 -6.3165746 -0.6144619 -9.297732 -0.19953297 1260161800278
107.2561 56.979248 -6.3165746 -0.65933174 -9.57175 -0.118730515 1260161800284
104.643295 54.930286 -7.550746 -0.65933174 -9.57175 -0.118730515 1260161800290
104.643295 54.930286 -7.550746 -0.9804942 -9.280442 0.45176947 1260161800293
102.36113 51.28377 -8.523209 -0.9804942 -9.280442 0.45176947 1260161800296
102.36113 51.28377 -8.523209 -1.457215 -8.471145 1.3832864 1260161800304
100.293076 47.269585 -9.347048 -1.457215 -8.471145 1.3832864 1260161800315
100.293076 47.269585 -9.347048 -1.9516417 -7.404026 2.333605 1260161800318
98.228424 43.256104 -10.229695 -1.9516417 -7.404026 2.333605 1260161800326
98.228424 43.256104 -10.229695 -2.338263 -6.450874 2.9789832 1260161800330
95.717 40.6433 -11.818211 -2.338263 -6.450874 2.9789832 1260161800333
95.717 40.6433 -11.818211 -2.5482383 -6.0561423 3.180758 1260161800339
96.03115 44.161133 -11.7273 -2.5482383 -6.0561423 3.180758 1260161800347
96.03115 44.161133 -11.7273 -2.5182118 -6.2763567 2.8453367 1260161800351
98.429596 47.853077 -10.790935 -2.5182118 -6.2763567 2.8453367 1260161800354
98.429596 47.853077 -10.790935 -2.2574599 -6.988151 2.1786864 1260161800363
101.55811 51.460423 -9.651388 -2.2574599 -6.988151 2.1786864 1260161800371
101.55811 51.460423 -9.651388 -1.8415341 -7.956512 1.3778384 1260161800374
104.98021 54.8874 -8.468819 -1.8415341 -7.956512 1.3778384 1260161800377
104.98021 54.8874 -8.468819 -1.3912423 -8.83287 0.6524457 1260161800388
107.5812 57.843033 -7.445378 -1.3912423 -8.83287 0.6524457 1260161800394
107.5812 57.843033 -7.445378 -1.0656176 -9.48494 0.21598008 1260161800397
108.45214 59.80088 -6.723109 -1.0656176 -9.48494 0.21598008 1260161800406
108.45214 59.80088 -6.723109 -0.93265766 -9.697839 0.16636309 1260161800409
106.02953 58.260838 -6.9869533 -0.93265766 -9.697839 0.16636309 1260161800417
106.02953 58.260838 -6.9869533 -0.97796214 -9.435639 0.5496299 1260161800424
103.428055 54.647797 -7.4376054 -0.97796214 -9.435639 0.5496299 1260161800432
103.428055 54.647797 -7.4376054 -1.1674201 -8.765681 1.3059994 1260161800436
101.00665 50.665405 -7.915725 -1.1674201 -8.765681 1.3059994 1260161800446
101.00665 50.665405 -7.915725 -1.4332134 -7.858857 2.208425 1260161800454
98.60632 46.982136 -8.519939 -1.4332134 -7.858857 2.208425 1260161800466
98.60632 46.982136 -8.519939 -1.6966132 -7.076372 2.9397411 1260161800469
96.12601 44.783028 -9.643943 -1.6966132 -7.076372 2.9397411 1260161800482
96.12601 44.783028 -9.643943 -1.8862326 -6.7538805 3.2476737 1260161800491
96.16971 47.643875 -9.761745 -1.8862326 -6.7538805 3.2476737 1260161800502
96.16971 47.643875 -9.761745 -1.9029268 -6.9528284 3.0737128 1260161800507
98.71122 50.96168 -9.073658 -1.9029268 -6.9528284 3.0737128 1260161800523
98.71122 50.96168 -9.073658 -1.7281014 -7.5926623 2.483495 1260161800527
101.77566 54.3136 -8.219975 -1.7281014 -7.5926623 2.483495 1260161800547
101.77566 54.3136 -8.219975 -1.4407961 -8.449076 1.7280171 1260161800550
104.686874 57.497917 -7.358977 -1.4407961 -8.449076 1.7280171 1260161800562
104.686874 57.497917 -7.358977 -1.1733043 -9.142128 1.0920352 1260161800567
106.402534 60.32302 -6.841028 -1.1733043 -9.142128 1.0920352 1260161800582
106.402534 60.32302 -6.841028 -1.0792263 -9.421202 0.7050969 1260161800591
104.93241 60.40687 -7.898977 -1.0792263 -9.421202 0.7050969 1260161800605
104.93241 60.40687 -7.898977 -1.1614684 -9.2055235 0.67733324 1260161800613
101.68579 56.686527 -9.554028 -1.1614684 -9.2055235 0.67733324 1260161800625
101.68579 56.686527 -9.554028 -1.3526473 -8.651267 0.91723555 1260161800631
98.6015 52.8022 -10.826326 -1.3526473 -8.651267 0.91723555 1260161800642
98.6015 52.8022 -10.826326 -1.5506117 -8.053217 1.2159686 1260161800647
96.27142 51.66209 -11.73501 -1.5506117 -8.053217 1.2159686 1260161800663
96.27142 51.66209 -11.73501 -1.6446975 -7.8296638 1.4098707 1260161800666
97.457855 53.378986 -11.29826 -1.6446975 -7.8296638 1.4098707 1260161800687
97.457855 53.378986 -11.29826 -1.5965135 -8.084466 1.371385 1260161800694
100.134964 55.710037 -10.533347 -1.5965135 -8.084466 1.371385 1260161800702
100.134964 55.710037 -10.533347 -1.4370089 -8.727648 1.1427766 1260161800707
103.22822 58.024536 -9.706679 -1.4370089 -8.727648 1.1427766 1260161800722
103.22822 58.024536 -9.706679 -1.2221447 -9.56 0.8656692 1260161800727
105.866806 60.023308 -8.921346 -1.2221447 -9.56 0.8656692 1260161800743
105.866806 60.023308 -8.921346 -1.0486696 -10.225429 0.7120609 1260161800747
106.52347 60.922142 -8.475279 -1.0486696 -10.225429 0.7120609 1260161800767
106.52347 60.922142 -8.475279 -1.0023652 -10.510266 0.8405831 1260161800770
103.8473 59.626034 -8.651515 -1.0023652 -10.510266 0.8405831 1260161800782
103.8473 59.626034 -8.651515 -1.0802783 -10.340925 1.2916105 1260161800787
100.50494 56.394733 -9.018939 -1.0802783 -10.340925 1.2916105 1260161800955
100.50494 56.394733 -9.018939 -1.2421468 -9.759863 1.972744 1260161800967
97.17969 52.524998 -9.417992 -1.2421468 -9.759863 1.972744 1260161800973
97.17969 52.524998 -9.417992 -1.4156715 -8.981075 2.6109676 1260161800976
94.0707 50.048748 -9.947092 -1.4156715 -8.981075 2.6109676 1260161800984
94.0707 50.048748 -9.947092 -1.5389779 -8.5579 3.02319 1260161800987
94.31717 50.84631 -9.599737 -1.5389779 -8.5579 3.02319 1260161800990
94.31717 50.84631 -9.599737 -1.4933558 -8.623062 3.087913 1260161800996
98.15131 53.203995 -8.81975 -1.4933558 -8.623062 3.087913 1260161801002
98.15131 53.203995 -8.81975 -1.3226645 -9.157592 2.844985 1260161801007
102.04375 55.543797 -8.078762 -1.3226645 -9.157592 2.844985 1260161801011
102.04375 55.543797 -8.078762 -1.1135176 -10.0120325 2.5127318 1260161801016
104.99156 57.56661 -7.474824 -1.1135176 -10.0120325 2.5127318 1260161801022
104.99156 57.56661 -7.474824 -0.97543865 -10.750201 2.2849426 1260161801028
105.24198 58.63828 -7.351083 -0.97543865 -10.750201 2.2849426 1260161801031
105.24198 58.63828 -7.351083 -1.01588 -11.148409 2.3212004 1260161801034
103.07988 58.056366 -8.133529 -1.01588 -11.148409 2.3212004 1260161801045
103.07988 58.056366 -8.133529 -1.2334069 -11.089493 2.5940013 1260161801054
100.17589 55.253548 -9.276853 -1.2334069 -11.089493 2.5940013 1260161801057
100.17589 55.253548 -9.276853 -1.5176934 -10.558173 3.0397608 1260161801065
97.617096 51.44087 -10.11301 -1.5176934 -10.558173 3.0397608 1260161801068
97.617096 51.44087 -10.11301 -1.7850415 -9.753091 3.520438 1260161801072
95.33624 47.468826 -11.10736 -1.7850415 -9.753091 3.520438 1260161801077
95.33624 47.468826 -11.10736 -2.0056522 -8.971918 3.8047838 1260161801086
92.96943 45.195385 -12.701992 -2.0056522 -8.971918 3.8047838 1260161801090
92.96943 45.195385 -12.701992 -2.0715377 -8.532856 3.789566 1260161801093
93.87096 48.185616 -12.266892 -2.0715377 -8.532856 3.789566 1260161801103
93.87096 48.185616 -12.266892 -1.9938395 -8.501204 3.497935 1260161801111
96.42741 51.976334 -11.253548 -1.9938395 -8.501204 3.497935 1260161801114
96.42741 51.976334 -11.253548 -1.792676 -8.65637 2.9518838 1260161801118
99.45604 55.927517 -10.040871 -1.792676 -8.65637 2.9518838 1260161801125
99.45604 55.927517 -10.040871 -1.5293827 -8.801054 2.3343875 1260161801129
103.433235 60.43114 -8.738827 -1.5293827 -8.801054 2.3343875 1260161801136
103.433235 60.43114 -8.738827 -1.315348 -8.643623 1.8247211 1260161801148
103.61157 49.159584 -8.151885 -1.315348 -8.643623 1.8247211 1260161801151
103.61157 49.159584 -8.151885 -1.2339172 -8.141978 1.4719744 1260161801158
105.83099 40.651604 -9.24429 -1.2339172 -8.141978 1.4719744 1260161801169
105.83099 40.651604 -9.24429 -1.3383896 -7.452257 1.3840743 1260161801172
102.039444 36.66902 -10.882076 -1.3383896 -7.452257 1.3840743 1260161801184
102.039444 36.66902 -10.882076 -1.6698654 -6.7098517 1.5525457 1260161801191
97.18747 33.88557 -13.037972 -1.6698654 -6.7098517 1.5525457 1260161801206
97.18747 33.88557 -13.037972 -2.2360628 -6.1108055 1.8692274 1260161801214
92.578094 32.24129 -15.4860735 -2.2360628 -6.1108055 1.8692274 1260161801222
92.578094 32.24129 -15.4860735 -2.9925568 -5.8147993 2.244306 1260161801228
88.39919 31.529226 -17.76177 -2.9925568 -5.8147993 2.244306 1260161801242
88.39919 31.529226 -17.76177 -3.8460677 -5.8747835 2.5590887 1260161801249
84.67923 31.702765 -19.423681 -3.8460677 -5.8747835 2.5590887 1260161801265
84.67923 31.702765 -19.423681 -4.695721 -6.3417406 2.8063748 1260161801273
80.99527 32.417625 -20.502497 -4.695721 -6.3417406 2.8063748 1260161801284
80.99527 32.417625 -20.502497 -5.436833 -7.1074715 3.0079267 1260161801287
93.89551 33.496746 -21.177372 -5.436833 -7.1074715 3.0079267 1260161801303
93.89551 33.496746 -21.177372 -6.049633 -8.04535 3.163988 1260161801309
101.35073 34.821907 -21.568504 -6.049633 -8.04535 3.163988 1260161801322
101.35073 34.821907 -21.568504 -6.52964 -9.04053 3.2271194 1260161801325
106.58319 36.28081 -21.79008 -6.52964 -9.04053 3.2271194 1260161801342
106.58319 36.28081 -21.79008 -6.891667 -9.985951 3.1365893 1260161801345
110.65403 40.21677 -21.950575 -6.891667 -9.985951 3.1365893 1260161801365
110.65403 40.21677 -21.950575 -7.196774 -10.884102 2.8830554 1260161801368
113.77133 44.00593 -22.053045 -7.196774 -10.884102 2.8830554 1260161801388
113.77133 44.00593 -22.053045 -7.4702816 -11.721 2.474668 1260161801391
116.232765 47.705635 -22.100393 -7.4702816 -11.721 2.474668 1260161801402
116.232765 47.705635 -22.100393 -7.70764 -12.490855 1.9498154 1260161801405
118.22113 51.320354 -22.095373 -7.70764 -12.490855 1.9498154 1260161801425
118.22113 51.320354 -22.095373 -7.900442 -13.2222185 1.3143209 1260161801428
119.560074 54.854336 -22.090605 -7.900442 -13.2222185 1.3143209 1260161801447
119.560074 54.854336 -22.090605 -8.097224 -13.917013 0.65271467 1260161801450
119.782074 58.26162 -22.286074 -8.097224 -13.917013 0.65271467 1260161801463
119.782074 58.26162 -22.286074 -8.3917675 -14.544379 0.103867725 1260161801472
118.54297 61.69854 -22.87177 -8.3917675 -14.544379 0.103867725 1260161801484
118.54297 61.69854 -22.87177 -8.807106 -15.025967 -0.2479635 1260161801487
115.86582 65.26361 -23.878181 -8.807106 -15.025967 -0.2479635 1260161801505
115.86582 65.26361 -23.878181 -9.3256235 -15.305729 -0.38470814 1260161801508
112.17253 63.70043 -25.434273 -9.3256235 -15.305729 -0.38470814 1260161801527
112.17253 63.70043 -25.434273 -9.854309 -15.219417 -0.21837297 1260161801531
108.6639 61.61541 -26.76256 -9.854309 -15.219417 -0.21837297 1260161801542
108.6639 61.61541 -26.76256 -10.259855 -14.877953 0.34893686 1260161801545
105.730705 59.23464 -27.374432 -10.259855 -14.877953 0.34893686 1260161801736
105.730705 59.23464 -27.374432 -10.515731 -14.430298 1.230433 1260161801750
103.19417 56.722908 -27.40571 -10.515731 -14.430298 1.230433 1260161801756
103.19417 56.722908 -27.40571 -10.589921 -13.898787 2.2653494 1260161801762
100.83446 54.436764 -27.085424 -10.589921 -13.898787 2.2653494 1260161801768
100.83446 54.436764 -27.085424 -10.450648 -13.41292 3.130704 1260161801772
98.74274 52.664925 -26.431152 -10.450648 -13.41292 3.130704 1260161801775
98.74274 52.664925 -26.431152 -10.072492 -12.937726 3.5387323 1260161801783
97.3556 52.031677 -23.759594 -10.072492 -12.937726 3.5387323 1260161801787
97.3556 52.031677 -23.759594 -9.464671 -12.437259 3.5034473 1260161801793
105.88782 57.230095 -19.621614 -9.464671 -12.437259 3.5034473 1260161801796
105.88782 57.230095 -19.621614 -8.704729 -11.9481945 3.2233982 1260161801804
114.29343 62.26859 -15.690534 -8.704729 -11.9481945 3.2233982 1260161801807
114.29343 62.26859 -15.690534 -7.891528 -11.513548 2.9021893 1260161801815
122.37875 67.05516 -11.856007 -7.891528 -11.513548 2.9021893 1260161801818
122.37875 67.05516 -11.856007 -7.1441846 -11.089737 2.6276865 1260161801825
130.20981 71.402405 -8.063207 -7.1441846 -11.089737 2.6276865 1260161801828
130.20981 71.402405 -8.063207 -6.4641733 -10.689841 2.4656563 1260161801831
139.69931 68.632286 -4.260046 -6.4641733 -10.689841 2.4656563 1260161801834
139.69931 68.632286 -4.260046 -5.874006 -10.2329855 2.4131992 1260161801837
149.96434 65.35067 -1.0470437 -5.874006 -10.2329855 2.4131992 1260161801848
149.96434 65.35067 -1.0470437 -5.401198 -9.73087 2.3960538 1260161801851
143.36612 62.183136 0.40530849 -5.401198 -9.73087 2.3960538 1260161801854
143.36612 62.183136 0.40530849 -4.9935727 -9.253861 2.5363998 1260161801857
137.7978 59.02398 0.8850431 -4.9935727 -9.253861 2.5363998 1260161801864
137.7978 59.02398 0.8850431 -4.6887317 -8.784358 2.732382 1260161801866
