118.626526 14.99914 8.026218 1.2648773 -2.2919304 8.766204 1260161842848
118.626526 14.99914 8.026218 1.2888037 -2.3598466 8.67385 1260161842854
118.3952 15.749183 8.424908 1.2888037 -2.3598466 8.67385 1260161842884
118.3952 15.749183 8.424908 1.3414985 -2.4488835 8.58339 1260161842887
118.275444 16.511724 9.003662 1.3414985 -2.4488835 8.58339 1260161842895
118.275444 16.511724 9.003662 1.4228854 -2.54777 8.497454 1260161842897
118.661674 17.336138 9.803479 1.4228854 -2.54777 8.497454 1260161842903
118.661674 17.336138 9.803479 1.5444691 -2.6716769 8.410366 1260161842916
118.87859 18.269331 10.463305 1.5444691 -2.6716769 8.410366 1260161842922
118.87859 18.269331 10.463305 1.6477153 -2.808457 8.31946 1260161842928
118.78466 19.205864 10.99014 1.6477153 -2.808457 8.31946 1260161842934
118.78466 19.205864 10.99014 1.7321788 -2.9492943 8.235824 1260161842943
117.94543 20.095572 11.390633 1.7321788 -2.9492943 8.235824 1260161842954
117.94543 20.095572 11.390633 1.8042469 -3.093986 8.175437 1260161842957
116.69816 20.940792 11.771101 1.8042469 -3.093986 8.175437 1260161842972
116.69816 20.940792 11.771101 1.8672634 -3.223271 8.11807 1260161842978
115.36325 21.743753 12.082546 1.8672634 -3.223271 8.11807 1260161842992
115.36325 21.743753 12.082546 1.9271291 -3.3508587 8.0697 1260161843001
113.79509 22.456566 12.428419 1.9271291 -3.3508587 8.0697 1260161843012
113.79509 22.456566 12.428419 1.9894497 -3.469343 8.029198 1260161843015
111.85533 22.983738 12.806998 1.9894497 -3.469343 8.029198 1260161843035
111.85533 22.983738 12.806998 2.0629556 -3.571688 8.009108 1260161843038
109.46256 23.384552 13.216648 2.0629556 -3.571688 8.009108 1260161843057
109.46256 23.384552 13.216648 2.1525357 -3.6689155 8.019987 1260161843061
106.98943 23.765324 13.655816 2.1525357 -3.6689155 8.019987 1260161843098
106.98943 23.765324 13.655816 2.2533002 -3.7776263 8.050072 1260161843108
104.689964 24.227057 14.123025 2.2533002 -3.7776263 8.050072 1260161843116
104.689964 24.227057 14.123025 2.3626468 -3.9054182 8.075928 1260161843118
102.555466 24.815704 14.616874 2.3626468 -3.9054182 8.075928 1260161843135
102.555466 24.815704 14.616874 2.4801464 -4.056785 8.078699 1260161843139
100.57769 25.52492 15.18603 2.4801464 -4.056785 8.078699 1260161843142
100.57769 25.52492 15.18603 2.6060724 -4.21148 8.045918 1260161843144
98.548805 26.248674 15.876729 2.6060724 -4.21148 8.045918 1260161843157
98.548805 26.248674 15.876729 2.7447708 -4.3584404 7.9807262 1260161843161
96.62137 27.036242 16.682892 2.7447708 -4.3584404 7.9807262 1260161843180
96.62137 27.036242 16.682892 2.8928785 -4.5035005 7.8718033 1260161843184
95.1903 27.88443 17.548748 2.8928785 -4.5035005 7.8718033 1260161843203
95.1903 27.88443 17.548748 3.033581 -4.6331353 7.711121 1260161843206
93.98078 28.740208 18.42131 3.033581 -4.6331353 7.711121 1260161843385
93.98078 28.740208 18.42131 3.1345594 -4.7181516 7.5087585 1260161843393
92.781746 29.653198 19.000244 3.1345594 -4.7181516 7.5087585 1260161843398
92.781746 29.653198 19.000244 3.1344655 -4.709023 7.272929 1260161843410
90.89266 29.770538 17.600231 3.1344655 -4.709023 7.272929 1260161843413
90.89266 29.770538 17.600231 2.9491394 -4.5695953 7.0625114 1260161843418
88.398026 28.232012 14.72022 2.9491394 -4.5695953 7.0625114 1260161843425
88.398026 28.232012 14.72022 2.4931815 -4.3309 7.0744114 1260161843430
85.92812 26.87041 11.934209 2.4931815 -4.3309 7.0744114 1260161843434
85.92812 26.87041 11.934209 1.76446 -4.1286564 7.425544 1260161843436
83.43172 25.72689 9.387498 1.76446 -4.1286564 7.425544 1260161843444
83.43172 25.72689 9.387498 0.92643684 -4.012118 7.967511 1260161843447
81.060135 25.190546 7.118123 0.92643684 -4.012118 7.967511 1260161843450
81.060135 25.190546 7.118123 0.16913286 -4.133633 8.490552 1260161843454
79.40713 26.13102 5.4122167 0.16913286 -4.133633 8.490552 1260161843458
79.40713 26.13102 5.4122167 -0.28539017 -4.612736 8.623096 1260161843466
80.58677 29.574469 4.941606 -0.28539017 -4.612736 8.623096 1260161843470
80.58677 29.574469 4.941606 -0.3385414 -5.3464203 8.136779 1260161843473
84.90743 33.995747 5.1945257 -0.3385414 -5.3464203 8.136779 1260161843483
84.90743 33.995747 5.1945257 -0.071680926 -6.3137836 7.1320066 1260161843492
90.01206 38.74596 5.684799 -0.071680926 -6.3137836 7.1320066 1260161843495
90.01206 38.74596 5.684799 0.3643492 -7.319949 5.8151717 1260161843503
95.01146 43.508663 6.1505594 0.3643492 -7.319949 5.8151717 1260161843505
95.01146 43.508663 6.1505594 0.7588283 -8.131431 4.451811 1260161843511
99.26089 48.28323 6.3430314 0.7588283 -8.131431 4.451811 1260161843514
99.26089 48.28323 6.3430314 0.9571999 -8.60201 3.2635376 1260161843517
101.74784 53.06907 6.02588 0.9571999 -8.60201 3.2635376 1260161843524
101.74784 53.06907 6.02588 0.913426 -8.666327 2.4091282 1260161843527
101.01045 57.765614 4.7745857 0.913426 -8.666327 2.4091282 1260161843533
101.01045 57.765614 4.7745857 0.6920522 -8.525167 1.8827854 1260161843546
99.80993 60.977333 3.1358564 0.6920522 -8.525167 1.8827854 1260161843549
99.80993 60.977333 3.1358564 0.4545064 -8.470063 1.6735542 1260161843552
99.01943 62.778465 2.6790636 0.4545064 -8.470063 1.6735542 1260161843563
99.01943 62.778465 2.6790636 0.35891223 -8.686035 1.5653598 1260161843566
96.61846 63.63954 2.6951103 0.35891223 -8.686035 1.5653598 1260161843574
96.61846 63.63954 2.6951103 0.394767 -9.259639 1.6627944 1260161843577
93.387535 64.05756 2.9603548 0.394767 -9.259639 1.6627944 1260161843587
93.387535 64.05756 2.9603548 0.544602 -9.99048 1.9310596 1260161843594
90.218155 64.154686 3.3123372 0.544602 -9.99048 1.9310596 1260161843606
90.218155 64.154686 3.3123372 0.72031504 -10.558791 2.275806 1260161843610
87.30724 63.496952 3.4467204 0.72031504 -10.558791 2.275806 1260161843622
87.30724 63.496952 3.4467204 0.78781396 -10.817427 2.7844656 1260161843631
84.84188 61.822105 3.0743845 0.78781396 -10.817427 2.7844656 1260161843642
84.84188 61.822105 3.0743845 0.6946229 -10.6422615 3.2785885 1260161843645
82.849785 58.581 1.9206653 0.6946229 -10.6422615 3.2785885 1260161843665
82.849785 58.581 1.9206653 0.39906207 -10.072011 3.8276844 1260161843668
81.25729 54.801952 0.324632 0.39906207 -10.072011 3.8276844 1260161843682
81.25729 54.801952 0.324632 -0.103051364 -9.284426 4.4235563 1260161843691
79.64443 51.111855 -1.4915997 -0.103051364 -9.284426 4.4235563 1260161843702
79.64443 51.111855 -1.4915997 -0.74282223 -8.46267 5.003255 1260161843707
77.56221 47.856262 -3.4670196 -0.74282223 -8.46267 5.003255 1260161843723
77.56221 47.856262 -3.4670196 -1.4166633 -7.782793 5.524004 1260161843726
74.6841 45.463448 -5.693669 -1.4166633 -7.782793 5.524004 1260161843746
74.6841 45.463448 -5.693669 -2.0213993 -7.3991017 5.845737 1260161843750
72.19989 44.890274 -7.6589856 -2.0213993 -7.3991017 5.845737 1260161843765
72.19989 44.890274 -7.6589856 -2.4304113 -7.42618 5.866037 1260161843774
71.4899 47.94576 -8.076036 -2.4304113 -7.42618 5.866037 1260161843788
71.4899 47.94576 -8.076036 -2.5404367 -7.8394027 5.5591145 1260161843792
74.665405 51.098473 -7.372235 -2.5404367 -7.8394027 5.5591145 1260161843804
74.665405 51.098473 -7.372235 -2.29628 -8.5643015 4.861652 1260161843808
80.93214 54.69355 -6.2036233 -2.29628 -8.5643015 4.861652 1260161843820
80.93214 54.69355 -6.2036233 -1.7490199 -9.474285 3.86945 1260161843830
87.78553 58.308872 -4.9434423 -1.7490199 -9.474285 3.86945 1260161843842
87.78553 58.308872 -4.9434423 -1.0827041 -10.396656 2.8063183 1260161843847
93.996254 61.693428 -3.6962702 -1.0827041 -10.396656 2.8063183 1260161843865
93.996254 61.693428 -3.6962702 -0.49669427 -11.163265 1.8978148 1260161843871
98.09644 64.458755 -2.7614567 -0.49669427 -11.163265 1.8978148 1260161843889
98.09644 64.458755 -2.7614567 -0.1722119 -11.667489 1.3616247 1260161843896
97.59162 65.88582 -2.673384 -0.1722119 -11.667489 1.3616247 1260161843902
97.59162 65.88582 -2.673384 -0.17858368 -11.8107605 1.2554065 1260161843907
94.71204 64.34153 -4.2397146 -0.17858368 -11.8107605 1.2554065 1260161843922
94.71204 64.34153 -4.2397146 -0.45295772 -11.515103 1.499775 1260161843927
92.12644 60.724453 -5.9277287 -0.45295772 -11.515103 1.499775 1260161843944
92.12644 60.724453 -5.9277287 -0.91791826 -10.83311 2.030892 1260161843947
90.37012 56.53823 -7.331342 -0.91791826 -10.83311 2.030892 1260161843967
90.37012 56.53823 -7.331342 -1.4427149 -9.88693 2.664165 1260161843970
88.90161 52.21132 -8.614775 -1.4427149 -9.88693 2.664165 1260161844166
88.90161 52.21132 -8.614775 -1.9351426 -8.876372 3.2167413 1260161844172
87.25653 48.200752 -9.984036 -1.9351426 -8.876372 3.2167413 1260161844175
87.25653 48.200752 -9.984036 -2.3341663 -8.030753 3.6048043 1260161844183
84.4437 45.890713 -12.034835 -2.3341663 -8.030753 3.6048043 1260161844186
84.4437 45.890713 -12.034835 -2.5613718 -7.6428356 3.7071862 1260161844190
84.021515 48.746178 -12.033093 -2.5613718 -7.6428356 3.7071862 1260161844195
84.021515 48.746178 -12.033093 -2.5477142 -7.7959733 3.4639404 1260161844202
86.17044 51.80887 -11.081439 -2.5477142 -7.7959733 3.4639404 1260161844207
86.17044 51.80887 -11.081439 -2.2888923 -8.389564 2.9481916 1260161844211
89.96192 55.018425 -9.877367 -2.2888923 -8.389564 2.9481916 1260161844216
89.96192 55.018425 -9.877367 -1.8414302 -9.270147 2.2689075 1260161844222
93.913826 58.117504 -8.583499 -1.8414302 -9.270147 2.2689075 1260161844227
93.913826 58.117504 -8.583499 -1.3393862 -10.147563 1.6065621 1260161844231
95.61813 60.761627 -7.404324 -1.3393862 -10.147563 1.6065621 1260161844234
95.61813 60.761627 -7.404324 -0.95642483 -10.806767 1.210923 1260161844242
94.73723 61.773544 -6.634108 -0.95642483 -10.806767 1.210923 1260161844245
94.73723 61.773544 -6.634108 -0.7941927 -11.104761 1.2055392 1260161844251
92.50037 60.784866 -6.902403 -0.7941927 -11.104761 1.2055392 1260161844254
92.50037 60.784866 -6.902403 -0.868894 -10.929531 1.5565968 1260161844257
90.57535 57.545624 -7.807283 -0.868894 -10.929531 1.5565968 1260161844267
90.57535 57.545624 -7.807283 -1.1169248 -10.328573 2.1148372 1260161844271
89.04658 53.71834 -8.766919 -1.1169248 -10.328573 2.1148372 1260161844282
89.04658 53.71834 -8.766919 -1.4213368 -9.547229 2.667639 1260161844287
87.344246 50.182426 -9.928574 -1.4213368 -9.547229 2.667639 1260161844290
87.344246 50.182426 -9.928574 -1.6832874 -8.881226 3.036167 1260161844293
85.12704 48.773304 -11.332145 -1.6832874 -8.881226 3.036167 1260161844298
85.12704 48.773304 -11.332145 -1.8245398 -8.576773 3.1424642 1260161844305
84.97069 51.13464 -11.065537 -1.8245398 -8.576773 3.1424642 1260161844310
84.97069 51.13464 -11.065537 -1.7980094 -8.718627 2.9798927 1260161844313
86.32215 53.827908 -10.26226 -1.7980094 -8.718627 2.9798927 1260161844323
86.32215 53.827908 -10.26226 -1.6236628 -9.192534 2.6061623 1260161844325
88.60604 56.686512 -9.249147 -1.6236628 -9.192534 2.6061623 1260161844329
88.60604 56.686512 -9.249147 -1.3340883 -9.8225355 2.1244493 1260161844334
91.22574 59.502186 -8.13669 -1.3340883 -9.8225355 2.1244493 1260161844337
91.22574 59.502186 -8.13669 -0.99497694 -10.421037 1.6559255 1260161844348
93.61445 62.077076 -6.9798555 -0.99497694 -10.421037 1.6559255 1260161844352
93.61445 62.077076 -6.9798555 -0.68167436 -10.834341 1.3347732 1260161844357
94.78373 62.72322 -5.8808627 -0.68167436 -10.834341 1.3347732 1260161844368
94.78373 62.72322 -5.8808627 -0.47461224 -10.951168 1.3116196 1260161844372
93.59454 61.58706 -5.3368196 -0.47461224 -10.951168 1.3116196 1260161844384
93.59454 61.58706 -5.3368196 -0.40797752 -10.723007 1.6192362 1260161844391
92.01482 58.607704 -5.469979 -0.40797752 -10.723007 1.6192362 1260161844406
92.01482 58.607704 -5.469979 -0.4829211 -10.20865 2.221335 1260161844410
90.66408 55.12732 -5.84648 -0.4829211 -10.20865 2.221335 1260161844422
90.66408 55.12732 -5.84648 -0.6698904 -9.531368 2.9826515 1260161844427
89.43087 51.770954 -6.354156 -0.6698904 -9.531368 2.9826515 1260161844442
89.43087 51.770954 -6.354156 -0.8836052 -8.877054 3.661636 1260161844447
88.309326 49.082405 -7.086448 -0.8836052 -8.877054 3.661636 1260161844464
88.309326 49.082405 -7.086448 -1.075738 -8.408685 4.109176 1260161844468
87.39386 48.228283 -7.932126 -1.075738 -8.408685 4.109176 1260161844483
87.39386 48.228283 -7.932126 -1.2031016 -8.217753 4.2299247 1260161844486
87.62417 49.816868 -8.03552 -1.2031016 -8.217753 4.2299247 1260161844502
87.62417 49.816868 -8.03552 -1.235565 -8.3121805 4.0184283 1260161844507
88.84296 52.776024 -7.633744 -1.235565 -8.3121805 4.0184283 1260161844525
88.84296 52.776024 -7.633744 -1.1758298 -8.632071 3.5621254 1260161844532
90.700806 55.837223 -7.0020566 -1.1758298 -8.632071 3.5621254 1260161844548
90.700806 55.837223 -7.0020566 -1.030549 -9.100091 2.983581 1260161844556
92.76576 58.79536 -6.2519536 -1.030549 -9.100091 2.983581 1260161844564
92.76576 58.79536 -6.2519536 -0.8257927 -9.612131 2.4121711 1260161844567
94.82748 61.455593 -5.439356 -0.8257927 -9.612131 2.4121711 1260161844582
94.82748 61.455593 -5.439356 -0.6006283 -10.087673 1.9428817 1260161844587
96.3861 63.68281 -4.6173882 -0.6006283 -10.087673 1.9428817 1260161844605
96.3861 63.68281 -4.6173882 -0.40102357 -10.46044 1.661863 1260161844611
96.916794 64.54867 -3.936519 -0.40102357 -10.46044 1.661863 1260161844622
96.916794 64.54867 -3.936519 -0.26656145 -10.677684 1.6196308 1260161844625
96.32095 64.47124 -3.489693 -0.26656145 -10.677684 1.6196308 1260161844648
96.32095 64.47124 -3.489693 -0.20215707 -10.687251 1.8103752 1260161844652
94.9549 63.097675 -3.4652083 -0.20215707 -10.687251 1.8103752 1260161844662
94.9549 63.097675 -3.4652083 -0.22133295 -10.480458 2.1611557 1260161844671
93.357155 60.792793 -3.891948 -0.22133295 -10.480458 2.1611557 1260161844682
93.357155 60.792793 -3.891948 -0.32195315 -10.115112 2.5468354 1260161844685
91.6893 58.303154 -4.4973507 -0.32195315 -10.115112 2.5468354 1260161844705
91.6893 58.303154 -4.4973507 -0.4400159 -9.696527 2.869646 1260161844708
90.15484 56.937996 -5.3724833 -0.4400159 -9.696527 2.869646 1260161844727
90.15484 56.937996 -5.3724833 -0.5576237 -9.40579 3.0196822 1260161844730
89.7971 57.691097 -5.7038593 -0.5576237 -9.40579 3.0196822 1260161844742
89.7971 57.691097 -5.7038593 -0.6141887 -9.331853 2.9647214 1260161844914
91.00724 59.656544 -5.368666 -0.6141887 -9.331853 2.9647214 1260161844918
91.00724 59.656544 -5.368666 -0.57122093 -9.463194 2.7422545 1260161844925
93.10688 61.973717 -4.800233 -0.57122093 -9.463194 2.7422545 1260161844928
93.10688 61.973717 -4.800233 -0.4609378 -9.757541 2.3967505 1260161844937
95.651535 64.32503 -4.1102214 -0.4609378 -9.757541 2.3967505 1260161844948
95.651535 64.32503 -4.1102214 -0.29828236 -10.11072 2.013359 1260161844951
98.26896 66.55878 -3.4047103 -0.29828236 -10.11072 2.013359 1260161844955
98.26896 66.55878 -3.4047103 -0.12741525 -10.435344 1.6797832 1260161844967
100.45551 68.480835 -2.7344747 -0.12741525 -10.435344 1.6797832 1260161844971
100.45551 68.480835 -2.7344747 0.017883057 -10.69266 1.4446082 1260161844974
101.83274 69.956795 -2.1977508 0.017883057 -10.69266 1.4446082 1260161844983
101.83274 69.956795 -2.1977508 0.11165032 -10.800908 1.3696537 1260161844986
101.4411 69.75896 -1.9378632 0.11165032 -10.800908 1.3696537 1260161844992
101.4411 69.75896 -1.9378632 0.13262749 -10.695352 1.493218 1260161844995
99.46905 67.82101 -2.14097 0.13262749 -10.695352 1.493218 1260161844998
99.46905 67.82101 -2.14097 0.08309202 -10.3873625 1.7863064 1260161845009
97.0956 64.87996 -2.6339216 0.08309202 -10.3873625 1.7863064 1260161845014
97.0956 64.87996 -2.6339216 -0.02457723 -9.946992 2.1798325 1260161845018
94.69082 61.88596 -3.2022254 -0.02457723 -9.946992 2.1798325 1260161845030
94.69082 61.88596 -3.2022254 -0.14933659 -9.490503 2.5727506 1260161845034
92.50628 59.69166 -3.6421142 -0.14933659 -9.490503 2.5727506 1260161845038
92.50628 59.69166 -3.6421142 -0.23448813 -9.155586 2.8581717 1260161845045
91.480965 59.25708 -3.6100085 -0.23448813 -9.155586 2.8581717 1260161845053
91.480965 59.25708 -3.6100085 -0.24591832 -9.025376 2.984265 1260161845057
92.95692 59.994225 -3.029508 -0.24591832 -9.025376 2.984265 1260161845064
92.95692 59.994225 -3.029508 -0.15802948 -9.10462 2.9637642 1260161845067
96.059074 62.144512 -2.2280326 -0.15802948 -9.10462 2.9637642 1260161845073
96.059074 62.144512 -2.2280326 0.013316168 -9.357647 2.8074038 1260161845076
99.55612 64.33729 -1.3666309 0.013316168 -9.357647 2.8074038 1260161845084
99.55612 64.33729 -1.3666309 0.22104166 -9.673615 2.5682862 1260161845087
102.87832 66.520424 -0.5482994 0.22104166 -9.673615 2.5682862 1260161845094
102.87832 66.520424 -0.5482994 0.41293278 -9.930201 2.3111596 1260161845110
105.5344 68.4944 0.12911563 0.41293278 -9.930201 2.3111596 1260161845113
105.5344 68.4944 0.12911563 0.5318947 -10.0425205 2.09413 1260161845118
106.85768 69.21968 0.47265983 0.5318947 -10.0425205 2.09413 1260161845131
106.85768 69.21968 0.47265983 0.5563763 -9.950367 1.9948716 1260161845143
105.1148 68.1587 -9.7318325E-4 0.5563763 -9.950367 1.9948716 1260161845154
105.1148 68.1587 -9.7318325E-4 0.48565337 -9.657835 2.0735545 1260161845157
102.759056 66.150764 -0.80092454 0.48565337 -9.657835 2.0735545 1260161845166
102.759056 66.150764 -0.80092454 0.3633042 -9.339068 2.2661192 1260161845169
100.671104 64.69323 -1.2608783 0.3633042 -9.339068 2.2661192 1260161845178
100.671104 64.69323 -1.2608783 0.2749942 -9.12341 2.4844687 1260161845187
100.38755 64.60857 -1.0978343 0.2749942 -9.12341 2.4844687 1260161845192
100.38755 64.60857 -1.0978343 0.281675 -9.109901 2.584981 1260161845195
102.76817 65.27814 -0.49294263 0.281675 -9.109901 2.584981 1260161845205
102.76817 65.27814 -0.49294263 0.40719983 -9.356535 2.491145 1260161845214
106.12976 67.41423 0.33170453 0.40719983 -9.356535 2.491145 1260161845227
106.12976 67.41423 0.33170453 0.628601 -9.729765 2.2297032 1260161845231
109.57327 69.69352 1.2151194 0.628601 -9.729765 2.2297032 1260161845245
109.57327 69.69352 1.2151194 0.8886464 -10.128599 1.8771379 1260161845252
112.79461 71.85884 2.0543635 0.8886464 -10.128599 1.8771379 1260161845265
112.79461 71.85884 2.0543635 1.1302414 -10.463225 1.5830619 1260161845270
115.504875 73.8159 2.9516454 1.1302414 -10.463225 1.5830619 1260161845284
115.504875 73.8159 2.9516454 1.3318349 -10.658538 1.4187816 1260161845287
116.82963 73.52511 3.804063 1.3318349 -10.658538 1.4187816 1260161845305
116.82963 73.52511 3.804063 1.4736345 -10.69358 1.441142 1260161845308
115.03815 72.348854 4.41386 1.4736345 -10.69358 1.441142 1260161845323
115.03815 72.348854 4.41386 1.5422854 -10.547081 1.6598793 1260161845330
112.23624 69.981415 4.5431666 1.5422854 -10.547081 1.6598793 1260161845342
112.23624 69.981415 4.5431666 1.5298678 -10.257402 2.073347 1260161845345
109.52442 66.982346 4.1160083 1.5298678 -10.257402 2.073347 1260161845364
109.52442 66.982346 4.1160083 1.4077462 -9.864391 2.644568 1260161845368
106.948204 63.83323 3.3602078 1.4077462 -9.864391 2.644568 1260161845382
106.948204 63.83323 3.3602078 1.186854 -9.422929 3.2498815 1260161845388
104.50079 60.79157 2.2921975 1.186854 -9.422929 3.2498815 1260161845409
104.50079 60.79157 2.2921975 0.9048186 -8.992643 3.7922404 1260161845412
102.27576 58.40199 0.92758757 0.9048186 -8.992643 3.7922404 1260161845422
102.27576 58.40199 0.92758757 0.62054056 -8.674448 4.09909 1260161845425
101.311966 58.481888 -0.0687918 0.62054056 -8.674448 4.09909 1260161845445
101.311966 58.481888 -0.0687918 0.45262903 -8.59826 4.0453215 1260161845448
102.946365 60.85779 0.034647793 0.45262903 -8.59826 4.0453215 1260161845466
102.946365 60.85779 0.034647793 0.45315218 -8.865027 3.6455603 1260161845470
105.79905 63.764904 0.5829154 0.45315218 -8.865027 3.6455603 1260161845482
105.79905 63.764904 0.5829154 0.6279896 -9.369752 2.983165 1260161845492
109.0591 66.72666 1.2037697 0.6279896 -9.369752 2.983165 1260161845503
109.0591 66.72666 1.2037697 0.8771693 -9.920067 2.2251773 1260161845682
111.75614 69.54033 1.7935812 0.8771693 -9.920067 2.2251773 1260161845691
111.75614 69.54033 1.7935812 1.0696238 -10.331179 1.5847679 1260161845696
113.26833 71.86331 2.103902 1.0696238 -10.331179 1.5847679 1260161845703
113.26833 71.86331 2.103902 1.1060369 -10.404381 1.2256314 1260161845708
111.50491 71.67014 0.898707 1.1060369 -10.404381 1.2256314 1260161845712
111.50491 71.67014 0.898707 0.930876 -10.187215 1.1670738 1260161845715
108.37967 69.03664 -1.2962285 0.930876 -10.187215 1.1670738 1260161845723
108.37967 69.03664 -1.2962285 0.61192524 -9.809291 1.3668257 1260161845726
105.26069 65.784805 -3.2814171 0.61192524 -9.809291 1.3668257 1260161845732
105.26069 65.784805 -3.2814171 0.22379485 -9.359688 1.7070948 1260161845735
102.14765 62.845566 -5.217346 0.22379485 -9.359688 1.7070948 1260161845738
102.14765 62.845566 -5.217346 -0.18374704 -8.962529 2.054867 1260161845746
99.09027 60.653286 -7.106479 -0.18374704 -8.962529 2.054867 1260161845750
99.09027 60.653286 -7.106479 -0.56001556 -8.703045 2.3253212 1260161845753
96.43576 59.57062 -8.651155 -0.56001556 -8.703045 2.3253212 1260161845758
96.43576 59.57062 -8.651155 -0.8977211 -8.645176 2.4862292 1260161845766
94.66397 59.492092 -9.518598 -0.8977211 -8.645176 2.4862292 1260161845769
94.66397 59.492092 -9.518598 -1.1804044 -8.838772 2.573033 1260161845773
93.730774 60.067486 -9.792667 -1.1804044 -8.838772 2.573033 1260161845783
93.730774 60.067486 -9.792667 -1.3468009 -9.226994 2.628256 1260161845791
94.294235 60.914112 -9.603034 -1.3468009 -9.226994 2.628256 1260161845794
94.294235 60.914112 -9.603034 -1.3911477 -9.784446 2.7025106 1260161845797
100.72952 61.818405 -9.022882 -1.3911477 -9.784446 2.7025106 1260161845805
100.72952 61.818405 -9.022882 -1.2868584 -10.437289 2.7948449 1260161845808
107.39304 62.677486 -8.221738 -1.2868584 -10.437289 2.7948449 1260161845814
107.39304 62.677486 -8.221738 -1.0692866 -11.092904 2.8335292 1260161845817
113.27339 63.543613 -7.360651 -1.0692866 -11.092904 2.8335292 1260161845825
113.27339 63.543613 -7.360651 -0.82377535 -11.742979 2.779704 1260161845828
118.15972 65.36643 -6.5426183 -0.82377535 -11.742979 2.779704 1260161845833
118.15972 65.36643 -6.5426183 -0.58509153 -12.363274 2.569212 1260161845845
122.051735 67.348114 -5.8154874 -0.58509153 -12.363274 2.569212 1260161845849
122.051735 67.348114 -5.8154874 -0.3971599 -12.892624 2.1799216 1260161845852
124.999146 69.58071 -5.324713 -0.3971599 -12.892624 2.1799216 1260161845858
124.999146 69.58071 -5.324713 -0.2901317 -13.29676 1.6459707 1260161845864
126.99919 72.051674 -5.0584774 -0.2901317 -13.29676 1.6459707 1260161845873
126.99919 72.051674 -5.0584774 -0.271539 -13.582622 1.0345217 1260161845876
127.849236 74.69909 -5.1055536 -0.271539 -13.582622 1.0345217 1260161845885
127.849236 74.69909 -5.1055536 -0.36420077 -13.703686 0.4257234 1260161845888
127.30677 77.56413 -5.650276 -0.36420077 -13.703686 0.4257234 1260161845907
127.30677 77.56413 -5.650276 -0.56255424 -13.616435 -0.09202445 1260161845910
125.19143 80.73592 -6.9677625 -0.56255424 -13.616435 -0.09202445 1260161845922
125.19143 80.73592 -6.9677625 -0.8531427 -13.318345 -0.43338007 1260161845931
122.331856 84.399124 -9.769375 -0.8531427 -13.318345 -0.43338007 1260161845943
122.331856 84.399124 -9.769375 -1.2483797 -12.865586 -0.4723216 1260161845946
119.76527 80.77917 -11.930906 -1.2483797 -12.865586 -0.4723216 1260161845965
119.76527 80.77917 -11.930906 -1.7369038 -12.361916 -0.053715434 1260161845968
117.327 77.19021 -13.284361 -1.7369038 -12.361916 -0.053715434 1260161845982
117.327 77.19021 -13.284361 -2.28681 -11.897049 0.7117098 1260161845991
115.06065 73.7807 -14.270143 -2.28681 -11.897049 0.7117098 1260161846002
115.06065 73.7807 -14.270143 -2.8310132 -11.501735 1.6853921 1260161846005
112.90762 70.64166 -14.906635 -2.8310132 -11.501735 1.6853921 1260161846023
112.90762 70.64166 -14.906635 -3.2404056 -11.161599 2.6492083 1260161846027
110.91224 67.85958 -15.261304 -3.2404056 -11.161599 2.6492083 1260161846046
110.91224 67.85958 -15.261304 -3.4277472 -10.83847 3.344865 1260161846049
109.31663 65.4166 -15.098239 -3.4277472 -10.83847 3.344865 1260161846062
109.31663 65.4166 -15.098239 -3.4041407 -10.523326 3.808244 1260161846068
108.8508 63.59577 -14.243327 -3.4041407 -10.523326 3.808244 1260161846082
108.8508 63.59577 -14.243327 -3.2135031 -10.262075 4.089777 1260161846085
109.80826 62.115982 -12.881161 -3.2135031 -10.262075 4.089777 1260161846105
109.80826 62.115982 -12.881161 -2.9493134 -10.013887 4.266658 1260161846108
111.66785 60.910183 -11.4871025 -2.9493134 -10.013887 4.266658 1260161846122
111.66785 60.910183 -11.4871025 -2.6819887 -9.799901 4.4020057 1260161846131
