92.454346 24.37279 2.9430192 0.44565287 -3.870215 8.445085 1260161819112
92.454346 24.37279 2.9430192 0.46763635 -3.8857765 8.460044 1260161819117
91.03163 24.40415 3.0458682 0.46763635 -3.8857765 8.460044 1260161819126
91.03163 24.40415 3.0458682 0.48307252 -3.8896637 8.452462 1260161819130
90.180046 24.583942 3.0935748 0.48307252 -3.8896637 8.452462 1260161819138
90.180046 24.583942 3.0935748 0.49160773 -3.90902 8.434363 1260161819149
89.42104 24.854746 3.288896 0.49160773 -3.90902 8.434363 1260161819169
89.42104 24.854746 3.288896 0.5242328 -3.9628212 8.438962 1260161819176
89.649994 25.412008 3.6244512 0.5242328 -3.9628212 8.438962 1260161819186
89.649994 25.412008 3.6244512 0.6001738 -4.1017838 8.465804 1260161819190
91.517494 26.241407 4.1432285 0.6001738 -4.1017838 8.465804 1260161819193
91.517494 26.241407 4.1432285 0.7329282 -4.354338 8.521269 1260161819206
93.34162 27.129337 4.886067 0.7329282 -4.354338 8.521269 1260161819209
93.34162 27.129337 4.886067 0.9332759 -4.6507893 8.579409 1260161819212
93.37454 27.92287 5.7417636 0.9332759 -4.6507893 8.579409 1260161819223
93.37454 27.92287 5.7417636 1.1814926 -4.965107 8.661882 1260161819226
91.05582 28.426727 6.5046754 1.1814926 -4.965107 8.661882 1260161819233
91.05582 28.426727 6.5046754 1.4098073 -5.2262526 8.803567 1260161819236
88.75303 28.555391 6.9794416 1.4098073 -5.2262526 8.803567 1260161819246
88.75303 28.555391 6.9794416 1.5715439 -5.3844466 9.034191 1260161819249
86.86538 28.327621 7.1304693 1.5715439 -5.3844466 9.034191 1260161819267
86.86538 28.327621 7.1304693 1.6250842 -5.4353023 9.296869 1260161819270
85.17211 27.66124 6.8739457 1.6250842 -5.4353023 9.296869 1260161819282
85.17211 27.66124 6.8739457 1.5649415 -5.341964 9.48376 1260161819287
83.663506 26.578178 6.2802486 1.5649415 -5.341964 9.48376 1260161819302
83.663506 26.578178 6.2802486 1.4390233 -5.127304 9.512844 1260161819305
82.43033 25.49927 5.0162363 1.4390233 -5.127304 9.512844 1260161819325
82.43033 25.49927 5.0162363 1.2805829 -4.8934126 9.282368 1260161819327
81.65881 30.974306 3.2154243 1.2805829 -4.8934126 9.282368 1260161819342
81.65881 30.974306 3.2154243 1.1273404 -4.769282 8.734484 1260161819351
83.325874 36.77559 2.904653 1.1273404 -4.769282 8.734484 1260161819362
83.325874 36.77559 2.904653 1.0423707 -4.8345513 7.838073 1260161819365
85.85958 42.23681 2.9094205 1.0423707 -4.8345513 7.838073 1260161819380
85.85958 42.23681 2.9094205 1.0501816 -5.147853 6.619414 1260161819384
88.6166 47.42497 3.0639496 1.0501816 -5.147853 6.619414 1260161819400
88.6166 47.42497 3.0639496 1.1461344 -5.6423035 5.18179 1260161819403
90.93577 52.30372 3.160752 1.1461344 -5.6423035 5.18179 1260161819572
90.93577 52.30372 3.160752 1.2318413 -6.257088 3.659413 1260161819581
92.28898 56.738533 3.0027144 1.2318413 -6.257088 3.659413 1260161819584
92.28898 56.738533 3.0027144 1.1641201 -6.99913 2.1804664 1260161819593
92.42453 60.701607 2.4025786 1.1641201 -6.99913 2.1804664 1260161819596
92.42453 60.701607 2.4025786 0.84304136 -7.8246093 0.8878348 1260161819602
91.903305 64.16653 1.3324497 0.84304136 -7.8246093 0.8878348 1260161819605
91.903305 64.16653 1.3324497 0.26152351 -8.720502 -0.09908502 1260161819608
91.25814 67.1582 -0.03417288 0.26152351 -8.720502 -0.09908502 1260161819615
91.25814 67.1582 -0.03417288 -0.4897755 -9.654003 -0.6607372 1260161819618
90.49523 70.00029 -1.7324643 -0.4897755 -9.654003 -0.6607372 1260161819624
90.49523 70.00029 -1.7324643 -1.3941945 -10.568069 -0.6699234 1260161819628
89.72047 68.95027 -3.445841 -1.3941945 -10.568069 -0.6699234 1260161819635
89.72047 68.95027 -3.445841 -2.4270518 -11.436433 -0.09501842 1260161819638
88.83444 67.55276 -5.0735493 -2.4270518 -11.436433 -0.09501842 1260161819642
88.83444 67.55276 -5.0735493 -3.554685 -12.261378 0.906742 1260161819647
87.69272 65.67512 -6.7698717 -3.554685 -12.261378 0.906742 1260161819660
87.69272 65.67512 -6.7698717 -4.766907 -12.763135 2.1791735 1260161819663
86.40808 63.44136 -8.481378 -4.766907 -12.763135 2.1791735 1260161819672
86.40808 63.44136 -8.481378 -5.982534 -12.939475 3.5527897 1260161819675
85.187675 61.119293 -10.157309 -5.982534 -12.939475 3.5527897 1260161819682
85.187675 61.119293 -10.157309 -7.106734 -12.90746 4.857725 1260161819684
84.07829 58.76333 -11.749443 -7.106734 -12.90746 4.857725 1260161819687
84.07829 58.76333 -11.749443 -8.141354 -12.751739 6.0511045 1260161819695
83.32438 56.975163 -13.411971 -8.141354 -12.751739 6.0511045 1260161819700
83.32438 56.975163 -13.411971 -9.097002 -12.885063 6.8912964 1260161819708
82.70816 55.976406 -14.991372 -9.097002 -12.885063 6.8912964 1260161819716
82.70816 55.976406 -14.991372 -9.908163 -13.31205 7.22843 1260161819720
81.722755 59.727585 -16.291803 -9.908163 -13.31205 7.22843 1260161819728
81.722755 59.727585 -16.291803 -10.50715 -13.917226 6.852026 1260161819739
80.73662 63.041206 -16.777214 -10.50715 -13.917226 6.852026 1260161819744
80.73662 63.041206 -16.777214 -10.745213 -14.618132 5.844071 1260161819747
80.44978 66.43915 -16.538353 -10.745213 -14.618132 5.844071 1260161819756
80.44978 66.43915 -16.538353 -10.564805 -15.18252 4.483351 1260161819762
80.977295 70.16719 -15.811436 -10.564805 -15.18252 4.483351 1260161819775
80.977295 70.16719 -15.811436 -10.095132 -15.461946 2.9550354 1260161819778
82.82843 74.35883 -14.770864 -10.095132 -15.461946 2.9550354 1260161819797
82.82843 74.35883 -14.770864 -9.472559 -15.337176 1.5031353 1260161819801
86.03701 79.14089 -13.78232 -9.472559 -15.337176 1.5031353 1260161819812
86.03701 79.14089 -13.78232 -8.894735 -14.8032255 0.12383024 1260161819815
93.98516 66.23385 -13.193204 -8.894735 -14.8032255 0.12383024 1260161819834
93.98516 66.23385 -13.193204 -8.49767 -14.0474 -1.1865096 1260161819837
103.5859 71.872154 -12.983543 -8.49767 -14.0474 -1.1865096 1260161819852
103.5859 71.872154 -12.983543 -8.277773 -13.356607 -2.4313323 1260161819856
98.856606 76.52855 -13.084366 -8.277773 -13.356607 -2.4313323 1260161819878
98.856606 76.52855 -13.084366 -8.226186 -13.03882 -3.5839493 1260161819881
96.11378 80.10212 -13.380148 -8.226186 -13.03882 -3.5839493 1260161819893
96.11378 80.10212 -13.380148 -8.2854595 -13.152343 -4.522301 1260161819896
94.45809 82.49702 -13.811141 -8.2854595 -13.152343 -4.522301 1260161819915
94.45809 82.49702 -13.811141 -8.407828 -13.609551 -5.0024014 1260161819918
93.385185 84.22217 -14.420584 -8.407828 -13.609551 -5.0024014 1260161819937
93.385185 84.22217 -14.420584 -8.656877 -14.273402 -4.822426 1260161819941
92.26592 82.66106 -15.199554 -8.656877 -14.273402 -4.822426 1260161819952
92.26592 82.66106 -15.199554 -9.097778 -14.956499 -3.9847333 1260161819957
91.252625 80.578 -16.039577 -9.097778 -14.956499 -3.9847333 1260161819973
91.252625 80.578 -16.039577 -9.759758 -15.605441 -2.6481977 1260161819976
90.189995 78.1491 -16.987598 -9.759758 -15.605441 -2.6481977 1260161819995
90.189995 78.1491 -16.987598 -10.582047 -16.019674 -1.0938234 1260161819998
89.1805 75.591644 -17.988218 -10.582047 -16.019674 -1.0938234 1260161820076
89.1805 75.591644 -17.988218 -11.404083 -16.246346 0.44344255 1260161820080
88.371475 73.21206 -18.988808 -11.404083 -16.246346 0.44344255 1260161820083
88.371475 73.21206 -18.988808 -12.116235 -16.39903 1.7499353 1260161820086
87.6529 71.15146 -20.089367 -12.116235 -16.39903 1.7499353 1260161820126
87.6529 71.15146 -20.089367 -12.709695 -16.54408 2.6240351 1260161820129
86.82026 69.84389 -21.1349 -12.709695 -16.54408 2.6240351 1260161820132
86.82026 69.84389 -21.1349 -13.160433 -16.88414 2.9354947 1260161820135
85.429245 72.651695 -21.828154 -13.160433 -16.88414 2.9354947 1260161820138
85.429245 72.651695 -21.828154 -13.44494 -17.373365 2.5347004 1260161820148
83.70778 75.41911 -21.936747 -13.44494 -17.373365 2.5347004 1260161820156
83.70778 75.41911 -21.936747 -13.486399 -17.862646 1.6111751 1260161820162
82.02239 78.54816 -21.63991 -13.486399 -17.862646 1.6111751 1260161820171
82.02239 78.54816 -21.63991 -13.26836 -18.073442 0.4048945 1260161820174
80.37127 82.12075 -21.057915 -13.26836 -18.073442 0.4048945 1260161820182
80.37127 82.12075 -21.057915 -12.876668 -17.94613 -0.91949856 1260161820185
78.452705 86.16471 -20.355019 -12.876668 -17.94613 -0.91949856 1260161820193
78.452705 86.16471 -20.355019 -12.41058 -17.45403 -2.177672 1260161820196
88.33007 72.856476 -19.687267 -12.41058 -17.45403 -2.177672 1260161820382
88.33007 72.856476 -19.687267 -11.961667 -16.587458 -3.3729367 1260161820388
93.91357 60.513653 -19.152905 -11.961667 -16.587458 -3.3729367 1260161820391
93.91357 60.513653 -19.152905 -11.5658455 -15.613709 -4.508438 1260161820397
100.56789 48.68797 -18.69526 -11.5658455 -15.613709 -4.508438 1260161820403
100.56789 48.68797 -18.69526 -11.225909 -14.735639 -5.5871644 1260161820409
111.53949 54.95357 -18.360497 -11.225909 -14.735639 -5.5871644 1260161820412
111.53949 54.95357 -18.360497 -10.944512 -14.130974 -6.6119547 1260161820415
107.26251 60.105892 -18.142471 -10.944512 -14.130974 -6.6119547 1260161820423
107.26251 60.105892 -18.142471 -10.735071 -13.935869 -7.4867578 1260161820426
104.59939 64.0506 -18.035347 -10.735071 -13.935869 -7.4867578 1260161820432
104.59939 64.0506 -18.035347 -10.574921 -14.155045 -8.079465 1260161820435
102.91942 66.84807 -17.98358 -10.574921 -14.155045 -8.079465 1260161820438
102.91942 66.84807 -17.98358 -10.45819 -14.644521 -8.225754 1260161820446
101.72345 66.955666 -18.134401 -10.45819 -14.644521 -8.225754 1260161820449
101.72345 66.955666 -18.134401 -10.449449 -15.251175 -7.700736 1260161820453
100.58728 66.307884 -18.477682 -10.449449 -15.251175 -7.700736 1260161820458
100.58728 66.307884 -18.477682 -10.646131 -15.885383 -6.604036 1260161820467
99.35792 65.04249 -19.003798 -10.646131 -15.885383 -6.604036 1260161820473
99.35792 65.04249 -19.003798 -11.08155 -16.419098 -5.103846 1260161820484
98.14002 63.39036 -19.653608 -11.08155 -16.419098 -5.103846 1260161820487
98.14002 63.39036 -19.653608 -11.704951 -16.751787 -3.3987677 1260161820493
97.03302 61.620842 -20.420927 -11.704951 -16.751787 -3.3987677 1260161820495
97.03302 61.620842 -20.420927 -12.374819 -16.936405 -1.7462544 1260161820503
96.08137 59.9898 -21.19988 -12.374819 -16.936405 -1.7462544 1260161820506
96.08137 59.9898 -21.19988 -12.949902 -17.051863 -0.35751745 1260161820509
95.2773 58.74031 -21.989887 -12.949902 -17.051863 -0.35751745 1260161820515
95.2773 58.74031 -21.989887 -13.383182 -17.229649 0.6355753 1260161820517
94.41344 58.203297 -22.640392 -13.383182 -17.229649 0.6355753 1260161820528
94.41344 58.203297 -22.640392 -13.648378 -17.573566 1.1486105 1260161820531
93.04276 61.343132 -23.008373 -13.648378 -17.573566 1.1486105 1260161820542
93.04276 61.343132 -23.008373 -13.75662 -18.031044 0.9386321 1260161820547
91.29063 64.475975 -23.007954 -13.75662 -18.031044 0.9386321 1260161820551
91.29063 64.475975 -23.007954 -13.702136 -18.490164 0.2236224 1260161820554
89.426094 67.95218 -22.607555 -13.702136 -18.490164 0.2236224 1260161820564
89.426094 67.95218 -22.607555 -13.437898 -18.71385 -0.8261103 1260161820567
87.60479 71.95457 -21.927177 -13.437898 -18.71385 -0.8261103 1260161820575
87.60479 71.95457 -21.927177 -13.015255 -18.614447 -2.088953 1260161820578
85.67455 76.45684 -21.13082 -13.015255 -18.614447 -2.088953 1260161820588
85.67455 76.45684 -21.13082 -12.508868 -18.121618 -3.2886536 1260161820591
96.64082 81.584 -20.224277 -12.508868 -18.121618 -3.2886536 1260161820607
96.64082 81.584 -20.224277 -11.955612 -17.23801 -4.428369 1260161820610
99.75878 68.8548 -19.463064 -11.955612 -17.23801 -4.428369 1260161820622
99.75878 68.8548 -19.463064 -11.471561 -16.209942 -5.511099 1260161820625
105.57084 56.662056 -18.93991 -11.471561 -16.209942 -5.511099 1260161820644
105.57084 56.662056 -18.93991 -11.1084175 -15.291163 -6.5396924 1260161820647
117.1923 62.378952 -18.642916 -11.1084175 -15.291163 -6.5396924 1260161820664
117.1923 62.378952 -18.642916 -10.857411 -14.7377205 -7.4923396 1260161820667
112.73268 66.86 -18.56077 -10.857411 -14.7377205 -7.4923396 1260161820683
112.73268 66.86 -18.56077 -10.71566 -14.632818 -8.248893 1260161820691
109.89605 70.117 -18.532732 -10.71566 -14.632818 -8.248893 1260161820702
109.89605 70.117 -18.532732 -10.608918 -14.93428 -8.671375 1260161820705
108.20125 72.361145 -18.456095 -10.608918 -14.93428 -8.671375 1260161820724
108.20125 72.361145 -18.456095 -10.482316 -15.4746895 -8.672296 1260161820727
107.09119 72.34309 -18.38329 -10.482316 -15.4746895 -8.672296 1260161820747
107.09119 72.34309 -18.38329 -10.375664 -16.067076 -8.058892 1260161820750
106.086624 71.575935 -18.414125 -10.375664 -16.067076 -8.058892 1260161820762
106.086624 71.575935 -18.414125 -10.390799 -16.660488 -6.92794 1260161820767
105.032295 70.29714 -18.59342 -10.390799 -16.660488 -6.92794 1260161820783
105.032295 70.29714 -18.59342 -10.606757 -17.199713 -5.453097 1260161820786
103.880684 68.53229 -19.013748 -10.606757 -17.199713 -5.453097 1260161820805
103.880684 68.53229 -19.013748 -11.021671 -17.517887 -3.7557538 1260161820808
102.73665 66.605675 -19.56306 -11.021671 -17.517887 -3.7557538 1260161820822
102.73665 66.605675 -19.56306 -11.537742 -17.69144 -2.0853913 1260161820827
101.74982 64.82539 -20.184908 -11.537742 -17.69144 -2.0853913 1260161820842
101.74982 64.82539 -20.184908 -12.036181 -17.829075 -0.6190869 1260161820847
100.86233 63.384125 -20.875662 -12.036181 -17.829075 -0.6190869 1260161820863
100.86233 63.384125 -20.875662 -12.421166 -17.984344 0.46676344 1260161820866
99.96921 62.664917 -21.431879 -12.421166 -17.984344 0.46676344 1260161820887
99.96921 62.664917 -21.431879 -12.679301 -18.325941 1.0897107 1260161820891
98.82075 62.63167 -21.760284 -12.679301 -18.325941 1.0897107 1260161820902
98.82075 62.63167 -21.760284 -12.772663 -18.779171 1.0747242 1260161820907
97.37971 65.45009 -21.722271 -12.772663 -18.779171 1.0747242 1260161820922
97.37971 65.45009 -21.722271 -12.697912 -19.236979 0.4850273 1260161820925
95.66072 68.67758 -21.336157 -12.697912 -19.236979 0.4850273 1260161820944
95.66072 68.67758 -21.336157 -12.450516 -19.483255 -0.46472666 1260161820948
93.77769 72.593704 -20.719349 -12.450516 -19.483255 -0.46472666 1260161821123
93.77769 72.593704 -20.719349 -12.0636215 -19.326313 -1.6550633 1260161821128
90.6388 77.31402 -20.03338 -12.0636215 -19.326313 -1.6550633 1260161821132
90.6388 77.31402 -20.03338 -11.6211605 -18.65556 -2.8764584 1260161821137
92.95686 64.998314 -19.281712 -11.6211605 -18.65556 -2.8764584 1260161821144
92.95686 64.998314 -19.281712 -11.156556 -17.461271 -4.0367837 1260161821149
94.75902 53.748398 -18.667625 -11.156556 -17.461271 -4.0367837 1260161821153
94.75902 53.748398 -18.667625 -10.773749 -16.097195 -5.139093 1260161821156
98.42107 42.76098 -18.334244 -10.773749 -16.097195 -5.139093 1260161821164
98.42107 42.76098 -18.334244 -10.509512 -14.965446 -6.1862864 1260161821167
108.65002 49.37293 -18.267532 -10.509512 -14.965446 -6.1862864 1260161821173
108.65002 49.37293 -18.267532 -10.366087 -14.340438 -7.1348114 1260161821176
104.41752 54.40428 -18.354156 -10.366087 -14.340438 -7.1348114 1260161821184
104.41752 54.40428 -18.354156 -10.318366 -14.304434 -7.873828 1260161821187
102.046646 58.28407 -18.386448 -10.318366 -14.304434 -7.873828 1260161821191
102.046646 58.28407 -18.386448 -10.278479 -14.687694 -8.332089 1260161821194
100.94431 61.019867 -18.117126 -10.278479 -14.687694 -8.332089 1260161821209
100.94431 61.019867 -18.117126 -10.094167 -15.278569 -8.358147 1260161821212
100.5471 62.068874 -17.51127 -10.094167 -15.278569 -8.358147 1260161821217
100.5471 62.068874 -17.51127 -9.736558 -15.911407 -7.8292336 1260161821224
99.96974 62.165432 -17.085707 -9.736558 -15.911407 -7.8292336 1260161821227
99.96974 62.165432 -17.085707 -9.507154 -16.512604 -6.7914863 1260161821233
99.121254 61.50716 -17.031422 -9.507154 -16.512604 -6.7914863 1260161821236
99.121254 61.50716 -17.031422 -9.5350685 -17.08374 -5.3534307 1260161821243
98.06519 60.281803 -17.42985 -9.5350685 -17.08374 -5.3534307 1260161821246
98.06519 60.281803 -17.42985 -9.906862 -17.440403 -3.6992078 1260161821250
96.911934 58.667713 -18.208357 -9.906862 -17.440403 -3.6992078 1260161821257
96.911934 58.667713 -18.208357 -10.575377 -17.552452 -2.0316725 1260161821268
95.86634 56.98433 -19.04794 -10.575377 -17.552452 -2.0316725 1260161821272
95.86634 56.98433 -19.04794 -11.224088 -17.55266 -0.4965472 1260161821277
94.97302 55.535114 -19.845543 -11.224088 -17.55266 -0.4965472 1260161821283
94.97302 55.535114 -19.845543 -11.70484 -17.530384 0.7200606 1260161821288
94.27437 54.808357 -20.503265 -11.70484 -17.530384 0.7200606 1260161821295
94.27437 54.808357 -20.503265 -11.987895 -17.69514 1.5080886 1260161821305
93.71065 54.96794 -20.878101 -11.987895 -17.69514 1.5080886 1260161821312
93.71065 54.96794 -20.878101 -12.082457 -18.078438 1.7908993 1260161821315
92.97511 57.869545 -20.884197 -12.082457 -18.078438 1.7908993 1260161821325
92.97511 57.869545 -20.884197 -12.025871 -18.54949 1.4888769 1260161821328
92.076355 60.926067 -20.589987 -12.025871 -18.54949 1.4888769 1260161821343
92.076355 60.926067 -20.589987 -11.833869 -19.018782 0.746355 1260161821348
90.82254 64.52976 -20.110487 -11.833869 -19.018782 0.746355 1260161821363
90.82254 64.52976 -20.110487 -11.522074 -19.169048 -0.2879722 1260161821370
89.28141 68.95328 -19.454962 -11.522074 -19.169048 -0.2879722 1260161821382
89.28141 68.95328 -19.454962 -11.103966 -18.853476 -1.500767 1260161821385
87.46734 74.15562 -18.582214 -11.103966 -18.853476 -1.500767 1260161821400
87.46734 74.15562 -18.582214 -10.599163 -18.072884 -2.729877 1260161821408
87.29397 62.147835 -17.603104 -10.599163 -18.072884 -2.729877 1260161821422
87.29397 62.147835 -17.603104 -10.0508175 -16.839626 -3.8975315 1260161821426
87.17927 50.94044 -16.672949 -10.0508175 -16.839626 -3.8975315 1260161821444
87.17927 50.94044 -16.672949 -9.529889 -15.569285 -5.006803 1260161821452
88.72031 39.893417 -15.989302 -9.529889 -15.569285 -5.006803 1260161821463
88.72031 39.893417 -15.989302 -9.111962 -14.570171 -6.0224743 1260161821466
101.68429 46.598747 -15.589836 -9.111962 -14.570171 -6.0224743 1260161821482
101.68429 46.598747 -15.589836 -8.806188 -13.968332 -6.8443484 1260161821489
99.15007 51.66881 -15.410344 -8.806188 -13.968332 -6.8443484 1260161821503
99.15007 51.66881 -15.410344 -8.593338 -13.835841 -7.3840485 1260161821510
97.89256 55.28537 -15.239827 -8.593338 -13.835841 -7.3840485 1260161821522
97.89256 55.28537 -15.239827 -8.410199 -14.087258 -7.608693 1260161821525
97.44794 57.9211 -14.927835 -8.410199 -14.087258 -7.608693 1260161821545
97.44794 57.9211 -14.927835 -8.183779 -14.514747 -7.531311 1260161821548
97.57554 59.725044 -14.331444 -8.183779 -14.514747 -7.531311 1260161821562
97.57554 59.725044 -14.331444 -7.835881 -14.923584 -7.205822 1260161821568
97.89676 60.83879 -13.614872 -7.835881 -14.923584 -7.205822 1260161821589
97.89676 60.83879 -13.614872 -7.43932 -15.251369 -6.695707 1260161821592
98.30192 61.19685 -12.634129 -7.43932 -15.251369 -6.695707 1260161821602
98.30192 61.19685 -12.634129 -6.9577103 -15.464699 -5.97819 1260161821605
98.486824 60.88701 -11.552423 -6.9577103 -15.464699 -5.97819 1260161821623
98.486824 60.88701 -11.552423 -6.430717 -15.596536 -5.0827093 1260161821627
98.36248 60.34266 -10.724801 -6.430717 -15.596536 -5.0827093 1260161821642
98.36248 60.34266 -10.724801 -6.0104337 -15.710885 -4.088989 1260161821650
97.994354 59.425526 -10.038561 -6.0104337 -15.710885 -4.088989 1260161821662
97.994354 59.425526 -10.038561 -5.6581545 -15.709873 -3.00807 1260161821665
97.344635 58.104248 -9.736632 -5.6581545 -15.709873 -3.00807 1260161821685
97.344635 58.104248 -9.736632 -5.4447107 -15.517546 -1.940336 1260161821688
96.42741 56.249035 -9.799801 -5.4447107 -15.517546 -1.940336 1260161821700
96.42741 56.249035 -9.799801 -5.3583927 -15.091711 -0.936885 1260161821710
95.20604 53.786583 -9.909811 -5.3583927 -15.091711 -0.936885 1260161821722
95.20604 53.786583 -9.909811 -5.284563 -14.441321 -0.0026751093 1260161821872
