94.08676 17.757404 11.87044 1260161804674
96.032425 18.569534 12.826918 1260161804705
98.1808 19.491058 13.8855715 1260161804713
98.92176 20.416506 14.741293 1260161804736
98.325676 21.09568 15.404228 1260161804751
97.35939 21.540895 15.784017 1260161804770
96.24142 21.71385 15.744816 1260161804791
95.02934 21.578157 15.307575 1260161804810
93.77788 21.04925 14.392197 1260161804831
92.53899 20.346786 13.222587 1260161804850
91.312035 19.829447 11.861457 1260161804876
90.196434 19.737974 10.768384 1260161804890
89.23661 20.301075 10.179965 1260161804911
89.07478 22.03602 10.120967 1260161804930
90.47105 24.28422 10.614919 1260161804951
93.197495 28.870008 11.334173 1260161804970
96.78762 33.626507 12.067465 1260161804991
100.84824 38.495182 12.814092 1260161805010
105.15583 43.370422 13.523387 1260161805030
109.49804 48.1519 14.197218 1260161805220
113.42314 52.694305 14.887357 1260161805227
116.401985 56.65959 15.542989 1260161805238
117.53188 59.726612 16.06584 1260161805247
116.40529 59.89028 16.062548 1260161805258
114.43503 58.595768 15.059421 1260161805267
112.513275 56.01598 13.356449 1260161805280
110.83761 52.765182 11.338627 1260161805288
109.29573 49.226925 9.021695 1260161805302
107.58094 45.81558 6.37061 1260161805308
104.85189 43.2748 3.1520796 1260161805323
101.8593 43.16106 0.5944755 1260161805336
102.016335 46.453007 0.41475174 1260161805343
105.36552 50.330357 1.2940142 1260161805354
110.347244 54.46384 2.5293136 1260161805365
115.32988 58.49065 3.752848 1260161805382
119.063385 62.016117 4.7652054 1260161805396
119.510216 64.36531 4.926945 1260161805407
116.18471 62.297047 2.480598 1260161805421
113.42547 58.132195 0.35656807 1260161805441
111.1542 53.675583 -1.5612603 1260161805452
108.94649 49.341805 -3.4331973 1260161805470
105.949165 46.124714 -5.9615374 1260161805492
105.201706 49.46848 -6.4634604 1260161805512
107.891624 53.045055 -5.4402876 1260161805535
111.79704 56.692802 -4.068273 1260161805552
115.757195 60.20816 -2.6648593 1260161805574
118.71934 63.247753 -1.4316163 1260161805592
118.88337 65.085365 -0.9100355 1260161805615
116.0892 63.331097 -2.2145338 1260161805632
113.38474 59.31454 -3.8038073 1260161805655
111.0155 54.848812 -5.213617 1260161805672
108.61473 50.55637 -6.652936 1260161805695
105.83399 48.62855 -8.770289 1260161805717
106.94229 51.497124 -8.131775 1260161805735
109.59518 54.722267 -6.9751863 1260161805750
112.715416 57.886154 -5.676427 1260161805770
115.62965 60.791847 -4.4426055 1260161805791
116.74816 62.852253 -3.6704752 1260161805983
114.41075 61.55964 -4.2369514 1260161805994
111.49021 58.081657 -5.3251038 1260161806000
108.6157 54.177574 -6.408849 1260161806012
105.834915 50.868694 -7.3884063 1260161806021
104.29317 50.62526 -7.568986 1260161806032
106.928505 53.393997 -6.4905367 1260161806041
110.43208 56.474297 -5.21601 1260161806047
113.81048 59.45058 -4.0052094 1260161806058
116.51996 62.028053 -3.0049489 1260161806072
117.39396 63.076653 -2.5547013 1260161806086
114.22426 60.57282 -3.8269663 1260161806097
110.71304 56.844177 -5.3856177 1260161806104
108.42739 55.801968 -5.616337 1260161806115
110.956024 56.511868 -4.58552 1260161806126
114.80822 57.236275 -3.4062438 1260161806141
118.56781 57.824463 -2.2359316 1260161806152
119.53942 58.28324 -1.474135 1260161806163
116.86245 57.61908 -1.5004283 1260161806181
113.36932 55.088127 -2.375407 1260161806193
109.95086 51.73372 -3.5066366 1260161806215
106.703316 48.54703 -4.781305 1260161806232
104.01815 47.06968 -5.6922398 1260161806255
106.51724 49.966194 -4.857628 1260161806273
110.29138 53.667885 -3.7147465 1260161806292
113.876816 57.33449 -2.529009 1260161806313
116.58298 60.967766 -1.6525587 1260161806332
114.50383 64.86938 -2.6699307 1260161806355
111.078636 60.07591 -5.136434 1260161806372
108.174706 55.272114 -7.1296124 1260161806399
104.41597 50.85851 -9.373132 1260161806412
99.34517 47.465584 -12.404475 1260161806435
94.87791 45.392303 -15.934252 1260161806457
91.584015 44.57269 -18.18754 1260161806472
89.254814 44.794056 -19.328163 1260161806494
86.892075 45.704353 -19.661755 1260161806511
96.89747 47.019135 -19.528667 1260161806538
104.7026 48.61818 -19.052235 1260161806552
111.51747 50.38727 -18.349623 1260161806724
116.9416 52.717907 -17.582142 1260161806753
121.244514 55.282013 -16.853035 1260161806762
124.18229 58.017914 -16.310383 1260161806773
125.62318 60.86702 -16.144863 1260161806783
125.44202 63.82367 -16.43762 1260161806794
123.51991 67.18249 -17.465738 1260161806805
119.99392 71.323364 -19.49245 1260161806815
115.69422 76.2072 -22.417828 1260161806826
111.70951 72.34684 -25.396936 1260161806842
108.47404 68.6295 -27.227089 1260161806856
105.70033 65.44803 -28.015734 1260161806864
103.065315 62.625626 -28.314947 1260161806875
100.56205 60.044346 -28.249199 1260161806881
98.28395 57.79213 -27.936739 1260161806897
96.21976 55.75252 -27.339903 1260161806912
94.55877 54.064896 -26.372908 1260161806924
94.28083 53.01165 -25.304262 1260161806938
94.96679 52.211067 -24.13905 1260161806955
96.51845 51.450512 -22.832096 1260161806963
98.34253 50.627987 -21.59049 1260161806982
