76.14421 14.2483635 0.6347417 1260161781717
75.637 14.635945 0.65300465 1260161781726
75.25515 15.104148 0.72035444 1260161781738
73.79239 15.24894 1.2343367 1260161781747
72.30277 15.436494 1.8726199 1260161781757
70.73763 15.614669 2.5789888 1260161781766
69.65075 15.933935 3.1000395 1260161781778
70.318214 16.887238 3.1450374 1260161781785
71.002304 17.892876 2.9877856 1260161781797
71.70219 18.898232 2.9383962 1260161781806
72.417076 19.85332 3.1914763 1260161781817
72.69622 20.660654 3.5819025 1260161781832
73.06141 21.427622 4.1028075 1260161781863
73.40834 22.206242 4.547667 1260161781875
73.18792 22.74593 4.8702836 1260161781884
72.27853 22.958633 5.1267695 1260161781896
70.8146 22.810701 5.270431 1260161781903
69.22387 22.520166 5.4069095 1260161781917
67.71268 22.294159 5.486564 1260161781933
66.32704 22.22945 5.6622357 1260161781942
64.960686 22.367977 6.029124 1260161781948
63.76265 22.69958 6.477668 1260161781958
63.024517 23.2646 7.0037847 1260161781972
63.07329 24.151371 7.4535956 1260161781983
64.36963 25.343803 7.8809156 1260161781996
66.85115 26.626614 8.43687 1260161782005
70.55859 28.045282 9.015026 1260161782023
74.430664 29.443018 9.614275 1260161782035
78.95913 30.870867 10.283561 1260161782053
82.961174 32.677322 10.719382 1260161782074
86.31312 34.643456 10.9334135 1260161782092
89.097466 36.861282 10.886743 1260161782115
90.99259 39.26822 10.492406 1260161782133
92.19296 41.504807 9.867785 1260161782152
92.983315 43.579567 9.074396 1260161782356
93.03415 46.65059 7.8706765 1260161782363
92.03244 47.61806 6.3271427 1260161782375
90.08082 47.73716 4.3607855 1260161782384
87.77678 47.2503 2.792746 1260161782395
85.38794 46.387787 1.9531088 1260161782404
82.968544 45.2684 1.6554533 1260161782416
80.570114 44.304977 1.8726807 1260161782423
78.091606 43.78973 2.4790466 1260161782437
75.43703 44.100243 3.6050942 1260161782452
82.96518 47.89523 4.8748393 1260161782462
89.21692 52.20047 5.731097 1260161782468
94.406075 56.890446 6.144542 1260161782479
98.035774 61.795925 6.1373153 1260161782488
97.93398 66.85613 5.5304494 1260161782502
110.73728 72.11333 4.153927 1260161782517
120.90042 77.45766 1.8462304 1260161782524
131.8554 82.08477 -1.5960813 1260161782543
125.76262 79.13053 -4.816277 1260161782555
120.824486 76.574005 -7.025463 1260161782563
116.58326 74.445305 -8.27419 1260161782582
112.604095 72.47304 -8.6604805 1260161782595
108.67389 70.89938 -8.577456 1260161782613
104.79019 70.30441 -8.148583 1260161782635
101.40068 70.839195 -7.3911543 1260161782652
104.83064 72.89723 -6.6215963 1260161782672
108.389114 75.652374 -6.0405164 1260161782694
110.86966 78.819756 -5.6884904 1260161782711
111.42618 82.37877 -5.754066 1260161782732
108.30487 86.40983 -6.416363 1260161782752
120.239624 90.639336 -7.9455447 1260161782774
131.82764 94.35737 -10.548267 1260161782792
126.13625 90.7895 -13.370854 1260161782812
121.82944 87.550026 -15.152311 1260161782833
118.287964 84.62253 -15.994696 1260161782857
114.92357 81.791405 -16.094961 1260161782872
111.47739 79.301834 -15.640213 1260161782892
108.103516 77.58674 -14.758203 1260161782914
105.49834 77.2574 -13.370293 1260161783164
102.47342 74.89453 -13.451778 1260161783171
99.49975 72.9998 -13.079189 1260161783177
96.82476 72.09981 -12.275229 1260161783207
96.48352 73.59482 -11.061468 1260161783217
100.40935 76.115074 -9.858395 1260161783232
104.43888 79.15932 -8.8154745 1260161783250
107.81694 82.40135 -8.024701 1260161783263
109.52609 85.68128 -7.623466 1260161783283
108.14979 88.997215 -7.9422927 1260161783306
104.4423 92.147354 -9.395178 1260161783322
100.720184 95.08999 -11.975419 1260161783345
97.93417 91.53549 -14.0266485 1260161783365
95.68746 87.908714 -15.225316 1260161783387
93.60309 84.11328 -15.7640505 1260161783402
91.47293 80.30762 -15.675848 1260161783422
89.299286 76.74223 -15.092055 1260161783446
87.284325 73.705124 -14.187452 1260161783462
85.47011 71.119865 -13.128079 1260161783482
84.0466 68.86387 -12.071675 1260161783504
82.99427 66.620674 -11.118092 1260161783527
82.34456 64.439644 -10.412187 1260161783543
