86.48827 11.902551 5.8765397 1260161788995
89.16386 13.357423 6.782713 1260161789031
92.25566 15.089552 7.6935773 1260161789048
95.54288 16.935074 8.708899 1260161789062
98.76573 18.73832 9.773454 1260161789073
101.47745 20.451403 10.784781 1260161789086
103.40357 21.978832 11.745543 1260161789102
103.8334 23.02989 12.558266 1260161789120
102.94173 23.278395 13.080353 1260161789141
101.44464 22.714476 13.176335 1260161789165
99.872406 21.728752 13.167519 1260161789180
98.42879 20.692314 13.109142 1260161789201
97.107346 19.707699 13.053685 1260161789220
95.90198 18.772314 12.951001 1260161789240
94.80688 17.683699 12.303452 1260161789261
93.816536 16.499514 11.238279 1260161789280
92.87571 15.474538 9.926365 1260161789305
91.88193 14.750811 8.480046 1260161789320
90.68783 14.46327 7.006044 1260161789343
88.95344 14.790107 5.5057416 1260161789361
87.00577 16.100601 4.0804543 1260161789380
85.70548 18.79557 3.0764315 1260161789569
86.22021 23.255793 2.6226099 1260161789584
88.4592 28.293003 2.5414793 1260161789593
91.586235 33.528355 2.6644053 1260161789605
94.956924 38.751938 2.831185 1260161789613
98.209076 43.86434 2.9396257 1260161789625
100.94862 48.721127 2.9426444 1260161789631
102.701195 53.23507 2.695512 1260161789643
103.266136 57.223316 2.1607366 1260161789651
102.65283 60.76215 1.3026997 1260161789664
101.37019 63.92404 0.18756463 1260161789676
99.65169 66.82784 -1.1218137 1260161789687
97.669106 69.53645 -2.515723 1260161789693
95.58565 72.05963 -3.839937 1260161789706
93.60636 71.45665 -5.14794 1260161789722
91.876045 70.88382 -6.2405434 1260161789731
90.38224 70.28963 -7.128516 1260161789745
88.96313 69.47514 -7.7220902 1260161789755
87.46497 68.451385 -7.9359856 1260161789768
85.791725 67.22881 -7.7891865 1260161789788
83.90214 65.86737 -7.299727 1260161789802
81.70703 64.374 -6.4847407 1260161789825
79.22168 62.7553 -5.3605037 1260161789842
76.5106 61.017532 -3.9924784 1260161789862
73.63507 59.166656 -2.3928545 1260161789883
70.803314 57.358322 -0.6732117 1260161789905
68.013145 55.640408 1.1604489 1260161789926
65.26249 54.058388 3.0524266 1260161789942
62.649364 52.705467 4.8498054 1260161789963
60.316895 51.520195 6.5573153 1260161789985
58.15105 50.644184 8.07945 1260161790002
56.5435 50.061974 9.375477 1260161790022
55.616325 49.858875 10.356703 1260161790044
55.53551 49.96593 11.138867 1260161790067
56.558735 50.367634 11.781924 1260161790081
58.5808 50.999252 12.342828 1260161790101
61.35176 51.74929 12.925687 1260161790126
64.334175 54.861828 13.479403 1260161790141
67.26746 57.818737 13.955432 1260161790325
69.50409 60.4778 14.207661 1260161790337
71.028885 62.75391 14.247277 1260161790348
71.87744 64.61621 14.034913 1260161790357
72.08357 66.1854 13.583167 1260161790369
72.029396 67.57613 13.0540085 1260161790377
71.87793 68.94733 12.501308 1260161790389
71.83403 70.24996 12.026243 1260161790395
71.79233 71.38747 11.574931 1260161790406
71.90271 72.0181 11.296185 1260161790417
72.20757 72.51719 11.131375 1260161790431
72.74719 72.84133 11.074806 1260161790445
73.509834 72.99927 11.121066 1260161790451
74.384346 72.89931 11.165012 1260161790463
75.06513 72.304344 11.106762 1260161790474
75.26188 70.83913 11.001424 1260161790488
75.04878 68.69717 10.8013525 1260161790497
74.64635 66.06231 10.611285 1260161790522
