2.2947767 8.595507 -15.591693 1260261174708
4.9491696 5.7569637 -15.573027 1260261174721
10.183794 2.9393868 -12.592434 1260261174729
15.222849 1.9926729 -7.2172747 1260261174742
16.898062 1.6290426 -0.9658809 1260261174754
13.35153 17.111906 -1.696729 1260261174763
11.621095 2.1064038 9.439562 1260261174774
9.599757 4.7396708 11.585099 1260261174783
-5.521145 14.417273 7.0175476 1260261174789
-11.044367 -1.6648574 14.785311 1260261174800
4.581491 1.2101791 7.4112806 1260261174809
-15.213451 11.30348 2.8509157 1260261174820
2.51444 -3.017117 0.6902298 1260261174858
-17.615494 14.960936 -2.6615763 1260261174867
-2.854034 -3.232974 -4.8210907 1260261174879
-4.053427 15.245243 -6.341466 1260261174889
-15.960066 6.2797785 -21.760061 1260261174901
-17.389277 6.046195 -19.005768 1260261174910
-11.963182 22.094818 -18.087412 1260261174922
-5.026005 12.749428 -5.3267 1260261174938
1.4723778 2.0068932 -10.682039 1260261174947
5.431706 4.309018 -10.084648 1260261174959
4.3579483 10.407353 0.44358635 1260261174968
0.21958232 9.777634 6.9782953 1260261174979
4.0110307 -4.330744 0.4314195 1260261174998
11.824633 14.361263 4.705859 1260261175007
3.9465992 -0.69893837 14.492775 1260261175019
-2.8067756 3.50876 11.202001 1260261175034
15.58065 12.527334 4.450926 1260261175045
8.565203 -5.6873875 8.115752 1260261175057
7.3014975 11.158602 10.738134 1260261175080
11.551876 -1.3679001 9.336895 1260261175141
