14.070246 -10.506895 0.13721085 1260256351347
8.380023 -12.801962 -3.310454 1260256351353
2.0606818 -15.914894 -0.5181904 1260256351367
-2.1385174 -17.381605 2.9505024 1260256351379
-1.0052576 -18.4249 3.2980635 1260256351389
5.782157 -17.789677 -0.64480805 1260256351401
14.694387 -15.857323 -1.3275952 1260256351407
16.97383 -14.683088 3.5392652 1260256351600
8.762259 -14.148051 6.153209 1260256351627
-3.0912814 -13.508272 1.9436469 1260256351651
5.1448884 -5.165227 9.759451 1260256351658
6.5274515 1.1335905 -6.88978 1260256351664
-10.608866 -0.16816115 7.434951 1260256351683
2.5925455 8.225938 10.162502 1260256351694
-8.247481 0.74967194 18.779602 1260256351703
-16.097471 -10.642151 13.100456 1260256351715
1.4687047 -29.079508 7.838787 1260256351724
3.2188327 -26.513485 -3.964185 1260256351738
0.04708028 -22.148354 5.085679 1260256351749
0.65978813 -7.6115313 -12.917147 1260256351759
1.6695738 -15.700308 -20.31215 1260256351770
0.32143164 -17.283186 -12.763404 1260256351777
-5.308762 -11.036181 -6.579039 1260256351795
-7.2349873 -1.7471361 1.7986007 1260256351803
4.5202065 9.183 -0.8976698 1260256351816
-13.985467 -4.858756 0.20016646 1260256351822
4.8648133 -14.872335 -4.2142706 1260256351842
9.555806 -10.430228 -5.4437323 1260256351856
14.645288 -18.530699 -7.4302645 1260256351864
16.892498 -32.773438 -11.857279 1260256351877
13.77001 -13.395458 -10.647317 1260256351888
7.9580564 -27.211952 -5.1501284 1260256351897
4.1742435 -9.898834 -18.608963 1260256351908
4.376921 -9.249174 1.863101 1260256351913
7.946183 -7.7783103 -1.6835294 1260256351933
-14.813097 3.0449479 2.582661 1260256351946
-8.494557 2.489468 3.700017 1260256351954
-0.68236065 3.4448178 17.345598 1260256351966
-10.23383 -16.840488 11.739885 1260256351972
-16.740814 -25.227535 10.239996 1260256351992
-14.051733 -18.175253 0.73912823 1260256352006
-7.436209 -21.826212 -7.849023 1260256352031
3.749696 -7.462455 -20.289509 1260256352052
16.259037 -20.148487 -28.175924 1260256352070
18.641335 -17.360853 -21.256508 1260256352090
11.593845 -2.3124132 -11.645853 1260256352296
-5.7503977 -14.04533 3.2533112 1260256352302
-17.760899 4.225314 14.600986 1260256352318
-7.8093195 -12.157518 17.93246 1260256352324
-18.986374 2.1612768 19.515022 1260256352337
-27.479685 -19.175049 18.880362 1260256352350
-15.067871 -23.26044 4.974452 1260256352359
-1.8068461 -13.288488 3.66118 1260256352371
3.7795768 -21.30523 -18.758589 1260256352381
2.8810875 -26.281305 -10.155608 1260256352394
-2.4972086 -23.680283 -30.675915 1260256352401
-5.4746037 -20.080326 -25.69269 1260256352416
-11.6649475 -13.658197 -13.721336 1260256352431
-10.406212 -15.021276 5.5462646 1260256352462
-3.7504873 -5.353997 11.760483 1260256352473
-10.363289 -12.5513735 13.922463 1260256352483
-13.765913 -16.192087 36.375885 1260256352490
-14.579927 -5.6752377 18.394579 1260256352507
-14.097365 -16.038124 5.5899544 1260256352521
-9.009211 -3.769929 -3.1141124 1260256352533
3.6114788 -22.991796 -10.152674 1260256352540
14.441165 -4.7628574 -21.295935 1260256352560
11.346851 -24.657516 -21.380713 1260256352580
1.0866342 -7.8942137 -12.572643 1260256352600
-5.831574 -12.662378 -12.569512 1260256352620
-9.1298485 -14.681969 -1.6919341 1260256352640
-10.346118 -15.847152 7.3087373 1260256352660
-9.928202 -18.106272 8.109812 1260256352680
-9.271523 -20.857372 3.7819266 1260256352700
-11.397332 -21.850986 6.0386677 1260256352720
-10.278439 5.923554 3.6236439 1260256352740
1.5642395 9.288723 1.8233156 1260256352765
-3.5954852 12.67627 12.241583 1260256352780
-17.743397 10.987288 8.920155 1260256352800
-15.948809 3.8223548 6.109606 1260256352822
-1.3148155 -10.082816 -6.3237715 1260256352840
5.6855564 -3.647849 -4.60187 1260256352860
8.868757 -30.559391 -9.333315 1260256352880
0.30752897 -26.126028 2.3738656 1260256353082
-1.1054597 -18.477156 -2.7620823 1260256353090
9.079805 -31.493616 -0.85443425 1260256353108
14.197065 -19.56846 -3.085222 1260256353122
6.963083 -4.472454 0.24574935 1260256353131
-0.70921904 -1.7536445 -6.6702666 1260256353142
5.72045 4.6005397 1.4447955 1260256353151
-15.447283 -5.0266256 4.601374 1260256353163
-7.498301 -4.144246 6.666821 1260256353170
-2.691454 9.859253 -0.53618526 1260256353187
-24.014843 13.522739 5.378332 1260256353197
-11.015054 -4.394698 3.7011647 1260256353203
-27.705723 -1.7798618 -9.823146 1260256353222
-22.485287 -7.933854 4.280224 1260256353239
-8.696902 -20.963501 -4.824066 1260256353249
-3.9034452 -11.677906 -6.316487 1260256353262
-1.5188847 -27.494684 -2.2699862 1260256353269
-2.0658007 -15.014847 -5.041164 1260256353274
-3.4775438 -32.374542 -0.17811286 1260256353297
-4.3257456 -12.556751 0.8640041 1260256353318
-4.3439465 -13.757822 3.1823816 1260256353328
-4.708065 -27.259483 -8.221169 1260256353340
-5.925632 -27.64014 5.892156 1260256353361
-7.4685974 -12.115949 -4.1475353 1260256353380
-8.40916 -26.806196 -10.133406 1260256353400
-7.1545777 -18.13394 7.862337 1260256353420
-3.9586978 -6.1287704 -5.949594 1260256353442
-0.3813715 -4.3650203 3.4424906 1260256353460
2.5226383 -13.092527 4.3415575 1260256353480
4.31701 -18.114567 2.218145 1260256353499
4.8260565 -14.913904 -0.6478138 1260256353526
4.0384007 -4.061682 -4.322613 1260256353539
2.0219138 5.120324 1.542182 1260256353563
