-3.8772354 0.32764816 -4.082922 1260255900361
-3.209612 18.209415 -1.4027276 1260255900371
0.84481597 12.112761 -5.526254 1260255900382
10.942436 -1.9923701 6.0654697 1260255900392
6.545952 8.6960535 1.9625826 1260255900403
-8.921528 10.821859 14.10729 1260255900413
0.21428666 -4.9435687 15.240939 1260255900424
7.8590994 12.532914 8.737079 1260255900432
-8.497028 2.5809965 13.39149 1260255900444
-2.4524446 -3.5547369 -3.7456746 1260255900452
6.610323 12.9982815 -3.8869867 1260255900463
-10.62041 2.3042498 -2.1772022 1260255900470
-5.314676 0.08638096 -4.956666 1260255900484
4.721017 18.854042 -16.484425 1260255900493
-9.750683 3.0765886 -15.225458 1260255900532
-16.357792 19.69541 -17.751184 1260255900544
-2.2082405 8.80442 -27.863014 1260255900553
-2.8247952 21.25689 -27.448338 1260255900564
-16.326744 6.0062523 -17.656263 1260255900573
-13.9082985 23.208048 -18.556797 1260255900586
0.38667154 2.5442019 -10.55777 1260255900592
-1.5686688 10.558489 -0.76763344 1260255900603
-14.718573 -10.918188 0.2401948 1260255900615
-8.77597 -25.485886 10.296071 1260255900681
-1.911583 -31.390059 20.769583 1260255900690
1.646193 -30.418201 23.893574 1260255900702
-0.21888924 -17.289917 30.968561 1260255900709
-9.430603 0.43299198 22.311447 1260255900728
-18.754997 -11.199892 15.443129 1260255900739
-2.1755342 6.326857 3.179409 1260255900749
-20.092144 1.461995 2.4331832 1260255900755
-14.35985 -1.2925377 -7.567814 1260255900766
-5.641184 21.51308 -14.54539 1260255900944
-2.945693 15.061799 -25.038338 1260255900967
-2.4551525 19.329565 -31.244349 1260255900974
-1.9883537 23.642317 -24.271784 1260255900984
-1.7818613 13.46089 -34.667873 1260255900994
-1.3148847 21.499363 -21.770111 1260255901006
-0.76509285 3.546576 -28.136902 1260255901015
-1.8582006 14.426125 -11.461137 1260255901028
-4.891249 4.057023 -8.885332 1260255901039
6.9513826 -4.5436163 10.149729 1260255901048
14.5030155 -10.60158 14.163504 1260255901054
7.6248946 -9.429731 22.689259 1260255901066
-2.1760035 -15.414234 24.435808 1260255901085
-2.5252652 -4.4864616 26.36929 1260255901094
-1.5983356 -4.030115 10.834391 1260255901106
-5.3966208 3.7417378 2.1295166 1260255901112
-11.701309 3.9883518 2.504907 1260255901123
-15.738393 24.329933 -1.4575579 1260255901132
-13.368185 5.521924 -0.53375816 1260255901148
-3.2650847 22.73005 -5.101534 1260255901164
-4.560868 1.8910284 -1.4860661 1260255901171
-21.079302 15.627706 -7.5542173 1260255901183
-14.690847 8.515172 -13.929901 1260255901194
-2.3046188 6.279063 -4.0523477 1260255901207
-3.1584182 13.13866 -1.6787057 1260255901223
-2.5860248 7.3203764 -18.557735 1260255901239
6.9107656 6.9328384 -5.461302 1260255901252
5.0934973 12.701834 -0.24150562 1260255901271
18.6549 5.4326067 0.46219683 1260255901285
4.721506 -1.9909854 1.193039 1260255901307
25.623203 -8.063366 10.649094 1260255901322
13.421254 -7.5745554 5.549695 1260255901344
6.9108086 -1.6660347 10.80148 1260255901366
19.698658 -10.398839 8.899959 1260255901388
1.5808878 8.855372 0.18396664 1260255901403
-7.992152 0.63837576 0.3962652 1260255901428
-7.468603 13.525009 -11.9709835 1260255901448
0.010371208 -1.0626211 -10.738448 1260255901467
3.1767936 20.291931 -14.753317 1260255901482
-4.970677 4.41252 -10.710024 1260255901669
-16.650316 17.051025 -23.782213 1260255901681
-19.182343 9.011062 -24.326702 1260255901690
-11.331533 8.233124 -12.579596 1260255901701
-2.7873764 13.819952 -29.091583 1260255901711
1.160655 6.9858093 -21.597235 1260255901722
0.020752907 9.556828 -11.880846 1260255901732
-2.9245317 11.34362 -24.153614 1260255901743
-4.050715 -2.2492466 -6.5984926 1260255901750
-3.9797683 12.939562 -4.5738153 1260255901769
6.9827385 4.375186 7.101089 1260255901781
11.47511 -2.5572534 7.5130424 1260255901792
9.635103 -3.853635 5.4060287 1260255901803
1.6691976 1.1949687 8.425617 1260255901810
-4.155214 3.3812883 12.302313 1260255901823
