-7.12502 -4.48335 -9.799345 1260255821826
7.033332 -4.8813734 -13.252797 1260255821832
0.19249856 1.3374505 -6.7555914 1260255821867
-1.9969385 8.26161 -29.471813 1260255821883
12.190735 11.041056 -19.964354 1260255821890
-4.930538 10.211175 -18.051392 1260255821903
2.541585 5.2893744 -31.630352 1260255821915
11.968208 -0.28944302 -20.401512 1260255821932
-4.117135 3.5951033 -24.49986 1260255821948
-3.6988745 11.763199 -6.9169703 1260255821969
9.6710415 -8.6631 -2.220296 1260255821982
-1.4866192 -18.812141 -1.64505 1260255822004
-9.9101 -27.977142 11.206181 1260255822028
5.6835814 -17.267027 17.768963 1260255822042
-4.263899 -19.681818 15.333936 1260255822064
-12.6659355 -15.329521 21.91458 1260255822091
2.9631848 -12.581812 29.9631 1260255822112
6.1717496 5.0326557 18.494576 1260255822121
-6.6615696 -8.743736 15.508193 1260255822149
-4.436779 -1.1775959 9.8725195 1260255822161
6.430173 -3.9913633 -2.0544395 1260255822181
9.952012 -1.9201474 -17.109566 1260255822201
5.1957464 2.0729356 -28.118073 1260255822227
-2.6283798 9.666623 -35.55094 1260255822240
-7.5765743 19.791916 -32.171295 1260255822261
-7.9177575 23.386692 -29.814852 1260255822281
-3.4477782 10.671342 -35.637024 1260255822301
3.8070016 0.36849213 -21.236055 1260255822321
8.700434 9.675926 -16.594568 1260255822340
8.518619 12.591733 -10.307045 1260255822360
12.086699 7.4477186 -3.3277073 1260255822560
11.387524 -1.3517437 7.6543097 1260255822573
11.687488 -15.460941 20.862236 1260255822584
12.212536 -31.74055 23.611444 1260255822593
11.220041 -25.473242 13.171096 1260255822605
8.599284 -8.149401 27.283459 1260255822614
3.8812099 -17.546959 14.834833 1260255822627
-1.9770799 -1.665066 18.35647 1260255822635
-5.8211565 7.130316 7.774393 1260255822648
-7.4409175 -1.5195074 0.7627214 1260255822654
-2.6627355 19.692734 1.1405835 1260255822668
6.19162 6.6249743 -9.615288 1260255822685
0.76261735 7.1284065 -14.07892 1260255822694
-15.446356 17.78059 -5.539039 1260255822706
2.5033293 7.07197 -6.242146 1260255822712
-17.508984 -4.347622 -3.9283907 1260255822732
2.6175156 -7.713088 -4.211463 1260255822743
-10.746423 1.4956088 -14.339481 1260255822750
-12.946288 12.314573 -8.01002 1260255822769
-9.333549 -1.5042999 -8.500203 1260255822781
4.436921 -0.71931076 -19.215069 1260255822792
18.430971 13.3873415 -11.244141 1260255822811
11.081345 -4.9546432 -0.79009676 1260255822823
24.215397 -14.649059 -4.3400555 1260255822844
12.519446 -18.445835 8.942064 1260255822869
22.891447 -22.392754 20.544624 1260255822882
26.734734 -19.15754 17.015415 1260255822906
22.349794 -8.5788355 12.054712 1260255822926
10.025386 -8.886919 17.600914 1260255822943
-1.3829708 -16.683552 3.1684365 1260255822965
4.9916363 4.3925757 2.0472271 1260255822986
2.6521733 -3.3451838 -17.396725 1260255823009
-5.2144475 -8.15815 -14.705823 1260255823021
-9.595413 -6.132473 -16.254963 1260255823045
-6.5950894 -3.7271686 -17.912725 1260255823066
1.1377755 -0.10763359 -16.393574 1260255823088
7.714403 7.216215 -19.8717 1260255823103
9.046282 15.09309 -26.538805 1260255823125
4.5856023 13.487638 -18.683514 1260255823322
-2.5193672 0.22242928 -11.287549 1260255823334
-7.0043297 -6.894464 -18.16452 1260255823350
-6.506399 2.1714907 -16.798454 1260255823362
1.151325 -7.013427 -14.397007 1260255823369
8.820967 -9.023174 -6.6806784 1260255823375
11.403545 -17.680885 1.7489452 1260255823384
12.772078 -27.274178 10.219604 1260255823391
14.072737 -27.098076 19.648117 1260255823400
16.575575 -8.861784 17.257635 1260255823407
17.326591 -8.741306 13.960918 1260255823413
