-7.0923715 -12.968504 3.5533109 1260255504552
-6.7839675 -10.927742 -0.727335 1260255504592
0.41157532 -14.179678 3.434874 1260255504599
7.987411 -9.9575615 0.9975724 1260255504618
11.020943 -8.2258005 -6.1661015 1260255504629
14.198619 -7.460105 -13.877262 1260255504641
15.586641 -5.25602 -19.47667 1260255504656
14.233757 -1.5258555 -20.228975 1260255504678
9.944135 4.3018603 -18.786001 1260255504691
-0.2398596 3.6857338 -24.087622 1260255504712
-14.711575 -16.930775 -9.484302 1260255504730
-2.0009031 -15.671382 -3.27932 1260255504754
-9.254909 -9.231964 16.154526 1260255504771
-23.319103 -21.376215 18.52596 1260255504796
-19.724281 -35.49193 27.938126 1260255504811
-7.091286 -25.068708 15.565668 1260255504831
1.8706636 -9.287839 20.598509 1260255504850
4.71197 -10.341456 14.840841 1260255504870
3.092525 -17.533817 6.671129 1260255504896
-1.6710432 -16.85875 7.5048738 1260255504911
-5.970013 -3.8776999 -8.724703 1260255504933
-5.7646832 -13.277727 -4.755317 1260255504950
-3.8518875 -0.56378675 -4.713893 1260255504971
-0.34562624 6.633413 -21.292078 1260255504990
4.4135885 -3.9761999 -33.40154 1260255505011
9.645346 -11.069812 -23.834562 1260255505035
12.931684 4.367711 -23.618015 1260255505051
13.754785 1.3296335 -27.576641 1260255505073
12.30147 -10.933454 -22.284157 1260255505091
10.344605 -16.234463 -9.752835 1260255505290
9.659825 -27.012674 1.4637032 1260255505302
10.2898245 -19.150011 12.484179 1260255505311
11.41618 -23.99061 23.278831 1260255505323
12.14676 -28.257605 21.341433 1260255505329
11.472643 -9.06002 23.82759 1260255505343
9.115437 -19.749401 12.553627 1260255505350
4.5851984 4.8828125 11.02447 1260255505361
-3.0577688 -7.22752 -3.6573536 1260255505370
6.832196 -5.3304906 3.9243574 1260255505389
1.0183473 5.2095747 -11.522995 1260255505400
-13.183556 11.248856 -4.2128716 1260255505407
2.173726 3.0043805 -0.9310963 1260255505420
-18.130705 -3.8758414 -6.1850195 1260255505428
0.57193184 -4.4989915 -3.3048043 1260255505443
-15.866186 0.4170549 1.7608352 1260255505455
-13.002498 6.327584 -6.8874846 1260255505466
-3.783599 -6.3778124 3.4753509 1260255505485
-4.7541895 -1.2257652 -10.144072 1260255505494
-7.755277 -12.710061 0.8438025 1260255505509
1.9904349 -17.1284 16.845787 1260255505530
14.257711 -17.993126 17.679108 1260255505543
14.690985 -17.058432 15.425487 1260255505564
4.985895 -14.811679 17.213339 1260255505586
-4.5145392 -11.438913 10.172095 1260255505601
-7.159086 -5.97989 1.9034979 1260255505625
-7.346795 -19.331264 -3.7190478 1260255505645
-8.331449 2.3730092 -7.0625815 1260255505670
-9.930106 0.41861057 -19.257986 1260255505682
-11.310226 -11.417838 -17.474892 1260255505705
-12.1150055 -3.1368089 -13.267197 1260255505724
-12.6863365 5.8777947 -18.903158 1260255505740
-12.987112 -13.784532 -18.20095 1260255505765
-13.144764 3.8157434 -17.673805 1260255505780
-13.45125 -16.571478 -16.696028 1260255505801
-12.9979515 0.7617779 -12.743729 1260255505820
-9.597683 -7.996619 -19.702806 1260255505841
-2.53934 -17.576822 -11.194325 1260255505867
1.5435042 -5.695566 6.237776 1260255506050
2.4553604 -28.259369 14.105311 1260255506059
2.5328646 -11.872989 19.171444 1260255506066
3.8470697 -27.224245 19.565136 1260255506072
5.37688 -20.414223 16.335548 1260255506081
6.403036 -8.534435 14.274037 1260255506088
6.7447753 -21.01013 12.93388 1260255506094
6.2658386 -20.288746 3.018244 1260255506103
5.7410526 -9.513895 -2.4359334 1260255506110
