3.206 2.0683312 5.3909087 1260255931862
-0.36368823 -4.668102 -1.5952082 1260255931874
-5.764453 -15.30575 3.3318307 1260255931883
-7.137362 -16.735207 5.232085 1260255931900
-2.2773824 -5.898945 -2.435307 1260255931932
6.869803 1.826705 3.227379 1260255931941
9.948546 -0.48773384 10.3604555 1260255931956
12.589586 -6.7474384 6.482178 1260255931965
9.787529 -12.09401 0.7602129 1260255931978
3.1638546 -15.939568 2.357161 1260255931993
-3.5808232 -16.968191 6.4570885 1260255932002
-6.0981655 -16.78019 6.6063075 1260255932015
-3.0700705 -11.97001 -0.9181051 1260255932037
4.9758334 -2.7639036 -4.5473757 1260255932053
10.626044 2.5350132 3.5988228 1260255932075
12.777412 -7.173139 0.23907638 1260255932096
8.7879715 -0.49824524 5.5818477 1260255932119
-0.07979822 -16.990677 -1.075966 1260255932132
-5.0691867 -4.167471 -6.957828 1260255932155
-3.7910085 2.6032205 -8.964958 1260255932177
0.8620224 -7.8760357 -18.265009 1260255932192
5.449476 -15.376017 -9.713105 1260255932213
9.396698 -3.042796 -3.1870537 1260255932237
11.945878 -0.86480427 -14.943235 1260255932258
12.776413 -11.781312 -3.2232141 1260255932272
12.153027 -16.740936 -1.8648756 1260255932296
10.301863 -19.936497 4.97798 1260255932318
6.1325645 -15.610446 16.79855 1260255932334
0.63279665 -6.5956182 17.683283 1260255932353
-3.5028567 -6.256666 7.579855 1260255932377
-5.6182284 -13.151256 3.4615507 1260255932394
-6.123564 -18.340284 3.4413366 1260255932579
-5.515749 -19.606426 2.7928278 1260255932596
-3.0103023 -18.751495 1.6336794 1260255932605
2.8298373 -17.384407 1.0972561 1260255932617
11.596537 2.901492 -4.9424276 1260255932625
14.519518 -14.68581 -5.4536223 1260255932637
10.2185955 0.04401064 -16.589914 1260255932645
3.6743796 2.2992277 -2.5045695 1260255932657
-2.0043945 -12.824833 -10.398737 1260255932664
-3.1549697 5.6758604 -6.830926 1260255932674
3.7750976 -14.801613 -1.9687767 1260255932693
9.74398 -12.708851 -8.430181 1260255932700
10.523527 -19.938309 7.1072164 1260255932712
9.759443 -8.9160595 12.2278185 1260255932720
8.612459 -6.1124487 1.2758245 1260255932733
6.721383 -18.140272 -2.6582408 1260255932744
6.08519 -21.270348 7.241368 1260255932756
7.476025 -9.52391 12.16156 1260255932774
5.7612042 -0.12263203 6.5378227 1260255932789
6.5143394 1.2629924 -3.0158238 1260255932802
7.5448823 -4.6744013 -7.816104 1260255932815
5.1643276 -9.729292 -8.60699 1260255932836
4.742484 1.5525794 -6.7880297 1260255932858
1.8822916 3.0158381 2.5080276 1260255932873
-1.7958735 -5.6681714 7.654193 1260255932895
-3.0103364 -15.062643 -1.2983041 1260255932917
-1.0281475 -7.1569877 -11.408789 1260255932934
3.4485264 2.8031583 -4.5590234 1260255932953
8.219799 -2.1525693 7.071373 1260255932976
10.237577 -2.0435085 -1.8711541 1260255932998
10.132566 -16.043648 -4.0023355 1260255933013
8.549385 -24.64089 4.4728475 1260255933035
6.2900743 -19.106966 13.781507 1260255933057
4.5895023 -7.938773 12.156513 1260255933074
3.3315108 -2.0709572 2.6373446 1260255933092
3.0860353 -3.6507215 -5.960848 1260255933114
3.448369 0.36983013 3.550159 1260255933139
5.449515 -11.254452 6.561532 1260255933152
7.8268147 -13.590783 -9.639898 1260255933343
9.883104 3.3735156 -6.363655 1260255933355
11.456072 -9.299196 0.30139828 1260255933364
12.720802 -12.319466 -9.064155 1260255933377
13.5949 3.366485 -6.5361195 1260255933388
14.002264 -10.880348 -6.5216136 1260255933397
13.770228 -12.922165 -5.488639 1260255933403
13.200057 0.40440035 -3.618888 1260255933414
12.627299 2.1248598 -3.153159 1260255933423
12.0199175 0.60280895 -0.12277785 1260255933437
8.747433 -10.774533 -4.039529 1260255933452
2.3987749 -23.18327 5.0805707 1260255933462
-5.237802 -13.655345 13.020762 1260255933471
-8.264536 -5.1765795 5.2195463 1260255933478
-7.764652 -11.664654 6.873705 1260255933492
