-5.287984 -0.59893894 1.5402617 1260256323323
-2.5890665 1.5846376 0.70551395 1260256323332
0.43114543 2.5454931 4.4822626 1260256323345
4.8903933 1.3693995 8.613323 1260256323352
8.775447 -0.7700343 10.898596 1260256323389
12.027716 -4.2754745 9.474308 1260256323401
14.049435 -7.7085314 5.997223 1260256323408
14.040566 -11.073263 1.7850375 1260256323422
12.505701 -13.853838 -0.5853367 1260256323433
9.037121 -14.276222 -1.7614608 1260256323444
3.893557 -15.047264 -1.5315857 1260256323463
-1.2246685 -15.432916 0.32740808 1260256323470
-3.7093883 -15.38129 3.4755793 1260256323487
-1.4657936 -15.166744 7.1624928 1260256323503
4.793311 -15.001934 9.285383 1260256323531
12.485309 -15.142872 7.7323556 1260256323543
16.372297 -15.800049 4.01989 1260256323563
15.509247 -16.172722 0.6202532 1260256323589
10.470233 -15.05637 -1.3257444 1260256323602
6.5023856 -14.440748 -0.3796649 1260256323792
10.092972 -6.6816897 1.5376008 1260256323804
-1.1508318 5.116806 14.0299 1260256323812
-12.754543 3.5027986 13.076578 1260256323823
2.667315 -2.5457268 16.475729 1260256323833
2.2079365 -9.214524 13.806132 1260256323845
-6.200118 -24.81979 14.95125 1260256323853
-6.9721227 -24.779118 -4.6814713 1260256323865
-4.062227 -17.676083 -3.5884414 1260256323872
-0.38674498 -2.94812 -12.431313 1260256323891
3.8913243 -9.491711 -19.79086 1260256323902
6.5938964 -11.448826 -13.310757 1260256323909
2.5845203 -1.8816094 -16.293966 1260256323924
-10.761549 8.5579815 -2.9295988 1260256323931
2.6228507 7.2443333 4.0664673 1260256323951
-12.079872 -0.4314556 3.1893585 1260256323962
-0.30183697 -1.5212659 1.5611043 1260256323971
-1.7277052 -7.2475696 -16.333359 1260256323989
-1.7184637 -24.371365 -10.60683 1260256324000
3.691324 -19.078825 1.6596994 1260256324011
10.6094675 -20.807898 -14.123933 1260256324031
16.153906 -33.78228 -1.3304882 1260256324042
16.086407 -12.312746 -1.3485185 1260256324063
13.848072 -15.027746 -1.7672049 1260256324085
11.193179 -19.629963 0.70290905 1260256324101
9.748441 -11.871597 2.840556 1260256324124
-7.51074 7.9878454 -5.5338626 1260256324145
-6.396736 -5.6153994 -1.2523388 1260256324168
0.5229416 10.717613 -5.893691 1260256324182
-9.172048 -3.5693693 -13.089197 1260256324204
-5.901108 -25.223736 -8.604647 1260256324226
-1.3127787 -16.244228 -1.751205 1260256324242
3.7047272 -25.225441 -19.782103 1260256324264
6.215842 -26.245453 -3.8003292 1260256324285
2.815338 -4.6350145 -10.345549 1260256324308
-2.7588506 -11.379669 -17.54203 1260256324321
-12.787139 -12.018436 -4.2644267 1260256324345
4.6670804 9.534794 4.2560673 1260256324366
-3.505057 -6.198787 14.760574 1260256324552
-18.994244 11.862628 15.739975 1260256324567
-22.085579 -9.163357 25.393574 1260256324581
-12.633074 -9.963545 16.224737 1260256324588
-16.570587 -2.5127764 26.361681 1260256324599
-33.31667 -4.8797064 14.7189 1260256324609
-24.12284 -9.465925 5.8531895 1260256324620
-9.892546 -28.008743 -0.67608833 1260256324629
-3.3662548 -28.713097 -25.756369 1260256324640
-2.8832345 -17.661636 -20.875448 1260256324650
-6.775131 -33.62182 -22.678423 1260256324667
-6.8748064 -20.447138 -21.9705 1260256324678
-2.37387 -13.079477 -30.61333 1260256324688
-0.23630893 -23.175755 -16.578403 1260256324699
-4.0803494 -0.5657902 -9.71468 1260256324713
-17.01994 -7.926706 -11.455732 1260256324725
-1.3172951 -10.81316 -3.8986392 1260256324733
-11.734928 1.7944214 -1.6716166 1260256324748
-20.322174 -8.944662 22.97185 1260256324762
-21.297714 -4.2892704 18.736273 1260256324773
-19.00246 -25.7613 18.166277 1260256324787
-14.162688 -35.10963 14.324227 1260256324805
-7.2666187 -32.640102 3.3771899 1260256324828
3.5600986 -16.775599 -12.700552 1260256324841
12.078354 -17.169378 -15.400937 1260256324864
4.908285 -6.882003 -13.994999 1260256324883
-3.921627 -20.404133 -26.129942 1260256324909
-4.24956 0.49086046 -16.877537 1260256324922
-12.576393 -11.220692 -15.625326 1260256324945
-13.849148 -8.333213 -6.156892 1260256324966
-8.769766 -8.50893 22.463104 1260256324980
-5.4559655 -28.51086 18.372957 1260256325004
-2.3621092 -14.830484 13.226202 1260256325024
0.20649862 -9.101758 14.658984 1260256325048
3.2205625 -8.044251 -4.819423 1260256325061
-0.0029770136 -24.194033 -11.211654 1260256325084
-4.888332 -6.0910444 -18.946241 1260256325107
1.9770613 -25.610317 -20.997559 1260256325122
8.755781 -8.635356 -24.765535 1260256325310
0.2216556 -3.8523383 0.061351776 1260256325323
-19.892868 -13.879837 5.2096415 1260256325332
-16.554737 3.8523884 12.221601 1260256325344
-7.184067 -18.371658 16.981466 1260256325351
-0.9600744 -12.5789 9.129965 1260256325362
4.2665257 -29.189278 -2.5761168 1260256325371
6.1702566 -30.731167 -4.442649 1260256325382
-0.6755483 -17.39349 -14.872727 1260256325389
-4.965609 -25.878391 -14.738569 1260256325408
-1.7656832 -31.844753 -12.772493 1260256325419
-3.5329804 -21.128548 -15.810152 1260256325429
-15.292505 -3.490611 -3.3829226 1260256325440
-10.532018 -13.4161415 -1.6532202 1260256325449
-4.223241 -4.3809614 4.841957 1260256325468
-18.727951 11.01273 3.677578 1260256325479
-22.748703 15.975415 9.3121 1260256325488
-5.9462366 -4.153264 1.9106026 1260256325502
-4.761495 1.9429331 4.5893946 1260256325514
1.6674595 -24.728424 -1.4080534 1260256325528
8.01313 -22.932127 -4.714581 1260256325547
0.27729642 -18.34985 -14.264713 1260256325563
-6.8160105 -32.20766 -10.28166 1260256325580
-3.3390274 -28.414549 -15.54101 1260256325604
2.9986386 -10.745651 -11.588892 1260256325627
4.821081 -5.366962 0.87697077 1260256325641
-0.2074666 -16.145441 4.9453983 1260256325663
-15.705949 6.1344995 0.9577419 1260256325687
-0.23384953 0.5569415 -3.4416513 1260256325704
-7.121043 -4.9645753 4.6762776 1260256325722
-23.220333 4.8062305 3.5310318 1260256325746
-9.427807 12.1639805 -1.5539427 1260256325768
-23.760633 4.427709 6.6346345 1260256325783
-21.99532 3.0058265 -2.6712832 1260256325801
-14.509912 -18.396992 7.4726954 1260256325826
-14.715459 -12.215397 -7.4443164 1260256325843
-17.487053 -33.72889 -1.5707805 1260256325861
-17.087841 -19.171276 -5.9210687 1260256325884
-14.336551 -21.998352 5.744119 1260256326079
-11.331355 -31.219456 -6.0861917 1260256326089
-7.758038 -12.029764 -5.3103995 1260256326102
-2.1839705 -18.527412 7.6069565 1260256326109
1.8980985 -28.1405 -0.7420518 1260256326119
3.432207 -14.146178 0.010463744 1260256326125
3.296967 -4.2160482 -1.8055463 1260256326132
3.3577247 -2.0194817 2.3394065 1260256326141
3.942222 -8.212351 6.212784 1260256326148
3.2553644 -15.062269 7.4605255 1260256326161
0.17382622 -16.547586 0.9749117 1260256326168
