-2.1597323 12.509255 -6.5936604 1260261159150
-2.449792 13.723294 -7.984149 1260261159159
-1.9035416 16.669296 -6.940747 1260261159171
-1.1838698 18.557072 -0.67793 1260261159178
-3.4242148 -1.3373842 -0.19892478 1260261159212
-8.320558 10.938982 5.5188446 1260261159227
-3.180991 11.367283 14.135707 1260261159234
7.5509377 -4.249225 7.107497 1260261159246
-9.960852 2.3669415 13.818002 1260261159258
-0.011918545 12.687231 6.3160443 1260261159273
-14.809217 -3.3232353 -1.2273219 1260261159279
2.2718177 6.010207 1.222526 1260261159293
-17.790112 0.7857375 -2.8561044 1260261159312
-0.7396631 1.6992059 -11.692847 1260261159326
-15.00677 10.768217 -19.360704 1260261159348
-20.426453 -3.8257961 -15.648683 1260261159370
-6.6013255 13.371286 -23.129108 1260261159394
-2.839367 12.5701475 -22.563566 1260261159406
-8.543595 -0.71218204 -22.136507 1260261159430
-12.683319 8.492088 -12.668087 1260261159451
-11.758511 20.03793 -18.57422 1260261159636
-8.56036 18.675116 -23.282 1260261159648
-0.06470764 10.713493 -26.010769 1260261159657
14.423246 -0.027679443 -15.307146 1260261159668
6.9437428 -1.5920458 -15.5591755 1260261159678
11.717891 10.93014 -1.2617302 1260261159689
1.748745 -9.556721 0.45100087 1260261159696
18.252316 -10.734861 3.0125623 1260261159707
10.763211 -11.238368 8.0864725 1260261159716
0.90180635 -6.6989093 3.12105 1260261159734
-1.9367638 6.8291965 3.1868534 1260261159779
3.011763 4.8301287 16.538868 1260261159834
4.09542 1.0422394 11.07865 1260261159894
-15.014582 -1.6411257 1.4535841 1260261159952
-1.4797573 8.257884 -11.87693 1260261160069
0.9360423 17.79486 -11.765144 1260261160075
-9.387936 3.0465078 -11.931206 1260261160104
-15.94198 21.45942 -12.638542 1260261160117
-15.735009 15.078993 -15.045378 1260261160132
-12.063784 6.7690306 -22.393425 1260261160154
-8.171213 22.688694 -19.591898 1260261160178
-5.5849237 7.998786 -7.6931877 1260261160186
-5.675328 2.7945776 -19.010962 1260261160205
-6.8393307 16.924168 -12.387822 1260261160223
-2.1928723 -0.49499035 -15.274836 1260261160238
13.620931 0.82796144 -1.7884448 1260261160248
-2.5590453 10.474309 1.1163182 1260261160266
5.378151 -0.36836314 -6.93991 1260261160285
13.790934 -7.8110437 4.8136306 1260261160300
8.720921 8.384771 -0.10798597 1260261160309
4.0744686 4.904188 17.284836 1260261160316
3.155406 -3.3260243 1.594737 1260261160325
5.5694747 12.355198 12.006876 1260261160332
8.570117 -3.045206 5.509758 1260261160338
9.282043 6.077543 4.1608677 1260261160348
8.178045 16.021385 3.0687726 1260261160355
9.314961 16.456898 3.3797636 1260261160364
12.015992 14.521594 -1.3022277 1260261160370
11.757179 1.3915253 0.85064936 1260261160515
6.774189 4.6538258 -12.584057 1260261160525
-1.6149564 17.628208 -3.2452974 1260261160531
-3.2362118 -1.6785898 -7.0608287 1260261160538
6.558593 11.745369 2.1057162 1260261160549
15.917051 5.591794 -9.645935 1260261160557
13.17782 1.2885637 -13.697017 1260261160566
2.8945246 13.857033 -2.7560754 1260261160573
-2.535222 -4.6281276 -7.3496413 1260261160579
2.6894436 12.0978565 -1.3200254 1260261160588
12.05458 4.3573694 -15.065631 1260261160594
16.282055 -3.338859 -6.449222 1260261160604
12.99453 13.273373 -10.265198 1260261160610
6.338509 7.7643576 2.6908674 1260261160616
0.25176764 -3.9801288 -4.8376374 1260261160626
-3.2283897 2.4896774 -9.983858 1260261160632
-3.9803743 14.089732 -5.908224 1260261160638
-2.266471 12.633044 -10.418688 1260261160648
1.3497453 0.40508604 -14.071384 1260261160656
6.178499 -4.594624 -3.5050914 1260261160665
9.891657 5.2889075 2.2503233 1260261160671
12.438977 13.919334 -4.9591913 1260261160677
14.067541 9.125921 -8.9644375 1260261160686
14.607481 -2.3795168 -6.2726893 1260261160692
14.209343 -5.139485 -7.4826884 1260261160706
12.026567 3.6118343 -13.863979 1260261160728
8.49535 12.779206 -10.7900505 1260261160746
8.440868 12.724725 -10.6810875 1260261160763
4.554015 11.371443 -0.39211893 1260261160787
1.0268426 1.2352726 1.762713 1260261160807
-1.8053985 -5.595856 -4.8714705 1260261160828
-3.3057609 -3.503849 -9.468717 1260261160847
-4.0969014 4.53091 -7.776303 1260261160867
-4.107046 11.567771 -5.2938414 1260261160903
-3.085639 13.476051 -7.3207355 1260261160909
-1.4587975 9.331564 -12.2539835 1260261160926
0.15817356 2.873581 -14.753256 1260261160947
0.13093281 2.9008217 -14.657913 1260261160962
1.8951011 -2.5471516 -13.117771 1260261160987
3.7318265 -5.459758 -8.54067 1260261161129
5.4499035 -5.3192673 -3.5266232 1260261161136
6.6409416 -3.1851182 0.09924698 1260261161145
7.327056 0.15905237 2.2355404 1260261161151
7.982084 3.946515 2.812902 1260261161157
8.633775 7.6306515 2.0598273 1260261161171
9.174265 10.6839485 0.23115158 1260261161177
9.686792 12.844517 -2.134647 1260261161186
10.214058 14.050343 -4.73281 1260261161192
10.649109 14.18762 -7.278269 1260261161198
11.516665 13.552688 -9.405784 1260261161207
12.205957 11.848292 -11.109478 1260261161226
12.803377 9.957274 -11.728184 1260261161248
13.314607 7.9203677 -11.82235 1260261161272
13.664265 6.1990805 -11.269813 1260261161286
14.076891 5.0833635 -10.561932 1260261161308
14.382128 4.035757 -9.898924 1260261161326
14.61384 3.5803106 -9.183428 1260261161347
14.59321 3.6161695 -9.028884 1260261161368
14.434599 4.1836915 -9.418652 1260261161386
14.044937 5.2908125 -10.247458 1260261161408
13.653762 6.7082067 -10.912304 1260261161426
12.929594 7.960342 -11.764044 1260261161448
11.689487 9.59782 -12.556763 1260261161466
10.415289 10.955894 -12.867452 1260261161486
8.486528 12.459395 -12.439798 1260261161508
6.462854 13.553462 -11.305117 1260261161526
3.9877658 14.374591 -9.769026 1260261161547
0.6391089 15.044079 -7.506286 1260261161567
-2.1720185 15.194462 -5.05581 1260261161587
-5.003279 14.529817 -3.696271 1260261161606
-6.5503416 13.152126 -4.8825507 1260261161627
-6.189378 11.437315 -8.390436 1260261161647
-4.0486894 9.163532 -12.322178 1260261161668
-0.3784957 5.746862 -15.175951 1260261161687
4.207583 1.8479004 -14.52355 1260261161706
9.343291 -0.9414778 -10.040887 1260261161737
12.185883 -1.730753 -6.5715146 1260261161751
10.338179 0.7007408 -10.327391 1260261161771
