10.30441 -4.70271 5.974237 1260255541133
10.075548 -10.352403 -1.7690494 1260255541173
9.726896 1.8535275 -3.095272 1260255541180
9.93809 0.7515273 -5.350646 1260255541193
9.489753 0.34439135 -7.5834885 1260255541204
7.6373005 -0.3873973 -8.309938 1260255541217
4.674073 0.22950363 -11.476448 1260255541237
0.80564713 -0.80096364 -13.887009 1260255541260
-2.6398625 -1.6163785 -15.724285 1260255541273
-5.1727133 -2.5474417 -16.153713 1260255541294
-7.234206 2.1649926 -12.556622 1260255541318
-6.539373 -5.3347764 -2.024558 1260255541332
3.455823 -5.6515765 -4.049275 1260255541351
-6.1588297 -8.808505 14.510271 1260255541376
-20.29132 -13.802466 16.901415 1260255541391
-23.624397 -21.51033 25.643692 1260255541410
-16.682573 -27.605963 33.689148 1260255541431
-6.582772 -30.212751 25.569584 1260255541451
0.58537483 -25.173878 15.837384 1260255541471
2.774691 -14.722712 15.429242 1260255541491
-1.7535443 -8.344237 15.808653 1260255541518
-8.887476 -11.303177 8.239665 1260255541532
-8.575796 2.3370275 -9.37731 1260255541724
-2.5805857 -6.663081 -21.309753 1260255541743
6.751693 -12.232086 -21.801634 1260255541755
14.304597 -9.230918 -21.798325 1260255541764
13.893838 2.4504395 -31.865608 1260255541777
7.299864 9.087559 -26.432686 1260255541785
-0.48684454 -4.7750826 -17.96147 1260255541794
-5.7248716 -8.536093 -27.086075 1260255541803
-8.299916 -4.4609947 -10.232911 1260255541813
-8.140938 -4.77246 -5.6190596 1260255541820
-6.2903957 -14.617833 8.371636 1260255541837
-5.255309 -31.177952 14.7167225 1260255541849
-5.2288804 -33.472004 7.793336 1260255541857
-5.8784323 -15.516114 13.707387 1260255541863
-6.9778767 -21.339243 17.906845 1260255541874
-7.3482714 -23.728462 14.456026 1260255541885
-6.223056 -1.2224131 11.84018 1260255541900
-5.377799 -6.2364297 -1.8224616 1260255541913
-8.384407 -13.286804 2.5687985 1260255541929
0.44545615 4.252542 -7.355791 1260255541941
-7.798286 4.9223733 -8.393756 1260255541953
-1.8644454 -9.51898 1.415607 1260255541975
-3.1718419 1.9771112 6.0323157 1260255541995
-15.52688 -1.7380183 0.15000367 1260255542018
-0.6222315 -3.4473176 -12.382769 1260255542033
2.9970012 -4.563032 -9.524046 1260255542054
-0.609992 2.5719786 -0.07712126 1260255542077
1.0859096 -14.23592 -4.970885 1260255542093
9.246282 -12.706091 -8.298191 1260255542115
6.6687098 -17.253756 3.441226 1260255542135
-4.1705837 -25.963486 -2.94297 1260255542159
-2.5841584 -16.70088 8.967422 1260255542172
7.657131 -20.009413 0.67876196 1260255542194
14.061612 -34.56662 9.025872 1260255542216
10.880611 -24.578154 2.2857876 1260255542231
1.3229674 -9.5889635 5.1849504 1260255542254
-6.1034675 -8.185732 7.357482 1260255542275
-9.473447 -3.4725547 0.049259663 1260255542299
-10.647563 -1.2904162 -8.490449 1260255542482
-10.892592 -13.619108 -8.275959 1260255542498
-10.930748 5.7292137 -13.934877 1260255542510
-11.174562 -8.95752 -11.72419 1260255542519
-11.229044 -9.052862 -12.854679 1260255542524
-11.522414 5.122363 -16.74461 1260255542536
-11.721386 -13.474873 -14.326655 1260255542543
-11.693008 3.3842196 -12.771063 1260255542554
-11.372378 -4.4307632 -18.41196 1260255542563
-10.3714695 -16.201546 -12.066638 1260255542576
-8.042733 -10.750586 -1.9230757 1260255542590
-4.076074 -9.207103 3.4890232 1260255542599
-0.66688895 -19.264545 5.9047217 1260255542611
0.94663143 -11.711853 -2.7567348 1260255542620
1.2117963 -20.61715 17.833323 1260255542634
1.0418863 -22.399754 4.6895714 1260255542643
0.94870806 -16.821722 20.098427 1260255542654
1.0824316 -28.140373 7.1054587 1260255542670
1.2820764 -7.112321 8.918695 1260255542683
