-6.767041 -4.129033 1.1063459 1260255670872
-5.206621 3.5202346 -2.0542383 1260255670902
-3.6176894 4.86361 -8.01809 1260255670914
-2.3510664 5.273628 -14.137022 1260255670931
-1.757803 5.9950347 -19.818146 1260255671109
-1.2212095 6.0013275 -25.350021 1260255671124
-2.0416632 2.8960092 -28.586163 1260255671141
-4.3885946 -5.108779 -25.669456 1260255671148
-9.051578 -12.667751 -13.921979 1260255671162
-7.3786707 0.5917239 -2.8774023 1260255671169
2.6258059 -11.44457 5.7776957 1260255671179
-4.6033564 -28.655113 6.7404337 1260255671188
-17.284344 -32.77408 24.618744 1260255671199
-19.962854 -20.2821 22.066385 1260255671208
-12.319471 -16.226763 29.941021 1260255671214
-2.332262 -26.105116 27.180323 1260255671229
4.2763453 -23.967428 14.273293 1260255671245
5.926069 -9.562567 14.338772 1260255671254
3.5347161 -2.1176534 11.155273 1260255671267
0.8023937 -3.7636776 9.902389 1260255671273
1.9035538 -15.85796 -7.3595276 1260255671292
6.382614 -0.9018736 -1.6595383 1260255671303
11.099372 0.6832409 -19.138374 1260255671310
14.375371 -13.723148 -20.428444 1260255671328
14.039797 -4.3272424 -30.229637 1260255671339
10.567646 7.1926613 -24.682981 1260255671352
5.203792 -7.529764 -19.488228 1260255671367
0.3411579 -2.6991556 -33.193203 1260255671387
-2.5041485 5.7173095 -14.060596 1260255671404
-0.99790585 -9.952217 -21.163752 1260255671423
5.0027475 -19.44992 -6.087269 1260255671447
5.4955215 -8.8738165 7.7446337 1260255671464
5.1628637 -26.493824 10.185243 1260255671482
6.3011236 -30.697458 26.57451 1260255671505
9.699408 -17.96769 17.797848 1260255671527
12.1246 -32.130295 17.227434 1260255671544
12.833298 -12.562478 13.947969 1260255671562
11.445364 -6.3046584 11.609974 1260255671590
8.88693 -15.258551 5.2363973 1260255671604
8.045692 -8.973187 3.5326078 1260255671624
-11.996546 8.932441 -2.7359366 1260255671643
3.3844647 -2.1787765 -6.7338758 1260255671663
-15.538419 -5.345751 -7.563555 1260255671847
-2.4013176 5.1322126 -7.0433702 1260255671859
-17.12725 -9.812227 -6.0954466 1260255671869
-1.0643978 8.002023 -5.0002003 1260255671881
-15.927685 -9.975368 -3.7177181 1260255671890
-14.744027 9.468648 -6.2590747 1260255671899
-11.24497 -8.21121 -5.535468 1260255671907
6.1275835 -13.696953 3.0503366 1260255671915
11.786875 -3.4860725 2.2527566 1260255671930
-1.3824434 -28.764105 7.956027 1260255671944
0.028446198 -23.094597 14.496851 1260255671953
10.874105 -20.121662 0.8495779 1260255671964
14.657491 -33.17363 5.7626977 1260255671974
7.9294825 -25.858076 -6.386319 1260255671990
-0.72229254 -21.40257 -12.611818 1260255672006
-6.1265574 -19.42886 -6.7800875 1260255672012
-8.903139 2.9201589 -11.255646 1260255672025
-10.213543 -10.771557 -16.606367 1260255672041
-10.456856 5.2130327 -17.06983 1260255672050
-9.398648 -6.3785667 -14.77182 1260255672069
-7.6460414 -0.2873888 -25.496674 1260255672082
-6.239905 2.023741 -11.863974 1260255672106
-6.8204346 -11.901809 -20.732338 1260255672126
-9.707162 3.46374 -20.513573 1260255672148
-14.22878 2.8763819 -10.588085 1260255672163
-12.259554 -1.586235 -9.388569 1260255672184
-5.7186794 -25.50012 4.6599216 1260255672207
-1.8960404 -11.692909 9.190716 1260255672222
0.04821396 -35.029305 13.653636 1260255672243
1.7515783 -16.555141 19.149487 1260255672266
3.5938554 -28.90072 14.342854 1260255672287
4.845338 -10.162525 16.78536 1260255672302
5.9418883 -18.748692 9.082416 1260255672324
6.870577 -2.3291035 10.596256 1260255672347
