12.208865 3.8377357 5.2189455 1260256388799
14.619483 2.0367537 4.3834496 1260256388811
9.493061 -2.096694 -3.2686944 1260256388818
0.6150584 -11.080488 -4.3242087 1260256388830
-2.9440536 -16.25639 3.7353902 1260256388859
4.9740334 -16.945398 1.9435471 1260256388875
16.09299 -15.098087 0.20556831 1260256388884
12.377811 -12.5388365 7.686793 1260256388897
-0.9696274 -9.949703 6.914983 1260256388908
-1.5972581 -8.553332 -4.561528 1260256388921
9.429621 -10.095557 -2.1664948 1260256388933
0.54922473 2.9599886 14.021493 1260256388944
-11.390387 9.693174 13.216126 1260256388958
0.5183544 -3.6031528 14.11665 1260256388974
-24.126163 -13.957281 16.6013 1260256388992
-10.000534 -18.15584 24.35754 1260256389016
-13.050153 -13.879198 6.428323 1260256389034
-18.208282 -22.956285 2.6281524 1260256389053
-8.903807 -12.4554825 -0.7420254 1260256389078
-3.994332 -20.567095 -6.315639 1260256389093
-4.0220404 -18.109035 -13.680375 1260256389113
-5.5797057 -12.431953 -13.968856 1260256389131
-6.680614 -3.8884878 -3.0486536 1260256389154
0.9737922 1.7838535 -12.92334 1260256389173
5.450201 14.156796 1.5391831 1260256389193
-14.632469 6.3518705 2.1204271 1260256389219
2.3518782 0.54764795 -1.5902784 1260256389232
3.1575584 -17.998112 -13.673517 1260256389253
4.068033 -29.462162 -6.618405 1260256389275
6.0656695 -17.54802 -10.655851 1260256389290
9.054231 -23.8815 -20.033615 1260256389313
7.739514 -26.422693 -7.345253 1260256389500
-0.19891596 -4.5609903 -7.7394753 1260256389511
-15.432147 -6.6682124 -11.26943 1260256389520
-0.939291 -6.002735 -3.0987978 1260256389531
-22.31366 12.260525 11.409248 1260256389540
-20.259323 -2.4929 19.001453 1260256389552
-9.933194 14.0781975 21.139145 1260256389559
-13.446576 -6.30966 13.254534 1260256389570
-27.078283 -20.067692 11.958372 1260256389579
-19.297647 -12.229212 -8.581164 1260256389593
-11.87229 -16.350086 -5.5367045 1260256389604
-6.7307186 -28.328709 -19.962744 1260256389616
7.273342 -12.650038 -17.125673 1260256389624
15.96814 -9.959028 -25.691826 1260256389637
9.916185 -20.465193 -18.06538 1260256389650
-0.5908842 -1.726685 -0.64704514 1260256389662
-21.859446 -7.3796005 6.4534545 1260256389673
-14.457527 12.290406 23.667347 1260256389684
-9.795065 -0.98265123 22.158913 1260256389704
-14.664029 2.828856 13.76651 1260256389716
-25.329235 -18.797588 11.119766 1260256389732
-22.666573 -24.012281 0.82280505 1260256389756
-15.458086 -6.8434114 -8.592086 1260256389773
-10.949107 -27.55061 -17.491877 1260256389793
3.0126066 -14.054294 -14.998754 1260256389814
14.583841 -16.928679 -27.167437 1260256389833
8.15729 -20.939499 -27.867933 1260256389855
-0.66476905 0.9915619 -12.433893 1260256389875
-4.038795 -11.703262 -6.6470814 1260256389899
-21.276873 7.915456 10.04286 1260256389912
-25.286419 -12.48649 18.465714 1260256389933
-22.356974 0.022740364 27.042223 1260256389957
-14.800225 -21.561432 22.67912 1260256389972
-4.5820513 -18.413963 2.6194253 1260256389995
1.5007753 -14.841564 0.9764309 1260256390014
-2.4209933 -14.337657 -24.655731 1260256390038
-5.2240624 -11.592543 -25.471703 1260256390052
3.7785482 -19.81137 -12.359988 1260256390074
2.690635 -9.981147 -19.32633 1260256390256
-17.258675 -13.680632 6.4237947 1260256390262
-21.967546 -0.41715884 19.06386 1260256390273
-19.82279 -4.461061 13.290647 1260256390282
-12.042847 -4.0632086 26.61838 1260256390294
-2.158597 -18.875797 8.480164 1260256390302
-2.5132942 -8.486942 -11.665228 1260256390314
-7.5516796 -32.019947 -19.757267 1260256390320
-0.3733096 -14.109657 -25.41044 1260256390339
12.014938 -26.64792 -14.096143 1260256390351
9.739653 -14.692614 -11.126019 1260256390362
3.8401504 -2.3273187 -4.2519145 1260256390373
-17.827011 -12.241208 2.8713245 1260256390383
-19.730795 4.6123905 17.902502 1260256390400
-11.655952 16.818666 14.683212 1260256390411
-5.608158 2.680335 13.204 1260256390420
-21.637281 2.1504707 -2.0999398 1260256390436
-20.524925 -24.008892 -5.3546715 1260256390448
-11.265432 -20.099594 -20.330673 1260256390458
3.9417095 -22.879381 -7.9359303 1260256390478
10.062493 -34.409767 -13.422321 1260256390492
1.1529607 -16.247704 -4.178691 1260256390513
-8.295395 -12.573122 -14.311228 1260256390535
-12.304839 -22.440815 -7.8590965 1260256390551
-10.165717 -9.7991495 6.7791233 1260256390574
1.2175684 -5.725395 2.0500429 1260256390593
-16.678001 -7.4010687 0.32110977 1260256390618
-19.320644 7.7809534 10.720654 1260256390632
-13.267324 17.188786 8.304613 1260256390654
-3.789401 8.814535 0.71761703 1260256390675
-13.4322 -4.0867887 -3.3582678 1260256390697
-22.201775 -9.711792 -2.3365884 1260256390714
-10.223629 -7.3762197 -14.925047 1260256390735
-4.4650335 -6.281445 1.9963489 1260256390758
-4.0421805 -11.949266 -10.744453 1260256390771
-7.8406477 -9.1813965 -5.9756603 1260256390798
-12.648093 -7.8489094 2.6903079 1260256390815
-16.187683 -11.322121 10.69517 1260256390837
