1.9418812 -6.21801 2.1130042 1260261066323
4.880575 6.655467 5.987192 1260261066333
6.4977326 13.157892 -2.4472537 1260261066346
3.8508167 12.829188 -8.455899 1260261066355
-0.44569206 13.621912 -6.86554 1260261066367
-0.6214671 15.175473 -5.298187 1260261066374
8.882128 9.932677 -13.687239 1260261066388
13.089735 -3.8029585 -3.6343627 1260261066395
-8.4974985 15.124969 -1.6424247 1260261066406
7.287462 13.71357 1.0128362 1260261066416
-5.387491 7.7314286 -2.6177754 1260261066427
-15.636154 -7.460415 9.660122 1260261066436
-0.725296 6.9433193 7.2376204 1260261066474
-9.882062 -2.2008035 0.051761627 1260261066486
-22.17492 -5.34674 7.7105446 1260261066495
-9.105259 -4.75457 14.946514 1260261066505
-6.3909216 -4.239664 9.248386 1260261066512
-13.995699 -4.1508284 3.8165162 1260261066520
-10.134955 -20.26292 -11.232719 1260261066533
4.2297173 -10.428234 -12.6265545 1260261066547
1.136116 -2.6119728 -19.470295 1260261066558
-7.995867 -13.055341 -15.984677 1260261066569
-12.666295 -21.92823 -26.733175 1260261066578
-11.331118 -22.32235 -27.721743 1260261066588
-4.90701 -18.07911 -21.92157 1260261066605
2.195867 -13.744925 -21.05451 1260261066613
5.9224634 -12.240726 -25.1168 1260261066626
3.1972141 -13.804097 -29.723913 1260261066637
-7.704051 -17.03666 -23.33513 1260261066651
-16.338224 -14.52433 -15.003831 1260261066671
-4.191286 -0.9297242 -18.132534 1260261066694
-4.531018 3.1214714 -10.969034 1260261066707
-9.565511 -10.39481 5.6351867 1260261066729
-4.3282022 4.8700085 10.967756 1260261066753
-17.38943 -8.261988 8.173792 1260261066766
-13.6562 12.139923 15.423086 1260261066787
-7.4437795 -0.19246888 4.812114 1260261066989
-2.0101423 0.7801204 19.79168 1260261067005
1.7507875 13.115081 5.207077 1260261067015
6.523129 -7.6968756 6.2055707 1260261067026
7.2660313 10.557568 0.42761624 1260261067033
9.35866 3.643429 -3.5255558 1260261067044
7.4545126 -2.7400131 1.972961 1260261067055
-3.2663987 -6.40096 -3.7186122 1260261067071
-1.0543995 -11.981398 -14.458997 1260261067078
15.368803 -10.473119 -13.095625 1260261067088
16.365047 -0.56454086 -27.197021 1260261067099
4.22073 5.1381745 -20.237135 1260261067114
5.5036583 -10.171505 -29.601429 1260261067127
18.607037 -10.281797 -13.717335 1260261067134
20.194958 -4.319125 -15.395853 1260261067146
7.9046826 -12.811946 -23.277287 1260261067156
-0.802001 -21.6465 -8.011865 1260261067171
5.5620832 -10.497161 -12.5751095 1260261067180
13.592392 -20.177086 4.413435 1260261067192
13.630071 1.9703174 4.352112 1260261067208
