-7.7686815 -9.644859 7.204233 1260255627634
-8.072786 -13.821592 -3.0945032 1260255627675
-7.453762 -12.689511 -10.619742 1260255627683
-5.254735 -11.337376 -19.143309 1260255627703
-3.4430969 -12.084404 -23.615139 1260255627714
-1.2285581 -13.781645 -24.647316 1260255627747
1.105591 -14.348756 -21.023138 1260255627756
1.5666223 -10.96925 -12.366191 1260255627763
-2.3827744 1.0022006 -5.872463 1260255627791
-12.412531 -20.081194 -4.919478 1260255628003
-11.829478 -26.084148 4.387532 1260255628010
-4.5551295 -25.29863 8.511209 1260255628027
-0.866024 -19.559935 22.563906 1260255628042
-2.8453102 -16.893663 21.80672 1260255628054
-9.055413 -24.972065 14.432116 1260255628069
-7.625277 -20.9132 10.209808 1260255628073
-13.865437 -22.548267 14.481144 1260255628098
-14.141318 -16.50851 4.7537155 1260255628110
-5.17629 -15.007961 -5.60748 1260255628121
1.5145892 1.5467157 1.2444601 1260255628132
0.5412512 -10.919708 -4.545802 1260255628143
-2.8944201 -11.8499565 -22.252804 1260255628151
-4.500569 1.0415332 -25.268307 1260255628160
-2.5296965 4.011405 -30.195707 1260255628179
0.936502 -13.149551 -31.002655 1260255628193
3.3402097 -2.212034 -14.66517 1260255628200
3.1886153 -3.8890646 -29.369034 1260255628213
-2.0095124 -3.6896744 -3.9626036 1260255628220
-9.285296 -16.327148 1.8704128 1260255628236
-12.869873 -11.445084 4.8546886 1260255628248
-12.933391 -18.753052 9.335087 1260255628257
-11.2699585 -36.585598 14.654578 1260255628276
-8.747516 -25.744625 18.681112 1260255628293
-6.190366 -13.634382 14.04433 1260255628311
-3.3256373 -25.116564 6.9373994 1260255628334
0.79882395 -20.188454 15.672297 1260255628350
3.698247 -4.4586563 12.883696 1260255628376
4.4063663 2.1126928 6.1923594 1260255628394
-0.41551477 -8.471316 6.4957347 1260255628413
-11.028837 9.268354 -2.4619865 1260255628434
-4.335588 10.400246 -1.2400157 1260255628453
4.6857624 10.2746935 -5.460456 1260255628481
-14.942444 5.2277694 -8.08271 1260255628504
-4.061817 -7.9048 1.9753971 1260255628523
0.9072676 -7.834885 -0.8198767 1260255628541
-10.948437 7.7818933 -4.063938 1260255628563
-12.574461 -6.805521 -9.550772 1260255628581
-7.511241 3.9139419 -1.8052807 1260255628786
4.2379503 -7.5901175 6.2165904 1260255628792
12.311965 -8.834906 2.6134639 1260255628810
10.42865 -13.103722 6.4410596 1260255628821
2.8086941 -21.862112 15.212988 1260255628829
-3.9158034 -28.190233 12.56502 1260255628846
-7.564804 -28.778112 3.506124 1260255628858
-8.218024 -22.345434 -4.93866 1260255628868
-7.2557464 -6.625409 -10.992979 1260255628888
-6.927293 -8.367513 -2.4605079 1260255628895
-5.9473743 -7.1230617 -21.584333 1260255628908
-3.2665534 -5.96826 -6.3904495 1260255628914
0.349182 6.676962 -22.546326 1260255628929
3.354614 -10.287573 -15.8977375 1260255628946
5.1567726 8.76526 -15.543792 1260255628961
5.1569085 -11.381525 -17.418427 1260255628971
3.7249713 6.808339 -17.009626 1260255628987
0.03096509 -9.057106 -5.755798 1260255628992
-5.5293136 -12.098719 -18.362894 1260255629005
-12.133312 -4.4591293 -14.396406 1260255629014
-14.662154 -8.564688 -6.3657765 1260255629023
-14.15828 -19.84145 2.5028446 1260255629044
-11.991348 -25.848185 -5.729863 1260255629061
-10.163647 -16.130459 7.4022512 1260255629081
-8.402782 -34.584908 11.302371 1260255629101
-6.839914 -19.521175 0.48653603 1260255629129
-5.7973375 -18.092487 18.411137 1260255629148
-4.8802333 -25.785255 3.4374862 1260255629166
-3.9251194 -5.38155 3.1858788 1260255629180
-3.473207 -11.712706 14.281327 1260255629201
