9.047118 -14.629138 0.87162566 1260256332741
9.213662 4.1827855 -2.7548506 1260256332748
12.65105 3.02593 1.7100995 1260256332759
13.517232 2.3552265 3.0387948 1260256332768
14.167856 0.89401627 4.830282 1260256332779
13.557741 0.34893322 5.8517084 1260256332814
12.3957405 0.12768269 6.6989365 1260256332826
10.402197 -0.15003395 7.514645 1260256332839
6.5782237 -0.6760168 9.0271 1260256332853
1.1122308 -1.9914951 9.633263 1260256332863
-2.7807517 -4.651343 4.662324 1260256332872
-0.6893439 -8.75849 -4.101479 1260256332886
9.329488 -12.53325 1.9381821 1260256332899
6.1313953 10.766772 4.165711 1260256332910
-10.746016 -5.8643465 8.87824 1260256332921
-1.0537786 11.314857 10.9394245 1260256332944
-3.8279057 -0.3307271 6.9389896 1260256332967
-17.21701 -7.680651 13.001187 1260256333150
-5.346847 -13.992791 2.4636464 1260256333166
6.557648 -33.64376 -1.8361902 1260256333174
12.400339 -11.048049 -3.8519726 1260256333186
14.190852 -23.59309 -7.022558 1260256333198
11.021152 -11.326658 -19.164082 1260256333207
3.7740126 3.333971 -16.058922 1260256333219
-1.8233972 9.245098 -9.646556 1260256333228
0.6151411 -0.007971525 -14.540239 1260256333234
7.529378 9.755787 -4.843343 1260256333249
-11.627511 -1.1360726 0.8328185 1260256333266
-0.034961224 -3.9686282 1.7348595 1260256333278
3.345409 -17.661755 -8.636274 1260256333287
4.6258044 -13.607002 -0.40305424 1260256333293
7.475083 -21.729391 -15.892378 1260256333313
13.561644 -28.750055 -0.75777674 1260256333324
16.724674 -13.608675 -4.751616 1260256333333
13.272575 -18.78943 -4.3457317 1260256333350
2.370043 -11.642908 -5.3867655 1260256333362
-6.8271284 5.155263 1.6875073 1260256333373
6.281394 -2.766691 -6.9395127 1260256333389
11.553622 -9.986035 1.8237553 1260256333405
14.782648 -6.4859834 -7.8550625 1260256333425
15.293549 -26.602947 -8.56172 1260256333448
14.800858 -12.211245 -11.979897 1260256333462
12.420014 -24.129484 -6.151716 1260256333483
1.0823609 -5.863263 -13.87953 1260256333506
-2.1055286 -12.15598 1.44137 1260256333522
-3.3653011 10.196739 3.6121387 1260256333544
-21.59154 -0.08083391 15.9759865 1260256333563
-10.989295 6.4030104 28.477089 1260256333593
-13.536248 -14.650839 23.406609 1260256333604
-30.954103 -9.628086 18.755222 1260256333625
-14.671512 -5.875944 10.665962 1260256333647
-15.370311 -8.198913 4.3891287 1260256333661
-19.322433 -27.743406 -14.371073 1260256333684
-11.850059 -23.369194 -11.227642 1260256333704
-1.3094984 -21.918514 -32.67536 1260256333729
10.011572 -35.080185 -22.584894 1260256333911
15.348095 -13.498442 -24.207779 1260256333928
12.119022 -27.18179 -21.187176 1260256333940
7.053628 -8.306915 -17.681232 1260256333949
-7.0633564 -13.4533825 -18.662231 1260256333960
-18.651146 -4.565629 -6.454911 1260256333969
-9.934244 -6.566407 11.070577 1260256333980
-23.957108 -4.119963 31.825169 1260256333987
-29.906448 -5.7833605 24.332441 1260256333999
-21.463604 -19.921022 16.619318 1260256334011
-9.056419 -13.369699 3.804513 1260256334028
0.2011652 -15.7320595 -5.1414666 1260256334040
1.2103465 -23.918732 -1.0566359 1260256334049
-3.5195208 -17.56638 -21.761381 1260256334058
3.9058566 -19.066124 -33.269756 1260256334074
15.372391 -23.266308 -19.184137 1260256334086
12.139191 -3.1466837 -16.736784 1260256334098
4.499522 -14.763107 -4.1055274 1260256334112
-16.116589 2.7571502 4.9254007 1260256334123
-23.093407 -20.727394 18.300783 1260256334138
-21.763351 -11.502198 17.659027 1260256334149
-17.114288 -12.056719 24.426306 1260256334167
-10.95041 -16.558107 16.478642 1260256334183
-9.146019 -8.81784 -8.173821 1260256334206
-3.6416945 -24.352512 -17.875856 1260256334223
13.294868 -8.0943 -16.24925 1260256334241
15.8667965 -17.372467 -17.271904 1260256334269
4.5942745 -2.692163 -18.871872 1260256334283
5.0345416 0.041272163 0.0645473 1260256334304
-4.591524 -15.120345 17.869143 1260256334322
-11.205986 -2.7726297 16.702913 1260256334346
-12.910456 -21.124437 8.513637 1260256334363
-10.5077 -29.138943 6.3674097 1260256334383
-5.0635824 -26.764742 -5.0465407 1260256334404
6.5463185 -7.064128 -12.623148 1260256334423
12.739449 -19.524084 -13.717599 1260256334445
7.1113844 0.56101704 -6.357739 1260256334461
2.2303767 -11.591009 -5.568875 1260256334488
-2.5540664 -2.8479667 -7.5905848 1260256334679
-14.752546 2.6166718 3.0514188 1260256334689
-12.448067 -16.798107 -1.8665833 1260256334701
-7.0451264 -27.71483 -9.448242 1260256334710
3.579514 -21.62614 -19.214048 1260256334721
13.031525 -17.53535 -10.709325 1260256334729
12.353615 -25.288265 -14.4289875 1260256334742
5.013956 -31.046825 -12.267335 1260256334750
-0.23750103 -28.198883 -2.5343676 1260256334761
1.6053877 -18.70278 -5.582706 1260256334772
-6.4727306 1.7318816 -1.739958 1260256334789
-20.6142 5.7449064 2.5595894 1260256334800
-7.354803 2.1730313 2.408867 1260256334808
-5.4282446 0.5910568 9.578288 1260256334820
-17.728344 4.2109733 -0.39721775 1260256334829
-13.19641 13.395748 2.3758469 1260256334849
-0.05257702 -10.754604 -1.8873186 1260256334860
3.723373 -7.9746914 -9.417945 1260256334870
-0.8173261 -32.94249 -13.431446 1260256334883
-7.5928288 -29.75902 -6.1688643 1260256334898
-1.9593556 -16.730736 -7.823532 1260256334909
7.029818 -21.975489 2.635149 1260256334924
10.154093 -28.965523 -3.4872396 1260256334944
6.5962467 -24.42971 1.1965548 1260256334965
2.4391398 -10.673244 8.35243 1260256334989
5.9293566 -14.307284 1.3019075 1260256335002
-14.796541 9.330828 0.262177 1260256335026
-10.041134 10.105413 -4.7889795 1260256335047
-0.63734245 -0.27832222 2.8945458 1260256335061
-15.034502 1.2117786 -4.664816 1260256335084
-20.912502 13.521429 -1.4642935 1260256335105
-10.250353 3.019375 5.847122 1260256335129
-26.53431 -0.98436046 -1.5246044 1260256335141
-18.415136 2.3669057 -7.5291195 1260256335164
-10.345491 -12.618633 4.867904 1260256335187
-8.874072 -14.538283 -13.882383 1260256335201
-11.946941 -21.793884 5.4279404 1260256335222
-16.610933 -11.70031 -3.745206 1260256335244
-18.721014 -31.081713 -0.0773721 1260256335267
-17.352394 -32.12978 5.0957503 1260256335454
-13.413136 -31.588324 9.012701 1260256335473
-8.598095 -29.542654 10.50746 1260256335483
-5.277735 -26.224176 9.357278 1260256335489
-3.734682 -19.58096 7.9739966 1260256335498
-4.584955 -18.20548 -8.599258 1260256335505
-8.687865 -6.105079 7.7101064 1260256335511
-12.169386 0.4185419 -2.3723602 1260256335520
-12.293625 -6.145374 -5.964512 1260256335527
