10.601729 -9.150306 11.735567 1260256419813
3.2658975 -2.6317997 10.880142 1260256419821
-2.9288883 1.1358833 4.0348554 1260256419832
-2.192122 0.5342722 5.2691393 1260256419839
3.0355446 -3.6123374 12.0304985 1260256419879
6.4874296 -8.988484 13.056364 1260256419891
8.209083 -12.689799 9.940121 1260256419900
8.760635 -12.388322 7.686063 1260256419916
7.0729837 -7.3330183 9.919837 1260256419924
-4.2827015 10.172166 1.9775746 1260256419937
-7.8230495 -6.936652 4.757362 1260256419953
0.23565722 10.162284 12.351972 1260256420136
-19.52657 5.953646 10.493986 1260256420157
-4.8710213 -2.395218 10.283967 1260256420168
-20.40026 -16.754879 15.360236 1260256420178
-19.648499 -34.63949 2.9860578 1260256420184
-6.965544 -14.8519745 -1.8994483 1260256420196
1.5431948 -31.34613 -1.2783988 1260256420204
5.3426304 -13.832807 -15.800858 1260256420217
5.4900293 -13.026296 -1.8295822 1260256420228
2.9515328 -20.558905 -11.458979 1260256420237
0.5158943 -1.3263443 -15.156696 1260256420254
6.733691 -3.7007165 2.4601808 1260256420263
7.275586 -1.7562456 1.0322635 1260256420274
-0.81677747 9.184532 8.846565 1260256420283
-14.115059 11.708633 -2.279123 1260256420295
-2.7403197 0.8254914 1.6111093 1260256420308
3.1344295 -22.314934 -4.327604 1260256420319
5.1964545 -22.082914 -15.633051 1260256420331
6.23717 -20.639135 -3.3934717 1260256420340
4.8192015 -31.217339 -15.19217 1260256420357
1.1330938 -8.167697 -12.7243185 1260256420369
-0.24167037 -15.581122 -1.0925436 1260256420380
2.9693525 -14.780487 -12.869156 1260256420398
-1.826469 -4.5992956 3.6968837 1260256420412
-15.624731 -1.1332755 11.002326 1260256420433
-5.323004 8.892668 11.5412 1260256420454
-18.000145 -3.417163 11.617673 1260256420471
-31.368671 -15.268406 25.73882 1260256420494
-24.449537 -8.985053 10.384088 1260256420514
-8.256203 -8.776545 3.4292574 1260256420537
1.5013738 -20.281544 -1.2066548 1260256420559
2.759877 -20.73586 -24.165272 1260256420574
-3.0819664 -9.569145 -21.247574 1260256420594
1.3290019 -23.892788 -30.42849 1260256420618
5.757966 -14.904728 -10.616337 1260256420633
-12.056643 5.625281 -8.885151 1260256420654
-11.06156 -2.6716652 -3.2260003 1260256420677
-10.218993 1.7465217 14.084635 1260256420691
-24.085941 3.5183933 32.34165 1260256420713
-31.990152 -4.348425 19.904427 1260256420899
-22.959538 -21.925207 15.036998 1260256420916
-8.95464 -22.990255 0.35579014 1260256420923
-0.5658426 -6.7341413 -5.5117145 1260256420933
0.6937401 -28.510174 -15.583097 1260256420942
-6.0230503 -10.518027 -24.227911 1260256420955
-2.6500192 -20.603504 -31.918568 1260256420964
4.9596148 -15.990936 -12.271212 1260256420975
0.86030746 4.2360864 -14.534231 1260256420982
-16.29503 -8.912038 -3.6426697 1260256421000
-10.191818 2.3507614 20.355825 1260256421011
-9.181183 -20.896852 21.153315 1260256421018
-10.663405 -10.057776 24.980675 1260256421032
-13.993719 -10.402689 8.741058 1260256421039
-14.393731 -14.544774 -9.3762665 1260256421058
-2.8294804 -18.033062 -2.1813374 1260256421069
9.988991 -13.57811 -20.687511 1260256421078
4.7568703 -27.460714 -32.588055 1260256421094
-6.4914055 -16.867222 -20.199903 1260256421103
-9.156084 -21.078997 -11.843306 1260256421117
-12.126209 -30.511702 -12.657923 1260256421137
-19.122835 -13.82935 -6.5856876 1260256421153
-22.104668 -23.757143 4.5495353 1260256421174
-11.494338 3.2548218 16.628805 1260256421194
-6.857828 1.818253 18.089231 1260256421211
-8.4422865 -1.7095804 16.858652 1260256421233
-11.975878 6.313233 1.3868961 1260256421253
-16.683155 10.8256855 -2.674419 1260256421277
-7.330275 -8.990576 3.5781379 1260256421291
-9.998348 -13.722049 -17.435547 1260256421314
-13.587658 -34.982674 -9.776175 1260256421335
-5.9148865 -18.757097 -16.77914 1260256421357
4.770227 -17.282295 -1.6265984 1260256421373
7.067518 -27.358536 -5.6555123 1260256421394
5.5303364 -15.579834 0.008031845 1260256421417
4.6376224 0.89668655 -0.028476477 1260256421431
-12.261026 -11.151678 -2.5054684 1260256421454
-15.545832 6.9162316 9.26059 1260256421474
-10.16535 16.828924 8.64864 1260256421662
-4.764722 15.34178 0.518672 1260256421673
-5.7581396 -0.5354986 7.743273 1260256421682
-25.720629 10.279491 -2.4308817 1260256421694
-15.949984 10.800758 0.27786607 1260256421703
-13.811344 4.2066507 -2.5443754 1260256421716
-17.592903 -14.768933 -10.569868 1260256421728
-12.320315 -20.617643 -9.473908 1260256421738
-4.828092 -19.338142 -3.2842858 1260256421744
-0.9647131 -15.287553 2.8549035 1260256421759
-1.2396364 -12.694798 3.0680609 1260256421773
-3.7579284 -11.211278 0.34786892 1260256421780
-8.347874 -13.707627 -5.2971907 1260256421789
-13.212315 -16.36667 -5.005416 1260256421796
