-0.8326814 8.382248 1.7261043 1260261309286
-1.3332231 -1.403856 -2.0244756 1260261309293
0.52196217 -7.000042 -3.3025777 1260261309305
-1.9824884 -3.858827 -9.764657 1260261309314
-10.116379 9.690866 -5.1084847 1260261309326
1.029321 -7.4865828 -14.478398 1260261309335
7.8355227 13.882547 -17.739883 1260261309347
0.521539 0.9428196 -29.838917 1260261309356
-10.013281 -0.65687037 -19.37704 1260261309367
-10.334193 9.999964 -25.31765 1260261309374
0.42760324 14.50215 -20.064846 1260261309385
2.2304354 14.078143 -7.027274 1260261309394
-0.61459446 -6.9041247 -4.270366 1260261309433
-7.801118 -2.6819096 2.8882537 1260261309448
-17.495897 -23.718227 19.240608 1260261309455
-14.847872 -11.730017 22.784702 1260261309466
-8.084392 -28.371712 15.544122 1260261309475
-5.7819366 -5.9302 2.5101404 1260261309486
-2.9997487 -9.935443 0.29995155 1260261309496
6.038354 -8.852699 -24.735138 1260261309506
14.036574 7.7882233 -21.062567 1260261309516
18.827833 -8.35872 -27.554893 1260261309532
16.873047 8.076385 -23.877565 1260261309545
13.079529 5.8270006 -11.383068 1260261309554
8.663673 -9.087959 -5.6689215 1260261309567
5.638648 5.2985177 0.19650602 1260261309578
-5.9273944 1.5150533 20.815998 1260261309589
-14.070404 -13.423212 16.117207 1260261309606
-9.62678 -4.7043586 19.006203 1260261309617
4.917495 -11.334233 -3.1709747 1260261309636
7.567254 -17.81831 -5.416797 1260261309649
10.279004 -22.921862 -10.069627 1260261309672
11.801005 -25.30363 -12.059378 1260261309687
11.624856 -25.129944 -14.358379 1260261309708
9.145976 -21.832973 -19.489307 1260261309729
6.2212276 -17.023214 -24.700722 1260261309934
4.190625 -13.003362 -29.027351 1260261309955
1.6846648 -8.741812 -30.10962 1260261309969
-0.20379877 -4.102419 -27.774914 1260261309978
-2.0593832 -2.8962393 -19.670343 1260261309990
-3.6873546 -12.039057 -11.249223 1260261309996
-4.011665 -19.672033 -16.290651 1260261310007
-2.807524 -4.7256775 -20.911016 1260261310017
-0.8925072 -1.901609 -1.0986013 1260261310028
0.7905984 -13.220827 -12.173846 1260261310037
0.38353926 -3.0286398 7.027421 1260261310049
-4.209849 5.8027453 -1.7424157 1260261310066
-4.663342 -10.488436 13.556541 1260261310076
-4.857731 7.025606 5.66716 1260261310087
-5.3723354 -8.539441 13.180198 1260261310096
-5.4404826 10.856766 18.230986 1260261310107
-3.8919802 -5.521836 7.6917458 1260261310124
-0.49093878 8.9963875 20.489773 1260261310134
4.1761518 -11.145717 17.691717 1260261310144
6.11028 2.9218605 16.262634 1260261310167
2.8413136 3.1236546 4.139466 1260261310175
-11.991663 -10.631097 3.5256448 1260261310189
-10.701103 -8.288201 -6.9761744 1260261310204
-7.0520782 2.7945802 -20.517084 1260261310216
-0.3060956 11.627731 -19.822346 1260261310227
11.048614 -4.676651 -24.736025 1260261310250
17.710299 15.0641775 -23.765665 1260261310272
14.800005 -5.7051954 -16.995464 1260261310293
6.8936224 7.5670667 -16.123238 1260261310307
5.070588 -12.368143 -1.7703129 1260261310330
-8.25086 -0.7431598 6.854327 1260261310354
-16.392254 -1.7005949 24.283348 1260261310367
-15.637681 -8.1861725 22.998634 1260261310390
-11.618629 -8.936311 15.421049 1260261310412
-8.931923 -10.161503 6.7292833 1260261310427
-4.7657127 -0.79579604 -10.7802725 1260261310447
5.4930396 7.640735 -10.933613 1260261310470
15.225681 -6.6438065 -19.123384 1260261310492
18.97622 -11.470494 -26.959618 1260261310670
12.7871065 -8.527248 -17.152412 1260261310687
1.778317 -9.069811 -11.483255 1260261310694
-5.2718096 -15.713897 -7.209746 1260261310708
-7.353951 -17.191166 2.1834137 1260261310715
-9.468414 -12.057347 12.311613 1260261310726
-10.326704 7.929981 15.340421 1260261310735
-9.056863 -6.7811723 14.063597 1260261310747
-8.258792 3.1575072 3.3918805 1260261310756
-7.4243 3.5998755 -2.006285 1260261310773
-7.535219 -9.82651 -11.286457 1260261310784
-4.5448694 -12.688691 -12.971999 1260261310793
-2.2325344 -8.982922 -16.598883 1260261310804
-0.6127882 -30.187279 -5.214824 1260261310813
3.815196 -21.871363 -7.682377 1260261310829
5.10764 -16.255867 0.12505817 1260261310838
4.9768043 -17.221796 10.638403 1260261310852
8.998342 -16.887573 14.405044 1260261310866
13.141693 -21.883718 7.7221985 1260261310878
13.931907 -21.605764 0.9152395 1260261310924
12.972891 -7.028964 -5.015709 1260261310939
11.885869 -20.299997 -8.754504 1260261310955
11.787029 -15.29323 -15.962977 1260261310966
11.71107 -1.0257025 -20.519575 1260261310988
12.113459 -10.16615 -25.364048 1260261311005
11.4857025 -17.150824 -21.92723 1260261311023
9.463781 0.24279356 -16.088722 1260261311032
5.8815465 0.71620536 -23.640244 1260261311050
2.0643945 -12.142656 -12.760991 1260261311072
-3.3722959 5.502885 -2.7176719 1260261311091
-11.223969 -12.204215 -2.690282 1260261311107
-8.18991 4.338585 2.0156422 1260261311132
-3.5464108 -14.226725 14.575521 1260261311149
