6.0569153 -20.67717 9.465546 1260255667034
4.514697 -7.4428253 14.679328 1260255667041
2.1281166 -0.7124963 -2.716411 1260255667054
-1.8635919 -16.29964 -3.6841817 1260255667080
-5.1574945 -1.2546158 -8.868806 1260255667098
-6.482698 4.29298 -7.4170933 1260255667108
-6.576357 4.093363 -10.611027 1260255667117
-6.2712746 0.82582617 -15.531509 1260255667135
-6.197957 -5.573039 -18.555275 1260255667151
-6.2556233 -12.108355 -21.069056 1260255667171
-6.1070223 -13.22253 -24.762299 1260255667192
-5.9542885 -3.3674011 -27.783257 1260255667214
-4.628608 7.1295824 -20.521257 1260255667231
1.5017803 -9.241277 -5.6484675 1260255667251
2.611813 -0.53947735 -4.9165187 1260255667270
-14.795578 -15.622167 -1.3223648 1260255667294
-19.767113 -32.95183 15.855248 1260255667311
-11.573988 -24.32063 13.448884 1260255667331
-2.4959097 -18.048552 29.316746 1260255667350
1.3185282 -30.081408 21.977367 1260255667370
-1.4582319 -23.146355 25.805569 1260255667553
-7.8631506 -5.355217 18.045237 1260255667573
-13.5871935 -3.7971473 5.5030384 1260255667582
-11.376364 -5.274084 7.902822 1260255667593
-3.551333 -2.7786784 -12.081932 1260255667600
-2.0656826 0.11776161 -0.8433094 1260255667612
-4.0921164 -12.2394085 -14.192773 1260255667619
-5.555669 -3.721334 -25.051502 1260255667630
-4.155104 8.364544 -26.484777 1260255667639
-0.49128056 -6.10196 -35.303905 1260255667657
3.7189014 -4.3769403 -18.414968 1260255667663
5.4658246 6.050915 -30.930557 1260255667674
4.764082 -11.939989 -18.142582 1260255667681
0.39959693 1.3435354 -22.899248 1260255667698
-9.048212 -1.34441 -7.8077884 1260255667709
-14.143194 -19.781288 -1.4577034 1260255667717
-14.072271 -28.984722 7.630204 1260255667733
-12.237565 -17.57528 15.898736 1260255667744
-9.936323 -35.159523 20.601585 1260255667757
-8.533197 -18.693697 17.32579 1260255667776
-7.911701 -17.89845 14.512099 1260255667799
-6.68003 -22.128633 14.168175 1260255667813
-5.7339735 -1.6539173 10.312355 1260255667835
-8.166588 3.3438058 -0.57893217 1260255667855
-7.212884 -0.8905777 -8.988445 1260255667879
5.287289 5.162255 -5.9641247 1260255667893
-14.918419 -3.3309956 -3.3347352 1260255667915
2.1334038 -6.4861455 -0.4894855 1260255667939
-14.0268755 -7.1224914 -8.722828 1260255667952
-7.952674 -10.192806 -1.4833264 1260255667974
0.16278267 -9.334224 -1.7812581 1260255667996
-11.734203 0.51648545 2.2972856 1260255668018
-13.764952 8.934297 -6.7924113 1260255668043
-7.0829306 -1.822371 -15.102227 1260255668056
9.908479 -1.479702 -0.60926485 1260255668078
7.8082933 -18.511282 -8.685825 1260255668093
-3.8252234 -19.778801 -3.5262856 1260255668111
-4.146449 -19.235031 10.583387 1260255668137
3.1834145 -17.229351 10.684344 1260255668321
10.771738 -17.649792 5.7159076 1260255668338
11.259407 -22.488256 9.8672905 1260255668345
7.6139283 -22.97744 9.679832 1260255668356
5.2048335 -12.392549 6.204411 1260255668365
4.946486 -1.7233248 -10.196158 1260255668376
4.956225 -14.380669 -7.726664 1260255668384
4.8613844 -0.88538504 -20.822287 1260255668393
4.016832 1.1392272 -9.133388 1260255668402
2.5404801 -10.453627 -21.684877 1260255668413
0.6138575 7.719233 -16.989494 1260255668425
-1.7918535 -11.985771 -16.189278 1260255668440
-4.354751 6.7876067 -17.878925 1260255668451
-6.3516517 -13.314198 -18.899466 1260255668460
-6.8107376 -2.697041 -5.4593086 1260255668472
-4.232234 2.2773724 -15.972874 1260255668482
1.7630024 -7.388727 -13.785851 1260255668496
2.7432332 -11.745124 -0.008179545 1260255668504
-0.53505564 -15.282906 -2.190391 1260255668519
-3.0491023 -29.687733 14.905629 1260255668538
-2.4219155 -16.958324 9.628533 1260255668552
-0.4036975 -33.2873 6.101896 1260255668573
1.697304 -22.130936 16.85652 1260255668597
3.8038247 -9.082509 4.0959654 1260255668612
5.432636 -17.960999 -1.784379 1260255668632
6.603425 -21.620037 2.1984582 1260255668656
8.050013 -14.418821 3.679002 1260255668679
9.1020355 -10.638919 -1.1374378 1260255668691
