-5.023999 4.681711 -21.283258 1260261178085
-12.889823 3.7327375 -18.136091 1260261178096
-10.709829 9.146739 -24.823574 1260261178103
-0.91404724 15.722513 -19.529615 1260261178136
6.661825 9.434697 -10.193904 1260261178147
1.2586007 -4.863966 -13.106449 1260261178167
-6.811138 -7.823996 0.5180018 1260261178179
-7.6799517 -9.189721 2.653852 1260261178190
-8.182863 -9.666773 4.197968 1260261178204
-8.847698 -8.676104 7.3072615 1260261178216
-9.756889 -4.056988 8.513482 1260261178227
-9.835424 8.287901 6.134028 1260261178243
-7.359987 7.9878097 14.010185 1260261178264
1.4448617 -5.7585506 3.720582 1260261178277
5.6781673 13.43224 2.9845605 1260261178300
-8.171039 7.775854 11.743193 1260261178322
-14.857312 -0.3399067 0.2762248 1260261178339
-5.7290635 7.8176126 -11.448226 1260261178357
2.8529282 20.397568 -4.6117363 1260261178380
-3.6065443 11.812767 -14.445885 1260261178403
-16.29897 0.6162653 -5.079381 1260261178419
-15.32809 15.6431265 -12.768745 1260261178437
-4.476384 15.82049 -0.7215786 1260261178461
2.666368 -0.05474472 -7.3418694 1260261178479
3.7675118 7.9327435 -6.6272593 1260261178497
3.4472618 16.519566 -13.508345 1260261178520
5.503355 0.681407 -16.607618 1260261178538
9.241881 6.3864574 -15.526784 1260261178559
9.31459 22.168747 -20.705969 1260261178577
2.6981828 16.67847 -12.212082 1260261178601
-2.5376148 6.583457 -21.309084 1260261178615
3.9986417 9.69808 -11.179615 1260261178635
