11.830532 4.183242 -3.9702516 1260261224653
14.165406 -1.8226802 -4.1296277 1260261224662
16.354689 -6.413967 0.26381516 1260261224668
18.440147 -7.627046 4.3288145 1260261224680
18.132023 -5.5434875 5.10604 1260261224720
16.98767 0.54687595 4.0295086 1260261224729
15.385702 9.30098 2.6341803 1260261224738
13.903463 10.880311 0.11723125 1260261224750
10.166561 3.2155523 -7.5474896 1260261224766
-8.128787 -3.1057398 -5.1743517 1260261224778
9.386549 -5.9719543 -4.5639896 1260261224967
-11.732708 -5.7668104 -8.428716 1260261224987
4.802413 -4.6151834 -12.550131 1260261224998
-12.427666 -3.3352227 -17.942837 1260261225007
1.5183282 -2.3515368 -22.551857 1260261225019
-14.695999 0.14012241 -16.525753 1260261225026
-2.1283612 6.8343334 -25.30527 1260261225037
-8.806275 12.951431 -6.6008587 1260261225046
-17.236065 10.491782 -5.6467686 1260261225057
-15.2525835 -5.829019 4.324779 1260261225069
-11.572992 9.8964815 12.285234 1260261225081
-2.2397723 -6.5502276 17.55853 1260261225097
-16.65564 11.976999 12.373042 1260261225105
0.22845936 -0.6099043 -3.0862796 1260261225117
8.786684 18.031391 -9.185094 1260261225126
10.800273 14.044858 -16.18993 1260261225136
9.714424 4.677561 -23.040606 1260261225149
3.8713849 18.621218 -13.484588 1260261225165
-10.557113 -4.3318667 -6.132513 1260261225180
4.3986654 7.27243 3.9465547 1260261225189
-7.9813595 2.358655 16.671143 1260261225206
-15.642176 2.3824203 13.72837 1260261225217
-7.355285 13.269648 7.403362 1260261225230
0.6248015 -3.333991 7.977414 1260261225244
-4.8960094 -4.09143 4.781888 1260261225262
4.160296 7.3880444 -16.095646 1260261225278
20.99368 13.212379 -16.7406 1260261225300
22.698582 3.5116343 -31.354328 1260261225323
13.986447 -0.6034789 -20.974022 1260261225337
4.750633 19.95847 -24.682516 1260261225360
-1.6004362 1.9741907 -19.141459 1260261225381
-5.5199766 18.285328 -18.833706 1260261225397
-3.0668411 10.282011 -1.4565458 1260261225415
3.4769406 -0.5691776 -6.1541266 1260261225439
-19.40345 15.216024 -1.0344315 1260261225462
-3.0602713 4.292114 6.4651413 1260261225478
-22.007181 3.200459 14.64873 1260261225498
-12.86931 14.457236 15.65732 1260261225521
-11.400849 -3.9306622 10.331298 1260261225542
-21.730156 16.199593 6.196186 1260261225727
-0.9379349 -3.3200607 -0.63755655 1260261225738
-0.6518488 14.955364 -12.958149 1260261225747
7.5898986 -0.22209501 -14.622652 1260261225759
11.999381 7.4665933 -21.018717 1260261225766
6.531433 9.321017 -38.798576 1260261225778
-2.0490384 12.56057 -22.869482 1260261225787
-5.001848 5.1559663 -21.737701 1260261225799
-6.4194784 20.168495 -20.737688 1260261225808
-12.646692 1.8612485 -19.196102 1260261225822
-16.111917 4.484288 -17.376427 1260261225836
-5.444615 17.551453 -9.575709 1260261225845
-1.7522917 7.659794 -13.721806 1260261225856
-7.2515345 2.14077 -12.420323 1260261225865
-12.38648 6.273432 -4.3799005 1260261225903
-17.267067 8.902866 -3.1718206 1260261225945
-2.150106 12.278991 -3.026331 1260261225959
-2.2987213 -4.248214 13.877967 1260261225966
-7.223737 -20.844398 23.014914 1260261225984
-9.230944 -27.879204 23.859175 1260261225996
-8.183741 -22.400955 27.32978 1260261226005
-11.971622 -5.528591 28.950748 1260261226020
-20.089382 7.5102677 10.633886 1260261226028
-8.889926 1.6525156 -6.315293 1260261226040
-4.298439 13.8403015 -6.913712 1260261226056
-1.8895626 16.05616 -18.764503 1260261226067
-0.5076418 28.759579 -19.668869 1260261226088
-3.0034003 16.042374 -31.129313 1260261226100
-8.379789 31.03411 -24.571196 1260261226119
-12.98657 7.1570215 -17.106058 1260261226144
-14.352093 14.545412 -15.99622 1260261226157
-1.9139037 7.0869193 -5.001584 1260261226179
-9.788299 -5.6234937 1.0760145 1260261226202
-10.273368 -16.062483 15.39358 1260261226217
-6.484388 -8.114104 30.294926 1260261226239
-1.2434993 7.729998 7.1516414 1260261226260
8.262354 0.106933594 -3.8171914 1260261226283
5.58449 20.486057 -20.63595 1260261226297
0.5988636 9.66004 -25.416357 1260261226490
21.591215 32.072403 -25.223803 1260261226504
16.62914 13.8858385 -18.710632 1260261226515
1.7253361 22.510088 -16.027233 1260261226524
9.964858 4.199251 -18.641872 1260261226536
6.545154 7.6212907 1.451457 1260261226545
-14.429471 8.52488 3.7480326 1260261226557
-4.0864787 -6.7363224 9.876032 1260261226564
-1.9307585 17.380497 11.298989 1260261226575
-11.282125 1.200366 15.384241 1260261226587
-23.539555 17.055809 8.234225 1260261226603
-22.589277 8.204677 2.3346677 1260261226609
-8.038774 4.181716 8.568747 1260261226621
-21.64421 13.675394 7.1641173 1260261226630
-21.859978 -2.2347798 -10.23947 1260261226644
-15.653976 -7.7592316 -14.849445 1260261226660
0.15687907 -8.843515 -28.940426 1260261226666
17.02224 -9.977715 -27.088533 1260261226685
2.692638 -6.257447 -24.776827 1260261226697
8.597935 9.102288 -34.640152 1260261226706
18.07349 19.93883 -20.221512 1260261226723
0.9210191 9.122374 -4.205433 1260261226737
0.10426283 9.375326 5.965512 1260261226764
8.927309 1.2823267 7.4753704 1260261226781
9.724306 9.98847 7.4512224 1260261226803
7.5484147 5.1852665 11.880051 1260261226816
1.4280868 -6.2148056 2.6840134 1260261226839
-3.5716743 15.05298 0.5568898 1260261226862
-1.9465129 0.6077547 -12.714417 1260261226879
1.3508787 23.511127 -18.52977 1260261226897
3.6269927 5.953459 -17.67802 1260261226919
4.2297163 24.694511 -20.020042 1260261226943
3.706593 3.9601774 -17.565498 1260261226957
3.0719109 20.761028 -12.050873 1260261226978
0.790298 3.042726 -16.84812 1260261227003
-5.1757603 5.20756 4.2290897 1260261227020
-7.9004292 4.2154264 8.792205 1260261227043
-3.917245 -9.541321 9.520666 1260261227058
