7.468864 -17.302473 1.5998194 1260255566794
10.480754 0.7085204 -0.63342774 1260255566807
12.417869 -14.547528 -1.2698447 1260255566814
10.112471 -15.166441 -8.592753 1260255566824
6.8899117 -11.353493 -17.721148 1260255566834
4.2724185 -6.9054337 -23.503101 1260255566845
2.6261454 -1.1266639 -26.424091 1260255566854
1.782198 4.3609447 -25.512331 1260255566865
1.3875427 7.3103604 -19.677853 1260255566872
1.6252087 4.300008 -11.315316 1260255566883
3.8039076 -6.517149 -7.091299 1260255566892
7.755561 -4.6048164 -9.874934 1260255566930
-1.6698434 -20.888996 0.38918513 1260255566940
-14.5294285 -20.349503 14.549679 1260255566949
-16.973581 -14.694129 15.654517 1260255566960
-10.993351 -24.313011 31.57397 1260255566968
-2.7225099 -34.041008 25.11259 1260255566984
2.7548666 -19.641981 19.917175 1260255567004
3.0312018 -7.088113 17.087118 1260255567011
-0.7076001 -14.14255 3.7511902 1260255567022
-5.352671 -19.624071 3.3237162 1260255567031
-8.920854 -18.669712 0.8750007 1260255567046
-9.360094 -4.688793 -5.774697 1260255567055
-6.465426 -9.914234 -0.14708853 1260255567066
-0.96021676 5.6451674 -11.785157 1260255567079
6.612651 -5.897786 -26.33095 1260255567090
13.075806 -11.225932 -18.949102 1260255567103
15.73653 5.6560717 -24.669426 1260255567125
13.916219 -2.1553698 -19.211752 1260255567147
9.488714 -8.439728 -28.833635 1260255567162
4.169756 5.216652 -12.588284 1260255567183
-0.07852697 -8.941755 -21.256273 1260255567207
-2.0217905 -18.865082 -13.258975 1260255567224
-2.2276974 -18.401142 -9.573956 1260255567242
-1.7894832 -14.605282 6.4808855 1260255567264
-1.3776999 -30.842855 20.306343 1260255567288
-0.66734976 -30.762478 6.788232 1260255567469
0.6541845 -12.230341 18.485865 1260255567483
2.0362682 -25.241673 18.357895 1260255567492
3.989152 -11.675514 -0.44005108 1260255567503
5.931136 2.7834468 3.384545 1260255567510
8.586665 4.650402 1.8281186 1260255567524
3.7301874 -4.4908814 6.2156944 1260255567531
-12.313677 4.3758163 -2.9974253 1260255567543
3.2100618 -8.857788 -7.2090874 1260255567552
-6.5050106 4.428975 -10.457765 1260255567563
-13.0524845 -4.5104957 -10.614478 1260255567574
2.4546542 -11.39003 -1.5182886 1260255567590
-5.266452 4.6282635 -7.424385 1260255567601
-15.442712 -4.5495105 -2.6252298 1260255567610
-10.774881 -13.625096 -3.4714494 1260255567622
-8.604862 -8.949234 2.0190206 1260255567633
-7.700856 -12.694113 -6.55486 1260255567647
5.6646814 -21.716682 -6.4897842 1260255567655
14.068176 -21.082396 2.1588569 1260255567669
9.593187 -14.495255 5.8947372 1260255567689
0.79310155 -30.506306 15.05962 1260255567701
-5.719287 -31.958883 3.627754 1260255567724
-8.33951 -14.9717865 5.362497 1260255567744
-8.044218 -7.4762936 0.33231583 1260255567769
-6.819911 -3.3293056 -4.2593803 1260255567783
-6.1982317 -4.2246137 -0.3607688 1260255567803
-5.029775 -16.49107 -9.186415 1260255567827
-3.7876582 1.7143679 -18.544788 1260255567842
-2.017696 -6.0711346 -3.528967 1260255567864
0.35654485 -6.31234 -23.286957 1260255567885
2.4745648 4.192389 -8.712512 1260255567907
4.211569 -13.520513 -12.235573 1260255567923
5.0299635 -2.9861386 -20.631926 1260255567945
3.8298333 4.1016307 -9.830149 1260255567967
0.7842152 -2.2069426 -0.17644215 1260255567992
-5.36443 -3.5826178 3.3335695 1260255568005
-11.457888 -1.935296 0.96303314 1260255568024
-14.388683 -23.98779 3.8838463 1260255568048
-15.220429 -10.518294 9.018952 1260255568234
