11.514399 -8.890222 -4.499386 1260255995448
0.6835661 7.551172 -2.0998547 1260255995454
10.769723 -0.21851575 9.052931 1260255995474
7.7012234 -3.745535 14.921158 1260255995489
-6.26296 -5.2389803 11.941679 1260255995500
8.402586 -3.5189803 10.161852 1260255995510
1.8837378 -0.025059223 26.774363 1260255995525
-8.454136 2.845408 11.224364 1260255995533
6.2967625 3.23009 2.242436 1260255995551
11.208441 -6.910763 1.1712787 1260255995564
8.375692 -11.978799 -5.608028 1260255995571
-4.0228786 -1.7501066 -21.455717 1260255995582
-5.3261843 9.008972 -25.535818 1260255995591
8.253722 -2.7416906 -21.367691 1260255995605
10.890389 8.413513 -23.646688 1260255995658
-2.4416118 14.584469 -34.389362 1260255995676
-8.325245 -2.6036415 -25.942966 1260255995690
1.8164899 -3.6850128 -33.312172 1260255995699
9.622215 7.5996814 -20.114815 1260255995713
0.9872037 -9.2599 -3.8790855 1260255995722
-12.079204 -7.4667926 -2.3226607 1260255995736
-0.8164458 -23.019073 17.88196 1260255995745
2.6901498 -12.094511 19.41437 1260255995762
-12.581864 -23.642508 33.162178 1260255995780
-15.498186 -26.67638 25.787308 1260255995787
-1.6519599 -17.893333 29.246595 1260255995815
3.256876 -8.978463 13.352793 1260255995822
-12.934763 0.7870188 3.263658 1260255995838
-5.316205 6.6370296 -6.3021874 1260255995850
4.2349977 -2.1808133 -23.9933 1260255995861
8.482428 -4.566056 -23.261627 1260255995872
10.775358 9.427302 -28.981724 1260255995881
11.530191 16.544533 -30.919409 1260255995887
10.489876 4.9947724 -30.820667 1260255995893
8.149973 0.07325649 -21.363968 1260255995911
5.866224 4.0411353 -6.380653 1260255995924
8.864372 -7.3891954 6.0899124 1260255995934
12.436718 -14.199829 6.6140547 1260255996150
15.603183 -25.941265 22.936634 1260255996156
17.33035 -21.62023 22.442703 1260255996171
15.723587 -5.629133 17.355877 1260255996188
11.679565 -11.795729 8.222019 1260255996202
8.926561 -8.660562 4.9609795 1260255996211
5.351691 14.062162 5.606058 1260255996222
-12.478178 13.409308 5.0757036 1260255996229
-11.2820215 7.870058 -10.625861 1260255996246
1.6856909 2.4866018 -6.372156 1260255996253
-6.1318526 0.24829292 -9.0336685 1260255996269
-15.893512 -0.75014496 -11.347508 1260255996285
-11.591471 -3.764016 -5.5185704 1260255996294
-6.1870704 -3.1452146 -14.205955 1260255996301
-6.021216 1.420466 1.8497713 1260255996319
3.524282 -18.560562 0.60771847 1260255996333
12.458355 -21.351116 24.09956 1260255996342
16.915365 -20.243034 15.10994 1260255996353
16.424215 -30.63613 13.899781 1260255996365
11.804336 -11.626062 6.2567687 1260255996380
4.3866806 -7.1124325 -4.317873 1260255996399
-0.64511156 -5.9109106 -23.288774 1260255996405
-3.0569496 -15.072492 -28.591515 1260255996419
-4.3447943 -4.162936 -23.13172 1260255996433
-5.274166 7.5356193 -31.131256 1260255996439
-6.5758295 -2.7100875 -24.057484 1260255996459
-8.104403 2.6855073 -27.66227 1260255996473
-7.6179595 9.654257 -14.706711 1260255996493
-2.113826 -8.514105 -20.576551 1260255996523
4.8557487 -15.659466 -9.633852 1260255996543
6.5821667 -7.278919 1.7844257 1260255996563
6.4385204 -28.686382 10.600678 1260255996593
6.4777884 -15.251719 7.4361706 1260255996611
8.261394 -9.960138 18.497307 1260255996630
11.0523205 -19.342155 16.323399 1260255996653
13.1892185 -18.070608 12.688804 1260255996684
7.5126 -9.067487 18.476315 1260255996700
-2.8366132 -1.0401464 13.14266 1260255996723
