3.256343 -5.0424724 -5.444825 1260255516481
-0.5607562 -17.394566 4.3630004 1260255516493
-3.4478002 -0.5877156 5.8431034 1260255516502
-5.5672894 -16.832983 -0.1370616 1260255516514
-6.1623163 -15.067327 -7.520107 1260255516523
-5.133893 -10.965584 -11.744865 1260255516534
-3.1812253 -8.734245 -16.651476 1260255516541
-2.693645 -8.755621 -24.758663 1260255516552
-4.63667 7.049141 -26.926052 1260255516561
-8.776954 4.3277926 -17.079966 1260255516573
-4.8334646 -5.4555345 -18.754171 1260255516610
0.5471077 -22.698303 0.70072806 1260255516619
-18.069796 -23.134048 3.8565483 1260255516630
-22.718105 -19.788574 23.642582 1260255516639
-11.076237 -15.865493 27.554152 1260255516650
-3.300045 -11.34025 24.426907 1260255516660
-6.517203 -7.624655 23.543165 1260255516675
-12.567898 -4.165553 20.676884 1260255516684
-14.196071 -4.749036 12.5805435 1260255516696
-11.329205 -12.095431 2.5461638 1260255516712
-8.987227 -6.8596325 5.2134 1260255516721
-8.725767 -9.25314 -6.257394 1260255516732
-6.2341638 -6.328313 -16.843517 1260255516741
-2.4990475 -6.5953445 -24.803576 1260255516759
1.8108706 -10.092636 -28.860773 1260255516771
6.074466 -13.579388 -25.786194 1260255516794
9.0692425 -10.659302 -20.869965 1260255516815
9.734472 0.32232428 -20.671694 1260255516838
7.8789854 2.7978587 -26.170877 1260255516852
2.2297242 -17.808401 -14.77236 1260255516874
-9.111856 -14.2653885 -13.265949 1260255516897
-15.227936 -27.962318 5.574505 1260255516912
-15.301048 -29.166405 14.892342 1260255516932
-12.8867855 -18.107801 19.034819 1260255516954
-10.052473 -18.774277 23.65348 1260255516978
-8.318141 -26.756638 16.64211 1260255517154
-6.3529797 -25.872623 9.750235 1260255517163
-0.033804417 -18.682205 9.730722 1260255517173
10.409237 -10.334181 5.9966855 1260255517182
9.552976 -3.7368944 4.461261 1260255517194
5.8200936 -7.874663 -9.029332 1260255517203
4.0488796 6.936082 2.1852162 1260255517215
-11.542534 10.015354 -4.59073 1260255517222
-5.633856 5.7970653 -9.490767 1260255517241
-11.073777 -10.337142 2.5155137 1260255517252
-8.27314 -1.9551961 6.0494695 1260255517259
-18.00879 0.68703103 -0.5373411 1260255517272
-3.384277 -8.21785 -13.506018 1260255517279
-1.7058381 -10.830061 3.2039022 1260255517292
-7.7567706 -12.799117 0.5275507 1260255517303
-1.5403285 -26.32779 -1.3699481 1260255517314
8.861095 -29.812998 11.430649 1260255517324
12.597776 -22.88907 9.806951 1260255517338
9.858472 -16.174757 10.5051985 1260255517356
3.612131 -19.827286 17.253763 1260255517372
-2.0138485 -22.53708 13.029075 1260255517402
-5.4362993 -14.057008 6.787014 1260255517414
-6.6035795 -0.5785513 -10.563534 1260255517434
-7.2501316 -15.565113 -10.071151 1260255517459
-7.8249626 4.573004 -19.811514 1260255517473
-8.940233 -4.0564265 -10.413057 1260255517494
-9.966406 -3.322531 -21.85075 1260255517512
-10.723851 2.2329288 -13.311412 1260255517535
-11.213213 -5.3156877 -19.542612 1260255517554
-11.091416 -8.00525 -9.050859 1260255517573
-9.720287 3.2527952 -9.187488 1260255517597
-5.552489 -0.51097393 -11.195944 1260255517613
-0.28023958 -2.8934479 -3.4551196 1260255517635
2.3587847 -23.408236 7.5357714 1260255517655
2.953745 -12.41725 8.604915 1260255517679
2.8283563 -25.225754 14.322497 1260255517693
2.666051 -13.035473 19.032999 1260255517715
3.2039576 -22.503452 12.627744 1260255517737
4.1060286 -13.19525 17.60071 1260255517904
