14.748968 16.572536 -2.4646664 1260261126568
11.91056 -0.36099672 4.6834574 1260261126580
2.2121267 14.779585 8.965848 1260261126824
-12.493141 7.726965 8.044457 1260261126835
3.6516037 -5.2963915 9.903657 1260261126848
-14.81278 -6.956048 6.063643 1260261126865
-1.8455496 1.1030512 9.61183 1260261126880
-3.7435699 -9.662484 -4.7036724 1260261126889
-15.5539875 -9.99591 -7.819654 1260261126902
-13.133293 -1.6611345 -0.5776453 1260261126915
-1.9460993 12.733478 -14.481443 1260261126925
-9.554327 1.2065969 -10.475929 1260261126936
-17.175074 8.593777 -30.803837 1260261126945
-19.288086 13.921763 -23.54729 1260261126956
-17.723818 11.745152 -28.327877 1260261126968
-15.052027 12.943595 -30.079624 1260261126982
-12.299 16.804285 -28.643152 1260261126994
-8.791269 2.4879255 -22.70907 1260261127007
-2.582373 12.287618 -27.471775 1260261127021
6.9919443 -4.8166437 -9.379684 1260261127030
13.063361 -8.753808 -10.872234 1260261127045
4.3852262 -11.7618475 0.02289915 1260261127063
-2.891622 1.9264011 8.683588 1260261127080
0.6498095 -6.256347 13.747412 1260261127088
6.180066 -9.098128 4.836545 1260261127109
-2.2994413 8.702993 4.012577 1260261127121
-17.523823 -5.64838 9.094648 1260261127130
-7.7550673 4.298052 18.439533 1260261127142
-3.7410202 15.558486 10.236754 1260261127148
-19.937206 7.5165186 12.4874115 1260261127177
-15.943905 1.3259153 -1.4996631 1260261127184
-1.8318052 9.482081 2.4702504 1260261127200
-5.6776276 16.677387 2.216454 1260261127216
-14.475452 -0.9195585 -6.457476 1260261127226
-16.6886 15.608285 -10.833563 1260261127239
-14.966671 5.6707296 -8.746919 1260261127250
-10.537497 3.3064766 -18.989925 1260261127267
0.40023524 16.316013 -11.395336 1260261127287
12.619225 -1.4776125 -18.591534 1260261127305
6.9592667 17.432407 -16.197088 1260261127322
-1.8463893 1.2454362 -19.574207 1260261127534
