5.317802 -5.8597484 14.069683 1260255559242
5.325432 -6.7767396 -7.5281744 1260255559252
3.1670527 2.489647 -5.6796236 1260255559288
0.81739104 1.5547824 -6.6608343 1260255559299
-0.947536 -0.22313261 -9.647433 1260255559312
-2.2336183 -2.5573277 -11.466522 1260255559323
-3.2894087 -5.3008256 -13.54165 1260255559334
-4.116151 -7.0565357 -15.5203085 1260255559350
-4.5093546 -8.380158 -16.396084 1260255559366
-3.938714 -10.06635 -17.030329 1260255559382
0.8419869 -5.788989 -21.586533 1260255559404
4.874696 -14.75017 -5.3334093 1260255559428
-3.6735187 -26.654385 1.7589715 1260255559440
-13.498442 -31.170017 20.033012 1260255559461
-18.497047 -22.896126 23.692026 1260255559486
-18.04078 -16.587986 25.368889 1260255559500
-13.861476 -26.128374 30.142769 1260255559521
-7.3437657 -28.08951 15.813651 1260255559540
-0.42961407 -16.002699 4.3435154 1260255559560
4.8017044 -7.0799932 4.0644293 1260255559583
5.0873365 -4.907502 5.4718823 1260255559763
1.1375489 -17.023264 -6.659659 1260255559773
-0.28479707 -0.5652623 0.07475281 1260255559784
2.447567 3.4639568 -20.335354 1260255559793
7.058326 -9.19872 -25.395018 1260255559805
10.807643 -7.6467505 -21.579193 1260255559812
12.206074 1.252297 -28.527916 1260255559827
10.677854 2.988983 -33.14325 1260255559833
6.8428116 -2.091439 -33.74951 1260255559844
2.8039389 -4.7541533 -29.85874 1260255559855
0.3708756 1.2060423 -21.139624 1260255559880
-0.10878044 -22.203094 -3.3065639 1260255559889
-0.223519 -25.411583 11.496658 1260255559901
-1.1167917 -30.458984 18.87384 1260255559910
-2.8378735 -33.96073 20.724293 1260255559922
-4.7927938 -33.31469 17.51297 1260255559929
-6.641328 -28.900743 13.928373 1260255559940
-7.65117 -20.637344 12.839411 1260255559951
-8.728368 -12.353879 10.226336 1260255559968
-11.02225 -10.181725 1.5880661 1260255559984
-0.76663494 0.32256985 8.36723 1260255560007
1.3823102 -11.969502 -2.9104333 1260255560024
-14.254209 -2.3525648 -6.194648 1260255560042
3.1601005 8.385198 -3.6543021 1260255560066
-12.978315 -4.2995043 -11.272996 1260255560084
-9.193689 -7.9274015 -11.616923 1260255560105
0.9095688 5.1525583 -5.7326746 1260255560123
-11.86776 -12.112282 1.0904615 1260255560151
-14.076874 -3.376866 -6.256522 1260255560164
-8.043093 4.0631433 -4.2672276 1260255560185
11.240948 -1.8966765 0.23650312 1260255560205
6.545501 -13.481216 -11.536564 1260255560223
-1.5137887 -10.013303 -0.056552753 1260255560244
11.9299 -24.512405 -7.2960896 1260255560262
17.8345 -35.731705 3.663954 1260255560290
7.1007924 -30.071056 -4.6541634 1260255560303
-3.7428885 -17.514633 -1.929044 1260255560324
-6.2815285 -15.736845 3.833698 1260255560347
-5.812948 -16.07771 4.2359953 1260255560528
-7.6211104 -19.638378 -7.1142635 1260255560542
-10.888449 -0.24577951 -12.286259 1260255560549
-13.092415 -9.569924 -9.284359 1260255560561
-13.005194 -1.475512 -9.677684 1260255560570
-11.631896 -5.750842 -17.213345 1260255560581
-10.555246 -0.30236244 -8.371866 1260255560590
-10.227294 -3.4654408 -19.360336 1260255560599
-10.48034 -6.025143 -10.749971 1260255560607
-10.929762 4.6058064 -14.738693 1260255560649
-11.126993 -12.227897 -12.727656 1260255560670
-10.728607 -17.66045 -7.5256944 1260255560683
-9.486185 -20.143703 -7.362587 1260255560692
-8.568674 -7.1852674 -1.7151735 1260255560709
-8.035044 -23.652946 13.811625 1260255560720
-7.6452646 -22.953094 0.3493147 1260255560729
-8.010371 -13.999445 17.41192 1260255560742
-8.341368 -28.10402 8.84777 1260255560748
-8.835723 -6.7983446 7.5558424 1260255560761
