3.649865 3.0199895 2.1320822 1260256660823
-1.8364687 2.6841083 5.0172086 1260256660830
0.56654024 2.8645506 9.288223 1260256660842
8.273689 3.2667484 10.46456 1260256660850
15.17824 4.0685434 8.164949 1260256660861
16.834385 5.23505 5.904334 1260256660898
10.809162 5.7499967 8.866849 1260256660907
-0.5135193 1.889671 11.455327 1260256660918
-4.2570925 -8.13715 3.9274979 1260256660928
4.6129203 15.601404 10.401434 1260256660943
1.8726535 1.8705616 14.359131 1260256660952
-17.569685 21.2807 13.976449 1260256660964
-8.077932 4.2839375 7.9803467 1260256660980
-22.631838 -4.7851467 20.64494 1260256660991
-13.068073 -9.669425 8.3013735 1260256661169
-23.866142 -22.943232 -3.6189198 1260256661186
-11.153193 -34.23004 -7.4448924 1260256661194
-0.38047993 -30.868977 -24.850414 1260256661207
3.7175438 -20.12395 -32.72095 1260256661218
4.984074 -8.537964 -31.329334 1260256661227
5.793939 0.5111742 -25.010654 1260256661233
7.769006 5.5882225 -15.390082 1260256661245
-6.8213625 -4.5972543 -7.499866 1260256661253
-14.903795 10.56932 8.718979 1260256661268
-2.1995602 19.658583 6.331376 1260256661285
-26.053823 1.1939979 7.0425115 1260256661291
-7.716485 -13.344427 3.3238785 1260256661302
-19.491966 -18.977001 1.2689152 1260256661311
-17.19878 -14.349013 -14.149729 1260256661328
-8.267376 -29.288082 -29.383556 1260256661340
1.3466661 -33.869324 -19.396526 1260256661349
8.860365 -15.284976 -20.684914 1260256661363
11.766107 -19.934769 -28.764187 1260256661380
10.646379 -24.980907 -21.232708 1260256661392
6.6863585 -3.7902546 -17.744717 1260256661407
-3.8379042 -8.322292 -23.413605 1260256661427
-20.476261 -13.849424 -8.127199 1260256661442
-10.020827 6.2782726 0.13783884 1260256661464
-29.066692 -5.166718 18.781982 1260256661487
-26.628326 0.2051301 30.35495 1260256661501
-14.430199 -18.632437 20.33526 1260256661523
-10.461515 -10.347113 19.674725 1260256661546
-15.975817 -8.399547 8.957865 1260256661566
-13.755502 -26.163128 -8.8606825 1260256661581
-1.5428404 -8.162832 -9.692162 1260256661604
12.405052 -21.195183 -22.563915 1260256661627
8.985307 -17.377708 -33.939903 1260256661644
-2.781835 -5.711021 -22.660044 1260256661663
-6.8051677 -20.889688 -22.119843 1260256661686
-13.342908 1.2744541 -14.275474 1260256661703
-7.0814843 -10.712641 3.609244 1260256661721
-12.463564 4.8227534 11.787269 1260256661743
-26.110842 -16.849781 23.318766 1260256661927
-30.035076 -2.0318756 24.362436 1260256661941
-24.956085 -24.825642 21.831413 1260256661950
-17.550611 -21.989113 3.2917976 1260256661963
-10.808955 -16.134743 -8.677286 1260256661973
-9.968375 -29.007755 -6.781287 1260256661984
-9.850243 -10.099557 -17.089294 1260256661993
2.08349 -29.398487 -20.285072 1260256662004
15.256764 -9.461138 -27.258804 1260256662013
9.556311 -24.801134 -27.723488 1260256662030
-2.3502655 -3.2502651 -15.754158 1260256662041
-5.6833806 -14.82601 -19.795952 1260256662051
-0.8948536 0.19865608 -0.96692604 1260256662062
-9.550824 -21.734032 15.094797 1260256662071
-14.397858 -7.2207737 20.600857 1260256662088
-14.510192 -26.76918 12.179929 1260256662100
-11.65328 -30.880617 20.522312 1260256662109
-10.036104 -18.638565 16.649944 1260256662126
-8.786748 -25.364956 1.4758945 1260256662134
-2.1277683 -10.936979 -18.16991 1260256662148
9.028148 -12.615309 -11.552497 1260256662168
10.32563 -15.948078 -15.234381 1260256662181
-0.23138762 -10.854921 -33.341988 1260256662204
-6.577297 -22.940897 -22.83834 1260256662225
-7.034022 -8.019485 -20.346947 1260256662249
-9.513179 -9.697347 -5.9572334 1260256662262
-15.461546 -15.876116 -2.7973235 1260256662286
-19.074455 -26.3514 12.24923 1260256662307
-19.158365 -4.858694 19.57164 1260256662320
-15.612808 -18.063253 14.580617 1260256662344
-8.96837 -0.30766106 22.207094 1260256662365
-0.28181124 -17.507496 8.605202 1260256662388
-0.3381189 -10.0922 3.950346 1260256662400
-5.3474894 -11.290649 -17.89023 1260256662424
-0.33477497 -28.215065 -21.221323 1260256662470
14.5295105 -9.432885 -22.185114 1260256662494
14.633932 -18.983877 -21.379066 1260256662508
2.6319718 -17.795618 -4.334497 1260256662522
-5.7068977 -2.005145 -3.285512 1260256662692
-4.357625 2.1802268 -5.908 1260256662709
3.9819665 -12.831308 2.7968848 1260256662720
-10.421293 -3.6130161 -0.901093 1260256662727
-17.49311 6.816711 9.596895 1260256662739
-13.270006 14.689423 13.315325 1260256662747
-3.2971992 5.777812 8.506036 1260256662759
-25.30038 -6.9800944 1.4660273 1260256662768
-14.426397 -7.557767 -8.7856245 1260256662779
-5.3680506 -7.684644 -3.6481535 1260256662793
-2.2026129 -16.451298 0.4355669 1260256662805
2.519014 -29.70905 -4.6115203 1260256662813
3.6561365 -21.914629 -0.07878041 1260256662825
1.8317809 -14.068697 1.0436666 1260256662832
-2.4393597 -17.189768 -6.910865 1260256662850
-7.7398634 -17.798695 -5.742729 1260256662861
-11.8540745 -16.978197 -2.7451854 1260256662870
-12.894791 -14.325941 1.372266 1260256662887
-11.517454 -9.907666 4.4579916 1260256662899
-9.185696 -5.4927216 4.6111655 1260256662911
-7.117531 -1.9220219 3.1102538 1260256662932
-5.914901 -0.46440315 -1.1640837 1260256662943
-6.9235706 -4.5311904 -6.106053 1260256662964
