-5.15168 8.305182 12.353907 1260256512422
-9.071636 -1.1784034 8.589746 1260256512433
2.7035382 11.919477 0.16692495 1260256512470
-1.8466139 8.351406 -0.40671062 1260256512480
-14.311351 2.5266523 13.04476 1260256512491
1.321393 -11.931439 5.5762806 1260256512524
-0.7948146 -31.09322 1.4299159 1260256512537
-6.522725 -17.940483 6.827571 1260256512543
-4.5159893 -29.534266 -8.997764 1260256512555
-0.3688674 -27.063885 -1.8588171 1260256512573
4.683194 -9.203806 -3.9407682 1260256512580
9.570015 -0.74666405 -13.611442 1260256512594
11.038641 1.3552856 -16.135033 1260256512600
8.997912 7.3558464 -11.442041 1260256512619
-1.0240685 -4.1498175 2.2771678 1260256512630
-11.89451 11.732276 -0.9480662 1260256512642
-2.141914 18.238792 2.1709204 1260256512658
-2.1550736 4.0995264 -9.569153 1260256512673
-9.331261 8.410798 -10.252375 1260256512692
-0.08091354 -2.2696114 -2.1817927 1260256512715
-1.5099053 -10.513798 -12.6097555 1260256512737
1.7398431 -35.152596 -11.661974 1260256512751
10.401087 -24.457712 -0.8006444 1260256512771
14.219616 -17.5745 -10.78471 1260256512796
13.542505 -28.386799 -7.7739215 1260256512813
10.056801 -4.079725 -9.423525 1260256512831
-2.230033 -6.6440554 7.682488 1260256512854
-8.083639 10.391916 2.9692063 1260256512877
-0.5911764 6.2671695 -9.166446 1260256512893
6.605625 -5.458553 -15.362179 1260256512912
11.682296 -21.704935 -11.6219425 1260256512936
12.881387 -14.2077265 -11.397106 1260256513115
13.250219 -11.578865 -18.984322 1260256513129
11.698639 -21.55434 -11.202415 1260256513139
2.7979884 1.287035 1.1095204 1260256513149
-8.216324 -2.5365763 11.105608 1260256513156
2.2913256 5.277668 8.398873 1260256513164
-3.253014 -0.9845736 12.313939 1260256513177
-17.177582 1.7030808 31.943165 1260256513188
-22.21865 4.759219 28.135818 1260256513197
-10.288862 -13.704096 25.859766 1260256513214
-11.479031 -15.817966 21.567436 1260256513222
-26.205177 -17.070404 4.98209 1260256513233
-14.804179 -7.859761 -4.799768 1260256513244
-7.377609 -28.744448 -9.244457 1260256513259
-5.357977 -25.140125 -32.799477 1260256513275
-5.9147606 -14.429007 -23.69791 1260256513281
-6.5759497 -29.181862 -26.937794 1260256513300
-5.5422597 -14.604723 -18.676403 1260256513311
-5.6184645 -7.0907884 -28.264122 1260256513320
-10.810364 -18.364998 -15.75844 1260256513338
-15.626096 1.9968944 -12.581221 1260256513351
-1.591321 -7.227583 8.104559 1260256513374
-1.78757 -19.55811 16.005121 1260256513395
-5.206392 -5.992071 24.37644 1260256513417
-6.4809933 -18.40831 15.80724 1260256513432
-6.281219 -26.006992 21.774267 1260256513453
-8.808284 -15.452746 22.21202 1260256513477
-11.151386 -20.449974 -5.084404 1260256513491
-4.835277 -4.4017553 -6.437013 1260256513512
7.473119 -19.71852 -25.808838 1260256513534
14.260127 -12.6842985 -26.80438 1260256513557
9.009876 -7.093437 -16.783714 1260256513571
0.59882295 -15.921314 -25.077093 1260256513593
1.2511888 -5.0492563 -1.2245913 1260256513616
2.2630258 -22.3283 5.5568705 1260256513633
1.4745393 -11.307709 18.998356 1260256513651
2.185401 -18.799908 17.259573 1260256513674
4.613436 -30.317532 19.464542 1260256513693
4.9524646 -13.515474 15.442816 1260256513879
3.0180204 -3.1503267 6.441438 1260256513893
5.843572 -18.605434 -9.895462 1260256513903
11.260649 -2.6278896 -17.339903 1260256513914
9.097286 -26.863632 -24.860739 1260256513923
0.7673435 -13.271383 -18.874556 1260256513935
-5.2429256 -19.21754 -20.609287 1260256513942
-9.597007 -28.400246 -11.595628 1260256513953
-14.747143 -24.691597 -0.8748846 1260256513962
-10.273066 -2.2648587 3.77706 1260256513973
-2.9788451 -14.981691 15.2173605 1260256513992
1.8308587 2.7020328 17.580791 1260256513999
1.4836149 -1.731051 16.484219 1260256514010
0.8549335 -19.38525 1.997699 1260256514019
9.505567 -19.159658 -12.150473 1260256514035
11.736131 -12.732108 -12.201555 1260256514043
4.8593564 -24.368977 -22.238571 1260256514054
-3.547689 -30.461412 -10.357389 1260256514073
-7.361186 -18.586863 -9.325146 1260256514088
-7.2759504 -4.9326415 -8.940184 1260256514100
-9.004812 1.5108042 -2.8238788 1260256514114
-9.895324 -9.701518 6.517932 1260256514135
4.659763 7.7536283 6.5655413 1260256514158
-0.2500825 14.221533 4.2256055 1260256514171
-15.787973 15.986687 9.661741 1260256514199
-15.170872 5.426991 -3.1739058 1260256514217
-8.43084 -3.639921 -0.19018412 1260256514234
-22.525127 5.2158556 -4.236717 1260256514253
-4.9051647 -1.0658579 2.5685875 1260256514274
0.12629509 -22.873096 0.064424865 1260256514296
3.319285 -24.320492 3.1206691 1260256514311
0.31272316 -15.69574 1.0153463 1260256514334
-6.4869823 -25.253637 -10.845775 1260256514356
-11.580259 -34.914177 -2.6075132 1260256514377
-13.953714 -23.72921 0.8561317 1260256514392
-13.137109 -11.186158 -0.95057094 1260256514414
-9.4183445 -8.201195 1.6387167 1260256514437
-5.966177 -5.528529 4.2160945 1260256514453
-2.887483 -2.7183113 4.635086 1260256514609
