15.813028 -1.3539076 7.268977 1260256471064
7.4784155 5.668807 -0.54091644 1260256471073
-4.187161 4.122299 0.46101594 1260256471085
-2.4904122 -0.8834553 10.481865 1260256471091
-9.406852 0.9897332 5.7709103 1260256471103
2.4048698 10.52832 0.32044697 1260256471144
-11.150866 9.985176 4.6577907 1260256471151
-7.601 1.97683 11.840086 1260256471162
-6.992525 -12.559608 14.147491 1260256471171
-18.93335 -33.028694 1.284663 1260256471184
-11.28355 -18.911163 -8.4050255 1260256471201
-2.0650048 -21.935678 2.2195673 1260256471208
0.69941926 -26.370075 -13.773371 1260256471226
-0.5404234 -7.079905 -16.886147 1260256471408
-4.009734 1.0796351 -6.884994 1260256471429
-6.8669443 0.5363252 -2.4625554 1260256471443
-3.1837676 8.264576 -11.410681 1260256471451
6.868727 10.573083 1.0909424 1260256471462
0.16899657 0.66962385 -8.288746 1260256471471
-14.852888 0.60095835 -4.4732475 1260256471482
2.7252803 -11.140016 -4.8625813 1260256471489
-4.233375 -17.224392 0.5367627 1260256471502
-9.617474 -9.814348 -6.1539183 1260256471510
-10.259054 -34.306152 -9.191648 1260256471521
-7.7325644 -15.250665 -2.6547174 1260256471532
-8.164766 -29.483833 -4.0822496 1260256471549
-9.710212 -3.7050877 -3.1259897 1260256471560
-10.169997 0.85944366 3.1558113 1260256471567
-9.419086 8.43979 2.945149 1260256471578
-5.8610363 0.47406617 7.8849463 1260256471590
-6.4475865 -12.698391 -8.085285 1260256471606
-7.167606 -4.453664 -3.7819064 1260256471613
-8.356533 -28.04617 -9.2395525 1260256471632
-9.055247 -16.285776 -4.5160484 1260256471644
-9.062401 -24.545782 -9.312632 1260256471663
-10.073842 -16.043747 -5.619527 1260256471678
-10.169125 -13.100981 -10.572404 1260256471691
-9.88114 -3.921863 -3.6655324 1260256471704
-7.7587585 -13.782713 -7.4426455 1260256471726
-1.4682746 -1.9374468 -15.21979 1260256471741
6.953141 5.570307 -3.5975075 1260256471762
-4.588975 -7.743575 8.278224 1260256471784
-16.252136 2.6238894 2.1582778 1260256471807
-2.7824783 -15.498589 7.008425 1260256471821
-13.475979 8.385809 7.313266 1260256471843
-26.941553 17.082962 22.006168 1260256471866
-26.465767 7.9806457 16.124168 1260256471888
-15.92369 8.404904 25.401638 1260256471901
-17.595137 16.872208 15.232304 1260256471924
-33.527245 -8.283507 11.346067 1260256471947
-13.859115 -20.303473 -3.9666152 1260256471963
-8.208342 -10.208489 -6.3224444 1260256472164
-0.5485296 -32.52318 -15.506649 1260256472174
4.4642935 -17.15443 -25.120232 1260256472186
-2.8255439 -33.436005 -16.295984 1260256472199
-8.1104965 -15.67894 -24.191591 1260256472209
-1.8139267 -28.637615 -29.19836 1260256472221
6.1227484 -9.133512 -14.86487 1260256472227
6.1961107 -22.232145 -16.196135 1260256472241
2.2376876 -0.030201912 -9.973037 1260256472248
-11.138413 -15.93391 -0.7269714 1260256472259
-16.736113 3.7900863 2.6506255 1260256472271
-7.3182 -14.285889 6.167348 1260256472288
-5.3494596 0.09973431 19.168436 1260256472294
-6.1162796 -20.84822 22.40678 1260256472305
-6.186947 -5.3151684 23.8022 1260256472314
-4.852699 -12.404635 8.438209 1260256472328
-5.5774903 -21.253883 -0.34456015 1260256472359
-1.2365408 -4.6865473 -3.3866522 1260256472370
8.160501 -24.415932 -13.097262 1260256472378
3.833247 -3.8388271 -22.871529 1260256472384
-4.57622 -16.590656 -25.382572 1260256472393
2.674097 -8.721198 -13.026937 1260256472414
7.637473 1.2166591 -22.659203 1260256472430
-1.1792953 -12.028098 -6.8884144 1260256472468
-19.564701 2.7253876 2.8891542 1260256472486
-20.305511 -22.451153 11.740501 1260256472500
-19.25888 -11.074061 11.180792 1260256472520
-17.589336 -17.915718 21.933853 1260256472540
-15.483884 -28.068869 13.500914 1260256472560
-14.189178 -26.752827 3.3746154 1260256472580
-13.108639 -20.812807 -2.575385 1260256472602
-12.4180155 -19.421791 -2.7271464 1260256472620
-6.2740674 0.010767937 -9.065861 1260256472640
8.053928 -17.632652 -20.587578 1260256472659
12.908596 -0.9359913 -24.444986 1260256472679
1.4846663 -11.90778 -13.155321 1260256472703
-8.147046 -0.83482265 -18.383986 1260256472720
-12.342654 -14.243047 -9.488541 1260256472739
-13.237225 -5.795676 2.1242104 1260256472760
-12.674966 -24.630104 18.568733 1260256472949
-11.268263 -30.045582 6.170614 1260256472961
-8.820043 -12.255336 6.824684 1260256472970
-5.3266788 -11.82608 15.263348 1260256472981
-0.97637296 0.106796265 -1.0382066 1260256472990
-3.9419606 -15.492371 -14.313486 1260256473002
-7.7870417 4.275795 -17.713129 1260256473009
-2.866644 -15.832186 -20.43667 1260256473023
1.7429869 -2.4618378 -21.342402 1260256473030
-1.7974567 -3.4850903 -8.685078 1260256473049
-9.3356905 -24.47394 3.6931896 1260256473061
-14.076988 -12.246658 18.162994 1260256473070
-14.747202 -16.375416 5.471272 1260256473081
-14.101164 -25.3104 2.5891685 1260256473089
-10.440695 -15.283141 -11.629063 1260256473107
-1.2294822 -2.0360298 -9.474466 1260256473119
8.977864 -19.830055 -19.988073 1260256473129
11.595664 -3.9546137 -17.373291 1260256473145
8.0085535 -2.5026302 -10.314247 1260256473162
3.8417835 -10.592435 -3.6399567 1260256473174
-5.7184644 -8.955664 17.358303 1260256473188
-13.555767 -10.709716 2.825128 1260256473209
-15.359909 -15.256888 9.327899 1260256473222
-13.0324 -22.0682 -0.7573507 1260256473246
-6.668047 -24.408848 -13.505322 1260256473266
3.2507753 -12.975225 -21.499218 1260256473281
8.676413 -10.674413 -11.52406 1260256473304
8.550068 -13.816177 -6.5883226 1260256473325
3.6941748 -14.471053 2.5659833 1260256473347
-10.267262 -3.1983376 -4.1862698 1260256473363
-17.248127 0.2522452 4.7336345 1260256473382
-6.427021 -11.014671 8.188155 1260256473407
1.2829394 4.4654255 0.55217934 1260256473421
-7.610594 -5.313248 9.0483055 1260256473444
-2.909877 -23.652626 -2.791204 1260256473464
5.631342 -24.783669 -14.681044 1260256473487
8.806858 -17.385132 -8.283026 1260256473502
5.751225 -9.895192 -8.504585 1260256473523
-1.2041745 -9.633619 -14.082899 1260256473711
-5.338298 -13.075193 -12.577892 1260256473722
-4.816868 -15.843809 -6.59433 1260256473732
3.3201678 4.811358 0.5011294 1260256473743
2.3377342 -8.962984 8.799063 1260256473752
-12.300154 -5.0592685 -0.2985468 1260256473763
-16.169155 9.986892 9.399844 1260256473772
-0.8885832 -0.06766373 2.663327 1260256473784
-18.598297 -2.2001414 -4.7028756 1260256473791
-17.088543 -13.595153 -5.6511254 1260256473805
-7.1064405 -2.893364 4.788898 1260256473821
-2.4899378 -11.544552 -9.885292 1260256473829
-1.9732633 -22.951103 -0.7654971 1260256473842
-4.055438 -13.338017 8.447805 1260256473849
-7.7572823 -21.998302 7.7107 1260256473869
-11.95572 -27.613438 2.9323416 1260256473879
-14.902841 -27.07482 0.15695071 1260256473886
-16.634247 -20.958485 1.9302981 1260256473905
-16.99606 -12.367967 4.8613067 1260256473914
-16.093613 -7.2441874 4.1912723 1260256473928
-15.655766 -8.043008 0.44682717 1260256473950
-15.784798 -15.192646 0.29769015 1260256473963
-15.915329 -19.87188 3.9253972 1260256473985
-15.345636 -10.788298 3.8595073 1260256474009
