-9.934667 -12.12526 8.625102 1260255682065
-9.144757 -6.215095 2.0736427 1260255682074
-7.9508905 -13.568649 -3.9090526 1260255682085
-6.6693525 -12.097733 -10.002751 1260255682121
-5.4609885 -9.742521 -15.435541 1260255682130
-5.014554 -9.760698 -18.114395 1260255682149
-4.5255513 -11.740286 -20.379276 1260255682163
-4.3402987 -13.022175 -23.036522 1260255682170
-4.2035446 -8.291534 -25.883417 1260255682184
-2.8257785 3.5765204 -21.984274 1260255682190
3.5414743 -11.9713 -1.651319 1260255682209
4.771617 -20.96192 -1.2785819 1260255682221
-8.7328415 -28.799751 14.60314 1260255682243
-18.711262 -23.61567 21.918655 1260255682415
-17.478054 -17.342308 24.736458 1260255682426
-8.810929 -24.837849 34.59419 1260255682435
0.33012867 -30.704842 21.918007 1260255682448
2.9808908 -20.025845 18.828161 1260255682459
-1.2142596 -6.5452185 16.94242 1260255682468
-8.3589525 -1.8882027 8.431438 1260255682474
-10.499468 -16.780304 -0.5757053 1260255682486
-8.829833 3.9048395 -6.991724 1260255682505
-4.8527455 -1.2815711 -22.010817 1260255682513
1.4750232 -12.132137 -22.33809 1260255682525
8.086177 -3.0042508 -15.06821 1260255682532
12.641806 5.7601557 -29.01453 1260255682543
14.133548 -12.549866 -26.800594 1260255682554
13.10552 1.2342899 -25.035166 1260255682569
11.105748 -7.22827 -17.82146 1260255682584
9.554316 0.582809 -15.715714 1260255682595
8.138382 -11.051989 -4.667119 1260255682610
6.815504 -8.766771 2.6003628 1260255682621
5.3244486 -22.233234 1.787868 1260255682645
5.8935213 -36.734016 16.772858 1260255682664
7.146662 -17.839062 21.07647 1260255682689
8.773104 -25.303967 11.596982 1260255682702
10.412884 -23.047157 20.338865 1260255682725
9.91502 -3.826334 10.96758 1260255682746
8.577954 -16.820751 5.6270742 1260255682761
0.44421673 -4.4410095 13.581813 1260255682785
-8.620391 0.34632802 8.930086 1260255682805
-3.6852427 -10.213852 -1.7365121 1260255682829
-9.036678 -6.9655256 -9.065784 1260255682842
-0.597147 -6.05471 1.3846896 1260255682864
-17.82174 -8.690032 -4.955036 1260255682886
-4.956593 -9.310063 -9.798345 1260255682902
3.0775743 -8.230442 -9.4236355 1260255682923
5.710947 -3.1290252 -8.330982 1260255682945
7.8124156 6.786792 -10.813986 1260255682968
-1.6510564 -15.570308 -3.2632957 1260255682987
-6.9563904 -22.39771 1.9070239 1260255683004
1.2195797 -27.482681 13.15477 1260255683189
11.150263 -27.838657 19.20299 1260255683200
14.144112 -22.540304 11.809464 1260255683209
7.567672 -15.777667 7.507231 1260255683220
-2.5751598 -11.896729 6.776718 1260255683230
-8.301779 -8.881026 1.556545 1260255683241
-10.695179 -16.006369 -3.4474065 1260255683247
-11.857401 -13.393208 -5.253571 1260255683259
-11.726769 -7.0513496 -14.313369 1260255683269
-11.274752 2.6343226 -10.647108 1260255683283
-11.065125 -12.756653 -14.340475 1260255683292
-11.148187 1.485986 -19.592548 1260255683302
-11.351442 -1.8486642 -16.295584 1260255683309
-11.474949 -8.933747 -18.215782 1260255683327
-11.959762 -1.327518 -17.971392 1260255683335
-12.973665 -6.3766737 -16.922215 1260255683347
-13.329057 -15.178289 -11.545191 1260255683362
-9.771643 -0.27083874 -5.995087 1260255683373
-1.5823693 -1.3485565 -9.963036 1260255683387
1.9196019 -19.3437 1.8164557 1260255683405
1.6786966 -22.450533 10.251833 1260255683429
-0.29327965 -16.426727 9.864439 1260255683442
0.38443756 -36.538223 15.091539 1260255683464
2.2935033 -20.285221 20.084444 1260255683487
2.8082323 -17.455578 8.084734 1260255683507
4.725028 -27.67503 8.791698 1260255683524
5.3462725 -15.2832155 11.648049 1260255683545
6.0643063 -2.8842096 5.6080008 1260255683571
