-6.580903 -6.877033 6.4926257 1260256313050
-6.638422 -3.2509456 5.417288 1260256313062
-6.666588 1.5085678 3.915252 1260256313071
-6.3248835 2.3594756 4.7111864 1260256313082
-6.3333426 1.2181773 6.724149 1260256313092
-5.41024 3.517097 7.3480077 1260256313103
-5.615787 3.2571797 7.7859735 1260256313112
-6.3864765 2.9418807 7.567412 1260256313123
-6.7720284 3.0762262 7.285921 1260256313130
-7.176118 4.3512 6.608219 1260256313140
-6.5083237 4.531755 5.765165 1260256313150
-5.166642 3.0670395 3.544145 1260256313161
-2.899526 -0.7057867 -0.13013458 1260256313167
-0.76631045 -3.3006928 -1.8771548 1260256313209
1.3646772 -5.2952433 -2.8386621 1260256313220
4.038455 -7.3555408 -2.90487 1260256313229
7.8053846 -10.300003 -1.0786109 1260256313243
11.7661915 -12.859327 2.335114 1260256313250
14.684303 -14.701725 5.850147 1260256313262
14.722515 -15.686316 7.363352 1260256313269
11.295937 -16.020813 7.1187716 1260256313289
5.086095 -15.808699 5.5062923 1260256313300
-0.6300206 -15.041252 3.7999747 1260256313308
-3.7774134 -13.589865 4.8053713 1260256313314
-3.8127608 -12.586446 8.160742 1260256313326
-2.1271396 -12.434215 10.94224 1260256313340
0.23274803 -13.402895 11.848456 1260256313351
3.0911906 -14.216795 11.405018 1260256313362
6.537526 -14.699798 9.965895 1260256313373
10.550284 -15.24387 7.430582 1260256313389
13.941425 -15.486782 5.022966 1260256313404
15.114575 -15.486982 3.5792542 1260256313421
12.1 -15.259962 2.5207467 1260256313449
4.065475 -14.5595665 0.62714314 1260256313462
-2.6191187 -13.050729 1.7222718 1260256313483
0.9725771 -10.42248 9.089724 1260256313502
12.076762 -7.2256546 11.381403 1260256313522
18.00811 -3.4204879 1.7772017 1260256313710
10.898946 0.5513215 -5.5684185 1260256313721
-0.26328087 4.631058 -0.019025445 1260256313730
2.0082912 6.1293316 -0.2163446 1260256313741
14.696312 2.3154438 -3.5585537 1260256313751
9.830427 -9.356251 4.0143766 1260256313762
11.902375 13.190773 4.0134773 1260256313769
-0.30633387 -5.8459578 5.4211836 1260256313783
-7.249957 -4.2249947 3.130775 1260256313790
3.6665707 -14.934716 16.117783 1260256313809
-13.033377 -24.258404 7.0347843 1260256313820
-3.9455395 -13.659252 3.0896492 1260256313828
9.924083 -32.293037 0.6515276 1260256313841
15.092983 -13.491958 -5.4690256 1260256313848
16.640594 -2.4375648 -7.406493 1260256313866
15.629416 -1.9670584 -5.745727 1260256313878
13.230094 1.1816632 -2.6391478 1260256313886
11.755866 10.742422 -7.3579693 1260256313899
7.4851694 1.9014845 -10.107695 1260256313906
-10.265157 -4.2409177 -2.5049398 1260256313927
2.0394084 6.3161793 -11.706734 1260256313941
-11.3155575 -10.024003 -4.984645 1260256313963
-8.638198 -14.806288 -14.284309 1260256313984
4.25669 -7.198202 -6.977584 1260256314007
9.873121 -33.71117 -5.1679 1260256314021
13.186297 -15.729469 -4.032008 1260256314044
13.917816 -32.19891 -2.4970431 1260256314066
12.196073 -8.136132 -2.9349303 1260256314081
11.6573715 -19.215645 0.49465203 1260256314102
11.687392 4.3657804 0.47030514 1260256314124
-4.148352 -4.3030643 -7.2418427 1260256314146
-2.2967067 12.274814 -2.9698877 1260256314161
3.674672 8.140649 -7.2475634 1260256314183
8.39046 -12.223139 -0.14808941 1260256314207
11.636162 -18.39872 -12.298052 1260256314223
12.453523 -21.084904 -9.016379 1260256314241
10.764304 -19.65036 -4.3382792 1260256314263
1.3765832 -18.211643 -14.788008 1260256314287
-13.218715 -5.7848997 -6.963867 1260256314468
-0.38283634 -0.16694388 -2.7439198 1260256314482
-19.59893 8.161243 12.780907 1260256314491
-9.031345 -2.1941788 25.248377 1260256314503
-9.255617 -1.5044672 27.98327 1260256314512
-28.941494 3.05929 20.382442 1260256314523
-18.339354 -12.002711 27.566956 1260256314530
-23.24094 -22.503834 10.837188 1260256314541
-29.922424 -26.366722 2.610777 1260256314550
-12.466325 -13.709376 -13.544367 1260256314561
-3.4391367 -27.628624 -8.183049 1260256314574
-0.9723448 -32.343372 -31.097656 1260256314586
-4.0265446 -17.731607 -21.75388 1260256314598
-6.9620047 -34.71588 -23.279482 1260256314607
-7.2599354 -12.370824 -18.994713 1260256314623
-7.687921 -26.208935 -18.266096 1260256314632
-11.593111 -3.2741394 -9.420798 1260256314643
-14.038137 -17.463593 -4.549863 1260256314662
1.7855053 1.9489403 -2.2938814 1260256314678
-18.80026 -10.570577 1.9162949 1260256314690
-6.258543 9.376675 12.014097 1260256314703
-0.9225254 -3.9723246 12.445864 1260256314724
-4.9827967 2.3391433 10.58769 1260256314747
-7.006606 -17.688446 5.81643 1260256314761
-4.171713 -28.927053 5.181747 1260256314783
1.9847145 -30.721962 1.6711125 1260256314805
6.6371713 -21.588781 1.3331642 1260256314828
7.720327 -10.960194 -6.7720003 1260256314841
0.967803 -26.04779 -9.916856 1260256314863
-4.4378605 -8.227592 -20.766 1260256314887
4.048122 -8.721769 -34.5748 1260256314901
11.565638 -17.738945 -19.249855 1260256314922
6.0881453 2.2069697 -13.866424 1260256314946
-9.262325 -12.738069 -7.996872 1260256314963
-18.105099 -19.88186 17.679134 1260256314981
-20.46482 -8.083534 20.331736 1260256315003
-18.637753 -22.681042 20.671278 1260256315027
-16.20862 -23.926926 11.454171 1260256315043
-12.575708 -22.232475 -0.37698403 1260256315225
-3.7673175 -7.963214 -16.924063 1260256315246
12.874097 -22.102127 -13.961365 1260256315254
16.300392 -12.371352 -19.799002 1260256315266
5.3391953 -16.785938 -27.099468 1260256315279
1.4227602 -20.90327 -4.551504 1260256315288
-5.0247335 3.450767 8.474192 1260256315294
-21.760088 -13.271707 16.008387 1260256315305
-21.003395 2.677182 21.151169 1260256315314
-6.045369 -18.337513 8.101318 1260256315326
0.86145544 -13.581542 3.4649568 1260256315339
0.98649716 -13.114967 -15.851261 1260256315351
-4.4277506 -34.339554 -18.049551 1260256315362
-2.3592916 -28.69349 -20.32912 1260256315371
6.73678 -13.921016 -13.125978 1260256315383
7.2906513 -13.968166 -1.8609962 1260256315402
0.40475273 -19.983723 3.3050303 1260256315409
-18.489351 1.6685934 1.2959181 1260256315428
-7.77918 -4.448636 -1.2984581 1260256315440
-7.4680977 -5.360269 6.6867256 1260256315452
-23.493275 7.418456 3.5134094 1260256315466
-6.697041 7.554282 -2.2295616 1260256315487
0.08552837 -11.889323 -5.4191427 1260256315501
5.630975 -7.8659363 -8.542134 1260256315525
0.2053774 -29.247416 -17.310177 1260256315547
-5.8697214 -29.72492 -10.745174 1260256315563
1.9934332 -10.343535 -11.9042635 1260256315581
8.325445 -15.988453 -1.881753 1260256315606
8.689175 -18.91734 -4.9036894 1260256315623
5.722967 -0.9380288 -5.363887 1260256315641
-10.909895 0.02103746 9.939729 1260256315664
-15.420859 -4.463214 5.113154 1260256315686
-12.982307 -2.683941 9.481091 1260256315703
-4.5459876 5.805291 13.816711 1260256315721
-10.165087 16.60982 3.86259 1260256315750
-26.335571 -6.106099 -2.188011 1260256315763
-11.178847 -8.5388975 -2.580521 1260256315782
-19.609217 -0.8761616 -1.6362445 1260256315802
-20.965456 -25.066124 -9.711964 1260256315991
-15.516506 -12.273769 -6.4259953 1260256316009
-9.698893 -27.962313 4.680776 1260256316026
-7.745791 -30.28376 -10.444635 1260256316033
-8.34035 -13.767675 -4.5058837 1260256316043
-8.291754 -26.044018 5.4121695 1260256316053
-6.864089 -31.538513 -6.604466 1260256316066
-3.6568785 -16.892979 -7.9856415 1260256316072
-1.0201473 -13.009001 -1.2389858 1260256316081
-0.42054462 -24.087759 -2.2378113 1260256316088
-0.8772135 -15.101968 -9.210322 1260256316101
-5.3349876 0.89677143 1.1650491 1260256316108
-12.28668 -11.752712 -6.4110537 1260256316114
