13.59336 -7.335229 -13.387663 1260255825219
2.4044735 3.697697 -6.38556 1260255825225
1.0953927 10.934978 -25.91673 1260255825240
12.098667 13.468693 -22.153336 1260255825276
-5.88014 14.213482 -21.897623 1260255825285
9.318792 8.87884 -29.465324 1260255825298
7.269333 -0.6964488 -14.141703 1260255825304
-6.203615 -1.1716533 -16.146116 1260255825320
3.9346633 5.8566 -0.7454481 1260255825334
9.063227 5.0712795 1.263489 1260255825355
-12.443051 -3.8677921 10.891078 1260255825371
3.6481514 -19.056221 22.956438 1260255825390
-12.61418 -30.895798 25.226519 1260255825410
-7.1354165 -11.046671 17.599588 1260255825431
2.6992846 -13.835487 17.29072 1260255825454
-13.489019 0.20876312 20.08337 1260255825471
0.94747925 -11.329129 12.742996 1260255825498
-8.77631 3.7125518 -4.3950925 1260255825514
-7.4905343 7.47571 0.25236225 1260255825539
3.7519605 12.482405 -8.068041 1260255825550
10.920422 16.291946 -20.0409 1260255825571
11.54841 16.902306 -23.311838 1260255825783
8.243598 8.515635 -20.035353 1260255825798
1.8437635 0.71630764 -29.324455 1260255825812
-4.823102 11.493901 -34.98507 1260255825819
-8.297265 17.784233 -26.15067 1260255825831
-6.071814 -0.083717346 -27.200848 1260255825841
0.116173506 -4.0633183 -5.158972 1260255825852
-3.4148183 -6.930155 -8.686731 1260255825861
-1.4309359 -14.749 2.2582345 1260255825872
1.6589656 -16.742746 11.350359 1260255825879
3.373414 -15.095766 19.699308 1260255825896
3.1875296 -15.698165 22.350876 1260255825910
3.339347 -23.67295 15.449868 1260255825920
8.875165 2.360694 16.325922 1260255825931
16.839771 -2.9906826 6.423079 1260255825938
13.43421 10.447282 -1.5442722 1260255825951
9.408639 9.342709 -7.0928507 1260255825965
-6.3412323 12.636377 5.180809 1260255825977
-10.811274 6.8926587 3.0431256 1260255825988
1.5469394 18.489265 -2.658844 1260255826002
-18.002048 -0.0721488 -5.642067 1260255826013
0.11351681 1.0785255 -7.0450454 1260255826025
-16.93465 13.453611 -3.3116477 1260255826044
3.444518 0.4682026 -8.685551 1260255826056
4.5607195 -1.3017881 -11.445816 1260255826074
11.872878 11.761487 -6.5203476 1260255826096
-1.2778707 -4.366868 -8.305052 1260255826118
23.808128 -10.321911 -3.397778 1260255826132
11.293567 -7.3924446 -6.020128 1260255826151
21.87874 -7.1183996 3.834279 1260255826177
31.015362 -17.47119 7.8584447 1260255826194
22.791777 -29.38537 16.48952 1260255826212
9.418251 -17.654015 3.89528 1260255826235
0.9576359 -1.4784946 8.277573 1260255826258
10.897701 -14.579816 3.9782445 1260255826277
14.665636 6.823683 -5.1256256 1260255826294
12.766911 8.110924 -9.776759 1260255826317
9.502248 7.26369 -19.938404 1260255826334
2.556261 10.32915 -27.007376 1260255826519
-4.851186 15.094616 -25.93157 1260255826531
-8.485557 17.1153 -23.445919 1260255826540
-6.9439855 10.157703 -29.506762 1260255826552
-0.9774162 -1.4375739 -29.062637 1260255826560
5.7129784 -4.180502 -15.647295 1260255826571
9.75324 6.317913 -13.822329 1260255826580
10.99684 10.798258 -13.079937 1260255826591
12.5704365 -2.5743546 -9.467533 1260255826600
7.638527 -5.7642856 -13.758987 1260255826616
-3.625688 -4.613507 -1.4355333 1260255826628
-2.2347064 -4.1531262 10.111883 1260255826637
-1.8656678 -3.5473928 12.461387 1260255826649
-2.1818829 -11.6186075 10.766441 1260255826659
-2.6452312 -23.79108 13.840096 1260255826675
-1.7303438 -12.830791 18.56228 1260255826684
2.3283677 -1.4255915 4.7080564 1260255826697
13.456172 -12.109787 11.951612 1260255826712
