17.120222 12.5346775 11.155044 1260256035645
14.8757 5.4042025 19.694206 1260256035654
10.07255 -6.4406147 25.741756 1260256035667
2.3739743 -11.891613 17.616032 1260256035692
-1.3143282 -2.8930616 17.470684 1260256035707
-1.1152368 5.876974 17.869135 1260256035723
0.32219267 -0.5651221 7.155535 1260256035730
-0.037672043 -12.569973 6.6166496 1260256035742
-3.7680478 -5.6608677 7.232834 1260256035753
-2.7060235 7.5654263 -1.4080583 1260256035769
-5.0928125 -7.875133 -6.787901 1260256035775
-6.867537 -6.6931667 -4.936618 1260256035789
6.977324 -3.9756598 -2.4187582 1260256035808
5.720699 -1.8268743 -11.19224 1260256035822
-11.33399 -8.287042 -5.650758 1260256035846
5.922282 3.6895103 -9.312158 1260256035866
-14.84947 -9.391041 -13.107768 1260256035889
-1.7227383 3.922789 -17.772552 1260256035901
-15.211471 -11.50853 -21.05569 1260256036089
-16.243298 7.6191907 -28.777912 1260256036108
-5.6283484 6.4877577 -29.533226 1260256036120
-22.584526 -2.2199087 -29.73642 1260256036130
-17.15038 -0.6869221 -27.86185 1260256036141
-3.47124 0.28402233 -25.739552 1260256036147
-10.927622 -0.61310816 -17.716312 1260256036162
-18.693913 -1.7832685 -22.055721 1260256036169
-13.629658 5.4982743 -28.102226 1260256036181
-4.390898 -6.906521 -11.053075 1260256036190
3.1989942 -3.5262694 -19.599447 1260256036208
5.4812713 -15.388542 -6.908308 1260256036214
0.6539502 -8.100207 -0.87449884 1260256036225
-7.9643826 -30.550293 11.590001 1260256036234
-15.300116 -13.33437 15.221666 1260256036246
-19.619377 -17.674454 21.723957 1260256036263
-15.806489 -24.516819 22.954927 1260256036272
-6.780394 -18.851448 29.909225 1260256036284
-5.817814 -11.259222 22.378088 1260256036299
-14.489665 -5.900867 16.39347 1260256036310
-22.348045 -1.4960723 20.085436 1260256036329
-19.181728 2.3208828 23.032131 1260256036342
-4.4668775 3.9756312 11.665962 1260256036365
-10.168869 -2.031461 13.532137 1260256036395
-17.270512 -11.457388 -7.368373 1260256036410
-5.411977 -13.380188 -6.419085 1260256036422
-1.4099774 -3.8473287 -6.80214 1260256036447
-2.5155573 7.487934 -16.102856 1260256036465
-5.7976847 2.9394395 -33.41609 1260256036482
-9.102886 -6.0385265 -20.684011 1260256036510
-11.324289 9.506153 -31.498993 1260256036524
-11.868319 -9.9767885 -30.055346 1260256036544
-10.538718 0.7932952 -19.02315 1260256036564
-8.697813 5.5236535 -38.25746 1260256036583
-7.2544813 6.4667134 -18.884218 1260256036604
-6.445093 0.2991867 -30.958904 1260256036622
-6.182891 12.316613 -35.18112 1260256036650
-5.003392 16.717325 -23.345963 1260256036663
-2.3078732 2.2991369 -12.97352 1260256036853
1.2788596 -7.90411 -21.327404 1260256036871
4.1658115 -19.330357 -7.2946224 1260256036883
-0.24131286 -16.74733 -7.815963 1260256036890
-1.1216402 -19.352606 6.3618746 1260256036904
19.967098 -21.83081 24.909086 1260256036911
23.140104 -36.807777 24.06863 1260256036922
9.25399 -19.047905 24.116478 1260256036931
17.044384 -9.958283 28.221594 1260256036943
20.866798 -11.56423 19.495487 1260256036954
8.078022 -6.979372 6.4748154 1260256036969
-2.6156468 8.013535 3.114767 1260256036983
-2.988615 4.240773 14.882414 1260256036990
2.5947332 14.872786 -4.013781 1260256037001
2.1213598 8.223735 -3.4973664 1260256037010
-15.376296 8.915899 -8.301377 1260256037027
-20.04648 10.794064 5.7003975 1260256037035
-6.4413633 13.530953 3.7209516 1260256037047
-16.21553 16.041027 -10.267214 1260256037066
-25.606352 19.597475 1.8600637 1260256037075
-7.769211 19.223446 -0.07464087 1260256037091
-20.227085 15.629509 -2.6565897 1260256037106
-16.377983 12.50598 -5.681577 1260256037124
-1.4369144 9.777835 -7.9389334 1260256037142
2.6709657 3.5675278 -12.366725 1260256037164
5.79629 -8.656647 -11.427553 1260256037187
-1.8403211 -4.148577 -23.92121 1260256037205
0.78818893 8.704537 -9.437723 1260256037222
13.228628 0.6910815 0.31960773 1260256037246
19.354637 -2.472793 5.4727077 1260256037264
14.961064 -23.85557 10.054984 1260256037286
16.290565 -12.46628 12.529162 1260256037302
30.118923 -34.43102 15.098551 1260256037327
14.241146 -18.494427 21.12741 1260256037343
8.673933 -16.083029 15.321314 1260256037365
20.305454 -20.860706 -1.8019894 1260256037385
11.346302 -16.153835 1.2026181 1260256037403
2.9756405 -9.8997135 -0.42129707 1260256037426
2.0080984 1.3346591 -7.1340914 1260256037612
4.247026 6.78903 -19.940086 1260256037626
5.9385967 -7.5625453 -20.497637 1260256037642
3.0128803 9.636202 -25.938766 1260256037649
-6.303116 -4.949892 -19.716202 1260256037661
-17.350307 12.220451 -25.38188 1260256037670
-20.614422 -5.591126 -24.436005 1260256037682
-13.150342 1.888006 -37.293633 1260256037691
-4.3984594 -8.427002 -23.838646 1260256037702
-3.587058 8.579135 -25.220299 1260256037709
-8.922644 -8.77042 -26.778448 1260256037728
-13.591657 8.9474125 -17.795834 1260256037740
-15.193099 -0.060084283 -26.821789 1260256037749
-14.804674 -2.2718084 -18.851128 1260256037760
-13.311934 -14.199308 -19.961124 1260256037783
-10.898451 -3.9237103 -19.707485 1260256037801
-6.4913783 -0.18751812 -17.734629 1260256037810
2.9796777 -2.0598211 -17.15051 1260256037821
13.554674 -14.252651 -9.805172 1260256037832
11.461206 -19.634106 -7.1230955 1260256037847
3.5662 -22.288256 12.773079 1260256037855
-1.9071904 -14.279105 21.23082 1260256037870
-5.175809 -10.10759 24.607248 1260256037890
-7.012286 -8.737539 27.808151 1260256037902
-7.452724 -9.257981 30.245602 1260256037925
-7.439275 -11.650379 27.632425 1260256037948
-7.8730106 -14.636605 21.01476 1260256037968
-8.083468 -9.615497 12.320423 1260256037985
-8.734048 8.706296 11.829538 1260256038008
