154.8222 30.342325 32.89328 12.995506 2.6272802 6.7252235 1260256637666
154.8222 30.342325 32.89328 20.05423 1.9258633 2.8878002 1260256637670
155.18109 30.27521 34.098618 20.05423 1.9258633 2.8878002 1260256637678
155.18109 30.27521 34.098618 13.412195 3.650086 -1.034569 1260256637682
152.47203 29.51145 35.543686 13.412195 3.650086 -1.034569 1260256637688
152.47203 29.51145 35.543686 -1.5256529 7.3934765 4.563586 1260256637691
147.69843 26.435877 35.9165 -1.5256529 7.3934765 4.563586 1260256637694
147.69843 26.435877 35.9165 -6.4210577 -6.985761 1.7977984 1260256637702
144.5135 22.314083 34.070675 -6.4210577 -6.985761 1.7977984 1260256637706
144.5135 22.314083 34.070675 4.366898 10.437784 13.198699 1260256637712
141.58783 18.998379 31.617142 4.366898 10.437784 13.198699 1260256637718
141.58783 18.998379 31.617142 -1.6099015 8.258222 18.93504 1260256637723
138.50844 16.79846 28.886284 -1.6099015 8.258222 18.93504 1260256637727
138.50844 16.79846 28.886284 -12.126659 15.664812 17.422024 1260256637732
134.93301 16.308537 25.99197 -12.126659 15.664812 17.422024 1260256637761
134.93301 16.308537 25.99197 -1.6764684 3.1545713 11.241726 1260256637769
131.28636 17.19311 23.542372 -1.6764684 3.1545713 11.241726 1260256637772
131.28636 17.19311 23.542372 -18.569626 -2.7394028 16.15652 1260256637781
128.02205 19.283455 21.615253 -18.569626 -2.7394028 16.15652 1260256637784
128.02205 19.283455 21.615253 -2.8992739 -25.980694 2.9248934 1260256637790
125.72095 22.469282 20.234491 -2.8992739 -25.980694 2.9248934 1260256637793
125.72095 22.469282 20.234491 6.730086 -23.358028 0.6258594 1260256637801
124.7849 26.445818 19.472767 6.730086 -23.358028 0.6258594 1260256637804
124.7849 26.445818 19.472767 8.2394905 -36.03602 -3.0385454 1260256637808
125.195656 30.973526 19.049128 8.2394905 -36.03602 -3.0385454 1260256637814
125.195656 30.973526 19.049128 6.9551334 -19.027214 -2.1610641 1260256637826
126.38587 36.02485 18.79667 6.9551334 -19.027214 -2.1610641 1260256637829
126.38587 36.02485 18.79667 5.148033 -8.163166 -16.074854 1260256637832
128.06657 41.473606 18.506838 5.148033 -8.163166 -16.074854 1260256637849
128.06657 41.473606 18.506838 0.9426544 -4.8954015 -21.96164 1260256637853
128.91324 47.799927 17.731497 0.9426544 -4.8954015 -21.96164 1260256637861
128.91324 47.799927 17.731497 -8.227006 3.7483633 -14.4581585 1260256637864
131.11758 38.15993 15.644922 -8.227006 3.7483633 -14.4581585 1260256637870
131.11758 38.15993 15.644922 -3.060101 0.9812913 -15.311697 1260256637883
131.5617 29.901936 13.012676 -3.060101 0.9812913 -15.311697 1260256637889
131.5617 29.901936 13.012676 -3.152196 19.604464 -0.7239379 1260256637902
131.18362 26.256838 10.112042 -3.152196 19.604464 -0.7239379 1260256637911
131.18362 26.256838 10.112042 -17.195366 1.6901274 -0.42578912 1260256637914
124.72444 24.043997 6.3064404 -17.195366 1.6901274 -0.42578912 1260256637924
124.72444 24.043997 6.3064404 -13.160923 13.164341 8.314871 1260256637931
118.83822 30.491796 2.9911184 -13.160923 13.164341 8.314871 1260256637942
118.83822 30.491796 2.9911184 -10.870947 1.2563419 -8.725575 1260256637946
115.79631 35.167206 1.8915625 -10.870947 1.2563419 -8.725575 1260256637965
115.79631 35.167206 1.8915625 2.8304772 -10.746454 -6.2928176 1260256637968
114.156494 39.358845 1.7469844 2.8304772 -10.746454 -6.2928176 1260256637977
114.156494 39.358845 1.7469844 9.212435 -34.04635 -13.249855 1260256637980
114.44867 43.640903 2.0596352 9.212435 -34.04635 -13.249855 1260256638001
114.44867 43.640903 2.0596352 13.078824 -22.43417 -22.02933 1260256638004
116.27624 47.85886 2.6066535 13.078824 -22.43417 -22.02933 1260256638024
116.27624 47.85886 2.6066535 11.465595 -16.02462 -9.885616 1260256638028
117.56242 52.065918 2.9263208 11.465595 -16.02462 -9.885616 1260256638038
117.56242 52.065918 2.9263208 5.9888268 -27.848484 -13.661217 1260256638048
118.584305 56.462624 2.9800048 5.9888268 -27.848484 -13.661217 1260256638060
118.584305 56.462624 2.9800048 3.2111206 -12.641952 -25.858387 1260256638063
118.55509 60.93949 2.7810044 3.2111206 -12.641952 -25.858387 1260256638080
118.55509 60.93949 2.7810044 3.1035528 -0.9039707 -12.383908 1260256638084
116.127335 65.592514 2.0419543 3.1035528 -0.9039707 -12.383908 1260256638106
116.127335 65.592514 2.0419543 5.5995445 -10.235746 -9.123066 1260256638110
127.72097 70.61289 0.039856587 5.5995445 -10.235746 -9.123066 1260256638122
127.72097 70.61289 0.039856587 -6.3379607 -12.320945 -7.431332 1260256638128
121.78492 67.28225 -3.5621364 -6.3379607 -12.320945 -7.431332 1260256638141
121.78492 67.28225 -3.5621364 -6.8136387 8.675603 5.654075 1260256638334
117.54568 64.56814 -5.3840294 -6.8136387 8.675603 5.654075 1260256638351
117.54568 64.56814 -5.3840294 -4.6140947 -13.820318 12.7792 1260256638361
113.61839 62.53973 -6.5148277 -4.6140947 -13.820318 12.7792 1260256638365
113.61839 62.53973 -6.5148277 -14.644364 -8.060396 30.123114 1260256638370
109.83747 61.21274 -7.2890863 -14.644364 -8.060396 30.123114 1260256638373
109.83747 61.21274 -7.2890863 -20.004637 -8.258397 22.056757 1260256638381
106.2956 60.802105 -7.924632 -20.004637 -8.258397 22.056757 1260256638384
106.2956 60.802105 -7.924632 -19.350657 -13.864769 14.362672 1260256638388
103.58082 61.312 -8.4284 -19.350657 -13.864769 14.362672 1260256638393
103.58082 61.312 -8.4284 -15.55493 -12.4547415 2.4665434 1260256638399
103.00178 64.0464 -8.45698 -15.55493 -12.4547415 2.4665434 1260256638404
103.00178 64.0464 -8.45698 -11.476749 -28.906942 -11.077563 1260256638408
105.10169 67.59408 -7.834131 -11.476749 -28.906942 -11.077563 1260256638411
105.10169 67.59408 -7.834131 -8.218109 -8.068442 -17.860205 1260256638425
108.94661 71.56438 -6.9424243 -8.218109 -8.068442 -17.860205 1260256638429
108.94661 71.56438 -6.9424243 -0.82691956 -21.768663 -29.540144 1260256638432
112.749275 75.68616 -6.095303 -0.82691956 -21.768663 -29.540144 1260256638443
112.749275 75.68616 -6.095303 6.6928964 -15.368121 -15.666795 1260256638449
114.211815 79.65185 -5.740538 6.6928964 -15.368121 -15.666795 1260256638452
114.211815 79.65185 -5.740538 5.442136 0.46464825 -21.790602 1260256638463
110.201225 83.06925 -7.403511 5.442136 0.46464825 -21.790602 1260256638466
110.201225 83.06925 -7.403511 -14.433958 -14.362705 -4.34497 1260256638470
106.241165 80.11579 -9.183335 -14.433958 -14.362705 -4.34497 1260256638480
106.241165 80.11579 -9.183335 -12.1634865 3.8613968 8.776707 1260256638489
102.779106 77.310005 -10.074168 -12.1634865 3.8613968 8.776707 1260256638492
102.779106 77.310005 -10.074168 -5.337959 -19.546375 22.645725 1260256638503
99.44015 74.89451 -10.72046 -5.337959 -19.546375 22.645725 1260256638509
99.44015 74.89451 -10.72046 -2.213935 -9.789 21.109043 1260256638512
96.31814 73.14978 -11.334437 -2.213935 -9.789 21.109043 1260256638520
96.31814 73.14978 -11.334437 -1.5173693 -10.05814 16.07263 1260256638523
93.80223 72.34229 -11.967715 -1.5173693 -10.05814 16.07263 1260256638527
93.80223 72.34229 -11.967715 -3.1944075 -17.181261 -0.05727291 1260256638532
93.31212 74.375175 -12.21933 -3.1944075 -17.181261 -0.05727291 1260256638540
93.31212 74.375175 -12.21933 -1.9787936 -8.155229 0.15471554 1260256638543
95.84651 77.25642 -11.658363 -1.9787936 -8.155229 0.15471554 1260256638549
95.84651 77.25642 -11.658363 7.343766 -25.974018 -16.596313 1260256638560
100.054184 80.5936 -10.675446 7.343766 -25.974018 -16.596313 1260256638566
100.054184 80.5936 -10.675446 13.034085 -7.5428295 -23.756012 1260256638569
104.401474 84.06392 -9.691673 13.034085 -7.5428295 -23.756012 1260256638572
104.401474 84.06392 -9.691673 6.82056 -20.719387 -17.331873 1260256638581
106.9814 87.16072 -9.05709 6.82056 -20.719387 -17.331873 1260256638591
106.9814 87.16072 -9.05709 -2.6101356 -3.6899705 -22.458778 1260256638594
104.88233 88.45268 -9.554235 -2.6101356 -3.6899705 -22.458778 1260256638602
104.88233 88.45268 -9.554235 -2.1944256 -14.252421 -10.735249 1260256638605
101.18822 86.08005 -10.076524 -2.1944256 -14.252421 -10.735249 1260256638614
101.18822 86.08005 -10.076524 -0.06213522 -1.969677 14.090858 1260256638624
97.62881 83.47604 -10.372698 -0.06213522 -1.969677 14.090858 1260256638630
97.62881 83.47604 -10.372698 0.4139247 -24.469795 22.02645 1260256638639
94.29736 81.20224 -10.604063 0.4139247 -24.469795 22.02645 1260256638645
94.29736 81.20224 -10.604063 1.390212 -13.338064 17.820393 1260256638652
91.4825 79.79213 -11.02386 1.390212 -13.338064 17.820393 1260256638662
91.4825 79.79213 -11.02386 3.1902108 -7.2415504 10.4962225 1260256638665
90.90837 81.502525 -11.472667 3.1902108 -7.2415504 10.4962225 1260256638681
90.90837 81.502525 -11.472667 3.5844207 -11.958344 1.1730707 1260256638684
93.21295 84.5774 -11.149034 3.5844207 -11.958344 1.1730707 1260256638700
93.21295 84.5774 -11.149034 7.9959097 -13.292668 -15.754416 1260256638709
97.152306 88.14853 -10.491582 7.9959097 -13.292668 -15.754416 1260256638718
97.152306 88.14853 -10.491582 9.357842 -12.075776 -27.50778 1260256638722
101.09469 91.141106 -9.8670025 9.357842 -12.075776 -27.50778 1260256638744
101.09469 91.141106 -9.8670025 5.1882057 -13.3871765 -13.512752 1260256638750
103.58995 92.83405 -9.473652 5.1882057 -13.3871765 -13.512752 1260256638766
103.58995 92.83405 -9.473652 -0.297586 -7.8227863 -13.775825 1260256638770
101.060455 93.29235 -9.54997 -0.297586 -7.8227863 -13.775825 1260256638783
101.060455 93.29235 -9.54997 -2.7534652 -12.128573 -7.4516077 1260256638787
97.307434 92.177734 -9.622471 -2.7534652 -12.128573 -7.4516077 1260256638800
97.307434 92.177734 -9.622471 -2.7469838 -13.638191 10.579855 1260256638804
93.69206 91.11885 -9.491347 -2.7469838 -13.638191 10.579855 1260256638820
93.69206 91.11885 -9.491347 -2.085792 -22.444815 16.84647 1260256638826
91.40746 91.062904 -9.01678 -2.085792 -22.444815 16.84647 1260256638840
91.40746 91.062904 -9.01678 -3.7794077 -22.47538 9.123365 1260256638850
95.13709 91.95976 -8.115941 -3.7794077 -22.47538 9.123365 1260256638865
95.13709 91.95976 -8.115941 -6.142302 -13.671431 -4.6925325 1260256638869
99.63024 93.311775 -7.110144 -6.142302 -13.671431 -4.6925325 1260256638881
99.63024 93.311775 -7.110144 -2.6487637 -11.232057 -5.5855603 1260256638884
102.998726 94.69619 -6.204637 -2.6487637 -11.232057 -5.5855603 1260256638906
102.998726 94.69619 -6.204637 4.22855 -20.307018 -0.049307823 1260256638913
103.04879 95.56138 -5.9944053 4.22855 -20.307018 -0.049307823 1260256639108
103.04879 95.56138 -5.9944053 2.3550222 -21.136662 -2.200443 1260256639111
108.34635 96.68331 -5.194685 2.3550222 -21.136662 -2.200443 1260256639119
108.34635 96.68331 -5.194685 13.639943 -31.392845 -16.111992 1260256639122
112.02904 97.749146 -4.5349507 13.639943 -31.392845 -16.111992 1260256639145
112.02904 97.749146 -4.5349507 13.378107 -19.227673 -9.931017 1260256639149
113.62759 98.61169 -4.058203 13.378107 -19.227673 -9.931017 1260256639160
113.62759 98.61169 -4.058203 9.629095 -9.203768 -6.5444784 1260256639170
113.14621 99.2311 -3.905293 9.629095 -9.203768 -6.5444784 1260256639180
113.14621 99.2311 -3.905293 6.586984 -4.205078 -7.1790833 1260256639184
110.7889 99.96954 -4.6600285 6.586984 -4.205078 -7.1790833 1260256639198
110.7889 99.96954 -4.6600285 6.776472 -3.0092683 -2.5861833 1260256639204
105.89946 96.021065 -7.8270273 6.776472 -3.0092683 -2.5861833 1260256639226
105.89946 96.021065 -7.8270273 -15.571467 -11.874375 0.64152104 1260256639229
101.604485 90.37001 -10.435676 -15.571467 -11.874375 0.64152104 1260256639242
101.604485 90.37001 -10.435676 0.63537216 -3.9788167 7.41187 1260256639251
98.27426 84.801506 -12.513892 0.63537216 -3.9788167 7.41187 1260256639261
98.27426 84.801506 -12.513892 -9.142775 4.2432127 -3.859396 1260256639264
94.36055 79.71143 -14.688197 -9.142775 4.2432127 -3.859396 1260256639286
94.36055 79.71143 -14.688197 -20.417088 13.183733 8.845238 1260256639289
107.34252 75.425865 -17.353786 -20.417088 13.183733 8.845238 1260256639307
107.34252 75.425865 -17.353786 -4.828583 1.3091083 6.536561 1260256639310
119.475395 72.204575 -20.186098 -4.828583 1.3091083 6.536561 1260256639320
119.475395 72.204575 -20.186098 -25.54987 -3.8196673 1.010833 1260256639324
113.501625 76.14435 -22.226793 -25.54987 -3.8196673 1.010833 1260256639341
113.501625 76.14435 -22.226793 -12.4628315 -14.87891 -7.950931 1260256639344
108.676544 78.88713 -23.115454 -12.4628315 -14.87891 -7.950931 1260256639365
108.676544 78.88713 -23.115454 -2.506466 -10.066759 2.194735 1260256639369
104.04272 80.54277 -23.009682 -2.506466 -10.066759 2.194735 1260256639379
104.04272 80.54277 -23.009682 1.2605453 -9.270515 -3.992054 1260256639382
116.14058 81.815636 -22.359198 1.2605453 -9.270515 -3.992054 1260256639403
116.14058 81.815636 -22.359198 -0.09701347 -22.068886 -13.85582 1260256639409
126.73355 82.72485 -21.691238 -0.09701347 -22.068886 -13.85582 1260256639421
126.73355 82.72485 -21.691238 -6.572751 -30.983034 -5.9919887 1260256639426
136.04688 83.688614 -21.156677 -6.572751 -30.983034 -5.9919887 1260256639438
136.04688 83.688614 -21.156677 -11.769563 -31.940748 1.4470725 1260256639446
140.39453 84.60418 -20.698843 -11.769563 -31.940748 1.4470725 1260256639458
140.39453 84.60418 -20.698843 -14.380227 -25.459042 1.907946 1260256639461
148.5748 84.12397 -20.213902 -14.380227 -25.459042 1.907946 1260256639484
148.5748 84.12397 -20.213902 -14.454357 -30.10082 2.616481 1260256639490
149.79607 83.867775 -19.603207 -14.454357 -30.10082 2.616481 1260256639506
149.79607 83.867775 -19.603207 -9.74353 -30.270426 -0.96641636 1260256639509
150.85626 83.57439 -18.923046 -9.74353 -30.270426 -0.96641636 1260256639519
150.85626 83.57439 -18.923046 -2.9669132 -29.181469 0.35128736 1260256639524
151.16345 83.19566 -18.376894 -2.9669132 -29.181469 0.35128736 1260256639542
151.16345 83.19566 -18.376894 2.159689 -25.89721 3.721117 1260256639548
151.05528 82.73588 -17.95805 2.159689 -25.89721 3.721117 1260256639565
151.05528 82.73588 -17.95805 5.322746 -21.025932 5.7227373 1260256639578
