212.42245 18.310274 63.345135 12.365421 3.551489 2.381629 1260255776713
212.42245 18.310274 63.345135 9.715504 4.705606 -1.7183728 1260255776722
216.95134 8.74476 60.877876 9.715504 4.705606 -1.7183728 1260255776725
216.95134 8.74476 60.877876 -5.561637 -4.3099446 -11.697589 1260255776731
221.85378 -0.2924788 58.483982 -5.561637 -4.3099446 -11.697589 1260255776761
221.85378 -0.2924788 58.483982 13.51461 5.645013 -22.686214 1260255776768
227.11108 -8.777855 56.20978 13.51461 5.645013 -22.686214 1260255776771
227.11108 -8.777855 56.20978 2.081296 10.251684 -30.69312 1260255776780
232.75552 -16.688963 54.049294 2.081296 10.251684 -30.69312 1260255776785
232.75552 -16.688963 54.049294 -0.0812912 -2.2194757 -20.315334 1260255776793
238.46774 -24.054514 52.04683 -0.0812912 -2.2194757 -20.315334 1260255776801
238.46774 -24.054514 52.04683 15.590151 -1.5660243 -24.940378 1260255776804
244.04436 -31.00179 50.14449 15.590151 -1.5660243 -24.940378 1260255776810
244.04436 -31.00179 50.14449 4.3197784 2.7985477 -12.614193 1260255776823
249.14214 -37.6517 48.337265 4.3197784 2.7985477 -12.614193 1260255776829
249.14214 -37.6517 48.337265 -4.8221498 4.4252334 -20.150557 1260255776835
251.78503 -44.369114 46.7204 -4.8221498 4.4252334 -20.150557 1260255776842
251.78503 -44.369114 46.7204 6.721654 5.0590096 -18.208233 1260255776851
245.39578 -36.85066 45.03438 6.721654 5.0590096 -18.208233 1260255776860
245.39578 -36.85066 45.03438 9.627764 -12.187759 2.3949246 1260255776863
238.87599 -32.408127 42.53266 9.627764 -12.187759 2.3949246 1260255776883
238.87599 -32.408127 42.53266 -11.090191 -4.5029182 10.345414 1260255776887
232.5822 -28.437721 40.006027 -11.090191 -4.5029182 10.345414 1260255776897
232.5822 -28.437721 40.006027 3.2718208 -21.370827 24.471113 1260255776901
226.60309 -24.815836 37.505726 3.2718208 -21.370827 24.471113 1260255776917
226.60309 -24.815836 37.505726 -7.8082433 -26.412846 32.837826 1260255776921
220.92293 -21.725044 35.03044 -7.8082433 -26.412846 32.837826 1260255776937
220.92293 -21.725044 35.03044 -11.260351 -17.907848 34.7318 1260255776941
215.47678 -19.188791 32.628918 -11.260351 -17.907848 34.7318 1260255776957
215.47678 -19.188791 32.628918 2.8731232 -10.8631935 27.753174 1260255776960
210.20294 -17.279352 30.347471 2.8731232 -10.8631935 27.753174 1260255776979
210.20294 -17.279352 30.347471 -13.792259 -17.454634 21.468464 1260255776984
205.14279 -16.015385 28.080097 -13.792259 -17.454634 21.468464 1260255776997
205.14279 -16.015385 28.080097 -2.3852165 -5.3626804 25.236912 1260255777001
200.28564 -15.264615 25.576092 -2.3852165 -5.3626804 25.236912 1260255777021
200.28564 -15.264615 25.576092 0.8124242 4.3673143 0.5569062 1260255777024
195.97136 -16.401384 22.047287 0.8124242 4.3673143 0.5569062 1260255777037
195.97136 -16.401384 22.047287 -2.9470487 -4.193592 8.669062 1260255777040
190.7228 -23.081316 20.644922 -2.9470487 -4.193592 8.669062 1260255777057
190.7228 -23.081316 20.644922 8.6822195 -4.5082555 -6.1825695 1260255777060
183.68666 -29.87725 19.812675 8.6822195 -4.5082555 -6.1825695 1260255777077
183.68666 -29.87725 19.812675 9.107959 -3.8700933 -15.456462 1260255777080
175.90233 -36.483387 19.17204 9.107959 -3.8700933 -15.456462 1260255777097
175.90233 -36.483387 19.17204 6.0342345 -1.9562874 -18.72459 1260255777100
167.70721 -42.85922 18.713438 6.0342345 -1.9562874 -18.72459 1260255777117
167.70721 -42.85922 18.713438 3.3555598 -1.0160079 -22.383648 1260255777121
159.32185 -48.96626 18.327766 3.3555598 -1.0160079 -22.383648 1260255777137
159.32185 -48.96626 18.327766 0.95849276 -1.5682712 -26.759583 1260255777140
169.25577 -54.817947 18.011377 0.95849276 -1.5682712 -26.759583 1260255777157
169.25577 -54.817947 18.011377 -1.1155586 -2.074792 -30.082329 1260255777161
178.74298 -60.42705 17.61081 -1.1155586 -2.074792 -30.082329 1260255777177
178.74298 -60.42705 17.61081 -3.871029 0.048344612 -30.859793 1260255777180
170.05583 -65.9057 17.130268 -3.871029 0.048344612 -30.859793 1260255777197
170.05583 -65.9057 17.130268 -6.055522 5.498617 -24.70452 1260255777201
179.35304 -71.36041 16.523754 -6.055522 5.498617 -24.70452 1260255777217
179.35304 -71.36041 16.523754 -5.420861 9.505879 -16.508415 1260255777220
175.7354 -59.69239 15.847567 -5.420861 9.505879 -16.508415 1260255777237
175.7354 -59.69239 15.847567 -0.7371371 -3.9843955 -2.172307 1260255777241
172.54863 -51.70777 15.355188 -0.7371371 -3.9843955 -2.172307 1260255777263
172.54863 -51.70777 15.355188 4.570901 -2.3484364 -2.8674912 1260255777266
169.4212 -45.872383 14.937428 4.570901 -2.3484364 -2.8674912 1260255777277
169.4212 -45.872383 14.937428 9.386512 -9.8182745 10.706347 1260255777281
166.40015 -40.828762 14.590557 9.386512 -9.8182745 10.706347 1260255777297
166.40015 -40.828762 14.590557 12.787022 -24.658379 21.181479 1260255777473
163.48013 -36.337322 14.211029 12.787022 -24.658379 21.181479 1260255777477
163.48013 -36.337322 14.211029 14.199892 -35.397285 21.805948 1260255777480
160.55612 -32.520454 13.850477 14.199892 -35.397285 21.805948 1260255777493
160.55612 -32.520454 13.850477 13.050268 -11.6221695 25.272118 1260255777497
157.72832 -29.294432 13.457953 13.050268 -11.6221695 25.272118 1260255777501
157.72832 -29.294432 13.457953 10.294645 -21.930647 18.571136 1260255777509
154.8919 -26.92971 13.085055 10.294645 -21.930647 18.571136 1260255777512
154.8919 -26.92971 13.085055 6.533538 4.170374 14.490306 1260255777519
151.49731 -26.233225 12.730803 6.533538 4.170374 14.490306 1260255777521
151.49731 -26.233225 12.730803 2.6257071 11.0241995 14.078802 1260255777530
147.22244 -28.171564 12.244263 2.6257071 11.0241995 14.078802 1260255777533
147.22244 -28.171564 12.244263 -2.7482252 7.910888 -6.08702 1260255777540
143.21132 -31.712986 11.43205 -2.7482252 7.910888 -6.08702 1260255777543
143.21132 -31.712986 11.43205 -9.562241 13.029334 2.490478 1260255777551
139.75075 -35.777336 10.410447 -9.562241 13.029334 2.490478 1260255777554
139.75075 -35.777336 10.410447 -10.171881 2.6471462 -2.6610105 1260255777558
137.16321 -40.03847 9.089925 -10.171881 2.6471462 -2.6610105 1260255777565
137.16321 -40.03847 9.089925 -0.59311867 18.622616 0.54966974 1260255777577
135.85504 -44.636547 7.235429 -0.59311867 18.622616 0.54966974 1260255777580
135.85504 -44.636547 7.235429 2.1274915 15.253006 -1.5927496 1260255777585
136.11229 -49.70472 4.873657 2.1274915 15.253006 -1.5927496 1260255777592
136.11229 -49.70472 4.873657 -16.946106 1.0942631 -4.60588 1260255777598
138.00667 -55.219482 2.2799742 -16.946106 1.0942631 -4.60588 1260255777601
138.00667 -55.219482 2.2799742 -0.285542 -5.824233 -7.8468103 1260255777604
141.35634 -60.85851 0.21597546 -0.285542 -5.824233 -7.8468103 1260255777612
141.35634 -60.85851 0.21597546 -4.192457 -6.9463525 -11.323002 1260255777615
144.28853 -66.365585 -0.7448233 -4.192457 -6.9463525 -11.323002 1260255777623
144.28853 -66.365585 -0.7448233 -9.693809 -2.2197523 -15.484112 1260255777629
154.9241 -71.5473 -0.2575821 -9.693809 -2.2197523 -15.484112 1260255777637
154.9241 -71.5473 -0.2575821 -1.0391059 7.9629416 -16.398258 1260255777640
161.2279 -76.71994 1.805297 -1.0391059 7.9629416 -16.398258 1260255777645
161.2279 -76.71994 1.805297 16.587118 10.423753 -8.733542 1260255777652
165.7165 -64.23394 4.9150324 16.587118 10.423753 -8.733542 1260255777659
165.7165 -64.23394 4.9150324 3.01297 7.97194 -5.607296 1260255777663
167.08069 -53.272243 7.869281 3.01297 7.97194 -5.607296 1260255777674
167.08069 -53.272243 7.869281 26.14327 -6.282804 -2.0306904 1260255777681
165.92665 -48.65863 9.975817 26.14327 -6.282804 -2.0306904 1260255777691
165.92665 -48.65863 9.975817 12.915951 -24.517227 3.2974558 1260255777694
163.68031 -43.9757 11.427026 12.915951 -24.517227 3.2974558 1260255777709
163.68031 -43.9757 11.427026 8.872628 -19.895874 12.760712 1260255777715
160.8463 -39.526917 12.455674 8.872628 -19.895874 12.760712 1260255777730
160.8463 -39.526917 12.455674 14.825955 -11.660664 11.307993 1260255777737
157.85399 -35.500572 13.3328905 14.825955 -11.660664 11.307993 1260255777749
157.85399 -35.500572 13.3328905 20.608631 -25.910538 11.435656 1260255777753
154.86128 -31.925543 14.316246 20.608631 -25.910538 11.435656 1260255777769
154.86128 -31.925543 14.316246 21.533844 -8.2538185 11.551736 1260255777775
152.41821 -28.529266 15.550434 21.533844 -8.2538185 11.551736 1260255777788
152.41821 -28.529266 15.550434 11.344059 -11.542517 17.374609 1260255777795
151.9473 -25.102802 17.222912 11.344059 -11.542517 17.374609 1260255777813
151.9473 -25.102802 17.222912 -1.9530215 -6.9264674 0.81525636 1260255777820
154.19994 -16.297663 18.411766 -1.9530215 -6.9264674 0.81525636 1260255777830
154.19994 -16.297663 18.411766 2.3014445 -10.12167 -13.042788 1260255777833
157.83994 -7.0327797 18.741179 2.3014445 -10.12167 -13.042788 1260255777849
157.83994 -7.0327797 18.741179 4.2382946 4.3344507 -4.1464744 1260255777855
163.69794 -15.681141 18.55412 4.2382946 4.3344507 -4.1464744 1260255777871
163.69794 -15.681141 18.55412 1.3553412 0.2628277 -25.226128 1260255777877
172.51305 -23.597084 18.076414 1.3553412 0.2628277 -25.226128 1260255777889
172.51305 -23.597084 18.076414 -3.520831 -7.669176 -19.748253 1260255777892
164.9874 -30.96723 17.522593 -3.520831 -7.669176 -19.748253 1260255777911
164.9874 -30.96723 17.522593 -6.786044 -0.3965993 -21.18628 1260255777914
158.48802 -37.91887 16.896463 -6.786044 -0.3965993 -21.18628 1260255777929
158.48802 -37.91887 16.896463 -6.763463 6.644663 -29.119759 1260255777935
152.51363 -44.572926 16.30164 -6.763463 6.644663 -29.119759 1260255777952
152.51363 -44.572926 16.30164 -3.3166025 9.856827 -33.170464 1260255777959
146.38794 -50.94428 15.736558 -3.3166025 9.856827 -33.170464 1260255777969
146.38794 -50.94428 15.736558 1.7764828 9.6261835 -32.903873 1260255777972
139.21854 -57.097065 15.24973 1.7764828 9.6261835 -32.903873 1260255777991
139.21854 -57.097065 15.24973 6.500805 7.2881927 -29.238256 1260255777995
147.05762 -63.142212 14.987244 6.500805 7.2881927 -29.238256 1260255778014
147.05762 -63.142212 14.987244 9.354784 3.5377374 -24.118423 1260255778017
149.80473 -51.6351 15.087881 9.354784 3.5377374 -24.118423 1260255778029
149.80473 -51.6351 15.087881 9.454016 6.72846 -13.634085 1260255778032
149.41449 -42.753345 15.433487 9.454016 6.72846 -13.634085 1260255778051
149.41449 -42.753345 15.433487 6.742325 -18.086178 -8.229006 1260255778054
147.54376 -37.01568 15.361813 6.742325 -18.086178 -8.229006 1260255778069
147.54376 -37.01568 15.361813 7.302079 -21.456709 -4.151804 1260255778230
