181.72162 -106.9847 -0.23489057 0.78359425 4.0990925 3.6282992 1260255854200
181.72162 -106.9847 -0.23489057 -3.9152598 10.639135 4.4892826 1260255854203
173.08554 -107.63547 -0.62314606 -3.9152598 10.639135 4.4892826 1260255854208
173.08554 -107.63547 -0.62314606 -7.1902065 16.14984 0.35471535 1260255854211
164.88126 -108.35369 -0.9919888 -7.1902065 16.14984 0.35471535 1260255854213
164.88126 -108.35369 -0.9919888 -9.67473 18.389652 -4.8992405 1260255854225
157.13719 -108.98601 -1.3423893 -9.67473 18.389652 -4.8992405 1260255854250
157.13719 -108.98601 -1.3423893 -10.921133 16.363585 -6.0492334 1260255854253
149.88033 -109.58671 -1.7252699 -10.921133 16.363585 -6.0492334 1260255854267
149.88033 -109.58671 -1.7252699 -11.113444 11.761702 -3.2790847 1260255854270
142.93631 -110.05737 -2.0890064 -11.113444 11.761702 -3.2790847 1260255854273
142.93631 -110.05737 -2.0890064 -9.929847 7.3141503 0.34805346 1260255854280
136.3895 -110.454506 -2.434556 -9.929847 7.3141503 0.34805346 1260255854287
136.3895 -110.454506 -2.434556 -7.836917 3.7296462 2.3889375 1260255854294
130.17001 -110.68178 -2.762828 -7.836917 3.7296462 2.3889375 1260255854300
130.17001 -110.68178 -2.762828 -5.149253 2.0336413 3.049915 1260255854305
124.46151 -110.84769 -3.1246867 -5.149253 2.0336413 3.049915 1260255854312
124.46151 -110.84769 -3.1246867 -1.7456306 0.9126787 2.7746973 1260255854315
119.53844 -110.8553 -3.5184524 -1.7456306 0.9126787 2.7746973 1260255854320
119.53844 -110.8553 -3.5184524 1.9311209 0.7843251 2.8752692 1260255854323
116.21152 -110.81254 -3.94253 1.9311209 0.7843251 2.8752692 1260255854347
116.21152 -110.81254 -3.94253 5.143258 0.83398247 2.2195492 1260255854350
113.95094 -110.821915 -4.4954033 5.143258 0.83398247 2.2195492 1260255854368
113.95094 -110.821915 -4.4954033 7.4181833 0.42000437 -0.70366657 1260255854372
112.20339 -111.030815 -5.1706333 7.4181833 0.42000437 -0.70366657 1260255854387
112.20339 -111.030815 -5.1706333 6.2010736 -1.1699901 -4.295888 1260255854391
110.743225 -111.529274 -6.062102 6.2010736 -1.1699901 -4.295888 1260255854407
110.743225 -111.529274 -6.062102 -1.1607335 -2.4449754 -2.8205042 1260255854411
108.90607 -112.55281 -7.008997 -1.1607335 -2.4449754 -2.8205042 1260255854427
108.90607 -112.55281 -7.008997 -10.917671 2.714324 0.84900427 1260255854431
107.06076 -113.975174 -7.858547 -10.917671 2.714324 0.84900427 1260255854448
107.06076 -113.975174 -7.858547 -15.5068245 16.188648 -9.195077 1260255854451
105.00772 -115.47642 -8.61562 -15.5068245 16.188648 -9.195077 1260255854467
105.00772 -115.47642 -8.61562 -14.501793 17.760864 -8.58013 1260255854471
102.75733 -116.902596 -9.284839 -14.501793 17.760864 -8.58013 1260255854487
102.75733 -116.902596 -9.284839 -10.547049 8.223607 -9.5989895 1260255854490
100.419464 -118.207466 -9.920597 -10.547049 8.223607 -9.5989895 1260255854680
100.419464 -118.207466 -9.920597 -5.7163324 7.554591 -22.761414 1260255854684
98.34849 -119.49709 -10.574567 -5.7163324 7.554591 -22.761414 1260255854687
98.34849 -119.49709 -10.574567 -1.883935 17.947332 -23.945314 1260255854691
96.78107 -120.822235 -11.195839 -1.883935 17.947332 -23.945314 1260255854704
96.78107 -120.822235 -11.195839 -0.502162 24.29224 -18.790298 1260255854710
95.99201 -122.38113 -11.836047 -0.502162 24.29224 -18.790298 1260255854713
95.99201 -122.38113 -11.836047 -2.2474399 11.442538 -24.308073 1260255854722
97.24241 -124.51207 -12.644245 -2.2474399 11.442538 -24.308073 1260255854726
97.24241 -124.51207 -12.644245 -8.22635 -4.81104 -9.54856 1260255854730
103.08029 -110.13647 -13.912033 -8.22635 -4.81104 -9.54856 1260255854734
103.08029 -110.13647 -13.912033 -16.417345 -4.9213915 -10.228958 1260255854741
107.07628 -101.729645 -14.816431 -16.417345 -4.9213915 -10.228958 1260255854746
107.07628 -101.729645 -14.816431 -15.143177 -2.8429985 -1.0398606 1260255854752
110.17246 -93.94316 -15.17561 -15.143177 -2.8429985 -1.0398606 1260255854760
110.17246 -93.94316 -15.17561 -13.704758 -21.926073 2.7458525 1260255854764
113.06384 -86.946 -15.366829 -13.704758 -21.926073 2.7458525 1260255854770
113.06384 -86.946 -15.366829 -13.548393 -30.653574 14.087801 1260255854773
115.81065 -80.748695 -15.598488 -13.548393 -30.653574 14.087801 1260255854784
115.81065 -80.748695 -15.598488 -12.49819 -28.275024 18.959303 1260255854788
118.370125 -75.26126 -15.868564 -12.49819 -28.275024 18.959303 1260255854791
118.370125 -75.26126 -15.868564 -9.64242 -16.12974 14.797128 1260255854794
120.75162 -70.3482 -16.275135 -9.64242 -16.12974 14.797128 1260255854797
120.75162 -70.3482 -16.275135 -5.059185 -0.3828926 17.883175 1260255854814
123.01404 -65.930786 -16.961378 -5.059185 -0.3828926 17.883175 1260255854818
123.01404 -65.930786 -16.961378 0.13043308 -5.4524326 18.160566 1260255854822
125.363335 -61.734245 -18.41331 0.13043308 -5.4524326 18.160566 1260255854825
125.363335 -61.734245 -18.41331 -4.644224 -12.591352 11.688858 1260255854833
128.24516 -50.197533 -21.442644 -4.644224 -12.591352 11.688858 1260255854839
128.24516 -50.197533 -21.442644 -15.325094 -2.6267257 -8.778945 1260255854842
129.9329 -56.237656 -22.870512 -15.325094 -2.6267257 -8.778945 1260255854845
129.9329 -56.237656 -22.870512 -5.417306 -0.38391232 -16.477623 1260255854848
129.93626 -61.425774 -23.526987 -5.417306 -0.38391232 -16.477623 1260255854859
129.93626 -61.425774 -23.526987 -5.6514616 -0.74602795 -18.933966 1260255854869
128.93945 -66.104485 -23.950638 -5.6514616 -0.74602795 -18.933966 1260255854878
128.93945 -66.104485 -23.950638 -8.855407 13.456707 -28.934278 1260255854881
127.24248 -70.34926 -24.203106 -8.855407 13.456707 -28.934278 1260255854887
127.24248 -70.34926 -24.203106 -11.391813 28.618263 -27.198074 1260255854891
125.33035 -74.2818 -24.39295 -11.391813 28.618263 -27.198074 1260255854907
125.33035 -74.2818 -24.39295 -12.080606 11.706582 -25.957016 1260255854911
123.76383 -78.16771 -24.523302 -12.080606 11.706582 -25.957016 1260255854927
123.76383 -78.16771 -24.523302 -12.314782 22.005026 -36.619686 1260255854931
122.72564 -82.059326 -24.647137 -12.314782 22.005026 -36.619686 1260255854947
122.72564 -82.059326 -24.647137 -11.57965 18.24431 -19.82539 1260255854950
122.73936 -86.00636 -24.86478 -11.57965 18.24431 -19.82539 1260255854967
122.73936 -86.00636 -24.86478 -11.529598 0.2835436 -27.569502 1260255854971
125.55239 -90.60605 -25.57154 -11.529598 0.2835436 -27.569502 1260255854987
125.55239 -90.60605 -25.57154 -15.4275875 5.2443743 -21.527878 1260255854991
129.62477 -79.67574 -26.142963 -15.4275875 5.2443743 -21.527878 1260255855007
129.62477 -79.67574 -26.142963 -15.709579 -18.626413 -3.9385014 1260255855010
130.74353 -72.691956 -25.185816 -15.709579 -18.626413 -3.9385014 1260255855027
130.74353 -72.691956 -25.185816 -3.0941324 -22.411213 1.328167 1260255855030
131.90636 -66.507355 -23.726524 -3.0941324 -22.411213 1.328167 1260255855053
131.90636 -66.507355 -23.726524 11.7106285 -30.116783 18.803211 1260255855056
133.26103 -60.931988 -22.190199 11.7106285 -30.116783 18.803211 1260255855067
133.26103 -60.931988 -22.190199 6.1873856 -33.21874 26.885584 1260255855071
134.74799 -56.08539 -20.680689 6.1873856 -33.21874 26.885584 1260255855087
134.74799 -56.08539 -20.680689 -5.220225 -22.222122 21.742374 1260255855090
136.3106 -52.08112 -19.446655 -5.220225 -22.222122 21.742374 1260255855107
136.3106 -52.08112 -19.446655 -3.684885 -0.17634296 19.52841 1260255855111
137.69507 -49.477062 -18.724323 -3.684885 -0.17634296 19.52841 1260255855127
137.69507 -49.477062 -18.724323 -0.35588586 -6.8960752 23.77104 1260255855131
138.06032 -48.553207 -18.838108 -0.35588586 -6.8960752 23.77104 1260255855147
138.06032 -48.553207 -18.838108 -4.832 -2.5241604 9.528118 1260255855151
136.8073 -48.725548 -19.396202 -4.832 -2.5241604 9.528118 1260255855167
136.8073 -48.725548 -19.396202 -13.171152 2.8307285 6.101458 1260255855170
134.76694 -49.03927 -20.126392 -13.171152 2.8307285 6.101458 1260255855192
134.76694 -49.03927 -20.126392 -20.044352 6.2760334 2.7025967 1260255855196
132.7786 -53.087303 -21.070072 -20.044352 6.2760334 2.7025967 1260255855207
132.7786 -53.087303 -21.070072 -20.824333 18.907475 4.2115855 1260255855210
131.33966 -57.232937 -22.26657 -20.824333 18.907475 4.2115855 1260255855228
131.33966 -57.232937 -22.26657 -12.181053 20.673077 -10.685478 1260255855232
130.52267 -61.62129 -23.75324 -12.181053 20.673077 -10.685478 1260255855247
130.52267 -61.62129 -23.75324 -6.478016 2.6378527 -4.246534 1260255855250
130.29654 -66.19022 -25.365578 -6.478016 2.6378527 -4.246534 1260255855267
130.29654 -66.19022 -25.365578 -18.973402 7.1403913 -15.53688 1260255855271
131.23172 -70.530716 -22.397299 -18.973402 7.1403913 -15.53688 1260255855511
131.23172 -70.530716 -22.397299 20.99252 -9.740282 15.089719 1260255855514
132.07013 -65.35418 -19.677433 20.99252 -9.740282 15.089719 1260255855527
132.07013 -65.35418 -19.677433 8.472969 -10.465441 13.534161 1260255855537
132.91663 -60.88647 -17.093561 8.472969 -10.465441 13.534161 1260255855540
132.91663 -60.88647 -17.093561 22.353823 -19.022453 18.448448 1260255855550
133.8208 -57.04215 -14.588883 22.353823 -19.022453 18.448448 1260255855553
133.8208 -57.04215 -14.588883 0.1042757 0.011285782 9.267258 1260255855569
134.77975 -53.540043 -11.959439 0.1042757 0.011285782 9.267258 1260255855572
134.77975 -53.540043 -11.959439 10.942223 -3.2605777 -1.3728151 1260255855575
136.89076 -42.46304 -7.8614674 10.942223 -3.2605777 -1.3728151 1260255855588
136.89076 -42.46304 -7.8614674 -8.083562 -10.168357 -0.4941117 1260255855592
135.59622 -48.589886 -8.168394 -8.083562 -10.168357 -0.4941117 1260255855605
135.59622 -48.589886 -8.168394 -11.062991 -7.784902 -6.6157165 1260255855609
134.61641 -54.110394 -8.7599745 -11.062991 -7.784902 -6.6157165 1260255855618
134.61641 -54.110394 -8.7599745 -10.649342 -1.5982904 -5.7899523 1260255855621
133.9356 -59.254875 -9.5219755 -10.649342 -1.5982904 -5.7899523 1260255855638
133.9356 -59.254875 -9.5219755 -6.3494697 11.311169 -6.097727 1260255855641
133.48882 -64.04213 -10.395877 -6.3494697 11.311169 -6.097727 1260255855657
133.48882 -64.04213 -10.395877 -1.852891 18.309246 -18.92209 1260255855661
133.41437 -68.59002 -11.376083 -1.852891 18.309246 -18.92209 1260255855677
133.41437 -68.59002 -11.376083 -3.2682142 5.4802756 -15.564913 1260255855680
133.34364 -72.96052 -12.30728 -3.2682142 5.4802756 -15.564913 1260255855697
133.34364 -72.96052 -12.30728 -11.613522 4.97609 -28.768894 1260255855700
132.92647 -77.112495 -13.091915 -11.613522 4.97609 -28.768894 1260255855717
132.92647 -77.112495 -13.091915 -19.585619 21.99848 -25.374641 1260255855721
132.28015 -81.10687 -13.787319 -19.585619 21.99848 -25.374641 1260255855737
132.28015 -81.10687 -13.787319 -23.385145 7.1913314 -22.432434 1260255855741
131.46614 -84.90153 -14.347953 -23.385145 7.1913314 -22.432434 1260255855757
131.46614 -84.90153 -14.347953 -22.549665 11.04008 -22.60871 1260255855761
130.69284 -88.55645 -14.880555 -22.549665 11.04008 -22.60871 1260255855786
130.69284 -88.55645 -14.880555 -18.53307 15.532877 -27.977934 1260255855790
130.3082 -92.22863 -15.336528 -18.53307 15.532877 -27.977934 1260255855944
130.3082 -92.22863 -15.336528 -12.45103 -1.8713918 -15.137295 1260255855949
130.69278 -95.9672 -15.669702 -12.45103 -1.8713918 -15.137295 1260255855952
130.69278 -95.9672 -15.669702 -6.803677 13.505657 -14.267772 1260255855955
134.05814 -100.16884 -15.936216 -6.803677 13.505657 -14.267772 1260255855965
134.05814 -100.16884 -15.936216 -1.7323935 -3.4717827 -18.964928 1260255855969
144.45523 -88.91039 -16.189405 -1.7323935 -3.4717827 -18.964928 1260255855972
144.45523 -88.91039 -16.189405 2.6855998 3.6979022 -7.47933 1260255855980
144.53247 -81.464874 -15.529935 2.6855998 3.6979022 -7.47933 1260255855983
144.53247 -81.464874 -15.529935 -2.1577075 -10.318566 -4.788956 1260255855987
144.85585 -75.14163 -14.603438 -2.1577075 -10.318566 -4.788956 1260255855991
144.85585 -75.14163 -14.603438 -7.8549137 -13.696641 7.0298305 1260255855999
145.26306 -69.58455 -13.623266 -7.8549137 -13.696641 7.0298305 1260255856004
145.26306 -69.58455 -13.623266 -6.926968 -6.9934635 19.905083 1260255856008
145.74991 -64.75532 -12.692102 -6.926968 -6.9934635 19.905083 1260255856015
145.74991 -64.75532 -12.692102 0.4327544 0.05760002 14.593388 1260255856018
146.21242 -60.76755 -11.907497 0.4327544 0.05760002 14.593388 1260255856021
146.21242 -60.76755 -11.907497 7.062205 -13.370523 14.444386 1260255856024
146.5518 -57.729176 -11.212123 7.062205 -13.370523 14.444386 1260255856039
146.5518 -57.729176 -11.212123 10.020591 9.171996 17.227238 1260255856042
146.57422 -55.642715 -10.601517 10.020591 9.171996 17.227238 1260255856050
146.57422 -55.642715 -10.601517 9.225982 -3.8445487 11.094761 1260255856053
145.94551 -54.61058 -9.921441 9.225982 -3.8445487 11.094761 1260255856072
145.94551 -54.61058 -9.921441 5.2825613 -2.5132651 12.478304 1260255856076
143.04823 -54.530052 -9.025369 5.2825613 -2.5132651 12.478304 1260255856081
143.04823 -54.530052 -9.025369 -2.312729 -0.34817982 10.242875 1260255856084
136.84583 -54.95355 -7.9741 -2.312729 -0.34817982 10.242875 1260255856089
136.84583 -54.95355 -7.9741 -7.5637503 -0.33095932 4.2236276 1260255856104
147.85353 -55.655872 -6.825395 -7.5637503 -0.33095932 4.2236276 1260255856113
147.85353 -55.655872 -6.825395 -2.3466458 2.323958 7.9893446 1260255856116
