112.914894 22.096703 5.539939 -8.505125 3.5936036 2.776625 1260255580635
112.914894 22.096703 5.539939 -4.465845 -4.5926943 -8.019804 1260255580651
115.76915 27.541868 6.512942 -4.465845 -4.5926943 -8.019804 1260255580695
115.76915 27.541868 6.512942 5.432638 -12.341956 -10.9087925 1260255580704
119.580696 33.564774 7.437295 5.432638 -12.341956 -10.9087925 1260255580871
119.580696 33.564774 7.437295 13.469798 -13.941954 -10.026141 1260255580880
124.25166 39.786533 8.26543 13.469798 -13.941954 -10.026141 1260255580883
124.25166 39.786533 8.26543 14.975067 -14.037254 -10.5130205 1260255580889
129.03908 45.94721 8.952159 14.975067 -14.037254 -10.5130205 1260255580892
129.03908 45.94721 8.952159 11.271328 -14.51046 -12.816755 1260255580900
134.33713 52.099846 9.454551 11.271328 -14.51046 -12.816755 1260255580906
134.33713 52.099846 9.454551 6.736369 -13.683882 -17.292822 1260255580910
139.97028 58.144855 9.781823 6.736369 -13.683882 -17.292822 1260255580923
139.97028 58.144855 9.781823 2.8401883 -12.670734 -20.905663 1260255580927
145.57176 63.987614 9.942732 2.8401883 -12.670734 -20.905663 1260255580932
145.57176 63.987614 9.942732 -0.18023443 -10.874847 -23.278114 1260255580935
148.19318 69.338234 9.845595 -0.18023443 -10.874847 -23.278114 1260255580943
148.19318 69.338234 9.845595 -1.7832489 -4.7706876 -24.468245 1260255580946
146.08351 73.32132 9.203316 -1.7832489 -4.7706876 -24.468245 1260255580950
146.08351 73.32132 9.203316 1.5941982 3.00073 -4.6815343 1260255580955
142.72934 74.95525 7.9931498 1.5941982 3.00073 -4.6815343 1260255580961
142.72934 74.95525 7.9931498 6.6406727 -7.4176335 -2.6719956 1260255580967
139.09286 74.40749 6.843492 6.6406727 -7.4176335 -2.6719956 1260255580970
139.09286 74.40749 6.843492 0.11416149 -9.890843 11.90487 1260255580973
135.48822 73.387115 5.8513174 0.11416149 -9.890843 11.90487 1260255580981
135.48822 73.387115 5.8513174 -10.612492 -14.452771 11.869934 1260255580984
132.01381 72.16776 4.9587517 -10.612492 -14.452771 11.869934 1260255580990
132.01381 72.16776 4.9587517 -16.940807 -26.99359 19.31664 1260255580993
128.56313 70.70937 4.110814 -16.940807 -26.99359 19.31664 1260255581001
128.56313 70.70937 4.110814 -15.5162735 -33.714615 24.48372 1260255581004
125.284966 69.173904 3.2552733 -15.5162735 -33.714615 24.48372 1260255581008
125.284966 69.173904 3.2552733 -7.9490876 -20.666567 12.849037 1260255581014
122.27071 67.71521 2.4425097 -7.9490876 -20.666567 12.849037 1260255581027
122.27071 67.71521 2.4425097 0.66763353 -6.333166 16.975035 1260255581030
119.40718 66.42945 1.6703842 0.66763353 -6.333166 16.975035 1260255581039
119.40718 66.42945 1.6703842 5.7061996 -7.615846 13.623434 1260255581042
116.93682 65.75798 0.9868649 5.7061996 -7.615846 13.623434 1260255581047
116.93682 65.75798 0.9868649 5.710874 -11.4933 1.4233203 1260255581051
115.28998 66.52008 0.5875217 5.710874 -11.4933 1.4233203 1260255581053
115.28998 66.52008 0.5875217 4.4378543 -2.424241 -6.20536 1260255581061
115.82548 70.14407 0.7581456 4.4378543 -2.424241 -6.20536 1260255581064
115.82548 70.14407 0.7581456 7.2694397 -13.694973 -2.3645296 1260255581068
119.3842 74.88687 1.2202383 7.2694397 -13.694973 -2.3645296 1260255581073
119.3842 74.88687 1.2202383 11.642017 1.2816494 -10.0587845 1260255581079
125.51499 79.79253 1.7592264 11.642017 1.2816494 -10.0587845 1260255581087
125.51499 79.79253 1.7592264 13.862463 6.979309 -19.161768 1260255581090
132.88924 84.6529 2.3212652 13.862463 6.979309 -19.161768 1260255581095
132.88924 84.6529 2.3212652 12.996927 -3.1299596 -17.943283 1260255581100
140.34477 89.32026 2.905202 12.996927 -3.1299596 -17.943283 1260255581109
140.34477 89.32026 2.905202 9.050806 -10.663722 -29.00217 1260255581112
140.34477 89.32026 2.905202 8.778399 -10.718203 -28.893208 1260255581120
146.72754 93.65424 3.3599417 8.778399 -10.718203 -28.893208 1260255581125
146.72754 93.65424 3.3599417 3.0528738 3.8466578 -31.875568 1260255581132
150.99117 97.62153 3.6919446 3.0528738 3.8466578 -31.875568 1260255581143
150.99117 97.62153 3.6919446 -1.7610493 -0.29225445 -11.280146 1260255581152
151.34161 100.590454 3.8073473 -1.7610493 -0.29225445 -11.280146 1260255581166
151.34161 100.590454 3.8073473 -4.59562 -5.826484 -19.870176 1260255581172
149.27454 101.06093 3.71698 -4.59562 -5.826484 -19.870176 1260255581181
149.27454 101.06093 3.71698 -4.965017 -16.245186 -11.180273 1260255581187
145.71082 99.85788 3.631131 -4.965017 -16.245186 -11.180273 1260255581201
145.71082 99.85788 3.631131 -3.9679847 -11.283852 -2.6493182 1260255581204
141.57527 98.014984 3.5995743 -3.9679847 -11.283852 -2.6493182 1260255581223
141.57527 98.014984 3.5995743 -2.8211007 -17.320433 18.906881 1260255581228
137.34651 95.96423 3.6695957 -2.8211007 -17.320433 18.906881 1260255581239
137.34651 95.96423 3.6695957 -2.2268825 -36.2559 18.02258 1260255581244
133.17918 93.76602 3.8361158 -2.2268825 -36.2559 18.02258 1260255581259
133.17918 93.76602 3.8361158 -2.526592 -20.016777 12.068722 1260255581263
129.22023 91.52772 4.04431 -2.526592 -20.016777 12.068722 1260255581283
129.22023 91.52772 4.04431 -3.838571 -16.611462 23.19144 1260255581286
125.45922 89.251335 4.2920947 -3.838571 -16.611462 23.19144 1260255581299
125.45922 89.251335 4.2920947 -5.63735 -24.689312 13.19435 1260255581304
122.03626 86.98877 4.52749 -5.63735 -24.689312 13.19435 1260255581319
122.03626 86.98877 4.52749 -7.3583593 -1.4454727 8.715101 1260255581322
119.03445 84.93933 4.6011157 -7.3583593 -1.4454727 8.715101 1260255581340
119.03445 84.93933 4.6011157 -8.990273 -4.324301 6.215745 1260255581343
116.38272 83.542366 3.7210598 -8.990273 -4.324301 6.215745 1260255581363
116.38272 83.542366 3.7210598 -6.142626 -12.318714 4.089531 1260255581367
112.713585 86.36525 1.0850067 -6.142626 -12.318714 4.089531 1260255581379
112.713585 86.36525 1.0850067 6.3643656 7.834677 -0.6618041 1260255581384
108.0779 89.846985 -1.6192437 6.3643656 7.834677 -0.6618041 1260255581398
108.0779 89.846985 -1.6192437 -13.343411 -11.125977 -1.8975513 1260255581402
103.12401 93.454636 -4.1882815 -13.343411 -11.125977 -1.8975513 1260255581585
103.12401 93.454636 -4.1882815 3.6765723 5.0762653 -6.55997 1260255581592
98.217804 96.93191 -6.5788674 3.6765723 5.0762653 -6.55997 1260255581595
98.217804 96.93191 -6.5788674 -8.439988 -6.4395676 -12.224459 1260255581603
93.70692 100.08531 -8.699924 -8.439988 -6.4395676 -12.224459 1260255581607
93.70692 100.08531 -8.699924 -12.572328 1.4593322 -11.141666 1260255581611
89.871574 102.88105 -10.464929 -12.572328 1.4593322 -11.141666 1260255581619
89.871574 102.88105 -10.464929 2.432115 -10.540383 -1.7310572 1260255581622
87.02799 105.286995 -11.641683 2.432115 -10.540383 -1.7310572 1260255581628
87.02799 105.286995 -11.641683 2.8532157 5.4593987 -5.7763953 1260255581631
85.42659 107.37264 -12.259599 2.8532157 5.4593987 -5.7763953 1260255581638
85.42659 107.37264 -12.259599 -0.59547925 -9.987463 1.5077457 1260255581642
86.25526 108.70401 -12.046618 -0.59547925 -9.987463 1.5077457 1260255581645
86.25526 108.70401 -12.046618 3.764069 -14.794391 -7.8438206 1260255581651
88.24249 108.91881 -10.894287 3.764069 -14.794391 -7.8438206 1260255581654
88.24249 108.91881 -10.894287 11.534039 -16.690247 -2.505857 1260255581662
87.68037 107.022865 -9.399572 11.534039 -16.690247 -2.505857 1260255581665
87.68037 107.022865 -9.399572 4.370309 -15.623697 -9.134803 1260255581669
85.44635 105.071724 -7.9295936 4.370309 -15.623697 -9.134803 1260255581680
85.44635 105.071724 -7.9295936 -2.6894183 -9.712118 3.6949644 1260255581688
82.87403 103.21814 -6.5831137 -2.6894183 -9.712118 3.6949644 1260255581691
82.87403 103.21814 -6.5831137 5.549188 -28.641167 -3.1140518 1260255581700
80.23033 101.45723 -5.353958 5.549188 -28.641167 -3.1140518 1260255581703
80.23033 101.45723 -5.353958 16.513885 -34.107586 9.584793 1260255581709
77.71881 99.834366 -4.2362604 16.513885 -34.107586 9.584793 1260255581712
77.71881 99.834366 -4.2362604 16.500843 -18.310543 2.2888658 1260255581720
75.63287 98.39265 -3.2744474 16.500843 -18.310543 2.2888658 1260255581723
75.63287 98.39265 -3.2744474 7.1821404 -13.379023 9.498299 1260255581727
74.75123 97.37302 -2.510725 7.1821404 -13.379023 9.498299 1260255581734
74.75123 97.37302 -2.510725 -2.1438541 -17.962074 9.329115 1260255581745
76.56367 97.654366 -2.0351887 -2.1438541 -17.962074 9.329115 1260255581749
76.56367 97.654366 -2.0351887 -7.141299 -11.353348 1.4438398 1260255581754
79.535484 99.021645 -1.8834293 -7.141299 -11.353348 1.4438398 1260255581763
79.535484 99.021645 -1.8834293 -9.175141 -0.6380787 -7.3494835 1260255581767
82.40871 101.37056 -1.8892578 -9.175141 -0.6380787 -7.3494835 1260255581772
82.40871 101.37056 -1.8892578 -9.865673 -14.5817375 -12.986133 1260255581783
84.98827 104.40203 -1.894795 -9.865673 -14.5817375 -12.986133 1260255581790
84.98827 104.40203 -1.894795 -9.903022 1.8869371 -11.689355 1260255581794
87.38886 107.68193 -1.8500552 -9.903022 1.8869371 -11.689355 1260255581804
87.38886 107.68193 -1.8500552 -9.815338 -10.336652 -17.491573 1260255581814
90.11942 110.94784 -1.7575525 -9.815338 -10.336652 -17.491573 1260255581822
90.11942 110.94784 -1.7575525 -9.752178 6.1476293 -15.662483 1260255581826
93.26345 114.050446 -1.6696749 -9.752178 6.1476293 -15.662483 1260255581839
93.26345 114.050446 -1.6696749 -9.656789 -10.195658 -17.653826 1260255581846
95.500275 116.79792 -1.6361911 -9.656789 -10.195658 -17.653826 1260255581858
95.500275 116.79792 -1.6361911 -10.010598 1.9011285 -15.842343 1260255581861
96.77526 119.05802 -1.7543815 -10.010598 1.9011285 -15.842343 1260255581882
96.77526 119.05802 -1.7543815 -10.684083 -1.7973328 -16.40679 1260255581885
97.4365 120.705124 -2.0666625 -10.684083 -1.7973328 -16.40679 1260255581899
97.4365 120.705124 -2.0666625 -10.485645 -16.08313 -13.149529 1260255581904
97.714676 121.51987 -2.5633295 -10.485645 -16.08313 -13.149529 1260255581922
97.714676 121.51987 -2.5633295 -7.808052 -16.4986 -4.107791 1260255581930
97.32894 121.29388 -3.135163 -7.808052 -16.4986 -4.107791 1260255581939
97.32894 121.29388 -3.135163 -2.8415604 -19.78637 -1.2983155 1260255581942
95.81249 119.179184 -3.528405 -2.8415604 -19.78637 -1.2983155 1260255581957
95.81249 119.179184 -3.528405 0.9728644 -12.001059 -8.838125 1260255581965
93.42187 116.770226 -3.7519846 0.9728644 -12.001059 -8.838125 1260255581980
93.42187 116.770226 -3.7519846 3.111105 -12.659536 12.317028 1260255581987
90.75077 114.18172 -3.8643854 3.111105 -12.659536 12.317028 1260255581998
90.75077 114.18172 -3.8643854 4.139821 -29.529715 6.057731 1260255582009
88.06323 111.57263 -3.871166 4.139821 -29.529715 6.057731 1260255582020
88.06323 111.57263 -3.871166 4.73432 -12.697602 11.635674 1260255582023
85.560074 108.994 -3.8276076 4.73432 -12.697602 11.635674 1260255582039
85.560074 108.994 -3.8276076 4.9548235 -29.721436 16.69185 1260255582045
83.33207 106.6443 -3.7862272 4.9548235 -29.721436 16.69185 1260255582065
83.33207 106.6443 -3.7862272 4.9082174 -17.752478 2.426546 1260255582069
81.46547 104.512085 -3.6969159 4.9082174 -17.752478 2.426546 1260255582079
81.46547 104.512085 -3.6969159 4.4039965 -9.472237 13.597135 1260255582082
80.0422 102.63648 -3.66207 4.4039965 -9.472237 13.597135 1260255582101
80.0422 102.63648 -3.66207 4.1652265 -22.610807 10.162291 1260255582105
79.09009 101.10466 -3.5789666 4.1652265 -22.610807 10.162291 1260255582123
79.09009 101.10466 -3.5789666 3.6605759 -17.604399 -3.465459 1260255582127
78.83559 99.84943 -3.4000182 3.6605759 -17.604399 -3.465459 1260255582139
78.83559 99.84943 -3.4000182 2.5044754 -4.8722124 -4.661168 1260255582142
