218.33922 38.024445 9.547659 5.1139455 -11.90719 0.46886873 1260256214392
218.33922 38.024445 9.547659 1.4139017 -7.558929 -1.9290295 1260256214403
207.82225 37.373222 10.070276 1.4139017 -7.558929 -1.9290295 1260256214409
207.82225 37.373222 10.070276 -2.9400306 -0.5536287 -0.07484436 1260256214412
198.28114 37.05456 10.566762 -2.9400306 -0.5536287 -0.07484436 1260256214421
198.28114 37.05456 10.566762 -6.066057 1.4888496 3.3758752 1260256214424
189.21709 37.351833 11.288424 -6.066057 1.4888496 3.3758752 1260256214427
189.21709 37.351833 11.288424 -5.8142366 -2.548658 7.754198 1260256214433
179.85623 38.33424 12.324002 -5.8142366 -2.548658 7.754198 1260256214444
179.85623 38.33424 12.324002 2.8781898 -14.149803 9.197481 1260256214447
182.96342 42.76753 13.357802 2.8781898 -14.149803 9.197481 1260256214451
182.96342 42.76753 13.357802 13.944948 -1.1115532 -0.71832204 1260256214462
186.46526 47.429153 14.489912 13.944948 -1.1115532 -0.71832204 1260256214468
186.46526 47.429153 14.489912 18.322227 -8.005423 -3.3494978 1260256214471
190.04199 52.057697 15.615417 18.322227 -8.005423 -3.3494978 1260256214482
190.04199 52.057697 15.615417 11.529535 -20.86564 -6.478676 1260256214486
193.6899 56.504814 16.734646 11.529535 -20.86564 -6.478676 1260256214491
193.6899 56.504814 16.734646 2.7839384 -10.875261 -13.744352 1260256214494
196.85541 60.629574 17.797913 2.7839384 -10.875261 -13.744352 1260256214505
196.85541 60.629574 17.797913 2.3330479 -3.585474 -10.429667 1260256214508
197.96263 64.4481 18.758017 2.3330479 -3.585474 -10.429667 1260256214513
197.96263 64.4481 18.758017 8.788234 -20.577196 -7.0219994 1260256214520
197.0645 68.025696 19.670116 8.788234 -20.577196 -7.0219994 1260256214526
197.0645 68.025696 19.670116 15.19136 -0.5758734 -2.2178295 1260256214529
195.41127 71.42441 20.58661 15.19136 -0.5758734 -2.2178295 1260256214534
195.41127 71.42441 20.58661 15.930226 -14.328993 -2.5175166 1260256214540
192.54071 74.453186 21.50728 15.930226 -14.328993 -2.5175166 1260256214543
192.54071 74.453186 21.50728 9.121843 2.494947 -6.6746235 1260256214549
187.26367 73.58053 21.781916 9.121843 2.494947 -6.6746235 1260256214584
187.26367 73.58053 21.781916 4.3918743 5.157923 3.9364479 1260256214588
181.30049 71.2515 20.49282 4.3918743 5.157923 3.9364479 1260256214593
181.30049 71.2515 20.49282 9.174982 -12.100777 7.776164 1260256214604
175.58546 68.538925 18.71818 9.174982 -12.100777 7.776164 1260256214607
175.58546 68.538925 18.71818 -5.3017893 0.9666009 22.33973 1260256214611
170.20619 65.86198 16.832272 -5.3017893 0.9666009 22.33973 1260256214621
170.20619 65.86198 16.832272 -16.003601 -6.7698216 24.10471 1260256214627
165.04588 63.418877 14.940658 -16.003601 -6.7698216 24.10471 1260256214630
165.04588 63.418877 14.940658 -2.0228405 -12.919268 16.437119 1260256214633
159.89359 61.647934 13.093625 -2.0228405 -12.919268 16.437119 1260256214643
159.89359 61.647934 13.093625 -3.8405113 -1.6843748 21.719042 1260256214647
154.8489 61.115536 11.388944 -3.8405113 -1.6843748 21.719042 1260256214652
154.8489 61.115536 11.388944 -15.725473 -4.6185665 8.7171335 1260256214658
150.70647 63.20976 10.319496 -15.725473 -4.6185665 8.7171335 1260256214663
150.70647 63.20976 10.319496 -10.450112 -19.238491 -8.178448 1260256214667
149.02115 66.59927 10.103521 -10.450112 -19.238491 -8.178448 1260256214670
149.02115 66.59927 10.103521 -4.1504 -9.282713 -6.893245 1260256214682
149.9701 70.81931 10.348345 -4.1504 -9.282713 -6.893245 1260256214690
149.9701 70.81931 10.348345 -1.9476528 -21.12668 -18.595345 1260256214694
153.52159 75.428345 10.830928 -1.9476528 -21.12668 -18.595345 1260256214704
153.52159 75.428345 10.830928 -2.4759245 -6.4651594 -20.9328 1260256214710
159.14551 80.30693 11.339381 -2.4759245 -6.4651594 -20.9328 1260256214713
159.14551 80.30693 11.339381 -3.6830058 7.6504264 -13.466337 1260256214721
167.93823 67.491585 11.5724125 -3.6830058 7.6504264 -13.466337 1260256214724
167.93823 67.491585 11.5724125 -6.2120824 10.33123 -7.4864707 1260256214728
168.29132 57.617004 9.443791 -6.2120824 10.33123 -7.4864707 1260256214733
168.29132 57.617004 9.443791 -1.4121517 -6.7772207 -5.590359 1260256214744
163.47676 53.136154 6.8716016 -1.4121517 -6.7772207 -5.590359 1260256214748
163.47676 53.136154 6.8716016 2.2795138 -0.10290074 -5.4437017 1260256214751
159.35292 48.479347 4.4780216 2.2795138 -0.10290074 -5.4437017 1260256214759
159.35292 48.479347 4.4780216 -12.6647625 12.638238 2.284182 1260256214762
166.68527 37.305378 1.8041205 -12.6647625 12.638238 2.284182 1260256214770
166.68527 37.305378 1.8041205 6.9465857 4.086553 -4.2990046 1260256214774
165.251 42.24011 1.8639145 6.9465857 4.086553 -4.2990046 1260256214790
165.251 42.24011 1.8639145 9.981302 2.1924624 -7.239795 1260256214793
167.33846 46.728104 2.5707188 9.981302 2.1924624 -7.239795 1260256214803
167.33846 46.728104 2.5707188 10.634779 -18.106836 -4.282027 1260256214807
172.02153 50.891697 3.3921828 10.634779 -18.106836 -4.282027 1260256214810
172.02153 50.891697 3.3921828 5.8646297 -25.847235 -22.075546 1260256214818
179.27045 54.647114 4.372574 5.8646297 -25.847235 -22.075546 1260256214825
179.27045 54.647114 4.372574 1.3842707 -12.632713 -11.183876 1260256214829
187.60692 58.21476 5.5039454 1.3842707 -12.632713 -11.183876 1260256214832
187.60692 58.21476 5.5039454 2.8108459 -27.257683 -8.985448 1260256214848
178.57657 61.45402 6.428748 2.8108459 -27.257683 -8.985448 1260256214853
178.57657 61.45402 6.428748 7.5370197 -2.8036451 -3.5614333 1260256214864
170.49774 64.58132 7.4573107 7.5370197 -2.8036451 -3.5614333 1260256215053
170.49774 64.58132 7.4573107 12.607583 -16.127275 -3.0837023 1260256215060
179.17285 69.30225 9.584445 12.607583 -16.127275 -3.0837023 1260256215069
179.17285 69.30225 9.584445 0.5802976 -2.8455377 -10.990901 1260256215072
174.5142 58.48714 10.605223 0.5802976 -2.8455377 -10.990901 1260256215086
174.5142 58.48714 10.605223 -7.482838 -7.4424744 -0.7980002 1260256215091
176.8385 62.762783 10.874962 -7.482838 -7.4424744 -0.7980002 1260256215094
176.8385 62.762783 10.874962 -8.203325 -2.6878777 -5.5075974 1260256215103
184.99658 65.824646 11.081214 -8.203325 -2.6878777 -5.5075974 1260256215106
184.99658 65.824646 11.081214 -6.100211 -12.921195 -7.6391544 1260256215110
193.19675 68.43341 11.227153 -6.100211 -12.921195 -7.6391544 1260256215118
193.19675 68.43341 11.227153 -4.607826 -12.294623 -6.929519 1260256215122
201.33691 70.81174 11.265795 -4.607826 -12.294623 -6.929519 1260256215127
201.33691 70.81174 11.265795 -4.1052017 -31.964458 -9.9717045 1260256215130
191.27007 73.22115 11.502505 -4.1052017 -31.964458 -9.9717045 1260256215141
191.27007 73.22115 11.502505 -2.6290665 -10.429399 -11.251036 1260256215147
184.30656 75.7101 11.72738 -2.6290665 -10.429399 -11.251036 1260256215150
184.30656 75.7101 11.72738 -3.0822105 -15.960015 -1.0270476 1260256215153
183.34123 78.57459 11.891011 -3.0822105 -15.960015 -1.0270476 1260256215161
183.34123 78.57459 11.891011 -3.1847477 -7.6952662 -14.685822 1260256215164
184.02417 82.14587 12.146461 -3.1847477 -7.6952662 -14.685822 1260256215168
184.02417 82.14587 12.146461 -1.3665206 -9.007088 0.4958434 1260256215173
186.07297 86.288574 12.289138 -1.3665206 -9.007088 0.4958434 1260256215182
186.07297 86.288574 12.289138 -0.48933625 7.471199 -9.039615 1260256215186
189.21931 90.77415 11.974681 -0.48933625 7.471199 -9.039615 1260256215199
189.21931 90.77415 11.974681 -4.7850723 -3.6303787 -14.73143 1260256215202
195.05835 77.33544 9.225946 -4.7850723 -3.6303787 -14.73143 1260256215207
195.05835 77.33544 9.225946 -0.25714064 -9.040468 1.0719969 1260256215210
186.55544 73.91867 6.764649 -0.25714064 -9.040468 1.0719969 1260256215214
186.55544 73.91867 6.764649 -1.6046233 8.301857 7.860393 1260256215221
178.57767 71.122734 4.876416 -1.6046233 8.301857 7.860393 1260256215225
178.57767 71.122734 4.876416 -18.889437 -14.491049 13.733203 1260256215230
170.84879 68.9666 3.4325953 -18.889437 -14.491049 13.733203 1260256215234
170.84879 68.9666 3.4325953 -12.37323 -9.446904 8.680502 1260256215242
163.40634 67.56827 2.3609655 -12.37323 -9.446904 8.680502 1260256215247
163.40634 67.56827 2.3609655 -0.009009838 -5.1307297 15.278208 1260256215258
156.68602 67.639854 1.9429172 -0.009009838 -5.1307297 15.278208 1260256215263
156.68602 67.639854 1.9429172 7.2905245 -7.311056 5.8570905 1260256215268
151.35172 69.45786 2.3957713 7.2905245 -7.311056 5.8570905 1260256215271
151.35172 69.45786 2.3957713 10.000645 -20.142626 -9.517209 1260256215282
153.23413 72.33497 3.3759828 10.000645 -20.142626 -9.517209 1260256215290
153.23413 72.33497 3.3759828 4.602227 -14.052015 0.7312927 1260256215294
156.67242 75.61822 4.5571837 4.602227 -14.052015 0.7312927 1260256215304
156.67242 75.61822 4.5571837 -1.6461973 -13.961053 -12.102272 1260256215308
161.13881 78.987305 6.0793247 -1.6461973 -13.961053 -12.102272 1260256215313
161.13881 78.987305 6.0793247 4.8261495 -2.8012347 -15.244354 1260256215321
170.63187 82.93794 9.075358 4.8261495 -2.8012347 -15.244354 1260256215327
170.63187 82.93794 9.075358 8.449064 -11.444814 -3.677115 1260256215338
164.00027 78.49104 10.871591 8.449064 -11.444814 -3.677115 1260256215345
164.00027 78.49104 10.871591 -6.292446 0.012544155 4.656436 1260256215348
157.50026 75.96649 11.878011 -6.292446 0.012544155 4.656436 1260256215364
157.50026 75.96649 11.878011 -2.956776 -8.229712 10.860029 1260256215371
151.77525 75.06817 12.63411 -2.956776 -8.229712 10.860029 1260256215379
151.77525 75.06817 12.63411 5.171678 -5.268483 11.824023 1260256215382
148.28648 74.66476 13.102405 5.171678 -5.268483 11.824023 1260256215401
148.28648 74.66476 13.102405 9.622454 -4.9349723 7.457512 1260256215407
145.12216 74.48152 13.197285 9.622454 -4.9349723 7.457512 1260256215421
145.12216 74.48152 13.197285 8.886293 -3.418652 6.939602 1260256215428
140.26605 72.75745 12.48742 8.886293 -3.418652 6.939602 1260256215441
140.26605 72.75745 12.48742 -0.8682541 -1.0287867 -1.7322836 1260256215445
135.15276 69.219574 10.813049 -0.8682541 -1.0287867 -1.7322836 1260256215460
135.15276 69.219574 10.813049 -14.322607 -1.4039538 10.393852 1260256215467
130.19511 65.458595 8.772397 -14.322607 -1.4039538 10.393852 1260256215484
130.19511 65.458595 8.772397 -3.0400443 -3.02768 22.237055 1260256215487
125.23536 61.935665 6.383777 -3.0400443 -3.02768 22.237055 1260256215497
125.23536 61.935665 6.383777 -11.4921 9.287767 21.331224 1260256215501
120.02359 59.038883 3.4145882 -11.4921 9.287767 21.331224 1260256215523
120.02359 59.038883 3.4145882 -18.646158 -7.1946373 19.504362 1260256215529
115.12241 57.18694 -0.10614134 -18.646158 -7.1946373 19.504362 1260256215541
115.12241 57.18694 -0.10614134 -17.600576 -12.444788 10.550419 1260256215548
112.616295 61.127594 -1.9008343 -17.600576 -12.444788 10.550419 1260256215566
112.616295 61.127594 -1.9008343 -20.80753 -3.8393965 -7.327361 1260256215569
114.13548 64.371216 -2.4057927 -20.80753 -3.8393965 -7.327361 1260256215579
114.13548 64.371216 -2.4057927 -11.78054 -29.694487 -13.9303875 1260256215583
119.17871 67.70265 -2.085503 -11.78054 -29.694487 -13.9303875 1260256215601
119.17871 67.70265 -2.085503 -6.446371 -13.218508 -20.810184 1260256215604
125.56978 71.01752 -1.3312279 -6.446371 -13.218508 -20.810184 1260256215626
125.56978 71.01752 -1.3312279 -2.6554618 -31.780294 -21.78704 1260256215799
131.8413 74.36664 -0.5646665 -2.6554618 -31.780294 -21.78704 1260256215810
131.8413 74.36664 -0.5646665 1.7837853 -10.7134495 -15.8392315 1260256215814
137.39923 77.9483 0.1635668 1.7837853 -10.7134495 -15.8392315 1260256215822
137.39923 77.9483 0.1635668 8.02462 -20.705822 -29.818935 1260256215825
142.17928 81.60089 0.8053885 8.02462 -20.705822 -29.818935 1260256215829
142.17928 81.60089 0.8053885 12.61026 -11.333886 -14.316551 1260256215834
146.12032 85.32085 1.3151191 12.61026 -11.333886 -14.316551 1260256215842
146.12032 85.32085 1.3151191 13.744593 -4.282364 -21.559334 1260256215846
148.6143 89.0548 1.5993632 13.744593 -4.282364 -21.559334 1260256215849
148.6143 89.0548 1.5993632 11.961637 -14.859903 -16.936914 1260256215854
148.58359 92.85206 1.519395 11.961637 -14.859903 -16.936914 1260256215865
148.58359 92.85206 1.519395 9.800677 5.713912 -14.240903 1260256215868
143.1044 96.809456 0.94342524 9.800677 5.713912 -14.240903 1260256215872
143.1044 96.809456 0.94342524 5.9588704 -6.9499097 -16.403166 1260256215882
151.69917 83.01898 -0.30374607 5.9588704 -6.9499097 -16.403166 1260256215888
151.69917 83.01898 -0.30374607 -6.581403 -9.3576145 -5.997345 1260256215891
161.71422 87.31803 -3.7385588 -6.581403 -9.3576145 -5.997345 1260256215894
161.71422 87.31803 -3.7385588 -1.069696 4.6100445 -8.661987 1260256215902
154.5785 84.15213 -6.501631 -1.069696 4.6100445 -8.661987 1260256215908
154.5785 84.15213 -6.501631 -11.848708 -10.709652 -3.938815 1260256215923
148.29958 81.84452 -8.07655 -11.848708 -10.709652 -3.938815 1260256215927
148.29958 81.84452 -8.07655 -21.380733 -13.57732 7.5087175 1260256215930
142.1846 80.0023 -9.022722 -21.380733 -13.57732 7.5087175 1260256215938
142.1846 80.0023 -9.022722 -16.52901 -9.870733 15.494235 1260256215941
136.27538 78.552185 -9.721586 -16.52901 -9.870733 15.494235 1260256215947
136.27538 78.552185 -9.721586 -8.94264 -23.264927 23.835587 1260256215950
130.6116 77.37457 -10.135507 -8.94264 -23.264927 23.835587 1260256215954
130.6116 77.37457 -10.135507 -2.9501739 -33.426353 16.904741 1260256215962
125.18102 76.405846 -10.428731 -2.9501739 -33.426353 16.904741 1260256215970
125.18102 76.405846 -10.428731 1.0757389 -29.765821 8.590818 1260256215973
120.27197 75.78555 -10.707294 1.0757389 -29.765821 8.590818 1260256215983
120.27197 75.78555 -10.707294 4.001939 -21.571522 4.4891834 1260256215987
115.90837 75.596275 -10.77193 4.001939 -21.571522 4.4891834 1260256215992
115.90837 75.596275 -10.77193 6.423257 -16.406672 1.314944 1260256215998
112.61295 76.766464 -10.633333 6.423257 -16.406672 1.314944 1260256216004
112.61295 76.766464 -10.633333 7.5704484 -20.79557 -1.4205205 1260256216008
112.7823 79.22814 -10.101666 7.5704484 -20.79557 -1.4205205 1260256216020
112.7823 79.22814 -10.101666 6.2065334 -1.4837179 0.3973317 1260256216023
117.99319 83.316734 -8.996583 6.2065334 -1.4837179 0.3973317 1260256216031
117.99319 83.316734 -8.996583 -1.7401688 -13.552441 -10.130702 1260256216034
127.94353 88.050896 -7.796754 -1.7401688 -13.552441 -10.130702 1260256216043
127.94353 88.050896 -7.796754 -5.466306 -1.5529623 -15.254784 1260256216047
121.54635 74.79835 -6.556916 -5.466306 -1.5529623 -15.254784 1260256216059
121.54635 74.79835 -6.556916 3.5480697 6.8400483 -12.683569 1260256216065
116.11903 62.30843 -5.3790703 3.5480697 6.8400483 -12.683569 1260256216085
116.11903 62.30843 -5.3790703 15.179177 7.132248 -18.464262 1260256216088
128.26308 50.343006 -4.310117 15.179177 7.132248 -18.464262 1260256216100
128.26308 50.343006 -4.310117 15.882359 0.43961936 -27.91967 1260256216110
138.04993 56.725857 -3.4946108 15.882359 0.43961936 -27.91967 1260256216121
138.04993 56.725857 -3.4946108 8.100808 -2.3811572 -31.225616 1260256216124
138.39743 61.889565 -3.3698802 8.100808 -2.3811572 -31.225616 1260256216138
138.39743 61.889565 -3.3698802 1.9045684 1.8662214 -21.970346 1260256216145
134.47755 64.94508 -4.351386 1.9045684 1.8662214 -21.970346 1260256216161
134.47755 64.94508 -4.351386 2.998304 -21.836538 -4.3150206 1260256216168
129.20367 64.59783 -5.4838166 2.998304 -21.836538 -4.3150206 1260256216178
129.20367 64.59783 -5.4838166 -3.6253338 -29.608593 4.967534 1260256216181
123.94349 63.76794 -6.4596257 -3.6253338 -29.608593 4.967534 1260256216198
123.94349 63.76794 -6.4596257 -15.245164 -31.440975 22.21487 1260256216204
118.94631 62.579544 -7.2366443 -15.245164 -31.440975 22.21487 1260256216261
118.94631 62.579544 -7.2366443 -20.86237 -19.305218 27.68082 1260256216274
114.298996 61.25057 -7.9248123 -20.86237 -19.305218 27.68082 1260256216286
114.298996 61.25057 -7.9248123 -20.167751 -7.2123528 21.050713 1260256216307
109.934044 60.03804 -8.678572 -20.167751 -7.2123528 21.050713 1260256216324
109.934044 60.03804 -8.678572 -13.953316 -7.992179 20.181082 1260256216332
106.58734 59.93614 -9.594644 -13.953316 -7.992179 20.181082 1260256216347
106.58734 59.93614 -9.594644 -2.102527 -4.751666 11.6158085 1260256216352
111.307976 64.93933 -8.714911 -2.102527 -4.751666 11.6158085 1260256216363
111.307976 64.93933 -8.714911 -4.9704623 -11.895407 -5.407062 1260256216367
121.842575 70.49236 -7.229166 -4.9704623 -11.895407 -5.407062 1260256216379
121.842575 70.49236 -7.229166 -1.179183 -10.965572 -16.42722 1260256216387
132.40045 75.81774 -5.6177077 -1.179183 -10.965572 -16.42722 1260256216390
132.40045 75.81774 -5.6177077 16.12992 -5.3946323 -14.656792 1260256216393
141.33043 80.42686 -3.8868222 16.12992 -5.3946323 -14.656792 1260256216411
141.33043 80.42686 -3.8868222 18.04601 4.4787955 -21.907703 1260256216414
147.66391 83.755516 -2.2924812 18.04601 4.4787955 -21.907703 1260256216421
147.66391 83.755516 -2.2924812 1.659872 -19.072376 -10.552055 1260256216598
144.68071 85.41774 -1.3778571 1.659872 -19.072376 -10.552055 1260256216606
144.68071 85.41774 -1.3778571 -4.90552 -9.368938 -7.331473 1260256216609
139.49667 85.29685 -1.2089642 -4.90552 -9.368938 -7.331473 1260256216623
139.49667 85.29685 -1.2089642 -8.48443 -12.512678 -1.0710425 1260256216629
134.32184 84.03201 -1.548516 -8.48443 -12.512678 -1.0710425 1260256216632
134.32184 84.03201 -1.548516 -12.208369 -21.446709 7.6781836 1260256216640
129.30574 81.88041 -2.2210903 -12.208369 -21.446709 7.6781836 1260256216643
129.30574 81.88041 -2.2210903 -11.382029 -10.954026 3.990622 1260256216647
124.39045 79.38639 -3.2100358 -11.382029 -10.954026 3.990622 1260256216650
124.39045 79.38639 -3.2100358 -2.516942 2.8047724 13.151787 1260256216658
119.720924 76.91707 -3.999534 -2.516942 2.8047724 13.151787 1260256216663
119.720924 76.91707 -3.999534 6.1061244 -11.857071 2.9496877 1260256216667
116.33488 77.27122 -3.4995573 6.1061244 -11.857071 2.9496877 1260256216670
116.33488 77.27122 -3.4995573 3.8286023 -13.455636 2.8816054 1260256216679
112.66814 78.35766 -2.9245794 3.8286023 -13.455636 2.8816054 1260256216682
112.66814 78.35766 -2.9245794 -0.6663196 -12.153997 8.471998 1260256216688
108.53473 78.53977 -2.4783504 -0.6663196 -12.153997 8.471998 1260256216691
108.53473 78.53977 -2.4783504 -4.3583117 -14.860233 8.757548 1260256216699
104.357994 78.56278 -2.204433 -4.3583117 -14.860233 8.757548 1260256216702
104.357994 78.56278 -2.204433 -6.9169555 -15.969547 8.919907 1260256216708
100.39009 78.33464 -1.8942113 -6.9169555 -15.969547 8.919907 1260256216713
100.39009 78.33464 -1.8942113 -8.31126 -15.998363 6.999077 1260256216727
96.670586 78.01791 -1.4995008 -8.31126 -15.998363 6.999077 1260256216733
96.670586 78.01791 -1.4995008 -8.712716 -14.283701 2.2823486 1260256216739
103.33706 80.26701 -0.4245257 -8.712716 -14.283701 2.2823486 1260256216745
103.33706 80.26701 -0.4245257 -1.5303645 3.510366 -1.6463499 1260256216748
111.37021 84.10366 0.6967006 -1.5303645 3.510366 -1.6463499 1260256216751
111.37021 84.10366 0.6967006 11.437059 -11.80991 -16.918047 1260256216759
119.901695 88.04848 1.7618656 11.437059 -11.80991 -16.918047 1260256216762
119.901695 88.04848 1.7618656 17.044746 -6.6642175 -19.261368 1260256216768
128.30661 91.89605 2.7737722 17.044746 -6.6642175 -19.261368 1260256216771
128.30661 91.89605 2.7737722 12.063867 0.8041167 -14.156752 1260256216782
135.34128 95.30125 3.5850837 12.063867 0.8041167 -14.156752 1260256216792
135.34128 95.30125 3.5850837 2.5096965 -15.382257 -22.34306 1260256216801
139.07422 97.73618 3.9058294 2.5096965 -15.382257 -22.34306 1260256216804
139.07422 97.73618 3.9058294 -4.2617006 -5.440481 -5.073613 1260256216808
135.1705 98.34937 3.210538 -4.2617006 -5.440481 -5.073613 1260256216813
135.1705 98.34937 3.210538 -3.0042076 -3.9578247 1.8751628 1260256216819
129.21198 96.5819 2.000011 -3.0042076 -3.9578247 1.8751628 1260256216826
129.21198 96.5819 2.000011 2.6865711 -22.539997 7.7364144 1260256216830
123.25137 94.3028 0.85001034 2.6865711 -22.539997 7.7364144 1260256216843
123.25137 94.3028 0.85001034 -0.7959738 -18.463335 18.294052 1260256216849
117.588806 91.887665 -0.19249018 -0.7959738 -18.463335 18.294052 1260256216854
117.588806 91.887665 -0.19249018 -10.333012 -11.253497 8.399274 1260256216867
112.25937 89.69328 -1.1328657 -10.333012 -11.253497 8.399274 1260256216874
112.25937 89.69328 -1.1328657 -16.175692 -26.19958 12.217773 1260256216884
107.3964 87.95862 -2.0762224 -16.175692 -26.19958 12.217773 1260256216890
107.3964 87.95862 -2.0762224 -14.267994 -13.779707 3.3047433 1260256216906
103.47658 86.960686 -2.8724113 -14.267994 -13.779707 3.3047433 1260256216912
103.47658 86.960686 -2.8724113 -6.5425158 -3.4464512 -2.6078925 1260256216920
105.85275 88.712654 -3.0287907 -6.5425158 -3.4464512 -2.6078925 1260256216922
105.85275 88.712654 -3.0287907 -2.2472253 -16.173138 -13.076316 1260256216931
111.26012 91.677025 -2.4773512 -2.2472253 -16.173138 -13.076316 1260256216941
111.26012 91.677025 -2.4773512 -3.9846554 -2.7406998 -6.133135 1260256216944
118.24711 94.74317 -1.6034837 -3.9846554 -2.7406998 -6.133135 1260256216959
118.24711 94.74317 -1.6034837 -4.7007556 -13.62088 -17.525137 1260256216967
125.93475 97.806015 -0.5733095 -4.7007556 -13.62088 -17.525137 1260256216977
125.93475 97.806015 -0.5733095 2.54327 -5.976866 -28.558582 1260256216980
132.68802 100.31571 0.30535603 2.54327 -5.976866 -28.558582 1260256217000
132.68802 100.31571 0.30535603 9.647411 -10.0833645 -9.365478 1260256217003
137.95361 101.94993 0.84008825 9.647411 -10.0833645 -9.365478 1260256217022
137.95361 101.94993 0.84008825 10.907473 -23.94776 -11.868357 1260256217026
141.50594 102.70243 0.6980838 10.907473 -23.94776 -11.868357 1260256217037
141.50594 102.70243 0.6980838 5.822247 -23.59816 -12.211125 1260256217046
135.43063 102.96731 -0.23682041 5.822247 -23.59816 -12.211125 1260256217059
135.43063 102.96731 -0.23682041 -7.3659763 -22.084095 -7.9213266 1260256217062
129.1591 100.81894 -1.2749795 -7.3659763 -22.084095 -7.9213266 1260256217080
129.1591 100.81894 -1.2749795 -15.489866 -17.261732 8.378089 1260256217084
123.001144 98.47799 -2.0612304 -15.489866 -17.261732 8.378089 1260256217103
123.001144 98.47799 -2.0612304 -13.439222 -4.4882097 10.462471 1260256217107
117.151085 96.70409 -2.258169 -13.439222 -4.4882097 10.462471 1260256217117
117.151085 96.70409 -2.258169 -8.991091 -18.719465 11.161438 1260256217121
129.09354 95.76888 -1.6952605 -8.991091 -18.719465 11.161438 1260256217139
129.09354 95.76888 -1.6952605 -7.109084 -25.791811 1.9008981 1260256217142
139.33887 96.33044 -0.8604975 -7.109084 -25.791811 1.9008981 1260256217161
139.33887 96.33044 -0.8604975 -1.7231112 -29.028982 -5.390896 1260256217339
148.27193 96.96391 -0.017472588 -1.7231112 -29.028982 -5.390896 1260256217348
148.27193 96.96391 -0.017472588 6.18948 -26.382214 -13.433295 1260256217352
157.80833 97.41572 0.68340105 6.18948 -26.382214 -13.433295 1260256217362
157.80833 97.41572 0.68340105 11.677053 -21.425434 -10.293403 1260256217368
150.36792 97.744934 1.349231 11.677053 -21.425434 -10.293403 1260256217371
150.36792 97.744934 1.349231 14.000669 -14.022498 -2.4139018 1260256217379
145.04953 96.60769 1.9817694 14.000669 -14.022498 -2.4139018 1260256217382
145.04953 96.60769 1.9817694 12.143899 -19.366474 3.418826 1260256217386
140.49706 95.42731 2.582681 12.143899 -19.366474 3.418826 1260256217390
140.49706 95.42731 2.582681 7.471184 -18.185007 -1.425238 1260256217400
136.2222 94.00594 2.953547 7.471184 -18.185007 -1.425238 1260256217406
136.2222 94.00594 2.953547 3.1123185 -4.1499443 -6.8954234 1260256217409
132.11108 92.05565 2.7558696 3.1123185 -4.1499443 -6.8954234 1260256217414
132.11108 92.05565 2.7558696 3.5917032 3.9776409 8.118666 1260256217426
127.85553 88.50287 1.418076 3.5917032 3.9776409 8.118666 1260256217429
127.85553 88.50287 1.418076 8.146837 -6.386055 4.508056 1260256217433
124.01276 83.42773 -0.80282784 8.146837 -6.386055 4.508056 1260256217441
124.01276 83.42773 -0.80282784 -10.454456 -8.50532 2.257156 1260256217444
121.86212 77.60634 -2.8126864 -10.454456 -8.50532 2.257156 1260256217452
121.86212 77.60634 -2.8126864 -8.28673 -3.5585532 9.673037 1260256217463
119.669014 72.12602 -4.972052 -8.28673 -3.5585532 9.673037 1260256217467
119.669014 72.12602 -4.972052 2.0211396 4.1854305 2.204252 1260256217470
129.73557 67.31972 -7.87345 2.0211396 4.1854305 2.204252 1260256217479
129.73557 67.31972 -7.87345 -19.305145 13.81719 2.3987951 1260256217484
123.24879 71.75373 -10.679777 -19.305145 13.81719 2.3987951 1260256217487
123.24879 71.75373 -10.679777 0.20336819 -8.795778 0.74632263 1260256217491
120.18635 74.016045 -10.895788 0.20336819 -8.795778 0.74632263 1260256217500
120.18635 74.016045 -10.895788 5.842211 -4.035018 -5.7946367 1260256217506
117.92703 76.01524 -10.050999 5.842211 -4.035018 -5.7946367 1260256217509
117.92703 76.01524 -10.050999 8.127212 -26.645685 -15.6563835 1260256217512
127.78068 77.96448 -8.798449 8.127212 -26.645685 -15.6563835 1260256217521
127.78068 77.96448 -8.798449 1.4470301 -30.952242 -3.1723275 1260256217525
137.39165 80.06625 -7.208526 1.4470301 -30.952242 -3.1723275 1260256217533
137.39165 80.06625 -7.208526 2.8498592 -13.704741 -8.774141 1260256217541
147.07207 82.06294 -5.6980996 2.8498592 -13.704741 -8.774141 1260256217545
147.07207 82.06294 -5.6980996 14.823914 -24.896715 -0.11304188 1260256217549
157.31847 83.859795 -4.4131947 14.823914 -24.896715 -0.11304188 1260256217561
157.31847 83.859795 -4.4131947 16.665134 -26.624214 -4.7797575 1260256217569
150.45255 85.466805 -3.192535 16.665134 -26.624214 -4.7797575 1260256217580
150.45255 85.466805 -3.192535 6.2195644 -9.549489 3.169898 1260256217584
145.67992 86.74346 -2.2329082 6.2195644 -9.549489 3.169898 1260256217591
145.67992 86.74346 -2.2329082 -4.3786116 -2.0706654 -4.638261 1260256217594
141.64592 87.50629 -1.7712629 -4.3786116 -2.0706654 -4.638261 1260256217605
141.64592 87.50629 -1.7712629 -8.759281 -2.2155628 -2.9214065 1260256217609
136.51363 86.280975 -3.0326998 -8.759281 -2.2155628 -2.9214065 1260256217619
136.51363 86.280975 -3.0326998 -2.2091513 7.5039577 1.2466065 1260256217626
130.88794 80.86693 -5.481065 -2.2091513 7.5039577 1.2466065 1260256217638
130.88794 80.86693 -5.481065 4.9061575 8.163367 5.9828124 1260256217641
130.74355 74.82358 -7.2070117 4.9061575 8.163367 5.9828124 1260256217661
130.74355 74.82358 -7.2070117 -10.897755 8.445727 6.9197106 1260256217669
131.50636 69.2324 -9.146661 -10.897755 8.445727 6.9197106 1260256217680
131.50636 69.2324 -9.146661 -7.5393906 2.8977478 -6.8524594 1260256217683
139.78105 64.62078 -11.639328 -7.5393906 2.8977478 -6.8524594 1260256217699
139.78105 64.62078 -11.639328 0.33370256 -6.0673447 1.6691004 1260256217704
148.642 60.989742 -14.707361 0.33370256 -6.0673447 1.6691004 1260256217719
148.642 60.989742 -14.707361 -18.846233 10.9669895 4.1962595 1260256217722
157.7099 58.340256 -17.921993 -18.846233 10.9669895 4.1962595 1260256217744
157.7099 58.340256 -17.921993 -4.9070735 -11.468947 0.23820579 1260256217751
166.6244 63.37324 -20.475893 -4.9070735 -11.468947 0.23820579 1260256217761
166.6244 63.37324 -20.475893 -22.315609 -9.8036995 -1.0246559 1260256217768
175.19319 67.70458 -22.352098 -22.315609 -9.8036995 -1.0246559 1260256217784
175.19319 67.70458 -22.352098 -7.6259646 3.1773896 -3.8337293 1260256217788
183.28354 71.46935 -23.634493 -7.6259646 3.1773896 -3.8337293 1260256217798
183.28354 71.46935 -23.634493 0.22635746 -14.706261 -3.920053 1260256217801
190.41936 74.79588 -24.602768 0.22635746 -14.706261 -3.920053 1260256217820
190.41936 74.79588 -24.602768 -3.436133 -2.7015195 3.1674714 1260256217823
196.59839 77.90609 -25.42263 -3.436133 -2.7015195 3.1674714 1260256217838
196.59839 77.90609 -25.42263 -11.572795 -14.874239 -11.912488 1260256217844
201.66847 80.91078 -26.201498 -11.572795 -14.874239 -11.912488 1260256217861
201.66847 80.91078 -26.201498 -18.41098 -3.2252808 -1.628752 1260256217868
205.83505 83.61524 -26.891422 -18.41098 -3.2252808 -1.628752 1260256217878
205.83505 83.61524 -26.891422 -20.38761 -20.902004 -4.52571 1260256217881
209.3433 86.08448 -27.446852 -20.38761 -20.902004 -4.52571 1260256217901
209.3433 86.08448 -27.446852 -18.91493 -4.380784 -3.4837909 1260256217906
212.47614 88.28026 -27.92451 -18.91493 -4.380784 -3.4837909 1260256217919
212.47614 88.28026 -27.92451 -15.889505 -19.264221 -13.477816 1260256218091
