108.25905 16.82965 3.491425 0.33944333 -10.828824 13.532825 1260255544810
108.25905 16.82965 3.491425 -2.323709 3.7205472 7.7426786 1260255544815
108.9461 19.888168 3.8668537 -2.323709 3.7205472 7.7426786 1260255544823
108.9461 19.888168 3.8668537 -5.356533 -14.573826 -3.1627536 1260255544827
110.19879 24.49376 4.123511 -5.356533 -14.573826 -3.1627536 1260255544831
110.19879 24.49376 4.123511 -6.9507394 -1.0337644 -6.820936 1260255544839
111.98885 29.81907 4.4173355 -6.9507394 -1.0337644 -6.820936 1260255544842
111.98885 29.81907 4.4173355 -7.742067 2.5915089 -5.97318 1260255544848
114.23941 35.52812 4.696469 -7.742067 2.5915089 -5.97318 1260255544874
114.23941 35.52812 4.696469 -7.619503 0.77306986 -9.841118 1260255544884
116.87744 41.451714 4.9616456 -7.619503 0.77306986 -9.841118 1260255544888
116.87744 41.451714 4.9616456 -6.7185907 -1.3105531 -15.940956 1260255544893
120.33357 47.52913 5.2135634 -6.7185907 -1.3105531 -15.940956 1260255544899
120.33357 47.52913 5.2135634 -5.107976 -1.993211 -22.80993 1260255544905
124.51689 53.602673 5.4028854 -5.107976 -1.993211 -22.80993 1260255544910
124.51689 53.602673 5.4028854 -3.9593415 -2.3448925 -27.997074 1260255544921
129.59105 59.62254 5.532741 -3.9593415 -2.3448925 -27.997074 1260255544927
129.59105 59.62254 5.532741 -3.5778055 -3.1829221 -30.210402 1260255544930
134.0615 65.441414 5.456104 -3.5778055 -3.1829221 -30.210402 1260255544941
134.0615 65.441414 5.456104 -5.523471 -6.578598 -27.265167 1260255544944
132.80843 70.76934 5.1332984 -5.523471 -6.578598 -27.265167 1260255544950
132.80843 70.76934 5.1332984 -9.271522 -12.013208 -17.304937 1260255544962
129.718 74.780876 4.1766334 -9.271522 -12.013208 -17.304937 1260255544966
129.718 74.780876 4.1766334 -11.368851 -0.18378115 -14.117573 1260255544969
126.4821 76.841835 2.7178016 -11.368851 -0.18378115 -14.117573 1260255544981
126.4821 76.841835 2.7178016 -1.9630055 -22.428629 -2.3453012 1260255544988
123.058 75.84975 1.4819114 -1.9630055 -22.428629 -2.3453012 1260255545162
123.058 75.84975 1.4819114 1.2622156 -23.330963 9.962859 1260255545166
119.7551 74.55726 0.45781586 1.2622156 -23.330963 9.962859 1260255545175
119.7551 74.55726 0.45781586 -6.019963 -17.03575 23.268015 1260255545183
116.46734 73.129395 -0.41507497 -6.019963 -17.03575 23.268015 1260255545187
116.46734 73.129395 -0.41507497 -14.902694 -19.038198 17.513435 1260255545192
113.24397 71.52293 -1.1943213 -14.902694 -19.038198 17.513435 1260255545195
113.24397 71.52293 -1.1943213 -18.974802 -30.3707 22.807789 1260255545203
110.23177 69.94678 -1.8846052 -18.974802 -30.3707 22.807789 1260255545207
110.23177 69.94678 -1.8846052 -17.657066 -27.428574 20.272448 1260255545210
107.470184 68.499435 -2.540375 -17.657066 -27.428574 20.272448 1260255545215
107.470184 68.499435 -2.540375 -12.026627 -10.494713 11.081232 1260255545221
104.99667 67.27446 -3.1633563 -12.026627 -10.494713 11.081232 1260255545227
104.99667 67.27446 -3.1633563 -4.526614 -2.8808908 14.529098 1260255545230
102.89684 66.660736 -3.8551886 -4.526614 -2.8808908 14.529098 1260255545233
102.89684 66.660736 -3.8551886 2.9823272 -3.412025 11.678956 1260255545241
101.352 66.9277 -4.512429 2.9823272 -3.412025 11.678956 1260255545244
101.352 66.9277 -4.512429 7.425475 0.7359843 1.9563893 1260255545248
101.2844 70.03131 -4.636808 7.425475 0.7359843 1.9563893 1260255545255
101.2844 70.03131 -4.636808 9.009283 -12.882343 -4.454874 1260255545263
103.42018 74.42975 -4.2049675 9.009283 -12.882343 -4.454874 1260255545266
103.42018 74.42975 -4.2049675 9.164499 4.42517 -11.714651 1260255545270
107.49917 79.05826 -3.6447191 9.164499 4.42517 -11.714651 1260255545280
107.49917 79.05826 -3.6447191 6.5776033 1.4783206 -7.307089 1260255545286
112.22421 83.55534 -3.062483 6.5776033 1.4783206 -7.307089 1260255545289
112.22421 83.55534 -3.062483 2.2220109 -13.330304 -17.22818 1260255545293
117.113 87.827576 -2.459359 2.2220109 -13.330304 -17.22818 1260255545300
117.113 87.827576 -2.459359 -2.2565176 -3.2787127 -31.88832 1260255545303
121.90735 91.936195 -1.8863909 -2.2565176 -3.2787127 -31.88832 1260255545311
121.90735 91.936195 -1.8863909 -4.9574857 2.3420782 -25.201538 1260255545314
126.611984 95.88939 -1.3920714 -4.9574857 2.3420782 -25.201538 1260255545325
126.611984 95.88939 -1.3920714 -5.612274 -14.283774 -27.26862 1260255545329
130.48138 99.59492 -0.9724678 -5.612274 -14.283774 -27.26862 1260255545334
130.48138 99.59492 -0.9724678 -5.210013 3.7505774 -21.025496 1260255545343
132.05731 102.91517 -0.7238444 -5.210013 3.7505774 -21.025496 1260255545349
132.05731 102.91517 -0.7238444 -5.2916555 -11.622563 -24.30866 1260255545359
131.70445 104.91941 -0.7876522 -5.2916555 -11.622563 -24.30866 1260255545369
131.70445 104.91941 -0.7876522 -7.3810997 1.0091076 -13.042576 1260255545372
129.46922 104.52344 -1.0482696 -7.3810997 1.0091076 -13.042576 1260255545379
129.46922 104.52344 -1.0482696 -9.908813 -7.0012302 -4.2189617 1260255545382
125.99576 102.59727 -1.1458561 -9.908813 -7.0012302 -4.2189617 1260255545399
125.99576 102.59727 -1.1458561 -10.018049 -28.765831 6.7687564 1260255545406
122.24597 100.2674 -1.1385633 -10.018049 -28.765831 6.7687564 1260255545419
122.24597 100.2674 -1.1385633 -9.171126 -22.385746 20.879925 1260255545426
118.43367 97.70403 -0.9816351 -9.171126 -22.385746 20.879925 1260255545438
118.43367 97.70403 -0.9816351 -7.167124 -22.654936 17.023026 1260255545443
114.71198 95.06883 -0.73255336 -7.167124 -22.654936 17.023026 1260255545462
114.71198 95.06883 -0.73255336 -4.4291735 -29.468773 27.479486 1260255545465
111.326385 92.41539 -0.44592568 -4.4291735 -29.468773 27.479486 1260255545479
111.326385 92.41539 -0.44592568 -1.8294923 -7.7631445 16.945297 1260255545486
108.160065 89.79462 -0.0736294 -1.8294923 -7.7631445 16.945297 1260255545506
108.160065 89.79462 -0.0736294 1.4583395 -20.722977 10.815447 1260255545509
105.452065 87.50488 0.3800521 1.4583395 -20.722977 10.815447 1260255545518
105.452065 87.50488 0.3800521 5.106492 -2.0534058 14.639177 1260255545521
104.12946 86.52964 0.7610495 5.106492 -2.0534058 14.639177 1260255545545
104.12946 86.52964 0.7610495 7.1947327 6.8085847 2.0642638 1260255545551
101.77299 89.90316 -0.32700303 7.1947327 6.8085847 2.0642638 1260255545566
101.77299 89.90316 -0.32700303 -4.291931 -10.533965 -5.897358 1260255545570
114.334335 93.908005 -1.9106529 -4.291931 -10.533965 -5.897358 1260255545579
114.334335 93.908005 -1.9106529 -12.126978 2.3671503 -7.6292777 1260255545589
126.16762 97.7126 -3.7651203 -12.126978 2.3671503 -7.6292777 1260255545600
126.16762 97.7126 -3.7651203 1.0368457 1.8324562 1.973155 1260255545603
119.959236 101.07697 -5.9268646 1.0368457 1.8324562 1.973155 1260255545633
119.959236 101.07697 -5.9268646 -3.0102856 -7.3363 2.3328114 1260255545643
114.611275 104.023125 -8.280521 -3.0102856 -7.3363 2.3328114 1260255545649
114.611275 104.023125 -8.280521 -16.44038 0.09673548 -0.90475583 1260255545658
109.73071 106.67197 -10.666495 -16.44038 0.09673548 -0.90475583 1260255545662
109.73071 106.67197 -10.666495 1.2108898 -2.3705063 -7.1395044 1260255545671
105.14418 109.238365 -13.13317 1.2108898 -2.3705063 -7.1395044 1260255545681
105.14418 109.238365 -13.13317 -13.270725 -9.929437 -9.376138 1260255545684
100.73697 111.676445 -15.376512 -13.270725 -9.929437 -9.376138 1260255545699
100.73697 111.676445 -15.376512 -10.271658 6.584655 -4.53022 1260255545706
96.75012 113.892624 -17.057686 -10.271658 6.584655 -4.53022 1260255545731
96.75012 113.892624 -17.057686 4.5764456 -9.681051 -4.93674 1260255545741
95.61262 114.74799 -17.354801 4.5764456 -9.681051 -4.93674 1260255545744
95.61262 114.74799 -17.354801 7.83759 -13.419019 -2.6336386 1260255545753
96.13199 114.06059 -16.037062 7.83759 -13.419019 -2.6336386 1260255545935
96.13199 114.06059 -16.037062 4.433954 -16.055105 -6.288379 1260255545947
93.87539 111.957565 -14.435208 4.433954 -16.055105 -6.288379 1260255545951
93.87539 111.957565 -14.435208 -5.2682276 -5.411318 1.1403642 1260255545958
90.53162 109.75969 -12.963448 -5.2682276 -5.411318 1.1403642 1260255545961
90.53162 109.75969 -12.963448 1.9442677 -22.203358 -2.762467 1260255545968
86.95503 107.621704 -11.665276 1.9442677 -22.203358 -2.762467 1260255545971
86.95503 107.621704 -11.665276 13.798806 -32.38807 12.840538 1260255545974
83.45728 105.64062 -10.532012 13.798806 -32.38807 12.840538 1260255545983
83.45728 105.64062 -10.532012 14.445446 -18.271992 7.5800977 1260255545987
80.28442 103.908585 -9.505411 14.445446 -18.271992 7.5800977 1260255545990
80.28442 103.908585 -9.505411 5.2704434 -23.232883 17.056625 1260255545995
78.0702 102.61316 -8.6801405 5.2704434 -23.232883 17.056625 1260255546003
78.0702 102.61316 -8.6801405 -3.9038215 -30.89719 7.3268023 1260255546007
78.96669 102.332504 -8.146133 -3.9038215 -30.89719 7.3268023 1260255546012
78.96669 102.332504 -8.146133 -8.71734 -27.464645 -1.3702958 1260255546015
81.66836 103.31588 -7.888827 -8.71734 -27.464645 -1.3702958 1260255546021
81.66836 103.31588 -7.888827 -10.652133 -16.129581 -7.6207366 1260255546026
84.03494 105.45009 -7.7943854 -10.652133 -16.129581 -7.6207366 1260255546030
84.03494 105.45009 -7.7943854 -11.457904 1.2556705 -12.233843 1260255546033
85.633194 108.32758 -7.704666 -11.457904 1.2556705 -12.233843 1260255546043
85.633194 108.32758 -7.704666 -11.36626 -14.673586 -15.552577 1260255546052
86.45153 111.461205 -7.519433 -11.36626 -14.673586 -15.552577 1260255546055
86.45153 111.461205 -7.519433 -10.550608 7.0958824 -16.976728 1260255546063
86.02895 114.58814 -7.3434615 -10.550608 7.0958824 -16.976728 1260255546066
86.02895 114.58814 -7.3434615 -9.789858 -11.375866 -16.111614 1260255546072
85.1275 117.55874 -7.2262883 -9.789858 -11.375866 -16.111614 1260255546074
85.1275 117.55874 -7.2262883 -9.389343 7.8857455 -17.705706 1260255546084
84.42113 120.230804 -7.214974 -9.389343 7.8857455 -17.705706 1260255546087
84.42113 120.230804 -7.214974 -9.814052 -9.720702 -11.616549 1260255546091
83.95007 122.519264 -7.354225 -9.814052 -9.720702 -11.616549 1260255546101
83.95007 122.519264 -7.354225 -11.257421 -3.514732 -18.657112 1260255546110
83.85257 124.293304 -7.686514 -11.257421 -3.514732 -18.657112 1260255546113
83.85257 124.293304 -7.686514 -12.8773 4.632457 -11.292994 1260255546125
84.00994 125.17864 -8.252188 -12.8773 4.632457 -11.292994 1260255546130
84.00994 125.17864 -8.252188 -12.792445 -2.4995651 -11.697393 1260255546133
83.70944 124.96971 -8.989578 -12.792445 -2.4995651 -11.697393 1260255546147
83.70944 124.96971 -8.989578 -8.735274 -3.9742928 -10.87627 1260255546155
82.27397 122.07123 -9.590099 -8.735274 -3.9742928 -10.87627 1260255546163
82.27397 122.07123 -9.590099 -3.7672577 -18.122368 10.757011 1260255546167
80.26028 118.96767 -10.010594 -3.7672577 -18.122368 10.757011 1260255546179
80.26028 118.96767 -10.010594 -0.8743782 -13.529278 0.351851 1260255546186
77.99726 115.81928 -10.310064 -0.8743782 -13.529278 0.351851 1260255546192
77.99726 115.81928 -10.310064 0.80321074 -24.259958 17.747007 1260255546204
75.697395 112.67832 -10.494561 0.80321074 -24.259958 17.747007 1260255546212
75.697395 112.67832 -10.494561 2.2348423 -16.93363 10.423721 1260255546215
73.51253 109.64441 -10.619833 2.2348423 -16.93363 10.423721 1260255546228
73.51253 109.64441 -10.619833 3.6817923 -22.62894 17.888153 1260255546235
71.4369 106.76219 -10.638842 3.6817923 -22.62894 17.888153 1260255546246
71.4369 106.76219 -10.638842 5.083295 -17.047663 9.685091 1260255546250
69.565056 103.92408 -10.606899 5.083295 -17.047663 9.685091 1260255546259
69.565056 103.92408 -10.606899 5.677571 -12.420788 15.4602995 1260255546263
67.936806 101.227875 -10.576554 5.677571 -12.420788 15.4602995 1260255546284
67.936806 101.227875 -10.576554 6.2008734 -18.521214 6.6537437 1260255546292
66.73997 98.76648 -10.547727 6.2008734 -18.521214 6.6537437 1260255546309
66.73997 98.76648 -10.547727 6.518077 -0.6802349 8.525938 1260255546312
