101.02212 14.451392 4.6791573 -9.473081 -8.896099 7.199045 1260255647301
101.02212 14.451392 4.6791573 -9.249775 -13.774008 5.439816 1260255647305
101.27101 17.228823 4.7951994 -9.249775 -13.774008 5.439816 1260255647311
101.27101 17.228823 4.7951994 -9.11264 4.6937737 1.7301825 1260255647314
103.05746 22.117382 5.1554394 -9.11264 4.6937737 1.7301825 1260255647323
103.05746 22.117382 5.1554394 -7.6552014 -3.9146862 -6.2925797 1260255647326
105.90459 28.111513 5.597667 -7.6552014 -3.9146862 -6.2925797 1260255647349
105.90459 28.111513 5.597667 -4.065732 -7.0639825 -14.2142105 1260255647521
109.60936 34.50594 5.967784 -4.065732 -7.0639825 -14.2142105 1260255647533
109.60936 34.50594 5.967784 0.18808126 -6.0895996 -21.71233 1260255647542
113.928894 40.880642 6.369395 0.18808126 -6.0895996 -21.71233 1260255647546
113.928894 40.880642 6.369395 5.2159386 -5.3565035 -26.699532 1260255647549
118.18245 46.98661 6.700925 5.2159386 -5.3565035 -26.699532 1260255647554
118.18245 46.98661 6.700925 8.892761 -7.633717 -29.494217 1260255647563
122.47333 52.88728 6.9658785 8.892761 -7.633717 -29.494217 1260255647567
122.47333 52.88728 6.9658785 11.331163 -11.051325 -29.331673 1260255647570
126.54966 58.542915 7.1675844 11.331163 -11.051325 -29.331673 1260255647575
126.54966 58.542915 7.1675844 12.388618 -14.791177 -25.61132 1260255647581
130.27217 63.96577 7.309205 12.388618 -14.791177 -25.61132 1260255647587
130.27217 63.96577 7.309205 12.099737 -13.810118 -19.398556 1260255647591
131.85857 69.06748 7.143745 12.099737 -13.810118 -19.398556 1260255647594
131.85857 69.06748 7.143745 8.846951 -4.205902 -12.141167 1260255647601
130.01564 73.114105 6.3865576 8.846951 -4.205902 -12.141167 1260255647604
130.01564 73.114105 6.3865576 -1.1271496 -0.17584991 -19.426687 1260255647608
126.914856 75.5084 4.8672295 -1.1271496 -0.17584991 -19.426687 1260255647614
126.914856 75.5084 4.8672295 -16.1388 -14.507207 -3.5373125 1260255647622
123.41911 74.68298 3.2738678 -16.1388 -14.507207 -3.5373125 1260255647626
123.41911 74.68298 3.2738678 -11.630363 -13.11837 -2.2124896 1260255647629
119.94816 73.548836 1.9101744 -11.630363 -13.11837 -2.2124896 1260255647635
119.94816 73.548836 1.9101744 -3.725544 -15.584809 15.498186 1260255647641
116.55075 72.2214 0.7646656 -3.725544 -15.584809 15.498186 1260255647650
116.55075 72.2214 0.7646656 -6.6179237 -27.40885 14.398241 1260255647653
113.17321 70.660324 -0.27356768 -6.6179237 -27.40885 14.398241 1260255647664
113.17321 70.660324 -0.27356768 -14.905961 -33.945686 24.784548 1260255647670
109.96455 69.07731 -1.2098893 -14.905961 -33.945686 24.784548 1260255647673
109.96455 69.07731 -1.2098893 -19.724422 -19.829313 26.544632 1260255647680
106.91632 67.47344 -2.0993948 -19.724422 -19.829313 26.544632 1260255647683
106.91632 67.47344 -2.0993948 -16.947922 -6.146738 19.431736 1260255647687
104.0705 65.94977 -3.044425 -16.947922 -6.146738 19.431736 1260255647692
104.0705 65.94977 -3.044425 -7.951604 -11.822935 23.262424 1260255647699
101.516975 64.75228 -4.142204 -7.951604 -11.822935 23.262424 1260255647704
101.516975 64.75228 -4.142204 2.5563445 -18.251 10.079624 1260255647707
99.49113 64.31467 -5.1850934 2.5563445 -18.251 10.079624 1260255647715
99.49113 64.31467 -5.1850934 5.006979 -17.130701 3.5656044 1260255647721
99.066574 67.24893 -5.6258388 5.006979 -17.130701 3.5656044 1260255647729
99.066574 67.24893 -5.6258388 4.3535395 3.9003973 -5.458597 1260255647733
102.013245 71.686485 -5.094547 4.3535395 3.9003973 -5.458597 1260255647741
102.013245 71.686485 -5.094547 10.073713 -9.471043 -12.556328 1260255647745
108.312584 76.50216 -4.1898193 10.073713 -9.471043 -12.556328 1260255647750
108.312584 76.50216 -4.1898193 12.319405 -12.33341 -18.668488 1260255647753
115.54696 81.277054 -3.2803283 12.319405 -12.33341 -18.668488 1260255647764
115.54696 81.277054 -3.2803283 7.1030383 0.43686748 -31.601002 1260255647768
122.61961 85.7632 -2.3663118 7.1030383 0.43686748 -31.601002 1260255647771
122.61961 85.7632 -2.3663118 0.032711983 3.8972068 -21.915058 1260255647784
128.83864 89.97504 -1.5479962 0.032711983 3.8972068 -21.915058 1260255647790
128.83864 89.97504 -1.5479962 -3.0145197 -13.648787 -27.213205 1260255647823
133.7967 93.87628 -0.87059635 -3.0145197 -13.648787 -27.213205 1260255647832
133.7967 93.87628 -0.87059635 -2.0732923 -2.081311 -19.885633 1260255647836
136.85687 97.38247 -0.42706653 -2.0732923 -2.081311 -19.885633 1260255647852
136.85687 97.38247 -0.42706653 -0.94012594 -6.251288 -29.976656 1260255647856
137.26402 100.163345 -0.35571322 -0.94012594 -6.251288 -29.976656 1260255647861
137.26402 100.163345 -0.35571322 -3.08605 -4.118943 -6.1508837 1260255647871
135.40082 101.305176 -0.8879276 -3.08605 -4.118943 -6.1508837 1260255647881
135.40082 101.305176 -0.8879276 -10.231231 -18.878456 -2.8382478 1260255647884
131.93077 99.93992 -1.5935313 -10.231231 -18.878456 -2.8382478 1260255647893
131.93077 99.93992 -1.5935313 -14.550968 -11.755264 0.5641294 1260255647900
128.03423 98.442924 -2.1638548 -14.550968 -11.755264 0.5641294 1260255647913
128.03423 98.442924 -2.1638548 -13.329477 -13.955559 9.082734 1260255647917
123.93251 96.82078 -2.5056622 -13.329477 -13.955559 9.082734 1260255647929
123.93251 96.82078 -2.5056622 -10.410536 -31.85009 17.662628 1260255647939
119.93588 95.07974 -2.6303792 -10.410536 -31.85009 17.662628 1260255647949
119.93588 95.07974 -2.6303792 -7.4777207 -33.722652 7.919 1260255647952
116.13909 93.32575 -2.5988603 -7.4777207 -33.722652 7.919 1260255647972
116.13909 93.32575 -2.5988603 -5.8787017 -15.849628 8.550005 1260255647975
112.58214 91.60947 -2.4689171 -5.8787017 -15.849628 8.550005 1260255647994
112.58214 91.60947 -2.4689171 -6.2151556 -14.600723 18.550789 1260255647998
109.45303 89.979 -2.3454714 -6.2151556 -14.600723 18.550789 1260255648009
109.45303 89.979 -2.3454714 -6.9490724 -22.553528 11.264167 1260255648018
106.83038 88.63004 -2.378198 -6.9490724 -22.553528 11.264167 1260255648030
106.83038 88.63004 -2.378198 -7.2113566 -14.290951 -1.3065815 1260255648033
104.73886 87.79854 -3.009288 -7.2113566 -14.290951 -1.3065815 1260255648052
104.73886 87.79854 -3.009288 -2.3824334 -2.5070844 -8.831607 1260255648056
101.05192 91.00861 -4.8088236 -2.3824334 -2.5070844 -8.831607 1260255648074
101.05192 91.00861 -4.8088236 7.9974422 -2.262256 -2.6280298 1260255648250
111.64932 77.608185 -6.5683823 7.9974422 -2.262256 -2.6280298 1260255648261
111.64932 77.608185 -6.5683823 -5.4948854 -7.6611185 -8.919553 1260255648265
121.51685 64.977776 -8.489964 -5.4948854 -7.6611185 -8.919553 1260255648274
121.51685 64.977776 -8.489964 -12.256123 -7.692219 -1.2331567 1260255648280
131.591 52.77889 -10.665465 -12.256123 -7.692219 -1.2331567 1260255648283
131.591 52.77889 -10.665465 3.0872312 -5.609424 -2.2105465 1260255648292
142.01146 58.889946 -13.132192 3.0872312 -5.609424 -2.2105465 1260255648295
142.01146 58.889946 -13.132192 -13.071949 -7.8085957 -10.270084 1260255648299
152.51088 64.495445 -15.675582 -13.071949 -7.8085957 -10.270084 1260255648304
152.51088 64.495445 -15.675582 -9.020684 -11.337797 -3.001421 1260255648310
162.53534 69.72067 -17.741802 -9.020684 -11.337797 -3.001421 1260255648316
162.53534 69.72067 -17.741802 0.9499564 -7.322384 -1.0729468 1260255648319
172.30858 74.634636 -18.804712 0.9499564 -7.322384 -1.0729468 1260255648322
172.30858 74.634636 -18.804712 -4.763653 5.087949 0.88837004 1260255648330
168.19315 78.9029 -18.314476 -4.763653 5.087949 0.88837004 1260255648334
168.19315 78.9029 -18.314476 3.7985249 0.91993475 -14.976832 1260255648340
169.23349 81.807755 -16.598753 3.7985249 0.91993475 -14.976832 1260255648343
169.23349 81.807755 -16.598753 10.357862 -7.8543835 -12.787073 1260255648351
167.52182 83.36737 -14.818815 10.357862 -7.8543835 -12.787073 1260255648356
167.52182 83.36737 -14.818815 -2.856544 -23.055782 -2.54572 1260255648360
161.29573 82.899 -13.277874 -2.856544 -23.055782 -2.54572 1260255648373
161.29573 82.899 -13.277874 -0.81479406 -29.12161 4.3925495 1260255648376
154.83095 82.40405 -12.06398 -0.81479406 -29.12161 4.3925495 1260255648380
154.83095 82.40405 -12.06398 9.635861 -31.760792 12.7076645 1260255648385
148.5894 81.78385 -11.110781 9.635861 -31.760792 12.7076645 1260255648391
148.5894 81.78385 -11.110781 13.2899475 -27.521 9.973846 1260255648398
142.60992 81.14466 -10.255241 13.2899475 -27.521 9.973846 1260255648402
142.60992 81.14466 -10.255241 10.135925 -19.246668 3.2268615 1260255648410
137.12943 80.68743 -9.5424795 10.135925 -19.246668 3.2268615 1260255648415
137.12943 80.68743 -9.5424795 2.676293 -12.515791 1.3391786 1260255648419
133.07295 80.80306 -9.065355 2.676293 -12.515791 1.3391786 1260255648432
133.07295 80.80306 -9.065355 -3.338029 -8.706169 -3.868197 1260255648436
131.8193 82.16291 -8.762088 -3.338029 -8.706169 -3.868197 1260255648439
131.8193 82.16291 -8.762088 -6.6286454 -16.565248 -10.647398 1260255648444
131.77834 84.85477 -8.523983 -6.6286454 -16.565248 -10.647398 1260255648455
131.77834 84.85477 -8.523983 -8.553146 -8.146989 -2.7025208 1260255648458
132.08942 88.46203 -8.247784 -8.553146 -8.146989 -2.7025208 1260255648462
132.08942 88.46203 -8.247784 -9.703654 -10.369594 -16.51631 1260255648472
132.68495 92.33893 -7.8853946 -9.703654 -10.369594 -16.51631 1260255648480
132.68495 92.33893 -7.8853946 -10.067572 5.336295 -15.820106 1260255648484
133.35071 96.221985 -7.541125 -10.067572 5.336295 -15.820106 1260255648491
133.35071 96.221985 -7.541125 -9.487735 -11.996192 -18.236712 1260255648494
133.38318 99.960884 -7.2140684 -9.487735 -11.996192 -18.236712 1260255648509
133.38318 99.960884 -7.2140684 -8.296898 2.5649915 -12.889006 1260255648516
132.61401 103.46284 -7.003365 -8.296898 2.5649915 -12.889006 1260255648528
132.61401 103.46284 -7.003365 -7.3894777 -5.1320457 -24.639174 1260255648538
131.4833 106.5897 -6.903197 -7.3894777 -5.1320457 -24.639174 1260255648550
131.4833 106.5897 -6.903197 -7.219715 -1.7823198 -8.527679 1260255648553
130.15913 109.31021 -6.958037 -7.219715 -1.7823198 -8.527679 1260255648572
130.15913 109.31021 -6.958037 -8.370215 -11.153362 -20.890211 1260255648575
128.90118 111.4447 -7.1601353 -8.370215 -11.153362 -20.890211 1260255648594
128.90118 111.4447 -7.1601353 -10.271851 2.888926 -13.247334 1260255648598
127.55612 112.92247 -7.5021286 -10.271851 2.888926 -13.247334 1260255648608
127.55612 112.92247 -7.5021286 -12.427632 -6.8622375 -6.5896683 1260255648612
125.678314 113.47635 -7.977022 -12.427632 -6.8622375 -6.5896683 1260255648630
125.678314 113.47635 -7.977022 -13.662192 -14.726623 -7.46448 1260255648634
122.6444 113.25253 -8.528171 -13.662192 -14.726623 -7.46448 1260255648654
122.6444 113.25253 -8.528171 -12.463875 -15.707238 -6.9840612 1260255648657
118.81218 110.839905 -9.001762 -12.463875 -15.707238 -6.9840612 1260255648669
118.81218 110.839905 -9.001762 -10.043212 -10.127289 11.113123 1260255648678
114.87157 108.24791 -9.351674 -10.043212 -10.127289 11.113123 1260255648688
114.87157 108.24791 -9.351674 -7.553195 -30.983109 9.370405 1260255648692
111.027985 105.63551 -9.63409 -7.553195 -30.983109 9.370405 1260255648711
111.027985 105.63551 -9.63409 -5.0735044 -14.112169 10.447017 1260255648715
107.37659 103.10374 -9.802386 -5.0735044 -14.112169 10.447017 1260255648734
107.37659 103.10374 -9.802386 -2.5703943 -27.95654 22.167208 1260255648738
104.057755 100.84855 -9.862267 -2.5703943 -27.95654 22.167208 1260255648749
104.057755 100.84855 -9.862267 -0.6015754 -23.735956 3.7843466 1260255648754
101.05486 98.75612 -9.919153 -0.6015754 -23.735956 3.7843466 1260255648769
101.05486 98.75612 -9.919153 0.6591594 -7.8373566 11.364033 1260255648772
98.55212 96.91831 -9.923196 0.6591594 -7.8373566 11.364033 1260255648792
98.55212 96.91831 -9.923196 1.7291422 -18.69443 14.793685 1260255648796
96.52451 95.2224 -10.027036 1.7291422 -18.69443 14.793685 1260255648819
96.52451 95.2224 -10.027036 2.7050908 -19.972696 0.91371393 1260255648821
