183.27007 40.39195 20.817564 14.350552 -16.440716 6.1792455 1260256328028
183.27007 40.39195 20.817564 12.959663 -12.137861 7.665298 1260256328034
177.05656 41.122353 20.826685 12.959663 -12.137861 7.665298 1260256328042
177.05656 41.122353 20.826685 12.802126 -5.748052 8.419788 1260256328046
171.55374 41.916237 20.83535 12.802126 -5.748052 8.419788 1260256328049
171.55374 41.916237 20.83535 12.768225 -0.12179947 6.08657 1260256328054
165.62605 42.520424 20.943583 12.768225 -0.12179947 6.08657 1260256328061
165.62605 42.520424 20.943583 12.792885 0.77973366 4.370997 1260256328067
159.59476 42.8944 21.146404 12.792885 0.77973366 4.370997 1260256328070
159.59476 42.8944 21.146404 12.190918 -0.28280163 2.7129 1260256328074
153.86502 43.24968 21.389084 12.190918 -0.28280163 2.7129 1260256328081
153.86502 43.24968 21.389084 10.453509 -2.1353664 -0.6517434 1260256328085
148.52177 43.587196 21.619629 10.453509 -2.1353664 -0.6517434 1260256328114
148.52177 43.587196 21.619629 8.297593 -4.6998243 -3.293037 1260256328124
143.69568 44.007835 21.988647 8.297593 -4.6998243 -3.293037 1260256328127
143.69568 44.007835 21.988647 4.886975 -8.245392 -5.765151 1260256328131
139.0109 44.30744 22.539215 4.886975 -8.245392 -5.765151 1260256328140
139.0109 44.30744 22.539215 0.13766241 -10.567278 -4.4395514 1260256328143
134.56035 44.54207 23.212254 0.13766241 -10.567278 -4.4395514 1260256328151
134.56035 44.54207 23.212254 -3.636167 -12.340788 -0.06656408 1260256328162
130.23233 44.664967 24.00164 -3.636167 -12.340788 -0.06656408 1260256328165
130.23233 44.664967 24.00164 -2.6978192 -13.319553 5.797261 1260256328169
126.22071 44.78172 24.801558 -2.6978192 -13.319553 5.797261 1260256328174
126.22071 44.78172 24.801558 3.3375528 -14.449232 8.898578 1260256328183
122.909676 44.942635 25.56148 3.3375528 -14.449232 8.898578 1260256328186
122.909676 44.942635 25.56148 10.8706455 -15.957016 7.2749615 1260256328194
120.11419 45.0455 26.383406 10.8706455 -15.957016 7.2749615 1260256328200
120.11419 45.0455 26.383406 16.480022 -16.396093 3.0109007 1260256328209
118.15848 44.993225 27.364235 16.480022 -16.396093 3.0109007 1260256328212
118.15848 44.993225 27.364235 14.970137 -15.250162 -2.8397236 1260256328220
119.40055 49.793564 28.546022 14.970137 -15.250162 -2.8397236 1260256328230
119.40055 49.793564 28.546022 3.9487157 -0.8568945 -8.762785 1260256328233
130.53052 54.803886 30.118721 3.9487157 -0.8568945 -8.762785 1260256328246
130.53052 54.803886 30.118721 -4.736488 6.900737 -0.54009044 1260256328249
126.80399 51.51369 29.812784 -4.736488 6.900737 -0.54009044 1260256328261
126.80399 51.51369 29.812784 -8.2557745 -8.57262 3.2365096 1260256328268
123.263794 48.788006 27.572145 -8.2557745 -8.57262 3.2365096 1260256328278
123.263794 48.788006 27.572145 3.8916793 10.261312 8.183297 1260256328281
119.550606 46.948605 25.093538 3.8916793 10.261312 8.183297 1260256328301
119.550606 46.948605 25.093538 -6.0910163 -4.814451 3.8962069 1260256328304
115.77308 46.201176 22.688862 -6.0910163 -4.814451 3.8962069 1260256328318
115.77308 46.201176 22.688862 -14.046155 -18.39599 19.611122 1260256328490
112.23443 46.691116 20.654419 -14.046155 -18.39599 19.611122 1260256328502
112.23443 46.691116 20.654419 2.3957043 -23.437298 12.97331 1260256328508
109.3727 48.30656 19.171698 2.3957043 -23.437298 12.97331 1260256328511
109.3727 48.30656 19.171698 -0.6701679 -14.955216 -0.73951435 1260256328519
108.25407 51.091232 18.213112 -0.6701679 -14.955216 -0.73951435 1260256328522
108.25407 51.091232 18.213112 -5.838147 -31.229845 -0.59490347 1260256328529
109.99136 54.63667 17.752457 -5.838147 -31.229845 -0.59490347 1260256328532
109.99136 54.63667 17.752457 -5.029786 -10.037733 -13.195818 1260256328538
114.041794 58.804836 17.714834 -5.029786 -10.037733 -13.195818 1260256328543
114.041794 58.804836 17.714834 -3.039754 -21.234587 -16.67626 1260256328547
118.8897 63.364594 17.779093 -3.039754 -21.234587 -16.67626 1260256328552
118.8897 63.364594 17.779093 -3.0825028 -13.272172 -9.298209 1260256328559
124.44521 68.196365 17.840137 -3.0825028 -13.272172 -9.298209 1260256328565
124.44521 68.196365 17.840137 -4.3323984 3.7573876 -7.430525 1260256328568
131.22295 73.43655 17.54813 -4.3323984 3.7573876 -7.430525 1260256328571
131.22295 73.43655 17.54813 -7.8530183 8.202741 -8.307791 1260256328579
133.6118 62.06472 16.070723 -7.8530183 8.202741 -8.307791 1260256328588
133.6118 62.06472 16.070723 -4.4310064 8.831358 -10.5594425 1260256328591
135.38121 52.661484 13.717186 -4.4310064 8.831358 -10.5594425 1260256328594
135.38121 52.661484 13.717186 6.387723 -2.589519 -4.3249974 1260256328606
137.81215 43.57841 11.131327 6.387723 -2.589519 -4.3249974 1260256328611
137.81215 43.57841 11.131327 -13.482674 8.563988 0.4977002 1260256328618
146.67154 33.29949 7.3247604 -13.482674 8.563988 0.4977002 1260256328623
146.67154 33.29949 7.3247604 3.8556871 -7.785456 -3.0750813 1260256328627
144.08797 38.734516 6.2085223 3.8556871 -7.785456 -3.0750813 1260256328632
144.08797 38.734516 6.2085223 -3.6185312 -15.40229 -3.3089747 1260256328638
144.43356 43.04779 5.998096 -3.6185312 -15.40229 -3.3089747 1260256328643
144.43356 43.04779 5.998096 -2.211369 -7.34535 -5.1718135 1260256328649
147.91188 46.7454 6.198191 -2.211369 -7.34535 -5.1718135 1260256328660
147.91188 46.7454 6.198191 3.6355338 -26.721386 -19.956177 1260256328666
154.16629 50.20813 6.5882816 3.6355338 -26.721386 -19.956177 1260256328670
154.16629 50.20813 6.5882816 9.8356695 -25.752766 -1.7685356 1260256328673
162.55798 53.247723 7.0588675 9.8356695 -25.752766 -1.7685356 1260256328683
162.55798 53.247723 7.0588675 13.971813 -25.036533 -12.574066 1260256328687
171.63008 55.935337 7.405924 13.971813 -25.036533 -12.574066 1260256328698
171.63008 55.935337 7.405924 13.79045 -14.013338 -0.16492462 1260256328704
164.84857 58.23857 7.4356275 13.79045 -14.013338 -0.16492462 1260256328710
164.84857 58.23857 7.4356275 10.875305 -23.814007 -2.6795793 1260256328719
158.80614 60.02664 7.213846 10.875305 -23.814007 -2.6795793 1260256328729
158.80614 60.02664 7.213846 8.336458 -5.277997 -5.811545 1260256328732
152.36583 60.07531 6.1031537 8.336458 -5.277997 -5.811545 1260256328742
152.36583 60.07531 6.1031537 -2.4902933 1.1203022 -7.737062 1260256328748
161.59753 55.021545 3.897996 -2.4902933 1.1203022 -7.737062 1260256328759
161.59753 55.021545 3.897996 -8.115113 11.275273 0.7239535 1260256328762
163.96765 46.37047 2.403096 -8.115113 11.275273 0.7239535 1260256328783
163.96765 46.37047 2.403096 5.1533775 -3.7898016 4.781603 1260256328787
157.26927 52.201946 0.8829412 5.1533775 -3.7898016 4.781603 1260256328798
157.26927 52.201946 0.8829412 6.4547048 -9.846713 -4.2133307 1260256328801
154.1558 55.29185 0.98879415 6.4547048 -9.846713 -4.2133307 1260256328820
154.1558 55.29185 0.98879415 8.78586 -0.1724844 -2.4632 1260256328823
163.64801 58.02726 1.3893545 8.78586 -0.1724844 -2.4632 1260256328842
163.64801 58.02726 1.3893545 12.553883 -27.001732 -5.2308354 1260256328846
172.11562 60.525898 1.8198867 12.553883 -27.001732 -5.2308354 1260256328858
172.11562 60.525898 1.8198867 13.297621 -14.510038 -4.536028 1260256328867
178.55983 63.0996 2.2788923 13.297621 -14.510038 -4.536028 1260256328878
178.55983 63.0996 2.2788923 12.020533 -24.044744 -13.624274 1260256328882
179.38184 65.74462 2.7149477 12.020533 -24.044744 -13.624274 1260256328900
179.38184 65.74462 2.7149477 7.5830946 -18.921507 1.3748431 1260256328903
178.31274 68.45739 2.9292004 7.5830946 -18.921507 1.3748431 1260256328923
178.31274 68.45739 2.9292004 3.6049294 -5.0830183 -13.738146 1260256328927
176.4971 70.98452 2.9827404 3.6049294 -5.0830183 -13.738146 1260256328938
176.4971 70.98452 2.9827404 2.095027 -16.012827 -0.78915477 1260256328941
170.32225 70.5853 1.8336034 2.095027 -16.012827 -0.78915477 1260256328960
170.32225 70.5853 1.8336034 8.1832 -13.019397 0.7796111 1260256328963
163.40614 67.35603 0.44192314 8.1832 -13.019397 0.7796111 1260256328982
163.40614 67.35603 0.44192314 0.92236733 8.877823 5.071026 1260256328985
156.93584 64.03823 -0.8801731 0.92236733 8.877823 5.071026 1260256328998
156.93584 64.03823 -0.8801731 -13.424692 -9.415232 14.333451 1260256329007
150.73904 61.13632 -2.1861644 -13.424692 -9.415232 14.333451 1260256329018
150.73904 61.13632 -2.1861644 -16.35157 7.6671834 17.089113 1260256329022
144.75209 58.829502 -3.5268562 -16.35157 7.6671834 17.089113 1260256329040
144.75209 58.829502 -3.5268562 -6.7775545 -13.043287 23.89885 1260256329043
138.86449 57.088028 -5.1005135 -6.7775545 -13.043287 23.89885 1260256329063
138.86449 57.088028 -5.1005135 -3.5958424 -14.036203 18.750381 1260256329067
132.97127 55.733627 -6.895488 -3.5958424 -14.036203 18.750381 1260256329078
132.97127 55.733627 -6.895488 -20.070148 -3.7234344 17.717607 1260256329083
127.17271 54.646946 -8.800714 -20.070148 -3.7234344 17.717607 1260256329253
127.17271 54.646946 -8.800714 -21.757664 -3.180725 12.445143 1260256329265
121.614075 53.814598 -10.810678 -21.757664 -3.180725 12.445143 1260256329271
121.614075 53.814598 -10.810678 -7.0111046 -9.545567 7.0750318 1260256329274
116.68337 53.373867 -12.470143 -7.0111046 -9.545567 7.0750318 1260256329282
116.68337 53.373867 -12.470143 -14.4358 -15.8253355 -7.678992 1260256329286
113.599205 57.005173 -13.596636 -14.4358 -15.8253355 -7.678992 1260256329291
113.599205 57.005173 -13.596636 -20.742905 -21.79488 1.7207949 1260256329298
114.86925 60.404915 -14.066804 -20.742905 -21.79488 1.7207949 1260256329303
114.86925 60.404915 -14.066804 -18.574493 -12.087559 -10.02741 1260256329307
117.875786 63.83467 -13.963464 -18.574493 -12.087559 -10.02741 1260256329311
117.875786 63.83467 -13.963464 -14.746534 -27.425133 -13.74438 1260256329319
121.631996 67.39294 -13.51529 -14.746534 -27.425133 -13.74438 1260256329322
121.631996 67.39294 -13.51529 -10.185425 -10.020606 -20.405724 1260256329328
125.5504 70.92329 -12.889525 -10.185425 -10.020606 -20.405724 1260256329331
125.5504 70.92329 -12.889525 -3.452593 -30.159843 -24.97274 1260256329334
129.47289 74.37712 -12.145049 -3.452593 -30.159843 -24.97274 1260256329342
129.47289 74.37712 -12.145049 4.9885397 -12.441962 -20.525597 1260256329346
132.84924 77.808266 -11.487797 4.9885397 -12.441962 -20.525597 1260256329353
132.84924 77.808266 -11.487797 9.290367 -25.601505 -28.535042 1260256329365
135.10678 81.21785 -11.013407 9.290367 -25.601505 -28.535042 1260256329368
135.10678 81.21785 -11.013407 8.681574 -10.954593 -22.398989 1260256329373
135.00143 84.60696 -11.0627365 8.681574 -10.954593 -22.398989 1260256329380
135.00143 84.60696 -11.0627365 5.2831907 -13.283115 -18.75747 1260256329386
131.45135 88.07661 -12.1096 5.2831907 -13.283115 -18.75747 1260256329389
131.45135 88.07661 -12.1096 -4.0269628 -8.0145645 -2.9596786 1260256329394
125.778786 84.922775 -14.75412 -4.0269628 -8.0145645 -2.9596786 1260256329401
125.778786 84.922775 -14.75412 -20.769209 -4.9623117 6.2817736 1260256329406
119.989845 81.97664 -16.266415 -20.769209 -4.9623117 6.2817736 1260256329412
119.989845 81.97664 -16.266415 -9.789623 -12.072381 4.102435 1260256329423
114.39035 79.42781 -17.053095 -9.789623 -12.072381 4.102435 1260256329427
114.39035 79.42781 -17.053095 -5.8258457 -7.243263 20.956024 1260256329432
108.97083 77.30642 -17.350441 -5.8258457 -7.243263 20.956024 1260256329440
108.97083 77.30642 -17.350441 -4.267745 -30.645031 24.107216 1260256329446
103.77229 75.7411 -17.432919 -4.267745 -30.645031 24.107216 1260256329450
103.77229 75.7411 -17.432919 -1.3214598 -27.375477 21.588928 1260256329454
98.93368 74.60404 -17.611273 -1.3214598 -27.375477 21.588928 1260256329461
98.93368 74.60404 -17.611273 -0.25741863 -14.5707655 15.344792 1260256329469
94.937 74.02384 -17.880709 -0.25741863 -14.5707655 15.344792 1260256329480
94.937 74.02384 -17.880709 0.7225003 -7.413863 5.3461275 1260256329484
96.19015 76.37265 -17.736673 0.7225003 -7.413863 5.3461275 1260256329501
96.19015 76.37265 -17.736673 4.7451286 -21.64695 -4.4995174 1260256329506
100.53064 79.60402 -16.799839 4.7451286 -21.64695 -4.4995174 1260256329518
100.53064 79.60402 -16.799839 8.901735 -4.47915 -13.894436 1260256329526
106.45411 83.02382 -15.509847 8.901735 -4.47915 -13.894436 1260256329537
106.45411 83.02382 -15.509847 2.4160247 -23.955853 -25.125664 1260256329541
112.581406 86.37263 -14.184355 2.4160247 -23.955853 -25.125664 1260256329561
112.581406 86.37263 -14.184355 -4.1638875 -5.157338 -25.569227 1260256329565
117.402336 89.55399 -13.175137 -4.1638875 -5.157338 -25.569227 1260256329578
117.402336 89.55399 -13.175137 -2.743911 -22.90108 -22.377953 1260256329587
118.88222 92.226295 -12.91638 -2.743911 -22.90108 -22.377953 1260256329598
118.88222 92.226295 -12.91638 -5.975591 -2.0339699 -18.447483 1260256329603
114.4381 93.764984 -13.920561 -5.975591 -2.0339699 -18.447483 1260256329619
114.4381 93.764984 -13.920561 -17.593384 -7.667734 1.143566 1260256329622
108.9162 91.37673 -14.624533 -17.593384 -7.667734 1.143566 1260256329642
108.9162 91.37673 -14.624533 -19.17389 -13.371174 16.040562 1260256329646
103.57039 89.0079 -14.943306 -19.17389 -13.371174 16.040562 1260256329658
103.57039 89.0079 -14.943306 -17.735199 -29.810982 15.958191 1260256329663
98.54187 86.8575 -15.046141 -17.735199 -29.810982 15.958191 1260256329678
98.54187 86.8575 -15.046141 -15.59775 -14.770805 17.43586 1260256329681
93.81477 85.014626 -15.193833 -15.59775 -14.770805 17.43586 1260256329700
93.81477 85.014626 -15.193833 -12.6238785 -17.78772 22.732723 1260256329704
89.72404 83.663895 -15.584142 -12.6238785 -17.78772 22.732723 1260256329723
89.72404 83.663895 -15.584142 -7.6391563 -22.901167 9.748275 1260256329727
90.83784 85.580696 -15.754934 -7.6391563 -22.901167 9.748275 1260256329738
90.83784 85.580696 -15.754934 -3.258208 -2.921792 2.3303456 1260256329743
95.59595 88.45166 -14.967188 -3.258208 -2.921792 2.3303456 1260256329758
95.59595 88.45166 -14.967188 -6.6272516 -15.1152725 -20.338108 1260256329762
101.96615 91.32908 -13.768828 -6.6272516 -15.1152725 -20.338108 1260256329782
101.96615 91.32908 -13.768828 -5.2336435 -12.244031 -24.580135 1260256329790
108.36784 93.862625 -12.580387 -5.2336435 -12.244031 -24.580135 1260256329798
108.36784 93.862625 -12.580387 5.201819 -15.155058 -14.359455 1260256329803
114.34945 95.86949 -11.551368 5.201819 -15.155058 -14.359455 1260256329818
114.34945 95.86949 -11.551368 12.560852 -31.075903 -20.08076 1260256329823
119.48198 97.07602 -10.873799 12.560852 -31.075903 -20.08076 1260256329840
119.48198 97.07602 -10.873799 10.544647 -24.799788 -11.493584 1260256329843
115.05788 97.47222 -10.980109 10.544647 -24.799788 -11.493584 1260256330025
115.05788 97.47222 -10.980109 5.0317063 -20.314167 -2.8863058 1260256330029
109.85498 95.49861 -11.731104 5.0317063 -20.314167 -2.8863058 1260256330042
109.85498 95.49861 -11.731104 -1.5322843 -26.219088 8.251882 1260256330046
104.56223 92.32368 -12.694549 -1.5322843 -26.219088 8.251882 1260256330049
104.56223 92.32368 -12.694549 -11.822098 -1.5517626 10.448032 1260256330054
99.43412 88.4575 -13.809821 -11.822098 -1.5517626 10.448032 1260256330061
99.43412 88.4575 -13.809821 -20.952248 -9.867424 18.725346 1260256330067
112.36241 84.23462 -15.01933 -20.952248 -9.867424 18.725346 1260256330070
112.36241 84.23462 -15.01933 -16.633675 -6.678611 19.560524 1260256330073
124.39429 80.67289 -16.818363 -16.633675 -6.678611 19.560524 1260256330081
124.39429 80.67289 -16.818363 0.9751296 5.962146 3.4809978 1260256330084
119.87457 82.58925 -17.377445 0.9751296 5.962146 3.4809978 1260256330090
119.87457 82.58925 -17.377445 4.208837 -18.034729 -1.0674345 1260256330093
125.630844 84.25979 -16.608572 4.208837 -18.034729 -1.0674345 1260256330101
125.630844 84.25979 -16.608572 7.1627374 -22.421156 -3.1478786 1260256330105
132.4493 85.8968 -15.4281435 7.1627374 -22.421156 -3.1478786 1260256330109
132.4493 85.8968 -15.4281435 0.48057365 -14.703673 -6.8821735 1260256330113
139.27682 87.301956 -14.256737 0.48057365 -14.703673 -6.8821735 1260256330125
139.27682 87.301956 -14.256737 -5.7120256 -20.50349 -11.913223 1260256330129
145.86299 88.636856 -13.1439 -5.7120256 -20.50349 -11.913223 1260256330132
145.86299 88.636856 -13.1439 -1.6047695 -30.619648 -3.9546247 1260256330143
152.31984 89.655014 -12.386704 -1.6047695 -30.619648 -3.9546247 1260256330149
152.31984 89.655014 -12.386704 2.4050477 -31.563385 -8.846187 1260256330152
147.20384 90.672264 -12.167369 2.4050477 -31.563385 -8.846187 1260256330160
147.20384 90.672264 -12.167369 1.1376989 -21.758596 -13.91386 1260256330164
142.14365 91.93865 -12.659 1.1376989 -21.758596 -13.91386 1260256330169
142.14365 91.93865 -12.659 -6.272891 -5.582358 -9.659477 1260256330174
135.83646 89.141716 -14.72605 -6.272891 -5.582358 -9.659477 1260256330185
135.83646 89.141716 -14.72605 -16.498573 -15.152273 -1.6657128 1260256330189
146.44463 84.23463 -17.189749 -16.498573 -15.152273 -1.6657128 1260256330193
146.44463 84.23463 -17.189749 -1.4074821 -3.5731091 5.873156 1260256330200
156.7724 78.872894 -18.88026 -1.4074821 -3.5731091 5.873156 1260256330208
156.7724 78.872894 -18.88026 -14.574982 10.368445 -0.37656498 1260256330212
165.43378 73.57925 -20.586248 -14.574982 10.368445 -0.37656498 1260256330219
165.43378 73.57925 -20.586248 -26.200558 18.693472 8.5016365 1260256330223
173.11209 69.00028 -22.906937 -26.200558 18.693472 8.5016365 1260256330231
173.11209 69.00028 -22.906937 -9.757568 6.8699293 -1.1770582 1260256330234
181.35649 66.05027 -25.76159 -9.757568 6.8699293 -1.1770582 1260256330246
181.35649 66.05027 -25.76159 -21.577715 -1.9719312 -7.8065977 1260256330249
172.78867 69.447754 -26.42351 -21.577715 -1.9719312 -7.8065977 1260256330263
172.78867 69.447754 -26.42351 -20.096619 -15.418238 -2.7246861 1260256330267
179.94923 71.67537 -25.702333 -20.096619 -15.418238 -2.7246861 1260256330279
179.94923 71.67537 -25.702333 -9.943188 -25.852356 -14.647413 1260256330282
185.85178 73.6916 -24.417217 -9.943188 -25.852356 -14.647413 1260256330297
185.85178 73.6916 -24.417217 6.197381 -15.460668 -11.216849 1260256330300
190.95918 75.85702 -22.996357 6.197381 -15.460668 -11.216849 1260256330318
190.95918 75.85702 -22.996357 10.085388 -30.218758 -17.675394 1260256330325
195.36122 77.964165 -21.64654 10.085388 -30.218758 -17.675394 1260256330337
195.36122 77.964165 -21.64654 -1.4447325 -29.797083 -5.3927145 1260256330344
199.34315 79.915955 -20.464212 -1.4447325 -29.797083 -5.3927145 1260256330361
199.34315 79.915955 -20.464212 -9.027836 -12.436426 -11.289875 1260256330369
204.576 81.620155 -19.491001 -9.027836 -12.436426 -11.289875 1260256330379
204.576 81.620155 -19.491001 -6.3814425 -17.85566 -0.29400158 1260256330382
196.49721 83.03915 -18.966452 -6.3814425 -17.85566 -0.29400158 1260256330398
196.49721 83.03915 -18.966452 -3.5265317 -23.389442 -2.5047424 1260256330403
188.22235 84.98719 -19.51813 -3.5265317 -23.389442 -2.5047424 1260256330418
188.22235 84.98719 -19.51813 -10.569413 -6.0391865 -9.248386 1260256330421
196.01123 81.287834 -22.392223 -10.569413 -6.0391865 -9.248386 1260256330441
196.01123 81.287834 -22.392223 -2.207815 2.573255 -7.6378455 1260256330449
201.51067 75.87344 -24.072613 -2.207815 2.573255 -7.6378455 1260256330459
201.51067 75.87344 -24.072613 1.3581553 -0.58841395 7.0376463 1260256330462
205.88513 70.52977 -25.518982 1.3581553 -0.58841395 7.0376463 1260256330478
205.88513 70.52977 -25.518982 -13.212369 -3.6062217 5.238338 1260256330483
210.09088 65.80328 -27.293034 -13.212369 -3.6062217 5.238338 1260256330500
210.09088 65.80328 -27.293034 -21.534767 4.6330485 9.469271 1260256330508
214.33633 61.86312 -29.628382 -21.534767 4.6330485 9.469271 1260256330519
214.33633 61.86312 -29.628382 -8.285577 12.408119 1.5849549 1260256330522
218.86952 67.66997 -32.546963 -8.285577 12.408119 1.5849549 1260256330538
218.86952 67.66997 -32.546963 -29.270847 9.136972 0.07368493 1260256330545
223.47604 72.33647 -34.419613 -29.270847 9.136972 0.07368493 1260256330558
223.47604 72.33647 -34.419613 -20.647236 -6.028568 8.23228 1260256330566
227.55225 75.86965 -35.298634 -20.647236 -6.028568 8.23228 1260256330589
227.55225 75.86965 -35.298634 -9.415067 -16.831654 -8.865442 1260256330591
230.87463 78.476166 -35.3837 -9.415067 -16.831654 -8.865442 1260256330599
230.87463 78.476166 -35.3837 -5.5694623 -17.3219 3.5905578 1260256330602
233.7309 80.602356 -35.114517 -5.5694623 -17.3219 3.5905578 1260256330771
233.7309 80.602356 -35.114517 -5.824566 -10.307096 -6.025314 1260256330785
235.94435 82.62224 -34.85879 -5.824566 -10.307096 -6.025314 1260256330789
235.94435 82.62224 -34.85879 -8.546707 -27.51854 -8.42808 1260256330794
237.54713 84.54113 -34.615852 -8.546707 -27.51854 -8.42808 1260256330801
237.54713 84.54113 -34.615852 -11.700593 -23.96003 5.7606144 1260256330807
238.76978 86.21407 -34.235058 -11.700593 -23.96003 5.7606144 1260256330810
238.76978 86.21407 -34.235058 -15.3230915 -14.002773 -2.2474961 1260256330813
239.58128 87.653366 -33.723305 -15.3230915 -14.002773 -2.2474961 1260256330821
239.58128 87.653366 -33.723305 -18.537186 -22.223848 -10.121533 1260256330825
239.75221 88.970695 -33.13714 -18.537186 -22.223848 -10.121533 1260256330829
239.75221 88.970695 -33.13714 -19.700302 -32.74071 -5.403188 1260256330834
239.2646 90.22216 -32.53028 -19.700302 -32.74071 -5.403188 1260256330843
239.2646 90.22216 -32.53028 -17.85427 -30.474129 -7.5739183 1260256330846
237.25137 91.61105 -32.153767 -17.85427 -30.474129 -7.5739183 1260256330852
237.25137 91.61105 -32.153767 -15.704388 -14.164875 -11.018354 1260256330858
233.0888 93.3805 -32.19608 -15.704388 -14.164875 -11.018354 1260256330867
233.0888 93.3805 -32.19608 -16.509169 -6.5148973 -0.21999168 1260256330870
227.68437 95.411476 -32.686275 -16.509169 -6.5148973 -0.21999168 1260256330881
227.68437 95.411476 -32.686275 -18.922485 -19.268818 -1.9979383 1260256330888
221.60016 97.740906 -33.50196 -18.922485 -19.268818 -1.9979383 1260256330891
221.60016 97.740906 -33.50196 -17.1494 -3.6127267 1.6732914 1260256330894
215.92015 99.75386 -34.176865 -17.1494 -3.6127267 1.6732914 1260256330901
215.92015 99.75386 -34.176865 -10.165123 0.97432566 -7.5491576 1260256330904
211.12415 97.41617 -34.21802 -10.165123 0.97432566 -7.5491576 1260256330908
211.12415 97.41617 -34.21802 -7.567563 -5.689523 10.653835 1260256330911
206.61794 95.19536 -33.70712 -7.567563 -5.689523 10.653835 1260256330921
206.61794 95.19536 -33.70712 -10.565918 -14.236626 -0.32728982 1260256330924
