297.70578 -139.89023 32.711246 15.434301 15.795385 -6.3208833 1260261131958
297.70578 -139.89023 32.711246 14.415545 16.571075 -4.7870693 1260261131967
297.02048 -139.39572 32.525684 14.415545 16.571075 -4.7870693 1260261131970
297.02048 -139.39572 32.525684 13.108063 15.76231 -1.9590398 1260261131978
297.11945 -138.62593 32.1994 13.108063 15.76231 -1.9590398 1260261131987
297.11945 -138.62593 32.1994 10.593802 10.861425 3.4912882 1260261131989
286.61346 -137.69464 31.739431 10.593802 10.861425 3.4912882 1260261131993
286.61346 -137.69464 31.739431 6.302499 1.9735036 5.5804453 1260261131998
274.9328 -136.7599 31.25246 6.302499 1.9735036 5.5804453 1260261132033
274.9328 -136.7599 31.25246 1.3743935 -2.8176732 -1.5075891 1260261132037
262.98615 -135.9219 30.739838 1.3743935 -2.8176732 -1.5075891 1260261132048
262.98615 -135.9219 30.739838 -3.3265293 -0.37603807 -7.890903 1260261132054
251.28683 -135.12581 30.202847 -3.3265293 -0.37603807 -7.890903 1260261132057
251.28683 -135.12581 30.202847 -6.387477 6.812227 -6.42542 1260261132064
239.27249 -134.46951 29.742704 -6.387477 6.812227 -6.42542 1260261132071
239.27249 -134.46951 29.742704 -6.684061 12.918341 -2.5072446 1260261132074
227.30887 -133.94604 29.35557 -6.684061 12.918341 -2.5072446 1260261132089
227.30887 -133.94604 29.35557 -5.380005 16.242311 -1.681577 1260261132093
233.54343 -133.49875 28.987791 -5.380005 16.242311 -1.681577 1260261132097
233.54343 -133.49875 28.987791 -2.9268172 17.343914 -4.0766068 1260261132103
238.36626 -133.22382 28.738401 -2.9268172 17.343914 -4.0766068 1260261132113
238.36626 -133.22382 28.738401 -0.5454354 16.721237 -6.747138 1260261132116
238.36626 -133.22382 28.738401 -0.5454354 16.775719 -6.747138 1260261132125
242.74794 -132.91263 28.551481 -0.5454354 16.775719 -6.747138 1260261132130
242.74794 -132.91263 28.551481 1.1867716 15.442417 -9.461355 1260261132137
246.56055 -132.567 28.373907 1.1867716 15.442417 -9.461355 1260261132151
246.56055 -132.567 28.373907 2.893973 13.022768 -11.7087145 1260261132154
251.18253 -132.13866 28.105211 2.893973 13.022768 -11.7087145 1260261132167
251.18253 -132.13866 28.105211 5.1499414 9.209168 -13.065255 1260261132176
239.8234 -131.58173 27.64995 5.1499414 9.209168 -13.065255 1260261132186
239.8234 -131.58173 27.64995 8.63019 3.9507134 -10.899909 1260261132189
230.33223 -130.90263 27.017452 8.63019 3.9507134 -10.899909 1260261132206
230.33223 -130.90263 27.017452 11.582072 -0.5455651 -5.116513 1260261132209
222.01563 -130.2575 26.11658 11.582072 -0.5455651 -5.116513 1260261132223
222.01563 -130.2575 26.11658 9.644382 -1.1503525 -4.9597836 1260261132406
214.26485 -129.79463 24.96075 9.644382 -1.1503525 -4.9597836 1260261132412
214.26485 -129.79463 24.96075 -1.0370545 0.8953047 -10.805828 1260261132415
207.5016 -129.7549 23.412712 -1.0370545 0.8953047 -10.805828 1260261132418
207.5016 -129.7549 23.412712 -10.930529 1.4424734 -6.575068 1260261132427
200.82652 -130.36716 21.842077 -10.930529 1.4424734 -6.575068 1260261132429
200.82652 -130.36716 21.842077 -0.58755803 -0.891901 -11.082064 1260261132433
194.08519 -131.3488 20.399973 -0.58755803 -0.891901 -11.082064 1260261132438
194.08519 -131.3488 20.399973 7.591469 3.6075892 -15.593705 1260261132447
186.53093 -132.58136 19.279974 7.591469 3.6075892 -15.593705 1260261132450
186.53093 -132.58136 19.279974 3.1492534 14.825615 -13.4619255 1260261132454
195.00438 -133.95229 18.565975 3.1492534 14.825615 -13.4619255 1260261132459
195.00438 -133.95229 18.565975 -0.6989403 17.469805 -27.892395 1260261132465
201.35416 -135.35468 18.137676 -0.6989403 17.469805 -27.892395 1260261132471
201.35416 -135.35468 18.137676 -1.9889369 5.2945857 -31.25299 1260261132474
205.03645 -136.98694 18.080793 -1.9889369 5.2945857 -31.25299 1260261132477
205.03645 -136.98694 18.080793 -0.1939249 -4.4161625 -19.03529 1260261132485
205.78464 -138.93759 18.426754 -0.1939249 -4.4161625 -19.03529 1260261132497
205.78464 -138.93759 18.426754 3.4292212 7.527211 -8.912294 1260261132507
203.59541 -123.740715 19.455416 3.4292212 7.527211 -8.912294 1260261132511
203.59541 -123.740715 19.455416 12.704239 -12.126829 -11.141786 1260261132514
200.11565 -110.80368 20.732645 12.704239 -12.126829 -11.141786 1260261132519
200.11565 -110.80368 20.732645 15.2236 -13.233183 1.6240981 1260261132528
197.25986 -103.3135 21.046013 15.2236 -13.233183 1.6240981 1260261132531
197.25986 -103.3135 21.046013 12.465605 -2.8761942 11.584082 1260261132534
194.79686 -97.04782 20.793713 12.465605 -2.8761942 11.584082 1260261132539
194.79686 -97.04782 20.793713 12.489073 -1.1168709 13.951046 1260261132545
192.55702 -91.89543 20.154026 12.489073 -1.1168709 13.951046 1260261132551
192.55702 -91.89543 20.154026 11.170658 -8.359145 10.632219 1260261132554
190.42917 -87.750656 19.096325 11.170658 -8.359145 10.632219 1260261132566
190.42917 -87.750656 19.096325 2.1214597 -0.105686784 21.680992 1260261132570
188.2577 -84.51312 17.591509 2.1214597 -0.105686784 21.680992 1260261132574
188.2577 -84.51312 17.591509 -11.91248 8.082457 9.141539 1260261132578
186.14482 -81.737465 15.611934 -11.91248 8.082457 9.141539 1260261132586
186.14482 -81.737465 15.611934 -4.6310782 7.7678447 2.001213 1260261132590
184.03758 -79.35059 13.381337 -4.6310782 7.7678447 2.001213 1260261132599
184.03758 -79.35059 13.381337 -0.7546954 2.0223694 6.5105944 1260261132610
182.0357 -77.18307 11.01227 -0.7546954 2.0223694 6.5105944 1260261132616
182.0357 -77.18307 11.01227 -19.278397 19.641792 9.731035 1260261132629
180.13393 -75.223915 8.411656 -19.278397 19.641792 9.731035 1260261132636
180.13393 -75.223915 8.411656 -2.485754 8.420332 1.8114223 1260261132640
178.22723 -73.51272 5.641073 -2.485754 8.420332 1.8114223 1260261132648
178.22723 -73.51272 5.641073 -17.010548 0.7331295 0.70336103 1260261132652
176.21587 -76.68708 3.0090194 -17.010548 0.7331295 0.70336103 1260261132663
176.21587 -76.68708 3.0090194 -9.301214 19.192482 -3.6151862 1260261132669
174.05507 -79.80273 0.6585684 -9.301214 19.192482 -3.6151862 1260261132690
174.05507 -79.80273 0.6585684 -3.6593714 -0.26801682 -6.5574403 1260261132694
171.90231 -83.01259 -1.3743601 -3.6593714 -0.26801682 -6.5574403 1260261132703
171.90231 -83.01259 -1.3743601 -18.110626 17.338083 -5.8386545 1260261132706
169.8572 -86.36196 -3.0556421 -18.110626 17.338083 -5.8386545 1260261132726
169.8572 -86.36196 -3.0556421 -7.9647202 -3.5024328 -7.8341737 1260261132729
167.46434 -89.743866 -4.20286 -7.9647202 -3.5024328 -7.8341737 1260261132744
167.46434 -89.743866 -4.20286 3.2023516 14.899742 -8.4768095 1260261132750
163.54112 -92.95667 -4.742717 3.2023516 14.899742 -8.4768095 1260261132766
163.54112 -92.95667 -4.742717 6.55385 -3.984665 -10.555456 1260261132775
157.16406 -95.80884 -4.605581 6.55385 -3.984665 -10.555456 1260261132787
157.16406 -95.80884 -4.605581 9.21296 16.323683 -11.464887 1260261132793
166.65585 -98.36839 -3.9253018 9.21296 16.323683 -11.464887 1260261132804
166.65585 -98.36839 -3.9253018 9.124428 -0.5878515 -7.4600024 1260261132810
174.07306 -100.74998 -2.8290367 9.124428 -0.5878515 -7.4600024 1260261132829
174.07306 -100.74998 -2.8290367 1.1816478 9.8928 -19.930618 1260261132833
179.4694 -103.162476 -1.4375849 1.1816478 9.8928 -19.930618 1260261132843
179.4694 -103.162476 -1.4375849 -4.0334916 11.7312155 -11.310325 1260261132846
183.29593 -105.65435 0.18429443 -4.0334916 11.7312155 -11.310325 1260261132868
183.29593 -105.65435 0.18429443 8.578813 -3.1271381 -5.61712 1260261132874
185.88113 -108.221634 2.0250797 8.578813 -3.1271381 -5.61712 1260261132890
185.88113 -108.221634 2.0250797 16.365334 14.641029 -9.45708 1260261132893
187.78708 -110.710556 3.9738257 16.365334 14.641029 -9.45708 1260261132911
187.78708 -110.710556 3.9738257 0.6941848 -2.1244378 -3.2303033 1260261132915
189.14772 -112.97503 5.9751344 0.6941848 -2.1244378 -3.2303033 1260261132926
189.14772 -112.97503 5.9751344 5.364274 3.7213273 2.1590958 1260261132932
190.44034 -115.026276 7.8763776 5.364274 3.7213273 2.1590958 1260261132945
190.44034 -115.026276 7.8763776 17.792686 14.149609 -6.379115 1260261132948
192.01833 -116.87496 9.532558 17.792686 14.149609 -6.379115 1260261132969
192.01833 -116.87496 9.532558 6.355264 -0.60469866 1.2320743 1260261132973
193.56741 -118.78121 11.10593 6.355264 -0.60469866 1.2320743 1260261132983
193.56741 -118.78121 11.10593 -2.330917 -0.70630264 -6.204999 1260261132986
195.93904 -120.59215 12.300633 -2.330917 -0.70630264 -6.204999 1260261133186
195.93904 -120.59215 12.300633 3.8823624 14.037117 -4.6986275 1260261133194
199.4421 -122.26254 13.085602 3.8823624 14.037117 -4.6986275 1260261133205
199.4421 -122.26254 13.085602 10.324645 7.6638155 -17.348974 1260261133211
204.31999 -123.799416 13.481321 10.324645 7.6638155 -17.348974 1260261133214
204.31999 -123.799416 13.481321 12.247913 -3.837459 -11.72628 1260261133218
211.204 -125.10944 13.457255 12.247913 -3.837459 -11.72628 1260261133226
211.204 -125.10944 13.457255 10.562753 1.0938392 -5.3575773 1260261133232
201.24379 -126.40397 13.134393 10.562753 1.0938392 -5.3575773 1260261133235
201.24379 -126.40397 13.134393 6.9337473 12.902523 -4.987883 1260261133239
192.3316 -127.58377 12.727674 6.9337473 12.902523 -4.987883 1260261133247
192.3316 -127.58377 12.727674 2.7861335 15.609873 -14.465192 1260261133251
184.31502 -128.70457 12.29129 2.7861335 15.609873 -14.465192 1260261133254
184.31502 -128.70457 12.29129 -1.8719375 7.29165 -20.293648 1260261133259
177.09927 -129.71935 11.776726 -1.8719375 7.29165 -20.293648 1260261133267
177.09927 -129.71935 11.776726 -6.5095406 -1.5096712 -14.414504 1260261133271
170.09431 -130.58337 11.38789 -6.5095406 -1.5096712 -14.414504 1260261133275
170.09431 -130.58337 11.38789 -8.333579 -3.747097 -8.109378 1260261133279
163.7396 -131.3042 10.968495 -8.333579 -3.747097 -8.109378 1260261133286
163.7396 -131.3042 10.968495 -9.306074 -0.30293417 -8.221166 1260261133292
