224.14302 39.71116 27.991299 17.599241 -10.22514 0.14112425 1260256585499
224.14302 39.71116 27.991299 10.405115 -13.287952 5.7213116 1260256585502
225.48587 39.2256 29.491734 10.405115 -13.287952 5.7213116 1260256585511
225.48587 39.2256 29.491734 -2.2480083 -13.876487 1.19819 1260256585514
226.61157 38.81432 30.767147 -2.2480083 -13.876487 1.19819 1260256585517
226.61157 38.81432 30.767147 -0.25523567 -12.341712 5.0566463 1260256585523
230.431 37.823605 31.87879 -0.25523567 -12.341712 5.0566463 1260256585529
230.431 37.823605 31.87879 8.121413 -2.7423587 11.111759 1260256585534
221.25945 35.082424 29.88485 8.121413 -2.7423587 11.111759 1260256585537
221.25945 35.082424 29.88485 -10.364326 6.1096725 3.613144 1260256585541
212.69647 32.378304 27.240606 -10.364326 6.1096725 3.613144 1260256585549
212.69647 32.378304 27.240606 3.2854075 -3.8463473 8.221178 1260256585552
204.51164 30.159388 24.228577 3.2854075 -3.8463473 8.221178 1260256585561
204.51164 30.159388 24.228577 -19.360924 13.733049 19.102873 1260256585574
196.73605 29.051418 20.717148 -19.360924 13.733049 19.102873 1260256585598
196.73605 29.051418 20.717148 -9.465411 3.4122279 20.19933 1260256585603
189.34924 28.898848 17.38129 -9.465411 3.4122279 20.19933 1260256585610
189.34924 28.898848 17.38129 -29.470797 -6.405642 14.114185 1260256585616
182.88177 29.903906 14.512226 -29.470797 -6.405642 14.114185 1260256585619
182.88177 29.903906 14.512226 -8.941819 -11.423803 2.921796 1260256585624
178.13768 34.308712 12.686615 -8.941819 -11.423803 2.921796 1260256585636
178.13768 34.308712 12.686615 -10.428979 -29.967194 -18.146667 1260256585640
175.5808 38.793278 11.752284 -10.428979 -29.967194 -18.146667 1260256585650
175.5808 38.793278 11.752284 -10.190146 -34.409344 -13.666293 1260256585653
174.55176 43.503613 11.36467 -10.190146 -34.409344 -13.666293 1260256585656
174.55176 43.503613 11.36467 -7.233161 -17.850613 -17.959745 1260256585670
174.57417 48.378433 11.246436 -7.233161 -17.850613 -17.959745 1260256585674
174.57417 48.378433 11.246436 -4.9031916 -8.46056 -22.481056 1260256585677
174.84546 53.45951 11.134114 -4.9031916 -8.46056 -22.481056 1260256585682
174.84546 53.45951 11.134114 -5.728962 -12.071567 -22.42217 1260256585689
174.10318 58.686535 10.777409 -5.728962 -12.071567 -22.42217 1260256585697
174.10318 58.686535 10.777409 -8.192047 -15.879859 -17.397913 1260256585700
167.09802 64.35221 9.738538 -8.192047 -15.879859 -17.397913 1260256585714
167.09802 64.35221 9.738538 -5.3945837 -11.708006 -14.185656 1260256585720
169.09312 53.7346 7.551611 -5.3945837 -11.708006 -14.185656 1260256585722
169.09312 53.7346 7.551611 3.5122766 8.641665 -9.341782 1260256585731
164.83847 44.79787 5.4240303 3.5122766 8.641665 -9.341782 1260256585736
164.83847 44.79787 5.4240303 -15.920548 4.918443 4.14183 1260256585740
160.24655 39.807976 3.4528286 -15.920548 4.918443 4.14183 1260256585757
160.24655 39.807976 3.4528286 -13.611359 7.193652 7.8047066 1260256585761
155.18422 35.467575 1.1301872 -13.611359 7.193652 7.8047066 1260256585771
155.18422 35.467575 1.1301872 -3.6803179 21.221617 -0.3176744 1260256585780
165.07501 25.194197 -2.7763224 -3.6803179 21.221617 -0.3176744 1260256585793
165.07501 25.194197 -2.7763224 -17.584017 1.8225372 -11.260962 1260256585799
159.22127 31.234488 -4.787506 -17.584017 1.8225372 -11.260962 1260256585816
159.22127 31.234488 -4.787506 -1.9275141 -7.8476033 -7.6667504 1260256585822
156.4102 35.922764 -5.398131 -1.9275141 -7.8476033 -7.6667504 1260256585828
156.4102 35.922764 -5.398131 0.51574373 -10.414596 -13.170838 1260256585837
155.8897 40.126625 -5.328224 0.51574373 -10.414596 -13.170838 1260256585849
155.8897 40.126625 -5.328224 5.9021215 -33.304802 -19.42373 1260256585852
157.24521 44.320293 -4.811813 5.9021215 -33.304802 -19.42373 1260256585871
157.24521 44.320293 -4.811813 12.353089 -30.190702 -17.292692 1260256585874
158.83295 48.50428 -4.2212224 12.353089 -30.190702 -17.292692 1260256585893
158.83295 48.50428 -4.2212224 12.291729 -15.029941 -17.825947 1260256585896
159.7913 52.729065 -3.7601612 12.291729 -15.029941 -17.825947 1260256585911
159.7913 52.729065 -3.7601612 8.202486 -26.754581 -13.013696 1260256585920
160.00174 57.092613 -3.4721532 8.202486 -26.754581 -13.013696 1260256585932
160.00174 57.092613 -3.4721532 3.9299371 -19.768013 -25.733402 1260256585938
158.20166 61.88798 -3.6485455 3.9299371 -19.768013 -25.733402 1260256585951
158.20166 61.88798 -3.6485455 2.7150006 0.32261372 -19.613539 1260256585954
167.49158 67.74358 -4.916118 2.7150006 0.32261372 -19.613539 1260256585975
167.49158 67.74358 -4.916118 3.9040198 9.374387 -9.863487 1260256585979
159.41699 63.156403 -7.9203124 3.9040198 9.374387 -9.863487 1260256585994
159.41699 63.156403 -7.9203124 -20.77007 1.8872459 0.31052953 1260256586191
152.69614 59.398582 -10.124297 -20.77007 1.8872459 0.31052953 1260256586195
152.69614 59.398582 -10.124297 -9.271949 1.2680192 18.86803 1260256586199
146.41133 56.628654 -11.718082 -9.271949 1.2680192 18.86803 1260256586214
146.41133 56.628654 -11.718082 -11.812365 -2.7988458 27.448666 1260256586218
140.44077 54.64722 -13.082178 -11.812365 -2.7988458 27.448666 1260256586221
140.44077 54.64722 -13.082178 -25.277868 -0.40130138 20.53671 1260256586230
135.11873 53.66486 -14.2780695 -25.277868 -0.40130138 20.53671 1260256586232
135.11873 53.66486 -14.2780695 -27.218647 -14.227384 17.307472 1260256586239
131.2128 53.731617 -15.164166 -27.218647 -14.227384 17.307472 1260256586242
131.2128 53.731617 -15.164166 -17.383205 -15.848173 12.811025 1260256586250
130.75215 56.945038 -15.105958 -17.383205 -15.848173 12.811025 1260256586253
130.75215 56.945038 -15.105958 -10.725437 -23.35595 -16.276926 1260256586256
132.91455 60.547787 -14.1506605 -10.725437 -23.35595 -16.276926 1260256586260
132.91455 60.547787 -14.1506605 -8.110185 -13.468975 -17.047876 1260256586273
136.11882 64.4704 -12.893127 -8.110185 -13.468975 -17.047876 1260256586276
136.11882 64.4704 -12.893127 2.9155178 -30.657513 -23.810156 1260256586280
139.16287 68.34688 -11.698471 2.9155178 -30.657513 -23.810156 1260256586291
139.16287 68.34688 -11.698471 13.429226 -12.926713 -19.946922 1260256586296
140.70473 72.02953 -10.9135475 13.429226 -12.926713 -19.946922 1260256586300
140.70473 72.02953 -10.9135475 11.292529 -17.461266 -18.504068 1260256586303
137.76949 75.27805 -12.01787 11.292529 -17.461266 -18.504068 1260256586313
137.76949 75.27805 -12.01787 -1.3871031 -6.95651 2.4453535 1260256586321
132.63101 71.914154 -14.266976 -1.3871031 -6.95651 2.4453535 1260256586330
132.63101 71.914154 -14.266976 -22.697739 -5.5384054 9.149175 1260256586336
127.599464 68.36845 -15.553628 -22.697739 -5.5384054 9.149175 1260256586339
127.599464 68.36845 -15.553628 -18.40934 6.151631 12.750692 1260256586348
122.81949 65.20003 -16.575947 -18.40934 6.151631 12.750692 1260256586354
122.81949 65.20003 -16.575947 -10.473952 -9.624685 29.035433 1260256586357
118.42851 62.790028 -17.64715 -10.473952 -9.624685 29.035433 1260256586361
118.42851 62.790028 -17.64715 -6.8750286 -7.0133195 22.362974 1260256586372
114.707085 61.300526 -18.914793 -6.8750286 -7.0133195 22.362974 1260256586377
114.707085 61.300526 -18.914793 -15.280744 -1.7985477 10.8599205 1260256586381
112.62173 64.7855 -19.919054 -15.280744 -1.7985477 10.8599205 1260256586393
112.62173 64.7855 -19.919054 -20.144257 -22.819826 -4.7285557 1260256586400
112.74064 68.146225 -19.773102 -20.144257 -22.819826 -4.7285557 1260256586403
112.74064 68.146225 -19.773102 -14.260323 -8.212635 -9.606614 1260256586412
114.803604 71.58891 -18.834446 -14.260323 -8.212635 -9.606614 1260256586419
114.803604 71.58891 -18.834446 -0.49208426 -25.041264 -28.41099 1260256586424
118.213425 75.10947 -17.542723 -0.49208426 -25.041264 -28.41099 1260256586435
118.213425 75.10947 -17.542723 13.492186 -17.653482 -23.659164 1260256586439
121.70275 78.55399 -16.265587 13.492186 -17.653482 -23.659164 1260256586457
121.70275 78.55399 -16.265587 9.721455 -19.052141 -17.359743 1260256586461
123.867615 82.02629 -15.352307 9.721455 -19.052141 -17.359743 1260256586464
123.867615 82.02629 -15.352307 -2.6632934 -17.682705 -31.55517 1260256586472
122.474236 85.42497 -15.484692 -2.6632934 -17.682705 -31.55517 1260256586475
122.474236 85.42497 -15.484692 -7.8904743 -3.6306882 -7.11913 1260256586479
118.350525 88.653725 -17.610456 -7.8904743 -3.6306882 -7.11913 1260256586494
118.350525 88.653725 -17.610456 -2.4476862 -13.2323475 0.16124201 1260256586498
113.733 85.52104 -19.179934 -2.4476862 -13.2323475 0.16124201 1260256586503
113.733 85.52104 -19.179934 -17.657553 -2.0234013 2.3371124 1260256586529
108.99635 82.74499 -20.020937 -17.657553 -2.0234013 2.3371124 1260256586557
108.99635 82.74499 -20.020937 -24.719269 -21.750671 18.808525 1260256586568
104.19653 80.40774 -20.319891 -24.719269 -21.750671 18.808525 1260256586579
104.19653 80.40774 -20.319891 -23.670584 -9.493596 21.739803 1260256586584
99.48671 78.83735 -20.403896 -23.670584 -9.493596 21.739803 1260256586613
99.48671 78.83735 -20.403896 -21.171663 -19.818512 15.659048 1260256586621
95.16238 77.94548 -20.433702 -21.171663 -19.818512 15.659048 1260256586624
95.16238 77.94548 -20.433702 -19.29251 -28.83287 9.152305 1260256586669
92.15426 77.49821 -20.412018 -19.29251 -28.83287 9.152305 1260256586673
92.15426 77.49821 -20.412018 -17.072926 -28.74023 2.6828368 1260256586714
94.496544 79.823296 -20.141417 -17.072926 -28.74023 2.6828368 1260256586726
94.496544 79.823296 -20.141417 -14.379027 -6.946143 -10.475942 1260256586742
98.421715 82.78213 -19.284346 -14.379027 -6.946143 -10.475942 1260256586774
98.421715 82.78213 -19.284346 -5.1767197 -23.011147 -12.536385 1260256586990
103.70063 86.04302 -18.020128 -5.1767197 -23.011147 -12.536385 1260256586993
103.70063 86.04302 -18.020128 10.101834 -4.471587 -24.270954 1260256586997
108.8656 89.34087 -16.769121 10.101834 -4.471587 -24.270954 1260256587000
108.8656 89.34087 -16.769121 11.86437 -22.091423 -24.242176 1260256587003
111.37232 91.52383 -16.130665 11.86437 -22.091423 -24.242176 1260256587032
111.37232 91.52383 -16.130665 2.916964 -6.744293 -1.814455 1260256587037
108.00371 89.59763 -16.874132 2.916964 -6.744293 -1.814455 1260256587043
108.00371 89.59763 -16.874132 2.9475865 -19.179062 4.067297 1260256587049
103.45352 86.56775 -17.580425 2.9475865 -19.179062 4.067297 1260256587055
103.45352 86.56775 -17.580425 -1.1846886 -0.34523106 15.268397 1260256587058
98.98084 83.739365 -17.951405 -1.1846886 -0.34523106 15.268397 1260256587061
98.98084 83.739365 -17.951405 -2.386488 -20.577732 14.807283 1260256587263
95.731804 82.5524 -17.953835 -2.386488 -20.577732 14.807283 1260256587278
95.731804 82.5524 -17.953835 2.6245608 -21.661837 10.196388 1260256587289
100.29521 84.12478 -17.056143 2.6245608 -21.661837 10.196388 1260256587293
100.29521 84.12478 -17.056143 9.558166 -22.64442 -5.6431665 1260256587299
106.23045 86.61854 -15.653336 9.558166 -22.64442 -5.6431665 1260256587302
106.23045 86.61854 -15.653336 4.3273787 -8.765818 -19.464922 1260256587313
112.26893 89.13761 -14.220669 4.3273787 -8.765818 -19.464922 1260256587319
112.26893 89.13761 -14.220669 -2.8194766 -29.478992 -20.815248 1260256587323
117.855484 91.28073 -12.859635 -2.8194766 -29.478992 -20.815248 1260256587330
117.855484 91.28073 -12.859635 3.8954763 -20.008972 -27.858059 1260256587334
122.26271 92.9667 -11.766654 3.8954763 -20.008972 -27.858059 1260256587337
122.26271 92.9667 -11.766654 10.896334 -11.161514 -11.92803 1260256587343
124.299576 94.21836 -11.228321 10.896334 -11.161514 -11.92803 1260256587355
124.299576 94.21836 -11.228321 9.154388 -16.65545 -6.566582 1260256587358
123.0346 95.25745 -11.566905 9.154388 -16.65545 -6.566582 1260256587361
123.0346 95.25745 -11.566905 3.953175 -20.59639 -0.95281434 1260256587370
118.58287 92.244576 -13.38856 3.953175 -20.59639 -0.95281434 1260256587373
118.58287 92.244576 -13.38856 -15.066032 2.7824655 0.6371834 1260256587379
113.45373 87.832344 -15.319133 -15.066032 2.7824655 0.6371834 1260256587382
113.45373 87.832344 -15.319133 -14.924789 0.24351096 -0.21776676 1260256587393
108.38104 83.390724 -17.003176 -14.924789 0.24351096 -0.21776676 1260256587397
108.38104 83.390724 -17.003176 -3.9449692 -9.447346 11.99998 1260256587402
103.41199 79.52119 -18.953016 -3.9449692 -9.447346 11.99998 1260256587414
103.41199 79.52119 -18.953016 -12.834566 6.607249 2.3723073 1260256587417
99.99139 77.79513 -20.205366 -12.834566 6.607249 2.3723073 1260256587421
99.99139 77.79513 -20.205366 -17.365236 -14.473579 -0.21609533 1260256587434
102.391815 79.60537 -19.545097 -17.365236 -14.473579 -0.21609533 1260256587452
102.391815 79.60537 -19.545097 -8.322905 -6.3523445 -9.94776 1260256587472
107.97222 81.8251 -18.117842 -8.322905 -6.3523445 -9.94776 1260256587475
107.97222 81.8251 -18.117842 10.252565 -21.575104 -5.95453 1260256587479
113.82361 83.88385 -16.561949 10.252565 -21.575104 -5.95453 1260256587484
113.82361 83.88385 -16.561949 13.680868 -31.30892 -10.022928 1260256587495
119.38243 85.83966 -15.033852 13.680868 -31.30892 -10.022928 1260256587499
119.38243 85.83966 -15.033852 0.67935896 -15.774539 -10.068205 1260256587504
124.46331 87.547676 -13.632159 0.67935896 -15.774539 -10.068205 1260256587516
124.46331 87.547676 -13.632159 -2.5156188 -18.777525 -7.242057 1260256587519
128.59015 88.920296 -12.350552 -2.5156188 -18.777525 -7.242057 1260256587523
128.59015 88.920296 -12.350552 6.3890553 -27.03147 -2.0900083 1260256587531
130.76064 89.87428 -11.383024 6.3890553 -27.03147 -2.0900083 1260256587534
130.76064 89.87428 -11.383024 10.953189 -23.68018 -5.616694 1260256587538
130.0226 90.48057 -11.063873 10.953189 -23.68018 -5.616694 1260256587543
130.0226 90.48057 -11.063873 8.946311 -14.551237 -2.1901999 1260256587554
125.721466 88.00654 -12.71068 8.946311 -14.551237 -2.1901999 1260256587557
125.721466 88.00654 -12.71068 -4.5420084 -3.3529267 10.929055 1260256587561
120.48539 82.75621 -14.5251465 -4.5420084 -3.3529267 10.929055 1260256587570
120.48539 82.75621 -14.5251465 -14.192869 -6.630486 2.1718435 1260256587576
115.36112 77.3184 -16.098888 -14.192869 -6.630486 2.1718435 1260256587582
115.36112 77.3184 -16.098888 -4.2200527 -4.4135804 8.971951 1260256587597
110.09306 72.35248 -17.893944 -4.2200527 -4.4135804 8.971951 1260256587600
110.09306 72.35248 -17.893944 -3.0427637 6.1680765 1.2213259 1260256587603
104.63841 68.334854 -20.299246 -3.0427637 6.1680765 1.2213259 1260256587611
104.63841 68.334854 -20.299246 -24.533539 9.263362 6.970685 1260256587615
117.30649 65.21811 -23.284283 -24.533539 9.263362 6.970685 1260256587618
117.30649 65.21811 -23.284283 -7.2057962 -8.570598 4.352888 1260256587628
111.84116 63.057205 -25.52007 -7.2057962 -8.570598 4.352888 1260256587631
111.84116 63.057205 -25.52007 -19.010883 -8.373444 9.443895 1260256587634
107.14911 61.954346 -26.694065 -19.010883 -8.373444 9.443895 1260256587637
107.14911 61.954346 -26.694065 -22.72527 -3.6718926 0.33173105 1260256587640
102.391655 64.95663 -26.959362 -22.72527 -3.6718926 0.33173105 1260256587643
102.391655 64.95663 -26.959362 -18.93358 -23.589088 0.14684069 1260256587649
110.92207 67.20879 -26.611393 -18.93358 -23.589088 0.14684069 1260256587652
110.92207 67.20879 -26.611393 -16.827387 -10.482108 -0.7326971 1260256587656
117.52597 69.14835 -26.030823 -16.827387 -10.482108 -0.7326971 1260256587659
117.52597 69.14835 -26.030823 -14.080086 -23.562742 4.509525 1260256587662
122.44967 71.04094 -25.429281 -14.080086 -23.562742 4.509525 1260256587668
122.44967 71.04094 -25.429281 -8.938362 -34.059334 -7.589898 1260256587671
126.37718 72.88889 -24.757816 -8.938362 -34.059334 -7.589898 1260256587675
126.37718 72.88889 -24.757816 -2.0772786 -19.474228 -13.267659 1260256587678
129.55832 74.69445 -24.119926 -2.0772786 -19.474228 -13.267659 1260256587681
129.55832 74.69445 -24.119926 3.028895 -17.439556 -2.173143 1260256587684
132.1304 76.30973 -23.56393 3.028895 -17.439556 -2.173143 1260256587692
132.1304 76.30973 -23.56393 4.991998 -28.735147 -4.4827952 1260256587695
134.42389 77.74425 -22.985735 4.991998 -28.735147 -4.4827952 1260256587699
134.42389 77.74425 -22.985735 4.2949705 -25.21017 0.999331 1260256587702
136.2527 79.05704 -22.536448 4.2949705 -25.21017 0.999331 1260256587708
136.2527 79.05704 -22.536448 1.4055088 -9.796101 6.9286337 1260256587854
137.69006 78.454185 -22.159626 1.4055088 -9.796101 6.9286337 1260256587857
137.69006 78.454185 -22.159626 -1.6528451 -12.252008 13.112653 1260256587861
138.75555 77.581474 -21.901646 -1.6528451 -12.252008 13.112653 1260256587872
138.75555 77.581474 -21.901646 -3.8860548 -17.253342 9.656491 1260256587876
