324.9096 -132.34328 17.20861 -7.0791416 14.512297 -4.664939 1260261163724
324.9096 -132.34328 17.20861 -7.2833743 11.547247 -5.564203 1260261163729
324.56412 -131.97612 16.99818 -7.2833743 11.547247 -5.564203 1260261163739
324.56412 -131.97612 16.99818 -7.183036 8.608432 -8.119859 1260261163742
323.7359 -131.6773 16.69827 -7.183036 8.608432 -8.119859 1260261163746
323.7359 -131.6773 16.69827 -6.124415 6.2568045 -11.241572 1260261163754
323.6991 -131.59344 16.313356 -6.124415 6.2568045 -11.241572 1260261163757
323.6991 -131.59344 16.313356 -3.6838086 5.7335253 -15.010536 1260261163763
324.11414 -131.91377 15.897689 -3.6838086 5.7335253 -15.010536 1260261163766
324.11414 -131.91377 15.897689 -0.11839223 8.52872 -19.207596 1260261163770
324.80844 -132.51808 15.402804 -0.11839223 8.52872 -19.207596 1260261163802
324.80844 -132.51808 15.402804 4.4017353 13.783687 -19.631416 1260261163809
325.768 -133.29218 14.8326645 4.4017353 13.783687 -19.631416 1260261163816
325.768 -133.29218 14.8326645 8.708773 17.873894 -14.8065605 1260261163822
309.6296 -134.12756 14.091031 8.708773 17.873894 -14.8065605 1260261163826
309.6296 -134.12756 14.091031 9.844053 16.178215 -14.61472 1260261163834
295.54813 -134.92119 13.136479 9.844053 16.178215 -14.61472 1260261163840
295.54813 -134.92119 13.136479 3.9681177 9.831311 -22.436237 1260261163847
283.5707 -135.72513 11.979655 3.9681177 9.831311 -22.436237 1260261163856
283.5707 -135.72513 11.979655 -8.272214 1.8421526 -20.019194 1260261163859
274.39218 -136.58887 10.380672 -8.272214 1.8421526 -20.019194 1260261163863
274.39218 -136.58887 10.380672 -13.003603 -3.1426063 -11.3702345 1260261163868
267.62256 -137.35942 8.061639 -13.003603 -3.1426063 -11.3702345 1260261163878
267.62256 -137.35942 8.061639 2.479642 -1.7467809 -9.33783 1260261163882
262.69144 -138.04144 4.8085566 2.479642 -1.7467809 -9.33783 1260261163885
262.69144 -138.04144 4.8085566 -19.002934 3.474267 -1.8542526 1260261163896
258.40686 -132.43938 1.5181288 -19.002934 3.474267 -1.8542526 1260261163903
258.40686 -132.43938 1.5181288 -0.6876364 9.891065 3.1514227 1260261163907
254.38652 -126.917404 -1.2077777 -0.6876364 9.891065 3.1514227 1260261163916
254.38652 -126.917404 -1.2077777 -20.234669 14.568867 7.622855 1260261163925
250.41719 -121.62154 -3.547389 -20.234669 14.568867 7.622855 1260261163937
250.41719 -121.62154 -3.547389 -6.264982 12.6515465 13.383821 1260261163940
246.64633 -116.59046 -5.72002 -6.264982 12.6515465 13.383821 1260261163955
246.64633 -116.59046 -5.72002 -3.0356693 0.67073107 -1.133091 1260261163962
243.16402 -111.76094 -7.984019 -3.0356693 0.67073107 -1.133091 1260261163974
243.16402 -111.76094 -7.984019 -16.159683 -6.6853523 4.104221 1260261163977
240.00581 -107.22289 -10.334818 -16.159683 -6.6853523 4.104221 1260261163997
240.00581 -107.22289 -10.334818 3.6648927 5.7065725 -3.3669264 1260261164000
237.10553 -109.66175 -12.668077 3.6648927 5.7065725 -3.3669264 1260261164014
237.10553 -109.66175 -12.668077 -3.1878858 3.888565 -10.298102 1260261164021
229.90025 -112.678665 -12.334674 -3.1878858 3.888565 -10.298102 1260261164042
229.90025 -112.678665 -12.334674 1.6510713 -3.0988283 3.5249686 1260261164046
234.90524 -115.54473 -11.56794 1.6510713 -3.0988283 3.5249686 1260261164055
234.90524 -115.54473 -11.56794 8.864634 8.081238 -14.635247 1260261164059
239.40997 -118.11749 -10.789543 8.864634 8.081238 -14.635247 1260261164076
239.40997 -118.11749 -10.789543 10.873048 -5.239793 -17.796213 1260261164079
243.33948 -120.26162 -10.000066 10.873048 -5.239793 -17.796213 1260261164099
243.33948 -120.26162 -10.000066 7.225176 15.323695 -27.95078 1260261164102
247.0225 -122.09854 -9.300062 7.225176 15.323695 -27.95078 1260261164113
247.0225 -122.09854 -9.300062 0.67417955 15.605288 -17.85857 1260261164117
250.62138 -123.643616 -8.735059 0.67417955 15.605288 -17.85857 1260261164138
250.62138 -123.643616 -8.735059 -4.9011474 5.473976 -25.305592 1260261164144
254.34032 -125.06143 -8.248306 -4.9011474 5.473976 -25.305592 1260261164152
254.34032 -125.06143 -8.248306 -8.543958 9.2398205 -30.806341 1260261164155
258.77332 -126.45836 -7.935891 -8.543958 9.2398205 -30.806341 1260261164174
258.77332 -126.45836 -7.935891 -10.584364 19.932808 -25.69124 1260261164183
246.23465 -127.88544 -7.7890964 -10.584364 19.932808 -25.69124 1260261164194
246.23465 -127.88544 -7.7890964 -11.808809 18.065817 -22.395508 1260261164197
236.02292 -129.39116 -7.8496413 -11.808809 18.065817 -22.395508 1260261164212
236.02292 -129.39116 -7.8496413 -12.823625 2.0181293 -18.545494 1260261164216
228.57178 -130.9716 -8.207159 -12.823625 2.0181293 -18.545494 1260261164233
228.57178 -130.9716 -8.207159 -13.431057 -2.910089 -16.788385 1260261164236
223.44319 -132.57303 -8.946801 -13.431057 -2.910089 -16.788385 1260261164409
223.44319 -132.57303 -8.946801 -9.901497 9.733748 -18.818935 1260261164416
220.07103 -134.09438 -10.299461 -9.901497 9.733748 -18.818935 1260261164424
220.07103 -134.09438 -10.299461 0.9140682 11.4431 -5.2224855 1260261164428
217.66748 -135.53966 -12.2344885 0.9140682 11.4431 -5.2224855 1260261164436
217.66748 -135.53966 -12.2344885 -4.5160513 -1.3718805 -14.290199 1260261164438
215.5841 -136.86267 -14.622764 -4.5160513 -1.3718805 -14.290199 1260261164445
215.5841 -136.86267 -14.622764 -17.207045 -6.478936 -4.805709 1260261164448
213.5549 -137.91954 -17.241625 -17.207045 -6.478936 -4.805709 1260261164454
213.5549 -137.91954 -17.241625 0.09555626 0.88721895 -1.7629509 1260261164459
211.52716 -132.22356 -19.529543 0.09555626 0.88721895 -1.7629509 1260261164463
211.52716 -132.22356 -19.529543 -16.963009 7.5393248 9.645966 1260261164468
209.3508 -126.81238 -21.203066 -16.963009 7.5393248 9.645966 1260261164474
209.3508 -126.81238 -21.203066 -18.52552 14.796512 3.651845 1260261164480
207.18326 -121.62176 -22.442913 -18.52552 14.796512 3.651845 1260261164483
207.18326 -121.62176 -22.442913 -7.462514 14.134817 14.971563 1260261164486
205.1241 -116.74067 -23.420767 -7.462514 14.134817 14.971563 1260261164495
205.1241 -116.74067 -23.420767 -1.2618809 1.7971892 11.2471895 1260261164498
203.11789 -112.25364 -24.449728 -1.2618809 1.7971892 11.2471895 1260261164506
203.11789 -112.25364 -24.449728 -3.5670638 -1.0290303 12.843674 1260261164510
201.21199 -108.34096 -25.727242 -3.5670638 -1.0290303 12.843674 1260261164521
201.21199 -108.34096 -25.727242 -13.974406 16.028639 3.9800258 1260261164526
198.80139 -109.77391 -26.74088 -13.974406 16.028639 3.9800258 1260261164529
198.80139 -109.77391 -26.74088 -16.95747 8.609569 -0.6072146 1260261164538
195.11133 -110.93522 -26.903835 -16.95747 8.609569 -0.6072146 1260261164543
195.11133 -110.93522 -26.903835 -15.270138 0.11791897 -4.265855 1260261164548
189.05576 -112.18846 -26.208643 -15.270138 0.11791897 -4.265855 1260261164554
189.05576 -112.18846 -26.208643 -11.974789 2.7573075 -7.368127 1260261164563
181.10297 -113.47904 -25.04821 -11.974789 2.7573075 -7.368127 1260261164566
181.10297 -113.47904 -25.04821 -0.15324658 16.971247 -5.7158537 1260261164576
189.94781 -114.75509 -23.6458 -0.15324658 16.971247 -5.7158537 1260261164582
189.94781 -114.75509 -23.6458 11.15484 24.936039 -17.750496 1260261164585
197.10042 -116.06734 -22.01351 11.15484 24.936039 -17.750496 1260261164596
197.10042 -116.06734 -22.01351 3.8693745 17.241411 -9.237756 1260261164599
203.0454 -117.36397 -20.262835 3.8693745 17.241411 -9.237756 1260261164603
203.0454 -117.36397 -20.262835 -4.5301814 5.350012 -18.342003 1260261164610
207.59312 -118.79577 -18.299692 -4.5301814 5.350012 -18.342003 1260261164621
207.59312 -118.79577 -18.299692 11.536381 5.5684724 -7.9743485 1260261164624
210.61346 -120.45598 -16.084707 11.536381 5.5684724 -7.9743485 1260261164637
210.61346 -120.45598 -16.084707 10.619848 16.058826 -16.317444 1260261164645
211.98279 -122.38318 -13.480472 10.619848 16.058826 -16.317444 1260261164654
211.98279 -122.38318 -13.480472 -1.0196657 5.511391 -14.397133 1260261164657
211.78365 -124.56402 -10.406448 -1.0196657 5.511391 -14.397133 1260261164672
211.78365 -124.56402 -10.406448 14.004731 -6.866457 -7.442871 1260261164678
210.74446 -126.685814 -6.736126 14.004731 -6.866457 -7.442871 1260261164699
210.74446 -126.685814 -6.736126 0.5193896 9.573662 2.525671 1260261164703
209.40724 -121.70152 -3.2493196 0.5193896 9.573662 2.525671 1260261164713
209.40724 -121.70152 -3.2493196 4.9899635 9.144128 6.6564226 1260261164717
