292.69763 -126.640236 15.560986 -8.222124 26.347069 -8.195628 1260261146185
292.69763 -126.640236 15.560986 -0.48526788 24.723087 -12.850962 1260261146188
283.06274 -125.95822 14.032936 -0.48526788 24.723087 -12.850962 1260261146193
283.06274 -125.95822 14.032936 5.6198483 17.636402 -3.9276128 1260261146198
275.10962 -125.61031 11.981289 5.6198483 17.636402 -3.9276128 1260261146205
275.10962 -125.61031 11.981289 -11.582239 11.326703 6.210584 1260261146212
268.55414 -121.829796 9.382224 -11.582239 11.326703 6.210584 1260261146215
268.55414 -121.829796 9.382224 -6.2979293 14.346051 8.272403 1260261146224
262.77643 -117.5883 6.463113 -6.2979293 14.346051 8.272403 1260261146227
262.77643 -117.5883 6.463113 -5.7374005 -3.5950322 0.4295025 1260261146233
257.7376 -112.958885 3.239957 -5.7374005 -3.5950322 0.4295025 1260261146236
257.7376 -112.958885 3.239957 -8.780498 2.474835 -6.67645 1260261146245
253.30074 -107.81094 0.12795919 -8.780498 2.474835 -6.67645 1260261146248
253.30074 -107.81094 0.12795919 -5.355288 9.550568 9.09157 1260261146254
249.5857 -102.3204 -3.0284388 -5.355288 9.550568 9.09157 1260261146257
249.5857 -102.3204 -3.0284388 -5.9417667 9.362399 4.550044 1260261146260
250.75641 -95.10438 -5.077017 -5.9417667 9.362399 4.550044 1260261146268
250.75641 -95.10438 -5.077017 7.0173197 5.3483906 3.0790472 1260261146272
242.6686 -84.29916 -3.473166 7.0173197 5.3483906 3.0790472 1260261146277
242.6686 -84.29916 -3.473166 5.028951 1.4289048 6.9612403 1260261146280
236.38516 -72.5842 -1.4495077 5.028951 1.4289048 6.9612403 1260261146288
236.38516 -72.5842 -1.4495077 -4.974503 -7.116576 -5.971513 1260261146292
230.3159 -61.30499 0.47296768 -4.974503 -7.116576 -5.971513 1260261146295
230.3159 -61.30499 0.47296768 11.478675 -15.129721 -7.3668303 1260261146303
224.4001 -50.43974 2.0493193 11.478675 -15.129721 -7.3668303 1260261146306
224.4001 -50.43974 2.0493193 16.707989 -4.511791 -15.708279 1260261146313
218.78009 -39.817753 3.1968534 16.707989 -4.511791 -15.708279 1260261146316
218.78009 -39.817753 3.1968534 7.195078 2.699696 -10.267228 1260261146320
214.14108 -29.326864 3.9870107 7.195078 2.699696 -10.267228 1260261146353
214.14108 -29.326864 3.9870107 -0.6997261 -12.09521 -15.711605 1260261146359
212.68402 -36.86052 4.38766 -0.6997261 -12.09521 -15.711605 1260261146366
212.68402 -36.86052 4.38766 -4.752249 -7.2746677 -23.542284 1260261146371
217.84982 -43.517494 4.418277 -4.752249 -7.2746677 -23.542284 1260261146378
217.84982 -43.517494 4.418277 -7.431477 -0.18413019 -25.517056 1260261146386
208.20734 -49.341618 4.097363 -7.431477 -0.18413019 -25.517056 1260261146389
208.20734 -49.341618 4.097363 -8.821453 0.43414736 -26.494627 1260261146395
201.24696 -54.524536 3.4924948 -8.821453 0.43414736 -26.494627 1260261146398
201.24696 -54.524536 3.4924948 -7.046196 2.6037369 -18.184261 1260261146406
196.48462 -59.19831 2.61787 -7.046196 2.6037369 -18.184261 1260261146409
196.48462 -59.19831 2.61787 -1.3779297 18.058645 -12.868732 1260261146413
193.26039 -63.438396 1.4869766 -1.3779297 18.058645 -12.868732 1260261146419
193.26039 -63.438396 1.4869766 1.5525246 19.833185 -16.82803 1260261146427
190.99738 -67.36648 0.11262772 1.5525246 19.833185 -16.82803 1260261146431
190.99738 -67.36648 0.11262772 -8.487306 4.1654654 -16.213999 1260261146435
189.3475 -71.09815 -1.4430038 -8.487306 4.1654654 -16.213999 1260261146445
189.3475 -71.09815 -1.4430038 -19.799145 21.155298 -12.091416 1260261146454
188.13013 -74.74325 -3.1708536 -19.799145 21.155298 -12.091416 1260261146457
188.13013 -74.74325 -3.1708536 -9.683378 3.8098378 -17.057764 1260261146464
187.07362 -78.35609 -5.0623107 -9.683378 3.8098378 -17.057764 1260261146467
187.07362 -78.35609 -5.0623107 -0.110201836 9.499554 -10.835184 1260261146473
186.01994 -81.83828 -6.9091954 -0.110201836 9.499554 -10.835184 1260261146476
186.01994 -81.83828 -6.9091954 -13.777983 7.932599 1.4561839 1260261146479
184.46895 -84.89636 -8.413735 -13.777983 7.932599 1.4561839 1260261146488
184.46895 -84.89636 -8.413735 -14.419918 5.3019037 -0.1495924 1260261146491
181.7955 -87.25154 -9.1930485 -14.419918 5.3019037 -0.1495924 1260261146495
181.7955 -87.25154 -9.1930485 -5.710247 -0.17251301 -11.627272 1260261146500
177.40573 -88.83897 -8.783396 -5.710247 -0.17251301 -11.627272 1260261146510
177.40573 -88.83897 -8.783396 -6.0131984 13.810581 -8.455881 1260261146514
176.18544 -90.64702 -6.844226 -6.0131984 13.810581 -8.455881 1260261146526
176.18544 -90.64702 -6.844226 -1.727453 10.145657 -9.385926 1260261146533
175.97617 -93.56467 -3.5520146 -1.727453 10.145657 -9.385926 1260261146536
175.97617 -93.56467 -3.5520146 10.979124 -1.8682122 -7.2693987 1260261146539
175.07736 -89.63644 0.17558609 10.979124 -1.8682122 -7.2693987 1260261146548
175.07736 -89.63644 0.17558609 11.872694 12.487702 1.2467515 1260261146552
174.0235 -85.40462 3.8668067 11.872694 12.487702 1.2467515 1260261146560
174.0235 -85.40462 3.8668067 5.921459 -4.2806234 9.437778 1260261146733
173.02232 -81.134384 7.423466 5.921459 -4.2806234 9.437778 1260261146747
173.02232 -81.134384 7.423466 22.430763 -4.9748726 7.1842203 1260261146753
172.2212 -77.177666 10.852293 22.430763 -4.9748726 7.1842203 1260261146756
172.2212 -77.177666 10.852293 3.7709465 10.0914135 3.5996006 1260261146759
171.86015 -73.61878 14.359678 3.7709465 10.0914135 3.5996006 1260261146767
171.86015 -73.61878 14.359678 21.87119 -8.266288 1.959821 1260261146771
172.11714 -70.68784 17.391695 21.87119 -8.266288 1.959821 1260261146777
172.11714 -70.68784 17.391695 0.4232092 12.592152 0.2429479 1260261146780
173.36128 -74.55345 19.37211 0.4232092 12.592152 0.2429479 1260261146788
173.36128 -74.55345 19.37211 12.600251 -2.4525504 4.7390175 1260261146791
175.94322 -77.27578 20.203505 12.600251 -2.4525504 4.7390175 1260261146797
175.94322 -77.27578 20.203505 14.855185 16.302505 -2.4209692 1260261146800
168.49606 -79.11199 20.093328 14.855185 16.302505 -2.4209692 1260261146808
168.49606 -79.11199 20.093328 12.331583 3.6149964 -5.1936193 1260261146812
163.82126 -80.55639 19.288662 12.331583 3.6149964 -5.1936193 1260261146815
163.82126 -80.55639 19.288662 4.9017777 2.2037945 0.40579414 1260261146823
160.18019 -81.928566 18.02423 4.9017777 2.2037945 0.40579414 1260261146826
160.18019 -81.928566 18.02423 -8.67174 16.004282 2.250433 1260261146833
157.17119 -83.282135 16.573017 -8.67174 16.004282 2.250433 1260261146838
157.17119 -83.282135 16.573017 -10.7552 26.412437 -4.5496683 1260261146849
154.51263 -84.61803 15.094366 -10.7552 26.412437 -4.5496683 1260261146852
154.51263 -84.61803 15.094366 0.91669893 21.499054 2.3964357 1260261146858
151.88701 -85.88712 13.689648 0.91669893 21.499054 2.3964357 1260261146866
151.88701 -85.88712 13.689648 3.713678 12.570024 -7.9419136 1260261146869
148.99266 -87.192764 12.3551655 3.713678 12.570024 -7.9419136 1260261146873
148.99266 -87.192764 12.3551655 -6.8351984 12.832792 0.71057177 1260261146878
145.94302 -88.73312 10.9374075 -6.8351984 12.832792 0.71057177 1260261146884
145.94302 -88.73312 10.9374075 -14.23728 21.23572 -6.6340847 1260261146890
143.54587 -91.04647 9.190537 -14.23728 21.23572 -6.6340847 1260261146893
143.54587 -91.04647 9.190537 -1.688899 7.381426 3.9037967 1260261146897
147.71858 -77.944145 7.0310106 -1.688899 7.381426 3.9037967 1260261146906
147.71858 -77.944145 7.0310106 3.3138452 4.5994883 -10.796436 1260261146915
157.23265 -67.69694 5.77946 3.3138452 4.5994883 -10.796436 1260261146918
157.23265 -67.69694 5.77946 -7.0866966 -15.828751 -2.726163 1260261146927
149.82101 -58.36209 5.040487 -7.0866966 -15.828751 -2.726163 1260261146932
149.82101 -58.36209 5.040487 -10.639274 1.6267781 -4.84482 1260261146935
143.67996 -49.193985 4.7384624 -10.639274 1.6267781 -4.84482 1260261146950
143.67996 -49.193985 4.7384624 -9.946493 -14.691896 -4.127217 1260261146954
139.74596 -38.784286 4.9015393 -9.946493 -14.691896 -4.127217 1260261146959
139.74596 -38.784286 4.9015393 -8.998674 7.1142526 -3.226037 1260261146966
150.25865 -43.79507 5.156462 -8.998674 7.1142526 -3.226037 1260261146973
150.25865 -43.79507 5.156462 -7.8960657 1.6354493 0.21404958 1260261146976
144.14572 -47.405315 5.248639 -7.8960657 1.6354493 0.21404958 1260261146988
144.14572 -47.405315 5.248639 -7.307511 5.1099906 -8.50112 1260261146995
139.03844 -50.58505 5.336207 -7.307511 5.1099906 -8.50112 1260261147008
139.03844 -50.58505 5.336207 -6.7283792 12.980709 1.7980981 1260261147011
