175.73059 34.761868 27.70159 9.307367 7.040761 2.8643181 1260256516430
175.73059 34.761868 27.70159 8.5799 1.6890575 14.479904 1260256516438
169.34406 32.023773 26.76651 8.5799 1.6890575 14.479904 1260256516442
169.34406 32.023773 26.76651 11.11537 -2.6684165 7.3390656 1260256516448
163.27686 28.822584 25.378185 11.11537 -2.6684165 7.3390656 1260256516451
163.27686 28.822584 25.378185 2.163348 10.991699 1.2169113 1260256516458
157.71301 25.781454 23.609276 2.163348 10.991699 1.2169113 1260256516461
157.71301 25.781454 23.609276 -11.832077 0.3990612 10.244233 1260256516465
152.62737 24.09238 21.078812 -11.832077 0.3990612 10.244233 1260256516471
152.62737 24.09238 21.078812 3.1066332 9.965209 5.96931 1260256516474
148.346 24.987762 18.574871 3.1066332 9.965209 5.96931 1260256516482
148.346 24.987762 18.574871 -8.460455 -6.579324 15.912275 1260256516486
145.02869 27.188374 16.796127 -8.460455 -6.579324 15.912275 1260256516518
145.02869 27.188374 16.796127 -14.155988 -26.17271 6.0696974 1260256516523
142.42725 29.828955 15.456321 -14.155988 -26.17271 6.0696974 1260256516529
142.42725 29.828955 15.456321 -1.8638783 -14.309298 1.3657316 1260256516532
140.65588 33.037506 14.5335045 -1.8638783 -14.309298 1.3657316 1260256516540
140.65588 33.037506 14.5335045 7.719141 -34.65812 -0.7341423 1260256516543
139.9231 36.335632 14.056829 7.719141 -34.65812 -0.7341423 1260256516549
139.9231 36.335632 14.056829 11.539037 -11.998101 -2.9163177 1260256516552
139.92694 40.018852 13.853988 11.539037 -11.998101 -2.9163177 1260256516563
139.92694 40.018852 13.853988 12.447022 -24.284758 -7.298876 1260256516567
140.6306 44.11791 13.911288 12.447022 -24.284758 -7.298876 1260256516574
140.6306 44.11791 13.911288 13.310274 -13.624096 -4.621869 1260256516582
141.99907 48.81201 14.065723 13.310274 -13.624096 -4.621869 1260256516586
141.99907 48.81201 14.065723 13.193708 1.9554095 -7.872396 1260256516590
143.94911 54.27141 14.012437 13.193708 1.9554095 -7.872396 1260256516599
143.94911 54.27141 14.012437 11.984844 3.7770221 -9.685516 1260256516603
150.80165 42.557842 13.511815 11.984844 3.7770221 -9.685516 1260256516611
150.80165 42.557842 13.511815 8.558336 9.627148 -8.057556 1260256516619
151.06157 32.42995 12.436224 8.558336 9.627148 -8.057556 1260256516624
151.06157 32.42995 12.436224 -2.6474946 -5.050976 -3.868051 1260256516628
151.75848 23.558453 10.814413 -2.6474946 -5.050976 -3.868051 1260256516643
151.75848 23.558453 10.814413 -13.180915 15.847374 -7.7846723 1260256516647
153.42056 15.18053 8.923693 -13.180915 15.847374 -7.7846723 1260256516658
153.42056 15.18053 8.923693 -0.8766413 2.3135142 -0.74507856 1260256516661
158.99953 6.171503 6.627508 -0.8766413 2.3135142 -0.74507856 1260256516681
158.99953 6.171503 6.627508 -3.924323 4.14317 -0.10814476 1260256516684
153.34955 13.562928 5.0961328 -3.924323 4.14317 -0.10814476 1260256516702
153.34955 13.562928 5.0961328 -14.671583 -14.13937 -8.984979 1260256516706
150.88206 19.284782 4.541326 -14.671583 -14.13937 -8.984979 1260256516718
150.88206 19.284782 4.541326 -11.86346 -19.495586 -13.416914 1260256516727
148.28796 24.120543 4.3142595 -11.86346 -19.495586 -13.416914 1260256516738
148.28796 24.120543 4.3142595 -9.033521 -15.470736 -13.645454 1260256516741
146.02356 28.614515 4.3985467 -9.033521 -15.470736 -13.645454 1260256516760
146.02356 28.614515 4.3985467 -6.1750126 -22.853977 -8.234924 1260256516764
144.22238 32.83379 4.628619 -6.1750126 -22.853977 -8.234924 1260256516783
144.22238 32.83379 4.628619 -5.7340117 -33.303303 -9.34589 1260256516787
143.21126 36.9921 4.897188 -5.7340117 -33.303303 -9.34589 1260256516798
143.21126 36.9921 4.897188 -6.146328 -12.552927 -7.129982 1260256516803
143.3507 41.342495 5.352329 -6.146328 -12.552927 -7.129982 1260256516818
143.3507 41.342495 5.352329 -4.0471935 -8.361773 -12.921457 1260256516821
144.73315 46.17537 5.9347124 -4.0471935 -8.361773 -12.921457 1260256516841
144.73315 46.17537 5.9347124 -0.14555454 -15.181814 -12.614971 1260256516844
150.24649 52.466602 6.437977 -0.14555454 -15.181814 -12.614971 1260256516858
150.24649 52.466602 6.437977 3.2815518 -8.856605 -11.904377 1260256516867
148.13417 43.093273 6.366078 3.2815518 -8.856605 -11.904377 1260256516878
148.13417 43.093273 6.366078 1.2472686 11.3140135 2.476969 1260256516881
145.67746 36.088608 5.697774 1.2472686 11.3140135 2.476969 1260256516900
145.67746 36.088608 5.697774 -6.2457557 16.1666 -0.4332163 1260256516903
141.64359 31.534178 4.3128853 -6.2457557 16.1666 -0.4332163 1260256516923
141.64359 31.534178 4.3128853 -11.629777 4.618864 -0.59803796 1260256516926
136.3614 31.00747 2.247241 -11.629777 4.618864 -0.59803796 1260256517107
136.3614 31.00747 2.247241 4.713698 2.135477 -2.2252522 1260256517110
133.84334 34.257095 1.884879 4.713698 2.135477 -2.2252522 1260256517121
133.84334 34.257095 1.884879 8.435264 -14.0006485 2.1837893 1260256517128
132.85117 37.79424 1.9406351 8.435264 -14.0006485 2.1837893 1260256517131
132.85117 37.79424 1.9406351 10.240627 -20.121912 -8.688454 1260256517134
133.15862 41.654526 2.1936033 10.240627 -20.121912 -8.688454 1260256517142
133.15862 41.654526 2.1936033 10.888369 -15.295309 -6.0580406 1260256517146
134.25069 45.8718 2.5339231 10.888369 -15.295309 -6.0580406 1260256517149
134.25069 45.8718 2.5339231 9.082175 -27.625856 -10.145927 1260256517154
135.18816 50.32821 2.757227 9.082175 -27.625856 -10.145927 1260256517163
135.18816 50.32821 2.757227 5.608807 -12.15075 -20.644386 1260256517166
136.02875 55.4618 2.8193655 5.608807 -12.15075 -20.644386 1260256517170
136.02875 55.4618 2.8193655 3.661897 4.6703243 -12.115717 1260256517179
130.6273 51.33871 0.07839708 3.661897 4.6703243 -12.115717 1260256517185
130.6273 51.33871 0.07839708 -0.17229939 -8.080517 5.1534066 1260256517188
126.19594 48.521774 -0.72552276 -0.17229939 -8.080517 5.1534066 1260256517193
126.19594 48.521774 -0.72552276 -9.267491 10.566425 8.613289 1260256517203
121.93614 46.795685 -1.3892466 -9.267491 10.566425 8.613289 1260256517212
121.93614 46.795685 -1.3892466 -13.561598 -7.163357 13.525326 1260256517219
118.33933 46.5559 -1.7697842 -13.561598 -7.163357 13.525326 1260256517227
118.33933 46.5559 -1.7697842 -12.42603 -17.298561 14.858418 1260256517232
116.72237 47.978104 -1.7812951 -12.42603 -17.298561 14.858418 1260256517239
116.72237 47.978104 -1.7812951 -10.25108 -10.929631 6.2891307 1260256517244
117.636246 50.6292 -1.3922303 -10.25108 -10.929631 6.2891307 1260256517248
117.636246 50.6292 -1.3922303 -7.6011224 -23.494652 -1.8872602 1260256517251
119.70444 53.99774 -0.72261876 -7.6011224 -23.494652 -1.8872602 1260256517260
119.70444 53.99774 -0.72261876 -2.8309884 -10.450802 -13.678222 1260256517266
121.569214 57.297855 -0.13648781 -2.8309884 -10.450802 -13.678222 1260256517270
121.569214 57.297855 -0.13648781 0.49169517 -14.941784 2.777968 1260256517273
118.24075 55.432964 -1.6296635 0.49169517 -14.941784 2.777968 1260256517283
118.24075 55.432964 -1.6296635 -11.55367 7.5903473 2.5387447 1260256517287
114.67872 51.911316 -2.8481803 -11.55367 7.5903473 2.5387447 1260256517299
114.67872 51.911316 -2.8481803 -9.412989 -5.9587255 13.424681 1260256517304
111.34478 48.66575 -4.3057714 -9.412989 -5.9587255 13.424681 1260256517308
111.34478 48.66575 -4.3057714 -3.543395 14.97163 19.698204 1260256517313
108.12754 45.98246 -6.0904827 -3.543395 14.97163 19.698204 1260256517326
108.12754 45.98246 -6.0904827 -16.183762 -6.6903334 17.39339 1260256517329
105.07117 44.133335 -8.135959 -16.183762 -6.6903334 17.39339 1260256517338
105.07117 44.133335 -8.135959 -31.069324 -5.860303 16.835722 1260256517341
102.56761 43.576668 -10.429161 -31.069324 -5.860303 16.835722 1260256517349
102.56761 43.576668 -10.429161 -11.956673 -9.589851 0.76592255 1260256517352
101.63923 47.647835 -11.457703 -11.956673 -9.589851 0.76592255 1260256517363
101.63923 47.647835 -11.457703 -4.548665 -15.868093 -10.143932 1260256517369
102.80727 51.51544 -11.384817 -4.548665 -15.868093 -10.143932 1260256517381
102.80727 51.51544 -11.384817 3.537066 -34.878937 -15.893475 1260256517384
105.4669 55.58967 -10.715576 3.537066 -34.878937 -15.893475 1260256517397
105.4669 55.58967 -10.715576 10.521597 -19.368069 -27.011894 1260256517401
108.59356 59.560184 -9.829798 10.521597 -19.368069 -27.011894 1260256517422
108.59356 59.560184 -9.829798 8.056629 -27.122572 -16.525394 1260256517430
111.01388 63.532177 -9.138308 8.056629 -27.122572 -16.525394 1260256517464
111.01388 63.532177 -9.138308 -0.5626724 -28.503307 -32.753426 1260256517478
112.31319 67.555565 -8.731392 -0.5626724 -28.503307 -32.753426 1260256517481
112.31319 67.555565 -8.731392 -6.822055 -6.762972 -22.572533 1260256517487
112.04752 71.627785 -8.694822 -6.822055 -6.762972 -22.572533 1260256517492
112.04752 71.627785 -8.694822 -9.463373 -16.647137 -12.140977 1260256517503
108.845146 75.946396 -9.360082 -9.463373 -16.647137 -12.140977 1260256517507
108.845146 75.946396 -9.360082 -6.326887 -10.691398 -20.959034 1260256517512
103.55289 80.54908 -11.542078 -6.326887 -10.691398 -20.959034 1260256517522
103.55289 80.54908 -11.542078 0.36383438 6.73456 -3.544642 1260256517526
100.32524 77.52163 -13.914974 0.36383438 6.73456 -3.544642 1260256517539
100.32524 77.52163 -13.914974 -20.060371 -12.563654 3.6879992 1260256517546
97.60898 74.94555 -14.819225 -20.060371 -12.563654 3.6879992 1260256517558
97.60898 74.94555 -14.819225 -18.163282 -4.253709 8.759371 1260256517561
94.92853 72.69827 -15.228264 -18.163282 -4.253709 8.759371 1260256517581
94.92853 72.69827 -15.228264 -14.683601 -9.050221 28.045095 1260256517584
92.3321 70.963356 -15.316851 -14.683601 -9.050221 28.045095 1260256517598
92.3321 70.963356 -15.316851 -12.521053 -28.071281 24.588005 1260256517605
89.96549 69.91519 -15.201008 -12.521053 -28.071281 24.588005 1260256517621
89.96549 69.91519 -15.201008 -10.505861 -27.257353 10.158453 1260256517629
88.26722 69.61943 -14.990957 -10.505861 -27.257353 10.158453 1260256517638
88.26722 69.61943 -14.990957 -10.580467 -23.436836 1.5961518 1260256517641
88.40386 71.18846 -14.641409 -10.580467 -23.436836 1.5961518 1260256517661
88.40386 71.18846 -14.641409 -10.786798 -24.768911 -0.07542515 1260256517664
91.08367 74.229034 -13.809339 -10.786798 -24.768911 -0.07542515 1260256517679
91.08367 74.229034 -13.809339 -8.774137 -4.0552807 -10.56175 1260256517686
95.52949 78.117584 -12.718872 -8.774137 -4.0552807 -10.56175 1260256517861
95.52949 78.117584 -12.718872 1.766535 -14.517304 -28.258198 1260256517867
100.653015 82.2617 -11.632929 1.766535 -14.517304 -28.258198 1260256517871
100.653015 82.2617 -11.632929 12.357088 -14.457821 -20.415928 1260256517874
105.22037 86.198616 -10.651282 12.357088 -14.457821 -20.415928 1260256517882
105.22037 86.198616 -10.651282 12.643591 1.5098143 -22.89443 1260256517886
107.05935 89.63869 -10.168718 12.643591 1.5098143 -22.89443 1260256517889
107.05935 89.63869 -10.168718 6.418561 -17.4705 -16.104834 1260256517894
105.356384 91.10675 -10.860283 6.418561 -17.4705 -16.104834 1260256517903
105.356384 91.10675 -10.860283 4.9024653 -10.495766 -1.9743098 1260256517907
102.33856 89.00141 -11.317268 4.9024653 -10.495766 -1.9743098 1260256517910
102.33856 89.00141 -11.317268 2.8820882 -22.491928 12.214516 1260256517919
99.221634 86.60134 -11.401405 2.8820882 -22.491928 12.214516 1260256517924
99.221634 86.60134 -11.401405 2.534326 -8.620712 20.60119 1260256517928
96.26055 84.37128 -11.281335 2.534326 -8.620712 20.60119 1260256517931
96.26055 84.37128 -11.281335 4.6490846 -25.15787 20.342299 1260256517939
93.54752 82.45271 -11.067268 4.6490846 -25.15787 20.342299 1260256517945
93.54752 82.45271 -11.067268 6.7919683 -25.586514 18.114445 1260256517949
91.220146 80.98008 -11.013905 6.7919683 -25.586514 18.114445 1260256517962
91.220146 80.98008 -11.013905 6.4886084 -8.332202 10.6112795 1260256517965
90.10914 80.431076 -11.36321 6.4886084 -8.332202 10.6112795 1260256517969
90.10914 80.431076 -11.36321 5.835417 -0.92780304 2.9210272 1260256517974
90.80368 83.209526 -11.54505 5.835417 -0.92780304 2.9210272 1260256517982
90.80368 83.209526 -11.54505 5.429052 -17.731739 -7.626956 1260256517986
93.0635 86.54905 -11.167797 5.429052 -17.731739 -7.626956 1260256517989
93.0635 86.54905 -11.167797 8.333848 0.32495403 -15.921282 1260256517994
96.910324 89.6216 -10.409408 8.333848 0.32495403 -15.921282 1260256518003
96.910324 89.6216 -10.409408 9.880223 -24.201176 -22.524391 1260256518008
101.16481 92.24052 -9.588937 9.880223 -24.201176 -22.524391 1260256518011
101.16481 92.24052 -9.588937 5.08835 -10.200848 -20.42947 1260256518022
104.80657 94.32849 -8.85949 5.08835 -10.200848 -20.42947 1260256518025
104.80657 94.32849 -8.85949 -2.430043 -22.214922 -28.869724 1260256518031
107.26624 95.812065 -8.316516 -2.430043 -22.214922 -28.869724 1260256518034
107.26624 95.812065 -8.316516 -7.9939013 -31.33356 -14.506901 1260256518042
107.55293 96.571465 -8.25069 -7.9939013 -31.33356 -14.506901 1260256518048
107.55293 96.571465 -8.25069 -11.531433 -26.6147 -4.439033 1260256518059
105.675285 95.39289 -8.638156 -11.531433 -26.6147 -4.439033 1260256518067
105.675285 95.39289 -8.638156 -12.181956 -26.754444 -1.3189574 1260256518070
102.79152 93.32325 -9.156248 -12.181956 -26.754444 -1.3189574 1260256518080
102.79152 93.32325 -9.156248 -8.729237 -7.1586733 3.5308213 1260256518089
99.55194 90.207085 -9.698436 -8.729237 -7.1586733 3.5308213 1260256518099
99.55194 90.207085 -9.698436 -3.5896206 -17.082792 20.513601 1260256518102
96.32434 86.39673 -10.213514 -3.5896206 -17.082792 20.513601 1260256518122
96.32434 86.39673 -10.213514 0.53755665 5.359725 16.596586 1260256518126
93.10812 82.32689 -10.902839 0.53755665 5.359725 16.596586 1260256518137
93.10812 82.32689 -10.902839 4.405094 -7.1077147 11.124777 1260256518141
90.352715 80.010544 -12.157697 4.405094 -7.1077147 11.124777 1260256518160
90.352715 80.010544 -12.157697 -0.3006177 5.5831475 3.1059685 1260256518163
92.13508 81.66002 -11.799812 -0.3006177 5.5831475 3.1059685 1260256518176
92.13508 81.66002 -11.799812 5.6946225 -11.871641 2.1131616 1260256518185
96.02833 83.62702 -10.9098215 5.6946225 -11.871641 2.1131616 1260256518203
96.02833 83.62702 -10.9098215 12.310994 -28.474148 -11.106565 1260256518207
100.17691 85.44567 -9.9143305 12.310994 -28.474148 -11.106565 1260256518218
100.17691 85.44567 -9.9143305 8.857813 -17.575378 -5.9272165 1260256518221
104.16807 87.22339 -8.818614 8.857813 -17.575378 -5.9272165 1260256518241
104.16807 87.22339 -8.818614 -0.23045015 -15.3528805 -17.95424 1260256518245
106.95966 88.86222 -7.8276834 -0.23045015 -15.3528805 -17.95424 1260256518262
106.95966 88.86222 -7.8276834 -5.928433 -24.76928 -8.896869 1260256518266
108.26168 90.26911 -7.036299 -5.928433 -24.76928 -8.896869 1260256518278
108.26168 90.26911 -7.036299 -5.0406733 -18.269962 -10.222239 1260256518288
107.9986 91.00565 -6.5344844 -5.0406733 -18.269962 -10.222239 1260256518299
107.9986 91.00565 -6.5344844 -2.1100037 -6.785838 -10.928874 1260256518302
104.79867 87.40537 -7.15776 -2.1100037 -6.785838 -10.928874 1260256518321
104.79867 87.40537 -7.15776 -8.295614 4.422801 7.4659615 1260256518324
102.358734 81.3851 -7.6498723 -8.295614 4.422801 7.4659615 1260256518343
102.358734 81.3851 -7.6498723 -11.585142 6.511763 7.061958 1260256518347
100.1408 75.46584 -8.517379 -11.585142 6.511763 7.061958 1260256518358
100.1408 75.46584 -8.517379 -11.807571 5.276305 0.5576086 1260256518361
97.18376 70.09255 -10.04151 -11.807571 5.276305 0.5576086 1260256518380
97.18376 70.09255 -10.04151 -1.2919517 -2.1323247 1.8910499 1260256518383
92.32457 65.68793 -12.489434 -1.2919517 -2.1323247 1.8910499 1260256518402
92.32457 65.68793 -12.489434 -10.34735 1.1624413 -3.940919 1260256518406
105.30834 62.65353 -15.864963 -10.34735 1.1624413 -3.940919 1260256518418
105.30834 62.65353 -15.864963 -12.837187 0.52610695 -7.1696568 1260256518423
100.442924 67.17085 -18.221714 -12.837187 0.52610695 -7.1696568 1260256518438
100.442924 67.17085 -18.221714 -8.721914 1.8514786 -3.7647603 1260256518441
96.520775 70.46231 -19.41063 -8.721914 1.8514786 -3.7647603 1260256518460
96.520775 70.46231 -19.41063 -17.704391 -23.23103 0.35466766 1260256518638
92.39474 72.68919 -19.640099 -17.704391 -23.23103 0.35466766 1260256518647
92.39474 72.68919 -19.640099 -15.913773 -15.573254 -8.560778 1260256518658
104.475 74.35474 -19.458094 -15.913773 -15.573254 -8.560778 1260256518662
104.475 74.35474 -19.458094 -11.949431 -14.168207 2.0712337 1260256518670
115.00125 75.887 -19.23519 -11.949431 -14.168207 2.0712337 1260256518673
115.00125 75.887 -19.23519 -9.978833 -27.565464 7.7446513 1260256518680
121.40119 77.392654 -19.07343 -9.978833 -27.565464 7.7446513 1260256518684
121.40119 77.392654 -19.07343 -8.645342 -31.012272 -4.52731 1260256518687
124.23113 78.82302 -18.919758 -8.645342 -31.012272 -4.52731 1260256518690
124.23113 78.82302 -18.919758 -6.7076073 -18.14154 -9.767808 1260256518693
126.619576 78.68187 -18.673769 -6.7076073 -18.14154 -9.767808 1260256518700
126.619576 78.68187 -18.673769 -3.312055 -18.239477 -9.00697 1260256518703
128.9386 78.64777 -18.34008 -3.312055 -18.239477 -9.00697 1260256518706
128.9386 78.64777 -18.34008 1.0749171 -16.991032 -7.5794125 1260256518710
130.94167 78.61539 -17.973076 1.0749171 -16.991032 -7.5794125 1260256518713
130.94167 78.61539 -17.973076 4.602841 -14.623865 -4.6591516 1260256518718
132.49458 78.33462 -17.674421 4.602841 -14.623865 -4.6591516 1260256518721
132.49458 78.33462 -17.674421 6.3324194 -14.078114 -1.2325802 1260256518725
133.66986 77.61789 -17.4907 6.3324194 -14.078114 -1.2325802 1260256518732
133.66986 77.61789 -17.4907 6.9792347 -17.274464 2.4862404 1260256518739
