141.99928 22.32867 13.060759 5.512016 3.788507 2.1546116 1260256261549
141.99928 22.32867 13.060759 6.8292875 0.83446693 0.22307777 1260256261552
152.14932 22.812237 14.05772 6.8292875 0.83446693 0.22307777 1260256261560
152.14932 22.812237 14.05772 14.686034 2.4734807 5.3540053 1260256261563
158.29185 23.721624 15.654834 14.686034 2.4734807 5.3540053 1260256261570
158.29185 23.721624 15.654834 8.311263 2.5791264 0.70495915 1260256261573
163.57726 24.685543 17.222092 8.311263 2.5791264 0.70495915 1260256261582
163.57726 24.685543 17.222092 0.60805607 -5.3780446 -0.3234017 1260256261585
168.4484 30.401266 18.760986 0.60805607 -5.3780446 -0.3234017 1260256261589
168.4484 30.401266 18.760986 11.064576 -2.110033 3.4098186 1260256261594
172.97597 35.881203 20.272938 11.064576 -2.110033 3.4098186 1260256261622
172.97597 35.881203 20.272938 20.903255 -0.0047006607 -1.9865355 1260256261631
177.57716 41.18714 21.859291 20.903255 -0.0047006607 -1.9865355 1260256261639
177.57716 41.18714 21.859291 11.34028 -4.653948 8.878965 1260256261643
182.3983 40.877785 23.516327 11.34028 -4.653948 8.878965 1260256261646
182.3983 40.877785 23.516327 -1.4541521 -5.5343075 0.7871028 1260256261651
188.82838 40.433895 25.19051 -1.4541521 -5.5343075 0.7871028 1260256261654
188.82838 40.433895 25.19051 6.912899 -7.868437 -7.9772825 1260256261663
180.78697 39.3122 26.830984 6.912899 -7.868437 -7.9772825 1260256261669
180.78697 39.3122 26.830984 14.133512 -11.425679 2.313639 1260256261674
174.39763 37.79659 26.889435 14.133512 -11.425679 2.313639 1260256261680
174.39763 37.79659 26.889435 12.123678 -1.8254653 2.8690593 1260256261688
168.52774 36.10676 25.744963 12.123678 -1.8254653 2.8690593 1260256261690
168.52774 36.10676 25.744963 6.1358843 9.361872 6.9233227 1260256261699
162.90135 34.45142 23.957714 6.1358843 9.361872 6.9233227 1260256261704
162.90135 34.45142 23.957714 -10.922071 -1.582638 6.676355 1260256261711
157.40628 33.07885 21.859829 -10.922071 -1.582638 6.676355 1260256261722
157.40628 33.07885 21.859829 -3.2523391 -11.610808 14.4051895 1260256261727
151.93596 32.474907 19.466837 -3.2523391 -11.610808 14.4051895 1260256261738
151.93596 32.474907 19.466837 -1.2330794 -14.27836 16.88048 1260256261748
146.68916 32.95116 17.243496 -1.2330794 -14.27836 16.88048 1260256261757
146.68916 32.95116 17.243496 -17.475784 -22.25642 11.251743 1260256261761
141.90471 34.403603 15.481321 -17.475784 -22.25642 11.251743 1260256261781
141.90471 34.403603 15.481321 -4.1449575 -20.135069 16.805096 1260256261784
138.05948 36.683422 14.257256 -4.1449575 -20.135069 16.805096 1260256261805
138.05948 36.683422 14.257256 6.0927877 -13.9952755 0.6751732 1260256261809
135.45651 39.79925 13.544393 6.0927877 -13.9952755 0.6751732 1260256261823
135.45651 39.79925 13.544393 8.196162 -30.019772 -6.1969743 1260256261830
135.03369 43.559288 13.367173 8.196162 -30.019772 -6.1969743 1260256262006
135.03369 43.559288 13.367173 10.236349 -13.070576 -0.9571552 1260256262009
137.082 47.981323 13.598815 10.236349 -13.070576 -0.9571552 1260256262023
137.082 47.981323 13.598815 13.439746 -4.82065 -13.040216 1260256262027
140.77791 52.882256 14.068874 13.439746 -4.82065 -13.040216 1260256262032
140.77791 52.882256 14.068874 15.307016 -12.8373995 -11.093653 1260256262039
145.58902 58.238144 14.46543 15.307016 -12.8373995 -11.093653 1260256262044
145.58902 58.238144 14.46543 13.635227 -13.721827 -9.650485 1260256262048
152.60957 64.02624 14.6421585 13.635227 -13.721827 -9.650485 1260256262051
152.60957 64.02624 14.6421585 11.396162 -9.9855995 -10.282771 1260256262059
147.9291 52.274925 14.260051 11.396162 -9.9855995 -10.282771 1260256262062
147.9291 52.274925 14.260051 10.665905 -7.7280993 -6.7222238 1260256262068
147.88264 41.41118 13.497048 10.665905 -7.7280993 -6.7222238 1260256262071
147.88264 41.41118 13.497048 7.7508817 6.8722653 -11.0012 1260256262079
151.83852 31.14062 12.122196 7.7508817 6.8722653 -11.0012 1260256262082
151.83852 31.14062 12.122196 -5.709421 4.407462 2.7680368 1260256262086
145.2466 37.98359 10.266087 -5.709421 4.407462 2.7680368 1260256262091
145.2466 37.98359 10.266087 -10.397875 -4.275906 -12.616148 1260256262094
143.73427 42.73441 9.302782 -10.397875 -4.275906 -12.616148 1260256262106
143.73427 42.73441 9.302782 -0.6870116 0.22235012 -11.245272 1260256262110
144.04756 46.34769 8.987643 -0.6870116 0.22235012 -11.245272 1260256262120
144.04756 46.34769 8.987643 5.1975513 -22.97848 -1.2237673 1260256262126
153.29518 49.380306 8.988261 5.1975513 -22.97848 -1.2237673 1260256262130
153.29518 49.380306 8.988261 7.6845875 -15.201382 -11.534297 1260256262138
161.98042 52.26129 9.1888485 7.6845875 -15.201382 -11.534297 1260256262141
161.98042 52.26129 9.1888485 7.7660985 -32.695637 -0.8790674 1260256262146
170.9814 54.898228 9.429406 7.7660985 -32.695637 -0.8790674 1260256262150
170.9814 54.898228 9.429406 4.708145 -8.591294 -0.85476625 1260256262153
162.48233 57.253315 9.557936 4.708145 -8.591294 -0.85476625 1260256262162
162.48233 57.253315 9.557936 0.95988464 -17.43506 -8.094579 1260256262166
171.05821 60.04065 9.780039 0.95988464 -17.43506 -8.094579 1260256262169
171.05821 60.04065 9.780039 -2.1420903 -1.4440036 6.9953322 1260256262182
175.0053 63.88862 10.341037 -2.1420903 -1.4440036 6.9953322 1260256262187
175.0053 63.88862 10.341037 -6.2219105 -11.489159 -5.712062 1260256262194
178.85503 68.04419 10.823985 -6.2219105 -11.489159 -5.712062 1260256262207
178.85503 68.04419 10.823985 -7.340625 4.882201 -6.0596166 1260256262211
182.01227 71.09198 11.032785 -7.340625 4.882201 -6.0596166 1260256262224
182.01227 71.09198 11.032785 -6.524332 -18.877527 -7.4173026 1260256262231
185.86165 73.68738 11.131146 -6.524332 -18.877527 -7.4173026 1260256262234
185.86165 73.68738 11.131146 -5.4469075 -5.795907 -9.324149 1260256262242
188.51857 76.20301 11.124589 -5.4469075 -5.795907 -9.324149 1260256262247
188.51857 76.20301 11.124589 -5.5779676 -24.265192 -10.090284 1260256262258
189.14264 78.54286 10.91836 -5.5779676 -24.265192 -10.090284 1260256262265
189.14264 78.54286 10.91836 -7.223796 -18.112457 -10.807728 1260256262268
187.2355 81.01572 10.4224415 -7.223796 -18.112457 -10.807728 1260256262278
187.2355 81.01572 10.4224415 -7.9071326 -7.1183586 -14.640001 1260256262282
182.67374 83.61493 9.251319 -7.9071326 -7.1183586 -14.640001 1260256262301
182.67374 83.61493 9.251319 -0.46062815 -16.258553 -2.8130426 1260256262304
174.39005 81.28418 6.3387527 -0.46062815 -16.258553 -2.8130426 1260256262318
174.39005 81.28418 6.3387527 -3.4873421 0.5632534 10.412264 1260256262325
166.52054 77.36997 4.571815 -3.4873421 0.5632534 10.412264 1260256262337
166.52054 77.36997 4.571815 -14.061842 -9.458611 8.28589 1260256262347
159.2445 74.301476 3.3432243 -14.061842 -9.458611 8.28589 1260256262359
159.2445 74.301476 3.3432243 -5.9942513 5.4368267 6.431567 1260256262362
152.58228 72.8364 2.676063 -5.9942513 5.4368267 6.431567 1260256262381
152.58228 72.8364 2.676063 1.9066582 -4.7920146 17.214474 1260256262383
146.55316 72.34458 2.24226 1.9066582 -4.7920146 17.214474 1260256262403
146.55316 72.34458 2.24226 6.0653358 -13.617625 13.115053 1260256262407
140.97551 72.077354 1.880147 6.0653358 -13.617625 13.115053 1260256262417
140.97551 72.077354 1.880147 7.8365703 -17.043165 9.146575 1260256262421
135.62674 71.423485 1.3861396 7.8365703 -17.043165 9.146575 1260256262438
135.62674 71.423485 1.3861396 7.9172297 -18.17602 5.164156 1260256262441
130.0454 68.95231 0.31683266 7.9172297 -18.17602 5.164156 1260256262470
130.0454 68.95231 0.31683266 -0.31095314 -2.0761514 17.429508 1260256262481
124.44312 65.4547 -1.149009 -0.31095314 -2.0761514 17.429508 1260256262487
124.44312 65.4547 -1.149009 -13.694616 -4.640857 5.2464275 1260256262490
118.47097 61.88196 -3.1915586 -13.694616 -4.640857 5.2464275 1260256262500
118.47097 61.88196 -3.1915586 -6.9744883 9.169442 2.4371018 1260256262506
112.547424 59.037865 -5.7819805 -6.9744883 9.169442 2.4371018 1260256262520
112.547424 59.037865 -5.7819805 -7.2771773 -7.3115354 1.5196981 1260256262524
107.120056 57.285973 -8.492882 -7.2771773 -7.3115354 1.5196981 1260256262541
107.120056 57.285973 -8.492882 -23.17624 -13.630213 0.79513454 1260256262544
102.46405 56.521675 -10.468238 -23.17624 -13.630213 0.79513454 1260256262558
102.46405 56.521675 -10.468238 -7.1674833 -13.723601 -3.1592455 1260256262568
98.94085 59.99559 -11.694826 -7.1674833 -13.723601 -3.1592455 1260256262578
98.94085 59.99559 -11.694826 -5.820525 -16.177013 -9.135037 1260256262581
102.79381 62.99581 -12.110085 -5.820525 -16.177013 -9.135037 1260256262766
102.79381 62.99581 -12.110085 -4.739483 -24.60437 -1.3996286 1260256262770
108.15411 65.84602 -11.95458 -4.739483 -24.60437 -1.3996286 1260256262778
108.15411 65.84602 -11.95458 0.9839344 -26.211458 -21.82296 1260256262784
113.24641 68.85372 -11.606852 0.9839344 -26.211458 -21.82296 1260256262787
113.24641 68.85372 -11.606852 5.53285 -21.562536 -11.89167 1260256262791
118.18409 71.811035 -11.126509 5.53285 -21.562536 -11.89167 1260256262799
118.18409 71.811035 -11.126509 8.885274 -28.754004 -20.618032 1260256262803
122.92489 74.72048 -10.520184 8.885274 -28.754004 -20.618032 1260256262809
122.92489 74.72048 -10.520184 9.21727 -17.622559 -23.175426 1260256262812
126.87865 77.58446 -9.944175 9.21727 -17.622559 -23.175426 1260256262820
126.87865 77.58446 -9.944175 5.245664 -28.813797 -14.1160755 1260256262823
129.68471 80.405235 -9.546966 5.245664 -28.813797 -14.1160755 1260256262829
129.68471 80.405235 -9.546966 0.30913883 -7.9337273 -19.4277 1260256262832
130.50047 83.28497 -9.569617 0.30913883 -7.9337273 -19.4277 1260256262841
130.50047 83.28497 -9.569617 -1.6773515 -22.257357 -13.057476 1260256262844
128.82545 86.37073 -10.191136 -1.6773515 -22.257357 -13.057476 1260256262848
128.82545 86.37073 -10.191136 1.6615887 1.9793124 -9.916187 1260256262853
124.38418 89.85219 -11.881579 1.6615887 1.9793124 -9.916187 1260256262866
124.38418 89.85219 -11.881579 -0.9248309 -13.412057 -8.439337 1260256262869
118.36497 93.95958 -15.0375 -0.9248309 -13.412057 -8.439337 1260256262878
118.36497 93.95958 -15.0375 -14.315908 1.6413159 -9.15983 1260256262881
130.24672 89.1616 -18.135626 -14.315908 1.6413159 -9.15983 1260256262887
130.24672 89.1616 -18.135626 -2.3679943 -8.850896 4.747629 1260256262890
124.08438 85.45352 -20.128845 -2.3679943 -8.850896 4.747629 1260256262893
124.08438 85.45352 -20.128845 -19.942326 2.604195 3.554578 1260256262901
118.58016 83.030846 -21.022404 -19.942326 2.604195 3.554578 1260256262905
118.58016 83.030846 -21.022404 -18.292181 -19.721657 7.2941628 1260256262908
113.301155 81.529305 -21.171284 -18.292181 -19.721657 7.2941628 1260256262923
113.301155 81.529305 -21.171284 -16.058413 -16.003645 2.9519506 1260256262927
108.286095 80.55284 -21.01272 -16.058413 -16.003645 2.9519506 1260256262932
108.286095 80.55284 -21.01272 -16.534039 -14.855784 7.00196 1260256262939
103.47179 79.7752 -20.612083 -16.534039 -14.855784 7.00196 1260256262944
103.47179 79.7752 -20.612083 -15.531654 -13.914321 9.454302 1260256262948
98.89819 79.03644 -20.181479 -15.531654 -13.914321 9.454302 1260256262953
98.89819 79.03644 -20.181479 -13.934722 -14.617125 5.7113276 1260256262964
94.703285 78.38461 -19.822405 -13.934722 -14.617125 5.7113276 1260256262970
94.703285 78.38461 -19.822405 -11.804365 -16.592617 -0.0024309158 1260256262981
90.968124 78.065384 -19.381285 -11.804365 -16.592617 -0.0024309158 1260256262984
90.968124 78.065384 -19.381285 -7.1208525 -15.672895 -4.599232 1260256262990
90.36972 79.56212 -18.66222 -7.1208525 -15.672895 -4.599232 1260256263004
90.36972 79.56212 -18.66222 0.99433136 -0.5452633 -7.7444167 1260256263008
94.851234 83.13401 -17.529108 0.99433136 -0.5452633 -7.7444167 1260256263021
94.851234 83.13401 -17.529108 10.379819 -15.738199 -10.44654 1260256263029
101.758675 87.37731 -16.252653 10.379819 -15.738199 -10.44654 1260256263039
101.758675 87.37731 -16.252653 7.6249027 1.5483906 -24.520452 1260256263042
110.42074 91.65845 -14.940021 7.6249027 1.5483906 -24.520452 1260256263058
110.42074 91.65845 -14.940021 -2.5580883 2.1311095 -16.92148 1260256263063
118.6997 95.725525 -13.69302 -2.5580883 2.1311095 -16.92148 1260256263077
118.6997 95.725525 -13.69302 -4.599631 -12.876663 -23.02211 1260256263084
122.614716 98.88925 -12.7583685 -4.599631 -12.876663 -23.02211 1260256263098
122.614716 98.88925 -12.7583685 -0.20835793 3.006054 -18.115688 1260256263101
122.48398 100.29479 -12.27045 -0.20835793 3.006054 -18.115688 1260256263121
122.48398 100.29479 -12.27045 2.1360064 -10.169581 -0.25698376 1260256263124
117.30978 100.28005 -12.156927 2.1360064 -10.169581 -0.25698376 1260256263138
117.30978 100.28005 -12.156927 0.53714323 -15.927005 8.667585 1260256263143
111.89429 98.71605 -12.099081 0.53714323 -15.927005 8.667585 1260256263165
111.89429 98.71605 -12.099081 -0.39339542 -13.713257 5.253869 1260256263168
106.69957 96.98025 -11.994127 -0.39339542 -13.713257 5.253869 1260256263177
106.69957 96.98025 -11.994127 0.66235113 -28.156343 3.5417871 1260256263180
101.86459 95.13123 -11.894421 0.66235113 -28.156343 3.5417871 1260256263201
101.86459 95.13123 -11.894421 1.6195354 -28.876984 16.293703 1260256263204
97.37136 93.37467 -11.8497 1.6195354 -28.876984 16.293703 1260256263219
97.37136 93.37467 -11.8497 2.7326696 -8.766291 13.205395 1260256263227
93.652794 92.255936 -11.807215 2.7326696 -8.766291 13.205395 1260256263238
93.652794 92.255936 -11.807215 4.3210096 -3.0145845 0.34965897 1260256263248
97.32015 93.94314 -11.166854 4.3210096 -3.0145845 0.34965897 1260256263260
97.32015 93.94314 -11.166854 9.820045 -5.8592224 -4.8626113 1260256263263
103.60415 96.945984 -10.058511 9.820045 -5.8592224 -4.8626113 1260256263278
103.60415 96.945984 -10.058511 8.949438 -11.695417 -7.7263575 1260256263284
110.92394 100.09869 -8.855585 8.949438 -11.695417 -7.7263575 1260256263305
110.92394 100.09869 -8.855585 0.24812794 -3.6579766 -27.721773 1260256263308
117.727745 102.99375 -7.7128057 0.24812794 -3.6579766 -27.721773 1260256263317
117.727745 102.99375 -7.7128057 -4.1726413 -14.78837 -21.912388 1260256263320
122.64136 104.994064 -6.8271656 -4.1726413 -14.78837 -21.912388 1260256263340
122.64136 104.994064 -6.8271656 -2.0890934 -0.8816433 -15.280552 1260256263344
118.05929 104.99436 -6.685807 -2.0890934 -0.8816433 -15.280552 1260256263523
118.05929 104.99436 -6.685807 -4.725276 -3.182763 -5.6133432 1260256263527
112.60632 103.04465 -7.1015167 -4.725276 -3.182763 -5.6133432 1260256263530
112.60632 103.04465 -7.1015167 -11.512575 -21.48856 0.13693047 1260256263538
107.27601 100.79241 -7.4464407 -11.512575 -21.48856 0.13693047 1260256263542
107.27601 100.79241 -7.4464407 -14.186716 -21.056763 14.130964 1260256263548
102.21221 98.70279 -7.7241187 -14.186716 -21.056763 14.130964 1260256263551
102.21221 98.70279 -7.7241187 -14.579945 -9.645777 10.055664 1260256263554
97.4516 97.01765 -7.937913 -14.579945 -9.645777 10.055664 1260256263562
97.4516 97.01765 -7.937913 -13.688162 -20.76209 7.8071704 1260256263566
93.32902 96.16676 -8.041018 -13.688162 -20.76209 7.8071704 1260256263569
93.32902 96.16676 -8.041018 -12.121609 -22.764175 0.7443363 1260256263574
97.21257 97.908424 -7.6889668 -12.121609 -22.764175 0.7443363 1260256263582
97.21257 97.908424 -7.6889668 -9.884802 -4.972529 -9.992227 1260256263586
103.501945 100.663 -6.9045186 -9.884802 -4.972529 -9.992227 1260256263591
103.501945 100.663 -6.9045186 -2.9943247 -9.544138 -8.322783 1260256263594
110.47685 103.529854 -6.0092926 -2.9943247 -9.544138 -8.322783 1260256263605
110.47685 103.529854 -6.0092926 6.8457813 -9.920093 -30.000874 1260256263609
116.55301 105.95336 -5.258828 6.8457813 -9.920093 -30.000874 1260256263612
116.55301 105.95336 -5.258828 11.8597355 -2.7833629 -15.204145 1260256263623
120.87536 106.85569 -4.995887 11.8597355 -2.7833629 -15.204145 1260256263629
120.87536 106.85569 -4.995887 9.463294 -13.741293 -6.1961 1260256263632
114.98159 105.062904 -5.5460925 9.463294 -13.741293 -6.1961 1260256263640
114.98159 105.062904 -5.5460925 1.9968967 -5.7092533 1.1221433 1260256263643
109.23251 102.35976 -6.268788 1.9968967 -5.7092533 1.1221433 1260256263647
109.23251 102.35976 -6.268788 -7.2002773 -25.80645 8.545963 1260256263652
103.77089 99.39177 -7.0053487 -7.2002773 -25.80645 8.545963 1260256263664
103.77089 99.39177 -7.0053487 -14.704584 -6.557782 17.786215 1260256263668
98.732346 96.92218 -7.8050814 -14.704584 -6.557782 17.786215 1260256263673
98.732346 96.92218 -7.8050814 -16.25795 -17.094278 7.921576 1260256263679
95.14573 97.27607 -7.9148273 -16.25795 -17.094278 7.921576 1260256263686
95.14573 97.27607 -7.9148273 -11.770436 -11.759103 -1.2057867 1260256263690
102.23844 99.41227 -6.969086 -11.770436 -11.759103 -1.2057867 1260256263700
102.23844 99.41227 -6.969086 -3.1696923 -1.8901873 -9.0679 1260256263703
110.32652 101.79166 -5.820632 -3.1696923 -1.8901873 -9.0679 1260256263712
110.32652 101.79166 -5.820632 11.278615 -22.993765 -17.00511 1260256263720
118.310196 103.70207 -4.6796002 11.278615 -22.993765 -17.00511 1260256263724
118.310196 103.70207 -4.6796002 17.53109 -17.199326 -18.869938 1260256263729
125.644684 104.91697 -3.89562 17.53109 -17.199326 -18.869938 1260256263744
125.644684 104.91697 -3.89562 11.789274 -11.474774 -13.114231 1260256263748
133.76245 105.32112 -3.500839 11.789274 -11.474774 -13.114231 1260256263760
133.76245 105.32112 -3.500839 4.943612 -12.566989 -9.8656225 1260256263770
127.574326 105.105064 -3.625797 4.943612 -12.566989 -9.8656225 1260256263781
127.574326 105.105064 -3.625797 2.2464836 -11.595781 -2.0868766 1260256263785
122.34561 103.39981 -4.394507 2.2464836 -11.595781 -2.0868766 1260256263802
122.34561 103.39981 -4.394507 3.5067472 -19.678957 4.121166 1260256263806
116.97833 100.42982 -6.0747814 3.5067472 -19.678957 4.121166 1260256263818
116.97833 100.42982 -6.0747814 -6.5395927 -8.680889 14.605717 1260256263827
128.92941 95.70833 -8.621042 -6.5395927 -8.680889 14.605717 1260256263840
128.92941 95.70833 -8.621042 -18.033546 -11.088918 6.307018 1260256263846
139.18294 89.92291 -11.03999 -18.033546 -11.088918 6.307018 1260256263863
139.18294 89.92291 -11.03999 -2.0729885 -4.306192 5.787657 1260256263866
147.57379 83.776764 -13.087991 -2.0729885 -4.306192 5.787657 1260256263883
147.57379 83.776764 -13.087991 -15.820337 -1.0592523 -0.29190326 1260256263887
155.09511 78.287926 -15.633592 -15.820337 -1.0592523 -0.29190326 1260256263898
155.09511 78.287926 -15.633592 -9.894665 2.0385878 9.696051 1260256263904
148.19035 81.473526 -17.151913 -9.894665 2.0385878 9.696051 1260256263919
148.19035 81.473526 -17.151913 3.3741817 -3.439148 -3.8826647 1260256263922
142.03084 82.84985 -16.744318 3.3741817 -3.439148 -3.8826647 1260256263942
142.03084 82.84985 -16.744318 5.9408975 -23.22342 -6.326812 1260256263945
151.4793 84.00736 -15.907102 5.9408975 -23.22342 -6.326812 1260256263958
151.4793 84.00736 -15.907102 1.938683 -29.473377 0.1826415 1260256263967
159.65533 85.006996 -14.911747 1.938683 -29.473377 0.1826415 1260256263978
159.65533 85.006996 -14.911747 -5.1790786 -26.183205 0.1735735 1260256263981
167.52257 85.95665 -13.91616 -5.1790786 -26.183205 0.1735735 1260256264000
167.52257 85.95665 -13.91616 -7.191695 -18.3214 -7.09313 1260256264003
176.04643 86.75882 -13.070352 -7.191695 -18.3214 -7.09313 1260256264023
176.04643 86.75882 -13.070352 -3.302434 -15.757278 -1.9217007 1260256264027
168.1441 87.32088 -12.416834 -3.302434 -15.757278 -1.9217007 1260256264038
168.1441 87.32088 -12.416834 1.6234487 -14.984678 4.8637366 1260256264043
161.6869 87.75484 -12.045992 1.6234487 -14.984678 4.8637366 1260256264058
161.6869 87.75484 -12.045992 3.4969907 -12.8737 7.34937 1260256264061
155.70256 88.81709 -12.393692 3.4969907 -12.8737 7.34937 1260256264081
155.70256 88.81709 -12.393692 -1.0810776 -15.41469 5.9312725 1260256264085
165.61743 85.27624 -15.174007 -1.0810776 -15.41469 5.9312725 1260256264099
165.61743 85.27624 -15.174007 -9.632175 2.7657151 8.592025 1260256264104
171.23656 79.462425 -17.015306 -9.632175 2.7657151 8.592025 1260256264282
171.23656 79.462425 -17.015306 3.4416718 11.748639 4.019701 1260256264291
173.47473 73.53931 -18.514542 3.4416718 11.748639 4.019701 1260256264294
173.47473 73.53931 -18.514542 -4.4053245 16.00191 0.06696248 1260256264302
176.601 68.21234 -20.288815 -4.4053245 16.00191 0.06696248 1260256264308
176.601 68.21234 -20.288815 -19.876122 14.5168 3.9425716 1260256264311
181.02095 63.651726 -22.524374 -19.876122 14.5168 3.9425716 1260256264314
181.02095 63.651726 -22.524374 -7.508385 -1.7026186 -3.7153296 1260256264322
186.2699 52.01914 -25.348156 -7.508385 -1.7026186 -3.7153296 1260256264326
186.2699 52.01914 -25.348156 -16.123734 -6.789959 -1.9451715 1260256264331
191.8064 40.51818 -28.130749 -16.123734 -6.789959 -1.9451715 1260256264334
191.8064 40.51818 -28.130749 -15.594706 -2.5069234 6.9108305 1260256264343
197.81607 47.04227 -30.274212 -15.594706 -2.5069234 6.9108305 1260256264346
197.81607 47.04227 -30.274212 -4.1775417 -2.9782355 -7.890897 1260256264350
204.57527 52.140156 -31.310501 -4.1775417 -2.9782355 -7.890897 1260256264359
204.57527 52.140156 -31.310501 -9.905883 -16.556164 -8.119066 1260256264362
210.89651 55.88315 -31.294975 -9.905883 -16.556164 -8.119066 1260256264369
210.89651 55.88315 -31.294975 -7.4937277 -7.2831345 2.8443418 1260256264380
216.5017 58.78899 -30.780226 -7.4937277 -7.2831345 2.8443418 1260256264385
216.5017 58.78899 -30.780226 -1.5908017 -26.589378 -8.775732 1260256264389
221.4266 61.34954 -30.141214 -1.5908017 -26.589378 -8.775732 1260256264403
221.4266 61.34954 -30.141214 1.8551345 -12.861737 -3.084303 1260256264406
225.75528 63.782063 -29.634153 1.8551345 -12.861737 -3.084303 1260256264412
225.75528 63.782063 -29.634153 1.1789484 -31.358803 -3.481639 1260256264417
229.36752 66.19296 -29.252445 1.1789484 -31.358803 -3.481639 1260256264421
229.36752 66.19296 -29.252445 -1.0924263 -20.489368 3.9807825 1260256264427
231.79915 68.483315 -28.889824 -1.0924263 -20.489368 3.9807825 1260256264430
231.79915 68.483315 -28.889824 -3.18149 -16.55011 -6.6616883 1260256264439
232.9092 68.55915 -28.445333 -3.18149 -16.55011 -6.6616883 1260256264444
232.9092 68.55915 -28.445333 -6.1231976 -16.403194 -6.5413446 1260256264453
232.66374 68.5312 -28.023067 -6.1231976 -16.403194 -6.5413446 1260256264462
232.66374 68.5312 -28.023067 -9.39658 -13.393992 -4.7190986 1260256264465
231.03055 68.204636 -27.771914 -9.39658 -13.393992 -4.7190986 1260256264469
231.03055 68.204636 -27.771914 -11.393143 -7.242824 -1.0872302 1260256264474
227.82903 67.2944 -27.883318 -11.393143 -7.242824 -1.0872302 1260256264489
227.82903 67.2944 -27.883318 -10.30006 -0.569705 7.4158773 1260256264492
222.73758 65.67968 -28.239153 -10.30006 -0.569705 7.4158773 1260256264498
222.73758 65.67968 -28.239153 -6.242313 -8.803389 15.312838 1260256264501
