95.11075 23.861874 3.212013 3.3775856 -14.816927 -1.09727 1260255527113
95.11075 23.861874 3.212013 0.35921752 2.3344045 -2.9154952 1260255527121
97.10521 28.71878 3.4514124 0.35921752 2.3344045 -2.9154952 1260255527148
97.10521 28.71878 3.4514124 -1.8301631 -2.814508 4.367791 1260255527155
99.849945 34.432842 3.7788417 -1.8301631 -2.814508 4.367791 1260255527167
99.849945 34.432842 3.7788417 -3.9104006 -7.9743633 -1.092238 1260255527171
103.00745 40.4612 4.0898995 -3.9104006 -7.9743633 -1.092238 1260255527180
103.00745 40.4612 4.0898995 -5.2786007 -10.440678 -8.762395 1260255527183
106.95708 46.588142 4.3854046 -5.2786007 -10.440678 -8.762395 1260255527191
106.95708 46.588142 4.3854046 -5.8348017 -10.682426 -15.721708 1260255527194
111.85922 52.708736 4.6661344 -5.8348017 -10.682426 -15.721708 1260255527204
111.85922 52.708736 4.6661344 -5.9077196 -10.5776615 -21.25481 1260255527210
117.26626 58.7233 4.8328276 -5.9077196 -10.5776615 -21.25481 1260255527219
117.26626 58.7233 4.8328276 -6.500987 -10.791068 -23.291958 1260255527225
123.35294 64.587135 4.891186 -6.500987 -10.791068 -23.291958 1260255527238
123.35294 64.587135 4.891186 -7.4508953 -10.954874 -21.335915 1260255527243
124.78529 70.157776 4.696627 -7.4508953 -10.954874 -21.335915 1260255527263
124.78529 70.157776 4.696627 -9.512755 -9.62284 -16.626549 1260255527267
121.59603 74.499886 3.7617958 -9.512755 -9.62284 -16.626549 1260255527279
121.59603 74.499886 3.7617958 -8.351732 3.3351989 -14.787893 1260255527283
118.71623 76.72489 2.173706 -8.351732 3.3351989 -14.787893 1260255527297
118.71623 76.72489 2.173706 2.03834 -20.69172 -2.8278055 1260255527301
115.73042 75.63865 0.81502074 2.03834 -20.69172 -2.8278055 1260255527320
115.73042 75.63865 0.81502074 -1.8984404 -20.18981 14.99989 1260255527323
112.7939 74.35672 -0.27573037 -1.8984404 -20.18981 14.99989 1260255527337
112.7939 74.35672 -0.27573037 -13.768631 -15.4855585 21.58246 1260255527340
109.9542 72.93888 -1.1619439 -13.768631 -15.4855585 21.58246 1260255527357
109.9542 72.93888 -1.1619439 -20.365252 -20.03987 19.762896 1260255527361
107.20649 71.341934 -1.9038467 -20.365252 -20.03987 19.762896 1260255527377
107.20649 71.341934 -1.9038467 -19.490366 -31.56005 27.274696 1260255527381
104.69617 69.72484 -2.6086545 -19.490366 -31.56005 27.274696 1260255527397
104.69617 69.72484 -2.6086545 -13.682451 -25.89319 16.248663 1260255527400
102.36136 68.1886 -3.2782218 -13.682451 -25.89319 16.248663 1260255527417
102.36136 68.1886 -3.2782218 -5.7886376 -8.577553 13.291124 1260255527420
100.19329 66.879166 -4.014311 -5.7886376 -8.577553 13.291124 1260255527437
100.19329 66.879166 -4.014311 1.6372032 -5.091805 17.09892 1260255527441
98.28362 65.98521 -4.8635955 1.6372032 -5.091805 17.09892 1260255527457
98.28362 65.98521 -4.8635955 4.9074407 -9.8276 5.865286 1260255527460
96.76944 65.835945 -5.8704157 4.9074407 -9.8276 5.865286 1260255527478
96.76944 65.835945 -5.8704157 0.29461622 -8.916177 -7.625511 1260255527481
95.93097 69.54415 -6.376895 0.29461622 -8.916177 -7.625511 1260255527498
95.93097 69.54415 -6.376895 -3.1916091 -9.280403 3.0837374 1260255527501
96.13442 74.16695 -6.30805 -3.1916091 -9.280403 3.0837374 1260255527517
96.13442 74.16695 -6.30805 -1.2106951 5.4404893 -8.382676 1260255527521
98.8777 79.0086 -5.8926477 -1.2106951 5.4404893 -8.382676 1260255527537
98.8777 79.0086 -5.8926477 4.2891526 1.5946076 -26.785215 1260255527540
104.183815 83.75817 -5.3480153 4.2891526 1.5946076 -26.785215 1260255527557
104.183815 83.75817 -5.3480153 9.861011 -10.969309 -26.573633 1260255527561
110.974625 88.32026 -4.7306147 9.861011 -10.969309 -26.573633 1260255527584
110.974625 88.32026 -4.7306147 12.917432 -5.5372677 -26.17433 1260255527588
118.275894 92.70425 -4.094084 12.917432 -5.5372677 -26.17433 1260255527598
118.275894 92.70425 -4.094084 11.704002 7.9439907 -28.376215 1260255527602
124.9621 96.86903 -3.5393796 11.704002 7.9439907 -28.376215 1260255527617
124.9621 96.86903 -3.5393796 7.1877813 -6.888115 -18.284756 1260255527620
129.01399 100.575584 -3.0624106 7.1877813 -6.888115 -18.284756 1260255527637
129.01399 100.575584 -3.0624106 1.6356281 -3.8558333 -31.197998 1260255527640
129.4133 102.7468 -2.8092902 1.6356281 -3.8558333 -31.197998 1260255527657
129.4133 102.7468 -2.8092902 -2.5840445 -17.337933 -7.424071 1260255527660
127.592636 102.709465 -2.8188257 -2.5840445 -17.337933 -7.424071 1260255527679
127.592636 102.709465 -2.8188257 -4.0210433 -24.022087 2.1059089 1260255527682
124.263 101.273994 -2.8278844 -4.0210433 -24.022087 2.1059089 1260255527697
124.263 101.273994 -2.8278844 -4.2091327 -28.694878 -0.59936285 1260255527700
120.54985 99.3603 -2.7364902 -4.2091327 -28.694878 -0.59936285 1260255527723
120.54985 99.3603 -2.7364902 -4.6114254 -17.942387 10.397884 1260255527888
116.82236 97.19228 -2.5496657 -4.6114254 -17.942387 10.397884 1260255527899
116.82236 97.19228 -2.5496657 -4.909585 -27.593344 25.273096 1260255527907
113.23124 94.88267 -2.2221825 -4.909585 -27.593344 25.273096 1260255527910
113.23124 94.88267 -2.2221825 -5.927405 -27.877218 13.004335 1260255527919
109.91968 92.538536 -1.8610734 -5.927405 -27.877218 13.004335 1260255527921
109.91968 92.538536 -1.8610734 -7.197138 -7.6188545 15.587403 1260255527925
106.873695 90.21161 -1.4180197 -7.197138 -7.6188545 15.587403 1260255527931
106.873695 90.21161 -1.4180197 -7.7653837 -19.152655 9.908411 1260255527934
104.23001 88.10103 -0.8971186 -7.7653837 -19.152655 9.908411 1260255527942
104.23001 88.10103 -0.8971186 -6.283364 -8.143085 12.00915 1260255527945
102.46851 86.64597 -0.3022627 -6.283364 -8.143085 12.00915 1260255527949
102.46851 86.64597 -0.3022627 -2.140915 5.907894 4.3501663 1260255527954
102.99509 88.11368 -0.33714956 -2.140915 5.907894 4.3501663 1260255527962
102.99509 88.11368 -0.33714956 -3.2826862 -2.9402318 8.42381 1260255527965
98.34533 92.107994 -1.5202922 -3.2826862 -2.9402318 8.42381 1260255527968
98.34533 92.107994 -1.5202922 -11.081437 7.588574 -3.0314817 1260255527974
110.67806 96.10259 -3.2942777 -11.081437 7.588574 -3.0314817 1260255527980
110.67806 96.10259 -3.2942777 -1.601313 -10.129268 -1.290237 1260255527985
123.09416 99.64746 -5.529564 -1.601313 -10.129268 -1.290237 1260255527991
123.09416 99.64746 -5.529564 1.6528344 5.981493 0.20268297 1260255528002
117.63945 102.665085 -7.803086 1.6528344 5.981493 0.20268297 1260255528008
117.63945 102.665085 -7.803086 -16.256975 -11.173267 -4.597503 1260255528011
112.90748 105.28183 -9.962932 -16.256975 -11.173267 -4.597503 1260255528014
112.90748 105.28183 -9.962932 -1.9369931 5.9926696 -4.5459967 1260255528022
108.712105 107.61774 -11.864785 -1.9369931 5.9926696 -4.5459967 1260255528025
108.712105 107.61774 -11.864785 -0.36238194 -11.290461 0.9735522 1260255528029
105.0265 109.73685 -13.371546 -0.36238194 -11.290461 0.9735522 1260255528034
105.0265 109.73685 -13.371546 -12.622432 -6.350398 -11.205635 1260255528045
102.42517 111.600006 -14.252969 -12.622432 -6.350398 -11.205635 1260255528049
102.42517 111.600006 -14.252969 -13.493581 5.769182 -4.9864388 1260255528052
102.20391 112.62 -14.19032 -13.493581 5.769182 -4.9864388 1260255528063
102.20391 112.62 -14.19032 -11.420601 -0.864182 -4.984413 1260255528069
103.143715 112.389 -13.230804 -11.420601 -0.864182 -4.984413 1260255528074
103.143715 112.389 -13.230804 -5.2800727 -2.6546984 3.0671098 1260255528084
101.88653 110.76955 -12.069264 -5.2800727 -2.6546984 3.0671098 1260255528091
101.88653 110.76955 -12.069264 7.234088 -7.5045886 -5.8609943 1260255528094
99.142204 109.03107 -10.965801 7.234088 -7.5045886 -5.8609943 1260255528104
99.142204 109.03107 -10.965801 13.44591 -28.214231 3.4581542 1260255528108
95.6851 107.229515 -9.967511 13.44591 -28.214231 3.4581542 1260255528121
95.6851 107.229515 -9.967511 9.202074 -28.716324 -1.3311033 1260255528128
92.15084 105.41804 -9.069136 9.202074 -28.716324 -1.3311033 1260255528138
92.15084 105.41804 -9.069136 0.6193359 -16.404865 6.4257603 1260255528141
88.7933 103.64713 -8.215679 0.6193359 -16.404865 6.4257603 1260255528161
88.7933 103.64713 -8.215679 -5.515662 -24.466114 11.380154 1260255528164
85.75363 102.11478 -7.454895 -5.515662 -24.466114 11.380154 1260255528179
85.75363 102.11478 -7.454895 -6.2513285 -30.897089 5.9706316 1260255528184
83.36595 100.909035 -6.73215 -6.2513285 -30.897089 5.9706316 1260255528201
83.36595 100.909035 -6.73215 -2.1832318 -20.56116 10.997462 1260255528209
83.947655 100.81358 -6.1955423 -2.1832318 -20.56116 10.997462 1260255528218
83.947655 100.81358 -6.1955423 1.7839856 -15.481584 7.6589336 1260255528221
86.750275 101.97291 -5.885765 1.7839856 -15.481584 7.6589336 1260255528241
86.750275 101.97291 -5.885765 3.7385197 -19.007833 -5.076993 1260255528245
89.36276 104.17426 -5.741477 3.7385197 -19.007833 -5.076993 1260255528263
89.36276 104.17426 -5.741477 4.399108 -1.947319 -17.318594 1260255528267
90.89462 106.96555 -5.754403 4.399108 -1.947319 -17.318594 1260255528278
90.89462 106.96555 -5.754403 3.581891 -6.190728 -4.547349 1260255528282
91.74989 109.86728 -5.766683 3.581891 -6.190728 -4.547349 1260255528299
91.74989 109.86728 -5.766683 3.2052064 -4.8838177 -23.130157 1260255528301
92.6624 112.723915 -5.7283487 3.2052064 -4.8838177 -23.130157 1260255528319
92.6624 112.723915 -5.7283487 3.7461667 -0.061570644 -8.220852 1260255528325
93.72928 115.53772 -5.641931 3.7461667 -0.061570644 -8.220852 1260255528339
93.72928 115.53772 -5.641931 4.6637793 -9.632132 -22.73974 1260255528347
94.792816 118.160835 -5.5598345 4.6637793 -9.632132 -22.73974 1260255528358
94.792816 118.160835 -5.5598345 5.2880306 5.674444 -14.362639 1260255528361
95.85317 120.60279 -5.5318427 5.2880306 5.674444 -14.362639 1260255528381
95.85317 120.60279 -5.5318427 5.382128 -13.065353 -13.585377 1260255528384
96.46051 122.62265 -5.6552505 5.382128 -13.065353 -13.585377 1260255528403
96.46051 122.62265 -5.6552505 3.7550611 -3.8788636 -21.551739 1260255528407
96.83749 123.79152 -6.022488 3.7550611 -3.8788636 -21.551739 1260255528419
96.83749 123.79152 -6.022488 -0.4023831 2.2348194 -12.821774 1260255528428
96.34561 123.70194 -6.671364 -0.4023831 2.2348194 -12.821774 1260255528440
96.34561 123.70194 -6.671364 -7.795435 -1.5769911 -8.673351 1260255528443
94.67833 123.016846 -7.2877955 -7.795435 -1.5769911 -8.673351 1260255528461
94.67833 123.016846 -7.2877955 -13.391989 -9.811809 -5.062417 1260255528465
92.14441 120.166 -7.8234057 -13.391989 -9.811809 -5.062417 1260255528482
92.14441 120.166 -7.8234057 -15.897335 -25.167856 5.428423 1260255528643
