214.31088 -1.9415253 65.95052 10.178043 10.893019 0.8475702 1260255814944
214.31088 -1.9415253 65.95052 6.7351456 10.932108 5.184 1260255814947
217.49535 -9.694449 65.952995 6.7351456 10.932108 5.184 1260255814950
217.49535 -9.694449 65.952995 5.825604 -0.15920234 8.9535055 1260255814953
221.67058 -16.959726 65.10535 5.825604 -0.15920234 8.9535055 1260255814982
221.67058 -16.959726 65.10535 12.327241 -6.635895 -1.2687601 1260255814985
226.58705 -24.11174 63.10008 12.327241 -6.635895 -1.2687601 1260255814995
226.58705 -24.11174 63.10008 6.519864 -5.141387 -2.8533149 1260255814999
232.0077 -31.056154 60.745075 6.519864 -5.141387 -2.8533149 1260255815001
232.0077 -31.056154 60.745075 -4.8738737 0.47246122 -16.45707 1260255815004
237.80733 -37.80335 58.20782 -4.8738737 0.47246122 -16.45707 1260255815018
237.80733 -37.80335 58.20782 12.9080715 5.3781824 -17.708447 1260255815021
226.21696 -44.16318 55.69743 12.9080715 5.3781824 -17.708447 1260255815027
226.21696 -44.16318 55.69743 -4.4421754 7.415458 -15.180429 1260255815030
215.55612 -50.15502 53.262558 -4.4421754 7.415458 -15.180429 1260255815048
215.55612 -50.15502 53.262558 4.5031624 5.879682 -32.97039 1260255815051
205.52832 -55.747272 50.94943 4.5031624 5.879682 -32.97039 1260255815067
205.52832 -55.747272 50.94943 9.392975 0.6286464 -18.26512 1260255815070
196.2019 -61.00991 48.751957 9.392975 0.6286464 -18.26512 1260255815087
196.2019 -61.00991 48.751957 -6.9100394 -2.1511893 -21.56421 1260255815090
196.2019 -61.00991 48.751957 -7.454853 -3.5132241 -17.478107 1260255815108
186.39182 -66.20941 46.76436 -7.454853 -3.5132241 -17.478107 1260255815127
186.39182 -66.20941 46.76436 5.327596 0.7054107 -2.3039646 1260255815131
183.62222 -55.69894 45.276142 5.327596 0.7054107 -2.3039646 1260255815147
183.62222 -55.69894 45.276142 10.597906 -9.757966 -1.3772876 1260255815151
180.2911 -50.163994 42.662334 10.597906 -9.757966 -1.3772876 1260255815167
180.2911 -50.163994 42.662334 -11.073278 -11.385207 9.58426 1260255815171
177.17654 -45.305794 39.979218 -11.073278 -11.385207 9.58426 1260255815188
177.17654 -45.305794 39.979218 2.7237163 -8.340801 14.495956 1260255815360
174.16771 -40.890503 37.330257 2.7237163 -8.340801 14.495956 1260255815364
174.16771 -40.890503 37.330257 -10.88835 -22.68899 13.248701 1260255815374
171.25932 -36.99598 34.713745 -10.88835 -22.68899 13.248701 1260255815378
171.25932 -36.99598 34.713745 -10.759389 -27.175915 18.929914 1260255815383
168.49635 -33.69618 32.17806 -10.759389 -27.175915 18.929914 1260255815392
168.49635 -33.69618 32.17806 -1.8006387 -7.3562746 20.879381 1260255815395
165.77153 -31.01137 29.669155 -1.8006387 -7.3562746 20.879381 1260255815399
165.77153 -31.01137 29.669155 -17.167084 -12.39735 20.528648 1260255815404
163.13295 -28.960802 27.085697 -17.167084 -12.39735 20.528648 1260255815411
163.13295 -28.960802 27.085697 2.500794 -9.425734 18.939716 1260255815416
160.6263 -27.612762 24.081413 2.500794 -9.425734 18.939716 1260255815419
160.6263 -27.612762 24.081413 -13.941734 6.3475924 4.5788307 1260255815423
159.04498 -33.282124 20.427343 -13.941734 6.3475924 4.5788307 1260255815431
159.04498 -33.282124 20.427343 5.6864157 12.807846 -0.89261776 1260255815434
155.99274 -39.018017 18.905975 5.6864157 12.807846 -0.89261776 1260255815439
155.99274 -39.018017 18.905975 -1.7492218 16.123848 -8.076282 1260255815442
151.3931 -44.567116 17.960676 -1.7492218 16.123848 -8.076282 1260255815450
151.3931 -44.567116 17.960676 -7.6492496 16.074804 -13.223587 1260255815454
146.27344 -49.88876 17.262642 -7.6492496 16.074804 -13.223587 1260255815460
146.27344 -49.88876 17.262642 -7.8646374 9.838107 -24.677116 1260255815472
140.90976 -54.99432 16.69951 -7.8646374 9.838107 -24.677116 1260255815475
140.90976 -54.99432 16.69951 -4.728176 5.101986 -28.336836 1260255815479
135.66428 -59.894604 16.214535 -4.728176 5.101986 -28.336836 1260255815484
135.66428 -59.894604 16.214535 -0.66868067 12.8030405 -20.729343 1260255815491
130.63106 -64.74987 15.703808 -0.66868067 12.8030405 -20.729343 1260255815496
130.63106 -64.74987 15.703808 3.5139117 21.241922 -24.968311 1260255815500
125.999504 -69.61237 15.168617 3.5139117 21.241922 -24.968311 1260255815512
125.999504 -69.61237 15.168617 7.307633 13.106428 -32.96918 1260255815515
121.849525 -74.53175 14.560186 7.307633 13.106428 -32.96918 1260255815519
121.849525 -74.53175 14.560186 9.998552 -3.0550785 -22.994669 1260255815524
129.20705 -79.755165 14.182177 9.998552 -3.0550785 -22.994669 1260255815533
129.20705 -79.755165 14.182177 11.233832 -9.023966 -10.851788 1260255815536
129.1967 -72.667404 14.823068 11.233832 -9.023966 -10.851788 1260255815544
129.1967 -72.667404 14.823068 11.002426 -10.546429 6.194634 1260255815550
128.53687 -66.58403 14.9819145 11.002426 -10.546429 6.194634 1260255815558
128.53687 -66.58403 14.9819145 12.240583 -19.8793 17.036797 1260255815561
127.86002 -61.05483 15.082819 12.240583 -19.8793 17.036797 1260255815572
127.86002 -61.05483 15.082819 14.384021 -30.431473 21.117939 1260255815579
127.26702 -55.85209 15.1786785 14.384021 -30.431473 21.117939 1260255815591
127.26702 -55.85209 15.1786785 15.463087 -30.504631 16.815971 1260255815594
126.80367 -51.059483 15.4197445 15.463087 -30.504631 16.815971 1260255815610
126.80367 -51.059483 15.4197445 13.858942 -14.177021 15.846297 1260255815651
126.61349 -46.756508 15.898757 13.858942 -14.177021 15.846297 1260255815654
126.61349 -46.756508 15.898757 8.942481 -11.162836 27.38118 1260255815662
126.532814 -43.26868 16.753819 8.942481 -11.162836 27.38118 1260255815665
126.532814 -43.26868 16.753819 0.5498266 -12.938953 8.572547 1260255815673
125.60617 -41.55525 18.366127 0.5498266 -12.938953 8.572547 1260255815679
125.60617 -41.55525 18.366127 2.0642738 -5.0051575 -0.9701824 1260255815685
120.82586 -45.477486 18.897821 2.0642738 -5.0051575 -0.9701824 1260255815697
120.82586 -45.477486 18.897821 4.558923 17.004406 0.5350836 1260255815701
117.43456 -48.80361 18.30293 4.558923 17.004406 0.5350836 1260255815710
117.43456 -48.80361 18.30293 -3.6503522 1.4131451 -3.2713256 1260255815720
114.96284 -52.11343 17.187784 -3.6503522 1.4131451 -3.2713256 1260255815730
114.96284 -52.11343 17.187784 -10.79462 22.487934 -5.8038254 1260255815733
113.514694 -55.55776 15.628395 -10.79462 22.487934 -5.8038254 1260255815749
113.514694 -55.55776 15.628395 -2.8985481 4.591565 -11.944967 1260255815755
113.23896 -59.22987 13.496975 -2.8985481 4.591565 -11.944967 1260255815769
113.23896 -59.22987 13.496975 1.5531936 15.018852 -11.291932 1260255815778
114.027016 -63.268375 10.722126 1.5531936 15.018852 -11.291932 1260255815788
114.027016 -63.268375 10.722126 -17.567234 12.084009 -6.961167 1260255815792
115.525665 -67.60496 7.43602 -17.567234 12.084009 -6.961167 1260255815811
115.525665 -67.60496 7.43602 0.007829666 -4.292942 -2.9594157 1260255815814
117.34938 -72.02471 4.014219 0.007829666 -4.292942 -2.9594157 1260255815834
117.34938 -72.02471 4.014219 -15.965229 6.1206694 3.5839431 1260255815837
119.08191 -76.123474 1.013508 -15.965229 6.1206694 3.5839431 1260255815849
119.08191 -76.123474 1.013508 1.724937 9.987373 1.0592675 1260255815854
119.92781 -79.4673 -0.7371675 1.724937 9.987373 1.0592675 1260255815869
119.92781 -79.4673 -0.7371675 -10.156027 -4.027413 -7.934463 1260255815872
116.43142 -82.493935 -0.3003091 -10.156027 -4.027413 -7.934463 1260255815891
116.43142 -82.493935 -0.3003091 -2.0000486 11.255644 1.6567845 1260255815894
126.40985 -86.26924 2.2647064 -2.0000486 11.255644 1.6567845 1260255815909
126.40985 -86.26924 2.2647064 14.425657 -6.4551945 -3.7841663 1260255815918
132.88936 -90.95578 6.101471 14.425657 -6.4551945 -3.7841663 1260255815929
132.88936 -90.95578 6.101471 11.2227955 1.4139553 -12.076833 1260255815932
134.1449 -85.107994 8.946398 11.2227955 1.4139553 -12.076833 1260255815950
134.1449 -85.107994 8.946398 20.63784 -10.804897 10.70527 1260255816132
133.93765 -78.902596 10.849078 20.63784 -10.804897 10.70527 1260255816139
133.93765 -78.902596 10.849078 8.746923 -19.468052 8.392765 1260255816150
133.14076 -72.65746 12.156624 8.746923 -19.468052 8.392765 1260255816155
133.14076 -72.65746 12.156624 14.31993 -25.42568 2.2113752 1260255816159
131.98372 -66.67459 13.148792 14.31993 -25.42568 2.2113752 1260255816162
131.98372 -66.67459 13.148792 21.516962 -28.577562 6.304302 1260255816171
130.93454 -61.19086 14.341352 21.516962 -28.577562 6.304302 1260255816174
130.93454 -61.19086 14.341352 24.742245 -27.18267 10.51808 1260255816180
130.18782 -56.131317 15.724285 24.742245 -27.18267 10.51808 1260255816183
130.18782 -56.131317 15.724285 12.125607 -15.944616 -2.0112567 1260255816191
129.97842 -51.47475 17.43807 12.125607 -15.944616 -2.0112567 1260255816194
129.97842 -51.47475 17.43807 -0.7000923 1.9885788 3.2330942 1260255816198
131.9795 -41.551014 19.116167 -0.7000923 1.9885788 3.2330942 1260255816203
131.9795 -41.551014 19.116167 8.751964 -10.639818 -9.6599865 1260255816210
136.38054 -31.023464 19.560358 8.751964 -10.639818 -9.6599865 1260255816215
136.38054 -31.023464 19.560358 10.371072 -5.273633 -0.32938385 1260255816219
144.91151 -38.22229 19.282341 10.371072 -5.273633 -0.32938385 1260255816224
144.91151 -38.22229 19.282341 6.7116137 5.877095 -2.862967 1260255816230
138.46594 -44.661175 18.768225 6.7116137 5.877095 -2.862967 1260255816239
138.46594 -44.661175 18.768225 1.369468 9.368017 -6.1818795 1260255816242
133.49265 -50.578117 18.179813 1.369468 9.368017 -6.1818795 1260255816252
133.49265 -50.578117 18.179813 -3.9180496 8.176268 -9.483292 1260255816256
129.06801 -56.099213 17.620823 -3.9180496 8.176268 -9.483292 1260255816261
129.06801 -56.099213 17.620823 -6.7397094 2.5387 -16.175835 1260255816264
124.71461 -61.344254 17.08978 -6.7397094 2.5387 -16.175835 1260255816273
124.71461 -61.344254 17.08978 -6.806114 -2.3157725 -21.632277 1260255816276
120.478874 -66.377045 16.58529 -6.806114 -2.3157725 -21.632277 1260255816280
120.478874 -66.377045 16.58529 -4.8260784 3.1657186 -16.208687 1260255816285
116.25493 -71.30819 16.056026 -4.8260784 3.1657186 -16.208687 1260255816293
116.25493 -71.30819 16.056026 -1.0679641 13.451579 -15.673102 1260255816297
111.79218 -76.24278 15.503225 -1.0679641 13.451579 -15.673102 1260255816302
111.79218 -76.24278 15.503225 3.763089 10.705093 -26.053282 1260255816313
123.85257 -81.18064 14.978064 3.763089 10.705093 -26.053282 1260255816319
123.85257 -81.18064 14.978064 8.087309 -3.0705304 -23.908764 1260255816322
131.40994 -86.07161 14.579161 8.087309 -3.0705304 -23.908764 1260255816332
131.40994 -86.07161 14.579161 10.724215 -9.077812 -14.267969 1260255816336
135.53944 -73.06803 14.450203 10.724215 -9.077812 -14.267969 1260255816344
135.53944 -73.06803 14.450203 12.129541 -8.415023 -10.997763 1260255816352
137.96248 -61.31463 14.827693 12.129541 -8.415023 -10.997763 1260255816358
137.96248 -61.31463 14.827693 11.681894 -13.218267 -9.814 1260255816363
138.66435 -51.4489 15.736308 11.681894 -13.218267 -9.814 1260255816369
138.66435 -51.4489 15.736308 4.789027 2.6586537 -8.154457 1260255816376
137.63113 -45.926453 16.399492 4.789027 2.6586537 -8.154457 1260255816389
137.63113 -45.926453 16.399492 -0.583549 -0.94058514 4.891734 1260255816392
135.94958 -41.08013 16.629519 -0.583549 -0.94058514 4.891734 1260255816412
135.94958 -41.08013 16.629519 -1.8131671 -15.603869 14.554634 1260255816415
134.05211 -36.726124 16.598043 -1.8131671 -15.603869 14.554634 1260255816429
134.05211 -36.726124 16.598043 -1.7318072 -23.763798 10.503138 1260255816438
132.1495 -32.68982 16.51814 -1.7318072 -23.763798 10.503138 1260255816448
132.1495 -32.68982 16.51814 -1.0517793 -7.2728453 14.190865 1260255816452
130.44203 -28.905329 16.542234 -1.0517793 -7.2728453 14.190865 1260255816470
130.44203 -28.905329 16.542234 -0.7630038 -21.390411 20.488317 1260255816473
128.86993 -25.360062 16.665123 -0.7630038 -21.390411 20.488317 1260255816487
128.86993 -25.360062 16.665123 -1.5696568 -10.798828 7.659161 1260255816497
127.526436 -22.292059 17.131866 -1.5696568 -10.798828 7.659161 1260255816509
127.526436 -22.292059 17.131866 -3.1430726 -11.880429 11.694154 1260255816515
