120.9558 30.063652 20.841833 13.563032 3.179316 6.58742 1260256254378
120.9558 30.063652 20.841833 13.450679 3.4377894 4.865003 1260256254381
117.35801 30.46047 21.599741 13.450679 3.4377894 4.865003 1260256254390
117.35801 30.46047 21.599741 8.737269 2.7450023 -0.59818125 1260256254393
128.29012 30.387447 22.869755 8.737269 2.7450023 -0.59818125 1260256254397
128.29012 30.387447 22.869755 -2.0555305 4.729974 0.21780944 1260256254402
138.17561 29.768076 25.026266 -2.0555305 4.729974 0.21780944 1260256254408
138.17561 29.768076 25.026266 4.719921 7.864073 1.0477734 1260256254414
148.56683 28.379673 27.624952 4.719921 7.864073 1.0477734 1260256254417
148.56683 28.379673 27.624952 11.75551 0.7988694 9.055956 1260256254420
141.63849 26.71069 29.493704 11.75551 0.7988694 9.055956 1260256254428
141.63849 26.71069 29.493704 -3.371541 -9.214074 2.680095 1260256254432
136.35657 25.175156 29.919018 -3.371541 -9.214074 2.680095 1260256254438
136.35657 25.175156 29.919018 -5.564574 0.020314515 6.1845484 1260256254441
131.93874 24.616398 29.023067 -5.564574 0.020314515 6.1845484 1260256254449
131.93874 24.616398 29.023067 -4.3963757 2.2095673 3.8768387 1260256254452
127.8418 25.085579 27.471914 -4.3963757 2.2095673 3.8768387 1260256254458
127.8418 25.085579 27.471914 6.3928127 -8.554651 6.558438 1260256254461
123.84971 26.0813 25.748318 6.3928127 -8.554651 6.558438 1260256254464
123.84971 26.0813 25.748318 3.2480052 -22.550644 18.842268 1260256254472
120.15723 27.527235 24.010902 3.2480052 -22.550644 18.842268 1260256254475
120.15723 27.527235 24.010902 -12.233908 -25.50979 9.464593 1260256254481
116.94936 29.500874 22.360357 -12.233908 -25.50979 9.464593 1260256254484
116.94936 29.500874 22.360357 -6.778243 -10.715189 11.120596 1260256254492
114.65189 32.02583 21.04234 -6.778243 -10.715189 11.120596 1260256254521
114.65189 32.02583 21.04234 6.657125 -23.864586 -1.6840174 1260256254530
113.7693 35.174538 20.040222 6.657125 -23.864586 -1.6840174 1260256254533
113.7693 35.174538 20.040222 9.277506 -10.388051 -4.314129 1260256254537
114.63084 39.015812 19.48821 9.277506 -10.388051 -4.314129 1260256254542
114.63084 39.015812 19.48821 8.171015 -22.928614 -2.9254382 1260256254551
117.14929 43.41502 19.3138 8.171015 -22.928614 -2.9254382 1260256254554
117.14929 43.41502 19.3138 7.888357 -4.5679817 0.78436136 1260256254558
120.941826 48.44427 19.398111 7.888357 -4.5679817 0.78436136 1260256254563
120.941826 48.44427 19.398111 8.379144 4.087056 -8.678056 1260256254570
127.14474 54.37206 19.378206 8.379144 4.087056 -8.678056 1260256254575
127.14474 54.37206 19.378206 7.108445 6.5305095 -10.879681 1260256254579
122.3375 43.003456 18.859297 7.108445 6.5305095 -10.879681 1260256254591
122.3375 43.003456 18.859297 1.0488834 8.895282 -0.42962027 1260256254598
122.570625 33.153282 17.966331 1.0488834 8.895282 -0.42962027 1260256254601
122.570625 33.153282 17.966331 -7.4507523 -7.0901327 -6.3294797 1260256254604
123.19209 23.645618 17.118015 -7.4507523 -7.0901327 -6.3294797 1260256254612
123.19209 23.645618 17.118015 -9.60556 12.612367 -6.845922 1260256254616
131.28249 13.6133375 15.862115 -9.60556 12.612367 -6.845922 1260256254620
131.28249 13.6133375 15.862115 -2.594338 -8.104549 -12.607429 1260256254628
131.06836 19.982672 14.869009 -2.594338 -8.104549 -12.607429 1260256254633
131.06836 19.982672 14.869009 6.4734373 -15.591056 -11.029557 1260256254636
132.11494 24.983538 14.425559 6.4734373 -15.591056 -11.029557 1260256254643
132.11494 24.983538 14.425559 11.179549 -13.348542 -10.955711 1260256254649
127.9592 29.134361 14.154281 11.179549 -13.348542 -10.955711 1260256254658
127.9592 29.134361 14.154281 13.298994 -14.474487 -6.0061216 1260256254661
138.56123 33.02764 14.096566 13.298994 -14.474487 -6.0061216 1260256254669
138.56123 33.02764 14.096566 15.55333 -33.886192 -4.64719 1260256254671
148.88318 36.82626 14.241738 15.55333 -33.886192 -4.64719 1260256254679
148.88318 36.82626 14.241738 16.17527 -12.976585 -3.5312748 1260256254682
141.83902 40.384945 14.379651 16.17527 -12.976585 -3.5312748 1260256254688
141.83902 40.384945 14.379651 14.008011 -18.900808 0.27418768 1260256254696
134.99707 44.065697 14.710669 14.008011 -18.900808 0.27418768 1260256254708
134.99707 44.065697 14.710669 11.228538 -8.30756 -6.7561483 1260256254715
141.74722 48.562412 15.475135 11.228538 -8.30756 -6.7561483 1260256254728
141.74722 48.562412 15.475135 4.208869 6.922221 -0.6355959 1260256254731
148.20987 54.48429 15.551378 4.208869 6.922221 -0.6355959 1260256254753
148.20987 54.48429 15.551378 2.5906572 7.813073 1.1539304 1260256254760
154.59938 60.410076 15.223809 2.5906572 7.813073 1.1539304 1260256254768
154.59938 60.410076 15.223809 5.405967 5.8613167 1.3871026 1260256254773
155.16942 63.789574 14.712619 5.405967 5.8613167 1.3871026 1260256254788
155.16942 63.789574 14.712619 8.957173 -14.89352 -8.475981 1260256254793
163.71095 66.200096 14.476988 8.957173 -14.89352 -8.475981 1260256254811
163.71095 66.200096 14.476988 12.018132 -12.494149 -2.1698205 1260256254818
172.57541 68.190094 14.303139 12.018132 -12.494149 -2.1698205 1260256254829
172.57541 68.190094 14.303139 13.329205 -11.460258 -4.9516234 1260256254832
181.44664 69.88059 13.987982 13.329205 -11.460258 -4.9516234 1260256254848
181.44664 69.88059 13.987982 13.014511 -28.85574 -2.1641974 1260256254854
189.82431 71.736565 13.838583 13.014511 -28.85574 -2.1641974 1260256254868
189.82431 71.736565 13.838583 13.030263 -23.502625 -6.6967535 1260256254871
190.6331 74.049736 13.696654 13.030263 -23.502625 -6.6967535 1260256255041
190.6331 74.049736 13.696654 11.642977 -3.3941183 -5.4121222 1260256255044
191.80145 77.54725 13.711822 11.642977 -3.3941183 -5.4121222 1260256255056
191.80145 77.54725 13.711822 12.427213 -16.460766 -13.160879 1260256255059
193.91138 81.569885 13.82623 12.427213 -16.460766 -13.160879 1260256255064
193.91138 81.569885 13.82623 13.538752 -4.7524605 -10.926684 1260256255072
195.4658 85.54139 13.834919 13.538752 -4.7524605 -10.926684 1260256255076
195.4658 85.54139 13.834919 13.237562 0.93384266 -17.314804 1260256255079
194.74251 89.16432 13.543173 13.237562 0.93384266 -17.314804 1260256255084
194.74251 89.16432 13.543173 10.232531 -14.703737 -11.481665 1260256255091
189.05539 92.20611 12.266014 10.232531 -14.703737 -11.481665 1260256255096
189.05539 92.20611 12.266014 -4.7654233 4.252387 -11.683601 1260256255099
180.35262 88.5458 8.402714 -4.7654233 4.252387 -11.683601 1260256255103
180.35262 88.5458 8.402714 1.9051833 -7.7232075 -2.488134 1260256255111
172.93498 84.36851 5.882578 1.9051833 -7.7232075 -2.488134 1260256255114
172.93498 84.36851 5.882578 -14.745301 -5.664313 3.9324045 1260256255120
165.88823 80.60008 3.838449 -14.745301 -5.664313 3.9324045 1260256255123
165.88823 80.60008 3.838449 -20.08715 4.930951 15.753053 1260256255133
159.09381 77.62008 2.1965265 -20.08715 4.930951 15.753053 1260256255136
159.09381 77.62008 2.1965265 -5.132284 -17.629227 25.121191 1260256255140
152.63911 75.78908 1.0367001 -5.132284 -17.629227 25.121191 1260256255153
152.63911 75.78908 1.0367001 -0.8811722 -20.71816 22.08749 1260256255156
147.20715 75.599625 0.5348651 -0.8811722 -20.71816 22.08749 1260256255160
147.20715 75.599625 0.5348651 1.2497089 -24.96518 14.757793 1260256255168
144.7468 76.71964 0.80812186 1.2497089 -24.96518 14.757793 1260256255172
144.7468 76.71964 0.80812186 9.918344 -35.38913 -0.33125103 1260256255177
147.70946 78.53366 1.6177158 9.918344 -35.38913 -0.33125103 1260256255182
147.70946 78.53366 1.6177158 17.48471 -24.2092 -6.6501875 1260256255190
151.17398 80.85698 2.68683 17.48471 -24.2092 -6.6501875 1260256255192
151.17398 80.85698 2.68683 13.3757925 -11.982676 -15.934164 1260256255201
155.36528 83.56413 4.1524887 13.3757925 -11.982676 -15.934164 1260256255204
155.36528 83.56413 4.1524887 -0.6081228 -19.760277 -5.3490586 1260256255212
164.59702 88.33592 6.794864 -0.6081228 -19.760277 -5.3490586 1260256255218
164.59702 88.33592 6.794864 9.11614 -3.664924 5.143077 1260256255230
160.66716 79.869125 6.855121 9.11614 -3.664924 5.143077 1260256255237
160.66716 79.869125 6.855121 6.039855 14.977397 -1.5075698 1260256255241
154.9338 74.32567 5.8623652 6.039855 14.977397 -1.5075698 1260256255250
154.9338 74.32567 5.8623652 -4.82061 10.406446 7.203017 1260256255253
149.73712 73.35938 5.719247 -4.82061 10.406446 7.203017 1260256255271
149.73712 73.35938 5.719247 -4.788814 1.976718 0.9487994 1260256255274
145.00026 72.99142 5.3832846 -4.788814 1.976718 0.9487994 1260256255292
145.00026 72.99142 5.3832846 -7.825823 -6.8730855 1.5405469 1260256255296
140.35025 72.44185 4.8641205 -7.825823 -6.8730855 1.5405469 1260256255308
140.35025 72.44185 4.8641205 -11.049441 -12.510212 6.089738 1260256255317
135.33273 70.61976 3.9709144 -11.049441 -12.510212 6.089738 1260256255329
135.33273 70.61976 3.9709144 -10.523364 -18.195988 10.568223 1260256255332
130.16609 67.38877 2.2723687 -10.523364 -18.195988 10.568223 1260256255353
130.16609 67.38877 2.2723687 -0.7275524 8.101839 15.049234 1260256255357
124.90778 63.819332 0.15875024 -0.7275524 8.101839 15.049234 1260256255373
124.90778 63.819332 0.15875024 -10.763569 -6.7629566 20.05352 1260256255377
119.3624 60.578365 -2.4491875 -10.763569 -6.7629566 20.05352 1260256255388
119.3624 60.578365 -2.4491875 -24.194221 7.9849696 18.828691 1260256255392
113.89428 58.14945 -5.626728 -24.194221 7.9849696 18.828691 1260256255410
113.89428 58.14945 -5.626728 -17.037308 -14.984947 8.348081 1260256255414
109.499565 62.791977 -8.395391 -17.037308 -14.984947 8.348081 1260256255433
109.499565 62.791977 -8.395391 -30.20461 -11.894872 -5.6184177 1260256255436
107.87459 66.402374 -9.925622 -30.20461 -11.894872 -5.6184177 1260256255448
107.87459 66.402374 -9.925622 -12.401529 -15.265108 -1.376121 1260256255457
110.33086 69.482254 -10.329341 -12.401529 -15.265108 -1.376121 1260256255468
110.33086 69.482254 -10.329341 -2.2249131 -29.138252 -23.018835 1260256255471
114.914314 72.40814 -10.012874 -2.2249131 -29.138252 -23.018835 1260256255490
114.914314 72.40814 -10.012874 2.848955 -26.49706 -13.473589 1260256255493
119.818596 75.18774 -9.46223 2.848955 -26.49706 -13.473589 1260256255513
119.818596 75.18774 -9.46223 1.1024404 -25.928617 -31.328682 1260256255517
124.427666 77.82835 -8.839118 1.1024404 -25.928617 -31.328682 1260256255528
124.427666 77.82835 -8.839118 -3.850605 -33.775787 -14.912358 1260256255533
128.10628 80.28693 -8.347162 -3.850605 -33.775787 -14.912358 1260256255548
128.10628 80.28693 -8.347162 -8.182677 -15.372508 -19.43281 1260256255551
130.85097 82.57258 -7.979804 -8.182677 -15.372508 -19.43281 1260256255571
130.85097 82.57258 -7.979804 -10.321825 -28.761292 -16.272894 1260256255575
131.60841 84.89395 -8.080813 -10.321825 -28.761292 -16.272894 1260256255588
131.60841 84.89395 -8.080813 -13.076631 -15.200222 -10.223364 1260256255593
129.978 87.549255 -8.876773 -13.076631 -15.200222 -10.223364 1260256255608
129.978 87.549255 -8.876773 -11.221193 -6.097516 -17.119894 1260256255612
126.479095 90.67179 -10.232934 -11.221193 -6.097516 -17.119894 1260256255630
126.479095 90.67179 -10.232934 0.466053 -9.804137 -1.1318865 1260256255634
121.00514 94.3382 -12.421288 0.466053 -9.804137 -1.1318865 1260256255646
121.00514 94.3382 -12.421288 -6.305906 -3.5136735 4.8085794 1260256255819
132.55489 98.421295 -15.500223 -6.305906 -3.5136735 4.8085794 1260256255830
132.55489 98.421295 -15.500223 -9.689497 7.8119206 2.809779 1260256255836
126.02714 94.20023 -18.525211 -9.689497 7.8119206 2.809779 1260256255839
126.02714 94.20023 -18.525211 -5.0899315 -1.5500348 9.796102 1260256255843
120.62578 91.590225 -19.64895 -5.0899315 -1.5500348 9.796102 1260256255851
120.62578 91.590225 -19.64895 -15.239025 -3.9113545 -1.7431121 1260256255854
115.54449 89.76071 -19.716503 -15.239025 -3.9113545 -1.7431121 1260256255860
115.54449 89.76071 -19.716503 -14.145067 -24.956894 6.836975 1260256255863
110.56726 88.32268 -19.330679 -14.145067 -24.956894 6.836975 1260256255871
110.56726 88.32268 -19.330679 -10.105917 -26.112581 19.468548 1260256255874
105.788895 87.006546 -18.714146 -10.105917 -26.112581 19.468548 1260256255878
105.788895 87.006546 -18.714146 -2.5315895 -18.528965 19.164047 1260256255883
101.24945 85.706215 -18.028439 -2.5315895 -18.528965 19.164047 1260256255889
101.24945 85.706215 -18.028439 4.4758663 -17.011463 9.232343 1260256255895
96.98698 84.57091 -17.427017 4.4758663 -17.011463 9.232343 1260256255898
96.98698 84.57091 -17.427017 7.1046276 -23.855623 9.317361 1260256255903
93.13763 83.79236 -16.905666 7.1046276 -23.855623 9.317361 1260256255911
93.13763 83.79236 -16.905666 6.7694817 -25.661755 8.115982 1260256255920
90.78075 84.60274 -16.460382 6.7694817 -25.661755 8.115982 1260256255923
90.78075 84.60274 -16.460382 4.6679554 -15.693423 5.5241413 1260256255931
93.79171 87.2726 -15.637363 4.6679554 -15.693423 5.5241413 1260256255935
93.79171 87.2726 -15.637363 -0.67768335 -3.2538643 -17.973755 1260256255938
98.802124 90.85897 -14.605495 -0.67768335 -3.2538643 -17.973755 1260256255943
98.802124 90.85897 -14.605495 -6.9060287 -9.494318 -13.839499 1260256255951
105.76202 94.71603 -13.4252205 -6.9060287 -9.494318 -13.839499 1260256255954
105.76202 94.71603 -13.4252205 -3.6466622 -9.666794 -18.285778 1260256255958
113.52392 98.53023 -12.25396 -3.6466622 -9.666794 -18.285778 1260256255968
113.52392 98.53023 -12.25396 7.2207546 4.9718256 -28.553534 1260256255976
117.89772 101.95372 -11.441261 7.2207546 4.9718256 -28.553534 1260256255979
117.89772 101.95372 -11.441261 10.354544 -14.50079 -19.861876 1260256255984
118.05283 104.35603 -11.269198 10.354544 -14.50079 -19.861876 1260256255991
118.05283 104.35603 -11.269198 7.4059873 -1.0165434 -14.475109 1260256255997
114.00019 104.78823 -11.805738 7.4059873 -1.0165434 -14.475109 1260256256002
114.00019 104.78823 -11.805738 1.9070759 -3.3196812 -4.468996 1260256256013
109.10018 102.54882 -12.015451 1.9070759 -3.3196812 -4.468996 1260256256016
109.10018 102.54882 -12.015451 -0.6586356 -27.142628 5.188896 1260256256022
104.34517 100.22138 -11.964679 -0.6586356 -27.142628 5.188896 1260256256032
104.34517 100.22138 -11.964679 0.48040342 -19.964605 22.309483 1260256256035
99.77791 98.06031 -11.666445 0.48040342 -19.964605 22.309483 1260256256049
99.77791 98.06031 -11.666445 4.543472 -17.947048 10.401304 1260256256056
95.33901 96.157295 -11.333122 4.543472 -17.947048 10.401304 1260256256068
95.33901 96.157295 -11.333122 7.2720313 -30.981249 11.070934 1260256256071
91.22206 94.599434 -11.016466 7.2720313 -30.981249 11.070934 1260256256091
91.22206 94.599434 -11.016466 8.095318 -21.354483 8.391646 1260256256094
87.41096 93.419464 -10.865643 8.095318 -21.354483 8.391646 1260256256108
87.41096 93.419464 -10.865643 7.4700356 -7.5847416 3.826898 1260256256115
84.54041 92.54849 -10.972361 7.4700356 -7.5847416 3.826898 1260256256131
84.54041 92.54849 -10.972361 7.046049 -2.1304903 0.9280909 1260256256138
85.51339 93.92107 -10.9737425 7.046049 -2.1304903 0.9280909 1260256256149
85.51339 93.92107 -10.9737425 7.604789 -6.579795 -5.500933 1260256256152
89.08772 96.77502 -10.525055 7.604789 -6.579795 -5.500933 1260256256168
89.08772 96.77502 -10.525055 8.135767 -12.908679 -9.295279 1260256256175
95.03334 100.186264 -9.748802 8.135767 -12.908679 -9.295279 1260256256189
95.03334 100.186264 -9.748802 4.7954655 -1.9322655 -28.13893 1260256256196
102.68167 103.67695 -8.861362 4.7954655 -1.9322655 -28.13893 1260256256208
102.68167 103.67695 -8.861362 -1.8561072 -4.4380627 -15.931787 1260256256218
109.34759 106.9431 -8.118295 -1.8561072 -4.4380627 -15.931787 1260256256229
109.34759 106.9431 -8.118295 -6.7355976 -5.904747 -27.423332 1260256256232
112.23021 109.445946 -7.76238 -6.7355976 -5.904747 -27.423332 1260256256248
112.23021 109.445946 -7.76238 -10.181145 -12.600481 -19.578531 1260256256254
111.6187 110.32365 -8.024261 -10.181145 -12.600481 -19.578531 1260256256268
111.6187 110.32365 -8.024261 -13.403862 -9.755169 -7.644173 1260256256277
106.73776 108.25746 -8.573049 -13.403862 -9.755169 -7.644173 1260256256288
106.73776 108.25746 -8.573049 -14.047692 -28.679996 1.8352675 1260256256291
101.700874 105.644585 -8.944396 -14.047692 -28.679996 1.8352675 1260256256311
101.700874 105.644585 -8.944396 -12.3604555 -14.092035 10.185272 1260256256314
96.91583 102.91235 -9.147176 -12.3604555 -14.092035 10.185272 1260256256332
96.91583 102.91235 -9.147176 -9.686553 -30.139017 24.413984 1260256256336
92.420044 100.16673 -9.389817 -9.686553 -30.139017 24.413984 1260256256348
92.420044 100.16673 -9.389817 -6.512563 -16.122227 7.2201576 1260256256358
88.19904 97.658394 -9.770327 -6.512563 -16.122227 7.2201576 1260256256370
88.19904 97.658394 -9.770327 -2.0197892 -11.710259 19.785341 1260256256373
85.98909 98.32548 -10.33181 -2.0197892 -11.710259 19.785341 1260256256391
85.98909 98.32548 -10.33181 3.9736555 -2.0513554 3.3892086 1260256256394
90.039635 100.4092 -10.01522 3.9736555 -2.0513554 3.3892086 1260256256414
90.039635 100.4092 -10.01522 4.5842323 -7.336013 -18.3639 1260256256579
96.28765 102.98874 -9.164458 4.5842323 -7.336013 -18.3639 1260256256593
96.28765 102.98874 -9.164458 -0.084374666 -16.297523 -11.332817 1260256256599
103.12327 105.4393 -8.206235 -0.084374666 -16.297523 -11.332817 1260256256602
103.12327 105.4393 -8.206235 -4.4311357 -3.286004 -24.003567 1260256256610
109.267105 107.31734 -7.345923 -4.4311357 -3.286004 -24.003567 1260256256613
109.267105 107.31734 -7.345923 -4.843812 -19.367626 -14.891896 1260256256617
112.90375 108.10147 -7.128627 -4.843812 -19.367626 -14.891896 1260256256622
112.90375 108.10147 -7.128627 -8.150209 -23.941784 -7.593276 1260256256629
107.80856 105.8464 -7.9221954 -8.150209 -23.941784 -7.593276 1260256256634
107.80856 105.8464 -7.9221954 -15.1163845 -4.1051807 2.6721137 1260256256638
102.41814 102.30408 -8.876085 -15.1163845 -4.1051807 2.6721137 1260256256641
102.41814 102.30408 -8.876085 -13.433441 -20.251228 14.156372 1260256256649
115.19723 98.68887 -9.682281 -13.433441 -20.251228 14.156372 1260256256652
115.19723 98.68887 -9.682281 -6.4937 -1.1005888 18.420937 1260256256658
127.237366 95.80443 -10.398167 -6.4937 -1.1005888 18.420937 1260256256661
127.237366 95.80443 -10.398167 1.0472665 -21.267353 10.927254 1260256256664
138.4755 94.81421 -10.5782585 1.0472665 -21.267353 10.927254 1260256256672
138.4755 94.81421 -10.5782585 5.104407 -21.099365 -2.8341055 1260256256675
144.35172 95.8235 -10.049346 5.104407 -21.099365 -2.8341055 1260256256683
144.35172 95.8235 -10.049346 5.853102 -29.685589 -9.31802 1260256256691
149.93413 97.282326 -9.196878 5.853102 -29.685589 -9.31802 1260256256694
149.93413 97.282326 -9.196878 1.2862971 -23.779415 -5.953517 1260256256698
155.58742 98.76821 -8.237035 1.2862971 -23.779415 -5.953517 1260256256709
155.58742 98.76821 -8.237035 -3.8323188 -13.820618 -16.17682 1260256256715
161.20805 100.1298 -7.275183 -3.8323188 -13.820618 -16.17682 1260256256718
161.20805 100.1298 -7.275183 -3.2732153 -17.4754 -9.733946 1260256256724
166.29765 101.17331 -6.5614243 -3.2732153 -17.4754 -9.733946 1260256256730
166.29765 101.17331 -6.5614243 -0.022106886 -24.285639 -3.1742 1260256256733
170.88277 101.91464 -6.283353 -0.022106886 -24.285639 -3.1742 1260256256740
170.88277 101.91464 -6.283353 -0.31490993 -25.088028 -5.613627 1260256256744
163.93863 102.26891 -6.6191854 -0.31490993 -25.088028 -5.613627 1260256256755
163.93863 102.26891 -6.6191854 -6.3638725 -23.21566 -5.080589 1260256256758
156.59169 99.905464 -8.038226 -6.3638725 -23.21566 -5.080589 1260256256763
156.59169 99.905464 -8.038226 -16.580511 -4.2049217 -0.5565324 1260256256772
166.5121 95.71019 -10.436315 -16.580511 -4.2049217 -0.5565324 1260256256778
166.5121 95.71019 -10.436315 -2.0036516 -13.188441 5.498606 1260256256788
175.5365 90.47468 -12.414499 -2.0036516 -13.188441 5.498606 1260256256796
175.5365 90.47468 -12.414499 -10.993614 -3.211315 2.1375713 1260256256799
183.40967 85.000946 -14.393774 -10.993614 -3.211315 2.1375713 1260256256809
183.40967 85.000946 -14.393774 -23.889442 7.7957215 11.805146 1260256256819
190.08919 79.7509 -16.724085 -23.889442 7.7957215 11.805146 1260256256831
190.08919 79.7509 -16.724085 -6.787882 15.01591 8.041315 1260256256834
197.43472 76.26335 -19.88788 -6.787882 15.01591 8.041315 1260256256848
197.43472 76.26335 -19.88788 -22.295132 -9.802245 3.3082962 1260256256855
188.71298 79.10018 -20.643486 -22.295132 -9.802245 3.3082962 1260256256872
188.71298 79.10018 -20.643486 -19.322834 -7.185859 -4.333072 1260256256879
193.77733 81.04517 -20.161312 -19.322834 -7.185859 -4.333072 1260256256889
193.77733 81.04517 -20.161312 -13.763445 -14.662121 -8.0463085 1260256256892
197.98846 82.792915 -19.103247 -13.763445 -14.662121 -8.0463085 1260256256908
197.98846 82.792915 -19.103247 -2.0101159 -35.439423 -8.829271 1260256256914
201.93904 84.55327 -17.898085 -2.0101159 -35.439423 -8.829271 1260256256930
201.93904 84.55327 -17.898085 10.485994 -29.157505 -19.117035 1260256256937
205.4421 86.175606 -16.80318 10.485994 -29.157505 -19.117035 1260256256948
205.4421 86.175606 -16.80318 10.442257 -14.908119 -11.504968 1260256256951
209.06999 87.51682 -16.013021 10.442257 -14.908119 -11.504968 1260256256971
209.06999 87.51682 -16.013021 2.5756676 -17.331644 -17.565248 1260256256974
215.7665 88.64098 -15.56237 2.5756676 -17.331644 -17.565248 1260256256988
215.7665 88.64098 -15.56237 -3.6146517 -23.337116 -13.350204 1260256256994
206.47816 89.758934 -15.584251 -3.6146517 -23.337116 -13.350204 1260256257015
206.47816 89.758934 -15.584251 -4.9004 -22.291183 -0.9495177 1260256257019
197.15425 91.67099 -16.655039 -4.9004 -22.291183 -0.9495177 1260256257028
197.15425 91.67099 -16.655039 2.111638 -2.4091907 3.8133185 1260256257031
204.54654 87.88744 -19.472286 2.111638 -2.4091907 3.8133185 1260256257051
204.54654 87.88744 -19.472286 -12.989166 -1.3149654 8.61777 1260256257054
210.11922 82.74307 -21.748672 -12.989166 -1.3149654 8.61777 1260256257073
210.11922 82.74307 -21.748672 -11.015591 -6.1598606 -1.4770613 1260256257076
214.91325 77.60592 -23.611238 -11.015591 -6.1598606 -1.4770613 1260256257088
214.91325 77.60592 -23.611238 -0.9174967 -3.669963 4.6842546 1260256257091
219.21759 72.92562 -25.530676 -0.9174967 -3.669963 4.6842546 1260256257110
219.21759 72.92562 -25.530676 -16.546295 10.068664 -1.7885966 1260256257113
223.20671 68.82934 -27.954142 -16.546295 10.068664 -1.7885966 1260256257126
223.20671 68.82934 -27.954142 -18.598118 5.3906555 -5.274604 1260256257134
227.24637 65.38787 -30.856434 -18.598118 5.3906555 -5.274604 1260256257153
227.24637 65.38787 -30.856434 -12.736586 -5.3072877 -5.519062 1260256257157
231.28406 70.61848 -33.313614 -12.736586 -5.3072877 -5.519062 1260256257168
231.28406 70.61848 -33.313614 -27.614033 -12.951318 -1.2333263 1260256257339
235.31985 74.88755 -34.847935 -27.614033 -12.951318 -1.2333263 1260256257352
235.31985 74.88755 -34.847935 -13.865071 -2.7012963 -11.569502 1260256257356
238.85387 78.043175 -35.355537 -13.865071 -2.7012963 -11.569502 1260256257360
238.85387 78.043175 -35.355537 -6.5084605 -17.567928 1.9834666 1260256257369
241.56117 80.291016 -35.08776 -6.5084605 -17.567928 1.9834666 1260256257374
241.56117 80.291016 -35.08776 -5.585879 -8.119972 -6.311286 1260256257378
243.63312 82.126465 -34.48337 -5.585879 -8.119972 -6.311286 1260256257381
243.63312 82.126465 -34.48337 -9.606446 -24.649502 -14.664174 1260256257390
245.15146 83.820145 -33.809204 -9.606446 -24.649502 -14.664174 1260256257396
245.15146 83.820145 -33.809204 -15.384992 -29.672695 -2.0345511 1260256257400
245.99388 85.47913 -33.318745 -15.384992 -29.672695 -2.0345511 1260256257403
245.99388 85.47913 -33.318745 -18.81264 -15.051264 -2.3177676 1260256257413
246.29419 87.055176 -32.90281 -18.81264 -15.051264 -2.3177676 1260256257416
246.29419 87.055176 -32.90281 -19.476826 -12.805846 -2.9278262 1260256257419
246.22948 88.552414 -32.60767 -19.476826 -12.805846 -2.9278262 1260256257422
246.22948 88.552414 -32.60767 -19.19703 -25.102352 2.1187727 1260256257428
245.81801 87.07479 -32.527287 -19.19703 -25.102352 2.1187727 1260256257437
245.81801 87.07479 -32.527287 -19.216953 -9.874437 4.683635 1260256257451
244.52711 85.471054 -32.60092 -19.216953 -9.874437 4.683635 1260256257456
244.52711 85.471054 -32.60092 -19.458378 -9.325548 0.27429843 1260256257470
241.30077 83.6475 -32.870876 -19.458378 -9.325548 0.27429843 1260256257473
241.30077 83.6475 -32.870876 -19.990435 -21.724802 3.758865 1260256257477
236.68573 81.76512 -33.177334 -19.990435 -21.724802 3.758865 1260256257480
236.68573 81.76512 -33.177334 -18.884346 -11.416055 2.7807233 1260256257483
