195.54836 16.333712 4.601693 -2.4277723 -1.4123557 15.737319 1260256557191
195.54836 16.333712 4.601693 -5.817359 1.1907029 10.643268 1260256557202
198.72093 16.717026 5.6716084 -5.817359 1.1907029 10.643268 1260256557206
198.72093 16.717026 5.6716084 -0.32844543 3.3634958 5.274011 1260256557209
201.53488 17.281174 7.088028 -0.32844543 3.3634958 5.274011 1260256557214
201.53488 17.281174 7.088028 13.982208 3.9840832 8.62446 1260256557220
203.90814 18.017115 8.883627 13.982208 3.9840832 8.62446 1260256557227
203.90814 18.017115 8.883627 14.405383 -0.093515396 1.3199859 1260256557230
206.41273 18.716259 11.139445 14.405383 -0.093515396 1.3199859 1260256557233
206.41273 18.716259 11.139445 1.851304 -6.365811 5.0701065 1260256557241
209.0921 19.280445 13.532473 1.851304 -6.365811 5.0701065 1260256557253
209.0921 19.280445 13.532473 20.770008 -11.421 6.7646923 1260256557262
212.1875 26.166422 16.205849 20.770008 -11.421 6.7646923 1260256557266
212.1875 26.166422 16.205849 8.749489 -14.1678295 -4.51447 1260256557269
216.02812 33.258102 19.145555 8.749489 -14.1678295 -4.51447 1260256557274
216.02812 33.258102 19.145555 15.675369 -12.19265 -4.7056265 1260256557281
220.92671 22.695196 21.938278 15.675369 -12.19265 -4.7056265 1260256557286
220.92671 22.695196 21.938278 12.285869 6.7658505 4.3267207 1260256557289
227.03038 13.460436 24.191364 12.285869 6.7658505 4.3267207 1260256557298
227.03038 13.460436 24.191364 1.1355109 -4.5348763 1.4199603 1260256557301
217.12886 10.487414 24.931797 1.1355109 -4.5348763 1.4199603 1260256557308
217.12886 10.487414 24.931797 2.63403 13.737417 -2.5340493 1260256557311
208.82242 8.213043 23.585207 2.63403 13.737417 -2.5340493 1260256557314
208.82242 8.213043 23.585207 -10.124237 -2.5282955 9.358801 1260256557321
201.0813 7.002391 21.355947 -10.124237 -2.5282955 9.358801 1260256557325
201.0813 7.002391 21.355947 -0.53235626 -1.3893452 10.028273 1260256557328
193.77724 7.1022716 18.73815 -0.53235626 -1.3893452 10.028273 1260256557353
193.77724 7.1022716 18.73815 -12.530617 -10.564204 25.2426 1260256557360
187.03838 8.347158 16.151241 -12.530617 -10.564204 25.2426 1260256557365
187.03838 8.347158 16.151241 -16.407082 -20.767897 18.83304 1260256557368
181.08646 10.829801 13.993679 -16.407082 -20.767897 18.83304 1260256557372
181.08646 10.829801 13.993679 -0.74751854 -10.015751 6.2384186 1260256557380
176.18213 15.738311 12.443995 -0.74751854 -10.015751 6.2384186 1260256557390
176.18213 15.738311 12.443995 -8.04732 -22.285177 -13.1818 1260256557393
172.67302 21.101395 11.571795 -8.04732 -22.285177 -13.1818 1260256557401
172.67302 21.101395 11.571795 -10.206141 -25.388338 -14.612249 1260256557404
170.58937 27.246325 11.093205 -10.206141 -25.388338 -14.612249 1260256557408
170.58937 27.246325 11.093205 -9.140415 -19.70998 -15.911653 1260256557413
169.1599 33.93401 10.638545 -9.140415 -19.70998 -15.911653 1260256557422
169.1599 33.93401 10.638545 -8.514606 -11.088519 -12.855606 1260256557425
165.8519 41.037308 10.056618 -8.514606 -11.088519 -12.855606 1260256557428
165.8519 41.037308 10.056618 -6.006103 1.029001 -5.020195 1260256557434
167.00931 30.835442 9.053787 -6.006103 1.029001 -5.020195 1260256557468
167.00931 30.835442 9.053787 1.8911991 8.207642 -16.585798 1260256557473
168.50885 22.14367 7.401098 1.8911991 8.207642 -16.585798 1260256557487
168.50885 22.14367 7.401098 5.447826 6.501201 -9.8907585 1260256557492
172.5834 13.336485 5.1810427 5.447826 6.501201 -9.8907585 1260256557500
172.5834 13.336485 5.1810427 -13.496838 -3.2816389 -2.1480632 1260256557509
167.30423 20.469662 3.9719906 -13.496838 -3.2816389 -2.1480632 1260256557512
167.30423 20.469662 3.9719906 -10.884612 -14.500729 -9.494423 1260256557520
165.03902 25.946178 3.523391 -10.884612 -14.500729 -9.494423 1260256557523
165.03902 25.946178 3.523391 -5.204101 -20.360176 -17.17139 1260256557529
164.28706 30.94887 3.4972215 -5.204101 -20.360176 -17.17139 1260256557532
164.28706 30.94887 3.4972215 -2.0365078 -16.630886 -23.457651 1260256557539
164.7727 35.801426 3.7223604 -2.0365078 -16.630886 -23.457651 1260256557542
164.7727 35.801426 3.7223604 -0.89583206 -15.317301 -16.138008 1260256557546
165.53407 40.511356 4.0362425 -0.89583206 -15.317301 -16.138008 1260256557549
165.53407 40.511356 4.0362425 -2.5090308 -25.248161 -11.699001 1260256557554
166.05737 45.28579 4.2844305 -2.5090308 -25.248161 -11.699001 1260256557565
166.05737 45.28579 4.2844305 -4.830082 -28.098225 -20.006546 1260256557569
165.15451 49.8215 4.170209 -4.830082 -28.098225 -20.006546 1260256557579
165.15451 49.8215 4.170209 -7.8361063 -10.445999 -19.930325 1260256557584
162.29678 54.080425 3.4616985 -7.8361063 -10.445999 -19.930325 1260256557588
162.29678 54.080425 3.4616985 -5.8486676 -4.716814 -3.1477084 1260256557591
156.58194 58.476402 1.0886135 -5.8486676 -4.716814 -3.1477084 1260256557601
156.58194 58.476402 1.0886135 2.267468 -14.930102 -5.101895 1260256557604
150.20284 55.752583 -1.7158172 2.267468 -14.930102 -5.101895 1260256557612
150.20284 55.752583 -1.7158172 -19.639982 6.226947 5.805888 1260256557621
144.3427 52.664955 -3.3800263 -19.639982 6.226947 5.805888 1260256557626
144.3427 52.664955 -3.3800263 -9.126519 -4.6211576 23.199596 1260256557629
138.72556 49.98171 -4.661025 -9.126519 -4.6211576 23.199596 1260256557644
138.72556 49.98171 -4.661025 -2.9207096 3.2205224 22.889494 1260256557648
133.33928 47.832623 -5.827974 -2.9207096 3.2205224 22.889494 1260256557658
133.33928 47.832623 -5.827974 -8.671598 2.9734607 17.888706 1260256557661
128.22232 46.540993 -7.0365753 -8.671598 2.9734607 17.888706 1260256557831
128.22232 46.540993 -7.0365753 -18.908161 -14.370169 13.019217 1260256557842
123.8112 46.463943 -8.284746 -18.908161 -14.370169 13.019217 1260256557846
123.8112 46.463943 -8.284746 -19.514988 -20.227772 13.053166 1260256557850
121.520645 49.790745 -8.920509 -19.514988 -20.227772 13.053166 1260256557854
121.520645 49.790745 -8.920509 -10.864195 -11.428936 -10.818478 1260256557863
122.644615 53.701206 -8.4744835 -10.864195 -11.428936 -10.818478 1260256557867
122.644615 53.701206 -8.4744835 -7.9186687 -14.157091 -7.9898467 1260256557870
126.36238 58.166145 -7.400759 -7.9186687 -14.157091 -7.9898467 1260256557878
126.36238 58.166145 -7.400759 -2.7359242 -26.678555 -21.597805 1260256557882
131.39426 62.80784 -6.130721 -2.7359242 -26.678555 -21.597805 1260256557888
131.39426 62.80784 -6.130721 11.3767395 -15.07395 -16.481163 1260256557890
136.22455 67.317444 -4.924185 11.3767395 -15.07395 -16.481163 1260256557898
136.22455 67.317444 -4.924185 18.801994 -3.96235 -25.647259 1260256557901
139.61333 71.70157 -4.1279755 18.801994 -3.96235 -25.647259 1260256557905
139.61333 71.70157 -4.1279755 12.981533 -15.55689 -17.45631 1260256557910
138.73267 75.91649 -4.2215767 12.981533 -15.55689 -17.45631 1260256557913
138.73267 75.91649 -4.2215767 6.8179865 -11.528632 -19.103912 1260256557921
133.49603 79.77067 -7.110498 6.8179865 -11.528632 -19.103912 1260256557927
133.49603 79.77067 -7.110498 -16.216978 4.6899805 -3.3694673 1260256557938
128.27122 76.282135 -9.154973 -16.216978 4.6899805 -3.3694673 1260256557943
128.27122 76.282135 -9.154973 -16.09627 -10.764767 5.805553 1260256557947
123.25766 72.81803 -10.447225 -16.09627 -10.764767 5.805553 1260256557950
123.25766 72.81803 -10.447225 -7.38194 1.7031963 26.92059 1260256557958
118.54478 69.72713 -11.474863 -7.38194 1.7031963 26.92059 1260256557962
118.54478 69.72713 -11.474863 -7.430725 -11.596579 30.244837 1260256557968
114.16754 67.19077 -12.55112 -7.430725 -11.596579 30.244837 1260256557973
114.16754 67.19077 -12.55112 -14.710347 0.49073696 17.515316 1260256557983
110.35916 65.38123 -13.873564 -14.710347 0.49073696 17.515316 1260256557989
110.35916 65.38123 -13.873564 -23.994394 -17.388145 11.597034 1260256557992
107.8412 64.612175 -15.179886 -23.994394 -17.388145 11.597034 1260256557998
107.8412 64.612175 -15.179886 -17.42782 -24.295647 2.8094559 1260256558003
107.249146 67.73157 -15.570891 -17.42782 -24.295647 2.8094559 1260256558009
107.249146 67.73157 -15.570891 -9.906301 -7.819109 -11.682704 1260256558020
108.43669 70.99499 -15.192347 -9.906301 -7.819109 -11.682704 1260256558027
108.43669 70.99499 -15.192347 -8.700279 -29.452652 -15.561907 1260256558030
111.264854 74.39524 -14.282729 -8.700279 -29.452652 -15.561907 1260256558040
111.264854 74.39524 -14.282729 -8.034678 -13.380559 -25.676071 1260256558050
114.701614 77.77548 -13.218593 -8.034678 -13.380559 -25.676071 1260256558061
114.701614 77.77548 -13.218593 -1.9710062 -27.607666 -31.786709 1260256558064
117.816536 81.13671 -12.257663 -1.9710062 -27.607666 -31.786709 1260256558078
117.816536 81.13671 -12.257663 5.9603686 -12.0836735 -16.095224 1260256558083
119.52571 84.42988 -11.694779 5.9603686 -12.0836735 -16.095224 1260256558101
119.52571 84.42988 -11.694779 7.173581 -15.835387 -24.75851 1260256558108
118.29942 87.45838 -12.01004 7.173581 -15.835387 -24.75851 1260256558118
118.29942 87.45838 -12.01004 0.8166089 -3.46136 -3.4135299 1260256558121
114.48445 85.485466 -13.459538 0.8166089 -3.46136 -3.4135299 1260256558136
114.48445 85.485466 -13.459538 -15.589088 -3.002685 -3.6322687 1260256558144
110.06023 83.26119 -14.086561 -15.589088 -3.002685 -3.6322687 1260256558159
110.06023 83.26119 -14.086561 -19.348938 -23.964767 13.057459 1260256558166
105.707214 81.198135 -14.282233 -19.348938 -23.964767 13.057459 1260256558177
105.707214 81.198135 -14.282233 -18.86356 -15.236498 18.440594 1260256558188
101.52185 79.38823 -14.368121 -18.86356 -15.236498 18.440594 1260256558199
101.52185 79.38823 -14.368121 -18.651808 -15.720594 22.826286 1260256558201
97.64576 77.86882 -14.449715 -18.651808 -15.720594 22.826286 1260256558218
97.64576 77.86882 -14.449715 -17.49743 -28.280857 20.08013 1260256558224
94.31347 76.72538 -14.727229 -17.49743 -28.280857 20.08013 1260256558246
94.31347 76.72538 -14.727229 -15.552349 -27.176159 8.777251 1260256558249
92.497795 76.03911 -15.340868 -15.552349 -27.176159 8.777251 1260256558258
92.497795 76.03911 -15.340868 -9.809877 -18.335705 -6.8961344 1260256558261
93.3729 79.08715 -15.323825 -9.809877 -18.335705 -6.8961344 1260256558281
93.3729 79.08715 -15.323825 -7.213943 -4.3116155 -1.680408 1260256558284
96.90426 82.832794 -14.507633 -7.213943 -4.3116155 -1.680408 1260256558302
96.90426 82.832794 -14.507633 -8.862748 -17.4361 -19.164934 1260256558305
102.50905 86.691154 -13.382252 -8.862748 -17.4361 -19.164934 1260256558318
102.50905 86.691154 -13.382252 -3.3239331 0.55755615 -22.058775 1260256558321
108.5336 90.40659 -12.21314 -3.3239331 0.55755615 -22.058775 1260256558339
108.5336 90.40659 -12.21314 8.361553 -15.068171 -32.654964 1260256558342
113.10692 93.73627 -11.252482 8.361553 -15.068171 -32.654964 1260256558356
113.10692 93.73627 -11.252482 11.97089 -3.4160018 -17.360203 1260256558364
113.551575 95.14945 -11.189858 11.97089 -3.4160018 -17.360203 1260256558382
113.551575 95.14945 -11.189858 7.518091 -17.970144 -4.805709 1260256558386
109.324 93.24198 -11.580365 7.518091 -17.970144 -4.805709 1260256558397
109.324 93.24198 -11.580365 2.9821572 -4.9075193 9.870127 1260256558401
104.6578 90.779884 -11.751347 2.9821572 -4.9075193 9.870127 1260256558420
104.6578 90.779884 -11.751347 0.78479004 -20.588987 10.8085785 1260256558423
100.12491 88.59089 -11.663779 0.78479004 -20.588987 10.8085785 1260256558442
100.12491 88.59089 -11.663779 2.7209368 -25.75253 23.12986 1260256558610
96.16866 87.761345 -11.28059 2.7209368 -25.75253 23.12986 1260256558621
96.16866 87.761345 -11.28059 7.9745045 -17.376354 8.89603 1260256558630
100.26023 88.92328 -10.46656 7.9745045 -17.376354 8.89603 1260256558633
100.26023 88.92328 -10.46656 10.176554 -26.340046 -9.583964 1260256558641
105.49722 91.37711 -9.393232 10.176554 -26.340046 -9.583964 1260256558644
105.49722 91.37711 -9.393232 4.1038966 -13.503775 -8.064317 1260256558650
111.17236 94.258255 -8.273571 4.1038966 -13.503775 -8.064317 1260256558653
111.17236 94.258255 -8.273571 -2.875237 -14.7036705 -27.092268 1260256558661
116.51375 97.095345 -7.2098923 -2.875237 -14.7036705 -27.092268 1260256558665
116.51375 97.095345 -7.2098923 -2.6471872 -14.594493 -25.817425 1260256558669
119.98806 99.840576 -6.5493975 -2.6471872 -14.594493 -25.817425 1260256558674
119.98806 99.840576 -6.5493975 -1.2569996 -0.16056156 -4.5600753 1260256558682
114.68866 96.048546 -9.521928 -1.2569996 -0.16056156 -4.5600753 1260256558686
114.68866 96.048546 -9.521928 -2.0867658 -10.917653 2.3323216 1260256558689
109.40423 91.14612 -10.845832 -2.0867658 -10.917653 2.3323216 1260256558694
109.40423 91.14612 -10.845832 3.1661868 0.81345266 10.463882 1260256558700
104.28402 86.78881 -12.10354 3.1661868 0.81345266 10.463882 1260256558706
104.28402 86.78881 -12.10354 -4.845449 8.051033 15.823471 1260256558709
99.51982 84.04937 -13.348364 -4.845449 8.051033 15.823471 1260256558722
99.51982 84.04937 -13.348364 -14.914776 -14.011934 3.0890808 1260256558726
96.39383 85.2969 -13.580946 -14.914776 -14.011934 3.0890808 1260256558731
96.39383 85.2969 -13.580946 -13.403103 -11.000421 -6.361021 1260256558734
97.67414 86.982056 -13.101898 -13.403103 -11.000421 -6.361021 1260256558742
97.67414 86.982056 -13.101898 -6.826016 -12.509361 -6.5191264 1260256558746
102.540436 89.03295 -12.246803 -6.826016 -12.509361 -6.5191264 1260256558751
102.540436 89.03295 -12.246803 5.1762605 -31.280323 -13.294151 1260256558754
108.063416 91.181305 -11.1844635 5.1762605 -31.280323 -13.294151 1260256558761
108.063416 91.181305 -11.1844635 14.161267 -21.016232 -21.14859 1260256558766
113.610245 93.32224 -10.02524 14.161267 -21.016232 -21.14859 1260256558771
113.610245 93.32224 -10.02524 11.012612 -10.980051 -22.473915 1260256558782
118.72974 95.20613 -8.873978 11.012612 -10.980051 -22.473915 1260256558788
118.72974 95.20613 -8.873978 -0.37551785 -24.254255 -18.13485 1260256558791
121.89325 96.54582 -7.930279 -0.37551785 -24.254255 -18.13485 1260256558801
121.89325 96.54582 -7.930279 -7.0065594 -20.777582 -7.5666375 1260256558805
120.298584 97.01853 -7.533765 -7.0065594 -20.777582 -7.5666375 1260256558809
120.298584 97.01853 -7.533765 -9.35632 -13.017651 -5.5582843 1260256558822
116.13365 94.967606 -8.407077 -9.35632 -13.017651 -5.5582843 1260256558828
116.13365 94.967606 -8.407077 -10.994813 -11.609179 -1.5691755 1260256558834
111.67697 90.16923 -9.636723 -10.994813 -11.609179 -1.5691755 1260256558841
111.67697 90.16923 -9.636723 -2.4740343 -7.8011155 12.647707 1260256558850
107.993126 84.61076 -10.504887 -2.4740343 -7.8011155 12.647707 1260256558860
107.993126 84.61076 -10.504887 3.1683083 2.2396765 14.498173 1260256558863
104.39347 79.08022 -11.529642 3.1683083 2.2396765 14.498173 1260256558876
104.39347 79.08022 -11.529642 0.9168544 11.307311 6.3597856 1260256558884
99.7238 73.92621 -13.15316 0.9168544 11.307311 6.3597856 1260256558903
99.7238 73.92621 -13.15316 -15.8729725 16.017586 9.807861 1260256558907
111.937614 69.6799 -15.595502 -15.8729725 16.017586 9.807861 1260256558917
111.937614 69.6799 -15.595502 -13.916548 -2.467388 -2.0826201 1260256558921
123.54073 66.645905 -18.715727 -13.916548 -2.467388 -2.0826201 1260256558940
123.54073 66.645905 -18.715727 -12.394457 4.0206184 -5.514001 1260256558943
135.2637 70.91361 -20.82994 -12.394457 4.0206184 -5.514001 1260256558962
135.2637 70.91361 -20.82994 -21.193222 -16.16636 0.33646095 1260256558966
128.75052 74.06793 -21.938444 -21.193222 -16.16636 0.33646095 1260256558977
128.75052 74.06793 -21.938444 -10.295673 -0.7654276 -3.2027514 1260256558987
122.51299 76.46454 -22.441523 -10.295673 -0.7654276 -3.2027514 1260256558998
122.51299 76.46454 -22.441523 -3.6883206 -21.327812 -5.7491436 1260256559001
133.78734 78.39131 -22.519447 -3.6883206 -21.327812 -5.7491436 1260256559020
133.78734 78.39131 -22.519447 -2.4015326 -17.522013 7.376481 1260256559023
142.74797 79.97175 -22.343475 -2.4015326 -17.522013 7.376481 1260256559043
142.74797 79.97175 -22.343475 -3.6871514 -10.248146 -0.21144378 1260256559047
148.26057 81.27316 -21.976301 -3.6871514 -10.248146 -0.21144378 1260256559057
148.26057 81.27316 -21.976301 -6.4381 -19.6726 -11.676839 1260256559061
152.54755 82.359505 -21.427486 -6.4381 -19.6726 -11.676839 1260256559079
152.54755 82.359505 -21.427486 -10.370869 -32.43492 -9.475022 1260256559082
156.07018 83.24153 -20.806112 -10.370869 -32.43492 -9.475022 1260256559101
156.07018 83.24153 -20.806112 -13.002484 -35.432938 -2.1232712 1260256559104
159.06667 84.02946 -20.215807 -13.002484 -35.432938 -2.1232712 1260256559118
159.06667 84.02946 -20.215807 -13.191476 -30.875957 -1.7229384 1260256559128
161.51334 83.82799 -19.705017 -13.191476 -30.875957 -1.7229384 1260256559138
161.51334 83.82799 -19.705017 -10.939051 -29.154388 -2.2330413 1260256559141
163.38766 83.436584 -19.269766 -10.939051 -29.154388 -2.2330413 1260256559160
163.38766 83.436584 -19.269766 -7.48474 -27.13604 0.8793757 1260256559164
