297.16684 -129.15211 25.23947 10.214466 1.0752068 -6.6839876 1260261180945
297.16684 -129.15211 25.23947 3.836124 6.244034 -12.487427 1260261180953
289.3085 -127.44451 24.227495 3.836124 6.244034 -12.487427 1260261180956
289.3085 -127.44451 24.227495 -6.9593363 18.832901 -1.5203185 1260261180962
281.2931 -126.32229 22.31612 -6.9593363 18.832901 -1.5203185 1260261180965
281.2931 -126.32229 22.31612 -5.2809772 14.360456 -7.7670054 1260261180968
274.12845 -125.95618 19.750315 -5.2809772 14.360456 -7.7670054 1260261180976
274.12845 -125.95618 19.750315 3.21375 10.752567 5.4597588 1260261180979
267.97202 -126.35837 16.5628 3.21375 10.752567 5.4597588 1260261180983
267.97202 -126.35837 16.5628 -14.449081 13.655459 -5.6362696 1260261180989
262.7734 -127.54045 12.984659 -14.449081 13.655459 -5.6362696 1260261181014
262.7734 -127.54045 12.984659 -5.11766 14.874765 -5.96614 1260261181021
258.23474 -128.91342 9.3854265 -5.11766 14.874765 -5.96614 1260261181037
258.23474 -128.91342 9.3854265 -9.325763 3.695961 6.4118648 1260261181041
254.323 -130.56775 5.9161553 -9.325763 3.695961 6.4118648 1260261181046
254.323 -130.56775 5.9161553 -13.445912 -6.011175 -2.5752487 1260261181049
250.85684 -132.28937 2.7703474 -13.445912 -6.011175 -2.5752487 1260261181057
250.85684 -132.28937 2.7703474 -5.434223 6.083213 -13.736904 1260261181060
247.214 -133.9749 0.48182988 -5.434223 6.083213 -13.736904 1260261181064
247.214 -133.9749 0.48182988 -2.6365886 11.422139 -11.106911 1260261181069
243.1533 -135.62616 -1.0422616 -2.6365886 11.422139 -11.106911 1260261181078
243.1533 -135.62616 -1.0422616 -14.087963 -2.3902538 -13.819651 1260261181082
237.74564 -137.09485 -1.9401485 -14.087963 -2.3902538 -13.819651 1260261181094
237.74564 -137.09485 -1.9401485 -13.388651 -5.4390306 -13.4786415 1260261181098
229.25835 -138.2901 -2.193141 -13.388651 -5.4390306 -13.4786415 1260261181104
229.25835 -138.2901 -2.193141 -10.114651 6.0632553 -21.079914 1260261181107
218.29543 -139.1756 -2.033484 -10.114651 6.0632553 -21.079914 1260261181117
218.29543 -139.1756 -2.033484 -8.442701 16.690125 -22.160032 1260261181120
224.08066 -139.86682 -1.6318097 -8.442701 16.690125 -22.160032 1260261181128
224.08066 -139.86682 -1.6318097 -6.85339 21.519436 -23.115211 1260261181140
227.77663 -140.47348 -0.9002192 -6.85339 21.519436 -23.115211 1260261181148
227.77663 -140.47348 -0.9002192 -1.1129313 21.531075 -29.305208 1260261181156
229.9878 -141.09981 0.044791795 -1.1129313 21.531075 -29.305208 1260261181163
229.9878 -141.09981 0.044791795 10.09564 16.714987 -35.21392 1260261181167
231.3884 -141.84482 1.1425523 10.09564 16.714987 -35.21392 1260261181175
231.3884 -141.84482 1.1425523 19.675098 7.274965 -27.390089 1260261181178
232.01898 -142.70258 2.3854246 19.675098 7.274965 -27.390089 1260261181196
232.01898 -142.70258 2.3854246 17.593199 -0.66614246 -18.505106 1260261181199
232.41803 -143.66745 3.7161534 17.593199 -0.66614246 -18.505106 1260261181219
232.41803 -143.66745 3.7161534 3.5544987 -1.5876102 -20.505621 1260261181222
232.84712 -144.58408 5.0803456 3.5544987 -1.5876102 -20.505621 1260261181235
232.84712 -144.58408 5.0803456 -3.24642 4.2483068 -5.6229343 1260261181240
233.60477 -145.05487 6.7263284 -3.24642 4.2483068 -5.6229343 1260261181255
233.60477 -145.05487 6.7263284 7.511799 7.4628487 4.045018 1260261181257
230.27454 -140.50212 7.890012 7.511799 7.4628487 4.045018 1260261181276
230.27454 -140.50212 7.890012 10.896887 9.244595 0.89515495 1260261181279
226.71082 -134.52701 6.2955112 10.896887 9.244595 0.89515495 1260261181294
226.71082 -134.52701 6.2955112 -1.254864 6.430086 -5.488985 1260261181303
223.37527 -128.75066 3.9307358 -1.254864 6.430086 -5.488985 1260261181313
223.37527 -128.75066 3.9307358 -10.701145 2.4012194 10.802382 1260261181317
220.20651 -123.313126 1.484199 -10.701145 2.4012194 10.802382 1260261181336
220.20651 -123.313126 1.484199 3.811185 -4.012824 4.67511 1260261181339
217.1462 -118.19747 -0.940011 3.811185 -4.012824 4.67511 1260261181358
217.1462 -118.19747 -0.940011 -16.01824 -5.0817175 8.723145 1260261181362
214.23889 -113.387596 -3.2930105 -16.01824 -5.0817175 8.723145 1260261181373
214.23889 -113.387596 -3.2930105 -7.96067 7.5582805 -2.254521 1260261181379
211.57695 -108.76822 -5.72836 -7.96067 7.5582805 -2.254521 1260261181393
211.57695 -108.76822 -5.72836 -4.766646 13.679027 3.0277383 1260261181396
209.0981 -104.479805 -8.391942 -4.766646 13.679027 3.0277383 1260261181416
209.0981 -104.479805 -8.391942 -18.399519 -2.4893308 7.326789 1260261181419
206.64319 -100.70582 -10.972345 -18.399519 -2.4893308 7.326789 1260261181434
206.64319 -100.70582 -10.972345 0.30397415 7.016779 0.7701331 1260261181444
203.76103 -102.72053 -12.923728 0.30397415 7.016779 0.7701331 1260261181454
203.76103 -102.72053 -12.923728 -11.872653 14.874923 -6.905153 1260261181640
200.22298 -104.234505 -14.127542 -11.872653 14.874923 -6.905153 1260261181646
200.22298 -104.234505 -14.127542 -16.922989 3.4135184 -3.5666308 1260261181649
196.06183 -105.32278 -14.721165 -16.922989 3.4135184 -3.5666308 1260261181658
196.06183 -105.32278 -14.721165 -13.964446 0.88200474 -5.6725335 1260261181661
191.15874 -106.206635 -14.785107 -13.964446 0.88200474 -5.6725335 1260261181665
191.15874 -106.206635 -14.785107 -12.00889 7.072795 -11.857267 1260261181670
185.1508 -107.1463 -14.4958515 -12.00889 7.072795 -11.857267 1260261181676
185.1508 -107.1463 -14.4958515 -11.873151 17.278997 -12.881774 1260261181683
177.39326 -108.388985 -13.871058 -11.873151 17.278997 -12.881774 1260261181686
177.39326 -108.388985 -13.871058 -10.231415 25.02747 -13.807819 1260261181696
185.9236 -109.91953 -12.9275055 -10.231415 25.02747 -13.807819 1260261181702
185.9236 -109.91953 -12.9275055 -1.2017164 16.631098 -27.440363 1260261181705
192.52742 -111.573555 -11.68113 -1.2017164 16.631098 -27.440363 1260261181708
192.52742 -111.573555 -11.68113 13.2110615 7.2498846 -21.337515 1260261181717
197.75105 -113.24488 -10.247074 13.2110615 7.2498846 -21.337515 1260261181720
197.75105 -113.24488 -10.247074 15.570696 18.479757 -29.152132 1260261181724
202.2135 -114.88264 -8.73472 15.570696 18.479757 -29.152132 1260261181729
202.2135 -114.88264 -8.73472 2.9143734 24.639507 -18.699144 1260261181739
206.45282 -116.538506 -7.247984 2.9143734 24.639507 -18.699144 1260261181749
206.45282 -116.538506 -7.247984 -0.6046252 8.085859 -21.037558 1260261181756
210.63017 -118.31158 -5.8355846 -0.6046252 8.085859 -21.037558 1260261181762
210.63017 -118.31158 -5.8355846 8.2731 -3.3341374 -4.5624857 1260261181765
217.34866 -119.645996 -5.0438056 8.2731 -3.3341374 -4.5624857 1260261181768
217.34866 -119.645996 -5.0438056 9.75704 4.2192674 0.78882504 1260261181776
214.73123 -114.0637 -6.441615 9.75704 4.2192674 0.78882504 1260261181780
214.73123 -114.0637 -6.441615 -3.2078075 8.458664 7.9784603 1260261181785
211.99467 -109.01051 -7.2195344 -3.2078075 8.458664 7.9784603 1260261181788
211.99467 -109.01051 -7.2195344 -10.208374 9.374324 2.087631 1260261181795
