98.1225 26.59501 5.2875247 -8.0409 -9.867043 12.503101 1260255555535
98.1225 26.59501 5.2875247 -6.5480585 -16.66148 6.7201653 1260255555544
98.166374 28.66526 5.8231483 -6.5480585 -16.66148 6.7201653 1260255555572
98.166374 28.66526 5.8231483 -2.1309004 -3.675227 -6.075619 1260255555581
100.50806 33.232 6.531991 -2.1309004 -3.675227 -6.075619 1260255555591
100.50806 33.232 6.531991 5.1781473 -16.53479 -5.2892513 1260255555594
104.33266 38.970398 7.1053915 5.1781473 -16.53479 -5.2892513 1260255555603
104.33266 38.970398 7.1053915 10.544188 -15.261326 -6.898864 1260255555606
108.96603 45.12188 7.450122 10.544188 -15.261326 -6.898864 1260255555614
108.96603 45.12188 7.450122 12.593752 -13.506577 -12.323952 1260255555647
114.067726 51.365784 7.5776157 12.593752 -13.506577 -12.323952 1260255555650
114.067726 51.365784 7.5776157 12.737868 -12.044915 -17.52938 1260255555653
119.26434 57.497494 7.548735 12.737868 -12.044915 -17.52938 1260255555663
119.26434 57.497494 7.548735 12.057424 -10.348335 -20.63502 1260255555671
123.90112 63.42262 7.3712983 12.057424 -10.348335 -20.63502 1260255555674
123.90112 63.42262 7.3712983 10.519123 -7.201977 -20.629866 1260255555682
126.70607 69.10149 7.1027336 10.519123 -7.201977 -20.629866 1260255555688
126.70607 69.10149 7.1027336 7.911328 -1.1747462 -18.087023 1260255555694
123.27077 74.496414 6.647597 7.911328 -1.1747462 -18.087023 1260255555706
123.27077 74.496414 6.647597 2.7708368 6.543505 -17.326002 1260255555709
117.85723 79.52159 5.915217 2.7708368 6.543505 -17.326002 1260255555719
117.85723 79.52159 5.915217 -6.0995073 6.2961826 -24.352715 1260255555722
113.81437 83.59551 4.669456 -6.0995073 6.2961826 -24.352715 1260255555741
113.81437 83.59551 4.669456 -14.653434 -14.145082 -13.301703 1260255555744
110.97365 85.86574 2.8859832 -14.653434 -14.145082 -13.301703 1260255555763
110.97365 85.86574 2.8859832 -4.795482 -2.6627197 -0.5209336 1260255555767
108.32497 84.52245 1.391684 -4.795482 -2.6627197 -0.5209336 1260255555779
108.32497 84.52245 1.391684 0.29966354 -20.553202 3.6578884 1260255555788
105.70872 82.89633 0.2720998 0.29966354 -20.553202 3.6578884 1260255555800
105.70872 82.89633 0.2720998 -8.180761 -32.667435 18.053247 1260255555804
103.17328 81.15151 -0.64150524 -8.180761 -32.667435 18.053247 1260255555817
103.17328 81.15151 -0.64150524 -17.278193 -22.151138 28.553865 1260255555821
100.61462 79.19394 -1.45943 -17.278193 -22.151138 28.553865 1260255555838
100.61462 79.19394 -1.45943 -20.608328 -19.030396 24.755556 1260255555842
98.18388 77.234245 -2.2364585 -20.608328 -19.030396 24.755556 1260255555857
98.18388 77.234245 -2.2364585 -17.487188 -31.0592 25.803444 1260255555861
95.87469 75.32253 -2.9746356 -17.487188 -31.0592 25.803444 1260255555877
95.87469 75.32253 -2.9746356 -10.045963 -17.07435 10.590156 1260255555881
93.73095 73.556404 -3.7759037 -10.045963 -17.07435 10.590156 1260255555901
93.73095 73.556404 -3.7759037 -1.1931562 -4.218934 16.877739 1260255555904
91.8944 72.27859 -4.7371087 -1.1931562 -4.218934 16.877739 1260255555917
91.8944 72.27859 -4.7371087 3.8857746 -11.185077 7.9981403 1260255555921
90.39968 71.71466 -5.8002534 3.8857746 -11.185077 7.9981403 1260255555937
90.39968 71.71466 -5.8002534 -0.20259905 -14.5076065 -5.3924046 1260255555941
89.52969 74.47893 -6.610241 -0.20259905 -14.5076065 -5.3924046 1260255555957
89.52969 74.47893 -6.610241 -6.594258 0.5466895 1.4596992 1260255555960
89.50321 78.554985 -6.679729 -6.594258 0.5466895 1.4596992 1260255555977
89.50321 78.554985 -6.679729 -5.4876223 -4.7274365 -19.83943 1260255555980
92.428055 83.17724 -6.2457423 -5.4876223 -4.7274365 -19.83943 1260255555999
92.428055 83.17724 -6.2457423 0.8435677 -12.4829235 -16.60523 1260255556004
101.05665 87.91838 -5.6334553 0.8435677 -12.4829235 -16.60523 1260255556017
101.05665 87.91838 -5.6334553 8.366762 -0.5279333 -15.100914 1260255556020
111.35381 74.52246 -4.9017825 8.366762 -0.5279333 -15.100914 1260255556043
111.35381 74.52246 -4.9017825 13.588284 7.404133 -25.214687 1260255556046
121.43613 61.796337 -4.206693 13.588284 7.404133 -25.214687 1260255556057
121.43613 61.796337 -4.206693 12.972781 8.415611 -30.438559 1260255556060
129.96432 67.60652 -3.6463585 12.972781 8.415611 -30.438559 1260255556077
129.96432 67.60652 -3.6463585 8.212493 9.072742 -27.583889 1260255556081
133.76611 72.92619 -3.2640405 8.212493 9.072742 -27.583889 1260255556097
133.76611 72.92619 -3.2640405 2.872295 3.6987383 -16.236267 1260255556101
133.5778 77.529884 -3.1508384 2.872295 3.6987383 -16.236267 1260255556117
133.5778 77.529884 -3.1508384 -0.19542053 -13.270024 -13.583504 1260255556120
132.54892 80.80339 -3.2932966 -0.19542053 -13.270024 -13.583504 1260255556139
132.54892 80.80339 -3.2932966 -0.058096886 -1.5439186 -18.118576 1260255556312
130.37148 82.01322 -3.5286317 -0.058096886 -1.5439186 -18.118576 1260255556323
130.37148 82.01322 -3.5286317 1.4516342 -18.474453 -11.944311 1260255556332
126.8529 81.612564 -3.6022 1.4516342 -18.474453 -11.944311 1260255556335
126.8529 81.612564 -3.6022 2.6534808 -20.001541 -3.1054301 1260255556343
122.81025 80.58193 -3.52209 2.6534808 -20.001541 -3.1054301 1260255556346
122.81025 80.58193 -3.52209 2.699742 -16.207352 9.5568905 1260255556352
118.619736 79.15283 -3.3959854 2.699742 -16.207352 9.5568905 1260255556355
118.619736 79.15283 -3.3959854 2.125737 -19.954334 27.493496 1260255556363
114.48875 77.49519 -3.176186 2.125737 -19.954334 27.493496 1260255556367
114.48875 77.49519 -3.176186 0.87014157 -30.661951 26.275595 1260255556372
110.66431 75.77043 -2.9173768 0.87014157 -30.661951 26.275595 1260255556375
110.66431 75.77043 -2.9173768 -1.3208694 -21.324928 10.181655 1260255556382
107.13109 74.08191 -2.6715078 -1.3208694 -21.324928 10.181655 1260255556387
107.13109 74.08191 -2.6715078 -3.6899078 -3.4277096 12.360667 1260255556391
103.97453 72.627815 -2.4379325 -3.6899078 -3.4277096 12.360667 1260255556399
103.97453 72.627815 -2.4379325 -5.972976 -5.6254663 16.225258 1260255556402
101.37581 71.64642 -2.4660358 -5.972976 -5.6254663 16.225258 1260255556408
101.37581 71.64642 -2.4660358 -6.523243 -12.099054 11.116205 1260255556411
99.40702 71.2641 -3.192734 -6.523243 -12.099054 11.116205 1260255556423
99.40702 71.2641 -3.192734 -1.0926139 -12.973764 7.06556 1260255556427
97.18667 74.10089 -4.9330974 -1.0926139 -12.973764 7.06556 1260255556433
97.18667 74.10089 -4.9330974 6.7701063 5.8673134 0.07545787 1260255556439
94.127335 77.64584 -7.0364428 6.7701063 5.8673134 0.07545787 1260255556444
94.127335 77.64584 -7.0364428 -10.748625 -10.786049 -6.547699 1260255556448
90.870964 81.31355 -9.134621 -10.748625 -10.786049 -6.547699 1260255556453
90.870964 81.31355 -9.134621 -8.33367 -0.044296026 -11.90844 1260255556459
87.577415 84.84788 -11.12789 -8.33367 -0.044296026 -11.90844 1260255556463
87.577415 84.84788 -11.12789 3.040369 -3.869587 -5.296892 1260255556468
84.298546 88.255486 -12.971496 3.040369 -3.869587 -5.296892 1260255556473
84.298546 88.255486 -12.971496 -11.190257 -7.305415 3.9156957 1260255556485
81.283615 91.44271 -14.672921 -11.190257 -7.305415 3.9156957 1260255556490
81.283615 91.44271 -14.672921 -16.081497 -1.680907 -0.5216508 1260255556493
78.61943 94.47057 -15.989275 -16.081497 -1.680907 -0.5216508 1260255556501
78.61943 94.47057 -15.989275 -4.3347034 -7.2321305 -15.665371 1260255556504
76.68846 97.347046 -16.73981 -4.3347034 -7.2321305 -15.665371 1260255556510
76.68846 97.347046 -16.73981 3.0989027 -5.2771387 -2.5477252 1260255556523
76.90404 99.929695 -16.65282 3.0989027 -5.2771387 -2.5477252 1260255556529
76.90404 99.929695 -16.65282 5.640212 0.94008446 -11.966877 1260255556539
80.90884 101.53321 -15.370179 5.640212 0.94008446 -11.966877 1260255556542
80.90884 101.53321 -15.370179 -1.9537598 -14.155897 -10.153997 1260255556552
80.363396 102.15655 -13.451671 -1.9537598 -14.155897 -10.153997 1260255556562
80.363396 102.15655 -13.451671 -3.0778933 -20.53175 -1.6336551 1260255556566
77.645226 100.29872 -11.679087 -3.0778933 -20.53175 -1.6336551 1260255556579
77.645226 100.29872 -11.679087 14.517658 -14.320381 9.046459 1260255556586
74.71297 98.583786 -10.145132 14.517658 -14.320381 9.046459 1260255556598
74.71297 98.583786 -10.145132 14.36438 -13.400432 8.972579 1260255556608
71.82732 97.054596 -8.837875 14.36438 -13.400432 8.972579 1260255556619
71.82732 97.054596 -8.837875 2.254787 -29.18025 15.1029005 1260255556623
68.98595 95.65186 -7.645982 2.254787 -29.18025 15.1029005 1260255556641
68.98595 95.65186 -7.645982 -2.8330774 -34.276096 6.696524 1260255556644
66.53665 94.56927 -6.6636825 -2.8330774 -34.276096 6.696524 1260255556663
66.53665 94.56927 -6.6636825 1.1411974 -24.589497 12.296799 1260255556667
65.65982 93.99081 -5.9804983 1.1411974 -24.589497 12.296799 1260255556678
65.65982 93.99081 -5.9804983 5.0868793 -14.73903 9.101797 1260255556682
67.57683 94.69127 -5.7314734 5.0868793 -14.73903 9.101797 1260255556700
67.57683 94.69127 -5.7314734 4.850602 -17.062727 3.4388456 1260255556703
69.69798 96.606705 -5.9448996 4.850602 -17.062727 3.4388456 1260255556723
69.69798 96.606705 -5.9448996 1.1139362 -15.886507 -14.536258 1260255556726
70.763084 99.42637 -6.3976545 1.1139362 -15.886507 -14.536258 1260255556739
70.763084 99.42637 -6.3976545 -4.401854 2.8020792 -6.792461 1260255556744
70.37493 102.65505 -6.8277717 -4.401854 2.8020792 -6.792461 1260255556758
70.37493 102.65505 -6.8277717 -8.795385 -12.233257 -17.943466 1260255556762
69.15618 105.9723 -7.236383 -8.795385 -12.233257 -17.943466 1260255556781
69.15618 105.9723 -7.236383 -11.871458 4.4357147 -10.943596 1260255556784
68.04837 109.12368 -7.574564 -11.871458 4.4357147 -10.943596 1260255556804
68.04837 109.12368 -7.574564 -13.301718 -10.173729 -16.815939 1260255556808
67.39595 112.0675 -7.895836 -13.301718 -10.173729 -16.815939 1260255556819
67.39595 112.0675 -7.895836 -13.509772 5.036488 -14.989237 1260255556824
67.32615 114.66412 -8.201044 -13.509772 5.036488 -14.989237 1260255556842
67.32615 114.66412 -8.201044 -12.825076 -13.913266 -14.205763 1260255556849
67.95984 116.83092 -8.490992 -12.825076 -13.913266 -14.205763 1260255556862
67.95984 116.83092 -8.490992 -11.378432 0.17021036 -8.0069065 1260255556865
69.01185 118.48937 -8.816442 -11.378432 0.17021036 -8.0069065 1260255556879
69.01185 118.48937 -8.816442 -8.992197 1.0437546 -15.787308 1260255556884
70.36126 119.214905 -9.12562 -8.992197 1.0437546 -15.787308 1260255556898
70.36126 119.214905 -9.12562 -6.0617557 -7.237598 -16.945713 1260255557069
71.0432 118.85416 -9.269339 -6.0617557 -7.237598 -16.945713 1260255557083
71.0432 118.85416 -9.269339 -4.2003875 -7.062453 -12.362067 1260255557089
70.54104 117.06145 -9.155871 -4.2003875 -7.062453 -12.362067 1260255557093
70.54104 117.06145 -9.155871 -4.5785894 -8.208946 6.8094435 1260255557099
69.16399 114.90837 -8.898078 -4.5785894 -8.208946 6.8094435 1260255557104
69.16399 114.90837 -8.898078 -6.2474704 -27.933266 7.1369905 1260255557109
67.50579 112.46295 -8.553174 -6.2474704 -27.933266 7.1369905 1260255557114
67.50579 112.46295 -8.553174 -8.331391 -14.812929 4.031898 1260255557121
65.7305 109.8898 -8.175515 -8.331391 -14.812929 4.031898 1260255557127
65.7305 109.8898 -8.175515 -9.692759 -22.029707 14.858264 1260255557131
63.943974 107.29531 -7.8167396 -9.692759 -22.029707 14.858264 1260255557139
63.943974 107.29531 -7.8167396 -10.079231 -24.82984 12.94952 1260255557142
62.346775 104.78055 -7.4759026 -10.079231 -24.82984 12.94952 1260255557145
62.346775 104.78055 -7.4759026 -9.448388 -9.427712 10.30272 1260255557149
60.979435 102.29152 -7.2021074 -9.448388 -9.427712 10.30272 1260255557152
60.979435 102.29152 -7.2021074 -8.403408 -24.960602 9.502436 1260255557154
59.830463 99.876945 -6.992002 -8.403408 -24.960602 9.502436 1260255557160
59.830463 99.876945 -6.992002 -7.3189764 -6.5141015 14.812029 1260255557163
59.13894 97.6831 -6.8924017 -7.3189764 -6.5141015 14.812029 1260255557171
59.13894 97.6831 -6.8924017 -6.6565714 -7.5414066 -0.84170485 1260255557174
58.93199 95.848946 -6.8477817 -6.6565714 -7.5414066 -0.84170485 1260255557180
58.93199 95.848946 -6.8477817 -6.2925 -18.825771 4.6519303 1260255557183
