152.58597 29.05461 21.649096 9.688938 -3.7641158 13.534594 1260256282949
152.58597 29.05461 21.649096 7.291517 1.2552328 11.764528 1260256282953
145.00667 29.85188 22.016642 7.291517 1.2552328 11.764528 1260256282961
145.00667 29.85188 22.016642 4.3674927 3.1258068 4.7963467 1260256282967
155.35634 30.709286 22.41581 4.3674927 3.1258068 4.7963467 1260256282971
155.35634 30.709286 22.41581 1.1652555 -1.182703 -2.0378423 1260256282973
147.88852 31.723822 22.695019 1.1652555 -1.182703 -2.0378423 1260256282982
147.88852 31.723822 22.695019 -1.1938033 -11.550742 -2.3661294 1260256282986
141.39409 32.68763 22.960268 -1.1938033 -11.550742 -2.3661294 1260256282989
141.39409 32.68763 22.960268 -2.7534428 -18.286247 3.2280045 1260256282994
135.37439 33.60325 23.262255 -2.7534428 -18.286247 3.2280045 1260256283003
135.37439 33.60325 23.262255 -3.8605738 -16.753628 6.099471 1260256283007
129.05566 34.423084 23.699142 -3.8605738 -16.753628 6.099471 1260256283010
129.05566 34.423084 23.699142 -4.1099486 -9.458466 2.4446077 1260256283019
139.30289 35.05193 24.414185 -4.1099486 -9.458466 2.4446077 1260256283022
139.30289 35.05193 24.414185 -0.58095884 -2.3370147 -3.5516129 1260256283028
148.13774 35.399334 25.393475 -0.58095884 -2.3370147 -3.5516129 1260256283031
148.13774 35.399334 25.393475 8.464806 1.507093 -4.07351 1260256283040
157.48085 35.429367 26.6238 8.464806 1.507093 -4.07351 1260256283042
157.48085 35.429367 26.6238 15.761814 2.9528918 1.6225276 1260256283046
167.30681 35.0579 28.09261 15.761814 2.9528918 1.6225276 1260256283052
167.30681 35.0579 28.09261 7.2056327 1.6370623 10.472746 1260256283060
160.49147 33.805004 29.28798 7.2056327 1.6370623 10.472746 1260256283064
160.49147 33.805004 29.28798 -4.1636906 -7.569775 6.901738 1260256283068
155.01689 31.214754 28.97358 -4.1636906 -7.569775 6.901738 1260256283072
155.01689 31.214754 28.97358 -3.7334306 3.96041 -1.764615 1260256283079
150.06604 28.604017 27.724901 -3.7334306 3.96041 -1.764615 1260256283111
150.06604 28.604017 27.724901 5.703269 6.2781253 16.175095 1260256283120
145.11273 28.023817 25.888657 5.703269 6.2781253 16.175095 1260256283123
145.11273 28.023817 25.888657 5.142399 -5.453183 2.898335 1260256283129
140.3571 28.972626 24.244225 5.142399 -5.453183 2.898335 1260256283132
140.3571 28.972626 24.244225 -9.567475 -4.6911 5.3459015 1260256283141
136.03925 30.923994 22.882013 -9.567475 -4.6911 5.3459015 1260256283144
136.03925 30.923994 22.882013 -8.914567 -15.3794565 2.4006872 1260256283148
132.53728 33.477795 21.787912 -8.914567 -15.3794565 2.4006872 1260256283153
132.53728 33.477795 21.787912 2.2776794 -33.676113 7.91775 1260256283160
130.31041 36.753906 21.148518 2.2776794 -33.676113 7.91775 1260256283166
130.31041 36.753906 21.148518 10.597191 -13.862127 -4.935946 1260256283169
131.39488 40.61621 20.891092 10.597191 -13.862127 -4.935946 1260256283172
131.39488 40.61621 20.891092 13.896194 -19.016354 -1.1149211 1260256283180
135.07513 45.2854 21.046537 13.896194 -19.016354 -1.1149211 1260256283191
135.07513 45.2854 21.046537 14.260479 -20.3881 -10.140843 1260256283194
139.77138 50.47113 21.39421 14.260479 -20.3881 -10.140843 1260256283202
139.77138 50.47113 21.39421 11.828544 -9.002033 -17.768301 1260256283206
145.0328 55.947575 21.6745 11.828544 -9.002033 -17.768301 1260256283210
145.0328 55.947575 21.6745 8.1047125 1.7013965 -17.02398 1260256283218
150.93117 61.650196 21.640774 8.1047125 1.7013965 -17.02398 1260256283223
150.93117 61.650196 21.640774 6.5373898 7.582694 -11.569017 1260256283227
159.2346 49.617687 21.108734 6.5373898 7.582694 -11.569017 1260256283230
159.2346 49.617687 21.108734 8.753265 6.008954 -11.175453 1260256283238
159.32288 38.9868 19.753298 8.753265 6.008954 -11.175453 1260256283249
159.32288 38.9868 19.753298 7.236253 -8.006988 -2.814692 1260256283252
161.55673 29.487461 17.565634 7.236253 -8.006988 -2.814692 1260256283263
161.55673 29.487461 17.565634 -11.360834 11.50889 -4.6619062 1260256283269
164.7789 20.513088 15.037353 -11.360834 11.50889 -4.6619062 1260256283272
164.7789 20.513088 15.037353 2.698886 -6.6524515 -3.5794275 1260256283281
168.58995 11.687433 12.785485 2.698886 -6.6524515 -3.5794275 1260256283284
168.58995 11.687433 12.785485 -2.0921254 10.9789295 -0.21722364 1260256283288
175.96045 2.2530613 10.496211 -2.0921254 10.9789295 -0.21722364 1260256283299
175.96045 2.2530613 10.496211 -13.71093 -7.1295238 -4.899825 1260256283307
171.11243 9.090408 8.9714 -13.71093 -7.1295238 -4.899825 1260256283311
171.11243 9.090408 8.9714 0.3289225 -10.639193 0.6265192 1260256283319
166.9068 14.285888 8.47283 0.3289225 -10.639193 0.6265192 1260256283329
166.9068 14.285888 8.47283 7.7237754 -25.205399 -5.804372 1260256283332
176.21146 18.671593 8.299189 7.7237754 -25.205399 -5.804372 1260256283343
176.21146 18.671593 8.299189 10.901384 -21.596807 -8.607517 1260256283351
184.30089 22.888014 8.384229 10.901384 -21.596807 -8.607517 1260256283358
184.30089 22.888014 8.384229 13.330369 -19.052032 -0.5980637 1260256283527
191.83585 27.093613 8.715017 13.330369 -19.052032 -0.5980637 1260256283531
191.83585 27.093613 8.715017 13.141884 -34.19337 -1.0824022 1260256283538
198.94406 31.138931 9.029266 13.141884 -34.19337 -1.0824022 1260256283542
198.94406 31.138931 9.029266 9.918524 -19.657396 -12.662234 1260256283551
205.54686 35.181984 9.477803 9.918524 -19.657396 -12.662234 1260256283554
205.54686 35.181984 9.477803 5.3509655 -12.303642 3.7578855 1260256283562
212.16951 39.122887 9.953913 5.3509655 -12.303642 3.7578855 1260256283566
212.16951 39.122887 9.953913 -0.07082462 -23.518929 -4.93041 1260256283571
202.91104 43.016743 10.306217 -0.07082462 -23.518929 -4.93041 1260256283574
202.91104 43.016743 10.306217 -4.5657434 -1.01198 -6.9651575 1260256283582
199.71548 47.015907 10.390906 -4.5657434 -1.01198 -6.9651575 1260256283586
199.71548 47.015907 10.390906 -6.9455028 -5.755193 2.732951 1260256283591
193.2297 52.66511 9.221361 -6.9455028 -5.755193 2.732951 1260256283594
193.2297 52.66511 9.221361 1.3804698 -7.4939213 4.705118 1260256283601
194.76822 42.981857 7.310293 1.3804698 -7.4939213 4.705118 1260256283606
194.76822 42.981857 7.310293 6.4119534 10.822989 0.25828362 1260256283609
195.8298 34.132763 5.5447783 6.4119534 10.822989 0.25828362 1260256283618
195.8298 34.132763 5.5447783 -9.620201 0.55148983 -9.858753 1260256283621
198.83832 24.826124 3.4175394 -9.620201 0.55148983 -9.858753 1260256283629
198.83832 24.826124 3.4175394 -6.5791273 6.022563 -13.11643 1260256283632
191.0964 30.834818 1.8466624 -6.5791273 6.022563 -13.11643 1260256283643
191.0964 30.834818 1.8466624 6.35126 1.6613643 -6.5215793 1260256283647
182.99158 34.693077 1.7043293 6.35126 1.6613643 -6.5215793 1260256283652
182.99158 34.693077 1.7043293 9.508452 -11.070113 -2.834198 1260256283660
174.092 38.058422 1.8691127 9.508452 -11.070113 -2.834198 1260256283664
174.092 38.058422 1.8691127 11.31487 -23.549595 -6.4964695 1260256283667
183.2374 41.2555 2.2256572 11.31487 -23.549595 -6.4964695 1260256283672
183.2374 41.2555 2.2256572 11.654499 -20.090479 2.3707068 1260256283678
191.82553 44.392727 2.7143743 11.654499 -20.090479 2.3707068 1260256283687
191.82553 44.392727 2.7143743 8.936625 -26.370186 -10.766315 1260256283690
182.28426 47.373093 3.1786556 8.936625 -26.370186 -10.766315 1260256283701
182.28426 47.373093 3.1786556 3.7910724 -16.542536 7.5021787 1260256283704
173.47005 50.254436 3.769723 3.7910724 -16.542536 7.5021787 1260256283710
173.47005 50.254436 3.769723 -1.6590781 -15.459808 -8.991354 1260256283713
165.44655 53.241714 4.5312366 -1.6590781 -15.459808 -8.991354 1260256283723
165.44655 53.241714 4.5312366 -5.4309525 -13.680787 0.67912745 1260256283727
157.97423 56.579628 5.404675 -5.4309525 -13.680787 0.67912745 1260256283744
157.97423 56.579628 5.404675 -3.825576 -8.775218 2.9425838 1260256283748
160.87552 61.350647 5.9844413 -3.825576 -8.775218 2.9425838 1260256283757
160.87552 61.350647 5.9844413 -0.21474886 5.3885655 -7.020967 1260256283761
152.83174 49.383114 6.035219 -0.21474886 5.3885655 -7.020967 1260256283780
152.83174 49.383114 6.035219 -1.1249286 7.949379 -4.560893 1260256283783
152.04016 39.013958 5.783458 -1.1249286 7.949379 -4.560893 1260256283798
152.04016 39.013958 5.783458 -4.464477 -5.5989485 -7.3838644 1260256283804
153.53815 30.21326 4.744285 -4.464477 -5.5989485 -7.3838644 1260256283825
153.53815 30.21326 4.744285 -11.606522 13.896919 -4.6137905 1260256283828
145.86124 28.152597 2.0070708 -11.606522 13.896919 -4.6137905 1260256283838
145.86124 28.152597 2.0070708 4.251138 -0.045963526 7.8833337 1260256283841
139.66817 28.544968 0.8067172 4.251138 -0.045963526 7.8833337 1260256283859
139.66817 28.544968 0.8067172 2.1724691 -5.0346823 2.837243 1260256283862
133.93475 30.167719 0.26638135 2.1724691 -5.0346823 2.837243 1260256283882
133.93475 30.167719 0.26638135 -0.6618695 -7.0363016 11.646166 1260256283886
128.63802 32.409332 0.053062283 -0.6618695 -7.0363016 11.646166 1260256283898
128.63802 32.409332 0.053062283 -0.8967498 -29.840431 10.762596 1260256283901
123.956116 34.938866 0.30040917 -0.8967498 -29.840431 10.762596 1260256283920
123.956116 34.938866 0.30040917 4.684194 -18.145285 -6.9452457 1260256283923
120.20831 37.291924 0.68538874 4.684194 -18.145285 -6.9452457 1260256283941
120.20831 37.291924 0.68538874 8.259818 -11.251121 7.879139 1260256283944
116.0479 38.377327 0.20111929 8.259818 -11.251121 7.879139 1260256283963
116.0479 38.377327 0.20111929 0.75911796 -12.590984 11.141255 1260256283967
111.4955 36.45846 -1.0589367 0.75911796 -12.590984 11.141255 1260256283978
111.4955 36.45846 -1.0589367 -12.453024 9.27075 9.932595 1260256283981
107.02072 34.085537 -2.55599 -12.453024 9.27075 9.932595 1260256284000
107.02072 34.085537 -2.55599 -12.97577 -1.4999809 19.709572 1260256284003
102.36968 32.08126 -4.4781904 -12.97577 -1.4999809 19.709572 1260256284022
102.36968 32.08126 -4.4781904 -2.6577454 -4.088426 12.294285 1260256284026
97.6512 30.977198 -6.854281 -2.6577454 -4.088426 12.294285 1260256284038
97.6512 30.977198 -6.854281 -21.805292 0.49905944 20.062803 1260256284047
93.41864 30.878338 -9.211567 -21.805292 0.49905944 20.062803 1260256284058
93.41864 30.878338 -9.211567 -20.515625 -5.959751 -0.9946604 1260256284061
90.59771 36.03442 -10.950989 -20.515625 -5.959751 -0.9946604 1260256284081
90.59771 36.03442 -10.950989 -7.0989695 -7.6772146 -2.220025 1260256284084
91.317825 40.4327 -11.70344 -7.0989695 -7.6772146 -2.220025 1260256284103
91.317825 40.4327 -11.70344 -4.635683 -27.002148 -15.737411 1260256284107
96.15193 44.661064 -11.568268 -4.635683 -27.002148 -15.737411 1260256284118
96.15193 44.661064 -11.568268 3.1151042 -32.099533 -13.3822775 1260256284292
101.99434 48.92801 -10.989855 3.1151042 -32.099533 -13.3822775 1260256284304
101.99434 48.92801 -10.989855 9.650016 -16.412308 -21.805517 1260256284310
107.84462 53.081608 -10.240362 9.650016 -16.412308 -21.805517 1260256284313
107.84462 53.081608 -10.240362 9.301271 -27.881737 -16.136124 1260256284322
113.30239 57.277527 -9.478344 9.301271 -27.881737 -16.136124 1260256284326
113.30239 57.277527 -9.478344 3.5756538 -28.98694 -31.448551 1260256284331
118.03727 61.36365 -8.754427 3.5756538 -28.98694 -31.448551 1260256284334
118.03727 61.36365 -8.754427 -3.5822144 -9.646905 -22.742476 1260256284340
121.93541 65.29547 -8.166705 -3.5822144 -9.646905 -22.742476 1260256284346
121.93541 65.29547 -8.166705 -7.8809357 -22.85889 -17.469404 1260256284349
124.288635 68.9807 -7.90837 -7.8809357 -22.85889 -17.469404 1260256284358
124.288635 68.9807 -7.90837 -10.766174 -12.729996 -16.777018 1260256284361
123.7742 72.581665 -8.362951 -10.766174 -12.729996 -16.777018 1260256284367
123.7742 72.581665 -8.362951 -13.406665 -7.3036447 -7.229075 1260256284370
120.33549 76.352585 -9.944803 -13.406665 -7.3036447 -7.229075 1260256284373
120.33549 76.352585 -9.944803 -3.574975 -15.092458 -12.230837 1260256284381
115.11871 80.58495 -12.897563 -3.574975 -15.092458 -12.230837 1260256284384
115.11871 80.58495 -12.897563 -13.946749 5.0541487 2.13538 1260256284390
109.36278 76.8057 -16.302685 -13.946749 5.0541487 2.13538 1260256284403
109.36278 76.8057 -16.302685 -6.1546717 -10.704741 0.20565104 1260256284406
104.344635 73.76542 -18.48755 -6.1546717 -10.704741 0.20565104 1260256284412
104.344635 73.76542 -18.48755 -9.223493 5.6814404 5.4522605 1260256284418
99.8774 71.67715 -19.463173 -9.223493 5.6814404 5.4522605 1260256284421
99.8774 71.67715 -19.463173 -18.064875 -16.071999 4.9684744 1260256284427
95.583534 70.29329 -19.890015 -18.064875 -16.071999 4.9684744 1260256284430
95.583534 70.29329 -19.890015 -20.535084 -27.142418 15.97973 1260256284433
91.40436 69.32862 -19.995514 -20.535084 -27.142418 15.97973 1260256284440
91.40436 69.32862 -19.995514 -20.9556 -26.716442 19.896946 1260256284444
87.43414 68.56219 -19.945738 -20.9556 -26.716442 19.896946 1260256284451
87.43414 68.56219 -19.945738 -18.700512 -19.928925 19.433928 1260256284454
83.81244 67.98408 -19.89845 -18.700512 -19.928925 19.433928 1260256284465
83.81244 67.98408 -19.89845 -16.939968 -13.034266 13.807356 1260256284469
80.77182 67.63487 -19.903528 -16.939968 -13.034266 13.807356 1260256284474
80.77182 67.63487 -19.903528 -15.738834 -8.709411 7.7796345 1260256284483
79.33323 69.65313 -19.808352 -15.738834 -8.709411 7.7796345 1260256284489
79.33323 69.65313 -19.808352 -12.761183 -19.827797 4.439564 1260256284500
82.86657 72.67047 -18.967934 -12.761183 -19.827797 4.439564 1260256284507
82.86657 72.67047 -18.967934 -1.9746151 -7.7454014 -18.689331 1260256284511
88.873245 76.68695 -17.619537 -1.9746151 -7.7454014 -18.689331 1260256284521
88.873245 76.68695 -17.619537 12.069484 -18.86524 -17.257868 1260256284530
96.879585 81.0026 -16.03856 12.069484 -18.86524 -17.257868 1260256284538
96.879585 81.0026 -16.03856 9.160494 -1.2700105 -30.873058 1260256284545
105.68561 85.35247 -14.486632 9.160494 -1.2700105 -30.873058 1260256284558
105.68561 85.35247 -14.486632 -2.5064363 -0.34858084 -20.816996 1260256284565
112.90133 89.48485 -13.2123 -2.5064363 -0.34858084 -20.816996 1260256284578
112.90133 89.48485 -13.2123 -2.2896304 -13.941691 -18.318995 1260256284581
112.80626 92.96061 -12.951685 -2.2896304 -13.941691 -18.318995 1260256284601
112.80626 92.96061 -12.951685 -5.276915 5.417699 -7.564952 1260256284604
108.365944 91.11258 -13.954101 -5.276915 5.417699 -7.564952 1260256284618
108.365944 91.11258 -13.954101 -15.75178 -9.17195 -0.3674934 1260256284623
103.59765 88.90695 -14.356396 -15.75178 -9.17195 -0.3674934 1260256284641
103.59765 88.90695 -14.356396 -17.39714 -23.44125 10.801069 1260256284649
99.01777 86.761604 -14.538576 -17.39714 -23.44125 10.801069 1260256284658
99.01777 86.761604 -14.538576 -17.62907 -11.176998 16.05725 1260256284661
94.71688 84.87353 -14.511647 -17.62907 -11.176998 16.05725 1260256284681
94.71688 84.87353 -14.511647 -16.448586 -21.842426 21.613497 1260256284684
90.631035 83.279854 -14.436065 -16.448586 -21.842426 21.613497 1260256284699
90.631035 83.279854 -14.436065 -14.70466 -28.319927 13.182552 1260256284706
87.799484 82.86586 -14.414262 -14.70466 -28.319927 13.182552 1260256284718
87.799484 82.86586 -14.414262 -12.831259 -22.902317 0.515296 1260256284728
92.70951 85.17257 -13.443549 -12.831259 -22.902317 0.515296 1260256284740
92.70951 85.17257 -13.443549 -6.418725 -7.51262 -14.726049 1260256284744
100.02403 88.46394 -12.021372 -6.418725 -7.51262 -14.726049 1260256284758
100.02403 88.46394 -12.021372 10.392422 -14.79907 -9.940865 1260256284765
107.97283 91.94075 -10.570303 10.392422 -14.79907 -9.940865 1260256284784
107.97283 91.94075 -10.570303 16.009665 -1.80932 -18.750675 1260256284788
114.97419 95.09371 -9.241788 16.009665 -1.80932 -18.750675 1260256284798
114.97419 95.09371 -9.241788 3.2017365 -15.099775 -22.474874 1260256284801
117.32548 96.789024 -8.779698 3.2017365 -15.099775 -22.474874 1260256284821
117.32548 96.789024 -8.779698 -5.8787475 -12.57803 0.7953596 1260256284824
112.10921 94.19957 -9.5907135 -5.8787475 -12.57803 0.7953596 1260256284838
112.10921 94.19957 -9.5907135 -3.2301278 -7.5637307 -3.252596 1260256284845
106.95374 91.23959 -10.311178 -3.2301278 -7.5637307 -3.252596 1260256284865
106.95374 91.23959 -10.311178 -0.7289834 -10.546193 20.945877 1260256284869
102.05605 88.577614 -10.845619 -0.7289834 -10.546193 20.945877 1260256284877
102.05605 88.577614 -10.845619 0.59163 -21.642239 16.944828 1260256285045
97.40325 86.44873 -11.253338 0.59163 -21.642239 16.944828 1260256285053
97.40325 86.44873 -11.253338 1.0316172 -8.357086 15.65074 1260256285064
93.18309 84.976295 -11.740671 1.0316172 -8.357086 15.65074 1260256285068
93.18309 84.976295 -11.740671 -0.24711227 -15.760578 2.0820198 1260256285074
91.97394 86.327484 -12.103638 -0.24711227 -15.760578 2.0820198 1260256285080
91.97394 86.327484 -12.103638 -0.52865124 -4.482044 -3.3868976 1260256285086
96.07524 88.66111 -11.598455 -0.52865124 -4.482044 -3.3868976 1260256285089
96.07524 88.66111 -11.598455 7.3095727 -19.458054 -8.03667 1260256285094
102.02148 91.428055 -10.618532 7.3095727 -19.458054 -8.03667 1260256285100
102.02148 91.428055 -10.618532 12.489471 -11.541751 -16.667217 1260256285104
108.470406 94.306656 -9.537605 12.489471 -11.541751 -16.667217 1260256285109
108.470406 94.306656 -9.537605 6.7013264 -16.362637 -35.24535 1260256285112
114.14689 96.841324 -8.660725 6.7013264 -16.362637 -35.24535 1260256285121
114.14689 96.841324 -8.660725 -2.789405 -21.109928 -16.638237 1260256285124
117.03954 98.84926 -8.427689 -2.789405 -21.109928 -16.638237 1260256285128
117.03954 98.84926 -8.427689 -9.715588 -5.2834578 -15.551395 1260256285133
113.387566 100.30679 -9.706305 -9.715588 -5.2834578 -15.551395 1260256285143
113.387566 100.30679 -9.706305 -5.49041 -9.453248 -12.978718 1260256285147
125.66819 96.79145 -11.420989 -5.49041 -9.453248 -12.978718 1260256285158
125.66819 96.79145 -11.420989 -2.93682 -13.988531 5.7011466 1260256285161
137.23479 92.95188 -12.64994 -2.93682 -13.988531 5.7011466 1260256285167
137.23479 92.95188 -12.64994 -14.057001 1.8863659 19.145157 1260256285170
148.02304 89.204285 -13.767443 -14.057001 1.8863659 19.145157 1260256285178
148.02304 89.204285 -13.767443 -21.219032 -15.982529 17.373075 1260256285181
158.42189 87.14407 -14.57907 -21.219032 -15.982529 17.373075 1260256285184
158.42189 87.14407 -14.57907 -16.799269 -4.844436 4.3747616 1260256285190
167.1008 88.18687 -14.250116 -16.799269 -4.844436 4.3747616 1260256285202
167.1008 88.18687 -14.250116 -12.488865 -20.411644 -6.2531114 1260256285206
172.44576 89.77753 -13.237611 -12.488865 -20.411644 -6.2531114 1260256285209
172.44576 89.77753 -13.237611 -3.3711147 -32.73681 -15.242447 1260256285214
178.07347 91.38865 -12.02573 -3.3711147 -32.73681 -15.242447 1260256285222
178.07347 91.38865 -12.02573 11.295654 -24.699917 -24.15498 1260256285226
183.5698 92.91922 -10.774444 11.295654 -24.699917 -24.15498 1260256285238
183.5698 92.91922 -10.774444 16.371544 -16.105997 -15.171095 1260256285242
189.1413 94.02326 -9.835721 16.371544 -16.105997 -15.171095 1260256285250
189.1413 94.02326 -9.835721 7.578719 -20.768452 -18.97387 1260256285254
180.18423 94.7221 -9.593935 7.578719 -20.768452 -18.97387 1260256285263
180.18423 94.7221 -9.593935 -0.05269885 -22.781734 -14.36871 1260256285271
172.42502 95.936 -10.514238 -0.05269885 -22.781734 -14.36871 1260256285282
172.42502 95.936 -10.514238 2.0125265 -21.96359 -0.6398286 1260256285286
181.75377 92.3892 -12.938526 2.0125265 -21.96359 -0.6398286 1260256285300
181.75377 92.3892 -12.938526 -14.214629 4.0986595 0.8003497 1260256285307
189.66608 87.46974 -15.4416 -14.214629 4.0986595 0.8003497 1260256285318
189.66608 87.46974 -15.4416 -15.4916935 6.28848 -1.809711 1260256285321
196.53278 82.04626 -17.46952 -15.4916935 6.28848 -1.809711 1260256285341
196.53278 82.04626 -17.46952 -3.7938118 2.291936 8.573248 1260256285344
202.55614 76.59394 -19.296045 -3.7938118 2.291936 8.573248 1260256285358
202.55614 76.59394 -19.296045 -16.762377 -2.0769706 8.822584 1260256285364
208.62833 72.014244 -21.781242 -16.762377 -2.0769706 8.822584 1260256285385
208.62833 72.014244 -21.781242 -13.52396 0.8758216 12.423767 1260256285388
198.59691 75.763535 -23.542181 -13.52396 0.8758216 12.423767 1260256285397
198.59691 75.763535 -23.542181 0.59073067 -9.562003 -0.5214022 1260256285401
190.11707 77.47536 -23.215073 0.59073067 -9.562003 -0.5214022 1260256285421
190.11707 77.47536 -23.215073 4.6943626 -23.430162 -1.1900473 1260256285424
194.71121 78.80159 -22.05432 4.6943626 -23.430162 -1.1900473 1260256285444
194.71121 78.80159 -22.05432 0.6322826 -20.196178 3.7811923 1260256285448
198.82565 80.21151 -20.601603 0.6322826 -20.196178 3.7811923 1260256285458
198.82565 80.21151 -20.601603 -6.3705835 -16.46901 -7.709989 1260256285468
202.93437 81.65093 -19.021523 -6.3705835 -16.46901 -7.709989 1260256285480
202.93437 81.65093 -19.021523 3.0901432 -24.23162 2.7182107 1260256285483
207.28766 82.868385 -17.570446 3.0901432 -24.23162 2.7182107 1260256285498
207.28766 82.868385 -17.570446 13.594738 -31.710358 -3.8344 1260256285504
212.52327 83.77496 -16.241924 13.594738 -31.710358 -3.8344 1260256285525
212.52327 83.77496 -16.241924 7.9841566 -28.104465 1.8418257 1260256285528
219.2971 84.48621 -15.029828 7.9841566 -28.104465 1.8418257 1260256285537
219.2971 84.48621 -15.029828 -3.8188713 -19.678242 6.644515 1260256285540
210.03224 84.46191 -14.028337 -3.8188713 -19.678242 6.644515 1260256285561
210.03224 84.46191 -14.028337 -8.734116 -16.03391 -0.24667001 1260256285564
201.68063 83.93881 -13.72692 -8.734116 -16.03391 -0.24667001 1260256285578
201.68063 83.93881 -13.72692 -10.0764475 -14.784498 -0.6798341 1260256285585
192.7466 81.14187 -15.090574 -10.0764475 -14.784498 -0.6798341 1260256285597
192.7466 81.14187 -15.090574 -8.751498 2.800932 -4.077157 1260256285607
183.25926 76.18478 -16.936047 -8.751498 2.800932 -4.077157 1260256285619
183.25926 76.18478 -16.936047 4.4357324 -5.085274 0.9020493 1260256285622
189.8463 70.625534 -18.589245 4.4357324 -5.085274 0.9020493 1260256285640
189.8463 70.625534 -18.589245 -4.2061167 -4.701799 3.1313167 1260256285818
194.40398 65.54426 -20.609783 -4.2061167 -4.701799 3.1313167 1260256285826
194.40398 65.54426 -20.609783 -19.28152 1.6560707 2.713122 1260256285831
199.13377 54.267044 -23.029295 -19.28152 1.6560707 2.713122 1260256285842
199.13377 54.267044 -23.029295 -4.9192095 12.289123 2.0212164 1260256285848
204.27708 43.003693 -25.67783 -4.9192095 12.289123 2.0212164 1260256285851
204.27708 43.003693 -25.67783 -22.365461 10.868938 1.2042549 1260256285859
209.96323 49.653507 -28.343939 -22.365461 10.868938 1.2042549 1260256285863
209.96323 49.653507 -28.343939 -18.700176 4.1044774 -11.638656 1260256285866
215.61507 55.37083 -30.376741 -18.700176 4.1044774 -11.638656 1260256285870
215.61507 55.37083 -30.376741 -9.885472 3.6457663 -2.3336232 1260256285878
220.93431 60.15229 -31.757904 -9.885472 3.6457663 -2.3336232 1260256285883
220.93431 60.15229 -31.757904 -19.290346 -4.7571254 -12.718334 1260256285887
225.2376 63.944675 -32.37001 -19.290346 -4.7571254 -12.718334 1260256285892
225.2376 63.944675 -32.37001 -21.301765 -21.960987 -0.6948266 1260256285899
228.52571 67.04744 -32.45151 -21.301765 -21.960987 -0.6948266 1260256285904
228.52571 67.04744 -32.45151 -20.020493 -7.987916 -5.6919837 1260256285908
231.29942 69.74507 -32.328938 -20.020493 -7.987916 -5.6919837 1260256285911
231.29942 69.74507 -32.328938 -19.45509 -25.659588 2.0352952 1260256285920
233.63445 72.15782 -32.062492 -19.45509 -25.659588 2.0352952 1260256285930
233.63445 72.15782 -32.062492 -17.821804 -23.917042 -9.717879 1260256285933
235.50272 74.34993 -31.759367 -17.821804 -23.917042 -9.717879 1260256285942
235.50272 74.34993 -31.759367 -15.43567 -16.528164 2.7799578 1260256285946
236.82758 76.432434 -31.4714 -15.43567 -16.528164 2.7799578 1260256285949
236.82758 76.432434 -31.4714 -13.128555 -34.206017 3.1769733 1260256285954
237.5862 78.460815 -31.24783 -13.128555 -34.206017 3.1769733 1260256285962
237.5862 78.460815 -31.24783 -11.381448 -26.284315 -11.45686 1260256285966
237.55688 80.48778 -31.085438 -11.381448 -26.284315 -11.45686 1260256285970
237.55688 80.48778 -31.085438 -9.840899 -14.983212 1.3163555 1260256285978
235.87904 82.51339 -31.031166 -9.840899 -14.983212 1.3163555 1260256285986
235.87904 82.51339 -31.031166 -9.070342 -28.764961 3.025131 1260256285990
232.0351 84.73772 -31.229609 -9.070342 -28.764961 3.025131 1260256285993
232.0351 84.73772 -31.229609 -10.660868 -18.200724 -13.014095 1260256286005
226.83334 87.15083 -31.768127 -10.660868 -18.200724 -13.014095 1260256286010
226.83334 87.15083 -31.768127 -14.794503 -5.3528595 3.770198 1260256286013
220.69168 89.89329 -32.72972 -14.794503 -5.3528595 3.770198 1260256286022
220.69168 89.89329 -32.72972 -19.666153 -17.283134 -2.0575747 1260256286027
214.40709 87.04862 -33.893234 -19.666153 -17.283134 -2.0575747 1260256286034
214.40709 87.04862 -33.893234 -14.472658 2.2975392 -3.0784402 1260256286046
208.48674 84.24619 -34.448574 -14.472658 2.2975392 -3.0784402 1260256286050
208.48674 84.24619 -34.448574 -7.167467 -9.839162 12.306316 1260256286060
