276.432 -21.85402 69.82997 1260261107062
276.46042 -29.361319 70.43847 1260261107074
277.5874 -28.643253 70.61655 1260261107083
280.60803 -28.21109 70.33572 1260261107099
267.52762 -27.950535 69.71893 1260261107128
256.15125 -27.753008 68.98299 1260261107304
245.84369 -27.715357 68.133835 1260261107322
235.75151 -27.72959 67.42714 1260261107335
225.71393 -27.89311 66.75578 1260261107344
215.77823 -28.148455 66.118 1260261107355
206.28932 -28.091032 65.76209 1260261107362
199.12486 -27.88648 65.42399 1260261107374
194.16862 -27.442156 65.05279 1260261107383
189.8602 -27.020048 64.500145 1260261107395
185.36719 -26.919046 63.425137 1260261107405
180.99883 -27.273094 61.80388 1260261107416
176.89888 -27.95944 59.463684 1260261107425
173.40393 -28.611467 56.3405 1260261107439
170.63373 -28.880894 52.223476 1260261107450
168.65204 -28.236849 47.1123 1260261107462
168.66943 -26.375006 41.056686 1260261107470
176.63596 -17.456255 35.953854 1260261107482
185.00417 -9.333442 31.90616 1260261107488
193.15396 -1.5667695 28.560852 1260261107507
201.04626 5.9615693 25.73281 1260261107520
208.64395 13.613491 23.446169 1260261107528
215.91176 21.332817 21.57386 1260261107542
205.61617 28.816175 20.045168 1260261107555
197.98535 36.125366 18.842909 1260261107566
197.73608 43.0691 17.950764 1260261107578
202.64928 49.615643 17.353226 1260261107594
210.3668 55.68486 16.985565 1260261107613
202.84846 61.100616 16.786287 1260261107633
196.45604 65.795586 16.546972 1260261107656
189.53323 69.4558 15.969624 1260261107674
181.10657 71.433014 14.221143 1260261107696
173.90125 68.711365 11.910086 1260261107714
169.00618 65.1758 9.864581 1260261107736
164.75587 61.567005 7.821352 1260261107755
160.56808 58.088654 5.330284 1260261107773
166.93968 55.13422 1.1137699 1260261107796
173.4427 60.97751 -1.6419187 1260261107813
180.12057 66.578636 -3.1098228 1260261107836
187.26454 71.899704 -3.9043317 1260261108034
195.35132 76.95472 -4.309115 1260261108043
186.43375 81.85699 -4.393659 1260261108054
180.21207 86.66414 -4.2739763 1260261108062
188.85146 73.33093 -4.0102773 1260261108073
182.85889 60.764385 -3.5097635 1260261108082
176.76595 48.776165 -2.8842752 1260261108089
170.52765 55.18736 -2.0900614 1260261108100
164.70126 61.07799 -1.0855583 1260261108109
159.2162 66.32409 -0.03128038 1260261108127
154.50539 70.957886 1.1202836 1260261108137
149.98012 74.759995 2.3142693 1260261108144
145.48111 77.621994 3.3485558 1260261108149
141.10706 79.54089 4.231128 1260261108160
