315.93683 -127.96119 20.186113 1260261126565
307.78998 -124.71313 20.076807 1260261126577
300.0005 -120.62747 19.072968 1260261126606
292.80048 -115.7961 17.219318 1260261126829
286.26047 -110.85629 14.758352 1260261126845
280.64743 -105.81348 11.370435 1260261126859
276.46506 -100.6228 6.851913 1260261126868
273.4418 -86.74166 2.6093173 1260261126883
270.86972 -73.55458 -0.5711485 1260261126898
267.92624 -78.776855 -2.9425912 1260261126905
264.17993 -83.388016 -4.7454615 1260261126921
259.22095 -87.46861 -6.0581884 1260261126928
252.9599 -91.14518 -6.955279 1260261126939
245.4619 -94.48792 -7.557515 1260261126948
236.2388 -97.56353 -7.879639 1260261126962
225.92686 -100.435356 -7.935657 1260261126979
214.88052 -103.213585 -7.788874 1260261126986
221.2865 -106.0529 -7.3994303 1260261127000
225.52217 -109.10026 -6.7794585 1260261127018
225.04607 -112.445244 -5.890486 1260261127027
220.49376 -98.222984 -4.7459617 1260261127041
213.71907 -85.911835 -3.3586636 1260261127050
207.63312 -77.96624 -2.7907305 1260261127069
205.20146 -72.61793 -3.351194 1260261127085
203.14139 -68.28703 -4.4336343 1260261127101
201.28432 -64.82268 -5.9619527 1260261127118
199.47011 -61.981544 -7.763855 1260261127125
197.7466 -59.632465 -9.675662 1260261127136
196.00926 -57.800842 -11.591879 1260261127145
194.2588 -56.4608 -13.462285 1260261127161
192.39586 -55.53776 -15.289171 1260261127181
190.37607 -59.710873 -16.974712 1260261127189
188.25726 -63.67533 -18.375977 1260261127205
185.8944 -67.49156 -19.457178 1260261127222
183.24968 -71.36698 -20.08432 1260261127236
179.88719 -75.19863 -20.180103 1260261127244
174.89284 -78.9887 -19.721098 1260261127263
167.59819 -82.739265 -18.785044 1260261127284
175.96828 -86.402306 -17.445791 1260261127299
182.01987 -89.98219 -15.823502 1260261127319
186.36887 -93.53308 -14.032327 1260261127338
