100.98658 17.30178 8.737251 1260255639560
100.23725 19.236692 8.700389 1260255639569
100.42539 21.824858 8.81537 1260255639603
101.854126 26.233614 9.074601 1260255639615
104.26142 31.521933 9.370872 1260255639627
107.59835 37.345837 9.652328 1260255639640
111.51843 43.428547 9.869711 1260255639651
115.89251 49.50712 9.976226 1260255639665
120.44788 55.481762 9.977414 1260255639682
124.82549 61.257675 9.878544 1260255639699
128.53423 66.844795 9.684617 1260255639718
128.5075 72.002556 9.250386 1260255639739
125.73213 76.252426 8.287867 1260255639757
122.945526 78.23981 6.723473 1260255639778
120.04825 77.32782 5.3872995 1260255639797
117.19584 76.11143 4.2679343 1260255639822
114.336044 74.75586 3.3545377 1260255639837
111.569244 73.26807 2.486811 1260255639857
108.890785 71.704666 1.6624703 1260255639877
106.346245 70.16943 0.82934684 1260255639897
103.978935 68.76096 -0.06212053 1260255639919
101.929985 67.67291 -1.0590146 1260255639937
100.33349 67.489265 -2.056064 1260255639962
99.86681 70.1648 -2.5532608 1260255639977
101.57347 74.306564 -2.3255978 1260255639997
106.4948 78.991234 -1.7593179 1260255640017
113.32006 83.69167 -1.121352 1260255640037
120.60406 88.20709 -0.41528434 1260255640057
127.32385 92.496735 0.2054799 1260255640077
133.10767 96.5219 0.74520594 1260255640097
137.40228 100.245804 1.1079457 1260255640117
138.78217 103.533516 1.2525485 1260255640137
137.99306 106.00684 1.089921 1260255640327
136.0934 106.7565 0.53542495 1260255640334
133.08873 105.41868 0.058653682 1260255640344
129.4843 103.69775 -0.24427901 1260255640353
125.610085 101.66286 -0.38206506 1260255640365
121.72958 99.42972 -0.3629618 1260255640374
118.043106 97.10823 -0.1948137 1260255640385
114.74095 94.90282 0.01492699 1260255640392
111.853905 92.85767 0.31418064 1260255640410
109.41121 91.16479 0.5484716 1260255640422
107.64065 90.106544 0.47104806 1260255640431
106.25861 91.10122 -0.4525044 1260255640442
102.19569 94.34616 -2.4298792 1260255640448
114.3359 98.22885 -4.608385 1260255640462
125.56911 102.01741 -6.977966 1260255640478
136.59065 105.51654 -9.479068 1260255640485
147.36111 108.69071 -11.805115 1260255640495
157.69305 111.60618 -13.614859 1260255640506
167.7584 114.37587 -14.634116 1260255640524
161.07048 116.95708 -14.75241 1260255640539
160.81696 119.20922 -13.864789 1260255640561
161.7261 120.14876 -12.42155 1260255640579
159.8898 119.591324 -11.000472 1260255640605
155.24532 117.41176 -9.800448 1260255640642
150.08305 115.24117 -8.910426 1260255640669
144.7289 112.97911 -8.114904 1260255640687
139.44246 110.68015 -7.359159 1260255640693
134.52034 108.54614 -6.691201 1260255640710
130.19432 106.76884 -6.1066413 1260255640734
127.384605 105.780396 -5.701309 1260255640749
126.415375 105.941376 -5.516244 1260255640762
126.39461 107.34431 -5.4404316 1260255640781
126.52488 109.52709 -5.31841 1260255640797
126.648636 112.10074 -5.2024894 1260255640818
126.4662 114.8457 -5.042365 1260255640838
126.192894 117.55342 -4.890247 1260255640861
126.233246 120.12575 -4.7457347 1260255640878
126.37158 122.46946 -4.608448 1260255640898
126.303 124.595985 -4.5280256 1260255641073
125.78785 126.41618 -4.5516243 1260255641091
124.74846 127.79537 -4.724043 1260255641102
123.51103 128.6056 -5.0878406 1260255641109
122.035484 128.62532 -5.5834484 1260255641120
119.68371 127.64406 -6.104276 1260255641129
116.49952 124.96185 -6.4990625 1260255641140
112.97454 122.01376 -6.8241096 1260255641149
109.37582 119.01308 -7.032904 1260255641161
106.00703 116.212425 -7.131259 1260255641172
102.856674 113.701805 -7.124696 1260255641183
99.96384 111.56671 -6.968461 1260255641191
97.41564 109.68838 -6.720038 1260255641200
95.19486 108.053955 -6.4340363 1260255641212
93.78512 106.701256 -6.0623345 1260255641225
