222.33086 -35.093548 49.1107 1260256046333
223.46431 -35.03887 49.455162 1260256046501
223.1411 -35.036926 49.532402 1260256046512
220.08405 -34.53508 48.555782 1260256046544
216.72984 -33.408325 46.777992 1260256046557
213.54335 -31.937908 44.63909 1260256046569
210.56618 -30.291012 42.357136 1260256046578
207.78787 -28.52646 40.03928 1260256046584
205.24847 -26.350138 37.737316 1260256046596
202.98605 -23.33263 35.10045 1260256046604
206.78674 -15.515999 31.545425 1260256046616
207.84741 -6.0901985 28.768154 1260256046624
205.50504 -14.535688 26.429747 1260256046636
201.07979 -22.208904 24.30826 1260256046650
196.2258 -29.398458 22.292847 1260256046662
191.56451 -36.178535 20.378204 1260256046674
187.1863 -42.569607 18.509295 1260256046681
183.17699 -48.641125 16.68383 1260256046694
179.16814 -54.35907 14.999639 1260256046701
174.80972 -59.741116 13.4496565 1260256046712
169.96924 -64.80406 12.127173 1260256046723
165.37077 -69.81386 11.020815 1260256046740
169.80223 -57.823166 9.669774 1260256046752
171.06212 -48.982006 7.736285 1260256046758
170.85901 -43.882904 6.049471 1260256046777
170.56606 -39.63876 4.3469973 1260256046785
170.23775 -36.20682 2.6296475 1260256046798
169.82587 -33.49648 0.84816515 1260256046813
169.23457 -31.471655 -0.8942432 1260256046829
168.57285 -29.898071 -2.549531 1260256046849
167.84421 -28.803167 -4.3220544 1260256046872
166.85199 -28.41301 -6.605952 1260256046891
165.35939 -34.342358 -9.025654 1260256046909
163.44142 -40.67524 -9.874372 1260256046931
161.41936 -47.241478 -9.930653 1260256046949
157.89839 -53.629402 -9.63412 1260256046967
151.50348 -59.64793 -9.202414 1260256046989
144.82831 -65.165535 -8.742292 1260256047012
138.2869 -70.30726 -8.305178 1260256047030
133.07256 -75.1419 -7.9899187 1260256047212
129.46893 -79.7348 -7.790423 1260256047219
127.395485 -84.19806 -7.7509017 1260256047231
126.37571 -88.38815 -7.8633566 1260256047240
133.65692 -75.16875 -7.8201885 1260256047251
133.67407 -68.21031 -6.3291793 1260256047260
134.34036 -62.349796 -4.9627204 1260256047270
135.12334 -57.032307 -3.7645843 1260256047278
136.06717 -52.23069 -2.6763551 1260256047297
137.06381 -48.169155 -1.7925373 1260256047305
138.06062 -45.010696 -1.2029104 1260256047318
139.0076 -42.960163 -0.9927649 1260256047324
139.50722 -42.362156 -1.3431267 1260256047335
137.88185 -43.49405 -2.1259704 1260256047349
135.23776 -46.969345 -3.1696718 1260256047362
132.47588 -50.770878 -4.261188 1260256047375
130.35208 -54.882336 -5.5481286 1260256047391
129.18448 -59.08822 -7.170722 1260256047402
128.57526 -63.33381 -8.912186 1260256047414
128.5965 -67.61712 -10.816577 1260256047433
129.06667 -71.98626 -12.625749 1260256047450
129.76334 -76.28695 -14.244461 1260256047469
129.67517 -80.372604 -14.982238 1260256047488
123.691414 -83.85397 -13.983126 1260256047509
127.75684 -88.31127 -9.383969 1260256047532
128.719 -82.245705 -6.964771 1260256047550
129.18304 -76.18342 -5.416532 1260256047569
129.37389 -70.22425 -4.2957053 1260256047591
129.45518 -64.56304 -3.1809201 1260256047609
129.58243 -59.18489 -1.8718741 1260256047631
129.70331 -53.975647 -0.12828042 1260256047649
129.86815 -44.426865 2.1781335 1260256047668
130.47475 -34.25552 3.5192268 1260256047691
132.90102 -23.742744 3.8932655 1260256047707
142.20596 -31.355608 3.8486023 1260256047733
137.49567 -38.38783 3.606172 1260256047748
133.87088 -44.918438 3.2758634 1260256047771
130.92734 -51.02252 2.8620703 1260256047789
128.48097 -56.771393 2.4189668 1260256047970
126.606926 -62.28282 1.8980185 1260256047979
125.52658 -67.56868 1.3531176 1260256047990
126.10025 -72.89024 0.8854617 1260256048002
132.14523 -60.29573 0.6411886 1260256048015
130.08797 -48.730946 0.8591292 1260256048024
128.43356 -38.394398 1.4161727 1260256048035
126.76189 -29.724678 1.9953642 1260256048042
126.92379 -23.688444 1.945596 1260256048054
127.9276 -19.604021 1.4483162 1260256048062
128.98122 -16.523819 0.6259004 1260256048076
129.98216 -14.047628 -0.30539468 1260256048092
131.03305 -12.095247 -1.190125 1260256048099
131.9814 -10.690485 -2.1806188 1260256048110
132.83234 -9.805961 -3.121588 1260256048121
133.69072 -9.315662 -3.9155085 1260256048135
