117.7871 51.622055 19.663803 1260256332731
120.34775 54.690952 19.680613 1260256332744
117.23036 54.706406 20.046581 1260256332753
113.768845 54.721085 20.344252 1260256332765
110.2804 54.63503 20.627039 1260256332771
107.216385 54.60328 20.845688 1260256332807
104.305565 54.573116 21.103403 1260256332822
101.54028 54.54446 21.448233 1260256332830
98.863266 54.417236 21.925821 1260256332849
95.920105 54.146374 22.57953 1260256332860
93.1241 53.739056 23.400555 1260256332869
90.467896 53.102104 24.380527 1260256332882
87.4445 51.897 25.6615 1260256332889
85.37228 48.70215 25.578426 1260256332907
83.65366 45.16704 23.849504 1260256332918
81.72098 42.55869 21.607029 1260256332941
79.634926 41.480755 19.226677 1260256332963
77.75318 41.70672 17.215343 1260256332977
76.515526 42.971382 15.7045765 1260256333162
76.58975 45.172813 14.769347 1260256333171
79.210266 48.26417 14.48088 1260256333182
84.39975 52.200962 14.706836 1260256333190
91.22976 56.790913 15.271494 1260256333201
99.26827 61.951366 15.907919 1260256333210
109.70486 67.7538 16.262524 1260256333222
109.86961 56.866108 15.699397 1260256333231
112.92613 47.622803 13.964427 1260256333246
118.12983 38.391663 11.666205 1260256333262
128.12334 27.77208 8.832895 1260256333270
125.41717 33.233475 7.2412505 1260256333281
125.19631 37.421803 6.829188 1260256333290
121.18649 41.000713 6.7877283 1260256333304
131.92717 44.450676 7.1483417 1260256333321
142.18082 47.82814 7.7409244 1260256333328
135.37178 50.936733 8.353878 1260256333346
129.30319 50.989895 9.536184 1260256333358
123.98803 49.4904 10.709375 1260256333369
119.28863 46.81588 12.9739065 1260256333383
128.0742 50.725086 13.625212 1260256333398
135.5205 54.23883 13.893951 1260256333418
141.14447 57.57689 13.949254 1260256333440
144.93724 60.698044 13.901792 1260256333459
146.49037 63.663143 13.706702 1260256333478
144.66585 66.37999 12.771367 1260256333498
138.43256 64.41099 9.182798 1260256333518
132.66093 60.54044 6.7736583 1260256333536
127.377884 56.963417 4.684975 1260256333558
122.20899 54.015247 2.6507263 1260256333582
117.09854 51.764484 0.56819 1260256333601
111.893616 50.17626 -1.6602196 1260256333618
106.89893 49.16745 -3.8772085 1260256333639
102.75399 48.909077 -5.983348 1260256333658
101.56629 52.713623 -7.0841804 1260256333681
104.88798 56.37794 -7.1299715 1260256333700
109.94358 60.209045 -6.6234727 1260256333721
115.4964 63.998592 -5.842299 1260256333738
120.82158 67.69866 -5.0501842 1260256333924
124.680504 71.263725 -4.547675 1260256333933
125.996475 74.75054 -4.6702914 1260256333946
123.44665 78.16302 -6.0867767 1260256333952
118.47431 75.25487 -9.132438 1260256333963
113.4506 71.99213 -11.325816 1260256333972
108.77807 68.94252 -12.859526 1260256333983
104.28916 66.1954 -14.066549 1260256333992
100.024704 64.03563 -15.163222 1260256334007
96.223465 62.73385 -16.155062 1260256334022
94.41229 62.797157 -16.647308 1260256334031
97.74168 65.4573 -15.914943 1260256334042
103.20459 68.734436 -14.569196 1260256334052
109.24436 72.39771 -13.090736 1260256334066
114.98215 76.07783 -11.686199 1260256334082
118.98304 79.62394 -10.751889 1260256334089
117.083885 82.54274 -11.414295 1260256334109
111.77969 79.815605 -13.193581 1260256334120
106.64071 77.124825 -14.133902 1260256334132
101.758675 74.86858 -14.727206 1260256334146
97.07074 73.175156 -15.140846 1260256334160
92.917206 72.6164 -15.333804 1260256334179
93.971344 74.33558 -14.817114 1260256334202
100.52277 77.4188 -13.526258 1260256334219
107.94663 80.94786 -11.999946 1260256334238
114.7993 84.35047 -10.599948 1260256334261
119.15934 87.28295 -9.719951 1260256334277
114.00137 85.4688 -11.133953 1260256334298
108.4513 82.545364 -12.127255 1260256334319
103.27874 80.0181 -12.720893 1260256334342
98.3648 78.16719 -13.034848 1260256334358
93.89656 77.30883 -13.083106 1260256334378
90.10173 77.54339 -12.828951 1260256334400
95.796646 79.61622 -11.987503 1260256334420
101.906815 82.53541 -10.9381275 1260256334438
107.46147 85.75864 -9.991221 1260256334458
109.8884 89.4707 -9.69166 1260256334481
121.59398 84.44717 -12.457077 1260256334496
133.41428 81.174805 -14.234223 1260256334686
127.943565 82.41606 -14.272512 1260256334692
134.09639 83.74526 -13.458887 1260256334704
140.34157 85.208 -12.485943 1260256334713
146.5745 86.6976 -11.461646 1260256334725
152.79578 87.96272 -10.488564 1260256334734
158.90599 88.964584 -9.814136 1260256334746
152.0107 89.66636 -9.573429 1260256334757
145.96016 88.58304 -10.194757 1260256334769
139.06215 85.75388 -12.28502 1260256334783
149.60904 81.21619 -14.670769 1260256334792
159.27858 75.955376 -16.38723 1260256334804
168.06465 70.55761 -17.81787 1260256334813
175.71143 65.32973 -19.326975 1260256334826
183.27585 61.26324 -21.910625 1260256334840
174.96205 65.55008 -23.465094 1260256334852
171.31395 68.122574 -23.04184 1260256334864
176.44826 70.16644 -21.989748 1260256334880
181.77585 72.05812 -20.69026 1260256334887
187.28706 73.75522 -19.355747 1260256334906
192.97272 75.16746 -18.237959 1260256334919
199.32408 76.40909 -17.27606 1260256334941
207.15788 77.43864 -16.512257 1260256334958
198.44998 78.51671 -16.136644 1260256334981
190.02748 77.39087 -17.029812 1260256334998
197.9261 73.521324 -19.978321 1260256335016
204.3298 68.495255 -21.779406 1260256335043
210.11331 63.57049 -23.440435 1260256335057
215.20764 59.141968 -25.318413 1260256335081
220.04726 55.38487 -27.702492 1260256335098
224.99489 43.765625 -30.617367 1260256335125
230.19514 50.027344 -32.7865 1260256335138
235.58539 55.275978 -34.147175 1260256335161
240.40611 59.51218 -34.739815 1260256335183
244.03581 62.83657 -34.652824 1260256335198
246.93402 65.54474 -34.220184 1260256335219
249.38731 67.9175 -33.609177 1260256335236
251.61795 70.071625 -32.978718 1260256335263
253.63705 70.01804 -32.379784 1260256335450
255.4552 69.917145 -31.810795 1260256335467
256.88245 69.771286 -31.320255 1260256335480
257.58832 69.58272 -30.954243 1260256335486
256.7589 69.20358 -30.75653 1260256335492
251.77097 71.8934 -30.868704 1260256335501
244.98242 74.84873 -31.325268 1260256335508
238.1333 73.506294 -31.859005 1260256335514
232.02664 72.43098 -32.116055 1260256335523
226.8753 71.70943 -31.910252 1260256335530
