130.33327 33.52471 21.23975 1260256359931
123.966606 33.298477 22.327763 1260256359939
135.61827 32.93355 23.661375 1260256359953
129.28735 32.586876 24.978306 1260256359983
124.67299 32.45753 26.02939 1260256359999
121.33934 32.584656 26.82792 1260256360012
119.222374 32.855423 27.586525 1260256360024
117.76125 33.16265 28.507198 1260256360037
122.02319 33.254517 29.731838 1260256360052
128.12204 38.99179 31.145247 1260256360063
134.36594 44.6422 32.637985 1260256360080
141.14764 50.31009 34.306087 1260256360095
134.09026 48.694584 36.040783 1260256360109
130.43575 46.109856 33.688744 1260256360129
126.76396 43.854362 31.054306 1260256360152
123.025764 42.561646 28.451591 1260256360173
119.32448 42.133564 26.079012 1260256360188
116.15826 43.026886 24.175062 1260256360210
114.30035 45.22554 22.866308 1260256360233
114.935326 48.464264 22.122993 1260256360248
118.28856 52.44105 21.916843 1260256360268
122.92413 56.919 22.021002 1260256360291
128.12793 61.823048 22.01995 1260256360308
135.37154 67.43189 21.718954 1260256360328
135.75296 56.660297 20.433006 1260256360348
136.91531 47.677284 18.161356 1260256360372
139.31955 38.94342 15.453288 1260256360388
149.35358 28.446249 10.780623 1260256360408
146.33589 33.173935 9.341592 1260256360431
146.06909 37.165237 9.024512 1260256360446
150.26564 41.056976 9.123286 1260256360466
155.15236 45.15413 9.467122 1260256360657
159.29474 49.146423 9.843766 1260256360664
161.63 53.189102 10.051578 1260256360676
162.4485 57.279648 9.948998 1260256360688
159.67607 61.265667 8.801549 1260256360698
152.59227 57.852383 5.2614713 1260256360715
146.51265 54.059765 3.1983976 1260256360722
140.83702 50.806778 1.4384778 1260256360732
135.34517 48.16644 -0.1834462 1260256360741
130.02791 46.508118 -1.8242738 1260256360755
125.326515 46.382713 -3.2330601 1260256360770
123.16019 49.413578 -3.871407 1260256360778
125.45218 53.0929 -3.5278366 1260256360790
129.52957 57.288254 -2.7014446 1260256360799
134.2531 61.723843 -1.7663723 1260256360812
138.59044 66.03765 -0.9280537 1260256360821
141.31091 70.23577 -0.48165098 1260256360836
138.19537 74.02398 -1.6575685 1260256360844
132.2856 70.72278 -4.57469 1260256360859
126.92132 67.38664 -6.3459554 1260256360879
121.87525 64.56731 -7.6786575 1260256360890
116.98149 62.438942 -8.794724 1260256360908
112.53242 61.416996 -9.7049885 1260256360929
110.205795 63.696148 -10.069739 1260256360948
113.14551 66.56134 -9.5162525 1260256360971
117.988235 69.98328 -8.490439 1260256360988
123.48882 73.584114 -7.3159175 1260256361011
128.56438 77.10491 -6.2501216 1260256361029
132.08615 80.499664 -5.5876155 1260256361048
129.83185 83.17468 -6.708235 1260256361070
124.24026 80.31595 -8.572824 1260256361088
118.678246 77.50015 -9.744183 1260256361109
113.39433 75.125145 -10.606974 1260256361133
108.27461 73.26889 -11.276625 1260256361148
103.66088 72.00545 -11.962793 1260256361170
101.87784 74.25517 -12.714654 1260256361186
104.433945 77.19241 -12.6289215 1260256361213
109.012245 80.63279 -11.897475 1260256361228
114.761635 83.90115 -10.902601 1260256361413
120.573555 86.506096 -9.857471 1260256361422
125.894875 88.38079 -9.014598 1260256361434
131.00014 89.461754 -8.463868 1260256361443
139.05013 89.788666 -8.240675 1260256361455
132.94762 89.29923 -8.278642 1260256361461
128.00023 88.28427 -8.66471 1260256361478
123.25021 86.370056 -9.831474 1260256361491
118.2377 83.00156 -11.789901 1260256361498
113.225815 78.45148 -13.650406 1260256361514
108.51453 73.2789 -15.267885 1260256361521
103.3388 67.71496 -16.70449 1260256361538
113.67186 62.67921 -18.719267 1260256361549
108.28827 67.69525 -20.983303 1260256361558
107.27386 70.46049 -20.884138 1260256361574
115.910164 72.237465 -19.839931 1260256361583
124.41466 73.875595 -18.447935 1260256361595
132.64392 75.63181 -16.875538 1260256361609
140.61172 77.200226 -15.431761 1260256361620
148.78114 78.59022 -14.110172 1260256361633
141.4421 79.71071 -12.954663 1260256361653
136.96999 80.375175 -12.15693 1260256361668
132.4215 79.95641 -12.299084 1260256361690
126.300415 76.90859 -14.63413 1260256361713
136.4854 71.713165 -16.652424 1260256361728
142.56113 66.32751 -18.269802 1260256361748
148.78307 61.411133 -20.056313 1260256361771
156.04391 57.190575 -22.253496 1260256361793
163.59172 53.881046 -25.140821 1260256361808
171.41214 59.936993 -27.98378 1260256361828
179.59154 64.84014 -29.784592 1260256361853
187.86195 68.39813 -30.445362 1260256361868
194.96886 70.92822 -30.323093 1260256361888
201.17041 72.83181 -29.756939 1260256361909
206.56189 72.89022 -29.069092 1260256361932
211.13379 72.99571 -28.315638 1260256361948
214.9771 73.095924 -27.549856 1260256361968
217.97824 73.04113 -26.872364 1260256361991
219.97932 72.88908 -26.278746 1260256362008
