101.02212 14.451392 4.6791573 1260255647301
101.27101 17.228823 4.7951994 1260255647311
103.05746 22.117382 5.1554394 1260255647323
105.90459 28.111513 5.597667 1260255647349
109.60936 34.50594 5.967784 1260255647533
113.928894 40.880642 6.369395 1260255647546
118.18245 46.98661 6.700925 1260255647554
122.47333 52.88728 6.9658785 1260255647567
126.54966 58.542915 7.1675844 1260255647575
130.27217 63.96577 7.309205 1260255647587
131.85857 69.06748 7.143745 1260255647594
130.01564 73.114105 6.3865576 1260255647604
126.914856 75.5084 4.8672295 1260255647614
123.41911 74.68298 3.2738678 1260255647626
119.94816 73.548836 1.9101744 1260255647635
116.55075 72.2214 0.7646656 1260255647650
113.17321 70.660324 -0.27356768 1260255647664
109.96455 69.07731 -1.2098893 1260255647673
106.91632 67.47344 -2.0993948 1260255647683
104.0705 65.94977 -3.044425 1260255647692
101.516975 64.75228 -4.142204 1260255647704
99.49113 64.31467 -5.1850934 1260255647715
99.066574 67.24893 -5.6258388 1260255647729
102.013245 71.686485 -5.094547 1260255647741
108.312584 76.50216 -4.1898193 1260255647750
115.54696 81.277054 -3.2803283 1260255647764
122.61961 85.7632 -2.3663118 1260255647771
128.83864 89.97504 -1.5479962 1260255647790
133.7967 93.87628 -0.87059635 1260255647832
136.85687 97.38247 -0.42706653 1260255647852
137.26402 100.163345 -0.35571322 1260255647861
135.40082 101.305176 -0.8879276 1260255647881
131.93077 99.93992 -1.5935313 1260255647893
128.03423 98.442924 -2.1638548 1260255647913
123.93251 96.82078 -2.5056622 1260255647929
119.93588 95.07974 -2.6303792 1260255647949
116.13909 93.32575 -2.5988603 1260255647972
112.58214 91.60947 -2.4689171 1260255647994
109.45303 89.979 -2.3454714 1260255648009
106.83038 88.63004 -2.378198 1260255648030
104.73886 87.79854 -3.009288 1260255648052
101.05192 91.00861 -4.8088236 1260255648074
111.64932 77.608185 -6.5683823 1260255648261
121.51685 64.977776 -8.489964 1260255648274
131.591 52.77889 -10.665465 1260255648283
142.01146 58.889946 -13.132192 1260255648295
152.51088 64.495445 -15.675582 1260255648304
162.53534 69.72067 -17.741802 1260255648316
172.30858 74.634636 -18.804712 1260255648322
168.19315 78.9029 -18.314476 1260255648334
169.23349 81.807755 -16.598753 1260255648343
167.52182 83.36737 -14.818815 1260255648356
161.29573 82.899 -13.277874 1260255648373
154.83095 82.40405 -12.06398 1260255648380
148.5894 81.78385 -11.110781 1260255648391
142.60992 81.14466 -10.255241 1260255648402
137.12943 80.68743 -9.5424795 1260255648415
133.07295 80.80306 -9.065355 1260255648432
131.8193 82.16291 -8.762088 1260255648439
131.77834 84.85477 -8.523983 1260255648455
132.08942 88.46203 -8.247784 1260255648462
132.68495 92.33893 -7.8853946 1260255648480
133.35071 96.221985 -7.541125 1260255648491
133.38318 99.960884 -7.2140684 1260255648509
132.61401 103.46284 -7.003365 1260255648528
131.4833 106.5897 -6.903197 1260255648550
130.15913 109.31021 -6.958037 1260255648572
128.90118 111.4447 -7.1601353 1260255648594
127.55612 112.92247 -7.5021286 1260255648608
125.678314 113.47635 -7.977022 1260255648630
122.6444 113.25253 -8.528171 1260255648654
118.81218 110.839905 -9.001762 1260255648669
114.87157 108.24791 -9.351674 1260255648688
111.027985 105.63551 -9.63409 1260255648711
107.37659 103.10374 -9.802386 1260255648734
104.057755 100.84855 -9.862267 1260255648749
101.05486 98.75612 -9.919153 1260255648769
98.55212 96.91831 -9.923196 1260255648792
96.52451 95.2224 -10.027036 1260255648819
