202.6407 15.43924 55.571148 1260255803903
205.90866 5.817278 53.49259 1260255803914
211.26323 -3.1235867 51.317963 1260255803925
217.00008 -11.517407 49.252064 1260255803951
223.30008 -19.341537 47.28946 1260255803972
229.78508 -26.674461 45.424988 1260255803985
236.19583 -33.590736 43.65374 1260255803994
224.53604 -40.161198 41.92105 1260255804019
213.40924 -46.453136 40.225 1260255804031
219.28877 -52.73048 38.613747 1260255804042
213.52434 -44.043957 37.083057 1260255804053
208.59811 -39.24176 35.078903 1260255804068
203.96822 -35.02967 33.07496 1260255804084
199.56981 -31.178186 31.171211 1260255804100
195.44131 -27.819277 29.36265 1260255804123
191.36925 -25.028313 27.644518 1260255804138
187.45079 -22.826897 26.112291 1260255804158
183.72826 -21.135551 24.756678 1260255804181
180.19185 -19.728773 23.418844 1260255804200
176.93225 -18.792334 21.897902 1260255804219
172.53564 -25.252716 20.453007 1260255804239
167.30887 -31.84008 19.380356 1260255804262
161.74342 -38.19808 18.511337 1260255804277
156.05626 -44.238174 17.735771 1260255804299
150.50345 -50.026264 17.048983 1260255804320
145.22827 -55.57495 16.396534 1260255804337
140.26686 -60.846203 15.726707 1260255804357
135.95352 -65.953896 15.040372 1260255804377
132.05585 -70.906204 14.388353 1260255804397
126.90305 -75.760895 13.918936 1260255804421
130.7579 -63.72285 14.922989 1260255804437
130.37001 -58.03671 15.67684 1260255804459
129.6515 -52.884872 15.992998 1260255804650
128.91893 -47.990627 16.143349 1260255804662
128.17299 -43.391094 16.186182 1260255804669
127.514336 -39.32154 16.276873 1260255804681
126.93862 -35.855465 16.413029 1260255804690
125.89169 -33.712692 16.642378 1260255804701
123.39711 -34.327057 16.360258 1260255804711
120.97726 -36.760704 15.242245 1260255804722
119.128395 -40.272667 13.8301325 1260255804729
117.821976 -44.159035 12.138626 1260255804744
117.33088 -48.401085 10.081695 1260255804755
117.96433 -52.98103 7.6276097 1260255804767
119.56612 -57.931976 4.6962295 1260255804774
122.03781 -63.135376 1.511418 1260255804788
125.23592 -68.27861 -1.264153 1260255804803
127.82413 -72.91468 -2.8509452 1260255804813
124.68292 -77.06895 -2.608398 1260255804824
134.74878 -81.2655 -0.777978 1260255804840
142.11134 -85.90223 2.260921 1260255804852
146.35577 -73.10712 5.997875 1260255804864
146.83798 -68.05176 8.747981 1260255804883
145.99608 -62.69917 10.660583 1260255804899
144.59627 -57.41421 12.027554 1260255804918
143.01645 -52.2935 13.076176 1260255804941
141.31563 -47.528824 14.072367 1260255804959
139.89984 -43.002384 15.218748 1260255804981
139.70485 -38.602264 16.707811 1260255804999
141.1696 -29.37215 17.57242 1260255805021
143.01112 -19.653543 17.4938 1260255805040
147.76057 -9.770865 16.969109 1260255805059
142.12254 -17.882322 16.320654 1260255805080
138.41641 -25.338207 15.604621 1260255805099
134.99559 -32.271297 14.92439 1260255805125
131.7958 -38.80773 14.278171 1260255805138
129.05602 -45.117344 13.614262 1260255805161
127.40321 -51.311478 12.883549 1260255805179
128.78305 -57.545902 12.089372 1260255805198
122.6939 -45.868607 11.334903 1260255805217
121.00921 -35.325176 10.768158 1260255805407
120.95875 -26.508917 10.72975 1260255805420
120.61081 -19.833471 10.993262 1260255805427
119.83027 -15.641798 11.243599 1260255805433
118.83875 -12.209708 11.481419 1260255805442
117.84682 -9.199223 11.757348 1260255805449
116.85448 -6.5892615 12.2194805 1260255805455
115.76175 -4.4097986 12.908506 1260255805464
114.623665 -2.5393088 13.863081 1260255805471
