192.48581 37.361103 20.24909 1260256471059
196.26152 36.59305 21.886635 1260256471068
202.39844 35.063396 23.842302 1260256471079
193.07852 31.760227 24.550188 1260256471088
185.4746 27.822216 23.47268 1260256471100
178.50087 24.631105 21.399046 1260256471134
171.87582 23.049551 18.429094 1260256471147
165.93204 23.247074 15.357639 1260256471159
160.93544 24.73472 12.989758 1260256471168
156.88867 26.897984 11.24027 1260256471181
154.04424 30.703085 10.128256 1260256471192
152.99202 34.567932 9.721843 1260256471204
153.04242 38.789536 9.685751 1260256471218
154.0403 43.35006 9.951464 1260256471232
155.63829 48.282555 10.35389 1260256471424
157.35637 53.76843 10.486196 1260256471434
156.43855 43.280006 9.711885 1260256471447
154.01663 35.116005 8.276291 1260256471458
151.1658 27.510204 6.662476 1260256471468
151.5075 19.484694 4.529352 1260256471474
144.43213 26.960459 1.6528845 1260256471485
141.36052 32.162437 0.22024024 1260256471494
139.64249 36.204315 -0.49077177 1260256471506
138.61037 39.6941 -0.81623316 1260256471514
138.37985 42.809395 -0.8254215 1260256471529
137.86086 45.668926 -0.88415045 1260256471543
136.61781 48.23548 -1.0899429 1260256471552
133.43692 49.52371 -1.3354458 1260256471563
128.21507 48.44752 -2.0186734 1260256471572
127.15432 40.825146 -2.5177398 1260256471586
128.3466 44.83389 -2.4418528 1260256471600
130.27927 48.292194 -2.2197602 1260256471609
131.8153 51.377586 -2.058772 1260256471622
132.82454 54.158707 -1.9558334 1260256471641
133.63332 56.900772 -1.8080418 1260256471653
133.95164 59.755733 -1.7676398 1260256471669
134.30406 62.917946 -1.8292577 1260256471682
134.18886 66.42205 -2.0377948 1260256471701
133.07942 70.600945 -2.435905 1260256471722
128.67545 75.4709 -3.1641097 1260256471738
125.091675 79.44736 -4.7059045 1260256471759
123.18709 81.92499 -6.320609 1260256471781
121.177734 79.92874 -8.354579 1260256471803
118.71885 77.082306 -10.63685 1260256471818
115.382904 73.02819 -12.405007 1260256471840
111.56376 68.32678 -13.734757 1260256471862
107.73557 63.560444 -14.89802 1260256471878
104.148796 59.03242 -16.20312 1260256471898
101.14136 55.2808 -18.242964 1260256471921
98.73429 52.71676 -21.030815 1260256471943
97.09758 57.780922 -23.179274 1260256471958
96.7427 61.591877 -23.97031 1260256471979
98.00556 64.86228 -23.771795 1260256472168
100.80528 68.16917 -22.833206 1260256472182
104.265015 71.26071 -21.641546 1260256472190
107.75176 74.49767 -20.40947 1260256472203
111.014175 77.67279 -19.238997 1260256472212
113.56347 80.68915 -18.227047 1260256472224
114.53529 83.60469 -17.715694 1260256472232
113.75853 86.324455 -17.92991 1260256472244
111.470604 89.10823 -19.183414 1260256472253
108.64707 86.10282 -21.274244 1260256472268
105.51472 82.74768 -22.610533 1260256472282
102.28898 79.6103 -23.330006 1260256472291
98.97453 76.779785 -23.763506 1260256472302
95.72581 74.3408 -24.07533 1260256472309
92.88952 72.62376 -24.321564 1260256472324
90.695045 71.59257 -24.655485 1260256472353
90.36029 73.96294 -24.57271 1260256472362
92.64227 76.86479 -23.594074 1260256472375
96.86016 80.37155 -22.11437 1260256472381
102.26715 84.20297 -20.458652 1260256472389
107.50379 87.99282 -18.98572 1260256472411
110.178604 91.79318 -17.986433 1260256472426
106.31967 95.503525 -18.43711 1260256472463
102.503685 92.27835 -20.215256 1260256472472
98.7785 89.514435 -20.904493 1260256472496
95.13958 87.13871 -21.209269 1260256472516
91.6326 85.28178 -21.248806 1260256472536
88.80097 84.017685 -21.136366 1260256472556
86.86092 83.0668 -21.079548 1260256472576
86.16788 82.46346 -20.97557 1260256472599
87.70948 83.89029 -20.576792 1260256472616
91.37401 86.645775 -19.547953 1260256472636
96.35531 89.963486 -18.220554 1260256472656
102.38754 93.46531 -16.809526 1260256472676
108.41817 96.892044 -15.41905 1260256472698
111.99726 99.79744 -14.498097 1260256472716
111.947395 100.957565 -14.573193 1260256472736
108.95003 99.10969 -14.994533 1260256472756
105.20252 97.0042 -15.344806 1260256472945
101.392395 94.953995 -15.477566 1260256472954
98.07278 93.10629 -15.553687 1260256472966
95.61914 91.50098 -15.776003 1260256472978
95.88818 92.57593 -15.987203 1260256472987
98.69377 95.44713 -15.387842 1260256472994
103.90908 98.824776 -14.31845 1260256473005
109.71362 102.083534 -13.202527 1260256473014
113.127945 104.37936 -12.442401 1260256473026
113.021545 104.61039 -12.470281 1260256473040
109.17047 102.37987 -12.896767 1260256473053
104.961945 99.86088 -13.251928 1260256473065
101.01385 97.56783 -13.489332 1260256473073
98.913155 96.08944 -13.714866 1260256473085
101.017494 97.134964 -13.529122 1260256473099
105.01662 99.52821 -12.752666 1260256473111
109.86578 102.201805 -11.815033 1260256473122
114.17249 104.491714 -10.974281 1260256473134
116.41387 105.71713 -10.675568 1260256473151
113.543175 103.63128 -11.44179 1260256473168
108.81602 100.49972 -12.419701 1260256473184
104.07522 97.274734 -13.198715 1260256473202
99.921455 94.811 -13.838779 1260256473219
100.87538 95.42045 -13.89684 1260256473238
105.08161 96.49943 -13.251998 1260256473259
109.87753 97.97446 -12.389398 1260256473278
114.183655 99.22573 -11.669928 1260256473296
117.37447 100.064445 -11.236431 1260256473318
116.70575 100.661224 -11.57461 1260256473338
112.42046 97.92816 -12.895879 1260256473360
107.34944 93.88175 -14.451085 1260256473378
102.33197 89.48766 -15.8785305 1260256473400
97.51537 85.46328 -17.834604 1260256473418
95.33961 87.790115 -18.992874 1260256473441
97.77263 89.20061 -18.74323 1260256473458
102.383995 90.54058 -18.00607 1260256473477
107.3148 91.61355 -17.205765 1260256473499
111.999054 92.68287 -16.345476 1260256473520
115.4991 93.64873 -15.678203 1260256473708
117.02415 94.46629 -15.344293 1260256473719
116.12294 95.19298 -15.477078 1260256473729
112.566795 92.88333 -16.503225 1260256473740
107.88846 88.839165 -17.978064 1260256473746
103.144035 84.197205 -19.429161 1260256473758
98.33683 79.58734 -21.107702 1260256473767
93.56999 75.45798 -23.352318 1260256473779
89.24149 72.28508 -25.884703 1260256473788
85.77942 76.27083 -27.690468 1260256473801
83.24045 79.30729 -28.605944 1260256473813
81.228424 81.64192 -28.925646 1260256473824
84.267006 83.45982 -28.779364 1260256473834
92.003654 84.93684 -28.490395 1260256473846
99.20347 84.13999 -28.115875 1260256473860
105.5433 83.382996 -27.710081 1260256473872
111.06613 82.613846 -27.324577 1260256473882
115.56283 81.83315 -26.95835 1260256473893
118.88469 80.99149 -26.66043 1260256473909
121.44045 80.19192 -26.377409 1260256473925
123.26843 79.28232 -26.25854 1260256473942
124.45501 78.2182 -26.345612 1260256473960
125.23226 77.00729 -26.528332 1260256473978
125.770645 75.65693 -26.751915 1260256474000
