161.4971 24.59786 24.40941 1260256512416
155.92224 21.217968 23.18894 1260256512428
150.87613 18.20707 21.529493 1260256512451
146.18233 16.246716 19.103018 1260256512476
142.12321 16.73438 16.547867 1260256512483
138.61705 18.497662 14.570474 1260256512518
135.8362 21.02278 13.14195 1260256512531
133.84439 24.02164 12.184853 1260256512540
133.20218 27.720558 11.82561 1260256512551
133.79207 32.08453 11.93433 1260256512562
135.30246 36.930305 12.337613 1260256512577
137.68733 42.23379 12.870732 1260256512588
140.60297 47.8721 13.277196 1260256512597
146.77281 54.328495 13.363337 1260256512610
144.38417 44.91207 12.49517 1260256512623
141.91496 37.166466 11.0204115 1260256512636
139.76921 29.558142 9.219391 1260256512654
139.08075 21.530235 6.808421 1260256512668
148.8267 11.703724 3.068 1260256512689
143.83537 18.118538 1.0146 1260256512711
141.1436 22.912611 0.31387 1260256512728
139.28642 27.11698 0.24817652 1260256512748
138.5221 31.21113 0.6857677 1260256512768
138.346 35.250572 1.2014793 1260256512793
138.2287 39.238045 1.6914054 1260256512808
138.36726 43.12614 2.406835 1260256512828
138.0489 46.919834 3.6364934 1260256512851
133.74646 42.873844 4.954669 1260256512868
130.60913 34.880154 6.056936 1260256512888
133.82867 40.686146 6.704089 1260256512908
135.13724 45.50184 7.1188846 1260256512933
135.73038 49.976746 7.31294 1260256512948
135.99387 54.127907 7.4472933 1260256513118
136.09418 58.121513 7.5249286 1260256513133
134.08946 62.115437 6.6986823 1260256513141
130.03499 59.509666 3.613748 1260256513152
126.48324 56.18418 1.9830606 1260256513161
123.10908 53.02497 0.63390756 1260256513173
119.85362 50.22372 -0.6477878 1260256513182
116.81094 47.912533 -2.0653985 1260256513193
113.8704 46.116905 -3.7121286 1260256513210
110.87688 44.811058 -5.6765223 1260256513219
107.83303 44.420506 -7.892696 1260256513230
105.84138 48.54948 -9.098062 1260256513237
105.59931 52.572006 -9.343159 1260256513255
107.06934 56.693405 -9.026001 1260256513270
109.81588 60.758736 -8.324701 1260256513278
112.57509 64.8208 -7.6584663 1260256513291
114.79633 68.87976 -7.125543 1260256513303
115.80652 72.88577 -6.819266 1260256513316
114.56619 76.89149 -7.0783024 1260256513335
110.68788 80.79691 -8.374387 1260256513348
107.353485 78.60707 -10.4556675 1260256513370
104.38581 76.37672 -11.482884 1260256513388
101.51652 74.20788 -12.00874 1260256513408
98.74069 72.19749 -12.258304 1260256513428
96.153656 70.48761 -12.445389 1260256513450
93.84597 69.21323 -12.773119 1260256513473
92.75367 71.35256 -13.234463 1260256513488
93.915985 74.33493 -12.87274 1260256513509
97.120186 77.86819 -11.979103 1260256513531
101.31418 81.62478 -10.930148 1260256513548
105.19847 85.29354 -9.983641 1260256513568
107.38855 88.87886 -9.434459 1260256513590
105.469124 91.43491 -10.112736 1260256513612
102.44567 89.51317 -11.057099 1260256513628
99.423386 87.287506 -11.404244 1260256513648
96.552216 85.12313 -11.434032 1260256513671
93.92461 83.16698 -11.312331 1260256513688
91.678375 81.50863 -11.346715 1260256513708
90.54446 80.8332 -11.779379 1260256513883
91.91724 83.49154 -11.64041 1260256513900
95.52138 86.51696 -10.85839 1260256513911
100.09531 89.44111 -9.86547 1260256513918
104.59054 91.969055 -8.872196 1260256513930
108.31101 94.0206 -7.978586 1260256513939
109.945465 95.46957 -7.579657 1260256513950
108.298195 96.19609 -8.100675 1260256513959
104.883286 93.33629 -9.145641 1260256513970
101.33912 89.469475 -10.03836 1260256513979
97.922165 85.346 -10.836442 1260256513995
94.526054 81.6287 -11.74462 1260256514004
93.39975 82.99727 -12.107389 1260256514016
96.22976 84.64741 -11.4020195 1260256514031
100.46827 86.365036 -10.481918 1260256514040
105.04485 87.99679 -9.457823 1260256514051
109.34261 89.54695 -8.434932 1260256514060
111.97548 90.869606 -7.663185 1260256514079
113.0267 91.87613 -7.180026 1260256514091
112.37537 92.48232 -7.221025 1260256514111
109.556595 90.458206 -8.609974 1260256514128
105.97877 85.63529 -10.579475 1260256514155
102.97983 79.90353 -11.950501 1260256514167
100.08083 74.25835 -13.402976 1260256514194
96.22679 69.24543 -15.382828 1260256514213
109.31545 65.08316 -18.063686 1260256514228
121.74968 62.079002 -21.310503 1260256514250
116.6122 60.57505 -23.144978 1260256514271
112.43159 63.646297 -23.587729 1260256514293
106.96001 65.71398 -23.158342 1260256514308
116.41201 67.37828 -22.450426 1260256514330
122.59141 69.00937 -21.777905 1260256514352
126.56184 70.6089 -21.189009 1260256514367
129.33374 72.17846 -20.679558 1260256514388
131.66705 73.569534 -20.14558 1260256514411
133.7337 73.941055 -19.5883 1260256514433
135.19702 74.094 -19.158886 1260256514448
136.28717 74.0393 -18.850943 1260256514469
