274.2675 -60.893497 37.267563 1260255896651
268.75412 -60.648823 36.454185 1260255896662
264.26642 -60.316383 35.881477 1260255896671
259.50308 -59.550564 35.287403 1260255896682
254.77792 -58.423035 34.523033 1260255896689
250.18903 -57.301884 33.64688 1260255896722
245.77957 -56.33679 32.664536 1260255896733
241.59059 -55.769947 31.581308 1260255896745
236.91106 -56.13145 30.252243 1260255896918
228.2155 -58.52488 28.389631 1260255896930
219.40472 -62.248634 26.420149 1260255896948
211.1845 -66.2862 24.499142 1260255896954
203.57527 -70.371895 22.624184 1260255896965
196.29651 -74.2033 20.792974 1260255896974
189.43169 -77.79314 19.003326 1260255896986
183.1101 -81.20348 17.20316 1260255896994
177.3046 -84.49331 15.493001 1260255897007
171.83937 -87.66864 13.868351 1260255897013
166.8474 -90.88521 12.374933 1260255897025
162.50502 -94.140945 10.906186 1260255897043
161.97977 -98.0339 8.910876 1260255897051
162.98077 -86.5322 6.365332 1260255897064
162.83174 -79.7056 4.7970657 1260255897071
162.59015 -73.620316 3.5072124 1260255897082
162.41064 -68.239296 2.3318517 1260255897091
162.19011 -63.67733 1.165259 1260255897104
161.8806 -59.74346 0.05699598 1260255897115
161.58656 -56.256287 -1.0458539 1260255897127
161.30724 -53.14347 -2.3935611 1260255897147
160.99187 -50.836296 -5.223883 1260255897155
159.94228 -56.04448 -7.512689 1260255897170
157.44516 -60.842255 -8.537055 1260255897184
154.0729 -65.30014 -9.160202 1260255897199
150.56926 -69.53513 -9.602192 1260255897218
146.7908 -73.55838 -9.972082 1260255897241
143.15126 -77.38046 -10.2734785 1260255897260
139.64369 -81.01144 -10.509805 1260255897279
136.16151 -84.46086 -10.634315 1260255897299
132.90344 -87.737816 -10.702599 1260255897320
130.90826 -91.35092 -10.817469 1260255897339
129.51285 -82.13338 -10.226595 1260255897359
130.0372 -75.27671 -9.215265 1260255897381
130.78534 -69.26288 -8.154502 1260255897400
131.69608 -63.949734 -6.9967766 1260255897419
132.86127 -59.602245 -5.796938 1260255897439
134.11821 -56.62213 -4.707091 1260255897459
134.8123 -55.641026 -4.1217365 1260255897630
133.17169 -56.358974 -4.2156496 1260255897647
131.0131 -57.241024 -4.8048673 1260255897655
128.96245 -60.028973 -5.714624 1260255897668
127.31432 -63.027523 -6.8288927 1260255897679
126.09861 -66.22615 -8.1874485 1260255897689
125.09368 -69.51484 -9.628077 1260255897695
124.239 -72.7891 -10.996673 1260255897706
123.127045 -75.99965 -12.046839 1260255897724
121.220695 -79.04967 -12.594497 1260255897734
117.60966 -81.747185 -12.364772 1260255897746
129.32918 -84.15983 -10.996533 1260255897753
136.11272 -87.25184 -7.8967066 1260255897764
138.70708 -82.83925 -3.2518713 1260255897775
139.77173 -77.497284 -0.13927773 1260255897789
140.28314 -72.02242 2.1676862 1260255897803
140.66899 -66.7713 4.159302 1260255897819
141.08554 -62.232735 6.151337 1260255897831
141.83127 -59.0711 8.44377 1260255897849
150.88971 -62.317543 9.721581 1260255897860
146.09523 -65.80167 9.085503 1260255897879
142.49046 -69.41158 8.081227 1260255897898
139.36594 -72.941 7.027166 1260255897922
136.44765 -76.34395 5.9758077 1260255897946
133.82527 -79.67675 4.927017 1260255897961
131.384 -83.042915 3.9306664 1260255897979
129.1648 -86.44077 2.984133 1260255898001
127.05656 -89.81873 2.0849264 1260255898018
124.95373 -93.027794 1.2806801 1260255898038
122.906044 -96.0764 0.56664604 1260255898060
120.71074 -98.922585 -0.06168629 1260255898082
118.0252 -101.476456 -0.45860198 1260255898104
114.87394 -103.65263 -0.68567187 1260255898118
111.23024 -104.920006 -0.6013883 1260255898142
112.46873 -101.22401 0.52868116 1260255898159
113.94529 -95.26281 1.2022471 1260255898178
