87.77354 20.66198 0.64830744 1260255603001
89.63486 23.67888 1.0658921 1260255603034
92.95312 28.644938 1.8625975 1260255603047
97.50546 34.56269 2.7194676 1260255603061
102.38019 40.684555 3.4334943 1260255603072
107.46118 46.850327 3.9618196 1260255603085
112.58812 52.90781 4.3637285 1260255603103
117.158714 58.712418 4.645542 1260255603118
121.00078 64.276794 4.763265 1260255603139
123.45074 69.61295 4.725102 1260255603161
122.8282 74.5323 4.438847 1260255603183
120.33679 78.45569 3.5669048 1260255603351
117.819954 80.43291 2.1385596 1260255603370
115.12896 79.311264 0.83163154 1260255603381
112.42251 77.8957 -0.2599501 1260255603388
109.701385 76.350914 -1.1969526 1260255603399
106.96632 74.63337 -2.087105 1260255603408
104.418 72.9017 -2.8827498 1260255603419
102.0471 71.256615 -3.6386123 1260255603428
99.894745 69.74378 -4.4066815 1260255603441
98.05001 68.65659 -5.2363477 1260255603453
96.74751 68.42377 -5.97453 1260255603464
96.86014 71.35258 -6.1758037 1260255603473
100.21713 75.834946 -5.5670133 1260255603483
107.00628 80.643196 -4.7386627 1260255603494
114.90597 85.36104 -3.9017296 1260255603514
122.760666 89.89299 -3.056643 1260255603527
129.97263 94.19834 -2.3038108 1260255603543
136.374 98.23843 -1.6886203 1260255603549
140.70529 101.97651 -1.2041893 1260255603564
142.12003 105.227684 -0.94397986 1260255603580
141.36403 107.3663 -0.94678086 1260255603600
139.19583 107.597984 -1.2494419 1260255603619
135.88603 106.11809 -1.6369698 1260255603639
132.19173 104.21218 -1.8551214 1260255603662
128.33214 102.15157 -1.9623653 1260255603680
124.46553 99.843994 -1.864247 1260255603699
120.79225 97.60179 -1.6210346 1260255603720
117.45264 95.5217 -1.2899829 1260255603739
114.630005 93.645615 -0.87548375 1260255603761
112.648506 92.31333 -0.43170956 1260255603779
112.01608 91.997665 -0.21012408 1260255603798
111.26528 93.597786 -0.7996179 1260255603820
106.95202 96.967896 -2.209637 1260255603842
118.354416 100.9195 -4.1991553 1260255603864
129.2867 104.723526 -6.6891975 1260255603878
140.42236 108.13735 -9.404737 1260255603901
133.55124 111.130486 -12.1345005 1260255603919
127.32368 113.72396 -14.627775 1260255603945
121.65749 116.08776 -16.546387 1260255604122
117.22462 118.083374 -17.369068 1260255604132
118.41338 119.42921 -16.400614 1260255604143
121.392715 119.80775 -14.580583 1260255604150
121.72308 119.41736 -12.851554 1260255604163
119.13693 117.14649 -11.408977 1260255604171
115.680084 114.98917 -10.2885275 1260255604182
111.94608 112.78971 -9.374101 1260255604191
108.39878 110.65022 -8.555396 1260255604202
105.27884 108.66771 -7.927626 1260255604213
103.064896 107.184326 -7.481245 1260255604227
102.56165 106.62511 -7.2571826 1260255604235
103.43357 107.443855 -7.1443233 1260255604247
104.61189 109.52166 -7.037107 1260255604255
106.4313 112.34557 -6.7352514 1260255604269
108.90973 115.42829 -6.398489 1260255604282
112.71424 118.406876 -5.9785647 1260255604289
115.82853 121.08653 -5.5796366 1260255604306
117.73711 123.33221 -5.2506547 1260255604321
119.15025 125.11559 -4.988122 1260255604342
119.59274 126.459816 -4.938716 1260255604361
119.713104 127.43683 -4.9917803 1260255604379
119.37745 128.01498 -5.2421913 1260255604400
118.55858 128.06424 -5.6300817 1260255604419
117.23065 127.411026 -6.048578 1260255604439
115.06912 126.34048 -6.496149 1260255604459
112.36567 123.72345 -6.8713417 1260255604481
109.147385 120.887276 -7.2277746 1260255604500
105.74001 117.792915 -7.5663857 1260255604523
102.35301 114.70327 -7.8880663 1260255604539
99.03536 111.668106 -8.193663 1260255604559
95.93359 108.7847 -8.43398 1260255604582
93.28691 106.39546 -8.612281 1260255604599
91.37257 104.52569 -8.731667 1260255604622
