240.22722 -144.0722 32.369453 1260261192064
232.66586 -143.7186 29.75098 1260261192075
225.23257 -143.68266 27.21343 1260261192086
217.42094 -143.74854 24.90276 1260261192123
209.5499 -143.9111 22.807621 1260261192136
201.5224 -144.06555 20.96724 1260261192147
194.94627 -144.31227 18.968878 1260261192164
190.74896 -144.79666 16.570435 1260261192170
189.06151 -145.65683 13.491913 1260261192184
188.90843 -146.77399 9.167317 1260261192203
188.863 -139.83528 5.3089514 1260261192216
188.46986 -133.29352 2.6435037 1260261192235
187.94637 -127.22884 0.46132854 1260261192253
187.44905 -121.667404 -1.711738 1260261192273
186.9266 -116.83403 -4.276151 1260261192467
185.43027 -118.19233 -6.662344 1260261192479
181.20876 -119.38271 -7.7292266 1260261192488
173.74832 -120.413574 -7.8427653 1260261192501
182.3109 -121.342896 -7.500627 1260261192510
189.24536 -122.22575 -6.8755956 1260261192526
195.38309 -123.06447 -6.131816 1260261192537
201.61394 -123.861244 -5.525225 1260261192544
208.88324 -124.61818 -5.198964 1260261192557
200.78908 -125.08727 -5.589016 1260261192570
197.14963 -125.43291 -7.2595654 1260261192582
195.54214 -120.76126 -9.546587 1260261192593
194.41504 -115.6232 -11.719257 1260261192599
193.44429 -110.29204 -13.633294 1260261192608
192.52208 -104.97743 -15.401629 1260261192621
191.69597 -99.82856 -17.081549 1260261192636
190.86118 -95.03713 -18.777472 1260261192643
190.01811 -90.68527 -20.388597 1260261192657
189.0672 -87.05101 -21.569168 1260261192668
187.76384 -84.64846 -21.79071 1260261192685
186.52565 -84.06604 -20.401175 1260261192699
188.49937 -86.01274 -17.931116 1260261192714
191.17441 -88.462105 -15.48456 1260261192733
193.81569 -91.089 -13.260332 1260261192756
196.5249 -93.68455 -11.297316 1260261192774
199.49866 -96.20032 -9.682449 1260261192793
202.92372 -98.6903 -8.348327 1260261192813
207.37753 -101.25578 -7.3809104 1260261192837
213.85866 -103.893 -6.861865 1260261192853
205.31572 -106.59835 -6.8687716 1260261192874
200.29993 -109.36843 -7.325333 1260261192894
197.18494 -112.05001 -8.109066 1260261192912
194.87569 -114.54751 -9.103613 1260261192934
192.8819 -116.82013 -10.198432 1260261192953
190.9378 -118.829124 -11.28851 1260261192977
188.44092 -120.48767 -12.174085 1260261192994
