227.76144 56.065716 11.359481 1260255949074
229.52338 55.01243 13.191507 1260255949262
231.59721 53.761806 15.331932 1260255949273
234.06735 52.423717 17.365335 1260255949282
237.16399 51.002533 18.79707 1260255949293
241.70578 49.652405 19.257215 1260255949300
230.3205 48.369785 19.044355 1260255949325
220.95447 47.401295 18.392138 1260255949341
213.10675 46.83123 17.522532 1260255949358
206.5514 46.73967 16.446405 1260255949369
200.87384 47.202686 15.174085 1260255949377
195.53015 48.092552 13.61538 1260255949384
190.05365 51.387924 11.7346115 1260255949399
183.50096 55.618526 9.747881 1260255949405
174.87592 60.9376 8.260487 1260255949417
181.78212 66.69072 7.1474624 1260255949425
187.84302 72.206184 6.2400894 1260255949437
195.15086 77.34588 5.478085 1260255949445
185.54332 82.07858 4.754181 1260255949457
177.31615 86.52465 4.166472 1260255949464
170.10034 90.798416 3.7081482 1260255949475
164.09532 94.8585 3.3227408 1260255949485
159.04056 98.565575 2.9066038 1260255949502
154.88853 101.687294 2.4112737 1260255949513
151.49411 104.05293 1.84071 1260255949520
148.4194 105.75029 1.1486745 1260255949531
145.49843 106.712776 0.39124078 1260255949540
142.5735 106.977135 -0.37832126 1260255949551
139.29483 105.278275 -1.2094052 1260255949559
135.28009 103.16436 -2.1489348 1260255949573
130.81609 100.65614 -3.141488 1260255949580
126.17528 97.87334 -4.2344136 1260255949596
121.616516 94.92967 -5.322693 1260255949602
117.33569 91.98319 -6.406558 1260255949621
113.41891 89.23403 -7.48623 1260255949632
109.94796 86.72233 -8.511918 1260255949640
107.05056 84.58621 -9.536323 1260255949659
104.89803 83.006905 -10.559506 1260255949671
103.55313 81.85656 -11.481531 1260255949691
102.82548 83.81373 -12.207455 1260255949869
102.6342 86.37304 -12.447082 1260255949878
103.00249 89.50439 -12.224728 1260255949889
104.30236 92.92917 -11.663491 1260255949898
106.33724 96.43271 -10.980317 1260255949909
108.57038 99.86108 -10.2813015 1260255949918
110.591866 103.26802 -9.667236 1260255949924
112.112274 106.75462 -9.133875 1260255949935
111.00666 110.26689 -8.727181 1260255949950
106.006325 113.603546 -8.540822 1260255949961
102.656006 116.473366 -8.763781 1260255949973
100.9232 118.5497 -9.425591 1260255949981
100.17704 119.77222 -10.404312 1260255949992
99.51819 120.28361 -11.534097 1260255950005
98.04228 120.36943 -12.557392 1260255950018
94.44017 117.20096 -13.279523 1260255950036
89.76816 113.94091 -13.615547 1260255950045
102.82975 110.64387 -13.58477 1260255950059
115.238266 107.36167 -13.405532 1260255950072
127.22635 104.19359 -13.135255 1260255950089
120.965034 101.18391 -12.878492 1260255950108
115.81678 98.324715 -12.834568 1260255950132
111.975945 95.70848 -13.092839 1260255950150
109.32715 93.273056 -14.138197 1260255950169
105.46079 96.9094 -16.731287 1260255950192
115.737755 84.21393 -18.144722 1260255950210
124.65086 72.45323 -19.337486 1260255950229
134.76833 60.98057 -20.870611 1260255950254
145.7299 49.531544 -22.727081 1260255950268
139.1434 38.054966 -24.740726 1260255950291
133.28622 44.752216 -26.50369 1260255950309
127.72192 51.064606 -27.928507 1260255950332
122.03582 57.161377 -28.932081 1260255950349
116.43403 63.053307 -29.285477 1260255950372
113.212326 68.050644 -29.371202 1260255950393
113.00171 70.598114 -29.102642 1260255950409
109.95162 70.71821 -28.34751 1260255950431
121.30404 70.4323 -27.580133 1260255950447
131.53883 70.11068 -26.901127 1260255950629
140.7119 69.85515 -26.256071 1260255950638
148.4263 69.81239 -25.793268 1260255950649
148.20499 69.87177 -25.453606 1260255950658
146.94473 72.37818 -25.380926 1260255950664
144.7975 75.80927 -25.41188 1260255950676
141.05763 80.11881 -25.241287 1260255950684
135.20476 84.812874 -24.779222 1260255950696
146.09451 89.47223 -24.14026 1260255950710
138.93979 93.84862 -23.633247 1260255950721
132.9428 97.856186 -23.351585 1260255950733
127.59566 101.56338 -23.234007 1260255950742
122.865875 105.03521 -23.222307 1260255950753
119.07258 108.133446 -23.361193 1260255950764
116.16895 110.826775 -23.743134 1260255950778
113.9605 113.03544 -24.405977 1260255950790
112.162476 114.88367 -25.335678 1260255950801
110.45435 116.48949 -26.518894 1260255950815
108.731636 117.765015 -27.742949 1260255950829
106.595055 114.12676 -28.555801 1260255950849
101.3653 110.82043 -28.82801 1260255950872
112.69704 107.679405 -28.68661 1260255950892
123.012184 104.79543 -28.25228 1260255950909
132.76158 102.00566 -27.639666 1260255950930
142.0235 99.40538 -27.007683 1260255950949
150.77232 97.03511 -26.357298 1260255950967
