186.70398 30.672308 25.319973 1260256475934
193.01878 28.938692 27.553974 1260256475943
184.51784 25.491758 28.076275 1260256475955
177.84195 21.51717 27.02246 1260256475963
171.99985 19.291311 24.871338 1260256475975
166.79985 19.076746 22.42777 1260256476003
162.00986 19.922909 20.256382 1260256476018
157.70937 21.576763 18.393562 1260256476029
154.1239 23.997925 16.973885 1260256476236
152.1177 27.598028 16.27519 1260256476279
151.71182 32.268127 16.111431 1260256476302
152.67624 37.65472 16.25586 1260256476330
154.64243 43.371983 16.493067 1260256476349
157.41031 49.303383 16.668413 1260256476358
164.48979 37.888214 16.534992 1260256476369
161.3153 28.443804 15.708242 1260256476376
159.24954 20.371613 14.422831 1260256476388
157.88707 12.703032 13.051689 1260256476397
160.59271 4.31788 11.049105 1260256476408
156.06308 11.151986 9.44665 1260256476417
153.40993 16.244387 8.674317 1260256476428
150.73943 20.482168 8.240602 1260256476434
148.25246 24.45806 8.1285715 1260256476453
146.43983 28.435156 8.322143 1260256476460
145.46785 32.4134 8.706036 1260256476473
145.64445 36.54273 9.320734 1260256476480
147.16223 40.915592 10.254697 1260256476492
151.00412 46.16981 11.441962 1260256476500
157.30391 52.36132 12.369864 1260256476511
163.93872 58.493256 13.051372 1260256476518
166.94179 63.568592 13.398803 1260256476531
167.0947 67.240166 13.378862 1260256476544
165.18996 69.678154 12.809919 1260256476556
161.18047 69.79424 11.319424 1260256476564
155.97144 68.05453 9.353453 1260256476576
150.57286 65.2018 7.43578 1260256476591
145.29422 62.241707 5.713991 1260256476600
140.27951 59.679623 4.1282916 1260256476611
135.96553 58.24564 2.4718769 1260256476624
132.56726 57.933357 1.048283 1260256476639
129.3889 57.88669 -0.30413124 1260256476651
125.66946 57.342354 -1.7889247 1260256476671
121.53598 56.275238 -3.4994786 1260256476689
117.609184 55.461475 -5.3745046 1260256476711
114.97872 58.8384 -6.7557793 1260256476729
114.62978 61.946484 -7.26799 1260256476748
116.048294 65.24916 -7.204591 1260256476924
118.44588 68.68671 -6.794361 1260256476939
121.073586 72.152374 -6.304643 1260256476950
123.31991 75.59476 -5.839411 1260256476959
124.60391 79.06502 -5.5974402 1260256476970
124.47372 82.56177 -5.667568 1260256476977
122.05003 86.13368 -6.2841897 1260256476989
117.39753 89.877 -7.81998 1260256476997
112.42765 93.68315 -10.678981 1260256477008
108.60627 90.048996 -13.295032 1260256477020
105.37595 87.29655 -14.53028 1260256477034
102.357155 85.03172 -15.103766 1260256477042
99.3893 83.08014 -15.298578 1260256477053
96.56983 81.37613 -15.283649 1260256477062
93.99134 79.80732 -15.269467 1260256477076
91.79177 78.316956 -15.305994 1260256477090
91.00218 77.70111 -15.490694 1260256477100
93.55207 80.26605 -14.816159 1260256477113
98.02447 83.70275 -13.625351 1260256477128
103.47324 87.367615 -12.344084 1260256477149
108.99958 90.949234 -11.0768795 1260256477168
112.4996 94.05177 -10.173036 1260256477191
112.17462 95.149185 -10.214384 1260256477208
109.16589 93.49173 -10.603665 1260256477231
105.707596 91.36714 -10.8234825 1260256477248
102.372215 89.24879 -10.882308 1260256477268
99.35361 87.33635 -10.888192 1260256477290
97.03593 85.66953 -11.043782 1260256477308
96.534134 85.08606 -11.241593 1260256477330
99.05743 87.38176 -10.729514 1260256477348
103.35455 90.46267 -9.743038 1260256477368
108.486824 93.68954 -8.655887 1260256477389
113.41248 96.75506 -7.623092 1260256477410
116.49186 99.167305 -6.8919377 1260256477433
115.517265 99.60894 -6.9973407 1260256477482
111.791405 97.878494 -7.397474 1260256477494
107.85184 95.88457 -7.6776004 1260256477504
104.00925 94.09034 -7.8437204 1260256477518
100.50878 92.68582 -7.9515343 1260256477695
97.63334 91.60153 -8.153957 1260256477712
96.301674 92.22146 -8.4462595 1260256477721
97.78659 93.96039 -8.423946 1260256477735
101.09726 96.612366 -7.902749 1260256477741
105.8424 99.68175 -7.157612 1260256477758
110.75028 102.74766 -6.4497313 1260256477764
113.86277 105.31027 -5.977245 1260256477775
114.16963 106.29476 -6.278383 1260256477784
110.91115 104.03002 -7.0644636 1260256477798
106.96559 101.07852 -7.5612407 1260256477814
103.21731 98.1746 -7.8331785 1260256477821
100.00644 95.81587 -7.9915195 1260256477837
100.75612 95.22508 -7.6919436 1260256477844
105.41831 96.96383 -6.8073463 1260256477862
110.54739 99.065636 -5.816979 1260256477879
115.42002 101.01235 -4.87613 1260256477896
119.44902 102.46173 -4.1323237 1260256477903
122.02657 103.188644 -3.6757076 1260256477921
121.525246 103.179214 -3.8919222 1260256477932
117.998985 100.72025 -5.0973263 1260256477943
113.549034 96.48424 -6.54246 1260256477958
109.12158 91.81003 -8.065337 1260256477971
105.1155 88.419525 -9.56207 1260256477993
103.30972 87.59855 -9.933967 1260256478008
104.59424 88.51862 -9.587268 1260256478028
107.46452 89.74269 -8.957905 1260256478049
111.491295 91.155556 -8.06001 1260256478073
115.66673 92.64778 -7.057009 1260256478092
119.63339 94.115395 -6.004159 1260256478108
122.901726 95.40962 -4.953951 1260256478131
124.856636 96.38914 -4.0562534 1260256478148
124.963806 96.81968 -3.5534408 1260256478168
122.06561 95.3287 -4.2257686 1260256478188
117.71233 90.31226 -5.7144804 1260256478212
113.37672 84.54665 -7.2787566 1260256478228
108.60788 78.96932 -9.414819 1260256478248
103.42748 74.62086 -12.544078 1260256478270
98.95611 71.68981 -15.5668745 1260256478459
95.6583 75.10532 -17.28853 1260256478477
92.675385 74.150055 -18.124104 1260256478489
89.54162 76.142555 -18.417898 1260256478498
86.164536 75.83543 -18.497004 1260256478510
99.75631 75.59366 -18.522154 1260256478516
106.26849 75.51398 -18.396046 1260256478532
111.85507 75.58828 -18.076244 1260256478539
116.96232 75.65887 -17.672432 1260256478551
121.364204 75.62592 -17.23881 1260256478562
125.296 75.34463 -16.87687 1260256478571
128.58119 74.6774 -16.633026 1260256478578
131.35213 73.59353 -16.551374 1260256478583
