293.80228 9.003321 57.588306 1260261071865
295.11215 8.603154 58.10889 1260261071882
296.85654 8.122996 58.803448 1260261071889
298.81372 7.5168467 59.713276 1260261071900
300.62305 6.7410045 60.77761 1260261071936
302.8419 -1.7960455 61.438732 1260261071945
288.0498 -9.156243 61.216797 1260261071958
275.59732 -15.198431 59.955956 1260261071970
265.11746 -20.28851 57.908157 1260261071983
256.1616 -24.774084 55.36275 1260261071996
248.60352 -28.83538 52.394615 1260261072004
242.67334 -33.043613 48.624886 1260261072022
237.48967 -33.04143 43.79364 1260261072035
228.16519 -31.53936 38.953957 1260261072052
217.55693 -29.112392 34.50626 1260261072080
206.92908 -25.906773 30.430946 1260261072097
196.93262 -21.961433 27.1094 1260261072115
187.486 -15.113361 24.55393 1260261072135
178.46169 -8.757693 22.576233 1260261072156
169.5386 -2.5198085 20.947422 1260261072174
178.46167 3.8561819 19.500051 1260261072195
185.8386 10.413373 18.175049 1260261072213
189.04666 16.992704 16.966297 1260261072234
189.64433 23.54307 15.867982 1260261072254
188.91211 30.015917 14.824583 1260261072278
186.76651 36.41512 13.733354 1260261072299
182.47818 42.79436 12.546686 1260261072313
175.70427 49.10464 11.169352 1260261072336
184.66905 55.39941 9.610884 1260261072353
191.4356 43.62944 7.8803396 1260261072373
196.9638 32.59797 6.0363226 1260261072394
201.36562 22.31807 4.0345063 1260261072416
203.69734 13.202166 1.932781 1260261072593
202.76248 5.9920573 0.3861419 1260261072602
199.27435 0.49245417 -0.18316521 1260261072614
194.56064 -3.732169 -0.12400695 1260261072623
187.6826 -5.1955605 1.6821935 1260261072630
180.79848 -2.3357823 2.8480837 1260261072640
174.40855 0.98100686 3.4056795 1260261072649
168.33812 4.1319566 3.8853955 1260261072661
162.7212 7.1253586 4.3911257 1260261072676
157.83514 9.91909 5.0215693 1260261072693
153.7434 12.473136 5.870491 1260261072702
150.75623 14.749479 7.0269666 1260261072708
148.96841 16.462006 8.675618 1260261072718
156.06999 24.488905 11.4918375 1260261072729
152.2665 16.91446 11.3172455 1260261072744
149.60316 10.168736 10.601383 1260261072755
147.07301 4.0603 9.871314 1260261072765
144.66936 -1.6427151 9.1277485 1260261072778
142.43588 -7.0105796 8.421361 1260261072792
140.1641 -12.260051 7.750293 1260261072837
138.1059 -17.547049 7.0127783 1260261072855
137.4006 -23.819696 5.9621396 1260261072874
134.08057 -16.67871 5.2140326 1260261072895
131.92654 -10.994776 4.953331 1260261072913
130.23021 -6.195037 4.9556646 1260261072935
128.9687 -2.035285 5.3078814 1260261072954
128.37027 1.2164793 6.2424874 1260261072977
128.35176 3.3056555 7.980363 1260261072996
129.13417 4.190373 10.681345 1260261073017
139.72746 3.7808542 14.097278 1260261073038
