270.89734 -42.46224 44.90909 1260255893089
265.35248 -42.23913 43.663635 1260255893101
259.98486 -41.977173 41.980453 1260255893111
254.88562 -41.878315 40.081432 1260255893147
249.54134 -42.6344 37.77736 1260255893161
242.41428 -46.05268 34.888493 1260255893172
235.09357 -50.55005 31.794067 1260255893188
228.5389 -55.622547 28.904364 1260255893202
222.31195 -60.74142 26.309145 1260255893213
216.04636 -65.65435 23.943687 1260255893227
209.44405 -70.221634 21.796503 1260255893246
202.77185 -74.46055 19.806679 1260255893258
196.18326 -78.38752 17.966345 1260255893281
189.8241 -82.068146 16.218027 1260255893299
183.83289 -85.564735 14.557126 1260255893322
178.04124 -88.8865 13.02927 1260255893339
172.98918 -92.09217 11.477807 1260255893357
171.93973 -96.03756 8.953917 1260255893378
171.99274 -89.185684 6.506221 1260255893571
171.6431 -82.7264 5.03091 1260255893581
171.21094 -76.84008 3.8793645 1260255893592
170.7504 -71.64808 2.8353963 1260255893599
170.26288 -67.11568 1.8436265 1260255893611
169.74974 -63.109894 0.85144514 1260255893620
169.26225 -59.5044 -0.3411271 1260255893631
168.74915 -56.47918 -2.7240708 1260255893641
167.3617 -61.55522 -5.2378674 1260255893654
164.04361 -66.07746 -6.2759743 1260255893665
159.89143 -70.27359 -6.9121757 1260255893677
155.34686 -74.20991 -7.3665667 1260255893689
150.62952 -77.94941 -7.6982384 1260255893698
146.09804 -81.50194 -7.9633265 1260255893711
142.04314 -84.976845 -8.21516 1260255893731
138.64098 -88.378006 -8.454402 1260255893739
136.75893 -91.9091 -8.881681 1260255893759
144.87099 -79.76365 -9.637597 1260255893772
144.52744 -72.32547 -8.805717 1260255893792
144.70107 -66.1092 -7.615432 1260255893811
145.16602 -60.65374 -6.2846603 1260255893828
145.85771 -56.071053 -4.870427 1260255893849
146.71483 -52.8175 -3.6269057 1260255893872
147.4291 -50.976627 -2.8955603 1260255893894
147.30763 -50.577797 -2.8007822 1260255893909
145.44225 -51.24891 -3.2107432 1260255893930
142.67014 -52.186462 -3.950206 1260255893952
139.93663 -55.32714 -5.0026956 1260255893969
137.5898 -58.710785 -6.302561 1260255893989
135.91031 -62.275246 -7.8874326 1260255894011
134.6648 -65.96149 -9.593061 1260255894034
133.58156 -69.663414 -11.213408 1260255894048
132.50249 -73.38024 -12.502738 1260255894069
130.47736 -76.91123 -13.077601 1260255894092
126.103485 -80.065674 -12.673721 1260255894109
136.84831 -82.76239 -11.090035 1260255894128
143.3059 -85.87427 -7.9355335 1260255894150
145.2906 -81.43056 -3.8887568 1260255894333
145.87607 -76.05903 -1.3443187 1260255894342
145.98227 -70.70608 0.4728972 1260255894354
145.98315 -65.62077 1.9992524 1260255894361
145.984 -61.139736 3.5492897 1260255894372
146.1348 -57.382748 5.371825 1260255894381
147.32805 -54.91361 8.453234 1260255894393
157.76164 -59.31793 8.730572 1260255894402
153.02356 -63.65203 7.9940434 1260255894416
149.27238 -67.81943 7.044341 1260255894431
145.85876 -71.77846 6.092124 1260255894440
142.66583 -75.58954 5.137518 1260255894451
139.58253 -79.26006 4.230642 1260255894460
136.60341 -82.84706 3.3691096 1260255894474
133.92323 -86.354706 2.5506542 1260255894481
131.52707 -89.78697 1.7731215 1260255894498
129.30072 -93.04762 1.0344653 1260255894512
127.23569 -96.24524 0.38274202 1260255894524
125.2239 -99.33298 -0.1863951 1260255894540
124.0127 -102.51633 -0.6770753 1260255894554
124.91207 -95.69051 0.0067784763 1260255894569
125.86647 -89.60599 0.6564396 1260255894589
126.92315 -84.02569 1.4236176 1260255894613
128.027 -79.0744 2.3524368 1260255894629
