278.9276 -111.865616 44.308937 1260255911137
273.28122 -108.67233 43.59349 1260255911150
266.96716 -105.63872 42.263817 1260255911159
260.9688 -102.656784 40.650627 1260255911194
255.12038 -100.073944 38.868095 1260255911204
249.66435 -97.570244 36.92469 1260255911217
243.93114 -95.79173 34.578457 1260255911233
236.98457 -96.95215 31.499535 1260255911245
230.33534 -99.50454 28.624557 1260255911260
223.61858 -102.329315 26.29333 1260255911272
216.83765 -105.16285 24.228662 1260255911287
209.94577 -107.854706 22.36723 1260255911315
202.89848 -110.31197 20.648869 1260255911328
195.85356 -112.54637 19.016424 1260255911352
188.86089 -114.61906 17.515602 1260255911373
182.06784 -116.488106 16.139822 1260255911388
175.61444 -118.3137 14.83283 1260255911407
170.28372 -120.098015 13.391189 1260255911427
169.56953 -122.59312 10.521629 1260255911447
169.09106 -114.51346 8.645548 1260255911634
168.48651 -106.93778 7.4132705 1260255911643
167.91219 -99.99089 6.342607 1260255911654
167.36658 -93.74135 5.2754765 1260255911663
166.79825 -88.25428 4.2617025 1260255911674
166.20833 -83.541565 3.1986175 1260255911683
165.54791 -79.464485 2.0386865 1260255911695
164.77052 -76.14126 0.28675222 1260255911701
163.282 -79.6842 -2.5775855 1260255911714
160.7179 -83.14999 -3.9987063 1260255911730
157.232 -86.492485 -4.798771 1260255911737
153.2204 -89.66786 -5.3588324 1260255911745
148.90938 -92.68447 -5.7908907 1260255911757
144.51392 -95.60025 -6.101346 1260255911770
140.38821 -98.37024 -6.396279 1260255911782
136.5688 -101.001724 -6.676465 1260255911793
132.94037 -103.45164 -6.892642 1260255911804
129.74335 -105.62906 -7.19801 1260255911819
127.85618 -107.29761 -8.03811 1260255911834
128.91338 -99.98273 -6.986204 1260255911852
129.96771 -92.93359 -5.8868937 1260255911870
130.96933 -86.28691 -4.692549 1260255911889
132.02086 -80.17256 -3.3579218 1260255911909
133.16982 -74.86393 -1.9900256 1260255911929
134.31133 -70.82073 -0.6905243 1260255911952
134.64575 -68.9797 0.094001934 1260255911969
131.96347 -69.280716 -0.06069817 1260255911992
128.8653 -71.01668 -0.7076633 1260255912009
125.97203 -73.06584 -1.5722802 1260255912027
123.52343 -75.26255 -2.593666 1260255912049
121.59726 -77.64942 -3.8139827 1260255912069
120.267395 -80.166954 -5.223284 1260255912091
119.50403 -82.80861 -6.76212 1260255912109
119.028824 -85.46818 -8.324014 1260255912131
118.27738 -88.04477 -9.507813 1260255912149
116.063515 -90.34253 -9.832423 1260255912172
111.06034 -92.2254 -8.890802 1260255912189
121.407326 -94.16413 -6.646262 1260255912209
126.38696 -90.55592 -2.963949 1260255912382
128.36761 -85.27813 0.18424849 1260255912400
129.34923 -79.314224 2.125036 1260255912411
129.93176 -73.14851 3.5187843 1260255912418
130.33517 -67.24109 4.842845 1260255912430
130.91841 -61.829033 6.600703 1260255912438
132.72249 -50.83758 9.620667 1260255912450
139.58636 -56.545704 10.689634 1260255912459
150.45705 -61.36842 10.7051525 1260255912465
144.68419 -65.6 10.269895 1260255912483
140.09998 -69.47 9.6064 1260255912495
136.39497 -73.096504 8.826079 1260255912504
133.32523 -76.59168 7.884775 1260255912515
130.80896 -80.062096 6.8405366 1260255912523
128.61852 -83.40899 5.7985096 1260255912540
126.48759 -86.58854 4.808584 1260255912551
124.16321 -89.50911 3.918155 1260255912560
121.70505 -92.183655 3.1722472 1260255912578
118.91979 -94.62447 2.6136348 1260255912592
115.673805 -96.84325 2.232953 1260255912611
111.790115 -98.80109 2.1713054 1260255912630
121.00061 -100.91103 4.2127404 1260255912656
122.30058 -94.11548 5.7521033 1260255912669
123.335556 -87.30971 6.764498 1260255912691
124.36878 -81.14422 7.626273 1260255912713
125.55035 -75.78701 8.69496 1260255912728
