275.52194 -116.797676 16.856056 1260261169892
266.59586 -117.607796 14.863254 1260261169907
257.46606 -118.92741 12.970091 1260261169914
247.79276 -120.631035 11.421586 1260261169925
238.95311 -122.299484 9.850507 1260261169958
231.20546 -123.884514 8.207981 1260261169973
224.69519 -125.440285 6.397582 1260261169990
219.61043 -126.96827 4.3777027 1260261170004
215.7299 -128.41986 2.1088176 1260261170014
212.84341 -129.79887 -0.4966233 1260261170211
210.65125 -130.95892 -3.4217923 1260261170226
208.86868 -125.960976 -6.150703 1260261170235
207.22525 -121.11293 -8.1431675 1260261170246
205.61398 -116.40728 -9.586009 1260261170256
204.08328 -111.78692 -10.756708 1260261170267
202.62912 -107.29757 -11.868873 1260261170274
201.29767 -103.13269 -13.075429 1260261170287
199.98279 -99.62605 -14.521658 1260261170294
197.68365 -101.19475 -15.695575 1260261170305
192.09947 -102.98501 -15.610796 1260261170315
184.0445 -104.93576 -15.030256 1260261170327
174.94228 -106.838974 -14.328743 1260261170339
183.29517 -108.69703 -13.562305 1260261170352
190.6804 -110.51218 -12.78419 1260261170363
197.49638 -112.33657 -12.044981 1260261170372
203.97156 -114.16974 -11.392732 1260261170384
210.37299 -116.01125 -10.823095 1260261170395
217.35434 -117.86069 -10.381941 1260261170409
207.78662 -119.767654 -10.212844 1260261170418
200.8973 -121.679276 -10.352201 1260261170429
196.40244 -123.495316 -10.934591 1260261170440
193.28232 -125.17055 -11.887861 1260261170454
190.9182 -126.66202 -13.143468 1260261170467
188.97229 -128.02892 -14.586294 1260261170487
187.17368 -129.32747 -16.10698 1260261170504
185.31499 -130.46109 -17.601631 1260261170523
183.29924 -131.33803 -19.07155 1260261170545
181.08427 -131.82112 -20.517973 1260261170569
178.93005 -127.58006 -21.642075 1260261170584
176.93355 -123.75106 -22.20997 1260261170604
175.08687 -120.21351 -22.199472 1260261170628
173.28253 -116.952835 -21.739498 1260261170644
171.61841 -114.05519 -20.902523 1260261170664
169.88748 -111.55243 -19.757397 1260261170684
168.09311 -109.424805 -18.369526 1260261170711
