136.75339 14.821519 10.766383 1260255495323
137.56572 14.980443 11.728064 1260255495353
138.93744 15.531421 12.891661 1260255495360
140.14056 16.40485 14.047078 1260255495375
141.03354 17.284607 15.194724 1260255495551
141.08186 18.020376 16.084988 1260255495563
140.77777 18.769358 16.88074 1260255495575
140.48888 19.68089 17.586702 1260255495584
140.16443 20.796844 18.207367 1260255495595
139.9062 22.457003 18.647 1260255495604
139.91089 24.384153 19.114649 1260255495616
140.56534 29.464947 19.658916 1260255495623
142.18707 35.3917 20.07597 1260255495634
145.37772 41.872116 20.372171 1260255495646
150.10883 48.52851 20.453564 1260255495664
156.45338 37.202084 20.380886 1260255495675
163.63072 26.59198 20.161842 1260255495684
171.54918 16.66238 19.85375 1260255495696
179.37172 7.1792607 19.411062 1260255495712
179.95314 15.670298 18.59051 1260255495722
175.10548 20.986782 16.260984 1260255495736
171.25021 22.437443 14.147935 1260255495754
167.6877 23.515572 12.340538 1260255495766
164.35332 24.439793 10.773511 1260255495782
161.18565 25.267803 9.384835 1260255495794
158.22636 26.004414 8.265594 1260255495810
155.46504 26.654194 7.4023137 1260255495837
153.0418 27.571484 6.882198 1260255495849
151.2397 29.242908 6.838088 1260255495872
150.42772 33.180763 7.2961836 1260255495895
150.70633 38.671726 7.8813744 1260255495910
152.32101 44.88814 8.287306 1260255495931
154.75496 51.093735 8.572941 1260255495953
158.86722 57.339046 8.794293 1260255495974
164.12386 63.422092 8.954578 1260255495989
170.46767 51.350986 9.0568495 1260255496012
177.64429 39.983437 9.154007 1260255496034
185.16208 29.234264 9.246306 1260255496050
189.85397 18.77255 9.283991 1260255496070
187.06128 24.983923 9.219791 1260255496090
183.30821 27.834726 8.908802 1260255496115
179.3428 29.54299 8.613362 1260255496130
175.52567 30.81584 8.432694 1260255496316
171.89938 31.775047 8.46106 1260255496325
168.60442 32.536297 8.738007 1260255496336
165.57419 33.059483 9.301106 1260255496345
162.94548 33.15651 10.386051 1260255496357
161.19821 32.598682 12.366749 1260255496366
168.7883 22.468748 15.698411 1260255496378
161.44888 14.09531 16.06349 1260255496385
160.82645 5.9405446 14.110315 1260255496395
153.03513 -3.1064827 10.054799 1260255496406
147.98337 5.198842 6.002059 1260255496418
143.5842 12.6389 2.501956 1260255496432
139.40498 19.556955 -0.6731418 1260255496441
135.13474 26.129108 -3.6394846 1260255496452
130.37799 32.472652 -6.3075104 1260255496465
126.80909 37.99902 -7.3921347 1260255496481
127.16863 41.849068 -6.622528 1260255496493
127.7602 45.106613 -5.4414015 1260255496506
127.72219 46.401283 -4.3693314 1260255496520
127.236084 47.53122 -3.4508648 1260255496532
126.62428 48.554657 -2.6283214 1260255496553
126.09307 49.526924 -1.8469054 1260255496569
125.73842 50.650578 -1.1545601 1260255496593
125.751495 52.16805 -0.69683206 1260255496610
126.01392 54.909645 -0.5119904 1260255496628
125.91323 59.014164 -0.68639094 1260255496651
124.86757 63.913456 -0.9520714 1260255496669
122.82419 68.96778 -1.2544678 1260255496692
120.28298 73.86939 -1.5917444 1260255496710
117.81883 78.42593 -1.9621572 1260255496736
115.72789 82.65463 -2.3140495 1260255496749
114.0415 86.4719 -2.698347 1260255496772
112.68942 89.848305 -3.1634297 1260255496794
111.50495 92.75589 -3.7552583 1260255496809
110.5297 94.968094 -4.5674953 1260255496831
109.803215 96.06969 -5.5891204 1260255496852
108.81306 94.2162 -6.3596644 1260255496875
107.52241 91.905396 -6.841681 1260255496889
106.09629 89.46013 -7.149597 1260255497079
104.691475 87.037125 -7.3421173 1260255497093
103.4569 84.835266 -7.4750113 1260255497100
102.58405 82.843506 -7.551261 1260255497113
102.30485 81.25133 -7.573698 1260255497120
102.58961 80.038765 -7.495013 1260255497126
103.36013 79.136826 -7.420263 1260255497135
104.54212 78.37998 -7.1992497 1260255497142
106.015015 77.51099 -6.689287 1260255497152
107.91426 76.68544 -6.0048227 1260255497162
