115.806335 20.416832 7.8412027 1260255577233
116.81602 24.845991 8.299143 1260255577241
118.92522 30.053692 8.834186 1260255577254
121.37896 35.851006 9.142476 1260255577280
123.460014 41.658455 9.2353525 1260255577295
125.28701 47.32553 9.223585 1260255577311
126.92266 52.909256 9.162406 1260255577318
128.57652 58.313793 9.054286 1260255577336
130.4977 63.6481 8.951571 1260255577344
131.97281 68.8657 8.703993 1260255577358
130.82417 73.522415 8.168793 1260255577372
128.48297 76.1963 7.110353 1260255577550
125.75882 76.03648 6.004835 1260255577559
122.77088 75.23466 5.1045933 1260255577570
119.83234 74.17293 4.349364 1260255577579
116.89072 72.814285 3.6318955 1260255577590
113.89618 71.22357 2.9003007 1260255577596
111.05137 69.56239 2.1552856 1260255577604
108.4488 67.88428 1.3975213 1260255577616
106.07636 66.44006 0.6276452 1260255577629
103.97254 65.56806 -0.103737056 1260255577641
102.473915 65.68966 -0.6985502 1260255577652
102.55022 68.35518 -0.7636227 1260255577661
105.22271 72.937416 -0.42544156 1260255577672
110.81158 77.840546 0.045830533 1260255577680
117.620995 82.64852 0.593539 1260255577696
124.489944 87.2661 1.113862 1260255577709
130.86545 91.60279 1.608169 1260255577721
136.32217 95.67265 2.0277605 1260255577734
139.85606 99.43902 2.3263724 1260255577753
140.76326 102.467064 2.4600537 1260255577769
139.5751 103.64371 2.337051 1260255577789
136.59634 102.76152 2.1201982 1260255577811
132.86653 101.023445 2.0141883 1260255577833
128.9232 99.02227 1.9634789 1260255577848
124.97704 96.871155 2.015305 1260255577868
121.17819 94.627594 2.1645398 1260255577892
117.719284 92.44621 2.3063128 1260255577909
114.58332 90.2739 2.4409971 1260255577929
111.75416 88.210205 2.5189474 1260255577950
109.41645 86.5497 2.293 1260255577973
104.14563 90.47221 0.22834994 1260255577989
110.33835 77.998604 -1.0330676 1260255578008
117.67143 65.798676 -2.4814143 1260255578031
127.48786 53.508743 -4.3073435 1260255578047
139.01347 59.083305 -6.3919764 1260255578069
133.0128 63.929142 -8.522378 1260255578089
127.812164 68.23268 -10.496259 1260255578113
123.12156 72.17104 -12.221446 1260255578133
119.31548 75.76249 -13.3603735 1260255578311
118.049706 78.474365 -13.442355 1260255578329
118.49722 80.200645 -12.520237 1260255578339
117.572365 81.490616 -11.194225 1260255578345
113.94375 81.066086 -9.784514 1260255578356
109.64656 80.56278 -8.495289 1260255578365
105.26423 79.98464 -7.2705245 1260255578377
100.95102 79.43541 -6.1069984 1260255578389
97.25347 79.11364 -5.1016483 1260255578398
95.1408 80.25796 -4.246566 1260255578413
96.83376 81.69506 -3.6842375 1260255578422
99.09207 84.110306 -3.4500256 1260255578433
101.13747 87.45479 -3.3775244 1260255578440
102.780594 91.43205 -3.308648 1260255578451
104.541565 95.61045 -3.1432157 1260255578461
106.56448 99.67993 -2.986055 1260255578477
108.53626 103.54594 -2.8367522 1260255578485
109.15945 107.01864 -2.7449145 1260255578498
108.901474 110.06771 -2.8576689 1260255578515
108.1564 112.56432 -3.1647854 1260255578531
106.99858 113.98611 -3.8565462 1260255578549
105.09865 114.1368 -4.713719 1260255578572
102.54372 111.979965 -5.328033 1260255578589
99.76653 109.78097 -5.661631 1260255578612
96.9782 107.64192 -5.8285494 1260255578630
94.229294 105.50983 -5.8871217 1260255578649
91.61783 103.43433 -5.842766 1260255578670
89.13694 101.312614 -5.8006277 1260255578688
86.93009 99.24699 -5.7605963 1260255578711
