220.57399 -11.486087 61.657795 1260255793531
222.34529 -19.711782 60.174904 1260255793537
225.27803 -27.326193 58.26616 1260255793569
229.81413 -34.359882 56.10285 1260255793576
235.27342 -40.941887 53.89771 1260255793594
241.35976 -47.044792 51.752823 1260255793607
229.74178 -52.69255 49.61518 1260255793627
219.50468 -58.057922 47.43442 1260255793647
210.67944 -63.255028 45.2127 1260255793667
205.04547 -68.64227 42.802063 1260255793689
197.0932 -58.11016 39.96196 1260255793707
193.13853 -51.90465 37.36386 1260255793730
189.6316 -46.70942 34.945667 1260255793747
186.40002 -42.173946 32.548386 1260255793767
183.23003 -38.31525 30.170967 1260255793790
180.11853 -35.149487 27.812418 1260255793807
177.0126 -32.642014 25.521797 1260255793827
174.01198 -30.409912 23.295708 1260255793847
171.16138 -28.389416 21.080923 1260255793867
168.50331 -26.669945 18.026876 1260255793891
167.97815 -33.236446 15.425532 1260255793907
164.72925 -39.674625 14.3042555 1260255793930
159.69278 -45.890892 13.589043 1260255794103
153.20815 -51.79635 13.159591 1260255794121
146.09773 -57.356533 12.9516115 1260255794131
139.19284 -62.488705 12.904031 1260255794138
132.5332 -67.31427 12.90883 1260255794152
126.30654 -71.99856 12.863388 1260255794159
137.79121 -76.69863 12.820219 1260255794170
140.70166 -64.3637 12.979208 1260255794179
140.06657 -55.595516 13.380248 1260255794190
139.06325 -49.96574 13.511235 1260255794199
138.06009 -45.017452 13.535673 1260255794215
137.00708 -40.66658 13.558889 1260255794223
136.00673 -36.98325 13.630945 1260255794235
134.8564 -34.134087 13.649398 1260255794251
133.16357 -32.62738 13.566928 1260255794261
130.7054 -32.89601 13.038582 1260255794273
128.07013 -34.70121 11.936653 1260255794285
125.96662 -38.41615 10.38982 1260255794299
124.51829 -42.54534 8.470329 1260255794312
123.74237 -46.918076 6.3468127 1260255794330
123.75525 -51.52217 3.9794722 1260255794352
124.56749 -56.39606 1.4804986 1260255794374
125.93912 -61.226257 -0.74352646 1260255794389
127.59216 -65.96494 -2.5563502 1260255794411
127.61256 -70.416695 -3.1785326 1260255794433
138.43193 -74.84586 -1.869606 1260255794449
146.36034 -79.55357 0.6738743 1260255794468
151.99232 -66.72589 4.090181 1260255794491
153.4927 -62.089596 7.085672 1260255794514
152.56807 -56.935116 9.031388 1260255794531
150.78967 -51.68836 10.329819 1260255794551
148.7002 -46.75394 11.413328 1260255794571
146.51518 -42.166245 12.492661 1260255794589
144.53943 -37.95793 13.718028 1260255794608
143.56245 -34.060036 15.382127 1260255794631
144.88434 -25.207033 17.11302 1260255794647
148.29012 -15.896681 18.05737 1260255794667
153.92561 -6.201846 18.2045 1260255794687
163.02933 -14.491755 17.894276 1260255794877
156.07787 -22.117167 17.39956 1260255794885
150.37398 -29.261309 16.879583 1260255794897
145.25528 -36.048244 16.335604 1260255794909
140.44252 -42.545834 15.768824 1260255794918
135.9204 -48.91854 15.130383 1260255794925
131.02437 -55.222614 14.473864 1260255794938
133.07315 -43.611485 13.90017 1260255794944
133.81949 -33.13091 13.555161 1260255794956
134.47852 -24.174364 13.677403 1260255794970
134.2546 -17.265646 14.0935335 1260255794982
132.94186 -13.302363 14.238857 1260255794994
131.09477 -10.037245 14.176914 1260255795002
129.04004 -7.1853824 14.018068 1260255795013
126.98804 -4.676113 13.967165 1260255795025
125.13863 -2.3423073 14.068807 1260255795039
123.5317 -0.2751919 14.465366 1260255795048
