235.49077 -5.196438 70.455666 1260255828569
229.96623 -4.6366158 68.73288 1260255828578
226.36792 -4.004785 68.84624 1260255828590
229.74953 -12.454546 66.053925 1260255828623
222.26205 -20.33182 62.65123 1260255828635
214.74895 -27.56523 59.418667 1260255828644
207.6615 -34.28697 56.347733 1260255828658
200.87842 -40.57262 53.380344 1260255828671
194.1845 -46.493988 50.61133 1260255828682
187.82527 -52.06929 47.980762 1260255828694
181.934 -57.365826 45.431725 1260255828709
176.6373 -62.397533 42.960136 1260255828729
172.55544 -67.32766 40.51213 1260255828749
171.92766 -72.41128 37.836525 1260255828767
165.73128 -62.240715 34.3947 1260255828950
162.94472 -56.17868 31.824965 1260255828962
160.54749 -50.869747 29.633717 1260255828974
158.32011 -46.07626 27.60203 1260255828983
156.2041 -42.022446 25.671928 1260255828994
154.0939 -38.621323 23.788332 1260255829003
152.0392 -35.790257 21.948915 1260255829016
150.03725 -33.450745 20.101469 1260255829025
148.18538 -31.378208 17.746395 1260255829037
149.37611 -37.959297 14.059075 1260255829053
148.05731 -44.111332 12.806122 1260255829062
144.70445 -49.905766 12.015816 1260255829073
140.71922 -55.360477 11.415025 1260255829083
136.43326 -60.492455 10.944274 1260255829094
132.16159 -65.217834 10.54706 1260255829105
128.30351 -69.70694 10.119707 1260255829119
124.888336 -74.02159 9.663722 1260255829132
122.54392 -78.22051 9.080536 1260255829143
121.666725 -82.45949 8.376509 1260255829157
124.23339 -86.98651 7.5076833 1260255829171
119.67172 -74.68719 6.682299 1260255829191
118.838135 -66.552826 6.248184 1260255829214
118.49623 -60.175186 6.085775 1260255829229
118.37142 -54.516426 6.031486 1260255829252
118.35285 -49.540604 6.129912 1260255829272
118.43521 -45.313572 6.4734163 1260255829287
118.66345 -41.697895 7.0497456 1260255829309
118.78028 -38.913002 7.9472585 1260255829329
118.44127 -37.317352 9.3498955 1260255829353
114.0192 -37.651485 10.8824005 1260255829369
109.91824 -41.51891 11.338281 1260255829389
107.072334 -45.192963 11.021367 1260255829411
105.66872 -48.833313 9.970299 1260255829430
105.78528 -52.741646 8.121784 1260255829449
106.99602 -57.104565 5.615695 1260255829469
108.89622 -61.649338 2.7849102 1260255829489
111.10141 -66.16687 -0.0043354053 1260255829512
113.29634 -70.40852 -2.5541186 1260255829529
115.681526 -74.438095 -4.526413 1260255829713
117.69745 -78.26619 -5.7000923 1260255829722
115.86258 -81.752884 -5.3650875 1260255829734
125.96945 -86.01524 -3.0968332 1260255829743
127.02098 -80.01448 -0.14199162 1260255829755
125.869934 -73.66376 1.615108 1260255829764
124.32644 -67.33057 2.7843525 1260255829776
122.71011 -61.114037 3.6951349 1260255829782
121.42461 -55.158333 4.7603784 1260255829802
120.95338 -49.400417 6.0223594 1260255829814
121.45571 -40.730396 7.1712413 1260255829821
122.982925 -31.393877 7.8126793 1260255829834
124.68378 -21.424183 7.772045 1260255829841
118.99959 -29.302973 7.433443 1260255829856
117.84961 -36.337826 7.061771 1260255829863
116.65713 -42.770935 6.7086825 1260255829877
115.47427 -48.732388 6.3732486 1260255829885
114.65056 -54.345768 6.004586 1260255829899
114.31803 -59.72848 5.554357 1260255829917
114.50213 -64.89206 5.076639 1260255829930
115.07702 -69.99746 4.5728073 1260255829952
115.47317 -74.99759 4.194167 1260255829969
115.49951 -79.94771 3.8844588 1260255829996
121.42454 -67.00032 3.7902358 1260255830009
121.20331 -56.100304 3.850724 1260255830032
120.193146 -48.99529 3.8081877 1260255830054
119.033485 -43.395523 3.7677784 1260255830068
117.83181 -38.425747 3.7793894 1260255830091
116.64022 -33.90446 3.84042 1260255830109
115.60821 -29.809238 4.048399 1260255830136
114.6278 -26.218777 4.395979 1260255830148
113.49641 -23.307838 4.92618 1260255830172
112.12159 -21.242447 5.8298707 1260255830193
