298.8642 4.3178186 68.27858 1260261047778
298.12097 4.4519277 68.81465 1260261047791
297.26492 4.629331 69.37392 1260261047799
295.9517 4.9978647 69.80522 1260261047828
295.25412 5.2979717 70.11496 1260261047861
295.7914 5.483073 70.15921 1260261047867
298.65186 5.3589196 69.85125 1260261047882
285.16925 4.9409738 69.10869 1260261047897
273.76077 4.493925 67.85326 1260261047910
263.77274 4.019229 65.860596 1260261047916
254.7841 3.7682674 63.067566 1260261047937
246.54489 3.779854 59.714188 1260261047951
238.81764 3.9408615 55.978477 1260261047962
231.42676 4.1938186 51.979553 1260261047982
224.35542 4.5341277 47.580574 1260261048002
217.18765 5.2574215 42.551544 1260261048022
207.32826 12.744551 37.22397 1260261048042
213.91185 20.057323 33.26277 1260261048062
220.36626 27.404457 30.599632 1260261048082
210.14795 34.684235 28.769651 1260261048104
208.94055 41.800022 27.43117 1260261048122
210.89352 48.56002 26.459612 1260261048142
213.79884 54.98202 25.886631 1260261048162
216.4089 60.98292 25.4923 1260261048182
218.68846 66.533775 25.267685 1260261048201
220.85403 71.65709 25.254301 1260261048222
222.61133 76.324234 25.341585 1260261048242
223.63077 80.50802 25.524506 1260261048262
223.89923 84.132614 25.79828 1260261048281
223.00427 87.17598 26.058367 1260261048309
220.85406 89.66718 26.305449 1260261048322
217.61136 91.63383 26.290176 1260261048517
212.88078 92.90214 26.125668 1260261048523
207.38675 93.757034 25.819384 1260261048529
