185.74919 34.561226 23.582212 1260256488963
186.41173 34.433163 24.753101 1260256488973
187.09114 34.411503 26.065447 1260256488986
187.03659 34.49093 27.212175 1260256488994
186.78476 34.41638 28.351566 1260256489009
187.44553 34.245564 29.783989 1260256489046
188.12325 33.483284 31.34479 1260256489067
180.06708 30.759119 32.22755 1260256489269
173.86372 26.971163 31.366173 1260256489282
168.47054 23.472605 29.747864 1260256489290
163.397 20.548975 27.760471 1260256489305
158.67715 19.621527 25.122448 1260256489323
154.1433 20.24045 22.466326 1260256489333
150.13612 22.128428 20.39301 1260256489345
146.82932 24.872005 18.873358 1260256489354
144.53786 28.478405 17.87969 1260256489369
143.56096 32.654484 17.485706 1260256489383
143.6329 37.37176 17.31142 1260256489392
144.75127 42.65317 17.24585 1260256489405
146.7637 48.420513 17.083557 1260256489414
150.32552 54.649487 16.679379 1260256489429
148.40924 43.367012 15.845409 1260256489446
148.18878 33.348663 14.753139 1260256489453
148.47934 24.08123 13.515482 1260256489464
154.15538 14.227168 11.939708 1260256489483
151.2976 20.36581 10.9927225 1260256489493
149.38272 25.24752 10.743087 1260256489504
147.16359 29.585144 10.705933 1260256489511
145.0554 33.755886 10.870636 1260256489528
143.45264 37.91809 11.227104 1260256489534
142.08 41.922188 11.665749 1260256489545
141.726 46.12608 12.582461 1260256489554
135.7897 51.269775 14.903338 1260256489568
145.10022 56.85629 17.40817 1260256489586
146.99521 60.963474 17.937761 1260256489594
147.59544 64.6153 18.040873 1260256489609
147.76567 68.13454 17.888828 1260256489622
147.52739 71.477806 17.594387 1260256489629
147.80103 74.95392 17.414667 1260256489646
148.06097 78.506226 17.093933 1260256489661
146.60793 81.13091 16.389236 1260256489673
142.82753 79.07436 14.819775 1260256489692
139.03615 75.62064 13.328786 1260256489711
135.33434 72.13961 11.962347 1260256489728
131.71762 68.78263 10.76423 1260256489749
128.13174 65.6935 9.626019 1260256489948
124.72516 63.258823 8.544718 1260256489968
123.3889 63.495884 7.917482 1260256489982
124.61945 65.621086 8.071608 1260256489991
126.73848 68.340034 8.518027 1260256490005
129.45155 71.27303 9.142126 1260256490012
131.92897 73.65938 10.03502 1260256490028
128.73253 71.97641 10.083269 1260256490043
124.7959 68.77759 9.179106 1260256490052
120.9561 65.48871 7.9701505 1260256490066
117.2083 62.414272 6.421643 1260256490082
113.54788 59.943558 4.3505607 1260256490098
110.22049 58.49638 1.7330326 1260256490109
108.05946 61.921562 -0.20361906 1260256490122
107.55649 64.92548 -1.193438 1260256490131
108.72866 67.97921 -1.5337662 1260256490146
110.69223 71.080246 -1.5570779 1260256490158
112.70762 74.226234 -1.529224 1260256490169
114.52224 77.314926 -1.5027628 1260256490189
115.246124 80.34918 -1.6776247 1260256490200
114.98382 83.38172 -2.0937436 1260256490210
113.63463 86.46264 -2.8390565 1260256490223
110.40289 89.789505 -4.147104 1260256490238
105.43275 93.50003 -6.0397487 1260256490247
118.11111 97.37503 -8.287761 1260256490269
113.20555 100.90628 -11.523373 1260256490280
110.14527 97.86097 -13.097204 1260256490291
107.28801 95.46792 -13.492344 1260256490308
104.32361 93.34452 -13.567727 1260256490326
101.407425 91.3773 -13.38934 1260256490342
98.68706 89.50843 -13.069874 1260256490359
96.552704 87.78301 -12.86638 1260256490381
94.97507 86.19386 -12.623061 1260256490406
94.22631 85.03417 -12.291908 1260256490429
96.365 86.23246 -11.627313 1260256490440
100.39675 89.72084 -10.695947 1260256490461
105.32691 93.3348 -9.711149 1260256490488
110.66057 96.81806 -8.675591 1260256490502
115.12754 100.077156 -7.791812 1260256490709
118.22116 102.6233 -7.002221 1260256490724
119.060104 103.642136 -6.55211 1260256490733
117.0571 102.81003 -6.3745046 1260256490745
113.554245 100.919525 -6.2557793 1260256490753
110.07653 98.72355 -6.2429905 1260256490766
106.772705 96.43737 -6.230841 1260256490774
103.98407 94.5655 -6.569299 1260256490789
103.134865 96.73722 -7.090834 1260256490801
104.92812 99.75036 -6.8362923 1260256490810
107.98172 101.91284 -6.2444777 1260256490823
110.93263 102.9672 -5.482254 1260256490841
111.286 102.91884 -4.808141 1260256490850
109.4217 101.772896 -4.267734 1260256490864
107.450615 100.23425 -3.8543472 1260256490873
107.57809 99.47254 -3.66163 1260256490890
110.44918 101.14892 -3.1785483 1260256490904
114.42672 103.54147 -2.469621 1260256490913
118.25539 105.7644 -1.7961398 1260256490928
121.09261 107.47617 -1.3063328 1260256490939
121.93798 108.002365 -1.1910162 1260256490948
119.291084 106.402245 -1.6314654 1260256490963
115.47653 103.63213 -2.1998923 1260256490973
111.552704 100.55053 -2.5898976 1260256490990
107.92507 97.873 -2.8104026 1260256491011
106.47882 96.82935 -2.7198825 1260256491024
109.65488 97.83788 -2.2338884 1260256491042
113.72213 99.69599 -1.572194 1260256491067
117.48602 101.561195 -0.9935843 1260256491083
120.611725 103.23314 -0.5439051 1260256491104
122.33114 104.57148 -0.36670983 1260256491123
121.41458 105.39291 -0.94837433 1260256491138
117.99385 102.87326 -2.6009557 1260256491160
113.79416 98.8796 -4.220908 1260256491176
109.70445 94.53562 -5.609863 1260256491203
105.81923 91.25884 -6.9293694 1260256491218
103.878265 90.1959 -7.532901 1260256491240
104.88435 90.88611 -7.3562555 1260256491258
107.59013 91.841805 -6.8884425 1260256491462
111.210625 92.99972 -6.1940203 1260256491472
114.700096 94.04973 -5.434319 1260256491487
117.71509 95.097244 -4.612603 1260256491504
119.779335 95.94238 -3.831973 1260256491511
120.49037 96.39526 -3.0903745 1260256491523
119.665855 95.6255 -2.5358558 1260256491531
116.38256 93.24423 -3.109063 1260256491545
112.56343 88.48202 -4.3536096 1260256491554
108.98526 82.65791 -5.585929 1260256491569
105.236 76.82502 -7.1566324 1260256491586
100.6242 71.883766 -9.648801 1260256491601
96.14299 68.48958 -12.966361 1260256491610
92.48584 66.3151 -15.518043 1260256491620
89.61155 65.04935 -17.142141 1260256491627
86.93097 64.49688 -18.085033 1260256491639
83.83442 64.37203 -18.530783 1260256491650
97.442696 64.45343 -18.754244 1260256491667
104.12056 64.63076 -18.916533 1260256491673
109.014534 64.89922 -18.970705 1260256491692
113.01381 65.15426 -18.97217 1260256491713
116.36312 65.396545 -18.973562 1260256491728
119.244965 65.52672 -18.924885 1260256491747
121.782715 65.60038 -18.82864 1260256491754
124.14358 65.57036 -18.687208 1260256491772
126.4364 65.44184 -18.452848 1260256491790
