0.7627395 -2.8466527 8.294792 1260168743752
1.3211738 -3.050958 8.022385 1260168743764
1.7570249 -3.5957718 7.749978 1260168743773
2.0294318 -2.5742457 7.5865335 1260168743810
1.7025435 -3.336985 6.932757 1260168743822
1.9340894 -4.944186 6.496906 1260168743831
2.2745981 -5.761407 5.7341666 1260168743846
2.7513103 -7.7772183 5.09401 1260168743857
4.072484 -8.049625 4.5900574 1260168743869
4.30403 -7.995144 3.881799 1260168743888
4.576437 -8.5944395 3.0645783 1260168743910
5.012288 -9.248216 1.7570249 1260168743924
5.3936577 -10.501288 0.3405087 1260168743946
6.0610547 -11.631777 -1.1304889 1260168743963
6.510526 -12.721405 -2.8738933 1260168743990
6.932757 -13.988097 -4.8897047 1260168744002
6.9872384 -14.9006605 -6.5922484 1260168744022
7.04172 -15.499956 -7.6273947 1260168744042
7.205164 -16.04477 -8.172209 1260168744063
7.1098213 -16.630445 -8.390134 1260168744082
6.7284517 -16.467001 -8.390134 1260168744102
6.1563973 -16.140112 -8.444615 1260168744123
5.448139 -15.758742 -8.22669 1260168744142
4.780742 -15.104965 -7.7363577 1260168744162
3.8545585 -13.484144 -7.572913 1260168744182
2.819412 -11.372991 -8.430995 1260168744203
1.1713499 -8.975809 -10.991621 1260168744222
-1.7025435 -8.921328 -13.715691 1260168744242
-4.9578066 -13.606728 -15.186687 1260168744262
-7.04172 -18.877802 -16.3989 1260168744282
-7.9270425 -24.366802 -11.972285 1260168744301
-4.235928 -27.744648 -1.9885708 1260168744489
-0.05448139 -26.491577 6.7965536 1260168744501
2.4789033 -21.54739 13.824653 1260168744510
3.9090397 -14.423948 13.443283 1260168744516
2.4244218 -6.851035 6.0882955 1260168744527
1.8115063 -0.980665 -0.7899802 1260168744535
2.4244218 0.38136974 -4.4947147 1260168744546
4.0180025 -1.253072 -4.5491962 1260168744555
5.1212506 -3.1599207 -2.0975335 1260168744566
6.1563973 -4.630918 -1.0079057 1260168744582
6.66035 -4.944186 -1.0079057 1260168744597
6.7148314 -4.467474 -1.1713499 1260168744609
6.9463773 -4.8488436 -1.3892754 1260168744617
6.4560447 -4.9986677 -0.40861043 1260168744631
5.7750273 -4.5219555 1.4573772 1260168744650
4.0180025 -4.467474 2.1111538 1260168744656
1.9885708 -3.3778462 3.1463003 1260168744669
