158.96344 18.042906 15.490412 3.7728362 -3.8136973 8.635301 1260168736122
158.96344 18.042906 15.490412 4.6853995 -4.2086873 8.3765135 1260168736130
164.56526 18.49076 16.46589 4.6853995 -4.2086873 8.3765135 1260168736161
164.56526 18.49076 16.46589 6.510526 -5.175732 7.7227373 1260168736165
170.137 19.016222 17.592596 6.510526 -5.175732 7.7227373 1260168736176
170.137 19.016222 17.592596 8.349273 -6.374323 7.940663 1260168736180
175.63014 19.665411 18.762966 8.349273 -6.374323 7.940663 1260168736190
175.63014 19.665411 18.762966 9.452521 -7.518432 7.7227373 1260168736196
180.49864 20.43214 19.924818 9.452521 -7.518432 7.7227373 1260168736202
180.49864 20.43214 19.924818 9.820271 -8.458236 6.7965536 1260168736211
184.82372 21.410534 20.878576 9.820271 -8.458236 6.7965536 1260168736220
184.82372 21.410534 20.878576 8.934948 -9.00305 6.142777 1260168736223
187.88252 22.590008 21.684647 8.934948 -9.00305 6.142777 1260168736229
187.88252 22.590008 21.684647 8.022385 -9.384419 4.7126403 1260168736232
189.78839 24.010508 22.350414 8.022385 -9.384419 4.7126403 1260168736248
189.78839 24.010508 22.350414 7.3005066 -9.983715 3.405087 1260168736252
190.89897 25.559982 22.882893 7.3005066 -9.983715 3.405087 1260168736269
190.89897 25.559982 22.882893 6.851035 -10.433187 2.5333846 1260168736273
191.95403 27.131983 23.388748 6.851035 -10.433187 2.5333846 1260168736290
191.95403 27.131983 23.388748 6.6331096 -10.2152605 1.1168685 1260168736293
192.40633 31.825384 23.76931 6.6331096 -10.2152605 1.1168685 1260168736309
192.40633 31.825384 23.76931 6.197258 -10.310603 -0.40861043 1260168736312
191.88602 36.084114 23.880844 6.197258 -10.310603 -0.40861043 1260168736329
191.88602 36.084114 23.880844 5.3800373 -10.800936 -1.607201 1260168736332
191.09172 40.17991 23.836802 5.3800373 -10.800936 -1.607201 1260168736349
191.09172 40.17991 23.836802 4.6445384 -10.691973 -3.2961242 1260168736353
188.93713 43.820915 23.294962 4.6445384 -10.691973 -3.2961242 1260168736368
188.93713 43.820915 23.294962 2.9419951 -11.672638 -4.004382 1260168736372
185.84027 47.129868 22.380215 2.9419951 -11.672638 -4.004382 1260168736389
185.84027 47.129868 22.380215 1.1441092 -12.92571 -4.440233 1260168736393
182.04826 50.223373 21.161203 1.1441092 -12.92571 -4.440233 1260168736409
182.04826 50.223373 21.161203 -0.3949901 -14.015338 -4.8216033 1260168736412
177.69585 53.162205 19.753143 -0.3949901 -14.015338 -4.8216033 1260168736429
177.69585 53.162205 19.753143 -2.1247742 -15.431854 -4.7535014 1260168736432
173.16106 55.954094 18.265486 -2.1247742 -15.431854 -4.7535014 1260168736448
173.16106 55.954094 18.265486 -2.8875136 -16.031149 -4.6445384 1260168736452
168.503 58.606388 16.75221 -2.8875136 -16.031149 -4.6445384 1260168736471
168.503 58.606388 16.75221 -3.5276701 -16.05839 -4.426613 1260168736474
164.07785 61.12607 15.3646 -3.5276701 -16.05839 -4.426613 1260168736488
164.07785 61.12607 15.3646 -2.9147544 -14.805318 -4.2086873 1260168736492
159.87396 63.569763 14.09637 -2.9147544 -14.805318 -4.2086873 1260168736509
159.87396 63.569763 14.09637 -2.4380422 -13.388802 -4.235928 1260168736512
155.98027 66.041275 12.891551 -2.4380422 -13.388802 -4.235928 1260168736529
155.98027 66.041275 12.891551 -2.1656353 -11.972285 -4.6172976 1260168736532
152.38126 68.58921 11.796973 -2.1656353 -11.972285 -4.6172976 1260168736549
152.38126 68.58921 11.796973 -1.7297841 -10.228881 -4.9986677 1260168736553
148.66219 71.20975 10.607124 -1.7297841 -10.228881 -4.9986677 1260168736568
148.66219 71.20975 10.607124 -2.3426998 -9.575105 -5.284695 1260168736572
144.82907 73.79926 9.326768 -2.3426998 -9.575105 -5.284695 1260168736589
144.82907 73.79926 9.326768 -2.7649305 -9.01667 -5.2302136 1260168736592
140.98761 76.2593 8.010429 -2.7649305 -9.01667 -5.2302136 1260168736612
140.98761 76.2593 8.010429 -2.9283748 -8.471856 -4.671779 1260168736615
136.98824 78.54633 6.559908 -2.9283748 -8.471856 -4.671779 1260168736629
136.98824 78.54633 6.559908 -3.4323275 -8.21307 -3.8954194 1260168736633
132.93883 80.61902 4.9819126 -3.4323275 -8.21307 -3.8954194 1260168736648
132.93883 80.61902 4.9819126 -3.9362805 -8.104107 -2.6968288 1260168736652
128.89189 82.53807 3.332817 -3.9362805 -8.104107 -2.6968288 1260168736669
128.89189 82.53807 3.332817 -4.3585114 -8.144968 -1.4982382 1260168736672
124.8473 84.41116 1.6661762 -4.3585114 -8.144968 -1.4982382 1260168736689
124.8473 84.41116 1.6661762 -4.630918 -8.036005 -0.7354988 1260168736692
120.90493 86.190605 0.08286739 -4.630918 -8.036005 -0.7354988 1260168736709
120.90493 86.190605 0.08286739 -4.807983 -8.322033 -0.29964766 1260168736713
117.059685 84.98107 -1.321276 -4.807983 -8.322033 -0.29964766 1260168736894
117.059685 84.98107 -1.321276 -4.862464 -8.975809 0.13620348 1260168736901
113.3567 83.932014 -2.5552123 -4.862464 -8.975809 0.13620348 1260168736904
113.3567 83.932014 -2.5552123 -4.7535014 -9.724928 0.95342433 1260168736912
109.73886 82.98541 -3.5774517 -4.7535014 -9.724928 0.95342433 1260168736915
109.73886 82.98541 -3.5774517 -4.6445384 -10.651112 1.9885708 1260168736918
106.20192 82.08614 -4.398579 -4.6445384 -10.651112 1.9885708 1260168736922
106.20192 82.08614 -4.398579 -4.3176503 -11.427472 3.13268 1260168736930
102.691826 81.18184 -5.0286503 -4.3176503 -11.427472 3.13268 1260168736935
102.691826 81.18184 -5.0286503 -3.990762 -11.917805 4.276789 1260168736939
99.157234 80.172745 -5.677218 -3.990762 -11.917805 4.276789 1260168736942
99.157234 80.172745 -5.677218 -4.3176503 -12.340035 5.434519 1260168736952
95.69937 79.26411 -6.093357 -4.3176503 -12.340035 5.434519 1260168736955
95.69937 79.26411 -6.093357 -3.6093922 -12.884849 5.9793324 1260168736960
92.264404 78.4009 -6.3386893 -3.6093922 -12.884849 5.9793324 1260168736963
92.264404 78.4009 -6.3386893 -2.7921712 -13.048293 6.4151835 1260168736966
88.75118 77.58086 -6.3717546 -2.7921712 -13.048293 6.4151835 1260168736974
88.75118 77.58086 -6.3717546 -1.96133 -13.3207 6.7965536 1260168736977
85.113625 76.80181 -6.103167 -1.96133 -13.3207 6.7965536 1260168736987
85.113625 76.80181 -6.103167 -0.19068487 -13.416042 7.2324047 1260168736995
81.307945 76.01172 -5.648009 -0.19068487 -13.416042 7.2324047 1260168736999
81.307945 76.01172 -5.648009 0.7491191 -14.069819 7.668256 1260168737004
77.242546 75.36113 -5.0656085 0.7491191 -14.069819 7.668256 1260168737010
77.242546 75.36113 -5.0656085 1.607201 -14.941522 7.3005066 1260168737015
90.980415 74.793076 -4.312328 1.607201 -14.941522 7.3005066 1260168737019
90.980415 74.793076 -4.312328 2.819412 -15.26841 7.0280995 1260168737022
103.38139 74.20342 -3.3967116 2.819412 -15.26841 7.0280995 1260168737032
103.38139 74.20342 -3.3967116 4.2086873 -15.799603 6.701211 1260168737035
114.61232 73.69325 -2.3768759 4.2086873 -15.799603 6.701211 1260168737043
114.61232 73.69325 -2.3768759 5.4208984 -16.507862 6.1563973 1260168737046
124.731705 73.20859 -1.2580321 5.4208984 -16.507862 6.1563973 1260168737054
124.731705 73.20859 -1.2580321 6.619489 -17.284222 5.448139 1260168737058
133.74512 72.74816 -0.09513045 6.619489 -17.284222 5.448139 1260168737066
133.74512 72.74816 -0.09513045 7.3822284 -17.720072 4.6172976 1260168737075
141.80786 72.360756 1.0096262 7.3822284 -17.720072 4.6172976 1260168737081
141.80786 72.360756 1.0096262 7.327747 -17.937998 4.1269655 1260168737090
149.01747 72.04272 1.9591448 7.327747 -17.937998 4.1269655 1260168737093
149.01747 72.04272 1.9591448 6.67397 -17.502148 4.1814466 1260168737102
155.4666 71.79058 2.7111876 6.67397 -17.502148 4.1814466 1260168737112
155.4666 71.79058 2.7111876 5.366417 -17.22974 5.1484914 1260168737115
160.84326 71.651054 3.1756282 5.366417 -17.22974 5.1484914 1260168737134
160.84326 71.651054 3.1756282 3.9362805 -17.284222 5.47538 1260168737137
164.1511 71.7185 3.4168468 3.9362805 -17.284222 5.47538 1260168737151
164.1511 71.7185 3.4168468 2.6559677 -17.284222 4.6445384 1260168737160
165.49355 71.982574 3.4960043 2.6559677 -17.284222 4.6445384 1260168737170
165.49355 71.982574 3.4960043 1.6616824 -17.393185 3.6638734 1260168737174
166.01888 72.483444 3.5712042 1.6616824 -17.393185 3.6638734 1260168737193
166.01888 72.483444 3.5712042 1.4028958 -17.284222 2.1383946 1260168737196
166.06793 73.05927 3.642644 1.4028958 -17.284222 2.1383946 1260168737215
166.06793 73.05927 3.642644 1.4573772 -17.011814 0.939804 1260168737219
165.96454 74.20631 3.7605116 1.4573772 -17.011814 0.939804 1260168737231
165.96454 74.20631 3.7605116 1.7706453 -16.371658 -0.47671217 1260168737236
165.96631 75.54599 4.022486 1.7706453 -16.371658 -0.47671217 1260168737251
165.96631 75.54599 4.022486 2.383561 -14.955142 -1.6753027 1260168737254
165.868 76.86869 4.321362 2.383561 -14.955142 -1.6753027 1260168737274
165.868 76.86869 4.321362 2.3971813 -13.593107 -1.7842655 1260168737277
165.2746 77.97526 4.505294 2.3971813 -13.593107 -1.7842655 1260168737290
165.2746 77.97526 4.505294 1.8387469 -12.4489975 -0.8580819 1260168737299
164.26086 78.876495 4.5300293 1.8387469 -12.4489975 -0.8580819 1260168737310
164.26086 78.876495 4.5300293 0.95342433 -11.372991 -0.7491191 1260168737316
162.74782 79.13267 4.4035277 0.95342433 -11.372991 -0.7491191 1260168737332
162.74782 79.13267 4.4035277 0.2860273 -10.119919 0.939804 1260168737335
160.36043 78.726036 3.7833514 0.2860273 -10.119919 0.939804 1260168737355
160.36043 78.726036 3.7833514 -1.293933 -9.071152 2.7921712 1260168737359
157.4924 77.689735 2.844184 -1.293933 -9.071152 2.7921712 1260168737370
157.4924 77.689735 2.844184 -2.506144 -8.19945 4.426613 1260168737380
154.51778 76.10525 1.8519747 -2.506144 -8.19945 4.426613 1260168737391
154.51778 76.10525 1.8519747 -3.2688835 -7.8317 6.9599977 1260168737394
151.59189 74.39999 0.7093759 -3.2688835 -7.8317 6.9599977 1260168737415
151.59189 74.39999 0.7093759 -4.263169 -7.7772183 7.6137743 1260168737422
