120.82822 16.411732 9.788523 1260168732804
122.186806 16.641146 10.099096 1260168732814
125.57747 16.95909 10.544142 1260168732870
128.7486 17.511135 11.016934 1260168732883
131.66116 18.18558 11.516088 1260168732893
134.0281 18.7763 11.990283 1260168732909
135.62671 19.487486 12.290769 1260168732922
136.39537 20.113111 12.57623 1260168732934
136.1756 20.657455 12.797419 1260168732950
136.06682 21.224583 12.957548 1260168732964
134.96347 21.713354 13.05967 1260168732975
132.9653 22.127686 13.106687 1260168732989
130.86703 22.521301 13.101353 1260168733009
128.62369 22.895237 13.146285 1260168733021
126.5425 23.300476 13.188971 1260168733040
125.71538 23.785452 13.4295225 1260168733060
123.57961 24.196178 13.558046 1260168733081
120.80063 24.48637 13.7301445 1260168733552
119.960594 29.212051 12.593637 1260168733571
118.262566 33.651447 11.213956 1260168733585
115.94944 37.868874 9.7032585 1260168733591
113.25197 41.87543 8.168096 1260168733605
110.33937 45.68166 6.559691 1260168733617
107.1724 49.397575 4.7817063 1260168733628
104.01378 53.127697 2.8426208 1260168733646
100.86309 53.021313 0.7504898 1260168733655
97.769936 52.820248 -1.3370347 1260168733669
94.88144 56.729237 -3.2701828 1260168733685
91.987366 60.442776 -5.0566735 1260168733699
89.088 63.97064 -6.8038397 1260168733720
86.3836 67.22211 -8.363647 1260168733738
83.86442 66.611 -9.695465 1260168733759
81.4712 66.08045 -10.710691 1260168733779
79.14764 65.52643 -11.425157 1260168733799
76.840256 64.80011 -11.953898 1260168733818
74.54824 63.910103 -12.356203 1260168733839
72.32083 63.0146 -12.588393 1260168733859
70.10479 62.26387 -12.558973 1260168733879
67.84955 61.650677 -12.281025 1260168733898
65.45707 61.11814 -11.716973 1260168733919
62.734215 60.662235 -10.8811245 1260168733939
59.797504 60.329124 -9.887068 1260168733961
74.50763 60.112667 -8.792714 1260168733978
88.03225 60.007034 -7.6530786 1260168734004
100.63064 59.806683 -6.5704246 1260168734018
112.39911 59.61635 -5.591903 1260168734039
123.079155 59.58553 -4.762308 1260168734063
132.4252 59.756252 -3.9741926 1260168734079
140.10394 60.21844 -3.225483 1260168734098
146.64874 60.75752 -2.5642087 1260168734119
152.4163 61.26964 -1.9859983 1260168734144
157.24548 61.75616 -1.5866983 1260168734159
160.63321 62.468353 -1.2573633 1260168734179
162.95155 63.294937 -0.99449515 1260168734199
164.60397 64.23019 -0.7447704 1260168734219
166.02377 64.91868 -0.4075319 1260168734241
166.97258 65.12274 -0.08715528 1260168734259
167.32394 65.0166 0.11720248 1260168734285
166.60774 64.36577 0.011342358 1260168734299
165.22736 63.64748 -0.38922477 1260168734319
