6.6909657 -2.247151 5.618454 1260089110870
6.750726 -2.0946133 5.3831596 1260089110882
6.7850256 -1.9224619 5.1344323 1260089110919
6.8305492 -1.719419 4.892012 1260089110928
6.8043327 -1.5101839 4.5704565 1260089110943
6.707239 -1.284851 4.277237 1260089110956
6.48765 -0.95773566 3.9680326 1260089110966
6.0897174 -0.65446734 3.6702025 1260089110983
5.572754 -0.39156008 3.5003128 1260089111001
4.997874 -0.11387647 3.4138293 1260089111020
4.376826 0.042322196 3.3950047 1260089111044
3.7922783 0.13554852 3.3859746 1260089111058
3.398359 0.1444345 3.3413022 1260089111080
3.2856467 -0.124978945 3.1217988 1260089111104
3.6402996 -0.68056935 2.6367774 1260089111116
4.383106 -1.4862354 1.8852127 1260089111140
5.380929 -2.3973558 0.9553437 1260089111161
6.467788 -3.2492998 -0.032908466 1260089111184
7.3729544 -3.9319773 -0.8389497 1260089111198
7.982248 -4.3632765 -1.3724618 1260089111220
8.182431 -4.593903 -1.6913376 1260089111239
7.8468595 -4.563065 -1.7613616 1260089111255
7.047268 -4.225268 -1.5711409 1260089111275
5.9451046 -3.681668 -1.2460555 1260089111295
4.7230277 -3.041984 -0.86844164 1260089111316
3.609045 -2.466973 -0.60641295 1260089111335
2.7870743 -2.090967 -0.54272246 1260089111355
2.4515877 -2.036814 -0.6899268 1260089111382
2.6558967 -2.3013606 -1.031352 1260089111396
3.3287454 -2.8748012 -1.4973577 1260089111415
4.340468 -3.6919765 -2.0224662 1260089111435
5.4487042 -4.534352 -2.4246147 1260089111617
6.477012 -5.2930665 -2.6323154 1260089111635
7.2782025 -5.8292894 -2.6110244 1260089111643
7.761478 -6.088768 -2.472301 1260089111649
7.8310475 -6.073762 -2.35141 1260089111661
7.4517536 -5.765307 -2.2392876 1260089111669
6.6828136 -5.1753507 -2.0994015 1260089111682
5.6322427 -4.3751745 -1.9113473 1260089111685
4.464627 -3.5217075 -1.6993259 1260089111697
3.358116 -2.7715244 -1.5367236 1260089111709
2.4908051 -2.2515786 -1.4462671 1260089111723
2.0393765 -2.115164 -1.4733824 1260089111736
2.144437 -2.4118872 -1.6986798 1260089111743
2.7427492 -3.0513082 -2.0979493 1260089111754
3.7115839 -3.922993 -2.6073296 1260089111765
4.8573937 -4.8334966 -3.055147 1260089111779
5.876449 -5.569082 -3.195908 1260089111790
6.6300316 -6.047919 -3.010915 1260089111803
7.0204086 -6.230407 -2.6390386 1260089111821
6.971079 -6.11502 -2.2360418 1260089111842
6.518329 -5.7166505 -1.9110812 1260089111857
5.7517943 -5.082137 -1.6663843 1260089111879
4.789316 -4.3172674 -1.4754643 1260089111900
3.7639563 -3.5436509 -1.3410805 1260089111925
2.8314064 -2.9135919 -1.3073964 1260089111938
2.1933744 -2.5486248 -1.3857212 1260089111958
2.0380776 -2.5539918 -1.5902041 1260089111982
2.421739 -2.9465895 -1.9090891 1260089111997
3.2452233 -3.619886 -2.2453997 1260089112061
4.330586 -4.4188757 -2.5090513 1260089112084
5.3201385 -5.075763 -2.588585 1260089112101
6.0014267 -5.419227 -2.4979737 1260089112118
6.267281 -5.3770876 -2.3070164 1260089112129
6.0138464 -4.9659004 -2.0479708 1260089112144
5.3331466 -4.270177 -1.7324138 1260089112160
4.3418865 -3.4219599 -1.3168616 1260089112178
3.2026947 -2.6549716 -0.8498993 1260089112203
2.1340826 -2.1102076 -0.4532753 1260089112218
1.3695155 -1.9365954 -0.3087094 1260089112239
1.1049068 -2.1707401 -0.5643189 1260089112434
1.4323932 -2.637663 -1.202819 1260089112443
2.2358809 -3.1970124 -2.083163 1260089112449
3.3383408 -3.7256703 -2.9773765 1260089112460
4.4667187 -4.095778 -3.5728598 1260089112469
5.390897 -4.315263 -3.7068038 1260089112481
6.0550265 -4.4080005 -3.385941 1260089112489
6.4210343 -4.3973536 -2.7549143 1260089112501
6.507231 -4.291216 -2.0669065 1260089112507
6.3391848 -4.069164 -1.490254 1260089112527
5.920754 -3.7397175 -1.1194987 1260089112537
5.2814837 -3.3027983 -0.97499156 1260089112544
4.4930263 -2.7971497 -1.006602 1260089112558
3.6718037 -2.303163 -1.1857748 1260089112564
2.9468048 -1.8972105 -1.4554175 1260089112577
2.4896016 -1.649121 -1.7313275 1260089112589
2.458421 -1.6197844 -1.954624 1260089112600
2.8987012 -1.8942862 -2.0475776 1260089112610
3.7344313 -2.4574347 -1.956095 1260089112625
4.803506 -3.1470168 -1.7064234 1260089112643
5.9137883 -3.7987146 -1.3636776 1260089112658
6.8432493 -4.2176085 -1.071439 1260089112681
7.4790277 -4.2934365 -0.95725656 1260089112700
7.7268453 -4.090342 -1.0558125 1260089112720
7.5114384 -3.693778 -1.3047125 1260089112745
6.9063635 -3.190373 -1.5602361 1260089112759
6.036662 -2.6794493 -1.706279 1260089112778
5.06607 -2.2301657 -1.7203937 1260089112797
4.1658 -1.9129902 -1.6037282 1260089112817
3.5468566 -1.7737556 -1.338305 1260089112841
3.4267192 -1.8948212 -1.0337147 1260089112860
3.8131366 -2.298585 -0.827438 1260089112884
4.6140413 -2.85582 -0.77244574 1260089112898
5.664333 -3.4097097 -0.9163361 1260089112920
6.634188 -3.7983396 -1.2164762 1260089112943
7.3056173 -3.9312248 -1.5261259 1260089112957
7.5730014 -3.831368 -1.7344849 1260089112979
7.4041047 -3.539009 -1.7832831 1260089112998
6.9630737 -3.1264267 -1.7104634 1260089113184
6.5188966 -2.7065516 -1.6058718 1260089113201
6.325069 -2.4016507 -1.595042 1260089113210
6.5195785 -2.2958696 -1.7584131 1260089113223
7.035337 -2.3908296 -1.9858035 1260089113234
7.653339 -2.6403995 -2.0302079 1260089113244
8.100832 -2.9544458 -1.7100909 1260089113255
8.156158 -3.2698154 -0.9660425 1260089113263
7.769462 -3.4863324 0.13919862 1260089113269
7.04048 -3.5299413 1.316528 1260089113283
6.1136775 -3.386814 2.246349 1260089113299
5.1664753 -3.1023815 2.7537575 1260089113305
4.39194 -2.7661119 2.712774 1260089113316
3.9230907 -2.463681 2.1569476 1260089113325
3.839304 -2.225405 1.2305173 1260089113341
4.121327 -1.9990427 0.062338192 1260089113354
4.6262426 -1.7703784 -1.1414124 1260089113362
5.150179 -1.5531472 -2.1685214 1260089113375
5.4919653 -1.3937677 -2.8732302 1260089113386
5.5163336 -1.3247603 -3.1225157 1260089113403
5.200337 -1.3606749 -2.8417637 1260089113421
4.621604 -1.5105667 -2.1575856 1260089113438
3.9465005 -1.6774806 -1.291734 1260089113456
3.341927 -1.8721427 -0.47734714 1260089113478
2.9650774 -2.1231303 0.0940582 1260089113502
2.9101229 -2.4058347 0.37674463 1260089113519
3.1916146 -2.7513587 0.49615392 1260089113537
3.815204 -3.1892505 0.47134623 1260089113561
4.680021 -3.6903749 0.26799032 1260089113582
5.6745753 -4.171891 -0.118606724 1260089113599
6.7079344 -4.5721264 -0.7044805 1260089113616
7.645359 -4.817508 -1.4047552 1260089113641
8.399709 -4.866065 -2.0924897 1260089113660
8.952216 -4.739216 -2.687951 1260089113676
9.2905 -4.5138326 -3.2257178 1260089113699
9.447743 -4.2282114 -3.7229757 1260089113718
9.443896 -3.9350789 -4.1844745 1260089113739
9.26522 -3.7716947 -4.561607 1260089113760
8.847587 -3.8146558 -4.6100197 1260089113941
