4.1755586 -1.0904553 8.1417885 1260089157149
4.3140993 -1.2858659 8.311521 1260089157166
4.502238 -1.470825 8.475491 1260089157178
4.6646247 -1.6322347 8.6591835 1260089157187
4.7739453 -1.7195153 8.764228 1260089157198
4.8308096 -1.7173047 8.714877 1260089157207
4.8010654 -1.6797917 8.601254 1260089157219
4.7121983 -1.629853 8.419082 1260089157228
4.571931 -1.6157811 8.171106 1260089157239
4.4025826 -1.6439548 7.8497214 1260089157246
4.227401 -1.717029 7.4558735 1260089157257
4.060978 -1.8525082 6.957092 1260089157266
3.9307978 -2.0418239 6.334106 1260089157305
3.852074 -2.3231454 5.5679293 1260089157317
3.8270004 -2.6871054 4.5717406 1260089157326
3.8508518 -3.057384 3.381557 1260089157336
3.8898551 -3.4037006 2.0574737 1260089157345
3.9296324 -3.6945643 0.65589976 1260089157356
3.942223 -3.9456873 -0.70351714 1260089157363
3.9153662 -4.223072 -1.9282235 1260089157382
3.8483102 -4.5471983 -2.9371035 1260089157394
3.7233155 -4.893255 -3.6163225 1260089157402
3.5460029 -5.258103 -3.8604612 1260089157409
3.3305657 -5.631949 -3.704894 1260089157419
3.0809534 -5.912872 -3.2526906 1260089157438
2.8104517 -6.036735 -2.585422 1260089157445
2.5235105 -6.0277357 -1.7744524 1260089157464
2.2536402 -5.846208 -0.8596557 1260089157476
1.9666177 -5.5716043 0.091804355 1260089157487
1.6605765 -5.305282 0.943253 1260089157501
1.3364675 -5.063173 1.5668925 1260089157520
0.96182424 -4.880159 1.9162267 1260089157541
0.5779914 -4.7778025 2.0322118 1260089157564
0.201773 -4.7438984 1.9762293 1260089157578
-0.14405723 -4.7559557 1.7847995 1260089157599
-0.433778 -4.830064 1.4258766 1260089157788
-0.64227295 -4.997171 0.8056827 1260089157799
-0.7599831 -5.2519464 -0.08246807 1260089157809
-0.8132403 -5.5219045 -1.1809118 1260089157821
-0.8440851 -5.7204785 -2.4014978 1260089157829
-0.8427419 -5.76611 -3.6080449 1260089157842
-0.8891371 -5.6991353 -4.7542644 1260089157848
-0.952281 -5.6109924 -5.843173 1260089157861
-1.0347413 -5.612384 -6.866059 1260089157869
-1.1661979 -5.729479 -7.6859336 1260089157883
-1.2577119 -5.8897524 -8.24076 1260089157901
-1.3330728 -6.0120473 -8.51042 1260089157910
-1.382873 -6.0866857 -8.471036 1260089157922
-1.4022616 -6.1385236 -8.206842 1260089157928
-1.4179567 -6.1496325 -7.7535963 1260089157947
-1.432867 -6.1567807 -7.145948 1260089157959
-1.4381787 -6.1090903 -6.407962 1260089157967
-1.4432247 -5.995002 -5.5938263 1260089157984
-1.4452944 -5.855972 -4.7509336 1260089157995
-1.4445364 -5.6939287 -3.9202209 1260089158007
-1.4608419 -5.5209193 -3.1637325 1260089158022
-1.5097018 -5.3368106 -2.5281527 1260089158043
-1.6085572 -5.1373906 -2.048978 1260089158057
-1.7623993 -4.9377265 -1.7122592 1260089158079
-1.9473673 -4.767114 -1.4945289 1260089158103
-2.1482844 -4.6520224 -1.3871136 1260089158119
-2.344604 -4.6196404 -1.3708773 1260089158137
-2.5065908 -4.695797 -1.4909753 1260089158160
-2.5903337 -4.920013 -1.8236749 1260089158183
-2.5479872 -5.2760315 -2.397164 1260089158200
-2.3572533 -5.721169 -3.226644 1260089158218
-2.053473 -6.188316 -4.2278085 1260089158242
-1.6899697 -6.5190563 -5.2926445 1260089158259
-1.3310212 -6.687522 -6.356677 1260089158277
-1.0288382 -6.7018266 -7.367508 1260089158299
-0.8085039 -6.566954 -8.327798 1260089158322
-0.6822705 -6.375491 -9.240073 1260089158338
-0.63521767 -6.1772566 -10.034547 1260089158357
-0.64567983 -5.9691844 -10.661946 1260089158541
-0.68898875 -5.785817 -11.092488 1260089158561
-0.7553299 -5.6776767 -11.280173 1260089158570
-0.8544479 -5.668243 -11.222841 1260089158582
-0.9710836 -5.794122 -10.908909 1260089158588
-1.0791634 -6.0315237 -10.366868 1260089158599
-1.1927356 -6.3258376 -9.683038 1260089158609
-1.1923473 -6.540058 -8.906049 1260089158621
-1.1109374 -6.6359673 -8.071204 1260089158629
-0.9614101 -6.6085835 -7.2202153 1260089158644
-0.7138015 -6.439555 -6.3756824 1260089158658
-0.48402148 -6.227221 -5.6312623 1260089158667
-0.26845452 -5.970341 -5.065715 1260089158679
-0.071838126 -5.6929355 -4.683036 1260089158688
0.10609424 -5.413056 -4.413471 1260089158702
0.25878558 -5.1144814 -4.2241244 1260089158721
0.43448812 -4.772949 -4.1491218 1260089158727
0.64567167 -4.3987794 -4.1330314 1260089158746
0.8633215 -4.010629 -4.1953816 1260089158757
1.078261 -3.6364384 -4.270959 1260089158770
1.2654282 -3.319094 -4.1493483 1260089158786
1.4234874 -3.0612018 -3.828151 1260089158809
