223.22241 1.1884533 43.755424 5.791455 -0.08876767 6.0491686 1260089148196
223.22241 1.1884533 43.755424 5.923432 -0.1238283 5.930585 1260089148199
223.76129 1.4790306 44.817654 5.923432 -0.1238283 5.930585 1260089148208
223.76129 1.4790306 44.817654 6.0671973 -0.17279929 5.8274646 1260089148212
223.57323 1.6550791 45.12677 6.0671973 -0.17279929 5.8274646 1260089148215
223.57323 1.6550791 45.12677 6.2596183 -0.21932173 5.9344864 1260089148224
223.39456 1.7723252 45.37043 6.2596183 -0.21932173 5.9344864 1260089148254
223.39456 1.7723252 45.37043 6.412453 -0.25602686 6.032071 1260089148258
222.22484 2.333709 45.30191 6.412453 -0.25602686 6.032071 1260089148267
222.22484 2.333709 45.30191 6.4990788 -0.3705758 6.135673 1260089148270
220.8136 2.9170234 45.186813 6.4990788 -0.3705758 6.135673 1260089148273
220.8136 2.9170234 45.186813 6.5983987 -0.50118977 6.2674646 1260089148278
220.17291 3.5711722 45.42747 6.5983987 -0.50118977 6.2674646 1260089148289
220.17291 3.5711722 45.42747 6.673003 -0.6171009 6.257144 1260089148292
219.11427 4.492614 45.6061 6.673003 -0.6171009 6.257144 1260089148300
219.11427 4.492614 45.6061 6.763627 -0.79599917 6.2418914 1260089148306
218.70856 5.2179832 46.125793 6.763627 -0.79599917 6.2418914 1260089148314
218.70856 5.2179832 46.125793 6.927356 -0.9523322 6.2022038 1260089148317
218.52313 5.957084 46.869503 6.927356 -0.9523322 6.2022038 1260089148326
218.52313 5.957084 46.869503 7.0747256 -1.1008486 6.0841403 1260089148335
218.14697 7.05923 47.576027 7.0747256 -1.1008486 6.0841403 1260089148346
218.14697 7.05923 47.576027 7.1949773 -1.2971015 5.850759 1260089148529
217.93962 8.0062685 48.397224 7.1949773 -1.2971015 5.850759 1260089148536
217.93962 8.0062685 48.397224 7.315346 -1.4665164 5.5929527 1260089148548
217.69264 8.855955 49.227364 7.315346 -1.4665164 5.5929527 1260089148554
217.69264 8.855955 49.227364 7.4153943 -1.608392 5.3371406 1260089148557
217.45801 9.613157 50.065994 7.4153943 -1.608392 5.3371406 1260089148566
217.45801 9.613157 50.065994 7.462769 -1.7125281 5.0920763 1260089148569
217.58511 10.1825 51.012695 7.462769 -1.7125281 5.0920763 1260089148575
217.58511 10.1825 51.012695 7.451932 -1.7644672 4.842921 1260089148579
218.55586 17.823376 52.11206 7.451932 -1.7644672 4.842921 1260089148587
218.55586 17.823376 52.11206 7.378302 -1.7675002 4.580344 1260089148591
220.57806 25.332207 53.306458 7.378302 -1.7675002 4.580344 1260089148594
220.57806 25.332207 53.306458 7.2279935 -1.7240723 4.3193192 1260089148599
225.64915 24.165596 55.041134 7.2279935 -1.7240723 4.3193192 1260089148606
225.64915 24.165596 55.041134 7.0150557 -1.6433169 4.106077 1260089148612
217.3667 22.107317 54.48908 7.0150557 -1.6433169 4.106077 1260089148615
217.3667 22.107317 54.48908 6.7596455 -1.519609 3.9920297 1260089148618
210.14836 20.30195 52.464626 6.7596455 -1.519609 3.9920297 1260089148626
210.14836 20.30195 52.464626 6.4734206 -1.3918712 3.9899232 1260089148629
203.24094 19.236853 49.691395 6.4734206 -1.3918712 3.9899232 1260089148637
203.24094 19.236853 49.691395 6.137491 -1.3202347 4.018568 1260089148648
196.32889 19.77501 47.106827 6.137491 -1.3202347 4.018568 1260089148652
196.32889 19.77501 47.106827 5.8231254 -1.3529705 3.99198 1260089148655
190.26244 24.38626 44.651485 5.8231254 -1.3529705 3.99198 1260089148660
190.26244 24.38626 44.651485 5.5190296 -1.5904177 3.667755 1260089148668
185.19931 30.216946 42.36891 5.5190296 -1.5904177 3.667755 1260089148671
185.19931 30.216946 42.36891 5.236268 -1.9569632 2.935467 1260089148676
180.93935 36.5061 40.250465 5.236268 -1.9569632 2.935467 1260089148683
180.93935 36.5061 40.250465 4.978541 -2.2724926 1.8774923 1260089148686
177.44238 43.030796 38.23794 4.978541 -2.2724926 1.8774923 1260089148692
177.44238 43.030796 38.23794 4.739148 -2.4455764 0.5598294 1260089148695
173.67026 49.579254 36.326046 4.739148 -2.4455764 0.5598294 1260089148707
173.67026 49.579254 36.326046 4.4926567 -2.45882 -0.797508 1260089148715
168.08675 55.750294 34.409744 4.4926567 -2.45882 -0.797508 1260089148718
168.08675 55.750294 34.409744 4.2135425 -2.482298 -2.0318162 1260089148727
162.28241 61.06278 32.43926 4.2135425 -2.482298 -2.0318162 1260089148730
162.28241 61.06278 32.43926 3.906842 -2.6891575 -2.9769492 1260089148734
155.31828 65.05964 30.067295 3.906842 -2.6891575 -2.9769492 1260089148744
155.31828 65.05964 30.067295 3.4956174 -3.080445 -3.42944 1260089148752
148.55237 64.906654 27.21393 3.4956174 -3.080445 -3.42944 1260089148756
148.55237 64.906654 27.21393 3.0021205 -3.5515969 -3.1571774 1260089148764
143.72475 63.511322 24.753233 3.0021205 -3.5515969 -3.1571774 1260089148769
143.72475 63.511322 24.753233 2.4556623 -4.001915 -2.2508805 1260089148777
140.28851 61.435757 22.515572 2.4556623 -4.001915 -2.2508805 1260089148788
140.28851 61.435757 22.515572 1.8391415 -4.339142 -0.9145482 1260089148792
137.32408 59.21397 20.289793 1.8391415 -4.339142 -0.9145482 1260089148804
137.32408 59.21397 20.289793 1.1696817 -4.576423 0.50479126 1260089148813
133.45787 57.303272 17.775303 1.1696817 -4.576423 0.50479126 1260089148823
133.45787 57.303272 17.775303 0.4451626 -4.824314 1.551473 1260089148827
144.38498 55.73811 14.686538 0.4451626 -4.824314 1.551473 1260089148845
144.38498 55.73811 14.686538 -0.32144758 -5.0570865 2.089539 1260089148848
153.46573 60.201202 11.252211 -0.32144758 -5.0570865 2.089539 1260089148868
153.46573 60.201202 11.252211 -1.0715197 -5.3524513 1.8978919 1260089148872
162.14244 64.74114 8.6396 -1.0715197 -5.3524513 1.8978919 1260089148884
162.14244 64.74114 8.6396 -1.806562 -5.6739087 1.1212988 1260089148889
169.58531 69.90408 6.60762 -1.806562 -5.6739087 1.1212988 1260089148903
169.58531 69.90408 6.60762 -2.4020183 -5.666025 -0.017583825 1260089148906
175.15605 57.458878 4.9772387 -2.4020183 -5.666025 -0.017583825 1260089148926
175.15605 57.458878 4.9772387 -2.931608 -5.3534403 -1.3460506 1260089148930
179.69824 45.885933 3.4783766 -2.931608 -5.3534403 -1.3460506 1260089148944
179.69824 45.885933 3.4783766 -3.3959002 -4.9352636 -2.608094 1260089148953
184.91333 52.541637 2.1544578 -3.3959002 -4.9352636 -2.608094 1260089148964
184.91333 52.541637 2.1544578 -3.7838585 -4.70825 -3.8070352 1260089148969
192.06766 58.014557 0.6967349 -3.7838585 -4.70825 -3.8070352 1260089148985
192.06766 58.014557 0.6967349 -4.199409 -4.8971114 -4.735595 1260089148988
199.66428 62.26383 -0.9381019 -4.199409 -4.8971114 -4.735595 1260089149009
199.66428 62.26383 -0.9381019 -4.6166553 -5.3680053 -5.213884 1260089149016
207.03107 65.900635 -3.1411967 -4.6166553 -5.3680053 -5.213884 1260089149023
207.03107 65.900635 -3.1411967 -5.118597 -5.8344226 -4.965448 1260089149028
198.4795 63.9056 -5.084137 -5.118597 -5.8344226 -4.965448 1260089149043
198.4795 63.9056 -5.084137 -5.634941 -6.0412064 -4.027305 1260089149047
193.10553 61.46032 -6.42993 -5.634941 -6.0412064 -4.027305 1260089149066
193.10553 61.46032 -6.42993 -6.144536 -6.128007 -2.6430125 1260089149069
188.00026 59.137302 -7.4584336 -6.144536 -6.128007 -2.6430125 1260089149089
188.00026 59.137302 -7.4584336 -6.6150312 -6.2622247 -1.029649 1260089149093
182.25024 57.280437 -8.435512 -6.6150312 -6.2622247 -1.029649 1260089149104
182.25024 57.280437 -8.435512 -7.003434 -6.5354695 0.3041891 1260089149276
175.08774 56.166416 -9.463736 -7.003434 -6.5354695 0.3041891 1260089149285
175.08774 56.166416 -9.463736 -7.361521 -7.037494 1.2389989 1260089149290
166.83334 56.058094 -10.640549 -7.361521 -7.037494 1.2389989 1260089149295
166.83334 56.058094 -10.640549 -7.704427 -7.73711 1.4882739 1260089149298
176.44168 59.65519 -11.758521 -7.704427 -7.73711 1.4882739 1260089149306
176.44168 59.65519 -11.758521 -8.063558 -8.437159 1.0222752 1260089149309
184.8696 64.27243 -12.820595 -8.063558 -8.437159 1.0222752 1260089149313
184.8696 64.27243 -12.820595 -8.35706 -8.626854 0.07630458 1260089149318
190.42612 52.058807 -13.579565 -8.35706 -8.626854 0.07630458 1260089149327
190.42612 52.058807 -13.579565 -8.605243 -8.185296 -1.1928409 1260089149330
193.5048 41.205868 -14.200587 -8.605243 -8.185296 -1.1928409 1260089149334
193.5048 41.205868 -14.200587 -8.8689375 -7.3612914 -2.462545 1260089149339
196.37956 30.895575 -14.840558 -8.8689375 -7.3612914 -2.462545 1260089149345
196.37956 30.895575 -14.840558 -9.147369 -6.5948315 -3.6687636 1260089149351
201.86058 37.950798 -15.89853 -9.147369 -6.5948315 -3.6687636 1260089149355
201.86058 37.950798 -15.89853 -9.548083 -6.474843 -4.634883 1260089149358
208.46754 43.45326 -17.503603 -9.548083 -6.474843 -4.634883 1260089149368
208.46754 43.45326 -17.503603 -10.067689 -6.86685 -4.9493146 1260089149377
215.49417 43.180595 -19.178423 -10.067689 -6.86685 -4.9493146 1260089149380
215.49417 43.180595 -19.178423 -10.57834 -7.3216596 -4.5452147 1260089149389
206.16946 42.371567 -20.319502 -10.57834 -7.3216596 -4.5452147 1260089149392
206.16946 42.371567 -20.319502 -11.021915 -7.6250167 -3.459191 1260089149397
199.161 41.05299 -20.853527 -11.021915 -7.6250167 -3.459191 1260089149404
199.161 41.05299 -20.853527 -11.354099 -7.723202 -1.9044472 1260089149409
192.45294 39.90034 -21.21085 -11.354099 -7.723202 -1.9044472 1260089149413
192.45294 39.90034 -21.21085 -11.569564 -7.846443 -0.45263815 1260089149416
184.8803 39.305325 -21.700308 -11.569564 -7.846443 -0.45263815 1260089149426
184.8803 39.305325 -21.700308 -11.763359 -8.153526 0.64463913 1260089149432
176.18628 39.340057 -22.465292 -11.763359 -8.153526 0.64463913 1260089149435
176.18628 39.340057 -22.465292 -11.961085 -8.593717 1.236219 1260089149438
185.07697 43.923054 -23.342028 -11.961085 -8.593717 1.236219 1260089149448
185.07697 43.923054 -23.342028 -12.187743 -9.130395 1.0954101 1260089149453
192.77312 49.0769 -24.274927 -12.187743 -9.130395 1.0954101 1260089149458
192.77312 49.0769 -24.274927 -12.433714 -9.378728 0.3834578 1260089149467
198.33446 55.323055 -24.91118 -12.433714 -9.378728 0.3834578 1260089149472
198.33446 55.323055 -24.91118 -12.639464 -9.0562105 -0.71308464 1260089149480
201.01773 44.406902 -25.16562 -12.639464 -9.0562105 -0.71308464 1260089149491
201.01773 44.406902 -25.16562 -12.829479 -8.133498 -2.0067763 1260089149495
202.81685 34.436558 -25.35734 -12.829479 -8.133498 -2.0067763 1260089149504
202.81685 34.436558 -25.35734 -13.024295 -7.006988 -3.2357833 1260089149507
205.72601 24.26473 -25.739473 -13.024295 -7.006988 -3.2357833 1260089149527
205.72601 24.26473 -25.739473 -13.278833 -6.332474 -4.4033403 1260089149530
210.8397 31.451494 -26.7025 -13.278833 -6.332474 -4.4033403 1260089149544
210.8397 31.451494 -26.7025 -13.682046 -6.321627 -5.2135525 1260089149549
216.99773 37.27892 -28.117374 -13.682046 -6.321627 -5.2135525 1260089149567
216.99773 37.27892 -28.117374 -14.192448 -6.765561 -5.280444 1260089149575
224.04784 37.064972 -29.411507 -14.192448 -6.765561 -5.280444 1260089149584
224.04784 37.064972 -29.411507 -14.705252 -7.245185 -4.6418624 1260089149587
214.59544 36.161724 -30.140932 -14.705252 -7.245185 -4.6418624 1260089149604
214.59544 36.161724 -30.140932 -15.120228 -7.4148 -3.3323996 1260089149610
206.81567 34.853638 -30.383886 -15.120228 -7.4148 -3.3323996 1260089149637
206.81567 34.853638 -30.383886 -15.411621 -7.3580093 -1.6845667 1260089149646
199.1249 33.660957 -30.614693 -15.411621 -7.3580093 -1.6845667 1260089149656
199.1249 33.660957 -30.614693 -15.608085 -7.307463 -0.2682684 1260089149659
190.81865 32.77791 -31.033958 -15.608085 -7.307463 -0.2682684 1260089149669
190.81865 32.77791 -31.033958 -15.749778 -7.3472953 0.797998 1260089149675
181.67772 32.689014 -31.68226 -15.749778 -7.3472953 0.797998 1260089149687
181.67772 32.689014 -31.68226 -15.814922 -7.610553 1.3682897 1260089149691
172.99384 37.454563 -31.948147 -15.814922 -7.610553 1.3682897 1260089149711
172.99384 37.454563 -31.948147 -15.723581 -8.146674 1.2072569 1260089149714
165.54414 42.081837 -31.450739 -15.723581 -8.146674 1.2072569 1260089149723
165.54414 42.081837 -31.450739 -15.405942 -8.700256 0.50128955 1260089149726
160.31694 47.577744 -30.428202 -15.405942 -8.700256 0.50128955 1260089149747
160.31694 47.577744 -30.428202 -14.87332 -8.848875 -0.5929722 1260089149750
154.7511 53.998856 -29.106792 -14.87332 -8.848875 -0.5929722 1260089149768
154.7511 53.998856 -29.106792 -14.23385 -8.494964 -1.8926696 1260089149772
158.11354 42.748913 -27.951452 -14.23385 -8.494964 -1.8926696 1260089149783
158.11354 42.748913 -27.951452 -13.6713 -7.8591 -3.127382 1260089149787
164.90787 31.711466 -27.25388 -13.6713 -7.8591 -3.127382 1260089149804
164.90787 31.711466 -27.25388 -13.320071 -7.4225597 -4.2778854 1260089149807
173.61247 38.275894 -27.341187 -13.320071 -7.4225597 -4.2778854 1260089149822
173.61247 38.275894 -27.341187 -13.222717 -7.3905783 -5.031036 1260089149830
181.78185 43.7121 -28.524128 -13.222717 -7.3905783 -5.031036 1260089149849
181.78185 43.7121 -28.524128 -13.342028 -7.558372 -5.090709 1260089149853
189.94275 42.826496 -29.847921 -13.342028 -7.558372 -5.090709 1260089149864
189.94275 42.826496 -29.847921 -13.550034 -7.6489935 -4.4445887 1260089149867
181.89561 41.38517 -30.255526 -13.550034 -7.6489935 -4.4445887 1260089150054
181.89561 41.38517 -30.255526 -13.769432 -7.6165867 -3.1504378 1260089150065
175.20084 39.86591 -30.29275 -13.769432 -7.6165867 -3.1504378 1260089150070
175.20084 39.86591 -30.29275 -13.953343 -7.57218 -1.5586934 1260089150074
168.29079 38.772614 -30.278112 -13.953343 -7.57218 -1.5586934 1260089150078
168.29079 38.772614 -30.278112 -14.08856 -7.700248 -0.1514128 1260089150084
160.97624 38.28398 -30.364206 -14.08856 -7.700248 -0.1514128 1260089150088
160.97624 38.28398 -30.364206 -14.2061205 -8.064355 0.956001 1260089150094
153.22743 38.469784 -30.695995 -14.2061205 -8.064355 0.956001 1260089150097
153.22743 38.469784 -30.695995 -14.304182 -8.558718 1.4931949 1260089150100
145.76607 42.846294 -30.961195 -14.304182 -8.558718 1.4931949 1260089150108
145.76607 42.846294 -30.961195 -14.346946 -9.184997 1.3007191 1260089150112
139.02777 47.45398 -30.863134 -14.346946 -9.184997 1.3007191 1260089150117
139.02777 47.45398 -30.863134 -14.271117 -9.664188 0.56760514 1260089150124
133.87639 52.931282 -30.369978 -14.271117 -9.664188 0.56760514 1260089150129
133.87639 52.931282 -30.369978 -14.043127 -9.718302 -0.60216033 1260089150133
143.88257 41.284718 -29.601479 -14.043127 -9.718302 -0.60216033 1260089150138
143.88257 41.284718 -29.601479 -13.709401 -9.230344 -1.9013983 1260089150145
149.83844 30.82048 -28.921404 -13.709401 -9.230344 -1.9013983 1260089150152
149.83844 30.82048 -28.921404 -13.406663 -8.472584 -3.1356742 1260089150155
157.39651 20.479456 -28.525333 -13.406663 -8.472584 -3.1356742 1260089150166
157.39651 20.479456 -28.525333 -13.244369 -7.95906 -4.3082366 1260089150169
166.32669 27.855484 -28.599066 -13.244369 -7.95906 -4.3082366 1260089150175
166.32669 27.855484 -28.599066 -13.248185 -7.8396435 -5.2253566 1260089150178
174.86035 34.16271 -29.319113 -13.248185 -7.8396435 -5.2253566 1260089150186
174.86035 34.16271 -29.319113 -13.394143 -7.9679585 -5.6573644 1260089150189
182.91733 34.054573 -30.753157 -13.394143 -7.9679585 -5.6573644 1260089150193
182.91733 34.054573 -30.753157 -13.571622 -8.095306 -5.364962 1260089150198
173.82146 33.551846 -31.415499 -13.571622 -8.095306 -5.364962 1260089150210
173.82146 33.551846 -31.415499 -13.717752 -8.164529 -4.38437 1260089150214
166.73038 32.724255 -31.394724 -13.717752 -8.164529 -4.38437 1260089150224
166.73038 32.724255 -31.394724 -13.79801 -8.1833 -2.9468112 1260089150230
160.39386 31.888042 -31.074987 -13.79801 -8.1833 -2.9468112 1260089150233
160.39386 31.888042 -31.074987 -13.835436 -8.245399 -1.3454984 1260089150236
153.72417 31.29364 -30.921238 -13.835436 -8.245399 -1.3454984 1260089150246
153.72417 31.29364 -30.921238 -13.876439 -8.365005 -0.018341308 1260089150250
146.33795 30.878958 -31.175177 -13.876439 -8.365005 -0.018341308 1260089150258
146.33795 30.878958 -31.175177 -13.963063 -8.4670515 0.9244228 1260089150266
156.42105 31.03501 -32.01642 -13.963063 -8.4670515 0.9244228 1260089150271
156.42105 31.03501 -32.01642 -14.101199 -8.666149 1.2915792 1260089150275
166.09999 36.38326 -32.665596 -14.101199 -8.666149 1.2915792 1260089150291
166.09999 36.38326 -32.665596 -14.179309 -8.970384 0.96548957 1260089150294
158.34499 41.714096 -32.532314 -14.179309 -8.970384 0.96548957 1260089150304
158.34499 41.714096 -32.532314 -14.081216 -9.273707 0.14698438 1260089150307
154.37773 47.278393 -31.605698 -14.081216 -9.273707 0.14698438 1260089150326
154.37773 47.278393 -31.605698 -13.709492 -9.429748 -1.0153702 1260089150334
154.95885 53.014473 -30.175413 -13.709492 -9.429748 -1.0153702 1260089150347
154.95885 53.014473 -30.175413 -13.086671 -9.385258 -2.2939477 1260089150351
160.6109 58.813747 -28.266642 -13.086671 -9.385258 -2.2939477 1260089150364
160.6109 58.813747 -28.266642 -12.2416525 -9.170014 -3.4643302 1260089150373
164.98036 63.97306 -26.35331 -12.2416525 -9.170014 -3.4643302 1260089150384
164.98036 63.97306 -26.35331 -11.417092 -9.088798 -4.4570155 1260089150387
167.48134 68.47441 -24.685644 -11.417092 -9.088798 -4.4570155 1260089150407
167.48134 68.47441 -24.685644 -10.708673 -9.09132 -5.1760116 1260089150411
168.50728 72.250694 -23.201363 -10.708673 -9.09132 -5.1760116 1260089150429
168.50728 72.250694 -23.201363 -10.105137 -9.088268 -5.543747 1260089150433
167.08191 74.78816 -22.191294 -10.105137 -9.088268 -5.543747 1260089150443
167.08191 74.78816 -22.191294 -9.629164 -9.077197 -5.558716 1260089150447
169.72781 76.49876 -20.181728 -9.629164 -9.077197 -5.558716 1260089150465
169.72781 76.49876 -20.181728 -9.068707 -8.860332 -5.2930384 1260089150469
177.54143 74.723816 -17.072641 -9.068707 -8.860332 -5.2930384 1260089150488
177.54143 74.723816 -17.072641 -8.452509 -8.577354 -4.941216 1260089150492
183.76436 72.78763 -13.719009 -8.452509 -8.577354 -4.941216 1260089150503
183.76436 72.78763 -13.719009 -7.825578 -8.303078 -4.623329 1260089150513
188.37614 70.94825 -10.333059 -7.825578 -8.303078 -4.623329 1260089150523
188.37614 70.94825 -10.333059 -7.221822 -8.042515 -4.368327 1260089150526
191.15733 74.050835 -7.6164064 -7.221822 -8.042515 -4.368327 1260089150546
191.15733 74.050835 -7.6164064 -6.7088637 -7.800428 -4.151273 1260089150550
193.84947 72.448296 -5.185586 -6.7088637 -7.800428 -4.151273 1260089150569
193.84947 72.448296 -5.185586 -6.224278 -7.5622735 -3.859263 1260089150573
196.457 70.47588 -3.0263066 -6.224278 -7.5622735 -3.859263 1260089150584
196.457 70.47588 -3.0263066 -5.7394047 -7.338751 -3.5096657 1260089150589
198.53415 68.552086 -1.0749912 -5.7394047 -7.338751 -3.5096657 1260089150605
198.53415 68.552086 -1.0749912 -5.2624307 -7.1447916 -3.1380494 1260089150608
200.15744 66.72448 0.6787584 -5.2624307 -7.1447916 -3.1380494 1260089150628
200.15744 66.72448 0.6787584 -4.798409 -6.9775558 -2.74892 1260089150631
