209.96048 18.875946 56.328503 7.377429 -2.9163747 3.8779752 1260089136615
209.96048 18.875946 56.328503 7.4307885 -2.891096 3.7875912 1260089136620
210.31245 18.782148 56.862076 7.4307885 -2.891096 3.7875912 1260089136626
210.31245 18.782148 56.862076 7.4705834 -2.8752537 3.7105796 1260089136632
210.44684 18.74304 57.26897 7.4705834 -2.8752537 3.7105796 1260089136635
210.44684 18.74304 57.26897 7.501579 -2.8704185 3.655806 1260089136640
210.3745 18.805887 57.555523 7.501579 -2.8704185 3.655806 1260089136668
210.3745 18.805887 57.555523 7.522852 -2.8767214 3.6037712 1260089136673
210.20576 18.915592 57.827747 7.522852 -2.8767214 3.6037712 1260089136678
210.20576 18.915592 57.827747 7.5430613 -2.8936055 3.5461657 1260089136688
210.44548 25.769814 58.23636 7.5430613 -2.8936055 3.5461657 1260089136700
210.44548 25.769814 58.23636 7.6208277 -2.9484632 3.3171 1260089136706
210.82321 32.381325 58.67454 7.6208277 -2.9484632 3.3171 1260089136711
210.82321 32.381325 58.67454 7.7233086 -2.9985352 3.0811002 1260089136714
211.23206 38.712257 59.090813 7.7233086 -2.9985352 3.0811002 1260089136724
211.23206 38.712257 59.090813 7.8594837 -3.0542758 2.8569005 1260089136727
211.72046 44.776646 59.586273 7.8594837 -3.0542758 2.8569005 1260089136735
211.72046 44.776646 59.586273 7.994298 -3.096333 2.6439106 1260089136737
211.73444 43.487812 60.006958 7.994298 -3.096333 2.6439106 1260089136747
211.73444 43.487812 60.006958 8.066528 -3.1110897 2.6050146 1260089136750
211.84772 42.26342 60.40661 8.066528 -3.1110897 2.6050146 1260089136765
211.84772 42.26342 60.40661 8.113355 -3.111488 2.565339 1260089136771
211.90533 41.10025 60.836277 8.113355 -3.111488 2.565339 1260089136783
211.90533 41.10025 60.836277 8.13809 -3.1036944 2.516751 1260089136786
212.01007 39.99524 61.19446 8.13809 -3.1036944 2.516751 1260089136809
212.01007 39.99524 61.19446 8.164312 -3.1017387 2.4678686 1260089136815
212.40956 38.79548 61.68474 8.164312 -3.1017387 2.4678686 1260089136825
212.40956 38.79548 61.68474 8.206249 -3.0808122 2.4268782 1260089136831
212.63908 37.705704 62.050503 8.206249 -3.0808122 2.4268782 1260089136843
212.63908 37.705704 62.050503 8.254262 -3.0718284 2.4042819 1260089136853
212.90714 36.62042 62.297977 8.254262 -3.0718284 2.4042819 1260089136865
212.90714 36.62042 62.297977 8.294425 -3.0551214 2.413461 1260089136868
213.26178 35.4894 62.533077 8.294425 -3.0551214 2.413461 1260089136887
213.26178 35.4894 62.533077 8.329175 -3.0195003 2.4446547 1260089136890
213.5987 34.31493 62.706425 8.329175 -3.0195003 2.4446547 1260089136908
213.5987 34.31493 62.706425 8.353334 -2.9659107 2.4967625 1260089136911
214.06876 33.049183 62.821102 8.353334 -2.9659107 2.4967625 1260089137087
214.06876 33.049183 62.821102 8.371519 -2.8966131 2.555799 1260089137091
214.86531 31.646723 63.03005 8.371519 -2.8966131 2.555799 1260089137095
214.86531 31.646723 63.03005 8.40582 -2.7980917 2.617332 1260089137100
215.92204 30.164387 63.178547 8.40582 -2.7980917 2.617332 1260089137107
215.92204 30.164387 63.178547 8.46837 -2.6758935 2.703029 1260089137112
217.37595 28.606167 63.21962 8.46837 -2.6758935 2.703029 1260089137115
217.37595 28.606167 63.21962 8.566611 -2.5271165 2.820535 1260089137120
219.05714 26.975859 63.158638 8.566611 -2.5271165 2.820535 1260089137126
219.05714 26.975859 63.158638 8.685819 -2.3530896 2.9723456 1260089137133
221.50429 25.227066 63.000706 8.685819 -2.3530896 2.9723456 1260089137136
221.50429 25.227066 63.000706 8.823583 -2.1414547 3.1465306 1260089137139
223.77907 23.565712 62.700672 8.823583 -2.1414547 3.1465306 1260089137147
223.77907 23.565712 62.700672 8.923812 -1.9451687 3.3242648 1260089137149
225.19011 22.037426 62.36564 8.923812 -1.9451687 3.3242648 1260089137153
225.19011 22.037426 62.36564 8.974083 -1.7695932 3.489707 1260089137158
224.3806 20.785555 62.047356 8.974083 -1.7695932 3.489707 1260089137168
224.3806 20.785555 62.047356 8.953057 -1.6504678 3.603973 1260089137171
222.61157 20.196278 61.89499 8.953057 -1.6504678 3.603973 1260089137175
222.61157 20.196278 61.89499 8.846594 -1.633322 3.6158211 1260089137185
220.631 20.686464 61.75024 8.846594 -1.633322 3.6158211 1260089137191
220.631 20.686464 61.75024 8.6896105 -1.7205482 3.4772532 1260089137194
218.34944 26.70214 60.61273 8.6896105 -1.7205482 3.4772532 1260089137197
218.34944 26.70214 60.61273 8.528899 -1.9110138 3.1052144 1260089137205
215.63197 32.817036 58.782093 8.528899 -1.9110138 3.1052144 1260089137207
215.63197 32.817036 58.782093 8.378947 -2.163463 2.4419148 1260089137213
212.65038 38.926186 56.74299 8.378947 -2.163463 2.4419148 1260089137218
212.65038 38.926186 56.74299 8.245346 -2.4557283 1.5100894 1260089137229
210.41786 45.029877 54.75584 8.245346 -2.4557283 1.5100894 1260089137233
210.41786 45.029877 54.75584 8.168139 -2.7163546 0.3756029 1260089137238
208.59697 50.978382 52.768047 8.168139 -2.7163546 0.3756029 1260089137244
208.59697 50.978382 52.768047 8.089345 -2.9258127 -0.8349577 1260089137249
206.96712 56.679462 50.879646 8.089345 -2.9258127 -0.8349577 1260089137254
206.96712 56.679462 50.879646 8.006318 -3.1084535 -1.9570686 1260089137265
205.36876 61.945488 49.135662 8.006318 -3.1084535 -1.9570686 1260089137274
205.36876 61.945488 49.135662 7.9131413 -3.3010306 -2.8875513 1260089137277
203.50032 66.64822 47.528877 7.9131413 -3.3010306 -2.8875513 1260089137285
203.50032 66.64822 47.528877 7.8055544 -3.5391414 -3.5835493 1260089137288
200.97531 70.26581 46.052433 7.8055544 -3.5391414 -3.5835493 1260089137303
200.97531 70.26581 46.052433 7.6808734 -3.9219806 -3.9845986 1260089137308
197.67654 72.352516 44.549812 7.6808734 -3.9219806 -3.9845986 1260089137323
197.67654 72.352516 44.549812 7.5317807 -4.5083704 -4.0087423 1260089137330
193.44272 72.33489 42.77232 7.5317807 -4.5083704 -4.0087423 1260089137343
193.44272 72.33489 42.77232 7.3206787 -5.29903 -3.531131 1260089137346
188.67058 71.61815 40.683704 7.3206787 -5.29903 -3.531131 1260089137366
188.67058 71.61815 40.683704 6.975756 -6.2646766 -2.5734475 1260089137369
183.63705 70.28724 38.349518 6.975756 -6.2646766 -2.5734475 1260089137384
183.63705 70.28724 38.349518 6.450585 -7.1384563 -1.2598048 1260089137389
178.4052 68.27288 35.832043 6.450585 -7.1384563 -1.2598048 1260089137406
178.4052 68.27288 35.832043 5.7677975 -7.6328053 0.23672706 1260089137414
173.08493 65.709236 33.14044 5.7677975 -7.6328053 0.23672706 1260089137424
173.08493 65.709236 33.14044 4.9774976 -7.72311 1.7081466 1260089137427
167.93068 62.673775 30.43342 4.9774976 -7.72311 1.7081466 1260089137442
167.93068 62.673775 30.43342 4.1626973 -7.4840546 3.1059952 1260089137449
163.08415 59.640087 27.86175 4.1626973 -7.4840546 3.1059952 1260089137464
163.08415 59.640087 27.86175 3.4165587 -7.150032 4.3263507 1260089137471
158.82994 57.10808 25.318663 3.4165587 -7.150032 4.3263507 1260089137484
158.82994 57.10808 25.318663 2.7628894 -6.9947925 5.2561855 1260089137493
155.18845 55.552677 22.85273 2.7628894 -6.9947925 5.2561855 1260089137506
155.18845 55.552677 22.85273 2.2202206 -7.070008 5.7826753 1260089137509
152.02902 55.775043 20.510094 2.2202206 -7.070008 5.7826753 1260089137523
152.02902 55.775043 20.510094 1.7959415 -7.3832235 5.710105 1260089137531
148.77757 58.836292 18.68459 1.7959415 -7.3832235 5.710105 1260089137550
148.77757 58.836292 18.68459 1.4207981 -7.942289 5.046635 1260089137554
145.5387 62.34448 17.30036 1.4207981 -7.942289 5.046635 1260089137564
145.5387 62.34448 17.30036 1.1427288 -8.621863 3.9430315 1260089137566
142.51176 66.12726 16.285341 1.1427288 -8.621863 3.9430315 1260089137586
142.51176 66.12726 16.285341 0.9895689 -9.289932 2.5486515 1260089137589
139.68617 70.1709 15.421074 0.9895689 -9.289932 2.5486515 1260089137604
139.68617 70.1709 15.421074 0.9189789 -9.701224 1.093916 1260089137611
137.95186 74.71236 14.80002 0.9189789 -9.701224 1.093916 1260089137623
137.95186 74.71236 14.80002 0.9554331 -9.668359 -0.28808257 1260089137632
140.80426 79.82674 14.260019 0.9554331 -9.668359 -0.28808257 1260089137644
140.80426 79.82674 14.260019 0.9982367 -9.246914 -1.6009812 1260089137647
136.66405 67.085396 13.597018 0.9982367 -9.246914 -1.6009812 1260089137662
136.66405 67.085396 13.597018 0.97488457 -8.661985 -2.848235 1260089137669
136.13084 54.831127 12.867167 0.97488457 -8.661985 -2.848235 1260089137854
136.13084 54.831127 12.867167 0.9077529 -8.183258 -3.9779637 1260089137859
132.4243 60.639572 12.123809 0.9077529 -8.183258 -3.9779637 1260089137868
132.4243 60.639572 12.123809 0.82490927 -7.948436 -4.887762 1260089137875
130.25308 65.40759 11.467618 0.82490927 -7.948436 -4.887762 1260089137878
130.25308 65.40759 11.467618 0.76255226 -7.9705205 -5.5641093 1260089137887
128.89043 68.387215 10.8942375 0.76255226 -7.9705205 -5.5641093 1260089137890
128.89043 68.387215 10.8942375 0.73123485 -8.310217 -5.808244 1260089137894
127.5959 69.11785 10.399526 0.73123485 -8.310217 -5.808244 1260089137899
127.5959 69.11785 10.399526 0.70965546 -8.861751 -5.406826 1260089137905
125.81611 68.71196 9.77955 0.70965546 -8.861751 -5.406826 1260089137910
125.81611 68.71196 9.77955 0.62582046 -9.611124 -4.485432 1260089137913
123.77531 67.77636 8.940572 0.62582046 -9.611124 -4.485432 1260089137918
123.77531 67.77636 8.940572 0.36775064 -10.532102 -3.0959399 1260089137925
121.536545 66.23754 7.843543 0.36775064 -10.532102 -3.0959399 1260089137930
121.536545 66.23754 7.843543 -0.07218666 -11.145519 -1.4715074 1260089137934
119.309715 64.47566 6.551366 -0.07218666 -11.145519 -1.4715074 1260089137937
119.309715 64.47566 6.551366 -0.6488042 -11.541668 0.0853238 1260089137945
117.29423 62.60188 5.1237974 -0.6488042 -11.541668 0.0853238 1260089137951
117.29423 62.60188 5.1237974 -1.2660545 -11.755246 1.4900827 1260089137959
115.52952 60.771786 3.6676075 -1.2660545 -11.755246 1.4900827 1260089137967
115.52952 60.771786 3.6676075 -1.7829787 -11.798787 2.5474296 1260089137971
114.153046 59.933197 2.2842271 -1.7829787 -11.798787 2.5474296 1260089137974
114.153046 59.933197 2.2842271 -2.1569216 -11.983165 3.084731 1260089137979
112.795395 62.536537 1.1200157 -2.1569216 -11.983165 3.084731 1260089137985
112.795395 62.536537 1.1200157 -2.3895843 -12.251623 2.8923576 1260089137990
111.155624 65.80971 0.46401492 -2.3895843 -12.251623 2.8923576 1260089137993
111.155624 65.80971 0.46401492 -2.4968839 -12.529132 2.0817046 1260089137996
109.64784 69.76922 0.24081416 -2.4968839 -12.529132 2.0817046 1260089138006
109.64784 69.76922 0.24081416 -2.465339 -12.674268 0.88594854 1260089138015
108.86545 74.280754 0.32877347 -2.465339 -12.674268 0.88594854 1260089138018
108.86545 74.280754 0.32877347 -2.304616 -12.523396 -0.4856517 1260089138026
111.972176 79.366714 0.5123348 -2.304616 -12.523396 -0.4856517 1260089138029
111.972176 79.366714 0.5123348 -2.0933616 -11.994611 -1.788672 1260089138033
108.473564 66.998375 0.6867181 -2.0933616 -11.994611 -1.788672 1260089138040
108.473564 66.998375 0.6867181 -1.8872219 -11.110215 -3.0265412 1260089138051
106.599884 55.598457 0.7523822 -1.8872219 -11.110215 -3.0265412 1260089138055
106.599884 55.598457 0.7523822 -1.7526808 -10.085484 -4.202517 1260089138059
105.56989 44.718533 0.6647631 -1.7526808 -10.085484 -4.202517 1260089138071
105.56989 44.718533 0.6647631 -1.6916064 -9.150806 -5.280876 1260089138074
105.391396 33.982605 0.53152496 -1.6916064 -9.150806 -5.280876 1260089138086
105.391396 33.982605 0.53152496 -1.644482 -8.482832 -6.183415 1260089138089
103.82182 40.933475 0.4549487 -1.644482 -8.482832 -6.183415 1260089138108
103.82182 40.933475 0.4549487 -1.5772403 -8.167653 -6.7806783 1260089138112
103.830734 45.836803 0.48220125 -1.5772403 -8.167653 -6.7806783 1260089138123
103.830734 45.836803 0.48220125 -1.4833959 -8.189673 -6.930615 1260089138131
104.089195 48.19496 0.6080912 -1.4833959 -8.189673 -6.930615 1260089138144
104.089195 48.19496 0.6080912 -1.3608739 -8.579023 -6.5861273 1260089138147
103.98473 48.835213 0.67768663 -1.3608739 -8.579023 -6.5861273 1260089138167
103.98473 48.835213 0.67768663 -1.2499261 -9.207692 -5.677956 1260089138171
103.585495 48.94345 0.5938023 -1.2499261 -9.207692 -5.677956 1260089138183
103.585495 48.94345 0.5938023 -1.2139895 -10.008552 -4.3725324 1260089138193
102.95622 48.59628 0.36411217 -1.2139895 -10.008552 -4.3725324 1260089138204
102.95622 48.59628 0.36411217 -1.2908555 -10.706034 -2.8477144 1260089138210
102.10841 47.716465 -0.054093447 -1.2908555 -10.706034 -2.8477144 1260089138224
102.10841 47.716465 -0.054093447 -1.4837373 -11.088062 -1.2220728 1260089138227
101.202995 46.580643 -0.6513888 -1.4837373 -11.088062 -1.2220728 1260089138248
101.202995 46.580643 -0.6513888 -1.7391629 -11.231021 0.29777008 1260089138256
100.34284 45.25161 -1.3188194 -1.7391629 -11.231021 0.29777008 1260089138264
100.34284 45.25161 -1.3188194 -1.976369 -11.133243 1.5475309 1260089138269
99.7757 44.28903 -1.9028785 -1.976369 -11.133243 1.5475309 1260089138283
99.7757 44.28903 -1.9028785 -2.1206737 -11.034905 2.3833988 1260089138289
99.736916 44.674576 -2.3077345 -2.1206737 -11.034905 2.3833988 1260089138307
99.736916 44.674576 -2.3077345 -2.133137 -11.029336 2.6769254 1260089138314
100.15007 48.190845 -2.1423478 -2.133137 -11.029336 2.6769254 1260089138325
100.15007 48.190845 -2.1423478 -2.0169458 -11.051286 2.2781634 1260089138328
101.34257 53.1313 -1.5852304 -2.0169458 -11.051286 2.2781634 1260089138343
101.34257 53.1313 -1.5852304 -1.7703608 -11.003355 1.3906194 1260089138348
104.47544 58.724735 -0.9059688 -1.7703608 -11.003355 1.3906194 1260089138364
104.47544 58.724735 -0.9059688 -1.4244182 -10.756921 0.19604766 1260089138367
112.30167 46.788498 -0.2106703 -1.4244182 -10.756921 0.19604766 1260089138388
112.30167 46.788498 -0.2106703 -1.0515066 -10.220437 -1.1410575 1260089138395
107.336586 36.199074 0.29986322 -1.0515066 -10.220437 -1.1410575 1260089138403
107.336586 36.199074 0.29986322 -0.75853217 -9.345071 -2.4113073 1260089138408
104.919754 26.63912 0.48487005 -0.75853217 -9.345071 -2.4113073 1260089138423
104.919754 26.63912 0.48487005 -0.6164099 -8.262858 -3.6180449 1260089138428
103.82377 17.707165 0.41062653 -0.6164099 -8.262858 -3.6180449 1260089138445
103.82377 17.707165 0.41062653 -0.6175972 -7.168698 -4.70043 1260089138610
104.03258 9.021807 0.09009519 -0.6175972 -7.168698 -4.70043 1260089138618
104.03258 9.021807 0.09009519 -0.727007 -6.2974567 -5.623819 1260089138629
105.88095 0.220716 -0.26440957 -0.727007 -6.2974567 -5.623819 1260089138633
105.88095 0.220716 -0.26440957 -0.82004994 -5.7612534 -6.32125 1260089138638
101.33691 8.90968 -0.5011891 -0.82004994 -5.7612534 -6.32125 1260089138645
101.33691 8.90968 -0.5011891 -0.8362529 -5.548784 -6.723661 1260089138650
101.82006 15.214196 -0.27612966 -0.8362529 -5.548784 -6.723661 1260089138653
101.82006 15.214196 -0.27612966 -0.75698435 -5.671783 -6.7797437 1260089138657
102.579056 19.453485 0.23767681 -0.75698435 -5.671783 -6.7797437 1260089138665
102.579056 19.453485 0.23767681 -0.5897418 -6.1155205 -6.4707212 1260089138668
102.6501 21.68081 0.625793 -0.5897418 -6.1155205 -6.4707212 1260089138674
102.6501 21.68081 0.625793 -0.40021563 -6.80403 -5.679326 1260089138676
102.26759 23.29677 0.84450334 -0.40021563 -6.80403 -5.679326 1260089138680
102.26759 23.29677 0.84450334 -0.25898376 -7.714176 -4.4848394 1260089138687
101.554214 24.381931 0.8522782 -0.25898376 -7.714176 -4.4848394 1260089138691
101.554214 24.381931 0.8522782 -0.2276471 -8.556342 -3.0374901 1260089138696
100.5765 24.862835 0.6596643 -0.2276471 -8.556342 -3.0374901 1260089138699
100.5765 24.862835 0.6596643 -0.31773633 -9.128259 -1.4268763 1260089138707
99.69768 25.169693 0.27668107 -0.31773633 -9.128259 -1.4268763 1260089138713
99.69768 25.169693 0.27668107 -0.48981032 -9.506773 0.04736332 1260089138723
99.012794 25.311209 -0.137153 -0.48981032 -9.506773 0.04736332 1260089138728
99.012794 25.311209 -0.137153 -0.66690093 -9.679082 1.2326896 1260089138732
98.662155 25.795649 -0.5302954 -0.66690093 -9.679082 1.2326896 1260089138735
98.662155 25.795649 -0.5302954 -0.77656955 -9.793061 2.0155168 1260089138743
98.87905 27.455866 -0.7537806 -0.77656955 -9.793061 2.0155168 1260089138746
98.87905 27.455866 -0.7537806 -0.80039465 -9.901341 2.2668269 1260089138752
99.5851 31.733072 -0.61609155 -0.80039465 -9.901341 2.2668269 1260089138757
99.5851 31.733072 -0.61609155 -0.73926336 -9.916356 1.9410081 1260089138768
100.905846 37.746418 -0.18528697 -0.73926336 -9.916356 1.9410081 1260089138772
100.905846 37.746418 -0.18528697 -0.5926564 -9.793055 1.1445528 1260089138775
104.560555 44.359097 0.32397738 -0.5926564 -9.793055 1.1445528 1260089138787
104.560555 44.359097 0.32397738 -0.3805109 -9.494768 0.02834317 1260089138790
113.532524 33.241142 0.85777855 -0.3805109 -9.494768 0.02834317 1260089138795
113.532524 33.241142 0.85777855 -0.109508894 -8.971678 -1.2418094 1260089138806
125.6559 23.229084 1.3648896 -0.109508894 -8.971678 -1.2418094 1260089138814
125.6559 23.229084 1.3648896 0.17245959 -8.213912 -2.5070217 1260089138817
120.9231 14.167629 1.7966452 0.17245959 -8.213912 -2.5070217 1260089138826
120.9231 14.167629 1.7966452 0.40423575 -7.2652125 -3.7089734 1260089138833
117.32695 5.7092476 2.056813 0.40423575 -7.2652125 -3.7089734 1260089138847
117.32695 5.7092476 2.056813 0.55223525 -6.281545 -4.8508277 1260089138850
114.4606 -2.476215 2.1539724 0.55223525 -6.281545 -4.8508277 1260089138863
114.4606 -2.476215 2.1539724 0.6151988 -5.4437656 -5.9131155 1260089138870
111.88757 -10.702405 2.1462739 0.6151988 -5.4437656 -5.9131155 1260089138883
111.88757 -10.702405 2.1462739 0.6361962 -4.87874 -6.8616786 1260089138893
116.34319 -1.2672842 2.18896 0.6361962 -4.87874 -6.8616786 1260089138906
116.34319 -1.2672842 2.18896 0.66704 -4.6777067 -7.6191187 1260089138910
116.826035 6.29608 2.429512 0.66704 -4.6777067 -7.6191187 1260089138924
116.826035 6.29608 2.429512 0.7433318 -4.885121 -7.998178 1260089138930
117.134735 11.631276 2.7580364 0.7433318 -4.885121 -7.998178 1260089138951
117.134735 11.631276 2.7580364 0.84917885 -5.4539995 -7.910175 1260089138954
116.928 14.849712 3.0201344 0.84917885 -5.4539995 -7.910175 1260089138964
116.928 14.849712 3.0201344 0.9558627 -6.2777376 -7.287206 1260089138966
116.081604 17.057226 3.0691278 0.9558627 -6.2777376 -7.287206 1260089138987
116.081604 17.057226 3.0691278 1.0122652 -7.277533 -6.136271 1260089138990
114.92752 18.604364 2.9156713 1.0122652 -7.277533 -6.136271 1260089139004
114.92752 18.604364 2.9156713 0.97118616 -8.185797 -4.680581 1260089139011
113.431145 19.474146 2.6198878 0.97118616 -8.185797 -4.680581 1260089139023
113.431145 19.474146 2.6198878 0.82932746 -8.77624 -3.0654488 1260089139033
111.70959 19.800438 2.1888933 0.82932746 -8.77624 -3.0654488 1260089139045
111.70959 19.800438 2.1888933 0.6223739 -9.04841 -1.4398168 1260089139048
109.974106 19.710417 1.6794486 0.6223739 -9.04841 -1.4398168 1260089139062
109.974106 19.710417 1.6794486 0.39784622 -9.029117 -0.044609193 1260089139070
108.2754 19.324896 1.2454761 0.39784622 -9.029117 -0.044609193 1260089139090
108.2754 19.324896 1.2454761 0.2485606 -8.81806 1.0424819 1260089139093
106.96163 19.158651 1.0332023 0.2485606 -8.81806 1.0424819 1260089139103
106.96163 19.158651 1.0332023 0.19867662 -8.5930395 1.7653556 1260089139115
106.21355 19.50072 1.2315422 0.19867662 -8.5930395 1.7653556 1260089139126
106.21355 19.50072 1.2315422 0.23164688 -8.373822 2.1068099 1260089139130
107.25287 20.375683 2.869965 0.23164688 -8.373822 2.1068099 1260089139143
107.25287 20.375683 2.869965 0.39372396 -8.141048 2.1737669 1260089139151
111.89023 26.706898 5.176467 0.39372396 -8.141048 2.1737669 1260089139164
111.89023 26.706898 5.176467 0.6450827 -7.93081 1.9384093 1260089139173
117.545715 33.521553 6.9176435 0.6450827 -7.93081 1.9384093 1260089139184
117.545715 33.521553 6.9176435 0.9730868 -7.697714 1.4383266 1260089139187
123.86843 40.495476 8.271761 0.9730868 -7.697714 1.4383266 1260089139206
123.86843 40.495476 8.271761 1.3820761 -7.4129376 0.70037526 1260089139383
130.82501 47.4207 9.208173 1.3820761 -7.4129376 0.70037526 1260089139392
130.82501 47.4207 9.208173 1.8121581 -7.0654454 -0.2969211 1260089139396
138.18376 36.199665 9.947764 1.8121581 -7.0654454 -0.2969211 1260089139407
138.18376 36.199665 9.947764 2.2295892 -6.6502004 -1.4098399 1260089139413
146.32457 25.739681 10.500377 2.2295892 -6.6502004 -1.4098399 1260089139416
146.32457 25.739681 10.500377 2.6063993 -6.1624184 -2.5835667 1260089139419
155.10834 15.952697 10.875358 2.6063993 -6.1624184 -2.5835667 1260089139427
155.10834 15.952697 10.875358 2.9085255 -5.6166224 -3.781691 1260089139430
164.45293 6.755061 11.08159 2.9085255 -5.6166224 -3.781691 1260089139434
164.45293 6.755061 11.08159 3.1151853 -5.048402 -4.90016 1260089139439
174.03029 -1.9326923 11.17751 3.1151853 -5.048402 -4.90016 1260089139447
174.03029 -1.9326923 11.17751 3.2420483 -4.5031443 -5.8966465 1260089139451
183.22878 -10.236058 11.168634 3.2420483 -4.5031443 -5.8966465 1260089139473
183.22878 -10.236058 11.168634 3.312173 -4.0232863 -6.7438803 1260089139476
191.66734 -18.224255 11.160203 3.312173 -4.0232863 -6.7438803 1260089139486
191.66734 -18.224255 11.160203 3.3433783 -3.6341612 -7.417316 1260089139489
198.08397 -26.063042 11.152193 3.3433783 -3.6341612 -7.417316 1260089139495
198.08397 -26.063042 11.152193 3.3451016 -3.3720932 -7.901808 1260089139498
197.07977 -16.40989 11.144584 3.3451016 -3.3720932 -7.901808 1260089139508
197.07977 -16.40989 11.144584 3.2963436 -3.3451402 -8.123719 1260089139512
193.57579 -9.839395 10.987354 3.2963436 -3.3451402 -8.123719 1260089139515
193.57579 -9.839395 10.987354 3.2078004 -3.6688967 -7.9388638 1260089139528
189.497 -5.547425 10.587987 3.2078004 -3.6688967 -7.9388638 1260089139531
189.497 -5.547425 10.587987 3.0957625 -4.306759 -7.336934 1260089139535
185.12215 -2.4200535 10.108587 3.0957625 -4.306759 -7.336934 1260089139540
185.12215 -2.4200535 10.108587 2.970258 -5.116352 -6.3115435 1260089139546
180.51604 9.4914617E-4 9.603158 2.970258 -5.116352 -6.3115435 1260089139552
180.51604 9.4914617E-4 9.603158 2.8285553 -5.896362 -4.986017 1260089139555
175.59024 1.6509017 9.023 2.8285553 -5.896362 -4.986017 1260089139558
175.59024 1.6509017 9.023 2.6469476 -6.386757 -3.5388067 1260089139567
170.46072 2.6183567 8.32185 2.6469476 -6.386757 -3.5388067 1260089139578
170.46072 2.6183567 8.32185 2.4104047 -6.533916 -2.1448882 1260089139584
165.23769 2.987439 7.605757 2.4104047 -6.533916 -2.1448882 1260089139589
165.23769 2.987439 7.605757 2.1713874 -6.393138 -0.9507399 1260089139593
159.9758 2.738067 7.0254693 2.1713874 -6.393138 -0.9507399 1260089139598
159.9758 2.738067 7.0254693 1.9974403 -6.0448785 -0.037629817 1260089139604
154.52701 1.9011636 6.824196 1.9974403 -6.0448785 -0.037629817 1260089139616
154.52701 1.9011636 6.824196 1.9295762 -5.5900865 0.56150395 1260089139619
148.50066 0.70610535 7.332986 1.9295762 -5.5900865 0.56150395 1260089139625
148.50066 0.70610535 7.332986 1.9733869 -5.1273885 0.96791786 1260089139627
