235.08673 -15.859465 55.76502 7.1415677 -1.1800454 4.545684 1260089116112
235.08673 -15.859465 55.76502 7.1277223 -1.0005031 4.201265 1260089116115
237.8324 -23.166492 55.92677 7.1277223 -1.0005031 4.201265 1260089116118
237.8324 -23.166492 55.92677 7.1036725 -0.8299378 3.8298006 1260089116121
240.39078 -30.208168 55.78043 7.1036725 -0.8299378 3.8298006 1260089116124
240.39078 -30.208168 55.78043 7.055628 -0.6822022 3.4346864 1260089116127
243.62123 -36.697758 55.341408 7.055628 -0.6822022 3.4346864 1260089116130
243.62123 -36.697758 55.341408 6.9881926 -0.5118886 3.0320873 1260089116140
247.54018 -42.41287 54.92434 6.9881926 -0.5118886 3.0320873 1260089116164
247.54018 -42.41287 54.92434 6.903699 -0.30786765 2.7088666 1260089116169
235.36317 -46.842224 53.978123 6.903699 -0.30786765 2.7088666 1260089116180
235.36317 -46.842224 53.978123 6.703571 -0.108599566 2.5039594 1260089116183
227.54501 -47.45011 51.329216 6.703571 -0.108599566 2.5039594 1260089116186
227.54501 -47.45011 51.329216 6.3724785 0.041206095 2.4659317 1260089116189
221.46776 -45.727608 46.812756 6.3724785 0.041206095 2.4659317 1260089116192
221.46776 -45.727608 46.812756 5.8938155 0.09567024 2.534682 1260089116208
215.74437 -42.991226 41.572117 5.8938155 0.09567024 2.534682 1260089116215
215.74437 -42.991226 41.572117 5.330804 0.04253449 2.567306 1260089116221
209.05714 -39.241665 36.643513 5.330804 0.04253449 2.567306 1260089116226
209.05714 -39.241665 36.643513 4.9096727 -0.056977723 2.4655004 1260089116229
206.15428 -29.579582 35.711338 4.9096727 -0.056977723 2.4655004 1260089116234
206.15428 -29.579582 35.711338 4.746592 -0.17126383 2.1113605 1260089116237
207.29657 -19.550602 35.975773 4.746592 -0.17126383 2.1113605 1260089116257
207.29657 -19.550602 35.975773 4.9921036 -0.2825597 1.4677888 1260089116260
209.23174 -9.773071 36.476986 4.9921036 -0.2825597 1.4677888 1260089116272
209.23174 -9.773071 36.476986 5.6148815 -0.3630931 0.55198085 1260089116276
211.27014 -0.43441734 36.953136 5.6148815 -0.3630931 0.55198085 1260089116292
211.27014 -0.43441734 36.953136 6.4734797 -0.4287036 -0.5611599 1260089116295
213.25664 8.437304 37.45548 6.4734797 -0.4287036 -0.5611599 1260089116312
213.25664 8.437304 37.45548 7.4614453 -0.49103355 -1.7378217 1260089116316
215.04381 16.865438 37.982704 7.4614453 -0.49103355 -1.7378217 1260089116332
215.04381 16.865438 37.982704 8.350298 -0.5611433 -2.803212 1260089116335
216.39162 24.772167 38.383568 8.350298 -0.5611433 -2.803212 1260089116352
216.39162 24.772167 38.383568 8.94137 -0.6556693 -3.6157947 1260089116355
217.22203 32.13356 38.61439 8.94137 -0.6556693 -3.6157947 1260089116372
217.22203 32.13356 38.61439 9.152164 -0.7536411 -4.131005 1260089116375
216.71092 38.87688 38.08367 9.152164 -0.7536411 -4.131005 1260089116392
216.71092 38.87688 38.08367 8.915887 -0.8221978 -4.332384 1260089116395
222.22537 45.133038 32.87949 8.915887 -0.8221978 -4.332384 1260089116412
222.22537 45.133038 32.87949 8.223564 -0.8566808 -4.1947627 1260089116415
216.7641 42.676384 27.885515 8.223564 -0.8566808 -4.1947627 1260089116432
216.7641 42.676384 27.885515 7.2573566 -0.7763908 -3.7514355 1260089116436
211.5259 40.142563 23.541239 7.2573566 -0.7763908 -3.7514355 1260089116452
211.5259 40.142563 23.541239 6.180783 -0.62860847 -3.1504862 1260089116455
206.4996 37.735435 19.464176 6.180783 -0.62860847 -3.1504862 1260089116472
206.4996 37.735435 19.464176 5.149865 -0.47731897 -2.565283 1260089116475
201.62462 35.598663 15.540967 5.149865 -0.47731897 -2.565283 1260089116492
201.62462 35.598663 15.540967 4.432004 -0.4023767 -2.164612 1260089116495
194.34338 40.96873 12.113918 4.432004 -0.4023767 -2.164612 1260089116512
194.34338 40.96873 12.113918 4.0946307 -0.46874708 -2.0604675 1260089116516
194.22621 46.720295 13.508223 4.0946307 -0.46874708 -2.0604675 1260089116532
194.22621 46.720295 13.508223 4.2113395 -0.64757186 -2.2822895 1260089116535
195.51491 52.63428 15.282811 4.2113395 -0.64757186 -2.2822895 1260089116558
195.51491 52.63428 15.282811 4.773046 -0.87261784 -2.794711 1260089116561
197.73917 58.602566 17.06867 4.773046 -0.87261784 -2.794711 1260089116572
197.73917 58.602566 17.06867 5.598143 -1.0312492 -3.5055664 1260089116575
200.3522 64.42244 18.815237 5.598143 -1.0312492 -3.5055664 1260089116592
200.3522 64.42244 18.815237 6.5883336 -1.1213384 -4.308229 1260089116595
203.1846 70.051315 20.524475 6.5883336 -1.1213384 -4.308229 1260089116612
203.1846 70.051315 20.524475 7.514713 -1.1599329 -5.0237684 1260089116615
205.87537 75.39875 22.248251 7.514713 -1.1599329 -5.0237684 1260089116633
205.87537 75.39875 22.248251 8.227924 -1.1639088 -5.5346384 1260089116837
208.13159 80.47881 23.985838 8.227924 -1.1639088 -5.5346384 1260089116840
208.13159 80.47881 23.985838 8.666438 -1.1649619 -5.8149786 1260089116844
210.12502 85.30487 25.736546 8.666438 -1.1649619 -5.8149786 1260089116847
210.12502 85.30487 25.736546 8.762948 -1.1441698 -5.8381786 1260089116854
212.76877 72.28963 27.89972 8.762948 -1.1441698 -5.8381786 1260089116867
212.76877 72.28963 27.89972 8.520934 -1.0692549 -5.6198196 1260089116871
207.33034 67.32514 24.804733 8.520934 -1.0692549 -5.6198196 1260089116874
207.33034 67.32514 24.804733 7.960046 -0.90682936 -5.1740227 1260089116879
202.31383 62.908886 21.264496 7.960046 -0.90682936 -5.1740227 1260089116885
202.31383 62.908886 21.264496 7.140494 -0.65105355 -4.5652785 1260089116891
197.64813 58.813442 17.60127 7.140494 -0.65105355 -4.5652785 1260089116894
197.64813 58.813442 17.60127 6.1787257 -0.3692485 -3.9318092 1260089116898
193.26573 54.97277 13.821207 6.1787257 -0.3692485 -3.9318092 1260089116905
193.26573 54.97277 13.821207 5.2119265 -0.11583508 -3.4049253 1260089116908
189.25244 51.474133 9.730146 5.2119265 -0.11583508 -3.4049253 1260089116915
189.25244 51.474133 9.730146 4.3854046 0.05340085 -3.0698729 1260089116918
187.43982 40.200424 5.4436393 4.3854046 0.05340085 -3.0698729 1260089116926
187.43982 40.200424 5.4436393 3.8446941 0.08818676 -2.9899292 1260089116930
186.96783 46.590405 5.771457 3.8446941 0.08818676 -2.9899292 1260089116934
186.96783 46.590405 5.771457 3.7314575 0.0027363573 -3.201372 1260089116945
189.11945 52.610886 7.4828844 3.7314575 0.0027363573 -3.201372 1260089116952
189.11945 52.610886 7.4828844 4.09719 -0.18876635 -3.6705635 1260089116955
191.36348 58.280342 9.50874 4.09719 -0.18876635 -3.6705635 1260089116958
191.36348 58.280342 9.50874 4.850522 -0.49736315 -4.2906356 1260089116972
193.44531 63.566326 11.683304 4.850522 -0.49736315 -4.2906356 1260089116975
193.44531 63.566326 11.683304 5.8474474 -0.8920017 -4.92397 1260089116985
195.37305 68.53801 13.949139 5.8474474 -0.8920017 -4.92397 1260089116988
195.37305 68.53801 13.949139 6.9055324 -1.3111744 -5.4153137 1260089116994
197.0044 73.21111 16.301682 6.9055324 -1.3111744 -5.4153137 1260089116997
197.0044 73.21111 16.301682 7.8024316 -1.6869149 -5.6662073 1260089117000
198.55417 77.70056 18.736597 7.8024316 -1.6869149 -5.6662073 1260089117008
198.55417 77.70056 18.736597 8.437242 -1.9396728 -5.735664 1260089117012
200.27646 82.06554 21.149767 8.437242 -1.9396728 -5.735664 1260089117019
200.27646 82.06554 21.149767 8.706612 -2.031331 -5.6797457 1260089117023
202.36264 86.46226 23.292278 8.706612 -2.031331 -5.6797457 1260089117026
202.36264 86.46226 23.292278 8.500784 -1.9753927 -5.499273 1260089117029
197.34451 80.83914 19.177664 8.500784 -1.9753927 -5.499273 1260089117042
197.34451 80.83914 19.177664 7.8598623 -1.7676603 -5.1562076 1260089117045
192.57729 75.89719 15.068781 7.8598623 -1.7676603 -5.1562076 1260089117057
192.57729 75.89719 15.068781 6.8839183 -1.474291 -4.6784286 1260089117060
188.14842 71.30233 11.015342 6.8839183 -1.474291 -4.6784286 1260089117072
188.14842 71.30233 11.015342 5.7708535 -1.1656255 -4.1857204 1260089117075
184.041 66.93721 7.0145745 5.7708535 -1.1656255 -4.1857204 1260089117092
184.041 66.93721 7.0145745 4.782906 -0.90235794 -3.803456 1260089117096
181.73895 54.99035 3.0138457 4.782906 -0.90235794 -3.803456 1260089117112
181.73895 54.99035 3.0138457 4.205976 -0.8088878 -3.7031775 1260089117115
183.15201 60.540833 4.1131535 4.205976 -0.8088878 -3.7031775 1260089117132
183.15201 60.540833 4.1131535 4.2422056 -0.9128191 -4.0342298 1260089117136
185.9944 65.91379 5.9574957 4.2422056 -0.9128191 -4.0342298 1260089117162
185.9944 65.91379 5.9574957 4.79624 -1.1103014 -4.688557 1260089117166
189.09468 71.0681 8.109621 4.79624 -1.1103014 -4.688557 1260089117183
189.09468 71.0681 8.109621 5.7175627 -1.3476238 -5.421174 1260089117186
192.23994 75.96469 10.45414 5.7175627 -1.3476238 -5.421174 1260089117202
192.23994 75.96469 10.45414 6.6513867 -1.5621839 -5.953716 1260089117205
195.32794 80.616455 13.331432 6.6513867 -1.5621839 -5.953716 1260089117222
195.32794 80.616455 13.331432 7.2524924 -1.6836127 -5.969979 1260089117225
193.16154 77.18563 15.614861 7.2524924 -1.6836127 -5.969979 1260089117251
193.16154 77.18563 15.614861 7.3863297 -1.7220151 -5.401797 1260089117254
187.75346 73.22635 14.634117 7.3863297 -1.7220151 -5.401797 1260089117272
187.75346 73.22635 14.634117 6.968661 -1.6127598 -4.432983 1260089117276
182.71579 69.215034 12.452412 6.968661 -1.6127598 -4.432983 1260089117292
182.71579 69.215034 12.452412 6.157136 -1.4095387 -3.3886647 1260089117296
178.03 65.35429 9.579791 6.157136 -1.4095387 -3.3886647 1260089117312
178.03 65.35429 9.579791 5.2023125 -1.2110305 -2.5899713 1260089117316
173.6285 61.88657 5.6508017 5.2023125 -1.2110305 -2.5899713 1260089117332
173.6285 61.88657 5.6508017 4.359246 -1.1021267 -2.240504 1260089117336
181.44707 67.192245 3.7682614 4.359246 -1.1021267 -2.240504 1260089117352
181.44707 67.192245 3.7682614 3.9036083 -1.1416818 -2.489418 1260089117355
184.42471 72.53263 4.5298486 3.9036083 -1.1416818 -2.489418 1260089117372
184.42471 72.53263 4.5298486 4.0019464 -1.173811 -3.1991935 1260089117375
189.30348 59.956 6.003356 4.0019464 -1.173811 -3.1991935 1260089117392
189.30348 59.956 6.003356 4.5652695 -1.0837936 -4.183343 1260089117395
194.43831 48.1582 7.753188 4.5652695 -1.0837936 -4.183343 1260089117412
194.43831 48.1582 7.753188 5.4348063 -0.90429676 -5.234058 1260089117415
199.06639 36.85029 9.765529 5.4348063 -0.90429676 -5.234058 1260089117432
199.06639 36.85029 9.765529 6.2799344 -0.7998334 -5.989114 1260089117627
202.46307 43.757774 12.077252 6.2799344 -0.7998334 -5.989114 1260089117631
202.46307 43.757774 12.077252 6.718462 -0.8436069 -6.191568 1260089117634
199.33992 42.869884 14.22339 6.718462 -0.8436069 -6.191568 1260089117636
199.33992 42.869884 14.22339 6.622938 -0.9294578 -5.773027 1260089117639
193.57292 41.17639 12.41222 6.622938 -0.9294578 -5.773027 1260089117658
193.57292 41.17639 12.41222 6.048668 -0.9858185 -4.8857613 1260089117666
187.99428 39.067574 10.041609 6.048668 -0.9858185 -4.8857613 1260089117670
187.99428 39.067574 10.041609 5.208231 -0.91609704 -3.8794148 1260089117674
182.59456 36.714195 7.3895283 5.208231 -0.91609704 -3.8794148 1260089117679
182.59456 36.714195 7.3895283 4.4064107 -0.75860536 -3.1222427 1260089117685
177.26483 34.628487 4.0700517 4.4064107 -0.75860536 -3.1222427 1260089117691
177.26483 34.628487 4.0700517 3.942967 -0.6975205 -2.8210738 1260089117694
179.70158 40.947063 5.5665493 3.942967 -0.6975205 -2.8210738 1260089117697
179.70158 40.947063 5.5665493 3.9807696 -0.798848 -3.0075893 1260089117706
183.26651 47.19971 7.438222 3.9807696 -0.798848 -3.0075893 1260089117712
183.26651 47.19971 7.438222 4.4927135 -1.0163301 -3.5750022 1260089117715
187.30318 53.239727 9.366311 4.4927135 -1.0163301 -3.5750022 1260089117718
187.30318 53.239727 9.366311 5.362473 -1.2801436 -4.3878136 1260089117726
191.43802 59.02774 11.347996 5.362473 -1.2801436 -4.3878136 1260089117732
191.43802 59.02774 11.347996 6.367171 -1.5341716 -5.2376204 1260089117735
195.31612 64.576355 13.280596 6.367171 -1.5341716 -5.2376204 1260089117738
195.31612 64.576355 13.280596 7.1629567 -1.7148876 -5.8896646 1260089117751
198.85031 69.89754 15.066566 7.1629567 -1.7148876 -5.8896646 1260089117755
198.85031 69.89754 15.066566 7.6267967 -1.8007596 -6.279604 1260089117765
202.0578 75.05266 16.363237 7.6267967 -1.8007596 -6.279604 1260089117771
202.0578 75.05266 16.363237 7.6363606 -1.7863145 -6.401475 1260089117774
201.1049 63.550026 13.395076 7.6363606 -1.7863145 -6.401475 1260089117777
201.1049 63.550026 13.395076 7.1305976 -1.6186818 -6.190364 1260089117785
195.29965 59.122524 9.875321 7.1305976 -1.6186818 -6.190364 1260089117795
195.29965 59.122524 9.875321 6.269434 -1.2803231 -5.6744976 1260089117798
189.58467 55.216396 6.631555 6.269434 -1.2803231 -5.6744976 1260089117803
189.58467 55.216396 6.631555 5.203438 -0.9125732 -4.9576454 1260089117806
183.95544 51.855576 3.5999773 5.203438 -0.9125732 -4.9576454 1260089117809
183.95544 51.855576 3.5999773 4.1600957 -0.6646824 -4.1799316 1260089117817
178.30768 49.5128 0.81997824 4.1600957 -0.6646824 -4.1799316 1260089117825
178.30768 49.5128 0.81997824 3.4358797 -0.6879727 -3.571178 1260089117828
174.69229 51.33716 0.5789793 3.4358797 -0.6879727 -3.571178 1260089117831
174.69229 51.33716 0.5789793 3.237526 -1.0567364 -3.385809 1260089117834
175.50768 55.6703 2.2500303 3.237526 -1.0567364 -3.385809 1260089117852
175.50768 55.6703 2.2500303 3.5891368 -1.6188582 -3.6659899 1260089117855
178.48228 60.536785 4.3375287 3.5891368 -1.6188582 -3.6659899 1260089117868
178.48228 60.536785 4.3375287 4.3848968 -2.1828387 -4.2753944 1260089117872
182.25816 65.50995 6.4706526 4.3848968 -2.1828387 -4.2753944 1260089117892
182.25816 65.50995 6.4706526 5.343812 -2.630769 -5.0286694 1260089117895
186.44525 70.48445 8.59712 5.343812 -2.630769 -5.0286694 1260089117912
186.44525 70.48445 8.59712 6.1853175 -2.8853674 -5.6584725 1260089117916
190.82298 75.36023 10.917264 6.1853175 -2.8853674 -5.6584725 1260089117932
190.82298 75.36023 10.917264 6.779081 -2.9706018 -5.955095 1260089117935
195.18184 80.04222 13.821401 6.779081 -2.9706018 -5.955095 1260089117957
195.18184 80.04222 13.821401 7.0979896 -2.958275 -5.8664126 1260089117959
200.87274 76.49011 16.630331 7.0979896 -2.958275 -5.8664126 1260089117972
200.87274 76.49011 16.630331 7.183708 -2.880506 -5.4307594 1260089117976
193.5291 72.76561 17.098814 7.183708 -2.880506 -5.4307594 1260089117995
193.5291 72.76561 17.098814 7.05675 -2.754187 -4.67638 1260089117998
187.25264 69.12733 16.193872 7.05675 -2.754187 -4.67638 1260089118012
187.25264 69.12733 16.193872 6.68893 -2.6178398 -3.6335125 1260089118015
181.59001 65.72096 14.534179 6.68893 -2.6178398 -3.6335125 1260089118032
181.59001 65.72096 14.534179 6.0446205 -2.5019302 -2.4296298 1260089118036
176.31052 62.484913 12.45747 6.0446205 -2.5019302 -2.4296298 1260089118055
176.31052 62.484913 12.45747 5.1873603 -2.3972642 -1.2083051 1260089118059
171.29498 59.460667 9.934596 5.1873603 -2.3972642 -1.2083051 1260089118072
171.29498 59.460667 9.934596 4.208838 -2.314857 -0.2169391 1260089118075
166.43024 56.687634 6.7378664 4.208838 -2.314857 -0.2169391 1260089118092
166.43024 56.687634 6.7378664 3.296267 -2.2610867 0.29309362 1260089118095
158.85872 62.553253 2.950973 3.296267 -2.2610867 0.29309362 1260089118112
158.85872 62.553253 2.950973 2.7711954 -2.1909366 0.14972666 1260089118115
165.26578 50.42559 3.1034243 2.7711954 -2.1909366 0.14972666 1260089118132
165.26578 50.42559 3.1034243 2.7034614 -2.0827518 -0.55375946 1260089118137
172.3525 39.10431 4.2482533 2.7034614 -2.0827518 -0.55375946 1260089118157
172.3525 39.10431 4.2482533 3.103568 -1.8975731 -1.6340867 1260089118160
179.33487 28.399094 5.6858406 3.103568 -1.8975731 -1.6340867 1260089118176
179.33487 28.399094 5.6858406 3.784679 -1.6583188 -2.8483584 1260089118179
185.56813 18.129139 7.1515484 3.784679 -1.6583188 -2.8483584 1260089118197
185.56813 18.129139 7.1515484 4.3343487 -1.5107062 -3.7642415 1260089118200
189.98973 25.972681 8.593971 4.3343487 -1.5107062 -3.7642415 1260089118212
189.98973 25.972681 8.593971 4.536457 -1.5025916 -4.1392307 1260089118216
185.44025 28.074047 8.314273 4.536457 -1.5025916 -4.1392307 1260089118400
185.44025 28.074047 8.314273 4.3191686 -1.6018025 -3.8614433 1260089118404
179.76823 27.520346 6.548559 4.3191686 -1.6018025 -3.8614433 1260089118409
179.76823 27.520346 6.548559 3.7681496 -1.7294227 -3.0554554 1260089118418
174.22983 26.594328 4.7211313 3.7681496 -1.7294227 -3.0554554 1260089118422
174.22983 26.594328 4.7211313 3.0887287 -1.7982235 -2.052092 1260089118425
168.76834 25.61461 2.7850747 3.0887287 -1.7982235 -2.052092 1260089118430
168.76834 25.61461 2.7850747 2.456899 -1.8111459 -1.2398673 1260089118438
163.22992 24.88388 0.49582088 2.456899 -1.8111459 -1.2398673 1260089118444
163.22992 24.88388 0.49582088 1.9601754 -1.8268273 -0.79446113 1260089118446
157.76842 25.139687 -1.6789702 1.9601754 -1.8268273 -0.79446113 1260089118455
157.76842 25.139687 -1.6789702 1.6660336 -1.8798616 -0.60150915 1260089118458
155.58 29.132702 -0.8450217 1.6660336 -1.8798616 -0.60150915 1260089118463
155.58 29.132702 -0.8450217 1.6481097 -2.0262678 -0.57279575 1260089118467
158.601 34.476067 1.4472294 1.6481097 -2.0262678 -0.57279575 1260089118470
158.601 34.476067 1.4472294 1.9818058 -2.3308408 -0.6449465 1260089118478
164.17094 40.002262 3.9248679 1.9818058 -2.3308408 -0.6449465 1260089118482
164.17094 40.002262 3.9248679 2.676782 -2.809508 -0.87693393 1260089118487
169.9624 45.45215 6.2786245 2.676782 -2.809508 -0.87693393 1260089118500
169.9624 45.45215 6.2786245 3.640743 -3.3990834 -1.3465743 1260089118504
175.71428 50.82954 8.514693 3.640743 -3.3990834 -1.3465743 1260089118507
175.71428 50.82954 8.514693 4.7451477 -3.9734812 -2.0331318 1260089118515
181.22856 56.188065 10.538959 4.7451477 -3.9734812 -2.0331318 1260089118519
181.22856 56.188065 10.538959 5.8140817 -4.4115586 -2.856978 1260089118524
186.51714 61.47866 12.412011 5.8140817 -4.4115586 -2.856978 1260089118527
186.51714 61.47866 12.412011 6.712434 -4.676546 -3.6838977 1260089118535
191.54128 66.70473 14.04141 6.712434 -4.676546 -3.6838977 1260089118538
191.54128 66.70473 14.04141 7.390847 -4.7934427 -4.44155 1260089118542
196.2642 71.81949 15.389339 7.390847 -4.7934427 -4.44155 1260089118549
196.2642 71.81949 15.389339 7.809923 -4.7778254 -5.106157 1260089118561
201.00099 76.978516 16.319872 7.809923 -4.7778254 -5.106157 1260089118564
201.00099 76.978516 16.319872 7.990801 -4.6363196 -5.6905437 1260089118574
206.10094 64.12959 16.803879 7.990801 -4.6363196 -5.6905437 1260089118579
206.10094 64.12959 16.803879 7.9739923 -4.4058657 -6.184419 1260089118582
211.79588 52.073112 16.763685 7.9739923 -4.4058657 -6.184419 1260089118587
211.79588 52.073112 16.763685 7.7795978 -4.1515217 -6.5650687 1260089118595
219.15608 40.569458 16.125502 7.7795978 -4.1515217 -6.5650687 1260089118598
219.15608 40.569458 16.125502 7.4253497 -3.923515 -6.769371 1260089118606
209.54828 46.590984 13.619226 7.4253497 -3.923515 -6.769371 1260089118617
209.54828 46.590984 13.619226 6.885871 -3.824725 -6.6590433 1260089118621
202.87086 46.361435 10.838265 6.885871 -3.824725 -6.6590433 1260089118639
202.87086 46.361435 10.838265 6.284153 -3.8909132 -6.200103 1260089118643
196.82732 46.143364 9.046352 6.284153 -3.8909132 -6.200103 1260089118653
196.82732 46.143364 9.046352 5.676427 -4.1655884 -5.4569707 1260089118657
191.08595 45.886196 7.644035 5.676427 -4.1655884 -5.4569707 1260089118676
191.08595 45.886196 7.644035 5.1161127 -4.5252776 -4.585508 1260089118679
185.68166 45.591885 6.711833 5.1161127 -4.5252776 -4.585508 1260089118700
185.68166 45.591885 6.711833 4.697544 -4.850638 -3.710628 1260089118703
