252.00923 0.6135733 78.00081 1260089100162
253.95877 -0.16710535 77.75077 1260089100169
254.61084 -0.4087501 77.963234 1260089100217
255.1803 -0.6383126 78.265076 1260089100236
253.57129 0.04360309 78.151825 1260089100265
252.24272 0.591423 78.19424 1260089100309
251.73059 0.71185184 78.584526 1260089100323
250.89406 0.9262592 78.8553 1260089100334
250.59935 -8.120053 79.36253 1260089100344
250.31938 -16.71405 79.79441 1260089100356
250.0534 -24.778349 80.15469 1260089100362
250.00073 -32.33943 80.39696 1260089100375
249.9007 -39.52246 80.57711 1260089100386
249.75566 -46.346336 80.69826 1260089100404
249.76788 -52.72902 80.61334 1260089100415
250.2795 -58.592567 80.28268 1260089100621
251.26552 -63.96294 79.66854 1260089100640
254.00224 -68.414795 78.235115 1260089100654
242.10213 -71.54405 75.42336 1260089100670
233.99702 -73.66685 71.15219 1260089100681
228.14717 -76.5835 65.54458 1260089100689
222.9898 -79.90433 59.617348 1260089100701
220.44032 -84.709114 52.98648 1260089100707
211.9683 -73.473656 47.987156 1260089100718
209.36989 -62.799973 48.0378 1260089100727
207.2014 -58.509975 48.83591 1260089100738
205.39133 -54.834476 49.894115 1260089100744
205.17177 -43.79275 51.19941 1260089100762
205.01318 -33.553112 52.08944 1260089100770
205.01253 -23.975456 52.484966 1260089100779
205.2119 -14.776684 52.56072 1260089100787
205.5013 -5.937849 52.48268 1260089100799
205.77623 2.5590432 52.25855 1260089100816
206.18742 10.7310915 51.94562 1260089100823
206.07805 18.394537 51.398342 1260089100835
201.07414 24.92481 49.178425 1260089100844
197.27043 23.728569 43.119503 1260089100855
193.50691 22.24214 37.763527 1260089100864
189.93156 20.730032 32.77535 1260089100869
186.58499 19.34353 27.93658 1260089100884
183.45575 18.276354 22.93975 1260089100900
174.83296 24.612535 20.042763 1260089100906
175.19131 31.131908 20.790625 1260089100917
176.78175 37.625313 21.901093 1260089100928
178.74266 43.844048 23.056038 1260089100943
180.75552 49.801846 24.353235 1260089100957
182.51775 55.411755 25.685574 1260089100973
183.69186 60.641167 26.951294 1260089100984
183.75726 65.25911 27.70373 1260089100998
181.4194 61.946156 21.868544 1260089101019
178.34843 57.998848 17.525116 1260089101037
175.38101 54.098904 13.59886 1260089101053
172.56197 50.39396 9.768917 1260089101075
170.03387 47.07426 5.680471 1260089101097
175.38219 53.32055 2.6964474 1260089101119
175.31308 58.404522 3.7116249 1260089101133
176.94743 63.434296 5.4260435 1260089101156
179.00006 68.26258 7.4047413 1260089101174
181.25006 72.84945 9.584504 1260089101361
183.13756 77.10698 12.005279 1260089101368
184.38068 81.00163 14.605015 1260089101385
184.41164 78.20155 16.974764 1260089101397
180.19106 74.39147 16.376026 1260089101404
176.0815 69.7719 13.707225 1260089101415
172.32742 65.3333 10.671864 1260089101423
169.01105 61.216633 7.33827 1260089101434
166.11049 57.705803 3.4713566 1260089101443
174.35497 62.920513 0.74778885 1260089101449
173.78722 67.674484 1.6103995 1260089101462
176.09785 72.59076 3.2798796 1260089101481
179.24297 77.46122 5.3158855 1260089101489
182.48082 82.13816 7.7000914 1260089101500
185.10678 86.43125 10.315086 1260089101516
186.30144 90.10969 13.099332 1260089101525
183.68637 87.05421 14.394365 1260089101537
179.55205 82.251495 11.724647 1260089101544
175.87445 77.08892 8.438415 1260089101562
172.58073 72.08447 4.966494 1260089101575
169.6017 67.23025 1.5181693 1260089101596
168.82161 56.118736 -1.3077391 1260089101614
171.73053 61.6128 0.5076478 1260089101641
174.194 66.43216 2.8822656 1260089101654
176.5343 70.86055 5.288152 1260089101676
178.6576 74.96752 7.623745 1260089101698
180.22472 78.71915 9.842558 1260089101713
181.36348 82.13319 12.00043 1260089101735
181.39531 84.976524 13.650409 1260089101757
177.17554 79.6277 9.867888 1260089101779
173.16676 74.09631 6.624494 1260089101793
169.40843 68.7915 3.5932693 1260089101814
165.63802 63.80192 0.7636058 1260089101838
161.75612 59.461826 -1.8745747 1260089101854
163.11832 63.488735 0.519154 1260089101874
165.4624 67.6643 3.0431962 1260089101896
168.28928 71.831085 5.5410366 1260089101919
171.42482 75.93953 7.963985 1260089101933
174.35358 79.892555 10.315785 1260089102105
176.9859 83.69793 12.549996 1260089102116
179.33661 87.313034 14.522496 1260089102124
174.81978 80.84738 11.396371 1260089102130
170.22879 74.75501 8.726552 1260089102142
165.46735 68.517265 6.9902244 1260089102153
158.24397 62.8414 8.540713 1260089102162
164.23178 50.69933 12.413678 1260089102170
168.97018 56.714363 15.742994 1260089102185
173.47168 54.328644 19.005844 1260089102199
181.3981 51.56221 20.905552 1260089102208
176.2782 48.4341 20.360273 1260089102219
171.7143 45.362396 18.49226 1260089102226
167.57858 42.444275 15.917647 1260089102241
163.84966 39.82206 12.521765 1260089102248
160.40717 28.880957 7.6456766 1260089102260
169.0868 35.93691 6.2133927 1260089102278
170.13246 42.640064 6.452723 1260089102300
174.17584 49.20806 7.380087 1260089102313
178.86705 55.547657 8.661082 1260089102336
183.2237 61.570274 10.178028 1260089102358
186.96251 67.09176 11.969127 1260089102373
187.81438 65.13717 14.470671 1260089102395
182.87366 62.63031 13.447137 1260089102416
177.92998 59.848793 11.82478 1260089102438
173.08348 56.956352 9.933541 1260089102453
168.27931 54.208534 7.736864 1260089102472
163.51535 52.298107 5.3000207 1260089102498
161.33958 54.6832 5.0850196 1260089102514
163.3226 58.749043 6.7307687 1260089102533
167.55647 63.21159 9.094231 1260089102556
172.87865 67.60101 11.639519 1260089102579
178.53471 71.82096 14.157543 1260089102595
183.70798 75.72991 16.449665 1260089102614
188.17258 79.39342 18.477182 1260089102637
191.76395 82.87375 20.253323 1260089102654
194.92575 86.28006 21.840656 1260089102673
197.47946 89.61606 23.198624 1260089102696
199.40549 92.885254 24.188692 1260089102881
201.03522 96.190994 24.779257 1260089102897
202.18346 99.53145 24.940294 1260089102904
203.12428 102.95488 24.74328 1260089102909
200.06807 105.80714 23.856117 1260089102918
194.01466 107.21678 21.113312 1260089102925
189.26393 103.25594 17.507647 1260089102933
184.85074 99.043144 14.332264 1260089102940
180.5582 94.69099 11.41565 1260089102946
