217.31451 9.289173 14.267137 1260089152536
217.04878 10.174714 14.35378 1260089152545
216.19635 11.615978 14.486091 1260089152580
215.13654 13.3851795 14.861786 1260089152594
213.87971 15.315921 15.518697 1260089152603
212.23573 17.300125 16.392761 1260089152616
211.42395 22.93512 17.473124 1260089152627
211.55275 29.338364 18.049467 1260089152641
214.47511 36.621445 17.946993 1260089152660
221.35136 26.040373 17.549643 1260089152674
212.5838 16.188354 17.02216 1260089152696
205.7046 6.8289366 16.32105 1260089152714
211.16937 15.38749 15.154998 1260089152734
201.1109 21.868116 12.897248 1260089152754
193.20535 23.47471 10.552385 1260089152777
186.84508 24.450975 8.674766 1260089152799
181.45282 24.628428 7.0910273 1260089152813
176.88017 24.047007 5.586476 1260089152836
172.93616 22.494656 4.107152 1260089152857
169.98935 18.769922 2.1517944 1260089152872
165.43988 9.681425 2.0442047 1260089152892
174.61789 0.59735346 2.3419945 1260089152911
182.03699 -8.082515 2.7748947 1260089152932
188.93513 -16.32839 3.23615 1260089152953
195.03838 -24.211971 3.7243426 1260089152972
197.88646 -14.051373 4.1881256 1260089152997
196.94214 -5.048804 4.6787195 1260089153012
194.44504 2.5536363 5.2447834 1260089153032
191.47278 8.075954 5.782544 1260089153052
187.79913 11.022157 5.943417 1260089153072
183.70918 12.921049 5.946246 1260089153094
179.37372 14.174996 5.898934 1260089153281
175.00504 15.016247 5.853987 1260089153298
170.40479 15.265434 5.911288 1260089153305
165.68454 15.152163 6.1157236 1260089153319
161.20032 14.844555 6.4599376 1260089153326
157.2903 14.552327 6.986941 1260089153337
154.12578 14.424711 7.587594 1260089153346
151.81949 14.703476 8.158215 1260089153357
149.8285 15.418303 8.050303 1260089153363
147.58708 16.197388 6.647788 1260089153379
145.45773 16.68752 4.3153987 1260089153395
143.58484 16.953144 1.5496289 1260089153404
141.9556 17.155487 -1.4778526 1260089153415
140.50781 17.397713 -4.6539598 1260089153424
148.68242 24.377827 -7.7712617 1260089153437
156.3983 30.958935 -10.532699 1260089153448
164.02838 37.210987 -12.906064 1260089153460
171.92696 43.00044 -14.860761 1260089153473
180.1806 48.250416 -16.467722 1260089153484
188.97157 52.887894 -17.594336 1260089153498
180.373 57.0435 -18.16462 1260089153518
172.80435 61.191322 -18.456388 1260089153534
166.86414 65.53175 -18.333569 1260089153553
161.97093 70.20517 -18.01689 1260089153576
155.67238 75.19491 -17.766045 1260089153598
149.48875 79.88516 -17.577742 1260089153614
143.31432 84.14091 -17.548855 1260089153634
137.9486 87.983864 -17.421412 1260089153658
134.25116 91.43467 -16.850342 1260089153674
132.9386 94.71294 -15.607824 1260089153693
131.99167 97.87729 -13.727433 1260089153716
129.84209 100.533424 -11.641062 1260089153736
127.39999 102.556755 -9.659009 1260089153754
124.57999 103.72892 -7.9760585 1260089153774
121.60099 103.79247 -6.8272557 1260089153797
119.07094 101.752846 -6.335893 1260089153814
117.31739 98.7152 -6.3690987 1260089153833
116.15152 95.17944 -6.800644 1260089153855
115.34394 91.67047 -7.610612 1260089154026
114.37675 88.53695 -8.980082 1260089154041
110.85791 85.7601 -10.981077 1260089154049
121.21501 83.0721 -13.332024 1260089154062
130.50426 86.51849 -15.565422 1260089154073
139.32904 89.99257 -17.48715 1260089154082
148.06259 93.44294 -19.062792 1260089154088
157.30946 96.6208 -20.209652 1260089154099
149.74399 99.33976 -20.79917 1260089154109
144.3568 101.62277 -20.859211 1260089154122
140.78896 103.64163 -20.51625 1260089154137
138.94951 105.60955 -19.790438 1260089154145
138.15204 107.47907 -18.900915 1260089154162
137.59444 109.15512 -17.95587 1260089154177
137.31471 110.59737 -16.858076 1260089154184
136.39897 111.7175 -15.715172 1260089154197
134.47902 112.38162 -14.579413 1260089154206
131.60507 112.11254 -13.400443 1260089154225
128.37482 110.306915 -12.380421 1260089154238
125.406075 107.54157 -11.7114 1260089154254
122.88577 104.1645 -11.42583 1260089154274
120.94148 100.10627 -11.604538 1260089154293
119.54441 95.55096 -12.274311 1260089154317
118.76719 90.623405 -13.410596 1260089154334
118.42883 85.79224 -14.990067 1260089154360
118.60739 81.70262 -17.340563 1260089154374
127.47702 78.36749 -20.223536 1260089154396
136.25317 82.59912 -22.312359 1260089154418
144.89052 86.66917 -23.646742 1260089154434
153.49599 90.63571 -24.464405 1260089154478
162.17119 94.453926 -24.841185 1260089154504
171.66263 98.03123 -24.699125 1260089154518
165.2795 101.27966 -24.01417 1260089154529
162.21552 104.11568 -22.913462 1260089154546
160.95474 106.65989 -21.56779 1260089154559
159.85701 108.87689 -20.0894 1260089154576
158.06416 110.63305 -18.48493 1260089154594
154.76096 111.751396 -16.610683 1260089154617
150.17291 111.86382 -14.680149 1260089154803
145.56427 109.470634 -13.096142 1260089154819
141.33606 106.547104 -11.991335 1260089154828
137.46925 103.11975 -11.441768 1260089154841
134.0958 99.11376 -11.519679 1260089154854
131.24101 94.65807 -12.293695 1260089154863
128.52896 90.17517 -13.779011 1260089154873
139.15251 86.11641 -16.24006 1260089154882
147.49489 90.16059 -19.228058 1260089154888
155.22014 94.10256 -21.216656 1260089154907
162.35913 98.097435 -22.355824 1260089154918
168.84117 84.192566 -22.838032 1260089154925
173.94911 71.33294 -22.796131 1260089154939
176.80165 59.41629 -22.356325 1260089154946
179.51157 47.995476 -21.838509 1260089154963
185.58598 36.595703 -21.546583 1260089154970
193.85669 42.96592 -21.669254 1260089154981
184.61386 47.867622 -22.385792 1260089154999
176.43317 47.774242 -23.416502 1260089155008
169.7115 46.73553 -23.895678 1260089155023
163.92593 45.048756 -23.800894 1260089155038
158.72963 42.796318 -23.260849 1260089155056
153.84315 40.106503 -22.347807 1260089155074
149.051 37.101177 -21.130417 1260089155094
144.19844 33.84612 -19.473896 1260089155114
139.03851 30.603813 -17.300201 1260089155137
133.3366 27.473623 -14.535192 1260089155154
126.81976 24.949942 -11.258432 1260089155177
137.77878 23.202444 -8.04551 1260089155195
146.18983 22.392323 -4.943235 1260089155214
152.23035 22.172707 -2.446073 1260089155234
156.91882 22.064072 -0.62376934 1260089155254
160.17288 22.210869 0.8074191 1260089155279
