217.44893 6.450124 26.452496 1260089157144
217.42648 7.1276174 26.57987 1260089157159
217.95515 7.7212367 26.900877 1260089157175
218.60739 8.235175 27.105833 1260089157184
220.07703 8.573417 27.30054 1260089157195
224.02318 8.644746 27.785515 1260089157204
213.07202 8.562509 28.04624 1260089157214
204.01842 8.484384 28.193928 1260089157222
197.06749 9.010164 28.134232 1260089157234
192.96411 10.859656 27.87752 1260089157243
190.21591 15.616673 27.283644 1260089157254
187.70511 20.88584 26.419462 1260089157263
185.71985 26.591547 25.59849 1260089157301
183.98386 32.26197 24.868565 1260089157314
182.63466 37.99887 24.175137 1260089157323
181.80293 43.748928 23.51638 1260089157333
181.31279 49.41148 22.84056 1260089157340
181.04715 54.990906 22.198532 1260089157348
180.5448 60.341362 21.538605 1260089157359
179.16756 65.324295 20.811674 1260089157374
176.75919 69.75808 20.07109 1260089157385
173.12123 73.52017 19.267536 1260089157397
168.26517 76.09416 18.354158 1260089157406
162.9019 77.03945 17.286451 1260089157416
157.7568 76.38748 16.02213 1260089157429
153.36896 74.518105 14.721023 1260089157441
149.7505 71.9422 13.434972 1260089157455
146.76299 68.74509 12.263224 1260089157467
144.17484 65.357834 11.100062 1260089157484
141.66609 62.139942 9.845059 1260089157498
139.28279 59.132946 8.352806 1260089157514
136.46866 56.576298 6.185166 1260089157534
147.29523 54.747482 3.2259076 1260089157557
156.68047 53.51011 0.11461213 1260089157575
165.79645 58.034603 -2.4911187 1260089157594
175.20662 62.232872 -4.166563 1260089157780
167.74629 66.37123 -4.908235 1260089157796
162.35898 70.552666 -5.1128235 1260089157803
158.59103 74.72503 -5.0571823 1260089157817
156.06148 78.98878 -4.9543233 1260089157824
154.55841 83.33934 -4.8066072 1260089157836
151.83049 87.722374 -4.766277 1260089157845
148.53897 91.93626 -4.777963 1260089157857
145.36201 95.73944 -4.839065 1260089157866
141.39392 99.00247 -4.997112 1260089157879
137.47423 101.802345 -5.1472564 1260089157895
133.10051 104.16223 -5.3898935 1260089157904
128.34549 105.80412 -5.720399 1260089157916
123.678215 106.363914 -6.084379 1260089157925
119.2443 104.69572 -6.5301604 1260089157938
115.732086 102.11093 -6.8536525 1260089157950
113.145485 98.70538 -6.96097 1260089157962
111.33821 94.820114 -7.0129213 1260089157975
109.821304 90.879105 -7.012275 1260089157987
108.53024 86.93515 -7.0116615 1260089158004
107.25373 83.13839 -7.1110783 1260089158018
105.791046 79.53147 -7.4555244 1260089158034
103.95149 76.0549 -8.382749 1260089158053
99.95392 72.75216 -10.163611 1260089158076
111.55622 69.81455 -12.705431 1260089158092
122.42841 67.42383 -15.420159 1260089158114
133.407 71.40263 -17.449152 1260089158134
126.88665 74.732506 -18.476694 1260089158157
122.192314 77.74588 -18.50286 1260089158174
119.7827 80.75858 -17.877716 1260089158193
120.793564 83.87065 -16.83383 1260089158215
124.75388 87.027115 -15.592138 1260089158238
129.91618 90.37576 -14.312531 1260089158254
135.52037 93.85697 -13.046905 1260089158273
141.19435 97.41412 -11.894559 1260089158296
146.98463 101.093414 -10.949831 1260089158318
151.3854 104.73875 -10.202339 1260089158333
152.46614 108.25181 -9.642222 1260089158354
150.14284 111.58922 -9.260111 1260089158377
146.28569 114.65976 -8.997106 1260089158558
142.1714 117.22677 -8.89725 1260089158565
137.46283 118.96543 -9.102387 1260089158576
132.28969 119.31716 -9.547268 1260089158585
127.225204 118.7013 -9.919905 1260089158596
122.613945 116.16624 -10.173909 1260089158606
118.733246 113.40793 -9.965214 1260089158618
115.39658 110.08753 -9.366953 1260089158625
112.57675 106.28316 -8.398605 1260089158641
110.197914 101.819 -6.928675 1260089158647
108.03802 97.37805 -5.3822412 1260089158664
105.986115 92.95915 -3.413129 1260089158675
103.88681 88.561195 -0.5424726 1260089158682
101.09247 84.23314 3.3846512 1260089158698
96.93784 71.521484 6.965419 1260089158714
92.59095 59.94541 9.117147 1260089158724
88.8114 49.14814 10.91129 1260089158737
85.32083 38.94073 12.265726 1260089158749
81.90479 29.193695 13.55244 1260089158763
78.45956 20.13401 15.674818 1260089158782
75.33658 18.12731 17.741077 1260089158796
