11.217266 -11.80054 8.676024 1260256642535
12.804746 -12.1905365 10.489322 1260256642544
8.813552 -11.741278 13.17887 1260256642556
-2.565291 -10.945025 10.225908 1260256642571
6.757637 -9.475822 -4.0936728 1260256642579
14.478367 -6.0663 7.956972 1260256642593
1.3380194 -1.4523215 -6.574972 1260256642602
17.234398 4.4582844 -13.151131 1260256642797
18.523846 7.788546 -12.371742 1260256642834
4.0088153 -6.8365736 -5.5547204 1260256642844
-2.761262 9.182699 -2.734397 1260256642856
-7.795325 -1.9635477 2.8191025 1260256642868
1.2957916 -7.3437395 10.3745575 1260256642877
-11.478669 -14.548756 19.81232 1260256642888
-22.327778 -19.407963 29.987095 1260256642897
-6.8862085 -13.875351 20.405931 1260256642904
-17.94677 -20.78224 20.41733 1260256642915
-16.07764 -13.342468 0.0787316 1260256642924
-6.0893855 -19.477018 -3.801425 1260256642937
-0.4972453 -20.461962 -11.788735 1260256642948
0.37996912 -17.233 -17.490097 1260256642957
-1.7269292 -14.3499565 -16.42667 1260256642963
-5.012337 -8.719432 -10.344572 1260256642984
2.1987586 11.7081 -7.918041 1260256642999
-2.1280847 -1.8926849 8.777819 1260256643011
-20.563328 17.477566 12.187264 1260256643019
-4.112587 -2.183398 15.468264 1260256643030
-14.935575 -8.769592 -4.4593015 1260256643039
-13.652933 -26.517956 -5.017309 1260256643050
-5.714904 -19.16194 -11.7448225 1260256643056
5.582864 -17.774166 -28.0999 1260256643071
12.735176 -26.755646 -32.978672 1260256643094
13.618248 -27.642963 -24.474367 1260256643101
9.092497 -13.50293 -18.026705 1260256643112
-0.9457078 0.98629713 -12.909769 1260256643121
-19.65803 8.352196 -10.090018 1260256643132
-9.899614 -4.3508663 8.157387 1260256643149
-30.749664 7.710578 16.054659 1260256643157
-20.468943 -9.653767 18.39416 1260256643169
-14.037883 0.23288155 25.89019 1260256643182
-20.677143 -10.609062 11.321547 1260256643193
-23.363443 -17.107393 7.3454623 1260256643204
-18.568819 -21.236574 -1.0566158 1260256643215
-11.331381 -17.388184 -13.905598 1260256643235
1.92741 -25.445436 -11.693886 1260256643251
16.837746 -7.982213 -24.22878 1260256643450
13.844528 -18.137619 -18.72687 1260256643468
1.1840098 -16.934196 -29.950237 1260256643483
-4.406098 4.053624 -18.238241 1260256643493
-5.424455 -12.8267 -7.16237 1260256643506
-23.73927 -4.2239223 16.213833 1260256643518
-25.740772 -15.2487335 25.188835 1260256643527
-21.00606 -29.756117 19.785986 1260256643541
-12.93798 -15.575599 8.530274 1260256643550
-5.429558 -8.83938 -0.68883324 1260256643563
-5.0548053 -24.277945 -11.663596 1260256643573
-5.5751014 -5.344427 -18.011084 1260256643599
8.040334 -24.857353 -25.774708 1260256643608
17.025202 -4.700964 -23.72006 1260256643619
9.782808 -20.618927 -15.8157835 1260256643628
5.3082542 -6.47548 -3.1364598 1260256643639
-6.008588 -12.201414 18.503426 1260256643648
-15.875572 -7.350683 11.071779 1260256643664
-19.141914 -22.359818 23.888233 1260256643674
-15.138166 -15.037516 12.908966 1260256643690
-5.9460077 -26.832079 3.7405844 1260256643707
9.656402 -29.324295 -19.764864 1260256643726
16.877625 -12.689239 -18.852816 1260256643738
6.3505354 -27.474546 -22.537405 1260256643749
-4.49673 -17.751154 -9.328883 1260256643770
-10.331722 -1.586401 -6.8322396 1260256643788
-1.2794819 -13.954933 4.6426864 1260256643804
-6.80155 6.4500585 -0.7596779 1260256643828
-22.54866 10.674281 8.559357 1260256643841
-6.9805555 -7.0845375 4.9943275 1260256643865
-5.317661 4.506019 4.274541 1260256643889
1.4234109 -18.186073 4.1187105 1260256643906
11.619424 -28.19653 -7.2538986 1260256643928
5.2479024 -14.942015 -7.0781856 1260256643943
-2.6071253 -22.154926 -8.795069 1260256643964
6.510182 -30.021263 -9.077185 1260256643986
13.414782 -17.549562 -6.64614 1260256644011
9.007184 -6.3976054 4.5818834 1260256644023
3.4031425 -5.1565104 9.97243 1260256644230
6.5561876 -12.564821 3.3189163 1260256644246
-6.6883416 0.27325246 -4.464144 1260256644260
-17.131594 12.999343 6.6989326 1260256644270
-2.9723916 5.3236227 -0.7811179 1260256644281
-18.279518 -5.3510456 -1.76828 1260256644290
-9.17213 -11.567929 -2.8458173 1260256644301
-4.1504927 1.3988767 0.43141198 1260256644308
-6.9153833 -21.361351 -2.7227283 1260256644321
-2.4166288 -12.632909 -9.601633 1260256644328
3.3399935 -17.29459 -4.386163 1260256644348
5.296302 -21.676434 2.798585 1260256644360
3.7579098 -25.38805 9.500826 1260256644369
-1.1569505 -27.23055 12.869526 1260256644381
-7.131136 -26.844612 12.184502 1260256644390
-11.1556635 -26.215467 8.687229 1260256644403
-12.906344 -25.60454 5.068878 1260256644414
-12.402892 -23.328068 5.371147 1260256644423
-9.940181 -18.40554 9.478938 1260256644430
