-2.1432166 -12.18437 1.5916154 1260256546160
9.443858 5.8394313 9.46994 1260256546173
7.2593775 -4.2631335 -0.6093581 1260256546180
-9.812064 16.649645 7.3934636 1260256546192
1.7324452 0.6278477 18.391558 1260256546201
-15.114313 -11.082723 9.573498 1260256546212
-10.46458 -12.325976 24.198883 1260256546249
0.46907425 -14.172384 11.533534 1260256546258
-7.685583 -33.081352 -1.0951492 1260256546270
-7.205233 -16.94937 -2.9285073 1260256546279
-5.4054937 -4.42443 -11.5625105 1260256546296
-4.1902256 -2.525576 -14.91377 1260256546308
-4.366228 -1.7031503 -16.123873 1260256546317
-6.8763742 1.6374807 -12.59609 1260256546331
-8.046453 11.2316475 -10.100102 1260256546343
-0.33893168 0.6994915 2.8858976 1260256546360
7.847439 -1.0575833 -5.18814 1260256546375
-0.57180333 11.280605 3.0839477 1260256546394
-12.813256 -3.4749174 -6.7194858 1260256546412
-8.050991 -2.6575346 -8.587263 1260256546434
-4.051571 -24.983877 -1.6819367 1260256546457
-1.5171413 -29.4139 -16.336624 1260256546473
-0.8647151 -13.491391 -8.841789 1260256546492
-3.4553723 -26.428598 -8.378716 1260256546516
-5.1501064 -14.944189 -14.568022 1260256546533
-6.46714 1.0979767 -9.16905 1260256546554
-7.851109 -3.1257536 -4.647107 1260256546572
-4.537212 10.564526 -2.0408492 1260256546596
6.1098785 1.8119931 4.972319 1260256546613
-8.843958 7.601125 3.1773615 1260256546631
-17.205385 -11.521065 16.913082 1260256546659
-7.590008 -19.226028 13.116106 1260256546838
1.8695526 -22.025818 15.099339 1260256546849
4.6793957 -6.9884424 5.053328 1260256546861
1.0889367 -10.505271 -8.453546 1260256546872
-0.71183574 -5.8384666 -3.5245972 1260256546881
3.9532304 7.5248947 14.145834 1260256546892
-6.8332977 -7.5319715 12.3564 1260256546899
-25.09929 -1.8566955 16.777945 1260256546912
-9.679093 4.6426644 11.5294485 1260256546919
-21.1315 -1.5002861 3.0083456 1260256546931
-19.250744 -16.673397 -11.348827 1260256546943
-11.049184 -32.801414 -18.969143 1260256546960
1.0287495 -22.018976 -17.628513 1260256546972
12.204176 -14.216594 -30.017393 1260256546979
14.851994 -25.05631 -27.244003 1260256546990
11.670548 -19.415226 -23.691088 1260256547001
8.051502 -0.29253387 -19.12599 1260256547018
1.8984818 1.540627 -17.993547 1260256547032
-16.656319 -10.465936 1.3536777 1260256547043
-3.1065464 0.27099848 7.1128054 1260256547058
-8.124521 -10.674039 9.876357 1260256547077
-15.989306 -24.528631 26.24805 1260256547091
-17.04885 -17.25777 26.012579 1260256547114
-17.079718 -11.4553795 13.520023 1260256547135
-14.123152 -25.892036 -0.30259514 1260256547159
-4.423585 -9.782032 -18.682297 1260256547172
10.338078 -23.512333 -16.644566 1260256547195
15.83514 -3.2909088 -27.179068 1260256547217
6.2767053 -14.885561 -15.763171 1260256547231
-4.0617876 -8.523834 -26.838299 1260256547254
-2.6693573 2.909907 -2.6790566 1260256547274
-1.4121099 -14.391666 7.779453 1260256547308
-9.759111 -2.594901 12.954758 1260256547320
-13.815338 -26.93525 16.630968 1260256547334
-12.762657 -21.59692 27.825098 1260256547357
-12.042349 -9.103953 13.802849 1260256547371
-12.200467 -4.548601 0.58856857 1260256547393
-10.490571 -13.290054 -0.42780733 1260256547414
-3.774523 -0.2626443 -20.512423 1260256547631
7.934931 -18.31733 -17.810293 1260256547652
14.8966465 -4.9616337 -23.892292 1260256547660
8.824809 -22.510544 -30.805927 1260256547671
-1.7985058 -30.570972 -11.716848 1260256547680
-7.914641 -26.791008 -5.3294287 1260256547691
-12.058664 -28.802748 2.4515095 1260256547700
-13.19051 -7.9933376 5.145376 1260256547711
-8.191518 -14.144201 17.458681 1260256547719
-1.7121048 4.3917513 23.533049 1260256547732
3.9445076 13.993449 11.803384 1260256547739
-5.1039853 -10.878465 3.72122 1260256547759
7.4157615 -5.7823143 -13.362658 1260256547771
14.287411 -16.908682 -16.259754 1260256547780
6.5798974 -32.32747 -11.038037 1260256547792
-2.0635195 -14.301146 -10.804946 1260256547799
-2.6688542 -12.622948 -3.914877 1260256547813
-0.18493617 -20.735332 -1.998445 1260256547822
-1.2079077 -16.08657 -8.568509 1260256547839
-12.715481 -4.823286 -1.4992104 1260256547850
1.0721049 -9.00009 5.741425 1260256547858
1.4185324 0.76139784 2.6497803 1260256547875
-12.432024 12.609402 2.6021843 1260256547891
-17.205267 11.305498 0.9430299 1260256547903
-3.9060106 -7.9437895 4.0748777 1260256547919
-23.371336 -0.24672556 1.4072992 1260256547935
-15.194864 -11.023976 8.1795635 1260256547957
-10.789763 -10.851889 -7.1262407 1260256547971
-11.757887 -29.204926 -5.9455767 1260256547994
-12.297869 -29.767849 -1.457855 1260256548016
-10.32064 -16.590693 -5.840347 1260256548037
-6.441386 -13.232325 -5.248922 1260256548052
-0.6079526 -10.871774 -1.5810838 1260256548074
5.444676 -8.919386 1.9037712 1260256548097
8.233919 -7.245452 4.5771165 1260256548111
