-0.59381866 -1.9435716 11.214221 1260256577951
-4.450947 1.5570818 17.023237 1260256577960
-4.8093743 7.8620377 21.493528 1260256577971
-12.477594 5.5343966 25.962967 1260256577978
-21.76494 -14.21786 10.136568 1260256577992
-9.979897 -23.078829 14.989388 1260256577999
-15.407166 -22.58329 -8.409259 1260256578039
-17.50924 -33.174183 -11.221313 1260256578048
-4.221623 -15.70034 -16.735382 1260256578057
5.0864153 -27.508158 -12.9175205 1260256578069
9.646421 -23.426006 -27.093578 1260256578080
10.851633 -2.649993 -19.177593 1260256578096
10.121089 -2.3653195 -10.478428 1260256578102
-8.024427 9.8424835 -8.957622 1260256578115
-5.2305074 -3.5314226 -4.430781 1260256578132
0.76836777 3.8286061 -4.913297 1260256578144
-17.91579 18.691555 0.1648955 1260256578159
0.55136776 -4.44867 -3.0564833 1260256578172
-16.417988 -14.093807 -3.0693805 1260256578194
-15.4315815 -8.820132 -9.826656 1260256578216
-11.610172 -23.149166 -5.3821883 1260256578404
-8.804108 -31.175243 -13.193525 1260256578416
-7.086173 -20.856413 -12.475686 1260256578424
-5.213709 -34.79681 -12.777071 1260256578437
-3.1979408 -12.649027 -13.791588 1260256578448
-2.7733788 -24.99468 -20.056694 1260256578458
-6.435642 -10.8535795 -4.8364973 1260256578469
-13.947256 -1.8149319 -10.728559 1260256578477
-2.7073298 -13.187408 -2.2854524 1260256578484
-17.751337 9.122792 4.3724356 1260256578498
-17.153444 -6.1082363 8.978255 1260256578515
-7.851895 9.415509 25.501741 1260256578524
-7.1535187 -10.9966955 25.499058 1260256578535
-16.368797 -1.2977204 25.048882 1260256578541
-21.487581 -5.014428 6.930971 1260256578556
-15.1777115 -27.358042 -7.684179 1260256578572
-2.8119595 -12.530584 -10.927584 1260256578579
14.123403 -17.865866 -30.939285 1260256578598
16.317377 -25.573112 -27.544851 1260256578609
4.3977485 -3.2313643 -22.541752 1260256578622
1.1345696 -13.0351925 -4.468389 1260256578637
-17.191488 7.2021346 7.089086 1260256578656
-24.367496 -9.825636 15.491462 1260256578674
-15.911941 6.5780888 24.80434 1260256578693
-8.342397 -16.613499 21.80671 1260256578716
-12.246565 -12.339208 22.653027 1260256578734
-20.021378 -8.772539 7.6855226 1260256578751
-14.508836 -23.119766 -14.615951 1260256578775
-0.24211657 -15.123516 -9.274023 1260256578793
14.001566 -23.99572 -25.464085 1260256578813
9.165131 -22.395973 -35.152668 1260256578832
-3.7735493 -11.205959 -16.614807 1260256578856
-11.382429 -16.989733 -19.19543 1260256578873
-2.744268 -1.8850269 3.4904637 1260256578893
-4.414217 -20.215805 14.289101 1260256578919
-8.422913 -6.892414 22.895226 1260256578932
-10.068968 -23.311874 13.382369 1260256578953
-10.256118 -29.214695 18.2194 1260256578972
-15.022922 -16.859058 13.689442 1260256579157
-14.357146 -12.019305 -11.895076 1260256579171
-4.351401 -11.588492 -6.491662 1260256579179
10.736384 3.5789323 -22.730375 1260256579190
11.554188 -12.130653 -20.919989 1260256579199
-0.933547 -3.738214 -30.328129 1260256579210
-3.6627698 -20.85556 -7.8522444 1260256579219
-2.6205235 -10.787737 1.7340918 1260256579230
-3.6316738 -21.055525 20.456541 1260256579236
-2.7989073 -29.37728 22.804577 1260256579256
-0.9471245 -9.462441 15.388161 1260256579268
-0.54106617 -8.926573 -5.219508 1260256579277
5.0255957 -10.364443 -6.587555 1260256579283
9.711165 -17.083864 -15.813569 1260256579294
2.286296 -10.79575 -33.40968 1260256579308
-5.1557207 -28.522615 -24.053698 1260256579316
-5.9682994 -11.378851 -24.897835 1260256579333
-10.599522 -8.803296 -7.545856 1260256579349
-18.104528 -18.60064 -5.684348 1260256579362
-7.8652153 -4.3311644 16.20426 1260256579375
-2.9271326 3.804291 15.306503 1260256579395
-5.504561 -8.056722 22.73027 1260256579419
-14.156192 -4.350587 6.2473516 1260256579431
-19.072586 1.885009 2.577359 1260256579454
-13.656813 -21.839636 -4.801863 1260256579477
-11.400753 -15.2903805 -12.503282 1260256579491
0.94349957 -17.59446 -9.66172 1260256579513
15.064331 -35.00193 -16.556543 1260256579535
10.043832 -26.742668 -6.876836 1260256579558
-3.1140332 -12.563118 -9.5950985 1260256579571
-7.5455494 -11.226557 -6.7188563 1260256579600
-6.4153304 -14.0929785 2.800681 1260256579619
-9.396915 -15.678385 3.7929215 1260256579638
-12.371432 4.632068 2.6784506 1260256579652
2.0621595 1.6824322 -0.47711325 1260256579674
0.60465765 -2.4713826 12.122244 1260256579697
-10.520776 -4.0130677 7.7274756 1260256579711
-20.932129 5.1552873 8.896515 1260256579733
-6.2445874 12.65565 2.0511885 1260256579936
-22.00561 -9.758815 -0.17977399 1260256579958
-13.044058 -7.542278 -11.337385 1260256579972
-1.9010925 -0.36984634 -1.2013564 1260256579983
1.1758337 -15.97093 -5.4852204 1260256579995
0.22511196 -27.347546 0.30206728 1260256580009
-6.4646277 -21.38088 8.203564 1260256580015
-12.964697 -13.431986 1.2582273 1260256580022
-14.291222 -15.266882 0.6812207 1260256580031
-9.930472 -14.462499 4.882583 1260256580037
-2.6012297 -13.023523 5.6555843 1260256580043
3.6305444 -11.024408 3.8946347 1260256580058
6.186206 -8.338719 1.1059582 1260256580064
