175.68906 31.078922 25.277283 0.94078016 -8.946304 12.942408 1260256503032
175.68906 31.078922 25.277283 6.165081 1.0476053 14.654921 1260256503035
169.4046 28.674976 25.113419 6.165081 1.0476053 14.654921 1260256503039
169.4046 28.674976 25.113419 2.5347195 6.028594 -2.5389743 1260256503044
163.73438 25.541227 24.007748 2.5347195 6.028594 -2.5389743 1260256503050
163.73438 25.541227 24.007748 -8.324622 1.6507208 12.227192 1260256503056
158.54765 22.914165 22.10736 -8.324622 1.6507208 12.227192 1260256503230
158.54765 22.914165 22.10736 -3.9965916 13.412735 16.361269 1260256503233
153.87027 22.418457 19.701992 -3.9965916 13.412735 16.361269 1260256503275
153.87027 22.418457 19.701992 1.5896349 0.96952415 5.7754617 1260256503278
149.87675 23.547535 17.716892 1.5896349 0.96952415 5.7754617 1260256503282
149.87675 23.547535 17.716892 -15.153326 -3.2901716 11.531006 1260256503290
146.58292 25.520159 16.131048 -15.153326 -3.2901716 11.531006 1260256503294
146.58292 25.520159 16.131048 -9.921249 -25.413261 1.1788788 1260256503300
144.00377 27.99415 14.924496 -9.921249 -25.413261 1.1788788 1260256503303
144.00377 27.99415 14.924496 3.279622 -28.030243 12.665219 1260256503311
142.20358 30.894444 14.178271 3.279622 -28.030243 12.665219 1260256503314
142.20358 30.894444 14.178271 9.859824 -16.828802 1.1490566 1260256503317
141.1934 34.449722 13.769358 9.859824 -16.828802 1.1490566 1260256503323
141.1934 34.449722 13.769358 11.037778 -17.957216 -6.622412 1260256503332
141.23373 39.127235 13.63089 11.037778 -17.957216 -6.622412 1260256503335
141.23373 39.127235 13.63089 11.131273 -20.051891 -6.8835726 1260256503339
142.92204 45.120872 13.549345 11.131273 -20.051891 -6.8835726 1260256503344
142.92204 45.120872 13.549345 10.593117 -13.025735 -8.020495 1260256503355
137.97594 34.314827 13.171878 10.593117 -13.025735 -8.020495 1260256503358
137.97594 34.314827 13.171878 6.585862 -0.80238533 -18.11854 1260256503362
136.87714 25.249086 12.363284 6.585862 -0.80238533 -18.11854 1260256503373
136.87714 25.249086 12.363284 -2.5214088 4.7872396 0.43531418 1260256503379
136.13329 17.336632 11.39512 -2.5214088 4.7872396 0.43531418 1260256503382
136.13329 17.336632 11.39512 -10.51275 18.500616 -7.665684 1260256503391
136.07661 9.7198 10.325364 -10.51275 18.500616 -7.665684 1260256503394
136.07661 9.7198 10.325364 -9.546161 10.531333 -1.680531 1260256503398
145.87279 17.98381 8.559096 -9.546161 10.531333 -1.680531 1260256503409
145.87279 17.98381 8.559096 4.221422 6.782453 -11.076287 1260256503417
143.52914 23.53462 7.7311416 4.221422 6.782453 -11.076287 1260256503420
143.52914 23.53462 7.7311416 7.8601656 -0.06478977 -7.8100257 1260256503429
141.70268 27.90789 7.4445844 7.8601656 -0.06478977 -7.8100257 1260256503432
141.70268 27.90789 7.4445844 9.671154 -22.879448 -10.983327 1260256503438
139.56755 31.812496 7.3223553 9.671154 -22.879448 -10.983327 1260256503441
139.56755 31.812496 7.3223553 10.613076 -29.323467 -2.255 1260256503444
138.43918 35.871872 7.5562377 10.613076 -29.323467 -2.255 1260256503452
138.43918 35.871872 7.5562377 14.680743 -14.042819 -9.323652 1260256503456
138.16722 40.078278 7.928426 14.680743 -14.042819 -9.323652 1260256503461
138.16722 40.078278 7.928426 15.534264 -25.864378 -8.843701 1260256503464
138.70886 44.524364 8.332005 15.534264 -25.864378 -8.843701 1260256503473
138.70886 44.524364 8.332005 13.35964 -18.41746 -13.668608 1260256503476
140.32343 49.398148 8.765405 13.35964 -18.41746 -13.668608 1260256503482
140.32343 49.398148 8.765405 9.722047 -0.31728363 -14.108778 1260256503488
143.55725 54.77824 9.327134 9.722047 -0.31728363 -14.108778 1260256503496
143.55725 54.77824 9.327134 3.4615338 6.7314763 -4.4674034 1260256503499
139.67938 44.83933 9.710777 3.4615338 6.7314763 -4.4674034 1260256503510
139.67938 44.83933 9.710777 -2.0837226 -6.0185695 -7.953178 1260256503516
135.59541 41.14736 8.425239 -2.0837226 -6.0185695 -7.953178 1260256503520
135.59541 41.14736 8.425239 6.2690253 6.4860306 11.044516 1260256503522
131.51564 38.839993 7.1539764 6.2690253 6.4860306 11.044516 1260256503530
131.51564 38.839993 7.1539764 3.0279465 -7.5189333 17.177908 1260256503533
127.539856 37.447994 5.7962775 3.0279465 -7.5189333 17.177908 1260256503539
127.539856 37.447994 5.7962775 -11.85864 -1.5283518 28.424961 1260256503552
123.71286 36.625595 4.4564633 -11.85864 -1.5283518 28.424961 1260256503556
123.71286 36.625595 4.4564633 -18.919708 -0.648777 21.153946 1260256503559
119.97722 36.344315 3.0336401 -18.919708 -0.648777 21.153946 1260256503569
119.97722 36.344315 3.0336401 -9.254723 -3.407916 16.857761 1260256503577
116.37836 36.5771 1.2819581 -9.254723 -3.407916 16.857761 1260256503581
116.37836 36.5771 1.2819581 -1.5839615 -4.9678507 12.529621 1260256503589
113.109436 41.048244 -0.58213985 -1.5839615 -4.9678507 12.529621 1260256503594
113.109436 41.048244 -0.58213985 -14.595519 -10.851906 -8.541355 1260256503601
111.80396 45.545834 -1.3530328 -14.595519 -10.851906 -8.541355 1260256503613
111.80396 45.545834 -1.3530328 -14.635323 -23.924042 -11.166934 1260256503616
112.81377 50.318542 -1.3353812 -14.635323 -23.924042 -11.166934 1260256503628
112.81377 50.318542 -1.3353812 -10.128988 -16.714338 -17.72569 1260256503633
115.473076 55.152615 -0.9686121 -10.128988 -16.714338 -17.72569 1260256503648
115.473076 55.152615 -0.9686121 -4.8072996 -7.3610563 -25.13149 1260256503651
118.14942 59.844986 -0.5701815 -4.8072996 -7.3610563 -25.13149 1260256503671
118.14942 59.844986 -0.5701815 -1.8575637 -13.758142 -32.994633 1260256503674
119.541954 64.35274 -0.49167243 -1.8575637 -13.758142 -32.994633 1260256503693
119.541954 64.35274 -0.49167243 -4.2315984 -20.629593 -18.201618 1260256503697
116.96486 68.0851 -1.5670888 -4.2315984 -20.629593 -18.201618 1260256503708
116.96486 68.0851 -1.5670888 -14.267406 0.7738333 -7.649549 1260256503713
112.866615 66.530846 -3.4887345 -14.267406 0.7738333 -7.649549 1260256503728
112.866615 66.530846 -3.4887345 -4.878997 -2.552339 14.085873 1260256503732
109.07329 64.654305 -4.464298 -4.878997 -2.552339 14.085873 1260256503752
109.07329 64.654305 -4.464298 0.56500435 -20.387594 18.550837 1260256503755
105.46962 63.12159 -5.141083 0.56500435 -20.387594 18.550837 1260256503936
105.46962 63.12159 -5.141083 -0.021755219 -18.994452 26.023344 1260256503940
102.09614 62.11551 -5.6340284 -0.021755219 -18.994452 26.023344 1260256503948
102.09614 62.11551 -5.6340284 -1.4035001 -12.115922 24.6703 1260256503952
99.19133 61.809734 -6.2023273 -1.4035001 -12.115922 24.6703 1260256503958
99.19133 61.809734 -6.2023273 -5.0515833 -8.486863 14.982954 1260256503961
98.081764 64.219246 -6.6922107 -5.0515833 -8.486863 14.982954 1260256503964
98.081764 64.219246 -6.6922107 -8.133537 -23.977867 -1.4247193 1260256503972
100.12768 67.90829 -6.4076 -8.133537 -23.977867 -1.4247193 1260256503975
100.12768 67.90829 -6.4076 -1.5838697 -2.991601 -9.967275 1260256503981
103.921295 72.062874 -5.78722 -1.5838697 -2.991601 -9.967275 1260256503984
103.921295 72.062874 -5.78722 7.278739 -13.6549425 -29.514969 1260256503992
107.87523 76.20973 -5.197859 7.278739 -13.6549425 -29.514969 1260256503996
107.87523 76.20973 -5.197859 11.88207 -19.529955 -22.948568 1260256504001
110.83147 80.04925 -4.737966 11.88207 -19.529955 -22.948568 1260256504004
110.83147 80.04925 -4.737966 11.308654 -1.3871307 -21.998611 1260256504011
110.38989 82.99679 -5.1510677 11.308654 -1.3871307 -21.998611 1260256504016
110.38989 82.99679 -5.1510677 5.2899227 -19.996977 -10.403064 1260256504019
107.1204 81.696945 -6.4435143 5.2899227 -19.996977 -10.403064 1260256504029
107.1204 81.696945 -6.4435143 -8.565361 -11.647821 12.152048 1260256504033
103.46438 79.812096 -7.0713387 -8.565361 -11.647821 12.152048 1260256504041
103.46438 79.812096 -7.0713387 -13.89509 -5.084607 11.315533 1260256504044
99.89116 78.12149 -7.317772 -13.89509 -5.084607 11.315533 1260256504052
99.89116 78.12149 -7.317772 -14.158749 -24.11194 14.316505 1260256504056
96.5966 76.815414 -7.301883 -14.158749 -24.11194 14.316505 1260256504059
96.5966 76.815414 -7.301883 -11.74906 -31.667854 17.307892 1260256504064
93.81677 76.22464 -7.236789 -11.74906 -31.667854 17.307892 1260256504073
93.81677 76.22464 -7.236789 -10.293803 -27.447817 12.859358 1260256504076
92.325935 76.513405 -7.22495 -10.293803 -27.447817 12.859358 1260256504084
92.325935 76.513405 -7.22495 -9.844725 -24.776974 3.7084527 1260256504091
94.05964 79.08774 -7.063702 -9.844725 -24.776974 3.7084527 1260256504099
94.05964 79.08774 -7.063702 -7.9308844 -5.954762 -14.429489 1260256504102
97.306656 82.633354 -6.610517 -7.9308844 -5.954762 -14.429489 1260256504110
97.306656 82.633354 -6.610517 -2.4698548 -17.462307 -11.274559 1260256504114
101.64132 86.351685 -5.979991 -2.4698548 -17.462307 -11.274559 1260256504121
101.64132 86.351685 -5.979991 5.5410967 -0.28774643 -23.480259 1260256504128
105.20925 89.7841 -5.4809914 5.5410967 -0.28774643 -23.480259 1260256504136
105.20925 89.7841 -5.4809914 8.938281 -20.776104 -25.744043 1260256504141
106.69879 92.494896 -5.406942 8.938281 -20.776104 -25.744043 1260256504150
106.69879 92.494896 -5.406942 5.9361506 -2.402402 -17.521105 1260256504157
104.91385 93.67015 -6.336595 5.9361506 -2.402402 -17.521105 1260256504169
104.91385 93.67015 -6.336595 -6.5842214 -8.282785 5.746676 1260256504172
101.468155 91.38664 -7.2697654 -6.5842214 -8.282785 5.746676 1260256504193
101.468155 91.38664 -7.2697654 -16.782677 -12.174465 5.3481827 1260256504200
97.99474 88.81731 -7.856277 -16.782677 -12.174465 5.3481827 1260256504208
97.99474 88.81731 -7.856277 -18.408035 -24.664284 18.876621 1260256504213
94.69501 86.42644 -8.113463 -18.408035 -24.664284 18.876621 1260256504227
94.69501 86.42644 -8.113463 -15.53298 -8.320282 19.517624 1260256504233
91.81026 84.805115 -8.10779 -15.53298 -8.320282 19.517624 1260256504250
91.81026 84.805115 -8.10779 -12.182868 -15.443692 13.220384 1260256504254
92.41975 85.31486 -7.8024006 -12.182868 -15.443692 13.220384 1260256504270
92.41975 85.31486 -7.8024006 -10.209197 -8.4065 -1.5350022 1260256504273
96.99876 87.69911 -6.9622808 -10.209197 -8.4065 -1.5350022 1260256504288
96.99876 87.69911 -6.9622808 -3.3767254 -9.973067 -4.0416093 1260256504293
102.39882 90.564156 -5.9641666 -3.3767254 -9.973067 -4.0416093 1260256504308
102.39882 90.564156 -5.9641666 8.508141 -18.90749 -26.781397 1260256504311
107.728874 93.335945 -4.965958 8.508141 -18.90749 -26.781397 1260256504332
107.728874 93.335945 -4.965958 16.242321 -8.065066 -20.695877 1260256504339
112.24243 95.66915 -4.0676603 16.242321 -8.065066 -20.695877 1260256504346
112.24243 95.66915 -4.0676603 13.539701 -26.266762 -20.067854 1260256504352
114.48031 97.485695 -3.6642773 13.539701 -26.266762 -20.067854 1260256504368
114.48031 97.485695 -3.6642773 6.227034 -13.781093 -4.541649 1260256504373
112.95629 98.56141 -4.4810634 6.227034 -13.781093 -4.541649 1260256504391
112.95629 98.56141 -4.4810634 5.3030324 -1.8651543 -3.554225 1260256504398
109.00848 95.23334 -6.40701 5.3030324 -1.8651543 -3.554225 1260256504409
109.00848 95.23334 -6.40701 -9.368973 -14.52979 11.365007 1260256504412
105.05805 91.07167 -8.036659 -9.368973 -14.52979 11.365007 1260256504428
105.05805 91.07167 -8.036659 -20.233566 -3.7569013 14.6368475 1260256504433
101.20515 86.818085 -9.384827 -20.233566 -3.7569013 14.6368475 1260256504448
101.20515 86.818085 -9.384827 -10.933568 6.942489 11.019329 1260256504455
97.44489 83.42718 -10.6655855 -10.933568 6.942489 11.019329 1260256504467
97.44489 83.42718 -10.6655855 0.71767235 -14.43111 11.871305 1260256504471
95.27265 82.55582 -11.282307 0.71767235 -14.43111 11.871305 1260256504491
95.27265 82.55582 -11.282307 4.169683 -19.667555 2.8947353 1260256504494
96.70902 84.078026 -10.818192 4.169683 -19.667555 2.8947353 1260256504508
96.70902 84.078026 -10.818192 8.937969 -25.46727 -6.7784467 1260256504514
100.37357 86.024124 -9.927282 8.937969 -25.46727 -6.7784467 1260256504531
100.37357 86.024124 -9.927282 7.825333 -13.67612 -11.3071995 1260256504711
104.704895 88.12292 -8.8809185 7.825333 -13.67612 -11.3071995 1260256504722
104.704895 88.12292 -8.8809185 0.52702713 -24.740541 -25.442791 1260256504731
108.71965 90.06677 -7.8368726 0.52702713 -24.740541 -25.442791 1260256504734
108.71965 90.06677 -7.8368726 -4.5411115 -28.797455 -14.6587305 1260256504738
111.63367 91.81343 -6.945029 -4.5411115 -28.797455 -14.6587305 1260256504743
111.63367 91.81343 -6.945029 -2.4678965 -9.554724 -16.663952 1260256504751
113.05199 93.32276 -6.297777 -2.4678965 -9.554724 -16.663952 1260256504756
113.05199 93.32276 -6.297777 1.3007616 -3.995872 -1.3351951 1260256504759
112.84939 94.306625 -6.082888 1.3007616 -3.995872 -1.3351951 1260256504762
112.84939 94.306625 -6.082888 1.6365457 -8.694083 6.1959834 1260256504770
110.35692 92.79129 -7.0287437 1.6365457 -8.694083 6.1959834 1260256504774
110.35692 92.79129 -7.0287437 -8.514133 5.8270063 1.1072638 1260256504779
106.83907 88.05173 -8.877307 -8.514133 5.8270063 1.1072638 1260256504782
106.83907 88.05173 -8.877307 -8.506277 -0.6621384 -4.8082533 1260256504791
103.84712 82.54914 -10.033442 -8.506277 -0.6621384 -4.8082533 1260256504794
103.84712 82.54914 -10.033442 0.8634801 -4.1663275 1.6118145 1260256504798
100.954765 77.171684 -11.28177 0.8634801 -4.1663275 1.6118145 1260256504803
100.954765 77.171684 -11.28177 2.7818942 -4.7097263 7.465527 1260256504811
97.30703 72.3131 -13.217681 2.7818942 -4.7097263 7.465527 1260256504817
97.30703 72.3131 -13.217681 -15.815796 4.8435383 -0.8486624 1260256504828
92.74168 68.59745 -16.206797 -15.815796 4.8435383 -0.8486624 1260256504831
92.74168 68.59745 -16.206797 -8.005831 5.2030277 -3.7329605 1260256504837
88.804596 73.01758 -18.746456 -8.005831 5.2030277 -3.7329605 1260256504840
88.804596 73.01758 -18.746456 -11.903501 1.323636 -8.366863 1260256504849
86.264366 76.1167 -20.009134 -11.903501 1.323636 -8.366863 1260256504852
86.264366 76.1167 -20.009134 -19.743095 -17.347008 0.2794063 1260256504858
85.251144 78.260864 -20.308678 -19.743095 -17.347008 0.2794063 1260256504861
85.251144 78.260864 -20.308678 -16.794294 -16.877195 -4.6593122 1260256504864
86.03859 79.74782 -19.943243 -16.794294 -16.877195 -4.6593122 1260256504874
86.03859 79.74782 -19.943243 -12.505672 -6.7600822 -5.152011 1260256504878
89.18666 80.76043 -19.39608 -12.505672 -6.7600822 -5.152011 1260256504890
89.18666 80.76043 -19.39608 -7.844574 -9.427032 3.9760704 1260256504895
94.07733 81.67241 -18.876276 -7.844574 -9.427032 3.9760704 1260256504898
94.07733 81.67241 -18.876276 -3.2310617 -18.353754 9.482838 1260256504903
99.723465 81.63879 -18.332462 -3.2310617 -18.353754 9.482838 1260256504912
99.723465 81.63879 -18.332462 2.1478581 -19.822262 10.281652 1260256504921
105.337296 81.35685 -17.765839 2.1478581 -19.822262 10.281652 1260256504924
105.337296 81.35685 -17.765839 6.126913 -17.659517 8.801237 1260256504932
110.37043 80.839005 -17.177547 6.126913 -17.659517 8.801237 1260256504940
110.37043 80.839005 -17.177547 7.5569715 -11.837 5.3882966 1260256504944
114.70191 80.14706 -16.61867 7.5569715 -11.837 5.3882966 1260256504955
114.70191 80.14706 -16.61867 5.8209133 -6.836953 6.713805 1260256504959
