223.04576 33.523994 28.537714 13.607871 -12.866399 9.811819 1260256565609
223.04576 33.523994 28.537714 4.3677497 -13.47241 9.010447 1260256565612
222.94347 33.447796 29.660828 4.3677497 -13.47241 9.010447 1260256565620
222.94347 33.447796 29.660828 -3.3822908 -13.067051 3.4822466 1260256565623
223.89629 32.975407 31.277786 -3.3822908 -13.067051 3.4822466 1260256565629
223.89629 32.975407 31.277786 4.343832 -12.44172 1.6625597 1260256565632
228.15147 31.426636 33.1639 4.343832 -12.44172 1.6625597 1260256565641
228.15147 31.426636 33.1639 13.73269 -0.28201273 -0.1744324 1260256565644
218.2939 28.155304 32.955704 13.73269 -0.28201273 -0.1744324 1260256565648
218.2939 28.155304 32.955704 12.30143 1.764634 3.1577802 1260256565653
209.7792 24.74754 31.50792 12.30143 1.764634 3.1577802 1260256565662
209.7792 24.74754 31.50792 1.5812756 9.770607 16.343987 1260256565665
201.99025 22.260162 29.332523 1.5812756 9.770607 16.343987 1260256565692
201.99025 22.260162 29.332523 -11.291706 8.039171 16.047398 1260256565701
194.89073 21.597155 26.715897 -11.291706 8.039171 16.047398 1260256565707
194.89073 21.597155 26.715897 3.5747528 -6.1864405 14.699229 1260256565711
188.54619 22.417297 24.330101 3.5747528 -6.1864405 14.699229 1260256565714
188.54619 22.417297 24.330101 -13.831025 -7.3900948 6.7527885 1260256565722
183.36888 24.696432 22.463596 -13.831025 -7.3900948 6.7527885 1260256565728
183.36888 24.696432 22.463596 -9.308503 -16.479753 -0.88086224 1260256565739
179.50044 28.11161 21.290417 -9.308503 -16.479753 -0.88086224 1260256565744
179.50044 28.11161 21.290417 5.842105 -26.19963 5.961738 1260256565747
177.72542 32.706028 20.825895 5.842105 -26.19963 5.961738 1260256565750
177.72542 32.706028 20.825895 13.881189 -29.329407 -11.436133 1260256565758
177.68915 38.020725 20.784601 13.881189 -29.329407 -11.436133 1260256565768
177.68915 38.020725 20.784601 16.68909 -17.385502 -18.240122 1260256565771
178.9047 43.86969 20.845371 16.68909 -17.385502 -18.240122 1260256565774
178.9047 43.86969 20.845371 16.174128 -7.2889137 -20.141811 1260256565782
181.80946 50.126205 20.803102 16.174128 -7.2889137 -20.141811 1260256565790
181.80946 50.126205 20.803102 14.239374 -1.6768314 -17.776136 1260256565793
173.06898 39.069897 20.362947 14.239374 -1.6768314 -17.776136 1260256565805
173.06898 39.069897 20.362947 11.895011 -7.9429483 -9.872005 1260256565809
169.61554 30.716402 18.9948 11.895011 -7.9429483 -9.872005 1260256565819
169.61554 30.716402 18.9948 0.4377331 13.05184 2.3118696 1260256565826
165.88477 23.730581 17.14506 0.4377331 13.05184 2.3118696 1260256565839
165.88477 23.730581 17.14506 -13.24021 20.448298 -1.4859494 1260256565842
162.34053 16.744053 14.987806 -13.24021 20.448298 -1.4859494 1260256565863
162.34053 16.744053 14.987806 0.45655298 20.853855 3.4815707 1260256565866
159.8235 9.10685 11.988416 0.45655298 20.853855 3.4815707 1260256565878
159.8235 9.10685 11.988416 -14.452251 5.8169928 -9.608448 1260256565883
151.93233 17.201508 8.438994 -14.452251 5.8169928 -9.608448 1260256565898
151.93233 17.201508 8.438994 -1.3775549 7.9456453 -4.9623914 1260256565901
148.88571 22.841433 7.0670447 -1.3775549 7.9456453 -4.9623914 1260256565921
148.88571 22.841433 7.0670447 1.6887617 -5.0028915 -13.636532 1260256565924
147.94142 27.54936 6.6136923 1.6887617 -5.0028915 -13.636532 1260256565940
147.94142 27.54936 6.6136923 2.1996565 -28.481775 -18.243343 1260256566107
148.64435 32.021893 6.733008 2.1996565 -28.481775 -18.243343 1260256566118
148.64435 32.021893 6.733008 9.028219 -32.985794 -5.644627 1260256566124
151.01213 36.520798 7.2463574 9.028219 -32.985794 -5.644627 1260256566128
151.01213 36.520798 7.2463574 16.953573 -16.701244 -11.630178 1260256566131
152.91153 40.99476 7.6840396 16.953573 -16.701244 -11.630178 1260256566139
152.91153 40.99476 7.6840396 17.408806 -20.806364 -15.898302 1260256566142
154.66595 45.54502 8.1498375 17.408806 -20.806364 -15.898302 1260256566148
154.66595 45.54502 8.1498375 16.07543 -26.757013 -13.847717 1260256566151
156.68266 50.26777 8.692346 16.07543 -26.757013 -13.847717 1260256566154
156.68266 50.26777 8.692346 11.865002 -10.75524 -18.864067 1260256566162
159.24854 55.50438 9.057729 11.865002 -10.75524 -18.864067 1260256566165
159.24854 55.50438 9.057729 6.3498874 4.1823487 -13.545206 1260256566169
156.48611 44.72916 8.854842 6.3498874 4.1823487 -13.545206 1260256566174
156.48611 44.72916 8.854842 5.7373357 -4.9958515 -10.4949875 1260256566182
150.8618 40.642704 6.7621 5.7373357 -4.9958515 -10.4949875 1260256566185
150.8618 40.642704 6.7621 1.1109142 1.8178447 -4.7955475 1260256566189
145.31871 38.76057 4.8739953 1.1109142 1.8178447 -4.7955475 1260256566198
145.31871 38.76057 4.8739953 -17.340563 -9.291561 13.490279 1260256566202
140.05278 37.922543 3.2302957 -17.340563 -9.291561 13.490279 1260256566210
140.05278 37.922543 3.2302957 -11.178753 -10.398139 8.3102045 1260256566213
135.10014 37.876415 1.8687809 -11.178753 -10.398139 8.3102045 1260256566221
135.10014 37.876415 1.8687809 -1.2285147 -17.105856 14.996919 1260256566227
130.99513 38.932594 0.8753418 -1.2285147 -17.105856 14.996919 1260256566230
130.99513 38.932594 0.8753418 0.6321769 -28.016579 11.026691 1260256566233
129.84538 42.185966 0.5815747 0.6321769 -28.016579 11.026691 1260256566242
129.84538 42.185966 0.5815747 3.898918 -6.424855 -5.508747 1260256566245
132.50311 47.076668 1.152496 3.898918 -6.424855 -5.508747 1260256566253
132.50311 47.076668 1.152496 12.727886 -12.121621 -17.201757 1260256566260
137.42796 52.522835 2.0948713 12.727886 -12.121621 -17.201757 1260256566268
137.42796 52.522835 2.0948713 15.73074 -16.133228 -15.156327 1260256566271
143.10657 57.996693 3.0901277 15.73074 -16.133228 -15.156327 1260256566279
143.10657 57.996693 3.0901277 7.532233 -15.378681 -17.59745 1260256566282
149.40125 63.34686 4.285621 7.532233 -15.378681 -17.59745 1260256566290
149.40125 63.34686 4.285621 -5.0937047 -6.9789066 -10.830855 1260256566293
143.63118 60.079517 3.42134 -5.0937047 -6.9789066 -10.830855 1260256566304
143.63118 60.079517 3.42134 -4.0679407 3.909795 14.530291 1260256566311
138.19962 57.275543 2.1502728 -4.0679407 3.909795 14.530291 1260256566322
138.19962 57.275543 2.1502728 1.308248 -7.629341 12.8383465 1260256566326
133.08963 54.961765 0.84275913 1.308248 -7.629341 12.8383465 1260256566338
133.08963 54.961765 0.84275913 -3.2811074 4.9090242 22.940605 1260256566344
128.23515 53.363678 -0.5493789 -3.2811074 4.9090242 22.940605 1260256566360
128.23515 53.363678 -0.5493789 -17.647865 -11.157992 13.973699 1260256566364
123.9734 52.595493 -2.02191 -17.647865 -11.157992 13.973699 1260256566379
123.9734 52.595493 -2.02191 -21.840681 -23.248806 18.686096 1260256566382
121.224724 52.965717 -3.3708146 -21.840681 -23.248806 18.686096 1260256566398
121.224724 52.965717 -3.3708146 -8.315395 -22.791637 10.93096 1260256566403
120.86349 56.11743 -3.852274 -8.315395 -22.791637 10.93096 1260256566418
120.86349 56.11743 -3.852274 0.76782894 -17.668974 -15.805126 1260256566422
122.67031 59.71156 -3.6596603 0.76782894 -17.668974 -15.805126 1260256566438
122.67031 59.71156 -3.6596603 5.0845284 -23.477072 -10.256748 1260256566442
125.6868 63.675983 -3.0766773 5.0845284 -23.477072 -10.256748 1260256566456
125.6868 63.675983 -3.0766773 4.131398 -30.084059 -32.60743 1260256566464
128.95245 67.692184 -2.4228435 4.131398 -30.084059 -32.60743 1260256566478
128.95245 67.692184 -2.4228435 -0.8003049 -10.002073 -27.19742 1260256566483
131.55482 71.90758 -2.0017014 -0.8003049 -10.002073 -27.19742 1260256566501
131.55482 71.90758 -2.0017014 -5.907687 -16.931171 -21.500917 1260256566509
131.22708 76.3622 -2.1516163 -5.907687 -16.931171 -21.500917 1260256566519
131.22708 76.3622 -2.1516163 -10.058915 -15.173793 -23.687696 1260256566522
125.81573 80.94409 -3.5440354 -10.058915 -15.173793 -23.687696 1260256566538
125.81573 80.94409 -3.5440354 -3.3804464 3.6602077 -18.579279 1260256566543
120.82494 77.89689 -6.8168335 -3.3804464 3.6602077 -18.579279 1260256566559
120.82494 77.89689 -6.8168335 -18.115057 -10.601763 -4.723374 1260256566566
116.18369 75.40205 -8.525991 -18.115057 -10.601763 -4.723374 1260256566577
116.18369 75.40205 -8.525991 -22.842274 -10.879257 7.8325715 1260256566580
111.67451 73.48194 -9.599691 -22.842274 -10.879257 7.8325715 1260256566600
111.67451 73.48194 -9.599691 -13.358681 -8.785172 22.200455 1260256566603
107.34078 72.00784 -10.369707 -13.358681 -8.785172 22.200455 1260256566618
107.34078 72.00784 -10.369707 -5.7459865 -24.668697 24.155865 1260256566623
103.52374 71.05745 -10.951221 -5.7459865 -24.668697 24.155865 1260256566641
103.52374 71.05745 -10.951221 0.40594292 -29.425392 11.953003 1260256566648
102.14755 73.05458 -11.45366 0.40594292 -29.425392 11.953003 1260256566658
102.14755 73.05458 -11.45366 3.1644235 -7.598558 -3.298214 1260256566661
104.74017 76.20185 -11.030977 3.1644235 -7.598558 -3.298214 1260256566676
104.74017 76.20185 -11.030977 8.976639 -16.589052 -9.742948 1260256566683
110.90317 80.19176 -9.829429 8.976639 -16.589052 -9.742948 1260256566699
110.90317 80.19176 -9.829429 8.62536 1.4321012 -19.104042 1260256566868
118.10801 84.28217 -8.487957 8.62536 1.4321012 -19.104042 1260256566883
118.10801 84.28217 -8.487957 0.12672997 -13.87148 -20.370897 1260256566889
124.35261 88.01807 -7.313559 0.12672997 -13.87148 -20.370897 1260256566892
124.35261 88.01807 -7.313559 -1.7566853 -9.567688 -18.228676 1260256566900
127.28498 91.117165 -6.797881 -1.7566853 -9.567688 -18.228676 1260256566903
127.28498 91.117165 -6.797881 -3.8708224 -8.554962 -23.78461 1260256566907
124.92073 92.611305 -7.957987 -3.8708224 -8.554962 -23.78461 1260256566912
124.92073 92.611305 -7.957987 -15.535691 -0.2457056 -1.6357697 1260256566919
120.07469 90.13074 -9.010088 -15.535691 -0.2457056 -1.6357697 1260256566923
120.07469 90.13074 -9.010088 -14.041159 -22.074806 16.443834 1260256566927
115.12096 87.5742 -9.709583 -14.041159 -22.074806 16.443834 1260256566932
115.12096 87.5742 -9.709583 -8.837403 -14.658082 10.9429655 1260256566938
110.464905 85.3455 -10.224104 -8.837403 -14.658082 10.9429655 1260256566942
110.464905 85.3455 -10.224104 -3.462182 -16.38435 26.487576 1260256566948
106.39166 83.52822 -10.712898 -3.462182 -16.38435 26.487576 1260256566950
106.39166 83.52822 -10.712898 0.85748386 -28.742714 15.005444 1260256566958
103.42208 82.10181 -11.477253 0.85748386 -28.742714 15.005444 1260256566961
103.42208 82.10181 -11.477253 1.466157 -17.63358 10.614372 1260256566967
103.20097 84.24672 -12.25339 1.466157 -17.63358 10.614372 1260256566973
103.20097 84.24672 -12.25339 -1.4500978 -13.3488865 -11.059694 1260256566983
105.940926 87.634384 -11.790721 -1.4500978 -13.3488865 -11.059694 1260256566987
105.940926 87.634384 -11.790721 6.0990252 -3.4010582 -5.5577326 1260256566992
111.04388 90.802666 -10.801185 6.0990252 -3.4010582 -5.5577326 1260256566999
111.04388 90.802666 -10.801185 12.829826 -13.8798065 -17.616102 1260256567004
116.491684 93.56253 -9.611125 12.829826 -13.8798065 -17.616102 1260256567008
116.491684 93.56253 -9.611125 8.462379 -10.809729 -31.973026 1260256567011
121.2671 95.734406 -8.580568 8.462379 -10.809729 -31.973026 1260256567019
121.2671 95.734406 -8.580568 -1.1821966 -32.020954 -23.375036 1260256567022
125.003746 97.29768 -7.85154 -1.1821966 -32.020954 -23.375036 1260256567030
125.003746 97.29768 -7.85154 -6.531087 -25.18237 -17.79838 1260256567034
127.10356 98.2328 -7.5589633 -6.531087 -25.18237 -17.79838 1260256567046
127.10356 98.2328 -7.5589633 -10.248311 -14.608858 -12.76363 1260256567051
125.59838 98.771164 -8.131015 -10.248311 -14.608858 -12.76363 1260256567054
125.59838 98.771164 -8.131015 -15.541874 -8.217176 -0.9265523 1260256567064
121.26846 96.13261 -9.274465 -15.541874 -8.217176 -0.9265523 1260256567068
121.26846 96.13261 -9.274465 -10.130072 -21.633537 11.001798 1260256567078
116.25504 92.27598 -10.360742 -10.130072 -21.633537 11.001798 1260256567086
116.25504 92.27598 -10.360742 -1.6571889 3.1521873 16.747038 1260256567089
111.14229 87.76218 -11.392705 -1.6571889 3.1521873 16.747038 1260256567098
111.14229 87.76218 -11.392705 -0.40159035 1.2891583 19.676046 1260256567101
105.985176 82.97407 -12.32307 -0.40159035 1.2891583 19.676046 1260256567120
105.985176 82.97407 -12.32307 -5.143916 -7.325837 15.673407 1260256567123
101.43592 79.57536 -13.956916 -5.143916 -7.325837 15.673407 1260256567138
101.43592 79.57536 -13.956916 -14.762478 6.549777 3.8709996 1260256567143
104.314125 81.346596 -13.60907 -14.762478 6.549777 3.8709996 1260256567161
104.314125 81.346596 -13.60907 -9.826956 -7.0767736 -0.048717976 1260256567169
109.49842 83.32927 -12.578616 -9.826956 -7.0767736 -0.048717976 1260256567178
109.49842 83.32927 -12.578616 2.440622 -27.777014 -11.119509 1260256567181
114.7735 85.21281 -11.499685 2.440622 -27.777014 -11.119509 1260256567196
114.7735 85.21281 -11.499685 13.130117 -20.288593 -18.203232 1260256567204
119.83482 86.95216 -10.374701 13.130117 -20.288593 -18.203232 1260256567219
119.83482 86.95216 -10.374701 13.337448 -16.463814 -16.300293 1260256567225
124.14308 88.40456 -9.355966 13.337448 -16.463814 -16.300293 1260256567238
124.14308 88.40456 -9.355966 3.3714144 -25.775742 -18.720493 1260256567248
126.93593 89.58433 -8.638167 3.3714144 -25.775742 -18.720493 1260256567260
126.93593 89.58433 -8.638167 -5.26274 -26.963528 -6.240058 1260256567263
127.93913 90.35511 -8.206259 -5.26274 -26.963528 -6.240058 1260256567278
127.93913 90.35511 -8.206259 -9.1300745 -19.232117 -0.9879534 1260256567285
126.69218 90.98736 -8.395946 -9.1300745 -19.232117 -0.9879534 1260256567304
126.69218 90.98736 -8.395946 -10.098177 -9.388474 4.2021627 1260256567308
123.05757 88.73799 -9.926148 -10.098177 -9.388474 4.2021627 1260256567317
123.05757 88.73799 -9.926148 1.1280007 -10.91847 -4.3922424 1260256567321
118.554695 84.45109 -11.829841 1.1280007 -10.91847 -4.3922424 1260256567340
118.554695 84.45109 -11.829841 1.570581 -3.8609574 -2.2688322 1260256567343
114.27696 79.37853 -13.188349 1.570581 -3.8609574 -2.2688322 1260256567359
114.27696 79.37853 -13.188349 -12.043373 10.162992 1.9222541 1260256567365
110.16312 74.40961 -14.478931 -12.043373 10.162992 1.9222541 1260256567378
110.16312 74.40961 -14.478931 -17.119396 12.5305 6.7476263 1260256567381
105.85496 69.73913 -16.154985 -17.119396 12.5305 6.7476263 1260256567399
105.85496 69.73913 -16.154985 -5.420461 -1.436307 0.3472185 1260256567402
100.76221 65.60217 -18.647236 -5.420461 -1.436307 0.3472185 1260256567421
100.76221 65.60217 -18.647236 -9.621678 -0.68156505 -4.7237105 1260256567424
113.5241 62.372063 -22.114874 -9.621678 -0.68156505 -4.7237105 1260256567467
113.5241 62.372063 -22.114874 -11.59371 4.1036844 -8.22476 1260256567470
108.34789 67.253456 -24.40913 -11.59371 4.1036844 -8.22476 1260256567485
108.34789 67.253456 -24.40913 -5.5382333 5.043694 -4.0806036 1260256567647
104.4305 70.94078 -25.638674 -5.5382333 5.043694 -4.0806036 1260256567653
104.4305 70.94078 -25.638674 -14.515099 -17.600962 -4.4092283 1260256567662
100.85897 73.54374 -26.00674 -14.515099 -17.600962 -4.4092283 1260256567669
100.85897 73.54374 -26.00674 -15.292854 -2.6320963 -2.6320639 1260256567680
95.96602 73.21655 -25.806404 -15.292854 -2.6320963 -2.6320639 1260256567686
95.96602 73.21655 -25.806404 -12.733248 -7.94903 -3.6848855 1260256567689
107.21772 73.00572 -25.516085 -12.733248 -7.94903 -3.6848855 1260256567692
107.21772 73.00572 -25.516085 -10.611806 -12.258744 -4.46286 1260256567700
115.506836 72.75544 -25.24028 -10.611806 -12.258744 -4.46286 1260256567703
115.506836 72.75544 -25.24028 -9.046995 -17.131676 -5.042136 1260256567711
121.38149 72.567665 -24.878265 -9.046995 -17.131676 -5.042136 1260256567714
121.38149 72.567665 -24.878265 -5.582591 -20.850004 -4.3711524 1260256567720
126.312416 72.38928 -24.434353 -5.582591 -20.850004 -4.3711524 1260256567723
126.312416 72.38928 -24.434353 -0.7540951 -22.77098 -1.7327538 1260256567727
130.64679 72.26982 -23.862635 -0.7540951 -22.77098 -1.7327538 1260256567730
130.64679 72.26982 -23.862635 3.680613 -22.848267 3.2949555 1260256567733
134.41444 71.95633 -23.369503 3.680613 -22.848267 3.2949555 1260256567738
134.41444 71.95633 -23.369503 4.6612864 -21.885687 8.532503 1260256567741
137.79372 71.45851 -22.851028 4.6612864 -21.885687 8.532503 1260256567745
137.79372 71.45851 -22.851028 3.4625676 -22.176685 11.655447 1260256567748
140.80403 70.685585 -22.358477 3.4625676 -22.176685 11.655447 1260256567758
140.80403 70.685585 -22.358477 0.16880012 -21.949348 7.461667 1260256567761
143.26382 69.55131 -22.040552 0.16880012 -21.949348 7.461667 1260256567766
143.26382 69.55131 -22.040552 -2.9892306 -13.402935 -1.40729 1260256567769
