192.31879 34.601463 20.525501 12.598537 -6.172004 -0.014071465 1260256466402
192.31879 34.601463 20.525501 15.534522 -5.5488186 6.2850237 1260256466406
192.65285 35.02139 21.499226 15.534522 -5.5488186 6.2850237 1260256466409
192.65285 35.02139 21.499226 11.016696 -2.411913 11.443538 1260256466412
193.0202 35.32032 22.524265 11.016696 -2.411913 11.443538 1260256466417
193.0202 35.32032 22.524265 2.3335705 -0.4474845 9.928643 1260256466428
193.41919 35.604305 23.648052 2.3335705 -0.4474845 9.928643 1260256466432
193.41919 35.604305 23.648052 -2.163538 1.4841733 2.5202901 1260256466438
194.39822 35.62409 25.065649 -2.163538 1.4841733 2.5202901 1260256466444
194.39822 35.62409 25.065649 6.738838 3.0368896 -2.8171828 1260256466450
197.62831 34.842884 27.062366 6.738838 3.0368896 -2.8171828 1260256466459
197.62831 34.842884 27.062366 15.454805 0.44331527 5.045769 1260256466462
196.1469 39.45074 26.60925 15.454805 0.44331527 5.045769 1260256466468
196.1469 39.45074 26.60925 14.9730625 -23.097107 -8.896583 1260256466471
195.88956 44.378204 26.478786 14.9730625 -23.097107 -8.896583 1260256466496
195.88956 44.378204 26.478786 15.709923 -13.79028 -7.219475 1260256466499
196.29507 49.409294 26.554848 15.709923 -13.79028 -7.219475 1260256466502
196.29507 49.409294 26.554848 15.248968 0.6194987 -7.070991 1260256466516
197.18031 54.48883 26.727106 15.248968 0.6194987 -7.070991 1260256466519
197.18031 54.48883 26.727106 13.747179 4.755862 -5.6665316 1260256466522
198.7713 59.66439 26.89075 13.747179 4.755862 -5.6665316 1260256466531
198.7713 59.66439 26.89075 11.91698 -1.9560398 -1.7587696 1260256466534
205.98274 48.23117 26.896214 11.91698 -1.9560398 -1.7587696 1260256466538
205.98274 48.23117 26.896214 10.640181 9.188196 -1.0950866 1260256466550
199.93361 39.81961 25.751402 10.640181 9.188196 -1.0950866 1260256466555
199.93361 39.81961 25.751402 5.8741417 -5.972703 -5.5057087 1260256466558
201.68694 29.57863 23.513832 5.8741417 -5.972703 -5.5057087 1260256466568
201.68694 29.57863 23.513832 -10.755704 10.203165 -2.5727026 1260256466572
197.20259 34.299698 21.93814 -10.755704 10.203165 -2.5727026 1260256466575
197.20259 34.299698 21.93814 -0.5567752 -9.17272 5.0089245 1260256466579
193.64246 38.134712 20.941235 -0.5567752 -9.17272 5.0089245 1260256466591
193.64246 38.134712 20.941235 8.96342 -18.627207 -9.924126 1260256466595
190.01033 41.527977 20.044172 8.96342 -18.627207 -9.924126 1260256466603
190.01033 41.527977 20.044172 10.190741 -14.226715 -8.666892 1260256466607
186.25981 44.601578 19.391964 10.190741 -14.226715 -8.666892 1260256466611
186.25981 44.601578 19.391964 7.7964487 -28.107498 2.5442944 1260256466614
181.94682 47.3715 18.872366 7.7964487 -28.107498 2.5442944 1260256466634
181.94682 47.3715 18.872366 2.9612088 -14.378426 -10.506548 1260256466638
176.84949 49.002922 18.278748 2.9612088 -14.378426 -10.506548 1260256466646
176.84949 49.002922 18.278748 -4.164573 -0.34593868 3.7548351 1260256466650
170.85701 49.502777 18.16481 -4.164573 -0.34593868 3.7548351 1260256466666
170.85701 49.502777 18.16481 -4.9043326 2.711759 7.503789 1260256466670
163.76416 48.87764 19.30657 -4.9043326 2.711759 7.503789 1260256466686
163.76416 48.87764 19.30657 5.3459787 8.69664 2.2946198 1260256466690
166.82596 54.38376 19.241241 5.3459787 8.69664 2.2946198 1260256466706
166.82596 54.38376 19.241241 5.0350523 6.6361065 -8.815925 1260256466710
166.88466 58.514572 18.879179 5.0350523 6.6361065 -8.815925 1260256466726
166.88466 58.514572 18.879179 2.687445 -17.149067 -12.28316 1260256466730
166.39043 62.138844 18.48522 2.687445 -17.149067 -12.28316 1260256466746
166.39043 62.138844 18.48522 0.07650757 -8.231268 -5.2546535 1260256466750
165.8209 65.5819 18.060959 0.07650757 -8.231268 -5.2546535 1260256466766
165.8209 65.5819 18.060959 -2.9473963 -21.01044 -20.822264 1260256466770
165.22986 68.852806 17.70791 -2.9473963 -21.01044 -20.822264 1260256466786
165.22986 68.852806 17.70791 -4.2940326 -15.669881 -10.948675 1260256466790
165.01837 72.21017 17.422516 -4.2940326 -15.669881 -10.948675 1260256466806
165.01837 72.21017 17.422516 -5.640048 -14.347939 -15.18624 1260256466810
164.41745 75.599655 16.95139 -5.640048 -14.347939 -15.18624 1260256466826
164.41745 75.599655 16.95139 -7.2092414 -11.699254 -14.732913 1260256466830
163.29657 78.91967 16.30382 -7.2092414 -11.699254 -14.732913 1260256466847
163.29657 78.91967 16.30382 -4.750815 -2.7133925 -0.5983715 1260256466850
158.78174 81.72369 14.438628 -4.750815 -2.7133925 -0.5983715 1260256466866
158.78174 81.72369 14.438628 8.391011 -2.280181 -4.5143766 1260256466870
152.84265 76.8375 12.466697 8.391011 -2.280181 -4.5143766 1260256466886
152.84265 76.8375 12.466697 -3.4949517 -8.040064 6.481763 1260256466890
147.05052 72.39563 10.743361 -3.4949517 -8.040064 6.481763 1260256466907
147.05052 72.39563 10.743361 -13.276409 3.5234418 11.683813 1260256466910
141.54799 68.62585 8.656194 -13.276409 3.5234418 11.683813 1260256467229
141.54799 68.62585 8.656194 -5.2554703 5.899074 14.11631 1260256467249
136.27058 65.394554 6.223384 -5.2554703 5.899074 14.11631 1260256467252
136.27058 65.394554 6.223384 -17.406834 -7.390977 11.928637 1260256467272
131.30705 63.074825 3.4122148 -17.406834 -7.390977 11.928637 1260256467275
131.30705 63.074825 3.4122148 -22.532791 -10.897726 5.244378 1260256467283
127.3417 61.971085 0.84160393 -22.532791 -10.897726 5.244378 1260256467299
127.3417 61.971085 0.84160393 -10.90242 -8.53128 6.598936 1260256467304
125.424614 65.07253 -0.60047626 -10.90242 -8.53128 6.598936 1260256467319
125.424614 65.07253 -0.60047626 -17.999966 -30.033154 -13.424091 1260256467323
126.00338 68.118904 -1.0204525 -17.999966 -30.033154 -13.424091 1260256467353
126.00338 68.118904 -1.0204525 -13.515091 -17.788979 -15.165806 1260256467356
128.2532 71.41296 -0.9194299 -13.515091 -17.788979 -15.165806 1260256467362
128.2532 71.41296 -0.9194299 -6.8809466 -33.118427 -28.53416 1260256467368
130.94055 74.69231 -0.6234584 -6.8809466 -33.118427 -28.53416 1260256467376
130.94055 74.69231 -0.6234584 -2.5481534 -17.205627 -18.924862 1260256467380
133.19353 77.90769 -0.34228545 -2.5481534 -17.205627 -18.924862 1260256467383
133.19353 77.90769 -0.34228545 -0.76951575 -26.833866 -31.48765 1260256467394
134.68385 81.06231 -0.2751712 -0.76951575 -26.833866 -31.48765 1260256467400
134.68385 81.06231 -0.2751712 -1.9681368 -11.760704 -13.621351 1260256467403
135.19966 84.00919 -0.36141264 -1.9681368 -11.760704 -13.621351 1260256467412
135.19966 84.00919 -0.36141264 -4.3233223 -21.77919 -23.756521 1260256467416
134.63968 86.65874 -0.79334205 -4.3233223 -21.77919 -23.756521 1260256467419
134.63968 86.65874 -0.79334205 -9.776647 -2.3507795 -10.717039 1260256467424
132.6077 89.2258 -1.853675 -9.776647 -2.3507795 -10.717039 1260256467433
132.6077 89.2258 -1.853675 -14.082287 -17.656124 -8.964736 1260256467451
129.57732 91.66451 -3.6109912 -14.082287 -17.656124 -8.964736 1260256467478
129.57732 91.66451 -3.6109912 -1.0695906 -0.93744135 3.231357 1260256467481
125.89845 94.38129 -6.1304417 -1.0695906 -0.93744135 3.231357 1260256467484
125.89845 94.38129 -6.1304417 -4.1749907 -5.2543864 8.591803 1260256467492
121.65353 90.51222 -9.3739195 -4.1749907 -5.2543864 8.591803 1260256467498
121.65353 90.51222 -9.3739195 -5.769273 -7.1326423 8.860155 1260256467501
117.02085 86.03661 -12.555223 -5.769273 -7.1326423 8.860155 1260256467504
117.02085 86.03661 -12.555223 -4.8349466 9.058889 -1.9007589 1260256467507
112.519806 82.28478 -15.627462 -4.8349466 9.058889 -1.9007589 1260256467510
112.519806 82.28478 -15.627462 -7.230481 -6.827442 -6.681409 1260256467513
109.19382 80.32054 -17.04609 -7.230481 -6.827442 -6.681409 1260256467528
109.19382 80.32054 -17.04609 1.3909626 1.5897045 2.089736 1260256467531
106.03413 79.15452 -17.643785 1.3909626 1.5897045 2.089736 1260256467541
106.03413 79.15452 -17.643785 0.34195805 -9.7119465 1.5686598 1260256467548
102.68242 78.246796 -17.961596 0.34195805 -9.7119465 1.5686598 1260256467551
102.68242 78.246796 -17.961596 -2.5853133 -25.072712 0.9717164 1260256467554
99.2483 77.38445 -18.013515 -2.5853133 -25.072712 0.9717164 1260256467563
99.2483 77.38445 -18.013515 -1.7587452 -33.564777 7.264062 1260256467566
95.985886 76.46523 -17.96284 -1.7587452 -33.564777 7.264062 1260256467569
95.985886 76.46523 -17.96284 0.3353653 -29.789333 13.559134 1260256467573
93.13659 75.44197 -17.964697 0.3353653 -29.789333 13.559134 1260256467580
93.13659 75.44197 -17.964697 0.977623 -17.80815 15.681129 1260256467583
90.929756 74.66987 -17.916462 0.977623 -17.80815 15.681129 1260256467602
90.929756 74.66987 -17.916462 3.2021856 -6.9336014 10.755632 1260256467606
89.88327 74.43638 -17.87064 3.2021856 -6.9336014 10.755632 1260256467616
89.88327 74.43638 -17.87064 4.6733847 -3.1166296 5.306786 1260256467620
90.489105 76.46456 -17.677107 4.6733847 -3.1166296 5.306786 1260256467636
90.489105 76.46456 -17.677107 6.689993 -17.500603 -1.6358562 1260256467639
93.46465 80.19133 -16.743252 6.689993 -17.500603 -1.6358562 1260256467666
93.46465 80.19133 -16.743252 8.67326 3.584454 -11.776197 1260256467670
99.19142 84.43176 -15.456089 8.67326 3.584454 -11.776197 1260256467686
99.19142 84.43176 -15.456089 0.4587829 -8.504195 -8.415247 1260256467690
106.93185 88.76018 -14.033284 0.4587829 -8.504195 -8.415247 1260256467706
106.93185 88.76018 -14.033284 -4.5305753 -10.73184 -21.789593 1260256467710
114.98525 92.92217 -12.68162 -4.5305753 -10.73184 -21.789593 1260256467726
114.98525 92.92217 -12.68162 4.702567 6.101809 -21.94925 1260256467730
120.08599 96.62606 -11.647538 4.702567 6.101809 -21.94925 1260256467747
120.08599 96.62606 -11.647538 10.909018 -11.596521 -24.985693 1260256467750
120.58169 99.044754 -11.315162 10.909018 -11.596521 -24.985693 1260256467766
120.58169 99.044754 -11.315162 7.9008827 0.5167475 -12.978857 1260256467770
118.2526 99.64252 -11.749404 7.9008827 0.5167475 -12.978857 1260256467787
118.2526 99.64252 -11.749404 1.5878143 -7.64907 2.5136847 1260256467790
114.58997 97.61039 -12.161934 1.5878143 -7.64907 2.5136847 1260256467806
114.58997 97.61039 -12.161934 -4.397621 -18.24128 0.19920635 1260256467810
110.81048 95.27987 -12.453837 -4.397621 -18.24128 0.19920635 1260256467826
110.81048 95.27987 -12.453837 -8.038754 -31.702848 21.4901 1260256467830
107.16995 92.865875 -12.6311455 -8.038754 -31.702848 21.4901 1260256467846
107.16995 92.865875 -12.6311455 -8.561392 -11.36327 19.978598 1260256467850
103.96146 90.52258 -12.849588 -8.561392 -11.36327 19.978598 1260256467867
103.96146 90.52258 -12.849588 -8.949455 -20.98182 6.013387 1260256467870
101.51338 88.59645 -13.157109 -8.949455 -20.98182 6.013387 1260256468065
101.51338 88.59645 -13.157109 -10.021168 -16.77993 13.963624 1260256468068
103.53771 89.916626 -12.599254 -10.021168 -16.77993 13.963624 1260256468071
103.53771 89.916626 -12.599254 -0.56736195 -17.09156 -7.389885 1260256468074
108.360825 92.82079 -11.319291 -0.56736195 -17.09156 -7.389885 1260256468090
108.360825 92.82079 -11.319291 12.519008 1.8671365 -11.634493 1260256468101
113.99278 95.97975 -9.953326 12.519008 1.8671365 -11.634493 1260256468105
113.99278 95.97975 -9.953326 10.321983 -17.940536 -15.994242 1260256468108
119.39314 98.98077 -8.70566 10.321983 -17.940536 -15.994242 1260256468114
119.39314 98.98077 -8.70566 -1.1299138 1.4758883 -18.539335 1260256468120
121.27348 100.48173 -8.120377 -1.1299138 1.4758883 -18.539335 1260256468126
121.27348 100.48173 -8.120377 -8.650717 -10.509291 -11.593445 1260256468130
118.80981 99.40764 -8.214357 -8.650717 -10.509291 -11.593445 1260256468133
118.80981 99.40764 -8.214357 -11.690256 -4.839691 -0.58268404 1260256468141
114.869316 97.23726 -8.553639 -11.690256 -4.839691 -0.58268404 1260256468148
114.869316 97.23726 -8.553639 -13.054715 -18.810051 16.4804 1260256468151
110.87585 94.82539 -8.825957 -13.054715 -18.810051 16.4804 1260256468154
110.87585 94.82539 -8.825957 -12.020859 -25.413834 9.440264 1260256468162
107.13206 92.48412 -9.034659 -12.020859 -25.413834 9.440264 1260256468168
107.13206 92.48412 -9.034659 -9.106958 -8.592096 17.25078 1260256468172
103.92545 90.459915 -9.382926 -9.106958 -8.592096 17.25078 1260256468177
103.92545 90.459915 -9.382926 -5.299734 -19.903418 17.67796 1260256468180
102.32918 89.486916 -9.86378 -5.299734 -19.903418 17.67796 1260256468198
102.32918 89.486916 -9.86378 0.9918151 -18.927742 -0.11657247 1260256468201
104.31272 92.46257 -9.470591 0.9918151 -18.927742 -0.11657247 1260256468208
104.31272 92.46257 -9.470591 -0.014285058 3.5009189 -8.186745 1260256468211
108.997086 96.039444 -8.647061 -0.014285058 3.5009189 -8.186745 1260256468214
108.997086 96.039444 -8.647061 -4.5879936 -15.20076 -17.416162 1260256468222
114.84723 99.48747 -7.7147083 -4.5879936 -15.20076 -17.416162 1260256468225
114.84723 99.48747 -7.7147083 -5.3193555 2.2307167 -22.810505 1260256468229
119.704865 102.6131 -6.878973 -5.3193555 2.2307167 -22.810505 1260256468246
119.704865 102.6131 -6.878973 -1.821883 -15.819758 -26.088768 1260256468249
121.669624 104.68244 -6.4850245 -1.821883 -15.819758 -26.088768 1260256468252
121.669624 104.68244 -6.4850245 -1.55601 -2.1484585 -19.32701 1260256468266
119.53614 104.69832 -6.8107734 -1.55601 -2.1484585 -19.32701 1260256468270
119.53614 104.69832 -6.8107734 -8.107359 -5.567168 -6.1605725 1260256468279
115.459335 102.263405 -7.370235 -8.107359 -5.567168 -6.1605725 1260256468282
115.459335 102.263405 -7.370235 -14.559525 -25.744259 8.473793 1260256468289
111.23637 99.350235 -7.801723 -14.559525 -25.744259 8.473793 1260256468294
111.23637 99.350235 -7.801723 -16.501453 -8.097776 16.63441 1260256468297
107.174545 96.432724 -8.111637 -16.501453 -8.097776 16.63441 1260256468302
107.174545 96.432724 -8.111637 -14.85654 -22.174355 16.898125 1260256468318
104.515816 94.761086 -8.356055 -14.85654 -22.174355 16.898125 1260256468326
104.515816 94.761086 -8.356055 -11.1103115 -14.986786 0.53613997 1260256468329
107.79002 96.37303 -7.7882524 -11.1103115 -14.986786 0.53613997 1260256468336
107.79002 96.37303 -7.7882524 -9.193163 -16.926273 -6.7132096 1260256468340
112.80052 98.954384 -6.8488398 -9.193163 -16.926273 -6.7132096 1260256468356
112.80052 98.954384 -6.8488398 -1.629478 -0.15663815 -15.534196 1260256468360
117.960495 101.35667 -5.8563976 -1.629478 -0.15663815 -15.534196 1260256468376
117.960495 101.35667 -5.8563976 9.382254 -20.333248 -13.659875 1260256468381
122.11247 103.188835 -5.0635777 9.382254 -20.333248 -13.659875 1260256468396
122.11247 103.188835 -5.0635777 12.988308 -19.594625 -19.560509 1260256468400
124.60685 104.22939 -4.7103987 12.988308 -19.594625 -19.560509 1260256468416
124.60685 104.22939 -4.7103987 10.331174 -10.838205 -10.975062 1260256468420
123.97651 104.41792 -5.124879 10.331174 -10.838205 -10.975062 1260256468436
123.97651 104.41792 -5.124879 5.5865626 -7.8452945 -6.1422577 1260256468440
119.877686 101.84703 -6.318635 5.5865626 -7.8452945 -6.1422577 1260256468456
119.877686 101.84703 -6.318635 -6.5037313 -19.712646 7.1669188 1260256468460
115.0338 98.25468 -7.502703 -6.5037313 -19.712646 7.1669188 1260256468476
115.0338 98.25468 -7.502703 -16.243269 0.40532875 7.7290735 1260256468480
110.182106 94.391945 -8.627568 -16.243269 0.40532875 7.7290735 1260256468500
110.182106 94.391945 -8.627568 -13.8348055 -6.284015 4.2425795 1260256468503
105.573 90.92235 -9.79619 -13.8348055 -6.284015 4.2425795 1260256468516
105.573 90.92235 -9.79619 -1.6598616 -5.850354 16.101357 1260256468520
104.39435 91.67623 -10.10638 -1.6598616 -5.850354 16.101357 1260256468536
104.39435 91.67623 -10.10638 3.2187595 -5.1580462 6.175414 1260256468540
107.77463 92.74242 -9.601062 3.2187595 -5.1580462 6.175414 1260256468557
107.77463 92.74242 -9.601062 1.5824444 -7.2736473 -7.727057 1260256468561
112.2859 93.95529 -8.821009 1.5824444 -7.2736473 -7.727057 1260256468576
112.2859 93.95529 -8.821009 -3.1667626 -18.653603 -18.37586 1260256468580
117.0216 95.057526 -7.979958 -3.1667626 -18.653603 -18.37586 1260256468596
117.0216 95.057526 -7.979958 -6.20829 -30.6595 -12.004274 1260256468600
121.270515 96.05465 -7.18096 -6.20829 -30.6595 -12.004274 1260256468617
121.270515 96.05465 -7.18096 -4.435007 -29.863365 -10.336485 1260256468620
124.40699 96.80192 -6.4719124 -4.435007 -29.863365 -10.336485 1260256468636
124.40699 96.80192 -6.4719124 0.17724597 -21.88497 -14.005188 1260256468640
125.73664 97.21182 -6.048317 0.17724597 -21.88497 -14.005188 1260256468832
125.73664 97.21182 -6.048317 2.8662815 -14.806394 -12.908779 1260256468836
124.84981 97.25123 -5.945901 2.8662815 -14.806394 -12.908779 1260256468841
124.84981 97.25123 -5.945901 2.5484343 -11.523908 -10.49453 1260256468854
122.40732 96.138664 -6.398606 2.5484343 -11.523908 -10.49453 1260256468857
122.40732 96.138664 -6.398606 -3.03546 -16.466537 -2.5318635 1260256468861
118.636955 93.68173 -7.7786756 -3.03546 -16.466537 -2.5318635 1260256468869
118.636955 93.68173 -7.7786756 -12.836803 1.2513595 2.8560402 1260256468873
114.10511 89.297646 -9.839742 -12.836803 1.2513595 2.8560402 1260256468879
114.10511 89.297646 -9.839742 -0.38033462 -10.082775 1.6062193 1260256468882
109.54986 84.232765 -11.797754 -0.38033462 -10.082775 1.6062193 1260256468891
109.54986 84.232765 -11.797754 1.2552824 -3.9424047 -1.3174391 1260256468894
104.62237 79.371124 -14.1578665 1.2552824 -3.9424047 -1.3174391 1260256468897
104.62237 79.371124 -14.1578665 -17.003063 9.1336 4.072977 1260256468903
99.64125 75.50257 -17.099974 -17.003063 9.1336 4.072977 1260256468911
99.64125 75.50257 -17.099974 0.9948702 -1.3612586 0.827322 1260256468915
95.509186 73.02744 -19.444975 0.9948702 -1.3612586 0.827322 1260256468921
95.509186 73.02744 -19.444975 -13.927381 2.7689714 -5.1800623 1260256468924
92.53373 76.07607 -20.622726 -13.927381 2.7689714 -5.1800623 1260256468928
92.53373 76.07607 -20.622726 -16.750687 -13.582476 -2.7601213 1260256468931
90.60704 78.22227 -20.94159 -16.750687 -13.582476 -2.7601213 1260256468934
90.60704 78.22227 -20.94159 -13.769672 -13.125381 2.5929108 1260256468949
89.67669 79.761154 -20.64451 -13.769672 -13.125381 2.5929108 1260256468952
89.67669 79.761154 -20.64451 -12.782843 -2.437726 -1.7875248 1260256468962
91.09286 80.923096 -20.062284 -12.782843 -2.437726 -1.7875248 1260256468965
91.09286 80.923096 -20.062284 -11.4666605 -7.3712416 0.12353897 1260256468969
97.638214 81.77694 -19.35917 -11.4666605 -7.3712416 0.12353897 1260256468973
97.638214 81.77694 -19.35917 -6.6876926 -18.436922 7.1264563 1260256468982
103.95631 81.88809 -18.691212 -6.6876926 -18.436922 7.1264563 1260256468988
103.95631 81.88809 -18.691212 -0.41603315 -22.128359 9.62126 1260256468991
109.70849 81.893684 -18.00665 -0.41603315 -22.128359 9.62126 1260256468994
109.70849 81.893684 -18.00665 5.355144 -23.16263 8.552819 1260256468997
114.72306 81.649 -17.406319 5.355144 -23.16263 8.552819 1260256469004
114.72306 81.649 -17.406319 7.595605 -19.472834 5.345762 1260256469012
118.83691 81.21655 -16.886003 7.595605 -19.472834 5.345762 1260256469028
118.83691 81.21655 -16.886003 6.9290314 -12.278021 1.4007013 1260256469031
