156.16438 38.12372 20.93012 14.552535 -8.396057 7.1312304 1260256351343
156.16438 38.12372 20.93012 14.070246 -10.506895 0.13721085 1260256351347
165.20616 38.36753 21.733614 14.070246 -10.506895 0.13721085 1260256351350
165.20616 38.36753 21.733614 8.380023 -12.801962 -3.310454 1260256351353
174.79585 38.699154 22.446934 8.380023 -12.801962 -3.310454 1260256351357
174.79585 38.699154 22.446934 2.0606818 -15.914894 -0.5181904 1260256351367
182.60606 38.964195 23.274588 2.0606818 -15.914894 -0.5181904 1260256351371
182.60606 38.964195 23.274588 -2.1385174 -17.381605 2.9505024 1260256351379
190.52576 39.315987 24.060858 -2.1385174 -17.381605 2.9505024 1260256351382
190.52576 39.315987 24.060858 -1.0052576 -18.4249 3.2980635 1260256351389
198.19946 39.65019 24.907814 -1.0052576 -18.4249 3.2980635 1260256351392
198.19946 39.65019 24.907814 5.782157 -17.789677 -0.64480805 1260256351401
204.93948 39.81768 25.912424 5.782157 -17.789677 -0.64480805 1260256351403
204.93948 39.81768 25.912424 14.694387 -15.857323 -1.3275952 1260256351407
195.54251 39.876797 26.916803 14.694387 -15.857323 -1.3275952 1260256351591
195.54251 39.876797 26.916803 16.97383 -14.683088 3.5392652 1260256351600
186.51538 39.732956 28.070963 16.97383 -14.683088 3.5392652 1260256351623
186.51538 39.732956 28.070963 8.762259 -14.148051 6.153209 1260256351627
178.03961 39.39631 29.367414 8.762259 -14.148051 6.153209 1260256351647
178.03961 39.39631 29.367414 -3.0912814 -13.508272 1.9436469 1260256351651
169.48763 38.12649 31.499044 -3.0912814 -13.508272 1.9436469 1260256351654
169.48763 38.12649 31.499044 5.1448884 -5.165227 9.759451 1260256351658
163.46324 34.470165 31.874092 5.1448884 -5.165227 9.759451 1260256351661
163.46324 34.470165 31.874092 6.5274515 1.1335905 -6.88978 1260256351664
158.24008 31.696657 29.930387 6.5274515 1.1335905 -6.88978 1260256351680
158.24008 31.696657 29.930387 -10.608866 -0.16816115 7.434951 1260256351683
152.87808 30.261824 27.483868 -10.608866 -0.16816115 7.434951 1260256351690
152.87808 30.261824 27.483868 2.5925455 8.225938 10.162502 1260256351694
147.43417 29.998732 25.059673 2.5925455 8.225938 10.162502 1260256351697
147.43417 29.998732 25.059673 -8.247481 0.74967194 18.779602 1260256351703
142.21246 30.598795 22.85669 -8.247481 0.74967194 18.779602 1260256351711
142.21246 30.598795 22.85669 -16.097471 -10.642151 13.100456 1260256351715
137.45184 32.018856 20.963856 -16.097471 -10.642151 13.100456 1260256351719
137.45184 32.018856 20.963856 1.4687047 -29.079508 7.838787 1260256351724
133.77925 34.367912 19.565662 1.4687047 -29.079508 7.838787 1260256351731
133.77925 34.367912 19.565662 3.2188327 -26.513485 -3.964185 1260256351738
132.89029 37.79952 18.73738 3.2188327 -26.513485 -3.964185 1260256351741
132.89029 37.79952 18.73738 0.04708028 -22.148354 5.085679 1260256351749
134.84578 42.009544 18.45051 0.04708028 -22.148354 5.085679 1260256351753
134.84578 42.009544 18.45051 0.65978813 -7.6115313 -12.917147 1260256351759
138.10349 46.759068 18.427984 0.65978813 -7.6115313 -12.917147 1260256351762
138.10349 46.759068 18.427984 1.6695738 -15.700308 -20.31215 1260256351770
141.64832 51.921116 18.406586 1.6695738 -15.700308 -20.31215 1260256351773
141.64832 51.921116 18.406586 0.32143164 -17.283186 -12.763404 1260256351777
145.9659 57.72506 18.036257 0.32143164 -17.283186 -12.763404 1260256351783
145.9659 57.72506 18.036257 -5.308762 -11.036181 -6.579039 1260256351795
150.2176 46.738808 16.284445 -5.308762 -11.036181 -6.579039 1260256351798
150.2176 46.738808 16.284445 -7.2349873 -1.7471361 1.7986007 1260256351803
154.55673 37.201866 13.720222 -7.2349873 -1.7471361 1.7986007 1260256351812
154.55673 37.201866 13.720222 4.5202065 9.183 -0.8976698 1260256351816
161.57889 27.391773 10.334211 4.5202065 9.183 -0.8976698 1260256351819
161.57889 27.391773 10.334211 -13.985467 -4.858756 0.20016646 1260256351822
156.14995 33.122185 8.067501 -13.985467 -4.858756 0.20016646 1260256351839
156.14995 33.122185 8.067501 4.8648133 -14.872335 -4.2142706 1260256351842
155.29245 37.366077 7.664126 4.8648133 -14.872335 -4.2142706 1260256351852
155.29245 37.366077 7.664126 9.555806 -10.430228 -5.4437323 1260256351856
161.47783 41.147774 7.8809195 9.555806 -10.430228 -5.4437323 1260256351861
161.47783 41.147774 7.8809195 14.645288 -18.530699 -7.4302645 1260256351864
168.10394 44.890385 8.336873 14.645288 -18.530699 -7.4302645 1260256351873
168.10394 44.890385 8.336873 16.892498 -32.773438 -11.857279 1260256351877
173.79875 48.695866 8.870029 16.892498 -32.773438 -11.857279 1260256351880
173.79875 48.695866 8.870029 13.77001 -13.395458 -10.647317 1260256351888
177.8088 52.41107 9.276528 13.77001 -13.395458 -10.647317 1260256351891
177.8088 52.41107 9.276528 7.9580564 -27.211952 -5.1501284 1260256351897
178.41837 56.09052 9.312702 7.9580564 -27.211952 -5.1501284 1260256351904
178.41837 56.09052 9.312702 4.1742435 -9.898834 -18.608963 1260256351908
176.94745 59.685993 9.047067 4.1742435 -9.898834 -18.608963 1260256351911
176.94745 59.685993 9.047067 4.376921 -9.249174 1.863101 1260256351913
172.30008 63.201694 7.694713 4.376921 -9.249174 1.863101 1260256351926
172.30008 63.201694 7.694713 7.946183 -7.7783103 -1.6835294 1260256351933
164.48508 59.99161 4.959977 7.946183 -7.7783103 -1.6835294 1260256351942
164.48508 59.99161 4.959977 -14.813097 3.0449479 2.582661 1260256351946
157.51082 56.54203 3.1619782 -14.813097 3.0449479 2.582661 1260256351949
157.51082 56.54203 3.1619782 -8.494557 2.489468 3.700017 1260256351954
150.63528 54.014927 1.5038793 -8.494557 2.489468 3.700017 1260256351962
150.63528 54.014927 1.5038793 -0.68236065 3.4448178 17.345598 1260256351966
144.05351 52.51418 0.028685367 -0.68236065 3.4448178 17.345598 1260256351969
144.05351 52.51418 0.028685367 -10.23383 -16.840488 11.739885 1260256351972
138.05084 52.28847 -1.0727489 -10.23383 -16.840488 11.739885 1260256351989
138.05084 52.28847 -1.0727489 -16.740814 -25.227535 10.239996 1260256351992
134.2483 53.574047 -1.6191114 -16.740814 -25.227535 10.239996 1260256352002
134.2483 53.574047 -1.6191114 -14.051733 -18.175253 0.73912823 1260256352006
136.8859 56.895344 -1.2881558 -14.051733 -18.175253 0.73912823 1260256352027
136.8859 56.895344 -1.2881558 -7.436209 -21.826212 -7.849023 1260256352031
141.3916 60.950577 -0.37374797 -7.436209 -21.826212 -7.849023 1260256352049
141.3916 60.950577 -0.37374797 3.749696 -7.462455 -20.289509 1260256352052
146.72202 65.35305 0.6949395 3.749696 -7.462455 -20.289509 1260256352066
146.72202 65.35305 0.6949395 16.259037 -20.148487 -28.175924 1260256352070
151.53592 69.5354 1.6601925 16.259037 -20.148487 -28.175924 1260256352086
151.53592 69.5354 1.6601925 18.641335 -17.360853 -21.256508 1260256352090
154.00912 73.25863 2.0771828 18.641335 -17.360853 -21.256508 1260256352106
154.00912 73.25863 2.0771828 11.593845 -2.3124132 -11.645853 1260256352296
149.55867 76.345695 -0.02667637 11.593845 -2.3124132 -11.645853 1260256352299
149.55867 76.345695 -0.02667637 -5.7503977 -14.04533 3.2533112 1260256352302
143.18074 73.17841 -2.5753424 -5.7503977 -14.04533 3.2533112 1260256352314
143.18074 73.17841 -2.5753424 -17.760899 4.225314 14.600986 1260256352318
137.0217 70.01949 -4.5465755 -17.760899 4.225314 14.600986 1260256352321
137.0217 70.01949 -4.5465755 -7.8093195 -12.157518 17.93246 1260256352324
131.07062 67.21852 -6.2692466 -7.8093195 -12.157518 17.93246 1260256352333
131.07062 67.21852 -6.2692466 -18.986374 2.1612768 19.515022 1260256352337
125.46709 65.00759 -7.905784 -18.986374 2.1612768 19.515022 1260256352343
125.46709 65.00759 -7.905784 -27.479685 -19.175049 18.880362 1260256352350
120.74373 63.75721 -9.410495 -27.479685 -19.175049 18.880362 1260256352356
120.74373 63.75721 -9.410495 -15.067871 -23.26044 4.974452 1260256352359
119.20654 66.46935 -10.33997 -15.067871 -23.26044 4.974452 1260256352368
119.20654 66.46935 -10.33997 -1.8068461 -13.288488 3.66118 1260256352371
121.64622 69.09589 -10.172971 -1.8068461 -13.288488 3.66118 1260256352378
121.64622 69.09589 -10.172971 3.7795768 -21.30523 -18.758589 1260256352381
125.86391 72.091095 -9.364323 3.7795768 -21.30523 -18.758589 1260256352391
125.86391 72.091095 -9.364323 2.8810875 -26.281305 -10.155608 1260256352394
130.32071 75.38654 -8.396107 2.8810875 -26.281305 -10.155608 1260256352397
130.32071 75.38654 -8.396107 -2.4972086 -23.680283 -30.675915 1260256352401
134.25467 78.567215 -7.6263013 -2.4972086 -23.680283 -30.675915 1260256352404
134.25467 78.567215 -7.6263013 -5.4746037 -20.080326 -25.69269 1260256352416
135.59193 81.53886 -7.5449862 -5.4746037 -20.080326 -25.69269 1260256352420
135.59193 81.53886 -7.5449862 -11.6649475 -13.658197 -13.721336 1260256352431
131.96234 84.26192 -9.367737 -11.6649475 -13.658197 -13.721336 1260256352452
131.96234 84.26192 -9.367737 -10.406212 -15.021276 5.5462646 1260256352462
126.314224 81.34882 -11.09935 -10.406212 -15.021276 5.5462646 1260256352470
126.314224 81.34882 -11.09935 -3.7504873 -5.353997 11.760483 1260256352473
120.59851 78.381386 -12.094382 -3.7504873 -5.353997 11.760483 1260256352479
120.59851 78.381386 -12.094382 -10.363289 -12.5513735 13.922463 1260256352483
115.018585 75.662315 -12.639663 -10.363289 -12.5513735 13.922463 1260256352487
115.018585 75.662315 -12.639663 -13.765913 -16.192087 36.375885 1260256352490
109.71766 73.4792 -13.05768 -13.765913 -16.192087 36.375885 1260256352493
109.71766 73.4792 -13.05768 -14.579927 -5.6752377 18.394579 1260256352507
104.98177 72.10524 -13.404796 -14.579927 -5.6752377 18.394579 1260256352510
104.98177 72.10524 -13.404796 -14.097365 -16.038124 5.5899544 1260256352521
106.48268 73.64998 -13.284555 -14.097365 -16.038124 5.5899544 1260256352529
106.48268 73.64998 -13.284555 -9.009211 -3.769929 -3.1141124 1260256352533
111.10854 76.66748 -12.370328 -9.009211 -3.769929 -3.1141124 1260256352537
111.10854 76.66748 -12.370328 3.6114788 -22.991796 -10.152674 1260256352540
116.75311 80.13411 -11.201812 3.6114788 -22.991796 -10.152674 1260256352557
116.75311 80.13411 -11.201812 14.441165 -4.7628574 -21.295935 1260256352560
122.31546 83.4774 -10.091722 14.441165 -4.7628574 -21.295935 1260256352576
122.31546 83.4774 -10.091722 11.346851 -24.657516 -21.380713 1260256352580
126.949684 86.00353 -9.237136 11.346851 -24.657516 -21.380713 1260256352596
126.949684 86.00353 -9.237136 1.0866342 -7.8942137 -12.572643 1260256352600
130.8022 87.203354 -8.775279 1.0866342 -7.8942137 -12.572643 1260256352616
130.8022 87.203354 -8.775279 -5.831574 -12.662378 -12.569512 1260256352620
141.86209 87.04319 -8.486515 -5.831574 -12.662378 -12.569512 1260256352636
141.86209 87.04319 -8.486515 -9.1298485 -14.681969 -1.6919341 1260256352640
134.86899 86.39103 -8.1621895 -9.1298485 -14.681969 -1.6919341 1260256352656
134.86899 86.39103 -8.1621895 -10.346118 -15.847152 7.3087373 1260256352660
128.62553 85.57148 -7.75408 -10.346118 -15.847152 7.3087373 1260256352676
128.62553 85.57148 -7.75408 -9.928202 -18.106272 8.109812 1260256352680
123.244255 84.69291 -7.4163756 -9.928202 -18.106272 8.109812 1260256352696
123.244255 84.69291 -7.4163756 -9.271523 -20.857372 3.7819266 1260256352700
118.58204 83.45827 -7.495557 -9.271523 -20.857372 3.7819266 1260256352716
118.58204 83.45827 -7.495557 -11.397332 -21.850986 6.0386677 1260256352720
113.852936 80.435356 -8.820779 -11.397332 -21.850986 6.0386677 1260256352736
113.852936 80.435356 -8.820779 -10.278439 5.923554 3.6236439 1260256352740
108.660286 74.963585 -10.52974 -10.278439 5.923554 3.6236439 1260256352761
108.660286 74.963585 -10.52974 1.5642395 9.288723 1.8233156 1260256352765
103.32727 68.915405 -11.953254 1.5642395 9.288723 1.8233156 1260256352776
103.32727 68.915405 -11.953254 -3.5954852 12.67627 12.241583 1260256352780
113.96091 63.019634 -13.355591 -3.5954852 12.67627 12.241583 1260256352796
113.96091 63.019634 -13.355591 -17.743397 10.987288 8.920155 1260256352800
123.31286 52.818653 -15.237811 -17.743397 10.987288 8.920155 1260256352819
123.31286 52.818653 -15.237811 -15.948809 3.8223548 6.109606 1260256352822
117.247215 58.67772 -17.82592 -15.948809 3.8223548 6.109606 1260256352836
117.247215 58.67772 -17.82592 -1.3148155 -10.082816 -6.3237715 1260256352840
117.43485 61.693832 -17.634624 -1.3148155 -10.082816 -6.3237715 1260256352856
117.43485 61.693832 -17.634624 5.6855564 -3.647849 -4.60187 1260256352860
124.71311 63.90914 -16.552893 5.6855564 -3.647849 -4.60187 1260256352876
124.71311 63.90914 -16.552893 8.868757 -30.559391 -9.333315 1260256352880
132.82745 66.06368 -15.175248 8.868757 -30.559391 -9.333315 1260256352896
132.82745 66.06368 -15.175248 0.30752897 -26.126028 2.3738656 1260256353082
140.63608 68.3105 -13.616486 0.30752897 -26.126028 2.3738656 1260256353087
140.63608 68.3105 -13.616486 -1.1054597 -18.477156 -2.7620823 1260256353090
148.20427 70.294975 -12.2356615 -1.1054597 -18.477156 -2.7620823 1260256353093
148.20427 70.294975 -12.2356615 9.079805 -31.493616 -0.85443425 1260256353108
154.99405 72.130226 -10.973879 9.079805 -31.493616 -0.85443425 1260256353111
154.99405 72.130226 -10.973879 14.197065 -19.56846 -3.085222 1260256353122
162.34435 73.62372 -9.875185 14.197065 -19.56846 -3.085222 1260256353128
162.34435 73.62372 -9.875185 6.963083 -4.472454 0.24574935 1260256353131
157.97713 74.542534 -9.331426 6.963083 -4.472454 0.24574935 1260256353134
157.97713 74.542534 -9.331426 -0.70921904 -1.7536445 -6.6702666 1260256353142
152.32828 73.5154 -10.614855 -0.70921904 -1.7536445 -6.6702666 1260256353146
152.32828 73.5154 -10.614855 5.72045 4.6005397 1.4447955 1260256353151
162.61186 69.68964 -13.784112 5.72045 4.6005397 1.4447955 1260256353158
162.61186 69.68964 -13.784112 -15.447283 -5.0266256 4.601374 1260256353163
171.53127 64.75516 -15.794907 -15.447283 -5.0266256 4.601374 1260256353167
171.53127 64.75516 -15.794907 -7.498301 -4.144246 6.666821 1260256353170
178.8547 59.9674 -17.755161 -7.498301 -4.144246 6.666821 1260256353181
178.8547 59.9674 -17.755161 -2.691454 9.859253 -0.53618526 1260256353187
185.31197 55.769028 -20.067404 -2.691454 9.859253 -0.53618526 1260256353192
185.31197 55.769028 -20.067404 -24.014843 13.522739 5.378332 1260256353197
191.54637 52.280575 -22.864033 -24.014843 13.522739 5.378332 1260256353200
191.54637 52.280575 -22.864033 -11.015054 -4.394698 3.7011647 1260256353203
197.96906 40.666546 -25.87083 -11.015054 -4.394698 3.7011647 1260256353210
197.96906 40.666546 -25.87083 -27.705723 -1.7798618 -9.823146 1260256353222
204.5706 46.883217 -28.07729 -27.705723 -1.7798618 -9.823146 1260256353226
204.5706 46.883217 -28.07729 -22.485287 -7.933854 4.280224 1260256353239
210.74207 51.989056 -29.423426 -22.485287 -7.933854 4.280224 1260256353246
210.74207 51.989056 -29.423426 -8.696902 -20.963501 -4.824066 1260256353249
214.90497 55.889603 -29.752254 -8.696902 -20.963501 -4.824066 1260256353259
214.90497 55.889603 -29.752254 -3.9034452 -11.677906 -6.316487 1260256353262
218.50972 59.045124 -29.614641 -3.9034452 -11.677906 -6.316487 1260256353266
218.50972 59.045124 -29.614641 -1.5188847 -27.494684 -2.2699862 1260256353269
221.83423 61.892868 -29.38391 -1.5188847 -27.494684 -2.2699862 1260256353272
221.83423 61.892868 -29.38391 -2.0658007 -15.014847 -5.041164 1260256353274
224.69252 64.648224 -29.264713 -2.0658007 -15.014847 -5.041164 1260256353293
224.69252 64.648224 -29.264713 -3.4775438 -32.374542 -0.17811286 1260256353297
227.2079 67.365814 -29.251478 -3.4775438 -32.374542 -0.17811286 1260256353302
227.2079 67.365814 -29.251478 -4.3257456 -12.556751 0.8640041 1260256353318
229.2975 67.09753 -29.188904 -4.3257456 -12.556751 0.8640041 1260256353325
229.2975 67.09753 -29.188904 -4.3439465 -13.757822 3.1823816 1260256353328
230.78262 69.54265 -28.979458 -4.3439465 -13.757822 3.1823816 1260256353336
230.78262 69.54265 -28.979458 -4.708065 -27.259483 -8.221169 1260256353340
231.6435 71.76552 -28.730486 -4.708065 -27.259483 -8.221169 1260256353357
231.6435 71.76552 -28.730486 -5.925632 -27.64014 5.892156 1260256353361
231.56133 73.97724 -28.543962 -5.925632 -27.64014 5.892156 1260256353376
231.56133 73.97724 -28.543962 -7.4685974 -12.115949 -4.1475353 1260256353380
230.43326 76.17838 -28.466764 -7.4685974 -12.115949 -4.1475353 1260256353397
230.43326 76.17838 -28.466764 -8.40916 -26.806196 -10.133406 1260256353400
228.2116 78.419464 -28.593426 -8.40916 -26.806196 -10.133406 1260256353416
228.2116 78.419464 -28.593426 -7.1545777 -18.13394 7.862337 1260256353420
224.65102 80.74849 -28.913754 -7.1545777 -18.13394 7.862337 1260256353437
224.65102 80.74849 -28.913754 -3.9586978 -6.1287704 -5.949594 1260256353442
220.71846 79.411064 -29.268066 -3.9586978 -6.1287704 -5.949594 1260256353456
220.71846 79.411064 -29.268066 -0.3813715 -4.3650203 3.4424906 1260256353460
216.78253 78.19051 -29.504663 -0.3813715 -4.3650203 3.4424906 1260256353476
216.78253 78.19051 -29.504663 2.5226383 -13.092527 4.3415575 1260256353480
213.3934 77.23099 -29.52943 2.5226383 -13.092527 4.3415575 1260256353496
213.3934 77.23099 -29.52943 4.31701 -18.114567 2.218145 1260256353499
210.37373 76.319435 -29.30296 4.31701 -18.114567 2.218145 1260256353523
210.37373 76.319435 -29.30296 4.8260565 -14.913904 -0.6478138 1260256353526
207.35504 75.25346 -29.037811 4.8260565 -14.913904 -0.6478138 1260256353536
207.35504 75.25346 -29.037811 4.0384007 -4.061682 -4.322613 1260256353539
204.2873 73.99079 -28.73592 4.0384007 -4.061682 -4.322613 1260256353560
204.2873 73.99079 -28.73592 2.0219138 5.120324 1.542182 1260256353563
