140.82968 30.23424 22.371368 12.518177 3.5723286 3.598189 1260256660819
140.82968 30.23424 22.371368 3.649865 3.0199895 2.1320822 1260256660823
142.98819 30.322527 23.3528 3.649865 3.0199895 2.1320822 1260256660827
142.98819 30.322527 23.3528 -1.8364687 2.6841083 5.0172086 1260256660830
143.63878 30.3064 24.28516 -1.8364687 2.6841083 5.0172086 1260256660838
143.63878 30.3064 24.28516 0.56654024 2.8645506 9.288223 1260256660842
143.80684 30.241081 25.170902 0.56654024 2.8645506 9.288223 1260256660848
143.80684 30.241081 25.170902 8.273689 3.2667484 10.46456 1260256660850
143.3665 30.129026 26.012358 8.273689 3.2667484 10.46456 1260256660854
143.3665 30.129026 26.012358 15.17824 4.0685434 8.164949 1260256660861
142.34818 29.922575 26.91174 15.17824 4.0685434 8.164949 1260256660887
142.34818 29.922575 26.91174 16.834385 5.23505 5.904334 1260256660898
140.83076 29.476446 27.866152 16.834385 5.23505 5.904334 1260256660904
140.83076 29.476446 27.866152 10.809162 5.7499967 8.866849 1260256660907
137.93922 28.652624 28.972845 10.809162 5.7499967 8.866849 1260256660910
137.93922 28.652624 28.972845 -0.5135193 1.889671 11.455327 1260256660918
133.79227 26.519993 29.174202 -0.5135193 1.889671 11.455327 1260256660921
133.79227 26.519993 29.174202 -4.2570925 -8.13715 3.9274979 1260256660928
130.40265 23.243994 27.815493 -4.2570925 -8.13715 3.9274979 1260256660933
130.40265 23.243994 27.815493 4.6129203 15.601404 10.401434 1260256660943
127.48251 19.881794 25.724718 4.6129203 15.601404 10.401434 1260256660946
127.48251 19.881794 25.724718 1.8726535 1.8705616 14.359131 1260256660952
124.85839 17.087704 23.138483 1.8726535 1.8705616 14.359131 1260256660961
124.85839 17.087704 23.138483 -17.569685 21.2807 13.976449 1260256660964
121.915474 15.883319 19.681559 -17.569685 21.2807 13.976449 1260256660970
121.915474 15.883319 19.681559 -8.077932 4.2839375 7.9803467 1260256660980
118.3197 16.089153 16.04748 -8.077932 4.2839375 7.9803467 1260256660988
118.3197 16.089153 16.04748 -22.631838 -4.7851467 20.64494 1260256660991
114.70372 17.534695 13.145105 -22.631838 -4.7851467 20.64494 1260256661165
114.70372 17.534695 13.145105 -13.068073 -9.669425 8.3013735 1260256661169
111.66853 22.50796 11.13785 -13.068073 -9.669425 8.3013735 1260256661182
111.66853 22.50796 11.13785 -23.866142 -22.943232 -3.6189198 1260256661186
109.88511 27.232561 9.980957 -23.866142 -22.943232 -3.6189198 1260256661189
109.88511 27.232561 9.980957 -11.153193 -34.23004 -7.4448924 1260256661194
110.09085 32.420933 9.531909 -11.153193 -34.23004 -7.4448924 1260256661201
110.09085 32.420933 9.531909 -0.38047993 -30.868977 -24.850414 1260256661207
111.58631 37.899887 9.355313 -0.38047993 -30.868977 -24.850414 1260256661210
111.58631 37.899887 9.355313 3.7175438 -20.12395 -32.72095 1260256661218
113.756996 43.604893 9.237548 3.7175438 -20.12395 -32.72095 1260256661221
113.756996 43.604893 9.237548 4.984074 -8.537964 -31.329334 1260256661227
115.26915 49.474648 8.925671 4.984074 -8.537964 -31.329334 1260256661230
115.26915 49.474648 8.925671 5.793939 0.5111742 -25.010654 1260256661233
126.955696 55.850914 8.129387 5.793939 0.5111742 -25.010654 1260256661242
126.955696 55.850914 8.129387 7.769006 5.5882225 -15.390082 1260256661245
130.75792 45.658367 6.1229177 7.769006 5.5882225 -15.390082 1260256661248
130.75792 45.658367 6.1229177 -6.8213625 -4.5972543 -7.499866 1260256661253
130.72002 40.87545 3.8667717 -6.8213625 -4.5972543 -7.499866 1260256661265
130.72002 40.87545 3.8667717 -14.903795 10.56932 8.718979 1260256661268
129.13402 36.781677 1.5734329 -14.903795 10.56932 8.718979 1260256661279
129.13402 36.781677 1.5734329 -2.1995602 19.658583 6.331376 1260256661285
124.177315 34.042595 -1.3552389 -2.1995602 19.658583 6.331376 1260256661288
124.177315 34.042595 -1.3552389 -26.053823 1.1939979 7.0425115 1260256661291
135.86845 32.940464 -4.987477 -26.053823 1.1939979 7.0425115 1260256661299
135.86845 32.940464 -4.987477 -7.716485 -13.344427 3.3238785 1260256661302
130.27502 38.14344 -6.8381033 -7.716485 -13.344427 3.3238785 1260256661308
130.27502 38.14344 -6.8381033 -19.491966 -18.977001 1.2689152 1260256661311
126.41127 42.486267 -7.346198 -19.491966 -18.977001 1.2689152 1260256661324
126.41127 42.486267 -7.346198 -17.19878 -14.349013 -14.149729 1260256661328
125.04071 46.861954 -7.078888 -17.19878 -14.349013 -14.149729 1260256661333
125.04071 46.861954 -7.078888 -8.267376 -29.288082 -29.383556 1260256661340
128.03868 51.218857 -6.4749436 -8.267376 -29.288082 -29.383556 1260256661346
128.03868 51.218857 -6.4749436 1.3466661 -33.869324 -19.396526 1260256661349
131.58675 55.507915 -5.8011966 1.3466661 -33.869324 -19.396526 1260256661359
131.58675 55.507915 -5.8011966 8.860365 -15.284976 -20.684914 1260256661363
133.90741 59.73252 -5.211137 8.860365 -15.284976 -20.684914 1260256661371
133.90741 59.73252 -5.211137 11.766107 -19.934769 -28.764187 1260256661380
134.71204 63.895897 -4.8505797 11.766107 -19.934769 -28.764187 1260256661385
134.71204 63.895897 -4.8505797 10.646379 -24.980907 -21.232708 1260256661392
133.22644 68.0011 -4.9580507 10.646379 -24.980907 -21.232708 1260256661403
133.22644 68.0011 -4.9580507 6.6863585 -3.7902546 -17.744717 1260256661407
128.66512 72.251045 -5.910148 6.6863585 -3.7902546 -17.744717 1260256661418
128.66512 72.251045 -5.910148 -3.8379042 -8.322292 -23.413605 1260256661427
139.93185 76.78849 -8.41464 -3.8379042 -8.322292 -23.413605 1260256661439
139.93185 76.78849 -8.41464 -20.476261 -13.849424 -8.127199 1260256661442
133.53526 73.09907 -11.743908 -20.476261 -13.849424 -8.127199 1260256661461
133.53526 73.09907 -11.743908 -10.020827 6.2782726 0.13783884 1260256661464
128.6585 69.54411 -13.756713 -10.020827 6.2782726 0.13783884 1260256661478
128.6585 69.54411 -13.756713 -29.066692 -5.166718 18.781982 1260256661487
124.22557 66.51691 -15.218878 -29.066692 -5.166718 18.781982 1260256661498
124.22557 66.51691 -15.218878 -26.628326 0.2051301 30.35495 1260256661501
119.86429 64.04106 -16.557934 -26.628326 0.2051301 30.35495 1260256661520
119.86429 64.04106 -16.557934 -14.430199 -18.632437 20.33526 1260256661523
115.62107 62.389008 -17.830038 -14.430199 -18.632437 20.33526 1260256661542
115.62107 62.389008 -17.830038 -10.461515 -10.347113 19.674725 1260256661546
111.640015 61.669556 -18.938536 -10.461515 -10.347113 19.674725 1260256661559
111.640015 61.669556 -18.938536 -15.975817 -8.399547 8.957865 1260256661566
108.958015 64.73608 -19.341608 -15.975817 -8.399547 8.957865 1260256661578
108.958015 64.73608 -19.341608 -13.755502 -26.163128 -8.8606825 1260256661581
109.16012 68.04927 -18.724527 -13.755502 -26.163128 -8.8606825 1260256661601
109.16012 68.04927 -18.724527 -1.5428404 -8.162832 -9.692162 1260256661604
112.20211 71.7468 -17.4883 -1.5428404 -8.162832 -9.692162 1260256661618
112.20211 71.7468 -17.4883 12.405052 -21.195183 -22.563915 1260256661627
116.592 75.60947 -16.013885 12.405052 -21.195183 -22.563915 1260256661637
116.592 75.60947 -16.013885 8.985307 -17.377708 -33.939903 1260256661644
120.8124 79.479 -14.663191 8.985307 -17.377708 -33.939903 1260256661660
120.8124 79.479 -14.663191 -2.781835 -5.711021 -22.660044 1260256661663
123.17178 83.20505 -13.680031 -2.781835 -5.711021 -22.660044 1260256661682
123.17178 83.20505 -13.680031 -6.8051677 -20.889688 -22.119843 1260256661686
121.01319 86.844795 -13.69603 -6.8051677 -20.889688 -22.119843 1260256661698
121.01319 86.844795 -13.69603 -13.342908 1.2744541 -14.275474 1260256661703
115.762535 90.45255 -16.261229 -13.342908 1.2744541 -14.275474 1260256661717
115.762535 90.45255 -16.261229 -7.0814843 -10.712641 3.609244 1260256661721
111.374405 86.579926 -18.298168 -7.0814843 -10.712641 3.609244 1260256661740
111.374405 86.579926 -18.298168 -12.463564 4.8227534 11.787269 1260256661743
107.45568 82.95093 -19.48326 -12.463564 4.8227534 11.787269 1260256661923
107.45568 82.95093 -19.48326 -26.110842 -16.849781 23.318766 1260256661927
103.732895 79.80338 -20.359097 -26.110842 -16.849781 23.318766 1260256661937
103.732895 79.80338 -20.359097 -30.035076 -2.0318756 24.362436 1260256661941
100.24625 77.413216 -21.041142 -30.035076 -2.0318756 24.362436 1260256661947
100.24625 77.413216 -21.041142 -24.956085 -24.825642 21.831413 1260256661950
97.133934 75.79256 -21.589085 -24.956085 -24.825642 21.831413 1260256661960
97.133934 75.79256 -21.589085 -17.550611 -21.989113 3.2917976 1260256661963
95.127235 75.10293 -21.90963 -17.550611 -21.989113 3.2917976 1260256661970
95.127235 75.10293 -21.90963 -10.808955 -16.134743 -8.677286 1260256661973
95.57088 77.24778 -21.464148 -10.808955 -16.134743 -8.677286 1260256661981
95.57088 77.24778 -21.464148 -9.968375 -29.007755 -6.781287 1260256661984
98.392334 79.935394 -20.39094 -9.968375 -29.007755 -6.781287 1260256661987
98.392334 79.935394 -20.39094 -9.850243 -10.099557 -17.089294 1260256661993
102.47272 82.93862 -19.021393 -9.850243 -10.099557 -17.089294 1260256661999
102.47272 82.93862 -19.021393 2.08349 -29.398487 -20.285072 1260256662004
107.09908 86.04169 -17.570324 2.08349 -29.398487 -20.285072 1260256662008
107.09908 86.04169 -17.570324 15.256764 -9.461138 -27.258804 1260256662013
111.09413 89.1396 -16.291807 15.256764 -9.461138 -27.258804 1260256662021
111.09413 89.1396 -16.291807 9.556311 -24.801134 -27.723488 1260256662030
113.18942 92.182625 -15.477217 9.556311 -24.801134 -27.723488 1260256662033
113.18942 92.182625 -15.477217 -2.3502655 -3.2502651 -15.754158 1260256662041
111.929955 94.973495 -15.653356 -2.3502655 -3.2502651 -15.754158 1260256662045
111.929955 94.973495 -15.653356 -5.6833806 -14.82601 -19.795952 1260256662051
108.58346 92.12482 -17.470688 -5.6833806 -14.82601 -19.795952 1260256662053
108.58346 92.12482 -17.470688 -0.8948536 0.19865608 -0.96692604 1260256662062
105.05428 89.218575 -18.447153 -0.8948536 0.19865608 -0.96692604 1260256662066
105.05428 89.218575 -18.447153 -9.550824 -21.734032 15.094797 1260256662071
101.50157 86.507645 -18.924795 -9.550824 -21.734032 15.094797 1260256662079
101.50157 86.507645 -18.924795 -14.397858 -7.2207737 20.600857 1260256662088
98.07649 84.282265 -19.078556 -14.397858 -7.2207737 20.600857 1260256662091
98.07649 84.282265 -19.078556 -14.510192 -26.76918 12.179929 1260256662100
94.92267 82.66815 -19.074629 -14.510192 -26.76918 12.179929 1260256662103
94.92267 82.66815 -19.074629 -11.65328 -30.880617 20.522312 1260256662109
92.276535 81.63474 -19.120897 -11.65328 -30.880617 20.522312 1260256662122
92.276535 81.63474 -19.120897 -10.036104 -18.638565 16.649944 1260256662126
91.01271 83.05301 -19.164852 -10.036104 -18.638565 16.649944 1260256662131
91.01271 83.05301 -19.164852 -8.786748 -25.364956 1.4758945 1260256662134
92.612076 85.10036 -18.756609 -8.786748 -25.364956 1.4758945 1260256662144
92.612076 85.10036 -18.756609 -2.1277683 -10.936979 -18.16991 1260256662148
96.331474 87.89534 -17.768778 -2.1277683 -10.936979 -18.16991 1260256662161
96.331474 87.89534 -17.768778 9.028148 -12.615309 -11.552497 1260256662168
101.3649 90.90057 -16.48034 9.028148 -12.615309 -11.552497 1260256662178
101.3649 90.90057 -16.48034 10.32563 -15.948078 -15.234381 1260256662181
106.49665 93.855545 -15.206322 10.32563 -15.948078 -15.234381 1260256662201
106.49665 93.855545 -15.206322 -0.23138762 -10.854921 -33.341988 1260256662204
110.77182 96.46277 -14.096005 -0.23138762 -10.854921 -33.341988 1260256662218
110.77182 96.46277 -14.096005 -6.577297 -22.940897 -22.83834 1260256662225
113.33323 98.43963 -13.391205 -6.577297 -22.940897 -22.83834 1260256662241
113.33323 98.43963 -13.391205 -7.034022 -8.019485 -20.346947 1260256662249
112.86657 99.31765 -13.221644 -7.034022 -8.019485 -20.346947 1260256662259
112.86657 99.31765 -13.221644 -9.513179 -9.697347 -5.9572334 1260256662262
109.52324 97.801765 -13.560562 -9.513179 -9.697347 -5.9572334 1260256662278
109.52324 97.801765 -13.560562 -15.461546 -15.876116 -2.7973235 1260256662286
105.49708 95.36168 -14.082534 -15.461546 -15.876116 -2.7973235 1260256662300
105.49708 95.36168 -14.082534 -19.074455 -26.3514 12.24923 1260256662307
101.57223 92.293594 -14.578407 -19.074455 -26.3514 12.24923 1260256662317
101.57223 92.293594 -14.578407 -19.158365 -4.858694 19.57164 1260256662320
97.79362 88.92892 -15.099487 -19.158365 -4.858694 19.57164 1260256662341
97.79362 88.92892 -15.099487 -15.612808 -18.063253 14.580617 1260256662344
94.103935 85.58247 -15.594513 -15.612808 -18.063253 14.580617 1260256662358
94.103935 85.58247 -15.594513 -8.96837 -0.30766106 22.207094 1260256662365
90.94874 83.65335 -16.314787 -8.96837 -0.30766106 22.207094 1260256662385
90.94874 83.65335 -16.314787 -0.28181124 -17.507496 8.605202 1260256662388
91.6013 85.12068 -15.849048 -0.28181124 -17.507496 8.605202 1260256662397
91.6013 85.12068 -15.849048 -0.3381189 -10.0922 3.950346 1260256662400
96.071236 87.41465 -14.656595 -0.3381189 -10.0922 3.950346 1260256662421
96.071236 87.41465 -14.656595 -5.3474894 -11.290649 -17.89023 1260256662424
101.367676 89.84392 -13.273766 -5.3474894 -11.290649 -17.89023 1260256662467
101.367676 89.84392 -13.273766 -0.33477497 -28.215065 -21.221323 1260256662470
107.04929 92.30172 -11.810078 -0.33477497 -28.215065 -21.221323 1260256662491
107.04929 92.30172 -11.810078 14.5295105 -9.432885 -22.185114 1260256662494
111.84683 94.636635 -10.419574 14.5295105 -9.432885 -22.185114 1260256662504
111.84683 94.636635 -10.419574 14.633932 -18.983877 -21.379066 1260256662508
114.60449 96.75481 -9.348595 14.633932 -18.983877 -21.379066 1260256662513
114.60449 96.75481 -9.348595 2.6319718 -17.795618 -4.334497 1260256662522
115.02427 98.31707 -8.731165 2.6319718 -17.795618 -4.334497 1260256662688
115.02427 98.31707 -8.731165 -5.7068977 -2.005145 -3.285512 1260256662692
112.623055 99.301216 -9.244607 -5.7068977 -2.005145 -3.285512 1260256662702
112.623055 99.301216 -9.244607 -4.357625 2.1802268 -5.908 1260256662709
108.5419 95.73615 -11.382377 -4.357625 2.1802268 -5.908 1260256662712
108.5419 95.73615 -11.382377 3.9819665 -12.831308 2.7968848 1260256662720
105.36481 90.59934 -12.963258 3.9819665 -12.831308 2.7968848 1260256662723
105.36481 90.59934 -12.963258 -10.421293 -3.6130161 -0.901093 1260256662727
102.79657 85.069374 -14.115095 -10.421293 -3.6130161 -0.901093 1260256662732
102.79657 85.069374 -14.115095 -17.49311 6.816711 9.596895 1260256662739
100.15674 79.8159 -15.3093405 -17.49311 6.816711 9.596895 1260256662744
100.15674 79.8159 -15.3093405 -13.270006 14.689423 13.315325 1260256662747
96.5989 75.17511 -17.193874 -13.270006 14.689423 13.315325 1260256662751
96.5989 75.17511 -17.193874 -3.2971992 5.777812 8.506036 1260256662759
91.968956 71.66635 -19.88418 -3.2971992 5.777812 8.506036 1260256662765
91.968956 71.66635 -19.88418 -25.30038 -6.9800944 1.4660273 1260256662768
87.57051 69.18304 -22.28997 -25.30038 -6.9800944 1.4660273 1260256662771
87.57051 69.18304 -22.28997 -14.426397 -7.557767 -8.7856245 1260256662779
83.99198 72.77389 -23.675472 -14.426397 -7.557767 -8.7856245 1260256662784
83.99198 72.77389 -23.675472 -5.3680506 -7.684644 -3.6481535 1260256662793
81.242386 75.285194 -24.041698 -5.3680506 -7.684644 -3.6481535 1260256662801
81.242386 75.285194 -24.041698 -2.2026129 -16.451298 0.4355669 1260256662805
78.380264 77.12093 -23.789614 -2.2026129 -16.451298 0.4355669 1260256662808
78.380264 77.12093 -23.789614 2.519014 -29.70905 -4.6115203 1260256662813
91.911255 78.56489 -23.350134 2.519014 -29.70905 -4.6115203 1260256662820
91.911255 78.56489 -23.350134 3.6561365 -21.914629 -0.07878041 1260256662825
103.11569 79.786644 -22.832626 3.6561365 -21.914629 -0.07878041 1260256662828
103.11569 79.786644 -22.832626 1.8317809 -14.068697 1.0436666 1260256662832
111.35991 80.84731 -22.240995 1.8317809 -14.068697 1.0436666 1260256662842
111.35991 80.84731 -22.240995 -2.4393597 -17.189768 -6.910865 1260256662850
117.44192 80.85495 -21.578945 -2.4393597 -17.189768 -6.910865 1260256662853
117.44192 80.85495 -21.578945 -7.7398634 -17.798695 -5.742729 1260256662861
121.36982 80.9122 -20.899998 -7.7398634 -17.798695 -5.742729 1260256662865
121.36982 80.9122 -20.899998 -11.8540745 -16.978197 -2.7451854 1260256662870
123.80133 80.91659 -20.304998 -11.8540745 -16.978197 -2.7451854 1260256662879
123.80133 80.91659 -20.304998 -12.894791 -14.325941 1.372266 1260256662887
125.36127 80.820755 -19.839748 -12.894791 -14.325941 1.372266 1260256662892
125.36127 80.820755 -19.839748 -11.517454 -9.907666 4.4579916 1260256662899
126.4932 80.629715 -19.49776 -11.517454 -9.907666 4.4579916 1260256662906
126.4932 80.629715 -19.49776 -9.185696 -5.4927216 4.6111655 1260256662911
127.26854 80.298225 -19.272873 -9.185696 -5.4927216 4.6111655 1260256662928
127.26854 80.298225 -19.272873 -7.117531 -1.9220219 3.1102538 1260256662932
127.805115 79.733315 -19.15923 -7.117531 -1.9220219 3.1102538 1260256662940
127.805115 79.733315 -19.15923 -5.914901 -0.46440315 -1.1640837 1260256662943
128.01486 78.84665 -19.251268 -5.914901 -0.46440315 -1.1640837 1260256662958
128.01486 78.84665 -19.251268 -6.9235706 -4.5311904 -6.106053 1260256662964
