186.36711 36.627064 22.16677 1260256541890
188.39876 36.39571 23.358433 1260256541899
193.12881 35.525925 24.340511 1260256541910
185.52237 33.49963 24.223486 1260256541916
178.69624 30.574648 23.112312 1260256541929
172.51143 27.595915 21.456697 1260256541959
166.73586 24.71612 19.283863 1260256541977
161.14906 23.130314 16.06967 1260256541983
155.79161 23.723799 12.866186 1260256542156
151.35204 25.53761 10.772877 1260256542171
147.68443 27.86073 9.334233 1260256542188
144.8502 31.467693 8.417521 1260256542197
142.9077 34.84431 7.8966455 1260256542204
141.91231 38.652096 7.701813 1260256542215
142.0167 42.96949 7.8667226 1260256542224
142.96587 47.871017 8.173387 1260256542237
144.61757 53.427467 8.314717 1260256542249
147.7367 59.606094 8.048982 1260256542258
148.19986 48.62579 7.1965327 1260256542269
148.28987 39.2445 5.936706 1260256542278
148.02538 30.882275 4.4898705 1260256542293
148.4241 22.838161 2.815377 1260256542300
154.8529 13.446254 -0.025391903 1260256542316
149.76025 19.273941 -1.5741224 1260256542328
146.47224 23.560244 -1.8454163 1260256542337
143.59863 27.482231 -1.6031455 1260256542343
141.7187 31.55812 -0.9729882 1260256542361
141.23277 35.780216 -0.17433877 1260256542373
141.77113 40.091206 0.6843782 1260256542382
143.13258 44.586647 1.5501593 1260256542396
144.82596 49.307316 2.3226514 1260256542410
146.68466 54.54195 2.8565187 1260256542421
145.90044 44.46485 2.6136928 1260256542451
141.85541 39.64161 1.2830081 1260256542477
136.96263 36.70953 -0.38114232 1260256542491
132.0645 35.624054 -2.0120852 1260256542500
128.11127 36.54285 -2.961481 1260256542515
126.00571 38.81571 -3.213407 1260256542534
126.80542 42.224922 -2.8027368 1260256542551
129.41515 46.113674 -1.9625999 1260256542569
131.79439 49.70799 -1.0644698 1260256542588
127.75467 49.67259 -0.9612463 1260256542608
123.116936 47.388958 -1.813184 1260256542629
118.56109 45.16951 -3.1225247 1260256542652
114.13303 43.611034 -4.7163987 1260256542668
110.02638 42.93048 -6.4305787 1260256542688
106.77506 43.233955 -8.05905 1260256542875
105.13631 47.072258 -9.006097 1260256542884
105.779495 51.018646 -9.255792 1260256542897
108.29052 55.217712 -8.8930025 1260256542909
111.576 59.356827 -8.248352 1260256542918
114.8472 63.488987 -7.5859346 1260256542930
117.354836 67.664536 -7.056638 1260256542939
118.13709 71.98131 -6.9038057 1260256542950
115.43024 76.53224 -7.3586154 1260256542956
109.85873 81.25563 -8.7406845 1260256542973
104.81579 85.69285 -11.80365 1260256542980
101.424995 82.9082 -13.663467 1260256542996
98.20374 80.662796 -14.380294 1260256543003
95.04356 78.97966 -14.6112795 1260256543015
91.941376 77.63068 -14.580715 1260256543032
89.14431 76.69914 -14.451679 1260256543040
87.037094 76.11418 -14.529096 1260256543053
86.58524 77.80847 -14.702641 1260256543070
88.40598 80.61805 -14.367509 1260256543081
92.085686 84.18715 -13.549133 1260256543094
97.1314 88.027794 -12.521677 1260256543109
102.32483 91.776405 -11.495593 1260256543130
104.70859 95.28758 -10.920814 1260256543148
103.023155 97.723206 -11.624773 1260256543171
99.771996 95.43704 -12.693534 1260256543188
96.183395 93.01519 -13.208858 1260256543211
92.77422 90.96443 -13.348414 1260256543228
89.535515 89.31621 -13.330994 1260256543246
86.85874 88.2004 -13.414444 1260256543274
85.4158 89.190384 -13.643722 1260256543289
85.54501 91.18086 -13.911535 1260256543310
87.41776 94.67182 -13.465959 1260256543328
92.49687 98.43823 -12.642661 1260256543355
99.97203 102.16632 -11.710528 1260256543368
106.27343 105.508 -10.775002 1260256543391
108.80976 107.5326 -10.286251 1260256543413
106.319275 107.40597 -10.521938 1260256543428
102.25331 105.08567 -10.845841 1260256543449
98.19064 102.481384 -11.103549 1260256543623
94.431114 100.00732 -11.398372 1260256543639
91.75956 98.30695 -11.878453 1260256543650
92.87158 99.99161 -12.034531 1260256543659
96.628006 102.89203 -11.432804 1260256543670
102.246605 105.697426 -10.511164 1260256543680
107.68427 107.962555 -9.535605 1260256543691
111.75006 109.614426 -8.758825 1260256543698
112.91256 110.43371 -8.670884 1260256543711
109.76693 111.012024 -9.83734 1260256543728
105.17858 106.711426 -11.495474 1260256543737
100.61965 102.17586 -12.9207 1260256543748
96.288666 98.217064 -14.374665 1260256543770
93.974236 99.15621 -15.005932 1260256543843
96.17552 99.9984 -14.455635 1260256543850
100.56674 101.04848 -13.532853 1260256543859
105.3384 102.14606 -12.50621 1260256543876
110.12148 103.18875 -11.380899 1260256543884
114.06541 104.02931 -10.311854 1260256543897
116.51214 104.52785 -9.396261 1260256543903
117.03653 104.601456 -8.626448 1260256543922
116.0847 104.271385 -8.195126 1260256543934
113.930466 104.25781 -8.48537 1260256543943
110.23394 100.99492 -10.361101 1260256543957
106.32224 95.54517 -12.393046 1260256543963
103.15613 89.517914 -13.923394 1260256543979
99.94832 83.792015 -15.527225 1260256543994
95.9009 78.65241 -17.500864 1260256544013
91.10586 74.41979 -20.07582 1260256544028
104.45056 71.1488 -22.87203 1260256544050
99.57803 75.29137 -24.928429 1260256544068
95.699135 78.2268 -25.832006 1260256544095
91.86418 80.115456 -25.840406 1260256544107
104.72097 81.45969 -25.348387 1260256544131
115.03492 82.5867 -24.730967 1260256544152
122.183174 83.657364 -24.144419 1260256544168
125.224014 84.724495 -23.587198 1260256544189
127.26282 85.78827 -23.107838 1260256544211
