142.23186 24.668306 20.886557 1260256648911
150.22026 23.93489 22.74223 1260256648926
158.35925 22.588146 25.655119 1260256648938
167.74129 13.558739 27.772364 1260256648948
160.25423 5.8308015 28.833746 1260256648962
154.94151 2.3392613 28.64206 1260256648971
150.69444 0.8722982 25.959957 1260256648982
146.15971 1.5286833 22.86196 1260256649021
141.50172 2.902249 19.868862 1260256649030
136.72664 4.8071365 17.12542 1260256649044
132.04031 7.3167796 14.819149 1260256649053
127.6883 12.650941 12.878192 1260256649071
124.10389 17.818394 11.434282 1260256649089
121.8987 23.377474 10.512568 1260256649283
121.35376 29.5586 9.88694 1260256649292
122.28607 36.18067 9.492593 1260256649307
125.621765 43.071636 9.167963 1260256649322
127.39068 47.718056 9.059565 1260256649332
129.67114 52.382153 9.006586 1260256649354
130.63759 57.063046 8.706257 1260256649366
129.4557 61.809895 7.970944 1260256649380
124.38292 66.6694 6.2723966 1260256649393
136.11377 71.535934 2.4087768 1260256649410
130.60808 68.45914 -0.8116622 1260256649424
126.077675 65.53618 -3.071079 1260256649438
121.97379 62.85937 -4.717525 1260256649458
118.0251 60.6164 -6.231649 1260256649483
114.17384 59.335583 -7.6200666 1260256649498
111.41515 62.068806 -8.439063 1260256649518
112.294395 65.615364 -7.91711 1260256649539
115.229675 69.3846 -6.9712543 1260256649565
118.96819 73.36537 -5.9726915 1260256649581
121.96978 77.2471 -5.174057 1260256649604
121.82129 80.83475 -5.115354 1260256649623
117.480225 83.99301 -7.0595865 1260256649636
113.206215 80.74336 -9.556607 1260256649667
109.545906 77.45619 -11.028777 1260256649689
106.06861 74.58338 -12.177339 1260256649717
102.665184 72.554214 -13.218472 1260256649739
99.93192 71.926506 -14.007548 1260256649756
99.63533 74.78018 -13.907171 1260256649776
101.75356 78.19117 -13.211813 1260256649797
105.46588 81.68161 -12.201222 1260256649816
109.34259 85.14753 -11.241161 1260256649839
111.475464 88.54015 -10.629104 1260256649863
110.00169 91.613144 -10.897649 1260256649876
105.95161 94.032486 -12.752767 1260256649906
101.954025 91.03086 -14.165128 1260256649930
98.45632 88.27932 -14.756871 1260256649944
95.13351 85.91535 -15.069028 1260256649966
92.02683 84.21958 -15.315577 1260256649989
88.62549 80.608604 -15.549798 1260256650202
85.194214 76.778175 -16.372309 1260256650216
81.734505 74.489265 -17.803694 1260256650239
81.29778 76.6648 -17.76351 1260256650262
85.28289 79.23156 -16.825335 1260256650276
91.118744 81.86998 -15.584067 1260256650305
97.4128 84.37648 -14.204864 1260256650322
102.44216 86.65765 -12.94462 1260256650349
104.57005 88.57477 -11.997389 1260256650372
103.741554 89.89603 -11.79752 1260256650386
100.454475 87.85123 -13.257644 1260256650410
96.83175 83.50867 -15.294762 1260256650426
94.24016 78.48323 -16.580023 1260256650446
91.77815 73.50907 -17.801022 1260256650466
88.789246 68.73362 -19.260971 1260256650486
102.14979 64.94694 -21.697922 1260256650507
114.9423 62.54959 -24.263025 1260256650526
110.04518 66.37211 -25.449875 1260256650549
105.89292 69.0035 -25.577381 1260256650569
101.348274 70.90333 -25.098513 1260256650590
113.53086 72.45816 -24.393587 1260256650606
123.454315 73.785255 -23.623907 1260256650628
130.4316 74.19599 -22.842712 1260256650652
134.96002 74.536194 -22.100576 1260256650666
137.71202 74.80939 -21.395548 1260256650687
139.27641 75.01892 -20.77577 1260256650707
140.3626 75.21797 -20.236982 1260256650726
140.99446 75.25707 -19.825132 1260256650747
141.09474 74.99422 -19.683876 1260256650770
140.69 74.14451 -19.749681 1260256650786
