139.36862 26.092398 38.00413 1260256616833
136.10019 22.737778 36.453926 1260256616845
133.29518 20.400888 33.731228 1260256616853
130.13042 19.930843 30.494667 1260256616864
126.773895 20.684301 27.569933 1260256616873
123.6852 22.500086 25.191437 1260256616885
121.05094 25.07508 23.281864 1260256617089
119.29839 28.671328 22.01777 1260256617105
118.88348 32.937763 21.266882 1260256617114
119.8393 37.990875 20.803537 1260256617127
121.99734 43.59133 20.513361 1260256617134
125.59747 49.661766 20.137693 1260256617145
122.0676 38.678677 19.430809 1260256617154
122.664215 30.194742 18.009268 1260256617166
123.68101 22.935005 16.058804 1260256617177
126.29696 19.338255 13.205863 1260256617187
137.73212 26.471342 8.99557 1260256617198
133.79552 31.347775 7.4957914 1260256617208
130.90575 35.580387 6.821002 1260256617224
128.91046 39.75137 6.529952 1260256617244
129.66493 44.1138 6.6534543 1260256617251
129.23169 48.40811 6.5707817 1260256617266
129.02011 52.987705 6.2922425 1260256617273
128.86911 57.73832 6.0276303 1260256617287
127.32565 62.701405 5.4762487 1260256617293
137.65938 68.11633 1.7524363 1260256617305
132.52641 64.86052 -0.1351856 1260256617319
127.800095 62.317493 -1.4784263 1260256617331
123.16009 60.55162 -2.4545052 1260256617345
118.652084 59.87404 -3.1817799 1260256617351
114.81948 60.53034 -3.7226908 1260256617362
112.82851 62.90382 -3.8365562 1260256617373
114.23708 66.35863 -3.4947283 1260256617388
117.47523 70.3407 -2.8699918 1260256617402
121.251465 74.32366 -2.1764922 1260256617411
124.58889 78.107475 -1.5176675 1260256617429
126.40945 81.6521 -1.1417842 1260256617461
124.43897 84.61949 -1.684695 1260256617474
120.26702 82.83852 -3.6004603 1260256617492
116.40367 80.24659 -5.0204372 1260256617512
112.83349 77.48426 -6.0194154 1260256617524
109.391815 74.81005 -6.8684444 1260256617544
105.922226 72.369545 -7.825022 1260256617558
102.42612 70.40107 -8.983771 1260256617583
99.10481 69.181015 -10.334583 1260256617601
96.59957 71.771965 -11.367854 1260256617789
96.26959 74.33337 -11.649462 1260256617800
98.35611 77.2667 -11.316989 1260256617812
101.53831 80.30337 -10.701139 1260256617823
104.81139 83.338196 -10.016083 1260256617833
107.470825 86.42129 -9.465279 1260256617845
108.09728 89.65022 -9.292015 1260256617854
105.24242 93.06771 -9.877415 1260256617867
100.130295 96.51433 -11.933544 1260256617873
96.22378 93.03861 -14.186867 1260256617884
93.11259 89.98668 -15.177524 1260256617905
90.206955 87.43735 -15.568647 1260256617914
87.3466 85.41548 -15.690215 1260256617926
84.679276 84.19471 -15.705705 1260256617934
82.64531 85.33498 -15.770419 1260256617946
83.41305 87.66823 -15.431898 1260256617962
86.5424 90.834816 -14.660303 1260256617971
90.915276 94.19308 -13.7772875 1260256617983
94.769516 97.533424 -12.988423 1260256618000
95.93104 100.60675 -12.589003 1260256618011
93.58449 102.37641 -13.359552 1260256618029
90.10526 99.90759 -14.091575 1260256618042
86.85 97.31221 -14.236996 1260256618062
83.807495 94.9466 -14.125146 1260256618077
81.01712 93.04927 -13.918889 1260256618113
78.81626 91.99681 -13.772944 1260256618151
78.77545 92.89697 -13.634297 1260256618158
81.63668 95.50212 -13.152582 1260256618173
86.35484 98.82702 -12.344953 1260256618186
91.2871 102.18567 -11.527705 1260256618206
94.47275 104.97639 -10.95132 1260256618226
93.74911 105.82757 -11.003754 1260256618246
90.41165 103.68619 -11.253566 1260256618267
86.991066 101.00188 -11.340887 1260256618287
83.69151 98.55178 -11.323843 1260256618306
80.90694 97.27419 -11.157651 1260256618326
82.81159 98.21048 -10.549768 1260256618352
88.37101 100.499954 -9.62228 1260256618366
86.05246 101.17496 -10.191166 1260256618566
86.69984 101.86621 -9.881608 1260256618586
92.66485 102.8729 -9.187528 1260256618606
98.68161 103.979256 -8.378151 1260256618626
103.19753 104.98029 -7.6592436 1260256618646
103.587654 105.43128 -7.3762813 1260256618667
102.00827 105.65972 -7.557467 1260256618686
99.00786 103.57674 -8.479593 1260256618711
95.40746 100.1979 -10.005613 1260256618726
91.68709 95.48801 -12.005333 1260256618746
88.552734 90.5136 -13.555066 1260256618766
85.2251 85.68792 -15.277313 1260256618787
98.81384 81.253525 -17.563448 1260256618806
111.32315 77.69085 -20.285276 1260256618826
123.70699 81.4063 -22.371014 1260256618851
118.47164 83.83599 -23.152462 1260256618866
113.94806 85.244194 -22.744839 1260256618890
121.500656 86.53198 -21.857597 1260256618906
126.92562 87.65538 -21.064718 1260256618929
130.07935 88.62261 -20.461483 1260256618952
131.02538 89.39148 -20.038408 1260256618966
129.9241 88.82191 -19.636488 1260256618986
129.3779 88.280815 -19.104664 1260256619006
129.60901 87.76678 -18.54943 1260256619026
129.87856 87.22844 -18.12196 1260256619046
130.13463 86.61702 -17.715862 1260256619066
130.4279 85.78617 -17.230068 1260256619086
