34.697407 40.75874 17.16881 1260256313046
39.712536 41.3208 17.26037 1260256313058
45.126907 41.95476 17.397352 1260256313068
49.870564 42.507023 17.527485 1260256313074
52.427036 42.88167 17.551111 1260256313086
52.755684 42.78759 17.773556 1260256313098
53.3679 42.69821 17.784878 1260256313106
54.699505 42.713303 17.695633 1260256313118
55.86453 42.72764 17.610851 1260256313127
55.971302 42.541256 17.530308 1260256313137
55.57274 42.264194 17.603792 1260256313144
54.3441 41.750984 17.823603 1260256313152
52.826897 41.263435 18.132423 1260256313164
51.88555 41.10026 18.375803 1260256313205
50.941273 40.89525 18.607014 1260256313212
49.64421 40.650486 18.876663 1260256313224
48.262 40.317963 19.23283 1260256313232
46.6489 40.002064 19.671188 1260256313246
44.316456 39.70196 20.18763 1260256313257
60.000633 39.516865 20.778248 1260256313266
74.6006 39.39102 21.389336 1260256313280
88.72057 39.22147 22.069868 1260256313291
84.68455 38.960396 22.716375 1260256313302
80.95032 38.662376 23.330557 1260256313311
77.9028 38.479256 23.864029 1260256313323
75.457664 38.405293 24.270828 1260256313334
73.88478 38.485027 24.607286 1260256313348
72.79054 38.610775 24.926922 1260256313359
71.70101 38.730236 25.280577 1260256313370
70.76596 38.893723 25.716547 1260256313383
69.72766 39.049038 26.23072 1260256313401
68.59128 39.146587 26.819185 1260256313418
67.26171 39.13926 27.578226 1260256313442
65.44862 38.982296 28.499315 1260256313456
63.226192 38.68318 29.57435 1260256313478
60.664883 38.299023 30.695633 1260256313499
57.931637 37.93407 31.860851 1260256313519
72.635056 37.53737 33.06781 1260256313706
86.55331 37.1105 34.31442 1260256313718
99.72564 36.554974 35.648697 1260256313727
111.98936 35.927223 37.06626 1260256313734
106.38989 35.03086 38.66295 1260256313745
102.170395 33.279316 40.2798 1260256313753
99.86188 29.71535 39.515812 1260256313765
97.96878 26.929583 37.640022 1260256313774
95.82034 25.583103 35.008022 1260256313786
93.52933 25.903948 32.40762 1260256313800
91.60286 27.55875 30.237238 1260256313812
90.37272 30.030813 28.475376 1260256313823
90.60408 33.279274 27.301607 1260256313833
93.323875 37.265312 26.736526 1260256313844
98.45768 42.002045 26.7497 1260256313858
105.33479 47.50194 27.012215 1260256313869
114.36806 53.676846 27.261604 1260256313881
109.94965 42.893 27.098524 1260256313892
109.80217 34.29835 25.943598 1260256313902
111.06206 26.683434 23.996418 1260256313923
115.108955 18.699263 21.446596 1260256313937
126.25351 26.6643 18.174267 1260256313960
123.99084 32.081085 16.115553 1260256313976
123.19129 36.12703 15.009775 1260256314003
118.28173 39.470676 14.309286 1260256314018
129.51764 42.59714 13.993822 1260256314040
140.54176 45.617283 13.844131 1260256314062
134.26468 48.43642 13.701925 1260256314077
128.75145 51.314598 13.716829 1260256314099
123.01388 54.498867 14.280988 1260256314121
119.61318 44.523922 16.26694 1260256314143
120.13252 36.297726 16.003592 1260256314158
123.675896 42.732838 15.353412 1260256314179
127.4921 46.896194 14.935741 1260256314203
134.8175 50.301384 14.588954 1260256314218
141.67664 53.486317 14.159506 1260256314237
143.9928 56.462 13.70153 1260256314260
142.14316 59.288902 12.816454 1260256314283
137.836 62.774456 10.525631 1260256314297
131.4942 59.685734 7.0493493 1260256314471
126.06949 56.05145 4.7968817 1260256314488
121.166016 52.848877 2.7570374 1260256314494
116.45772 50.306435 0.7691855 1260256314507
111.78483 48.391113 -1.3192737 1260256314518
107.045586 46.821556 -3.60331 1260256314527
102.49331 45.730476 -6.1231446 1260256314538
99.01865 45.343952 -8.366987 1260256314547
98.767715 49.476753 -9.648638 1260256314553
102.27933 53.252914 -9.816206 1260256314571
107.31536 57.040268 -9.325396 1260256314582
112.599594 60.838253 -8.659125 1260256314591
117.46961 64.44634 -7.976169 1260256314601
121.64613 67.87402 -7.4273605 1260256314612
124.513824 71.08032 -7.1059923 1260256314629
125.28813 74.126305 -7.3006926 1260256314640
123.223724 77.26999 -8.485658 1260256314649
119.06254 80.95649 -10.961375 1260256314668
114.20941 77.40867 -14.113306 1260256314681
109.49894 73.28824 -16.05764 1260256314700
105.023994 69.57383 -17.304758 1260256314716
100.6728 66.99514 -18.18952 1260256314743
96.38916 65.54538 -18.580044 1260256314758
92.2197 65.16811 -18.501041 1260256314780
88.10872 65.45971 -18.075989 1260256314802
84.25328 66.13673 -17.52219 1260256314818
85.54062 67.97989 -16.74608 1260256314838
91.11359 70.980896 -15.558776 1260256314860
97.55791 74.78185 -14.180837 1260256314883
104.38001 78.84276 -12.8217945 1260256314897
110.26101 82.80062 -11.680705 1260256314919
111.247955 86.16059 -11.54667 1260256314942
107.23556 84.55256 -12.769337 1260256314958
102.47378 82.32493 -13.5308695 1260256314977
97.95009 80.10868 -13.954326 1260256315000
93.602585 78.10325 -14.15661 1260256315023
89.52245 76.54809 -14.398779 1260256315038
87.74633 76.62068 -14.27884 1260256315057
93.85902 79.18965 -13.214898 1260256315233
101.01607 82.33017 -11.854154 1260256315251
107.91526 85.41366 -10.561446 1260256315263
113.2195 87.99297 -9.633374 1260256315270
113.40852 89.79333 -10.001705 1260256315282
108.03809 86.65366 -12.00162 1260256315291
120.48619 82.92098 -13.551539 1260256315302
132.16188 79.27493 -14.923963 1260256315309
143.35379 76.86118 -16.277765 1260256315322
137.0361 78.76813 -16.613876 1260256315333
142.8343 80.67972 -15.883183 1260256315348
149.04259 82.64573 -14.739023 1260256315359
155.14046 84.563446 -13.502072 1260256315368
161.08344 86.18527 -12.326969 1260256315380
166.12926 87.37601 -11.710621 1260256315389
160.42279 88.60721 -12.02509 1260256315405
153.25165 86.226845 -13.823835 1260256315419
163.43907 82.065506 -16.182644 1260256315431
172.76712 77.31223 -18.123512 1260256315449
181.02876 72.34662 -20.017336 1260256315463
188.82733 68.42929 -22.716469 1260256315478
180.38597 71.90783 -23.880646 1260256315498
172.51668 74.112434 -23.186613 1260256315521
178.29085 75.95681 -21.927282 1260256315543
183.4263 77.908966 -20.380919 1260256315558
187.15498 79.91352 -18.961872 1260256315578
186.59723 81.81785 -17.913778 1260256315602
182.41737 83.57696 -17.318089 1260256315618
175.6465 85.29811 -17.802185 1260256315638
167.21417 81.583206 -19.612076 1260256315660
159.60347 76.35404 -20.581472 1260256315683
152.4233 70.93634 -21.452398 1260256315698
160.35213 65.739525 -22.67978 1260256315718
167.18452 61.25255 -24.64579 1260256315742
174.1253 57.73992 -27.463501 1260256315758
181.46904 63.402927 -29.940327 1260256315778
188.7956 67.88278 -31.44331 1260256315799
194.95581 71.23864 -31.971144 1260256315822
199.90802 73.72671 -31.772587 1260256316005
204.26262 75.790375 -31.333958 1260256316020
207.84949 77.85085 -31.01726 1260256316029
210.807 79.95831 -30.916397 1260256316041
213.16666 81.960396 -30.870577 1260256316050
214.85832 83.81238 -30.777048 1260256316063
215.71541 85.471756 -30.538197 1260256316069
214.97964 87.048164 -30.261286 1260256316079
212.48067 88.79575 -30.198221 1260256316085
208.70663 90.80597 -30.43831 1260256316098
203.8713 93.065674 -31.116396 1260256316105
198.62775 90.46239 -32.010574 1260256316111
