133.04466 26.978891 26.29003 1260256676969
136.99243 26.729946 28.175528 1260256676980
130.74281 25.743448 30.11675 1260256676991
127.55567 23.206276 29.310913 1260256676998
124.92789 20.745962 27.345367 1260256677012
122.431496 19.158665 24.928099 1260256677019
119.65992 18.85073 22.281694 1260256677037
116.47692 19.808195 19.56761 1260256677052
113.05308 21.667786 17.139229 1260256677061
109.600426 26.434397 15.132267 1260256677072
107.0204 31.612677 13.775654 1260256677079
106.21938 37.332043 12.986871 1260256677094
107.30841 43.41544 12.437528 1260256677103
109.14299 49.444668 11.9656515 1260256677115
108.93584 55.522434 11.3173685 1260256677121
119.53905 61.646313 10.2015 1260256677152
127.562096 49.864 7.591425 1260256677160
121.88399 46.9708 3.6618538 1260256677174
118.03979 44.72226 1.1787611 1260256677181
114.0878 42.986145 -1.030177 1260256677198
109.68341 41.886837 -3.3286684 1260256677209
105.09924 41.892494 -5.562235 1260256677222
101.74428 46.39787 -6.684123 1260256677233
101.257065 50.977974 -6.849917 1260256677242
104.444214 55.629074 -6.407421 1260256677253
109.222 60.24762 -5.73705 1260256677260
113.410904 64.835236 -5.1501975 1260256677272
115.39036 69.24348 -4.892688 1260256677280
114.17084 73.431305 -5.148053 1260256677293
110.312294 77.45974 -6.1906505 1260256677309
105.04668 81.38675 -8.381118 1260256677318
100.54434 78.467415 -11.212062 1260256677329
97.16712 75.694046 -13.051459 1260256677340
94.20876 73.109344 -14.3488865 1260256677357
91.34833 70.80388 -15.431442 1260256677372
88.43091 68.91368 -16.55987 1260256677383
85.35936 67.668 -17.831877 1260256677397
83.04139 70.8346 -18.690283 1260256677615
83.23932 74.142876 -18.40577 1260256677628
86.52735 77.68573 -17.43548 1260256677638
92.10098 81.45145 -16.113707 1260256677649
98.04594 85.128876 -14.758021 1260256677658
102.89364 88.67243 -13.57012 1260256677670
104.09895 92.03881 -13.091614 1260256677676
100.94401 95.08687 -13.937033 1260256677688
97.04681 91.782524 -16.29018 1260256677698
93.794464 88.4934 -17.775671 1260256677709
90.90474 85.36873 -18.536888 1260256677718
88.109505 82.55029 -19.060043 1260256677732
85.35403 80.22278 -19.60704 1260256677739
82.73633 78.66164 -20.17669 1260256677755
81.049515 80.628555 -20.517855 1260256677764
81.34704 82.94713 -20.141962 1260256677776
84.629684 86.049774 -19.084864 1260256677788
89.8982 89.54729 -17.730621 1260256677799
96.00329 93.11993 -16.34409 1260256677811
101.80312 96.61393 -15.076885 1260256677822
105.312965 99.933235 -14.123041 1260256677834
104.59732 102.83657 -13.816889 1260256677848
100.81745 105.24474 -14.876044 1260256677860
96.87658 101.78251 -16.832243 1260256677873
93.53275 98.64339 -17.89063 1260256677892
90.40611 95.86122 -18.3461 1260256677908
87.48581 93.41816 -18.578794 1260256677928
84.811516 91.397255 -18.699854 1260256677951
82.52094 89.77739 -19.064861 1260256677973
81.2949 91.43852 -19.611618 1260256677988
82.830154 94.016594 -19.131037 1260256678009
88.28865 97.21577 -17.824486 1260256678032
95.97422 100.60498 -16.283262 1260256678048
103.57551 103.87473 -14.769099 1260256678068
107.746735 106.631 -13.680644 1260256678088
106.1094 107.49945 -13.996612 1260256678113
102.50393 104.524475 -14.596781 1260256678128
98.928734 101.148254 -15.016942 1260256678148
95.4323 97.84084 -15.366095 1260256678170
92.16068 95.1488 -15.79779 1260256678360
91.602646 96.141365 -15.8579 1260256678377
95.172516 97.9843 -14.915005 1260256678383
100.56389 100.135086 -13.569255 1260256678397
105.8857 101.878334 -12.190792 1260256678404
110.09141 103.28442 -10.981253 1260256678416
111.286835 104.3202 -10.38219 1260256678429
109.27249 104.85419 -10.763081 1260256678437
105.65887 102.011475 -12.074926 1260256678449
101.87592 98.0609 -13.22118 1260256678461
98.132126 93.80785 -14.260121 1260256678475
94.37552 90.21746 -15.497115 1260256678484
92.156746 91.45659 -15.9722595 1260256678496
92.99891 92.68376 -15.323647 1260256678508
96.34896 94.149574 -14.307465 1260256678517
100.731514 95.5421 -13.092092 1260256678533
104.99494 96.86499 -11.787487 1260256678542
107.7952 98.02174 -10.648112 1260256678556
109.055435 98.87066 -9.815706 1260256678573
108.802666 99.177124 -9.374921 1260256678583
106.56253 97.56827 -9.956175 1260256678599
103.38441 93.98985 -11.608366 1260256678612
100.415184 88.99036 -13.077948 1260256678632
97.69443 83.69084 -14.37405 1260256678648
94.6097 78.5063 -16.105349 1260256678668
90.429214 74.180984 -18.800081 1260256678691
86.50775 71.271935 -21.560078 1260256678714
83.38236 75.058334 -23.332073 1260256678728
80.96324 77.90542 -24.26547 1260256678749
78.71508 80.110146 -24.652197 1260256678771
76.27933 79.35464 -24.669586 1260256678788
74.81536 80.8869 -24.436108 1260256678808
80.974594 80.392555 -24.164303 1260256678828
86.675865 79.872925 -23.906088 1260256678851
90.79207 79.07928 -23.860783 1260256678868
93.652466 77.82531 -23.967743 1260256678888
96.46984 76.434044 -24.019356 1260256678911
99.246346 75.012344 -24.018389 1260256678929
