23.997957 32.083763 18.729038 1260256232122
23.69806 31.879576 18.892586 1260256232129
23.063156 31.835596 19.347956 1260256232141
39.559998 32.093815 20.080559 1260256232151
52.682 32.589123 21.026531 1260256232185
64.0979 33.059666 22.175205 1260256232203
74.79301 33.40668 23.516445 1260256232210
84.853355 33.486347 25.090622 1260256232221
94.26069 39.51203 26.886091 1260256232232
106.29765 38.08643 29.191786 1260256232247
103.28277 35.48211 27.882196 1260256232258
100.56863 33.558002 25.638086 1260256232269
97.9902 32.430103 23.406181 1260256232287
95.59068 32.1586 21.385872 1260256232299
93.71115 32.85067 19.666578 1260256232316
92.92559 34.708138 18.48325 1260256232338
93.77931 36.97273 18.059088 1260256232358
97.09035 41.124092 18.256134 1260256232381
102.28583 46.11789 18.693327 1260256232398
109.02154 51.861996 18.95866 1260256232578
119.72046 40.318897 18.610727 1260256232590
120.43443 30.602953 17.58019 1260256232602
123.36271 21.622805 16.051182 1260256232611
128.94458 12.241664 14.498623 1260256232622
127.94735 19.67958 13.473692 1260256232632
128.99998 25.195602 12.950007 1260256232643
131.39998 29.685822 12.902507 1260256232650
141.57999 33.65153 13.007381 1260256232661
152.301 37.318954 13.207012 1260256232672
144.88594 40.85301 13.446662 1260256232687
138.39165 42.36036 13.724329 1260256232701
132.22206 43.69234 14.088113 1260256232708
125.760956 44.707726 14.683707 1260256232720
137.0729 48.22234 15.149522 1260256232731
147.41927 51.411224 15.392046 1260256232747
155.8483 54.540665 15.572444 1260256232761
160.80588 57.66363 15.693822 1260256232770
162.71558 60.83045 15.709131 1260256232786
163.4298 64.23893 15.573675 1260256232806
162.90831 67.72698 15.144991 1260256232818
160.7629 70.940636 14.337741 1260256232837
157.07475 73.4436 12.970854 1260256232859
151.57101 71.87142 10.722311 1260256232878
146.39246 68.27785 9.036196 1260256232899
141.67284 64.513954 7.734386 1260256232919
137.08919 61.138256 6.4476666 1260256232945
132.63474 58.431343 5.225283 1260256232957
128.453 56.909775 4.164019 1260256232981
125.03035 56.764286 3.7058182 1260256232999
122.328835 57.326073 3.7205272 1260256233018
120.712395 58.109768 4.134501 1260256233039
118.726776 58.35428 5.027776 1260256233061
114.69044 55.986565 5.826387 1260256233083
111.055916 52.187237 5.2350674 1260256233098
107.45312 48.577873 3.9233139 1260256233120
103.43046 45.59898 1.8771482 1260256233139
99.10893 43.66903 -1.1667093 1260256233157
95.25349 42.83558 -4.2583737 1260256233348
93.29081 47.2938 -5.945455 1260256233354
95.12627 50.92911 -6.448182 1260256233367
100.66995 54.332657 -6.225773 1260256233379
107.03645 57.616024 -5.714484 1260256233388
113.234634 60.835224 -5.07876 1260256233399
118.6229 63.943462 -4.474822 1260256233409
122.94176 66.99629 -3.951081 1260256233420
125.99467 69.996475 -3.5535269 1260256233429
127.59493 73.196655 -3.4258506 1260256233442
127.51518 76.93682 -3.6545582 1260256233454
125.38942 81.33998 -3.9718304 1260256233467
120.01995 86.02298 -4.373239 1260256233479
130.66895 90.67183 -5.254577 1260256233488
124.9355 94.13824 -7.0918484 1260256233503
120.138725 95.98132 -8.737256 1260256233513
115.23179 94.08226 -9.800393 1260256233525
110.3702 92.32815 -10.510373 1260256233538
105.60169 90.46174 -10.984855 1260256233550
101.02161 88.38865 -11.385612 1260256233563
96.670525 86.16922 -11.766331 1260256233576
92.637 83.96076 -12.128015 1260256233598
89.10515 82.112724 -12.571614 1260256233617
87.49989 83.457085 -12.893034 1260256233641
91.0749 86.68423 -12.198382 1260256233658
97.621155 90.40002 -11.038464 1260256233678
105.190094 94.030014 -9.736541 1260256233697
113.03059 97.52851 -8.349713 1260256233722
119.579056 100.552086 -7.1322274 1260256233739
122.75011 102.424484 -6.375616 1260256233758
119.1126 102.40326 -6.556835 1260256233780
114.30697 100.383095 -6.9789934 1260256233796
109.64162 98.06394 -7.3800435 1260256233818
105.15954 95.71075 -7.6610413 1260256233838
100.95156 93.47521 -7.827989 1260256233862
97.00398 91.50145 -7.9865894 1260256233878
93.80378 90.22638 -8.03726 1260256233897
97.31359 92.11506 -7.485397 1260256233918
103.597916 95.3093 -6.511127 1260256234098
110.96802 98.59384 -5.3855705 1260256234111
117.86961 101.41415 -4.266292 1260256234123
123.726135 103.14344 -3.2529774 1260256234130
130.23982 103.586266 -2.5903285 1260256234142
124.77783 102.956955 -2.4108121 1260256234151
119.63894 101.309105 -2.6902716 1260256234162
114.70699 98.84365 -3.305758 1260256234171
109.97164 95.90147 -4.0904703 1260256234182
105.37306 92.8064 -5.335947 1260256234194
100.75441 90.11607 -7.26915 1260256234209
99.86669 92.26027 -7.6056924 1260256234220
97.27335 93.09726 -7.275408 1260256234230
92.85969 93.142395 -6.761637 1260256234241
88.36671 92.63528 -6.4235554 1260256234252
83.998375 91.853516 -6.2523775 1260256234267
80.09846 90.96084 -6.2897587 1260256234287
77.34354 90.162796 -6.525271 1260256234299
81.87636 91.45466 -6.2990074 1260256234311
88.23254 93.68192 -5.484057 1260256234324
94.920906 95.997826 -4.5098543 1260256234343
101.22486 98.19794 -3.6343615 1260256234358
106.16362 99.73804 -3.1026435 1260256234380
104.805435 99.90114 -3.2475114 1260256234398
100.56516 98.15608 -3.885136 1260256234418
96.23691 95.59828 -4.640879 1260256234438
92.075066 92.71837 -5.308835 1260256234459
88.22131 89.93245 -5.8933935 1260256234483
85.01025 88.28583 -6.5487237 1260256234497
89.40974 89.77154 -6.2212877 1260256234519
96.13925 92.18296 -5.310223 1260256234542
103.33229 94.323814 -4.294712 1260256234558
110.86568 95.85762 -3.3299766 1260256234578
118.822395 96.71474 -2.6134777 1260256234601
128.18127 97.079 -2.132804 1260256234623
122.82221 96.97505 -1.9261637 1260256234638
118.781105 96.2763 -2.0298555 1260256234658
114.69205 94.76248 -2.5783627 1260256234681
110.20744 91.72436 -3.8494446 1260256234866
105.34707 87.08814 -5.7569723 1260256234881
117.42972 81.68374 -8.069124 1260256234890
127.65823 76.84955 -11.365668 1260256234901
122.72532 79.45707 -12.697385 1260256234910
118.23905 80.58421 -12.512516 1260256234922
130.0271 81.305 -11.88689 1260256234931
140.27574 81.93975 -11.142546 1260256234943
149.81195 82.74276 -10.2854185 1260256234950
159.92136 83.45562 -9.571148 1260256234964
153.32529 84.03284 -8.942591 1260256234981
147.85902 84.48119 -8.345461 1260256234988
142.96608 84.55714 -7.978188 1260256235001
138.11778 83.97928 -8.229279 1260256235009
132.06189 81.03031 -10.467814 1260256235028
141.05879 75.27879 -12.544424 1260256235039
144.85585 69.31485 -14.167203 1260256235048
149.81306 63.94911 -16.058844 1260256235061
156.47241 53.00165 -18.505901 1260256235068
164.09879 41.801567 -21.630606 1260256235087
171.99385 48.461487 -24.599075 1260256235100
179.99416 54.23841 -26.819122 1260256235121
187.79445 59.076492 -28.328167 1260256235139
194.75473 62.972668 -29.061758 1260256235165
200.41699 66.12403 -29.25867 1260256235177
205.24614 68.71783 -29.145737 1260256235201
209.58383 71.03194 -28.88845 1260256235222
213.55464 73.18034 -28.594028 1260256235238
217.0769 75.271324 -28.414328 1260256235259
220.07306 77.40776 -28.34361 1260256235281
222.31941 79.58737 -28.42643 1260256235303
222.00345 81.758 -28.605108 1260256235318
218.85327 83.7701 -28.774853 1260256235340
215.61061 85.5816 -28.78611 1260256235363
212.68008 87.05251 -28.546804 1260256235378
