120.9558 30.063652 20.841833 1260256254378
117.35801 30.46047 21.599741 1260256254390
128.29012 30.387447 22.869755 1260256254397
138.17561 29.768076 25.026266 1260256254408
148.56683 28.379673 27.624952 1260256254417
141.63849 26.71069 29.493704 1260256254428
136.35657 25.175156 29.919018 1260256254438
131.93874 24.616398 29.023067 1260256254449
127.8418 25.085579 27.471914 1260256254458
123.84971 26.0813 25.748318 1260256254464
120.15723 27.527235 24.010902 1260256254475
116.94936 29.500874 22.360357 1260256254484
114.65189 32.02583 21.04234 1260256254521
113.7693 35.174538 20.040222 1260256254533
114.63084 39.015812 19.48821 1260256254542
117.14929 43.41502 19.3138 1260256254554
120.941826 48.44427 19.398111 1260256254563
127.14474 54.37206 19.378206 1260256254575
122.3375 43.003456 18.859297 1260256254591
122.570625 33.153282 17.966331 1260256254601
123.19209 23.645618 17.118015 1260256254612
131.28249 13.6133375 15.862115 1260256254620
131.06836 19.982672 14.869009 1260256254633
132.11494 24.983538 14.425559 1260256254643
127.9592 29.134361 14.154281 1260256254658
138.56123 33.02764 14.096566 1260256254669
148.88318 36.82626 14.241738 1260256254679
141.83902 40.384945 14.379651 1260256254688
134.99707 44.065697 14.710669 1260256254708
141.74722 48.562412 15.475135 1260256254728
148.20987 54.48429 15.551378 1260256254753
154.59938 60.410076 15.223809 1260256254768
155.16942 63.789574 14.712619 1260256254788
163.71095 66.200096 14.476988 1260256254811
172.57541 68.190094 14.303139 1260256254829
181.44664 69.88059 13.987982 1260256254848
189.82431 71.736565 13.838583 1260256254868
190.6331 74.049736 13.696654 1260256255041
191.80145 77.54725 13.711822 1260256255056
193.91138 81.569885 13.82623 1260256255064
195.4658 85.54139 13.834919 1260256255076
194.74251 89.16432 13.543173 1260256255084
189.05539 92.20611 12.266014 1260256255096
180.35262 88.5458 8.402714 1260256255103
172.93498 84.36851 5.882578 1260256255114
165.88823 80.60008 3.838449 1260256255123
159.09381 77.62008 2.1965265 1260256255136
152.63911 75.78908 1.0367001 1260256255153
147.20715 75.599625 0.5348651 1260256255160
144.7468 76.71964 0.80812186 1260256255172
147.70946 78.53366 1.6177158 1260256255182
151.17398 80.85698 2.68683 1260256255192
155.36528 83.56413 4.1524887 1260256255204
164.59702 88.33592 6.794864 1260256255218
160.66716 79.869125 6.855121 1260256255237
154.9338 74.32567 5.8623652 1260256255250
149.73712 73.35938 5.719247 1260256255271
145.00026 72.99142 5.3832846 1260256255292
140.35025 72.44185 4.8641205 1260256255308
135.33273 70.61976 3.9709144 1260256255329
130.16609 67.38877 2.2723687 1260256255353
124.90778 63.819332 0.15875024 1260256255373
119.3624 60.578365 -2.4491875 1260256255388
113.89428 58.14945 -5.626728 1260256255410
109.499565 62.791977 -8.395391 1260256255433
107.87459 66.402374 -9.925622 1260256255448
110.33086 69.482254 -10.329341 1260256255468
114.914314 72.40814 -10.012874 1260256255490
119.818596 75.18774 -9.46223 1260256255513
124.427666 77.82835 -8.839118 1260256255528
128.10628 80.28693 -8.347162 1260256255548
130.85097 82.57258 -7.979804 1260256255571
131.60841 84.89395 -8.080813 1260256255588
129.978 87.549255 -8.876773 1260256255608
126.479095 90.67179 -10.232934 1260256255630
121.00514 94.3382 -12.421288 1260256255646
132.55489 98.421295 -15.500223 1260256255830
126.02714 94.20023 -18.525211 1260256255839
120.62578 91.590225 -19.64895 1260256255851
115.54449 89.76071 -19.716503 1260256255860
110.56726 88.32268 -19.330679 1260256255871
105.788895 87.006546 -18.714146 1260256255878
101.24945 85.706215 -18.028439 1260256255889
96.98698 84.57091 -17.427017 1260256255898
93.13763 83.79236 -16.905666 1260256255911
90.78075 84.60274 -16.460382 1260256255923
93.79171 87.2726 -15.637363 1260256255935
98.802124 90.85897 -14.605495 1260256255943
105.76202 94.71603 -13.4252205 1260256255954
113.52392 98.53023 -12.25396 1260256255968
117.89772 101.95372 -11.441261 1260256255979
118.05283 104.35603 -11.269198 1260256255991
114.00019 104.78823 -11.805738 1260256256002
109.10018 102.54882 -12.015451 1260256256016
104.34517 100.22138 -11.964679 1260256256032
99.77791 98.06031 -11.666445 1260256256049
95.33901 96.157295 -11.333122 1260256256068
91.22206 94.599434 -11.016466 1260256256091
87.41096 93.419464 -10.865643 1260256256108
84.54041 92.54849 -10.972361 1260256256131
85.51339 93.92107 -10.9737425 1260256256149
89.08772 96.77502 -10.525055 1260256256168
95.03334 100.186264 -9.748802 1260256256189
102.68167 103.67695 -8.861362 1260256256208
109.34759 106.9431 -8.118295 1260256256229
112.23021 109.445946 -7.76238 1260256256248
111.6187 110.32365 -8.024261 1260256256268
106.73776 108.25746 -8.573049 1260256256288
101.700874 105.644585 -8.944396 1260256256311
96.91583 102.91235 -9.147176 1260256256332
92.420044 100.16673 -9.389817 1260256256348
88.19904 97.658394 -9.770327 1260256256370
85.98909 98.32548 -10.33181 1260256256391
90.039635 100.4092 -10.01522 1260256256414
96.28765 102.98874 -9.164458 1260256256593
103.12327 105.4393 -8.206235 1260256256602
109.267105 107.31734 -7.345923 1260256256613
112.90375 108.10147 -7.128627 1260256256622
107.80856 105.8464 -7.9221954 1260256256634
102.41814 102.30408 -8.876085 1260256256641
115.19723 98.68887 -9.682281 1260256256652
127.237366 95.80443 -10.398167 1260256256661
138.4755 94.81421 -10.5782585 1260256256672
144.35172 95.8235 -10.049346 1260256256683
149.93413 97.282326 -9.196878 1260256256694
155.58742 98.76821 -8.237035 1260256256709
161.20805 100.1298 -7.275183 1260256256718
166.29765 101.17331 -6.5614243 1260256256730
170.88277 101.91464 -6.283353 1260256256740
163.93863 102.26891 -6.6191854 1260256256755
156.59169 99.905464 -8.038226 1260256256763
166.5121 95.71019 -10.436315 1260256256778
175.5365 90.47468 -12.414499 1260256256796
183.40967 85.000946 -14.393774 1260256256809
190.08919 79.7509 -16.724085 1260256256831
197.43472 76.26335 -19.88788 1260256256848
188.71298 79.10018 -20.643486 1260256256872
193.77733 81.04517 -20.161312 1260256256889
197.98846 82.792915 -19.103247 1260256256908
201.93904 84.55327 -17.898085 1260256256930
205.4421 86.175606 -16.80318 1260256256948
209.06999 87.51682 -16.013021 1260256256971
215.7665 88.64098 -15.56237 1260256256988
206.47816 89.758934 -15.584251 1260256257015
197.15425 91.67099 -16.655039 1260256257028
204.54654 87.88744 -19.472286 1260256257051
210.11922 82.74307 -21.748672 1260256257073
214.91325 77.60592 -23.611238 1260256257088
219.21759 72.92562 -25.530676 1260256257110
223.20671 68.82934 -27.954142 1260256257126
227.24637 65.38787 -30.856434 1260256257153
231.28406 70.61848 -33.313614 1260256257168
235.31985 74.88755 -34.847935 1260256257352
238.85387 78.043175 -35.355537 1260256257360
241.56117 80.291016 -35.08776 1260256257374
243.63312 82.126465 -34.48337 1260256257381
245.15146 83.820145 -33.809204 1260256257396
245.99388 85.47913 -33.318745 1260256257403
246.29419 87.055176 -32.90281 1260256257416
246.22948 88.552414 -32.60767 1260256257422
245.81801 87.07479 -32.527287 1260256257437
244.52711 85.471054 -32.60092 1260256257456
241.30077 83.6475 -32.870876 1260256257473
236.68573 81.76512 -33.177334 1260256257480
