229.57765 32.871334 40.77696 1260256598543
230.84877 32.42777 41.73811 1260256598553
236.60634 30.60638 42.501205 1260256598564
226.77602 26.87606 40.676144 1260256598573
217.78722 23.882257 37.842335 1260256598585
209.34785 22.238144 34.40022 1260256598591
201.43047 21.826237 30.680208 1260256598603
194.20894 22.434925 27.246199 1260256598612
188.1485 24.063179 24.383888 1260256598623
183.59108 28.36002 22.164694 1260256598632
180.91153 32.392017 20.756458 1260256598645
179.16595 36.82242 19.818636 1260256598653
178.30766 41.8313 19.227705 1260256598665
177.94228 47.339733 18.71632 1260256598672
177.64516 53.322746 18.030504 1260256598701
177.1629 42.30661 16.82898 1260256598726
175.00476 33.54128 15.037531 1260256598741
171.35452 25.864214 12.885654 1260256598750
166.7368 22.071003 10.241372 1260256598761
158.99995 19.667452 6.5293036 1260256598767
152.54996 26.43408 3.1028383 1260256598781
148.82246 31.212376 1.6476963 1260256598788
147.23134 35.301758 1.2153114 1260256598799
147.26978 39.13667 1.2545458 1260256598808
148.80629 42.979836 1.5418185 1260256598821
150.46597 46.780846 1.9147276 1260256598832
151.99268 50.5418 2.3189912 1260256598843
153.14304 54.36471 2.6530416 1260256598850
153.48589 58.446476 2.7203896 1260256598864
152.06158 63.124153 2.2843702 1260256598878
162.0085 68.767944 0.7701517 1260256598890
155.20807 65.02955 -2.118356 1260256598901
149.04767 61.97807 -3.6624382 1260256598912
143.19528 59.729164 -4.8793163 1260256598927
137.63551 58.192707 -5.8353505 1260256598939
132.95374 57.63307 -6.593583 1260256598959
131.00604 58.45142 -7.013904 1260256598982
132.65575 61.52885 -6.563209 1260256599165
135.82295 65.45241 -5.6850486 1260256599174
139.6318 69.57979 -4.700796 1260256599189
143.05022 73.6508 -3.8657563 1260256599202
143.94771 77.518265 -3.6724684 1260256599212
139.00032 81.39235 -6.688845 1260256599223
133.60031 77.52273 -8.654403 1260256599232
128.3203 73.946594 -10.021683 1260256599244
123.204285 70.949265 -11.170599 1260256599251
118.69407 68.8018 -12.312069 1260256599270
115.25937 67.561714 -13.546466 1260256599290
113.9464 70.18363 -14.369143 1260256599301
114.79908 72.62445 -14.4506855 1260256599308
117.15913 75.44323 -13.828151 1260256599319
120.50117 78.47107 -12.836743 1260256599328
124.02611 81.49751 -11.744906 1260256599345
127.0248 84.47264 -10.807661 1260256599353
128.82356 87.29901 -10.317278 1260256599366
128.28238 90.03406 -10.651414 1260256599385
125.31826 92.43236 -12.418843 1260256599394
121.10235 89.660736 -13.747901 1260256599408
116.34723 87.1277 -14.510506 1260256599421
111.52987 85.02132 -14.88498 1260256599438
106.95338 83.370255 -15.040731 1260256599457
103.55571 82.30174 -15.238695 1260256599480
103.02792 81.73666 -15.426761 1260256599499
105.32653 83.749825 -15.155422 1260256599518
109.2602 86.81233 -14.247651 1260256599538
114.29719 90.22172 -13.135268 1260256599558
119.032326 93.66063 -12.128505 1260256599576
120.58071 96.6276 -11.82208 1260256599598
118.551674 98.34622 -13.180976 1260256599621
113.92409 95.07891 -14.321927 1260256599639
108.92788 91.77496 -15.005831 1260256599658
104.131485 89.08621 -15.355539 1260256599678
101.17491 87.8319 -15.487762 1260256599697
105.21616 89.09031 -14.913374 1260256599721
110.505356 91.18579 -13.867705 1260256599738
115.88009 93.4265 -12.72432 1260256599922
121.08608 95.45518 -11.588104 1260256599932
125.58178 97.18242 -10.608699 1260256599943
128.4527 98.573296 -10.078264 1260256599952
129.23006 99.49463 -10.074351 1260256599963
126.36855 100.869896 -11.370634 1260256599973
121.550125 97.0264 -13.702103 1260256599984
116.27262 92.225075 -15.716997 1260256599991
111.05899 87.16382 -17.431147 1260256600011
105.95604 82.405624 -18.90959 1260256600022
101.058235 78.58534 -20.66411 1260256600029
97.70532 77.00607 -21.680904 1260256600042
99.720055 78.50577 -21.29686 1260256600049
105.18405 80.13048 -20.282017 1260256600067
110.82485 81.82395 -19.117916 1260256600073
116.28361 83.48276 -17.91202 1260256600087
121.519424 85.05862 -16.666418 1260256600099
126.393456 86.45569 -15.433097 1260256600113
130.47379 87.93291 -14.261442 1260256600127
133.3001 89.23626 -13.29837 1260256600143
134.23509 90.524445 -12.783452 1260256600159
133.22334 92.048225 -12.99428 1260256600178
129.81218 94.14581 -14.544566 1260256600198
124.97157 89.88852 -17.517338 1260256600217
120.173 84.8941 -19.84147 1260256600241
115.61435 79.74939 -21.749397 1260256600258
110.983635 74.96192 -23.761927 1260256600281
106.184456 70.663826 -26.17383 1260256600297
101.42523 67.18063 -29.065138 1260256600321
97.20397 72.121605 -31.31188 1260256600339
94.59377 75.865524 -32.346287 1260256600357
94.414085 78.122246 -32.07897 1260256600380
98.64338 79.366135 -30.975023 1260256600398
106.66121 79.64783 -29.676271 1260256600425
115.07815 79.665436 -28.442457 1260256600438
123.07424 79.48216 -27.320333 1260256600461
130.22054 79.15806 -26.354317 1260256600478
135.80951 78.900154 -25.3866 1260256600498
