193.44499 22.500038 34.94347 1260256507334
193.37274 22.875036 35.896297 1260256507341
192.4541 23.281284 36.65148 1260256507355
190.1814 23.61722 37.168907 1260256507361
185.12233 23.28636 37.610462 1260256507372
178.96622 21.722042 36.72994 1260256507409
173.21791 20.08594 34.89344 1260256507418
167.80702 19.181643 32.44877 1260256507429
162.81667 19.42256 29.87633 1260256507452
158.42583 20.801432 27.532513 1260256507476
154.90454 23.11136 25.555887 1260256507650
152.45932 26.255793 24.128094 1260256507659
151.43636 30.193003 23.32169 1260256507671
151.76454 34.733353 23.055605 1260256507689
153.02632 39.696686 23.102825 1260256507697
154.82501 44.81185 23.297684 1260256507709
157.33376 50.07126 23.6328 1260256507718
165.71707 38.917694 23.85116 1260256507729
161.58122 32.071808 22.508602 1260256507738
157.95216 25.418217 20.833172 1260256507750
156.70456 18.097305 18.641514 1260256507756
151.26933 24.64244 16.309439 1260256507764
149.10587 29.260319 15.243967 1260256507776
147.20058 33.197304 14.581769 1260256507790
145.34055 36.83744 14.202681 1260256507802
143.92352 40.495567 14.192547 1260256507813
142.87735 44.07079 14.23292 1260256507821
143.23347 47.96725 14.771274 1260256507832
152.1718 53.218887 17.08271 1260256507839
146.41321 43.05794 19.228575 1260256507856
139.14255 32.355045 21.367146 1260256507869
141.48543 37.33729 21.648788 1260256507879
142.16116 41.72043 21.41635 1260256507892
142.45311 45.78441 20.995531 1260256507904
142.28046 49.54519 20.445755 1260256507918
141.91643 53.36793 19.723467 1260256507936
140.0206 56.999535 18.337294 1260256507949
135.36957 54.14956 15.620429 1260256507971
131.05109 50.79208 13.739408 1260256507993
126.79853 48.252476 12.102437 1260256508007
122.9586 47.08985 10.797316 1260256508029
120.46067 47.73536 10.00745 1260256508051
120.387634 49.39859 9.857078 1260256508073
122.218254 52.32866 10.214224 1260256508088
123.60734 53.112225 10.753512 1260256508110
119.92697 51.106613 10.015837 1260256508132
116.280624 48.151283 8.515045 1260256508148
112.8166 45.29372 6.589293 1260256508171
109.47577 43.079033 4.2598286 1260256508353
106.45198 42.07508 1.446837 1260256508368
104.52938 46.421326 -0.5255049 1260256508377
104.55291 50.15026 -1.2492297 1260256508389
106.67526 54.092747 -1.1367682 1260256508398
110.1915 58.13811 -0.6299298 1260256508409
113.63192 62.081207 -0.048433278 1260256508416
116.50032 66.027145 0.35398838 1260256508424
118.375305 69.92579 0.536289 1260256508437
118.65654 73.8295 0.3594745 1260256508456
116.37371 77.83802 -0.45849922 1260256508468
128.25502 82.49612 -2.4855742 1260256508477
122.49227 77.97131 -6.4612956 1260256508483
118.417656 74.52275 -8.388231 1260256508494
114.59677 72.146614 -9.368819 1260256508508
110.866936 70.439285 -9.950378 1260256508519
107.27359 69.26732 -10.252859 1260256508531
104.05991 68.60395 -10.440216 1260256508542
101.35692 68.32375 -10.618205 1260256508559
100.08907 68.80756 -10.687295 1260256508573
101.98462 71.51719 -10.10293 1260256508588
106.08539 75.19133 -9.047784 1260256508611
111.53112 79.331764 -7.895395 1260256508629
117.25456 83.46518 -6.800625 1260256508648
120.99184 87.34192 -6.0605936 1260256508670
119.64224 89.274826 -6.457564 1260256508688
115.96013 87.46108 -7.1346855 1260256508712
112.162125 85.23803 -7.5779514 1260256508726
108.60402 83.176125 -7.7990537 1260256508751
105.37382 81.41732 -7.909101 1260256508768
102.75513 80.19646 -8.063646 1260256508791
102.31737 81.08663 -8.060464 1260256508808
104.9515 83.9323 -7.4074407 1260256508828
109.35393 87.38568 -6.4870687 1260256508850
114.68623 91.016396 -5.5127153 1260256508866
118.75192 94.11558 -4.6370797 1260256508895
120.01433 95.7098 -4.205226 1260256508908
116.61361 94.22431 -4.6449647 1260256508930
112.482925 91.4631 -5.2627163 1260256509099
108.45878 88.68994 -5.8495803 1260256509116
104.93584 86.75545 -6.407101 1260256509128
105.08904 87.41767 -6.436746 1260256509137
108.78459 89.24679 -5.8649087 1260256509143
113.24536 91.23445 -5.121663 1260256509155
117.5331 93.07273 -4.41558 1260256509163
120.85644 94.7691 -3.894801 1260256509176
121.26362 96.03064 -4.0500607 1260256509189
118.000435 97.379105 -5.4975576 1260256509201
113.20042 93.21015 -7.17268 1260256509213
108.5404 88.34965 -8.414046 1260256509222
103.913376 83.68217 -9.693344 1260256509233
100.217705 81.74806 -11.008677 1260256509244
100.50682 83.06066 -10.958242 1260256509259
103.68148 84.45763 -10.41033 1260256509269
107.847404 85.83475 -9.639813 1260256509280
112.05503 87.34301 -8.757823 1260256509298
114.95228 88.57586 -7.9699316 1260256509311
116.304665 89.547066 -7.371435 1260256509328
115.83943 90.019714 -6.952863 1260256509351
113.64746 89.46873 -7.10522 1260256509369
110.06509 86.94529 -8.349958 1260256509388
106.161835 82.148026 -9.882461 1260256509410
102.45374 76.79063 -11.388337 1260256509427
98.23106 71.65109 -13.1689205 1260256509451
110.969505 67.21854 -15.660475 1260256509468
123.12103 64.00761 -18.827452 1260256509495
117.56498 62.357227 -20.78608 1260256509508
112.78673 61.989365 -21.446775 1260256509531
107.64739 62.339897 -21.324436 1260256509549
119.71503 62.9229 -20.908215 1260256509568
129.22928 63.476757 -20.412804 1260256509590
132.81781 63.95292 -19.942163 1260256509606
135.72691 64.40527 -19.445055 1260256509635
138.59056 64.83501 -18.822802 1260256509648
141.26103 65.243256 -18.081661 1260256509671
143.29797 65.53109 -17.427578 1260256509688
