172.84485 33.436066 22.00821 1260256495125
166.2026 31.964262 22.7578 1260256495138
160.59247 29.516048 21.36991 1260256495147
155.11284 28.140245 18.851414 1260256495154
149.7572 27.983232 16.158842 1260256495183
144.71935 28.734072 13.6509 1260256495199
140.28337 30.297369 11.568355 1260256495391
136.8192 34.3325 9.989937 1260256495403
134.82823 38.315876 8.99044 1260256495410
134.48682 42.550083 8.540918 1260256495427
135.46248 46.92258 8.513872 1260256495439
137.13936 51.47645 8.688179 1260256495451
138.8324 56.10263 8.85377 1260256495462
140.94078 61.497498 8.761082 1260256495471
140.49374 51.52262 7.9230275 1260256495482
139.11905 43.09649 6.9768763 1260256495492
140.3131 34.341663 5.7280326 1260256495506
135.39745 40.57458 4.1416306 1260256495520
134.32758 44.89585 3.5845492 1260256495530
133.0112 48.35106 3.2053218 1260256495541
131.36064 51.383507 2.9950557 1260256495550
130.14261 54.41433 3.0453029 1260256495564
129.18549 57.543613 3.0430377 1260256495578
129.3762 61.016434 3.2408857 1260256495588
131.7074 65.115616 3.7788415 1260256495602
135.92203 69.60983 4.5398993 1260256495611
137.72592 73.12934 5.012904 1260256495624
137.73962 75.572876 5.212259 1260256495639
136.95264 77.44423 5.1516457 1260256495651
135.205 78.77202 4.6440635 1260256495668
131.89474 77.883415 3.2618604 1260256495674
127.65001 74.289246 1.5487673 1260256495693
123.66751 70.27478 0.121328935 1260256495707
119.83414 66.461044 -1.1847376 1260256495719
116.14243 63.23799 -2.6755009 1260256495730
112.635315 60.976093 -4.5417256 1260256495752
109.25355 59.37729 -6.5146394 1260256495771
106.19087 58.358425 -8.388907 1260256495785
103.631325 57.990505 -9.869462 1260256495801
102.84976 60.99098 -10.625989 1260256495818
104.457275 64.04143 -10.64469 1260256495836
107.23441 67.23936 -10.262455 1260256495858
110.57269 70.62739 -9.649332 1260256495886
113.64406 73.99602 -9.066865 1260256495902
115.56185 77.346214 -8.713522 1260256496089
115.38376 80.8289 -8.827846 1260256496106
111.96457 84.587456 -9.886454 1260256496113
106.66634 88.90808 -12.892131 1260256496133
102.883026 85.11268 -15.047524 1260256496148
99.53887 82.00704 -15.995149 1260256496162
96.36193 79.50669 -16.44539 1260256496170
93.343834 77.58136 -16.623121 1260256496181
90.67664 76.20229 -16.741964 1260256496190
88.94281 75.59218 -16.854866 1260256496204
89.84567 77.36257 -16.562122 1260256496213
93.55339 80.29444 -15.534017 1260256496228
98.82572 83.82972 -14.207315 1260256496240
104.38444 87.43823 -12.89695 1260256496249
108.46522 90.81632 -11.902102 1260256496260
108.191956 93.025505 -12.056997 1260256496270
104.93236 91.12423 -12.954147 1260256496285
101.33574 88.86802 -13.45644 1260256496305
97.86895 86.824615 -13.683618 1260256496314
94.7255 85.18339 -13.699437 1260256496330
92.53923 84.274216 -13.714465 1260256496344
93.51227 85.5605 -13.428741 1260256496353
97.48666 88.78248 -12.557304 1260256496372
103.462326 92.54336 -11.479439 1260256496386
108.63921 96.11619 -10.555467 1260256496402
109.95725 98.31038 -10.327693 1260256496423
106.25939 95.84486 -11.361308 1260256496446
102.14642 92.90261 -12.393243 1260256496464
98.6391 90.85748 -13.22358 1260256496479
99.00714 91.814606 -13.312402 1260256496502
102.906784 93.323875 -12.746781 1260256496521
107.261444 95.05768 -12.0594425 1260256496545
111.09837 96.704796 -11.40647 1260256496560
113.243454 98.06956 -11.086146 1260256496585
111.981285 99.21608 -11.631839 1260256496603
108.18222 96.555275 -13.200247 1260256496619
103.62311 92.47751 -14.790235 1260256496643
99.191956 87.65363 -15.950723 1260256496660
94.73236 82.720955 -17.153187 1260256496849
90.395744 78.88491 -18.945528 1260256496861
89.07596 80.99066 -19.448252 1260256496870
92.27216 82.69113 -18.72584 1260256496882
97.20856 84.356575 -17.689548 1260256496889
102.59813 86.03875 -16.45507 1260256496902
107.21822 87.53681 -15.332317 1260256496909
109.607315 88.809975 -14.465701 1260256496920
110.126945 89.86948 -13.942416 1260256496929
109.1206 90.826004 -13.895295 1260256496942
106.81457 92.384705 -14.75053 1260256496954
103.12384 89.21547 -16.963003 1260256496966
99.06765 84.9547 -19.464853 1260256496978
95.01427 80.45696 -21.79161 1260256496987
90.76355 76.03411 -24.20203 1260256497000
86.275375 71.9324 -26.841928 1260256497009
81.96161 68.48579 -29.649832 1260256497026
78.31353 65.961494 -31.76734 1260256497043
75.64785 69.66342 -32.678974 1260256497059
73.01546 69.08025 -32.645027 1260256497071
69.46468 68.97624 -32.162777 1260256497088
82.89145 68.92743 -31.60464 1260256497103
94.59688 68.78106 -31.124407 1260256497119
100.81703 68.642006 -30.618187 1260256497137
106.07618 68.60991 -29.987278 1260256497160
111.02237 68.579414 -29.237913 1260256497178
115.42125 68.50044 -28.426018 1260256497205
119.050186 68.27542 -27.754717 1260256497218
