183.27007 40.39195 20.817564 1260256328028
177.05656 41.122353 20.826685 1260256328042
171.55374 41.916237 20.83535 1260256328049
165.62605 42.520424 20.943583 1260256328061
159.59476 42.8944 21.146404 1260256328070
153.86502 43.24968 21.389084 1260256328081
148.52177 43.587196 21.619629 1260256328114
143.69568 44.007835 21.988647 1260256328127
139.0109 44.30744 22.539215 1260256328140
134.56035 44.54207 23.212254 1260256328151
130.23233 44.664967 24.00164 1260256328165
126.22071 44.78172 24.801558 1260256328174
122.909676 44.942635 25.56148 1260256328186
120.11419 45.0455 26.383406 1260256328200
118.15848 44.993225 27.364235 1260256328212
119.40055 49.793564 28.546022 1260256328230
130.53052 54.803886 30.118721 1260256328246
126.80399 51.51369 29.812784 1260256328261
123.263794 48.788006 27.572145 1260256328278
119.550606 46.948605 25.093538 1260256328301
115.77308 46.201176 22.688862 1260256328318
112.23443 46.691116 20.654419 1260256328502
109.3727 48.30656 19.171698 1260256328511
108.25407 51.091232 18.213112 1260256328522
109.99136 54.63667 17.752457 1260256328532
114.041794 58.804836 17.714834 1260256328543
118.8897 63.364594 17.779093 1260256328552
124.44521 68.196365 17.840137 1260256328565
131.22295 73.43655 17.54813 1260256328571
133.6118 62.06472 16.070723 1260256328588
135.38121 52.661484 13.717186 1260256328594
137.81215 43.57841 11.131327 1260256328611
146.67154 33.29949 7.3247604 1260256328623
144.08797 38.734516 6.2085223 1260256328632
144.43356 43.04779 5.998096 1260256328643
147.91188 46.7454 6.198191 1260256328660
154.16629 50.20813 6.5882816 1260256328670
162.55798 53.247723 7.0588675 1260256328683
171.63008 55.935337 7.405924 1260256328698
164.84857 58.23857 7.4356275 1260256328710
158.80614 60.02664 7.213846 1260256328729
152.36583 60.07531 6.1031537 1260256328742
161.59753 55.021545 3.897996 1260256328759
163.96765 46.37047 2.403096 1260256328783
157.26927 52.201946 0.8829412 1260256328798
154.1558 55.29185 0.98879415 1260256328820
163.64801 58.02726 1.3893545 1260256328842
172.11562 60.525898 1.8198867 1260256328858
178.55983 63.0996 2.2788923 1260256328878
179.38184 65.74462 2.7149477 1260256328900
178.31274 68.45739 2.9292004 1260256328923
176.4971 70.98452 2.9827404 1260256328938
170.32225 70.5853 1.8336034 1260256328960
163.40614 67.35603 0.44192314 1260256328982
156.93584 64.03823 -0.8801731 1260256328998
150.73904 61.13632 -2.1861644 1260256329018
144.75209 58.829502 -3.5268562 1260256329040
138.86449 57.088028 -5.1005135 1260256329063
132.97127 55.733627 -6.895488 1260256329078
127.17271 54.646946 -8.800714 1260256329253
121.614075 53.814598 -10.810678 1260256329271
116.68337 53.373867 -12.470143 1260256329282
113.599205 57.005173 -13.596636 1260256329291
114.86925 60.404915 -14.066804 1260256329303
117.875786 63.83467 -13.963464 1260256329311
121.631996 67.39294 -13.51529 1260256329322
125.5504 70.92329 -12.889525 1260256329331
129.47289 74.37712 -12.145049 1260256329342
132.84924 77.808266 -11.487797 1260256329353
135.10678 81.21785 -11.013407 1260256329368
135.00143 84.60696 -11.0627365 1260256329380
131.45135 88.07661 -12.1096 1260256329389
125.778786 84.922775 -14.75412 1260256329401
119.989845 81.97664 -16.266415 1260256329412
114.39035 79.42781 -17.053095 1260256329427
108.97083 77.30642 -17.350441 1260256329440
103.77229 75.7411 -17.432919 1260256329450
98.93368 74.60404 -17.611273 1260256329461
94.937 74.02384 -17.880709 1260256329480
96.19015 76.37265 -17.736673 1260256329501
100.53064 79.60402 -16.799839 1260256329518
106.45411 83.02382 -15.509847 1260256329537
112.581406 86.37263 -14.184355 1260256329561
117.402336 89.55399 -13.175137 1260256329578
118.88222 92.226295 -12.91638 1260256329598
114.4381 93.764984 -13.920561 1260256329619
108.9162 91.37673 -14.624533 1260256329642
103.57039 89.0079 -14.943306 1260256329658
98.54187 86.8575 -15.046141 1260256329678
93.81477 85.014626 -15.193833 1260256329700
89.72404 83.663895 -15.584142 1260256329723
90.83784 85.580696 -15.754934 1260256329738
95.59595 88.45166 -14.967188 1260256329758
101.96615 91.32908 -13.768828 1260256329782
108.36784 93.862625 -12.580387 1260256329798
114.34945 95.86949 -11.551368 1260256329818
119.48198 97.07602 -10.873799 1260256329840
115.05788 97.47222 -10.980109 1260256330025
109.85498 95.49861 -11.731104 1260256330042
104.56223 92.32368 -12.694549 1260256330049
99.43412 88.4575 -13.809821 1260256330061
112.36241 84.23462 -15.01933 1260256330070
124.39429 80.67289 -16.818363 1260256330081
119.87457 82.58925 -17.377445 1260256330090
125.630844 84.25979 -16.608572 1260256330101
132.4493 85.8968 -15.4281435 1260256330109
139.27682 87.301956 -14.256737 1260256330125
145.86299 88.636856 -13.1439 1260256330132
152.31984 89.655014 -12.386704 1260256330149
147.20384 90.672264 -12.167369 1260256330160
142.14365 91.93865 -12.659 1260256330169
135.83646 89.141716 -14.72605 1260256330185
146.44463 84.23463 -17.189749 1260256330193
156.7724 78.872894 -18.88026 1260256330208
165.43378 73.57925 -20.586248 1260256330219
173.11209 69.00028 -22.906937 1260256330231
181.35649 66.05027 -25.76159 1260256330246
172.78867 69.447754 -26.42351 1260256330263
179.94923 71.67537 -25.702333 1260256330279
185.85178 73.6916 -24.417217 1260256330297
190.95918 75.85702 -22.996357 1260256330318
195.36122 77.964165 -21.64654 1260256330337
199.34315 79.915955 -20.464212 1260256330361
204.576 81.620155 -19.491001 1260256330379
196.49721 83.03915 -18.966452 1260256330398
188.22235 84.98719 -19.51813 1260256330418
196.01123 81.287834 -22.392223 1260256330441
201.51067 75.87344 -24.072613 1260256330459
205.88513 70.52977 -25.518982 1260256330478
210.09088 65.80328 -27.293034 1260256330500
214.33633 61.86312 -29.628382 1260256330519
218.86952 67.66997 -32.546963 1260256330538
223.47604 72.33647 -34.419613 1260256330558
227.55225 75.86965 -35.298634 1260256330589
230.87463 78.476166 -35.3837 1260256330599
233.7309 80.602356 -35.114517 1260256330771
235.94435 82.62224 -34.85879 1260256330789
237.54713 84.54113 -34.615852 1260256330801
238.76978 86.21407 -34.235058 1260256330810
239.58128 87.653366 -33.723305 1260256330821
239.75221 88.970695 -33.13714 1260256330829
239.2646 90.22216 -32.53028 1260256330843
237.25137 91.61105 -32.153767 1260256330852
233.0888 93.3805 -32.19608 1260256330867
227.68437 95.411476 -32.686275 1260256330881
221.60016 97.740906 -33.50196 1260256330891
215.92015 99.75386 -34.176865 1260256330901
211.12415 97.41617 -34.21802 1260256330908
206.61794 95.19536 -33.70712 1260256330921
