173.82579 40.436348 15.935072 1260256445802
176.7345 40.21453 17.038319 1260256445809
179.09778 40.153805 18.086403 1260256445822
180.74289 40.296116 19.082083 1260256445830
182.00575 40.58131 20.077978 1260256445841
183.75546 40.702244 21.274078 1260256445873
186.2177 40.51713 22.810375 1260256445887
189.15681 45.941277 24.569857 1260256446060
192.14897 51.294212 26.391363 1260256446072
195.19153 56.529503 28.221794 1260256446088
198.73195 61.75303 30.310705 1260256446101
204.84535 58.515377 33.09517 1260256446110
195.95308 53.289608 33.44041 1260256446121
188.85542 47.72513 31.81839 1260256446130
182.16266 43.988873 29.02747 1260256446142
175.80452 42.28943 25.776096 1260256446149
169.7143 41.57496 22.587292 1260256446162
164.07858 41.746212 19.807928 1260256446170
159.32465 42.7589 17.517532 1260256446181
156.10841 46.070953 15.891656 1260256446190
155.00299 49.917404 15.047073 1260256446204
155.50284 54.421535 14.694719 1260256446221
157.2777 59.250458 14.609983 1260256446228
159.86382 64.23794 14.579484 1260256446242
163.27063 69.47604 14.40051 1260256446249
161.3071 57.752243 13.730484 1260256446261
159.94174 48.71463 12.09396 1260256446272
156.29465 40.2789 10.039262 1260256446290
149.07991 31.364956 7.1372986 1260256446301
142.27591 38.296707 3.2804337 1260256446308
138.8621 42.981873 1.5664119 1260256446327
137.169 46.78278 0.73809123 1260256446338
136.61055 50.19364 0.40118665 1260256446349
137.13002 53.38396 0.33112732 1260256446362
137.92352 56.36476 0.41457096 1260256446378
138.62735 59.19652 0.54384243 1260256446397
139.14598 61.936695 0.7166503 1260256446422
138.78868 64.48986 0.7308178 1260256446436
136.39925 66.865364 -0.055723097 1260256446458
130.77928 63.072094 -2.4029372 1260256446479
125.89032 58.168488 -3.6827903 1260256446499
120.54581 53.310062 -5.448651 1260256446518
117.118515 57.24456 -7.1762185 1260256446538
117.36259 60.38233 -7.0674076 1260256446561
118.394455 63.463215 -6.764037 1260256446579
120.12473 66.440056 -6.325835 1260256446768
122.5685 69.61805 -5.6595435 1260256446780
124.140076 72.93715 -5.2765665 1260256446789
124.83307 76.340294 -5.112738 1260256446801
123.29141 79.57328 -5.7071013 1260256446808
118.42684 75.94462 -9.471746 1260256446822
114.3055 71.24739 -10.748159 1260256446829
110.39022 66.93502 -11.610751 1260256446840
106.57071 63.23827 -12.430214 1260256446849
102.99217 60.226357 -13.408703 1260256446863
99.792564 58.015038 -14.738268 1260256446880
97.452934 56.864285 -16.451355 1260256446887
97.18029 60.27107 -17.178787 1260256446901
99.27128 63.657516 -16.769848 1260256446908
103.20772 67.27464 -15.731356 1260256446922
107.597336 70.81091 -14.544787 1260256446938
110.667465 74.37037 -13.717548 1260256446945
110.43409 78.10185 -13.931671 1260256446963
106.71239 82.79676 -17.085087 1260256446973
102.926765 77.80692 -19.130833 1260256446987
99.33043 73.01658 -20.37429 1260256447002
95.8139 68.66575 -21.505575 1260256447019
92.52321 64.932465 -22.980297 1260256447038
89.74705 62.285843 -24.881283 1260256447058
87.709694 60.62155 -26.687218 1260256447078
87.07421 64.39047 -27.302856 1260256447102
88.3705 67.820946 -26.937714 1260256447118
91.351974 71.2299 -25.890827 1260256447141
95.13438 74.4684 -24.596285 1260256447158
99.127655 77.79498 -23.21647 1260256447177
102.27127 81.10523 -22.055647 1260256447203
103.90771 84.34997 -21.302864 1260256447218
103.46232 87.582466 -21.13772 1260256447241
101.239204 90.803345 -21.980835 1260256447258
98.22724 94.21318 -24.131794 1260256447285
95.21588 90.15252 -26.125204 1260256447298
92.205086 86.244896 -27.118944 1260256447319
89.14483 82.73265 -27.612997 1260256447342
86.187584 79.696014 -27.882347 1260256447534
83.67821 77.46121 -28.08823 1260256447549
81.8443 75.98815 -28.233818 1260256447563
81.402084 75.18874 -28.272127 1260256447572
83.43198 77.47931 -27.558521 1260256447581
87.360374 80.40534 -26.130594 1260256447590
92.54236 83.835075 -24.424065 1260256447603
98.11524 87.34332 -22.65286 1260256447612
102.15948 90.77615 -21.270218 1260256447623
101.901505 94.287346 -20.756706 1260256447630
98.30643 97.67298 -22.46887 1260256447646
95.04111 93.93933 -24.045427 1260256447660
91.73905 90.59236 -24.593157 1260256447669
88.5521 87.712746 -24.763498 1260256447681
85.5245 85.32711 -24.725323 1260256447690
83.04827 83.460754 -24.689056 1260256447703
81.99586 82.18771 -24.854603 1260256447717
83.94607 84.12833 -24.411873 1260256447727
88.19876 87.12191 -23.09128 1260256447739
94.08882 90.615814 -21.536716 1260256447751
100.33438 94.18502 -20.00988 1260256447764
103.16766 97.175766 -19.109386 1260256447782
101.55928 98.66698 -19.953917 1260256447798
97.88132 95.48363 -20.656221 1260256447819
94.037254 92.20944 -21.123411 1260256447841
90.38539 89.24897 -21.56724 1260256447858
88.16612 87.43652 -22.088879 1260256447878
90.657814 89.164696 -21.684435 1260256447900
95.57492 91.50646 -20.500214 1260256447923
101.346176 93.93114 -19.125202 1260256447938
106.62887 95.88458 -17.868942 1260256447959
110.64742 97.39035 -16.925495 1260256447982
111.71505 98.32083 -16.82922 1260256447998
108.879295 96.10479 -17.737759 1260256448018
104.53533 92.24955 -19.150871 1260256448039
100.00857 87.237076 -20.243328 1260256448062
95.45814 81.77522 -21.231161 1260256448079
90.685234 76.586464 -22.969603 1260256448097
88.100975 80.50714 -24.921124 1260256448298
89.94592 82.83179 -24.725067 1260256448318
93.99863 84.6402 -23.888813 1260256448328
99.0487 86.20819 -22.744371 1260256448339
104.24626 87.697784 -21.507153 1260256448348
108.23395 89.0629 -20.481794 1260256448354
110.87225 90.209755 -19.607704 1260256448365
111.52864 90.99927 -18.97732 1260256448374
109.85221 91.999306 -19.028454 1260256448387
106.1596 89.19934 -20.477032 1260256448398
101.75162 84.43938 -22.05318 1260256448409
97.56403 78.96741 -22.950521 1260256448424
93.18583 73.519035 -23.952995 1260256448433
106.07654 68.59309 -25.505346 1260256448445
117.77271 64.513435 -27.930079 1260256448454
129.43408 70.037766 -30.783575 1260256448466
123.61238 74.28587 -32.394398 1260256448483
118.73176 77.27158 -32.87468 1260256448492
125.14517 79.358 -32.630947 1260256448505
131.0879 81.0901 -32.1494 1260256448522
135.9835 82.7856 -31.741928 1260256448534
139.13432 84.59632 -31.554832 1260256448550
140.62761 86.416504 -31.427092 1260256448563
141.44623 88.04568 -31.255737 1260256448582
141.87392 89.59339 -31.04295 1260256448603
141.78023 91.11372 -30.940802 1260256448618
140.94122 92.80804 -31.14376 1260256448640
139.64417 90.66763 -31.586573 1260256448663
137.96196 88.134254 -31.557243 1260256448678
136.46387 85.62754 -31.27938 1260256448698
