-1.4742501 -6.1427 7.7799635 1258745712809
-1.2554809 -6.2026334 7.6756306 1258745712816
-1.0088321 -6.226881 7.5846863 1258745712845
-0.7881361 -6.1967974 7.5636673 1258745712858
-0.658154 -6.140977 7.655386 1258745712877
-0.68108976 -5.993967 7.846033 1258745712889
-0.88947743 -5.7317247 8.073458 1258745712897
-1.3217157 -5.4471817 8.300406 1258745712907
-1.9162169 -5.2940006 8.491491 1258745712928
-2.641032 -5.3521028 8.553164 1258745712947
-3.3868117 -5.606157 8.410171 1258745712967
-4.038097 -5.997332 8.0121355 1258745712987
-4.5247006 -6.425473 7.320053 1258745713010
-4.722739 -6.878516 6.2866535 1258745713027
-4.5669622 -7.3742847 4.9882507 1258745713047
-4.073017 -7.8963413 3.518455 1258745713070
-3.3470259 -8.427708 2.0649436 1258745713089
-2.6191974 -8.944083 0.9531096 1258745713111
-2.0980146 -9.472777 0.29526255 1258745713127
-1.9222881 -9.975037 0.15314916 1258745713149
-2.192561 -10.3704605 0.5200513 1258745713166
-2.8150265 -10.601738 1.247254 1258745713187
-3.6896722 -10.6423435 2.227529 1258745713208
-4.6833487 -10.495682 3.2187197 1258745713227
-5.610316 -10.217426 3.9723902 1258745713247
-6.3234043 -9.934696 4.137434 1258745713267
-6.7699738 -9.72535 3.6363628 1258745713287
-6.862559 -9.655866 2.6005487 1258745713309
-6.5786796 -9.769644 1.1793123 1258745713327
-6.082896 -10.0016775 -0.25667042 1258745713349
-5.496129 -10.300427 -1.4866936 1258745713369
-4.9741135 -10.635997 -2.3691883 1258745713389
-4.6906757 -11.05013 -2.8173354 1258745713588
-4.69586 -11.530726 -2.6403747 1258745713603
-4.959572 -12.003638 -1.9431115 1258745713609
-5.413722 -12.401147 -0.9259014 1258745713619
-5.96911 -12.598991 0.19299605 1258745713628
-6.5260124 -12.562889 1.0666257 1258745713641
-7.030553 -12.335183 1.5574273 1258745713648
-7.422696 -11.962228 1.482961 1258745713665
-7.627021 -11.515984 0.86944723 1258745713676
-7.6372547 -11.127464 -0.12540646 1258745713687
-7.451525 -10.793784 -1.406259 1258745713699
-7.154542 -10.553742 -2.629879 1258745713712
-6.8560634 -10.437389 -3.590056 1258745713723
-6.6072407 -10.426283 -4.220283 1258745713731
-6.450538 -10.606417 -4.4314995 1258745713743
-6.3745394 -10.972315 -4.2528286 1258745713761
-6.321409 -11.412537 -3.8563125 1258745713770
-6.262082 -11.763327 -3.387004 1258745713780
-6.19142 -11.965821 -2.875783 1258745713797
