0.70016277 -7.747266 5.4411516 1258745687465
0.68694717 -7.79303 5.434691 1258745687471
0.6764354 -7.8351436 5.423786 1258745687486
0.66644925 -7.8724275 5.4018493 1258745687543
0.6603675 -7.8983126 5.380328 1258745687548
0.66003793 -7.8874907 5.362607 1258745687562
0.6481476 -7.881296 5.3301086 1258745687575
0.6702216 -7.8863077 5.293787 1258745687580
0.70549333 -7.908094 5.250428 1258745687598
0.7553458 -7.9533076 5.184721 1258745687611
0.84084266 -7.984002 5.125704 1258745687628
0.92206466 -8.010438 5.050569 1258745687648
1.016251 -8.029423 4.96489 1258745687669
1.1084521 -8.055631 4.8753223 1258745687686
1.1980861 -8.100278 4.7555013 1258745687708
1.2805145 -8.148141 4.622603 1258745687727
1.3676746 -8.1868 4.4684277 1258745687747
1.4586489 -8.231699 4.2919965 1258745687766
1.5525657 -8.270267 4.0951033 1258745687787
1.6445107 -8.290562 3.8944342 1258745687807
1.710747 -8.297584 3.722867 1258745687830
1.7409827 -8.282461 3.5980153 1258745687847
1.6920705 -8.236769 3.5311635 1258745688049
1.5570717 -8.196085 3.5439281 1258745688060
1.3307563 -8.24052 3.6541212 1258745688077
1.0333536 -8.383523 3.8405266 1258745688088
0.69770163 -8.583391 4.045533 1258745688095
0.3597638 -8.781439 4.1803603 1258745688105
0.07685985 -8.900801 4.152493 1258745688114
-0.095194444 -8.967886 3.8971972 1258745688126
-0.107460156 -9.05341 3.378854 1258745688135
0.06748619 -9.175518 2.6657784 1258745688147
0.40734464 -9.343278 1.8385327 1258745688153
0.8180614 -9.529891 1.0199604 1258745688170
1.2027942 -9.715345 0.35400367 1258745688176
1.4695429 -9.894251 -0.10159071 1258745688188
1.5520186 -10.020626 -0.34303948 1258745688196
1.4185743 -10.072581 -0.37083465 1258745688211
1.0745577 -10.040216 -0.18476263 1258745688220
0.56659114 -9.968609 0.21061237 1258745688230
-0.03174997 -9.938719 0.7605591 1258745688247
-0.6137944 -9.945736 1.3156973 1258745688257
-1.1061261 -9.963298 1.7858732 1258745688270
-1.4362756 -9.947293 2.0609238 1258745688291
-1.5605948 -9.885779 2.051858 1258745688312
-1.4478332 -9.8573065 1.789907 1258745688334
-1.1064396 -9.917427 1.2952063 1258745688350
-0.64182615 -10.056264 0.645452 1258745688366
-0.17592676 -10.223572 9.447689E-4 1258745688392
0.18699862 -10.36617 -0.54323536 1258745688407
0.35267016 -10.447157 -0.9430715 1258745688427
0.2819173 -10.477785 -1.1512995 1258745688447
0.0056297258 -10.487813 -1.1359576 1258745688467
-0.42437375 -10.456479 -0.92797387 1258745688487
-0.91255605 -10.380403 -0.5771604 1258745688507
-1.3490885 -10.210063 -0.26840425 1258745688533
-1.6616418 -9.971967 -0.17189991 1258745688548
-1.7992094 -9.770292 -0.3662481 1258745688568
-1.7705405 -9.706733 -0.791278 1258745688591
-1.6500056 -9.924206 -1.2032286 1258745688607
-1.4912313 -10.320809 -1.3923196 1258745688627
-1.4010063 -10.80927 -1.2668601 1258745688652
-1.4140401 -11.259686 -0.8909301 1258745688667
-1.5061013 -11.488726 -0.49021152 1258745688687
-1.6732384 -11.5190325 -0.24368927 1258745688874
-1.84632 -11.29721 -0.3254852 1258745688880
-1.9664814 -10.874681 -0.7743458 1258745688891
-1.9982316 -10.361593 -1.4922389 1258745688900
-1.9950246 -9.846919 -2.324742 1258745688910
-2.003555 -9.515974 -3.0202777 1258745688917
-2.094062 -9.459682 -3.459706 1258745688928
-2.2842395 -9.765101 -3.615652 1258745688937
-2.467632 -10.371242 -3.5806072 1258745688955
-2.6309588 -11.134355 -3.4438 1258745688967
-2.783395 -11.829347 -3.2865922 1258745688973
-2.9200373 -12.250552 -3.1100044 1258745688981
-3.066192 -12.397359 -2.8877645 1258745688993
-3.2050388 -12.226962 -2.6466718 1258745689009
-3.3124268 -11.79336 -2.3985653 1258745689017
-3.3837996 -11.160788 -2.2391381 1258745689030
-3.4052944 -10.326255 -2.3709855 1258745689041
-3.3977928 -9.419038 -2.7802248 1258745689056
-3.3607016 -8.625283 -3.4094012 1258745689075
-3.3779032 -8.191976 -4.099737 1258745689088
-3.4214854 -8.2672615 -4.6023273 1258745689111
-3.4547164 -8.760333 -4.889103 1258745689134
-3.5026302 -9.50933 -4.9545107 1258745689148
-3.460297 -10.231772 -4.8688674 1258745689170
-3.4200807 -10.72196 -4.697612 1258745689191
-3.3873231 -10.928852 -4.4777136 1258745689213
-3.295593 -10.905431 -4.260638 1258745689227
-3.1641831 -10.744253 -4.0571404 1258745689247
-2.9569407 -10.531205 -3.9046786 1258745689273
-2.749164 -10.323361 -3.8170455 1258745689287
-2.5299838 -10.136806 -3.7256217 1258745689307
-2.3326588 -9.975922 -3.6414933 1258745689326
-2.1560962 -9.850323 -3.5070899 1258745689347
