2.547005 -3.1190596 9.357179 1260168732811
2.7104492 -3.5004294 8.866846 1260168732820
3.2007818 -3.840938 8.267551 1260168732873
3.3097446 -4.5491962 7.8317 1260168732886
3.3233647 -4.767122 7.3413672 1260168732905
3.3233647 -4.7126403 7.504812 1260168732915
2.9283748 -5.039529 7.1915436 1260168732928
2.8738933 -4.9850473 7.3005066 1260168732944
2.7649305 -4.8352237 7.572913 1260168732953
2.547005 -4.930566 7.3549876 1260168732968
2.4380422 -4.739881 7.572913 1260168732981
2.2201166 -4.576437 7.681876 1260168732993
2.1656353 -4.630918 7.7908387 1260168733012
2.2201166 -4.6853995 7.84532 1260168733024
2.2201166 -4.8488436 7.8589406 1260168733048
3.0373375 -5.3800373 7.8589406 1260168733067
2.587866 -5.053149 7.804459 1260168733548
2.7513103 -4.8488436 7.8589406 1260168733555
-3.2961242 -18.714357 -9.697687 1260168733577
-6.26536 -22.037724 -9.643207 1260168733588
-8.526338 -23.454239 -8.825985 1260168733596
-9.302697 -22.36461 -7.6273947 1260168733613
-9.193735 -19.749504 -5.5026207 1260168733624
-9.01667 -16.208214 -2.7104492 1260168733631
-8.471856 -12.462618 -0.6401563 1260168733650
-7.872561 -9.629586 0.44947147 1260168733661
-7.368608 -8.4854765 0.013620348 1260168733672
-6.8782754 -7.995144 -0.9670447 1260168733688
-6.66035 -7.995144 -1.56634 1260168733702
-6.769313 -7.995144 -1.56634 1260168733724
-6.496906 -8.21307 -0.8036005 1260168733742
-6.6467295 -9.466142 0.939804 1260168733762
-6.5922484 -10.773695 3.336985 1260168733783
-6.0882955 -11.75436 5.6933055 1260168733803
-5.9793324 -12.13573 7.8180795 1260168733822
-5.325556 -11.536434 9.39804 1260168733842
-4.385752 -11.046102 9.779409 1260168733862
-3.173541 -11.100583 9.561484 1260168733882
-1.8523673 -11.427472 9.39804 1260168733902
-0.24516626 -11.413852 9.343558 1260168733922
1.293933 -11.904184 9.125633 1260168733943
2.4380422 -12.680544 8.907707 1260168733966
3.4731886 -13.443283 8.253931 1260168733982
3.990762 -13.811032 7.600154 1260168734007
3.990762 -13.429663 8.090487 1260168734022
3.6502533 -13.715691 8.430995 1260168734043
3.3642259 -14.47843 8.158588 1260168734066
3.4323275 -15.704261 7.286886 1260168734083
3.3233647 -16.793888 5.706926 1260168734102
3.1463003 -16.902851 4.8216033 1260168734122
2.7649305 -16.630445 4.9850473 1260168734147
1.9477097 -17.052675 5.4890003 1260168734163
1.56634 -17.434046 4.004382 1260168734183
1.2803127 -17.447666 3.2416427 1260168734202
1.2803127 -16.793888 2.0430522 1260168734222
1.56634 -15.077724 2.6968288 1260168734246
1.5118586 -13.6748295 4.930566 1260168734263
0.84446156 -12.162971 6.26536 1260168734289
-0.3677494 -10.528529 8.172209 1260168734303
