4.6853995 -4.2086873 8.3765135 1260168736130
6.510526 -5.175732 7.7227373 1260168736165
8.349273 -6.374323 7.940663 1260168736180
9.452521 -7.518432 7.7227373 1260168736196
9.820271 -8.458236 6.7965536 1260168736211
8.934948 -9.00305 6.142777 1260168736223
8.022385 -9.384419 4.7126403 1260168736232
7.3005066 -9.983715 3.405087 1260168736252
6.851035 -10.433187 2.5333846 1260168736273
6.6331096 -10.2152605 1.1168685 1260168736293
6.197258 -10.310603 -0.40861043 1260168736312
5.3800373 -10.800936 -1.607201 1260168736332
4.6445384 -10.691973 -3.2961242 1260168736353
2.9419951 -11.672638 -4.004382 1260168736372
1.1441092 -12.92571 -4.440233 1260168736393
-0.3949901 -14.015338 -4.8216033 1260168736412
-2.1247742 -15.431854 -4.7535014 1260168736432
-2.8875136 -16.031149 -4.6445384 1260168736452
-3.5276701 -16.05839 -4.426613 1260168736474
-2.9147544 -14.805318 -4.2086873 1260168736492
-2.4380422 -13.388802 -4.235928 1260168736512
-2.1656353 -11.972285 -4.6172976 1260168736532
-1.7297841 -10.228881 -4.9986677 1260168736553
-2.3426998 -9.575105 -5.284695 1260168736572
-2.7649305 -9.01667 -5.2302136 1260168736592
-2.9283748 -8.471856 -4.671779 1260168736615
-3.4323275 -8.21307 -3.8954194 1260168736633
-3.9362805 -8.104107 -2.6968288 1260168736652
-4.3585114 -8.144968 -1.4982382 1260168736672
-4.630918 -8.036005 -0.7354988 1260168736692
-4.807983 -8.322033 -0.29964766 1260168736713
-4.862464 -8.975809 0.13620348 1260168736901
-4.7535014 -9.724928 0.95342433 1260168736912
-4.6445384 -10.651112 1.9885708 1260168736918
-4.3176503 -11.427472 3.13268 1260168736930
-3.990762 -11.917805 4.276789 1260168736939
-4.3176503 -12.340035 5.434519 1260168736952
-3.6093922 -12.884849 5.9793324 1260168736960
-2.7921712 -13.048293 6.4151835 1260168736966
-1.96133 -13.3207 6.7965536 1260168736977
-0.19068487 -13.416042 7.2324047 1260168736995
0.7491191 -14.069819 7.668256 1260168737004
1.607201 -14.941522 7.3005066 1260168737015
2.819412 -15.26841 7.0280995 1260168737022
4.2086873 -15.799603 6.701211 1260168737035
5.4208984 -16.507862 6.1563973 1260168737046
6.619489 -17.284222 5.448139 1260168737058
7.3822284 -17.720072 4.6172976 1260168737075
7.327747 -17.937998 4.1269655 1260168737090
6.67397 -17.502148 4.1814466 1260168737102
5.366417 -17.22974 5.1484914 1260168737115
3.9362805 -17.284222 5.47538 1260168737137
2.6559677 -17.284222 4.6445384 1260168737160
1.6616824 -17.393185 3.6638734 1260168737174
1.4028958 -17.284222 2.1383946 1260168737196
1.4573772 -17.011814 0.939804 1260168737219
1.7706453 -16.371658 -0.47671217 1260168737236
2.383561 -14.955142 -1.6753027 1260168737254
2.3971813 -13.593107 -1.7842655 1260168737277
1.8387469 -12.4489975 -0.8580819 1260168737299
0.95342433 -11.372991 -0.7491191 1260168737316
0.2860273 -10.119919 0.939804 1260168737335
-1.293933 -9.071152 2.7921712 1260168737359
-2.506144 -8.19945 4.426613 1260168737380
-3.2688835 -7.8317 6.9599977 1260168737394
-4.263169 -7.7772183 7.6137743 1260168737422
