-3.7836308 -1.4838066 7.652131 1260179570765
4.194999 -8.974752 14.268277 1260179570775
13.57928 -17.47092 8.918405 1260179570786
17.05339 -20.777443 2.383188 1260179570794
11.403526 -17.133375 8.533376 1260179570805
2.48989 -10.166769 12.381634 1260179570814
0.18676281 -1.1760893 12.003289 1260179570825
8.04131 2.6148276 5.138361 1260179570834
-10.575681 0.29351044 -1.7185378 1260179570847
-7.6799207 -5.051867 16.444143 1260179570858
-3.7173219 -9.963866 0.951108 1260179570870
-20.906647 -13.626625 9.444436 1260179570878
-4.029871 -15.450102 13.0764 1260179570923
-11.19585 -15.614806 -2.0685472 1260179570932
-16.359539 -13.832386 8.015976 1260179570942
0.39008808 -7.297464 7.60005 1260179570952
6.705361 -13.673502 -3.3332999 1260179570963
8.660373 -8.23236 2.4412029 1260179570973
3.034146 -18.351116 -12.583204 1260179570979
-2.831627 -6.3727055 -5.433242 1260179570993
4.778571 -26.517355 -6.4903774 1260179571009
15.93645 -9.020485 -9.057675 1260179571017
18.007858 -29.473593 -9.898255 1260179571029
11.681879 -9.254101 -7.7378674 1260179571035
3.6724396 -23.978394 -14.950874 1260179571056
-1.4896221 -13.157102 2.5733404 1260179571067
-2.224374 -1.6705961 -6.6606894 1260179571074
3.6090205 -12.589064 -7.845157 1260179571093
0.60891056 -0.42359257 8.074604 1260179571105
-17.205204 -5.091388 4.078314 1260179571116
-11.328411 -16.265469 6.5593867 1260179571133
-0.5268879 2.5514145 12.1276245 1260179571149
-9.499077 -9.482002 1.7009697 1260179571168
-17.148848 -9.881709 7.9907694 1260179571358
-4.855812 5.678793 1.9560685 1260179571373
6.7192707 5.7716513 2.8522205 1260179571391
7.503896 -3.975196 -6.5937653 1260179571405
-1.3421216 -9.630875 5.451141 1260179571412
-5.841993 -4.7166553 -4.237975 1260179571418
3.6219833 -23.313297 -9.216371 1260179571426
13.394672 -9.623852 -9.034005 1260179571433
13.506762 -13.447059 -6.391011 1260179571439
8.297937 -23.678564 -7.094129 1260179571448
4.168285 -23.869854 -3.0018017 1260179571458
