13.250865 8.249242 -2.012226 1260261088028
16.824629 8.9735365 -0.8889363 1260261088037
20.635078 9.669793 1.3229853 1260261088217
20.70795 10.305056 3.1204805 1260261088229
14.607849 10.952751 2.72704 1260261088273
7.501576 11.358209 2.9798288 1260261088285
3.357036 -0.5334554 5.4012847 1260261088294
2.000516 -2.008945 5.2747755 1260261088300
2.27176 -5.1200743 1.4652237 1260261088311
3.069056 -5.3208513 -0.08770931 1260261088320
6.607117 -3.9591317 3.1847315 1260261088333
10.887277 -1.702991 4.6622562 1260261088345
15.014551 7.882434 1.1944826 1260261088354
13.937463 13.901282 -1.3963097 1260261088366
7.025114 0.49100232 6.5659266 1260261088375
0.8714199 -5.614856 -6.151923 1260261088386
-0.691762 7.741601 -8.304636 1260261088404
1.0623896 9.63152 4.891467 1260261088413
4.783408 -5.8419237 5.9465694 1260261088424
6.940257 1.0007439 -9.689606 1260261088433
6.1681366 8.168143 7.7809896 1260261088445
1.2642407 -0.7857635 -8.61471 1260261088454
-5.0904293 2.1360939 1.315 1260261088467
1.1945386 -4.1045947 2.1645243 1260261088484
7.7027025 -0.947484 -3.0723982 1260261088493
-6.6172633 10.817745 10.898961 1260261088505
-5.1386323 12.272013 12.207455 1260261088515
4.050396 -4.444171 7.5012274 1260261088531
-13.086636 9.774326 2.873783 1260261088544
-17.2807 -1.5513496 1.032856 1260261088552
-6.276681 -13.511581 5.754307 1260261088576
-3.3253417 -1.7481489 -6.530442 1260261088588
-16.379993 -14.4990015 -12.882061 1260261088599
-8.006778 -8.105263 -21.135143 1260261088614
5.6887665 -22.193356 -18.139008 1260261088631
4.9662414 -5.18645 -23.401495 1260261088647
0.43105197 -22.097324 -21.369457 1260261088676
-3.810978 -16.022547 -36.047684 1260261088688
-5.7548757 -2.6910686 -29.420376 1260261088709
-6.211836 -9.565073 -32.580067 1260261088732
-3.4197412 -18.072693 -33.02503 1260261088931
2.9165587 -18.634552 -24.65546 1260261088945
7.400009 -16.154846 -22.365425 1260261088955
1.6419532 -15.648702 -24.744541 1260261088968
-11.910615 -16.658764 -20.486534 1260261088979
-12.642301 -15.469432 -17.581495 1260261088990
1.8573632 -8.641082 -15.035106 1260261088999
-12.890612 2.5969286 -2.380641 1260261089011
-1.3403125 7.428214 -2.2131395 1260261089020
-16.810936 5.2144213 3.261335 1260261089032
-0.44038725 5.654238 8.361752 1260261089048
-16.06056 -7.0033464 3.3734596 1260261089057
-4.81972 3.995759 15.418003 1260261089068
3.148774 11.953184 3.702587 1260261089079
6.0122933 -6.9619417 9.571438 1260261089091
6.6998186 10.663461 9.927127 1260261089107
5.5159993 -4.942683 20.713455 1260261089117
1.6324958 -9.405047 8.871234 1260261089127
-4.122826 2.6467917 10.250978 1260261089134
-6.166381 3.6699557 13.752984 1260261089153
7.928754 -0.45720387 2.7712154 1260261089165
13.910203 -1.8270969 10.734873 1260261089179
1.5548668 -2.771758 -2.5614803 1260261089196
21.970886 -14.180759 -6.3630667 1260261089211
9.1174755 -19.907076 -8.855984 1260261089231
9.654751 -10.496439 -0.6874924 1260261089255
24.033768 1.3401103 -10.264869 1260261089267
7.815636 -1.8898554 -1.8470826 1260261089289
10.925019 -13.829837 -10.581072 1260261089311
15.710348 -5.733861 -10.400546 1260261089326
4.041652 -0.025612593 -6.9620967 1260261089350
18.071186 -5.1778383 -2.1470423 1260261089371
-0.9487953 1.8277407 5.431527 1260261089394
17.008957 -0.9766728 5.919774 1260261089407
2.546022 0.9558976 9.466541 1260261089429
7.0487385 -1.7578514 11.454455 1260261089451
17.177212 4.6871023 6.395185 1260261089466
0.36128855 -7.9106116 -0.9758501 1260261089490
3.9071665 9.777192 2.5762675 1260261089674
