9.455124 -6.1718793 10.630878 1260179489839
12.191801 3.7063622 7.051412 1260179489853
10.073898 11.9872675 3.7251008 1260179489887
-0.07774472 10.190659 11.225906 1260179489899
-4.920615 2.20489 2.8452868 1260179489908
4.539103 -3.9601057 -1.6381493 1260179489924
15.482082 -7.0281224 5.524742 1260179489935
9.800511 -7.8514595 7.9236965 1260179489946
-1.7125273 -7.2814612 5.623189 1260179489960
4.5101104 -6.578991 11.362825 1260179489979
17.336126 -7.0923777 7.9275312 1260179489999
11.446661 -8.956259 3.143137 1260179490019
-0.37631893 -10.26063 6.8380165 1260179490037
0.46101618 -9.466553 3.6793945 1260179490226
11.010583 -5.99605 -1.1709399 1260179490243
17.483599 -0.015520215 5.8108077 1260179490255
13.005982 5.685075 11.566977 1260179490262
3.1206384 7.1443143 4.8725967 1260179490277
-2.0091596 1.4942901 5.838221 1260179490283
1.3050671 -8.378397 12.409059 1260179490294
6.839216 -13.691389 4.4102087 1260179490303
9.814606 -4.7814946 -3.3542423 1260179490315
9.009295 3.7146926 7.419264 1260179490329
6.0910745 -9.798577 15.246353 1260179490340
1.2410829 -14.833633 0.3269167 1260179490348
-3.4256537 1.4184842 2.328662 1260179490361
-6.206767 -11.106367 6.4337626 1260179490369
-6.076479 -12.211311 7.793161 1260179490385
-0.17913914 -0.90799046 -0.5380335 1260179490396
8.205123 -19.756592 2.5652747 1260179490405
10.996723 -5.584776 2.6778617 1260179490420
5.4397564 -11.108237 12.221617 1260179490429
-2.6625419 -18.042488 -3.8250809 1260179490444
-7.0623555 -1.5331612 2.658566 1260179490464
-7.1956053 -14.528464 1.1402638 1260179490477
-4.8469744 -18.871498 6.864482 1260179490499
-1.9319379 -5.34562 11.310828 1260179490523
-1.612901 1.545043 3.644 1260179490536
-3.6142669 0.18032074 -0.07500672 1260179490559
-4.8555794 -3.3671875 3.57812 1260179490581
