15.999913 -8.451585 2.7151713 1260261062646
14.698383 -9.2189455 2.6984198 1260261062658
11.4350195 -9.355469 2.4949698 1260261062667
9.009719 -9.610585 4.664018 1260261062704
7.282424 -9.120268 8.096119 1260261062716
5.288435 -7.769363 9.566769 1260261062725
3.0216675 -6.679279 9.849832 1260261062740
0.9311867 -5.586012 8.756081 1260261062754
-0.8068619 -5.8527365 5.971217 1260261062764
-1.3650179 -6.988846 4.363898 1260261062782
-1.4626865 -7.9642987 3.4573846 1260261062804
-1.5871506 -7.697732 3.5405502 1260261062818
-0.33799934 -7.3520665 5.162491 1260261062839
0.6529803 -7.419175 6.6855607 1260261062862
3.5857215 -9.164103 5.649213 1260261062878
6.672771 -9.157195 5.118192 1260261062899
8.872177 -9.741809 2.7970128 1260261062921
12.638089 -9.466177 0.48923373 1260261062944
14.674629 -8.821655 0.89197683 1260261062964
16.409527 -8.392814 0.40617085 1260261063156
17.869019 -7.0547314 1.0715501 1260261063167
18.782837 -6.289479 3.022507 1260261063179
18.646557 -6.105619 4.9806423 1260261063188
17.527721 -6.1923165 6.458862 1260261063200
16.900928 -6.168309 7.520728 1260261063209
18.442726 -4.919975 9.071912 1260261063221
19.54124 -2.4536877 9.811468 1260261063230
19.33341 0.41970158 11.515427 1260261063242
16.063274 2.5939643 12.753647 1260261063258
10.416115 2.510347 8.5772085 1260261063277
8.509222 -5.2229424 -2.8821456 1260261063284
8.431299 5.8665123 -4.8579736 1260261063296
8.093508 13.243149 -3.9270859 1260261063305
6.9814997 15.216563 -1.8958559 1260261063318
5.068241 10.477598 1.5084636 1260261063330
2.5538397 2.7798896 4.1278563 1260261063341
1.093996 -4.5005617 2.552091 1260261063350
13.081174 -7.3287964 10.625422 1260261063364
-3.2559183 0.40500906 3.3821564 1260261063384
5.8946877 9.067877 13.719852 1260261063399
-13.024709 -3.968883 15.908797 1260261063409
3.8214273 -11.489525 9.294018 1260261063423
-6.988017 5.108427 12.572231 1260261063442
-16.307508 -7.0637064 6.722059 1260261063457
-10.408136 -8.607649 -7.146811 1260261063481
0.54671 5.629576 -1.7975217 1260261063500
-11.54122 -11.536779 -11.491518 1260261063523
-2.5885916 4.1083794 -20.42177 1260261063537
-16.04787 -4.6498604 -19.031572 1260261063560
-2.1141772 13.481944 -22.67309 1260261063581
8.093526 2.100384 -26.012274 1260261063597
6.5409555 -3.6492581 -28.071926 1260261063618
2.038047 0.6263323 -20.647453 1260261063639
-1.8364899 6.659484 -19.35904 1260261063663
-5.1088295 7.057759 -25.37096 1260261063677
-7.57281 -13.468588 -16.909655 1260261063700
-6.2905245 -8.729698 -1.6765151 1260261063722
6.166067 -11.327354 3.5801578 1260261063919
-2.6495357 3.8363223 3.5560184 1260261063928
-15.194632 5.3020215 14.717851 1260261063939
-7.9042797 3.86135 10.740791 1260261063948
2.7838087 1.9667486 15.560266 1260261063960
-7.422945 -1.5005989 22.98774 1260261063969
-13.691269 -8.658802 1.9841332 1260261063982
1.7203727 -11.882972 -1.2807722 1260261063988
-12.5035095 -10.8134575 -7.5584807 1260261063999
-12.0463505 -11.281904 -7.0850954 1260261064008
-9.170155 -11.733231 -13.655129 1260261064023
-4.21058 -14.069224 -22.509356 1260261064040
3.8354492 -18.683392 -28.08256 1260261064047
12.175541 -23.8651 -26.830013 1260261064059
17.066715 -24.94186 -22.835228 1260261064068
16.66544 -15.313165 -27.208246 1260261064082
12.975867 -7.2883987 -22.615532 1260261064102
8.4928665 -20.212128 -13.615772 1260261064110
4.633939 -21.407385 -28.03921 1260261064127
1.853632 -3.9836235 -17.4971 1260261064138
0.4111473 -20.149864 -10.73439 1260261064150
0.32019487 -5.3923864 -22.719795 1260261064165
1.2585555 -7.841991 -2.5377388 1260261064182
3.1953924 -10.042984 -18.52465 1260261064205
5.848727 4.189969 -3.5469666 1260261064225
7.559188 -10.193001 -7.222211 1260261064238
-0.28303194 8.475612 -7.327346 1260261064258
-7.056859 2.9360776 3.385809 1260261064283
6.493917 0.663985 10.148035 1260261064307
11.547389 -6.189588 0.9349201 1260261064319
10.483212 1.4442531 10.013951 1260261064343
10.504407 2.3568203 4.760014 1260261064356
10.284704 -1.5012981 15.599758 1260261064382
