-9.666601 0.30581856 0.50615233 1260174332447
-9.918657 0.17888165 1.7084471 1260174332456
-10.048817 -0.044962883 2.3269846 1260174332489
-10.358285 -0.12899208 2.456893 1260174332511
-10.443306 0.26474953 2.1564069 1260174332525
-10.056072 0.03597355 1.6480267 1260174332542
-9.924256 -1.1076517 0.7840558 1260174332550
-9.680807 -4.2940288 0.20272166 1260174332565
-9.395103 -9.648355 1.1826124 1260174332575
-8.819988 -15.152065 2.3890777 1260174332590
-7.590569 -19.52796 0.36029854 1260174332785
-5.6262007 -16.383785 -5.4556365 1260174332794
-3.880906 -9.007993 -8.735203 1260174332807
-3.6213624 -2.6695576 -6.790368 1260174332816
-5.5875964 -0.30426788 0.43799663 1260174332828
-9.250905 -12.84479 2.02742 1260174332839
-11.730877 -17.892956 -9.361538 1260174332849
-12.312392 -2.5880957 -12.110364 1260174332855
-11.447325 -21.98434 -16.139555 1260174332866
-10.443687 -3.428362 -16.519382 1260174332875
-9.73535 -18.3139 -21.86903 1260174332890
-9.563317 -12.066319 -10.557647 1260174332907
-8.426477 -5.0521917 -5.4166527 1260174332920
-2.8488083 -22.449594 11.13773 1260174332927
-3.9668865 -18.828884 17.459486 1260174332935
-15.749239 -18.662962 14.748562 1260174332950
-24.814096 -7.0112324 34.69377 1260174332961
-22.89888 -14.142433 28.962479 1260174332970
-13.670767 6.9592705 25.415611 1260174332984
1.3002987 -7.3972635 2.1648326 1260174332995
4.0515027 -5.334357 -7.2005916 1260174333012
4.5899234 -18.639824 -17.224678 1260174333027
5.659294 -11.986254 -24.409863 1260174333046
7.0702543 -20.446749 -28.751589 1260174333063
6.2076592 -3.7552347 -20.994053 1260174333085
2.0005274 -17.362022 -28.211164 1260174333105
-1.2920953 0.8302431 -16.642906 1260174333128
0.7932358 -11.878346 -15.461977 1260174333142
-5.033405 -9.870672 -1.2419143 1260174333167
-17.611002 -27.4817 21.870167 1260174333189
-24.043884 -9.792313 21.55455 1260174333203
-23.699173 -12.970231 30.769176 1260174333225
-19.777225 -9.931955 29.244246 1260174333248
-15.703104 3.4674 18.142923 1260174333269
-12.240566 -6.65701 15.628895 1260174333283
-10.046309 -8.535144 -11.429434 1260174333306
-10.67828 -28.00692 -15.201614 1260174333329
-11.499387 -6.9815407 -24.781216 1260174333343
-9.678355 -20.25166 -26.536495 1260174333536
