18.586634 10.014538 2.4111362 1260261109635
20.199402 8.649511 2.1069684 1260261109644
21.000387 5.4290347 3.2722838 1260261109657
21.847801 2.764892 -1.5893731 1260261109666
20.358818 1.0006006 -6.484273 1260261109703
18.642963 10.137232 3.7407212 1260261109715
20.242434 0.9666698 4.2990484 1260261109724
21.480782 -3.4336262 -0.17823815 1260261109742
19.88269 -1.918644 -4.4926267 1260261109749
10.028157 5.4263287 -11.045402 1260261109762
-1.4053106 17.020185 -1.7237841 1260261109779
6.2312255 6.314963 -11.126188 1260261109794
15.745016 4.0333066 -3.7971315 1260261109806
-0.99165726 15.22575 3.6944315 1260261109819
1.4111876 3.7738876 7.7431574 1260261109840
7.075295 -1.3920288 -1.2003155 1260261109863
-4.711389 -0.87691116 9.525732 1260261109877
-3.7804594 8.01995 -0.8653412 1260261110070
2.3014474 16.165493 10.3221855 1260261110086
-16.58399 -1.708148 11.174342 1260261110105
-8.603131 1.4752219 0.5467634 1260261110119
-1.2814817 -4.2111745 9.044958 1260261110128
-8.037729 1.7492104 6.0738964 1260261110140
-20.474245 -18.496082 -0.82376647 1260261110149
-1.7436318 -14.487663 -4.6927075 1260261110161
-1.1117067 -9.208769 -15.306206 1260261110176
-9.951116 -25.856564 -19.566877 1260261110185
-6.9671125 -31.348625 -27.012619 1260261110201
1.6897017 -21.113506 -19.328928 1260261110216
9.339132 -8.96279 -24.449121 1260261110223
8.063461 -2.911152 -24.442965 1260261110235
-4.81549 -4.361931 -14.601219 1260261110243
-13.78449 -8.89217 -22.04262 1260261110255
-3.240075 -10.833511 -20.014288 1260261110268
4.210252 3.2115602 -19.168856 1260261110280
-8.356876 5.487508 -5.7730236 1260261110288
-14.475822 7.3241687 -8.793881 1260261110303
0.6462226 -3.970623 -11.35803 1260261110316
-5.768495 5.141938 1.2908878 1260261110327
-14.595892 12.033281 -10.775164 1260261110343
0.7916746 13.662611 0.37684083 1260261110359
-17.011202 12.190526 -0.21684355 1260261110380
0.19086981 15.178716 0.54906464 1260261110403
1.0516143 10.488792 6.280946 1260261110418
-8.719896 -2.9992676 2.586135 1260261110439
-12.266792 -4.5727158 -4.510127 1260261110460
-11.151683 -4.8301673 -3.7069345 1260261110479
-10.21286 -6.9821806 -9.142765 1260261110499
-6.267582 -7.525506 -14.700643 1260261110519
5.0819974 -2.8740406 -10.100845 1260261110544
14.698821 -8.799731 -5.194744 1260261110557
13.735302 -12.796911 -1.9518359 1260261110585
6.206111 -30.168638 8.352287 1260261110603
-1.0829787 -27.69085 -3.4549875 1260261110617
-2.748477 -17.322994 2.6628642 1260261110639
4.4304924 -24.933311 12.669985 1260261110805
