9.598709 6.0922446 11.152275 1260261295509
1.2093105 6.162078 6.755373 1260261295516
-2.313558 5.697647 5.7400045 1260261295527
10.82584 4.4347086 8.825868 1260261295536
17.400105 3.7954726 2.246133 1260261295573
7.764757 3.5717127 -2.099309 1260261295585
-1.5133042 2.3269567 1.7758601 1260261295594
-0.49500751 0.6254909 10.11735 1260261295605
10.607026 -0.88889694 13.009613 1260261295619
17.414219 -1.1805353 0.49137926 1260261295630
3.6291862 0.76186585 -6.1149836 1260261295649
1.2587452 3.5640478 7.3841305 1260261295664
16.828506 5.6148787 3.7291017 1260261295676
8.241789 7.334292 -3.5330653 1260261295848
-1.3198376 -3.3513389 3.3936045 1260261295867
15.030109 -10.28334 -0.20609975 1260261295896
13.017908 3.067616 6.594685 1260261295908
-0.35673046 2.0386496 -6.617661 1260261295917
1.9120479 0.49536252 -9.259044 1260261295930
14.262644 -3.793966 5.0399437 1260261295939
16.319622 10.423047 -0.8255027 1260261295952
4.5041375 -2.2394416 7.646812 1260261295963
-2.0347862 -8.963048 -1.1039536 1260261295978
5.3969736 -5.035027 6.4701967 1260261295989
15.734989 -0.79428077 4.7692285 1260261295998
16.993544 -0.31060994 -4.7204 1260261296009
10.991306 -3.1194758 -9.287922 1260261296018
4.00248 -7.395596 -3.5604553 1260261296032
-0.10992861 -3.4003372 3.2556386 1260261296048
-1.6637378 11.41642 -0.013888121 1260261296057
-2.0035195 4.5771446 -1.4469104 1260261296068
-1.5080414 -6.3549376 -2.3929296 1260261296086
1.2149558 10.214974 -5.5608397 1260261296093
6.9377437 2.7824774 8.574135 1260261296106
12.731208 -6.3064404 -6.3180327 1260261296118
16.147602 11.943925 -0.15320766 1260261296137
17.564686 -7.4247465 -0.50097096 1260261296152
17.564686 -7.4247465 -0.119601205 1260261296162
16.959469 7.996177 -2.4725428 1260261296187
15.119872 3.6941304 6.9319053 1260261296208
13.6869335 -1.5658467 -6.5044584 1260261296235
14.390781 7.4088826 7.013231 1260261296249
16.481628 7.9011765 -2.3824995 1260261296268
10.314753 -2.6484194 3.7373147 1260261296290
-6.0249324 4.189751 12.4678 1260261296313
-1.0753751 16.173315 17.582914 1260261296332
-2.9641862 -3.7427773 24.709167 1260261296346
-23.454578 -4.768272 20.02138 1260261296372
-14.896217 0.15583992 16.766575 1260261296389
-4.7571554 -7.3091393 4.966377 1260261296407
-19.49274 -23.314356 -10.108456 1260261296430
0.5128751 -6.9891033 -18.298534 1260261296449
9.685801 -22.704605 -28.959576 1260261296648
2.6114 0.24777222 -28.916584 1260261296657
-3.4917083 -13.5585375 -30.438208 1260261296669
-3.3148475 8.651442 -30.233086 1260261296678
5.079857 -7.2248387 -19.596294 1260261296692
8.586986 6.4523034 -20.032303 1260261296704
-10.906466 -9.817274 -17.991037 1260261296713
1.0422182 3.766158 -4.8979683 1260261296719
-20.275839 2.573019 6.945594 1260261296730
-2.574973 -2.209548 13.804679 1260261296739
-14.454817 -10.333643 29.27011 1260261296754
-18.380287 -18.536966 21.274015 1260261296770
-7.721427 -23.3666 14.548217 1260261296777
2.5670688 -17.55772 17.287737 1260261296788
6.7249565 -11.429351 -9.732881 1260261296798
6.5544176 -10.835186 -21.913626 1260261296811
5.241137 -12.621955 -26.686138 1260261296827
3.715095 -3.60044 -21.59409 1260261296834
0.82980824 11.799975 -30.388176 1260261296853
-3.1916218 -5.4229674 -21.754086 1260261296865
-6.313231 8.888884 -19.248745 1260261296878
4.9085097 1.0099816 -3.761258 1260261296893
-2.116757 -22.86956 13.391977 1260261296913
-12.03142 -20.189013 11.925619 1260261296926
-14.888773 -9.326104 22.461544 1260261296954
-11.382679 -5.93062 16.447063 1260261296973
-8.617903 -17.317677 4.824637 1260261296989
-5.8006325 -13.75905 -8.1907625 1260261297006
3.3806138 1.2523408 -27.580044 1260261297031
12.789666 7.4514003 -19.020275 1260261297055
17.39135 -0.21351528 -29.324097 1260261297069
14.524746 3.4435897 -13.517035 1260261297088
9.097951 6.795574 -0.86639774 1260261297112
-2.744126 -1.2198067 21.091618 1260261297129
-12.987091 -12.008378 28.830927 1260261297147
-13.864165 -16.858267 21.888634 1260261297170
-9.51663 -16.050066 15.828874 1260261297189
5.2219453 6.3573165 1.1344507 1260261297209
6.9181213 -2.960814 -21.643442 1260261297393
6.1898212 -11.939397 -22.992542 1260261297413
3.59909 -7.3024454 -21.209753 1260261297427
-0.749279 -10.212278 -21.10537 1260261297434
-4.5256143 -24.595402 -20.733627 1260261297445
-6.9490757 -16.030182 -17.626274 1260261297455
-7.6999917 -34.502327 -0.56516993 1260261297468
-6.008414 -32.072697 17.278975 1260261297477
-3.3896708 -28.925323 26.83308 1260261297488
0.15049577 -27.911228 27.231136 1260261297497
3.756778 -23.646301 17.756437 1260261297515
7.1380196 -9.579123 10.075819 1260261297526
-6.690499 3.2639112 8.9263 1260261297535
-4.8200345 -6.2690697 -9.412911 1260261297546
-0.26575875 14.244276 -25.893818 1260261297553
6.421653 2.307795 -19.534706 1260261297574
12.97504 19.644732 -27.230265 1260261297585
12.661671 -3.3109088 -21.11633 1260261297594
7.364281 -1.4835033 -14.557259 1260261297613
-1.5343816 -15.432324 12.922519 1260261297619
-11.487881 -28.503292 9.503195 1260261297632
-17.755428 -16.34234 18.460997 1260261297653
-16.323738 -4.0478315 23.800613 1260261297667
-6.4232054 3.069746 23.344446 1260261297689
-1.7906189 -2.0566676 4.623857 1260261297710
-19.190176 0.7932596 -1.9045552 1260261297734
-8.204819 17.14 -11.339817 1260261297747
-1.5066419 0.19025707 -12.267986 1260261297770
1.7581449 -0.7923832 -31.959843 1260261297792
1.8049984 -9.611006 -16.252863 1260261297813
-3.372047 -3.6051788 -19.077553 1260261297828
1.0333099 -5.6215305 -17.714653 1260261297849
15.908842 -6.113984 -13.57671 1260261297876
16.650578 -5.71869 -11.451525 1260261297918
4.6178784 -6.2419143 -6.7123785 1260261297931
-4.353529 -4.4515777 -10.553799 1260261297950
-7.440955 3.8584552 -14.634651 1260261297957
-9.101925 5.5165834 -9.276358 1260261297975
-11.692159 6.970066 -7.0497217 1260261298170
3.165358 3.027734 -5.7782116 1260261298193
0.90655327 7.8251753 13.853113 1260261298199
-9.197893 4.068895 21.522024 1260261298211
-15.116481 0.12412071 24.492504 1260261298220
-15.829805 -2.274013 17.249622 1260261298232
-12.498741 -10.290764 2.0580215 1260261298240
-9.461957 -6.7690096 -8.817758 1260261298252
-6.7136536 -12.144256 -14.736637 1260261298264
3.0362487 -10.722602 -28.69454 1260261298274
14.596573 -5.8679013 -35.41915 1260261298291
15.177922 -5.695018 -27.629059 1260261298307
10.746994 -7.988743 -18.998978 1260261298314
6.14892 -14.78939 -17.320415 1260261298325
2.038341 0.810524 -3.490044 1260261298334
-10.957613 -8.632483 0.21409798 1260261298345
-17.347555 -21.35004 19.213438 1260261298358
-17.024837 -2.6686797 26.049488 1260261298369
-13.824038 -5.478546 21.178099 1260261298384
-12.210091 -2.503213 8.360804 1260261298395
-6.2561803 0.13519454 3.9509351 1260261298412
6.580365 5.139345 -10.290672 1260261298427
17.737793 0.9648614 -26.629074 1260261298439
15.434309 -16.796087 -23.471571 1260261298453
3.5238175 -10.594564 -33.928677 1260261298472
-3.0055494 -0.851264 -23.556564 1260261298494
-8.021528 -16.193222 -15.542767 1260261298510
-9.627302 1.4303641 0.2380724 1260261298530
1.9463892 -9.050981 6.5373063 1260261298554
-12.134424 -4.778206 2.4932146 1260261298566
-19.643599 4.8209844 14.135768 1260261298589
-10.298855 -10.8721695 13.227015 1260261298611
-3.177555 7.423547 4.376145 1260261298632
-20.464247 0.5102923 -3.363494 1260261298649
-3.8386745 -3.618489 -2.523755 1260261298671
-18.403292 -4.5766506 -1.5920501 1260261298693
-19.275331 2.341928 -12.556717 1260261298706
-13.940313 -7.7461166 -24.080952 1260261298731
-5.8276443 -21.533157 -12.570046 1260261298912
5.1553884 -14.022112 -31.262823 1260261298932
10.23584 -27.526232 -26.532888 1260261298939
6.8671446 -25.118677 -18.618118 1260261298951
-1.4953661 -20.14885 -32.05023 1260261298959
-7.6583233 -33.511963 -21.464443 1260261298971
-9.1425295 -13.089575 -20.80562 1260261298979
-10.661588 -11.283783 -8.495949 1260261298992
-15.4210005 -13.545925 -12.964243 1260261299004
-13.448974 1.3626289 -15.204071 1260261299018
-0.58300877 -8.155262 -5.6393533 1260261299029
-22.06246 5.793848 2.3413022 1260261299038
-7.07873 12.243725 6.766407 1260261299050
-3.3437214 11.635241 14.574974 1260261299058
-1.6821527 2.5546906 21.451704 1260261299076
1.1427078 -4.5018353 18.02119 1260261299087
3.7879238 9.080238 13.7794485 1260261299099
6.5964656 -11.162712 12.201298 1260261299113
-1.5617778 -15.92771 11.835833 1260261299130
0.8043308 -22.927748 -7.0043254 1260261299145
22.093164 -15.974495 -0.19458395 1260261299157
7.0538206 -14.314508 3.091473 1260261299170
20.168385 -18.860119 -5.71753 1260261299191
13.136527 -23.946281 6.3379803 1260261299214
10.685448 -10.607973 13.828068 1260261299228
12.84208 3.899612 9.513262 1260261299250
