8.3798485 -1.0271926 1.5435905 1260179612329
7.867999 -8.2808 -1.1598196 1260179612384
1.2799459 -13.487066 -0.056732178 1260179612409
-5.3393054 -13.625816 3.126837 1260179612417
12.000204 -12.849273 2.9295337 1260179612428
10.4286375 -12.791268 2.097639 1260179612441
-0.7856741 -13.577371 4.4248843 1260179612447
-4.396339 -15.15259 8.046596 1260179612506
-4.3386083 -16.109167 12.91885 1260179612522
2.2601566 -15.537174 18.166416 1260179612528
5.9334154 -14.332294 11.632019 1260179612566
-9.163475 -11.621083 3.736926 1260179612582
-16.145823 -7.262209 16.87079 1260179612587
-0.8838568 -3.4789543 11.406275 1260179612618
-10.302794 -4.5271263 11.000896 1260179612638
-16.433422 -12.903621 -4.919182 1260179612667
0.70073605 -1.6255283 -3.3451262 1260179612683
-1.5835576 -7.9192944 -15.124011 1260179612718
-11.0186825 -20.795181 -10.405439 1260179612754
-14.359854 -11.033168 -9.019055 1260179612767
-12.709036 -1.9641628 -10.906056 1260179612785
-9.707423 -19.718687 -7.0692244 1260179613097
-6.428709 -5.902836 -17.024971 1260179613109
-3.0906634 -15.692289 1.1133633 1260179613124
0.78733313 -0.33956623 -7.3244653 1260179613136
4.350403 -12.97921 -7.5529547 1260179613149
6.3441124 -13.501158 -2.54334 1260179613166
7.2578187 -9.869328 -0.09749222 1260179613178
6.0405474 -18.131401 -2.2754433 1260179613188
5.0044827 -9.044346 -5.805076 1260179613197
2.6867204 -8.303404 2.4448473 1260179613204
-3.670019 -22.211784 2.888804 1260179613213
-12.431601 -13.988172 -9.110028 1260179613219
-15.037874 -0.9336977 -2.6624286 1260179613229
-7.233521 -15.672079 -7.810744 1260179613238
0.7654705 -8.217573 -7.8989563 1260179613244
4.9900784 -2.3139691 -2.1882057 1260179613254
6.621148 1.6140738 2.2773027 1260179613262
