-6.210161 -16.249989 3.1570406 1260179580845
-5.8357596 0.23557138 0.023197174 1260179580854
-4.075819 -9.011063 10.829393 1260179581031
-0.8804867 -15.409117 -4.029936 1260179581069
3.3290164 0.67064095 1.3409381 1260179581078
8.578194 -12.377755 10.070192 1260179581096
12.401989 -16.183674 -1.1763625 1260179581110
13.459568 -0.5196066 2.7086577 1260179581117
10.223291 0.9022851 -3.4939344 1260179581128
3.7060213 -11.9786415 -7.515202 1260179581137
-2.4133554 2.3725386 -4.9973774 1260179581148
-4.7339683 -3.7934182 -1.3098717 1260179581158
-3.4404035 -18.968594 -7.080032 1260179581172
-0.13575268 -10.760766 -1.0295076 1260179581193
5.100817 -3.0482244 -12.608923 1260179581204
11.2890625 -21.469196 -5.663162 1260179581213
15.216983 -1.9523201 -1.6108606 1260179581219
15.587444 -2.5745535 1.6122178 1260179581231
13.834203 -3.515132 5.06641 1260179581242
8.597233 -2.9711637 8.8461275 1260179581251
-2.65709 -1.8410559 7.3977594 1260179581266
-11.824249 -4.0963893 9.9606085 1260179581275
-3.0751781 -11.339146 19.847435 1260179581288
4.2431355 -17.853949 7.226272 1260179581298
-12.431036 -19.454159 6.77973 1260179581313
-8.114086 -18.74694 1.382162 1260179581328
4.5984435 0.9789343 -1.2581785 1260179581335
-3.4371731 -18.144323 -5.827603 1260179581356
-9.187521 -0.24197912 -5.363866 1260179581367
-10.581187 -12.779911 -12.681963 1260179581379
-10.53732 -6.13564 -11.726433 1260179581394
-7.8385477 -17.679619 -1.8266864 1260179581410
0.26852298 -5.142094 6.337051 1260179581426
5.7562695 -11.351338 3.0548253 1260179581448
1.6261778 -18.97777 0.4349785 1260179581474
-5.880793 -19.14244 9.04722 1260179581491
-10.44109 -11.342481 10.67354 1260179581508
-11.020464 -3.2841492 5.993984 1260179581532
-10.617033 -1.1941524 2.350024 1260179581551
-10.055124 -7.963414 -0.26785 1260179581565
-9.413756 -19.433674 -2.1526518 1260179581770
-8.746909 -11.33696 -7.7852 1260179581778
-8.012171 -4.6409416 -5.2071476 1260179581791
-6.781271 -22.106682 -4.0467544 1260179581797
-6.4481087 -20.91294 -16.65771 1260179581817
-6.715406 -9.2654915 -12.758636 1260179581831
-6.996369 -20.34177 -5.3706155 1260179581846
-7.9819837 -27.406973 -13.970024 1260179581854
-9.519281 -12.590727 -15.569975 1260179581868
-12.456832 -4.144271 -7.565784 1260179581877
-11.449379 -15.236094 -11.957005 1260179581891
-1.017914 -16.897163 0.34523726 1260179581907
3.1637073 -1.436523 -5.744033 1260179581914
-10.976038 1.0848408 4.6497416 1260179581925
-14.290248 -10.451757 7.1419334 1260179581935
-4.1926727 -8.795844 -4.049053 1260179581946
2.7467008 -4.082836 11.028287 1260179581957
3.2199316 -15.3239 12.31744 1260179581996
1.895658 0.78655815 8.743228 1260179582006
3.2168934 -16.926182 6.3987145 1260179582018
6.831541 -10.668937 14.144638 1260179582035
9.980448 -1.5208578 5.022888 1260179582043
6.7265186 -0.8000412 -2.0978074 1260179582059
-2.2616382 -11.759677 -11.132634 1260179582075
-7.5793276 -18.954857 -4.32463 1260179582082
-7.0828247 -3.3364525 -9.62186 1260179582100
-4.3711305 -6.458398 0.61978674 1260179582127
-1.9950507 -20.00116 -5.485691 1260179582138
-1.0217093 -10.726952 -16.263115 1260179582159
-1.956851 -0.20531559 -7.3594856 1260179582179
-2.8976989 -4.2016783 3.6790094 1260179582196
-3.5441356 -11.982332 6.0740213 1260179582218
-3.6961288 -15.450487 6.757046 1260179582240
-2.095744 -16.646866 8.606124 1260179582262
-0.89216375 -11.9698925 11.38049 1260179582276
-0.046329618 -5.767827 8.132206 1260179582299
1.03035 -5.5964174 -0.48004198 1260179582320
2.0586953 -13.920006 -4.5746007 1260179582335
