-2.2982774 -7.054971 18.00012 1260261300829
-6.2012625 -8.448623 12.412481 1260261300836
-4.3615274 -9.317363 8.317145 1260261300848
15.726783 -9.432412 1.7039905 1260261300857
16.264437 7.650451 -11.263203 1260261300868
11.995323 12.444274 -4.9648004 1260261300937
9.48804 11.335655 -2.6482096 1260261301133
8.282253 12.60486 -3.8070154 1260261301146
7.053513 15.418566 -5.689599 1260261301155
5.2540154 17.334007 -9.966164 1260261301174
2.8320699 13.342726 -14.969551 1260261301187
0.37601185 1.921561 -13.800077 1260261301195
-2.0982642 -5.249116 -6.2096014 1260261301206
-4.1846614 3.1918614 -1.7236502 1260261301216
-5.0027647 11.692349 -4.515814 1260261301227
0.14128304 -0.9885193 -13.560909 1260261301234
9.564766 -2.5568604 -5.768141 1260261301248
-10.417069 10.433895 -1.7186775 1260261301257
3.3194919 -2.2072377 -1.752213 1260261301269
-18.445059 12.821984 -4.546851 1260261301276
-9.586386 0.29486895 -1.7365775 1260261301288
-18.024906 6.2541947 3.5426388 1260261301297
-17.582815 7.6485224 12.21357 1260261301308
-25.306873 -11.150734 21.008188 1260261301327
-13.033348 1.2337193 22.141861 1260261301334
-21.49309 -0.58523464 14.901417 1260261301347
-22.54206 -6.6899314 -15.010239 1260261301357
-22.29867 -1.3594022 -8.638281 1260261301368
-7.78432 11.918148 -18.727808 1260261301377
-1.41191 20.076187 -30.167246 1260261301389
0.6521206 6.6554947 -27.980326 1260261301408
-2.2695713 23.102377 -32.545094 1260261301416
-7.516453 12.535687 -15.928969 1260261301428
-16.214998 7.6503887 -30.098963 1260261301437
-22.501232 16.4235 -21.32178 1260261301451
-9.755533 -4.206723 -13.257122 1260261301468
-31.999367 11.654047 -1.7731504 1260261301477
-17.617441 -4.7793164 14.2078 1260261301494
-12.361987 3.2693732 25.361158 1260261301506
-14.059714 10.871864 17.866602 1260261301517
-14.890755 -7.840423 16.03608 1260261301531
-18.461788 7.001768 11.701907 1260261301552
-1.4762683 -7.0198736 -3.0000222 1260261301571
0.26635838 12.682792 -6.6975026 1260261301595
-4.0192127 7.023486 -30.659733 1260261301786
-9.857241 18.096973 -20.057789 1260261301795
-11.194002 11.057751 -26.417774 1260261301807
-7.40463 23.646935 -31.276335 1260261301816
-1.1688462 3.3676844 -21.411217 1260261301826
-2.0125546 19.582083 -16.810066 1260261301833
-12.031975 2.9951944 -19.118114 1260261301846
-18.847513 8.722446 -4.3868694 1260261301853
-10.198329 12.948029 17.29131 1260261301873
-4.8908553 -4.1601524 22.511337 1260261301890
-1.6494837 3.1654735 13.792379 1260261301899
1.0899534 9.962711 20.060808 1260261301912
3.934506 -3.6882114 6.4710717 1260261301924
-1.6917927 4.4519835 -7.962997 1260261301933
0.14087391 10.882094 -2.8788204 1260261301944
6.301772 -4.342366 -17.744171 1260261301958
6.178303 10.173691 -19.773676 1260261301971
-2.9561188 8.425596 -36.245426 1260261301979
-7.6831827 3.1977663 -24.927197 1260261301994
-3.3504426 9.584961 -6.979308 1260261302011
-10.938474 13.680485 -5.5506353 1260261302026
-15.369118 -4.434392 8.066444 1260261302039
-16.577696 2.7428627 18.56124 1260261302052
-17.202648 13.084333 17.51557 1260261302072
-13.404487 -2.7235498 3.5648074 1260261302094
-4.2427063 18.613197 -5.7431493 1260261302107
-4.2698126 0.63742447 -19.690851 1260261302130
-7.9268703 23.916908 -27.850111 1260261302152
-5.9592175 9.832682 -31.03673 1260261302176
11.004243 20.6353 -19.131798 1260261302190
15.432719 9.817314 -16.914469 1260261302210
-1.8646345 6.418892 -20.006477 1260261302232
-9.801435 -0.71959305 -2.1509755 1260261302247
-13.2400055 -2.0743742 4.261979 1260261302276
-10.906174 3.1661067 16.608335 1260261302294
-4.4967575 -5.9761124 16.649784 1260261302313
-0.7350931 17.969437 13.49479 1260261302328
1.3219967 11.731757 -1.3315396 1260261302350
3.8370433 26.109266 -17.461052 1260261302558
2.6888194 30.329157 -14.217426 1260261302570
-2.9930496 13.268229 -28.802135 1260261302580
-8.23513 24.169865 -18.681084 1260261302592
-12.019258 -3.3812873 -11.893894 1260261302604
-11.057307 -2.1164193 -10.197155 1260261302613
-7.238589 -13.33594 -4.784133 1260261302625
-3.936469 -10.140303 4.9170084 1260261302634
-0.42091465 0.86182165 17.87617 1260261302646
-2.5638447 -7.3789687 18.042345 1260261302652
-13.253037 4.6351304 1.9964066 1260261302672
-22.137733 17.107628 2.0369194 1260261302683
-20.968723 15.866708 -8.073697 1260261302693
-17.321259 15.495323 -4.328603 1260261302699
-15.292753 23.603596 -22.33913 1260261302711
-12.108823 7.017458 -22.62655 1260261302719
2.7621539 23.073689 -29.479443 1260261302735
18.105518 7.4771385 -25.612398 1260261302752
3.391776 -3.5551715 -17.218945 1260261302763
13.472746 6.0150995 -23.994957 1260261302777
11.086386 4.3586206 -3.4408474 1260261302788
2.5438716 -8.23848 -10.061635 1260261302807
4.94156 -3.574101 12.256187 1260261302820
-6.0023317 -1.4335608 1.120162 1260261302835
-15.764246 16.589375 12.670735 1260261302848
-16.111036 17.638885 5.575137 1260261302870
-4.6468983 19.568172 -5.1735244 1260261302895
1.6202884 8.939074 -3.42516 1260261302911
4.5385833 25.733616 -15.715528 1260261302930
5.4010453 5.9042616 -15.870276 1260261302954
1.0830741 21.563114 -9.811229 1260261302969
-2.772166 -5.4972944 -8.427126 1260261302994
-1.7679014 -15.304774 1.2907982 1260261303011
-2.531072 -18.18389 4.356202 1260261303029
-3.0061378 -8.837889 8.792249 1260261303047
-2.632206 -3.9033475 24.619467 1260261303068
-3.7464447 -10.840913 6.118706 1260261303094
-7.805706 -5.906978 2.1356177 1260261303109
-7.557826 14.835133 -10.223589 1260261303300
1.6769547 22.110325 -9.236773 1260261303312
15.033969 12.294842 -23.963667 1260261303320
19.514633 31.981045 -25.990099 1260261303332
12.141626 18.601543 -32.402626 1260261303344
-0.11517024 8.303892 -7.446211 1260261303354
6.038666 5.9787364 -1.7639205 1260261303365
-3.9262238 -6.913841 -1.7784939 1260261303374
-17.673939 -18.969707 13.317367 1260261303386
-21.015879 -3.5732152 14.833452 1260261303405
-8.907684 -2.5084605 24.323063 1260261303414
-6.7966976 15.6005535 10.741327 1260261303426
-23.861069 11.065576 3.8995075 1260261303435
-14.035403 1.8579712 -3.4032636 1260261303446
-5.753127 21.172232 -8.995756 1260261303460
-2.9416583 15.40232 -30.97851 1260261303472
-4.712098 3.0381956 -23.789938 1260261303483
-3.0913048 16.199696 -29.462467 1260261303495
15.048109 12.177986 -18.253279 1260261303513
17.420135 -5.477029 -24.622221 1260261303520
2.1440897 0.8283458 -17.884733 1260261303533
15.154577 9.769005 -11.066849 1260261303552
12.036264 1.5965551 -15.593347 1260261303567
5.399537 -9.129331 -8.310811 1260261303588
5.0788755 9.844873 -8.359396 1260261303609
-16.742882 -3.7287521 -1.1464782 1260261303632
-8.070083 14.57064 9.755557 1260261303647
-2.3947163 5.6757565 11.411101 1260261303670
-10.243778 13.13076 6.18752 1260261303692
-17.494614 7.632 25.340431 1260261303713
-18.819733 8.065882 14.457494 1260261303727
-14.788744 1.787806 9.418783 1260261303755
-10.385862 7.3154254 7.0090833 1260261303773
2.7386525 -14.642275 0.019197464 1260261303789
15.662545 -0.3058529 -9.718253 1260261303808
2.2436886 -19.59622 -8.312984 1260261303832
8.915111 -2.1129065 -6.706804 1260261303848
18.507633 -19.093811 -7.873327 1260261303867
