116.06144 36.959297 11.263755 -3.2404208 2.8127694 5.193331 1260179570756
116.06144 36.959297 11.263755 -3.7836308 -1.4838066 7.652131 1260179570765
122.90837 37.611332 12.300567 -3.7836308 -1.4838066 7.652131 1260179570768
122.90837 37.611332 12.300567 4.194999 -8.974752 14.268277 1260179570775
128.66295 38.430767 13.285539 4.194999 -8.974752 14.268277 1260179570778
128.66295 38.430767 13.285539 13.57928 -17.47092 8.918405 1260179570786
134.0298 39.259228 14.271262 13.57928 -17.47092 8.918405 1260179570790
134.0298 39.259228 14.271262 17.05339 -20.777443 2.383188 1260179570794
140.47832 39.896267 15.157699 17.05339 -20.777443 2.383188 1260179570798
140.47832 39.896267 15.157699 11.403526 -17.133375 8.533376 1260179570805
148.0044 40.501453 15.899814 11.403526 -17.133375 8.533376 1260179570811
148.0044 40.501453 15.899814 2.48989 -10.166769 12.381634 1260179570814
144.25418 41.276382 15.854823 2.48989 -10.166769 12.381634 1260179570817
144.25418 41.276382 15.854823 0.18676281 -1.1760893 12.003289 1260179570825
140.14148 41.662563 14.362082 0.18676281 -1.1760893 12.003289 1260179570828
140.14148 41.662563 14.362082 8.04131 2.6148276 5.138361 1260179570834
135.78441 41.429436 11.943977 8.04131 2.6148276 5.138361 1260179570837
135.78441 41.429436 11.943977 -10.575681 0.29351044 -1.7185378 1260179570847
131.4952 41.057964 9.396778 -10.575681 0.29351044 -1.7185378 1260179570852
131.4952 41.057964 9.396778 -7.6799207 -5.051867 16.444143 1260179570858
127.320435 40.755066 6.976939 -7.6799207 -5.051867 16.444143 1260179570866
127.320435 40.755066 6.976939 -3.7173219 -9.963866 0.951108 1260179570870
123.25441 40.46731 4.6280923 -3.7173219 -9.963866 0.951108 1260179570873
123.25441 40.46731 4.6280923 -20.906647 -13.626625 9.444436 1260179570878
119.141685 40.243946 2.2966876 -20.906647 -13.626625 9.444436 1260179570914
119.141685 40.243946 2.2966876 -4.029871 -15.450102 13.0764 1260179570923
115.1846 40.13175 -0.06814678 -4.029871 -15.450102 13.0764 1260179570928
115.1846 40.13175 -0.06814678 -11.19585 -15.614806 -2.0685472 1260179570932
111.52537 40.27516 -2.2647395 -11.19585 -15.614806 -2.0685472 1260179570937
111.52537 40.27516 -2.2647395 -16.359539 -13.832386 8.015976 1260179570942
108.7991 41.011402 -3.9015026 -16.359539 -13.832386 8.015976 1260179570948
108.7991 41.011402 -3.9015026 0.39008808 -7.297464 7.60005 1260179570952
108.15915 44.360832 -4.5064273 0.39008808 -7.297464 7.60005 1260179570955
108.15915 44.360832 -4.5064273 6.705361 -13.673502 -3.3332999 1260179570963
111.15119 47.44279 -4.0811057 6.705361 -13.673502 -3.3332999 1260179570967
111.15119 47.44279 -4.0811057 8.660373 -8.23236 2.4412029 1260179570973
116.89363 50.87065 -3.0270505 8.660373 -8.23236 2.4412029 1260179570976
116.89363 50.87065 -3.0270505 3.034146 -18.351116 -12.583204 1260179570979
123.29895 54.42712 -1.725698 3.034146 -18.351116 -12.583204 1260179570989
123.29895 54.42712 -1.725698 -2.831627 -6.3727055 -5.433242 1260179570993
129.534 57.955765 -0.3894131 -2.831627 -6.3727055 -5.433242 1260179571005
129.534 57.955765 -0.3894131 4.778571 -26.517355 -6.4903774 1260179571009
135.3073 61.307976 0.78005755 4.778571 -26.517355 -6.4903774 1260179571013
135.3073 61.307976 0.78005755 15.93645 -9.020485 -9.057675 1260179571017
140.39194 64.44257 1.7910547 15.93645 -9.020485 -9.057675 1260179571023
140.39194 64.44257 1.7910547 18.007858 -29.473593 -9.898255 1260179571029
144.87234 67.32044 2.651502 18.007858 -29.473593 -9.898255 1260179571032
144.87234 67.32044 2.651502 11.681879 -9.254101 -7.7378674 1260179571035
148.37872 69.95442 3.2689269 11.681879 -9.254101 -7.7378674 1260179571046
148.37872 69.95442 3.2689269 3.6724396 -23.978394 -14.950874 1260179571056
150.7098 72.3067 3.5554805 3.6724396 -23.978394 -14.950874 1260179571059
150.7098 72.3067 3.5554805 -1.4896221 -13.157102 2.5733404 1260179571067
151.1743 74.141365 3.3777065 -1.4896221 -13.157102 2.5733404 1260179571071
151.1743 74.141365 3.3777065 -2.224374 -1.6705961 -6.6606894 1260179571074
148.51558 75.7343 2.4588213 -2.224374 -1.6705961 -6.6606894 1260179571089
148.51558 75.7343 2.4588213 3.6090205 -12.589064 -7.845157 1260179571093
143.6398 74.49758 0.68588024 3.6090205 -12.589064 -7.845157 1260179571098
143.6398 74.49758 0.68588024 0.60891056 -0.42359257 8.074604 1260179571105
138.30782 72.522705 -1.1984138 0.60891056 -0.42359257 8.074604 1260179571113
138.30782 72.522705 -1.1984138 -17.205204 -5.091388 4.078314 1260179571116
132.94243 70.24657 -2.9884932 -17.205204 -5.091388 4.078314 1260179571127
132.94243 70.24657 -2.9884932 -11.328411 -16.265469 6.5593867 1260179571133
127.7953 67.88424 -4.689069 -11.328411 -16.265469 6.5593867 1260179571141
127.7953 67.88424 -4.689069 -0.5268879 2.5514145 12.1276245 1260179571149
122.85554 65.59003 -6.3046155 -0.5268879 2.5514145 12.1276245 1260179571163
122.85554 65.59003 -6.3046155 -9.499077 -9.482002 1.7009697 1260179571168
118.11276 63.410526 -7.8893847 -9.499077 -9.482002 1.7009697 1260179571186
118.11276 63.410526 -7.8893847 -17.148848 -9.881709 7.9907694 1260179571358
113.757126 61.59 -9.444916 -17.148848 -9.881709 7.9907694 1260179571369
113.757126 61.59 -9.444916 -4.855812 5.678793 1.9560685 1260179571373
110.41927 60.9105 -10.67267 -4.855812 5.678793 1.9560685 1260179571387
110.41927 60.9105 -10.67267 6.7192707 5.7716513 2.8522205 1260179571391
111.84831 62.814976 -10.339037 6.7192707 5.7716513 2.8522205 1260179571395
111.84831 62.814976 -10.339037 7.503896 -3.975196 -6.5937653 1260179571405
116.9059 65.674225 -9.072085 7.503896 -3.975196 -6.5937653 1260179571408
116.9059 65.674225 -9.072085 -1.3421216 -9.630875 5.451141 1260179571412
122.41061 68.49052 -7.718481 -1.3421216 -9.630875 5.451141 1260179571415
122.41061 68.49052 -7.718481 -5.841993 -4.7166553 -4.237975 1260179571418
128.04007 71.01599 -6.432557 -5.841993 -4.7166553 -4.237975 1260179571423
128.04007 71.01599 -6.432557 3.6219833 -23.313297 -9.216371 1260179571426
133.43806 73.16519 -5.3109293 3.6219833 -23.313297 -9.216371 1260179571430
133.43806 73.16519 -5.3109293 13.394672 -9.623852 -9.034005 1260179571433
138.41617 74.85693 -4.395383 13.394672 -9.623852 -9.034005 1260179571436
138.41617 74.85693 -4.395383 13.506762 -13.447059 -6.391011 1260179571439
142.84537 76.06409 -3.7756138 13.506762 -13.447059 -6.391011 1260179571445
142.84537 76.06409 -3.7756138 8.297937 -23.678564 -7.094129 1260179571448
143.1531 76.360886 -3.536833 8.297937 -23.678564 -7.094129 1260179571455
143.1531 76.360886 -3.536833 4.168285 -23.869854 -3.0018017 1260179571458
