211.6516 -133.37518 17.94209 3.529372 10.40368 -2.165619 1260261186499
211.6516 -133.37518 17.94209 -10.296122 16.265669 -12.613517 1260261186511
203.91902 -134.50642 16.544985 -10.296122 16.265669 -12.613517 1260261186514
203.91902 -134.50642 16.544985 -10.192742 12.606295 -10.290212 1260261186518
196.37308 -135.48111 15.217735 -10.192742 12.606295 -10.290212 1260261186526
196.37308 -135.48111 15.217735 1.5359061 4.3408546 -8.397348 1260261186529
189.15442 -136.30705 13.956848 1.5359061 4.3408546 -8.397348 1260261186535
189.15442 -136.30705 13.956848 6.780835 -1.1623383 -15.45252 1260261186538
183.1467 -136.7917 12.559006 6.780835 -1.1623383 -15.45252 1260261186571
183.1467 -136.7917 12.559006 -3.8041506 -1.1878633 -10.542173 1260261186576
179.43936 -137.15211 10.681055 -3.8041506 -1.1878633 -10.542173 1260261186584
179.43936 -137.15211 10.681055 -14.331552 -1.741859 -9.538489 1260261186588
178.11739 -137.64452 7.7970023 -14.331552 -1.741859 -9.538489 1260261186594
178.11739 -137.64452 7.7970023 3.28719 -0.6081519 -3.1987555 1260261186597
177.76152 -132.11229 4.3071523 3.28719 -0.6081519 -3.1987555 1260261186607
177.76152 -132.11229 4.3071523 -16.87885 5.7132444 -3.102532 1260261186610
177.52344 -126.606674 1.5417947 -16.87885 5.7132444 -3.102532 1260261186618
177.52344 -126.606674 1.5417947 2.141244 11.704025 5.097488 1260261186626
177.04727 -121.27634 -0.53529507 2.141244 11.704025 5.097488 1260261186630
177.04727 -121.27634 -0.53529507 -12.435639 13.168715 5.14004 1260261186634
176.4949 -116.21252 -2.2585304 -12.435639 13.168715 5.14004 1260261186645
176.4949 -116.21252 -2.2585304 -14.505083 4.358526 15.099218 1260261186653
176.12016 -111.55189 -4.095604 -14.505083 4.358526 15.099218 1260261186656
176.12016 -111.55189 -4.095604 1.2794428 -5.642646 6.9252896 1260261186664
175.86415 -107.77429 -6.290824 1.2794428 -5.642646 6.9252896 1260261186672
175.86415 -107.77429 -6.290824 -6.789689 13.34081 8.520328 1260261186675
174.87094 -109.23558 -7.926283 -6.789689 13.34081 8.520328 1260261186688
174.87094 -109.23558 -7.926283 -17.102144 14.390209 -3.8535984 1260261186692
171.1274 -110.7238 -8.379969 -17.102144 14.390209 -3.8535984 1260261186704
171.1274 -110.7238 -8.379969 -14.195869 5.803994 -10.054158 1260261186710
163.97102 -112.13761 -8.16097 -14.195869 5.803994 -10.054158 1260261186723
163.97102 -112.13761 -8.16097 -11.316782 10.21112 -22.906002 1260261186726
172.47247 -113.53073 -7.502921 -11.316782 10.21112 -22.906002 1260261186747
172.47247 -113.53073 -7.502921 -6.151326 26.929642 -23.841616 1260261186754
179.09885 -114.95419 -6.577775 -6.151326 26.929642 -23.841616 1260261186765
179.09885 -114.95419 -6.577775 4.4006224 32.542725 -30.908419 1260261186768
185.19391 -116.506485 -5.598886 4.4006224 32.542725 -30.908419 1260261186783
185.19391 -116.506485 -5.598886 13.495382 15.156428 -32.847996 1260261186789
191.4842 -118.381165 -4.768942 13.495382 15.156428 -32.847996 1260261186804
191.4842 -118.381165 -4.768942 14.210946 2.1356993 -20.961777 1260261186811
183.70999 -120.86211 -4.680495 14.210946 2.1356993 -20.961777 1260261186824
183.70999 -120.86211 -4.680495 9.086759 13.043533 -15.309873 1260261186828
184.6745 -123.819 -5.84647 9.086759 13.043533 -15.309873 1260261186844
184.6745 -123.819 -5.84647 -0.8672266 -9.421042 -11.772877 1260261186850
185.19078 -126.32805 -8.704146 -0.8672266 -9.421042 -11.772877 1260261186865
185.19078 -126.32805 -8.704146 -14.502626 6.981912 -9.8564005 1260261186872
184.78123 -120.811646 -11.91894 -14.502626 6.981912 -9.8564005 1260261186886
184.78123 -120.811646 -11.91894 -4.440699 12.660181 2.0689085 1260261186894
183.79218 -115.92107 -14.172993 -4.440699 12.660181 2.0689085 1260261186905
183.79218 -115.92107 -14.172993 -21.030499 8.32031 5.481925 1260261186908
182.50256 -111.47501 -15.714343 -21.030499 8.32031 5.481925 1260261186924
182.50256 -111.47501 -15.714343 -10.95634 -2.6771727 9.167257 1260261186929
181.12744 -107.40126 -16.828627 -10.95634 -2.6771727 9.167257 1260261186944
181.12744 -107.40126 -16.828627 -1.2552433 13.519269 6.365778 1260261186951
179.82108 -103.73119 -17.837194 -1.2552433 13.519269 6.365778 1260261186963
179.82108 -103.73119 -17.837194 -0.66457176 7.7341094 3.1383343 1260261186969
178.63002 -100.69463 -18.945335 -0.66457176 7.7341094 3.1383343 1260261186986
178.63002 -100.69463 -18.945335 -8.918728 9.959694 13.847025 1260261186989
177.04852 -102.1099 -19.848068 -8.918728 9.959694 13.847025 1260261187004
177.04852 -102.1099 -19.848068 -15.348351 19.034271 -2.1271143 1260261187010
173.4961 -103.60441 -19.755665 -15.348351 19.034271 -2.1271143 1260261187026
173.4961 -103.60441 -19.755665 -12.603379 12.626011 -15.673944 1260261187033
167.27129 -105.22419 -18.917881 -12.603379 12.626011 -15.673944 1260261187214
167.27129 -105.22419 -18.917881 -1.758693 6.4236336 -16.790564 1260261187227
176.65771 -106.81298 -17.621986 -1.758693 6.4236336 -16.790564 1260261187231
176.65771 -106.81298 -17.621986 13.042099 20.568884 -18.344767 1260261187234
183.62483 -108.42233 -16.040888 13.042099 20.568884 -18.344767 1260261187239
183.62483 -108.42233 -16.040888 11.265968 31.681051 -23.039951 1260261187246
189.14359 -110.051216 -14.288843 11.265968 31.681051 -23.039951 1260261187252
189.14359 -110.051216 -14.288843 0.47329044 18.338575 -20.277704 1260261187255
193.6364 -111.89866 -12.374401 0.47329044 18.338575 -20.277704 1260261187258
193.6364 -111.89866 -12.374401 11.867103 4.572794 -14.68543 1260261187267
197.20457 -114.05373 -10.405681 11.867103 4.572794 -14.68543 1260261187270
197.20457 -114.05373 -10.405681 16.0436 15.444448 -17.062622 1260261187276
199.99434 -116.55104 -8.535397 16.0436 15.444448 -17.062622 1260261187279
199.99434 -116.55104 -8.535397 -2.1905875 0.3821833 -4.2588243 1260261187287
203.19463 -118.923485 -6.9086266 -2.1905875 0.3821833 -4.2588243 1260261187291
203.19463 -118.923485 -6.9086266 -2.7409832 -2.2952132 0.8232565 1260261187295
193.63489 -119.62731 -5.9631953 -2.7409832 -2.2952132 0.8232565 1260261187299
193.63489 -119.62731 -5.9631953 3.8726392 5.186246 6.5554013 1260261187307
190.50314 -117.195946 -6.4150357 3.8726392 5.186246 6.5554013 1260261187313
190.50314 -117.195946 -6.4150357 -2.3780212 -4.1294804 -4.887164 1260261187324
188.178 -113.68615 -7.294284 -2.3780212 -4.1294804 -4.887164 1260261187327
188.178 -113.68615 -7.294284 -10.769957 9.814809 7.5549326 1260261187333
185.9191 -110.00184 -8.229569 -10.769957 9.814809 7.5549326 1260261187336
185.9191 -110.00184 -8.229569 -12.195062 4.083997 8.140208 1260261187339
183.82315 -106.30175 -9.168091 -12.195062 4.083997 8.140208 1260261187347
183.82315 -106.30175 -9.168091 -5.620681 -0.75940704 -3.7668276 1260261187351
181.68199 -103.08666 -9.859686 -5.620681 -0.75940704 -3.7668276 1260261187356
181.68199 -103.08666 -9.859686 1.7726834 9.464109 11.191849 1260261187359
179.39789 -100.782326 -10.266702 1.7726834 9.464109 11.191849 1260261187371
179.39789 -100.782326 -10.266702 5.6075287 6.9185724 -3.9111688 1260261187380
176.728 -99.44321 -10.353367 5.6075287 6.9185724 -3.9111688 1260261187388
176.728 -99.44321 -10.353367 6.703491 -3.4757876 -1.7457168 1260261187392
173.8416 -99.42104 -10.285699 6.703491 -3.4757876 -1.7457168 1260261187395
173.8416 -99.42104 -10.285699 6.424836 -2.5257654 -2.9358644 1260261187404
170.99951 -99.74999 -10.421414 6.424836 -2.5257654 -2.9358644 1260261187415
170.99951 -99.74999 -10.421414 6.553256 0.3879757 -4.9652863 1260261187418
168.04953 -100.26249 -10.500343 6.553256 0.3879757 -4.9652863 1260261187425
168.04953 -100.26249 -10.500343 6.6476674 6.3626213 -7.064706 1260261187428
164.44705 -101.099365 -10.375326 6.6476674 6.3626213 -7.064706 1260261187434
164.44705 -101.099365 -10.375326 6.217571 16.743523 -10.330343 1260261187439
159.5747 -102.1944 -9.90656 6.217571 16.743523 -10.330343 1260261187450
159.5747 -102.1944 -9.90656 4.0914474 24.345375 -8.717281 1260261187454
152.99597 -103.48468 -9.161232 4.0914474 24.345375 -8.717281 1260261187464
152.99597 -103.48468 -9.161232 -0.68696845 19.20995 -4.161772 1260261187471
162.79617 -104.96045 -8.153171 -0.68696845 19.20995 -4.161772 1260261187485
162.79617 -104.96045 -8.153171 -4.7473454 9.2221985 -15.674307 1260261187488
170.60637 -106.56242 -6.945512 -4.7473454 9.2221985 -15.674307 1260261187508
170.60637 -106.56242 -6.945512 1.0151792 14.938616 -9.70451 1260261187512
176.82605 -108.3843 -5.5482364 1.0151792 14.938616 -9.70451 1260261187524
176.82605 -108.3843 -5.5482364 14.893415 23.679132 -16.203514 1260261187529
181.63475 -110.51508 -3.9708245 14.893415 23.679132 -16.203514 1260261187543
181.63475 -110.51508 -3.9708245 15.439714 3.884625 -8.186829 1260261187546
184.753 -112.98933 -2.0722833 15.439714 3.884625 -8.186829 1260261187567
184.753 -112.98933 -2.0722833 -1.8240004 3.1113944 -13.931915 1260261187574
186.76535 -115.73986 -0.11866908 -1.8240004 3.1113944 -13.931915 1260261187582
186.76535 -115.73986 -0.11866908 3.6749945 6.406513 -14.727808 1260261187588
188.72708 -118.25287 1.9872645 3.6749945 6.406513 -14.727808 1260261187604
188.72708 -118.25287 1.9872645 11.822602 -7.7910113 -4.69635 1260261187609
194.99072 -118.74023 3.3379014 11.822602 -7.7910113 -4.69635 1260261187623
194.99072 -118.74023 3.3379014 -0.4949764 -3.539368 -8.838364 1260261187626
188.89119 -118.20322 3.2210064 -0.4949764 -3.539368 -8.838364 1260261187648
188.89119 -118.20322 3.2210064 -0.68209445 -4.392884 -5.271113 1260261187653
183.59663 -117.49306 2.9599562 -0.68209445 -4.392884 -5.271113 1260261187663
183.59663 -117.49306 2.9599562 1.4842386 -2.9520273 1.4215691 1260261187669
177.8168 -117.1184 2.8119583 1.4842386 -2.9520273 1.4215691 1260261187683
177.8168 -117.1184 2.8119583 3.1041298 0.55416155 3.0241609 1260261187688
171.57596 -117.31248 2.5213604 3.1041298 0.55416155 3.0241609 1260261187706
171.57596 -117.31248 2.5213604 5.1239424 -0.23669624 -1.1674371 1260261187713
165.79716 -116.99686 2.2452924 5.1239424 -0.23669624 -1.1674371 1260261187724
165.79716 -116.99686 2.2452924 7.2045417 1.6398125 1.2848997 1260261187727
160.50731 -116.89701 1.7830278 7.2045417 1.6398125 1.2848997 1260261187743
160.50731 -116.89701 1.7830278 8.463251 2.3828235 -2.1396399 1260261187749
156.28194 -116.55216 0.9938764 8.463251 2.3828235 -2.1396399 1260261187763
156.28194 -116.55216 0.9938764 6.320608 4.5395517 -7.101078 1260261187767
