105.06596 17.596321 10.67296 -1.2863317 4.7101564 10.043545 1260179606198
105.06596 17.596321 10.67296 -6.148117 5.4962993 4.300893 1260179606204
109.41267 18.266504 11.639312 -6.148117 5.4962993 4.300893 1260179606207
109.41267 18.266504 11.639312 -4.5833464 2.07226 9.4184265 1260179606216
106.64204 18.85318 12.657346 -4.5833464 2.07226 9.4184265 1260179606218
106.64204 18.85318 12.657346 4.3498955 -3.2635376 14.281364 1260179606225
102.10993 19.41052 13.724479 4.3498955 -3.2635376 14.281364 1260179606233
102.10993 19.41052 13.724479 13.322142 -9.040949 8.394905 1260179606241
113.50443 19.939995 14.988255 13.322142 -9.040949 8.394905 1260179606264
113.50443 19.939995 14.988255 12.193991 -13.267369 1.8792412 1260179606273
124.37921 20.442995 16.338842 12.193991 -13.267369 1.8792412 1260179606276
124.37921 20.442995 16.338842 0.77080965 -14.755295 5.62731 1260179606288
134.96025 20.870846 17.7219 0.77080965 -14.755295 5.62731 1260179606299
134.96025 20.870846 17.7219 -1.9751344 -13.63026 3.5640483 1260179606303
128.71223 21.077303 18.685806 -1.9751344 -13.63026 3.5640483 1260179606316
128.71223 21.077303 18.685806 3.67349 -11.424083 -0.07534075 1260179606319
124.42662 21.073439 18.351517 3.67349 -11.424083 -0.07534075 1260179606323
124.42662 21.073439 18.351517 -2.856371 -10.997682 2.7500396 1260179606328
120.70529 21.169767 16.93394 -2.856371 -10.997682 2.7500396 1260179606341
120.70529 21.169767 16.93394 -11.307053 -11.914337 13.398061 1260179606344
117.220024 21.41128 14.937243 -11.307053 -11.914337 13.398061 1260179606348
117.220024 21.41128 14.937243 0.28942108 -12.724547 19.760483 1260179606356
113.859024 21.790716 12.790381 0.28942108 -12.724547 19.760483 1260179606363
113.859024 21.790716 12.790381 -7.561557 -12.1391325 6.3131685 1260179606366
110.766075 22.25118 10.6008625 -7.561557 -12.1391325 6.3131685 1260179606371
110.766075 22.25118 10.6008625 -20.3241 -8.97588 18.882992 1260179606381
107.72777 22.73862 8.320819 -20.3241 -8.97588 18.882992 1260179606393
107.72777 22.73862 8.320819 -2.7986917 -4.070921 15.629314 1260179606399
104.89138 23.40169 5.904778 -2.7986917 -4.070921 15.629314 1260179606413
104.89138 23.40169 5.904778 -14.407837 -0.13222218 7.0186987 1260179606416
102.39681 24.381605 3.459539 -14.407837 -0.13222218 7.0186987 1260179606437
102.39681 24.381605 3.459539 -12.475302 -2.6825972 -3.1945539 1260179606440
100.67697 29.662525 1.3365619 -12.475302 -2.6825972 -3.1945539 1260179606453
100.67697 29.662525 1.3365619 1.8368883 0.15730286 -1.88404 1260179606459
100.14312 34.5294 -0.03026625 1.8368883 0.15730286 -1.88404 1260179606473
100.14312 34.5294 -0.03026625 -6.126073 -10.7904415 -15.198917 1260179606477
101.285965 39.20293 -0.57875293 -6.126073 -10.7904415 -15.198917 1260179606497
101.285965 39.20293 -0.57875293 -8.207061 -21.927376 -8.685519 1260179606663
104.471664 43.892784 -0.3998153 -8.207061 -21.927376 -8.685519 1260179606679
104.471664 43.892784 -0.3998153 -2.6432824 -13.7249565 -4.670248 1260179606683
109.04808 48.448143 0.27017552 -2.6432824 -13.7249565 -4.670248 1260179606689
109.04808 48.448143 0.27017552 8.077385 -8.475193 -19.126087 1260179606697
114.29568 52.725735 1.1566668 8.077385 -8.475193 -19.126087 1260179606700
114.29568 52.725735 1.1566668 18.12445 -27.093235 -21.314262 1260179606704
119.78089 56.68945 2.1988335 18.12445 -27.093235 -21.314262 1260179606709
119.78089 56.68945 2.1988335 18.744543 -23.276627 -22.19534 1260179606715
124.94185 60.104977 3.188892 18.744543 -23.276627 -22.19534 1260179606721
124.94185 60.104977 3.188892 8.975541 -16.481804 -2.0187712 1260179606724
129.49475 62.849728 4.0794473 8.975541 -16.481804 -2.0187712 1260179606727
129.49475 62.849728 4.0794473 -1.6090503 -16.410616 -10.222574 1260179606736
130.12001 63.357243 4.475475 -1.6090503 -16.410616 -10.222574 1260179606739
130.12001 63.357243 4.475475 -6.979251 -16.192839 0.24385452 1260179606744
125.26401 62.13938 3.9517012 -6.979251 -16.192839 0.24385452 1260179606747
125.26401 62.13938 3.9517012 -8.297338 -0.6624098 3.1082778 1260179606755
120.450806 59.832413 2.854116 -8.297338 -0.6624098 3.1082778 1260179606759
120.450806 59.832413 2.854116 -1.4436805 -2.4252918 21.874619 1260179606762
115.878265 57.340794 1.5614102 -1.4436805 -2.4252918 21.874619 1260179606772
115.878265 57.340794 1.5614102 2.8123298 -10.244993 16.44988 1260179606776
111.58435 54.973755 0.18333961 2.8123298 -10.244993 16.44988 1260179606784
111.58435 54.973755 0.18333961 -7.5704994 6.3131084 18.538488 1260179606794
107.505135 52.725067 -1.3258274 -7.5704994 6.3131084 18.538488 1260179606798
107.505135 52.725067 -1.3258274 -20.45818 -9.991158 16.678576 1260179606803
103.629875 50.688812 -2.959536 -20.45818 -9.991158 16.678576 1260179606806
103.629875 50.688812 -2.959536 -13.215407 -8.166412 7.4345818 1260179606815
99.99838 48.85437 -4.811559 -13.215407 -8.166412 7.4345818 1260179606817
99.99838 48.85437 -4.811559 -1.1989107 5.5347347 12.385352 1260179606821
96.64846 47.41165 -7.0209813 -1.1989107 5.5347347 12.385352 1260179606836
96.64846 47.41165 -7.0209813 -16.49405 -1.740649 0.4697237 1260179606839
93.81604 46.641068 -9.319932 -16.49405 -1.740649 0.4697237 1260179606843
93.81604 46.641068 -9.319932 -9.551947 -10.161534 11.860103 1260179606848
92.12524 51.009014 -11.053935 -9.551947 -10.161534 11.860103 1260179606857
92.12524 51.009014 -11.053935 2.9050403 -13.71612 0.039383084 1260179606865
92.168976 54.658566 -11.901238 2.9050403 -13.71612 0.039383084 1260179606874
92.168976 54.658566 -11.901238 1.158494 0.5331402 -5.7575226 1260179606877
94.11053 58.02564 -11.956177 1.158494 0.5331402 -5.7575226 1260179606885
94.11053 58.02564 -11.956177 2.7145243 -20.48973 -5.3630853 1260179606888
97.505 61.42436 -11.558368 2.7145243 -20.48973 -5.3630853 1260179606904
97.505 61.42436 -11.558368 7.1444173 -3.0245447 -8.275552 1260179606909
101.729744 64.70314 -10.9304495 7.1444173 -3.0245447 -8.275552 1260179606920
101.729744 64.70314 -10.9304495 10.119734 -24.506702 -11.170597 1260179606924
106.39326 67.817986 -10.183927 10.119734 -24.506702 -11.170597 1260179606936
106.39326 67.817986 -10.183927 8.243618 -8.271348 -15.038261 1260179606944
111.32359 70.677086 -9.37473 8.243618 -8.271348 -15.038261 1260179606954
111.32359 70.677086 -9.37473 1.8388152 -29.521889 -13.74684 1260179606958
116.40742 73.24323 -8.555994 1.8388152 -29.521889 -13.74684 1260179606973
116.40742 73.24323 -8.555994 -4.60884 -12.037863 -8.577337 1260179606980
121.737045 75.33107 -7.728194 -4.60884 -12.037863 -8.577337 1260179606993
121.737045 75.33107 -7.728194 -6.5626516 -19.500504 -7.6265287 1260179607005
127.90019 76.76452 -6.9417844 -6.5626516 -19.500504 -7.6265287 1260179607013
127.90019 76.76452 -6.9417844 -3.1782815 -29.045647 -2.1989074 1260179607016
137.35518 76.976295 -6.344695 -3.1782815 -29.045647 -2.1989074 1260179607035
137.35518 76.976295 -6.344695 1.0047851 -28.54134 2.6120443 1260179607039
148.08742 76.42748 -6.02746 1.0047851 -28.54134 2.6120443 1260179607053
148.08742 76.42748 -6.02746 2.3835392 -27.24835 13.195589 1260179607058
140.73305 75.30611 -5.976087 2.3835392 -27.24835 13.195589 1260179607076
140.73305 75.30611 -5.976087 0.93304825 -16.478092 21.764517 1260179607083
134.09639 73.8408 -6.177283 0.93304825 -16.478092 21.764517 1260179607094
134.09639 73.8408 -6.177283 -2.6960697 -4.85637 14.009423 1260179607107
127.99157 72.29876 -6.6184187 -2.6960697 -4.85637 14.009423 1260179607116
127.99157 72.29876 -6.6184187 -7.500887 -10.81043 2.2220755 1260179607119
122.54199 70.88382 -7.3374977 -7.500887 -10.81043 2.2220755 1260179607134
122.54199 70.88382 -7.3374977 -12.580561 -17.290432 5.980858 1260179607141
118.414894 70.08963 -8.620623 -12.580561 -17.290432 5.980858 1260179607153
118.414894 70.08963 -8.620623 -10.790376 -13.720816 -2.4553378 1260179607162
117.04415 73.28515 -9.439591 -10.790376 -13.720816 -2.4553378 1260179607176
117.04415 73.28515 -9.439591 -2.9330323 3.1093469 0.9029126 1260179607179
116.891945 76.92089 -9.667612 -2.9330323 3.1093469 0.9029126 1260179607193
116.891945 76.92089 -9.667612 -0.108828306 -15.400234 -8.330212 1260179607200
117.54735 80.52485 -9.634232 -0.108828306 -15.400234 -8.330212 1260179607219
117.54735 80.52485 -9.634232 0.11720061 2.7602768 -14.018984 1260179607223
118.86998 83.84861 -9.40252 0.11720061 2.7602768 -14.018984 1260179607232
118.86998 83.84861 -9.40252 -1.4166989 -15.299675 -5.474984 1260179607236
120.72648 86.70618 -9.082395 -1.4166989 -15.299675 -5.474984 1260179607256
120.72648 86.70618 -9.082395 -3.875859 1.0445595 -12.888773 1260179607434
