92.473076 24.362638 9.642817 5.2982683 -3.9511278 12.556881 1260179603079
92.473076 24.362638 9.642817 0.39987683 -0.055427074 -4.9205546 1260179603085
96.09942 26.744507 10.010675 0.39987683 -0.055427074 -4.9205546 1260179603088
96.09942 26.744507 10.010675 -3.443934 -16.17972 0.8656354 1260179603097
99.14445 30.607283 10.060142 -3.443934 -16.17972 0.8656354 1260179603100
99.14445 30.607283 10.060142 -4.6991396 1.1503725 -6.481369 1260179603105
99.73723 34.27692 9.107135 -4.6991396 1.1503725 -6.481369 1260179603113
99.73723 34.27692 9.107135 2.1346354 -8.488953 7.856013 1260179603119
97.80037 35.313076 7.001778 2.1346354 -8.488953 7.856013 1260179603145
97.80037 35.313076 7.001778 2.6923797 0.9856353 -4.1300335 1260179603148
95.01035 35.54742 4.651689 2.6923797 0.9856353 -4.1300335 1260179603158
95.01035 35.54742 4.651689 -16.959875 1.0418415 5.066123 1260179603162
91.909836 35.37005 2.4691045 -16.959875 1.0418415 5.066123 1260179603167
91.909836 35.37005 2.4691045 -4.2603283 -1.561079 14.492807 1260179603176
88.76434 35.151546 0.39564925 -4.2603283 -1.561079 14.492807 1260179603180
88.76434 35.151546 0.39564925 -8.249775 -4.5531077 3.6885014 1260179603183
85.576126 35.093967 -1.5241332 -8.249775 -4.5531077 3.6885014 1260179603193
85.576126 35.093967 -1.5241332 -21.652657 -5.846771 10.462499 1260179603196
82.397316 35.28927 -3.2479267 -21.652657 -5.846771 10.462499 1260179603204
82.397316 35.28927 -3.2479267 -9.216011 -4.416293 16.253134 1260179603216
79.57745 36.024803 -4.6355305 -9.216011 -4.416293 16.253134 1260179603225
79.57745 36.024803 -4.6355305 2.1572943 -1.5982056 5.6893344 1260179603228
77.19858 37.523563 -5.503754 2.1572943 -1.5982056 5.6893344 1260179603239
77.19858 37.523563 -5.503754 2.1346726 -10.015567 9.301779 1260179603242
79.03865 40.797386 -5.7285666 2.1346726 -10.015567 9.301779 1260179603253
79.03865 40.797386 -5.7285666 2.8317883 -13.241135 -9.971239 1260179603259
84.93672 44.457516 -5.542138 2.8317883 -13.241135 -9.971239 1260179603273
84.93672 44.457516 -5.542138 6.0571623 -19.370861 -0.0816021 1260179603276
90.889885 48.33464 -5.215031 6.0571623 -19.370861 -0.0816021 1260179603297
90.889885 48.33464 -5.215031 9.010096 -8.058108 -12.600455 1260179603301
96.49539 52.26791 -4.9042797 9.010096 -8.058108 -12.600455 1260179603317
96.49539 52.26791 -4.9042797 10.096837 -28.419147 -15.328438 1260179603321
101.62062 56.054516 -4.6590657 10.096837 -28.419147 -15.328438 1260179603332
101.62062 56.054516 -4.6590657 9.935895 -16.28648 -17.022179 1260179603339
106.28959 59.65179 -4.4261127 9.935895 -16.28648 -17.022179 1260179603355
106.28959 59.65179 -4.4261127 9.169615 -21.638273 -14.014971 1260179603358
110.42511 63.0192 -4.304807 9.169615 -21.638273 -14.014971 1260179603374
110.42511 63.0192 -4.304807 8.207224 -22.214931 -19.180405 1260179603378
113.50385 66.168236 -4.3395667 8.207224 -22.214931 -19.180405 1260179603393
113.50385 66.168236 -4.3395667 7.0156164 -16.204548 -9.301031 1260179603400
115.17866 69.109825 -4.7225885 7.0156164 -16.204548 -9.301031 1260179603422
115.17866 69.109825 -4.7225885 6.094755 -14.999395 -9.80204 1260179603425
115.21973 71.95433 -5.436459 6.094755 -14.999395 -9.80204 1260179603436
115.21973 71.95433 -5.436459 2.3699074 -15.026118 -13.4163065 1260179603444
113.75874 74.85661 -6.7146363 2.3699074 -15.026118 -13.4163065 1260179603455
113.75874 74.85661 -6.7146363 -10.445337 -4.441319 2.7517948 1260179603458
111.07081 77.91378 -8.528905 -10.445337 -4.441319 2.7517948 1260179603473
111.07081 77.91378 -8.528905 -15.101728 -13.328718 2.5513403 1260179603478
107.46727 75.718094 -10.85246 -15.101728 -13.328718 2.5513403 1260179603494
107.46727 75.718094 -10.85246 0.9827881 -8.979156 -0.25083208 1260179603501
103.54391 72.98219 -13.059837 0.9827881 -8.979156 -0.25083208 1260179603514
103.54391 72.98219 -13.059837 -14.952685 1.9127913 -0.7908826 1260179603526
99.71671 70.083084 -14.706845 -14.952685 1.9127913 -0.7908826 1260179603533
99.71671 70.083084 -14.706845 -20.224615 -12.227244 7.6409497 1260179603540
96.18088 67.22893 -15.921503 -20.224615 -12.227244 7.6409497 1260179603551
96.18088 67.22893 -15.921503 -10.603722 4.781274 18.19765 1260179603555
92.82183 64.61748 -16.775429 -10.603722 4.781274 18.19765 1260179603571
92.82183 64.61748 -16.775429 -3.2242298 -15.308895 18.251057 1260179603574
89.63074 62.236603 -17.436657 -3.2242298 -15.308895 18.251057 1260179603595
89.63074 62.236603 -17.436657 -0.523551 -0.51155615 17.865522 1260179603598
86.5992 60.07477 -17.964825 -0.523551 -0.51155615 17.865522 1260179603785
86.5992 60.07477 -17.964825 -0.30348253 -1.7857177 8.056074 1260179603794
83.76923 58.421032 -18.366583 -0.30348253 -1.7857177 8.056074 1260179603797
83.76923 58.421032 -18.366583 -0.6380935 -14.819505 6.6431427 1260179603803
81.93077 58.04998 -18.498253 -0.6380935 -14.819505 6.6431427 1260179603806
81.93077 58.04998 -18.498253 0.4984982 -16.055332 4.888388 1260179603817
84.73423 59.997482 -17.82334 0.4984982 -16.055332 4.888388 1260179603825
84.73423 59.997482 -17.82334 7.6468825 -5.549082 -5.6156187 1260179603837
89.797516 62.74761 -16.632172 7.6468825 -5.549082 -5.6156187 1260179603840
89.797516 62.74761 -16.632172 9.074884 -10.793532 -11.195169 1260179603844
95.25764 65.71023 -15.400563 9.074884 -10.793532 -11.195169 1260179603852
95.25764 65.71023 -15.400563 -0.6089792 -16.674152 0.36997795 1260179603860
100.694756 68.62472 -14.2305355 -0.6089792 -16.674152 0.36997795 1260179603863
100.694756 68.62472 -14.2305355 -7.074106 -11.361761 -11.19836 1260179603866
105.860016 71.29348 -13.119009 -7.074106 -11.361761 -11.19836 1260179603869
105.860016 71.29348 -13.119009 -2.40667 -25.493416 -15.318058 1260179603876
110.76701 73.62881 -12.163058 -2.40667 -25.493416 -15.318058 1260179603878
110.76701 73.62881 -12.163058 6.0935345 -8.276187 -11.190217 1260179603882
115.22866 75.49737 -11.354905 6.0935345 -8.276187 -11.190217 1260179603885
115.22866 75.49737 -11.354905 10.48165 -18.363207 -3.244744 1260179603888
118.41723 76.8225 -10.83716 10.48165 -18.363207 -3.244744 1260179603894
118.41723 76.8225 -10.83716 9.500226 -25.235813 -3.467346 1260179603897
115.99637 76.93137 -10.795302 9.500226 -25.235813 -3.467346 1260179603904
115.99637 76.93137 -10.795302 7.438488 -22.337397 1.0026305 1260179603907
111.74655 75.93481 -11.205537 7.438488 -22.337397 1.0026305 1260179603913
111.74655 75.93481 -11.205537 5.989008 -14.394202 6.6588144 1260179603916
