248.39688 -127.402306 22.631632 -0.9625553 15.549778 -3.545868 1260261151397
248.39688 -127.402306 22.631632 -8.348837 14.729118 -0.9349884 1260261151403
244.42703 -128.5322 19.80005 -8.348837 14.729118 -0.9349884 1260261151406
244.42703 -128.5322 19.80005 2.8530412 7.192457 -11.47838 1260261151414
241.15569 -130.1556 17.160048 2.8530412 7.192457 -11.47838 1260261151417
241.15569 -130.1556 17.160048 -16.840849 -5.285933 -9.74348 1260261151423
238.3979 -131.94781 14.702045 -16.840849 -5.285933 -9.74348 1260261151426
238.3979 -131.94781 14.702045 -0.7526846 4.1768765 -18.920897 1260261151429
235.628 -133.75043 12.416944 -0.7526846 4.1768765 -18.920897 1260261151463
235.628 -133.75043 12.416944 -11.932989 13.758081 -19.301418 1260261151469
232.3466 -135.51291 10.496097 -11.932989 13.758081 -19.301418 1260261151476
232.3466 -135.51291 10.496097 -18.899746 0.3501444 -16.016901 1260261151482
227.97928 -137.13727 8.921291 -18.899746 0.3501444 -16.016901 1260261151485
227.97928 -137.13727 8.921291 -4.805916 -3.2671204 -27.702412 1260261151488
221.98032 -138.5804 7.6752267 -4.805916 -3.2671204 -27.702412 1260261151498
221.98032 -138.5804 7.6752267 1.8257661 10.268877 -24.800446 1260261151507
214.6313 -139.85138 6.6914654 1.8257661 10.268877 -24.800446 1260261151509
214.6313 -139.85138 6.6914654 -2.0475645 17.89161 -27.926327 1260261151517
206.54974 -141.0088 5.9068923 -2.0475645 17.89161 -27.926327 1260261151520
206.54974 -141.0088 5.9068923 -7.837187 11.691622 -34.90345 1260261151524
198.27226 -142.10837 5.3115478 -7.837187 11.691622 -34.90345 1260261151535
198.27226 -142.10837 5.3115478 -10.721668 0.48486805 -27.738491 1260261151543
188.85864 -143.30295 4.9959702 -10.721668 0.48486805 -27.738491 1260261151546
188.85864 -143.30295 4.9959702 -9.939777 -4.0080113 -19.381626 1260261151554
194.01572 -144.6378 5.096172 -9.939777 -4.0080113 -19.381626 1260261151563
194.01572 -144.6378 5.096172 -7.0304246 4.295539 -13.098404 1260261151566
194.46494 -146.20592 5.7913632 -7.0304246 4.295539 -13.098404 1260261151577
194.46494 -146.20592 5.7913632 -0.25574923 10.62627 -13.567168 1260261151581
192.3917 -130.34563 7.351795 -0.25574923 10.62627 -13.567168 1260261151593
192.3917 -130.34563 7.351795 14.065395 -11.239208 -7.3488655 1260261151603
189.4221 -116.27834 9.834206 14.065395 -11.239208 -7.3488655 1260261151614
189.4221 -116.27834 9.834206 1.5196717 -3.518847 7.253252 1260261151619
186.901 -108.66443 11.442495 1.5196717 -3.518847 7.253252 1260261151634
186.901 -108.66443 11.442495 -4.4108515 5.5243254 1.759986 1260261151640
185.05595 -101.73121 11.870371 -4.4108515 5.5243254 1.759986 1260261151658
185.05595 -101.73121 11.870371 -3.450267 5.1304665 9.16588 1260261151662
183.60315 -95.54465 11.526853 -3.450267 5.1304665 9.16588 1260261151674
183.60315 -95.54465 11.526853 -7.659189 5.9750443 9.910318 1260261151865
182.37299 -90.01742 10.45051 -7.659189 5.9750443 9.910318 1260261151869
182.37299 -90.01742 10.45051 -10.354872 5.932048 12.788635 1260261151877
181.30434 -85.16655 8.827985 -10.354872 5.932048 12.788635 1260261151880
181.30434 -85.16655 8.827985 0.3862791 -4.853653 19.98598 1260261151884
180.33913 -81.05822 6.8365855 0.3862791 -4.853653 19.98598 1260261151889
180.33913 -81.05822 6.8365855 -3.17132 -4.9840527 20.390392 1260261151898
179.32217 -77.65531 4.5447564 -3.17132 -4.9840527 20.390392 1260261151902
179.32217 -77.65531 4.5447564 -20.518047 11.585674 13.9890785 1260261151905
178.20607 -75.022545 2.0675185 -20.518047 11.585674 13.9890785 1260261151913
178.20607 -75.022545 2.0675185 -3.833334 3.745707 5.761846 1260261151917
177.04576 -72.97142 -0.4858575 -3.833334 3.745707 5.761846 1260261151922
177.04576 -72.97142 -0.4858575 -17.801632 3.3695388 -0.7152462 1260261151925
175.74347 -71.27285 -3.0115645 -17.801632 3.3695388 -0.7152462 1260261151929
175.74347 -71.27285 -3.0115645 -14.605008 18.824188 6.67612 1260261151936
174.4563 -74.85921 -5.4609866 -14.605008 18.824188 6.67612 1260261151939
174.4563 -74.85921 -5.4609866 -6.099927 4.980692 3.3407238 1260261151946
173.43349 -78.51625 -7.8379374 -6.099927 4.980692 3.3407238 1260261151949
173.43349 -78.51625 -7.8379374 -22.915134 8.879844 -5.223953 1260261151957
172.81181 -82.290436 -10.096041 -22.915134 8.879844 -5.223953 1260261151962
172.81181 -82.290436 -10.096041 -6.912074 12.675241 -13.117853 1260261151974
172.62122 -86.17591 -12.191238 -6.912074 12.675241 -13.117853 1260261151979
172.62122 -86.17591 -12.191238 -9.362274 -3.9158483 -10.320393 1260261151983
172.34015 -89.96712 -13.881677 -9.362274 -3.9158483 -10.320393 1260261151986
172.34015 -89.96712 -13.881677 -21.71296 14.11739 -11.415035 1260261151995
171.52315 -93.56876 -15.137593 -21.71296 14.11739 -11.415035 1260261151998
171.52315 -93.56876 -15.137593 -16.637196 -0.5022249 -19.208551 1260261152004
169.297 -96.79033 -15.830713 -16.637196 -0.5022249 -19.208551 1260261152007
169.297 -96.79033 -15.830713 -8.334312 12.75816 -7.331072 1260261152015
165.23215 -99.70081 -16.039177 -8.334312 12.75816 -7.331072 1260261152020
165.23215 -99.70081 -16.039177 -4.031913 1.9065237 -24.300236 1260261152028
159.77054 -102.365776 -15.887218 -4.031913 1.9065237 -24.300236 1260261152036
159.77054 -102.365776 -15.887218 -3.591868 20.07068 -17.178608 1260261152039
153.08202 -104.74749 -15.492858 -3.591868 20.07068 -17.178608 1260261152043
153.08202 -104.74749 -15.492858 -5.3879375 3.0802107 -15.793498 1260261152050
145.67792 -107.01012 -14.918215 -5.3879375 3.0802107 -15.793498 1260261152060
145.67792 -107.01012 -14.918215 -8.716752 13.934969 -27.17066 1260261152063
155.84402 -109.10961 -14.222304 -8.716752 13.934969 -27.17066 1260261152067
155.84402 -109.10961 -14.222304 -10.023291 19.200794 -19.033651 1260261152078
164.55182 -111.10413 -13.311189 -10.023291 19.200794 -19.033651 1260261152085
164.55182 -111.10413 -13.311189 -5.1990566 1.8895435 -21.000721 1260261152089
171.82423 -113.09893 -12.195629 -5.1990566 1.8895435 -21.000721 1260261152098
171.82423 -113.09893 -12.195629 6.4926004 8.773514 -6.3385496 1260261152102
177.23302 -115.14398 -10.735847 6.4926004 8.773514 -6.3385496 1260261152114
177.23302 -115.14398 -10.735847 13.516553 14.8540325 -10.982798 1260261152120
180.62137 -117.28678 -8.849055 13.516553 14.8540325 -10.982798 1260261152135
180.62137 -117.28678 -8.849055 -0.7454653 -4.7582836 -3.9714184 1260261152142
182.0403 -119.42244 -6.2066026 -0.7454653 -4.7582836 -3.9714184 1260261152155
182.0403 -119.42244 -6.2066026 5.3943157 2.6716611 5.5676255 1260261152164
181.93828 -121.35132 -2.6962724 5.3943157 2.6716611 5.5676255 1260261152178
181.93828 -121.35132 -2.6962724 0.36873722 10.906001 2.218285 1260261152182
