135.04358 12.091285 9.039088 1.96133 -2.4244218 8.825985 1260168741053
135.04358 12.091285 9.039088 2.070293 -2.5333846 8.60806 1260168741056
134.9914 12.436721 9.287134 2.070293 -2.5333846 8.60806 1260168741060
134.9914 12.436721 9.287134 2.192876 -2.8602731 8.240311 1260168741065
135.64183 12.814885 9.672777 2.192876 -2.8602731 8.240311 1260168741073
135.64183 12.814885 9.672777 2.5197644 -2.969236 7.913422 1260168741076
137.15974 13.324141 10.189138 2.5197644 -2.969236 7.913422 1260168741080
137.15974 13.324141 10.189138 3.0237172 -3.4595683 7.749978 1260168741085
139.30176 13.857934 10.779681 3.0237172 -3.4595683 7.749978 1260168741091
139.30176 13.857934 10.779681 3.405087 -3.6774938 7.5865335 1260168741097
140.18668 14.565038 11.1406975 3.405087 -3.6774938 7.5865335 1260168741100
140.18668 14.565038 11.1406975 2.73769 -4.167826 7.477571 1260168741103
140.87735 15.436786 11.383662 2.73769 -4.167826 7.477571 1260168741111
140.87735 15.436786 11.383662 2.901134 -5.5162406 8.512717 1260168741114
141.78348 16.564947 11.614479 2.901134 -5.5162406 8.512717 1260168741120
141.78348 16.564947 11.614479 3.0237172 -6.932757 8.349273 1260168741123
142.79431 18.186699 11.683755 3.0237172 -6.932757 8.349273 1260168741126
142.79431 18.186699 11.683755 2.8057916 -9.220976 7.4230895 1260168741134
144.20459 20.127363 11.899568 2.8057916 -9.220976 7.4230895 1260168741137
144.20459 20.127363 11.899568 3.7864566 -11.509193 6.496906 1260168741140
145.64436 22.420996 12.054589 3.7864566 -11.509193 6.496906 1260168741173
145.64436 22.420996 12.054589 3.7864566 -13.361561 4.576437 1260168741180
146.81215 24.949945 12.05186 3.7864566 -13.361561 4.576437 1260168741183
146.81215 24.949945 12.05186 3.2280223 -15.418234 3.5412905 1260168741192
147.92154 27.452448 11.999267 3.2280223 -15.418234 3.5412905 1260168741195
147.92154 27.452448 11.999267 3.2825038 -16.83475 2.9964764 1260168741201
148.97546 29.929825 11.949304 3.2825038 -16.83475 2.9964764 1260168741204
148.97546 29.929825 11.949304 3.445948 -17.65197 2.233737 1260168741207
150.1267 32.283333 11.9518385 3.445948 -17.65197 2.233737 1260168741215
150.1267 32.283333 11.9518385 3.8954194 -17.543009 1.525479 1260168741218
151.22035 34.419167 12.004247 3.8954194 -17.543009 1.525479 1260168741221
151.22035 34.419167 12.004247 4.004382 -16.943712 1.96133 1260168741226
152.20934 36.29821 12.154035 4.004382 -16.943712 1.96133 1260168741238
152.20934 36.29821 12.154035 4.276789 -16.017529 2.7240696 1260168741241
152.99887 38.0333 12.246333 4.276789 -16.017529 2.7240696 1260168741252
152.99887 38.0333 12.246333 4.235928 -16.126492 3.5957718 1260168741255
153.14893 39.781635 12.234016 4.235928 -16.126492 3.5957718 1260168741261
153.14893 39.781635 12.234016 3.5821514 -16.671305 3.4323275 1260168741264
152.69148 41.692554 12.122315 3.5821514 -16.671305 3.4323275 1260168741272
152.69148 41.692554 12.122315 3.173541 -17.706451 2.1247742 1260168741275
151.3569 43.807926 11.7662 3.173541 -17.706451 2.1247742 1260168741283
151.3569 43.807926 11.7662 1.525479 -19.231932 1.1441092 1260168741286
148.98906 45.91753 11.02789 1.525479 -19.231932 1.1441092 1260168741296
148.98906 45.91753 11.02789 -1.1577295 -20.158115 0.7627395 1260168741300
145.8396 47.471653 9.876495 -1.1577295 -20.158115 0.7627395 1260168741305
145.8396 47.471653 9.876495 -4.7262607 -21.247742 1.253072 1260168741311
142.04762 48.39807 8.182671 -4.7262607 -21.247742 1.253072 1260168741318
142.04762 48.39807 8.182671 -9.684067 -22.064962 1.4165162 1260168741321
137.89525 48.878166 6.1735373 -9.684067 -22.064962 1.4165162 1260168741334
137.89525 48.878166 6.1735373 -13.647589 -22.010483 1.1441092 1260168741341
133.45049 48.934258 3.8648603 -13.647589 -22.010483 1.1441092 1260168741352
133.45049 48.934258 3.8648603 -17.052675 -20.539484 2.1247742 1260168741355
128.97797 48.637547 1.4216173 -17.052675 -20.539484 2.1247742 1260168741371
128.97797 48.637547 1.4216173 -18.264887 -17.543009 4.739881 1260168741376
124.82907 48.00567 -0.74946374 -18.264887 -17.543009 4.739881 1260168741393
124.82907 48.00567 -0.74946374 -14.805318 -13.089154 10.256122 1260168741401
121.187614 46.905384 -2.1119905 -14.805318 -13.089154 10.256122 1260168741411
121.187614 46.905384 -2.1119905 -10.56939 -9.820271 16.916471 1260168741414
117.92823 45.410114 -2.806391 -10.56939 -9.820271 16.916471 1260168741431
117.92823 45.410114 -2.806391 -5.938472 -6.2789803 19.912949 1260168741437
114.88182 43.88961 -2.9160714 -5.938472 -6.2789803 19.912949 1260168741450
114.88182 43.88961 -2.9160714 -1.6480621 -4.8216033 17.788174 1260168741457
112.18773 42.89513 -2.7202678 -1.6480621 -4.8216033 17.788174 1260168741470
112.18773 42.89513 -2.7202678 0.32688835 -5.243834 11.672638 1260168741480
110.07834 43.000374 -1.9842544 0.32688835 -5.243834 11.672638 1260168741492
110.07834 43.000374 -1.9842544 1.484618 -5.134871 4.903325 1260168741495
109.77442 44.100353 -0.6850416 1.484618 -5.134871 4.903325 1260168741510
109.77442 44.100353 -0.6850416 2.7513103 -6.2244987 0.81722087 1260168741517
109.5857 45.345337 0.34921047 2.7513103 -6.2244987 0.81722087 1260168741537
109.5857 45.345337 0.34921047 2.8057916 -7.641015 0.54481393 1260168741704
