118.870476 29.788765 -0.20979173 1260179480752
117.07695 31.799326 -0.54930216 1260179480763
120.1731 34.25936 -0.57183707 1260179480772
123.16445 36.696392 -0.5932452 1260179480969
134.65623 38.71157 -0.61358297 1260179480983
128.37343 39.975994 -0.8329038 1260179480992
122.75475 40.927193 -1.3412586 1260179481003
117.51701 42.080833 -1.7741957 1260179481013
112.69116 43.27679 -2.285486 1260179481019
108.706604 44.76295 -2.7712116 1260179481031
105.62128 46.474804 -3.182651 1260179481044
104.040215 49.151062 -3.4735186 1260179481053
104.63821 51.993507 -3.6998427 1260179481065
106.5563 55.04383 -3.8648505 1260179481076
108.52848 58.24164 -4.071608 1260179481092
109.85206 61.479557 -4.418028 1260179481098
110.659454 64.60558 -4.8471265 1260179481109
111.22648 67.5753 -5.2547703 1260179481118
111.815155 70.44653 -5.6420317 1260179481129
112.4244 73.12421 -6.00993 1260179481136
113.25318 75.56799 -6.3094335 1260179481154
114.640526 77.889595 -6.4439616 1260179481167
116.2585 80.04511 -6.4217634 1260179481176
118.39558 82.042854 -6.250675 1260179481188
120.6258 83.84071 -5.9881415 1260179481199
122.14451 85.34868 -5.7387342 1260179481210
121.88728 86.53124 -5.5517974 1260179481223
119.69292 87.40468 -5.4742074 1260179481247
116.35827 88.08444 -5.500497 1260179481268
112.69035 88.68022 -5.6754723 1260179481282
108.75584 89.29621 -5.9416986 1260179481305
104.668045 89.9814 -6.2446136 1260179481325
100.784645 90.73233 -6.682383 1260179481343
96.84541 89.84571 -7.148264 1260179481363
92.95314 88.90343 -7.6908507 1260179481385
89.20548 87.85825 -8.206308 1260179481407
85.54521 86.81534 -8.645993 1260179481424
82.06795 85.774574 -9.063694 1260179481466
78.81455 84.685844 -9.460509 1260179481482
75.623825 83.55155 -9.837483 1260179481503
72.592636 82.473976 -10.145609 1260179481523
