310.10062 3.766132 61.18875 1260261056354
310.24557 3.9278255 61.279312 1260261056363
310.83328 3.9314342 61.365345 1260261056369
311.79163 3.7848625 61.497078 1260261056384
312.90204 3.6956193 61.522224 1260261056421
314.05695 3.6608384 61.596115 1260261056433
315.6041 3.4777966 61.61631 1260261056442
300.0239 3.2039068 61.435493 1260261056448
285.8227 2.7937114 61.21372 1260261056466
273.23157 2.2040257 60.60303 1260261056478
261.72 1.4938245 59.92288 1260261056657
250.684 0.36913317 59.326733 1260261056666
239.9498 -1.4493235 58.660397 1260261056677
229.3023 -7.976857 57.427376 1260261056688
219.53719 -14.178014 56.056007 1260261056699
210.01033 -20.919113 54.303207 1260261056709
217.20981 -28.073156 52.638046 1260261056721
222.29932 -35.2695 51.306145 1260261056729
225.18436 -42.506027 50.040836 1260261056739
226.62514 -31.780725 49.188793 1260261056757
226.79388 -22.041689 48.67935 1260261056767
224.9542 -13.489604 48.345383 1260261056778
221.40648 -6.1651235 47.928112 1260261056785
216.73616 -3.1568673 47.281708 1260261056799
211.59935 -0.4990239 46.317623 1260261056806
206.36938 1.4759274 45.10174 1260261056819
201.25092 2.702131 43.596653 1260261056836
196.28838 3.3170245 41.76682 1260261056843
191.47395 3.3511732 39.57848 1260261056858
186.85025 2.7336144 37.049557 1260261056865
182.50774 1.4969337 34.14708 1260261056884
178.53235 -0.27791303 30.989725 1260261056896
175.05573 -2.3140173 27.64024 1260261056913
172.20294 -4.2483163 24.108227 1260261056939
170.14279 -5.9359 20.402815 1260261056954
168.93565 -7.239105 16.482674 1260261056976
169.43887 -14.92715 12.20854 1260261056994
173.66693 -5.2307925 8.1981125 1260261057024
181.43358 2.8307474 5.4382067 1260261057036
173.5619 9.53921 3.9162962 1260261057057
168.03381 15.36225 3.3704815 1260261057077
164.03212 20.944138 3.5019574 1260261057094
161.43051 26.64693 4.0768595 1260261057115
159.90898 32.364586 4.8730164 1260261057137
159.46353 37.996357 5.8293657 1260261057159
159.44035 43.29654 6.8378973 1260261057174
158.81833 48.181713 7.7960024 1260261057196
158.32741 52.622627 8.656202 1260261057221
159.26103 56.891495 9.273393 1260261057423
162.04797 61.09692 9.809723 1260261057430
165.54558 65.292076 10.269237 1260261057436
169.6683 69.427475 10.7557745 1260261057453
173.9849 73.4561 11.267986 1260261057466
178.38565 77.4333 11.804587 1260261057473
182.36636 81.21163 12.2643585 1260261057486
185.89804 84.60105 12.751141 1260261057493
189.75314 88.020996 13.363584 1260261057511
192.91548 91.169945 13.895405 1260261057518
196.3697 94.21145 14.650635 1260261057533
199.80122 97.40088 15.318103 1260261057547
201.36116 99.93083 15.902198 1260261057553
202.9431 102.18429 16.757088 1260261057559
203.99594 104.07507 17.669233 1260261057574
205.04614 105.62132 18.735771 1260261057584
206.89383 107.190254 20.098982 1260261057591
