145.57986 96.987045 -4.477396 1260174329347
145.80087 96.73769 -4.353526 1260174329356
145.91083 96.30081 -4.23585 1260174329372
145.91528 95.83577 -4.1240573 1260174329384
145.51952 95.29398 -4.1178546 1260174329393
145.29353 94.829285 -4.111962 1260174329405
145.02885 94.33782 -4.106364 1260174329421
144.67741 93.87093 -4.1010456 1260174329432
143.94354 93.37739 -4.145993 1260174329448
143.19637 92.908516 -4.1886935 1260174329489
142.68655 92.56309 -4.179259 1260174329501
142.60223 92.73493 -4.220296 1260174329510
142.62212 93.29819 -4.3092813 1260174329521
142.841 94.333275 -4.3938174 1260174329532
143.29895 95.91661 -4.4241266 1260174329544
143.98401 97.87078 -4.3529205 1260174329560
144.9848 100.027245 -4.1852746 1260174329569
146.13556 102.27588 -4.026011 1260174329580
146.92879 104.262085 -3.9747105 1260174329591
147.18234 105.69898 -4.175975 1260174329605
146.12323 106.06403 -4.767176 1260174329614
141.11707 103.56083 -5.7288175 1260174329629
135.16121 100.23279 -6.742377 1260174329649
129.25314 96.52115 -7.705258 1260174329661
123.39049 92.495094 -8.569995 1260174329682
117.92096 88.32034 -9.391495 1260174329700
112.82491 84.254326 -10.27192 1260174329726
108.88367 81.24161 -12.208324 1260174329740
108.78948 84.379524 -12.597908 1260174329762
110.30001 87.61055 -12.318012 1260174329783
112.63501 90.73002 -11.802112 1260174329800
115.35326 93.69352 -11.162006 1260174329819
117.735596 96.60884 -10.603906 1260174329842
118.99882 99.2284 -10.373711 1260174329865
118.99888 101.06698 -10.705025 1260174330045
116.99893 98.96363 -11.669773 1260174330062
113.09898 96.01545 -12.486284 1260174330069
108.69403 92.61468 -13.06197 1260174330081
104.15933 88.78394 -13.458871 1260174330089
99.80137 84.74474 -13.685927 1260174330101
95.7613 80.8075 -13.801631 1260174330110
92.67323 78.11713 -14.111549 1260174330121
94.48957 80.31127 -14.105972 1260174330130
96.76509 83.395706 -13.750673 1260174330147
99.22684 86.67592 -13.21314 1260174330156
101.96549 89.99213 -12.602483 1260174330168
104.86722 93.29252 -11.972359 1260174330180
107.373856 96.37789 -11.42374 1260174330189
108.85516 98.60899 -11.302553 1260174330204
108.612404 99.478546 -11.987426 1260174330213
106.031784 96.754616 -12.738054 1260174330224
102.480194 93.46689 -13.151152 1260174330235
98.706184 89.94354 -13.293594 1260174330251
95.12087 86.84637 -13.228914 1260174330264
90.96483 83.904045 -12.417468 1260174330287
