292.69763 -126.640236 15.560986 1260261146185
283.06274 -125.95822 14.032936 1260261146193
275.10962 -125.61031 11.981289 1260261146205
268.55414 -121.829796 9.382224 1260261146215
262.77643 -117.5883 6.463113 1260261146227
257.7376 -112.958885 3.239957 1260261146236
253.30074 -107.81094 0.12795919 1260261146248
249.5857 -102.3204 -3.0284388 1260261146257
250.75641 -95.10438 -5.077017 1260261146268
242.6686 -84.29916 -3.473166 1260261146277
236.38516 -72.5842 -1.4495077 1260261146288
230.3159 -61.30499 0.47296768 1260261146295
224.4001 -50.43974 2.0493193 1260261146306
218.78009 -39.817753 3.1968534 1260261146316
214.14108 -29.326864 3.9870107 1260261146353
212.68402 -36.86052 4.38766 1260261146366
217.84982 -43.517494 4.418277 1260261146378
208.20734 -49.341618 4.097363 1260261146389
201.24696 -54.524536 3.4924948 1260261146398
196.48462 -59.19831 2.61787 1260261146409
193.26039 -63.438396 1.4869766 1260261146419
190.99738 -67.36648 0.11262772 1260261146431
189.3475 -71.09815 -1.4430038 1260261146445
188.13013 -74.74325 -3.1708536 1260261146457
187.07362 -78.35609 -5.0623107 1260261146467
186.01994 -81.83828 -6.9091954 1260261146476
184.46895 -84.89636 -8.413735 1260261146488
181.7955 -87.25154 -9.1930485 1260261146495
177.40573 -88.83897 -8.783396 1260261146510
176.18544 -90.64702 -6.844226 1260261146526
175.97617 -93.56467 -3.5520146 1260261146536
175.07736 -89.63644 0.17558609 1260261146548
174.0235 -85.40462 3.8668067 1260261146560
173.02232 -81.134384 7.423466 1260261146747
172.2212 -77.177666 10.852293 1260261146756
171.86015 -73.61878 14.359678 1260261146767
172.11714 -70.68784 17.391695 1260261146777
173.36128 -74.55345 19.37211 1260261146788
175.94322 -77.27578 20.203505 1260261146797
168.49606 -79.11199 20.093328 1260261146808
163.82126 -80.55639 19.288662 1260261146815
160.18019 -81.928566 18.02423 1260261146826
157.17119 -83.282135 16.573017 1260261146838
154.51263 -84.61803 15.094366 1260261146852
151.88701 -85.88712 13.689648 1260261146866
148.99266 -87.192764 12.3551655 1260261146873
145.94302 -88.73312 10.9374075 1260261146884
143.54587 -91.04647 9.190537 1260261146893
147.71858 -77.944145 7.0310106 1260261146906
157.23265 -67.69694 5.77946 1260261146918
149.82101 -58.36209 5.040487 1260261146932
143.67996 -49.193985 4.7384624 1260261146950
139.74596 -38.784286 4.9015393 1260261146959
150.25865 -43.79507 5.156462 1260261146973
144.14572 -47.405315 5.248639 1260261146988
139.03844 -50.58505 5.336207 1260261147008
