113.21762 5.1427207 14.463636 1260179616667
108.50674 5.5855846 14.540455 1260179616678
104.1314 6.006305 14.613432 1260179616715
100.17483 6.40599 14.68276 1260179616727
96.86609 6.8356905 14.548622 1260179616746
93.92278 7.343906 14.321191 1260179616758
91.076645 7.9267106 14.205132 1260179616774
88.22281 8.630375 14.244875 1260179616785
85.71167 9.748857 14.4326315 1260179616798
84.22609 11.561414 14.361 1260179616817
83.764786 14.033343 14.24295 1260179616833
85.12655 16.981676 14.230803 1260179616853
87.77022 21.432592 14.3192625 1260179616874
91.28171 25.810963 14.553299 1260179616897
94.06762 29.870415 14.575634 1260179616911
96.06424 33.626892 14.296852 1260179617100
98.11103 37.44555 13.73201 1260179617117
99.80548 41.42327 12.94541 1260179617124
101.41521 45.50211 12.098139 1260179617138
102.64445 49.477005 11.193232 1260179617145
103.412224 53.303154 10.18357 1260179617157
103.89161 56.937996 9.124392 1260179617166
104.04703 60.291096 8.118172 1260179617177
104.14468 63.32654 7.162263 1260179617186
103.787445 65.760216 6.3041496 1260179617200
102.098076 67.472206 5.488942 1260179617215
99.19317 67.6486 4.8644953 1260179617223
95.83351 67.21617 4.3712707 1260179617235
92.54183 66.405365 4.002707 1260179617245
89.31474 65.4851 3.8525717 1260179617257
86.299 64.51084 3.8099432 1260179617264
83.43405 63.4853 3.819446 1260179617280
80.71235 62.461033 3.9284737 1260179617294
78.27673 61.537983 4.08205 1260179617315
76.162895 60.811085 4.1779475 1260179617384
74.55475 60.47053 4.16905 1260179617434
73.47701 60.547005 3.8105977 1260179617467
72.75316 60.869656 3.0700676 1260179617508
72.5155 61.426174 2.0665643 1260179617568
72.639725 63.804867 1.0632361 1260179617677
72.90774 66.21462 0.110074274 1260179617697
73.11235 68.65389 -0.8454294 1260179617723
72.80673 70.921196 -1.853158 1260179617745
72.116394 73.12514 -2.9105 1260179617776
71.31058 75.26888 -4.014975 1260179617797
70.54505 77.25544 -4.9642262 1260179617815
70.1178 79.04267 -5.766015 1260179617842
70.46191 80.69054 -6.3277144 1260179617866
72.43881 82.25601 -6.561329 1260179617882
77.116875 83.89321 -6.5832624 1260179617894
82.71103 85.69855 -6.4040995 1260179617903
88.72548 87.56362 -6.1338944 1260179617914
94.739204 89.28544 -5.8272 1260179617923
100.85224 90.771164 -5.48584 1260179618114
106.65963 91.982605 -5.261548 1260179618121
111.87665 92.88348 -5.148471 1260179618128
111.98282 93.4393 -5.2910476 1260179618138
108.33368 94.017334 -5.776495 1260179618146
104.216995 92.71647 -6.43767 1260179618157
100.00614 91.230644 -7.0157866 1260179618163
95.90584 89.66911 -7.414997 1260179618169
92.11054 88.18565 -7.6942472 1260179618179
88.50501 86.82637 -7.909535 1260179618186
85.329765 85.68505 -8.064058 1260179618194
82.56328 84.8508 -8.160855 1260179618201
