319.4434 -0.44510785 54.43283 1260261044228
319.97122 -0.42285246 54.86119 1260261044235
320.02267 -0.35170984 55.61813 1260261044269
320.52155 -0.63412434 56.587223 1260261044280
321.04547 -0.9524181 57.60786 1260261044294
321.9432 -1.4047972 58.527466 1260261044310
323.44604 -1.9845574 59.25109 1260261044325
324.07373 -2.3353295 60.238537 1260261044336
324.72003 -2.6685631 61.17661 1260261044349
325.33405 -2.935135 62.11778 1260261044368
325.21735 -3.0383782 63.26189 1260261044383
325.00647 -2.9864593 64.398796 1260261044404
325.20615 -2.8871362 65.428856 1260261044426
310.34583 -2.8427794 66.30741 1260261044449
297.37854 -2.9506404 67.04204 1260261044463
285.10962 -3.1531084 67.73994 1260261044484
272.55414 -11.595453 68.40294 1260261044507
274.52643 -19.61568 68.73279 1260261044524
275.4501 -27.234898 68.49615 1260261044543
276.7776 -34.27315 67.72134 1260261044562
279.8887 -40.459496 66.38527 1260261044740
268.49426 -45.08652 64.16601 1260261044757
260.76956 -47.832195 60.457706 1260261044767
254.03108 -47.390587 55.73482 1260261044776
247.27953 -45.92106 50.89808 1260261044787
239.91554 -43.875004 46.003174 1260261044796
230.11977 -41.331253 40.903015 1260261044807
236.11378 -38.164692 35.657864 1260261044814
224.4081 -29.356457 31.67497 1260261044827
215.1377 -21.288633 29.341223 1260261044838
208.58081 -13.274201 28.074162 1260261044847
204.05177 -5.410491 27.320454 1260261044858
203.04918 2.3100338 26.854431 1260261044869
204.84673 9.794532 26.46171 1260261044878
206.90439 17.004805 26.038624 1260261044892
208.10918 24.004564 25.536692 1260261044908
207.95372 30.754335 24.909857 1260261044923
205.95604 37.26662 24.064363 1260261044937
201.25824 43.45329 22.861145 1260261044949
193.19533 49.330624 21.118088 1260261044968
200.88556 55.01409 18.512184 1260261044990
206.84128 60.713387 14.786575 1260261045003
212.19922 48.72772 9.797247 1260261045026
205.28926 45.791332 5.8073845 1260261045058
199.2748 42.751766 2.8670151 1260261045073
193.51106 39.81418 0.7736643 1260261045085
187.88551 37.07347 -0.51501894 1260261045156
182.34123 34.7698 -0.939268 1260261045164
176.87418 32.93131 -0.74230456 1260261045192
171.53047 31.634743 -0.0051893466 1260261045204
166.35394 30.903006 1.1450701 1260261045215
161.53624 30.757854 2.6878166 1260261045232
157.30943 31.019962 4.553426 1260261045240
154.34396 31.568964 6.5257545 1260261045254
154.32677 32.140514 8.499467 1260261045270
156.56042 37.383488 10.374494 1260261045286
159.4324 42.414314 12.155768 1260261045303
162.61078 47.4436 13.84798 1260261045326
