62.87382 8.076856 52.130024 1260261251529
64.38013 7.1730127 52.123524 1260261251538
66.06112 6.1143622 51.31735 1260261251551
67.95806 4.758644 49.65148 1260261251560
70.16016 3.3207119 47.368908 1260261251572
72.60215 1.7546762 44.80046 1260261251584
75.37204 -0.1830576 42.010437 1260261251593
79.05344 -2.3239048 38.159916 1260261251599
84.400764 -10.05771 33.60192 1260261251610
90.33073 -18.154825 30.021826 1260261251619
95.11419 -25.797085 27.120735 1260261251632
98.05848 -32.85723 24.614698 1260261251644
99.45556 -39.31437 22.333963 1260261251670
99.58278 -45.19865 20.317265 1260261251691
99.25364 -50.53872 18.401402 1260261251707
98.940956 -55.411785 16.581331 1260261251714
98.79391 -59.941196 14.852264 1260261251727
99.804214 -64.19414 12.759651 1260261251736
103.114006 -68.78443 9.071669 1260261251747
106.25831 -64.79521 5.6180854 1260261251756
107.84539 -60.405453 3.387181 1260261251767
108.95312 -56.28518 1.717822 1260261251783
109.905464 -52.52092 0.3319308 1260261251792
110.96019 -49.394875 -0.8346657 1260261251804
112.26218 -47.02513 -1.9929324 1260261251814
114.14907 -45.273876 -3.7932858 1260261251827
116.59162 -50.51018 -5.9036217 1260261251838
116.96204 -55.58467 -6.6084404 1260261251851
115.863945 -60.255436 -6.8780184 1260261251864
113.97075 -64.54266 -6.9841175 1260261251875
111.97221 -68.41553 -7.084912 1260261251890
109.8236 -71.99475 -7.1306663 1260261251907
107.13242 -75.39501 -7.0241327 1260261251924
103.7758 -78.67526 -6.722926 1260261251943
99.53701 -82.0415 -6.13678 1260261252148
112.26016 -86.38942 -5.629941 1260261252155
109.29716 -77.11995 -5.748444 1260261252167
109.1323 -70.71395 -6.111022 1260261252176
109.77569 -65.578255 -6.705471 1260261252188
110.9869 -61.849342 -7.3701973 1260261252197
112.53755 -59.606876 -8.251687 1260261252208
114.410675 -58.426533 -9.439103 1260261252218
116.390144 -57.905205 -10.867148 1260261252230
118.620636 -61.709946 -12.423791 1260261252245
120.4896 -65.77445 -13.402601 1260261252256
120.36512 -70.18573 -13.432471 1260261252267
114.646866 -75.02644 -12.560847 1260261252276
121.56452 -79.77512 -11.0328045 1260261252288
126.8863 -84.23637 -9.231164 1260261252295
132.04198 -88.37455 -7.319606 1260261252312
137.83987 -92.10582 -5.4536257 1260261252326
144.69788 -95.60053 -3.8309443 1260261252335
153.86298 -98.77051 -2.739397 1260261252348
153.71983 -100.73198 -4.4524274 1260261252355
153.53384 -96.54538 -6.779806 1260261252374
152.60715 -92.26811 -8.540816 1260261252387
151.5268 -88.15471 -10.013776 1260261252405
150.70045 -84.196976 -11.613087 1260261252422
150.91544 -80.437126 -13.682432 1260261252449
153.21967 -76.71527 -16.69831 1260261252464
156.85869 -81.77951 -19.863396 1260261252486
160.21576 -86.44054 -21.820227 1260261252508
162.20497 -90.51851 -22.729216 1260261252523
161.74472 -93.94258 -22.842754 1260261252544
157.95749 -96.84545 -22.300617 1260261252566
153.50961 -99.45318 -21.585587 1260261252588
150.38414 -101.98052 -21.006308 1260261252604
148.81493 -104.4815 -20.705992 1260261252627
149.22418 -107.00742 -20.970692 1260261252648
151.26297 -109.607056 -22.272158 1260261252664
153.69981 -104.5267 -25.20855 1260261252684
151.16483 -98.70037 -26.848122 1260261252707
147.70659 -92.51535 -27.455715 1260261252904
144.37126 -86.18958 -27.48293 1260261252915
141.1527 -79.8301 -27.108782 1260261252927
137.99506 -73.488594 -26.553343 1260261252936
134.89531 -66.91416 -25.725676 1260261252948
131.65054 -59.218452 -24.589392 1260261252957
128.61801 -49.50753 -23.209923 1260261252969
125.88711 -38.832153 -21.949427 1260261252977
122.59275 -45.740547 -20.851955 1260261252988
119.86311 -51.50352 -19.859358 1260261252999
118.219955 -56.178345 -19.01639 1260261253018
118.50896 -59.96943 -18.26557 1260261253030
119.83351 -63.22096 -17.75229 1260261253039
121.64184 -66.15991 -17.514677 1260261253052
123.50974 -69.251915 -17.588943 1260261253064
124.884254 -72.83932 -17.759497 1260261253075
126.34004 -77.147354 -17.871521 1260261253088
132.22304 -64.43999 -17.877945 1260261253097
142.26189 -53.267986 -17.634048 1260261253109
152.9988 -43.30459 -17.302345 1260261253132
163.29886 -33.58936 -16.887228 1260261253138
161.38391 -37.35989 -15.4928665 1260261253156
160.11472 -40.541897 -14.168223 1260261253169
158.35898 -43.864803 -12.809813 1260261253189
153.69102 -48.271564 -11.269321 1260261253203
160.35648 -54.207985 -9.755856 1260261253227
162.93866 -60.497585 -8.218062 1260261253248
165.29173 -66.3727 -6.257159 1260261253263
169.52715 -71.05407 -4.0443015 1260261253284
176.0008 -74.601364 -1.9920864 1260261253306
169.15076 -77.4713 -0.29248208 1260261253329
163.49323 -79.747734 1.022142 1260261253344
158.76857 -81.56035 2.171035 1260261253365
156.48015 -79.78233 2.8124833 1260261253387
154.35614 -74.49322 2.3218591 1260261253404
152.18834 -69.06856 1.9057661 1260261253425
150.22893 -64.215126 1.6604778 1260261253448
148.46748 -60.30437 1.8774539 1260261253472
