59.11362 3.3418577 62.540894 1260261224645
61.40794 2.6747649 62.86385 1260261224656
63.98754 1.9910266 63.220657 1260261224665
66.838165 1.3914753 63.659626 1260261224677
69.84626 0.82190156 64.02664 1260261224710
72.85395 0.13080645 64.22531 1260261224723
75.96125 -0.82573384 64.264046 1260261224735
79.36319 -1.9844472 64.30084 1260261224746
83.94503 -9.285225 63.6858 1260261224761
94.797775 -16.270964 61.501507 1260261224769
92.25789 -23.107416 58.32643 1260261224784
92.09499 -29.752045 54.81011 1260261224978
92.24024 -36.214443 51.319603 1260261224990
91.87823 -42.45372 48.003624 1260261225002
91.53432 -48.431034 44.853443 1260261225014
91.9076 -54.15948 41.71077 1260261225023
93.46222 -59.60151 38.425232 1260261225034
96.989105 -64.87144 34.35397 1260261225043
101.58965 -70.02786 28.78627 1260261225049
105.51017 -66.87647 24.846956 1260261225066
108.68466 -63.78265 22.004608 1260261225077
111.50043 -60.99352 19.654377 1260261225093
114.2254 -58.893845 17.321657 1260261225102
115.714134 -61.59915 15.305574 1260261225114
111.42843 -65.269196 14.490295 1260261225122
123.60701 -69.205734 13.915781 1260261225128
134.67667 -73.14545 13.469992 1260261225142
128.14284 -76.888176 12.896492 1260261225158
125.7857 -80.343765 11.551667 1260261225175
127.896416 -78.12658 8.274084 1260261225186
130.0016 -75.27025 6.06038 1260261225200
131.60152 -72.50674 4.507361 1260261225209
132.92145 -69.9814 3.4319928 1260261225223
134.07538 -67.88233 2.9103932 1260261225240
134.9716 -67.18822 4.0148735 1260261225253
138.57303 -71.87881 5.9141297 1260261225274
141.54437 -76.83487 7.3684235 1260261225294
144.61716 -81.54313 8.500002 1260261225313
148.0863 -85.765976 9.475001 1260261225334
152.482 -89.42768 10.201251 1260261225356
158.4579 -92.506294 10.541188 1260261225377
166.735 -95.08098 10.414129 1260261225393
161.99825 -97.32693 9.543423 1260261225412
161.14833 -99.31058 7.6162515 1260261225432
161.89091 -101.34505 4.785439 1260261225459
163.04637 -97.72779 1.796167 1260261225475
164.24405 -93.8914 -0.8936415 1260261225495
165.43185 -90.04683 -3.3989594 1260261225518
166.71027 -86.44449 -5.8790116 1260261225533
168.07475 -83.27226 -8.435061 1260261225718
169.22101 -86.55865 -10.963308 1260261225730
167.95996 -89.93072 -11.915143 1260261225741
160.51196 -93.63418 -11.469386 1260261225750
166.53636 -97.25247 -10.545917 1260261225763
171.05954 -100.58985 -9.46862 1260261225774
175.45656 -103.51036 -8.345189 1260261225783
180.63373 -106.08484 -7.4779296 1260261225796
187.75204 -108.430595 -7.0540333 1260261225804
180.66444 -110.659065 -7.3513317 1260261225818
177.73122 -112.82611 -8.433765 1260261225829
176.19466 -114.784805 -9.962077 1260261225841
174.38492 -116.445564 -11.313973 1260261225848
171.66566 -117.72329 -12.298275 1260261225860
168.48238 -118.537125 -12.983361 1260261225899
165.90826 -119.01027 -13.834193 1260261225925
165.81285 -114.15975 -16.542484 1260261225948
165.62221 -107.10176 -17.86536 1260261225962
164.54109 -99.896675 -18.372091 1260261225978
163.26404 -93.00184 -18.603487 1260261225989
162.30084 -86.90175 -18.673313 1260261226001
161.7858 -81.75666 -19.039648 1260261226010
161.9465 -77.66883 -20.137665 1260261226023
162.29918 -74.98539 -22.380781 1260261226036
161.38422 -78.38612 -23.411741 1260261226049
158.115 -81.41682 -23.441154 1260261226063
152.50926 -84.24598 -22.969097 1260261226076
145.7338 -86.93368 -22.270643 1260261226097
138.9471 -89.536995 -21.457111 1260261226114
134.14975 -92.16015 -20.884256 1260261226140
132.89226 -94.95214 -21.040043 1260261226154
135.94765 -90.35453 -24.338041 1260261226176
137.55026 -84.8868 -25.12114 1260261226199
138.17274 -79.74246 -25.165083 1260261226213
138.6141 -75.10534 -24.95683 1260261226236
139.3334 -71.350075 -24.758987 1260261226253
138.31674 -72.93257 -23.921038 1260261226280
148.5509 -76.28594 -22.124987 1260261226294
156.07336 -79.72164 -20.118738 1260261226483
162.0197 -82.93556 -18.012802 1260261226500
167.31871 -85.83878 -15.912162 1260261226507
172.80278 -88.64684 -13.866553 1260261226521
179.16264 -91.5145 -12.073226 1260261226527
173.6045 -94.93878 -11.769565 1260261226539
174.32428 -89.94184 -14.531087 1260261226548
174.05806 -86.09475 -16.254532 1260261226560
173.50516 -83.09001 -17.491806 1260261226569
172.9299 -80.43551 -18.617216 1260261226583
172.4834 -77.86373 -19.836355 1260261226597
172.30923 -75.270546 -21.344538 1260261226606
172.54378 -72.60702 -23.32731 1260261226618
173.21658 -69.97667 -25.610945 1260261226627
174.20575 -74.62784 -27.130398 1260261226640
175.29546 -79.69645 -26.823877 1260261226654
172.73068 -66.861626 -25.282684 1260261226663
172.84415 -54.618546 -23.26855 1260261226677
174.20193 -60.68762 -21.105124 1260261226689
177.94183 -65.85323 -18.999866 1260261226702
182.64474 -69.91057 -16.949873 1260261226720
186.06252 -72.91504 -14.952379 1260261226733
185.9594 -74.81929 -13.15476 1260261226756
185.01143 -73.92833 -11.897022 1260261226777
184.06085 -71.88191 -11.2521715 1260261226793
183.30782 -69.28782 -11.239563 1260261226814
183.04242 -67.27343 -12.077585 1260261226836
180.69029 -70.25976 -12.623706 1260261226858
174.95578 -73.69677 -12.49252 1260261226874
168.008 -77.11193 -12.167894 1260261226894
161.2576 -80.35633 -11.8595 1260261226916
155.44472 -83.438515 -11.666525 1260261226933
150.82248 -86.36659 -11.633199 1260261226953
147.33136 -89.14826 -11.701539 1260261226975
145.06479 -91.74085 -12.016462 1260261226999
144.16154 -94.25381 -12.715639 1260261227015
145.45346 -90.84112 -15.229857 1260261227036
145.28079 -85.94906 -15.518365 1260261227055
