301.44394 -130.86032 27.972395 1260261123226
300.72174 -130.9173 28.023775 1260261123242
300.88565 -130.82143 27.822586 1260261123249
301.64136 -130.33035 27.431458 1260261123265
302.4093 -129.56383 27.009884 1260261123277
302.83884 -128.58563 26.50939 1260261123317
296.2969 -127.45635 25.983921 1260261123327
289.33206 -124.78353 25.284725 1260261123520
282.51547 -121.644356 24.22049 1260261123535
276.1897 -117.66214 22.609465 1260261123548
270.3302 -113.129036 20.628992 1260261123559
264.86368 -108.37258 18.397543 1260261123568
259.87048 -103.553955 15.827666 1260261123581
255.42696 -98.62626 12.586283 1260261123590
252.20561 -93.44495 8.156969 1260261123603
250.49533 -80.3227 4.3491206 1260261123615
248.87056 -67.60657 1.6316646 1260261123624
246.27704 -73.126236 -0.4499186 1260261123638
242.46318 -77.91992 -2.1774228 1260261123647
237.64001 -82.123924 -3.6185517 1260261123658
232.35802 -85.86773 -4.837624 1260261123665
226.84012 -89.32434 -5.895743 1260261123682
221.14812 -92.60812 -6.7509556 1260261123699
215.14072 -95.67772 -7.463408 1260261123708
208.83368 -98.54383 -7.9402375 1260261123726
201.842 -101.16664 -8.193226 1260261123737
193.69989 -103.65831 -8.183564 1260261123744
184.3649 -106.07539 -7.874386 1260261123756
191.79665 -108.42162 -7.2306666 1260261123766
196.70682 -110.85054 -6.2191334 1260261123783
199.37148 -113.308014 -4.7081766 1260261123789
199.9529 -115.84261 -2.5227678 1260261123804
199.15526 -118.50048 0.65337056 1260261123817
197.4975 -113.12546 4.570702 1260261123826
195.72263 -108.219185 7.492167 1260261123847
193.9365 -103.85822 9.667559 1260261123859
