111.06098 39.392044 11.69305 1260179574364
108.70793 40.27244 10.658398 1260179574373
105.92254 40.75882 9.225478 1260179574409
102.87641 40.97088 7.6142044 1260179574419
99.88259 41.222336 6.033494 1260179574431
96.988464 41.56122 4.4318194 1260179574444
94.28904 42.083157 2.8602285 1260179574455
92.27459 43.029 1.3672171 1260179574468
91.71086 46.57755 0.2988562 1260179574488
93.97532 50.34867 0.03391339 1260179574502
99.226555 54.53124 0.53221774 1260179574525
105.66523 58.754677 1.3056068 1260179574545
112.631966 62.71694 2.2403264 1260179574563
119.50037 66.381096 3.1783102 1260179574582
126.07535 69.71204 4.119395 1260179574606
132.42159 72.676445 5.013425 1260179574627
138.3005 75.142624 5.7627535 1260179574644
143.53548 76.88549 6.2246156 1260179574663
138.45871 77.24122 6.063385 1260179574686
133.18578 76.67916 5.410216 1260179574703
128.12648 75.695206 4.589705 1260179574723
123.52016 74.760445 3.8602197 1260179574918
119.29415 73.97242 3.3172088 1260179574934
115.62944 73.273796 3.0013483 1260179574946
112.44797 72.710106 3.0012808 1260179574955
109.47557 71.9246 3.3512168 1260179574966
105.95179 70.72837 4.333656 1260179574975
102.0542 69.291954 5.716973 1260179574986
98.30149 67.727356 7.181124 1260179574993
94.33642 65.94099 8.922069 1260179575007
89.8696 63.393936 11.375965 1260179575014
86.97612 53.42424 13.057167 1260179575033
85.677315 44.903027 13.504309 1260179575044
85.24345 36.957874 13.529093 1260179575054
86.931274 28.90998 12.802638 1260179575064
100.33471 36.114483 10.0125065 1260179575072
98.91798 40.308758 8.211881 1260179575091
97.572075 43.79332 6.851287 1260179575103
96.39347 46.653652 5.9587226 1260179575112
95.873795 49.120968 5.3607864 1260179575128
95.880104 51.31492 4.942747 1260179575137
96.3361 52.949173 4.9456096 1260179575154
96.81929 54.001713 5.348329 1260179575171
96.728325 54.30163 6.2309127 1260179575185
94.79191 54.28655 7.319367 1260179575206
93.65231 54.172222 8.453399 1260179575223
93.569695 53.96361 9.530728 1260179575243
91.64121 53.665432 10.354192 1260179575265
89.85915 53.28216 11.086482 1260179575288
87.616196 52.768055 11.882158 1260179575303
