297.70578 -139.89023 32.711246 1260261131958
297.02048 -139.39572 32.525684 1260261131970
297.11945 -138.62593 32.1994 1260261131987
286.61346 -137.69464 31.739431 1260261131993
274.9328 -136.7599 31.25246 1260261132033
262.98615 -135.9219 30.739838 1260261132048
251.28683 -135.12581 30.202847 1260261132057
239.27249 -134.46951 29.742704 1260261132071
227.30887 -133.94604 29.35557 1260261132089
233.54343 -133.49875 28.987791 1260261132097
238.36626 -133.22382 28.738401 1260261132113
242.74794 -132.91263 28.551481 1260261132130
246.56055 -132.567 28.373907 1260261132151
251.18253 -132.13866 28.105211 1260261132167
239.8234 -131.58173 27.64995 1260261132186
230.33223 -130.90263 27.017452 1260261132206
222.01563 -130.2575 26.11658 1260261132223
214.26485 -129.79463 24.96075 1260261132412
207.5016 -129.7549 23.412712 1260261132418
200.82652 -130.36716 21.842077 1260261132429
194.08519 -131.3488 20.399973 1260261132438
186.53093 -132.58136 19.279974 1260261132450
195.00438 -133.95229 18.565975 1260261132459
201.35416 -135.35468 18.137676 1260261132471
205.03645 -136.98694 18.080793 1260261132477
205.78464 -138.93759 18.426754 1260261132497
203.59541 -123.740715 19.455416 1260261132511
200.11565 -110.80368 20.732645 1260261132519
197.25986 -103.3135 21.046013 1260261132531
194.79686 -97.04782 20.793713 1260261132539
192.55702 -91.89543 20.154026 1260261132551
190.42917 -87.750656 19.096325 1260261132566
188.2577 -84.51312 17.591509 1260261132574
186.14482 -81.737465 15.611934 1260261132586
184.03758 -79.35059 13.381337 1260261132599
182.0357 -77.18307 11.01227 1260261132616
180.13393 -75.223915 8.411656 1260261132636
178.22723 -73.51272 5.641073 1260261132648
176.21587 -76.68708 3.0090194 1260261132663
174.05507 -79.80273 0.6585684 1260261132690
171.90231 -83.01259 -1.3743601 1260261132703
169.8572 -86.36196 -3.0556421 1260261132726
167.46434 -89.743866 -4.20286 1260261132744
163.54112 -92.95667 -4.742717 1260261132766
157.16406 -95.80884 -4.605581 1260261132787
166.65585 -98.36839 -3.9253018 1260261132804
174.07306 -100.74998 -2.8290367 1260261132829
179.4694 -103.162476 -1.4375849 1260261132843
183.29593 -105.65435 0.18429443 1260261132868
185.88113 -108.221634 2.0250797 1260261132890
187.78708 -110.710556 3.9738257 1260261132911
189.14772 -112.97503 5.9751344 1260261132926
190.44034 -115.026276 7.8763776 1260261132945
192.01833 -116.87496 9.532558 1260261132969
193.56741 -118.78121 11.10593 1260261132983
195.93904 -120.59215 12.300633 1260261133186
199.4421 -122.26254 13.085602 1260261133205
204.31999 -123.799416 13.481321 1260261133214
211.204 -125.10944 13.457255 1260261133226
201.24379 -126.40397 13.134393 1260261133235
192.3316 -127.58377 12.727674 1260261133247
184.31502 -128.70457 12.29129 1260261133254
177.09927 -129.71935 11.776726 1260261133267
170.09431 -130.58337 11.38789 1260261133275
163.7396 -131.3042 10.968495 1260261133286
