170.6372 -8.269033 50.87603 1260179511737
168.45535 -8.305582 51.63223 1260179511745
165.43259 -8.440303 52.400616 1260179511807
162.01096 -8.668287 53.130585 1260179511813
158.06041 -9.034873 53.824055 1260179511844
153.10739 -9.4831295 54.482853 1260179511868
147.85202 -10.008973 55.058712 1260179511878
142.90942 -10.508525 55.655777 1260179511894
138.46396 -10.983099 56.22299 1260179511927
134.59076 -11.483944 56.66184 1260179511948
131.31122 -12.009747 57.078747 1260179511974
128.44566 -12.459259 57.52481 1260179511993
126.67338 -12.836296 57.99857 1260179512032
125.48971 -13.094481 58.54864 1260179512056
124.61522 -13.289758 59.12121 1260179512089
124.33446 -13.37527 59.76515 1260179512099
124.16773 -13.456507 60.42689 1260179512122
124.15935 -13.583681 61.055546 1260179512135
124.15138 -13.754498 61.652767 1260179512147
124.34381 -13.966773 62.170128 1260179512171
124.42662 -21.368435 62.66162 1260179512192
124.90529 -28.400013 63.12854 1260179512211
126.36002 -35.130013 63.572113 1260179512459
128.34203 -41.573513 63.993507 1260179512472
130.07492 -47.694836 64.39383 1260179512491
131.52118 -53.510094 64.77414 1260179512508
132.19511 -58.98459 65.085434 1260179512525
133.03535 -64.185356 65.33116 1260179512531
135.83359 -69.07609 65.46461 1260179512544
143.99191 -73.622284 65.541374 1260179512552
150.89232 -77.94117 65.56431 1260179512564
155.94771 -82.09411 65.58609 1260179512572
159.40033 -86.039406 65.70679 1260179512585
161.48032 -89.887436 65.871445 1260179512594
162.1063 -93.54307 66.07787 1260179512605
161.10098 -96.91592 66.223976 1260179512612
158.34593 -100.07012 66.312775 1260179512623
155.97864 -103.06661 66.39713 1260179512632
153.7297 -105.913284 66.527275 1260179512642
151.29321 -108.56762 66.600914 1260179512651
148.87856 -111.03924 66.67087 1260179512658
146.63463 -113.387276 66.73733 1260179512669
144.5029 -115.667915 66.70046 1260179512691
144.02776 -118.03452 66.415436 1260179512704
145.97636 -120.5328 65.89466 1260179512713
148.72754 -123.00616 65.04993 1260179512724
150.64116 -125.45585 64.19743 1260179512733
152.3591 -127.88306 63.287563 1260179512748
153.99115 -130.3389 62.223186 1260179512757
155.39159 -114.871956 60.912025 1260179512768
156.222 -100.37836 59.316425 1260179512777
156.4109 -86.75944 57.400604 1260179512795
155.44035 -73.821465 55.130573 1260179512812
150.36833 -61.58039 52.474045 1260179512818
158.24991 -50.10137 49.300343 1260179512830
163.68741 -39.346302 45.335327 1260179512838
167.40305 -28.978987 40.36856 1260179512853
169.5829 -18.880037 34.500134 1260179512869
170.45375 -17.986036 28.525127 1260179512875
170.53107 -17.386734 23.548872 1260179512888
170.00452 -16.967398 19.52143 1260179513064
169.05429 -16.719028 16.395357 1260179513083
167.80157 -16.833076 14.275589 1260179513095
166.3615 -17.241423 12.961809 1260179513108
164.94342 -17.729351 12.113719 1260179513116
163.44624 -18.392883 11.608033 1260179513127
161.97394 -18.97324 11.327632 1260179513134
160.62524 -19.424578 11.2612505 1260179513148
159.34398 -19.75335 11.448188 1260179513155
158.22678 -19.865683 11.825778 1260179513166
157.21544 -19.8224 12.384489 1260179513177
156.30467 -19.73128 13.115265 1260179513195
155.43944 -19.644716 14.059502 1260179513207
154.76747 -19.61248 15.306526 1260179513213
154.5291 -19.481855 17.0412 1260179513226
155.05264 -19.157763 19.43914 1260179513233
156.45001 -18.599874 22.517183 1260179513247
158.4275 -26.36988 25.391325 1260179513255
161.00613 -33.651386 27.571758 1260179513266
164.20583 -40.318817 29.34317 1260179513273
168.99553 -46.052876 30.526012 1260179513290
174.79575 -51.35023 31.249712 1260179513304
180.40596 -56.38272 31.787226 1260179513323
186.18567 -61.213585 32.097866 1260179513346
190.02638 -66.352905 32.542973 1260179513367
193.12506 -71.38526 33.215824 1260179513383
196.26881 -76.016 34.055035 1260179513405
199.20537 -80.3152 34.952282 1260179513425
202.1951 -84.29944 35.80467 1260179513442
