25.524633 24.926958 28.622604 1260261220394
27.098402 24.030611 29.341475 1260261220404
28.943481 23.029081 30.0744 1260261220416
31.096308 21.977627 30.82068 1260261220425
33.541492 21.078745 31.629646 1260261220464
36.364418 20.624807 32.648163 1260261220476
39.496197 20.643566 33.715755 1260261220485
43.771385 27.111387 35.02997 1260261220497
49.882816 33.70582 34.92847 1260261220509
57.988674 40.720528 34.18205 1260261220522
67.83924 29.7345 33.172947 1260261220535
78.79728 19.447775 32.0143 1260261220546
90.80742 9.725386 30.713587 1260261220559
88.017044 0.389116 29.227907 1260261220578
94.61619 -8.580339 27.466513 1260261220594
103.03538 0.64867777 25.043186 1260261220614
104.98361 0.96624386 21.391027 1260261220636
105.63443 0.9179317 19.671476 1260261220659
106.00271 0.8220351 18.537903 1260261220673
106.202576 0.9309333 17.861008 1260261220695
106.24245 1.7343867 18.617958 1260261220717
108.78033 9.7976675 20.18706 1260261220734
114.49131 18.207785 20.527706 1260261220753
123.116745 8.697395 20.551321 1260261220775
133.9109 0.06252574 20.423756 1260261220797
128.26537 -7.8906007 20.002567 1260261220814
125.4021 -15.446071 19.102438 1260261221039
126.33199 -5.7237673 20.297316 1260261221049
130.2654 -14.28758 21.332449 1260261221065
137.40213 -22.273201 21.965826 1260261221084
130.98203 -29.35954 21.517534 1260261221099
133.58293 -35.041565 17.891657 1260261221115
135.10379 -34.439487 14.347074 1260261221137
136.0986 -33.61751 11.07972 1260261221155
137.44368 -32.636635 7.8757334 1260261221177
140.4715 -31.454803 4.4319468 1260261221194
146.29793 -29.932064 0.16034922 1260261221214
154.78304 -20.28546 -1.2976683 1260261221236
152.69388 -11.171186 -0.28278494 1260261221254
149.45918 -2.4126272 1.2313544 1260261221277
146.03622 6.008004 2.7697866 1260261221294
142.68442 14.057605 4.0812974 1260261221316
140.3502 21.954725 5.1272326 1260261221335
142.88269 29.75699 5.820871 1260261221353
150.93855 19.469141 6.029827 1260261221376
146.49162 10.045684 5.828336 1260261221394
144.71704 1.3933991 5.386919 1260261221420
143.6312 -6.526271 4.767573 1260261221433
143.04964 -13.599957 3.8291943 1260261221456
144.09715 -19.86996 1.4877344 1260261221472
141.3423 -17.726463 -0.4366523 1260261221492
138.52519 -14.99014 -1.5648197 1260261221512
135.84894 -12.290633 -2.4865787 1260261221532
133.35649 -9.776101 -3.3122497 1260261221552
130.98866 -7.587296 -4.146637 1260261221572
129.13924 -6.307931 -5.4393053 1260261221592
131.53227 -6.492534 -8.2173395 1260261221612
133.70566 -13.567907 -9.256473 1260261221632
132.67038 -20.639511 -9.043649 1260261221652
128.73686 -27.657536 -8.341466 1260261221672
138.25002 -34.42466 -7.3743925 1260261221692
143.68752 -40.853428 -6.355673 1260261221712
149.50314 -46.910755 -5.3878894 1260261221732
158.52798 -52.61522 -4.518495 1260261221752
151.80159 -57.98446 -3.7925704 1260261221951
147.41151 -63.085236 -3.452942 1260261221967
148.84094 -67.83097 -4.380295 1260261221975
152.1489 -64.339424 -7.41128 1260261221988
148.14145 -60.022453 -8.590716 1260261221997
144.33438 -55.57133 -9.1611805 1260261222008
140.56766 -50.942764 -9.203121 1260261222017
136.88928 -45.845627 -8.6929655 1260261222028
133.64482 -40.003345 -7.3583174 1260261222038
132.11258 -31.053179 -5.4404016 1260261222052
133.65695 -21.25052 -3.7183814 1260261222066
140.9241 -28.937994 -2.2824624 1260261222075
136.2779 -35.241093 -1.0183393 1260261222086
134.01399 -40.67904 0.13257772 1260261222104
131.96329 -45.89509 1.2259488 1260261222119
129.06512 -51.400333 2.4646513 1260261222131
140.11186 -57.530315 3.7914188 1260261222138
140.25627 -46.2538 5.1018476 1260261222153
138.54346 -36.34111 6.396755 1260261222160
136.11629 -27.624054 7.6769176 1260261222175
133.66048 -19.842852 8.943071 1260261222195
131.02745 -15.850709 9.945918 1260261222215
129.47607 -14.658174 9.348622 1260261222228
129.30228 -15.525265 7.8811913 1260261222244
129.43716 -16.949001 6.287132 1260261222263
129.7153 -18.601551 4.6727753 1260261222286
130.42953 -20.371473 2.8891363 1260261222305
132.00806 -21.9529 0.8946795 1260261222324
134.65765 -27.605255 -1.2500546 1260261222344
139.12477 -34.22499 -3.237552 1260261222364
132.16853 -24.713741 -3.9256744 1260261222386
128.0101 -16.528053 -3.4793906 1260261222404
123.8596 -8.951651 -2.605421 1260261222427
119.66662 -1.604068 -1.5251501 1260261222444
115.68329 5.6261353 -0.2988926 1260261222462
112.24912 12.694828 0.96605206 1260261222485
109.93667 19.560087 2.2177496 1260261222504
109.339836 26.382084 3.556862 1260261222526
107.422844 33.61298 5.729019 1260261222544
107.051704 30.33233 6.792568 1260261222727
106.69912 27.715714 6.7529397 1260261222739
106.11417 25.729927 6.465293 1260261222751
105.05846 24.44343 6.092028 1260261222760
102.50553 24.921259 5.787427 1260261222771
100.08025 30.025196 5.8980556 1260261222780
99.52624 36.273937 6.1031528 1260261222792
101.79993 42.81024 6.3479953 1260261222806
107.25993 49.31973 6.5805955 1260261222815
115.74694 55.753742 6.751566 1260261222829
126.459595 44.066055 6.8139877 1260261222843
121.58662 33.11275 6.7232885 1260261222852
119.80729 23.007114 6.537124 1260261222864
119.21693 13.756759 6.310268 1260261222873
118.65608 5.2689204 6.0947547 1260261222887
116.873276 7.2554746 7.990017 1260261222898
114.57961 9.042701 8.540516 1260261222917
112.50063 10.7905655 9.11349 1260261222930
110.7256 12.451037 9.907816 1260261222944
109.28932 13.8284855 11.012425 1260261222959
