6.7985735 1.7532539 0.54480505 1260255678161
6.131115 -1.2657492 7.4202204 1260255678167
4.5150347 -1.6411321 1.6564951 1260255678173
3.287071 2.2882566 -7.6648145 1260255678207
2.374292 5.3963966 -17.848152 1260255678218
1.1001945 6.7554827 -22.187677 1260255678226
0.66434336 6.9734077 -21.424938 1260255678241
-1.0170999 6.72722 -17.652397 1260255678261
-1.7454185 0.6427374 -5.595186 1260255678280
2.5469704 -13.919146 -13.719013 1260255678301
5.441442 -21.937677 4.503293 1260255678321
-3.8321562 -23.463118 23.037582 1260255678340
-15.496917 -20.89833 27.756105 1260255678360
-19.009277 -15.627884 25.080101 1260255678380
-12.7460165 -15.962025 30.515966 1260255678403
-2.923836 -21.259672 27.899422 1260255678420
4.1468325 -22.469744 14.2909155 1260255678441
2.4026303 -19.52993 8.559587 1260255678632
-7.420144 -17.545038 1.3313653 1260255678643
-11.155096 3.4265118 -2.7024574 1260255678650
-9.584434 -1.3281729 -12.621375 1260255678667
-5.8956547 -9.787289 -20.016644 1260255678675
-0.13190913 -11.101137 -18.853195 1260255678687
6.555938 -1.1103868 -16.104609 1260255678695
11.110987 8.514737 -27.405521 1260255678705
12.984407 -3.1443849 -32.200165 1260255678713
12.072859 -10.0999365 -23.455902 1260255678724
10.223772 5.9119296 -19.888266 1260255678743
7.32291 -13.504736 -7.2179193 1260255678750
2.652822 -20.145681 4.785736 1260255678762
0.5471468 -12.871466 12.66601 1260255678771
0.56414187 -22.410412 4.844493 1260255678784
2.5514514 -36.423157 19.670767 1260255678795
6.035158 -16.932547 24.931503 1260255678807
8.838519 -18.415905 9.045204 1260255678826
10.549669 -24.386333 14.133706 1260255678834
10.657991 -4.6976194 10.183009 1260255678850
9.298191 3.5782647 2.4626293 1260255678866
-0.6110808 -0.12528324 8.825564 1260255678888
-10.39451 4.9843407 2.4130335 1260255678904
5.3813305 -2.6200342 -3.2902968 1260255678922
-14.711447 -5.847611 -7.6583953 1260255678947
-1.2005038 -10.466572 -2.8584986 1260255678968
-9.207864 -5.8315864 4.396752 1260255678982
-15.137518 6.9491086 -8.335309 1260255679004
-0.9765625 1.1237445 1.1586666 1260255679028
5.124939 -10.906494 -8.92524 1260255679046
2.6399117 0.13117552 3.3220673 1260255679062
-6.921995 -12.050203 3.756218 1260255679087
-0.65853834 -25.394123 6.1807446 1260255679104
10.866901 -23.186277 17.850252 1260255679129
13.807754 -16.806353 12.300335 1260255679144
8.84591 -17.961704 16.6226 1260255679163
-0.46563196 -23.22348 18.454182 1260255679184
-6.9850707 -25.016123 8.761572 1260255679202
-9.492501 -19.186714 0.33073583 1260255679390
-10.757254 -3.3709288 -5.4454966 1260255679408
-11.520216 -11.489949 -7.3951445 1260255679420
-11.734782 0.56742764 -11.725751 1260255679429
-11.213911 -12.511944 -13.136976 1260255679440
-10.010268 7.075263 -14.776332 1260255679449
-8.258966 -10.000823 -20.587505 1260255679455
-5.802195 2.8502853 -11.374393 1260255679467
-3.445134 -8.182035 -26.267876 1260255679481
-3.1522813 3.082862 -11.235353 1260255679488
-5.6069984 -15.205461 -15.72047 1260255679502
-10.7195015 -2.8844678 -18.183834 1260255679513
-14.873648 0.75015736 -5.433331 1260255679524
-11.281405 -4.41152 -0.0627954 1260255679533
-5.8279366 -28.426163 6.4307747 1260255679543
-2.3090525 -17.469505 1.260788 1260255679562
-0.025866032 -23.704948 15.898614 1260255679569
1.789896 -31.628597 6.474888 1260255679583
2.336737 -11.51737 1.2436533 1260255679594
