-3.0696354 -18.018883 2.7200723 1260255935734
-0.92074966 -19.264376 4.362162 1260255935744
4.5706778 -16.360456 10.824718 1260255935756
7.4256244 -12.057598 15.90157 1260255935791
6.0283875 -6.509242 17.269766 1260255935801
1.2702708 -0.31649494 13.641527 1260255935816
-5.1268454 -0.4113493 8.439001 1260255935825
-7.5912385 -8.101171 13.568497 1260255935836
-3.5098403 -15.050519 14.533621 1260255935851
3.241202 -15.681808 6.2190123 1260255935862
8.017359 -13.896406 1.7187941 1260255935881
10.053738 -14.827626 1.8465252 1260255935895
10.846161 -13.225607 3.199383 1260255935916
11.155464 0.8764396 -5.134657 1260255935940
11.16349 -5.776374 1.2713008 1260255935953
10.750174 -14.561331 -9.864562 1260255935976
9.934652 0.1858406 -16.3177 1260255935998
9.439103 2.3372827 -5.3100424 1260255936180
9.226427 -13.986576 -9.043803 1260255936191
9.171074 -4.2479787 -23.23574 1260255936198
9.367484 0.5120411 -6.837601 1260255936210
8.924574 -14.326702 -16.067982 1260255936218
7.369508 4.607441 -8.670141 1260255936230
5.2444215 -14.0895405 -13.315273 1260255936239
3.2499764 -11.659843 4.0819726 1260255936245
4.251649 -8.61389 9.3724375 1260255936256
9.23053 -22.898952 6.401923 1260255936274
7.688131 -11.303743 16.82491 1260255936282
-4.326685 -16.009607 8.384717 1260255936292
-12.527414 -26.43656 20.370579 1260255936301
-7.4306545 -7.8620167 16.053074 1260255936314
2.6513624 -17.101553 23.3684 1260255936331
8.981871 -21.876202 9.191432 1260255936338
10.188781 -10.711515 8.173702 1260255936353
10.731022 -3.8922377 5.142825 1260255936359
12.426584 -15.809294 -1.9573786 1260255936380
11.423204 4.933101 -4.8471565 1260255936393
7.910384 -12.7530155 -5.734617 1260255936415
4.1182346 0.7748821 -21.778503 1260255936435
1.278729 0.15103102 -8.855761 1260255936459
-1.0176554 -10.063053 -18.968473 1260255936473
-2.025632 7.0517817 -15.284271 1260255936496
0.45969057 -12.370327 -7.598418 1260255936517
8.420376 -11.301374 -12.017727 1260255936532
8.637232 -13.865611 11.923906 1260255936555
5.7881474 -7.1534166 3.312036 1260255936575
1.8389113 -27.784515 11.13675 1260255936599
-0.7947459 -11.535097 17.848125 1260255936612
-1.0840344 -13.158005 1.8217382 1260255936635
-0.5940609 -21.335358 8.784628 1260255936658
0.70542884 -2.879178 11.240112 1260255936672
3.3159823 1.3222651 -4.7172065 1260255936692
5.1613755 4.390896 3.7930446 1260255936716
1.0475063 -4.731914 8.1256695 1260255936737
-9.661564 -13.177122 -2.1526937 1260255936752
-1.5972686 -4.585594 7.525049 1260255936935
5.2213283 5.314968 -2.756301 1260255936944
-10.752016 -3.998917 2.34085 1260255936956
-9.964856 -14.045734 -4.1235785 1260255936965
-6.5196733 -5.339572 -7.076235 1260255936976
8.348534 3.6453066 -3.5375588 1260255936983
16.603893 -19.781551 1.9122323 1260255936994
17.231375 -13.5112095 3.4186919 1260255937002
16.10596 -12.71188 10.641093 1260255937019
15.128847 -28.597431 11.969171 1260255937030
14.060584 -24.537262 3.2492585 1260255937039
12.287174 -6.9578457 1.4968982 1260255937050
10.362323 -2.9306564 6.066327 1260255937060
8.373346 0.6882305 -3.456184 1260255937076
7.20368 -10.74323 -12.222723 1260255937093
7.1779046 -7.1517286 1.4242253 1260255937100
8.129477 0.27627754 -15.773944 1260255937118
9.026889 -10.970865 -4.834623 1260255937129
10.277025 4.2031355 -13.856909 1260255937141
11.230067 -14.756158 -12.190181 1260255937157
11.800214 0.5532298 -9.912306 1260255937178
11.870289 -0.87160015 -9.896277 1260255937193
11.651887 -9.503526 -4.2043986 1260255937212
9.949808 -4.6145453 3.1917815 1260255937238
6.018627 -7.35523 -2.8495598 1260255937253
-0.817992 -24.06625 11.980771 1260255937273
-7.645805 -7.671604 11.880991 1260255937295
-10.043952 -19.466255 8.342696 1260255937321
