0.1724 -2.9734852 -5.567665 1260179249526
-2.568912 -2.784212 -0.8702099 1260179249564
-1.6886415 3.3727021 -0.07930797 1260179249573
-1.0853753 -3.6571991 -6.365538 1260179249585
-0.9102888 -17.191418 -6.3690615 1260179249594
-1.1597157 -11.688712 -11.921824 1260179249606
3.5196075 0.25927258 -17.4051 1260179249613
12.907217 -1.32201 -13.067707 1260179249628
17.532558 -9.953581 -24.873987 1260179249637
9.022435 -12.918154 -23.412315 1260179249646
-5.91444 -1.6263041 -19.317957 1260179249655
1.7959375 -18.429895 -5.154189 1260179249668
-19.919004 -26.459631 6.2917633 1260179249679
-9.6168375 -13.187806 11.64929 1260179249691
-27.618145 -22.55905 18.83569 1260179249703
-12.64603 -11.540687 17.4464 1260179249712
-7.7408595 -6.9462686 14.76402 1260179249726
-15.5446825 -8.194299 19.392427 1260179249737
-6.386993 2.218274 7.273466 1260179249751
-1.9393346 -0.83079576 -5.208375 1260179249759
-1.8169782 -18.109304 -2.1705363 1260179249771
-1.1943889 -2.999185 -15.955904 1260179249785
0.26522112 -14.030434 -7.918517 1260179249796
2.3429496 -13.293842 -28.667793 1260179249813
4.4457026 5.7831345 -30.324976 1260179249830
5.4578857 12.541659 -28.481483 1260179249852
5.234436 15.554676 -32.87371 1260179249866
5.653555 7.214814 -38.76229 1260179249887
7.4938765 -0.07820892 -34.938366 1260179249911
8.083431 -0.6726732 -19.45902 1260179249934
-6.779215 -27.289646 -0.47328377 1260179249946
-21.421757 -32.512676 6.395666 1260179249969
-10.622317 -26.656792 10.894191 1260179249992
-4.5018187 -12.613669 27.291094 1260179250008
-8.906981 -13.281841 16.35256 1260179250028
-6.9762154 -20.341473 14.560531 1260179250051
4.653288 -14.420589 16.953098 1260179250068
11.555682 0.7577205 -7.0701213 1260179250088
-0.61875343 6.458706 -8.320399 1260179250286
3.5079226 2.6392915 -3.7607975 1260179250304
3.1361237 -6.975395 -12.160346 1260179250313
-8.407203 11.778116 -14.550738 1260179250324
-7.4183455 -3.7040334 -13.830144 1260179250335
-7.967705 16.127888 -6.0062585 1260179250345
-18.896587 5.4684796 1.5505333 1260179250352
-11.600052 -1.7816138 -3.506524 1260179250366
-18.71797 9.136224 -13.658634 1260179250372
1.632081 -14.90943 -6.2701926 1260179250384
10.029193 -20.627373 -6.7566156 1260179250396
7.512212 -15.421939 8.119514 1260179250412
11.096162 -27.9211 13.577339 1260179250418
32.4787 -34.117027 12.080713 1260179250430
22.748867 -19.30696 24.003212 1260179250439
10.943204 -6.170232 10.51484 1260179250451
22.788013 -4.2878747 9.568552 1260179250466
7.4231653 -12.681656 -4.8285036 1260179250476
-5.6914816 -11.563953 -0.8756714 1260179250490
-7.0700336 -7.1088877 4.89579 1260179250506
5.5151167 -8.170747 2.1174574 1260179250518
-1.0356449 10.521093 -3.8914516 1260179250533
-10.749751 -8.391864 -10.272122 1260179250547
-11.784533 11.13929 -16.928192 1260179250568
-10.182264 5.031299 -20.140198 1260179250591
-8.989433 -3.616199 -27.410152 1260179250606
-7.1269317 2.863954 -38.134357 1260179250626
-2.969849 0.7642269 -21.353464 1260179250649
-2.2564507 -7.203787 -15.79767 1260179250672
-15.949285 -17.406874 3.1733341 1260179250687
-22.726116 -33.52187 8.550728 1260179250708
-17.747587 -16.05444 22.1178 1260179250732
-10.977393 -18.842138 17.541506 1260179250754
-5.5765038 -21.557537 19.085703 1260179250767
-4.3246527 -16.814272 19.965893 1260179250788
-3.3063378 -11.104001 8.409264 1260179250812
16.268036 0.7549429 0.23180425 1260179250828
5.1621413 0.55444384 1.9040403 1260179250847
-3.1216636 -0.23372555 -7.1633477 1260179250998
