4.544337 7.213204 -21.175102 1260255808050
-4.5937853 0.18888164 -12.670175 1260255808059
13.224325 -2.3932133 -19.005465 1260255808067
1.1682487 -1.4921079 -30.832443 1260255808100
-2.9919803 2.7537165 -18.750496 1260255808114
12.691649 9.268767 -21.200834 1260255808126
2.7856193 15.110939 -25.91912 1260255808134
-7.359537 10.934711 -22.244444 1260255808149
7.7594376 -1.1535696 -19.892797 1260255808164
-2.0875788 4.7123003 0.14751148 1260255808173
-7.18324 -3.2112317 -3.6829484 1260255808192
6.898847 -5.3187923 12.803252 1260255808204
-9.257355 -18.92609 11.27373 1260255808224
-10.890116 -30.142395 22.031961 1260255808249
3.2687173 -7.7167797 26.007914 1260255808262
-9.460047 -20.608362 23.483963 1260255808286
-13.35902 3.2319555 25.808275 1260255808307
2.8032298 -4.498886 12.224838 1260255808328
3.5053377 -10.226419 9.495627 1260255808344
-10.967819 6.2557354 3.1660073 1260255808365
2.182844 -0.075953454 6.9180527 1260255808385
8.681757 -4.2613406 -9.125351 1260255808400
8.881168 -4.1357045 -22.168121 1260255808586
6.8843284 0.4716606 -32.621647 1260255808595
4.330412 10.72528 -38.280075 1260255808608
1.0391564 20.321186 -29.901115 1260255808620
-2.6356132 12.2121525 -20.811188 1260255808629
-7.475599 -0.85342026 -26.405233 1260255808640
-9.712871 6.544264 -21.11629 1260255808647
-8.038307 11.159945 -13.019815 1260255808655
-5.6169715 -13.644729 -4.342406 1260255808673
1.7434826 -21.460785 2.5817156 1260255808692
9.324053 -30.973837 14.278378 1260255808703
14.485552 -31.980694 27.727108 1260255808712
17.669704 -13.905058 28.152828 1260255808723
17.967186 -11.496446 15.73556 1260255808733
16.31185 -6.7256126 16.760048 1260255808747
13.214104 -7.059819 9.561061 1260255808761
10.677062 3.3332748 4.356916 1260255808770
1.1628172 17.193325 -8.459837 1260255808790
-13.461107 8.0779915 -1.1720824 1260255808800
-7.1364675 11.447354 4.362032 1260255808809
0.084804535 18.455017 -2.5367954 1260255808829
-18.986834 -0.53429556 -5.6691074 1260255808842
0.12253094 -2.7522626 -4.8537173 1260255808865
-18.613567 6.906939 -3.5245638 1260255808886
2.0105124 10.821846 -6.414539 1260255808908
1.7864051 -5.8518248 -0.47548962 1260255808923
10.3124275 6.0931377 -8.580339 1260255808945
0.6378932 8.265799 -12.044685 1260255808968
20.149567 0.19887805 0.5872073 1260255808982
8.162816 1.1276951 -2.7930422 1260255809004
17.551641 -8.957279 -3.9484756 1260255809025
27.517277 -23.410543 7.336779 1260255809048
20.55156 -33.572777 14.920906 1260255809062
8.91408 -25.631903 5.5656586 1260255809084
2.832549 -6.3156433 11.149026 1260255809107
10.464505 -15.28093 -2.4540668 1260255809125
17.296425 -8.454324 -2.4406412 1260255809143
6.3648357 -5.207044 3.9884539 1260255809165
2.646182 -3.569852 -20.876698 1260255809346
3.594458 10.486012 -13.32999 1260255809361
6.636674 5.117502 -10.0426 1260255809371
10.008549 0.5902829 -16.837837 1260255809383
11.885495 -0.77847815 -22.64989 1260255809392
10.964405 -1.5930681 -26.75727 1260255809404
7.0164824 -2.2089984 -29.695784 1260255809413
0.8719188 -2.125393 -29.604603 1260255809425
-4.0939283 -0.4481193 -25.807692 1260255809432
-4.493762 -6.522465 -18.976648 1260255809451
2.6872153 -8.285099 1.4453855 1260255809462
10.198969 -3.7979193 7.6072655 1260255809469
11.611032 -5.229088 4.7687945 1260255809483
11.072674 -26.05477 9.016829 1260255809490
9.669983 -18.189796 24.76854 1260255809509
10.396442 -14.621614 7.569912 1260255809522
12.81446 -10.293834 20.70566 1260255809529
15.616533 -14.36788 10.304602 1260255809541
