10.004799 -4.817081 -3.1657267 1260255552132
9.6494255 4.955336 -5.6678276 1260255552140
8.717192 4.7412996 -5.84732 1260255552154
7.4179764 1.8673427 -6.378684 1260255552161
5.9532137 -0.95728564 -8.478971 1260255552172
4.874984 -5.1784534 -12.869405 1260255552181
3.5390732 -8.999756 -19.613173 1260255552192
2.1470873 -7.3995967 -19.035439 1260255552201
1.3456925 0.15276277 -11.805691 1260255552212
2.287263 1.5721613 -7.0545855 1260255552219
5.8509445 -15.924316 -8.676137 1260255552230
-5.3460345 -22.986969 -2.7148423 1260255552270
-19.51056 -30.637035 9.698043 1260255552277
-21.665668 -35.262215 16.490942 1260255552290
-14.475155 -31.884037 15.572985 1260255552299
-5.5245543 -21.14536 18.385038 1260255552310
-1.150835 -11.133785 21.697174 1260255552319
-3.453218 -6.1467686 14.037912 1260255552330
-11.316877 -4.418829 3.205223 1260255552343
-15.798328 -2.9005404 4.420293 1260255552354
-7.7939024 -16.381084 -5.866686 1260255552363
-4.237583 -3.468508 -19.212824 1260255552375
-5.914205 5.3471117 -21.226627 1260255552391
-7.271105 9.562877 -21.994617 1260255552400
-3.7725105 10.846441 -25.861816 1260255552416
3.476431 9.645906 -22.210173 1260255552424
8.886066 -1.4824436 -19.280386 1260255552439
9.80836 -9.072298 -26.26655 1260255552457
8.29675 -3.2450728 -23.516804 1260255552474
4.648682 -8.661082 -19.292492 1260255552493
-2.675611 -17.718525 2.439252 1260255552515
-8.152527 -27.955315 -0.5995164 1260255552538
-9.210524 -26.732037 1.7465811 1260255552724
-7.628304 -24.212982 7.397605 1260255552736
-3.8425808 -19.269968 10.6828575 1260255552745
1.7231767 -13.816952 11.20167 1260255552758
6.74035 -8.221591 10.544963 1260255552770
10.51977 -2.8781757 8.694245 1260255552779
10.593708 -3.083344 3.0183923 1260255552796
9.331308 -14.27751 -0.41309267 1260255552804
6.5382895 5.6523657 -2.7929182 1260255552816
-10.536894 -5.116733 -10.492764 1260255552834
-8.804033 -12.111658 -2.828493 1260255552841
1.8031902 -7.66729 -1.274662 1260255552853
-18.292873 3.1382399 -2.9623137 1260255552862
-1.0438666 9.670313 -4.1015415 1260255552872
-10.488005 9.00135 -7.980756 1260255552885
-16.364494 0.6413835 -0.84620285 1260255552898
-6.975135 -12.135265 -7.4541445 1260255552910
-8.789322 -4.2263155 2.5430024 1260255552921
-7.090218 -4.651696 -3.3103623 1260255552935
6.532659 -10.527722 -1.2670908 1260255552943
12.657387 -16.419537 5.4157176 1260255552958
6.46799 -19.890745 12.241731 1260255552975
-3.7607837 -19.19552 10.914236 1260255552991
-7.7513933 -15.354153 1.500713 1260255553015
-5.629394 -7.8840914 -1.5370613 1260255553035
-4.860734 -16.47147 1.5254116 1260255553059
-5.584931 -2.6927686 -19.061478 1260255553071
-5.5621266 -13.303125 -12.442698 1260255553094
-4.637636 4.0386586 -7.4706297 1260255553116
-3.8539562 9.817661 -17.021776 1260255553132
-3.8152554 8.495784 -20.920052 1260255553153
-4.769729 2.2708137 -24.517605 1260255553174
-6.695059 -9.904926 -19.661814 1260255553198
-9.341478 -6.263135 -4.5941486 1260255553213
-12.37314 0.40631914 -15.141343 1260255553234
-14.211367 -9.5316725 -5.584236 1260255553257
-14.463682 -21.676376 -3.8824363 1260255553278
-14.213701 -21.73188 -1.899144 1260255553293
-14.358004 -15.572353 1.8238316 1260255553314
