-6.0111103 -4.165475 10.149504 1260255960494
-4.3097553 1.5356197 4.0034227 1260255960503
-3.1536644 -4.346073 -6.350928 1260255960515
-2.9221005 -14.891405 4.9392304 1260255960551
-2.6955488 -1.7172313 -9.154821 1260255960558
-3.596626 -10.25794 2.2821527 1260255960577
-3.9523134 -11.931818 -12.561111 1260255960588
-2.8543577 3.65809 -12.727858 1260255960597
-0.23776293 -2.5678117 -4.195593 1260255960613
3.6202602 -14.92296 -15.813341 1260255960622
7.7753124 -2.190778 -26.412395 1260255960636
10.894559 -0.19000864 -17.909489 1260255960655
11.506986 -15.860094 -22.395756 1260255960679
8.362425 2.446278 -19.731153 1260255960693
0.055801153 -12.366901 -29.767225 1260255960716
-10.920101 -1.2793679 -14.872899 1260255960736
-12.224468 -19.80223 -14.195742 1260255960753
-0.0774622 -17.518478 -3.5265102 1260255960775
-9.947177 -26.927864 8.691486 1260255960796
-24.808178 -14.671924 11.53213 1260255960820
-16.897442 -36.73168 23.414454 1260255960832
-7.2726097 -20.86242 24.218506 1260255960855
-10.628532 -27.950014 17.423586 1260255960877
-18.258316 -27.010033 31.41285 1260255960898
-20.464693 -11.261962 20.795599 1260255960914
-14.546986 -25.314678 20.573265 1260255960936
-3.4574027 -16.948988 3.1917224 1260255960959
0.34831047 -3.4493542 6.6210256 1260255960972
-9.180672 -18.520027 5.83037 1260255960995
-13.811121 -9.700385 -14.102631 1260255961016
-12.980265 -11.802836 -12.577566 1260255961039
-10.076663 -3.0773 -26.875366 1260255961232
-6.0629454 -16.019068 -22.825634 1260255961239
-1.2960703 3.1925845 -29.067156 1260255961251
3.1634257 -15.9056015 -31.520468 1260255961260
2.8365374 -15.360787 -30.757729 1260255961263
4.1271796 3.602777 -22.940792 1260255961275
3.3115034 -13.953287 -27.518112 1260255961283
-1.202627 4.003559 -19.933666 1260255961294
-9.999487 -13.067339 -7.028574 1260255961303
-18.058079 -23.53555 -7.556884 1260255961317
-16.450245 -29.1502 -1.879278 1260255961331
-12.226514 -14.888308 5.81332 1260255961341
-9.03548 -34.64327 22.940102 1260255961352
-7.279751 -23.884827 11.68117 1260255961361
-7.345918 -25.678026 24.743528 1260255961374
-5.541862 -30.671263 17.432205 1260255961385
1.7334661 -9.514569 12.970788 1260255961398
8.756658 -12.2190695 -1.9508376 1260255961418
9.629769 -16.513393 3.1592283 1260255961434
-4.303303 5.2309227 7.32216 1260255961444
-1.2249212 10.02396 -4.8287177 1260255961459
-3.3280857 7.406173 5.936674 1260255961479
-16.2004 -1.7034152 -9.124065 1260255961492
-2.4673843 -7.9709415 -3.9821482 1260255961515
-22.500584 -1.8059126 -6.117414 1260255961538
-8.295185 4.422692 1.3677087 1260255961552
-1.2013359 6.4651203 -9.751992 1260255961574
-3.1704679 6.5979295 -14.724174 1260255961595
1.047718 2.2881088 -17.283043 1260255961618
8.960843 -14.209319 -7.1144247 1260255961632
3.6221752 -6.889536 5.7211885 1260255961655
-7.2247353 -9.725659 7.404885 1260255961676
-9.709391 -15.893263 8.9675255 1260255961698
-7.1646633 -21.323719 7.4115157 1260255961712
-2.1205132 -22.837719 5.4966717 1260255961734
2.2959847 -21.003704 3.7080703 1260255961758
3.0109363 -14.142916 -0.58319426 1260255961772
2.873508 -15.531878 1.7378132 1260255961793
2.302013 -10.348129 -15.968691 1260255961979
3.4980345 -15.341293 -12.330979 1260255961999
5.406718 0.9829252 -13.235058 1260255962010
6.351653 7.194599 -17.810328 1260255962019
5.453414 -9.330732 -16.660072 1260255962031
4.333822 -3.812852 -22.196808 1260255962040
3.589417 -0.5714812 -13.842049 1260255962052
3.0417118 -10.953247 -22.78179 1260255962059
2.453826 -0.7881851 -10.861925 1260255962070
1.780858 -7.4187093 -22.913237 1260255962079
2.1329012 -13.381166 -9.5734 1260255962096
2.166195 1.6715837 -11.119933 1260255962104
-4.765163 -5.963376 1.7252216 1260255962115
-16.924961 -17.838503 4.3253136 1260255962124
-21.065712 -9.431147 1.3732595 1260255962139
-21.381155 -31.62165 7.3693194 1260255962153
-20.471718 -16.19254 10.540597 1260255962161
-18.556503 -28.636621 13.294849 1260255962181
-16.36346 -24.417198 15.543919 1260255962192
-13.358895 -8.824871 9.39318 1260255962209
-10.076689 -22.661942 4.2441006 1260255962220
-5.8891754 -17.169907 15.484148 1260255962240
-2.049357 -3.098629 9.7355585 1260255962257
