9.042172 -6.9451694 -3.8831973 1260179599995
14.765085 -3.8607345 3.5016932 1260179600005
13.144471 -2.2275028 9.836976 1260179600019
11.433181 -2.8894374 11.189228 1260179600064
8.095057 -7.005369 5.2877607 1260179600256
-8.176014 -12.406603 6.130811 1260179600271
-13.65472 -15.412964 13.162622 1260179600279
0.70703316 -14.925073 11.287934 1260179600297
-13.228915 -12.658741 18.635109 1260179600308
-13.578312 -11.88623 0.041095734 1260179600317
-2.7910142 -13.597347 9.259985 1260179600329
-19.487795 -16.232502 -0.018794417 1260179600339
-2.5450473 -8.356431 -9.194211 1260179600353
-2.286408 -0.08477116 -4.368016 1260179600364
-12.741953 -11.787119 -14.354333 1260179600373
-15.466096 -19.697653 -7.470646 1260179600385
-14.074045 -3.4403305 -11.151219 1260179600391
-12.172761 -19.796473 -11.709841 1260179600402
-10.289925 -12.983846 -10.541903 1260179600413
-7.3168635 -19.969257 -17.747694 1260179600427
-2.523906 -10.826165 -3.6092305 1260179600436
2.9327042 -27.782698 -1.7205119 1260179600454
8.009131 -24.45272 -8.136295 1260179600463
10.846962 -18.034876 -1.5991715 1260179600472
10.945408 -16.599224 6.1999617 1260179600490
9.506197 -20.381006 11.087723 1260179600499
7.869697 -19.825687 8.274131 1260179600508
6.846541 -4.843994 8.233835 1260179600516
6.63326 -1.8355546 16.393036 1260179600530
5.9789166 -16.06277 12.536144 1260179600552
-0.49690437 -6.2441483 19.282217 1260179600571
-15.400084 4.560314 6.3275537 1260179600579
-7.331957 -9.496817 13.001204 1260179600595
-2.266367 -14.3506565 3.054157 1260179600609
-17.199303 0.008487225 -0.5983052 1260179600632
-14.732275 -4.7661657 -0.62004805 1260179600647
-9.075581 -17.114044 -15.452099 1260179600669
-5.5061216 -0.92644215 -9.797485 1260179600691
-4.3401704 -21.415283 -13.03988 1260179600708
-5.1908145 -2.8198252 -11.279113 1260179600726
-6.5511656 -20.13727 -17.272512 1260179600758
-8.413233 -16.291697 -0.70303583 1260179600773
-10.044376 -5.050541 -2.0985844 1260179601004
-11.211393 -4.288022 -2.9149017 1260179601013
