0.44947147 -9.298722 4.7049203 1260261281068
3.9129252 -8.703678 9.517612 1260261281083
16.505022 -12.712135 3.5657012 1260261281092
14.553844 -11.506189 7.374986 1260261281128
0.92518806 -7.288713 8.015376 1260261281136
2.6221352 -2.8324392 -5.4572163 1260261281327
16.587585 0.81221414 -3.2004972 1260261281339
13.973871 3.492157 8.145979 1260261281354
3.5842252 5.8694835 5.3826146 1260261281367
-1.2314324 4.269293 0.7805598 1260261281374
-3.0810347 -3.6891096 0.100152016 1260261281390
-4.430466 -11.80835 1.4416268 1260261281397
-6.510312 -10.666573 1.917747 1260261281408
-6.5884476 -2.9732285 2.609298 1260261281417
8.180567 5.183056 -13.258621 1260261281428
0.74945843 5.9073696 -24.385752 1260261281435
-10.338971 -2.0206795 -21.555317 1260261281449
4.6327925 9.510454 -33.822353 1260261281456
7.6286798 18.40742 -21.704506 1260261281476
-5.792995 18.895014 -22.869976 1260261281488
-7.7618165 11.634932 -15.513142 1260261281497
5.616836 -13.326513 -15.500083 1260261281508
0.8210747 -22.361626 -7.2752743 1260261281517
-13.285706 -18.087967 7.966383 1260261281528
-5.4805207 -21.431385 25.512302 1260261281539
5.86644 -11.558743 18.999681 1260261281548
0.42899942 -20.654667 20.844177 1260261281560
-11.420074 -9.556603 8.160657 1260261281572
-3.6810346 5.0666313 11.464031 1260261281592
8.710196 4.5977764 -4.777655 1260261281600
10.63063 -10.444035 -7.2703924 1260261281615
11.75484 1.6875079 -17.003782 1260261281632
12.536962 9.133808 -19.984016 1260261281651
12.388746 -6.2509923 -22.568518 1260261281669
11.927858 11.647057 -32.64364 1260261281691
10.8964405 -3.7601938 -24.185978 1260261281715
8.521595 11.540054 -13.264126 1260261281729
4.222931 13.174276 -16.418428 1260261281749
2.5556853 -9.363923 -3.6466503 1260261281768
5.6416874 -8.300943 8.658324 1260261281788
-3.3012726 -0.76938057 16.047777 1260261281810
-12.853095 -9.975069 27.698837 1260261281830
-14.2081785 -20.338314 14.905229 1260261281854
-4.3339343 4.3538446 0.31473726 1260261282035
-4.1341753 -6.6715264 -17.463188 1260261282052
-1.8570638 -7.699868 -22.221857 1260261282063
6.443989 5.0864234 -32.742233 1260261282072
17.390724 6.466564 -20.852734 1260261282079
17.561317 5.5993185 -13.010814 1260261282089
9.2600765 -7.051119 -5.4531755 1260261282107
7.4596014 -8.887927 12.813967 1260261282115
-0.8904319 -8.988192 26.320936 1260261282126
-11.637518 -10.513599 25.39423 1260261282138
-15.438791 -9.975323 11.726722 1260261282157
-6.7118645 -9.326462 -1.2771978 1260261282170
5.042684 -4.262941 -1.6608741 1260261282180
4.469314 -11.319231 -17.019524 1260261282192
3.7814255 -14.033524 -21.053503 1260261282213
4.6700478 -13.112069 -23.000593 1260261282219
2.7458334 -7.5942163 -18.116297 1260261282233
-1.7180398 1.4474375 -15.203865 1260261282249
-7.5772657 3.7377517 -16.675556 1260261282259
-13.583935 -1.2960131 -20.586777 1260261282271
-16.972471 -9.392437 -23.954567 1260261282287
-11.789339 -13.60553 -20.813795 1260261282298
-5.8632 -14.640144 -25.589272 1260261282312
-1.9322543 -11.615149 -5.0539584 1260261282331
-0.7688242 -28.6228 -17.188988 1260261282352
-1.5789808 -34.320755 3.7407918 1260261282366
-2.5022852 -20.878141 7.8238425 1260261282389
-3.7097871 -15.85588 4.9928255 1260261282412
-4.563126 -12.1758 7.191732 1260261282433
-5.310666 -6.65761 14.374004 1260261282449
-4.2184277 -9.375242 23.738506 1260261282470
0.041567802 -14.68066 10.944391 1260261282494
5.14599 8.119183 9.824536 1260261282508
-3.0817244 -8.029473 5.8798203 1260261282534
-14.6723 13.126405 -1.1573808 1260261282554
-11.106379 -0.84352255 -16.651964 1260261282574
-10.236906 16.196201 -16.40325 1260261282586
-10.159927 0.86167336 -28.613838 1260261282609
-9.634535 19.051544 -25.441072 1260261282820
-10.212214 4.037 -22.607618 1260261282837
-12.206249 6.6727796 -8.834531 1260261282844
-11.892309 -20.132578 3.9924853 1260261282866
-11.983688 -10.213512 18.365711 1260261282875
-11.290726 -8.462655 14.44208 1260261282887
-9.948835 -14.137323 9.38246 1260261282896
-8.525177 -16.93561 8.366428 1260261282906
-7.4855576 -2.84662 -8.169317 1260261282913
-7.0447826 -10.986817 -12.029975 1260261282933
2.5227215 -6.226679 -29.365055 1260261282944
15.263961 3.514248 -33.70008 1260261282954
17.299488 7.9387455 -25.834711 1260261282962
8.73669 7.605258 -19.96373 1260261282968
0.03560686 2.6537726 -7.6359344 1260261282989
4.3889093 -13.191357 -7.4090405 1260261283001
2.412714 -6.688978 12.956526 1260261283009
-4.2814894 -2.524829 14.681734 1260261283024
-10.630147 -16.184937 13.924667 1260261283030
-15.965991 -7.9617877 20.18698 1260261283038
-11.298509 6.156982 11.183717 1260261283061
-6.7393885 -7.588278 -8.304714 1260261283073
-20.207638 -17.376328 -4.0900373 1260261283081
-17.139439 -2.6189938 -10.557173 1260261283100
-13.112217 -20.070868 -5.827561 1260261283115
-11.429382 -11.233582 -20.65607 1260261283140
-11.764472 -9.507283 -15.675723 1260261283155
-11.306667 -22.505123 -21.123655 1260261283176
-5.821118 -6.900899 -28.32319 1260261283196
3.1187034 -26.125988 -30.789202 1260261283215
9.43851 -6.4219866 -25.802326 1260261283235
10.07239 -21.912352 -25.029953 1260261283255
7.2160845 -2.9056864 -22.07245 1260261283275
4.5508723 -20.474586 -15.124141 1260261283295
-1.069027 -2.5644069 -15.307077 1260261283315
-15.290634 -5.69518 1.4555306 1260261283335
-10.277944 -13.950981 4.06134 1260261283357
1.1904044 4.916019 8.433853 1260261283375
1.7339439 -2.6950173 15.173597 1260261283577
-0.18570662 -11.857407 12.4822235 1260261283586
-0.68778944 4.4234686 17.250319 1260261283597
-1.9128096 -16.05646 5.686148 1260261283606
0.10030675 -20.048058 8.695223 1260261283618
4.955865 -21.484818 -4.3665743 1260261283627
8.128487 -9.44038 -7.4008203 1260261283638
7.2357473 -8.567495 -15.028339 1260261283644
1.2829233 -24.067478 -12.608618 1260261283659
-5.7690516 -5.075616 -16.730835 1260261283680
-6.367595 -21.740713 -19.9018 1260261283689
2.2043097 -8.438364 -32.093613 1260261283701
10.63908 -13.16129 -17.456911 1260261283709
11.635982 -9.577045 -20.707335 1260261283722
7.75478 -2.4626036 -22.631815 1260261283728
5.2429347 -16.1553 -10.773144 1260261283747
5.7432156 -6.7943482 -5.4139495 1260261283757
0.6526699 -14.461611 6.699997 1260261283764
-3.9618654 -1.0337191 0.9558587 1260261283782
-3.5468369 -19.397348 7.667656 1260261283794
0.252236 0.32653904 11.375484 1260261283805
8.726062 -4.8329253 -2.2479076 1260261283820
5.3493633 -1.9640061 -14.820473 1260261283840
-4.9279017 1.207626 -8.602077 1260261283860
1.5127292 -8.235695 -10.663201 1260261283885
15.1509285 4.0500355 -23.717966 1260261283898
14.609821 -8.03571 -22.507687 1260261283920
1.0894713 -12.086964 -6.738927 1260261283943
-1.4858894 -2.3198028 -13.314554 1260261283957
9.326735 -2.5460386 -9.250538 1260261283982
14.528997 -3.7785988 -1.3843389 1260261284004
8.842716 -18.731762 -0.5278616 1260261284024
-2.8511882 3.2665706 5.441212 1260261284037
