9.923685 -1.0688974 -4.7697926 1260261050566
8.886369 2.6891043 -4.908896 1260261050576
5.506179 3.2045937 -3.1960464 1260261050597
4.0420637 3.7575498 2.3243272 1260261050603
7.662804 -10.424707 -3.8664784 1260261050634
11.717394 9.640448 -4.0174475 1260261050640
15.006204 -7.943969 -5.847474 1260261050657
17.826195 3.0276363 6.452118 1260261050671
15.256421 6.007368 9.006072 1260261050677
1.4443831 11.6771755 9.0223255 1260261050698
2.9480631 12.880739 6.1070886 1260261050709
-7.693843 11.511261 13.60854 1260261050725
5.1825395 4.776739 13.410443 1260261050746
-11.094799 -8.464548 6.23955 1260261050765
-15.014099 -12.636595 7.1795416 1260261050785
-2.5774374 1.7349057 1.4992294 1260261050805
-0.8616276 -5.6860228 -3.1746778 1260261050826
-16.467941 -16.32473 -6.852639 1260261050846
-4.61435 -13.375807 -16.969492 1260261050869
-14.681589 -0.19478369 -10.702808 1260261050885
3.7761683 4.319071 -22.556627 1260261050905
-3.8375995 -2.7597957 -15.785854 1260261050926
-11.793939 -9.526485 -26.935648 1260261050945
-5.141215 -12.588683 -34.827595 1260261050965
5.8920817 -13.106619 -35.745094 1260261050985
11.808539 -9.022481 -30.71724 1260261051005
10.500362 -1.7478867 -25.485271 1260261051025
5.4431834 -5.691004 -34.9838 1260261051045
-0.05914998 -22.294294 -27.050577 1260261051067
-6.3659587 -7.2361283 -16.232962 1260261051279
-9.030786 -23.498669 -11.381936 1260261051294
-2.5684266 -8.291777 2.0150423 1260261051305
5.890936 -9.196299 0.2656654 1260261051317
-9.745659 -17.911879 -0.458704 1260261051327
-11.762526 -6.766484 0.29025555 1260261051338
1.7769146 -3.736743 14.101014 1260261051348
-10.441734 5.273031 25.143139 1260261051361
-18.99064 -6.4347677 18.812855 1260261051373
-5.333545 13.8571205 19.439968 1260261051382
-4.0301237 4.6190467 19.213745 1260261051393
-19.67352 -1.0395947 8.051559 1260261051399
-0.025159836 15.176555 3.647776 1260261051417
-18.012575 -1.4047077 1.7655901 1260261051428
-1.3011122 -3.4004898 1.8450036 1260261051438
0.56976795 6.147385 -12.615971 1260261051451
-2.7908773 7.8886724 -13.633892 1260261051460
1.1827414 8.35262 -14.83216 1260261051467
7.7514157 8.5758915 -17.128672 1260261051486
11.785093 9.511063 -21.327473 1260261051496
6.053154 7.954232 -28.186794 1260261051505
-2.4951673 6.0916476 -25.916698 1260261051526
0.7805004 6.9467998 -19.055086 1260261051545
13.417734 7.85913 -23.373217 1260261051565
18.713581 3.802432 -21.796305 1260261051585
8.550344 -9.49112 -14.914669 1260261051609
-0.19191456 -11.342968 -20.574581 1260261051625
6.055732 0.80302143 -19.339922 1260261051646
15.45756 -15.754089 -5.2647 1260261051666
13.719987 -20.65255 -1.7391825 1260261051685
7.383154 -21.990944 -0.86204326 1260261051705
3.417551 -13.021991 -4.56059 1260261051726
2.5608883 -1.0536737 6.3511467 1260261051747
3.8420098 -13.976351 17.695827 1260261051765
6.111772 -13.407825 2.768311 1260261051786
7.406984 2.9543056 9.0293455 1260261051805
7.6104755 -12.987427 12.321964 1260261051825
