7.710227 -11.047991 10.749944 1260179238788
14.297027 -8.338625 4.3135123 1260179238798
12.9447155 -6.0027237 -4.120847 1260179238810
6.8722634 -5.58918 -5.150178 1260179238852
0.9280431 -5.4278464 -5.4680805 1260179238858
-3.999 -3.0991373 -1.7444636 1260179238878
-5.401632 -0.58883667 2.608226 1260179238890
-1.8386738 1.9536719 2.990525 1260179238899
3.6626554 2.1748562 -1.0696619 1260179238916
8.295126 -1.7120638 -3.7648475 1260179238928
12.163968 -7.8254385 -0.59631705 1260179238939
12.990579 -12.828267 4.3445735 1260179238954
8.537605 -15.416243 3.792122 1260179238973
-2.1062446 4.008803 -3.0896838 1260179238992
-4.4384327 -9.190655 -6.3168793 1260179239015
-2.6985922 -12.113211 -9.33704 1260179239239
-1.6958394 3.6128607 -17.053988 1260179239254
-1.8524542 0.6773629 -27.747896 1260179239267
-2.829493 -12.074392 -25.603323 1260179239275
-4.7113366 0.6360612 -21.597965 1260179239285
-6.70848 -10.845594 -11.090688 1260179239294
0.37524676 -11.993024 6.5905476 1260179239304
-1.5791626 -28.033592 11.789487 1260179239311
-22.89214 -12.746087 19.475271 1260179239319
-17.584044 -29.60384 28.159245 1260179239331
-5.4075747 -6.9573774 26.627714 1260179239339
-13.3438015 -20.410091 19.879145 1260179239351
-17.924484 1.3108339 17.27585 1260179239366
-6.6773877 -9.9126215 18.51447 1260179239375
4.2666903 1.0141182 -3.179726 1260179239387
7.585785 -17.971428 -11.968011 1260179239394
7.6797576 -2.414647 -30.302416 1260179239406
4.9283266 4.713238 -20.829874 1260179239423
1.0685863 2.866877 -23.333364 1260179239432
-1.4716177 7.0307884 -28.663488 1260179239438
-3.31855 11.803786 -28.648823 1260179239456
-5.2643633 5.4618196 -24.56448 1260179239467
-8.228567 -19.90305 -9.570967 1260179239479
-11.339952 -27.017391 3.5881217 1260179239494
-11.009355 -33.98471 15.498628 1260179239512
-7.7959375 -34.686428 17.406057 1260179239528
-2.6658854 -20.537645 16.471218 1260179239550
2.3121786 -7.508746 20.395212 1260179239572
5.0313325 -6.0410686 21.57349 1260179239588
-0.08115482 -11.640472 6.7957416 1260179239608
-5.2282434 11.532098 -1.5190742 1260179239632
-6.4486814 1.5243115 -14.798676 1260179239646
-7.3150663 19.77716 -11.011035 1260179239666
-4.1141315 1.5172014 -8.13684 1260179239693
2.9825497 8.655898 -12.216331 1260179239712
-17.606058 6.8275056 -13.395317 1260179239726
-3.6718903 4.1748757 -10.822281 1260179239748
-7.1624165 -4.246132 5.136233 1260179239772
-6.689947 -2.0920668 -5.8585553 1260179239796
11.020496 -23.969425 -6.5554934 1260179239811
17.568104 -13.919704 6.1698747 1260179239830
7.7141857 -15.674765 2.6635795 1260179239848
20.64792 -24.419933 16.708277 1260179239869
27.157806 -29.10564 6.5064945 1260179240058
9.726324 -27.235916 8.725344 1260179240070
0.86991215 -21.382643 8.571663 1260179240079
4.6348515 -15.688566 1.8567414 1260179240092
7.34362 -8.977013 -3.152153 1260179240104
1.1628553 5.3150644 5.562774 1260179240113
-6.6842966 7.1039267 -1.4367404 1260179240125
-8.738451 6.039274 -6.7509212 1260179240132
-8.04735 -3.1409972 -13.062459 1260179240145
-6.269854 -5.3170204 -25.45423 1260179240154
-4.84697 13.138449 -25.783308 1260179240171
-4.3095837 -6.392608 -28.650166 1260179240177
-6.4003086 10.048028 -28.402248 1260179240189
-11.581858 -11.422022 -22.184015 1260179240198
-11.556187 -18.023596 -19.590532 1260179240212
-3.2731552 -27.295914 7.6374674 1260179240229
-6.593009 -16.550812 15.044247 1260179240235
-14.549699 -13.01334 30.955545 1260179240254
-15.219463 -10.559775 28.547195 1260179240265
-9.68135 -5.778925 22.004675 1260179240277
6.321535 0.6023829 19.285501 1260179240293
6.198089 0.26231623 -6.41267 1260179240348
9.293192 -6.83445 7.5095387 1260179240371
10.843875 -7.8619394 -9.973021 1260179240389
