4.2785554 -6.0627337 0.72643375 1260179545697
6.4621944 1.8487139 6.0110126 1260179545706
10.331733 -3.044097 9.896663 1260179545743
10.648056 -17.591196 4.895639 1260179545754
6.912298 -9.76334 13.55234 1260179545767
1.5207528 2.5635824 5.2517586 1260179545800
-2.611249 -2.1604948 -2.6154547 1260179545854
-4.19669 -7.5462475 -2.099935 1260179545914
-3.3913956 -11.138964 -0.095351696 1260179545957
-0.85960436 -13.780968 3.0674458 1260179545983
3.4319158 -15.140083 7.1045227 1260179545989
5.050122 -16.259783 9.73113 1260179546000
-2.4673433 -17.002531 7.559579 1260179546180
-14.7586975 -15.592255 4.418034 1260179546188
-15.39675 -8.9676485 11.909723 1260179546200
-3.8708172 -1.3132935 5.25352 1260179546207
2.8414302 -14.55113 0.09060836 1260179546217
1.1381087 -18.986952 0.49828315 1260179546226
-1.6871672 -3.021597 -2.5344193 1260179546237
-1.5688047 -14.5107355 -17.142387 1260179546246
3.3816485 -18.882917 -2.9771495 1260179546257
9.962068 -3.817562 -11.2490015 1260179546264
10.371069 -22.737362 -8.5556 1260179546275
0.78888583 -5.977424 -16.267742 1260179546285
-5.8334093 -18.68607 -7.735684 1260179546296
-0.8860173 -1.094574 -1.1142077 1260179546302
1.8293904 -14.314275 5.2509255 1260179546320
-8.654969 -11.436699 7.862364 1260179546329
-13.881557 -0.52323055 -0.6466441 1260179546340
-2.9553719 -0.38128328 10.610921 1260179546347
-3.29495 -15.18267 2.2277813 1260179546358
-16.896044 -19.970343 10.799726 1260179546366
-20.275951 -8.715757 3.4482856 1260179546379
-6.9605517 1.3621979 6.343827 1260179546388
1.7529058 -3.7171607 4.7251043 1260179546402
0.9569559 -10.017294 -3.3132293 1260179546413
4.66034 -7.9677157 -4.49328 1260179546424
10.017353 -0.21778011 1.8295904 1260179546436
1.3313696 -11.968738 -10.587257 1260179546444
-7.0469465 -20.640835 -1.9191833 1260179546461
-2.5917194 -5.048875 -6.237321 1260179546469
5.621437 -21.033512 1.471755 1260179546484
9.751803 -19.645609 -11.126727 1260179546505
9.416762 -6.361726 -8.162079 1260179546518
7.64423 -22.94035 -10.0368595 1260179546539
6.3142834 -9.573453 -4.6068034 1260179546559
5.5947466 -8.551947 -10.396377 1260179546576
3.7267847 -19.098602 -10.025093 1260179546599
-4.2672567 -0.32227135 -6.903881 1260179546619
-15.815474 -17.487415 -2.048476 1260179546643
-16.29019 -7.2364173 2.0769267 1260179546843
-3.2299066 -2.7155118 -9.0344095 1260179546855
-0.558547 -18.266237 -1.2708169 1260179546862
-12.480669 1.1935987 3.8786545 1260179546868
-16.922943 -11.592901 3.187301 1260179546878
-12.527464 -8.94737 -2.2247133 1260179546887
-9.82362 0.5864649 12.351074 1260179546899
-10.021036 -18.049068 11.139318 1260179546906
-11.549433 -7.862806 4.288353 1260179546914
-12.333164 -0.7285433 9.260531 1260179546921
