10.642293 -0.60775805 12.270385 1260255624006
9.500219 1.9618015 4.0121145 1260255624012
6.2243505 -13.654411 -4.0574512 1260255624026
0.4863391 1.3440909 -5.86422 1260255624051
-3.1088219 0.618876 -2.3488245 1260255624068
-4.2300873 -2.9135284 -7.6807375 1260255624074
-4.5414934 -7.6397586 -12.866255 1260255624093
-4.804679 -12.836837 -16.957287 1260255624107
-5.189842 -16.320501 -20.043837 1260255624113
-5.7092094 -11.734264 -22.296722 1260255624131
-6.1822605 1.1910663 -20.122852 1260255624144
-4.2870016 0.77532196 -2.2889352 1260255624160
4.551774 -2.7178526 -9.035822 1260255624180
4.308737 -4.087883 7.526946 1260255624201
-7.4053836 -13.243635 7.442036 1260255624221
-17.288404 -29.559853 17.076725 1260255624241
-17.723656 -35.281487 23.12675 1260255624260
-9.055755 -20.515575 13.076592 1260255624281
0.3764844 -7.5998573 18.326902 1260255624300
2.3777905 -9.694596 8.490774 1260255624498
-4.932172 -13.26848 -2.991829 1260255624504
-10.912177 -9.043746 -4.7021585 1260255624517
-9.910208 -6.2143617 -1.8180671 1260255624531
-6.1435757 5.8830624 -11.787232 1260255624540
0.11617136 -1.9906267 -26.398497 1260255624553
7.578088 -12.183386 -23.148176 1260255624562
13.168468 -2.173901 -18.828949 1260255624573
15.377438 5.8519187 -26.256044 1260255624582
13.9735985 -12.663331 -22.851582 1260255624593
10.702425 2.1333795 -25.94144 1260255624603
7.903407 -11.042953 -11.096522 1260255624611
7.444907 0.49747372 -8.300537 1260255624636
6.8368917 -5.143362 -2.9583015 1260255624644
3.4232154 -24.731207 -0.15414 1260255624656
-1.0268764 -29.696362 21.584568 1260255624669
-3.1946661 -17.13459 16.038568 1260255624675
-3.5799932 -32.709557 15.457104 1260255624691
-4.122639 -16.359638 26.026588 1260255624701
-4.3664103 -8.5509205 4.235163 1260255624721
-7.075353 -18.06558 5.3086 1260255624741
-11.569345 -6.6195593 0.75572884 1260255624760
6.196024 -1.382644 3.6071274 1260255624781
-9.937194 -8.72038 2.0141356 1260255624806
-4.2707567 1.6022255 -12.752762 1260255624825
-0.27168226 9.636515 -3.4501083 1260255624841
-16.212545 -3.4104335 -4.0037174 1260255624861
-5.219113 -7.0739574 -13.477688 1260255624881
3.2504373 6.7398334 -5.017809 1260255624901
5.958894 -11.801649 -8.902653 1260255624921
6.761547 0.8408134 -2.3737187 1260255624941
-0.5025183 3.0822349 -1.7937183 1260255624961
-7.836742 -10.103228 2.9329848 1260255624981
-5.724864 -27.311539 4.2241774 1260255625001
-0.28707165 -23.40966 19.076244 1260255625021
4.854501 -16.159313 10.171346 1260255625042
8.751642 -25.421513 6.473576 1260255625061
9.409105 -31.23661 7.5714116 1260255625080
7.9820232 -26.262243 -0.344406 1260255625291
5.3702354 -23.670639 -3.3157532 1260255625300
2.5626378 -11.127142 1.2662311 1260255625310
-0.251132 -0.6171622 -16.696075 1260255625324
-3.1350126 -16.877289 -12.1614895 1260255625333
-6.0362363 2.4729047 -8.775307 1260255625346
-8.503945 -10.822155 -18.347027 1260255625353
-9.6121025 -5.672032 -13.216843 1260255625368
-9.163669 0.5764737 -12.868865 1260255625374
-7.645646 -16.03882 -14.147653 1260255625387
-6.3600636 -2.88594 -21.153507 1260255625403
-6.2312756 1.689919 -7.5449243 1260255625410
-8.483066 -10.243771 -2.5200295 1260255625420
-13.244958 -14.405201 -3.3000593 1260255625433
-12.945137 -2.8327093 4.514737 1260255625443
-9.074435 -22.120502 2.4443893 1260255625457
-4.992421 -9.561981 18.937025 1260255625463
-1.3941011 -26.006802 9.743441 1260255625480
1.3102789 -9.6784115 16.030148 1260255625489
3.3587599 -26.88786 11.300893 1260255625502
4.629762 -9.048667 9.412336 1260255625509
5.052867 -8.274412 3.2251246 1260255625530
4.887951 -19.895891 2.2986302 1260255625544
