-5.2515197 -9.407107 9.668359 1260179461210
-5.3867025 -8.85319 7.7287087 1260179461219
-4.937483 -7.2195845 5.335659 1260179461231
-4.2016783 -5.0760665 3.5010705 1260179461238
-2.728148 -3.6527555 1.3193526 1260179461250
-0.52306175 -2.0505712 -0.5590162 1260179461258
4.2473598 -0.77338505 -2.4579473 1260179461271
9.924633 0.040524006 -1.9789543 1260179461279
14.6645565 1.1640689 2.8654854 1260179461291
14.883707 3.1660683 8.539161 1260179461303
10.468172 5.1857767 9.196297 1260179461312
3.406137 5.5625033 4.544894 1260179461318
-2.3394294 4.3493524 3.3301835 1260179461354
0.12079191 2.9026108 9.402479 1260179461372
10.565008 2.123747 12.420446 1260179461385
17.725464 1.4093616 6.7902822 1260179461395
15.414059 1.1220391 -0.7804074 1260179461406
7.6849203 1.797895 -1.9518547 1260179461414
1.6536913 2.8283012 2.233893 1260179461429
-0.6792002 3.534464 5.7047195 1260179461438
-0.9565196 1.7950692 5.557573 1260179461456
3.9383438 -2.0164359 3.271738 1260179461468
11.554388 -6.9773602 11.867173 1260179461478
1.7199757 -11.312233 23.997028 1260179461492
-10.706533 -13.755449 12.886559 1260179461503
0.56194985 -15.815405 8.585829 1260179461516
9.067908 2.7806516 5.055749 1260179461533
10.819672 4.009679 -0.95179033 1260179461545
12.505165 6.2491794 -8.682045 1260179461554
13.690664 6.474801 -15.481902 1260179461576
14.062776 6.375876 -19.265081 1260179461597
12.04282 6.484721 -17.706905 1260179461608
6.700713 5.7788115 -10.906549 1260179461785
1.9809198 -2.245699 -10.206977 1260179461808
13.399513 -14.25635 0.9736867 1260179461815
11.020754 -3.1809945 15.948904 1260179461826
-2.4669955 -2.2758245 11.155748 1260179461836
-7.7118826 -19.689993 23.888287 1260179461847
4.3640676 -18.166399 14.948244 1260179461854
3.9830136 -1.5339289 21.839304 1260179461867
-11.069403 -3.57275 7.7933946 1260179461875
-3.6845856 -8.797793 12.291242 1260179461886
4.2253404 -11.681925 -8.65085 1260179461898
9.651502 -5.726989 -22.42209 1260179461915
13.747566 3.7172256 -28.761938 1260179461926
15.108911 8.602531 -23.285479 1260179461932
11.401873 -2.2324216 -13.41977 1260179461944
6.1669607 -12.471722 -16.07876 1260179461953
13.718121 3.1857548 -7.299163 1260179461971
8.839382 -18.912207 1.6589055 1260179461977
-6.6902523 -11.375396 22.894054 1260179461990
-9.652243 -14.740717 32.178726 1260179462007
2.3733454 -17.86148 21.096218 1260179462019
-9.012303 -3.470368 11.84116 1260179462034
-12.151802 -13.331615 5.7854967 1260179462047
-6.1624465 6.83505 -1.0273571 1260179462069
-10.750175 -3.628058 -18.328403 1260179462091
-7.733254 -11.81182 -22.371346 1260179462117
-3.6964445 4.330354 -27.132294 1260179462129
-0.003742218 -5.4154778 -32.720173 1260179462150
5.7626987 -7.842286 -16.16954 1260179462172
14.696784 -5.4668474 -26.694092 1260179462186
19.27594 -1.6462107 -7.1768384 1260179462208
15.521044 -19.354538 7.295843 1260179462231
10.543672 -23.407812 19.353298 1260179462248
-0.2760191 -15.704189 14.724595 1260179462266
-13.562477 -21.497484 31.850853 1260179462290
-15.163768 -11.099425 30.502964 1260179462308
-1.7674375 -4.297657 12.868107 1260179462328
-8.277056 -10.553484 2.8736496 1260179462347
-7.948686 -0.5023861 -10.071452 1260179462371
4.080908 -2.168107 -7.488264 1260179462565
8.5662775 -11.735478 -24.083277 1260179462575
10.8013935 7.2209973 -30.219294 1260179462586
8.885199 -5.1046305 -20.202566 1260179462593
3.502028 -2.757751 -35.54918 1260179462606
0.22678375 2.8555164 -23.570068 1260179462618
5.370442 -6.2278714 -8.515597 1260179462629
15.963799 -17.325825 -8.343309 1260179462635
14.171961 -6.009286 4.019974 1260179462646
10.15719 -22.693638 12.074642 1260179462657
3.5604184 -7.0169477 23.62007 1260179462671
-6.234289 -24.16003 28.638103 1260179462679
-14.3974695 -6.971282 20.866074 1260179462691
-14.850079 -8.8411 17.171007 1260179462703
-6.0910707 -10.873269 24.591702 1260179462713
4.4396515 -13.44233 1.0608621 1260179462729
6.716179 -16.284073 -0.35122633 1260179462738
3.6608777 2.599761 -14.1878395 1260179462750
-0.4862852 -13.017187 -14.495527 1260179462768
1.7521925 -0.44709945 -14.902061 1260179462783
12.389582 -0.36699522 -28.14235 1260179462796
20.144703 -7.418301 -15.215252 1260179462806
7.300461 5.324258 -3.0486016 1260179462830
1.5756688 -6.044109 2.1513586 1260179462846
16.415512 -9.597463 1.5502133 1260179462867
-1.1701999 5.592716 4.3104267 1260179462889
-1.695271 -4.624194 10.9595 1260179462912
