17.082 -9.930841 8.733513 1260261090965
10.419505 -9.135082 8.603194 1260261090972
5.1632624 -8.749144 5.6542025 1260261090980
2.7924652 -7.36578 3.9132745 1260261090992
2.1326761 0.53478193 3.2119415 1260261091003
4.6318264 13.432752 2.423564 1260261091038
14.203695 13.372204 13.995426 1260261091051
8.463598 0.55951786 4.563571 1260261091059
-6.545816 1.1257286 8.35694 1260261091074
6.678484 10.369821 17.73302 1260261091091
-11.854997 12.0546 10.880959 1260261091097
-4.527442 4.5876756 24.875607 1260261091116
-7.7171917 -9.287884 8.235288 1260261091130
-18.909443 -16.88806 11.342814 1260261091148
-2.6109734 -3.4401088 7.7096796 1260261091163
-15.800602 -5.8796005 -6.9540653 1260261091176
-15.150366 -15.591917 0.08590841 1260261091191
-9.805848 -15.886229 -9.93252 1260261091211
-4.3792787 0.43296123 -28.36861 1260261091233
-17.139057 2.7025638 -22.238338 1260261091248
-10.07943 6.11785 -19.76357 1260261091269
2.3382387 -0.5744066 -32.931015 1260261091292
9.926344 13.477052 -33.673088 1260261091306
13.260489 17.621809 -28.258242 1260261091333
13.768849 3.9710555 -26.450428 1260261091347
12.014078 -8.750508 -15.579881 1260261091372
6.6175175 -19.360413 -11.534009 1260261091387
-8.162605 -12.008254 10.916374 1260261091405
-14.95739 -21.353949 16.45171 1260261091426
-3.820496 -5.3953567 28.038088 1260261091451
-2.838719 3.787197 22.39765 1260261091465
-17.049212 7.7568936 21.48188 1260261091673
-15.037058 8.435282 14.123072 1260261091685
-0.15857697 5.230876 11.212676 1260261091694
-17.150738 -3.5343108 -3.5279975 1260261091705
-0.31280994 -13.215574 -4.574004 1260261091712
-15.311485 -2.1124537 -15.705631 1260261091724
-17.165354 6.457137 -12.347995 1260261091732
-10.608412 2.4321122 -24.773766 1260261091744
-4.452654 -5.6291423 -27.695684 1260261091753
-0.6834736 -8.20779 -18.083614 1260261091764
1.3033133 9.969997 -22.298985 1260261091778
2.1953135 -7.0181336 -24.095808 1260261091788
2.5430408 9.20175 -26.624052 1260261091797
3.9478464 -9.717516 -26.91891 1260261091809
6.5991096 8.464358 -28.37179 1260261091818
8.01346 -11.00856 -31.71793 1260261091835
5.7728314 -11.580806 -20.225266 1260261091846
0.28614056 -8.067276 -17.111652 1260261091856
-4.95753 -13.234531 -15.177839 1260261091871
-6.2960095 -26.203056 -16.07558 1260261091879
-1.6852827 -19.943142 -1.2582102 1260261091894
6.603071 -14.947199 -12.148329 1260261091913
10.708065 -14.266418 3.3533812 1260261091927
9.792031 -15.029472 -1.8515829 1260261091948
4.5024576 0.9720421 5.740871 1260261091970
-10.264364 8.2833805 -2.1508346 1260261091986
3.5016055 -1.1007386 2.718524 1260261092009
-11.538826 2.889924 -12.427437 1260261092029
-16.108952 4.719496 -8.2489 1260261092055
-14.018841 12.71678 -5.960812 1260261092066
-11.240616 -2.8533902 -13.078648 1260261092090
-8.400048 10.229588 -22.691757 1260261092111
-6.561897 14.244989 -10.03269 1260261092133
-5.861105 1.0709238 -6.828744 1260261092151
-7.007697 -5.7564383 -17.355515 1260261092170
-9.461434 -1.1477859 -21.71365 1260261092193
-8.967301 6.648264 -13.839495 1260261092207
0.007386923 3.317009 -22.238136 1260261092230
