9.121249 -7.096231 12.291467 1260255956945
7.684245 -3.9396367 12.182926 1260255956957
7.5820456 -2.6205006 10.634308 1260255956965
8.6540785 -2.3226032 7.542487 1260255957003
10.052454 -3.2764406 4.0466237 1260255957014
11.073411 -6.7730145 3.4106154 1260255957023
10.681287 -14.48566 5.0543237 1260255957035
9.837832 -17.39663 -0.6327808 1260255957044
9.868114 2.6524487 -1.5523701 1260255957055
10.780131 -13.136105 -8.444877 1260255957062
12.192843 -11.120642 -6.016136 1260255957073
12.956703 2.5419827 -10.738992 1260255957082
13.151099 1.3367343 -18.4668 1260255957093
12.865751 -13.955126 -20.80627 1260255957102
11.778301 -7.761403 -14.655807 1260255957118
9.244157 3.9943018 -22.976048 1260255957130
5.0234313 -13.780506 -24.022108 1260255957139
-0.9005144 0.12626505 -8.036745 1260255957150
-10.406106 -15.944647 -11.760289 1260255957158
-8.550051 -16.840303 8.233944 1260255957165
0.7514458 -24.614798 7.393628 1260255957178
-7.1288295 -14.333442 17.647322 1260255957195
-19.893702 -35.25397 21.05303 1260255957203
-20.22725 -22.333588 21.156948 1260255957220
-10.405897 -16.176455 30.55632 1260255957230
-0.0768137 -27.860395 18.420765 1260255957239
0.91542196 -10.5713005 17.74645 1260255957253
-10.667326 -2.3194942 3.521785 1260255957276
-14.700218 -11.293407 -4.65578 1260255957292
-7.414871 -6.128641 -0.23954868 1260255957315
-4.9238725 -12.917932 -23.24995 1260255957338
-5.1442375 5.7220626 -24.9508 1260255957354
-3.896904 -5.0917892 -29.268312 1260255957373
-0.20924759 -6.427879 -23.169556 1260255957397
2.709654 8.969154 -28.935064 1260255957414
1.5679142 -12.13203 -23.874098 1260255957432
-3.8324263 2.7786236 -19.853865 1260255957454
-12.442472 -2.4830322 -5.5128245 1260255957477
-14.199839 -26.593307 8.101885 1260255957658
-11.866104 -16.928019 15.070482 1260255957672
-9.588679 -30.003944 23.263035 1260255957681
-6.8171167 -28.522125 21.569744 1260255957692
-1.5803738 -13.534817 11.388719 1260255957700
6.949547 -23.89277 -0.4675007 1260255957713
15.212627 -19.43331 3.1123872 1260255957719
7.8794146 -15.435595 4.1122847 1260255957730
-4.9122534 3.5555434 -0.6296923 1260255957739
-8.479947 -4.909301 -7.235678 1260255957755
2.0159643 -4.854624 4.659155 1260255957763
-11.401178 2.3126912 4.683258 1260255957775
-1.9147315 -8.857694 2.642727 1260255957783
-20.29123 5.389179 0.18197906 1260255957795
-1.3817673 -11.887604 -2.1286566 1260255957811
-10.23184 8.326632 -6.0817137 1260255957820
-12.362238 -9.3050585 -3.5119233 1260255957839
2.5718608 -12.206423 -7.1549325 1260255957851
13.472396 -3.3179617 -0.9563104 1260255957860
4.4491053 -21.706327 15.611678 1260255957879
-2.8076096 -22.816492 8.87531 1260255957892
-1.6725478 -21.937895 7.0725207 1260255957915
4.0396886 -34.600094 12.382458 1260255957934
7.647704 -17.858728 14.400681 1260255957959
6.1669874 -7.4906855 2.2357576 1260255957973
3.2257764 -4.4932566 -0.113707066 1260255957995
-0.923445 -16.172022 -5.175424 1260255958017
-4.6273475 0.30926418 -21.830349 1260255958038
-7.0931687 -6.0123954 -6.515065 1260255958054
-8.137858 -1.900449 -24.145264 1260255958075
-8.05341 0.69154286 -8.891727 1260255958099
-6.494541 -13.909733 -19.027325 1260255958111
-3.5768538 0.4437089 -22.876719 1260255958138
-4.2850537 0.7097359 -9.242005 1260255958157
-7.6287403 -8.431414 -3.6949759 1260255958176
-12.902847 -13.076025 -4.2146993 1260255958194
-15.077642 -11.997032 -7.529294 1260255958215
-10.188938 -15.08556 12.023074 1260255958237
-5.4020886 -17.894798 -1.4586945 1260255958418
