15.75486 -2.2923856 -4.5984592 1260179268360
14.905249 -3.7570057 -8.932026 1260179268369
15.906334 -1.8323967 -6.7440157 1260179268405
11.446091 0.34621286 -2.1946192 1260179268419
0.6767497 3.5539923 -8.887587 1260179268612
-0.8938184 0.3229118 -24.863104 1260179268622
12.1243925 -7.592379 -23.819256 1260179268633
14.935779 0.27619272 -26.04033 1260179268648
0.13813305 4.083192 -23.547789 1260179268659
-5.859857 -11.714637 -6.409785 1260179268674
7.9164605 -11.632923 -8.134459 1260179268682
1.9397118 -29.029114 15.472733 1260179268693
-12.510182 -33.296425 16.017456 1260179268703
3.1247268 -30.230186 20.606855 1260179268709
-6.8367167 -21.504152 35.12008 1260179268719
-13.144948 -6.7084136 19.46018 1260179268728
4.6570015 2.6748896 19.210558 1260179268739
5.4624515 0.49059105 4.1589785 1260179268758
5.1993275 7.5002813 1.7692546 1260179268766
0.7316514 7.6240044 -5.6569963 1260179268783
-2.5971642 -1.3110607 -12.187727 1260179268789
-3.0953064 -1.8493357 -26.807919 1260179268800
-1.8552155 16.024597 -29.54013 1260179268817
-0.62664557 5.6527066 -23.536028 1260179268825
2.505778 4.4097805 -35.846428 1260179268836
7.369772 -4.1849613 -11.559438 1260179268845
10.954935 -18.134499 -6.592279 1260179268859
11.652869 -11.719096 7.419613 1260179268878
12.042886 -32.17244 21.199036 1260179268897
12.787989 -34.78125 16.66486 1260179268906
12.546343 -20.84284 13.522088 1260179268924
12.983268 -10.7676325 17.094166 1260179268938
14.662455 -13.392354 12.054855 1260179268960
12.950907 -7.6801662 -6.5504656 1260179268982
8.1425085 16.842972 -11.353985 1260179268996
-7.6158857 11.116807 -20.457687 1260179269018
-12.996984 5.184537 -9.32634 1260179269042
-0.70096684 5.6900096 -7.839511 1260179269058
-22.958294 11.219652 -7.7777405 1260179269082
-7.623371 15.627981 -3.6129816 1260179269099
-12.228554 1.3539393 6.7499943 1260179269122
-20.155308 -1.9972651 4.1902027 1260179269136
-11.389816 -14.216227 -9.250543 1260179269157
-6.131059 -11.230537 -7.4020414 1260179269337
5.7612376 -14.513632 2.7986073 1260179269344
29.04721 -17.311966 -0.9141077 1260179269356
22.181387 -16.910473 -4.8014193 1260179269365
18.283852 -24.175932 8.665979 1260179269376
31.171778 -27.344296 2.9865727 1260179269386
11.954871 -21.626598 6.079335 1260179269397
7.91757 -11.940262 -7.6298265 1260179269405
16.286615 -10.043541 -1.0229691 1260179269423
10.166746 -4.7585936 1.3523536 1260179269433
9.785442 10.391935 -9.183713 1260179269443
3.9022937 -5.4170675 -17.744736 1260179269454
-4.599485 13.573625 -14.86895 1260179269464
-4.994475 15.208067 -19.404526 1260179269469
-12.7292 8.300147 -31.898327 1260179269487
-12.383979 -5.5499787 -33.028484 1260179269498
-2.5589764 -2.6010559 -16.643887 1260179269514
3.3847885 -5.809703 -16.72418 1260179269526
-0.9040203 -21.257072 -13.01339 1260179269537
-4.721874 -25.374859 18.698254 1260179269558
-6.4601326 -36.108894 15.587492 1260179269576
-6.6741443 -19.781157 18.375015 1260179269596
-5.713627 -8.258991 22.193308 1260179269618
-4.527416 -5.141165 22.816647 1260179269638
0.45908642 -5.582299 21.01482 1260179269663
12.899969 -14.891411 7.1395245 1260179269677
7.547537 -13.235582 6.187195 1260179269700
