1.8728547 12.134695 5.005685 1260256049694
-7.057436 15.007492 13.160826 1260256049701
-3.654903 13.586153 10.665488 1260256049714
7.0741987 7.8555994 5.3782687 1260256049750
7.9042935 -3.5621152 13.210589 1260256049759
-5.364728 -8.043873 0.9512186 1260256049775
4.555254 2.4350219 -5.8863716 1260256049784
-9.117861 -10.9577265 -10.403129 1260256049796
-8.304926 5.6766148 -17.196442 1260256049811
2.113192 2.7955995 -19.648148 1260256049822
-11.415884 -4.3033175 -25.473854 1260256049834
-17.888538 -1.8617396 -25.83403 1260256049856
-7.3338423 1.019454 -33.4649 1260256049875
1.0339746 2.0522432 -26.396793 1260256049891
-6.276643 1.7393641 -15.202174 1260256049915
-16.241488 -0.24132419 -17.97921 1260256050095
-14.823584 -4.2441134 -23.66591 1260256050102
-5.390433 -4.771981 -14.149687 1260256050114
2.8132753 5.142131 -8.359127 1260256050123
7.2252088 12.064997 -13.121837 1260256050134
8.332385 4.1915064 -8.109026 1260256050143
4.534981 6.601656 -4.9702463 1260256050155
-3.4209523 0.31186008 7.8843584 1260256050164
-11.122444 -2.0421572 9.386894 1260256050181
-16.704329 -14.73004 18.263166 1260256050192
-14.69714 -19.219099 15.934223 1260256050201
-6.8617 -0.69464874 30.050558 1260256050212
-7.5459023 -6.651207 31.089907 1260256050219
-19.42541 -5.0709677 19.3579 1260256050237
-25.14727 12.301474 24.776579 1260256050249
-17.613312 14.179203 16.32649 1260256050258
-4.6275306 4.7565327 9.546865 1260256050273
0.34688377 -4.8755984 12.89765 1260256050284
-12.121062 -2.8121037 -0.9025855 1260256050298
-9.455573 2.642785 -5.123854 1260256050316
0.62928724 -15.925278 -3.5775375 1260256050339
1.7985826 1.1738453 -8.969633 1260256050353
-0.06022358 -10.735216 -28.38657 1260256050374
-4.6180487 0.6380092 -17.43311 1260256050396
-9.033131 -4.409651 -34.86393 1260256050411
-12.416376 13.2325735 -29.912098 1260256050434
-14.671631 5.2050886 -28.205624 1260256050454
-15.83378 -4.482636 -29.281849 1260256050479
-16.361376 -4.011578 -27.887913 1260256050492
-16.304558 -2.1652684 -25.216982 1260256050516
-15.702907 -2.391499 -22.290453 1260256050535
-14.946444 -1.617351 -18.408482 1260256050558
-13.679043 1.2115173 -13.585847 1260256050575
-11.740204 -10.249966 -7.256204 1260256050595
-3.9016225 -16.308922 -2.4704125 1260256050641
10.513707 -18.953491 17.609941 1260256050691
15.389338 -11.65365 19.374285 1260256050700
7.4354124 -30.673466 29.044302 1260256050710
-2.1145616 -9.573969 23.3464 1260256050891
-5.1467376 -19.815489 24.287474 1260256050899
-3.5370102 -4.2750483 12.141129 1260256050910
-2.48061 3.401205 4.4265146 1260256050919
-6.766734 -1.0271044 7.2675986 1260256050930
-13.270882 19.099731 2.8382034 1260256050939
-15.380965 7.099642 -7.662666 1260256050950
-8.6286745 6.0431604 -1.2400513 1260256050957
-1.4996519 17.462614 -5.4565077 1260256050968
-8.4494 22.21695 -6.5104213 1260256050977
-21.164438 11.226077 -3.7380483 1260256050996
-15.293268 -1.1316338 -9.464431 1260256051003
-1.1559858 3.5941842 -2.6925683 1260256051014
-1.7200294 15.667559 -7.2239566 1260256051023
-6.4764514 0.55630875 1.9659729 1260256051034
-3.8719234 10.432279 -14.836433 1260256051054
7.4595466 -0.58433914 -1.0816934 1260256051060
4.9165344 16.321487 -3.0440059 1260256051072
12.681004 -3.9152124 4.6788244 1260256051083
0.221632 -0.012448788 0.39890742 1260256051097
17.826916 -4.58291 12.6387825 1260256051113
19.913115 -8.508979 11.211025 1260256051124
6.046398 -13.343355 18.007198 1260256051139
12.774067 -22.830658 6.0873814 1260256051159
23.06091 -18.93058 7.870307 1260256051173
1.9497461 2.3981576 3.9082456 1260256051194
17.201946 -11.721888 -6.915597 1260256051217
13.681862 -1.7561442 -16.575994 1260256051232
7.436811 5.839368 -6.7235103 1260256051256
5.977866 -7.88101 -14.380638 1260256051276
7.0485597 -4.1893263 -27.018112 1260256051299
8.539955 2.5567281 -28.194656 1260256051313
9.045458 4.8561687 -25.182934 1260256051336
7.5165396 2.5491118 -21.607365 1260256051356
3.7693162 -1.8328238 -21.558159 1260256051372
-0.96290994 -3.2752771 -26.213133 1260256051395
-5.736868 -0.011329174 -27.531834 1260256051415
-7.5816574 6.334959 -23.125797 1260256051441
-7.1400423 10.262563 -15.743842 1260256051617
-3.4016392 9.401567 -11.7810955 1260256051634
3.9640698 7.322095 -15.581111 1260256051643
13.72521 -9.370022 -11.239052 1260256051656
8.370655 2.1488914 -10.51259 1260256051662
-3.9773822 -14.32449 -2.550266 1260256051673
-4.8750334 1.2983112 4.7498827 1260256051682
-5.9012194 -19.083385 9.5012865 1260256051693
-8.689512 -0.4699707 13.232882 1260256051700
-8.48467 -6.783661 12.069252 1260256051718
-5.714281 -15.045052 15.810701 1260256051730
-2.1187887 -8.877252 23.68006 1260256051739
-0.2469945 -0.4393437 23.918003 1260256051750
-0.87256885 4.559658 20.73648 1260256051761
-4.345086 5.172586 14.738105 1260256051774
-5.2568927 1.5285679 5.681039 1260256051781
