7.391036 -6.519357 -2.671307 1260179622866
0.2148509 -13.226622 0.40502834 1260179622877
-5.4250064 -13.744657 4.669314 1260179622884
-1.1926107 -5.2783046 -6.1638474 1260179623087
7.4892044 -13.942308 -5.516978 1260179623118
10.450251 -13.160706 2.4959762 1260179623127
9.256217 -0.7755847 -0.19045067 1260179623140
5.2294674 -3.4470544 -14.57251 1260179623147
-2.8632903 -19.807148 -6.923723 1260179623159
-10.901739 -1.9930553 -5.325571 1260179623167
-1.6093326 -21.46698 1.1915758 1260179623181
-1.5011392 -21.255032 -0.68925977 1260179623193
-19.969414 -22.715042 9.200658 1260179623202
-4.4726334 -19.179161 7.301432 1260179623214
-8.847336 -7.89122 21.808584 1260179623223
-18.912586 2.1788974 10.648577 1260179623239
-0.873116 -0.24337006 14.168266 1260179623247
-3.7453814 -7.9241853 -2.1649432 1260179623258
-15.16674 -10.909634 3.136557 1260179623265
-8.549799 -5.950878 10.660757 1260179623278
-1.0895357 -9.41607 -10.910761 1260179623285
1.1660012 -12.701099 4.6574545 1260179623296
0.5277996 -15.914708 -18.039463 1260179623305
-1.1772852 -17.095272 -1.5680876 1260179623324
-3.5776978 -21.164356 -20.908937 1260179623336
-5.7386436 -24.266445 -5.760671 1260179623343
-7.4666944 -14.826971 -15.74862 1260179623355
-8.928785 -28.914215 -9.460305 1260179623366
-9.591843 -8.514897 -6.1518345 1260179623378
-8.75941 -14.849745 -14.650329 1260179623394
-3.6359062 -17.843374 1.8014812 1260179623403
3.2477775 0.09442711 -3.2175488 1260179623422
-15.301807 -16.853558 -1.5087283 1260179623438
-7.857769 2.3506246 -4.1111784 1260179623457
-2.3066769 -8.420434 -4.362732 1260179623479
-12.674954 -16.594007 4.912031 1260179623502
-13.305923 -13.265818 5.710529 1260179623516
-12.716119 -7.423851 5.742507 1260179623540
-12.300202 -0.47174644 5.4745364 1260179623562
-11.7172575 0.5330696 4.541726 1260179623579
-10.303031 -4.857778 1.2134771 1260179623597
