7.591158 -4.1683736 -5.060078 1260179306451
10.652111 -7.904107 -4.6021433 1260179306466
14.718575 -10.358864 -1.4245632 1260179306473
15.419279 -11.990413 2.0531003 1260179306506
9.384186 -12.33722 1.6457474 1260179306518
1.5497947 -12.106331 -2.4509068 1260179306539
-2.3721304 -10.901151 -5.151586 1260179306554
-2.4943042 -8.302934 -8.942406 1260179306573
7.615659 -5.3972673 -18.53055 1260179306584
13.900786 -7.7727036 -12.960934 1260179306593
1.8509843 -6.151843 -25.478401 1260179306608
-4.2782874 13.47909 -23.67354 1260179306619
8.748884 -0.48153496 -32.420254 1260179306632
13.920015 11.420044 -28.324926 1260179306647
2.000821 -5.417447 -16.219948 1260179306674
-6.074751 -11.152464 -16.93671 1260179306688
-0.5509827 -23.971603 -5.614225 1260179306888
9.4033 -11.258702 4.832367 1260179306897
-6.4965086 -30.25776 23.028105 1260179306909
-12.683685 -31.545261 24.12372 1260179306918
1.6676388 -24.196045 26.901749 1260179306930
-11.754869 -16.95128 17.260857 1260179306939
-10.810389 -12.576231 18.80656 1260179306951
3.1079607 -2.4047794 14.299067 1260179306958
-12.519758 13.186039 -3.6033993 1260179306970
0.8839328 2.4163938 -3.1720238 1260179306979
9.312206 -1.2888994 -24.195316 1260179306993
14.6728115 15.051519 -30.963156 1260179307009
16.9963 20.739492 -28.840395 1260179307016
15.861526 12.195515 -22.63944 1260179307027
13.330343 -11.4403715 -24.10375 1260179307037
12.041796 -21.21717 -10.857617 1260179307050
11.072173 -33.248096 0.5230321 1260179307067
10.585398 -17.76286 13.239839 1260179307075
10.332055 -37.096367 23.197136 1260179307093
9.266237 -20.750929 13.975766 1260179307104
9.04368 -15.613165 26.539442 1260179307115
10.62017 -23.750986 10.347519 1260179307130
13.728093 -1.1480494 4.7254653 1260179307148
9.665504 -6.656928 -4.0178137 1260179307167
9.999644 1.1067553 -9.374057 1260179307195
1.5407681 6.8153057 -11.996167 1260179307208
-14.8981495 12.518942 -13.418297 1260179307228
-11.321641 19.252552 1.8255024 1260179307252
-4.225136 21.035887 -9.847257 1260179307267
-20.829716 16.55245 -2.4631395 1260179307288
-5.32333 2.3470151 -12.404947 1260179307306
-16.186779 -3.9248028 -1.705365 1260179307333
-10.512247 -18.175274 -2.0442097 1260179307348
0.8782878 -27.320772 4.8669853 1260179307368
19.11283 -33.901573 4.907942 1260179307391
24.047892 -17.757133 5.3533196 1260179307407
11.185228 -33.71552 1.8451223 1260179307428
10.708129 -15.134687 0.54964066 1260179307449
22.133755 -16.451746 11.69175 1260179307637
14.537979 -18.957245 9.739917 1260179307650
-2.9283724 -0.5482211 2.291332 1260179307658
10.194786 1.9563403 7.254241 1260179307671
8.181948 -2.5174325 1.1488767 1260179307684
9.690859 -2.5536098 -10.07281 1260179307694
7.3248954 2.0888662 -14.223102 1260179307705
2.8946412 6.871275 -17.230757 1260179307714
-2.9675446 8.77717 -22.768688 1260179307723
-10.29073 4.9825315 -27.395275 1260179307735
-13.337736 -2.2047582 -33.942722 1260179307750
-4.329789 0.0020427704 -23.273098 1260179307757
-3.4627466 -23.702894 -11.2253895 1260179307768
-18.698963 -35.889137 1.9283693 1260179307777
-21.430712 -17.509987 11.053659 1260179307794
-10.156459 -32.859947 19.633049 1260179307809
-0.11662483 -13.136993 29.22322 1260179307817
5.1244407 -5.5683765 22.675838 1260179307834
9.210148 -13.451733 19.019888 1260179307845
12.165512 -13.21776 13.432964 1260179307857
4.205118 2.8271914 11.853835 1260179307872
-5.490717 -6.7710085 2.448709 1260179307893
11.144513 -13.752081 0.90372586 1260179307906
7.180068 -5.3506784 11.676645 1260179307928
3.4637036 4.269655 -3.4388041 1260179307958
