8.367521 -1.6632938 -0.62562513 1260255963964
12.966955 -2.861402 2.218615 1260255963971
13.980986 -3.8642654 6.7126417 1260255963982
12.044513 -6.1032977 13.207417 1260255963991
7.6885834 -7.1679287 16.324837 1260255964002
4.0669336 -5.551479 15.733252 1260255964041
1.9225383 -2.6233344 12.161135 1260255964050
0.90393114 -1.5732851 7.1681013 1260255964061
0.7759888 -3.4861655 0.73761225 1260255964070
1.390295 -10.390993 -4.462194 1260255964251
3.7263508 -19.764542 1.3477803 1260255964269
7.8863673 -1.1949444 1.3161417 1260255964280
9.128309 -18.45456 -6.8498116 1260255964289
1.8125161 -9.0965395 -1.5648584 1260255964300
-8.355699 2.4425426 -11.730225 1260255964307
-11.951643 0.17539454 -18.48577 1260255964315
-8.636884 -12.795797 -16.685764 1260255964327
-2.1708167 -13.899409 -31.733397 1260255964335
3.669016 1.4220572 -30.81535 1260255964348
6.8333006 -5.1116 -24.279305 1260255964359
4.325894 -15.142702 -21.720768 1260255964372
-5.686035 1.6193895 -23.439955 1260255964383
-16.587738 -19.809334 -17.495247 1260255964391
-12.163242 -10.786215 -4.22888 1260255964404
-1.0588875 -8.114447 -6.410615 1260255964414
-8.521801 -24.903687 -5.8968916 1260255964426
-21.399471 -31.242249 16.521122 1260255964442
-23.526157 -17.616436 19.868263 1260255964451
-15.691644 -34.562363 29.42598 1260255964462
-7.3622932 -17.71983 22.875725 1260255964469
-7.4293785 -21.005793 20.73643 1260255964491
-14.069175 -19.03066 33.74364 1260255964506
-20.31646 -6.9638824 16.909855 1260255964515
-19.171452 -22.887558 16.10094 1260255964532
-8.775643 -16.40488 -1.4886293 1260255964548
1.4086552 -7.4054728 -2.2893338 1260255964567
3.913447 -21.406143 -6.26984 1260255964589
6.2498946 -2.022376 -11.9139185 1260255964603
8.4315195 -19.232742 -17.924047 1260255964624
7.3925214 -5.497243 -30.48131 1260255964647
2.7601357 -10.10715 -17.763735 1260255964662
-3.0801766 -13.236545 -36.837505 1260255964685
-7.126678 -3.358986 -26.288166 1260255964703
-8.428459 -14.888469 -28.219515 1260255964729
-9.120293 3.5686946 -30.043716 1260255964743
-12.282249 -13.784645 -24.34582 1260255964765
-16.728516 0.43216848 -21.35494 1260255964787
-14.747959 -6.521553 -21.101284 1260255964973
-5.467459 -18.508797 -10.48103 1260255964984
-1.6060009 -18.93548 8.68118 1260255964993
1.3406057 -33.566555 18.755058 1260255965005
5.606776 -19.511145 24.613605 1260255965012
7.9579744 -36.21244 24.168194 1260255965023
4.3655157 -14.6375885 26.398289 1260255965032
-2.3181806 -30.315224 24.536987 1260255965044
-7.2555285 -7.9191566 15.762127 1260255965053
-9.501532 -14.248125 11.291433 1260255965067
-10.732886 -10.84071 6.862959 1260255965081
-7.2868724 7.1843314 0.2488302 1260255965090
6.587117 0.4308239 -4.3996577 1260255965101
-12.331728 -4.185127 -9.235264 1260255965111
-8.769658 -4.8691072 2.985322 1260255965127
-1.1857395 -10.172369 -7.150798 1260255965139
-19.0806 -6.7633653 -0.8890252 1260255965148
-18.368896 4.4509854 -6.9171 1260255965161
-5.244551 -14.759771 -4.4023166 1260255965173
-2.7030458 -0.7476163 -3.6427765 1260255965190
-8.844327 -5.9824615 -18.144047 1260255965207
-10.4800625 -5.8861732 -0.17594433 1260255965228
-3.7290223 -2.7091866 -17.88985 1260255965243
10.515547 2.9734764 -5.341669 1260255965265
2.4658823 -3.3956347 4.7712636 1260255965288
-7.4486113 -22.386639 9.320659 1260255965304
-4.4946833 -31.275509 17.3285 1260255965322
1.5086193 -21.050034 21.796925 1260255965345
7.1263876 -19.00492 10.280023 1260255965363
7.279382 -27.443436 10.311915 1260255965387
4.7143917 -30.18118 5.215873 1260255965402
3.2771912 -18.787514 0.45348144 1260255965425
1.5430875 -4.3265514 -6.339645 1260255965445
-1.4671111 -18.623888 -6.3406515 1260255965469
-3.7636497 -2.9072938 -21.352364 1260255965483
-3.4967535 -11.589067 -8.684134 1260255965504
-2.7579522 -2.252663 -26.491058 1260255965528
-2.5369492 -8.34733 -9.972797 1260255965541
-2.2745407 -7.1459007 -27.408669 1260255965731
-2.0789375 -0.26974106 -10.401832 1260255965748
-2.340387 -13.742847 -21.79896 1260255965760
-4.661486 4.145603 -18.719618 1260255965769
-10.657972 -8.6761 -5.2532644 1260255965775
-18.504696 -16.577663 -13.943529 1260255965786
-19.662346 -6.8815794 -3.411747 1260255965795
-9.209789 -2.1962528 -0.59147954 1260255965807
-4.3869705 -17.353031 1.0920401 1260255965818
-6.6653347 -20.060774 3.7849746 1260255965830
-7.8616695 -15.741848 21.456444 1260255965849
-6.4565625 -30.663574 14.567065 1260255965855
-2.728589 -14.654102 23.10068 1260255965864
1.3549633 -26.56101 15.585143 1260255965871
3.6423917 -12.6388445 11.862677 1260255965884
