9.559635 -2.3228726 6.6694417 1260255911143
1.065716 16.521524 1.7335806 1260255911155
-6.5061607 -1.04885 5.9415097 1260255911164
3.7992713 16.514736 12.644138 1260255911201
9.986509 3.6433926 9.813638 1260255911212
-6.907648 5.0881424 -1.0478868 1260255911224
-1.253941 15.013063 2.3521333 1260255911237
-1.4698136 8.589809 -9.827773 1260255911255
-6.917368 -4.052171 -10.610268 1260255911264
4.6693196 15.009127 -12.663282 1260255911275
-12.90436 -2.6175776 -17.94865 1260255911294
-9.183668 17.18496 -26.266228 1260255911318
3.6884851 7.165318 -22.190817 1260255911332
-4.065575 6.7056956 -16.636936 1260255911355
-14.892837 22.114616 -24.267624 1260255911377
-8.800904 9.637259 -13.957161 1260255911398
3.4775176 1.8379927 -22.728062 1260255911411
3.3155591 13.757612 -9.221902 1260255911431
-12.765036 0.3126582 0.42982674 1260255911630
2.1877522 3.0226564 5.5862207 1260255911640
2.897884 -11.935125 20.792667 1260255911651
-6.432489 -20.7298 32.11698 1260255911660
-15.7918 -17.461369 30.27621 1260255911671
-16.217302 -4.6237087 21.501778 1260255911678
-7.246131 7.022642 25.210865 1260255911689
2.72652 -7.1979938 19.41421 1260255911698
-3.139413 9.054374 15.816309 1260255911709
-12.144371 -4.482215 2.6628551 1260255911723
-0.38246727 17.498825 -11.07419 1260255911733
1.5912514 2.0292845 -18.52209 1260255911740
-0.56746817 24.805481 -25.378048 1260255911754
-3.267839 7.1439867 -27.97963 1260255911760
-5.4057026 26.511074 -26.991804 1260255911779
-7.902509 7.6015177 -33.570194 1260255911790
-9.830229 18.732662 -17.416452 1260255911799
-10.417719 14.691792 -28.951843 1260255911815
-11.375458 -0.24042225 -10.785934 1260255911824
-10.982758 6.761957 -3.7134147 1260255911838
-4.1021953 -11.495548 14.021671 1260255911860
9.530586 -23.821333 17.576538 1260255911873
18.569576 -27.613968 19.497837 1260255911894
12.032763 -25.471842 18.666601 1260255911916
-0.23432541 -14.374908 13.592255 1260255911932
-0.27631426 8.212729 12.291025 1260255911955
3.5349698 4.411878 17.744379 1260255911976
-1.1665316 12.744046 12.535521 1260255911999
-9.802915 24.087471 -3.5631492 1260255912012
-15.493294 9.905516 -3.6946998 1260255912035
-12.50085 15.945078 -13.300757 1260255912056
-2.449574 23.47182 -0.63848114 1260255912078
-0.54978085 3.6860743 -5.137445 1260255912094
-13.342155 19.761396 -1.2794609 1260255912116
-16.637028 2.8919997 -1.1934941 1260255912138
-5.152899 8.371407 -15.251102 1260255912152
1.1066458 14.145975 -0.10726452 1260255912176
-3.421463 -0.795249 -2.3797953 1260255912196
2.8121092 7.258067 5.914689 1260255912379
8.251949 9.183399 9.093634 1260255912393
14.040129 -7.9853506 -2.7558088 1260255912403
21.122456 -18.253302 14.433367 1260255912414
8.185774 -23.862358 18.047703 1260255912423
0.9343853 -24.444464 10.25691 1260255912435
12.1035595 -17.482292 10.905783 1260255912442
4.834609 2.5543914 -8.953631 1260255912453
-4.7003913 2.286413 -10.320253 1260255912462
-6.8834634 -3.5190744 -12.0823145 1260255912473
-6.7588205 13.123171 -7.959893 1260255912492
-2.737167 15.133163 -24.428913 1260255912498
3.234747 5.629037 -10.749534 1260255912510
6.13148 22.03627 -16.809717 1260255912518
0.43011236 2.5924273 -17.810156 1260255912533
-9.877966 21.788288 -19.305573 1260255912543
-15.066628 2.4937305 -17.497065 1260255912554
-11.594408 22.04131 -16.882246 1260255912573
-4.154926 3.2318602 -10.520739 1260255912582
2.4308047 14.501191 -21.029306 1260255912601
6.5984583 14.13384 -5.1209245 1260255912614
8.303397 -3.8058863 -5.251932 1260255912636
-6.8449354 5.2700877 -5.354569 1260255912659
-1.8306928 -4.3982105 11.57708 1260255912672
8.881736 -12.710952 12.882443 1260255912694
15.158609 -12.955561 11.489429 1260255912717
12.976419 -2.101044 3.3747334 1260255912731
