2.7575457 6.4324303 -8.19205 1260255992446
-2.3910723 5.362663 1.8837932 1260255992453
-2.864737 -8.068173 -3.2643595 1260255992465
-2.4838386 1.016241 -4.8835835 1260255992483
-1.7335181 9.9675255 -8.418574 1260255992498
1.6988935 12.831229 -8.819522 1260255992513
9.637867 12.927183 -7.8824835 1260255992522
16.883247 13.128196 -11.939586 1260255992534
10.300539 14.730451 -15.641118 1260255992543
-2.2346067 13.128669 -18.953836 1260255992558
4.8251815 3.7025752 -29.988647 1260255992571
15.139032 0.40419006 -18.762484 1260255992580
2.6182635 12.898228 -19.090866 1260255992598
-0.96810335 5.0732355 5.4708986 1260255992605
-3.9579544 -13.692564 -0.93498707 1260255992633
-11.687489 -25.579865 13.397503 1260255992654
0.94789124 -13.505174 26.275265 1260255992671
-15.804522 -16.218906 20.256012 1260255992682
-3.937113 -18.375574 12.277922 1260255992691
4.145755 -0.97486067 8.636396 1260255992705
-11.931743 -2.7048802 -0.37763596 1260255992712
5.655424 6.728594 -6.454477 1260255992729
-2.3863022 9.921359 -7.4727116 1260255992745
-7.905483 7.7425804 -18.333584 1260255992757
-5.35202 4.435706 -26.249903 1260255992763
-1.1209431 14.190421 -24.07119 1260255992783
1.7306709 15.536154 -16.559982 1260255992790
15.872795 -12.145302 -7.7068825 1260255992802
15.551503 -23.117943 7.5702586 1260255992811
12.105547 -17.087503 22.385939 1260255992825
8.667158 -6.5089526 12.727587 1260255992837
2.3695326 -12.913341 23.271952 1260255992843
-6.8607583 -5.7873993 6.5721602 1260255992866
-9.129105 -2.7521663 7.9622707 1260255993055
3.5983899 9.83982 -5.3798313 1260255993072
2.7021477 9.027805 -9.211751 1260255993079
-10.05384 20.208336 -1.093591 1260255993085
-11.279366 -0.7972584 -6.97529 1260255993105
-5.2072377 -7.8962317 -1.1158862 1260255993118
-6.450635 1.5029979 1.353653 1260255993125
-2.9589324 -12.4948845 -0.17020416 1260255993137
3.5236735 -25.976398 1.9247034 1260255993145
12.655706 -19.41078 13.579081 1260255993161
19.186693 -3.4210358 2.2297413 1260255993178
10.696751 -9.743691 -11.308396 1260255993193
-0.54402447 -10.273668 -4.7327085 1260255993204
-1.7442966 4.9674067 -12.176762 1260255993210
-2.273869 4.1145 -22.086138 1260255993227
-3.4871812 -5.1645236 -22.155813 1260255993239
-4.596518 1.3874545 -22.40224 1260255993249
-4.995199 9.237978 -23.511068 1260255993264
-4.6713676 12.242706 -21.12228 1260255993273
-2.4047685 9.978048 -12.124493 1260255993290
3.7978225 -11.705553 -3.7313933 1260255993296
8.731752 -12.728398 -0.71677154 1260255993315
4.95745 -22.646355 5.1035633 1260255993333
-0.67355263 -11.218174 16.046986 1260255993339
-4.548902 -11.667325 1.2533188 1260255993355
-6.1987586 -22.89206 11.578682 1260255993371
-6.651276 -3.3253965 6.899544 1260255993380
-5.4395175 -17.255348 11.636369 1260255993403
-2.2784848 -6.8218007 -0.052571297 1260255993423
4.812588 3.2688212 10.607832 1260255993442
14.359349 -8.159739 7.7133102 1260255993461
7.5329695 -13.014721 6.5450115 1260255993483
