4.458899 -12.4880085 5.8902016 1260261215204
12.732666 -6.9180765 10.430727 1260261215214
-2.850092 3.7064877 7.1752977 1260261215224
1.1477075 -2.7501936 13.000794 1260261215232
14.399595 -14.762281 8.939059 1260261215246
12.624175 -16.046406 11.88833 1260261215254
2.949603 -10.368672 19.486343 1260261215265
-3.5389132 -4.634349 14.252244 1260261215274
-2.7847757 -0.7077966 7.998441 1260261215284
1.028214 2.3270679 7.285714 1260261215294
4.9456615 3.7304206 10.906814 1260261215300
7.728035 -3.6433003 14.426944 1260261215311
11.122141 -13.122435 -2.0820107 1260261215319
12.255728 -11.619093 -6.7892485 1260261215365
12.466373 -5.5813956 -12.042285 1260261215374
12.294437 -0.2653606 -16.727097 1260261215380
11.107381 0.24551797 -19.366814 1260261215392
5.8987365 -8.113245 -21.58945 1260261215404
-12.96014 -15.021957 -1.457232 1260261215413
-12.269064 -15.799956 -3.911058 1260261215425
-1.8394976 -9.075651 12.187928 1260261215437
-4.157199 -5.244111 19.042961 1260261215454
-9.351707 -7.0613155 7.247435 1260261215460
-6.5442643 -3.5474405 5.547281 1260261215471
5.428566 -10.078124 -21.365803 1260261215479
15.591307 -18.71553 -22.698395 1260261215491
17.136948 -11.760691 -25.673258 1260261215507
11.48336 2.7917252 -21.22321 1260261215516
6.8516226 -9.504903 -4.7047367 1260261215529
5.342204 3.4986691 -0.2491374 1260261215546
-13.613653 -9.132183 0.29522228 1260261215560
-15.325146 -7.3177457 5.388371 1260261215575
-3.6430907 -1.0526314 19.82321 1260261215587
1.4139977 -17.860373 10.790511 1260261215609
-4.9195795 -12.5948715 16.684944 1260261215631
-9.502559 -11.349801 12.543327 1260261215808
-7.0382347 -21.319496 6.887912 1260261215818
0.48664272 -27.593517 -7.369735 1260261215828
10.75525 -14.811752 -11.063944 1260261215838
16.698856 -22.524021 -13.352531 1260261215851
10.305987 -27.406313 -5.778409 1260261215859
1.0420914 -12.185055 -19.63355 1260261215893
-0.40451813 -26.96739 -18.979876 1260261215899
3.914091 -5.1212234 -16.21095 1260261215957
9.421319 -18.233307 -4.82246 1260261215968
8.482727 -5.6633644 -15.6061535 1260261215977
2.538197 -0.6853161 1.5987849 1260261215989
-13.301989 -7.9858723 -4.7024093 1260261215998
2.8522434 -2.3588328 -5.4954576 1260261216008
-19.83323 -7.7044873 4.2795453 1260261216015
-7.296752 -4.769672 14.635817 1260261216026
-17.298397 6.937399 12.3042555 1260261216038
-28.166374 -15.190163 10.367278 1260261216057
-9.866381 0.064165115 8.948294 1260261216069
-7.519275 -16.809488 -3.3342676 1260261216078
-8.485463 -3.3318653 -0.34889555 1260261216089
2.904611 -15.848146 3.17623 1260261216106
12.438578 -30.40629 -9.97995 1260261216115
4.3289404 -17.163307 -9.869503 1260261216129
-0.44452095 -25.44798 -20.55399 1260261216140
9.607172 -27.900951 -33.65984 1260261216165
16.51439 -10.436819 -22.93332 1260261216177
11.157609 -24.849968 -21.279491 1260261216195
2.0485148 -5.7062793 -8.106497 1260261216210
-1.26209 -6.694787 -21.132378 1260261216230
2.3851118 -14.586023 -5.374604 1260261216246
1.516604 5.523265 -6.2809553 1260261216269
-12.244621 -11.934859 -9.075852 1260261216290
-16.193733 7.786161 -8.015079 1260261216312
-4.9545393 -11.843444 -12.274914 1260261216327
2.360093 -7.2873654 -5.3711143 1260261216350
0.485559 -0.7346859 -9.470318 1260261216371
-4.803666 -3.0014687 -5.469326 1260261216394
-6.3286524 -24.329971 5.834584 1260261216589
-3.406467 -6.876419 10.811459 1260261216648
2.0589554 -26.790985 9.186968 1260261216660
7.694998 -9.709797 14.287518 1260261216672
8.167969 -18.793673 16.97358 1260261216684
0.5273306 -8.377745 2.4953642 1260261216695
-7.3385935 -11.3064375 13.951251 1260261216706
-2.2319994 -3.9499145 17.551512 1260261216715
12.272181 -6.20514 3.0342946 1260261216727
5.2549887 -12.657127 -2.1949239 1260261216734
-5.541585 2.190371 4.198127 1260261216763
8.446449 -1.6602921 -5.1792755 1260261216778
12.281934 -12.962303 4.925228 1260261216792
-0.6402452 0.9529867 4.42718 1260261216798
-5.8598566 -4.124357 0.086027145 1260261216816
4.2661505 -12.244397 -13.191521 1260261216832
13.760656 -0.38135266 -6.707982 1260261216839
13.225666 0.017617702 -7.612926 1260261216853
5.390945 -9.853994 -20.846024 1260261216859
-2.41184 6.533675 -13.240166 1260261216873
-3.639524 -9.350959 -4.3503184 1260261216884
-4.878048 -3.9549627 3.321539 1260261216889
-9.802599 -18.499422 5.2579155 1260261216906
-12.026358 -24.535976 13.760363 1260261216920
-10.298033 -9.787819 19.622368 1260261216928
-5.8375654 -23.0909 12.509326 1260261216942
-0.44355386 -12.601167 -6.162306 1260261216947
1.6222401 -4.893835 2.077198 1260261216959
1.7583537 -7.4605904 -26.42902 1260261216986
0.48510408 3.2100222 -18.199015 1260261216995
-1.4414163 -12.889559 -30.296625 1260261217016
-3.3573484 -5.651556 -21.778265 1260261217036
-4.431545 -2.888729 -14.404596 1260261217055
-7.287162 -7.1391087 -4.3173456 1260261217076
-11.968208 -20.615364 7.6692057 1260261217106
-10.985907 -21.896168 7.7076283 1260261217127
-3.835768 -18.14389 28.863186 1260261217145
3.6252851 -4.6972203 12.880131 1260261217165
0.81184983 -2.2802262 -6.6040516 1260261217356
7.0870743 -5.6346316 -3.7576518 1260261217377
13.305771 -9.563755 -24.687794 1260261217390
15.098934 -4.735295 -24.01057 1260261217399
12.78079 -22.896748 -21.949764 1260261217412
8.807375 -18.519444 -7.012741 1260261217420
7.5737305 -8.655833 -3.440336 1260261217433
-8.026707 -6.6155024 10.058306 1260261217439
-12.7097645 -10.133974 4.7225003 1260261217451
-1.2558403 -6.4688993 12.200875 1260261217459
-15.752897 1.1763256 3.5415535 1260261217474
-19.049389 10.993857 13.586789 1260261217506
-13.169456 -5.456609 14.755406 1260261217515
-24.789192 -2.7993295 8.6082735 1260261217526
-6.9297295 -16.78096 -2.619023 1260261217534
-11.225092 -6.9334774 -13.798703 1260261217552
-12.866133 -15.3674555 -2.8595228 1260261217563
-10.200069 -22.915733 -26.82624 1260261217572
-4.0400105 -11.557392 -20.95884 1260261217578
2.5860424 -31.840038 -23.976896 1260261217606
6.293201 -19.764519 -28.337488 1260261217613
6.0083313 -12.8869915 -27.693684 1260261217631
2.8717172 -22.362436 -17.758108 1260261217640
3.5737448 2.3254647 -8.1246395 1260261217656
-15.081804 6.9715996 4.8677464 1260261217670
-18.314898 0.1455282 9.911942 1260261217687
-18.082188 -10.811439 20.857735 1260261217706
-17.322695 1.3942261 18.642319 1260261217725
-15.670296 -20.062418 19.464043 1260261217746
-13.681322 -30.07899 3.6831002 1260261217766
-13.889616 -18.11874 -2.6238728 1260261217786
-14.306318 -14.8786125 -18.003422 1260261217805
-11.974936 -24.466991 -22.229763 1260261217825
-7.420376 -3.5516138 -17.651249 1260261217846
-3.0354595 -19.87436 -19.726032 1260261217866
-1.3362379 2.1235561 -17.024693 1260261217885
-3.2935956 -15.204387 -13.705859 1260261217905
-7.8840084 6.1747866 -13.281553 1260261217925
-14.803585 -11.637002 -12.875006 1260261218153
-5.703744 -21.052656 15.961905 1260261218159
1.7883999 -9.156258 3.519186 1260261218178
6.7261868 -16.212559 -1.2745297 1260261218189
8.274512 -23.083126 2.6105757 1260261218205
6.967138 -17.873793 -2.2089174 1260261218225
