-0.8394451 4.4772205 5.1371503 1260261056357
-0.48204994 5.723217 4.545388 1260261056366
0.2778206 6.23849 4.2805085 1260261056378
1.177288 5.755604 3.4374828 1260261056387
1.1289568 4.815427 3.4460385 1260261056425
2.1996803 4.2500935 3.0726347 1260261056437
2.3211212 3.2739391 2.9793851 1260261056445
1.5991278 1.0325141 5.262475 1260261056457
0.9710531 -2.210397 7.341479 1260261056469
1.3854814 -6.0748563 11.282869 1260261056482
5.123077 -7.618969 5.790864 1260261056663
9.395853 -0.66201663 -4.0887156 1260261056674
13.263307 13.691307 1.8674133 1260261056683
11.236281 14.656676 -3.1228313 1260261056694
-0.7260816 15.539612 -3.8666465 1260261056703
-3.7984266 13.972541 -5.284962 1260261056715
11.827578 5.7447243 -5.3445725 1260261056724
15.728111 -4.0327444 -18.570486 1260261056735
7.242219 -9.892454 -18.125889 1260261056745
3.5487442 0.58150816 -13.977594 1260261056761
4.1347675 -6.842167 -15.649525 1260261056769
4.725425 -3.1074672 -13.178338 1260261056782
5.948577 -15.782573 -11.463301 1260261056793
9.642101 -16.031012 11.733755 1260261056803
15.939585 -9.720354 2.2295442 1260261056814
15.42448 -20.733932 12.513407 1260261056828
0.54959846 -11.388217 5.974948 1260261056839
-6.0760274 -2.1305113 20.427113 1260261056848
8.9012785 1.0854617 16.613186 1260261056862
-8.406259 -2.008584 4.9447656 1260261056876
-0.2711234 -5.333046 9.375066 1260261056887
-9.554089 8.926743 16.221947 1260261056904
-0.7998781 14.488935 10.681407 1260261056920
-15.810438 -1.5992203 0.9900782 1260261056943
2.0893764 2.902726 1.6734563 1260261056963
-14.291899 12.717718 -3.8900898 1260261056980
-10.092732 9.213263 -7.623652 1260261057001
3.8317585 -8.648595 -3.8311334 1260261057028
-11.2390175 -5.2039585 -9.162222 1260261057039
-9.170601 -2.6129842 3.6614306 1260261057061
-2.9454541 -8.414911 5.30221 1260261057081
-2.57031 -14.833217 -0.07141304 1260261057103
-5.2987576 -16.948605 -6.948613 1260261057119
-5.437918 -15.836384 -7.9534144 1260261057140
1.601274 -11.233189 -2.0795116 1260261057162
11.944578 -2.9196882 -4.3263845 1260261057177
16.893354 -1.7855883 -10.616542 1260261057199
13.826576 -18.32329 -5.2968974 1260261057224
7.988442 -15.348287 -20.606113 1260261057427
2.9803705 -2.6172676 -12.463096 1260261057433
-0.32573557 -18.349194 -10.96228 1260261057439
-1.9602852 -14.848389 -19.59446 1260261057456
-1.2119322 -2.268134 -19.05819 1260261057469
2.0482779 -19.522705 -21.93055 1260261057478
5.3526216 -5.9968476 -10.630285 1260261057490
10.122493 -13.353224 -26.177155 1260261057505
15.333066 -9.623596 -8.799755 1260261057514
16.406889 -7.6295276 -15.634948 1260261057526
15.319187 -6.372487 -15.257399 1260261057536
9.458748 -4.436434 -0.67451954 1260261057550
2.52144 0.33159924 -14.990812 1260261057556
-4.260547 -14.20688 -4.4735107 1260261057563
-5.371228 -0.32883096 -6.782627 1260261057578
2.3060217 5.3218217 1.8361155 1260261057587
12.771462 -6.8956604 2.0482893 1260261057595
