6.7351456 10.932108 5.184 1260255814947
5.825604 -0.15920234 8.9535055 1260255814953
12.327241 -6.635895 -1.2687601 1260255814985
6.519864 -5.141387 -2.8533149 1260255814999
-4.8738737 0.47246122 -16.45707 1260255815004
12.9080715 5.3781824 -17.708447 1260255815021
-4.4421754 7.415458 -15.180429 1260255815030
4.5031624 5.879682 -32.97039 1260255815051
9.392975 0.6286464 -18.26512 1260255815070
-6.9100394 -2.1511893 -21.56421 1260255815090
-7.454853 -3.5132241 -17.478107 1260255815108
5.327596 0.7054107 -2.3039646 1260255815131
10.597906 -9.757966 -1.3772876 1260255815151
-11.073278 -11.385207 9.58426 1260255815171
2.7237163 -8.340801 14.495956 1260255815360
-10.88835 -22.68899 13.248701 1260255815374
-10.759389 -27.175915 18.929914 1260255815383
-1.8006387 -7.3562746 20.879381 1260255815395
-17.167084 -12.39735 20.528648 1260255815404
2.500794 -9.425734 18.939716 1260255815416
-13.941734 6.3475924 4.5788307 1260255815423
5.6864157 12.807846 -0.89261776 1260255815434
-1.7492218 16.123848 -8.076282 1260255815442
-7.6492496 16.074804 -13.223587 1260255815454
-7.8646374 9.838107 -24.677116 1260255815472
-4.728176 5.101986 -28.336836 1260255815479
-0.66868067 12.8030405 -20.729343 1260255815491
3.5139117 21.241922 -24.968311 1260255815500
7.307633 13.106428 -32.96918 1260255815515
9.998552 -3.0550785 -22.994669 1260255815524
11.233832 -9.023966 -10.851788 1260255815536
11.002426 -10.546429 6.194634 1260255815550
12.240583 -19.8793 17.036797 1260255815561
14.384021 -30.431473 21.117939 1260255815579
15.463087 -30.504631 16.815971 1260255815594
13.858942 -14.177021 15.846297 1260255815651
8.942481 -11.162836 27.38118 1260255815662
0.5498266 -12.938953 8.572547 1260255815673
2.0642738 -5.0051575 -0.9701824 1260255815685
4.558923 17.004406 0.5350836 1260255815701
-3.6503522 1.4131451 -3.2713256 1260255815720
-10.79462 22.487934 -5.8038254 1260255815733
-2.8985481 4.591565 -11.944967 1260255815755
1.5531936 15.018852 -11.291932 1260255815778
-17.567234 12.084009 -6.961167 1260255815792
0.007829666 -4.292942 -2.9594157 1260255815814
-15.965229 6.1206694 3.5839431 1260255815837
1.724937 9.987373 1.0592675 1260255815854
-10.156027 -4.027413 -7.934463 1260255815872
-2.0000486 11.255644 1.6567845 1260255815894
14.425657 -6.4551945 -3.7841663 1260255815918
11.2227955 1.4139553 -12.076833 1260255815932
20.63784 -10.804897 10.70527 1260255816132
8.746923 -19.468052 8.392765 1260255816150
14.31993 -25.42568 2.2113752 1260255816159
21.516962 -28.577562 6.304302 1260255816171
24.742245 -27.18267 10.51808 1260255816180
12.125607 -15.944616 -2.0112567 1260255816191
-0.7000923 1.9885788 3.2330942 1260255816198
8.751964 -10.639818 -9.6599865 1260255816210
10.371072 -5.273633 -0.32938385 1260255816219
6.7116137 5.877095 -2.862967 1260255816230
1.369468 9.368017 -6.1818795 1260255816242
-3.9180496 8.176268 -9.483292 1260255816256
-6.7397094 2.5387 -16.175835 1260255816264
-6.806114 -2.3157725 -21.632277 1260255816276
-4.8260784 3.1657186 -16.208687 1260255816285
-1.0679641 13.451579 -15.673102 1260255816297
3.763089 10.705093 -26.053282 1260255816313
8.087309 -3.0705304 -23.908764 1260255816322
10.724215 -9.077812 -14.267969 1260255816336
12.129541 -8.415023 -10.997763 1260255816352
11.681894 -13.218267 -9.814 1260255816363
4.789027 2.6586537 -8.154457 1260255816376
-0.583549 -0.94058514 4.891734 1260255816392
-1.8131671 -15.603869 14.554634 1260255816415
-1.7318072 -23.763798 10.503138 1260255816438
-1.0517793 -7.2728453 14.190865 1260255816452
-0.7630038 -21.390411 20.488317 1260255816473
-1.5696568 -10.798828 7.659161 1260255816497
-3.1430726 -11.880429 11.694154 1260255816515
