310.19336 -8.63567 63.107563 11.449501 7.2822733 -3.1634974 1260261088019
310.19336 -8.63567 63.107563 13.250865 8.249242 -2.012226 1260261088028
310.7337 -8.503886 63.452187 13.250865 8.249242 -2.012226 1260261088032
310.7337 -8.503886 63.452187 16.824629 8.9735365 -0.8889363 1260261088037
310.79703 -8.3286915 64.02958 16.824629 8.9735365 -0.8889363 1260261088214
310.79703 -8.3286915 64.02958 20.635078 9.669793 1.3229853 1260261088217
310.75717 -8.162257 64.8281 20.635078 9.669793 1.3229853 1260261088225
310.75717 -8.162257 64.8281 20.70795 10.305056 3.1204805 1260261088229
310.7193 -8.054144 65.6867 20.70795 10.305056 3.1204805 1260261088266
310.7193 -8.054144 65.6867 14.607849 10.952751 2.72704 1260261088273
310.98334 -8.151437 66.40237 14.607849 10.952751 2.72704 1260261088276
310.98334 -8.151437 66.40237 7.501576 11.358209 2.9798288 1260261088285
311.33417 -16.043865 66.88225 7.501576 11.358209 2.9798288 1260261088288
311.33417 -16.043865 66.88225 3.357036 -0.5334554 5.4012847 1260261088294
295.76746 -16.391672 66.88814 3.357036 -0.5334554 5.4012847 1260261088297
295.76746 -16.391672 66.88814 2.000516 -2.008945 5.2747755 1260261088300
298.77908 -23.322088 66.79373 2.000516 -2.008945 5.2747755 1260261088308
298.77908 -23.322088 66.79373 2.27176 -5.1200743 1.4652237 1260261088311
301.74014 -29.755983 66.55405 2.27176 -5.1200743 1.4652237 1260261088315
301.74014 -29.755983 66.55405 3.069056 -5.3208513 -0.08770931 1260261088320
286.85315 -35.668182 66.07635 3.069056 -5.3208513 -0.08770931 1260261088329
286.85315 -35.668182 66.07635 6.607117 -3.9591317 3.1847315 1260261088333
289.0605 -41.48477 65.62253 6.607117 -3.9591317 3.1847315 1260261088338
289.0605 -41.48477 65.62253 10.887277 -1.702991 4.6622562 1260261088345
291.75745 -46.760532 64.8414 10.887277 -1.702991 4.6622562 1260261088351
291.75745 -46.760532 64.8414 15.014551 7.882434 1.1944826 1260261088354
294.61957 -51.572506 63.89933 15.014551 7.882434 1.1944826 1260261088358
294.61957 -51.572506 63.89933 13.937463 13.901282 -1.3963097 1260261088366
297.03857 -56.193882 63.054363 13.937463 13.901282 -1.3963097 1260261088370
297.03857 -56.193882 63.054363 7.025114 0.49100232 6.5659266 1260261088375
298.43665 -60.784187 62.451645 7.025114 0.49100232 6.5659266 1260261088378
298.43665 -60.784187 62.451645 0.8714199 -5.614856 -6.151923 1260261088386
298.6148 -65.39498 62.279064 0.8714199 -5.614856 -6.151923 1260261088392
298.6148 -65.39498 62.279064 -0.691762 7.741601 -8.304636 1260261088404
296.73407 -70.02523 62.46511 -0.691762 7.741601 -8.304636 1260261088409
296.73407 -70.02523 62.46511 1.0623896 9.63152 4.891467 1260261088413
293.14737 -74.52397 62.841854 1.0623896 9.63152 4.891467 1260261088418
293.14737 -74.52397 62.841854 4.783408 -5.8419237 5.9465694 1260261088424
289.39 -78.64777 63.049763 4.783408 -5.8419237 5.9465694 1260261088427
289.39 -78.64777 63.049763 6.940257 1.0007439 -9.689606 1260261088433
290.22052 -82.26539 62.947273 6.940257 1.0007439 -9.689606 1260261088436
290.22052 -82.26539 62.947273 6.1681366 8.168143 7.7809896 1260261088445
293.6095 -85.30212 62.44991 6.1681366 8.168143 7.7809896 1260261088448
293.6095 -85.30212 62.44991 1.2642407 -0.7857635 -8.61471 1260261088454
280.22903 -87.68701 61.477413 1.2642407 -0.7857635 -8.61471 1260261088458
280.22903 -87.68701 61.477413 -5.0904293 2.1360939 1.315 1260261088467
269.8176 -86.25266 59.90354 -5.0904293 2.1360939 1.315 1260261088472
269.8176 -86.25266 59.90354 1.1945386 -4.1045947 2.1645243 1260261088484
260.9767 -85.69003 57.308365 1.1945386 -4.1045947 2.1645243 1260261088489
260.9767 -85.69003 57.308365 7.7027025 -0.947484 -3.0723982 1260261088493
253.42787 -84.35553 53.992947 7.7027025 -0.947484 -3.0723982 1260261088497
253.42787 -84.35553 53.992947 -6.6172633 10.817745 10.898961 1260261088505
246.70648 -82.38776 50.0933 -6.6172633 10.817745 10.898961 1260261088508
246.70648 -82.38776 50.0933 -5.1386323 12.272013 12.207455 1260261088515
240.42116 -79.668365 45.838634 -5.1386323 12.272013 12.207455 1260261088520
240.42116 -79.668365 45.838634 4.050396 -4.444171 7.5012274 1260261088531
234.1001 -76.28495 41.546703 4.050396 -4.444171 7.5012274 1260261088537
234.1001 -76.28495 41.546703 -13.086636 9.774326 2.873783 1260261088544
227.0951 -72.370705 36.66937 -13.086636 9.774326 2.873783 1260261088549
227.0951 -72.370705 36.66937 -17.2807 -1.5513496 1.032856 1260261088552
215.99034 -67.75217 31.7859 -17.2807 -1.5513496 1.032856 1260261088573
215.99034 -67.75217 31.7859 -6.276681 -13.511581 5.754307 1260261088576
222.79082 -57.16456 27.496605 -6.276681 -13.511581 5.754307 1260261088585
222.79082 -57.16456 27.496605 -3.3253417 -1.7481489 -6.530442 1260261088588
211.75128 -47.50633 24.321775 -3.3253417 -1.7481489 -6.530442 1260261088596
211.75128 -47.50633 24.321775 -16.379993 -14.4990015 -12.882061 1260261088599
202.31372 -38.23101 22.155687 -16.379993 -14.4990015 -12.882061 1260261088609
202.31372 -38.23101 22.155687 -8.006778 -8.105263 -21.135143 1260261088614
194.24803 -29.16946 20.547903 -8.006778 -8.105263 -21.135143 1260261088624
194.24803 -29.16946 20.547903 5.6887665 -22.193356 -18.139008 1260261088631
188.08563 -20.310987 19.470509 5.6887665 -22.193356 -18.139008 1260261088643
188.08563 -20.310987 19.470509 4.9662414 -5.18645 -23.401495 1260261088647
190.43135 -11.695438 18.696983 4.9662414 -5.18645 -23.401495 1260261088668
190.43135 -11.695438 18.696983 0.43105197 -22.097324 -21.369457 1260261088676
193.25978 -3.3606665 18.062134 0.43105197 -22.097324 -21.369457 1260261088682
193.25978 -3.3606665 18.062134 -3.810978 -16.022547 -36.047684 1260261088688
196.4468 4.6573668 17.509027 -3.810978 -16.022547 -36.047684 1260261088703
196.4468 4.6573668 17.509027 -5.7548757 -2.6910686 -29.420376 1260261088709
198.82445 12.424499 16.933577 -5.7548757 -2.6910686 -29.420376 1260261088725
198.82445 12.424499 16.933577 -6.211836 -9.565073 -32.580067 1260261088732
199.73323 19.853273 16.236898 -6.211836 -9.565073 -32.580067 1260261088744
199.73323 19.853273 16.236898 -3.4197412 -18.072693 -33.02503 1260261088931
198.29657 26.91061 15.375053 -3.4197412 -18.072693 -33.02503 1260261088935
198.29657 26.91061 15.375053 2.9165587 -18.634552 -24.65546 1260261088945
193.73174 33.615078 14.3563 2.9165587 -18.634552 -24.65546 1260261088951
193.73174 33.615078 14.3563 7.400009 -16.154846 -22.365425 1260261088955
187.09515 39.884323 13.138485 7.400009 -16.154846 -22.365425 1260261088958
187.09515 39.884323 13.138485 1.6419532 -15.648702 -24.744541 1260261088968
179.3904 45.840107 11.781561 1.6419532 -15.648702 -24.744541 1260261088976
179.3904 45.840107 11.781561 -11.910615 -16.658764 -20.486534 1260261088979
170.72087 51.4981 10.142483 -11.910615 -16.658764 -20.486534 1260261088987
170.72087 51.4981 10.142483 -12.642301 -15.469432 -17.581495 1260261088990
179.48483 56.873196 8.185359 -12.642301 -15.469432 -17.581495 1260261088994
179.48483 56.873196 8.185359 1.8573632 -8.641082 -15.035106 1260261088999
186.8106 62.079536 5.776091 1.8573632 -8.641082 -15.035106 1260261089005
186.8106 62.079536 5.776091 -12.890612 2.5969286 -2.380641 1260261089011
192.52007 67.32556 2.2872865 -12.890612 2.5969286 -2.380641 1260261089015
192.52007 67.32556 2.2872865 -1.3403125 7.428214 -2.2131395 1260261089020
195.39406 72.85928 -2.0770779 -1.3403125 7.428214 -2.2131395 1260261089026
195.39406 72.85928 -2.0770779 -16.810936 5.2144213 3.261335 1260261089032
192.32436 68.66632 -5.523224 -16.810936 5.2144213 3.261335 1260261089037
192.32436 68.66632 -5.523224 -0.44038725 5.654238 8.361752 1260261089048
188.40814 64.233 -7.9970627 -0.44038725 5.654238 8.361752 1260261089052
188.40814 64.233 -7.9970627 -16.06056 -7.0033464 3.3734596 1260261089057
184.08774 59.72135 -9.447209 -16.06056 -7.0033464 3.3734596 1260261089064
184.08774 59.72135 -9.447209 -4.81972 3.995759 15.418003 1260261089068
179.53336 55.535282 -10.224849 -4.81972 3.995759 15.418003 1260261089074
179.53336 55.535282 -10.224849 3.148774 11.953184 3.702587 1260261089079
174.95668 51.95852 -10.563606 3.148774 11.953184 3.702587 1260261089086
174.95668 51.95852 -10.563606 6.0122933 -6.9619417 9.571438 1260261089091
170.50885 49.010593 -10.485426 6.0122933 -6.9619417 9.571438 1260261089094
170.50885 49.010593 -10.485426 6.6998186 10.663461 9.927127 1260261089107
166.23341 46.660065 -10.111155 6.6998186 10.663461 9.927127 1260261089114
166.23341 46.660065 -10.111155 5.5159993 -4.942683 20.713455 1260261089117
162.22174 44.77706 -9.555596 5.5159993 -4.942683 20.713455 1260261089120
162.22174 44.77706 -9.555596 1.6324958 -9.405047 8.871234 1260261089127
158.36066 43.23821 -8.777817 1.6324958 -9.405047 8.871234 1260261089131
158.36066 43.23821 -8.777817 -4.122826 2.6467917 10.250978 1260261089134
154.69263 42.126297 -7.6889257 -4.122826 2.6467917 10.250978 1260261089149
154.69263 42.126297 -7.6889257 -6.166381 3.6699557 13.752984 1260261089153
151.458 41.56998 -6.0544796 -6.166381 3.6699557 13.752984 1260261089159
151.458 41.56998 -6.0544796 7.928754 -0.45720387 2.7712154 1260261089165
149.5851 41.59148 -3.7517557 7.928754 -0.45720387 2.7712154 1260261089175
149.5851 41.59148 -3.7517557 13.910203 -1.8270969 10.734873 1260261089179
150.60585 41.611908 -1.1641679 13.910203 -1.8270969 10.734873 1260261089193
150.60585 41.611908 -1.1641679 1.5548668 -2.771758 -2.5614803 1260261089196
153.42555 46.681313 1.3440405 1.5548668 -2.771758 -2.5614803 1260261089208
153.42555 46.681313 1.3440405 21.970886 -14.180759 -6.3630667 1260261089211
156.70427 51.697247 3.6268387 21.970886 -14.180759 -6.3630667 1260261089223
156.70427 51.697247 3.6268387 9.1174755 -19.907076 -8.855984 1260261089231
160.41905 56.662384 5.795497 9.1174755 -19.907076 -8.855984 1260261089247
160.41905 56.662384 5.795497 9.654751 -10.496439 -0.6874924 1260261089255
164.5481 61.579266 7.905722 9.654751 -10.496439 -0.6874924 1260261089264
164.5481 61.579266 7.905722 24.033768 1.3401103 -10.264869 1260261089267
168.8707 66.4503 10.060436 24.033768 1.3401103 -10.264869 1260261089283
168.8707 66.4503 10.060436 7.815636 -1.8898554 -1.8470826 1260261089289
173.37717 71.127785 12.407414 7.815636 -1.8898554 -1.8470826 1260261089304
173.37717 71.127785 12.407414 10.925019 -13.829837 -10.581072 1260261089311
177.95831 75.571396 15.237043 10.925019 -13.829837 -10.581072 1260261089323
177.95831 75.571396 15.237043 15.710348 -5.733861 -10.400546 1260261089326
183.01039 72.54282 18.175192 15.710348 -5.733861 -10.400546 1260261089347
183.01039 72.54282 18.175192 4.041652 -0.025612593 -6.9620967 1260261089350
188.70987 69.46568 20.916431 4.041652 -0.025612593 -6.9620967 1260261089364
188.70987 69.46568 20.916431 18.071186 -5.1778383 -2.1470423 1260261089371
195.27437 66.2424 23.32061 18.071186 -5.1778383 -2.1470423 1260261089386
195.27437 66.2424 23.32061 -0.9487953 1.8277407 5.431527 1260261089394
200.91064 62.930283 26.20458 -0.9487953 1.8277407 5.431527 1260261089404
200.91064 62.930283 26.20458 17.008957 -0.9766728 5.919774 1260261089407
206.2651 59.783768 28.894352 17.008957 -0.9766728 5.919774 1260261089422
206.2651 59.783768 28.894352 2.546022 0.9558976 9.466541 1260261089429
211.25185 56.74458 31.299635 2.546022 0.9558976 9.466541 1260261089444
211.25185 56.74458 31.299635 7.0487385 -1.7578514 11.454455 1260261089451
215.88925 53.90735 33.484653 7.0487385 -1.7578514 11.454455 1260261089463
215.88925 53.90735 33.484653 17.177212 4.6871023 6.395185 1260261089466
220.1948 51.211983 35.51042 17.177212 4.6871023 6.395185 1260261089486
220.1948 51.211983 35.51042 0.36128855 -7.9106116 -0.9758501 1260261089490
224.28505 48.651382 37.2349 0.36128855 -7.9106116 -0.9758501 1260261089503
224.28505 48.651382 37.2349 3.9071665 9.777192 2.5762675 1260261089674
