136.52316 29.293394 8.61381 11.957089 2.0974984 12.016662 1260255500601
136.52316 29.293394 8.61381 9.774142 2.952177 11.914746 1260255500604
135.397 29.778725 8.933119 9.774142 2.952177 11.914746 1260255500607
135.397 29.778725 8.933119 6.9146924 4.2212987 7.124656 1260255500610
135.02715 30.989788 9.286463 6.9146924 4.2212987 7.124656 1260255500613
135.02715 30.989788 9.286463 3.3942232 -2.0918713 -4.861209 1260255500632
135.27579 32.9403 9.67214 3.3942232 -2.0918713 -4.861209 1260255500643
135.27579 32.9403 9.67214 -0.41093242 -16.095663 0.6895509 1260255500649
136.212 37.493286 10.088533 -0.41093242 -16.095663 0.6895509 1260255500652
136.212 37.493286 10.088533 -3.7221181 -4.303341 -11.043179 1260255500655
137.5014 42.86862 10.384107 -3.7221181 -4.303341 -11.043179 1260255500663
137.5014 42.86862 10.384107 -5.0005856 2.3377595 -11.18648 1260255500667
139.52634 48.62519 10.614902 -5.0005856 2.3377595 -11.18648 1260255500697
139.52634 48.62519 10.614902 -5.0396023 3.960456 -13.721638 1260255500700
142.35002 54.49393 10.784157 -5.0396023 3.960456 -13.721638 1260255500726
142.35002 54.49393 10.784157 -4.7193336 3.8258066 -18.329588 1260255500729
146.33252 60.369236 10.944949 -4.7193336 3.8258066 -18.329588 1260255500732
146.33252 60.369236 10.944949 -4.54361 2.9672008 -21.16146 1260255500735
151.0159 66.10078 10.997702 -4.54361 2.9672008 -21.16146 1260255500749
151.0159 66.10078 10.997702 -5.359745 -0.53979146 -20.655506 1260255500778
153.4651 71.44574 10.797816 -5.359745 -0.53979146 -20.655506 1260255500781
153.4651 71.44574 10.797816 -7.620423 -8.9427805 -14.309828 1260255500795
149.69185 75.47345 9.707926 -7.620423 -8.9427805 -14.309828 1260255500801
149.69185 75.47345 9.707926 -4.399602 -4.945207 -17.119518 1260255500804
146.50726 74.449776 7.5725293 -4.399602 -4.945207 -17.119518 1260255500814
146.50726 74.449776 7.5725293 3.298864 -1.3945637 3.629805 1260255500817
143.5319 72.97729 5.8439026 3.298864 -1.3945637 3.629805 1260255500839
143.5319 72.97729 5.8439026 -14.478449 -9.455383 5.5394864 1260255500843
140.7053 71.478424 4.4017076 -14.478449 -9.455383 5.5394864 1260255500860
140.7053 71.478424 4.4017076 -21.820688 -28.386164 21.311073 1260255500863
138.07004 70.054504 3.131622 -21.820688 -28.386164 21.311073 1260255500874
138.07004 70.054504 3.131622 -12.828 -32.318645 17.166424 1260255500912
135.56653 68.601776 2.0250409 -12.828 -32.318645 17.166424 1260255500916
135.56653 68.601776 2.0250409 -1.8857632 -17.28019 18.877396 1260255500919
133.1882 67.171684 1.1237888 -1.8857632 -17.28019 18.877396 1260255500921
133.1882 67.171684 1.1237888 0.9781575 -8.837524 18.016834 1260255500924
130.97879 65.7631 0.3175994 0.9781575 -8.837524 18.016834 1260255500940
130.97879 65.7631 0.3175994 -2.564792 -15.435025 6.2590733 1260255500943
128.87985 64.474945 -0.44828057 -2.564792 -15.435025 6.2590733 1260255500951
128.87985 64.474945 -0.44828057 -8.033939 -19.403988 10.054035 1260255500954
127.08586 63.801197 -1.1758665 -8.033939 -19.403988 10.054035 1260255500958
127.08586 63.801197 -1.1758665 -11.796941 -16.102629 8.044724 1260255500963
125.73157 64.26114 -1.8170731 -11.796941 -16.102629 8.044724 1260255501174
125.73157 64.26114 -1.8170731 -11.057022 -16.062742 0.73903954 1260255501178
124.64499 67.39808 -2.1262195 -11.057022 -16.062742 0.73903954 1260255501184
124.64499 67.39808 -2.1262195 -9.280263 4.4652905 -3.0065947 1260255501197
124.11274 71.778175 -2.0199084 -9.280263 4.4652905 -3.0065947 1260255501200
124.11274 71.778175 -2.0199084 -8.909885 -9.033962 -5.7299643 1260255501211
124.2071 76.38927 -1.818913 -8.909885 -9.033962 -5.7299643 1260255501224
124.2071 76.38927 -1.818913 -8.982318 -12.407347 -16.259937 1260255501228
125.44675 80.9698 -1.5279673 -8.982318 -12.407347 -16.259937 1260255501231
125.44675 80.9698 -1.5279673 -8.347256 2.1912122 -20.262579 1260255501234
128.47441 85.47131 -1.1015689 -8.347256 2.1912122 -20.262579 1260255501248
128.47441 85.47131 -1.1015689 -5.77156 2.1448116 -28.566593 1260255501254
128.47441 85.47131 -1.1015689 -5.77156 -11.24399 13.07081 1260255501263
126.90069 83.39775 -0.64649045 -5.77156 -11.24399 13.07081 1260255501269
126.90069 83.39775 -0.64649045 -3.6969137 -20.184052 9.448511 1260255501274
125.60565 81.22786 0.2858341 -3.6969137 -20.184052 9.448511 1260255501281
125.60565 81.22786 0.2858341 4.8607197 0.030788422 13.123558 1260255501294
135.72537 76.916466 4.2215424 4.8607197 0.030788422 13.123558 1260255501302
135.72537 76.916466 4.2215424 -6.817827 -9.636645 0.0842282 1260255501311
131.6891 66.12064 4.610465 -6.817827 -9.636645 0.0842282 1260255501314
131.6891 66.12064 4.610465 -8.959161 3.9434795 -1.751347 1260255501319
131.20465 55.66461 3.679942 -8.959161 3.9434795 -1.751347 1260255501322
131.20465 55.66461 3.679942 -6.2504816 10.683944 -9.31169 1260255501327
137.09442 44.53138 1.2459447 -6.2504816 10.683944 -9.31169 1260255501343
137.09442 44.53138 1.2459447 4.901689 -3.7253919 -1.4725201 1260255501347
131.1397 50.65481 -1.8663524 4.901689 -3.7253919 -1.4725201 1260255501350
131.1397 50.65481 -1.8663524 -17.506424 -5.7764397 -6.7269516 1260255501358
126.882706 55.87207 -4.773035 -17.506424 -5.7764397 -6.7269516 1260255501372
126.882706 55.87207 -4.773035 -1.0734339 0.7970319 -2.7104201 1260255501375
123.18857 60.57847 -7.484383 -1.0734339 0.7970319 -2.7104201 1260255501380
123.18857 60.57847 -7.484383 -21.192238 0.6578593 -4.603088 1260255501383
119.52914 65.14954 -10.160164 -21.192238 0.6578593 -4.603088 1260255501389
119.52914 65.14954 -10.160164 -4.280858 -13.007151 3.11208 1260255501402
115.85268 69.592064 -12.752156 -4.280858 -13.007151 3.11208 1260255501409
115.85268 69.592064 -12.752156 -9.669184 -8.326878 7.098778 1260255501412
112.710045 73.21246 -14.464548 -9.669184 -8.326878 7.098778 1260255501418
112.710045 73.21246 -14.464548 -13.283882 4.653978 0.3198564 1260255501421
112.57454 74.25184 -13.791321 -13.283882 4.653978 0.3198564 1260255501439
112.57454 74.25184 -13.791321 -9.355935 1.6572905 0.87766874 1260255501442
112.94581 74.33925 -12.501755 -9.355935 1.6572905 0.87766874 1260255501459
112.94581 74.33925 -12.501755 3.656512 -5.661854 6.560335 1260255501462
113.09852 74.17229 -11.176667 3.656512 -5.661854 6.560335 1260255501498
113.09852 74.17229 -11.176667 14.93806 -11.534406 5.2139907 1260255501501
113.293594 74.01367 -9.9678335 14.93806 -11.534406 5.2139907 1260255501541
113.293594 74.01367 -9.9678335 11.179729 -15.798665 4.793488 1260255501544
113.528915 73.91299 -8.869442 11.179729 -15.798665 4.793488 1260255501553
113.528915 73.91299 -8.869442 0.51284266 -15.229186 5.199622 1260255501558
113.95247 74.017334 -7.87597 0.51284266 -15.229186 5.199622 1260255501561
113.95247 74.017334 -7.87597 -5.793249 -11.406003 3.023905 1260255501564
114.65485 75.36647 -7.2321715 -5.793249 -11.406003 3.023905 1260255501587
114.65485 75.36647 -7.2321715 -6.576413 -15.175205 3.1859307 1260255501591
114.97211 78.04815 -7.070563 -6.576413 -15.175205 3.1859307 1260255501607
114.97211 78.04815 -7.070563 -7.73333 -13.833899 -13.615137 1260255501610
113.0235 82.145744 -7.2670345 -7.73333 -13.833899 -13.615137 1260255501630
113.0235 82.145744 -7.2670345 -10.584248 -8.8561945 -7.29656 1260255501633
107.37232 86.73846 -7.5036826 -10.584248 -8.8561945 -7.29656 1260255501649
107.37232 86.73846 -7.5036826 -12.555452 7.6028485 -14.499832 1260255501652
117.953705 91.35153 -7.7284985 -12.555452 7.6028485 -14.499832 1260255501667
117.953705 91.35153 -7.7284985 -13.182513 2.0398235 -17.956429 1260255501671
128.25603 95.68395 -7.9420733 -13.182513 2.0398235 -17.956429 1260255501687
128.25603 95.68395 -7.9420733 -13.27605 -10.201661 -16.93685 1260255501691
139.79323 99.599754 -8.14497 -13.27605 -10.201661 -16.93685 1260255501707
139.79323 99.599754 -8.14497 -12.847584 6.242141 -17.954462 1260255501711
134.70357 103.01977 -8.387721 -12.847584 6.242141 -17.954462 1260255501732
134.70357 103.01977 -8.387721 -11.9509735 -9.303174 -11.403063 1260255501735
131.26839 105.768776 -8.718335 -11.9509735 -9.303174 -11.403063 1260255501751
131.26839 105.768776 -8.718335 -10.311395 2.771175 -17.441147 1260255501755
128.85497 107.780334 -9.132419 -10.311395 2.771175 -17.441147 1260255501771
128.85497 107.780334 -9.132419 -6.965066 -16.098686 -16.407698 1260255501774
127.11222 108.79132 -9.625797 -6.965066 -16.098686 -16.407698 1260255501787
127.11222 108.79132 -9.625797 -2.3472815 -19.339733 -3.1914837 1260255501791
125.65661 108.85175 -10.094507 -2.3472815 -19.339733 -3.1914837 1260255501810
125.65661 108.85175 -10.094507 1.6161089 -21.786171 2.0547829 1260255501813
123.97378 106.75916 -10.339782 1.6161089 -21.786171 2.0547829 1260255501827
123.97378 106.75916 -10.339782 3.299662 -15.179277 -0.8047743 1260255501830
121.97509 104.22121 -10.422792 3.299662 -15.179277 -0.8047743 1260255501847
121.97509 104.22121 -10.422792 3.550487 -12.976778 15.972874 1260255502033
119.77634 101.460144 -10.451653 3.550487 -12.976778 15.972874 1260255502038
119.77634 101.460144 -10.451653 3.332571 -27.655048 13.186607 1260255502041
117.63752 98.73714 -10.37907 3.332571 -27.655048 13.186607 1260255502044
