112.277534 29.886599 16.156015 10.833891 2.129572 8.608328 1260255616371
112.277534 29.886599 16.156015 1.0256095 3.9075851 2.9708138 1260255616377
116.71366 30.64227 17.498215 1.0256095 3.9075851 2.9708138 1260255616380
116.71366 30.64227 17.498215 -3.5856261 0.63693285 3.4057846 1260255616383
120.27798 31.360155 18.673304 -3.5856261 0.63693285 3.4057846 1260255616415
120.27798 31.360155 18.673304 4.69684 -6.4273415 12.152939 1260255616419
123.114075 31.992147 19.839638 4.69684 -6.4273415 12.152939 1260255616424
123.114075 31.992147 19.839638 14.772123 -12.149792 7.3005075 1260255616430
122.85837 32.44254 20.897655 14.772123 -12.149792 7.3005075 1260255616436
122.85837 32.44254 20.897655 15.2288685 -15.031121 1.4420731 1260255616439
120.71545 32.82041 21.502773 15.2288685 -15.031121 1.4420731 1260255616451
120.71545 32.82041 21.502773 10.795338 -17.019768 4.9280143 1260255616454
118.37968 33.07939 21.627634 10.795338 -17.019768 4.9280143 1260255616461
118.37968 33.07939 21.627634 9.082463 -18.134464 10.068569 1260255616465
116.06069 33.32542 21.396252 9.082463 -18.134464 10.068569 1260255616473
116.06069 33.32542 21.396252 10.163928 -19.24058 14.410253 1260255616477
113.85766 33.60915 20.92644 10.163928 -19.24058 14.410253 1260255616489
113.85766 33.60915 20.92644 12.371628 -19.253433 15.995019 1260255616495
111.81477 34.028694 20.380117 12.371628 -19.253433 15.995019 1260255616511
111.81477 34.028694 20.380117 12.774924 -16.562445 12.340196 1260255616517
109.97404 34.67726 19.811111 12.774924 -16.562445 12.340196 1260255616529
109.97404 34.67726 19.811111 10.461233 -10.066116 4.524833 1260255616532
108.625336 35.8434 19.370556 10.461233 -10.066116 4.524833 1260255616549
108.625336 35.8434 19.370556 7.0844235 -0.7558651 3.5357635 1260255616555
108.29407 37.90123 19.052029 7.0844235 -0.7558651 3.5357635 1260255616569
108.29407 37.90123 19.052029 3.959274 -10.452774 9.826622 1260255616575
109.72936 42.70617 18.699427 3.959274 -10.452774 9.826622 1260255616588
109.72936 42.70617 18.699427 0.46834314 2.8398385 -3.2469287 1260255616591
112.442894 48.72086 18.214455 0.46834314 2.8398385 -3.2469287 1260255616612
112.442894 48.72086 18.214455 -3.7164052 5.587956 -13.209581 1260255616616
117.920746 55.034817 17.653732 -3.7164052 5.587956 -13.209581 1260255616629
117.920746 55.034817 17.653732 -6.694651 7.9998493 -19.912975 1260255616636
127.22471 43.283077 17.071045 -6.694651 7.9998493 -19.912975 1260255616647
127.22471 43.283077 17.071045 -6.8788977 6.5254097 -26.417513 1260255616651
121.06348 32.268925 16.467493 -6.8788977 6.5254097 -26.417513 1260255616667
121.06348 32.268925 16.467493 -4.3236675 -5.761085 -32.35073 1260255616843
117.4103 21.855478 15.794118 -4.3236675 -5.761085 -32.35073 1260255616852
117.4103 21.855478 15.794118 0.5460039 0.73117876 -17.294357 1260255616856
118.93979 11.9127035 14.954412 0.5460039 0.73117876 -17.294357 1260255616860
118.93979 11.9127035 14.954412 6.3513503 7.3622923 -28.923475 1260255616865
130.7928 20.017069 13.656692 6.3513503 7.3622923 -28.923475 1260255616874
130.7928 20.017069 13.656692 5.3806534 -10.743603 -14.716656 1260255616877
126.853165 25.716215 11.323857 5.3806534 -10.743603 -14.716656 1260255616881
126.853165 25.716215 11.323857 -16.18217 -14.579193 -2.947404 1260255616889
123.56051 27.130404 9.307664 -16.18217 -14.579193 -2.947404 1260255616892
123.56051 27.130404 9.307664 -8.607073 -25.292282 10.717194 1260255616898
120.43248 28.173883 7.692281 -8.607073 -25.292282 10.717194 1260255616901
120.43248 28.173883 7.692281 -2.3137474 -24.055628 15.115107 1260255616904
117.41086 29.06519 6.357667 -2.3137474 -24.055628 15.115107 1260255616912
117.41086 29.06519 6.357667 -11.815095 -20.259716 16.785925 1260255616915
114.49032 29.71193 5.1397834 -11.815095 -20.259716 16.785925 1260255616918
114.49032 29.71193 5.1397834 -20.141645 -15.034981 24.944193 1260255616923
111.715805 30.276333 4.032794 -20.141645 -15.034981 24.944193 1260255616934
111.715805 30.276333 4.032794 -16.993507 -12.058771 19.831198 1260255616937
109.13001 30.812515 3.0311544 -16.993507 -12.058771 19.831198 1260255616945
109.13001 30.812515 3.0311544 -6.0433455 -11.300935 9.740726 1260255616952
106.77351 31.521889 2.1295967 -6.0433455 -11.300935 9.740726 1260255616957
106.77351 31.521889 2.1295967 3.583078 -13.567207 6.6014614 1260255616960
104.98484 32.995792 1.3731169 3.583078 -13.567207 6.6014614 1260255616963
104.98484 32.995792 1.3731169 7.130241 -19.470043 4.776907 1260255616972
104.6856 36.596004 1.104461 7.130241 -19.470043 4.776907 1260255616975
104.6856 36.596004 1.104461 8.18152 1.3926148 0.07959139 1260255616980
106.90132 42.316204 1.3992379 8.18152 1.3926148 0.07959139 1260255616985
106.90132 42.316204 1.3992379 10.827485 4.9475513 -8.712772 1260255616995
112.70625 48.750393 1.879276 10.827485 4.9475513 -8.712772 1260255616999
112.70625 48.750393 1.879276 12.265778 7.3058944 -15.733721 1260255617004
121.07094 55.212875 2.3853123 12.265778 7.3058944 -15.733721 1260255617012
121.07094 55.212875 2.3853123 11.178815 8.618069 -22.52621 1260255617015
130.0174 61.402233 2.8660467 11.178815 8.618069 -22.52621 1260255617021
130.0174 61.402233 2.8660467 8.046347 9.484575 -25.925268 1260255617025
130.0174 61.402233 2.8660467 8.427716 9.430095 -27.927458 1260255617031
137.81653 67.232124 3.2727444 8.427716 9.430095 -27.927458 1260255617051
137.81653 67.232124 3.2727444 3.880506 8.413954 -22.854311 1260255617054
143.8257 72.67052 3.6091073 3.880506 8.413954 -22.854311 1260255617073
143.8257 72.67052 3.6091073 -0.5619974 2.2114835 -15.022304 1260255617076
146.93442 77.53699 3.828652 -0.5619974 2.2114835 -15.022304 1260255617089
146.93442 77.53699 3.828652 -3.559843 -11.557487 -13.767096 1260255617098
146.7377 81.01014 3.8872192 -3.559843 -11.557487 -13.767096 1260255617108
146.7377 81.01014 3.8872192 -5.477286 -0.98717165 -16.28871 1260255617112
144.10081 82.009636 3.5928583 -5.477286 -0.98717165 -16.28871 1260255617132
144.10081 82.009636 3.5928583 -4.682438 -16.507118 -10.895186 1260255617135
140.44577 81.70915 3.3132155 -4.682438 -16.507118 -10.895186 1260255617153
140.44577 81.70915 3.3132155 -2.3001955 -19.721704 -5.0213933 1260255617157
136.47348 80.973694 3.0475547 -2.3001955 -19.721704 -5.0213933 1260255617169
136.47348 80.973694 3.0475547 -0.14217311 -18.322718 3.0059447 1260255617174
132.4998 80.02501 2.845177 -0.14217311 -18.322718 3.0059447 1260255617189
132.4998 80.02501 2.845177 2.453912 -16.986248 14.939271 1260255617193
128.57481 78.87376 2.8029182 2.453912 -16.986248 14.939271 1260255617212
128.57481 78.87376 2.8029182 4.154867 -20.827787 24.178177 1260255617215
124.84607 77.630066 2.8127723 4.154867 -20.827787 24.178177 1260255617229
124.84607 77.630066 2.8127723 4.2815514 -27.51238 20.1591 1260255617238
121.35377 76.248566 2.9221337 4.2815514 -27.51238 20.1591 1260255617248
121.35377 76.248566 2.9221337 3.5772326 -21.461819 5.2942877 1260255617252
118.13608 74.836136 3.026027 3.5772326 -21.461819 5.2942877 1260255617271
118.13608 74.836136 3.026027 2.1379304 -3.153565 -0.6367483 1260255617275
115.37927 73.74433 3.0747256 2.1379304 -3.153565 -0.6367483 1260255617287
115.37927 73.74433 3.0747256 1.0634191 5.394053 4.09409 1260255617297
113.96031 74.80711 2.6709893 1.0634191 5.394053 4.09409 1260255617309
113.96031 74.80711 2.6709893 4.3073535 3.786071 -7.2662306 1260255617314
109.7623 79.266754 1.5874398 4.3073535 3.786071 -7.2662306 1260255617329
109.7623 79.266754 1.5874398 8.954182 5.8046713 -2.2753122 1260255617332
122.22418 83.703415 0.10806781 8.954182 5.8046713 -2.2753122 1260255617352
122.22418 83.703415 0.10806781 -0.98604786 -9.6773 -7.939518 1260255617355
116.26297 87.71825 -1.8473356 -0.98604786 -9.6773 -7.939518 1260255617371
116.26297 87.71825 -1.8473356 -12.95533 0.8780056 -6.6673784 1260255617378
111.04982 91.28233 -3.954969 -12.95533 0.8780056 -6.6673784 1260255617389
111.04982 91.28233 -3.954969 2.394527 -0.7207202 2.4610696 1260255617394
106.09733 94.66822 -6.0072203 2.394527 -0.7207202 2.4610696 1260255617408
106.09733 94.66822 -6.0072203 -2.6552951 -6.696826 4.113282 1260255617411
118.74246 98.18481 -7.706859 -2.6552951 -6.696826 4.113282 1260255617434
118.74246 98.18481 -7.706859 -14.801762 4.996654 -6.7397537 1260255617441
129.85535 101.92557 -8.971516 -14.801762 4.996654 -6.7397537 1260255617614
129.85535 101.92557 -8.971516 -8.581837 -10.669803 -8.15019 1260255617618
140.51257 105.57929 -9.4729395 -8.581837 -10.669803 -8.15019 1260255617621
140.51257 105.57929 -9.4729395 -2.4020927 8.489454 -11.399084 1260255617629
137.98694 108.75033 -9.199292 -2.4020927 8.489454 -11.399084 1260255617633
137.98694 108.75033 -9.199292 -2.8721 -10.773899 -5.3040686 1260255617638
139.08759 110.61281 -8.289328 -2.8721 -10.773899 -5.3040686 1260255617641
139.08759 110.61281 -8.289328 -7.605584 1.3957419 -3.3334904 1260255617644
137.5832 110.63217 -7.324861 -7.605584 1.3957419 -3.3334904 1260255617659
137.5832 110.63217 -7.324861 -6.1444035 -5.3742747 -7.657649 1260255617662
133.95404 110.05056 -6.508618 -6.1444035 -5.3742747 -7.657649 1260255617669
133.95404 110.05056 -6.508618 0.5198748 -16.901218 -9.52275 1260255617674
129.65634 108.548035 -5.883187 0.5198748 -16.901218 -9.52275 1260255617678
129.65634 108.548035 -5.883187 6.240708 -33.015236 1.9803658 1260255617684
125.27352 107.07063 -5.3890276 6.240708 -33.015236 1.9803658 1260255617690
125.27352 107.07063 -5.3890276 9.738417 -29.876583 10.675667 1260255617696
121.059845 105.7171 -4.8195763 9.738417 -29.876583 10.675667 1260255617701
121.059845 105.7171 -4.8195763 12.399725 -16.994543 4.3056355 1260255617712
117.206856 104.48125 -4.2285976 12.399725 -16.994543 4.3056355 1260255617718
117.206856 104.48125 -4.2285976 11.440261 -16.038197 5.408284 1260255617721
114.04652 103.457184 -3.7171679 11.440261 -16.038197 5.408284 1260255617724
114.04652 103.457184 -3.7171679 7.322881 -21.816647 8.28987 1260255617732
112.39419 103.33433 -3.3813095 7.322881 -21.816647 8.28987 1260255617735
112.39419 103.33433 -3.3813095 3.2257333 -18.547464 6.269965 1260255617741
112.22448 104.01761 -3.312244 3.2257333 -18.547464 6.269965 1260255617744
112.22448 104.01761 -3.312244 1.2011853 -8.630246 2.9728732 1260255617752
112.26325 105.61673 -3.4966316 1.2011853 -8.630246 2.9728732 1260255617758
112.26325 105.61673 -3.4966316 1.9085056 0.20346451 -12.382006 1260255617765
112.15009 107.98589 -3.6718001 1.9085056 0.20346451 -12.382006 1260255617772
112.15009 107.98589 -3.6718001 3.2398171 -15.07744 -15.18914 1260255617777
111.642586 110.7866 -3.7882102 3.2398171 -15.07744 -15.18914 1260255617780
111.642586 110.7866 -3.7882102 4.351684 3.1785183 -8.578198 1260255617784
110.61046 113.74727 -3.8487997 4.351684 3.1785183 -8.578198 1260255617793
110.61046 113.74727 -3.8487997 4.9779134 -8.572653 -20.69539 1260255617802
109.32993 116.70991 -3.8563597 4.9779134 -8.572653 -20.69539 1260255617805
109.32993 116.70991 -3.8563597 5.3064585 2.553612 -9.462812 1260255617813
108.013435 119.524414 -3.8635418 5.3064585 2.553612 -9.462812 1260255617818
108.013435 119.524414 -3.8635418 5.3049684 -3.353002 -23.99124 1260255617824
106.71276 122.14819 -3.9203649 5.3049684 -3.353002 -23.99124 1260255617836
106.71276 122.14819 -3.9203649 5.548785 -5.799738 -10.27322 1260255617840
105.62712 124.54079 -3.9743466 5.548785 -5.799738 -10.27322 1260255617849
105.62712 124.54079 -3.9743466 5.6971946 5.973138 -18.913872 1260255617853
104.69576 126.61375 -4.175629 5.6971946 5.973138 -18.913872 1260255617872
104.69576 126.61375 -4.175629 6.4332557 -11.703678 -17.406857 1260255617876
103.810974 128.28307 -4.466848 6.4332557 -11.703678 -17.406857 1260255617889
103.810974 128.28307 -4.466848 7.136117 -9.587423 -10.697599 1260255617895
103.170425 129.36891 -4.8935056 7.136117 -9.587423 -10.697599 1260255617909
103.170425 129.36891 -4.8935056 6.874772 -0.92080784 -11.884549 1260255617918
102.311905 129.45047 -5.4988303 6.874772 -0.92080784 -11.884549 1260255617928
102.311905 129.45047 -5.4988303 3.558188 -3.082724 -12.475296 1260255617932
100.64631 128.47795 -6.123889 3.558188 -3.082724 -12.475296 1260255617951
100.64631 128.47795 -6.123889 -2.681418 -16.335518 -11.3413725 1260255617954
98.26399 125.65405 -6.5676947 -2.681418 -16.335518 -11.3413725 1260255617974
98.26399 125.65405 -6.5676947 -7.7493963 -18.00684 12.797064 1260255617978
95.60079 122.62135 -6.93931 -7.7493963 -18.00684 12.797064 1260255617988
95.60079 122.62135 -6.93931 -11.90335 -21.02591 0.69043064 1260255617994
92.87075 119.54028 -7.2423444 -11.90335 -21.02591 0.69043064 1260255618010
92.87075 119.54028 -7.2423444 -14.275087 -25.816858 17.487007 1260255618013
90.22721 116.51327 -7.480227 -14.275087 -25.816858 17.487007 1260255618031
90.22721 116.51327 -7.480227 -14.884845 -20.962755 9.508644 1260255618034
87.765854 113.5876 -7.706216 -14.884845 -20.962755 9.508644 1260255618049
87.765854 113.5876 -7.706216 -14.746353 -25.739586 13.626541 1260255618058
85.62756 110.85822 -7.870905 -14.746353 -25.739586 13.626541 1260255618068
85.62756 110.85822 -7.870905 -13.707636 -10.355272 10.304405 1260255618072
83.84618 108.36531 -7.9273596 -13.707636 -10.355272 10.304405 1260255618091
83.84618 108.36531 -7.9273596 -12.538559 -24.494465 7.4770846 1260255618094
82.503876 106.24705 -7.9309916 -12.538559 -24.494465 7.4770846 1260255618107
82.503876 106.24705 -7.9309916 -11.650563 -7.102808 4.4308395 1260255618117
82.128685 104.68469 -7.834442 -11.650563 -7.102808 4.4308395 1260255618129
82.128685 104.68469 -7.834442 -10.914997 -2.4908752 2.5272355 1260255618134
82.62225 103.50046 -7.54272 -10.914997 -2.4908752 2.5272355 1260255618148
82.62225 103.50046 -7.54272 -9.683218 -11.893525 -1.4042909 1260255618152
83.99114 102.47543 -7.115584 -9.683218 -11.893525 -1.4042909 1260255618172
83.99114 102.47543 -7.115584 -7.0568857 -19.012106 -1.1821024 1260255618176
86.04159 101.45166 -6.559805 -7.0568857 -19.012106 -1.1821024 1260255618189
86.04159 101.45166 -6.559805 -1.995415 -17.253544 6.87747 1260255618198
88.48951 100.379074 -5.8818145 -1.995415 -17.253544 6.87747 1260255618209
88.48951 100.379074 -5.8818145 4.891057 -7.588339 10.197607 1260255618351
