131.49669 25.938736 10.766518 -5.975281 -3.0385115 2.1706424 1260255504543
131.49669 25.938736 10.766518 -7.0923715 -12.968504 3.5533109 1260255504552
131.72185 27.741798 11.328192 -7.0923715 -12.968504 3.5533109 1260255504580
131.72185 27.741798 11.328192 -6.7839675 -10.927742 -0.727335 1260255504592
132.93576 32.45471 12.261782 -6.7839675 -10.927742 -0.727335 1260255504596
132.93576 32.45471 12.261782 0.41157532 -14.179678 3.434874 1260255504599
135.08897 38.181973 12.948692 0.41157532 -14.179678 3.434874 1260255504609
135.08897 38.181973 12.948692 7.987411 -9.9575615 0.9975724 1260255504618
137.88452 44.372875 13.251258 7.987411 -9.9575615 0.9975724 1260255504621
137.88452 44.372875 13.251258 11.020943 -8.2258005 -6.1661015 1260255504629
141.7903 50.654232 13.488695 11.020943 -8.2258005 -6.1661015 1260255504634
141.7903 50.654232 13.488695 14.198619 -7.460105 -13.877262 1260255504641
146.45079 56.82152 13.614261 14.198619 -7.460105 -13.877262 1260255504652
146.45079 56.82152 13.614261 15.586641 -5.25602 -19.47667 1260255504656
150.97826 62.780445 13.583548 15.586641 -5.25602 -19.47667 1260255504669
150.97826 62.780445 13.583548 14.233757 -1.5258555 -20.228975 1260255504678
153.22934 68.29142 13.30437 14.233757 -1.5258555 -20.228975 1260255504687
153.22934 68.29142 13.30437 9.944135 4.3018603 -18.786001 1260255504691
150.11787 73.22685 12.589151 9.944135 4.3018603 -18.786001 1260255504707
150.11787 73.22685 12.589151 -0.2398596 3.6857338 -24.087622 1260255504712
145.36198 76.815506 10.809694 -0.2398596 3.6857338 -24.087622 1260255504727
145.36198 76.815506 10.809694 -14.711575 -16.930775 -9.484302 1260255504730
142.44388 75.62473 8.51921 -14.711575 -16.930775 -9.484302 1260255504749
142.44388 75.62473 8.51921 -2.0009031 -15.671382 -3.27932 1260255504754
139.97168 74.0935 6.6432495 -2.0009031 -15.671382 -3.27932 1260255504767
139.97168 74.0935 6.6432495 -9.254909 -9.231964 16.154526 1260255504771
137.6731 72.48882 5.111087 -9.254909 -9.231964 16.154526 1260255504793
137.6731 72.48882 5.111087 -23.319103 -21.376215 18.52596 1260255504796
135.58945 70.91438 3.8555324 -23.319103 -21.376215 18.52596 1260255504807
135.58945 70.91438 3.8555324 -19.724281 -35.49193 27.938126 1260255504811
133.60997 69.36866 2.8127558 -19.724281 -35.49193 27.938126 1260255504827
133.60997 69.36866 2.8127558 -7.091286 -25.068708 15.565668 1260255504831
131.72948 67.85023 1.972118 -7.091286 -25.068708 15.565668 1260255504847
131.72948 67.85023 1.972118 1.8706636 -9.287839 20.598509 1260255504850
129.94301 66.35772 1.2735121 1.8706636 -9.287839 20.598509 1260255504867
129.94301 66.35772 1.2735121 4.71197 -10.341456 14.840841 1260255504870
128.24586 65.03983 0.65983653 4.71197 -10.341456 14.840841 1260255504890
128.24586 65.03983 0.65983653 3.092525 -17.533817 6.671129 1260255504896
126.78357 64.23784 0.02684468 3.092525 -17.533817 6.671129 1260255504907
126.78357 64.23784 0.02684468 -1.6710432 -16.85875 7.5048738 1260255504911
125.644394 66.125946 -0.52449757 -1.6710432 -16.85875 7.5048738 1260255504930
125.644394 66.125946 -0.52449757 -5.970013 -3.8776999 -8.724703 1260255504933
124.51218 70.36965 -0.5982727 -5.970013 -3.8776999 -8.724703 1260255504947
124.51218 70.36965 -0.5982727 -5.7646832 -13.277727 -4.755317 1260255504950
124.386566 75.101166 -0.46835905 -5.7646832 -13.277727 -4.755317 1260255504967
124.386566 75.101166 -0.46835905 -3.8518875 -0.56378675 -4.713893 1260255504971
126.017235 79.89611 -0.1949411 -3.8518875 -0.56378675 -4.713893 1260255504987
126.017235 79.89611 -0.1949411 -0.34562624 6.633413 -21.292078 1260255504990
129.86638 84.651306 0.16480595 -0.34562624 6.633413 -21.292078 1260255505007
129.86638 84.651306 0.16480595 4.4135885 -3.9761999 -33.40154 1260255505011
135.12306 89.21874 0.60656565 4.4135885 -3.9761999 -33.40154 1260255505027
135.12306 89.21874 0.60656565 9.645346 -11.069812 -23.834562 1260255505035
140.66692 93.6078 1.0262374 9.645346 -11.069812 -23.834562 1260255505047
140.66692 93.6078 1.0262374 12.931684 4.367711 -23.618015 1260255505051
145.28357 97.72742 1.4249256 12.931684 4.367711 -23.618015 1260255505070
145.28357 97.72742 1.4249256 13.754785 1.3296335 -27.576641 1260255505073
146.5694 101.291046 1.7036793 13.754785 1.3296335 -27.576641 1260255505087
146.5694 101.291046 1.7036793 12.30147 -10.933454 -22.284157 1260255505091
145.49092 103.07649 1.7684953 12.30147 -10.933454 -22.284157 1260255505287
145.49092 103.07649 1.7684953 10.344605 -16.234463 -9.752835 1260255505290
143.81638 102.22267 1.6800705 10.344605 -16.234463 -9.752835 1260255505293
143.81638 102.22267 1.6800705 9.659825 -27.012674 1.4637032 1260255505302
141.72556 100.111534 1.646067 9.659825 -27.012674 1.4637032 1260255505308
141.72556 100.111534 1.646067 10.2898245 -19.150011 12.484179 1260255505311
139.53928 97.60596 1.7137637 10.2898245 -19.150011 12.484179 1260255505314
139.53928 97.60596 1.7137637 11.41618 -23.99061 23.278831 1260255505323
137.36232 94.875656 1.8780755 11.41618 -23.99061 23.278831 1260255505326
137.36232 94.875656 1.8780755 12.14676 -28.257605 21.341433 1260255505329
135.2442 92.08187 2.1341717 12.14676 -28.257605 21.341433 1260255505334
135.2442 92.08187 2.1341717 11.472643 -9.06002 23.82759 1260255505343
133.232 89.17778 2.427463 11.472643 -9.06002 23.82759 1260255505346
133.232 89.17778 2.427463 9.115437 -19.749401 12.553627 1260255505350
131.2204 86.11889 2.8560898 9.115437 -19.749401 12.553627 1260255505355
131.2204 86.11889 2.8560898 4.5851984 4.8828125 11.02447 1260255505361
128.80937 82.41294 3.5632854 4.5851984 4.8828125 11.02447 1260255505367
128.80937 82.41294 3.5632854 -3.0577688 -7.22752 -3.6573536 1260255505370
128.1689 71.5423 2.285121 -3.0577688 -7.22752 -3.6573536 1260255505383
128.1689 71.5423 2.285121 6.832196 -5.3304906 3.9243574 1260255505389
131.06046 60.06518 0.37086484 6.832196 -5.3304906 3.9243574 1260255505392
131.06046 60.06518 0.37086484 1.0183473 5.2095747 -11.522995 1260255505400
135.65744 48.76192 -2.0976784 1.0183473 5.2095747 -11.522995 1260255505403
135.65744 48.76192 -2.0976784 -13.183556 11.248856 -4.2128716 1260255505407
145.62457 37.423824 -5.042794 -13.183556 11.248856 -4.2128716 1260255505410
145.62457 37.423824 -5.042794 2.173726 3.0043805 -0.9310963 1260255505420
139.44334 44.30263 -8.140655 2.173726 3.0043805 -0.9310963 1260255505424
139.44334 44.30263 -8.140655 -18.130705 -3.8758414 -6.1850195 1260255505428
133.87117 50.5375 -11.033622 -18.130705 -3.8758414 -6.1850195 1260255505439
133.87117 50.5375 -11.033622 0.57193184 -4.4989915 -3.3048043 1260255505443
128.27762 56.210625 -13.381941 0.57193184 -4.4989915 -3.3048043 1260255505451
128.27762 56.210625 -13.381941 -15.866186 0.4170549 1.7608352 1260255505455
122.76374 61.400093 -15.062844 -15.866186 0.4170549 1.7608352 1260255505462
122.76374 61.400093 -15.062844 -13.002498 6.327584 -6.8874846 1260255505466
119.02555 65.78009 -15.759702 -13.002498 6.327584 -6.8874846 1260255505473
119.02555 65.78009 -15.759702 -3.783599 -6.3778124 3.4753509 1260255505485
118.67427 68.291084 -15.321716 -3.783599 -6.3778124 3.4753509 1260255505489
118.67427 68.291084 -15.321716 -4.7541895 -1.2257652 -10.144072 1260255505494
118.94056 68.92653 -14.15563 -4.7541895 -1.2257652 -10.144072 1260255505505
118.94056 68.92653 -14.15563 -7.755277 -12.710061 0.8438025 1260255505509
118.79353 68.780205 -12.847849 -7.755277 -12.710061 0.8438025 1260255505522
118.79353 68.780205 -12.847849 1.9904349 -17.1284 16.845787 1260255505530
118.153854 68.29119 -11.605456 1.9904349 -17.1284 16.845787 1260255505540
118.153854 68.29119 -11.605456 14.257711 -17.993126 17.679108 1260255505543
117.296165 67.72663 -10.425183 14.257711 -17.993126 17.679108 1260255505559
117.296165 67.72663 -10.425183 14.690985 -17.058432 15.425487 1260255505564
116.48135 67.2403 -9.353924 14.690985 -17.058432 15.425487 1260255505579
116.48135 67.2403 -9.353924 4.985895 -14.811679 17.213339 1260255505586
116.257286 67.12829 -8.336227 4.985895 -14.811679 17.213339 1260255505598
116.257286 67.12829 -8.336227 -4.5145392 -11.438913 10.172095 1260255505601
116.84442 67.82188 -7.519416 -4.5145392 -11.438913 10.172095 1260255505622
116.84442 67.82188 -7.519416 -7.159086 -5.97989 1.9034979 1260255505625
117.5022 70.38078 -7.143445 -7.159086 -5.97989 1.9034979 1260255505639
117.5022 70.38078 -7.143445 -7.346795 -19.331264 -3.7190478 1260255505645
117.07709 74.36174 -7.0862727 -7.346795 -19.331264 -3.7190478 1260255505662
117.07709 74.36174 -7.0862727 -8.331449 2.3730092 -7.0625815 1260255505670
114.42323 78.94366 -7.181959 -8.331449 2.3730092 -7.0625815 1260255505679
114.42323 78.94366 -7.181959 -9.930106 0.41861057 -19.257986 1260255505682
109.90207 83.59647 -7.322861 -9.930106 0.41861057 -19.257986 1260255505697
109.90207 83.59647 -7.322861 -11.310226 -11.417838 -17.474892 1260255505705
105.30697 88.06665 -7.456718 -11.310226 -11.417838 -17.474892 1260255505720
105.30697 88.06665 -7.456718 -12.1150055 -3.1368089 -13.267197 1260255505724
101.59162 92.21332 -7.583882 -12.1150055 -3.1368089 -13.267197 1260255505737
101.59162 92.21332 -7.583882 -12.6863365 5.8777947 -18.903158 1260255505740
99.21204 95.95265 -7.7046876 -12.6863365 5.8777947 -18.903158 1260255505762
99.21204 95.95265 -7.7046876 -12.987112 -13.784532 -18.20095 1260255505765
97.75144 99.30502 -7.8194532 -12.987112 -13.784532 -18.20095 1260255505777
97.75144 99.30502 -7.8194532 -13.144764 3.8157434 -17.673805 1260255505780
96.71387 102.23977 -8.028481 -13.144764 3.8157434 -17.673805 1260255505798
96.71387 102.23977 -8.028481 -13.45125 -16.571478 -16.696028 1260255505801
95.878174 104.77778 -8.377056 -13.45125 -16.571478 -16.696028 1260255505817
95.878174 104.77778 -8.377056 -12.9979515 0.7617779 -12.743729 1260255505820
95.28426 106.68889 -8.958203 -12.9979515 0.7617779 -12.743729 1260255505837
95.28426 106.68889 -8.958203 -9.597683 -7.996619 -19.702806 1260255505841
95.07005 107.40444 -9.810293 -9.597683 -7.996619 -19.702806 1260255505863
95.07005 107.40444 -9.810293 -2.53934 -17.576822 -11.194325 1260255505867
94.71655 105.03422 -10.469778 -2.53934 -17.576822 -11.194325 1260255506043
94.71655 105.03422 -10.469778 1.5435042 -5.695566 6.237776 1260255506050
94.08073 102.28251 -10.796289 1.5435042 -5.695566 6.237776 1260255506053
94.08073 102.28251 -10.796289 2.4553604 -28.259369 14.105311 1260255506059
93.27669 99.41838 -10.956475 2.4553604 -28.259369 14.105311 1260255506062
93.27669 99.41838 -10.956475 2.5328646 -11.872989 19.171444 1260255506066
92.66286 96.74746 -11.008652 2.5328646 -11.872989 19.171444 1260255506069
92.66286 96.74746 -11.008652 3.8470697 -27.224245 19.565136 1260255506072
92.22971 94.31009 -10.908219 3.8470697 -27.224245 19.565136 1260255506075
92.22971 94.31009 -10.908219 5.37688 -20.414223 16.335548 1260255506081
92.118225 92.19459 -10.762809 5.37688 -20.414223 16.335548 1260255506084
92.118225 92.19459 -10.762809 6.403036 -8.534435 14.274037 1260255506088
92.56232 90.43486 -10.524669 6.403036 -8.534435 14.274037 1260255506091
92.56232 90.43486 -10.524669 6.7447753 -21.01013 12.93388 1260255506094
93.434204 89.013115 -10.348435 6.7447753 -21.01013 12.93388 1260255506100
93.434204 89.013115 -10.348435 6.2658386 -20.288746 3.018244 1260255506103
94.56249 87.91246 -10.2810135 6.2658386 -20.288746 3.018244 1260255506107
94.56249 87.91246 -10.2810135 5.7410526 -9.513895 -2.4359334 1260255506110
