229.34073 -37.719032 37.358067 0.12463951 7.3450584 11.587816 1260256026993
229.34073 -37.719032 37.358067 5.0305834 6.8964186 12.965717 1260256026999
229.67369 -37.78308 37.890163 5.0305834 6.8964186 12.965717 1260256027002
229.67369 -37.78308 37.890163 10.877606 8.394845 12.584266 1260256027005
230.14 -37.89393 38.345654 10.877606 8.394845 12.584266 1260256027013
230.14 -37.89393 38.345654 15.206509 10.178322 10.452667 1260256027017
229.983 -37.999233 38.67837 15.206509 10.178322 10.452667 1260256027049
229.983 -37.999233 38.67837 17.492008 11.32823 9.061508 1260256027053
228.13385 -37.74927 38.694454 17.492008 11.32823 9.061508 1260256027058
228.13385 -37.74927 38.694454 17.347298 8.43202 13.267269 1260256027061
225.77716 -37.161808 38.409733 17.347298 8.43202 13.267269 1260256027070
225.77716 -37.161808 38.409733 14.483071 1.5627766 16.937084 1260256027073
223.3383 -36.353718 37.939247 14.483071 1.5627766 16.937084 1260256027080
223.3383 -36.353718 37.939247 9.426974 -4.2810273 14.045241 1260256027083
220.92139 -35.386032 37.242287 9.426974 -4.2810273 14.045241 1260256027093
220.92139 -35.386032 37.242287 1.7246442 -2.8769932 6.639968 1260256027097
218.62532 -34.466732 36.53017 1.7246442 -2.8769932 6.639968 1260256027100
218.62532 -34.466732 36.53017 -4.1840796 4.5251255 7.228851 1260256027114
216.54405 -33.643394 35.903664 -4.1840796 4.5251255 7.228851 1260256027118
216.54405 -33.643394 35.903664 -5.385916 11.071625 10.308567 1260256027124
214.56685 -32.961224 35.30848 -5.385916 11.071625 10.308567 1260256027133
214.56685 -32.961224 35.30848 -3.4997797 12.507263 6.600273 1260256027140
212.78851 -32.71316 34.493053 -3.4997797 12.507263 6.600273 1260256027153
212.78851 -32.71316 34.493053 2.047843 11.492258 0.87196064 1260256027156
207.6491 -35.027504 32.2184 2.047843 11.492258 0.87196064 1260256027169
207.6491 -35.027504 32.2184 6.65196 -2.3814802 -6.003813 1260256027174
203.06664 -40.976128 28.95748 6.65196 -2.3814802 -6.003813 1260256027189
203.06664 -40.976128 28.95748 -9.114486 1.0059855 3.7175035 1260256027194
200.8633 -47.32732 24.959606 -9.114486 1.0059855 3.7175035 1260256027210
200.8633 -47.32732 24.959606 -7.545009 -0.4135548 -13.921898 1260256027214
198.17014 -53.210953 21.461626 -7.545009 -0.4135548 -13.921898 1260256027230
198.17014 -53.210953 21.461626 -3.6578712 5.110483 0.27334785 1260256027233
195.36163 -58.800404 18.438545 -3.6578712 5.110483 0.27334785 1260256027249
195.36163 -58.800404 18.438545 -14.226057 11.741385 -17.764019 1260256027253
192.09355 -64.11038 15.866618 -14.226057 11.741385 -17.764019 1260256027269
192.09355 -64.11038 15.866618 -12.471823 14.601006 -18.506035 1260256027274
187.73888 -69.00486 13.823287 -12.471823 14.601006 -18.506035 1260256027292
187.73888 -69.00486 13.823287 -1.4388752 6.6451716 -18.71704 1260256027295
183.05193 -73.65462 12.082123 -1.4388752 6.6451716 -18.71704 1260256027475
183.05193 -73.65462 12.082123 -14.219147 -1.3864822 -24.972855 1260256027479
177.99933 -77.971886 10.528017 -14.219147 -1.3864822 -24.972855 1260256027490
177.99933 -77.971886 10.528017 -17.62865 14.247118 -19.757938 1260256027496
172.99936 -82.02329 9.051617 -17.62865 14.247118 -19.757938 1260256027499
172.99936 -82.02329 9.051617 -4.5450296 12.261379 -30.812202 1260256027503
168.0494 -85.87213 7.749036 -4.5450296 12.261379 -30.812202 1260256027510
168.0494 -85.87213 7.749036 2.8405662 -0.06550598 -20.928473 1260256027514
163.44693 -89.52853 6.511584 2.8405662 -0.06550598 -20.928473 1260256027520
163.44693 -89.52853 6.511584 -3.8012981 16.92321 -17.790752 1260256027523
160.02458 -93.1521 5.1360044 -3.8012981 16.92321 -17.790752 1260256027530
160.02458 -93.1521 5.1360044 -14.463627 -3.8793235 -11.80484 1260256027533
159.47336 -97.14449 3.1792042 -14.463627 -3.8793235 -11.80484 1260256027537
159.47336 -97.14449 3.1792042 -5.830266 3.506392 1.5330052 1260256027540
161.2997 -85.087265 0.42024386 -5.830266 3.506392 1.5330052 1260256027545
161.2997 -85.087265 0.42024386 -1.858515 -6.931875 -9.767181 1260256027553
161.98471 -78.4829 -0.9007684 -1.858515 -6.931875 -9.767181 1260256027557
161.98471 -78.4829 -0.9007684 -14.082846 -9.971075 1.3606868 1260256027560
162.53548 -72.35876 -1.80573 -14.082846 -9.971075 1.3606868 1260256027570
162.53548 -72.35876 -1.80573 -16.926641 -17.084726 17.415169 1260256027579
163.0587 -66.74082 -2.5154436 -16.926641 -17.084726 17.415169 1260256027583
163.0587 -66.74082 -2.5154436 -13.969772 -25.613342 26.704258 1260256027591
163.60576 -61.70378 -3.1896713 -13.969772 -25.613342 26.704258 1260256027594
163.60576 -61.70378 -3.1896713 -8.572922 -26.684196 20.840702 1260256027600
164.12547 -57.268593 -3.9301877 -8.572922 -26.684196 20.840702 1260256027603
164.12547 -57.268593 -3.9301877 -2.7050629 -7.826327 21.039383 1260256027611
164.5692 -53.455162 -4.683678 -2.7050629 -7.826327 21.039383 1260256027614
164.5692 -53.455162 -4.683678 0.19361591 -10.127897 25.860016 1260256027618
164.84074 -50.132404 -5.5494943 0.19361591 -10.127897 25.860016 1260256027633
164.84074 -50.132404 -5.5494943 -2.8766685 -7.143449 30.178087 1260256027637
164.9987 -47.225784 -6.5720196 -2.8766685 -7.143449 30.178087 1260256027640
164.9987 -47.225784 -6.5720196 -11.835294 -3.9524546 9.028524 1260256027645
164.99876 -44.664494 -7.9934187 -11.835294 -3.9524546 9.028524 1260256027654
164.99876 -44.664494 -7.9934187 -18.258465 5.23909 11.296439 1260256027662
164.89882 -42.58127 -10.293748 -18.258465 5.23909 11.296439 1260256027665
164.89882 -42.58127 -10.293748 -0.6338167 -9.073441 4.7332993 1260256027673
164.70387 -48.852207 -13.679061 -0.6338167 -9.073441 4.7332993 1260256027678
164.70387 -48.852207 -13.679061 -16.566757 -8.0033655 0.47557938 1260256027684
164.31868 -54.809597 -15.245108 -16.566757 -8.0033655 0.47557938 1260256027696
164.31868 -54.809597 -15.245108 -11.880562 -7.495942 -5.8318863 1260256027699
163.35275 -60.56912 -15.732852 -11.880562 -7.495942 -5.8318863 1260256027709
163.35275 -60.56912 -15.732852 -6.770595 -4.6722126 -8.431969 1260256027715
161.83511 -66.040665 -15.84621 -6.770595 -4.6722126 -8.431969 1260256027729
161.83511 -66.040665 -15.84621 -5.6094956 3.0328646 -10.786802 1260256027732
160.09335 -71.288635 -15.853899 -5.6094956 3.0328646 -10.786802 1260256027751
160.09335 -71.288635 -15.853899 -6.1341934 12.417652 -20.21815 1260256027754
158.28868 -76.224205 -15.861204 -6.1341934 12.417652 -20.21815 1260256027769
158.28868 -76.224205 -15.861204 -6.894244 12.367203 -34.47304 1260256027779
156.62425 -80.86299 -15.968144 -6.894244 12.367203 -34.47304 1260256027789
156.62425 -80.86299 -15.968144 -7.135722 -1.2297897 -34.87012 1260256027792
154.79305 -85.169846 -16.119738 -7.135722 -1.2297897 -34.87012 1260256027810
154.79305 -85.169846 -16.119738 -6.442772 3.6831517 -20.824095 1260256027814
152.50339 -89.11135 -16.26375 -6.442772 3.6831517 -20.824095 1260256027833
152.50339 -89.11135 -16.26375 -5.031044 17.526497 -31.714731 1260256027836
149.92822 -92.655785 -16.450563 -5.031044 17.526497 -31.714731 1260256027849
149.92822 -92.655785 -16.450563 -3.1934538 0.15867615 -25.61666 1260256027854
147.43181 -95.87299 -16.678036 -3.1934538 0.15867615 -25.61666 1260256027869
147.43181 -95.87299 -16.678036 -1.3001385 19.864552 -22.049702 1260256027872
145.46022 -98.87934 -17.044134 -1.3001385 19.864552 -22.049702 1260256027892
145.46022 -98.87934 -17.044134 0.5965462 -0.8330574 -17.917494 1260256027895
144.28722 -101.83537 -17.591927 0.5965462 -0.8330574 -17.917494 1260256027909
144.28722 -101.83537 -17.591927 1.0966644 16.046583 -12.989013 1260256027918
145.12285 -105.1936 -18.61233 1.0966644 16.046583 -12.989013 1260256027929
145.12285 -105.1936 -18.61233 -4.3708954 -7.6631002 -8.850217 1260256027935
152.6167 -93.733925 -19.131714 -4.3708954 -7.6631002 -8.850217 1260256027950
152.6167 -93.733925 -19.131714 -5.8340425 -10.156246 6.3854084 1260256027953
151.93587 -85.74723 -17.625128 -5.8340425 -10.156246 6.3854084 1260256027974
151.93587 -85.74723 -17.625128 12.06465 -21.496763 3.4983034 1260256027981
151.68907 -78.80987 -15.6938715 12.06465 -21.496763 3.4983034 1260256027989
151.68907 -78.80987 -15.6938715 9.110121 -23.262901 22.27425 1260256027994
151.70462 -72.61938 -13.609178 9.110121 -23.262901 22.27425 1260256028008
151.70462 -72.61938 -13.609178 5.958495 -26.468607 12.967937 1260256028015
152.0194 -67.138405 -11.378718 5.958495 -26.468607 12.967937 1260256028031
152.0194 -67.138405 -11.378718 25.774364 -28.562786 18.643661 1260256028034
152.56842 -62.481483 -9.159782 25.774364 -28.562786 18.643661 1260256028050
152.56842 -62.481483 -9.159782 12.851565 -16.057964 11.424627 1260256028053
153.29 -58.70741 -7.1017933 12.851565 -16.057964 11.424627 1260256028069
153.29 -58.70741 -7.1017933 4.843611 3.1966 14.850729 1260256028240
154.0755 -55.97204 -5.3967037 4.843611 3.1966 14.850729 1260256028251
154.0755 -55.97204 -5.3967037 15.452494 -4.035422 20.911175 1260256028254
154.62172 -54.423435 -4.3268685 15.452494 -4.035422 20.911175 1260256028260
154.62172 -54.423435 -4.3268685 12.976127 -2.1755366 14.389126 1260256028263
154.24063 -54.002262 -4.110525 12.976127 -2.1755366 14.389126 1260256028271
154.24063 -54.002262 -4.110525 8.173304 3.5494075 13.270613 1260256028274
152.4786 -54.35215 -4.654999 8.173304 3.5494075 13.270613 1260256028278
152.4786 -54.35215 -4.654999 6.5694637 3.00746 5.4504714 1260256028283
150.30467 -54.684544 -5.7722487 6.5694637 3.00746 5.4504714 1260256028292
150.30467 -54.684544 -5.7722487 -1.3914928 2.6589746 -0.08812261 1260256028295
148.43944 -54.600315 -7.3336363 -1.3914928 2.6589746 -0.08812261 1260256028298
148.43944 -54.600315 -7.3336363 -17.832884 3.3119879 -1.4829285 1260256028304
147.06746 -58.520298 -9.116955 -17.832884 3.3119879 -1.4829285 1260256028310
147.06746 -58.520298 -9.116955 -14.778093 21.880821 2.8677285 1260256028315
146.4141 -57.694283 -11.061107 -14.778093 21.880821 2.8677285 1260256028318
146.4141 -57.694283 -11.061107 -3.841384 21.131277 1.0683167 1260256028321
146.09338 -61.959568 -13.1580515 -3.841384 21.131277 1.0683167 1260256028332
146.09338 -61.959568 -13.1580515 -19.808245 3.2279902 5.217206 1260256028341
146.08871 -66.26159 -15.400149 -19.808245 3.2279902 5.217206 1260256028344
146.08871 -66.26159 -15.400149 -16.9164 5.8776503 8.0145445 1260256028352
146.43428 -70.648506 -17.730143 -16.9164 5.8776503 8.0145445 1260256028355
146.43428 -70.648506 -17.730143 -4.02551 16.167496 -2.08782 1260256028359
146.81256 -75.166084 -19.393635 -4.02551 16.167496 -2.08782 1260256028364
146.81256 -75.166084 -19.393635 -15.723887 2.2128854 0.8867445 1260256028373
147.32193 -79.75778 -20.123953 -15.723887 2.2128854 0.8867445 1260256028377
147.32193 -79.75778 -20.123953 -16.714031 -6.3087897 -11.599358 1260256028380
146.45583 -84.26989 -19.767756 -16.714031 -6.3087897 -11.599358 1260256028391
146.45583 -84.26989 -19.767756 -10.891634 7.5454893 -18.302704 1260256028399
155.23303 -88.656395 -18.529367 -10.891634 7.5454893 -18.302704 1260256028402
155.23303 -88.656395 -18.529367 4.337578 8.212995 -6.838318 1260256028411
158.97137 -92.97357 -16.2529 4.337578 8.212995 -6.838318 1260256028414
158.97137 -92.97357 -16.2529 10.963951 -8.282495 -13.713328 1260256028419
160.02281 -79.97489 -12.590254 10.963951 -8.282495 -13.713328 1260256028424
160.02281 -79.97489 -12.590254 9.177627 -12.270505 -6.9644322 1260256028436
159.42168 -74.026146 -9.410741 9.177627 -12.270505 -6.9644322 1260256028439
159.42168 -74.026146 -9.410741 11.466977 -18.923458 -0.6950079 1260256028444
158.45059 -68.174835 -7.140204 11.466977 -18.923458 -0.6950079 1260256028456
158.45059 -68.174835 -7.140204 5.6405315 -23.006588 13.766743 1260256028459
157.32806 -62.766094 -5.4331937 5.6405315 -23.006588 13.766743 1260256028471
157.32806 -62.766094 -5.4331937 20.070278 -18.677313 23.697277 1260256028474
156.16167 -57.87779 -3.961534 20.070278 -18.677313 23.697277 1260256028493
156.16167 -57.87779 -3.961534 19.0554 -7.265072 19.415993 1260256028497
155.05359 -53.533897 -2.4634573 19.0554 -7.265072 19.415993 1260256028509
155.05359 -53.533897 -2.4634573 4.966252 -13.661286 27.115597 1260256028514
154.1009 -49.457203 -0.6402844 4.966252 -13.661286 27.115597 1260256028528
154.1009 -49.457203 -0.6402844 4.047242 -15.313068 17.7004 1260256028532
153.44586 -45.43434 2.0917299 4.047242 -15.313068 17.7004 1260256028552
153.44586 -45.43434 2.0917299 17.13538 4.1193976 2.4731214 1260256028555
153.62357 -35.262623 4.1871433 17.13538 4.1193976 2.4731214 1260256028571
153.62357 -35.262623 4.1871433 -1.4372478 -10.219685 -2.550394 1260256028574
154.34239 -24.949492 4.977786 -1.4372478 -10.219685 -2.550394 1260256028589
154.34239 -24.949492 4.977786 -4.5127 -4.1285133 -10.929476 1260256028594
156.42528 -14.802016 5.178897 -4.5127 -4.1285133 -10.929476 1260256028609
156.42528 -14.802016 5.178897 -5.797199 7.1134005 -21.420055 1260256028613
164.80402 -22.861916 5.069952 -5.797199 7.1134005 -21.420055 1260256028633
164.80402 -22.861916 5.069952 -7.8726215 -5.751864 -24.68327 1260256028640
158.36382 -30.21882 4.8164544 -7.8726215 -5.751864 -24.68327 1260256028649
158.36382 -30.21882 4.8164544 -9.65164 -4.601712 -24.826017 1260256028654
152.74562 -36.95788 4.525632 -9.65164 -4.601712 -24.826017 1260256028668
152.74562 -36.95788 4.525632 -10.133546 0.46563625 -28.283249 1260256028674
147.60834 -43.259983 4.1993504 -10.133546 0.46563625 -28.283249 1260256028691
147.60834 -43.259983 4.1993504 -9.491744 1.9111319 -30.999435 1260256028698
143.02792 -49.29698 3.839383 -9.491744 1.9111319 -30.999435 1260256028710
143.02792 -49.29698 3.839383 -7.631549 -0.3392067 -30.541607 1260256028713
139.37653 -55.132133 3.4474137 -7.631549 -0.3392067 -30.541607 1260256028729
139.37653 -55.132133 3.4474137 -4.721192 -3.8541183 -25.434963 1260256028735
137.4577 -60.925526 2.975043 -4.721192 -3.8541183 -25.434963 1260256028749
137.4577 -60.925526 2.975043 -0.48650312 -5.930144 -18.07916 1260256028755
138.83482 -66.72925 2.526291 -0.48650312 -5.930144 -18.07916 1260256028769
138.83482 -66.72925 2.526291 3.708899 -5.795369 -12.931501 1260256028772
144.79308 -54.492786 2.1999764 3.708899 -5.795369 -12.931501 1260256028792
144.79308 -54.492786 2.1999764 6.643088 -9.159759 -14.36356 1260256028795
139.70341 -42.968147 2.0899775 6.643088 -9.159759 -14.36356 1260256028809
139.70341 -42.968147 2.0899775 8.549474 -9.519101 -17.987274 1260256028814
138.66824 -32.219738 2.2854786 8.549474 -9.519101 -17.987274 1260256028832
138.66824 -32.219738 2.2854786 8.927434 5.149214 -17.968529 1260256029005
136.83482 -22.75875 2.7212048 8.927434 5.149214 -17.968529 1260256029020
136.83482 -22.75875 2.7212048 6.2468805 -11.218229 -3.9544644 1260256029023
135.79308 -16.670813 3.0351446 6.2468805 -11.218229 -3.9544644 1260256029029
135.79308 -16.670813 3.0351446 2.7301455 -19.049301 5.38885 1260256029032
135.55342 -12.737272 2.8333874 2.7301455 -19.049301 5.38885 1260256029036
135.55342 -12.737272 2.8333874 2.741274 -14.895649 -0.36257362 1260256029039
135.62575 -9.750408 2.541718 2.741274 -14.895649 -0.36257362 1260256029042
135.62575 -9.750408 2.541718 4.088725 -22.203566 25.68362 1260256029045
135.74446 -7.4128876 2.214632 4.088725 -22.203566 25.68362 1260256029051
135.74446 -7.4128876 2.214632 5.6179156 -9.443754 22.005163 1260256029054
136.00723 -5.6422434 1.9539005 5.6179156 -9.443754 22.005163 1260256029057
136.00723 -5.6422434 1.9539005 7.972718 -17.954784 19.33305 1260256029060
136.40688 -4.460131 1.9562055 7.972718 -17.954784 19.33305 1260256029063
136.40688 -4.460131 1.9562055 9.666793 -15.864166 20.682667 1260256029069
136.88654 -3.8371246 2.0583951 9.666793 -15.864166 20.682667 1260256029072
136.88654 -3.8371246 2.0583951 9.693058 -8.731443 20.005466 1260256029076
137.4922 -3.8452682 2.3554754 9.693058 -8.731443 20.005466 1260256029079
137.4922 -3.8452682 2.3554754 8.732513 -5.3601756 18.54606 1260256029082
