287.3185 3.4544487 65.99713 11.36973 10.514328 7.1647696 1260261068900
287.3185 3.4544487 65.99713 9.533691 5.3997784 11.827822 1260261068905
288.95258 2.2317262 66.04727 9.533691 5.3997784 11.827822 1260261068908
288.95258 2.2317262 66.04727 8.8250265 -3.9498768 7.5112133 1260261068917
291.25494 0.6701398 65.79491 8.8250265 -3.9498768 7.5112133 1260261068939
291.25494 0.6701398 65.79491 10.893276 -1.0472074 -6.7004304 1260261068944
294.1922 -6.513367 65.15516 10.893276 -1.0472074 -6.7004304 1260261068955
294.1922 -6.513367 65.15516 15.3259735 8.378693 -6.6439557 1260261068959
279.9326 -12.937698 64.1474 15.3259735 8.378693 -6.6439557 1260261068966
279.9326 -12.937698 64.1474 16.210934 10.24355 2.0197062 1260261068969
266.83597 -18.790813 62.94003 16.210934 10.24355 2.0197062 1260261068978
266.83597 -18.790813 62.94003 6.519819 5.9896626 9.221958 1260261068981
254.99417 -24.101273 61.543026 6.519819 5.9896626 9.221958 1260261068988
254.99417 -24.101273 61.543026 -5.163443 -2.3887372 1.0598785 1260261068999
244.14445 -28.996208 60.065876 -5.163443 -2.3887372 1.0598785 1260261069003
244.14445 -28.996208 60.065876 -0.32620025 -1.1502118 6.7201724 1260261069008
234.03723 -33.5464 58.562584 -0.32620025 -1.1502118 6.7201724 1260261069016
234.03723 -33.5464 58.562584 11.454987 12.867606 2.0537436 1260261069023
224.68536 -34.969078 57.034454 11.454987 12.867606 2.0537436 1260261069036
224.68536 -34.969078 57.034454 6.8502584 0.4108932 -7.9425745 1260261069042
216.35109 -36.620625 55.28273 6.8502584 0.4108932 -7.9425745 1260261069058
216.35109 -36.620625 55.28273 -7.4548874 -3.9780307 1.5538039 1260261069062
209.28354 -38.389595 53.268593 -7.4548874 -3.9780307 1.5538039 1260261069074
209.28354 -38.389595 53.268593 2.7965496 11.403828 -6.7201276 1260261069079
203.16936 -40.220116 50.905163 2.7965496 11.403828 -6.7201276 1260261069276
203.16936 -40.220116 50.905163 6.476538 11.133359 -5.0343194 1260261069279
198.2609 -41.30911 47.809906 6.476538 11.133359 -5.0343194 1260261069285
198.2609 -41.30911 47.809906 -7.2430515 0.2883029 8.999973 1260261069288
194.29785 -41.04365 43.91941 -7.2430515 0.2883029 8.999973 1260261069297
194.29785 -41.04365 43.91941 -3.353571 1.266386 -6.0794697 1260261069300
190.63297 -39.79147 39.67344 -3.353571 1.266386 -6.0794697 1260261069304
190.63297 -39.79147 39.67344 4.667976 10.2949 6.670781 1260261069314
186.95131 -37.901897 35.439766 4.667976 10.2949 6.670781 1260261069317
186.95131 -37.901897 35.439766 -13.178834 2.191632 -0.41981316 1260261069323
183.00374 -35.606804 31.217777 -13.178834 2.191632 -0.41981316 1260261069326
183.00374 -35.606804 31.217777 -8.19454 -9.654986 0.56605434 1260261069334
177.55356 -32.976463 26.856888 -8.19454 -9.654986 0.56605434 1260261069337
177.55356 -32.976463 26.856888 2.8067203 7.443164 3.9209228 1260261069343
186.07588 -30.12764 22.314043 2.8067203 7.443164 3.9209228 1260261069346
186.07588 -30.12764 22.314043 -10.696198 -12.789364 -1.2286952 1260261069349
192.97209 -20.671257 18.698341 -10.696198 -12.789364 -1.2286952 1260261069357
192.97209 -20.671257 18.698341 -8.953833 5.9518538 -7.485773 1260261069361
199.57349 -11.237694 16.463425 -8.953833 5.9518538 -7.485773 1260261069374
199.57349 -11.237694 16.463425 -13.202407 -12.52425 -14.881321 1260261069379
206.94481 -2.0758088 14.990253 -13.202407 -12.52425 -14.881321 1260261069383
206.94481 -2.0758088 14.990253 1.6643372 5.6755166 -16.967707 1260261069386
199.24757 6.6779823 14.040741 1.6643372 5.6755166 -16.967707 1260261069395
199.24757 6.6779823 14.040741 7.725044 -6.997307 -26.056496 1260261069398
196.83519 14.794083 13.438704 7.725044 -6.997307 -26.056496 1260261069404
196.83519 14.794083 13.438704 8.404089 -13.167698 -33.02316 1260261069407
198.09343 22.154379 13.116768 8.404089 -13.167698 -33.02316 1260261069417
198.09343 22.154379 13.116768 9.048314 -7.8463383 -37.579903 1260261069421
206.13876 28.84666 13.060929 9.048314 -7.8463383 -37.579903 1260261069428
206.13876 28.84666 13.060929 11.270993 -8.326391 -36.5894 1260261069440
196.53183 34.85433 13.1078825 11.270993 -8.326391 -36.5894 1260261069444
196.53183 34.85433 13.1078825 13.495851 -14.472495 -36.115875 1260261069449
188.40524 40.36161 13.252488 13.495851 -14.472495 -36.115875 1260261069455
188.40524 40.36161 13.252488 15.429649 -23.32726 -31.64031 1260261069461
181.78497 45.39353 13.439864 15.429649 -23.32726 -31.64031 1260261069464
181.78497 45.39353 13.439864 15.793627 -27.177658 -19.321676 1260261069467
176.39572 50.023857 13.717871 15.793627 -27.177658 -19.321676 1260261069478
176.39572 50.023857 13.717871 15.802116 -11.833827 -10.33217 1260261069487
171.82593 54.222664 14.081977 15.802116 -11.833827 -10.33217 1260261069490
171.82593 54.222664 14.081977 14.865469 -3.2294178 -8.95136 1260261069498
167.58463 57.91153 14.377878 14.865469 -3.2294178 -8.95136 1260261069503
167.58463 57.91153 14.377878 12.4458275 -16.19477 -4.745464 1260261069510
163.30539 60.765953 14.558985 12.4458275 -16.19477 -4.745464 1260261069523
163.30539 60.765953 14.558985 10.112342 5.2317443 0.81671345 1260261069530
156.99011 59.627655 11.681035 10.112342 5.2317443 0.81671345 1260261069543
156.99011 59.627655 11.681035 -8.512632 -1.4439733 -5.646724 1260261069546
156.7406 54.796272 8.746984 -8.512632 -1.4439733 -5.646724 1260261069555
156.7406 54.796272 8.746984 3.2986972 11.96793 2.6862354 1260261069559
156.00357 49.40646 6.5096345 3.2986972 11.96793 2.6862354 1260261069577
156.00357 49.40646 6.5096345 -2.4714952 13.726826 7.3273478 1260261069580
154.80339 41.086136 4.8341527 -2.4714952 13.726826 7.3273478 1260261069594
154.80339 41.086136 4.8341527 -15.720392 14.081032 -1.209148 1260261069603
153.21323 33.53183 3.5924451 -15.720392 14.081032 -1.209148 1260261069616
153.21323 33.53183 3.5924451 -10.535543 9.095203 2.721273 1260261069622
151.35257 26.405237 2.662823 -10.535543 9.095203 2.721273 1260261069636
151.35257 26.405237 2.662823 -1.4782147 11.866915 -6.7105465 1260261069639
149.38493 19.584976 1.8796818 -1.4782147 11.866915 -6.7105465 1260261069658
149.38493 19.584976 1.8796818 4.283046 15.040683 -8.161293 1260261069662
147.36569 12.755728 1.1856977 4.283046 15.040683 -8.161293 1260261069674
147.36569 12.755728 1.1856977 4.8599534 15.630277 -4.0935445 1260261069679
146.6474 5.067941 -0.023587186 4.8599534 15.630277 -4.0935445 1260261069693
146.6474 5.067941 -0.023587186 -4.235515 15.820162 -3.576728 1260261069697
140.36504 11.814544 -1.0224078 -4.235515 15.820162 -3.576728 1260261069717
140.36504 11.814544 -1.0224078 -11.155155 1.5037961 -1.8389907 1260261069720
137.09679 16.573816 -1.1712874 -11.155155 1.5037961 -1.8389907 1260261069733
137.09679 16.573816 -1.1712874 -9.899973 -4.971224 -6.188409 1260261069743
134.74194 20.495125 -0.962723 -9.899973 -4.971224 -6.188409 1260261069754
134.74194 20.495125 -0.962723 -7.0899277 -25.858248 -1.3444164 1260261069759
133.15485 23.270369 -0.21458688 -7.0899277 -25.858248 -1.3444164 1260261069774
133.15485 23.270369 -0.21458688 1.2365155 -3.9207182 -2.0442607 1260261069777
132.3471 24.95685 1.2961425 1.2365155 -3.9207182 -2.0442607 1260261069798
132.3471 24.95685 1.2961425 14.131708 -6.3075256 4.7416606 1260261069802
131.97975 25.709007 3.4313354 14.131708 -6.3075256 4.7416606 1260261069813
131.97975 25.709007 3.4313354 2.4439178 -10.147972 -5.532111 1260261069819
132.43077 25.373556 6.5097685 2.4439178 -10.147972 -5.532111 1260261069833
132.43077 25.373556 6.5097685 8.276238 -4.530118 10.962871 1260261069837
