147.17805 22.5294 13.385995 8.748659 -0.30656385 1.532134 1260255490356
147.17805 22.5294 13.385995 9.573519 1.101166 2.1161861 1260255490366
147.01915 22.95293 13.616695 9.573519 1.101166 2.1161861 1260255490370
147.01915 22.95293 13.616695 11.389845 3.257337 4.5398526 1260255490373
147.06819 23.605284 13.985861 11.389845 3.257337 4.5398526 1260255490381
147.06819 23.605284 13.985861 13.324669 3.8795671 7.2964025 1260255490384
147.71478 24.275019 14.936567 13.324669 3.8795671 7.2964025 1260255490390
147.71478 24.275019 14.936567 12.103015 1.5555263 1.2469926 1260255490393
148.32904 25.061268 15.839739 12.103015 1.5555263 1.2469926 1260255490401
148.32904 25.061268 15.839739 4.487361 -6.06947 -4.010546 1260255490404
148.81259 25.908205 16.697752 4.487361 -6.06947 -4.010546 1260255490407
148.81259 25.908205 16.697752 -2.2534466 -14.12011 1.7841566 1260255490411
149.22195 26.812796 17.512865 -2.2534466 -14.12011 1.7841566 1260255490416
149.22195 26.812796 17.512865 -3.4988637 -17.368961 4.900605 1260255490425
149.46086 27.672155 18.287222 -3.4988637 -17.368961 4.900605 1260255490429
149.46086 27.672155 18.287222 0.5908985 -13.083157 -1.7385731 1260255490434
149.78781 28.488548 19.07286 0.5908985 -13.083157 -1.7385731 1260255490441
149.78781 28.488548 19.07286 7.9044113 -5.0129185 -4.9388723 1260255490447
150.24843 29.314121 19.969217 7.9044113 -5.0129185 -4.9388723 1260255490450
150.24843 29.314121 19.969217 14.335779 1.9944615 1.1051855 1260255490454
151.03601 30.148415 21.020756 14.335779 1.9944615 1.1051855 1260255490462
151.03601 30.148415 21.020756 13.466093 3.5504675 0.18515873 1260255490465
152.13422 30.940994 22.169718 13.466093 3.5504675 0.18515873 1260255490471
152.13422 30.940994 22.169718 3.7483075 -1.1711178 -8.563168 1260255490474
153.77751 36.443943 23.261232 3.7483075 -1.1711178 -8.563168 1260255490482
153.77751 36.443943 23.261232 -3.4626207 3.9358597 -3.829432 1260255490485
156.08864 42.321747 24.04817 -3.4626207 3.9358597 -3.829432 1260255490489
156.08864 42.321747 24.04817 -1.1457782 4.652923 -8.010627 1260255490494
159.1342 48.455658 24.495762 -1.1457782 4.652923 -8.010627 1260255490503
159.1342 48.455658 24.495762 2.9427595 5.489749 -14.545771 1260255490506
163.07748 54.732876 24.670973 2.9427595 5.489749 -14.545771 1260255490542
163.07748 54.732876 24.670973 4.732179 7.3417215 -19.4259 1260255490729
167.47362 60.896233 24.587423 4.732179 7.3417215 -19.4259 1260255490742
167.47362 60.896233 24.587423 3.361454 8.337808 -22.534569 1260255490745
171.64993 66.75142 24.258053 3.361454 8.337808 -22.534569 1260255490750
171.64993 66.75142 24.258053 -1.5133953 6.224228 -22.523369 1260255490755
171.96744 71.76385 23.69515 -1.5133953 6.224228 -22.523369 1260255490764
171.96744 71.76385 23.69515 -6.757569 -7.6599035 -14.045166 1260255490767
169.16907 74.225655 22.460392 -6.757569 -7.6599035 -14.045166 1260255490771
169.16907 74.225655 22.460392 -4.622359 1.0788655 -8.088541 1260255490776
166.51062 73.664375 20.687372 -4.622359 1.0788655 -8.088541 1260255490782
166.51062 73.664375 20.687372 5.8433104 -4.8356533 6.86218 1260255490788
163.88509 72.481155 18.953003 5.8433104 -4.8356533 6.86218 1260255490791
163.88509 72.481155 18.953003 -5.3214884 -18.275864 6.2149343 1260255490794
161.39084 71.10709 17.355352 -5.3214884 -18.275864 6.2149343 1260255490802
161.39084 71.10709 17.355352 -17.030914 -32.411095 22.316767 1260255490805
159.0213 69.70174 15.937585 -17.030914 -32.411095 22.316767 1260255490813
159.0213 69.70174 15.937585 -8.781956 -28.348465 15.970362 1260255490816
156.82024 68.36665 14.690705 -8.781956 -28.348465 15.970362 1260255490826
156.82024 68.36665 14.690705 4.0733943 -12.604322 16.382887 1260255490830
154.82922 67.14832 13.70617 4.0733943 -12.604322 16.382887 1260255490835
154.82922 67.14832 13.70617 7.0241795 -5.6680784 13.498766 1260255490844
153.13776 66.340904 12.970861 7.0241795 -5.6680784 13.498766 1260255490847
153.13776 66.340904 12.970861 3.6116307 -7.3893003 0.4999609 1260255490850
151.83087 66.123856 12.572318 3.6116307 -7.3893003 0.4999609 1260255490855
151.83087 66.123856 12.572318 0.9027463 -6.649262 -5.4941173 1260255490861
151.23933 68.11766 12.743702 0.9027463 -6.649262 -5.4941173 1260255490867
151.23933 68.11766 12.743702 3.3904355 2.430235 4.9199247 1260255490870
151.52737 71.71178 13.156517 3.3904355 2.430235 4.9199247 1260255490873
151.52737 71.71178 13.156517 7.6600266 -9.015556 -11.185728 1260255490881
152.951 76.176186 13.398691 7.6600266 -9.015556 -11.185728 1260255490884
152.951 76.176186 13.398691 9.821301 -9.574754 -2.9008236 1260255490888
155.50345 80.91737 13.478757 9.821301 -9.574754 -2.9008236 1260255490891
155.50345 80.91737 13.478757 10.707083 4.8868113 -6.689285 1260255490896
158.57828 85.5715 13.454819 10.707083 4.8868113 -6.689285 1260255490904
158.57828 85.5715 13.454819 10.942707 5.1574454 -19.36074 1260255490907
162.94937 90.192924 13.382078 10.942707 5.1574454 -19.36074 1260255490911
162.94937 90.192924 13.382078 11.399633 -8.464976 -23.541115 1260255490915
168.7519 76.73328 13.362974 11.399633 -8.464976 -23.541115 1260255490922
168.7519 76.73328 13.362974 12.305174 -8.902405 -21.853947 1260255490928
174.9143 64.046616 13.344826 12.305174 -8.902405 -21.853947 1260255490931
174.9143 64.046616 13.344826 12.561052 -7.8097544 -22.370546 1260255490936
179.9686 51.894283 13.327584 12.561052 -7.8097544 -22.370546 1260255490943
179.9686 51.894283 13.327584 12.112843 -9.361288 -23.388847 1260255490949
179.87016 57.49957 13.311205 12.112843 -9.361288 -23.388847 1260255490952
179.87016 57.49957 13.311205 10.688173 -12.662005 -12.090594 1260255490955
177.57666 60.62459 13.095645 10.688173 -12.662005 -12.090594 1260255490963
177.57666 60.62459 13.095645 7.263549 -4.4724774 -11.769793 1260255490966
175.09782 61.54336 12.740863 7.263549 -4.4724774 -11.769793 1260255490975
175.09782 61.54336 12.740863 3.6899302 -10.078641 5.9165535 1260255490985
172.54294 61.61619 12.35382 3.6899302 -10.078641 5.9165535 1260255490988
172.54294 61.61619 12.35382 0.4524157 -15.941066 15.834421 1260255490994
169.96579 61.185383 12.036129 0.4524157 -15.941066 15.834421 1260255491000
169.96579 61.185383 12.036129 -1.5103219 -15.139662 17.544004 1260255491005
167.5175 60.426113 11.884322 -1.5103219 -15.139662 17.544004 1260255491009
167.5175 60.426113 11.884322 -1.6966739 -13.988773 13.715333 1260255491012
165.14163 59.454807 11.840106 -1.6966739 -13.988773 13.715333 1260255491020
165.14163 59.454807 11.840106 -2.1358666 -17.1596 9.396576 1260255491024
162.93456 58.232067 11.9981 -2.1358666 -17.1596 9.396576 1260255491030
162.93456 58.232067 11.9981 -1.6102421 -18.019108 10.226954 1260255491033
161.13783 56.770462 12.698195 -1.6102421 -18.019108 10.226954 1260255491036
161.13783 56.770462 12.698195 4.2982416 -5.492792 14.788933 1260255491044
164.58095 54.33194 15.613286 4.2982416 -5.492792 14.788933 1260255491048
164.58095 54.33194 15.613286 3.3508732 7.485176 6.6353593 1260255491051
173.4519 43.86534 16.232622 3.3508732 7.485176 6.6353593 1260255491066
173.4519 43.86534 16.232622 -3.7376442 2.2059443 -10.398856 1260255491070
170.07932 33.972073 14.920991 -3.7376442 2.2059443 -10.398856 1260255491075
170.07932 33.972073 14.920991 6.31401 -3.76714 2.5112584 1260255491082
169.82535 24.223469 12.324942 6.31401 -3.76714 2.5112584 1260255491087
169.82535 24.223469 12.324942 -5.353183 9.38082 2.2635784 1260255491091
168.68408 14.462296 8.658694 -5.353183 9.38082 2.2635784 1260255491094
168.68408 14.462296 8.658694 0.84242773 -8.169706 -0.89042115 1260255491102
165.24988 22.589182 4.5757594 0.84242773 -8.169706 -0.89042115 1260255491112
165.24988 22.589182 4.5757594 -18.098804 5.027246 -1.348518 1260255491115
161.18738 29.809723 0.69697136 -18.098804 5.027246 -1.348518 1260255491123
161.18738 29.809723 0.69697136 -3.6794915 7.53288 -2.336307 1260255491126
156.92801 36.369236 -2.7378774 -3.6794915 7.53288 -2.336307 1260255491132
156.92801 36.369236 -2.7378774 -14.146791 5.907572 -4.2750444 1260255491144
152.3816 42.200775 -5.5009837 -14.146791 5.907572 -4.2750444 1260255491150
152.3816 42.200775 -5.5009837 -1.8640442 4.897818 -4.3279905 1260255491156
148.11253 47.140736 -7.425935 -1.8640442 4.897818 -4.3279905 1260255491163
148.11253 47.140736 -7.425935 -14.976881 -5.3239193 -7.159169 1260255491173
145.8069 50.4337 -7.954638 -14.976881 -5.3239193 -7.159169 1260255491183
145.8069 50.4337 -7.954638 -12.678772 -10.289695 -3.0956414 1260255491186
144.71655 52.312016 -7.556906 -12.678772 -10.289695 -3.0956414 1260255491202
144.71655 52.312016 -7.556906 -9.261765 -23.326397 -0.91885805 1260255491206
144.03073 53.546413 -6.829061 -9.261765 -23.326397 -0.91885805 1260255491390
144.03073 53.546413 -6.829061 -2.5408294 -18.987698 -4.2085133 1260255491394
143.47919 54.419094 -5.987608 -2.5408294 -18.987698 -4.2085133 1260255491402
143.47919 54.419094 -5.987608 7.4174805 -16.71112 2.3848248 1260255491406
143.05522 55.09814 -5.0882277 7.4174805 -16.71112 2.3848248 1260255491411
143.05522 55.09814 -5.0882277 15.0408125 -17.116497 9.230325 1260255491414
142.80246 55.743233 -4.1338162 15.0408125 -17.116497 9.230325 1260255491423
142.80246 55.743233 -4.1338162 14.620174 -17.681076 4.0645647 1260255491426
142.71234 56.50607 -3.1771255 14.620174 -17.681076 4.0645647 1260255491430
142.71234 56.50607 -3.1771255 6.2185183 -21.11643 -5.4808993 1260255491435
142.82672 58.930767 -2.268269 6.2185183 -21.11643 -5.4808993 1260255491442
142.82672 58.930767 -2.268269 -2.9485683 -24.045673 4.047009 1260255491447
143.08539 61.73423 -1.5548556 -2.9485683 -24.045673 4.047009 1260255491451
143.08539 61.73423 -1.5548556 -6.815899 -3.7938585 -5.063683 1260255491456
142.98112 65.39752 -1.1271129 -6.815899 -3.7938585 -5.063683 1260255491462
142.98112 65.39752 -1.1271129 -7.3256516 -14.14954 -12.299736 1260255491468
142.18207 69.67764 -0.97075725 -7.3256516 -14.14954 -12.299736 1260255491471
142.18207 69.67764 -0.97075725 -7.59774 -11.247425 -6.0791955 1260255491474
140.37297 74.24376 -1.0222194 -7.59774 -11.247425 -6.0791955 1260255491484
140.37297 74.24376 -1.0222194 -8.68891 4.8767653 -9.49697 1260255491487
137.60432 78.73157 -1.1711085 -8.68891 4.8767653 -9.49697 1260255491494
137.60432 78.73157 -1.1711085 -9.899291 -1.5238008 -15.729494 1260255491503
134.57411 83.04499 -1.362553 -9.899291 -1.5238008 -15.729494 1260255491506
134.57411 83.04499 -1.362553 -10.677905 -13.0363035 -12.004924 1260255491510
131.9954 87.04274 -1.5444254 -10.677905 -13.0363035 -12.004924 1260255491515
131.9954 87.04274 -1.5444254 -10.886221 3.8716118 -12.905747 1260255491521
129.74564 90.7406 -1.6672041 -10.886221 3.8716118 -12.905747 1260255491527
129.74564 90.7406 -1.6672041 -10.844121 -8.134388 -12.507809 1260255491530
127.70835 94.10357 -1.833844 -10.844121 -8.134388 -12.507809 1260255491542
127.70835 94.10357 -1.833844 -10.743212 -3.8627045 -15.3112955 1260255491545
125.922935 96.99839 -2.0921516 -10.743212 -3.8627045 -15.3112955 1260255491551
125.922935 96.99839 -2.0921516 -10.105221 -9.645977 -6.5062537 1260255491554
124.42679 99.19847 -2.537544 -10.105221 -9.645977 -6.5062537 1260255491564
124.42679 99.19847 -2.537544 -7.582009 3.012527 -9.749285 1260255491568
123.70545 99.98855 -3.1606667 -7.582009 3.012527 -9.749285 1260255491571
123.70545 99.98855 -3.1606667 -2.2102668 -3.167859 -11.361053 1260255491583
123.27018 98.43912 -3.6526334 -2.2102668 -3.167859 -11.361053 1260255491588
123.27018 98.43912 -3.6526334 2.246031 -2.3559122 7.4422445 1260255491595
122.75667 96.31716 -3.8700018 2.246031 -2.3559122 7.4422445 1260255491601
122.75667 96.31716 -3.8700018 4.180997 -21.927647 12.050583 1260255491610
122.26884 94.1013 -3.9765017 4.180997 -21.927647 12.050583 1260255491619
122.26884 94.1013 -3.9765017 5.2482963 -14.35564 5.8458967 1260255491622
121.9554 91.99624 -3.9276767 5.2482963 -14.35564 5.8458967 1260255491642
121.9554 91.99624 -3.9276767 5.681326 -9.409812 17.570068 1260255491645
121.90763 90.14642 -3.7312927 5.681326 -9.409812 17.570068 1260255491665
121.90763 90.14642 -3.7312927 5.395414 -25.637857 16.808544 1260255491669
122.21225 88.8391 -3.4447281 5.395414 -25.637857 16.808544 1260255491680
122.21225 88.8391 -3.4447281 3.4157717 -24.108429 2.1733341 1260255491683
122.85164 87.94715 -3.0724916 3.4157717 -24.108429 2.1733341 1260255491702
122.85164 87.94715 -3.0724916 0.30401397 -15.029374 -4.7628365 1260255491705
123.609055 87.499794 -2.718867 0.30401397 -15.029374 -4.7628365 1260255491724
123.609055 87.499794 -2.718867 -3.094243 -8.818943 -5.49667 1260255491727
124.2786 87.57481 -2.5829237 -3.094243 -8.818943 -5.49667 1260255491740
124.2786 87.57481 -2.5829237 -5.140087 -7.1314917 -7.5504804 1260255491749
125.01467 87.646065 -2.4037774 -5.140087 -7.1314917 -7.5504804 1260255491759
125.01467 87.646065 -2.4037774 -6.483232 -6.32897 -6.8049207 1260255491762
