218.16946 -24.61155 35.529316 0.08626175 1.4965856 2.1248088 1260256039911
218.16946 -24.61155 35.529316 -0.9431381 -1.0794811 3.3531942 1260256039914
216.361 -24.380972 35.65285 -0.9431381 -1.0794811 3.3531942 1260256039918
216.361 -24.380972 35.65285 -1.8210902 -2.8245573 4.527545 1260256039921
214.69295 -24.261923 35.87021 -1.8210902 -2.8245573 4.527545 1260256039933
214.69295 -24.261923 35.87021 -2.923987 -3.7363765 5.1987348 1260256039936
213.2583 -24.198826 36.2267 -2.923987 -3.7363765 5.1987348 1260256040102
213.2583 -24.198826 36.2267 -4.032063 -4.6234913 5.666466 1260256040111
211.89539 -24.138884 36.615364 -4.032063 -4.6234913 5.666466 1260256040140
211.89539 -24.138884 36.615364 -3.5528064 -5.285362 6.8875585 1260256040150
210.85062 -24.131939 37.234596 -3.5528064 -5.285362 6.8875585 1260256040156
210.85062 -24.131939 37.234596 0.21337795 -5.744517 7.819804 1260256040159
210.90808 -24.725342 37.922867 0.21337795 -5.744517 7.819804 1260256040164
210.90808 -24.725342 37.922867 6.1108274 -0.88650846 9.835992 1260256040171
212.91267 -30.039074 38.076725 6.1108274 -0.88650846 9.835992 1260256040177
212.91267 -30.039074 38.076725 7.113717 -5.5846443 1.1291518 1260256040180
216.86703 -34.88712 37.52289 7.113717 -5.5846443 1.1291518 1260256040183
216.86703 -34.88712 37.52289 1.0060024 1.5679672 -11.389856 1260256040191
221.97368 -39.642765 36.546745 1.0060024 1.5679672 -11.389856 1260256040194
221.97368 -39.642765 36.546745 -6.8297615 14.452202 -5.318731 1260256040198
227.325 -44.360626 35.419407 -6.8297615 14.452202 -5.318731 1260256040203
227.325 -44.360626 35.419407 -5.763611 8.672957 -10.55961 1260256040212
233.00874 -49.292595 34.048435 -5.763611 8.672957 -10.55961 1260256040215
233.00874 -49.292595 34.048435 5.797827 -3.863915 -10.428604 1260256040219
221.3583 -54.427963 32.446014 5.797827 -3.863915 -10.428604 1260256040224
221.3583 -54.427963 32.446014 8.64714 -4.936503 -9.119579 1260256040231
211.94038 -59.606564 30.573713 8.64714 -4.936503 -9.119579 1260256040236
211.94038 -59.606564 30.573713 -7.952118 3.7476466 -13.748153 1260256040239
204.94336 -64.726234 28.445028 -7.952118 3.7476466 -13.748153 1260256040243
204.94336 -64.726234 28.445028 -3.5170612 12.165289 -5.4964027 1260256040251
199.34619 -69.58992 26.172777 -3.5170612 12.165289 -5.4964027 1260256040259
199.34619 -69.58992 26.172777 5.2509575 8.022176 -5.7626567 1260256040262
193.57889 -74.060425 24.01414 5.2509575 8.022176 -5.7626567 1260256040273
193.57889 -74.060425 24.01414 -13.050936 -4.3594584 -12.086838 1260256040276
187.39995 -78.2574 22.063433 -13.050936 -4.3594584 -12.086838 1260256040280
187.39995 -78.2574 22.063433 -5.7745366 10.194981 -8.550802 1260256040285
180.72995 -82.04453 20.31026 -5.7745366 10.194981 -8.550802 1260256040293
180.72995 -82.04453 20.31026 4.060986 14.540644 -21.072075 1260256040297
173.89345 -85.49231 18.694748 4.060986 14.540644 -21.072075 1260256040300
173.89345 -85.49231 18.694748 -7.4086766 8.084817 -32.083138 1260256040309
167.34877 -88.61769 17.160011 -7.4086766 8.084817 -32.083138 1260256040312
167.34877 -88.61769 17.160011 -16.064447 21.536636 -25.08457 1260256040318
161.48134 -91.436806 15.552011 -16.064447 21.536636 -25.08457 1260256040321
161.48134 -91.436806 15.552011 -5.260784 12.073431 -11.505311 1260256040329
157.00728 -94.16496 13.72441 -5.260784 12.073431 -11.505311 1260256040332
157.00728 -94.16496 13.72441 1.4313078 10.957303 -11.664016 1260256040335
155.55692 -97.256714 10.73819 1.4313078 10.957303 -11.664016 1260256040343
155.55692 -97.256714 10.73819 -19.174866 6.7988634 -5.2500443 1260256040354
156.72906 -91.393875 6.95128 -19.174866 6.7988634 -5.2500443 1260256040357
156.72906 -91.393875 6.95128 -5.778686 -7.30257 -4.271428 1260256040361
157.49261 -84.97418 4.903716 -5.778686 -7.30257 -4.271428 1260256040369
157.49261 -84.97418 4.903716 -22.68309 -15.586612 11.314925 1260256040375
158.06798 -78.87547 3.4085302 -22.68309 -15.586612 11.314925 1260256040378
158.06798 -78.87547 3.4085302 -16.028315 -22.62339 30.595362 1260256040381
158.56458 -73.2317 2.1881037 -16.028315 -22.62339 30.595362 1260256040390
158.56458 -73.2317 2.1881037 -4.4032035 -27.23481 29.11614 1260256040399
158.98634 -68.220116 0.9786985 -4.4032035 -27.23481 29.11614 1260256040402
158.98634 -68.220116 0.9786985 -2.6691732 -20.830072 26.412695 1260256040410
159.38702 -63.95911 -0.47023642 -2.6691732 -20.830072 26.412695 1260256040415
159.38702 -63.95911 -0.47023642 -14.19252 2.8043036 20.883492 1260256040423
159.61768 -60.611156 -2.5967247 -14.19252 2.8043036 20.883492 1260256040434
159.61768 -60.611156 -2.5967247 -13.891754 -8.401508 14.619217 1260256040438
159.1868 -58.6806 -5.8668885 -13.891754 -8.401508 14.619217 1260256040449
159.1868 -58.6806 -5.8668885 -3.5827847 11.348144 -4.129487 1260256040457
157.07745 -63.29657 -7.323544 -3.5827847 11.348144 -4.129487 1260256040469
157.07745 -63.29657 -7.323544 -15.617643 10.4939785 -3.8899016 1260256040472
153.07358 -67.58174 -7.857367 -15.617643 10.4939785 -3.8899016 1260256040492
153.07358 -67.58174 -7.857367 -16.078924 0.61283493 -16.345661 1260256040495
148.3699 -71.70265 -8.114499 -16.078924 0.61283493 -16.345661 1260256040514
148.3699 -71.70265 -8.114499 -15.366927 18.666924 -20.490267 1260256040518
143.3014 -75.617516 -8.208775 -15.366927 18.666924 -20.490267 1260256040528
143.3014 -75.617516 -8.208775 -14.583299 17.93148 -30.71347 1260256040532
137.88634 -79.28664 -8.148335 -14.583299 17.93148 -30.71347 1260256040550
137.88634 -79.28664 -8.148335 -13.682529 10.831304 -26.66607 1260256040553
132.44202 -82.6723 -8.040918 -13.682529 10.831304 -26.66607 1260256040573
132.44202 -82.6723 -8.040918 -12.652983 24.86916 -26.74044 1260256040577
126.569916 -85.78869 -7.6888723 -12.652983 24.86916 -26.74044 1260256040589
126.569916 -85.78869 -7.6888723 -10.048094 6.2142134 -21.088003 1260256040594
137.99142 -89.049255 -7.0544286 -10.048094 6.2142134 -21.088003 1260256040609
137.99142 -89.049255 -7.0544286 -5.6731377 15.692722 -9.302082 1260256040612
137.39186 -77.996796 -4.851707 -5.6731377 15.692722 -9.302082 1260256040631
137.39186 -77.996796 -4.851707 12.565321 1.5226095 -2.5952768 1260256040636
138.12227 -71.64696 -3.8091216 12.565321 1.5226095 -2.5952768 1260256040814
138.12227 -71.64696 -3.8091216 10.084665 -5.7751317 15.258401 1260256040818
139.01616 -65.96461 -3.1686654 10.084665 -5.7751317 15.258401 1260256040828
139.01616 -65.96461 -3.1686654 3.5205436 -14.568878 25.895277 1260256040832
140.01535 -61.166378 -2.610232 3.5205436 -14.568878 25.895277 1260256040837
140.01535 -61.166378 -2.610232 -1.9964905 -21.1972 20.017035 1260256040841
141.11458 -57.50806 -2.1797204 -1.9964905 -21.1972 20.017035 1260256040849
141.11458 -57.50806 -2.1797204 -6.2270803 4.428891 13.807806 1260256040852
142.15884 -55.582657 -2.1707344 -6.2270803 4.428891 13.807806 1260256040858
142.15884 -55.582657 -2.1707344 -8.470001 -4.193537 8.036324 1260256040861
142.0509 -55.403522 -2.8621976 -8.470001 -4.193537 8.036324 1260256040864
142.0509 -55.403522 -2.8621976 -5.6718225 -0.20852375 2.1577942 1260256040872
140.69836 -55.683346 -4.069088 -5.6718225 -0.20852375 2.1577942 1260256040876
140.69836 -55.683346 -4.069088 1.5077147 4.5796075 -1.482466 1260256040879
139.06345 -59.04918 -5.5156336 1.5077147 4.5796075 -1.482466 1260256040884
139.06345 -59.04918 -5.5156336 -2.4024754 19.971693 -6.591791 1260256040893
137.76027 -62.59672 -7.139852 -2.4024754 19.971693 -6.591791 1260256040897
137.76027 -62.59672 -7.139852 -18.751253 11.882049 3.3272367 1260256040900
136.37225 -66.11688 -8.682859 -18.751253 11.882049 3.3272367 1260256040911
136.37225 -66.11688 -8.682859 -18.417114 12.600854 1.2933621 1260256040920
134.45364 -69.561035 -9.848717 -18.417114 12.600854 1.2933621 1260256040923
134.45364 -69.561035 -9.848717 -5.938828 17.684206 -16.925545 1260256040931
131.58096 -72.78298 -10.4062805 -5.938828 17.684206 -16.925545 1260256040934
131.58096 -72.78298 -10.4062805 2.0860124 7.2804933 -5.356068 1260256040940
126.65192 -75.843834 -10.035967 2.0860124 7.2804933 -5.356068 1260256040943
126.65192 -75.843834 -10.035967 4.9017687 13.976053 -16.544823 1260256040952
134.96931 -79.40164 -7.9841685 4.9017687 13.976053 -16.544823 1260256040955
134.96931 -79.40164 -7.9841685 -5.195113 -2.644154 -5.1374226 1260256040962
136.57085 -74.43156 -4.08496 -5.195113 -2.644154 -5.1374226 1260256040970
136.57085 -74.43156 -4.08496 16.800333 -11.225291 -2.845873 1260256040975
137.3423 -68.90998 -1.5807121 16.800333 -11.225291 -2.845873 1260256040979
137.3423 -68.90998 -1.5807121 2.0501842 -11.693198 5.8978157 1260256040982
137.72519 -63.51448 0.34832355 2.0501842 -11.693198 5.8978157 1260256040992
137.72519 -63.51448 0.34832355 15.793959 -6.893361 17.131062 1260256040998
138.08893 -58.488758 2.1309075 15.793959 -6.893361 17.131062 1260256041003
138.08893 -58.488758 2.1309075 20.533592 -3.1734867 13.116127 1260256041014
138.58449 -54.16432 4.274362 20.533592 -3.1734867 13.116127 1260256041017
138.58449 -54.16432 4.274362 1.9806318 -14.032354 11.152149 1260256041024
139.45526 -50.706104 7.310644 1.9806318 -14.032354 11.152149 1260256041035
139.45526 -50.706104 7.310644 16.261244 1.9459825 7.4701476 1260256041039
143.2825 -56.6708 9.395112 16.261244 1.9459825 7.4701476 1260256041051
143.2825 -56.6708 9.395112 4.9216013 2.283543 -13.672623 1260256041059
153.71838 -61.837257 9.225356 4.9216013 2.283543 -13.672623 1260256041069
153.71838 -61.837257 9.225356 3.2080984 -4.077094 -16.443176 1260256041072
148.58246 -66.6954 8.564088 3.2080984 -4.077094 -16.443176 1260256041092
148.58246 -66.6954 8.564088 6.0556126 -0.15648842 -11.985388 1260256041095
144.50334 -71.31062 7.735883 6.0556126 -0.15648842 -11.985388 1260256041109
144.50334 -71.31062 7.735883 6.708021 16.175343 -21.500912 1260256041114
140.47818 -75.54509 6.949089 6.708021 16.175343 -21.500912 1260256041132
140.47818 -75.54509 6.949089 2.3085506 11.840064 -15.885366 1260256041140
136.50427 -79.56783 6.2016344 2.3085506 11.840064 -15.885366 1260256041149
136.50427 -79.56783 6.2016344 -4.707353 2.7226963 -29.752367 1260256041152
136.50427 -79.56783 6.2016344 -4.707353 2.8316593 -29.370996 1260256041168
133.02905 -83.38944 5.4415526 -4.707353 2.8316593 -29.370996 1260256041191
133.02905 -83.38944 5.4415526 -11.380656 19.895878 -23.748184 1260256041196
129.9276 -87.06997 4.669475 -11.380656 19.895878 -23.748184 1260256041209
129.9276 -87.06997 4.669475 -13.482092 0.8008647 -19.94451 1260256041213
126.63122 -90.51647 4.036001 -13.482092 0.8008647 -19.94451 1260256041232
126.63122 -90.51647 4.036001 -9.9034 12.260192 -9.720472 1260256041235
123.099655 -93.64065 3.5342011 -9.9034 12.260192 -9.720472 1260256041249
123.099655 -93.64065 3.5342011 -4.961688 -0.68771315 -17.01134 1260256041256
122.79467 -97.45862 2.857491 -4.961688 -0.68771315 -17.01134 1260256041275
122.79467 -97.45862 2.857491 2.311042 -0.24221656 6.9738092 1260256041279
124.05494 -90.78569 2.8646164 2.311042 -0.24221656 6.9738092 1260256041288
124.05494 -90.78569 2.8646164 3.0066826 -0.9442508 14.503586 1260256041292
125.25219 -84.64641 2.8213856 3.0066826 -0.9442508 14.503586 1260256041312
125.25219 -84.64641 2.8213856 3.466048 -5.6878333 20.829842 1260256041315
126.48958 -78.914085 2.8303163 3.466048 -5.6878333 20.829842 1260256041333
126.48958 -78.914085 2.8303163 3.9957695 -12.681196 24.56457 1260256041337
127.7651 -73.91838 3.0388005 3.9957695 -12.681196 24.56457 1260256041348
127.7651 -73.91838 3.0388005 3.266568 -16.024853 15.704168 1260256041352
129.17685 -69.77246 3.4868605 3.266568 -16.024853 15.704168 1260256041371
129.17685 -69.77246 3.4868605 -0.11601591 3.5913894 7.056265 1260256041375
130.66801 -66.48384 4.1625175 -0.11601591 3.5913894 7.056265 1260256041393
130.66801 -66.48384 4.1625175 -4.6642847 -3.9702961 16.79498 1260256041397
