89.30723 33.063362 41.667892 3.755836 -14.850653 2.494214 1260179261486
89.30723 33.063362 41.667892 -0.22586203 -15.12403 2.5237458 1260179261496
90.29187 33.410194 42.034496 -0.22586203 -15.12403 2.5237458 1260179261499
90.29187 33.410194 42.034496 -2.2198653 -14.777474 2.2452612 1260179261503
91.72728 38.589684 42.232773 -2.2198653 -14.777474 2.2452612 1260179261508
91.72728 38.589684 42.232773 -3.133366 -13.788846 -1.3682096 1260179261515
93.49091 43.5102 42.421135 -3.133366 -13.788846 -1.3682096 1260179261544
93.49091 43.5102 42.421135 -3.6976295 -1.3456731 -1.1689862 1260179261548
95.61637 48.43469 42.80008 -3.6976295 -1.3456731 -1.1689862 1260179261556
95.61637 48.43469 42.80008 -3.0764432 4.6898856 -2.6434438 1260179261560
98.335556 53.412952 43.310074 -3.0764432 4.6898856 -2.6434438 1260179261567
98.335556 53.412952 43.310074 -0.15063381 -3.9059238 -9.738064 1260179261578
101.36878 58.242306 43.74457 -0.15063381 -3.9059238 -9.738064 1260179261581
101.36878 58.242306 43.74457 3.644264 -13.526228 -3.782158 1260179261587
104.400345 62.88019 44.157345 3.644264 -13.526228 -3.782158 1260179261592
104.400345 62.88019 44.157345 7.8086357 -4.273612 6.6424904 1260179261598
107.43033 67.33618 44.549477 7.8086357 -4.273612 6.6424904 1260179261606
107.43033 67.33618 44.549477 11.475981 5.952014 -4.8672657 1260179261617
110.35881 71.91937 45.322002 11.475981 5.952014 -4.8672657 1260179261625
110.35881 71.91937 45.322002 16.158976 -5.9532814 -4.842211 1260179261629
114.29087 76.8234 46.405903 16.158976 -5.9532814 -4.842211 1260179261638
114.29087 76.8234 46.405903 13.121096 -10.990214 -3.5771081 1260179261641
119.92633 81.83223 47.535606 13.121096 -10.990214 -3.5771081 1260179261655
119.92633 81.83223 47.535606 3.0654445 -1.8946757 -11.589562 1260179261658
126.23001 86.59062 48.058826 3.0654445 -1.8946757 -11.589562 1260179261676
126.23001 86.59062 48.058826 -1.3333149 9.188557 -5.210602 1260179261679
132.11852 91.01109 47.655884 -1.3333149 9.188557 -5.210602 1260179261691
132.11852 91.01109 47.655884 1.0899777 -1.774977 1.2159128 1260179261695
138.8626 77.46054 46.72309 1.0899777 -1.774977 1.2159128 1260179261712
138.8626 77.46054 46.72309 10.388515 -8.558116 -7.7271824 1260179261715
147.11946 64.937515 45.436935 10.388515 -8.558116 -7.7271824 1260179261731
147.11946 64.937515 45.436935 16.40793 -6.1703253 -18.026608 1260179261735
156.41348 53.24064 44.06509 16.40793 -6.1703253 -18.026608 1260179261751
156.41348 53.24064 44.06509 8.138192 3.0346022 -31.383167 1260179261755
166.49281 42.328606 42.661835 8.138192 3.0346022 -31.383167 1260179261771
166.49281 42.328606 42.661835 -2.2212658 16.699106 -24.18645 1260179261775
175.61818 31.912174 41.278744 -2.2212658 16.699106 -24.18645 1260179261791
175.61818 31.912174 41.278744 2.1902685 0.90465593 -30.04625 1260179261795
180.98727 21.466564 40.014805 2.1902685 0.90465593 -30.04625 1260179261811
180.98727 21.466564 40.014805 12.284937 -4.00942 -12.460346 1260179261998
178.63791 28.043236 38.714066 12.284937 -4.00942 -12.460346 1260179262004
178.63791 28.043236 38.714066 11.198563 -7.48849 -15.112648 1260179262009
173.95601 30.691074 36.82836 11.198563 -7.48849 -15.112648 1260179262018
173.95601 30.691074 36.82836 -7.263617 -7.0273623 6.9737606 1260179262023
169.55821 32.056522 34.736942 -7.263617 -7.0273623 6.9737606 1260179262028
169.55821 32.056522 34.736942 -3.81922 -26.015312 4.8815227 1260179262035
165.4803 32.853695 32.650097 -3.81922 -26.015312 4.8815227 1260179262040
165.4803 32.853695 32.650097 5.4090323 -33.79419 22.044832 1260179262043
161.65628 33.31101 30.717592 5.4090323 -33.79419 22.044832 1260179262048
161.65628 33.31101 30.717592 -9.801269 -32.934135 23.922876 1260179262055
158.02347 33.495457 29.031713 -9.801269 -32.934135 23.922876 1260179262060
158.02347 33.495457 29.031713 -8.476198 -27.790878 29.02024 1260179262064
154.6223 33.470684 27.580128 -8.476198 -27.790878 29.02024 1260179262067
154.6223 33.470684 27.580128 6.392383 -23.125744 25.501377 1260179262075
151.44118 33.34715 26.501122 6.392383 -23.125744 25.501377 1260179262077
151.44118 33.34715 26.501122 11.479528 -18.99059 15.635976 1260179262083
148.51912 33.579792 25.876066 11.479528 -18.99059 15.635976 1260179262087
148.51912 33.579792 25.876066 9.396978 -15.495054 4.8207107 1260179262093
146.14316 35.0008 25.882263 9.396978 -15.495054 4.8207107 1260179262101
146.14316 35.0008 25.882263 9.768451 -1.9122529 -5.322664 1260179262104
145.586 40.45076 25.88815 9.768451 -1.9122529 -5.322664 1260179262118
145.586 40.45076 25.88815 10.082966 -8.274541 -11.937923 1260179262121
147.1567 46.72822 25.443743 10.082966 -8.274541 -11.937923 1260179262125
147.1567 46.72822 25.443743 6.6491737 -6.800878 -20.159092 1260179262129
151.39886 53.19181 24.771555 6.6491737 -6.800878 -20.159092 1260179262135
151.39886 53.19181 24.771555 0.51397634 -3.264687 -26.894093 1260179262141
159.67892 41.78222 24.132977 0.51397634 -3.264687 -26.894093 1260179262145
159.67892 41.78222 24.132977 -3.1102986 10.183791 -26.449224 1260179262148
152.54498 31.393108 23.576328 -3.1102986 10.183791 -26.449224 1260179262158
152.54498 31.393108 23.576328 -3.5744877 7.374281 -27.018059 1260179262162
147.21773 21.923452 22.997513 -3.5744877 7.374281 -27.018059 1260179262169
147.21773 21.923452 22.997513 -1.6604581 11.500054 -23.889938 1260179262177
142.95685 13.07728 22.347637 -1.6604581 11.500054 -23.889938 1260179262181
142.95685 13.07728 22.347637 2.3685873 9.168943 -36.804493 1260179262184
138.759 4.423416 21.630255 2.3685873 9.168943 -36.804493 1260179262194
138.759 4.423416 21.630255 7.328663 18.887047 -23.565525 1260179262202
143.62105 13.102246 20.848742 7.328663 18.887047 -23.565525 1260179262205
143.62105 13.102246 20.848742 10.957485 -5.68484 -23.781015 1260179262208
141.14 18.797134 20.106304 10.957485 -5.68484 -23.781015 1260179262217
141.14 18.797134 20.106304 10.818929 -11.81292 -6.1297026 1260179262224
138.233 21.757278 19.30099 10.818929 -11.81292 -6.1297026 1260179262237
138.233 21.757278 19.30099 5.991469 -23.954685 -4.2060704 1260179262240
135.37135 23.619415 18.68594 5.991469 -23.954685 -4.2060704 1260179262253
135.37135 23.619415 18.68594 2.1629224 -16.898441 16.177921 1260179262263
132.60278 24.788445 18.251642 2.1629224 -16.898441 16.177921 1260179262273
132.60278 24.788445 18.251642 0.884954 -22.884089 31.201284 1260179262276
130.02264 25.649023 17.98906 0.884954 -22.884089 31.201284 1260179262295
130.02264 25.649023 17.98906 0.40166903 -27.55651 29.842384 1260179262299
127.82151 26.366571 18.089607 0.40166903 -27.55651 29.842384 1260179262317
127.82151 26.366571 18.089607 2.4562898 -26.083618 20.586323 1260179262321
126.13043 26.748243 18.935127 2.4562898 -26.083618 20.586323 1260179262333
126.13043 26.748243 18.935127 9.813385 -18.520851 9.016153 1260179262338
125.57391 34.110832 22.188372 9.813385 -18.520851 9.016153 1260179262353
125.57391 34.110832 22.188372 5.0260963 -4.9689026 8.626256 1260179262356
120.845215 25.15529 22.278954 5.0260963 -4.9689026 8.626256 1260179262376
120.845215 25.15529 22.278954 1.3588738 5.622164 -16.749517 1260179262380
119.25295 17.097527 21.215006 1.3588738 5.622164 -16.749517 1260179262393
119.25295 17.097527 21.215006 6.9877963 19.296326 -8.818534 1260179262402
119.8403 9.54265 19.204256 6.9877963 19.296326 -8.818534 1260179262413
119.8403 9.54265 19.204256 -1.4179733 12.007893 -18.442505 1260179262418
121.898285 2.0655177 16.344044 -1.4179733 12.007893 -18.442505 1260179262434
121.898285 2.0655177 16.344044 -15.60107 1.4676876 -3.6120481 1260179262437
124.80337 -5.5377584 12.826841 -15.60107 1.4676876 -3.6120481 1260179262457
124.80337 -5.5377584 12.826841 -11.001158 1.8110371 1.67343 1260179262461
128.1632 -13.11087 8.985499 -11.001158 1.8110371 1.67343 1260179262473
128.1632 -13.11087 8.985499 -11.386627 11.900099 -11.223548 1260179262478
132.00504 -20.555326 5.0362244 -11.386627 11.900099 -11.223548 1260179262493
132.00504 -20.555326 5.0362244 -25.117458 15.009182 -2.9121516 1260179262496
136.70479 -27.92756 0.9844132 -25.117458 15.009182 -2.9121516 1260179262516
136.70479 -27.92756 0.9844132 -6.124859 6.408873 -6.720872 1260179262523
144.51955 -17.831182 -2.9148076 -6.124859 6.408873 -6.720872 1260179262533
144.51955 -17.831182 -2.9148076 -12.418753 -9.350211 -7.122037 1260179262540
139.59357 -10.789623 -3.6190672 -12.418753 -9.350211 -7.122037 1260179262553
139.59357 -10.789623 -3.6190672 1.8747418 -17.070467 -2.4015043 1260179262559
137.71388 -4.050142 -2.2381139 1.8747418 -17.070467 -2.4015043 1260179262573
137.71388 -4.050142 -2.2381139 -0.097595215 -22.983192 -3.2987664 1260179262743
135.9782 2.7023654 -0.3262081 -0.097595215 -22.983192 -3.2987664 1260179262756
135.9782 2.7023654 -0.3262081 13.816889 -26.014393 -17.173538 1260179262759
133.72928 9.217247 1.7401023 13.816889 -26.014393 -17.173538 1260179262763
133.72928 9.217247 1.7401023 33.495487 -28.211164 -5.3032856 1260179262768
131.1428 15.506385 3.9030972 33.495487 -28.211164 -5.3032856 1260179262776
131.1428 15.506385 3.9030972 18.776043 -27.391308 4.2936344 1260179262780
128.43567 16.881065 6.0579424 18.776043 -27.391308 4.2936344 1260179262783
128.43567 16.881065 6.0579424 20.162228 -11.994644 -2.4329104 1260179262789
125.763885 18.037012 8.205046 20.162228 -11.994644 -2.4329104 1260179262795
125.763885 18.037012 8.205046 26.990444 -8.085128 0.47464585 1260179262801
123.375694 18.885162 10.494794 26.990444 -8.085128 0.47464585 1260179262804
123.375694 18.885162 10.494794 3.2939243 -8.807105 -3.8712573 1260179262807
123.55691 25.690905 12.670054 3.2939243 -8.807105 -3.8712573 1260179262815
123.55691 25.690905 12.670054 7.524808 -8.649935 5.012742 1260179262818
131.07906 33.30636 12.786551 7.524808 -8.649935 5.012742 1260179262826
131.07906 33.30636 12.786551 4.306015 -9.603277 -10.90482 1260179262837
131.7751 23.19104 11.947224 4.306015 -9.603277 -10.90482 1260179262844
131.7751 23.19104 11.947224 -6.504559 11.721463 -15.913788 1260179262854
133.03635 13.881488 10.999863 -6.504559 11.721463 -15.913788 1260179262860
133.03635 13.881488 10.999863 -12.15623 -3.856216 -18.74459 1260179262863
133.83453 5.187413 10.09987 -12.15623 -3.856216 -18.74459 1260179262866
133.83453 5.187413 10.09987 -9.080311 17.39112 -27.048553 1260179262874
134.2928 -2.9219573 9.294876 -9.080311 17.39112 -27.048553 1260179262878
134.2928 -2.9219573 9.294876 -2.0675242 13.698838 -17.51154 1260179262884
135.17816 -10.675859 8.430132 -2.0675242 13.698838 -17.51154 1260179262887
135.17816 -10.675859 8.430132 3.7232342 2.3147707 -27.006414 1260179262896
137.31926 -18.342066 7.4586253 3.7232342 2.3147707 -27.006414 1260179262906
137.31926 -18.342066 7.4586253 3.2281332 3.4776554 -24.5141 1260179262909
143.40329 -26.274963 6.335694 3.2281332 3.4776554 -24.5141 1260179262918
143.40329 -26.274963 6.335694 -6.186864 10.4664 -20.681156 1260179262922
137.48312 -17.161215 5.068909 -6.186864 10.4664 -20.681156 1260179262933
137.48312 -17.161215 5.068909 -15.99392 -18.5175 -18.44808 1260179262939
133.20897 -10.253154 3.8654637 -15.99392 -18.5175 -18.44808 1260179262944
133.20897 -10.253154 3.8654637 -13.191653 -24.763985 -3.371498 1260179262955
129.19852 -6.090496 2.9221904 -13.191653 -24.763985 -3.371498 1260179262959
129.19852 -6.090496 2.9221904 -4.295871 -25.848501 -5.9965825 1260179262965
125.28859 -2.7359712 2.2760808 -4.295871 -25.848501 -5.9965825 1260179262976
125.28859 -2.7359712 2.2760808 1.9729857 -23.795944 20.02977 1260179262979
121.47416 -0.09917265 1.8622768 1.9729857 -23.795944 20.02977 1260179262982
121.47416 -0.09917265 1.8622768 5.8181 -23.2603 17.560026 1260179262989
117.90045 1.955786 1.719163 5.8181 -23.2603 17.560026 1260179263000
117.90045 1.955786 1.719163 9.324587 -27.606335 21.778166 1260179263004
114.655426 3.6079967 1.9332048 9.324587 -27.606335 21.778166 1260179263016
114.655426 3.6079967 1.9332048 11.3290825 -8.246466 20.741623 1260179263023
111.67265 5.027597 2.6365445 11.3290825 -8.246466 20.741623 1260179263034
111.67265 5.027597 2.6365445 8.664387 1.676158 8.972946 1260179263037
109.03902 6.776217 4.0047174 8.664387 1.676158 8.972946 1260179263057
109.03902 6.776217 4.0047174 -2.4208913 -10.971788 0.19035006 1260179263061
