119.33496 11.262054 7.3241553 10.401551 4.021138 11.063047 1260255584039
119.33496 11.262054 7.3241553 9.954608 3.3658013 13.807726 1260255584045
117.068214 12.548952 7.4079475 9.954608 3.3658013 13.807726 1260255584052
117.068214 12.548952 7.4079475 10.720825 -7.4839425 14.033641 1260255584058
115.4148 14.371505 7.6375504 10.720825 -7.4839425 14.033641 1260255584061
115.4148 14.371505 7.6375504 11.791483 -17.554535 6.1716857 1260255584064
114.69406 16.85293 8.105673 11.791483 -17.554535 6.1716857 1260255584102
114.69406 16.85293 8.105673 12.201677 0.79347706 3.950155 1260255584111
115.80936 21.910284 9.000389 12.201677 0.79347706 3.950155 1260255584117
115.80936 21.910284 9.000389 7.453994 -7.5881624 7.9616604 1260255584120
118.818886 27.61477 10.100369 7.453994 -7.5881624 7.9616604 1260255584130
118.818886 27.61477 10.100369 -2.437404 -10.908486 2.447588 1260255584133
123.07794 33.834034 11.045351 -2.437404 -10.908486 2.447588 1260255584141
123.07794 33.834034 11.045351 -5.6608963 -10.46475 -6.6989274 1260255584144
128.12404 40.29233 11.693084 -5.6608963 -10.46475 -6.6989274 1260255584155
128.12404 40.29233 11.693084 -3.1117816 -8.227793 -14.728866 1260255584161
133.36784 46.677715 12.10843 -3.1117816 -8.227793 -14.728866 1260255584172
133.36784 46.677715 12.10843 0.28469896 -7.0210447 -20.269764 1260255584179
138.49945 52.84383 12.353008 0.28469896 -7.0210447 -20.269764 1260255584184
138.49945 52.84383 12.353008 2.760101 -7.970231 -23.421162 1260255584191
143.37448 58.75164 12.485358 2.760101 -7.970231 -23.421162 1260255584198
143.37448 58.75164 12.485358 4.0421705 -10.752739 -23.546398 1260255584211
147.60576 64.36406 12.51109 4.0421705 -10.752739 -23.546398 1260255584215
147.60576 64.36406 12.51109 4.075826 -12.911763 -19.453716 1260255584220
151.22546 69.695854 12.435535 4.075826 -12.911763 -19.453716 1260255584233
151.22546 69.695854 12.435535 2.7394726 -8.714306 -12.5119 1260255584236
153.66418 74.71106 12.213758 2.7394726 -8.714306 -12.5119 1260255584253
153.66418 74.71106 12.213758 -0.5105407 2.87962 -12.340099 1260255584256
153.53098 79.32551 11.80307 -0.5105407 2.87962 -12.340099 1260255584268
153.53098 79.32551 11.80307 -5.698831 3.226946 -21.32278 1260255584271
150.45442 82.75923 10.862917 -5.698831 3.226946 -21.32278 1260255584287
150.45442 82.75923 10.862917 -11.198515 -15.307078 -11.26455 1260255584290
146.6817 84.32127 9.419771 -11.198515 -15.307078 -11.26455 1260255584307
146.6817 84.32127 9.419771 -4.10514 -17.216702 5.0644007 1260255584310
142.64761 83.35521 7.9987826 -4.10514 -17.216702 5.0644007 1260255584336
142.64761 83.35521 7.9987826 3.07795 -28.407932 5.675261 1260255584339
138.56523 81.98745 6.7988434 3.07795 -28.407932 5.675261 1260255584357
138.56523 81.98745 6.7988434 -3.3125148 -27.333021 22.40366 1260255584361
134.63696 80.43808 5.758901 -3.3125148 -27.333021 22.40366 1260255584371
134.63696 80.43808 5.758901 -13.432154 -18.05681 23.254606 1260255584374
130.75511 78.71618 4.820956 -13.432154 -18.05681 23.254606 1260255584387
130.75511 78.71618 4.820956 -17.723825 -23.30117 22.177294 1260255584391
127.06736 76.98037 3.9299083 -17.723825 -23.30117 22.177294 1260255584407
127.06736 76.98037 3.9299083 -13.787249 -31.374 21.639427 1260255584411
123.663994 75.33135 3.083413 -13.787249 -31.374 21.639427 1260255584427
123.663994 75.33135 3.083413 -4.960021 -17.133322 7.53629 1260255584430
120.53079 73.91479 2.2792423 -4.960021 -17.133322 7.53629 1260255584447
120.53079 73.91479 2.2792423 3.1786957 -3.7623768 11.443192 1260255584450
117.80425 72.86905 1.4652802 3.1786957 -3.7623768 11.443192 1260255584467
117.80425 72.86905 1.4652802 6.4629917 -5.194669 6.469567 1260255584471
115.46404 72.5256 0.6920162 6.4629917 -5.194669 6.469567 1260255584487
115.46404 72.5256 0.6920162 3.9514518 -6.1809273 -4.0054417 1260255584491
113.94084 74.149315 0.05741535 3.9514518 -6.1809273 -4.0054417 1260255584507
113.94084 74.149315 0.05741535 -0.9222566 2.5137386 2.1009114 1260255584510
113.343796 77.29185 -0.24545543 -0.9222566 2.5137386 2.1009114 1260255584527
113.343796 77.29185 -0.24545543 -3.212223 -14.346904 -8.43675 1260255584531
114.12661 81.42725 -0.18318266 -3.212223 -14.346904 -8.43675 1260255584548
114.12661 81.42725 -0.18318266 -1.5808618 -1.4041853 -1.4335871 1260255584551
116.92028 85.85589 0.025976479 -1.5808618 -1.4041853 -1.4335871 1260255584567
116.92028 85.85589 0.025976479 1.5484738 5.405963 -22.37158 1260255584571
121.974266 90.26309 0.32467768 1.5484738 5.405963 -22.37158 1260255584587
121.974266 90.26309 0.32467768 5.5097933 -9.565069 -28.706005 1260255584591
128.82555 94.59994 0.7084438 5.5097933 -9.565069 -28.706005 1260255584607
128.82555 94.59994 0.7084438 9.8495865 -4.878494 -19.3702 1260255584611
136.13426 98.76994 1.0230216 9.8495865 -4.878494 -19.3702 1260255584630
136.13426 98.76994 1.0230216 12.002751 8.560837 -28.982069 1260255584824
143.37755 102.731445 1.2718705 12.002751 8.560837 -28.982069 1260255584839
143.37755 102.731445 1.2718705 12.184815 -8.669612 -27.768904 1260255584845
147.90868 106.44487 1.4082769 12.184815 -8.669612 -27.768904 1260255584856
147.90868 106.44487 1.4082769 11.278064 2.2024598 -20.96754 1260255584860
147.36324 109.42263 1.387863 11.278064 2.2024598 -20.96754 1260255584865
147.36324 109.42263 1.387863 9.827166 -9.121107 -17.716341 1260255584877
145.39508 110.1515 1.1684699 9.827166 -9.121107 -17.716341 1260255584880
145.39508 110.1515 1.1684699 8.295617 -8.976498 -11.078128 1260255584883
141.82533 108.99392 1.1600465 8.295617 -8.976498 -11.078128 1260255584891
141.82533 108.99392 1.1600465 9.29812 -25.60856 -1.4075564 1260255584894
137.43407 107.04422 1.2520441 9.29812 -25.60856 -1.4075564 1260255584898
137.43407 107.04422 1.2520441 10.64114 -25.784428 11.448456 1260255584903
132.91237 104.84201 1.4394419 10.64114 -25.784428 11.448456 1260255584912
132.91237 104.84201 1.4394419 12.426026 -18.355637 13.146153 1260255584915
128.46675 102.44991 1.7674699 12.426026 -18.355637 13.146153 1260255584919
128.46675 102.44991 1.7674699 13.847004 -34.0147 15.894492 1260255584924
124.243416 100.02742 2.1290965 13.847004 -34.0147 15.894492 1260255584930
124.243416 100.02742 2.1290965 12.493383 -16.573395 10.367159 1260255584936
120.38125 97.67605 2.5226417 12.493383 -16.573395 10.367159 1260255584939
120.38125 97.67605 2.5226417 9.376889 -13.995546 19.764715 1260255584942
116.912186 95.442245 2.9465096 9.376889 -13.995546 19.764715 1260255584953
116.912186 95.442245 2.9465096 4.61016 -20.432701 4.6389256 1260255584961
114.11658 93.670135 3.1991842 4.61016 -20.432701 4.6389256 1260255584964
114.11658 93.670135 3.1991842 0.62088525 -2.3441887 -3.9059424 1260255584972
112.11075 92.736626 2.7892249 0.62088525 -2.3441887 -3.9059424 1260255584976
112.11075 92.736626 2.7892249 2.9327152 4.988212 0.60947174 1260255584981
109.45521 94.399796 0.9497636 2.9327152 4.988212 0.60947174 1260255584984
109.45521 94.399796 0.9497636 6.049655 -4.276196 4.914739 1260255584995
104.93245 97.4298 -1.7977246 6.049655 -4.276196 4.914739 1260255584999
104.93245 97.4298 -1.7977246 -12.940214 -1.3745424 0.5549952 1260255585002
99.885826 100.858315 -5.0078382 -12.940214 -1.3745424 0.5549952 1260255585010
99.885826 100.858315 -5.0078382 4.349471 -4.485832 0.944913 1260255585016
94.89153 104.2154 -8.3074465 4.349471 -4.485832 0.944913 1260255585021
94.89153 104.2154 -8.3074465 -15.265604 3.6731348 1.9190096 1260255585032
90.246956 107.304634 -11.392075 -15.265604 3.6731348 1.9190096 1260255585035
90.246956 107.304634 -11.392075 1.6983314 -6.4959254 1.3635408 1260255585041
85.98461 110.0894 -14.172471 1.6983314 -6.4959254 1.3635408 1260255585044
85.98461 110.0894 -14.172471 -17.693695 -1.2138089 -1.9045341 1260255585052
82.08538 112.534935 -16.513847 -17.693695 -1.2138089 -1.9045341 1260255585057
82.08538 112.534935 -16.513847 -0.720696 1.9975193 -8.683003 1260255585061
78.88111 114.65819 -18.288155 -0.720696 1.9975193 -8.683003 1260255585077
78.88111 114.65819 -18.288155 -1.797224 -13.626833 -3.949131 1260255585080
76.637054 116.32528 -19.423746 -1.797224 -13.626833 -3.949131 1260255585091
76.637054 116.32528 -19.423746 -10.525892 -3.2953968 -12.433668 1260255585099
76.9552 116.959015 -19.302559 -10.525892 -3.2953968 -12.433668 1260255585102
76.9552 116.959015 -19.302559 -6.427537 0.91912746 -10.533103 1260255585112
78.90744 116.61106 -17.98743 -6.427537 0.91912746 -10.533103 1260255585121
78.90744 116.61106 -17.98743 8.63902 -5.344396 -8.869907 1260255585124
77.71207 116.080505 -16.28806 8.63902 -5.344396 -8.869907 1260255585138
77.71207 116.080505 -16.28806 9.457525 -16.228792 8.026071 1260255585149
75.22646 113.87648 -14.623656 9.457525 -16.228792 8.026071 1260255585154
75.22646 113.87648 -14.623656 -2.4112606 -27.316696 -1.4484763 1260255585161
72.31514 111.83266 -13.092473 -2.4112606 -27.316696 -1.4484763 1260255585171
72.31514 111.83266 -13.092473 2.3111715 -15.635312 5.060088 1260255585174
69.299385 109.941025 -11.687849 2.3111715 -15.635312 5.060088 1260255585194
69.299385 109.941025 -11.687849 14.640202 -26.799252 -3.407911 1260255585200
66.43442 108.24397 -10.403457 14.640202 -26.799252 -3.407911 1260255585209
66.43442 108.24397 -10.403457 14.029265 -33.769936 0.45731682 1260255585217
64.61269 107.881775 -9.383284 14.029265 -33.769936 0.45731682 1260255585231
64.61269 107.881775 -9.383284 3.352688 -29.029507 -5.484296 1260255585238
66.982056 107.68768 -8.714119 3.352688 -29.029507 -5.484296 1260255585251
66.982056 107.68768 -8.714119 -5.3577204 -23.162481 -8.392527 1260255585254
70.082954 108.4533 -8.478413 -5.3577204 -23.162481 -8.392527 1260255585275
70.082954 108.4533 -8.478413 -8.958606 -20.755116 -6.7184973 1260255585283
72.67881 110.28063 -8.504492 -8.958606 -20.755116 -6.7184973 1260255585297
72.67881 110.28063 -8.504492 -9.732684 -4.3357544 -4.8905754 1260255585301
74.29487 112.8166 -8.529267 -9.732684 -4.3357544 -4.8905754 1260255585316
74.29487 112.8166 -8.529267 -9.910156 -1.9429183 -19.152565 1260255585319
74.93012 115.57577 -8.502804 -9.910156 -1.9429183 -19.152565 1260255585334
74.93012 115.57577 -8.502804 -9.906135 -9.070322 -9.621199 1260255585341
75.283615 118.29698 -8.477664 -9.906135 -9.070322 -9.621199 1260255585347
75.283615 118.29698 -8.477664 -9.9707985 6.0716133 -17.103704 1260255585357
75.319435 120.782135 -8.553781 -9.9707985 6.0716133 -17.103704 1260255585369
75.319435 120.782135 -8.553781 -10.11183 -12.683801 -14.996377 1260255585374
75.653465 122.843025 -8.826092 -10.11183 -12.683801 -14.996377 1260255585391
75.653465 122.843025 -8.826092 -8.887091 -1.457964 -5.529478 1260255585601
76.02079 124.50088 -9.234787 -8.887091 -1.457964 -5.529478 1260255585612
76.02079 124.50088 -9.234787 -5.977696 3.098094 -16.103687 1260255585641
76.21975 125.77583 -9.823048 -5.977696 3.098094 -16.103687 1260255585644
76.21975 125.77583 -9.823048 -1.1026497 -8.056541 -19.940643 1260255585674
76.30876 126.68704 -10.481895 -1.1026497 -8.056541 -19.940643 1260255585690
76.30876 126.68704 -10.481895 3.4003673 -16.07684 -11.904642 1260255585693
76.143326 127.25269 -11.257801 3.4003673 -16.07684 -11.904642 1260255585699
76.143326 127.25269 -11.257801 4.2211537 -17.779903 -7.1832724 1260255585702
75.38616 127.14006 -12.044911 4.2211537 -17.779903 -7.1832724 1260255585705
75.38616 127.14006 -12.044911 -0.41648483 -19.195229 -3.039608 1260255585711
73.46685 124.13306 -12.592666 -0.41648483 -19.195229 -3.039608 1260255585714
73.46685 124.13306 -12.592666 -5.4470143 -2.670514 1.1831774 1260255585718
71.04351 121.2264 -12.763032 -5.4470143 -2.670514 1.1831774 1260255585721
71.04351 121.2264 -12.763032 -7.158716 -26.32077 2.987311 1260255585723
68.49133 118.36508 -12.72488 -7.158716 -26.32077 2.987311 1260255585730
68.49133 118.36508 -12.72488 -6.395741 -12.6617775 14.36408 1260255585733
65.91676 115.54683 -12.588636 -6.395741 -12.6617775 14.36408 1260255585736
65.91676 115.54683 -12.588636 -4.5766983 -29.612812 3.9387221 1260255585739
63.570927 112.91949 -12.359204 -4.5766983 -29.612812 3.9387221 1260255585752
63.570927 112.91949 -12.359204 -1.784338 -21.352747 20.82579 1260255585755
61.34238 110.37351 -12.141244 -1.784338 -21.352747 20.82579 1260255585758
61.34238 110.37351 -12.141244 0.95005584 -16.359097 2.0962667 1260255585762
59.375263 107.90484 -11.934182 0.95005584 -16.359097 2.0962667 1260255585765
59.375263 107.90484 -11.934182 2.9579022 -25.853699 12.545677 1260255585771
57.8565 105.6096 -11.787473 2.9579022 -25.853699 12.545677 1260255585774
57.8565 105.6096 -11.787473 4.269349 -5.2057867 9.716435 1260255585777
56.813675 103.429115 -11.748099 4.269349 -5.2057867 9.716435 1260255585780
56.813675 103.429115 -11.748099 4.5930357 -14.55245 -0.63027287 1260255585783
