96.76763 15.677211 -5.78765 2.0295215 -12.585787 3.5108929 1260179545687
96.76763 15.677211 -5.78765 4.2785554 -6.0627337 0.72643375 1260179545697
99.27925 16.89335 -5.5482674 4.2785554 -6.0627337 0.72643375 1260179545700
99.27925 16.89335 -5.5482674 6.4621944 1.8487139 6.0110126 1260179545706
104.815285 18.348682 -5.020854 6.4621944 1.8487139 6.0110126 1260179545738
104.815285 18.348682 -5.020854 10.331733 -3.044097 9.896663 1260179545743
111.074524 20.08125 -4.3198113 10.331733 -3.044097 9.896663 1260179545746
111.074524 20.08125 -4.3198113 10.648056 -17.591196 4.895639 1260179545754
116.470795 21.877186 -3.753821 10.648056 -17.591196 4.895639 1260179545764
116.470795 21.877186 -3.753821 6.912298 -9.76334 13.55234 1260179545767
124.19726 23.533327 -3.1661298 6.912298 -9.76334 13.55234 1260179545778
124.19726 23.533327 -3.1661298 1.5207528 2.5635824 5.2517586 1260179545800
118.68739 24.706661 -2.8078234 1.5207528 2.5635824 5.2517586 1260179545820
118.68739 24.706661 -2.8078234 -2.611249 -2.1604948 -2.6154547 1260179545854
113.75302 25.371328 -2.7174323 -2.611249 -2.1604948 -2.6154547 1260179545879
113.75302 25.371328 -2.7174323 -4.19669 -7.5462475 -2.099935 1260179545914
109.21537 25.802761 -2.8815606 -4.19669 -7.5462475 -2.099935 1260179545940
109.21537 25.802761 -2.8815606 -3.3913956 -11.138964 -0.095351696 1260179545957
105.0546 26.162622 -3.2374825 -3.3913956 -11.138964 -0.095351696 1260179545961
105.0546 26.162622 -3.2374825 -0.85960436 -13.780968 3.0674458 1260179545983
101.101875 26.404491 -3.8756084 -0.85960436 -13.780968 3.0674458 1260179545986
101.101875 26.404491 -3.8756084 3.4319158 -15.140083 7.1045227 1260179545989
97.39678 26.634268 -4.781828 3.4319158 -15.140083 7.1045227 1260179545996
97.39678 26.634268 -4.781828 5.050122 -16.259783 9.73113 1260179546000
93.77694 26.952555 -5.8927364 5.050122 -16.259783 9.73113 1260179546164
93.77694 26.952555 -5.8927364 -2.4673433 -17.002531 7.559579 1260179546180
90.28809 27.454927 -7.1481 -2.4673433 -17.002531 7.559579 1260179546183
90.28809 27.454927 -7.1481 -14.7586975 -15.592255 4.418034 1260179546188
87.22369 28.332182 -8.540695 -14.7586975 -15.592255 4.418034 1260179546194
87.22369 28.332182 -8.540695 -15.39675 -8.9676485 11.909723 1260179546200
84.8625 29.565573 -9.813661 -15.39675 -8.9676485 11.909723 1260179546204
84.8625 29.565573 -9.813661 -3.8708172 -1.3132935 5.25352 1260179546207
83.66938 34.187294 -10.922977 -3.8708172 -1.3132935 5.25352 1260179546214
83.66938 34.187294 -10.922977 2.8414302 -14.55113 0.09060836 1260179546217
83.88591 38.57793 -11.726829 2.8414302 -14.55113 0.09060836 1260179546223
83.88591 38.57793 -11.726829 1.1381087 -18.986952 0.49828315 1260179546226
85.241615 42.799034 -12.190487 1.1381087 -18.986952 0.49828315 1260179546229
85.241615 42.799034 -12.190487 -1.6871672 -3.021597 -2.5344193 1260179546237
87.679535 46.90908 -12.330962 -1.6871672 -3.021597 -2.5344193 1260179546241
87.679535 46.90908 -12.330962 -1.5688047 -14.5107355 -17.142387 1260179546246
91.49556 50.913628 -12.014414 -1.5688047 -14.5107355 -17.142387 1260179546249
91.49556 50.913628 -12.014414 3.3816485 -18.882917 -2.9771495 1260179546257
96.72078 54.76795 -11.313693 3.3816485 -18.882917 -2.9771495 1260179546261
96.72078 54.76795 -11.313693 9.962068 -3.817562 -11.2490015 1260179546264
102.98474 58.47955 -10.298008 9.962068 -3.817562 -11.2490015 1260179546269
102.98474 58.47955 -10.298008 10.371069 -22.737362 -8.5556 1260179546275
109.6855 62.005573 -9.083108 10.371069 -22.737362 -8.5556 1260179546281
109.6855 62.005573 -9.083108 0.78888583 -5.977424 -16.267742 1260179546285
116.40122 65.20529 -7.8289523 0.78888583 -5.977424 -16.267742 1260179546288
116.40122 65.20529 -7.8289523 -5.8334093 -18.68607 -7.735684 1260179546296
122.78116 67.995026 -6.687505 -5.8334093 -18.68607 -7.735684 1260179546299
122.78116 67.995026 -6.687505 -0.8860173 -1.094574 -1.1142077 1260179546302
127.7921 69.845276 -6.1531296 -0.8860173 -1.094574 -1.1142077 1260179546313
127.7921 69.845276 -6.1531296 1.8293904 -14.314275 5.2509255 1260179546320
122.80249 69.653015 -6.945473 1.8293904 -14.314275 5.2509255 1260179546324
122.80249 69.653015 -6.945473 -8.654969 -11.436699 7.862364 1260179546329
117.51237 68.420364 -8.448199 -8.654969 -11.436699 7.862364 1260179546335
117.51237 68.420364 -8.448199 -13.881557 -0.52323055 -0.6466441 1260179546340
112.13675 66.899345 -10.075789 -13.881557 -0.52323055 -0.6466441 1260179546343
112.13675 66.899345 -10.075789 -2.9553719 -0.38128328 10.610921 1260179546347
106.97991 65.40438 -11.672 -2.9553719 -0.38128328 10.610921 1260179546354
106.97991 65.40438 -11.672 -3.29495 -15.18267 2.2277813 1260179546358
101.98092 64.034164 -13.1384 -3.29495 -15.18267 2.2277813 1260179546363
101.98092 64.034164 -13.1384 -16.896044 -19.970343 10.799726 1260179546366
97.131874 62.682457 -14.58148 -16.896044 -19.970343 10.799726 1260179546376
97.131874 62.682457 -14.58148 -20.275951 -8.715757 3.4482856 1260179546379
92.42528 61.298332 -16.052406 -20.275951 -8.715757 3.4482856 1260179546383
92.42528 61.298332 -16.052406 -6.9605517 1.3621979 6.343827 1260179546388
87.85401 60.033417 -17.349787 -6.9605517 1.3621979 6.343827 1260179546399
87.85401 60.033417 -17.349787 1.7529058 -3.7171607 4.7251043 1260179546402
83.511314 59.331745 -18.182297 1.7529058 -3.7171607 4.7251043 1260179546407
83.511314 59.331745 -18.182297 0.9569559 -10.017294 -3.3132293 1260179546413
96.83575 59.615158 -18.073181 0.9569559 -10.017294 -3.3132293 1260179546416
96.83575 59.615158 -18.073181 4.66034 -7.9677157 -4.49328 1260179546424
107.54396 60.8344 -17.019522 4.66034 -7.9677157 -4.49328 1260179546428
107.54396 60.8344 -17.019522 10.017353 -0.21778011 1.8295904 1260179546436
116.66676 62.89268 -15.618546 10.017353 -0.21778011 1.8295904 1260179546439
116.66676 62.89268 -15.618546 1.3313696 -11.968738 -10.587257 1260179546444
124.533424 65.098045 -14.287619 1.3313696 -11.968738 -10.587257 1260179546449
124.533424 65.098045 -14.287619 -7.0469465 -20.640835 -1.9191833 1260179546461
131.35675 67.39314 -13.123238 -7.0469465 -20.640835 -1.9191833 1260179546464
131.35675 67.39314 -13.123238 -2.5917194 -5.048875 -6.237321 1260179546469
137.18892 69.62348 -12.167076 -2.5917194 -5.048875 -6.237321 1260179546481
137.18892 69.62348 -12.167076 5.621437 -21.033512 1.471755 1260179546484
142.22948 71.89231 -11.408722 5.621437 -21.033512 1.471755 1260179546497
142.22948 71.89231 -11.408722 9.751803 -19.645609 -11.126727 1260179546505
146.268 74.1477 -10.888286 9.751803 -19.645609 -11.126727 1260179546514
146.268 74.1477 -10.888286 9.416762 -6.361726 -8.162079 1260179546518
149.30461 76.440315 -10.593871 9.416762 -6.361726 -8.162079 1260179546533
149.30461 76.440315 -10.593871 7.64423 -22.94035 -10.0368595 1260179546539
151.08939 78.8683 -10.5641775 7.64423 -22.94035 -10.0368595 1260179546552
151.08939 78.8683 -10.5641775 6.3142834 -9.573453 -4.6068034 1260179546559
151.68492 81.32489 -10.785969 6.3142834 -9.573453 -4.6068034 1260179546573
151.68492 81.32489 -10.785969 5.5947466 -8.551947 -10.396377 1260179546576
151.00067 83.85864 -11.34667 5.5947466 -8.551947 -10.396377 1260179546596
151.00067 83.85864 -11.34667 3.7267847 -19.098602 -10.025093 1260179546599
148.95064 86.41571 -12.279337 3.7267847 -19.098602 -10.025093 1260179546614
148.95064 86.41571 -12.279337 -4.2672567 -0.32227135 -6.903881 1260179546619
146.0531 88.89493 -13.46537 -4.2672567 -0.32227135 -6.903881 1260179546635
146.0531 88.89493 -13.46537 -15.815474 -17.487415 -2.048476 1260179546643
142.50044 91.30018 -14.842102 -15.815474 -17.487415 -2.048476 1260179546839
142.50044 91.30018 -14.842102 -16.29019 -7.2364173 2.0769267 1260179546843
138.67542 93.58517 -16.349997 -16.29019 -7.2364173 2.0769267 1260179546852
138.67542 93.58517 -16.349997 -3.2299066 -2.7155118 -9.0344095 1260179546855
134.64165 95.755905 -17.832497 -3.2299066 -2.7155118 -9.0344095 1260179546859
134.64165 95.755905 -17.832497 -0.558547 -18.266237 -1.2708169 1260179546862
130.15956 93.11811 -19.290873 -0.558547 -18.266237 -1.2708169 1260179546865
130.15956 93.11811 -19.290873 -12.480669 1.1935987 3.8786545 1260179546868
125.15158 90.612206 -20.526329 -12.480669 1.1935987 3.8786545 1260179546875
125.15158 90.612206 -20.526329 -16.922943 -11.592901 3.187301 1260179546878
119.744 88.181595 -21.250013 -16.922943 -11.592901 3.187301 1260179546883
119.744 88.181595 -21.250013 -12.527464 -8.94737 -2.2247133 1260179546887
114.2068 85.772514 -21.487513 -12.527464 -8.94737 -2.2247133 1260179546896
114.2068 85.772514 -21.487513 -9.82362 0.5864649 12.351074 1260179546899
108.84646 83.53389 -21.363136 -9.82362 0.5864649 12.351074 1260179546903
108.84646 83.53389 -21.363136 -10.021036 -18.049068 11.139318 1260179546906
103.70413 81.507195 -20.99498 -10.021036 -18.049068 11.139318 1260179546908
103.70413 81.507195 -20.99498 -11.549433 -7.862806 4.288353 1260179546914
98.86893 79.731834 -20.495232 -11.549433 -7.862806 4.288353 1260179546917
98.86893 79.731834 -20.495232 -12.333164 -0.7285433 9.260531 1260179546921
