110.65049 18.108492 8.684796 2.7636473 4.8683043 12.398538 1260255678158
110.65049 18.108492 8.684796 6.7985735 1.7532539 0.54480505 1260255678161
111.31796 22.403067 8.900557 6.7985735 1.7532539 0.54480505 1260255678164
111.31796 22.403067 8.900557 6.131115 -1.2657492 7.4202204 1260255678167
114.00207 28.632914 9.205528 6.131115 -1.2657492 7.4202204 1260255678170
114.00207 28.632914 9.205528 4.5150347 -1.6411321 1.6564951 1260255678173
118.10197 35.35127 9.495252 4.5150347 -1.6411321 1.6564951 1260255678203
118.10197 35.35127 9.495252 3.287071 2.2882566 -7.6648145 1260255678207
123.396866 42.083706 9.7204895 3.287071 2.2882566 -7.6648145 1260255678215
123.396866 42.083706 9.7204895 2.374292 5.3963966 -17.848152 1260255678218
129.17702 48.62952 9.884465 2.374292 5.3963966 -17.848152 1260255678223
129.17702 48.62952 9.884465 1.1001945 6.7554827 -22.187677 1260255678226
129.17702 48.62952 9.884465 0.66434336 6.9734077 -21.424938 1260255678241
133.86816 54.798046 9.940242 0.66434336 6.9734077 -21.424938 1260255678257
133.86816 54.798046 9.940242 -1.0170999 6.72722 -17.652397 1260255678261
135.42476 60.208145 9.79323 -1.0170999 6.72722 -17.652397 1260255678277
135.42476 60.208145 9.79323 -1.7454185 0.6427374 -5.595186 1260255678280
133.60352 63.347736 9.053569 -1.7454185 0.6427374 -5.595186 1260255678297
133.60352 63.347736 9.053569 2.5469704 -13.919146 -13.719013 1260255678301
130.52335 63.58035 7.85089 2.5469704 -13.919146 -13.719013 1260255678317
130.52335 63.58035 7.85089 5.441442 -21.937677 4.503293 1260255678321
127.29718 63.05133 6.6583457 5.441442 -21.937677 4.503293 1260255678337
127.29718 63.05133 6.6583457 -3.8321562 -23.463118 23.037582 1260255678340
124.132324 62.298763 5.5754285 -3.8321562 -23.463118 23.037582 1260255678357
124.132324 62.298763 5.5754285 -15.496917 -20.89833 27.756105 1260255678360
121.02571 61.333824 4.546657 -15.496917 -20.89833 27.756105 1260255678377
121.02571 61.333824 4.546657 -19.009277 -15.627884 25.080101 1260255678380
118.02442 60.31713 3.6193242 -19.009277 -15.627884 25.080101 1260255678400
118.02442 60.31713 3.6193242 -12.7460165 -15.962025 30.515966 1260255678403
115.1732 59.301273 2.738358 -12.7460165 -15.962025 30.515966 1260255678417
115.1732 59.301273 2.738358 -2.923836 -21.259672 27.899422 1260255678420
112.564545 58.43621 1.8014401 -2.923836 -21.259672 27.899422 1260255678437
112.564545 58.43621 1.8014401 4.1468325 -22.469744 14.2909155 1260255678441
110.136314 57.9644 0.7613681 4.1468325 -22.469744 14.2909155 1260255678457
110.136314 57.9644 0.7613681 2.4026303 -19.52993 8.559587 1260255678632
108.029495 58.216183 -0.4267003 2.4026303 -19.52993 8.559587 1260255678640
108.029495 58.216183 -0.4267003 -7.420144 -17.545038 1.3313653 1260255678643
106.72802 61.555374 -1.2053653 -7.420144 -17.545038 1.3313653 1260255678647
106.72802 61.555374 -1.2053653 -11.155096 3.4265118 -2.7024574 1260255678650
107.04162 66.2776 -1.245097 -11.155096 3.4265118 -2.7024574 1260255678663
107.04162 66.2776 -1.245097 -9.584434 -1.3281729 -12.621375 1260255678667
110.98954 71.46372 -0.8828422 -9.584434 -1.3281729 -12.621375 1260255678672
110.98954 71.46372 -0.8828422 -5.8956547 -9.787289 -20.016644 1260255678675
117.99007 76.64053 -0.38870007 -5.8956547 -9.787289 -20.016644 1260255678682
117.99007 76.64053 -0.38870007 -0.13190913 -11.101137 -18.853195 1260255678687
125.890564 81.65851 0.18073495 -0.13190913 -11.101137 -18.853195 1260255678691
125.890564 81.65851 0.18073495 6.555938 -1.1103868 -16.104609 1260255678695
133.44603 86.42558 0.6716982 6.555938 -1.1103868 -16.104609 1260255678701
133.44603 86.42558 0.6716982 11.110987 8.514737 -27.405521 1260255678705
140.07373 90.95431 1.0881133 11.110987 8.514737 -27.405521 1260255678710
140.07373 90.95431 1.0881133 12.984407 -3.1443849 -32.200165 1260255678713
144.27005 95.15659 1.3337077 12.984407 -3.1443849 -32.200165 1260255678722
144.27005 95.15659 1.3337077 12.072859 -10.0999365 -23.455902 1260255678724
144.60655 98.84876 1.3670223 12.072859 -10.0999365 -23.455902 1260255678731
144.60655 98.84876 1.3670223 10.223772 5.9119296 -19.888266 1260255678743
143.07622 101.10632 1.0486711 10.223772 5.9119296 -19.888266 1260255678747
143.07622 101.10632 1.0486711 7.32291 -13.504736 -7.2179193 1260255678750
140.22241 101.15101 0.5462375 7.32291 -13.504736 -7.2179193 1260255678755
140.22241 101.15101 0.5462375 2.652822 -20.145681 4.785736 1260255678762
136.51129 99.643456 0.26892564 2.652822 -20.145681 4.785736 1260255678768
136.51129 99.643456 0.26892564 0.5471468 -12.871466 12.66601 1260255678771
132.43573 97.71128 0.15547936 0.5471468 -12.871466 12.66601 1260255678781
132.43573 97.71128 0.15547936 0.56414187 -22.410412 4.844493 1260255678784
128.31395 95.62572 0.19770539 0.56414187 -22.410412 4.844493 1260255678792
128.31395 95.62572 0.19770539 2.5514514 -36.423157 19.670767 1260255678795
124.398254 93.444435 0.38782012 2.5514514 -36.423157 19.670767 1260255678804
124.398254 93.444435 0.38782012 6.035158 -16.932547 24.931503 1260255678807
120.77834 91.27222 0.66842914 6.035158 -16.932547 24.931503 1260255678815
120.77834 91.27222 0.66842914 8.838519 -18.415905 9.045204 1260255678826
117.589424 89.2086 0.98500764 8.838519 -18.415905 9.045204 1260255678829
117.589424 89.2086 0.98500764 10.549669 -24.386333 14.133706 1260255678834
114.859955 87.39817 1.2357572 10.549669 -24.386333 14.133706 1260255678842
114.859955 87.39817 1.2357572 10.657991 -4.6976194 10.183009 1260255678850
112.916954 86.27826 1.2239693 10.657991 -4.6976194 10.183009 1260255678862
112.916954 86.27826 1.2239693 9.298191 3.5782647 2.4626293 1260255678866
111.22111 87.664345 0.06277085 9.298191 3.5782647 2.4626293 1260255678879
111.22111 87.664345 0.06277085 -0.6110808 -0.12528324 8.825564 1260255678888
123.510056 91.731125 -2.2403677 -0.6110808 -0.12528324 8.825564 1260255678898
123.510056 91.731125 -2.2403677 -10.39451 4.9843407 2.4130335 1260255678904
133.33455 78.24457 -4.678349 -10.39451 4.9843407 2.4130335 1260255678919
133.33455 78.24457 -4.678349 5.3813305 -2.6200342 -3.2902968 1260255678922
143.31783 65.33234 -7.344432 5.3813305 -2.6200342 -3.2902968 1260255678943
143.31783 65.33234 -7.344432 -14.711447 -5.847611 -7.6583953 1260255678947
153.55194 70.81572 -10.127211 -14.711447 -5.847611 -7.6583953 1260255678959
153.55194 70.81572 -10.127211 -1.2005038 -10.466572 -2.8584986 1260255678968
163.52434 75.87493 -12.67085 -1.2005038 -10.466572 -2.8584986 1260255678979
163.52434 75.87493 -12.67085 -9.207864 -5.8315864 4.396752 1260255678982
172.99812 80.63119 -14.887307 -9.207864 -5.8315864 4.396752 1260255679001
172.99812 80.63119 -14.887307 -15.137518 6.9491086 -8.335309 1260255679004
181.84822 85.099625 -16.292942 -15.137518 6.9491086 -8.335309 1260255679024
181.84822 85.099625 -16.292942 -0.9765625 1.1237445 1.1586666 1260255679028
173.75581 89.09464 -16.778296 -0.9765625 1.1237445 1.1586666 1260255679039
173.75581 89.09464 -16.778296 5.124939 -10.906494 -8.92524 1260255679046
171.51802 91.58991 -15.989381 5.124939 -10.906494 -8.92524 1260255679059
171.51802 91.58991 -15.989381 2.6399117 0.13117552 3.3220673 1260255679062
167.49213 90.81042 -14.489912 2.6399117 0.13117552 3.3220673 1260255679083
167.49213 90.81042 -14.489912 -6.921995 -12.050203 3.756218 1260255679087
161.66753 89.5199 -13.065416 -6.921995 -12.050203 3.756218 1260255679099
161.66753 89.5199 -13.065416 -0.65853834 -25.394123 6.1807446 1260255679104
155.78415 88.143906 -11.862145 -0.65853834 -25.394123 6.1807446 1260255679118
155.78415 88.143906 -11.862145 10.866901 -23.186277 17.850252 1260255679129
149.94495 86.83671 -10.869039 10.866901 -23.186277 17.850252 1260255679140
149.94495 86.83671 -10.869039 13.807754 -16.806353 12.300335 1260255679144
144.3977 85.74487 -9.925587 13.807754 -16.806353 12.300335 1260255679160
144.3977 85.74487 -9.925587 8.84591 -17.961704 16.6226 1260255679163
139.27782 84.80763 -9.029307 8.84591 -17.961704 16.6226 1260255679179
139.27782 84.80763 -9.029307 -0.46563196 -23.22348 18.454182 1260255679184
135.01393 84.217255 -8.277842 -0.46563196 -23.22348 18.454182 1260255679198
135.01393 84.217255 -8.277842 -6.9850707 -25.016123 8.761572 1260255679202
132.16324 84.35639 -7.8139496 -6.9850707 -25.016123 8.761572 1260255679221
132.16324 84.35639 -7.8139496 -9.492501 -19.186714 0.33073583 1260255679390
130.95508 85.73857 -7.673252 -9.492501 -19.186714 0.33073583 1260255679399
130.95508 85.73857 -7.673252 -10.757254 -3.3709288 -5.4454966 1260255679408
130.05733 88.35165 -7.7395897 -10.757254 -3.3709288 -5.4454966 1260255679413
130.05733 88.35165 -7.7395897 -11.520216 -11.489949 -7.3951445 1260255679420
128.80446 91.73406 -7.8026104 -11.520216 -11.489949 -7.3951445 1260255679425
128.80446 91.73406 -7.8026104 -11.734782 0.56742764 -11.725751 1260255679429
127.364235 95.39736 -7.71248 -11.734782 0.56742764 -11.725751 1260255679432
127.364235 95.39736 -7.71248 -11.213911 -12.511944 -13.136976 1260255679440
126.44602 99.127495 -7.476856 -11.213911 -12.511944 -13.136976 1260255679443
126.44602 99.127495 -7.476856 -10.010268 7.075263 -14.776332 1260255679449
126.32372 102.77112 -7.2030134 -10.010268 7.075263 -14.776332 1260255679452
126.32372 102.77112 -7.2030134 -8.258966 -10.000823 -20.587505 1260255679455
126.90754 106.23256 -6.892863 -8.258966 -10.000823 -20.587505 1260255679463
126.90754 106.23256 -6.892863 -5.802195 2.8502853 -11.374393 1260255679467
127.16216 109.42093 -6.59822 -5.802195 2.8502853 -11.374393 1260255679472
127.16216 109.42093 -6.59822 -3.445134 -8.182035 -26.267876 1260255679481
126.35406 112.249886 -6.468309 -3.445134 -8.182035 -26.267876 1260255679484
126.35406 112.249886 -6.468309 -3.1522813 3.082862 -11.235353 1260255679488
124.73635 114.68739 -6.5948935 -3.1522813 3.082862 -11.235353 1260255679495
124.73635 114.68739 -6.5948935 -5.6069984 -15.205461 -15.72047 1260255679502
122.54953 116.60303 -7.065149 -5.6069984 -15.205461 -15.72047 1260255679510
122.54953 116.60303 -7.065149 -10.7195015 -2.8844678 -18.183834 1260255679513
119.872055 117.47288 -8.061892 -10.7195015 -2.8844678 -18.183834 1260255679521
119.872055 117.47288 -8.061892 -14.873648 0.75015736 -5.433331 1260255679524
117.07845 117.49924 -8.958797 -14.873648 0.75015736 -5.433331 1260255679530
117.07845 117.49924 -8.958797 -11.281405 -4.41152 -0.0627954 1260255679533
113.67453 114.92428 -9.610858 -11.281405 -4.41152 -0.0627954 1260255679540
113.67453 114.92428 -9.610858 -5.8279366 -28.426163 6.4307747 1260255679543
110.1908 112.42806 -9.980315 -5.8279366 -28.426163 6.4307747 1260255679549
110.1908 112.42806 -9.980315 -2.3090525 -17.469505 1.260788 1260255679562
106.83126 110.15666 -10.131299 -2.3090525 -17.469505 1.260788 1260255679566
106.83126 110.15666 -10.131299 -0.025866032 -23.704948 15.898614 1260255679569
103.539696 107.89883 -10.074734 -0.025866032 -23.704948 15.898614 1260255679580
103.539696 107.89883 -10.074734 1.789896 -31.628597 6.474888 1260255679583
100.66271 105.95389 -9.920997 1.789896 -31.628597 6.474888 1260255679591
100.66271 105.95389 -9.920997 2.336737 -11.51737 1.2436533 1260255679594
