219.09688 -33.920574 31.09276 8.668449 8.007575 1.0149422 1260256049691
219.09688 -33.920574 31.09276 1.8728547 12.134695 5.005685 1260256049694
216.19203 -33.324547 30.038122 1.8728547 12.134695 5.005685 1260256049697
216.19203 -33.324547 30.038122 -7.057436 15.007492 13.160826 1260256049701
213.43243 -32.55832 28.836216 -7.057436 15.007492 13.160826 1260256049709
213.43243 -32.55832 28.836216 -3.654903 13.586153 10.665488 1260256049714
210.76082 -31.830402 27.594404 -3.654903 13.586153 10.665488 1260256049740
210.76082 -31.830402 27.594404 7.0741987 7.8555994 5.3782687 1260256049750
208.27278 -30.838882 26.114683 7.0741987 7.8555994 5.3782687 1260256049753
208.27278 -30.838882 26.114683 7.9042935 -3.5621152 13.210589 1260256049759
206.00914 -29.196938 24.60895 7.9042935 -3.5621152 13.210589 1260256049764
206.00914 -29.196938 24.60895 -5.364728 -8.043873 0.9512186 1260256049775
205.80869 -25.587091 21.278502 -5.364728 -8.043873 0.9512186 1260256049779
205.80869 -25.587091 21.278502 4.555254 2.4350219 -5.8863716 1260256049784
208.36826 -16.607737 18.364576 4.555254 2.4350219 -5.8863716 1260256049790
208.36826 -16.607737 18.364576 -9.117861 -10.9577265 -10.403129 1260256049796
208.89984 -7.1273494 15.896347 -9.117861 -10.9577265 -10.403129 1260256049801
208.89984 -7.1273494 15.896347 -8.304926 5.6766148 -17.196442 1260256049811
206.80486 -15.570982 13.9515295 -8.304926 5.6766148 -17.196442 1260256049819
206.80486 -15.570982 13.9515295 2.113192 2.7955995 -19.648148 1260256049822
202.8146 -23.192434 12.253953 2.113192 2.7955995 -19.648148 1260256049831
202.8146 -23.192434 12.253953 -11.415884 -4.3033175 -25.473854 1260256049834
197.87387 -30.282812 10.741256 -11.415884 -4.3033175 -25.473854 1260256049850
197.87387 -30.282812 10.741256 -17.888538 -1.8617396 -25.83403 1260256049856
193.23018 -37.068672 9.304193 -17.888538 -1.8617396 -25.83403 1260256049868
193.23018 -37.068672 9.304193 -7.3338423 1.019454 -33.4649 1260256049875
189.61867 -43.665237 7.938983 -7.3338423 1.019454 -33.4649 1260256049888
189.61867 -43.665237 7.938983 1.0339746 2.0522432 -26.396793 1260256049891
187.03773 -50.081974 6.5420337 1.0339746 2.0522432 -26.396793 1260256049912
187.03773 -50.081974 6.5420337 -6.276643 1.7393641 -15.202174 1260256049915
184.48586 -56.177876 5.264932 -6.276643 1.7393641 -15.202174 1260256050090
184.48586 -56.177876 5.264932 -16.241488 -0.24132419 -17.97921 1260256050095
181.36156 -61.86898 4.1516857 -16.241488 -0.24132419 -17.97921 1260256050099
181.36156 -61.86898 4.1516857 -14.823584 -4.2441134 -23.66591 1260256050102
177.34348 -67.125534 3.1941013 -14.823584 -4.2441134 -23.66591 1260256050110
177.34348 -67.125534 3.1941013 -5.390433 -4.771981 -14.149687 1260256050114
172.5763 -72.119255 2.4843962 -5.390433 -4.771981 -14.149687 1260256050120
172.5763 -72.119255 2.4843962 2.8132753 5.142131 -8.359127 1260256050123
168.19748 -77.01329 1.9101764 2.8132753 5.142131 -8.359127 1260256050131
168.19748 -77.01329 1.9101764 7.2252088 12.064997 -13.121837 1260256050134
168.5376 -82.112625 1.4146676 7.2252088 12.064997 -13.121837 1260256050137
168.5376 -82.112625 1.4146676 8.332385 4.1915064 -8.109026 1260256050143
175.61072 -70.756996 0.64393425 8.332385 4.1915064 -8.109026 1260256050152
175.61072 -70.756996 0.64393425 4.534981 6.601656 -4.9702463 1260256050155
175.83018 -63.769146 -0.13826247 4.534981 6.601656 -4.9702463 1260256050159
175.83018 -63.769146 -0.13826247 -3.4209523 0.31186008 7.8843584 1260256050164
175.83867 -58.23069 -0.8313493 -3.4209523 0.31186008 7.8843584 1260256050178
175.83867 -58.23069 -0.8313493 -11.122444 -2.0421572 9.386894 1260256050181
175.74673 -53.519154 -1.6897819 -11.122444 -2.0421572 9.386894 1260256050189
175.74673 -53.519154 -1.6897819 -16.704329 -14.73004 18.263166 1260256050192
175.6594 -49.493195 -2.705293 -16.704329 -14.73004 18.263166 1260256050195
175.6594 -49.493195 -2.705293 -14.69714 -19.219099 15.934223 1260256050201
175.42642 -46.218536 -3.9200282 -14.69714 -19.219099 15.934223 1260256050203
175.42642 -46.218536 -3.9200282 -6.8617 -0.69464874 30.050558 1260256050212
175.1051 -43.60761 -5.274027 -6.8617 -0.69464874 30.050558 1260256050215
175.1051 -43.60761 -5.274027 -7.5459023 -6.651207 31.089907 1260256050219
174.69984 -41.57723 -6.6103253 -7.5459023 -6.651207 31.089907 1260256050229
174.69984 -41.57723 -6.6103253 -19.42541 -5.0709677 19.3579 1260256050237
174.21486 -39.948368 -7.829809 -19.42541 -5.0709677 19.3579 1260256050241
174.21486 -39.948368 -7.829809 -25.14727 12.301474 24.776579 1260256050249
173.75412 -38.65095 -8.988318 -25.14727 12.301474 24.776579 1260256050252
173.75412 -38.65095 -8.988318 -17.613312 14.179203 16.32649 1260256050258
173.21642 -37.568405 -10.138903 -17.613312 14.179203 16.32649 1260256050263
173.21642 -37.568405 -10.138903 -4.6275306 4.7565327 9.546865 1260256050273
172.7056 -36.489986 -11.381957 -4.6275306 4.7565327 9.546865 1260256050279
172.7056 -36.489986 -11.381957 0.34688377 -4.8755984 12.89765 1260256050284
172.42032 -34.96549 -13.112859 0.34688377 -4.8755984 12.89765 1260256050294
172.42032 -34.96549 -13.112859 -12.121062 -2.8121037 -0.9025855 1260256050298
173.2493 -32.017216 -15.357216 -12.121062 -2.8121037 -0.9025855 1260256050309
173.2493 -32.017216 -15.357216 -9.455573 2.642785 -5.123854 1260256050316
177.78683 -23.466354 -16.389355 -9.455573 2.642785 -5.123854 1260256050331
177.78683 -23.466354 -16.389355 0.62928724 -15.925278 -3.5775375 1260256050339
183.84749 -14.693037 -16.419888 0.62928724 -15.925278 -3.5775375 1260256050350
183.84749 -14.693037 -16.419888 1.7985826 1.1738453 -8.969633 1260256050353
189.85512 -5.708385 -16.048893 1.7985826 1.1738453 -8.969633 1260256050369
189.85512 -5.708385 -16.048893 -0.06022358 -10.735216 -28.38657 1260256050374
192.91237 3.3770344 -15.4964485 -0.06022358 -10.735216 -28.38657 1260256050389
192.91237 3.3770344 -15.4964485 -4.6180487 0.6380092 -17.43311 1260256050396
188.76675 -5.5918174 -14.971626 -4.6180487 0.6380092 -17.43311 1260256050408
188.76675 -5.5918174 -14.971626 -9.033131 -4.409651 -34.86393 1260256050411
183.87842 -13.962227 -14.523045 -9.033131 -4.409651 -34.86393 1260256050431
183.87842 -13.962227 -14.523045 -12.416376 13.2325735 -29.912098 1260256050434
180.0845 -21.864117 -14.246892 -12.416376 13.2325735 -29.912098 1260256050449
180.0845 -21.864117 -14.246892 -14.671631 5.2050886 -28.205624 1260256050454
176.98027 -29.37091 -14.134547 -14.671631 5.2050886 -28.205624 1260256050472
176.98027 -29.37091 -14.134547 -15.83378 -4.482636 -29.281849 1260256050479
173.63126 -36.352364 -14.07782 -15.83378 -4.482636 -29.281849 1260256050489
173.63126 -36.352364 -14.07782 -16.361376 -4.011578 -27.887913 1260256050492
169.84969 -42.784744 -14.073929 -16.361376 -4.011578 -27.887913 1260256050509
169.84969 -42.784744 -14.073929 -16.304558 -2.1652684 -25.216982 1260256050516
165.9072 -48.745506 -14.070232 -16.304558 -2.1652684 -25.216982 1260256050528
165.9072 -48.745506 -14.070232 -15.702907 -2.391499 -22.290453 1260256050535
162.31184 -54.35823 -14.116721 -15.702907 -2.391499 -22.290453 1260256050549
162.31184 -54.35823 -14.116721 -14.946444 -1.617351 -18.408482 1260256050558
159.74625 -59.94032 -14.160885 -14.946444 -1.617351 -18.408482 1260256050572
159.74625 -59.94032 -14.160885 -13.679043 1.2115173 -13.585847 1260256050575
164.35893 -48.343304 -14.202841 -13.679043 1.2115173 -13.585847 1260256050589
164.35893 -48.343304 -14.202841 -11.740204 -10.249966 -7.256204 1260256050595
162.79099 -41.97614 -13.092699 -11.740204 -10.249966 -7.256204 1260256050623
162.79099 -41.97614 -13.092699 -3.9016225 -16.308922 -2.4704125 1260256050641
162.30144 -37.277332 -11.838064 -3.9016225 -16.308922 -2.4704125 1260256050676
162.30144 -37.277332 -11.838064 10.513707 -18.953491 17.609941 1260256050691
162.03636 -33.063465 -10.596161 10.513707 -18.953491 17.609941 1260256050696
162.03636 -33.063465 -10.596161 15.389338 -11.65365 19.374285 1260256050700
161.88454 -29.310291 -9.466352 15.389338 -11.65365 19.374285 1260256050703
161.88454 -29.310291 -9.466352 7.4354124 -30.673466 29.044302 1260256050710
161.8903 -26.144777 -8.443035 7.4354124 -30.673466 29.044302 1260256050877
161.8903 -26.144777 -8.443035 -2.1145616 -9.573969 23.3464 1260256050891
161.99579 -23.687538 -7.5708833 -2.1145616 -9.573969 23.3464 1260256050895
161.99579 -23.687538 -7.5708833 -5.1467376 -19.815489 24.287474 1260256050899
162.146 -22.303162 -6.892339 -5.1467376 -19.815489 24.287474 1260256050904
162.146 -22.303162 -6.892339 -3.5370102 -4.2750483 12.141129 1260256050910
162.18869 -22.138004 -6.5477223 -3.5370102 -4.2750483 12.141129 1260256050916
162.18869 -22.138004 -6.5477223 -2.48061 3.401205 4.4265146 1260256050919
160.82925 -23.681105 -6.770336 -2.48061 3.401205 4.4265146 1260256050922
160.82925 -23.681105 -6.770336 -6.766734 -1.0271044 7.2675986 1260256050930
156.8378 -25.99705 -7.4318194 -6.766734 -1.0271044 7.2675986 1260256050934
156.8378 -25.99705 -7.4318194 -13.270882 19.099731 2.8382034 1260256050939
152.9459 -30.697197 -8.360229 -13.270882 19.099731 2.8382034 1260256050942
152.9459 -30.697197 -8.360229 -15.380965 7.099642 -7.662666 1260256050950
149.6486 -35.562336 -9.492217 -15.380965 7.099642 -7.662666 1260256050953
149.6486 -35.562336 -9.492217 -8.6286745 6.0431604 -1.2400513 1260256050957
146.96617 -40.48422 -10.767606 -8.6286745 6.0431604 -1.2400513 1260256050960
146.96617 -40.48422 -10.767606 -1.4996519 17.462614 -5.4565077 1260256050968
145.01787 -45.410007 -12.179226 -1.4996519 17.462614 -5.4565077 1260256050974
145.01787 -45.410007 -12.179226 -8.4494 22.21695 -6.5104213 1260256050977
143.61697 -50.339508 -13.720264 -8.4494 22.21695 -6.5104213 1260256050990
143.61697 -50.339508 -13.720264 -21.164438 11.226077 -3.7380483 1260256050996
142.63612 -55.222534 -15.284251 -21.164438 11.226077 -3.7380483 1260256051000
142.63612 -55.222534 -15.284251 -15.293268 -1.1316338 -9.464431 1260256051003
142.05432 -60.011406 -16.820038 -15.293268 -1.1316338 -9.464431 1260256051011
142.05432 -60.011406 -16.820038 -1.1559858 3.5941842 -2.6925683 1260256051014
141.35161 -64.51083 -18.129036 -1.1559858 3.5941842 -2.6925683 1260256051020
141.35161 -64.51083 -18.129036 -1.7200294 15.667559 -7.2239566 1260256051023
139.93402 -68.53529 -18.922585 -1.7200294 15.667559 -7.2239566 1260256051030
139.93402 -68.53529 -18.922585 -6.4764514 0.55630875 1.9659729 1260256051034
136.93732 -71.85853 -18.926455 -6.4764514 0.55630875 1.9659729 1260256051045
136.93732 -71.85853 -18.926455 -3.8719234 10.432279 -14.836433 1260256051054
131.84045 -74.4656 -17.980131 -3.8719234 10.432279 -14.836433 1260256051057
131.84045 -74.4656 -17.980131 7.4595466 -0.58433914 -1.0816934 1260256051060
142.09843 -76.99232 -15.8811245 7.4595466 -0.58433914 -1.0816934 1260256051069
142.09843 -76.99232 -15.8811245 4.9165344 16.321487 -3.0440059 1260256051072
146.0935 -80.8927 -11.887068 4.9165344 16.321487 -3.0440059 1260256051080
146.0935 -80.8927 -11.887068 12.681004 -3.9152124 4.6788244 1260256051083
146.78883 -75.798065 -8.1427145 12.681004 -3.9152124 4.6788244 1260256051093
146.78883 -75.798065 -8.1427145 0.221632 -0.012448788 0.39890742 1260256051097
146.5994 -70.00816 -5.685579 0.221632 -0.012448788 0.39890742 1260256051100
146.5994 -70.00816 -5.685579 17.826916 -4.58291 12.6387825 1260256051113
146.16942 -64.307755 -3.7512999 17.826916 -4.58291 12.6387825 1260256051117
146.16942 -64.307755 -3.7512999 19.913115 -8.508979 11.211025 1260256051124
145.66095 -58.942368 -2.0137348 19.913115 -8.508979 11.211025 1260256051136
145.66095 -58.942368 -2.0137348 6.046398 -13.343355 18.007198 1260256051139
145.1779 -53.99525 -0.21304803 6.046398 -13.343355 18.007198 1260256051152
145.1779 -53.99525 -0.21304803 12.774067 -22.830658 6.0873814 1260256051159
144.869 -49.495487 1.8476043 12.774067 -22.830658 6.0873814 1260256051170
144.869 -49.495487 1.8476043 23.06091 -18.93058 7.870307 1260256051173
144.77556 -45.470715 4.455224 23.06091 -18.93058 7.870307 1260256051189
144.77556 -45.470715 4.455224 1.9497461 2.3981576 3.9082456 1260256051194
145.28677 -35.39718 7.232463 1.9497461 2.3981576 3.9082456 1260256051210
145.28677 -35.39718 7.232463 17.201946 -11.721888 -6.915597 1260256051217
146.82243 -25.17732 8.67084 17.201946 -11.721888 -6.915597 1260256051229
146.82243 -25.17732 8.67084 13.681862 -1.7561442 -16.575994 1260256051232
149.6813 -15.018454 9.137299 13.681862 -1.7561442 -16.575994 1260256051249
149.6813 -15.018454 9.137299 7.436811 5.839368 -6.7235103 1260256051256
154.79724 -23.11753 9.080434 7.436811 5.839368 -6.7235103 1260256051269
154.79724 -23.11753 9.080434 5.977866 -7.88101 -14.380638 1260256051276
164.70738 -30.561655 8.776412 5.977866 -7.88101 -14.380638 1260256051291
164.70738 -30.561655 8.776412 7.0485597 -4.1893263 -27.018112 1260256051299
158.27202 -37.38357 8.337591 7.0485597 -4.1893263 -27.018112 1260256051310
158.27202 -37.38357 8.337591 8.539955 2.5567281 -28.194656 1260256051313
152.50842 -43.714394 7.8207116 8.539955 2.5567281 -28.194656 1260256051329
152.50842 -43.714394 7.8207116 9.045458 4.8561687 -25.182934 1260256051336
147.08301 -49.628674 7.329676 9.045458 4.8561687 -25.182934 1260256051349
147.08301 -49.628674 7.329676 7.5165396 2.5491118 -21.607365 1260256051356
142.07886 -55.247242 6.8131924 7.5165396 2.5491118 -21.607365 1260256051368
142.07886 -55.247242 6.8131924 3.7693162 -1.8328238 -21.558159 1260256051372
137.77492 -60.78488 6.3225327 3.7693162 -1.8328238 -21.558159 1260256051392
137.77492 -60.78488 6.3225327 -0.96290994 -3.2752771 -26.213133 1260256051395
134.43617 -66.29564 5.806406 -0.96290994 -3.2752771 -26.213133 1260256051409
134.43617 -66.29564 5.806406 -5.736868 -0.011329174 -27.531834 1260256051415
130.71437 -71.73086 5.466086 -5.736868 -0.011329174 -27.531834 1260256051438
130.71437 -71.73086 5.466086 -7.5816574 6.334959 -23.125797 1260256051441
137.67865 -77.04432 5.3427815 -7.5816574 6.334959 -23.125797 1260256051613
137.67865 -77.04432 5.3427815 -7.1400423 10.262563 -15.743842 1260256051617
140.44472 -64.2421 5.6256423 -7.1400423 10.262563 -15.743842 1260256051621
140.44472 -64.2421 5.6256423 -3.4016392 9.401567 -11.7810955 1260256051634
141.87248 -52.329998 6.29436 -3.4016392 9.401567 -11.7810955 1260256051637
141.87248 -52.329998 6.29436 3.9640698 7.322095 -15.581111 1260256051643
142.32886 -41.563496 7.429642 3.9640698 7.322095 -15.581111 1260256051650
142.32886 -41.563496 7.429642 13.72521 -9.370022 -11.239052 1260256051656
142.41241 -32.23532 9.15816 13.72521 -9.370022 -11.239052 1260256051659
142.41241 -32.23532 9.15816 8.370655 2.1488914 -10.51259 1260256051662
142.5918 -24.223555 10.600252 8.370655 2.1488914 -10.51259 1260256051670
142.5918 -24.223555 10.600252 -3.9773822 -14.32449 -2.550266 1260256051673
143.06221 -20.312376 11.320239 -3.9773822 -14.32449 -2.550266 1260256051679
143.06221 -20.312376 11.320239 -4.8750334 1.2983112 4.7498827 1260256051682
143.6091 -17.196756 11.404227 -4.8750334 1.2983112 4.7498827 1260256051685
143.6091 -17.196756 11.404227 -5.9012194 -19.083385 9.5012865 1260256051693
144.07864 -14.686918 11.034016 -5.9012194 -19.083385 9.5012865 1260256051696
144.07864 -14.686918 11.034016 -8.689512 -0.4699707 13.232882 1260256051700
144.5247 -12.652573 10.5823145 -8.689512 -0.4699707 13.232882 1260256051714
144.5247 -12.652573 10.5823145 -8.48467 -6.783661 12.069252 1260256051718
144.89847 -11.169944 10.103199 -8.48467 -6.783661 12.069252 1260256051723
144.89847 -11.169944 10.103199 -5.714281 -15.045052 15.810701 1260256051730
145.30354 -10.061446 9.748039 -5.714281 -15.045052 15.810701 1260256051736
145.30354 -10.061446 9.748039 -2.1187887 -8.877252 23.68006 1260256051739
145.83836 -9.358374 9.660637 -2.1187887 -8.877252 23.68006 1260256051742
145.83836 -9.358374 9.660637 -0.2469945 -0.4393437 23.918003 1260256051750
146.64644 -8.990455 9.827605 -0.2469945 -0.4393437 23.918003 1260256051753
146.64644 -8.990455 9.827605 -0.87256885 4.559658 20.73648 1260256051761
148.06412 -9.090932 10.386225 -0.87256885 4.559658 20.73648 1260256051771
148.06412 -9.090932 10.386225 -4.345086 5.172586 14.738105 1260256051774
150.51091 -9.586386 11.216913 -4.345086 5.172586 14.738105 1260256051778
150.51091 -9.586386 11.216913 -5.2568927 1.5285679 5.681039 1260256051781
