218.15753 -1.9128442 60.711952 5.21995 9.676681 7.4526086 1260255779933
218.15753 -1.9128442 60.711952 -5.321986 9.395728 10.3236685 1260255779941
213.84966 -1.5172019 59.526356 -5.321986 9.395728 10.3236685 1260255779944
213.84966 -1.5172019 59.526356 4.3640137 9.295596 3.1323152 1260255779950
214.20717 7.1586585 58.75004 4.3640137 9.295596 3.1323152 1260255779953
214.20717 7.1586585 58.75004 10.584942 -8.056091 -6.371274 1260255779961
216.3968 -2.099275 56.612537 10.584942 -8.056091 -6.371274 1260255779964
216.3968 -2.099275 56.612537 3.4040477 8.749063 -14.792415 1260255779968
219.97696 -10.744311 54.381912 3.4040477 8.749063 -14.792415 1260255779999
219.97696 -10.744311 54.381912 -4.5148106 -8.007654 -15.90296 1260255780032
225.2781 -18.707096 52.21282 -4.5148106 -8.007654 -15.90296 1260255780062
225.2781 -18.707096 52.21282 13.431089 2.47679 -25.849888 1260255780078
231.31421 -26.071741 50.152176 13.431089 2.47679 -25.849888 1260255780082
231.31421 -26.071741 50.152176 3.9723597 14.446052 -19.637608 1260255780099
237.4985 -32.918156 48.19457 3.9723597 14.446052 -19.637608 1260255780118
237.4985 -32.918156 48.19457 -3.1379976 18.207966 -26.799927 1260255780133
225.72357 -39.272247 46.33484 -3.1379976 18.207966 -26.799927 1260255780137
225.72357 -39.272247 46.33484 12.36219 19.375078 -25.372179 1260255780141
214.63739 -45.258636 44.618095 12.36219 19.375078 -25.372179 1260255780148
214.63739 -45.258636 44.618095 10.845345 18.299534 -20.157928 1260255780154
221.45552 -51.095703 43.03719 10.845345 18.299534 -20.157928 1260255780158
221.45552 -51.095703 43.03719 -3.7348008 12.953733 -13.616063 1260255780161
217.83275 -40.290916 41.48533 -3.7348008 12.953733 -13.616063 1260255780169
217.83275 -40.290916 41.48533 -3.88661 2.5871794 -2.800736 1260255780172
212.64111 -34.52637 39.011063 -3.88661 2.5871794 -2.800736 1260255780175
212.64111 -34.52637 39.011063 7.8527026 -11.312954 0.21683192 1260255780181
207.90906 -30.150053 36.31051 7.8527026 -11.312954 0.21683192 1260255780193
207.90906 -30.150053 36.31051 -16.202805 -29.111052 13.717576 1260255780196
203.46361 -26.44255 33.594982 -16.202805 -29.111052 13.717576 1260255780200
203.46361 -26.44255 33.594982 -2.254672 -13.604737 20.07513 1260255780205
199.19043 -23.470423 30.915234 -2.254672 -13.604737 20.07513 1260255780214
199.19043 -23.470423 30.915234 -16.322485 -28.541443 25.583271 1260255780217
195.0809 -21.046902 28.319471 -16.322485 -28.541443 25.583271 1260255780221
195.0809 -21.046902 28.319471 -11.406577 -4.810101 31.346663 1260255780229
191.07686 -19.244556 25.853498 -11.406577 -4.810101 31.346663 1260255780239
191.07686 -19.244556 25.853498 -2.2358556 -2.5759573 28.751839 1260255780242
187.22302 -17.982328 23.460823 -2.2358556 -2.5759573 28.751839 1260255780250
187.22302 -17.982328 23.460823 -16.205982 -9.25714 15.159578 1260255780253
183.56187 -17.283213 20.837782 -16.205982 -9.25714 15.159578 1260255780261
183.56187 -17.283213 20.837782 4.5863814 -9.241468 7.7731466 1260255780264
180.43378 -23.119053 17.895893 4.5863814 -9.241468 7.7731466 1260255780274
180.43378 -23.119053 17.895893 -10.048971 -6.443655 -3.5200696 1260255780278
174.31209 -29.8131 17.001099 -10.048971 -6.443655 -3.5200696 1260255780288
174.31209 -29.8131 17.001099 -9.34293 -5.7633505 -9.230293 1260255780302
166.79648 -36.472446 16.451044 -9.34293 -5.7633505 -9.230293 1260255780312
166.79648 -36.472446 16.451044 -4.9005017 -4.049684 -19.43292 1260255780319
159.00665 -42.898823 15.978492 -4.9005017 -4.049684 -19.43292 1260255780333
159.00665 -42.898823 15.978492 0.2685542 -2.5572667 -27.249763 1260255780337
151.60632 -49.10388 15.529567 0.2685542 -2.5572667 -27.249763 1260255780349
151.60632 -49.10388 15.529567 5.1168733 -2.453156 -30.86003 1260255780354
144.526 -54.998688 15.103088 5.1168733 -2.453156 -30.86003 1260255780368
144.526 -54.998688 15.103088 9.223113 -3.151147 -29.151894 1260255780372
137.5497 -60.648754 14.747934 9.223113 -3.151147 -29.151894 1260255780391
137.5497 -60.648754 14.747934 12.005382 -1.5363164 -25.753836 1260255780394
130.97221 -66.01632 14.410538 12.005382 -1.5363164 -25.753836 1260255780407
130.97221 -66.01632 14.410538 13.413232 5.8998094 -26.340742 1260255780411
125.2236 -71.1155 14.04001 13.413232 5.8998094 -26.340742 1260255780427
125.2236 -71.1155 14.04001 13.022667 14.738734 -27.200848 1260255780431
120.11242 -76.00973 13.63801 13.022667 14.738734 -27.200848 1260255780447
120.11242 -76.00973 13.63801 10.987828 10.2570915 -19.531496 1260255780450
131.1068 -80.95924 13.256109 10.987828 10.2570915 -19.531496 1260255780467
131.1068 -80.95924 13.256109 8.115697 -4.897947 -11.7477 1260255780471
131.10146 -69.511284 13.243304 8.115697 -4.897947 -11.7477 1260255780640
131.10146 -69.511284 13.243304 8.454235 -1.6521356 -1.2748623 1260255780652
130.24638 -62.33572 13.331139 8.454235 -1.6521356 -1.2748623 1260255780656
130.24638 -62.33572 13.331139 10.25841 -17.917677 7.9755807 1260255780660
129.23407 -56.318935 13.364582 10.25841 -17.917677 7.9755807 1260255780664
129.23407 -56.318935 13.364582 12.860996 -22.553185 17.842882 1260255780672
128.22237 -50.85299 13.346353 12.860996 -22.553185 17.842882 1260255780677
128.22237 -50.85299 13.346353 14.26062 -20.324059 24.06376 1260255780680
127.16125 -46.01034 13.329035 14.26062 -20.324059 24.06376 1260255780683
127.16125 -46.01034 13.329035 14.479448 -14.947013 18.569157 1260255780691
126.25318 -41.809826 13.462584 14.479448 -14.947013 18.569157 1260255780695
126.25318 -41.809826 13.462584 15.253633 -25.513054 17.143063 1260255780700
125.29052 -38.369335 13.589455 15.253633 -25.513054 17.143063 1260255780703
125.29052 -38.369335 13.589455 14.086983 -3.2561803 21.229038 1260255780711
123.87599 -36.450867 13.759982 14.086983 -3.2561803 21.229038 1260255780714
123.87599 -36.450867 13.759982 12.856707 -9.24013 13.252618 1260255780718
121.43219 -36.878323 13.671983 12.856707 -9.24013 13.252618 1260255780725
121.43219 -36.878323 13.671983 10.747213 -0.37395 9.548 1260255780736
118.86058 -38.984406 13.0383835 10.747213 -0.37395 9.548 1260255780739
118.86058 -38.984406 13.0383835 4.7418914 20.43578 4.4877014 1260255780744
116.61755 -41.935184 12.086464 4.7418914 20.43578 4.4877014 1260255780750
116.61755 -41.935184 12.086464 -5.9956226 4.3799925 -5.279736 1260255780756
115.036674 -45.288425 10.782141 -5.9956226 4.3799925 -5.279736 1260255780759
115.036674 -45.288425 10.782141 -12.969099 22.765839 -3.7437892 1260255780762
114.23484 -49.024006 9.043034 -12.969099 22.765839 -3.7437892 1260255780771
114.23484 -49.024006 9.043034 -1.8789706 2.5763302 -6.9591775 1260255780775
114.3231 -53.072807 6.890882 -1.8789706 2.5763302 -6.9591775 1260255780783
114.3231 -53.072807 6.890882 -1.3644128 12.831126 -11.836079 1260255780789
115.306946 -57.469166 4.296338 -1.3644128 12.831126 -11.836079 1260255780796
115.306946 -57.469166 4.296338 -17.517561 15.345524 -6.1979694 1260255780802
116.9916 -62.045708 1.481521 -17.517561 15.345524 -6.1979694 1260255780805
116.9916 -62.045708 1.481521 0.826025 -1.1189342 -3.1282325 1260255780813
119.39202 -66.54342 -0.9425552 0.826025 -1.1189342 -3.1282325 1260255780818
119.39202 -66.54342 -0.9425552 -15.610689 -0.39846802 -10.120239 1260255780822
121.27242 -70.76625 -2.2954273 -15.610689 -0.39846802 -10.120239 1260255780838
121.27242 -70.76625 -2.2954273 -11.96861 14.562693 -6.8876486 1260255780841
118.758804 -75.077934 -2.0306559 -11.96861 14.562693 -6.8876486 1260255780850
118.758804 -75.077934 -2.0306559 -8.250731 1.0551414 -13.825951 1260255780853
128.17087 -79.87404 -0.32912305 -8.250731 1.0551414 -13.825951 1260255780869
128.17087 -79.87404 -0.32912305 2.975287 -7.7155313 -11.871265 1260255780874
131.36232 -68.38033 2.437333 2.975287 -7.7155313 -11.871265 1260255780889
131.36232 -68.38033 2.437333 16.546844 -12.75325 -9.246568 1260255780895
131.59421 -62.561317 4.3654666 16.546844 -12.75325 -9.246568 1260255780908
131.59421 -62.561317 4.3654666 3.5188742 -17.002113 -1.9577849 1260255780912
130.6145 -56.73325 5.7471933 3.5188742 -17.002113 -1.9577849 1260255780931
130.6145 -56.73325 5.7471933 9.432766 -20.03477 15.310646 1260255780934
129.23378 -51.09659 6.8098335 9.432766 -20.03477 15.310646 1260255780949
129.23378 -51.09659 6.8098335 19.47239 -19.484085 16.44351 1260255780954
128.0221 -45.84176 7.9693418 19.47239 -19.484085 16.44351 1260255780972
128.0221 -45.84176 7.9693418 24.226913 -13.841791 9.365028 1260255780979
126.92099 -40.999672 9.270875 24.226913 -13.841791 9.365028 1260255780990
126.92099 -40.999672 9.270875 14.673179 -20.061378 16.862568 1260255780993
126.67494 -36.499687 10.757331 14.673179 -20.061378 16.862568 1260255781007
126.67494 -36.499687 10.757331 1.1824036 -22.044027 2.2116709 1260255781014
128.9912 -27.624702 12.619465 1.1824036 -22.044027 2.2116709 1260255781029
128.9912 -27.624702 12.619465 8.692288 -1.0184264 -10.2444725 1260255781036
134.09163 -17.993467 13.788491 8.692288 -1.0184264 -10.2444725 1260255781048
134.09163 -17.993467 13.788491 15.29859 -10.098619 -5.8143625 1260255781058
142.33705 -25.943794 14.149067 15.29859 -10.098619 -5.8143625 1260255781071
142.33705 -25.943794 14.149067 14.457464 7.8270044 -12.120706 1260255781074
135.3702 -33.046604 14.091614 14.457464 7.8270044 -12.120706 1260255781089
135.3702 -33.046604 14.091614 13.399226 12.996838 -14.791163 1260255781095
130.20169 -39.594273 13.887033 13.399226 12.996838 -14.791163 1260255781114
130.20169 -39.594273 13.887033 12.559596 14.083326 -17.553394 1260255781118
125.841606 -45.81456 13.592682 12.559596 14.083326 -17.553394 1260255781128
125.841606 -45.81456 13.592682 11.175034 14.969538 -20.217222 1260255781131
121.599525 -51.823833 13.263048 11.175034 14.969538 -20.217222 1260255781151
121.599525 -51.823833 13.263048 9.026085 15.192899 -21.208681 1260255781154
117.46955 -57.58264 12.949896 9.026085 15.192899 -21.208681 1260255781169
117.46955 -57.58264 12.949896 6.404771 13.651726 -18.288969 1260255781175
113.24607 -63.15351 12.602401 6.404771 13.651726 -18.288969 1260255781188
113.24607 -63.15351 12.602401 2.927265 7.565645 -13.917723 1260255781198
108.483765 -68.59583 12.272281 2.927265 7.565645 -13.917723 1260255781209
108.483765 -68.59583 12.272281 -0.49801612 -1.8117096 -13.758327 1260255781212
120.35958 -73.91604 11.958667 -0.49801612 -1.8117096 -13.758327 1260255781230
120.35958 -73.91604 11.958667 -3.443627 -8.236072 -18.50633 1260255781233
126.691605 -61.370235 11.860733 -3.443627 -8.236072 -18.50633 1260255781414
