284.2798 -3.6927712 69.57654 17.390318 4.9299498 -7.030522 1260261098323
284.2798 -3.6927712 69.57654 16.526827 -1.2776194 -4.6967535 1260261098326
272.2158 -4.358133 69.047714 16.526827 -1.2776194 -4.6967535 1260261098329
272.2158 -4.358133 69.047714 10.019074 -5.5684547 2.0018096 1260261098336
262.355 -5.0402265 67.74533 10.019074 -5.5684547 2.0018096 1260261098340
262.355 -5.0402265 67.74533 -1.185152 -5.382642 8.81611 1260261098343
253.53726 -5.6882153 65.70806 -1.185152 -5.382642 8.81611 1260261098358
253.53726 -5.6882153 65.70806 8.290894 -1.5973232 2.8055992 1260261098362
245.4104 -6.3538046 63.422657 8.290894 -1.5973232 2.8055992 1260261098384
245.4104 -6.3538046 63.422657 9.5722275 4.695876 18.81052 1260261098397
237.78989 -7.2361145 61.051525 9.5722275 4.695876 18.81052 1260261098403
237.78989 -7.2361145 61.051525 -7.0114136 11.774592 6.732571 1260261098581
230.65039 -8.274309 58.698948 -7.0114136 11.774592 6.732571 1260261098590
230.65039 -8.274309 58.698948 9.780066 11.970679 7.746913 1260261098604
223.66788 -10.360594 56.814 9.780066 11.970679 7.746913 1260261098610
223.66788 -10.360594 56.814 3.3325846 -6.228133 -4.4245934 1260261098616
219.98448 -17.992565 53.3733 3.3325846 -6.228133 -4.4245934 1260261098622
219.98448 -17.992565 53.3733 -0.5679965 -6.12727 -10.580374 1260261098625
217.83525 -25.642937 50.20463 -0.5679965 -6.12727 -10.580374 1260261098628
217.83525 -25.642937 50.20463 -1.9852438 6.0116405 0.64995146 1260261098637
216.19348 -33.06079 47.2944 -1.9852438 6.0116405 0.64995146 1260261098640
216.19348 -33.06079 47.2944 -3.5561357 11.216887 -12.306364 1260261098646
214.0838 -40.00775 44.47968 -3.5561357 11.216887 -12.306364 1260261098649
214.0838 -40.00775 44.47968 2.128833 9.675648 -22.24701 1260261098658
211.8296 -46.557365 41.805695 2.128833 9.675648 -22.24701 1260261098661
211.8296 -46.557365 41.805695 -10.929916 8.17444 -13.3384075 1260261098665
209.58812 -52.679497 39.26541 -10.929916 8.17444 -13.3384075 1260261098670
209.58812 -52.679497 39.26541 6.422055 10.46752 -20.42257 1260261098676
206.9087 -58.445522 36.90214 6.422055 10.46752 -20.42257 1260261098682
206.9087 -58.445522 36.90214 -10.332736 13.996302 -24.163433 1260261098685
203.36327 -63.873245 34.757034 -10.332736 13.996302 -24.163433 1260261098694
203.36327 -63.873245 34.757034 -4.2713814 13.606951 -27.760435 1260261098699
198.4951 -69.07958 32.91918 -4.2713814 13.606951 -27.760435 1260261098705
198.4951 -69.07958 32.91918 8.933194 4.6376495 -22.466366 1260261098708
190.92035 -74.0756 31.473223 8.933194 4.6376495 -22.466366 1260261098716
190.92035 -74.0756 31.473223 2.0458136 -5.2638288 -19.51189 1260261098719
196.37433 -79.12182 30.549562 2.0458136 -5.2638288 -19.51189 1260261098725
196.37433 -79.12182 30.549562 -3.0544052 -3.8206964 -24.383738 1260261098738
195.3556 -66.915726 30.172085 -3.0544052 -3.8206964 -24.383738 1260261098742
195.3556 -66.915726 30.172085 -2.7294555 -12.258497 -16.928207 1260261098745
191.08783 -56.869938 30.013481 -2.7294555 -12.258497 -16.928207 1260261098754
191.08783 -56.869938 30.013481 -1.9523344 -9.136507 -7.131741 1260261098757
186.18344 -48.32644 29.662807 -1.9523344 -9.136507 -7.131741 1260261098762
186.18344 -48.32644 29.662807 -1.4789782 -28.12977 -0.7223922 1260261098766
181.42427 -42.510117 29.079668 -1.4789782 -28.12977 -0.7223922 1260261098769
181.42427 -42.510117 29.079668 0.4247818 -31.89907 4.575305 1260261098776
177.00305 -37.434612 28.425684 0.4247818 -31.89907 4.575305 1260261098780
177.00305 -37.434612 28.425684 5.0738125 -22.910776 0.9731674 1260261098786
173.0529 -33.16288 27.7544 5.0738125 -22.910776 0.9731674 1260261098799
173.0529 -33.16288 27.7544 10.153556 -5.0888767 13.667062 1260261098803
169.30026 -29.804735 26.96668 10.153556 -5.0888767 13.667062 1260261098808
169.30026 -29.804735 26.96668 12.554476 -18.209381 12.334017 1260261098815
165.68524 -27.764498 25.868347 12.554476 -18.209381 12.334017 1260261098820
165.68524 -27.764498 25.868347 7.515962 2.576239 5.1809077 1260261098823
162.05098 -27.176273 24.37493 7.515962 2.576239 5.1809077 1260261098827
162.05098 -27.176273 24.37493 -7.51223 11.857874 7.355568 1260261098835
158.54843 -27.51746 22.656183 -7.51223 11.857874 7.355568 1260261098845
158.54843 -27.51746 22.656183 -8.090499 13.348681 15.331135 1260261098848
155.371 -28.341587 20.773375 -8.090499 13.348681 15.331135 1260261098856
155.371 -28.341587 20.773375 6.0493546 8.031198 11.797921 1260261098859
152.75246 -29.224508 18.584705 6.0493546 8.031198 11.797921 1260261098867
152.75246 -29.224508 18.584705 -7.0327716 0.22698355 1.051002 1260261098874
150.81483 -29.813282 15.85547 -7.0327716 0.22698355 1.051002 1260261098882
150.81483 -29.813282 15.85547 -7.3379374 -3.1755414 5.0621724 1260261098887
149.7741 -29.972618 12.462696 -7.3379374 -3.1755414 5.0621724 1260261098895
149.7741 -29.972618 12.462696 -8.01505 -4.8443832 3.8680367 1260261098908
150.58539 -36.42399 8.389562 -8.01505 -4.8443832 3.8680367 1260261098918
150.58539 -36.42399 8.389562 0.93654203 -6.514468 -1.5662684 1260261098925
154.15611 -43.25279 4.6200833 0.93654203 -6.514468 -1.5662684 1260261098938
154.15611 -43.25279 4.6200833 -17.412914 -5.5783086 -3.79248 1260261098942
159.2483 -32.190147 1.9390792 -17.412914 -5.5783086 -3.79248 1260261098954
159.2483 -32.190147 1.9390792 1.9785767 6.5521126 -8.638034 1260261098959
164.6859 -21.78064 -0.0078748185 1.9785767 6.5521126 -8.638034 1260261098974
164.6859 -21.78064 -0.0078748185 -6.737522 1.2578044 -18.273148 1260261098977
170.2016 -11.941607 -1.4574811 -6.737522 1.2578044 -18.273148 1260261098998
170.2016 -11.941607 -1.4574811 -15.798204 -6.739976 -9.915763 1260261099006
175.19151 -2.4445264 -2.4346073 -15.798204 -6.739976 -9.915763 1260261099012
175.19151 -2.4445264 -2.4346073 -11.486788 5.8827057 -7.3488865 1260261099018
179.68193 -11.3223 -3.112877 -11.486788 5.8827057 -7.3488865 1260261099034
179.68193 -11.3223 -3.112877 -4.6398873 -9.254323 -18.603046 1260261099039
183.99783 -19.756186 -3.5072331 -4.6398873 -9.254323 -18.603046 1260261099054
183.99783 -19.756186 -3.5072331 -0.023704529 7.853024 -23.347878 1260261099057
187.99794 -27.718376 -3.7318716 -0.023704529 7.853024 -23.347878 1260261099078
187.99794 -27.718376 -3.7318716 2.703299 5.471667 -12.752262 1260261099082
192.09804 -35.282455 -3.845278 2.703299 5.471667 -12.752262 1260261099094
192.09804 -35.282455 -3.845278 4.2433805 -6.1441307 -15.600056 1260261099099
195.44313 -42.418335 -3.8530142 4.2433805 -6.1441307 -15.600056 1260261099113
195.44313 -42.418335 -3.8530142 5.0228744 -9.064273 -22.170172 1260261099295
198.02098 -49.19742 -3.7603636 5.0228744 -9.064273 -22.170172 1260261099301
198.02098 -49.19742 -3.7603636 4.7990146 -7.634016 -27.450443 1260261099316
197.81993 -55.637547 -3.5723455 4.7990146 -7.634016 -27.450443 1260261099319
197.81993 -55.637547 -3.5723455 3.9830763 -6.790451 -30.369003 1260261099323
192.82893 -61.75567 -3.293728 3.9830763 -6.790451 -30.369003 1260261099328
192.82893 -61.75567 -3.293728 2.4249868 -7.83552 -30.38155 1260261099334
183.48749 -67.667885 -2.9790418 2.4249868 -7.83552 -30.38155 1260261099339
183.48749 -67.667885 -2.9790418 -0.114994645 -9.902251 -26.55377 1260261099343
188.41312 -55.48449 -2.5800898 -0.114994645 -9.902251 -26.55377 1260261099346
188.41312 -55.48449 -2.5800898 -3.3521094 -10.326052 -26.934479 1260261099356
189.54247 -44.260265 -2.1510854 -3.3521094 -10.326052 -26.934479 1260261099359
189.54247 -44.260265 -2.1510854 -6.16635 -0.9338689 -23.962841 1260261099363
184.11534 -34.19725 -1.6935312 -6.16635 -0.9338689 -23.962841 1260261099366
184.11534 -34.19725 -1.6935312 -8.037357 -2.4019966 -12.320523 1260261099368
177.50957 -25.787388 -1.1588546 -8.037357 -2.4019966 -12.320523 1260261099374
177.50957 -25.787388 -1.1588546 -7.182296 -2.7227683 -5.0323496 1260261099377
170.93408 -18.848019 -0.55091184 -7.182296 -2.7227683 -5.0323496 1260261099381
170.93408 -18.848019 -0.55091184 -2.937075 -10.720658 4.359295 1260261099384
164.93738 -12.705617 0.076633774 -2.937075 -10.720658 4.359295 1260261099394
164.93738 -12.705617 0.076633774 3.3245218 -10.435013 8.260144 1260261099397
159.74051 -8.320336 0.82280207 3.3245218 -10.435013 8.260144 1260261099401
159.74051 -8.320336 0.82280207 10.194032 -2.7693233 -2.6702158 1260261099404
