94.92884 34.554684 43.98277 5.0701203 0.46279287 -3.3248491 1260179306446
94.92884 34.554684 43.98277 7.591158 -4.1683736 -5.060078 1260179306451
95.1324 34.12695 44.38363 7.591158 -4.1683736 -5.060078 1260179306457
95.1324 34.12695 44.38363 10.652111 -7.904107 -4.6021433 1260179306466
95.72578 33.770603 45.014446 10.652111 -7.904107 -4.6021433 1260179306470
95.72578 33.770603 45.014446 14.718575 -10.358864 -1.4245632 1260179306473
97.03949 33.43207 45.863724 14.718575 -10.358864 -1.4245632 1260179306496
97.03949 33.43207 45.863724 15.419279 -11.990413 2.0531003 1260179306506
99.23752 39.510468 46.77054 15.419279 -11.990413 2.0531003 1260179306515
99.23752 39.510468 46.77054 9.384186 -12.33722 1.6457474 1260179306518
103.02564 45.484943 47.582012 9.384186 -12.33722 1.6457474 1260179306530
103.02564 45.484943 47.582012 1.5497947 -12.106331 -2.4509068 1260179306539
108.12436 51.460697 48.102913 1.5497947 -12.106331 -2.4509068 1260179306548
108.12436 51.460697 48.102913 -2.3721304 -10.901151 -5.151586 1260179306554
113.96814 57.33766 48.047768 -2.3721304 -10.901151 -5.151586 1260179306559
113.96814 57.33766 48.047768 -2.4943042 -8.302934 -8.942406 1260179306573
121.16973 63.37078 46.79538 -2.4943042 -8.302934 -8.942406 1260179306575
121.16973 63.37078 46.79538 7.615659 -5.3972673 -18.53055 1260179306584
128.61125 51.20224 45.30561 7.615659 -5.3972673 -18.53055 1260179306587
128.61125 51.20224 45.30561 13.900786 -7.7727036 -12.960934 1260179306593
137.63069 39.892128 43.69033 13.900786 -7.7727036 -12.960934 1260179306598
137.63069 39.892128 43.69033 1.8509843 -6.151843 -25.478401 1260179306608
148.59915 29.397522 42.005814 1.8509843 -6.151843 -25.478401 1260179306612
148.59915 29.397522 42.005814 -4.2782874 13.47909 -23.67354 1260179306619
141.36919 19.527645 40.455524 -4.2782874 13.47909 -23.67354 1260179306628
141.36919 19.527645 40.455524 8.748884 -0.48153496 -32.420254 1260179306632
134.55072 10.101263 38.932747 8.748884 -0.48153496 -32.420254 1260179306643
134.55072 10.101263 38.932747 13.920015 11.420044 -28.324926 1260179306647
143.52318 0.84619987 37.48611 13.920015 11.420044 -28.324926 1260179306667
143.52318 0.84619987 37.48611 2.000821 -5.417447 -16.219948 1260179306674
143.44702 8.85389 36.211803 2.000821 -5.417447 -16.219948 1260179306683
143.44702 8.85389 36.211803 -6.074751 -11.152464 -16.93671 1260179306688
140.97467 14.261196 34.901215 -6.074751 -11.152464 -16.93671 1260179306878
140.97467 14.261196 34.901215 -0.5509827 -23.971603 -5.614225 1260179306888
138.02594 17.398136 33.106155 -0.5509827 -23.971603 -5.614225 1260179306894
138.02594 17.398136 33.106155 9.4033 -11.258702 4.832367 1260179306897
135.32465 19.42823 31.100847 9.4033 -11.258702 4.832367 1260179306906
135.32465 19.42823 31.100847 -6.4965086 -30.25776 23.028105 1260179306909
132.70842 20.60682 28.995806 -6.4965086 -30.25776 23.028105 1260179306913
132.70842 20.60682 28.995806 -12.683685 -31.545261 24.12372 1260179306918
130.273 21.126478 26.796015 -12.683685 -31.545261 24.12372 1260179306924
130.273 21.126478 26.796015 1.6676388 -24.196045 26.901749 1260179306930
128.00934 21.170155 24.656214 1.6676388 -24.196045 26.901749 1260179306934
128.00934 21.170155 24.656214 -11.754869 -16.95128 17.260857 1260179306939
125.95887 20.561647 22.473404 -11.754869 -16.95128 17.260857 1260179306945
125.95887 20.561647 22.473404 -10.810389 -12.576231 18.80656 1260179306951
124.260925 19.233564 19.899734 -10.810389 -12.576231 18.80656 1260179306955
124.260925 19.233564 19.899734 3.1079607 -2.4047794 14.299067 1260179306958
125.947876 11.421886 16.704748 3.1079607 -2.4047794 14.299067 1260179306966
125.947876 11.421886 16.704748 -12.519758 13.186039 -3.6033993 1260179306970
127.10048 2.900792 15.369511 -12.519758 13.186039 -3.6033993 1260179306974
127.10048 2.900792 15.369511 0.8839328 2.4163938 -3.1720238 1260179306979
124.395454 -5.3942485 14.801035 0.8839328 2.4163938 -3.1720238 1260179306989
124.395454 -5.3942485 14.801035 9.312206 -1.2888994 -24.195316 1260179306993
120.225685 -13.1245365 14.710983 9.312206 -1.2888994 -24.195316 1260179307004
120.225685 -13.1245365 14.710983 14.6728115 15.051519 -30.963156 1260179307009
115.7144 -20.46831 14.7754345 14.6728115 15.051519 -30.963156 1260179307013
115.7144 -20.46831 14.7754345 16.9963 20.739492 -28.840395 1260179307016
110.32868 -27.744894 14.836663 16.9963 20.739492 -28.840395 1260179307024
110.32868 -27.744894 14.836663 15.861526 12.195515 -22.63944 1260179307027
116.36225 -17.607649 14.74483 15.861526 12.195515 -22.63944 1260179307034
116.36225 -17.607649 14.74483 13.330343 -11.4403715 -24.10375 1260179307037
115.44414 -10.177266 14.357589 13.330343 -11.4403715 -24.10375 1260179307047
115.44414 -10.177266 14.357589 12.041796 -21.21717 -10.857617 1260179307050
113.521935 -4.9684024 13.839709 12.041796 -21.21717 -10.857617 1260179307054
113.521935 -4.9684024 13.839709 11.072173 -33.248096 0.5230321 1260179307067
111.54584 -1.4699823 13.447723 11.072173 -33.248096 0.5230321 1260179307071
111.54584 -1.4699823 13.447723 10.585398 -17.76286 13.239839 1260179307075
109.618546 1.2535169 13.175337 10.585398 -17.76286 13.239839 1260179307084
109.618546 1.2535169 13.175337 10.332055 -37.096367 23.197136 1260179307093
107.837616 3.590841 12.96657 10.332055 -37.096367 23.197136 1260179307096
107.837616 3.590841 12.96657 9.266237 -20.750929 13.975766 1260179307104
106.245735 5.761299 12.9182415 9.266237 -20.750929 13.975766 1260179307110
106.245735 5.761299 12.9182415 9.04368 -15.613165 26.539442 1260179307115
105.08345 7.923234 13.12233 9.04368 -15.613165 26.539442 1260179307121
105.08345 7.923234 13.12233 10.62017 -23.750986 10.347519 1260179307130
105.02928 9.827072 14.466213 10.62017 -23.750986 10.347519 1260179307143
105.02928 9.827072 14.466213 13.728093 -1.1480494 4.7254653 1260179307148
101.07782 1.7357186 14.892902 13.728093 -1.1480494 4.7254653 1260179307162
101.07782 1.7357186 14.892902 9.665504 -6.656928 -4.0178137 1260179307167
100.773926 -4.9010677 14.198257 9.665504 -6.656928 -4.0178137 1260179307187
100.773926 -4.9010677 14.198257 9.999644 1.1067553 -9.374057 1260179307195
101.33523 -10.806014 13.038344 9.999644 1.1067553 -9.374057 1260179307203
101.33523 -10.806014 13.038344 1.5407681 6.8153057 -11.996167 1260179307208
102.46847 -16.365713 11.5364275 1.5407681 6.8153057 -11.996167 1260179307223
102.46847 -16.365713 11.5364275 -14.8981495 12.518942 -13.418297 1260179307228
104.195045 -21.797428 9.609606 -14.8981495 12.518942 -13.418297 1260179307245
104.195045 -21.797428 9.609606 -11.321641 19.252552 1.8255024 1260179307252
106.78529 -27.407557 7.1791253 -11.321641 19.252552 1.8255024 1260179307264
106.78529 -27.407557 7.1791253 -4.225136 21.035887 -9.847257 1260179307267
110.84603 -33.48718 4.170169 -4.225136 21.035887 -9.847257 1260179307283
110.84603 -33.48718 4.170169 -20.829716 16.55245 -2.4631395 1260179307288
118.80373 -40.66282 0.6116603 -20.829716 16.55245 -2.4631395 1260179307302
118.80373 -40.66282 0.6116603 -5.32333 2.3470151 -12.404947 1260179307306
114.06354 -31.879679 -1.2189227 -5.32333 2.3470151 -12.404947 1260179307326
114.06354 -31.879679 -1.2189227 -16.186779 -3.9248028 -1.705365 1260179307333
112.11036 -24.985695 -1.3079766 -16.186779 -3.9248028 -1.705365 1260179307345
112.11036 -24.985695 -1.3079766 -10.512247 -18.175274 -2.0442097 1260179307348
110.95484 -18.436409 -0.5425778 -10.512247 -18.175274 -2.0442097 1260179307362
110.95484 -18.436409 -0.5425778 0.8782878 -27.320772 4.8669853 1260179307368
109.9571 -11.764588 0.7345511 0.8782878 -27.320772 4.8669853 1260179307384
109.9571 -11.764588 0.7345511 19.11283 -33.901573 4.907942 1260179307391
108.859245 -8.276359 2.2978234 19.11283 -33.901573 4.907942 1260179307404
108.859245 -8.276359 2.2978234 24.047892 -17.757133 5.3533196 1260179307407
107.566284 -5.2125406 3.9329321 24.047892 -17.757133 5.3533196 1260179307423
107.566284 -5.2125406 3.9329321 11.185228 -33.71552 1.8451223 1260179307428
106.18797 -2.4519136 5.5862856 11.185228 -33.71552 1.8451223 1260179307443
106.18797 -2.4519136 5.5862856 10.708129 -15.134687 0.54964066 1260179307449
104.92857 0.020682229 7.2569714 10.708129 -15.134687 0.54964066 1260179307629
104.92857 0.020682229 7.2569714 22.133755 -16.451746 11.69175 1260179307637
103.682144 2.1196482 8.9941225 22.133755 -16.451746 11.69175 1260179307646
103.682144 2.1196482 8.9941225 14.537979 -18.957245 9.739917 1260179307650
102.39804 3.5636659 11.094417 14.537979 -18.957245 9.739917 1260179307655
102.39804 3.5636659 11.094417 -2.9283724 -0.5482211 2.291332 1260179307658
99.32814 3.3354826 14.9896965 -2.9283724 -0.5482211 2.291332 1260179307665
99.32814 3.3354826 14.9896965 10.194786 1.9563403 7.254241 1260179307671
98.46173 -3.8312914 14.940211 10.194786 1.9563403 7.254241 1260179307674
98.46173 -3.8312914 14.940211 8.181948 -2.5174325 1.1488767 1260179307684
99.438644 -10.889727 14.143201 8.181948 -2.5174325 1.1488767 1260179307688
99.438644 -10.889727 14.143201 9.690859 -2.5536098 -10.07281 1260179307694
100.366714 -17.745241 13.436041 9.690859 -2.5536098 -10.07281 1260179307696
100.366714 -17.745241 13.436041 7.3248954 2.0888662 -14.223102 1260179307705
101.04838 -24.20798 12.814239 7.3248954 2.0888662 -14.223102 1260179307708
101.04838 -24.20798 12.814239 2.8946412 6.871275 -17.230757 1260179307714
101.74596 -30.34758 12.223527 2.8946412 6.871275 -17.230757 1260179307717
101.74596 -30.34758 12.223527 -2.9675446 8.77717 -22.768688 1260179307723
102.95866 -36.5302 11.462351 -2.9675446 8.77717 -22.768688 1260179307731
102.95866 -36.5302 11.462351 -10.29073 4.9825315 -27.395275 1260179307735
109.360725 -43.45369 10.389234 -10.29073 4.9825315 -27.395275 1260179307745
109.360725 -43.45369 10.389234 -13.337736 -2.2047582 -33.942722 1260179307750
104.59269 -33.231007 8.919772 -13.337736 -2.2047582 -33.942722 1260179307754
104.59269 -33.231007 8.919772 -4.329789 0.0020427704 -23.273098 1260179307757
101.56306 -24.869455 7.2737837 -4.329789 0.0020427704 -23.273098 1260179307765
101.56306 -24.869455 7.2737837 -3.4627466 -23.702894 -11.2253895 1260179307768
99.33491 -17.875982 5.6600943 -3.4627466 -23.702894 -11.2253895 1260179307774
99.33491 -17.875982 5.6600943 -18.698963 -35.889137 1.9283693 1260179307777
97.368164 -14.082183 4.2270894 -18.698963 -35.889137 1.9283693 1260179307790
97.368164 -14.082183 4.2270894 -21.430712 -17.509987 11.053659 1260179307794
95.39976 -11.178074 3.015735 -21.430712 -17.509987 11.053659 1260179307806
95.39976 -11.178074 3.015735 -10.156459 -32.859947 19.633049 1260179307809
93.47977 -8.91917 2.064948 -10.156459 -32.859947 19.633049 1260179307812
93.47977 -8.91917 2.064948 -0.11662483 -13.136993 29.22322 1260179307817
91.70578 -7.023212 1.4617007 -0.11662483 -13.136993 29.22322 1260179307826
91.70578 -7.023212 1.4617007 5.1244407 -5.5683765 22.675838 1260179307834
90.02049 -5.5720515 1.3386157 5.1244407 -5.5683765 22.675838 1260179307837
90.02049 -5.5720515 1.3386157 9.210148 -13.451733 19.019888 1260179307845
88.51947 -4.043449 1.8716849 9.210148 -13.451733 19.019888 1260179307854
88.51947 -4.043449 1.8716849 12.165512 -13.21776 13.432964 1260179307857
87.39349 -2.1412764 3.1781006 12.165512 -13.21776 13.432964 1260179307868
87.39349 -2.1412764 3.1781006 4.205118 2.8271914 11.853835 1260179307872
86.973816 0.11578756 4.5191956 4.205118 2.8271914 11.853835 1260179307883
86.973816 0.11578756 4.5191956 -5.490717 -6.7710085 2.448709 1260179307893
85.675125 1.7599982 6.8432355 -5.490717 -6.7710085 2.448709 1260179307903
85.675125 1.7599982 6.8432355 11.144513 -13.752081 0.90372586 1260179307906
98.34137 3.0219984 9.501074 11.144513 -13.752081 0.90372586 1260179307925
98.34137 3.0219984 9.501074 7.180068 -5.3506784 11.676645 1260179307928
109.8743 4.0708985 12.12602 7.180068 -5.3506784 11.676645 1260179307952
109.8743 4.0708985 12.12602 3.4637036 4.269655 -3.4388041 1260179307958
