238.90892 41.370937 12.921733 1260255963955
237.61348 41.25239 13.575646 1260255963968
235.2828 41.039772 14.146864 1260255963979
232.76866 40.837784 14.889521 1260255963988
228.33023 40.845894 15.395044 1260255963994
223.81372 41.203598 15.775292 1260255964029
218.92303 41.79342 15.986527 1260255964047
213.87688 42.403748 16.0372 1260255964055
208.88303 43.08356 15.985341 1260255964067
204.03888 43.97938 15.836074 1260255964247
199.48694 45.430412 15.49427 1260255964265
195.06259 48.208893 14.869556 1260255964272
190.30946 52.09845 13.976079 1260255964284
184.844 56.693527 12.927275 1260255964292
178.9018 61.65885 11.880911 1260255964303
173.1067 66.67591 10.986865 1260255964312
167.85136 71.542114 10.187522 1260255964323
163.1088 76.21501 9.478146 1260255964330
158.45335 80.70426 8.804238 1260255964342
153.63069 84.96905 8.064027 1260255964351
148.59915 88.9706 7.2608256 1260255964364
143.7192 92.522064 6.247784 1260255964380
139.48323 95.495964 4.985395 1260255964387
135.95908 97.671165 3.4861252 1260255964395
133.01112 98.98761 1.8618189 1260255964409
129.91057 97.08823 0.36872798 1260255964420
126.41504 94.933815 -0.94970846 1260255964431
122.594284 92.58713 -2.1022232 1260255964446
118.51457 90.05777 -3.197112 1260255964454
114.488846 87.404884 -4.2872562 1260255964466
110.7144 84.68464 -5.3228936 1260255964482
107.27868 81.95041 -6.306749 1260255964501
104.31474 79.402885 -7.2914114 1260255964512
102.09901 77.28274 -8.32684 1260255964526
100.69405 75.7686 -9.460499 1260255964544
100.05935 74.88017 -10.587474 1260255964559
100.05638 77.28616 -11.2081 1260255964582
100.55356 80.32185 -11.197696 1260255964600
101.47588 83.80576 -10.787811 1260255964619
103.052086 87.46548 -10.198421 1260255964639
104.89948 91.0922 -9.5385 1260255964659
106.90451 94.58759 -8.861575 1260255964677
108.90929 98.00822 -8.218496 1260255964698
110.61382 101.40781 -7.7075715 1260255964721
110.93313 104.787415 -7.372193 1260255964740
108.386475 108.04804 -7.403583 1260255964759
105.86715 110.79564 -7.883404 1260255964780
104.57379 112.50586 -8.939234 1260255964964
103.6951 113.13057 -10.192272 1260255964979
101.91035 110.42404 -10.932658 1260255964988
98.21483 107.60284 -11.136025 1260255965000
93.35409 104.67269 -10.879224 1260255965009
106.286385 101.73906 -10.335262 1260255965020
118.57207 98.852104 -9.618499 1260255965029
130.49347 96.0595 -8.887574 1260255965040
124.3688 93.306526 -8.243196 1260255965048
119.35036 90.6912 -7.781036 1260255965063
115.83284 88.45664 -7.741984 1260255965075
113.3912 86.53381 -8.804885 1260255965087
107.92164 91.15712 -11.264641 1260255965098
119.575554 77.99926 -13.401409 1260255965105
131.24678 65.3493 -15.581339 1260255965123
125.18444 70.93183 -17.702272 1260255965130
120.22522 75.78524 -19.667158 1260255965144
116.11396 79.99598 -21.3338 1260255965155
112.45826 83.79618 -22.767109 1260255965169
108.93535 87.40637 -24.078754 1260255965182
105.53858 90.98605 -25.074818 1260255965203
102.61166 94.43675 -25.521076 1260255965219
101.931076 97.514915 -25.195023 1260255965239
106.33452 99.38917 -23.685272 1260255965262
113.86779 98.46971 -22.051008 1260255965284
124.1244 96.896225 -20.648458 1260255965298
133.81818 95.15141 -19.466036 1260255965319
142.87727 93.49384 -18.592733 1260255965341
151.1334 91.969154 -17.813097 1260255965359
158.37674 90.7707 -17.172441 1260255965380
162.7079 89.98216 -16.91382 1260255965399
161.7225 90.983055 -17.068129 1260255965417
159.53638 92.7339 -17.564722 1260255965439
156.65956 95.14721 -18.086487 1260255965462
153.37659 97.989845 -18.432163 1260255965480
149.80775 101.04035 -18.510555 1260255965499
146.21736 104.08833 -18.485027 1260255965521
142.60649 107.03392 -18.460775 1260255965538
139.12616 109.83222 -18.437737 1260255965727
135.66985 112.54061 -18.41585 1260255965744
132.28635 115.16358 -18.445057 1260255965751
129.17203 117.555405 -18.622805 1260255965763
126.41343 119.62763 -19.091665 1260255965772
124.042755 121.34625 -19.887081 1260255965783
121.89062 122.72894 -21.042727 1260255965790
119.94608 123.642494 -22.39059 1260255965803
117.79878 119.71037 -23.52106 1260255965812
113.558846 116.02486 -24.145008 1260255965827
125.2309 112.47361 -24.387758 1260255965841
135.46936 109.09993 -24.36837 1260255965852
144.94589 105.894936 -24.149952 1260255965861
153.8486 102.90019 -23.792454 1260255965868
162.20618 100.15518 -23.40283 1260255965881
