102.741905 24.344936 7.808568 1260255599254
103.55481 28.37769 8.168139 1260255599264
104.87707 32.508804 8.559732 1260255599291
106.83321 37.033363 8.981746 1260255599304
109.54155 42.031696 9.432658 1260255599318
112.76447 47.280113 9.811026 1260255599332
116.37625 52.666107 10.070475 1260255599341
120.30744 58.0828 10.216951 1260255599359
124.59207 63.47866 10.306104 1260255599371
129.36247 68.85473 10.290798 1260255599387
134.34435 74.11199 10.176258 1260255599409
138.17712 79.20639 9.867445 1260255599432
134.56827 83.74607 9.074073 1260255599449
131.23985 86.30877 7.4703693 1260255599467
127.87786 85.24333 5.8968506 1260255599491
124.383965 83.98116 4.602008 1260255599507
120.914764 82.532104 3.5719075 1260255599527
117.56902 80.9555 2.6933122 1260255599547
114.39057 79.307724 1.9086465 1260255599567
111.37104 77.642334 1.1632141 1260255599589
108.602486 76.16022 0.45505336 1260255599607
106.17236 75.002205 -0.21769935 1260255599627
104.16374 74.452095 -0.9068144 1260255599647
103.05556 75.87949 -1.4614737 1260255599823
103.35278 78.73552 -1.5884 1260255599838
105.68514 82.798744 -1.30898 1260255599852
111.90089 87.30881 -0.84353095 1260255599859
120.95584 91.84337 -0.3013544 1260255599871
130.60805 78.2512 0.26371333 1260255599879
139.62764 65.33864 0.8005277 1260255599890
147.34625 70.97171 1.2605013 1260255599899
152.92894 76.22312 1.5974762 1260255599905
155.4825 80.96197 1.8176024 1260255599919
154.80838 84.66387 1.8267223 1260255599935
152.31796 86.08068 1.5353862 1260255599943
148.30206 85.826645 1.2086169 1260255599953
143.78696 84.98531 0.998186 1260255599963
139.14761 83.836044 0.8982767 1260255599980
134.59023 82.444244 0.9033629 1260255599989
130.31071 81.02203 0.95819473 1260255599999
126.34518 79.67093 1.060285 1260255600045
122.92792 78.58738 1.1572707 1260255600088
120.33152 78.15801 1.0494071 1260255600119
118.21494 79.70011 0.09693673 1260255600144
113.95419 83.31511 -1.8079101 1260255600153
126.15649 87.49935 -4.0175147 1260255600164
136.74866 91.82439 -6.4166393 1260255600171
146.56122 96.13317 -8.895807 1260255600189
155.88316 100.22652 -11.401017 1260255600200
165.039 103.96519 -13.630966 1260255600211
174.03705 107.316925 -15.349418 1260255600225
165.6352 110.20108 -16.331947 1260255600239
160.85344 112.49103 -16.31535 1260255600260
160.26077 113.66647 -15.199582 1260255600283
158.89774 113.63315 -13.839603 1260255600299
154.60284 113.101494 -12.547624 1260255600318
149.2227 111.396416 -11.420242 1260255600342
143.66156 109.776596 -10.44923 1260255600357
138.12848 108.08777 -9.526769 1260255600379
132.97206 106.53338 -8.70043 1260255600399
128.87346 105.30671 -8.065409 1260255600423
126.42979 104.791374 -7.6621385 1260255600605
125.6083 105.25181 -7.5290318 1260255600634
125.027885 106.539215 -7.5525804 1260255600664
124.77649 108.61225 -7.5249515 1260255600715
124.53767 111.08164 -7.398704 1260255600759
124.36079 113.77756 -7.1787686 1260255600807
124.69275 116.58868 -6.86983 1260255600839
125.35811 119.40924 -6.576339 1260255600849
125.3402 122.088776 -6.2975216 1260255600861
124.07319 124.584335 -6.1826453 1260255600872
122.41953 126.65512 -6.273513 1260255600881
120.99856 128.12236 -6.5598373 1260255600889
119.49863 128.46625 -7.1318455 1260255600894
117.32369 127.742935 -7.725253 1260255600903
114.357506 124.95579 -8.188991 1260255600910
110.98963 122.158 -8.479541 1260255600919
107.49015 119.3501 -8.655563 1260255600924
104.01564 116.63259 -8.672785 1260255600931
100.71486 114.050964 -8.639146 1260255600940
97.62911 111.69842 -8.557189 1260255600946
