295.36273 29.807438 29.999952 1260261320795
281.3446 28.917067 30.899954 1260261320807
269.42737 28.171213 31.254955 1260261320814
259.056 27.612652 31.092207 1260261320828
249.7532 27.33202 30.387596 1260261320835
241.21555 27.265419 29.318216 1260261320868
233.25476 27.302149 27.952305 1260261320885
225.79202 27.687042 26.204689 1260261320892
217.85242 29.05269 23.344454 1260261320907
206.9598 34.900055 19.977232 1260261320915
210.6118 41.905052 17.47837 1260261320932
210.93121 31.1598 15.654452 1260261320945
208.23465 21.35181 14.271729 1260261320956
204.02292 12.134219 13.258143 1260261320969
198.92177 3.4275079 12.445236 1260261320988
193.12569 -4.893868 11.822974 1260261321004
186.1694 -13.249175 11.331825 1260261321026
182.01093 -4.836716 11.115234 1260261321047
177.31038 0.65511966 11.159472 1260261321063
172.64487 3.9223635 11.051498 1260261321083
168.36263 6.3262453 10.848924 1260261321106
164.3945 8.009933 10.606478 1260261321128
160.87477 8.659437 10.126154 1260261321143
157.98103 7.726465 9.319846 1260261321165
155.88199 5.090142 8.053854 1260261321187
154.33789 1.4856346 6.751161 1260261321204
153.371 -4.1386476 5.513603 1260261321226
154.25246 -11.231715 4.087923 1260261321247
150.28984 -4.120129 4.2335267 1260261321268
145.92535 1.7858776 4.8218503 1260261321283
141.4291 7.2965837 5.4807577 1260261321304
137.20764 12.931754 6.35672 1260261321327
133.59726 18.835167 7.288884 1260261321511
131.8674 25.29341 8.02444 1260261321527
134.72403 32.27874 8.323217 1260261321537
140.63783 39.514805 8.257056 1260261321548
138.55594 28.789064 7.894203 1260261321557
139.17815 18.79961 7.349493 1260261321568
140.51924 9.459629 6.6820183 1260261321577
142.64328 0.6366472 5.7979174 1260261321588
146.86111 -7.895185 4.4580216 1260261321595
155.11806 0.8495746 1.4351206 1260261321608
149.41216 2.9070961 -0.6366354 1260261321625
144.84155 4.9117413 -1.7048037 1260261321632
140.69948 6.6661544 -2.2695634 1260261321640
136.76451 8.332847 -2.5060852 1260261321652
132.87628 10.016205 -2.580781 1260261321666
129.88246 13.165395 -1.6517419 1260261321677
134.68834 20.907125 -0.61915475 1260261321689
143.10393 10.861769 0.211803 1260261321700
152.94873 1.5186801 0.9012129 1260261321714
163.0513 -7.307254 1.4061522 1260261321729
155.59874 -15.691891 1.6358446 1260261321743
149.1188 -6.7072964 0.9040523 1260261321766
143.91286 -4.1719313 -0.49115032 1260261321788
139.36722 -2.4133346 -1.3165928 1260261321803
135.09886 -0.94266784 -1.9007632 1260261321824
130.94392 0.9044656 -2.155725 1260261321845
134.34673 8.509242 -0.8479387 1260261321864
142.17938 16.83378 0.3444582 1260261321884
149.57042 24.542091 1.8272353 1260261321905
144.64189 30.064987 3.8358736 1260261321928
139.6098 31.211739 5.04408 1260261321944
134.57932 32.30115 5.691876 1260261321966
129.70035 33.486095 6.107282 1260261321986
125.01533 34.86179 6.551918 1260261322008
120.86456 36.618702 7.024322 1260261322023
118.27133 40.33777 7.573106 1260261322044
120.25777 44.92088 8.044451 1260261322067
123.44488 50.224834 8.292229 1260261322084
126.77264 55.813595 8.377617 1260261322274
130.134 61.422916 8.308736 1260261322285
133.2773 66.90177 8.193299 1260261322291
135.36343 72.156685 7.9836345 1260261322308
134.64526 77.04885 7.5844526 1260261322318
132.013 81.49641 7.00523 1260261322331
129.06235 85.37159 6.3049684 1260261322337
126.55923 88.55301 5.68972 1260261322347
125.48126 90.77536 5.6552343 1260261322354
124.4572 91.88659 6.5224724 1260261322359
122.38434 89.89226 7.246349 1260261322372
120.21512 87.647644 7.6340313 1260261322379
