76.88605 14.741428 11.291297 1260179619795
73.69174 15.704357 12.176732 1260179619808
70.15716 16.91914 13.267896 1260179619843
83.7493 18.373182 14.304501 1260179619854
88.61183 20.154524 15.189276 1260179619866
92.43124 22.196798 15.779812 1260179619877
94.85967 24.38696 16.140821 1260179619892
95.46669 26.817612 16.033781 1260179619909
94.79336 29.22673 15.482092 1260179619924
93.45369 31.315393 14.357987 1260179619944
91.631004 32.699623 12.740088 1260179619961
89.49945 33.664642 10.953084 1260179619982
87.274475 34.38141 9.055429 1260179620012
85.01075 34.91234 7.102658 1260179620021
82.81021 35.51672 5.097525 1260179620041
80.9197 36.340885 3.1426487 1260179620062
79.67371 37.473843 1.4355162 1260179620081
79.99003 41.30015 0.3637404 1260179620102
82.890526 45.035145 0.045553382 1260179620131
87.846 48.933388 0.24327572 1260179620155
93.7037 52.78672 0.68111193 1260179620328
100.01851 56.447384 1.2470564 1260179620339
106.21758 59.775013 1.7847036 1260179620348
112.2067 62.686264 2.2954686 1260179620360
117.946365 65.10195 2.680695 1260179620369
123.39905 66.94685 2.8966603 1260179620381
119.67909 68.19951 2.8018272 1260179620387
115.59514 68.58953 2.261736 1260179620398
111.21538 67.91006 1.1986492 1260179620409
106.65461 66.26456 -0.26128328 1260179620426
102.22188 64.15133 -1.7482191 1260179620435
97.960785 62.09376 -3.1108081 1260179620443
93.86275 60.239075 -4.455268 1260179620454
90.01961 58.62712 -5.8325047 1260179620465
86.418625 57.395763 -7.3908796 1260179620479
83.54769 56.775974 -9.021336 1260179620488
82.320305 60.087177 -10.170269 1260179620501
83.25429 63.082817 -10.661756 1260179620520
86.04157 66.02868 -10.678668 1260179620532
90.08949 68.87724 -10.444735 1260179620556
94.735016 71.633385 -10.122498 1260179620573
99.54826 74.20171 -9.816373 1260179620596
104.37085 76.49163 -9.525555 1260179620615
109.60231 78.31705 -9.249277 1260179620633
115.37219 79.701195 -9.136813 1260179620654
124.55358 80.66614 -9.079972 1260179620673
135.8259 80.38283 -9.275973 1260179620696
129.3346 79.463684 -9.712174 1260179620721
