26.182476 18.498735 20.11407 1260261260079
26.823353 18.773798 20.108368 1260261260085
27.332186 19.435108 20.40295 1260261260101
26.365576 20.213352 21.232803 1260261260114
38.397297 21.102684 22.771164 1260261260123
50.727432 27.69755 24.682606 1260261260137
63.64106 34.512672 26.948475 1260261260145
76.75901 41.287037 29.451052 1260261260157
90.17106 39.672684 31.978498 1260261260164
86.56251 38.43905 33.179573 1260261260177
84.33438 37.667095 32.570595 1260261260190
82.41766 37.03374 30.942064 1260261260229
80.54678 36.432053 28.74496 1260261260239
78.66944 35.91045 26.157713 1260261260251
76.73597 35.564926 23.199827 1260261260260
74.599174 35.38668 19.839836 1260261260275
72.26922 35.267345 16.247845 1260261260527
69.70576 35.103977 12.585452 1260261260562
67.12047 40.74878 9.106179 1260261260643
64.914444 46.26134 6.45087 1260261260649
64.01872 51.598274 4.6783266 1260261260666
65.46779 56.81836 3.6944103 1260261260677
66.8444 54.67744 1.5596898 1260261260685
64.25218 52.543568 -0.46829477 1260261260702
61.389572 50.66639 -2.69488 1260261260717
58.970093 50.08307 -5.110136 1260261260726
61.17159 54.578915 -5.5546293 1260261260737
68.36301 59.24997 -5.026898 1260261260748
77.49486 63.987473 -4.175553 1260261260756
85.77012 68.4881 -3.4167752 1260261260766
91.48161 72.71369 -3.0459363 1260261260782
91.60754 76.378006 -3.6436396 1260261260796
87.87716 79.559105 -5.9114575 1260261260805
83.8833 76.73115 -8.015884 1260261260817
80.339134 73.69459 -9.46509 1260261260824
77.12218 70.65986 -10.491836 1260261260839
73.91607 68.37687 -11.617244 1260261260845
74.22027 71.20802 -11.686381 1260261260852
79.85925 74.99762 -10.802062 1260261260866
86.81629 78.94774 -9.761959 1260261260884
93.675476 82.75035 -8.773861 1260261260899
99.4417 86.26283 -7.935168 1260261260905
102.769615 89.39969 -7.4384093 1260261260916
105.381134 92.12971 -6.966489 1260261260937
106.712074 94.273224 -6.4181643 1260261260997
105.12647 95.40956 -5.7472563 1260261261004
103.02015 95.98908 -5.1098933 1260261261030
100.069145 94.639626 -4.6543984 1260261261036
97.265686 91.05765 -4.6716785 1260261261045
94.7024 86.204765 -5.4380946 1260261261161
107.31728 81.39452 -7.4161897 1260261261167
118.00142 78.0748 -10.69538 1260261261240
128.95135 80.97106 -12.410611 1260261261246
139.30379 83.122505 -13.34008 1260261261256
148.9386 84.91638 -13.923077 1260261261626
157.94167 86.67056 -14.376923 1260261261651
166.54459 88.78703 -14.908076 1260261261669
164.46736 91.39768 -15.212672 1260261261948
163.844 94.1278 -15.102038 1260261261954
163.2018 96.87141 -14.846936 1260261261960
162.5917 99.27784 -14.70459 1260261261978
157.21211 100.96395 -14.569361 1260261261994
149.80151 101.91576 -14.290893 1260261262005
142.61143 102.41997 -13.926348 1260261262014
136.28087 102.89897 -13.630031 1260261262031
130.71683 103.204025 -13.348529 1260261262040
125.28098 101.99382 -13.231102 1260261262053
120.01694 98.79413 -12.919547 1260261262065
118.16609 91.85442 -12.42357 1260261262074
128.65779 87.2117 -14.602391 1260261262085
123.924904 88.80112 -14.022272 1260261262095
118.778656 89.911064 -13.721158 1260261262106
113.53973 90.96551 -13.7351 1260261262113
108.51274 92.21723 -14.048345 1260261262129
120.98711 95.15637 -14.995928 1260261262138
126.43775 81.948555 -14.946132 1260261262148
126.11587 69.90113 -13.948825 1260261262154
131.61008 75.00607 -12.701384 1260261262165
128.47957 78.20577 -11.816315 1260261262172
124.35559 80.54549 -11.325499 1260261262178
120.28781 82.36821 -11.109223 1260261262188
116.27342 84.0998 -11.253762 1260261262195
112.00975 86.04481 -11.991075 1260261262206
107.40926 88.442566 -13.541521 1260261262213
106.4388 84.220436 -15.014445 1260261262219
105.96686 78.759415 -14.213723 1260261262235
105.368515 73.871445 -12.303037 1260261262243
105.00009 69.52787 -9.887885 1260261262249
104.45009 65.00148 -6.943491 1260261262259
103.227585 60.351406 -3.6963162 1260261262268
100.6162 55.983837 -0.36150032 1260261262276
112.835396 45.184647 3.1565747 1260261262286
