303.61307 -134.89064 23.404097 1260261159147
301.2824 -134.74611 23.783892 1260261159154
297.51828 -134.3088 24.144697 1260261159165
291.69235 -133.59337 24.437462 1260261159174
285.10773 -129.9637 24.36559 1260261159208
278.50235 -126.11552 23.64731 1260261159219
272.22723 -121.909744 22.264944 1260261159231
266.41586 -117.41425 20.401697 1260261159239
261.04507 -112.94354 18.131613 1260261159254
256.24283 -108.59637 15.225032 1260261159267
252.13069 -104.31655 11.36378 1260261159276
248.62416 -107.20072 7.495591 1260261159289
245.39296 -110.140686 4.4208117 1260261159308
242.1233 -112.933655 1.8497709 1260261159323
238.71715 -115.53697 -0.3427178 1260261159345
234.9813 -117.910126 -2.225582 1260261159363
230.83223 -120.06462 -3.814303 1260261159390
226.19061 -122.061386 -5.1235876 1260261159403
220.78108 -123.90832 -6.1174083 1260261159427
214.24203 -125.4629 -6.761538 1260261159447
206.32993 -126.83975 -7.0234613 1260261159463
197.26343 -127.94776 -6.972288 1260261159640
204.25026 -128.85037 -6.4236736 1260261159651
207.63774 -129.85785 -5.15249 1260261159663
208.25586 -131.11496 -2.9948657 1260261159672
206.84306 -133.00922 0.10487767 1260261159684
204.3009 -117.458755 4.399634 1260261159693
201.38586 -111.185814 7.379652 1260261159704
198.56657 -105.27652 9.060669 1260261159713
195.98825 -99.86269 9.807635 1260261159729
193.68884 -94.96956 9.817253 1260261159751
191.6544 -90.77108 9.02639 1260261159812
189.97168 -87.73253 7.1250706 1260261159871
188.1231 -85.645905 4.618817 1260261159898
185.76694 -87.96361 2.5878758 1260261160066
182.7786 -90.31543 1.008482 1260261160072
179.23967 -92.69966 -0.1919421 1260261160078
175.12769 -95.064674 -1.132345 1260261160107
170.5713 -97.36144 -1.8257277 1260261160120
165.59274 -99.64337 -2.3344414 1260261160147
160.06311 -101.861206 -2.6177194 1260261160157
153.75995 -104.01814 -2.6868334 1260261160183
146.37195 -106.11723 -2.4024918 1260261160198
155.55334 -108.31137 -1.7323672 1260261160208
162.67567 -110.5458 -0.6457488 1260261160226
167.2419 -112.86851 1.1865387 1260261160245
169.92981 -115.17508 3.9272118 1260261160260
169.73332 -110.116325 6.430851 1260261160269
169.14665 -105.41051 7.9593086 1260261160288
168.33932 -101.139984 8.861343 1260261160306
167.42236 -97.23299 9.268276 1260261160313
166.45125 -93.47134 9.254863 1260261160318
165.3787 -90.04777 8.842119 1260261160328
164.20976 -87.09538 8.150013 1260261160335
162.94928 -84.740616 7.6425123 1260261160344
161.15181 -83.40359 7.2603865 1260261160351
158.39423 -82.93341 7.297367 1260261160358
153.42451 -84.08674 7.7324986 1260261160367
146.65329 -85.6324 8.345874 1260261160373
156.62062 -87.55078 9.17858 1260261160518
164.7896 -89.77324 10.219651 1260261160528
171.65012 -92.23458 11.358668 1260261160535
177.51761 -94.82285 12.590735 1260261160544
182.79173 -97.43171 13.811198 1260261160553
187.55214 -100.06013 15.020638 1260261160560
191.72453 -102.65712 16.169607 1260261160569
195.3883 -105.17426 17.311127 1260261160576
198.6189 -107.66555 18.39557 1260261160585
201.88795 -109.98227 19.425793 1260261160591
205.29356 -112.133156 20.404503 1260261160597
209.02888 -114.126495 21.234278 1260261160607
213.12744 -115.97017 21.972565 1260261160614
217.42107 -117.57166 22.623936 1260261160619
221.85 -119.04308 23.19274 1260261160629
226.10751 -120.39093 23.683102 1260261160635
230.15215 -121.72138 24.198946 1260261160645
233.59454 -123.03532 24.689 1260261160653
236.61482 -124.38355 25.20455 1260261160659
239.58408 -125.76437 25.644321 1260261160667
242.80487 -127.02615 26.012106 1260261160674
245.76463 -128.27484 26.3615 1260261160680
248.4264 -129.5111 26.693424 1260261160689
250.7051 -130.68553 27.108753 1260261160703
252.41985 -131.90126 27.553316 1260261160724
253.99886 -133.0562 27.97565 1260261160743
255.29892 -134.20338 28.37687 1260261160783
256.48398 -135.34322 28.758026 1260261160803
257.80978 -136.37605 29.120125 1260261160824
259.2693 -137.35725 29.414118 1260261160844
260.60583 -138.2894 29.743412 1260261160863
261.82553 -139.12492 30.056242 1260261160887
262.93427 -139.96867 30.35343 1260261160906
263.83755 -140.77023 30.635757 1260261160923
264.7957 -141.48172 30.85397 1260261160943
265.7559 -142.10764 31.061272 1260261160983
266.7181 -142.70226 31.258207 1260261161003
267.8322 -143.21715 31.445297 1260261161133
269.1406 -143.6563 31.573032 1260261161139
270.33356 -144.07349 31.64438 1260261161147
271.41687 -144.46982 31.712162 1260261161154
272.39603 -144.84633 31.776554 1260261161167
273.42624 -145.20401 31.837727 1260261161174
274.35492 -145.54381 31.89584 1260261161183
275.33716 -145.86662 31.951048 1260261161188
276.3703 -146.1733 32.003494 1260261161195
277.10178 -146.46463 32.10332 1260261161204
277.6967 -146.7914 32.198154 1260261161222
278.11185 -147.05183 32.288246 1260261161243
278.60626 -147.29924 32.373833 1260261161263
279.07596 -147.48428 32.455143 1260261161283
279.42215 -147.61006 32.532387 1260261161303
279.80106 -147.72955 32.605766 1260261161323
280.01102 -147.79308 32.67548 1260261161343
280.41046 -147.80342 32.691708 1260261161363
280.93994 -147.76324 32.657124 1260261161383
281.74295 -147.67508 32.57427 1260261161404
282.7058 -147.54132 32.495556 1260261161423
283.57053 -147.41426 32.370777 1260261161444
284.542 -147.24355 32.20224 1260261161463
285.2649 -147.08138 32.04213 1260261161483
286.15164 -146.8773 31.840023 1260261161504
287.14407 -146.68344 31.648022 1260261161523
288.33688 -146.49927 31.41562 1260261161543
289.82004 -146.2743 31.09484 1260261161564
291.27902 -146.01059 30.790096 1260261161583
293.06506 -145.71005 30.40059 1260261161604
294.8118 -145.42455 29.980562 1260261161623
296.5212 -145.15332 29.531534 1260261161644
298.24515 -144.84566 29.104958 1260261161664
299.9329 -144.45337 28.64971 1260261161684
301.73624 -143.9807 28.167225 1260261161703
304.24942 -143.43166 27.558863 1260261161731
289.13696 -142.86008 26.83092 1260261161748
292.5801 -142.26707 26.089373 1260261161764
