216.87999 -3.772698 32.01155 1260261305706
207.486 -3.684063 31.960974 1260261305715
198.9117 -3.7998598 31.812925 1260261305726
191.01611 -4.3598666 31.622278 1260261305735
183.66531 -5.591873 31.441164 1260261305771
176.88205 -8.0122795 31.369106 1260261305784
172.13794 -14.811666 30.300652 1260261305793
168.38104 -22.071083 28.985619 1260261305807
165.21199 -29.167528 27.686338 1260261305818
163.3514 -35.909153 26.302021 1260261305830
164.63382 -42.413696 24.58692 1260261305844
173.25214 -31.743011 21.407574 1260261305855
165.53954 -28.105862 17.887196 1260261305868
158.46255 -24.100569 15.542836 1260261305887
151.53943 -20.095541 13.865694 1260261305903
144.76245 -15.990764 12.772409 1260261305923
138.22433 -11.541225 11.9837885 1260261305945
132.31311 -6.1141644 11.434599 1260261305968
136.34746 0.44154388 11.312869 1260261305984
140.68008 7.5694666 11.347225 1260261306004
145.49608 14.940993 11.429864 1260261306026
149.77127 22.143944 11.358371 1260261306044
151.43271 29.136747 10.890452 1260261306068
145.51108 36.22991 9.34593 1260261306084
155.73552 34.518417 4.5786333 1260261306108
165.59874 32.742496 1.7997017 1260261306123
174.8688 31.255371 -0.39028352 1260261306144
183.52536 30.592602 -2.4707694 1260261306168
191.59909 31.112972 -4.247231 1260261306185
198.81914 32.607323 -5.4348693 1260261306204
204.52818 36.626957 -6.2131257 1260261306223
208.30177 40.49561 -6.6024694 1260261306251
210.53668 44.42083 -6.772346 1260261306444
211.45985 48.649788 -6.733729 1260261306454
212.08687 53.0173 -6.5470424 1260261306465
212.43253 57.366436 -6.26969 1260261306476
212.2109 61.598114 -6.0562057 1260261306488
210.95036 65.61821 -6.0533953 1260261306495
207.95285 69.4873 -6.4007254 1260261306508
202.5052 73.312935 -7.330689 1260261306516
195.02994 77.19729 -8.914155 1260261306527
186.27844 81.18742 -11.1684475 1260261306538
177.16452 85.32805 -14.260025 1260261306554
168.75629 81.86165 -16.647024 1260261306564
161.06847 78.818565 -18.114674 1260261306573
153.91504 76.12764 -19.10894 1260261306584
147.01929 73.82126 -20.003492 1260261306593
140.41832 71.980194 -20.953318 1260261306607
134.1974 70.53118 -22.005651 1260261306619
128.68753 73.55462 -22.905369 1260261306631
125.85316 76.626884 -22.9601 1260261306649
126.5105 80.09554 -22.162096 1260261306658
129.78497 83.940765 -20.903992 1260261306672
134.89572 87.84373 -19.458792 1260261306688
139.60094 91.50154 -18.085852 1260261306705
141.77089 95.02647 -17.13156 1260261306724
138.73235 97.92514 -17.27498 1260261306746
132.49573 95.32888 -18.61123 1260261306765
126.07094 92.762436 -19.28067 1260261306783
119.96739 90.274315 -19.516636 1260261306804
114.219025 88.0106 -19.490805 1260261306823
108.75807 86.11007 -19.316265 1260261306846
103.72017 84.70457 -19.250452 1260261306863
99.73416 84.069336 -19.18793 1260261306886
103.89745 86.31587 -18.278532 1260261306903
109.852585 89.15008 -16.914606 1260261306927
116.45995 92.19257 -15.418876 1260261306944
123.136955 95.182945 -13.947932 1260261306963
128.0301 97.4738 -12.800535 1260261306985
130.0786 98.80011 -12.310509 1260261307004
124.774666 97.210106 -12.794983 1260261307198
118.88593 94.3496 -13.605234 1260261307216
113.09164 90.93212 -14.524973 1260261307227
125.287056 87.13551 -15.798724 1260261307234
136.2227 83.02874 -17.808788 1260261307248
146.16156 79.027306 -20.81835 1260261307255
155.65349 83.67594 -23.877432 1260261307267
165.52081 87.49214 -25.83356 1260261307276
168.29477 90.11753 -26.641884 1260261307289
171.73003 91.91165 -26.609789 1260261307297
175.44353 93.41607 -26.0793 1260261307312
179.17136 94.64526 -25.475334 1260261307328
182.66278 95.713 -24.951567 1260261307335
185.87964 96.677345 -24.503988 1260261307346
188.33566 97.74348 -24.42879 1260261307355
189.21889 99.20631 -24.60735 1260261307369
187.85794 101.14599 -24.876982 1260261307384
184.86504 103.63869 -25.033133 1260261307394
181.17178 106.556755 -24.831476 1260261307413
176.6632 109.47892 -24.739902 1260261307425
170.13004 112.45497 -25.202908 1260261307436
162.22353 115.33222 -26.642763 1260261307449
171.31235 117.86561 -29.060625 1260261307464
179.69673 113.07233 -30.807594 1260261307483
187.6619 108.86871 -31.767214 1260261307507
195.3788 105.025276 -32.178852 1260261307524
202.90987 101.624016 -32.31991 1260261307544
210.11438 98.34281 -32.15391 1260261307565
216.90866 95.32567 -31.696217 1260261307585
223.26323 92.70939 -31.161406 1260261307604
229.00006 90.52392 -30.703335 1260261307623
229.80006 88.89772 -30.118168 1260261307647
228.26006 87.85284 -29.26226 1260261307665
