213.38379 2.4418886 55.45147 1260255974235
213.8146 1.8197942 56.328896 1260255974247
213.52388 1.3788044 57.06245 1260255974259
212.34769 1.3098642 57.559326 1260255974268
210.4303 1.344371 57.63136 1260255974279
207.70879 1.8271524 57.04979 1260255974288
204.92334 2.5857947 56.3473 1260255974294
202.12717 3.456505 55.579937 1260255974305
199.57082 4.3336797 55.20094 1260255974314
197.89227 4.7169957 55.840893 1260255974325
198.84766 -4.0688543 56.798847 1260255974334
202.85527 -11.715411 56.058907 1260255974346
208.26251 -19.02964 54.40596 1260255974353
215.0494 -25.928158 52.335663 1260255974390
204.34692 -32.43175 50.16888 1260255974404
194.67958 -38.560165 48.010437 1260255974413
185.54561 -44.332157 45.959915 1260255974426
176.71832 -49.86555 44.06192 1260255974433
185.28241 -55.372272 42.408825 1260255974443
182.2683 -44.75366 41.038383 1260255974452
179.55489 -39.365974 38.986465 1260255974465
177.17714 -34.947674 36.787144 1260255974474
174.91829 -31.15029 34.597786 1260255974488
172.77237 -27.892775 32.517895 1260255974500
170.63374 -25.198135 30.542 1260255974509
168.55206 -22.938229 28.7149 1260255974522
166.62447 -20.691317 26.879154 1260255974532
159.84325 -28.506752 25.585196 1260255974550
152.80109 -35.281414 24.505936 1260255974561
145.31104 -41.367344 23.730639 1260255974572
155.94548 -46.94898 23.144106 1260255974591
165.5482 -52.00153 22.8869 1260255974604
173.62079 -56.901455 23.092554 1260255974619
176.63976 -62.956383 24.687927 1260255974642
175.00777 -57.65856 25.35353 1260255974823
172.90738 -52.575634 24.935854 1260255974833
170.86201 -47.89685 24.189062 1260255974844
168.91891 -43.85201 23.27961 1260255974853
167.02296 -40.55941 22.06563 1260255974868
164.97182 -38.78144 20.112349 1260255974882
161.57323 -40.14237 18.006731 1260255974891
157.24457 -43.58525 16.606394 1260255974905
152.38234 -47.25599 15.726074 1260255974914
146.16322 -51.29319 15.6397705 1260255974932
152.65506 -57.02853 17.657782 1260255974951
153.07231 -52.427105 19.474892 1260255974965
152.3687 -47.555748 20.451147 1260255974973
151.45026 -42.77796 21.12859 1260255974984
150.57774 -38.339066 21.87216 1260255974995
149.79886 -34.17211 22.828552 1260255975011
149.80891 -25.363506 24.187124 1260255975022
152.71848 -15.495331 24.727768 1260255975031
158.93256 -23.320564 24.741379 1260255975044
166.98593 -30.304537 24.55431 1260255975062
175.48663 -36.63931 24.376595 1260255975074
183.9623 -42.507343 24.207766 1260255975090
191.96419 -48.081978 24.147377 1260255975102
197.41599 -53.97788 24.290009 1260255975120
194.59518 -48.678986 24.875507 1260255975143
190.91542 -43.895035 24.131731 1260255975158
187.36964 -39.600285 23.275145 1260255975181
184.10117 -35.82027 22.711388 1260255975203
181.29611 -32.329258 22.525818 1260255975219
