277.39844 -5.629784 66.43222 1260261104505
265.82852 -6.0982947 66.26061 1260261104518
255.68709 -6.49338 66.047585 1260261104527
246.35274 -6.868711 65.99521 1260261104539
237.5851 -7.4252753 65.995445 1260261104568
227.70584 -14.804011 65.895676 1260261104585
233.97055 -21.763811 64.70089 1260261104596
240.22203 -28.775621 62.365845 1260261104603
229.61093 -35.78684 59.49755 1260261104618
220.03038 -42.497498 56.672672 1260261104626
210.72887 -48.872623 53.98904 1260261104643
201.54242 -54.928993 51.48959 1260261104655
192.81529 -60.782543 49.06511 1260261104672
188.17453 -66.54342 46.511852 1260261104693
192.31581 -54.36625 43.586258 1260261104717
197.65002 -43.547935 39.406944 1260261104734
190.26752 -40.070538 34.2866 1260261104754
185.60414 -37.31701 30.272268 1260261104775
181.12393 -35.10116 27.108654 1260261104793
176.76773 -33.3461 24.353222 1260261104816
172.57935 -31.928795 21.78556 1260261104834
168.35037 -30.282354 18.996283 1260261104853
163.08286 -27.768236 15.796469 1260261104874
155.67871 -19.579824 13.006645 1260261104896
150.29477 -11.100833 11.806313 1260261104918
148.13004 -2.3957908 11.315997 1260261104932
149.52353 6.1739984 11.100197 1260261104952
153.79735 14.465299 11.045187 1260261104972
161.55748 22.442034 11.042928 1260261104992
153.87961 30.119932 11.090781 1260261105012
147.53563 37.513935 11.136242 1260261105031
142.40884 44.588238 11.12943 1260261105058
138.1884 51.308826 11.122958 1260261105246
134.17899 57.693386 11.066811 1260261105265
130.47003 63.65872 10.91347 1260261105276
130.14653 69.17578 10.617797 1260261105283
126.0892 74.216995 10.036907 1260261105294
137.48474 78.806145 8.985062 1260261105303
146.9105 82.91584 7.2858086 1260261105315
155.36497 86.570045 4.621518 1260261105324
164.14673 89.89154 1.2404422 1260261105335
158.83939 86.49696 -1.6215799 1260261105341
155.34741 82.92211 -3.690501 1260261105362
152.53004 78.87601 -5.205976 1260261105373
150.30354 73.63221 -6.0956774 1260261105382
148.13837 66.1006 -6.1408935 1260261105393
144.88145 56.94557 -5.3838487 1260261105399
140.18738 47.248295 -4.164656 1260261105417
134.128 37.48588 -2.6564233 1260261105424
144.4716 27.811588 -0.82360214 1260261105437
152.34802 18.321009 1.3175781 1260261105446
157.83063 8.954958 3.9016993 1260261105468
160.4391 -0.39279053 7.006614 1260261105486
161.51715 8.22685 10.356283 1260261105498
160.49129 8.615507 13.438469 1260261105514
159.01672 8.984732 15.8165455 1260261105533
157.26588 8.935495 17.775719 1260261105556
155.0526 8.3887205 19.186934 1260261105573
