89.033066 15.848421 1.6616336 1260255541125
90.18141 19.206 1.8285519 1260255541161
91.72234 23.6957 1.8371243 1260255541176
93.83623 29.260914 1.9452682 1260255541190
96.89442 35.34787 2.2480047 1260255541201
100.749695 41.480476 2.6356044 1260255541213
105.96221 47.70645 3.1038241 1260255541234
111.7641 53.77113 3.5486329 1260255541250
118.525894 59.782574 3.9212012 1260255541269
127.4996 65.74345 4.225141 1260255541291
138.67462 53.556274 4.313884 1260255541309
134.5409 59.32846 3.6981895 1260255541329
130.61385 62.462036 1.91328 1260255541347
126.733154 61.888935 0.41761604 1260255541373
122.9965 61.14449 -0.8032648 1260255541387
119.396675 60.337265 -1.8131016 1260255541407
115.87684 59.420403 -2.7224467 1260255541427
112.583 58.499382 -3.5363243 1260255541447
109.50385 57.574413 -4.259508 1260255541467
106.67866 56.795692 -5.0465326 1260255541487
104.14472 56.405907 -5.9442058 1260255541514
102.23749 56.885612 -6.8469954 1260255541527
101.72562 60.791332 -7.0546455 1260255541555
103.58933 65.75176 -6.6019135 1260255541735
109.15987 71.014175 -5.8718176 1260255541752
117.20187 76.263466 -4.9782267 1260255541759
126.29178 81.350296 -4.079315 1260255541771
135.17719 86.23278 -3.2753494 1260255541780
142.16832 90.77114 -2.6115818 1260255541791
144.7599 94.782585 -2.2310028 1260255541800
143.77191 97.743454 -2.2194526 1260255541810
141.53331 98.75628 -2.50848 1260255541817
138.15665 97.96847 -2.733056 1260255541830
134.09882 96.670044 -2.6964033 1260255541841
129.69388 94.98654 -2.511583 1260255541852
125.40919 93.08721 -2.186004 1260255541860
121.33873 91.03285 -1.7767037 1260255541871
117.621796 88.931206 -1.3878685 1260255541882
114.24071 86.784645 -0.9684751 1260255541896
111.328674 84.84541 -0.67005134 1260255541905
108.76224 83.25314 -0.93654877 1260255541919
105.524124 81.04049 -3.3897214 1260255541938
100.447914 85.43846 -6.7202353 1260255541949
112.87552 89.916534 -9.734223 1260255541969
124.98174 93.92071 -12.297512 1260255541989
118.932655 97.424675 -14.532637 1260255542011
113.48602 100.60344 -16.356005 1260255542030
108.66172 103.52327 -17.688204 1260255542049
105.078636 106.09711 -18.403793 1260255542071
103.4747 108.19225 -18.433603 1260255542089
104.800964 109.33264 -17.561924 1260255542112
106.360916 109.41601 -16.183828 1260255542129
104.39287 107.84521 -14.774637 1260255542152
100.72322 106.15295 -13.435905 1260255542169
96.83706 104.3953 -12.264111 1260255542187
92.99521 102.525536 -11.200905 1260255542213
89.34545 100.69926 -10.19086 1260255542228
86.12818 99.114296 -9.281317 1260255542251
83.87177 98.10858 -8.567251 1260255542268
84.328186 98.25315 -8.188889 1260255542295
85.91177 99.84049 -8.179444 1260255542307
87.01618 102.54847 -8.220472 1260255542494
86.915375 105.77105 -8.209449 1260255542503
85.469604 109.1325 -8.148976 1260255542516
84.746124 112.17587 -8.141527 1260255542530
84.60882 114.86708 -8.184451 1260255542540
84.87838 117.223724 -8.225228 1260255542551
85.23446 119.262535 -8.363967 1260255542557
85.57274 120.94941 -8.595769 1260255542573
86.0441 122.15194 -8.91598 1260255542580
86.29189 122.49434 -9.370181 1260255542596
85.2773 121.71962 -9.751672 1260255542602
83.21343 118.98364 -9.964088 1260255542614
80.80276 116.08446 -10.015884 1260255542625
78.31262 113.18024 -10.01509 1260255542638
75.84699 110.42123 -9.964335 1260255542649
73.55464 107.85017 -9.916119 1260255542659
71.476906 105.35766 -9.920313 1260255542680
69.703064 102.93977 -9.974298 1260255542698
