95.36737 22.83637 5.6077266 1260255659066
94.399 24.444551 5.32734 1260255659234
93.97905 26.522324 5.110973 1260255659245
94.1801 29.196207 5.005424 1260255659254
95.32109 32.836395 5.155153 1260255659291
97.755035 37.444576 5.497395 1260255659309
100.91728 42.62235 5.872525 1260255659320
104.871414 48.091232 6.2788987 1260255659327
109.227844 53.63667 6.6649537 1260255659339
113.81645 59.154835 6.981706 1260255659348
118.32563 64.5471 7.182621 1260255659359
122.60935 69.769745 7.27349 1260255659368
126.028885 74.83126 7.2098155 1260255659380
125.677444 79.4897 6.7993245 1260255659389
122.94357 82.51521 5.559358 1260255659401
119.89639 81.489456 3.9313903 1260255659410
116.75157 80.014984 2.6348207 1260255659426
113.76399 78.41424 1.5530797 1260255659435
110.82579 76.74352 0.6754257 1260255659449
107.9345 75.00635 -0.108345576 1260255659461
105.23778 73.30603 -0.8529283 1260255659470
102.67589 71.69073 -1.5102818 1260255659483
100.3921 70.35619 -2.1847677 1260255659490
98.52249 69.688385 -2.8755293 1260255659507
97.39637 69.953964 -3.4817529 1260255659515
97.67655 73.00626 -3.557665 1260255659529
100.192726 77.305954 -3.179782 1260255659543
104.98309 81.84066 -2.570793 1260255659552
111.08394 86.29863 -1.9422532 1260255659566
117.729744 90.6337 -1.3451406 1260255659585
124.29326 94.80201 -0.7778835 1260255659599
130.17859 98.76191 -0.28898934 1260255659619
134.16966 102.473816 0.025460145 1260255659639
135.16118 105.65012 0.17418714 1260255659659
134.30312 107.71762 0.015477776 1260255659680
131.93796 107.63174 -0.43529612 1260255659702
128.49106 105.90015 -0.7635313 1260255659724
124.61651 103.80514 -0.97535473 1260255659738
120.63568 101.56488 -1.026587 1260255659760
116.6539 99.23663 -0.9252577 1260255659984
113.0212 96.9748 -0.6789948 1260255660022
109.820145 94.87606 -0.34504503 1260255660049
107.07914 93.03226 0.07220723 1260255660087
105.12518 91.730644 0.46859688 1260255660127
104.26892 91.444115 0.59516704 1260255660133
103.05547 93.62191 -0.28459135 1260255660153
113.802704 79.94081 -1.9703618 1260255660165
123.06257 67.29377 -4.0718436 1260255660173
132.70944 55.079082 -6.4182515 1260255660186
143.02397 61.12513 -8.897339 1260255660192
153.37277 66.61887 -11.252472 1260255660211
163.45413 71.63793 -13.139849 1260255660222
155.48143 76.30604 -14.432857 1260255660229
149.25735 80.54073 -15.011214 1260255660243
147.59448 83.9137 -14.5106535 1260255660250
147.11476 85.51801 -13.285121 1260255660267
143.95903 86.292114 -12.070865 1260255660273
139.31108 85.82751 -10.967321 1260255660284
134.29553 85.23613 -10.068955 1260255660293
129.23076 84.47432 -9.265508 1260255660304
124.26922 83.6006 -8.552233 1260255660313
119.655754 82.82057 -7.924621 1260255660327
115.522964 82.229546 -7.42839 1260255660341
112.24682 82.16807 -7.1569705 1260255660351
110.68448 83.15967 -7.099122 1260255660361
110.45026 85.30168 -7.194166 1260255660368
110.727745 88.3866 -7.184458 1260255660382
111.091354 92.017265 -7.075235 1260255660394
111.38679 95.8664 -6.8714733 1260255660407
111.967445 99.67308 -6.6278996 1260255660418
113.01907 103.239426 -6.3465047 1260255660429
114.31812 106.477455 -6.0791793 1260255660443
115.45222 109.40358 -5.82522 1260255660450
116.02961 111.9834 -5.683959 1260255660466
116.02813 114.13423 -5.749761 1260255660486
115.32672 115.72752 -6.062273 1260255660498
113.86038 116.291145 -6.659159 1260255660522
