225.87819 -4.1023026 63.22055 1260255800411
229.68428 -11.847188 62.409523 1260255800423
234.50006 -19.454828 60.289047 1260255800430
239.82506 -26.832087 57.874596 1260255800653
244.5838 -33.890484 55.580864 1260255800694
249.35461 -40.54596 53.40182 1260255800712
254.18689 -46.76866 51.33173 1260255800724
258.97754 -52.68023 49.315144 1260255800733
263.72867 -58.29622 47.34939 1260255800745
268.39224 -63.681408 45.43192 1260255800752
254.97263 -68.89734 43.56032 1260255800763
260.124 -73.95247 41.732307 1260255800772
251.5678 -62.204845 39.745693 1260255800783
244.6394 -55.394604 37.40841 1260255800790
238.15744 -49.924873 35.08799 1260255800803
231.99957 -44.97863 32.83359 1260255800813
226.0996 -40.529697 30.691912 1260255800822
220.44461 -36.753212 28.657316 1260255800831
214.97238 -33.46555 26.77445 1260255800842
209.72375 -30.742271 25.085728 1260255800854
204.73756 -28.305159 23.581442 1260255800869
200.05069 -25.839901 22.10237 1260255800883
196.89815 -15.797906 16.79725 1260255800890
191.85324 -23.05801 15.707388 1260255800901
186.11058 -30.00511 14.872019 1260255800910
180.15504 -36.654854 14.178418 1260255800921
173.9473 -43.02211 13.569497 1260255800930
167.74992 -49.121006 13.041022 1260255800943
161.66243 -54.864956 12.588971 1260255800955
155.97931 -60.32171 12.159523 1260255800970
148.93034 -65.70563 11.951547 1260255800984
149.58383 -54.670345 12.40397 1260255801001
148.15465 -48.736828 12.933771 1260255801012
146.44691 -43.599987 13.2370825 1260255801027
144.77457 -38.919987 13.475228 1260255801041
143.23584 -34.823986 13.851467 1260255801060
141.82405 -31.282787 14.358893 1260255801084
140.53285 -28.518648 15.090949 1260255801099
138.6562 -27.142715 16.086401 1260255801118
134.9234 -27.835579 16.58208 1260255801142
131.22723 -30.3438 16.152977 1260255801326
128.16588 -33.62661 15.195328 1260255801341
125.85758 -37.34528 13.785562 1260255801351
124.4147 -41.328014 11.946283 1260255801362
123.84397 -45.761612 9.548969 1260255801371
124.25177 -50.67353 6.6215205 1260255801383
124.98918 -55.639854 3.4904444 1260255801390
126.28973 -60.457863 0.76592225 1260255801403
127.42524 -64.83497 -1.1223739 1260255801411
127.45398 -68.89322 -1.9662553 1260255801429
123.28128 -73.39856 -1.4679425 1260255801441
130.31721 -60.87863 0.40545473 1260255801450
134.35135 -50.1847 3.035182 1260255801459
135.98378 -40.875465 5.133423 1260255801468
136.23459 -36.281693 6.7767515 1260255801487
135.42285 -31.767609 8.037914 1260255801500
133.9517 -27.629229 9.036018 1260255801509
132.05412 -23.997766 9.984218 1260255801522
130.35141 -20.747879 11.0350065 1260255801534
128.98384 -17.810486 12.283257 1260255801548
129.08466 -14.669962 13.719093 1260255801561
131.03043 -7.1364636 14.883139 1260255801579
133.67891 1.1203597 15.188982 1260255801605
137.39496 9.714342 14.979533 1260255801623
146.42522 0.37862462 14.580557 1260255801638
140.95395 -8.190307 14.051529 1260255801661
137.00626 -16.180792 13.498953 1260255801677
133.40594 -23.771753 12.974005 1260255801698
130.03564 -31.033165 12.425304 1260255801719
127.08386 -37.981506 11.904039 1260255801741
124.62967 -44.732433 11.358837 1260255801763
120.998184 -51.24581 10.890895 1260255801780
128.39827 -57.68352 10.7963505 1260255801799
131.27835 -46.949345 11.456533 1260255801822
131.16443 -38.751877 12.183707 1260255801839
130.4062 -33.364285 12.524522 1260255801858
129.33589 -28.54607 12.748296 1260255801880
128.1191 -24.218767 12.860881 1260255801901
