105.82548 36.45616 51.48266 1260179292493
110.6342 42.883354 50.208527 1260179292527
116.95249 49.489185 48.4981 1260179292539
124.75487 38.014725 46.823196 1260179292553
134.46712 27.463987 45.282036 1260179292564
144.04376 17.540789 43.817932 1260179292581
150.39157 7.7637486 42.527035 1260179292618
150.372 15.125561 41.450684 1260179292631
147.4034 18.069283 39.828148 1260179292652
144.58322 19.965818 37.78674 1260179292671
142.00406 21.067528 35.647404 1260179292691
139.65385 21.664152 33.415035 1260179292711
137.47116 21.730944 31.144283 1260179292731
135.5476 21.194397 28.987068 1260179292751
133.72023 20.684677 27.037714 1260179292771
131.58421 20.900444 24.835829 1260179292794
131.855 28.605421 23.744038 1260179292811
142.46225 18.57515 23.056835 1260179292831
137.08914 9.446392 22.303993 1260179292851
132.68468 0.97407246 21.588793 1260179292871
128.75044 -7.0246315 20.909353 1260179292891
124.26292 -15.1234 20.113886 1260179292911
125.049774 -6.11723 19.508192 1260179292931
123.747284 -0.061368436 19.282782 1260179292951
121.95992 3.1417 19.068642 1260179292971
120.21193 5.634615 18.915209 1260179292991
118.501335 7.652884 18.76945 1260179293011
116.92627 9.27024 18.730976 1260179293031
115.679955 10.756728 18.944427 1260179293051
114.79596 11.918892 19.697206 1260179293072
115.15616 2.4229467 23.012346 1260179293091
112.89835 -4.4482007 22.31173 1260179293111
112.75343 -10.725791 20.746143 1260179293302
113.76576 -16.739502 18.658836 1260179293314
115.677475 -22.752527 16.025894 1260179293323
118.7936 -29.0149 12.7246 1260179293334
122.90392 -35.564156 8.93837 1260179293343
128.35873 -42.285946 4.941451 1260179293349
136.6408 -31.671648 1.5943784 1260179293361
132.75876 -23.938065 1.0646594 1260179293369
131.27081 -16.69116 2.3614264 1260179293381
129.90727 -9.406602 4.143355 1260179293395
128.36191 -2.2862718 6.0861874 1260179293406
126.44381 -0.021958122 8.081878 1260179293416
124.421616 1.9291399 10.127784 1260179293423
122.250534 3.5826828 12.221395 1260179293437
120.18801 5.0035486 14.2603245 1260179293449
118.27861 6.2533712 16.247309 1260179293461
116.61468 7.1907024 18.534943 1260179293474
124.33395 15.631167 19.308195 1260179293485
125.26725 6.7496085 18.042786 1260179293498
126.25389 -1.5878719 16.790646 1260179293518
126.741196 -9.408479 15.701114 1260179293532
126.95414 -16.738054 14.666058 1260179293554
127.806435 -23.901152 13.582755 1260179293573
132.56612 -31.406094 12.353618 1260179293593
126.58781 -21.63579 10.985937 1260179293613
122.80842 -13.854 9.53664 1260179293635
119.818 -7.8113003 8.259809 1260179293658
117.0271 -4.220735 7.246818 1260179293673
114.17574 -1.6596981 6.384477 1260179293693
111.416954 0.17328678 5.765253 1260179293716
108.84611 1.5646224 5.3769903 1260179293733
106.453804 2.4363914 5.458141 1260179293753
104.13111 3.1145718 6.635234 1260179293774
100.77456 3.9088433 9.5534725 1260179293798
109.48583 11.413402 12.225799 1260179293813
115.26154 18.192732 14.314508 1260179293833
119.04847 24.233095 15.998783 1260179293858
120.946045 29.471441 17.148844 1260179293873
