82.49971 29.05846 5.6777487 1260255534150
85.124725 33.455536 6.1438613 1260255534157
88.06849 38.08276 6.5366683 1260255534163
91.16506 43.07862 6.759835 1260255534196
93.95681 48.17469 6.771843 1260255534217
96.60897 53.415955 6.683251 1260255534224
99.378525 58.845158 6.5490885 1260255534238
103.0096 64.3029 6.471634 1260255534250
110.55912 69.93776 6.398052 1260255534256
107.281166 57.640873 6.2781496 1260255534277
109.81711 46.05883 5.9142423 1260255534287
105.576256 51.955887 4.6185303 1260255534307
102.897446 55.558094 2.6876037 1260255534328
100.35258 55.48019 1.2032235 1260255534351
97.78495 55.15618 0.04306227 1260255534367
95.245705 54.69837 -0.9590908 1260255534396
92.78342 54.063454 -1.8611363 1260255534417
90.49425 53.410282 -2.7180796 1260255534459
88.469536 52.889767 -3.5321755 1260255534466
86.64606 52.545277 -4.5055666 1260255534480
85.06375 52.668015 -5.6802883 1260255534502
83.860565 56.134613 -6.846274 1260255534517
83.21754 60.927883 -7.25396 1260255534537
84.50666 66.38149 -6.991262 1260255534557
91.53133 71.86242 -6.391699 1260255534589
101.00476 77.1693 -5.722114 1260255534598
111.20452 82.26083 -4.986008 1260255534617
120.894295 87.09779 -4.3367076 1260255534637
128.59958 91.5929 -3.8198721 1260255534657
130.5196 95.61326 -3.5288785 1260255534677
129.34363 98.2326 -3.7524345 1260255534697
126.57645 98.72097 -4.3148127 1260255534717
122.49763 97.234924 -4.749072 1260255534893
118.07275 95.37318 -4.9616184 1260255534910
113.669106 93.354515 -4.9635377 1260255534920
109.58565 91.38679 -4.8653607 1260255534927
105.85636 89.51745 -4.672093 1260255534939
102.563545 87.841576 -4.4384885 1260255534948
99.78537 86.44949 -4.266564 1260255534959
97.9961 85.87702 -4.4532356 1260255534968
95.796295 88.88317 -5.7305737 1260255534981
108.05648 93.18901 -7.194045 1260255534992
119.20366 97.42956 -8.884343 1260255535003
130.04347 101.40808 -10.940126 1260255535011
140.7413 105.037674 -13.29312 1260255535024
150.80424 108.58579 -15.778464 1260255535040
159.81404 112.10651 -17.93954 1260255535049
168.37334 115.401184 -19.392565 1260255535062
161.15466 117.83112 -19.772936 1260255535074
159.14693 118.33957 -18.784288 1260255535087
154.88959 117.72259 -17.295074 1260255535106
148.7951 116.98646 -15.83032 1260255535119
142.65535 115.03713 -14.438805 1260255535141
136.62259 113.235275 -13.216865 1260255535163
130.89146 111.57351 -12.106021 1260255535178
125.59689 110.84483 -11.15072 1260255535200
121.96705 110.40259 -10.443184 1260255535221
121.8687 111.13246 -10.071025 1260255535244
121.975266 113.12584 -9.917474 1260255535258
120.426506 115.869545 -9.7716 1260255535280
115.80518 118.92607 -9.58302 1260255535302
125.414925 104.02977 -9.40387 1260255535319
133.84418 89.92828 -9.233676 1260255535338
143.70197 76.43187 -9.171992 1260255535362
137.41687 81.360275 -9.313393 1260255535384
132.79602 85.69226 -9.647723 1260255535398
129.25623 89.30765 -10.165337 1260255535419
126.14342 91.94227 -10.957069 1260255535442
122.68625 93.44515 -11.709216 1260255535459
118.40194 92.1729 -12.223755 1260255535478
