112.78208 20.220554 14.8365965 1260179577489
110.59298 22.109528 14.794766 1260179577498
108.61333 24.004051 14.705029 1260179577529
106.73266 25.953848 14.619777 1260179577710
104.79603 27.856155 14.538788 1260179577730
103.606224 29.863348 14.561849 1260179577739
102.67591 31.82018 14.683756 1260179577751
101.89211 33.77917 14.799568 1260179577763
100.94751 35.79021 14.809589 1260179577772
99.350136 37.8507 14.61911 1260179577778
97.93263 40.108166 14.088155 1260179577789
96.436005 42.252758 13.2337475 1260179577798
94.66421 44.09012 12.17206 1260179577810
92.781 45.635612 10.913457 1260179577818
90.641945 46.95383 9.517784 1260179577835
88.45985 48.10614 8.041895 1260179577848
86.33685 49.050835 6.4898 1260179577857
84.07001 49.748295 4.8653097 1260179577868
81.816505 50.31088 3.2220442 1260179577875
79.27568 50.695335 1.510942 1260179577889
76.5619 50.960567 -0.16460514 1260179577898
73.5838 51.21254 -1.606375 1260179577913
70.30461 51.551914 -2.7760563 1260179577931
66.78938 52.27432 -3.2872536 1260179577939
80.64992 53.360603 -3.272891 1260179577950
92.71742 54.742573 -2.9592464 1260179577964
102.98155 56.855446 -2.4612842 1260179577975
111.482475 59.012672 -2.03822 1260179577988
118.45835 61.412037 -1.7363089 1260179578006
124.13544 64.041435 -1.5494934 1260179578023
128.62866 66.83936 -1.5720187 1260179578042
132.14723 69.697395 -1.7434179 1260179578063
134.73987 72.612526 -2.056247 1260179578085
136.55287 75.4319 -2.4534347 1260179578103
137.22523 78.1603 -3.0807629 1260179578123
136.21397 80.90228 -4.1267247 1260179578149
133.40327 83.70717 -5.6703887 1260179578171
129.28311 86.671814 -7.7868695 1260179578184
124.01896 90.08823 -10.647526 1260179578202
118.56801 86.683815 -13.41515 1260179578228
113.33961 83.64963 -15.694392 1260179578243
108.52263 81.31715 -17.109673 1260179578437
104.0965 79.95129 -17.654188 1260179578452
99.79167 79.30372 -17.47148 1260179578466
95.052086 78.93853 -16.797905 1260179578473
108.24948 78.591606 -15.75801 1260179578484
120.73701 78.21203 -14.570109 1260179578493
114.70016 77.75143 -13.241604 1260179578504
126.21515 77.36385 -11.629523 1260179578513
137.3044 76.79566 -9.898047 1260179578524
146.28918 75.85588 -7.803145 1260179578534
153.22473 78.763084 -5.2129874 1260179578550
162.76349 76.27493 -1.9523381 1260179578564
172.17531 63.661186 2.0952787 1260179578573
165.21654 53.278126 4.190515 1260179578586
160.2557 44.21422 5.1809893 1260179578595
156.39291 35.853508 5.72194 1260179578613
154.07327 27.560833 5.685843 1260179578629
163.4696 34.88279 3.8515508 1260179578638
158.54613 39.188652 2.3589733 1260179578653
153.91882 42.82922 1.1910245 1260179578664
149.42288 44.38776 0.3314733 1260179578675
145.40173 46.218372 -0.1351004 1260179578688
141.73164 48.057453 -0.47834536 1260179578702
138.64507 49.954582 -0.6044281 1260179578723
136.16281 51.756855 -0.6242067 1260179578747
134.00467 53.36901 -0.59299636 1260179578763
132.40443 54.80056 -0.41334653 1260179578782
131.03421 56.010532 -0.2426792 1260179578805
129.7825 56.910007 -0.030545231 1260179578824
