263.11224 -53.311405 34.87836 1260255876833
258.30664 -54.345837 33.784443 1260255876842
246.59131 -56.728546 32.345222 1260255876854
235.71175 -59.74212 30.627962 1260255876895
226.17616 -63.455013 28.646564 1260255876905
217.56735 -67.43227 26.564236 1260255876917
209.88898 -71.41065 24.486023 1260255876932
202.84453 -75.39012 22.411722 1260255876939
196.1523 -79.22061 20.391136 1260255876952
189.84468 -82.80958 18.471579 1260255876965
183.90245 -86.1691 16.598 1260255876979
178.35733 -89.36064 14.7681 1260255876991
173.03946 -92.44261 13.079695 1260255877011
167.83748 -95.47048 11.57571 1260255877029
163.2456 -98.496956 10.146925 1260255877057
162.43332 -102.22211 8.289578 1260255877070
163.16165 -94.261 6.3250995 1260255877090
163.35358 -87.09795 5.0588446 1260255877113
163.4859 -80.74306 3.9059024 1260255877292
163.6116 -75.1059 2.7106073 1260255877301
163.68102 -70.25061 1.4750769 1260255877313
163.74696 -66.03808 0.15132307 1260255877320
163.70961 -62.236176 -1.2562431 1260255877334
163.62413 -58.824368 -3.143431 1260255877341
163.34293 -56.183147 -6.5862594 1260255877352
162.52577 -61.42399 -9.256947 1260255877361
160.89949 -66.25279 -10.7441 1260255877374
158.20451 -70.64015 -11.656895 1260255877391
154.94429 -74.708145 -12.27405 1260255877397
151.29707 -78.522736 -12.710347 1260255877410
147.43222 -82.096596 -13.02483 1260255877418
143.91061 -85.59177 -13.223588 1260255877432
140.71509 -89.06218 -13.362409 1260255877443
137.92934 -92.50907 -13.444288 1260255877455
137.08287 -96.18362 -13.622074 1260255877469
146.97873 -84.32443 -13.84097 1260255877483
146.2298 -76.10821 -13.048922 1260255877496
146.1683 -69.302795 -12.096476 1260255877512
146.3599 -63.387657 -11.241652 1260255877531
146.7419 -58.668274 -10.679569 1260255877549
147.1548 -55.23486 -10.645591 1260255877570
147.29706 -53.173115 -11.163311 1260255877589
146.73221 -52.46446 -12.055145 1260255877612
144.7956 -52.691235 -12.952388 1260255877629
142.1558 -56.05667 -13.804769 1260255877652
139.39801 -59.45384 -14.614531 1260255877670
136.7781 -63.031147 -15.483804 1260255877689
134.5892 -66.82959 -16.359613 1260255877711
132.60974 -70.73811 -17.041634 1260255877728
130.47925 -74.65121 -17.339552 1260255877751
127.50529 -78.46864 -17.172575 1260255877769
123.23003 -82.14521 -16.563946 1260255877792
134.21852 -85.73795 -15.235748 1260255877809
138.9076 -90.00105 -11.423961 1260255877832
139.96222 -84.201 -8.752763 1260255877871
140.5641 -78.490944 -7.1151247 1260255877936
140.9859 -73.266396 -5.8593683 1260255878117
141.33661 -68.45308 -4.7664 1260255878130
141.66978 -64.18043 -3.7280798 1260255878140
142.0363 -60.671406 -2.7416759 1260255878157
136.83449 -63.937836 -2.5545921 1260255878168
133.39276 -68.140945 -2.9268625 1260255878178
130.47313 -72.1839 -3.3805194 1260255878184
127.649475 -75.924706 -3.8614933 1260255878195
125.267 -79.52847 -4.418419 1260255878204
123.103645 -83.05205 -4.947498 1260255878215
121.098465 -86.49944 -5.450123 1260255878224
119.14354 -89.77447 -5.9276166 1260255878236
117.38636 -92.88574 -6.3812356 1260255878252
115.86704 -95.89146 -6.812174 1260255878261
114.67369 -98.89688 -7.2215652 1260255878272
113.840004 -101.90204 -7.560487 1260255878279
114.298004 -104.90694 -8.1324625 1260255878292
115.9831 -98.711586 -9.675839 1260255878300
117.33395 -92.62601 -9.342048 1260255878320
118.61725 -86.79471 -8.774945 1260255878332
119.936386 -81.35497 -7.9361978 1260255878339
121.33957 -76.38722 -6.7893877 1260255878351
