208.1868 -10.178047 61.884586 1260255821820
199.47746 -17.569145 59.040356 1260255821829
190.6536 -24.690687 56.388336 1260255821863
182.0709 -31.556152 53.86892 1260255821870
173.81737 -38.028343 51.525475 1260255821887
165.9265 -44.126926 49.299202 1260255821900
158.68018 -49.82058 47.184242 1260255821911
151.94617 -55.12955 45.17503 1260255821925
145.69885 -60.173073 43.266277 1260255821944
139.6139 -65.16442 41.40296 1260255821959
137.78322 -54.1062 39.68281 1260255821979
136.59406 -48.000893 37.59867 1260255822001
135.61435 -42.90085 35.46874 1260255822024
134.73363 -38.355804 33.3953 1260255822038
133.84694 -34.488014 31.375536 1260255822060
132.95459 -31.313614 29.456758 1260255822087
132.05685 -28.697933 27.68392 1260255822109
131.25401 -26.513037 26.049725 1260255822117
130.5413 -24.437386 24.497238 1260255822145
129.86424 -22.065516 22.422377 1260255822157
126.77103 -29.01224 21.251257 1260255822177
123.18247 -35.511627 20.238693 1260255822197
119.62335 -41.636047 19.32676 1260255822223
116.24219 -47.354244 18.46042 1260255822237
112.93008 -52.73653 17.687399 1260255822257
110.08357 -57.799706 16.903028 1260255822277
107.629395 -62.609722 16.107878 1260255822297
105.84792 -67.32924 15.252483 1260255822317
104.70553 -71.962776 14.339859 1260255822337
102.92025 -76.56464 13.622866 1260255822357
107.02424 -64.736404 14.441722 1260255822377
108.023026 -58.649586 15.019636 1260255822569
108.671875 -53.217106 15.318654 1260255822581
109.13828 -48.20625 15.502722 1260255822590
109.48137 -43.69594 15.627585 1260255822602
109.807304 -39.811142 15.896206 1260255822609
110.116936 -36.670586 16.251396 1260255822623
110.261086 -34.587055 16.738827 1260255822630
109.298035 -34.2577 17.201885 1260255822641
107.033134 -36.294815 16.89179 1260255822651
105.13148 -39.680073 15.947201 1260255822664
103.824905 -43.446068 14.699841 1260255822680
103.38366 -47.473766 13.064849 1260255822689
104.11448 -51.85008 10.861607 1260255822701
106.25876 -56.757576 8.018526 1260255822709
109.44582 -62.0197 4.7176 1260255822723
113.27353 -67.31872 1.6317197 1260255822735
117.30985 -72.30278 -0.54986644 1260255822747
119.79436 -76.88764 -1.5723732 1260255822765
116.85464 -81.19326 -1.3937545 1260255822774
127.5119 -85.2836 -0.07406676 1260255822788
136.48631 -89.21942 2.2796366 1260255822804
143.662 -93.45845 5.615655 1260255822817
145.5289 -80.53553 9.084872 1260255822839
144.80246 -74.90875 11.380629 1260255822862
143.36234 -69.01331 12.811597 1260255822879
141.64423 -63.262646 13.821017 1260255822899
139.96202 -57.949512 14.779966 1260255822918
138.61392 -53.002037 15.890968 1260255822938
137.93323 -48.401936 17.39642 1260255822961
139.38657 -38.781837 18.8266 1260255822979
142.41724 -28.442745 18.83527 1260255823002
152.64638 -35.770607 18.143507 1260255823018
148.81406 -42.332077 17.286331 1260255823042
145.57335 -48.415474 16.422014 1260255823063
142.59468 -54.1947 15.550914 1260255823078
139.81494 -59.684963 14.723368 1260255823100
137.2742 -64.950714 13.9372 1260255823117
135.06049 -70.05318 13.14034 1260255823151
133.30746 -75.00052 12.383323 1260255823331
130.64209 -79.80049 11.764156 1260255823346
139.25998 -84.66047 11.575949 1260255823359
141.29698 -72.677444 12.347152 1260255823366
140.13213 -65.99357 13.029795 1260255823372
138.47552 -59.99389 13.228305 1260255823381
136.85175 -54.444195 13.31689 1260255823388
135.30916 -49.321983 13.401045 1260255823394
133.9937 -44.705883 13.730992 1260255823403
132.74402 -40.72059 14.344442 1260255823410
