88.83217 29.259315 3.7797284 1260255643447
91.29056 34.44635 3.990742 1260255643459
94.57603 40.424034 4.2412047 1260255643468
98.69723 46.602833 4.4791446 1260255643479
103.51237 52.622692 4.7551875 1260255643510
108.03675 58.44156 4.967428 1260255643524
112.63491 64.01948 5.1190567 1260255643534
117.353165 69.4185 5.213104 1260255643548
121.485504 74.69758 5.1524487 1260255643561
119.86123 79.3627 4.7448263 1260255643571
117.768166 81.54456 3.657585 1260255643584
115.279755 80.81734 2.5747056 1260255643600
112.71577 79.57647 1.6459703 1260255643619
110.12998 78.147644 0.8136718 1260255643641
107.62348 76.59026 0.022988236 1260255643658
105.19231 74.91075 -0.72816116 1260255643686
102.93269 73.315216 -1.4917531 1260255643871
100.88606 71.84946 -2.2671654 1260255643885
99.09176 70.75698 -3.1038072 1260255643895
97.73717 70.41913 -3.8486168 1260255643907
97.30031 72.44817 -4.256186 1260255643915
98.3353 76.07577 -4.0933766 1260255643929
102.41853 80.52198 -3.4887078 1260255643935
108.997604 85.09588 -2.7642725 1260255643946
116.89773 89.64108 -1.9760588 1260255643955
125.25284 94.05903 -1.1772559 1260255643967
133.9402 98.306076 -0.36839306 1260255643980
142.7432 84.44077 0.35002658 1260255643992
150.90604 71.218735 0.9325253 1260255644003
156.41074 76.4578 1.3858991 1260255644012
156.0902 80.48491 1.5166041 1260255644023
153.33568 82.06066 1.2907739 1260255644041
149.4189 81.95763 1.0262352 1260255644048
145.04796 81.25974 0.87492347 1260255644062
140.69556 80.29675 0.8311773 1260255644074
136.41078 79.08192 0.9396184 1260255644090
132.34024 77.777824 1.1426375 1260255644103
128.62323 76.53893 1.4355056 1260255644122
125.34207 75.31199 1.7637304 1260255644139
122.62497 74.54639 2.025544 1260255644163
120.89372 74.869064 1.9242667 1260255644179
118.299034 77.52561 0.57805336 1260255644198
112.93408 81.64933 -1.5508494 1260255644221
124.58738 86.11687 -4.073307 1260255644240
135.50801 90.46102 -6.869642 1260255644259
145.93262 94.587975 -9.67616 1260255644278
155.88599 98.45857 -12.292352 1260255644301
165.19168 102.13564 -14.327734 1260255644321
174.2821 105.52886 -15.411347 1260255644339
166.518 108.60242 -15.64078 1260255644360
163.7921 111.322296 -15.008741 1260255644380
164.80249 113.30618 -13.608304 1260255644397
163.51236 113.490875 -12.177889 1260255644420
159.43674 112.96633 -10.918994 1260255644442
154.0149 111.21802 -9.923044 1260255644625
148.36415 109.457115 -9.126892 1260255644635
142.69594 107.63426 -8.370547 1260255644648
137.26114 105.75255 -7.7020197 1260255644660
132.34808 104.16492 -7.1669188 1260255644669
128.53069 103.15667 -6.7585726 1260255644680
126.20415 103.048836 -6.620644 1260255644689
124.84394 103.89639 -6.739612 1260255644695
123.701744 105.65157 -6.9526315 1260255644707
122.41666 108.06899 -7.105 1260255644720
120.79582 110.91554 -7.14975 1260255644735
118.65603 114.01977 -7.0422626 1260255644753
115.97323 117.11878 -6.8401494 1260255644764
114.32457 120.11285 -6.598142 1260255644773
114.20834 122.9072 -6.318235 1260255644787
114.79793 125.461845 -6.0523233 1260255644801
115.05803 127.68875 -5.849707 1260255644810
114.605125 129.50432 -5.8572216 1260255644824
113.674866 130.6291 -6.1143603 1260255644841
112.191124 130.74765 -6.7086425 1260255644850
109.681564 129.91026 -7.4732103 1260255644868
106.59749 126.81475 -8.09955 1260255644880
103.41762 123.82401 -8.544573 1260255644901
100.246735 120.98281 -8.867344 1260255644917
97.184395 118.28367 -9.0739765 1260255644939
94.42518 115.769485 -9.220278 1260255644959
91.85392 113.38101 -9.309264 1260255644981
89.661224 111.21196 -9.343801 1260255644999
