85.94571 10.119156 24.648224 1260261309277
85.448425 9.163198 24.665813 1260261309289
85.176 8.605039 24.982523 1260261309298
88.1172 15.374787 24.883396 1260261309311
98.41134 23.556047 23.339226 1260261309319
102.99077 13.778245 21.672264 1260261309332
104.64123 4.739332 20.28865 1260261309339
105.059166 -3.6976342 19.074219 1260261309350
105.25621 -11.662753 17.870508 1260261309359
105.6434 -19.179615 16.726982 1260261309370
107.26123 -26.170635 15.340633 1260261309378
110.64817 -32.612103 13.373602 1260261309391
118.665764 -30.731497 8.554922 1260261309429
115.63248 -27.594921 6.427176 1260261309440
112.900856 -24.215176 5.1058173 1260261309452
110.30582 -20.854416 4.2505264 1260261309463
107.740524 -17.361694 3.888 1260261309472
105.3535 -13.393609 3.9936001 1260261309478
105.985825 -6.023928 5.29392 1260261309490
112.53654 2.6272686 6.179224 1260261309499
121.20971 11.345905 6.8702626 1260261309512
131.14923 1.8786094 7.5267496 1260261309529
141.04176 -7.0153213 8.000412 1260261309536
151.38968 -15.314556 8.450392 1260261309548
160.7202 -23.34883 8.577872 1260261309559
155.2842 -21.181387 7.1489787 1260261309570
150.16998 -19.372318 6.0415297 1260261309586
145.11148 -17.653702 4.939453 1260261309598
139.7559 -15.721017 3.7424805 1260261309614
134.01811 -11.984966 2.1553564 1260261309627
129.8172 -5.235718 1.4975885 1260261309647
126.42634 1.376068 1.5227091 1260261309668
121.90502 7.707265 1.7465737 1260261309683
116.10977 13.671902 2.159245 1260261309705
127.50428 19.488306 2.5512826 1260261309722
135.42906 25.36389 2.7737186 1260261309749
140.3576 31.295696 3.0850327 1260261309940
144.18973 37.130913 3.330781 1260261309964
147.28024 42.874367 3.514242 1260261309973
149.56624 48.330647 3.6885297 1260261309984
150.18793 53.364113 3.7041032 1260261309993
149.32854 58.09591 3.6188982 1260261310005
147.41211 62.441113 3.4379532 1260261310014
144.9415 66.51906 3.2160556 1260261310020
142.24443 69.9931 3.0552528 1260261310032
139.8822 72.44345 3.1524901 1260261310043
137.6881 74.02128 3.6948657 1260261310056
134.7537 71.42021 3.7101223 1260261310073
132.166 68.1492 3.7746162 1260261310079
129.7577 64.44174 3.8858855 1260261310091
127.569824 60.869656 3.7915912 1260261310099
125.44133 57.426174 3.5020115 1260261310113
123.519264 54.504864 2.976911 1260261310130
121.7433 52.07962 2.2280655 1260261310137
119.95614 49.77564 1.4666622 1260261310157
118.25833 47.586857 0.6433291 1260261310170
116.29542 45.757515 -1.1388373 1260261310186
124.78065 52.41964 -1.4818954 1260261310193
135.79161 40.998657 -1.1078006 1260261310213
145.90202 30.248724 -0.50241053 1260261310224
155.85692 20.236288 0.32271 1260261310244
165.41408 10.824473 1.2565745 1260261310265
174.09337 1.8332499 2.1437457 1260261310287
180.8887 -7.0584126 2.6365583 1260261310304
174.54427 -3.955492 1.0047303 1260261310324
169.46706 -2.2077174 -0.19550616 1260261310351
164.8437 -0.94733155 -1.0857309 1260261310364
160.55151 3.5066118E-5 -1.6814444 1260261310386
156.47394 0.55003333 -1.9973722 1260261310408
152.50024 1.0225316 -2.1975036 1260261310423
156.57523 9.421405 -0.73762834 1260261310444
161.74646 17.750336 0.09925309 1260261310467
166.95914 25.662819 0.94429046 1260261310489
172.41118 33.17968 1.8470759 1260261310503
176.94061 40.220695 2.8047223 1260261310679
179.74358 46.60966 3.8144863 1260261310691
178.45639 51.429176 4.823762 1260261310699
173.33357 52.107716 5.132574 1260261310711
168.1669 50.95233 4.9259453 1260261310720
163.25856 48.754715 4.579648 1260261310732
158.59563 45.71698 4.3506656 1260261310738
154.61584 40.481133 4.7331324 1260261310750
151.58505 31.607077 5.0964756 1260261310765
153.5058 38.57672 5.1416516 1260261310778
153.73051 44.147884 5.334569 1260261310789
152.04399 48.39049 5.5678406 1260261310796
147.49179 51.57097 5.7894487 1260261310807
142.2672 52.74242 6.249976 1260261310818
136.90384 52.7053 6.5374775 1260261310832
131.85864 51.820034 6.610604 1260261310846
127.01571 51.22903 6.9300737 1260261310859
122.314926 51.567577 7.43357 1260261310875
117.69918 52.689198 7.8118916 1260261310894
113.46422 55.504738 8.021297 1260261310933
111.14101 58.9795 7.9702325 1260261310947
113.63396 63.180527 7.871721 1260261310958
116.75226 67.6715 7.7281346 1260261310979
120.214645 72.18793 7.641728 1260261310994
123.35391 76.62853 7.5096416 1260261311014
125.48621 80.99711 7.2841597 1260261311026
126.0119 85.29726 6.9199514 1260261311047
125.4613 89.532394 6.523954 1260261311064
123.58824 93.355774 5.997756 1260261311084
120.20883 95.43799 4.747868 1260261311104
116.99839 93.01609 3.9104745 1260261311128
114.14847 90.21529 3.364951 1260261311143
