261.4268 -87.81696 32.46613 1260255881257
253.85545 -87.72611 30.992823 1260255881265
243.56268 -89.439804 29.193182 1260255881278
234.28455 -91.917816 27.183523 1260255881312
225.82031 -94.67193 25.174347 1260255881323
218.0793 -97.58833 23.16563 1260255881337
210.92534 -100.458916 21.207348 1260255881351
203.97906 -103.18597 19.346981 1260255881362
197.18011 -105.67667 17.579632 1260255881380
190.87111 -108.092834 15.90065 1260255881572
185.17755 -110.53819 14.305617 1260255881581
180.81868 -113.11128 12.690336 1260255881593
181.67775 -98.75572 10.205819 1260255881603
181.04387 -91.117935 8.295528 1260255881614
180.14168 -84.212036 7.080752 1260255881622
179.23459 -77.95143 6.076714 1260255881634
178.37286 -72.45386 5.122878 1260255881641
177.55421 -67.73116 4.116734 1260255881658
176.6765 -63.794605 3.0108974 1260255881664
175.79268 -60.454876 1.6103525 1260255881676
174.90305 -57.632133 -0.6701652 1260255881692
173.8579 -62.800526 -4.1366568 1260255881699
171.915 -67.4605 -5.979824 1260255881711
169.11925 -71.83748 -7.1308327 1260255881721
165.66328 -75.89561 -7.974291 1260255881739
161.73012 -79.650826 -8.625576 1260255881751
157.54361 -83.16828 -9.094297 1260255881763
153.61642 -86.55987 -9.539582 1260255881777
150.23561 -89.881874 -9.912603 1260255881795
147.47383 -93.13778 -10.316974 1260255881808
146.20013 -96.48089 -10.951125 1260255881832
153.39012 -85.20684 -12.103569 1260255881854
152.72061 -78.2465 -11.148391 1260255881869
152.23457 -72.03417 -9.990972 1260255881890
151.87285 -66.332466 -8.741423 1260255881913
151.6792 -61.265842 -7.4543514 1260255881930
151.74524 -57.30255 -6.081634 1260255881949
151.70798 -55.787422 -4.8775525 1260255881971
147.77258 -56.99805 -4.5336747 1260255881994
143.53395 -59.148148 -4.656991 1260255882008
139.90726 -61.64074 -5.1741414 1260255882029
137.1119 -64.4087 -6.0654345 1260255882052
135.3063 -67.488266 -7.3621626 1260255882069
134.241 -70.86385 -9.044054 1260255882089
133.62895 -74.42066 -10.891851 1260255882110
133.19751 -77.89963 -12.647259 1260255882133
132.33763 -81.104645 -13.914896 1260255882149
130.12074 -83.74941 -14.369151 1260255882169
125.71471 -85.711945 -13.700693 1260255882354
137.07896 -87.47635 -11.815659 1260255882364
140.92502 -84.50253 -8.174875 1260255882376
141.67877 -79.22741 -5.1161313 1260255882384
141.69484 -73.31604 -3.1103246 1260255882397
141.4101 -67.350235 -1.5548084 1260255882404
141.0396 -61.58272 -0.07706798 1260255882419
140.73761 -56.303585 1.6267855 1260255882431
140.90073 -51.738407 4.2954464 1260255882437
151.3057 -57.20149 4.4806743 1260255882456
147.39041 -61.941414 3.8566406 1260255882465
144.47089 -66.29434 3.0138085 1260255882477
141.99734 -70.37962 2.1131182 1260255882483
139.74748 -74.310646 1.2074622 1260255882494
137.5601 -78.14511 0.34708908 1260255882505
135.33209 -81.887856 -0.42026538 1260255882520
133.1155 -85.49346 -1.149252 1260255882534
131.25972 -89.01879 -1.8917894 1260255882543
129.99673 -92.51785 -2.5972 1260255882561
129.5969 -96.09196 -3.26734 1260255882574
130.81705 -99.88736 -3.9039729 1260255882590
138.6762 -86.89299 -4.9087744 1260255882611
138.74239 -80.34834 -4.663336 1260255882629
139.00526 -74.830925 -3.980169 1260255882652
139.355 -69.73938 -3.1311605 1260255882669
139.78725 -65.10241 -2.1246026 1260255882692
