199.97687 -75.427864 17.64652 1260255849471
190.02803 -77.10647 16.614195 1260255849483
181.22662 -79.30115 15.433485 1260255849493
173.46529 -81.83609 14.111811 1260255849510
166.99202 -84.54429 12.55622 1260255849524
161.39243 -87.267075 10.928409 1260255849531
156.5228 -90.00372 9.281988 1260255849543
151.99666 -92.70354 7.6678886 1260255849552
147.69682 -95.36836 6.1344943 1260255849563
143.51198 -97.89995 4.6777697 1260255849573
139.43639 -100.20495 3.2938812 1260255849584
135.56456 -102.3447 1.929187 1260255849593
131.93633 -104.277466 0.6327277 1260255849632
128.2895 -106.013596 -0.5989087 1260255849644
124.97503 -107.56291 -1.8189633 1260255849653
122.57628 -109.134766 -3.378015 1260255849667
125.24747 -102.37803 -6.359114 1260255849678
127.88509 -94.55913 -6.6411586 1260255849688
130.34084 -87.48117 -6.7091007 1260255849699
132.57379 -81.10711 -6.873646 1260255849710
134.6451 -75.55175 -7.1799636 1260255849724
136.56284 -70.77416 -7.670965 1260255849731
138.2347 -66.58546 -8.387417 1260255849744
139.67296 -63.056183 -9.418046 1260255849751
140.7393 -60.253372 -11.147143 1260255849762
141.00233 -58.390705 -13.689786 1260255849773
140.35222 -62.97117 -15.755297 1260255849791
139.08461 -67.42261 -17.017532 1260255849802
137.58038 -71.85148 -17.766655 1260255849820
135.85136 -76.158905 -18.228323 1260255849831
134.05879 -80.30096 -18.516907 1260255849850
132.15585 -84.23591 -18.741062 1260255849863
129.99806 -87.92411 -18.904009 1260255849879
127.79816 -91.3279 -19.008808 1260255849902
125.55825 -94.511505 -19.158367 1260255850085
123.63034 -97.43593 -19.30045 1260255850103
121.998825 -100.16413 -19.485426 1260255850113
121.098885 -102.90592 -19.811155 1260255850124
126.79394 -89.960625 -20.820597 1260255850131
128.10425 -82.362595 -19.379566 1260255850143
129.54904 -75.544464 -17.710588 1260255850152
131.02159 -69.31724 -16.07506 1260255850163
132.57051 -63.801376 -14.521307 1260255850170
134.24199 -59.36131 -13.295241 1260255850186
135.37988 -57.043243 -13.030479 1260255850201
134.96089 -56.54108 -13.478955 1260255850210
133.46284 -56.564026 -14.255008 1260255850221
131.6897 -56.585823 -15.192257 1260255850231
130.25522 -56.356533 -16.332644 1260255850244
129.29247 -60.23871 -17.716011 1260255850259
128.82784 -64.27677 -19.38021 1260255850268
128.68645 -68.36293 -21.2112 1260255850282
128.55212 -72.294785 -22.95064 1260255850294
128.07452 -75.780045 -24.253107 1260255850311
126.5208 -78.69104 -24.740452 1260255850327
122.99476 -81.10649 -24.153429 1260255850341
117.24502 -83.451164 -22.595758 1260255850359
126.53277 -86.5286 -19.965971 1260255850382
129.80614 -73.752174 -15.817673 1260255850400
131.01582 -67.86456 -12.726789 1260255850419
131.71503 -61.871334 -10.34045 1260255850440
132.42928 -56.42777 -8.123427 1260255850463
133.45781 -51.95638 -5.667256 1260255850479
134.63492 -48.50856 -3.083893 1260255850499
136.40317 -46.23313 0.120301545 1260255850521
130.33301 -51.071476 0.36428645 1260255850539
128.51636 -55.967903 -0.60392785 1260255850559
127.34054 -60.51951 -1.7737315 1260255850579
126.32351 -64.74353 -2.985045 1260255850603
125.50733 -68.756355 -4.2357926 1260255850619
124.93197 -72.66854 -5.424003 1260255850638
124.33537 -76.53511 -6.552803 1260255850661
123.61861 -80.35835 -7.525163 1260255850844
122.73768 -84.040436 -8.348905 1260255850859
121.75079 -87.48841 -9.081459 1260255850868
120.813255 -90.76399 -9.727386 1260255850880
120.07259 -93.97579 -10.291018 1260255850890
120.31896 -97.377 -10.876467 1260255850902
125.35301 -83.75815 -11.882644 1260255850909
125.98536 -76.72024 -11.488511 1260255850923
127.036095 -71.48422 -10.314086 1260255850930
128.23428 -67.16001 -8.898381 1260255850943
129.57257 -63.65201 -7.2534623 1260255850951
130.99394 -60.819412 -5.540789 1260255850960
132.39424 -58.57844 -3.8637497 1260255850967
