291.60065 -108.55781 38.7339 1260255914584
290.17062 -106.22992 38.097202 1260255914595
285.2121 -104.018425 37.042343 1260255914604
279.55148 -101.317505 35.690228 1260255914639
274.17392 -98.20163 34.155716 1260255914651
269.06522 -94.89155 32.49793 1260255914819
264.26196 -91.69697 30.773031 1260255914836
259.64886 -89.01212 28.93438 1260255914845
254.26642 -87.46152 26.637661 1260255914858
245.7531 -89.73844 23.805779 1260255914869
237.66544 -92.70152 21.36549 1260255914878
229.78217 -95.716446 19.147215 1260255914884
222.09306 -98.63062 17.139854 1260255914895
214.43842 -101.34909 15.282862 1260255914904
207.1165 -103.93163 13.518719 1260255914916
200.11067 -106.38505 11.792783 1260255914930
193.30515 -108.665794 10.153144 1260255914941
186.83989 -110.732506 8.645487 1260255914952
180.5979 -112.69588 7.2132125 1260255914962
175.81801 -114.861084 5.6525517 1260255914973
177.17711 -101.61803 2.819924 1260255914982
177.21825 -93.937126 1.728928 1260255914996
177.05733 -87.09027 0.9424816 1260255915010
176.85446 -81.085754 0.1453575 1260255915019
176.61174 -76.03146 -0.71191037 1260255915032
176.23116 -71.87989 -1.7263149 1260255915043
175.76959 -68.5359 -2.9399993 1260255915057
175.03111 -65.9591 -4.4929996 1260255915070
173.57956 -64.26115 -6.6183496 1260255915090
171.00058 -68.04809 -8.7374325 1260255915112
167.90056 -71.99568 -10.200561 1260255915134
164.85553 -76.1959 -11.1405325 1260255915148
161.51276 -80.336105 -11.733506 1260255915171
157.53712 -84.2193 -12.096831 1260255915187
153.01027 -87.75833 -12.3419895 1260255915209
148.30975 -90.97041 -12.52489 1260255915229
143.99426 -93.92189 -12.698646 1260255915251
140.09454 -96.6758 -12.913713 1260255915273
136.98982 -99.29201 -13.268027 1260255915289
136.79033 -102.57741 -14.104626 1260255915309
137.50081 -94.09853 -12.949394 1260255915332
138.57578 -87.04361 -11.451924 1260255915349
139.747 -80.74143 -9.879328 1260255915369
141.05965 -75.30436 -8.185361 1260255915543
142.60666 -71.33914 -6.626093 1260255915558
144.32632 -69.52219 -5.594788 1260255915572
143.56001 -69.49608 -5.465049 1260255915579
140.08202 -69.77127 -5.891796 1260255915590
136.87791 -71.93271 -6.6972065 1260255915599
134.58401 -74.43607 -7.9123464 1260255915610
133.20482 -77.36427 -9.616729 1260255915632
132.59457 -80.59606 -11.635892 1260255915671
132.46484 -83.966255 -13.804097 1260255915694
132.49161 -87.31794 -15.913892 1260255915703
132.51703 -90.55204 -17.868196 1260255915714
132.29118 -93.52444 -19.524786 1260255915724
131.17662 -95.998215 -20.548546 1260255915736
128.76779 -97.848305 -20.82112 1260255915745
124.679405 -99.05589 -20.230062 1260255915757
136.14543 -100.0031 -18.66856 1260255915774
141.68816 -101.85294 -15.435132 1260255915783
143.50375 -96.7103 -10.913376 1260255915794
144.27856 -90.77478 -7.517707 1260255915802
144.71463 -84.836044 -4.6918216 1260255915816
145.0789 -79.24424 -2.0072305 1260255915823
145.77496 -74.58203 0.89313096 1260255915842
147.53621 -71.95293 3.7984746 1260255915855
140.3094 -74.10528 4.4085507 1260255915874
136.39394 -76.85001 3.7381232 1260255915892
133.92424 -80.007515 2.601217 1260255915909
132.22803 -83.35714 1.2711561 1260255915932
131.01663 -86.73928 -0.0924018 1260255915949
130.01581 -90.10232 -1.4377817 1260255915968
129.01501 -93.3972 -2.6658926 1260255915993
127.91426 -96.57734 -3.782598 1260255916009
126.66855 -99.59847 -4.7434683 1260255916035
125.18512 -102.41855 -5.556295 1260255916048
123.425865 -105.09762 -6.2284803 1260255916071
121.954575 -107.69273 -6.8670564 1260255916090
122.00684 -110.5581 -7.573704 1260255916108
126.6565 -96.630196 -9.595018 1260255916128
