235.22986 -30.4645 32.682526 1260256053661
233.36836 -29.791275 33.248398 1260256053668
230.39995 -28.601711 33.33598 1260256053679
227.07996 -27.171625 33.01918 1260256053712
223.82596 -25.763044 32.71822 1260256053723
220.73466 -24.324892 32.482307 1260256053734
217.79793 -22.758648 32.40819 1260256053749
215.00803 -20.970715 32.687782 1260256053761
212.20763 -18.872179 33.253395 1260256053771
208.99724 -16.17857 33.890724 1260256053789
203.94737 -9.219641 33.79619 1260256053800
196.5 -2.0586584 32.806377 1260256053819
203.975 5.8442745 30.966059 1260256053842
205.12625 14.252061 28.617756 1260256053860
202.71994 4.789458 26.086868 1260256053879
200.08394 -4.0000153 23.382524 1260256053899
197.42975 -12.3000145 20.663399 1260256054072
195.40826 -20.335014 17.93023 1260256054090
193.38785 -27.918264 15.383718 1260256054101
191.06845 -35.02235 12.964532 1260256054108
188.76503 -41.771233 10.666306 1260256054120
185.87679 -48.032673 8.63299 1260256054129
183.13295 -54.03104 6.8013406 1260256054141
181.0263 -59.92949 5.1612735 1260256054150
179.775 -65.73302 3.8032098 1260256054162
180.58624 -53.596367 2.7630494 1260256054173
184.45692 -42.616547 1.8248969 1260256054188
189.78407 -32.985718 0.88365203 1260256054200
193.64487 -25.336432 -0.110530555 1260256054209
192.96262 -21.06961 -0.95500404 1260256054221
192.16449 -17.86613 -1.5572538 1260256054232
191.35626 -15.122825 -2.1793911 1260256054246
190.58846 -12.766684 -2.8704216 1260256054255
189.90903 -10.878349 -3.6769006 1260256054268
189.21358 -9.484432 -4.6430554 1260256054288
188.5029 -8.56021 -5.610903 1260256054299
187.77776 -7.8822 -6.6303577 1260256054317
187.03886 -7.2880898 -7.64884 1260256054339
186.28693 -6.6236854 -8.866398 1260256054362
185.67258 -5.892501 -10.623078 1260256054380
185.48895 -4.7478757 -13.041924 1260256054399
187.5645 2.6895185 -14.939828 1260256054421
192.78627 9.955043 -15.242837 1260256054485
197.94696 17.70729 -14.980695 1260256054512
200.99962 25.471926 -14.68166 1260256054529
200.89964 33.14833 -14.497577 1260256054542
199.45467 22.590914 -14.572698 1260256054548
198.58194 12.511368 -14.894063 1260256054559
196.80284 3.1357994 -15.24936 1260256054579
193.3127 -5.3209906 -15.586892 1260256054601
188.89706 -13.004941 -15.907548 1260256054618
184.4022 -20.204695 -16.16217 1260256054638
180.83209 -27.244461 -16.504063 1260256054659
179.69049 -34.48224 -16.92886 1260256054683
182.00597 -24.158127 -17.432417 1260256054865
187.35567 -15.45022 -17.910795 1260256054881
184.28789 -10.827709 -17.465256 1260256054890
182.37349 -7.736324 -16.041992 1260256054901
180.75482 -5.2995076 -14.239893 1260256054908
179.36708 -3.1345322 -12.377898 1260256054922
178.19873 -1.1778055 -10.459003 1260256054929
177.28879 0.3310848 -8.486053 1260256054940
176.52435 1.3145305 -6.661751 1260256054949
175.89813 1.698804 -4.9786634 1260256054963
175.35323 1.4638638 -3.6297302 1260256054974
174.63556 0.24067068 -2.8982437 1260256054985
172.00378 -2.5713627 -3.2533314 1260256054994
167.85359 -8.242795 -4.390665 1260256055005
163.9609 -14.080655 -5.721132 1260256055019
160.51286 -19.876623 -7.135075 1260256055031
157.58722 -25.482792 -8.628322 1260256055041
155.50786 -31.658653 -10.246905 1260256055052
154.48247 -37.92572 -12.18456 1260256055067
154.45834 -44.279434 -14.375332 1260256055083
155.08543 -50.565464 -16.656565 1260256055099
155.73116 -56.43719 -19.523737 1260256055123
156.5446 -62.11533 -21.94755 1260256055139
157.31737 -67.50956 -23.600172 1260256055158
158.1515 -72.734085 -24.370163 1260256055181
157.34393 -77.647385 -23.901655 1260256055200
165.37674 -82.165016 -22.256573 1260256055219
169.9079 -86.40677 -19.693745 1260256055239
173.1625 -90.33643 -16.159058 1260256055261
174.25438 -94.56961 -11.501104 1260256055280
173.44167 -88.94113 -7.376049 1260256055299
171.76958 -82.794075 -4.5072465 1260256055320
169.8311 -76.60437 -2.381884 1260256055339
167.73955 -70.67415 -0.6127899 1260256055357
165.70258 -65.09044 1.0678495 1260256055378
163.61745 -59.785915 2.714457 1260256055402
161.38658 -54.396618 4.3287344 1260256055420
158.71725 -45.626785 5.6622977 1260256055439
155.03139 -37.095448 6.279183 1260256055641
150.17982 -28.090675 6.215224 1260256055663
143.97084 -18.686142 5.8044624 1260256055670
152.5223 -9.1518345 5.1642394 1260256055683
153.29617 -17.494244 4.506027 1260256055690
152.68137 -25.16953 3.7307258 1260256055702
152.4473 -32.411053 2.8941894 1260256055711
152.82494 -39.3905 1.9994799 1260256055722
154.38368 -46.170975 0.9495059 1260256055729
156.6145 -52.712425 -0.09796937 1260256055744
159.03378 -58.976803 -1.1430709 1260256055755
161.83209 -65.02796 -2.1359174 1260256055767
165.79048 -53.02656 -3.0291216 1260256055775
171.95096 -42.075233 -3.7276657 1260256055788
180.40341 -32.22147 -4.0912824 1260256055794
172.53323 -23.410397 -4.0367184 1260256055808
166.85657 -15.439877 -3.4848824 1260256055824
163.11374 -8.017882 -2.3606381 1260256055834
161.05804 -1.0169883 -0.59260625 1260256055848
159.85515 5.4838614 1.3870242 1260256055862
159.1124 7.6096683 3.067673 1260256055873
158.40677 8.979185 4.0142894 1260256055886
157.53644 10.030226 4.4135747 1260256055905
156.70961 10.778714 4.592896 1260256055922
155.92413 11.339779 4.613251 1260256055940
155.32793 12.02279 4.632589 1260256055958
