107.521 24.581919 8.587968 1260179612325
107.24496 25.402822 8.75857 1260179612381
113.28271 26.232681 9.620642 1260179612406
121.41857 26.721046 11.18961 1260179612414
130.49765 26.684994 13.280129 1260179612422
139.92276 26.550745 15.266123 1260179612438
150.62662 26.523209 16.402817 1260179612444
144.04529 26.697048 16.782677 1260179612503
138.64302 27.062197 16.393543 1260179612519
133.71088 27.409086 15.373866 1260179612525
129.12534 27.738632 13.955173 1260179612556
124.86907 28.2017 12.257414 1260179612578
120.87562 28.791615 10.394543 1260179612584
117.231834 29.502033 8.374816 1260179612605
113.92024 30.476933 6.206075 1260179612629
110.97423 31.553085 3.9957714 1260179612649
108.575516 36.37543 1.9959828 1260179612679
107.04674 41.15666 0.5461836 1260179612715
106.1444 45.748825 -0.5811256 1260179612748
105.887184 50.261383 -1.4020693 1260179612763
106.442825 54.648315 -1.9319658 1260179612779
107.22068 58.6659 -2.3853676 1260179613085
108.25964 62.282608 -2.7160993 1260179613100
109.24666 65.41848 -3.0302944 1260179613119
109.13432 67.89755 -3.4287796 1260179613129
106.177605 69.55267 -3.8073406 1260179613145
101.71873 69.62504 -4.0669737 1260179613160
97.082794 69.19379 -4.1636252 1260179613169
103.42866 71.0841 -4.705444 1260179613182
108.95722 72.87989 -5.1701717 1260179613194
113.50936 74.5359 -5.561663 1260179613201
115.58389 76.3591 -6.18358 1260179613207
115.9047 78.34115 -7.074401 1260179613216
115.459465 80.42409 -8.120681 1260179613226
114.78649 82.45288 -9.214646 1260179613235
114.39716 81.58024 -9.953914 1260179613241
113.9773 80.90123 -10.456218 1260179613247
112.87844 80.10617 -10.933407 1260179613258
