3.0470357 -0.51156247 6.0250683 1260163512107
2.736688 -0.29121336 5.7973647 1260163512117
2.3124642 -0.069623396 5.7029486 1260163512129
1.8079801 0.12181858 5.7058716 1260163512136
1.2953503 0.26827556 5.7195444 1260163512147
0.91595274 0.24941364 5.6290193 1260163512166
0.76187336 -0.07087692 5.373447 1260163512175
0.9600927 -0.7102135 4.917495 1260163512187
1.5645027 -1.6335753 4.2330446 1260163512194
2.482606 -2.6851094 3.2307312 1260163512205
3.5945222 -3.6214132 1.9645845 1260163512244
4.742099 -4.399215 0.5622069 1260163512251
5.7029033 -5.0781975 -0.663813 1260163512262
6.3562 -5.7259545 -1.4349039 1260163512271
6.622022 -6.311359 -1.6730216 1260163512282
6.4387016 -6.7203937 -1.456572 1260163512291
5.829377 -6.771192 -0.975133 1260163512298
4.873235 -6.33729 -0.28281492 1260163512315
3.6815972 -5.5464373 0.4675056 1260163512327
2.3922262 -4.541789 1.1585176 1260163512336
1.1700479 -3.549236 1.6372334 1260163512347
0.13837169 -2.8106158 1.7944088 1260163512363
-0.574762 -2.5338814 1.6270524 1260163512372
-0.81093967 -2.818522 1.205872 1260163512386
-0.47346908 -3.5738149 0.59804046 1260163512398
0.35380486 -4.648196 -0.20617835 1260163512411
1.4400438 -5.7369604 -1.1397595 1260163512429
2.4168084 -6.561533 -1.999421 1260163512452
3.003545 -6.958059 -2.6546981 1260163512466
3.136671 -6.735463 -3.0041234 1260163512487
2.8797278 -5.8947372 -2.926105 1260163512511
2.3795693 -4.6656446 -2.510798 1260163512526
1.7641292 -3.4980066 -1.9466828 1260163512547
1.2291753 -2.9880457 -1.5340376 1260163512726
1.0212978 -3.1927724 -1.4423534 1260163512737
1.1813483 -3.9266286 -1.7625017 1260163512753
1.6507504 -4.7954082 -2.3315585 1260163512764
2.2287998 -5.2502756 -2.8360684 1260163512770
2.6369762 -5.104897 -3.1110475 1260163512779
2.8490412 -4.4737306 -3.0467515 1260163512791
2.9265578 -3.6698172 -2.8385706 1260163512802
2.985897 -3.2084713 -2.654419 1260163512811
3.1553183 -3.3422472 -2.5802655 1260163512826
3.4238691 -3.9405985 -2.6902893 1260163512835
3.7287068 -4.729682 -2.8166044 1260163512846
3.9467957 -5.2259727 -2.747962 1260163512855
3.9694245 -5.264322 -2.3606305 1260163512864
3.8090901 -4.9193835 -1.6099339 1260163512875
3.5103538 -4.34925 -0.6100637 1260163512886
3.171392 -3.7340732 0.42698327 1260163512896
2.8466542 -3.296755 1.147262 1260163512910
2.6729946 -3.2490523 1.3234879 1260163512930
2.745012 -3.5142787 0.9746913 1260163512945
3.0177338 -4.0304785 0.20612131 1260163512966
3.4062128 -4.6461754 -0.673844 1260163512988
3.7201054 -5.015886 -1.3191261 1260163513011
3.844644 -4.980293 -1.535792 1260163513025
3.817218 -4.5542135 -1.3704702 1260163513047
3.736001 -3.9451332 -1.0901502 1260163513102
3.7221794 -3.6171212 -0.92259383 1260163513112
3.8602347 -3.8230832 -1.0228828 1260163513127
4.135082 -4.5172515 -1.3749009 1260163513136
4.442496 -5.427326 -1.7637995 1260163513150
4.6330676 -6.1965547 -1.9718522 1260163513172
4.574393 -6.559572 -1.7874514 1260163513192
4.3061743 -6.4631395 -1.1478168 1260163513206
3.905629 -6.0119514 -0.14653584 1260163513227
3.459052 -5.3926377 0.9905988 1260163513246
3.073622 -4.850599 1.9421645 1260163513266
2.8286846 -4.5862765 2.3680778 1260163513288
2.8159626 -4.5857844 2.1992786 1260163513307
2.9993286 -4.628902 1.555397 1260163513491
3.2892995 -4.5636253 0.6324846 1260163513509
3.5150576 -4.2346535 -0.15711197 1260163513518
3.5231793 -3.6333787 -0.5714871 1260163513530
3.3102453 -2.8660347 -0.5279304 1260163513539
2.912506 -2.0771284 -0.09837156 1260163513550
2.3889163 -1.4093896 0.48677385 1260163513556
1.7784569 -0.9657226 1.0263176 1260163513568
1.096368 -0.84116256 1.413577 1260163513576
0.38777286 -0.97889304 1.6336925 1260163513588
-0.34600303 -1.4148327 1.7311155 1260163513604
-1.0097203 -2.158588 1.6677142 1260163513612
-1.5244788 -3.1075976 1.4106691 1260163513624
-1.9004503 -4.2407026 0.9921357 1260163513633
-2.1200578 -5.4124947 0.4140594 1260163513648
-2.2408338 -6.525697 -0.25020498 1260163513657
-2.327649 -7.5832396 -0.9765986 1260163513667
-2.382883 -8.587905 -1.7974279 1260163513683
-2.429907 -9.528717 -2.6378262 1260163513694
-2.520889 -10.3108015 -3.528823 1260163513705
-2.7373962 -10.803167 -4.501258 1260163513728
-3.1936927 -10.963095 -5.3944254 1260163513751
-3.938399 -10.760897 -6.1040072 1260163513765
-4.9264493 -10.2500925 -6.4423685 1260163513787
-5.9509053 -9.58504 -6.192438 1260163513808
-6.816538 -9.002274 -5.4605856 1260163513831
-7.346732 -8.601193 -4.3396897 1260163513845
-7.5364676 -8.334578 -3.0889208 1260163513867
-7.5185404 -8.163015 -2.0096533 1260163513890
-7.36122 -7.9046884 -1.1947834 1260163513908
-7.1729474 -7.550315 -0.71826166 1260163513926
-6.957995 -7.238177 -0.44058737 1260163513946
-6.712929 -7.001575 -0.21220972 1260163513969
-6.474668 -6.828561 0.042886015 1260163513985
-6.2510443 -6.6805415 0.33426023 1260163514006
-6.0631185 -6.529027 0.6328583 1260163514031
-5.9091053 -6.3850884 0.9138023 1260163514047
-5.770965 -6.2817163 1.1834233 1260163514065
-5.642456 -6.237994 1.469528 1260163514228
