169.2497 18.730068 16.231422 2.6744006 -3.1644428 8.864031 1260163461427
169.2497 18.730068 16.231422 2.755882 -3.2282324 9.046003 1260163461433
169.73721 18.693565 16.419851 2.755882 -3.2282324 9.046003 1260163461436
169.73721 18.693565 16.419851 2.8652973 -3.2915566 9.2297735 1260163461444
170.10036 18.608887 16.698858 2.8652973 -3.2915566 9.2297735 1260163461447
170.10036 18.608887 16.698858 2.9964824 -3.3462663 9.409803 1260163461450
170.09534 18.478443 17.063915 2.9964824 -3.3462663 9.409803 1260163461483
170.09534 18.478443 17.063915 3.1517541 -3.3873444 9.578108 1260163461492
169.59058 18.304522 17.56072 3.1517541 -3.3873444 9.578108 1260163461494
169.59058 18.304522 17.56072 3.3353562 -3.4045758 9.732549 1260163461504
168.91104 18.039295 18.282684 3.3353562 -3.4045758 9.732549 1260163461507
168.91104 18.039295 18.282684 3.5642595 -3.4100494 9.865647 1260163461513
168.1155 18.03733 19.16855 3.5642595 -3.4100494 9.865647 1260163461516
168.1155 18.03733 19.16855 3.83688 -3.4724548 9.95123 1260163461524
167.60973 18.085464 20.360123 3.83688 -3.4724548 9.95123 1260163461529
167.60973 18.085464 20.360123 4.1612473 -3.5453603 9.95626 1260163461532
167.82924 18.231192 21.992117 4.1612473 -3.5453603 9.95626 1260163461546
167.82924 18.231192 21.992117 4.5633764 -3.6445854 9.833006 1260163461549
168.18777 18.469631 23.84251 4.5633764 -3.6445854 9.833006 1260163461558
168.18777 18.469631 23.84251 4.9569764 -3.7504265 9.587203 1260163461564
168.82838 18.64615 25.950384 4.9569764 -3.7504265 9.587203 1260163461577
168.82838 18.64615 25.950384 5.2927594 -3.7992182 9.227702 1260163461581
169.53697 18.763844 28.102865 5.2927594 -3.7992182 9.227702 1260163461585
169.53697 18.763844 28.102865 5.5368414 -3.8047092 8.771765 1260163461588
170.06012 25.775652 30.097721 5.5368414 -3.8047092 8.771765 1260163461611
170.06012 25.775652 30.097721 5.6039133 -3.744548 8.2923155 1260163461614
169.75711 32.18687 31.742836 5.6039133 -3.744548 8.2923155 1260163461631
169.75711 32.18687 31.742836 5.507592 -3.6492581 7.8613553 1260163461634
167.11925 32.977528 30.655695 5.507592 -3.6492581 7.8613553 1260163461651
167.11925 32.977528 30.655695 5.245152 -3.5233197 7.5173206 1260163461653
165.21329 31.62865 26.67291 5.245152 -3.5233197 7.5173206 1260163461826
165.21329 31.62865 26.67291 4.7922096 -3.3737135 7.3055797 1260163461835
163.55263 30.097218 22.839266 4.7922096 -3.3737135 7.3055797 1260163461838
163.55263 30.097218 22.839266 4.152161 -3.212519 7.2733183 1260163461842
161.97499 28.592356 19.147303 4.152161 -3.212519 7.2733183 1260163461847
161.97499 28.592356 19.147303 3.3711364 -3.051212 7.371382 1260163461853
160.42624 27.162739 15.539937 3.3711364 -3.051212 7.371382 1260163461859
160.42624 27.162739 15.539937 2.5569751 -2.8979704 7.4808874 1260163461862
159.00493 26.004602 11.81294 2.5569751 -2.8979704 7.4808874 1260163461866
159.00493 26.004602 11.81294 1.8359601 -2.795976 7.461653 1260163461873
157.45468 25.454372 7.8722925 1.8359601 -2.795976 7.461653 1260163461876
157.45468 25.454372 7.8722925 1.3634734 -2.7617347 7.2111535 1260163461882
152.38194 30.481653 6.928678 1.3634734 -2.7617347 7.2111535 1260163461885
152.38194 30.481653 6.928678 1.2476286 -2.8272722 6.710987 1260163461889
152.01285 36.05757 8.282244 1.2476286 -2.8272722 6.710987 1260163461896
152.01285 36.05757 8.282244 1.5237128 -3.0611491 6.031524 1260163461899
152.56221 41.654694 10.118132 1.5237128 -3.0611491 6.031524 1260163461913
152.56221 41.654694 10.118132 2.1714487 -3.4549487 5.2382536 1260163461918
153.4841 47.07196 12.012225 2.1714487 -3.4549487 5.2382536 1260163461922
153.4841 47.07196 12.012225 3.0728252 -3.9570894 4.356615 1260163461927
154.80989 52.368362 13.811614 3.0728252 -3.9570894 4.356615 1260163461932
154.80989 52.368362 13.811614 4.0946198 -4.474984 3.3685536 1260163461935
156.6694 57.599945 15.521033 4.0946198 -4.474984 3.3685536 1260163461941
156.6694 57.599945 15.521033 5.0932465 -4.896158 2.306631 1260163461944
158.78593 62.66995 17.094982 5.0932465 -4.896158 2.306631 1260163461954
158.78593 62.66995 17.094982 5.945237 -5.192759 1.305977 1260163461958
158.78593 62.66995 17.094982 6.614339 -5.403704 0.45955122 1260163461966
160.44664 67.33645 18.640234 6.614339 -5.403704 0.45955122 1260163461974
160.44664 67.33645 18.640234 7.0844984 -5.565965 -0.12594673 1260163461977
160.82431 71.26962 20.258223 7.0844984 -5.565965 -0.12594673 1260163461983
160.82431 71.26962 20.258223 7.341146 -5.7282853 -0.3273597 1260163461996
159.93309 69.85614 21.44531 7.341146 -5.7282853 -0.3273597 1260163462003
159.93309 69.85614 21.44531 7.3840613 -5.8443522 -0.19385673 1260163462013
158.23643 68.013336 21.273045 7.3840613 -5.8443522 -0.19385673 1260163462016
158.23643 68.013336 21.273045 7.171492 -5.8320327 0.22036043 1260163462025
156.47461 64.91267 19.709393 7.171492 -5.8320327 0.22036043 1260163462035
156.47461 64.91267 19.709393 6.710084 -5.5996795 0.7909313 1260163462038
154.90088 60.81703 17.173923 6.710084 -5.5996795 0.7909313 1260163462056
154.90088 60.81703 17.173923 5.991167 -5.103813 1.3493179 1260163462060
153.45584 56.37618 14.215227 5.991167 -5.103813 1.3493179 1260163462072
153.45584 56.37618 14.215227 5.0603056 -4.409366 1.828028 1260163462081
152.18304 51.90737 11.054465 5.0603056 -4.409366 1.828028 1260163462092
152.18304 51.90737 11.054465 4.0105 -3.616162 2.141151 1260163462095
151.2739 47.862003 7.701742 4.0105 -3.616162 2.141151 1260163462115
151.2739 47.862003 7.701742 2.91648 -2.9089274 2.3099055 1260163462118
150.8602 44.468903 3.866655 2.91648 -2.9089274 2.3099055 1260163462137
150.8602 44.468903 3.866655 1.984762 -2.4740486 2.2952008 1260163462140
153.31718 50.995457 -0.22667775 1.984762 -2.4740486 2.2952008 1260163462152
153.31718 50.995457 -0.22667775 1.3638645 -2.3959744 2.0769262 1260163462156
148.90132 54.545685 -0.9153438 1.3638645 -2.3959744 2.0769262 1260163462173
148.90132 54.545685 -0.9153438 1.1737692 -2.6895533 1.740853 1260163462177
147.80626 57.9184 0.23042339 1.1737692 -2.6895533 1.740853 1260163462196
147.80626 57.9184 0.23042339 1.4535464 -3.3089619 1.3344132 1260163462200
147.61595 61.52248 2.0189023 1.4535464 -3.3089619 1.3344132 1260163462212
147.61595 61.52248 2.0189023 2.1129627 -4.1044292 0.9265028 1260163462221
148.03516 65.24635 4.0679574 2.1129627 -4.1044292 0.9265028 1260163462232
148.03516 65.24635 4.0679574 3.039737 -4.9500175 0.52809167 1260163462235
148.7834 68.98403 6.2145596 3.039737 -4.9500175 0.52809167 1260163462255
148.7834 68.98403 6.2145596 4.0359454 -5.7151895 0.11623124 1260163462258
149.89423 72.78483 8.453832 4.0359454 -5.7151895 0.11623124 1260163462277
149.89423 72.78483 8.453832 4.9353533 -6.2432456 -0.2641399 1260163462282
151.39952 76.69559 10.83114 4.9353533 -6.2432456 -0.2641399 1260163462292
151.39952 76.69559 10.83114 5.613407 -6.472492 -0.55943376 1260163462297
153.67955 80.96081 13.539582 5.613407 -6.472492 -0.55943376 1260163462312
153.67955 80.96081 13.539582 5.9572296 -6.366112 -0.7310002 1260163462316
161.24557 69.012764 16.012604 5.9572296 -6.366112 -0.7310002 1260163462336
161.24557 69.012764 16.012604 5.9835324 -5.910922 -0.7816204 1260163462339
156.68329 61.462128 15.611974 5.9835324 -5.910922 -0.7816204 1260163462352
156.68329 61.462128 15.611974 5.744285 -5.1624994 -0.7398153 1260163462362
153.54912 54.689022 14.1813755 5.744285 -5.1624994 -0.7398153 1260163462372
153.54912 54.689022 14.1813755 5.293627 -4.228124 -0.6074821 1260163462377
150.87166 48.75457 12.372307 5.293627 -4.228124 -0.6074821 1260163462394
150.87166 48.75457 12.372307 4.727936 -3.280538 -0.39119023 1260163462397
148.57808 43.61684 10.2036915 4.727936 -3.280538 -0.39119023 1260163462416
148.57808 43.61684 10.2036915 4.176909 -2.6146014 -0.1911611 1260163462420
146.39917 41.685997 6.243507 4.176909 -2.6146014 -0.1911611 1260163462432
146.39917 41.685997 6.243507 3.8189206 -2.4968107 -0.12712164 1260163462617
145.22922 45.1517 6.7813315 3.8189206 -2.4968107 -0.12712164 1260163462624
145.22922 45.1517 6.7813315 3.7873325 -2.869794 -0.23517649 1260163462627
145.01776 49.044113 7.842265 3.7873325 -2.869794 -0.23517649 1260163462636
145.01776 49.044113 7.842265 4.10941 -3.6327384 -0.52102226 1260163462639
145.36687 53.04191 9.200151 4.10941 -3.6327384 -0.52102226 1260163462643
145.36687 53.04191 9.200151 4.674851 -4.5100837 -0.85250527 1260163462652
146.09853 57.089813 10.790144 4.674851 -4.5100837 -0.85250527 1260163462657
146.09853 57.089813 10.790144 5.2392607 -5.1664968 -1.082968 1260163462661
147.2436 61.285324 12.700637 5.2392607 -5.1664968 -1.082968 1260163462667
147.2436 61.285324 12.700637 5.62154 -5.4468565 -1.1820486 1260163462673
150.38142 58.62106 16.115604 5.62154 -5.4468565 -1.1820486 1260163462678
150.38142 58.62106 16.115604 5.7477117 -5.2337623 -1.1066017 1260163462682
146.21236 52.640007 16.159824 5.7477117 -5.2337623 -1.1066017 1260163462685
146.21236 52.640007 16.159824 5.6081066 -4.524646 -0.84900945 1260163462693
142.80174 46.658005 15.301833 5.6081066 -4.524646 -0.84900945 1260163462696
142.80174 46.658005 15.301833 5.3106756 -3.5567856 -0.4871618 1260163462702
139.76166 41.325104 14.186742 5.3106756 -3.5567856 -0.4871618 1260163462705
139.76166 41.325104 14.186742 4.97023 -2.8797605 -0.17881942 1260163462708
138.02357 39.75885 14.827405 4.97023 -2.8797605 -0.17881942 1260163462718
138.02357 39.75885 14.827405 4.811613 -2.7705045 0.0024189563 1260163462723
138.2724 43.77091 15.586035 4.811613 -2.7705045 0.0024189563 1260163462733
138.2724 43.77091 15.586035 4.900645 -3.1924565 -0.01404641 1260163462738
138.80878 47.732365 16.356733 4.900645 -3.1924565 -0.01404641 1260163462742
138.80878 47.732365 16.356733 5.216771 -3.9338198 -0.20198591 1260163462747
140.06834 51.995747 17.588896 5.216771 -3.9338198 -0.20198591 1260163462753
140.06834 51.995747 17.588896 5.6546564 -4.5100837 -0.38597655 1260163462759
142.61493 56.895958 19.609451 5.6546564 -4.5100837 -0.38597655 1260163462763
142.61493 56.895958 19.609451 5.9439783 -4.6271315 -0.4865368 1260163462766
151.53418 53.15116 22.128979 5.9439783 -4.6271315 -0.4865368 1260163462776
151.53418 53.15116 22.128979 6.0070376 -4.277959 -0.39955637 1260163462780
147.00748 47.743603 21.822529 6.0070376 -4.277959 -0.39955637 1260163462788
147.00748 47.743603 21.822529 5.86332 -3.5866678 -0.09014618 1260163462796
143.3071 42.806423 20.881403 5.86332 -3.5866678 -0.09014618 1260163462800
143.3071 42.806423 20.881403 5.605567 -2.883632 0.3325058 1260163462803
140.19174 39.1161 20.337334 5.605567 -2.883632 0.3325058 1260163462813
140.19174 39.1161 20.337334 5.404287 -2.499051 0.7149567 1260163462822
139.83215 38.110294 21.320467 5.404287 -2.499051 0.7149567 1260163462825
139.83215 38.110294 21.320467 5.3703856 -2.4960005 0.9332283 1260163462834
140.89055 38.50478 22.454443 5.3703856 -2.4960005 0.9332283 1260163462843
140.89055 38.50478 22.454443 5.5036664 -2.7900262 0.92742795 1260163462846
142.29602 43.52954 23.781721 5.5036664 -2.7900262 0.92742795 1260163462857
142.29602 43.52954 23.781721 5.7235827 -3.080247 0.8701603 1260163462865
146.08122 49.803062 26.542635 5.7235827 -3.080247 0.8701603 1260163462872
146.08122 49.803062 26.542635 5.877341 -3.0099998 0.8239282 1260163462881
156.57716 45.862907 28.215504 5.877341 -3.0099998 0.8239282 1260163462892
156.57716 45.862907 28.215504 5.9273877 -2.668134 0.8426613 1260163462895
150.1483 41.269764 28.904728 5.9273877 -2.668134 0.8426613 1260163462913
150.1483 41.269764 28.904728 5.897296 -2.2452948 0.87135404 1260163462916
158.79088 31.356276 30.609491 5.897296 -2.2452948 0.87135404 1260163462936
158.79088 31.356276 30.609491 5.9020786 -2.0015936 0.74606425 1260163462940
161.65134 37.68846 32.079018 5.9020786 -2.0015936 0.74606425 1260163462952
161.65134 37.68846 32.079018 6.044188 -2.0887938 0.53373957 1260163462957
162.96877 43.00404 32.825066 6.044188 -2.0887938 0.53373957 1260163462972
162.96877 43.00404 32.825066 6.294965 -2.4276965 0.24213682 1260163462975
164.17033 48.003838 33.583813 6.294965 -2.4276965 0.24213682 1260163462993
164.17033 48.003838 33.583813 6.6074333 -2.8095834 -0.010369172 1260163462996
166.56181 53.403645 35.054623 6.6074333 -2.8095834 -0.010369172 1260163463012
166.56181 53.403645 35.054623 6.8518405 -2.932658 -0.1467352 1260163463022
172.28372 41.93346 37.60189 6.8518405 -2.932658 -0.1467352 1260163463033
172.28372 41.93346 37.60189 6.96553 -2.7526553 -0.14212252 1260163463038
163.96953 38.28679 38.421795 6.96553 -2.7526553 -0.14212252 1260163463052
163.96953 38.28679 38.421795 6.9775114 -2.3855197 -0.0035800328 1260163463056
156.67105 35.07245 38.950706 6.9775114 -2.3855197 -0.0035800328 1260163463077
156.67105 35.07245 38.950706 6.9337316 -2.088498 0.18796486 1260163463084
156.6875 33.918827 39.65317 6.9337316 -2.088498 0.18796486 1260163463092
156.6875 33.918827 39.65317 6.9500275 -2.0787346 0.43531016 1260163463097
156.85312 34.072887 39.77051 6.9500275 -2.0787346 0.43531016 1260163463112
156.85312 34.072887 39.77051 7.0424633 -2.371831 0.70025295 1260163463117
156.86046 34.669243 39.531986 7.0424633 -2.371831 0.70025295 1260163463134
156.86046 34.669243 39.531986 7.1663713 -2.8464055 0.9819134 1260163463138
156.21744 35.03578 39.055386 7.1663713 -2.8464055 0.9819134 1260163463156
156.21744 35.03578 39.055386 7.2316456 -3.2727346 1.4054438 1260163463160
154.20657 34.63399 37.952618 7.2316456 -3.2727346 1.4054438 1260163463172
154.20657 34.63399 37.952618 7.106376 -3.4707181 1.9937154 1260163463177
151.34624 33.30229 36.204987 7.106376 -3.4707181 1.9937154 1260163463192
151.34624 33.30229 36.204987 6.800091 -3.410912 2.7023973 1260163463366
148.37892 31.487177 34.04474 6.800091 -3.410912 2.7023973 1260163463375
148.37892 31.487177 34.04474 6.3572526 -3.1961002 3.447152 1260163463378
145.50998 29.362818 31.692501 6.3572526 -3.1961002 3.447152 1260163463384
145.50998 29.362818 31.692501 5.8677735 -2.8966866 3.9905436 1260163463387
142.73448 27.094677 29.357876 5.8677735 -2.8966866 3.9905436 1260163463396
142.73448 27.094677 29.357876 5.507645 -2.6803453 4.0286913 1260163463399
147.89775 34.489944 29.089983 5.507645 -2.6803453 4.0286913 1260163463403
147.89775 34.489944 29.089983 5.3691473 -2.5728877 3.524204 1260163463408
152.60286 41.515446 28.835484 5.3691473 -2.5728877 3.524204 1260163463414
152.60286 41.515446 28.835484 5.430302 -2.5198362 2.610452 1260163463420
157.12271 48.189674 28.64371 5.430302 -2.5198362 2.610452 1260163463423
157.12271 48.189674 28.64371 5.615069 -2.4857817 1.5183327 1260163463426
162.51657 36.78019 28.561523 5.615069 -2.4857817 1.5183327 1260163463434
162.51657 36.78019 28.561523 5.747012 -2.3580875 0.6286003 1260163463438
170.44075 26.64118 28.383448 5.747012 -2.3580875 0.6286003 1260163463443
170.44075 26.64118 28.383448 5.682354 -2.116919 0.14633675 1260163463446
165.56871 20.40912 27.014275 5.682354 -2.116919 0.14633675 1260163463457
165.56871 20.40912 27.014275 5.403003 -1.7488813 0.10360701 1260163463461
161.94028 17.088665 24.56356 5.403003 -1.7488813 0.10360701 1260163463464
161.94028 17.088665 24.56356 4.93672 -1.2875587 0.40420347 1260163463477
158.49326 14.234232 21.935383 4.93672 -1.2875587 0.40420347 1260163463480
158.49326 14.234232 21.935383 4.37253 -0.7866486 0.80758613 1260163463484
155.11859 11.922521 18.838614 4.37253 -0.7866486 0.80758613 1260163463492
155.11859 11.922521 18.838614 3.7759387 -0.43881527 1.0920521 1260163463495
150.86266 11.326395 14.496683 3.7759387 -0.43881527 1.0920521 1260163463501
150.86266 11.326395 14.496683 3.201005 -0.4161935 1.1961266 1260163463505
146.66953 13.060075 11.721849 3.201005 -0.4161935 1.1961266 1260163463515
146.66953 13.060075 11.721849 2.7481172 -0.716143 1.2534553 1260163463518
143.83604 16.307072 10.585757 2.7481172 -0.716143 1.2534553 1260163463527
143.83604 16.307072 10.585757 2.477913 -1.3661203 1.2425399 1260163463535
141.64424 19.69172 10.20647 2.477913 -1.3661203 1.2425399 1260163463539
141.64424 19.69172 10.20647 2.4003265 -2.2696261 1.2730312 1260163463543
139.81203 22.557133 10.246146 2.4003265 -2.2696261 1.2730312 1260163463553
139.81203 22.557133 10.246146 2.5002787 -3.2859526 1.3319628 1260163463561
139.17143 25.229277 10.433839 2.5002787 -3.2859526 1.3319628 1260163463565
139.17143 25.229277 10.433839 2.699429 -4.3822184 1.278985 1260163463573
140.21286 29.267813 10.712147 2.699429 -4.3822184 1.278985 1260163463583
140.21286 29.267813 10.712147 2.9574046 -5.4944963 1.2095876 1260163463586
142.70221 33.204422 11.076539 2.9574046 -5.4944963 1.2095876 1260163463597
142.70221 33.204422 11.076539 3.2603679 -6.589298 1.0919027 1260163463607
144.9671 37.0442 11.4727125 3.2603679 -6.589298 1.0919027 1260163463624
144.9671 37.0442 11.4727125 3.5679326 -7.623911 0.9058712 1260163463635
147.01875 40.791992 11.949077 3.5679326 -7.623911 0.9058712 1260163463641
147.01875 40.791992 11.949077 3.8710153 -8.511451 0.65014327 1260163463644
148.71782 44.55239 12.451623 3.8710153 -8.511451 0.65014327 1260163463656
148.71782 44.55239 12.451623 4.1507716 -9.2102375 0.3391 1260163463664
150.28192 48.42477 13.0790415 4.1507716 -9.2102375 0.3391 1260163463677
150.28192 48.42477 13.0790415 4.3988338 -9.677271 -0.02381183 1260163463680
152.36783 52.703533 13.87509 4.3988338 -9.677271 -0.02381183 1260163463692
152.36783 52.703533 13.87509 4.6263204 -9.853994 -0.48639408 1260163463697
155.49944 57.718357 14.731336 4.6263204 -9.853994 -0.48639408 1260163463712
155.49944 57.718357 14.731336 4.8342605 -9.749475 -1.0899724 1260163463715
160.72446 63.48244 15.344769 4.8342605 -9.749475 -1.0899724 1260163463735
160.72446 63.48244 15.344769 5.010011 -9.377773 -1.8404363 1260163463738
168.03824 51.50832 15.52753 5.010011 -9.377773 -1.8404363 1260163463750
168.03824 51.50832 15.52753 5.0748215 -8.842145 -2.6848135 1260163463761
176.03633 40.182903 15.251153 5.0748215 -8.842145 -2.6848135 1260163463772
176.03633 40.182903 15.251153 4.9933777 -8.319677 -3.4787996 1260163463777
170.73451 46.823757 14.388596 4.9933777 -8.319677 -3.4787996 1260163463792
170.73451 46.823757 14.388596 4.711701 -8.003122 -4.0880294 1260163463795
165.3478 51.68257 12.469166 4.711701 -8.003122 -4.0880294 1260163463816
165.3478 51.68257 12.469166 4.193494 -8.010215 -4.369193 1260163463824
161.5804 55.39844 10.045708 4.193494 -8.010215 -4.369193 1260163463833
161.5804 55.39844 10.045708 3.5220895 -8.251223 -4.20181 1260163463838
158.20139 54.72852 7.743422 3.5220895 -8.251223 -4.20181 1260163463851
158.20139 54.72852 7.743422 2.7909558 -8.474731 -3.5674455 1260163463859
154.64131 53.192093 5.856251 2.7909558 -8.474731 -3.5674455 1260163463874
154.64131 53.192093 5.856251 2.1181715 -8.490932 -2.5691283 1260163463877
150.80925 51.13249 4.463438 2.1181715 -8.490932 -2.5691283 1260163463893
150.80925 51.13249 4.463438 1.5811789 -8.293845 -1.4184647 1260163463896
146.86879 48.875862 3.3902662 1.5811789 -8.293845 -1.4184647 1260163463912
146.86879 48.875862 3.3902662 1.2086015 -7.9867535 -0.3988842 1260163463919
143.17535 46.88207 2.6207528 1.2086015 -7.9867535 -0.3988842 1260163463932
143.17535 46.88207 2.6207528 1.0037957 -7.6977406 0.31569773 1260163463935
140.41658 45.637966 2.3397152 1.0037957 -7.6977406 0.31569773 1260163463955
140.41658 45.637966 2.3397152 0.92500323 -7.488556 0.7405311 1260163464120
