180.4683 21.727634 7.7361193 1.189871 -3.547209 8.761554 1260163488327
180.4683 21.727634 7.7361193 1.3176572 -3.5911791 8.847178 1260163488336
180.8449 21.891253 8.449313 1.3176572 -3.5911791 8.847178 1260163488342
180.8449 21.891253 8.449313 1.4574416 -3.6465712 8.859739 1260163488345
181.45265 22.24669 9.326848 1.4574416 -3.6465712 8.859739 1260163488377
181.45265 22.24669 9.326848 1.6372269 -3.7400546 8.852604 1260163488383
182.58002 22.734356 10.4605055 1.6372269 -3.7400546 8.852604 1260163488388
182.58002 22.734356 10.4605055 1.8597803 -3.8615527 8.788619 1260163488395
183.65102 23.397638 11.63748 1.8597803 -3.8615527 8.788619 1260163488403
183.65102 23.397638 11.63748 2.1045759 -4.020561 8.694464 1260163488406
184.31847 24.127756 12.755606 2.1045759 -4.020561 8.694464 1260163488417
184.31847 24.127756 12.755606 2.3568811 -4.209756 8.615912 1260163488423
184.45255 24.771368 13.767825 2.3568811 -4.209756 8.615912 1260163488426
184.45255 24.771368 13.767825 2.5992954 -4.3922153 8.563763 1260163488437
184.02992 25.3328 14.779434 2.5992954 -4.3922153 8.563763 1260163488441
184.02992 25.3328 14.779434 2.8186924 -4.5410347 8.511497 1260163488448
183.07843 25.76616 15.840463 2.8186924 -4.5410347 8.511497 1260163488459
183.07843 25.76616 15.840463 3.0216715 -4.6415524 8.428473 1260163488463
182.62451 26.027851 17.048439 3.0216715 -4.6415524 8.428473 1260163488475
182.62451 26.027851 17.048439 3.2124586 -4.682563 8.300569 1260163488482
189.84329 25.926458 18.596018 3.2124586 -4.682563 8.300569 1260163488493
189.84329 25.926458 18.596018 3.3964305 -4.634352 8.127301 1260163488496
197.95113 25.230135 20.466217 3.3964305 -4.634352 8.127301 1260163488513
197.95113 25.230135 20.466217 3.578695 -4.487762 7.9415855 1260163488518
188.45357 23.918629 22.292906 3.578695 -4.487762 7.9415855 1260163488533
188.45357 23.918629 22.292906 3.7572944 -4.2558827 7.776052 1260163488540
180.1809 22.272697 23.72826 3.7572944 -4.2558827 7.776052 1260163488553
180.1809 22.272697 23.72826 3.9092574 -3.9729438 7.6487603 1260163488556
172.92184 21.109062 24.941847 3.9092574 -3.9729438 7.6487603 1260163488574
172.92184 21.109062 24.941847 4.042045 -3.7640812 7.557798 1260163488577
166.62575 20.70361 26.094755 4.042045 -3.7640812 7.557798 1260163488592
166.62575 20.70361 26.094755 4.193391 -3.685521 7.4768314 1260163488601
161.44446 21.068428 27.090017 4.193391 -3.685521 7.4768314 1260163488612
161.44446 21.068428 27.090017 4.3725824 -3.7579885 7.3753967 1260163488615
157.32224 22.065006 27.935516 4.3725824 -3.7579885 7.3753967 1260163488631
157.32224 22.065006 27.935516 4.610916 -4.003897 7.213656 1260163488634
154.40613 23.211756 28.78874 4.610916 -4.003897 7.213656 1260163488651
154.40613 23.211756 28.78874 4.9340377 -4.3519216 6.884981 1260163488654
152.68582 28.651167 29.349302 4.9340377 -4.3519216 6.884981 1260163488671
152.68582 28.651167 29.349302 5.2770967 -4.810576 6.3677535 1260163488674
151.80153 33.91861 29.631838 5.2770967 -4.810576 6.3677535 1260163488693
151.80153 33.91861 29.631838 5.6084514 -5.3252954 5.6305404 1260163488696
151.26146 39.12268 29.550245 5.6084514 -5.3252954 5.6305404 1260163488716
151.26146 39.12268 29.550245 5.8816957 -5.8660364 4.6570997 1260163488719
150.39839 44.216545 29.072733 5.8816957 -5.8660364 4.6570997 1260163488730
150.39839 44.216545 29.072733 6.033677 -6.3879123 3.532793 1260163488734
148.97847 49.25572 28.319096 6.033677 -6.3879123 3.532793 1260163488750
148.97847 49.25572 28.319096 6.0568385 -6.8510056 2.282189 1260163488754
146.67955 54.142933 27.253141 6.0568385 -6.8510056 2.282189 1260163488770
146.67955 54.142933 27.253141 5.933104 -7.290944 0.9708509 1260163488774
143.14557 58.885788 25.940485 5.933104 -7.290944 0.9708509 1260163488790
143.14557 58.885788 25.940485 5.650069 -7.668025 -0.29671288 1260163488793
138.33829 63.3915 24.29346 5.650069 -7.668025 -0.29671288 1260163488810
138.33829 63.3915 24.29346 5.212975 -7.9663224 -1.3967028 1260163488814
132.37137 67.67192 22.378788 5.212975 -7.9663224 -1.3967028 1260163488830
132.37137 67.67192 22.378788 4.657446 -8.170707 -2.2973173 1260163488834
143.4028 71.838326 20.15985 4.657446 -8.170707 -2.2973173 1260163488850
143.4028 71.838326 20.15985 4.0336695 -8.261357 -3.0023963 1260163488854
153.08266 75.84641 17.751856 4.0336695 -8.261357 -3.0023963 1260163488870
153.08266 75.84641 17.751856 3.402264 -8.273926 -3.5360181 1260163488874
162.07852 79.65409 15.314263 3.402264 -8.273926 -3.5360181 1260163488890
162.07852 79.65409 15.314263 2.8133252 -8.250452 -3.9469352 1260163488893
170.9746 83.07139 12.798551 2.8133252 -8.250452 -3.9469352 1260163489075
170.9746 83.07139 12.798551 2.2538333 -8.222704 -4.214723 1260163489084
162.52586 86.06782 10.158623 2.2538333 -8.222704 -4.214723 1260163489088
162.52586 86.06782 10.158623 1.7168678 -8.20724 -4.3049965 1260163489096
157.39957 88.714424 7.3006916 1.7168678 -8.20724 -4.3049965 1260163489099
157.39957 88.714424 7.3006916 1.1931303 -8.187101 -4.2075624 1260163489103
154.07959 86.1787 4.3356566 1.1931303 -8.187101 -4.2075624 1260163489108
154.07959 86.1787 4.3356566 0.6622097 -8.146176 -3.943384 1260163489116
151.12561 83.719765 1.6688738 0.6622097 -8.146176 -3.943384 1260163489120
151.12561 83.719765 1.6688738 0.14693888 -8.123642 -3.566426 1260163489123
148.36932 81.43378 -0.4145699 0.14693888 -8.123642 -3.566426 1260163489128
148.36932 81.43378 -0.4145699 -0.28195783 -8.118579 -3.0939052 1260163489134
145.70085 79.31209 -1.7438414 -0.28195783 -8.118579 -3.0939052 1260163489139
145.70085 79.31209 -1.7438414 -0.64514357 -8.22818 -2.429128 1260163489143
143.11581 77.24648 -2.5566494 -0.64514357 -8.22818 -2.429128 1260163489145
143.11581 77.24648 -2.5566494 -0.94862795 -8.476677 -1.5408459 1260163489154
140.46002 75.08416 -3.028817 -0.94862795 -8.476677 -1.5408459 1260163489156
140.46002 75.08416 -3.028817 -1.1572591 -8.756334 -0.43751043 1260163489162
137.63702 72.82995 -3.2773762 -1.1572591 -8.756334 -0.43751043 1260163489168
137.63702 72.82995 -3.2773762 -1.3057444 -9.035629 0.82654077 1260163489179
134.80518 70.58845 -3.3135073 -1.3057444 -9.035629 0.82654077 1260163489183
134.80518 70.58845 -3.3135073 -1.3562301 -9.279166 2.0954912 1260163489187
132.06491 68.509026 -3.147832 -1.3562301 -9.279166 2.0954912 1260163489194
132.06491 68.509026 -3.147832 -1.2938668 -9.529595 3.3009942 1260163489200
129.51167 66.68357 -2.8904402 -1.2938668 -9.529595 3.3009942 1260163489203
129.51167 66.68357 -2.8904402 -1.1631148 -9.876466 4.446222 1260163489208
127.28609 65.24939 -2.5459182 -1.1631148 -9.876466 4.446222 1260163489214
127.28609 65.24939 -2.5459182 -0.99191016 -10.377609 5.482431 1260163489220
125.47179 64.23692 -2.1686223 -0.99191016 -10.377609 5.482431 1260163489225
125.47179 64.23692 -2.1686223 -0.79385287 -11.006243 6.327902 1260163489236
124.048195 63.775078 -1.7101911 -0.79385287 -11.006243 6.327902 1260163489240
124.048195 63.775078 -1.7101911 -0.57777673 -11.70696 6.8600545 1260163489245
122.795784 64.08633 -1.3746816 -0.57777673 -11.70696 6.8600545 1260163489248
122.795784 64.08633 -1.3746816 -0.43039086 -12.435294 6.9917207 1260163489257
121.70599 65.23201 -1.1559474 -0.43039086 -12.435294 6.9917207 1260163489263
121.70599 65.23201 -1.1559474 -0.3373645 -13.176246 6.6686945 1260163489273
120.67069 67.32041 -0.94815004 -0.3373645 -13.176246 6.6686945 1260163489281
120.67069 67.32041 -0.94815004 -0.24626537 -13.822944 5.949123 1260163489284
119.537155 69.95439 -0.8007425 -0.24626537 -13.822944 5.949123 1260163489293
119.537155 69.95439 -0.8007425 -0.17606562 -14.361033 4.940685 1260163489303
118.66029 73.05667 -0.56070536 -0.17606562 -14.361033 4.940685 1260163489315
118.66029 73.05667 -0.56070536 -0.056937527 -14.785048 3.6741676 1260163489319
117.97728 76.50384 -0.28267008 -0.056937527 -14.785048 3.6741676 1260163489332
117.97728 76.50384 -0.28267008 0.07802673 -14.999901 2.2768862 1260163489337
116.97842 80.17864 -0.11853657 0.07802673 -14.999901 2.2768862 1260163489360
116.97842 80.17864 -0.11853657 0.14563222 -15.024222 0.8078173 1260163489363
115.47949 84.16971 -0.112609744 0.14563222 -15.024222 0.8078173 1260163489373
115.47949 84.16971 -0.112609744 0.13290247 -14.813058 -0.6865458 1260163489376
111.95552 88.411224 -0.30697927 0.13290247 -14.813058 -0.6865458 1260163489390
111.95552 88.411224 -0.30697927 0.0186566 -14.367286 -2.117087 1260163489399
122.05775 92.790665 -0.7416303 0.0186566 -14.367286 -2.117087 1260163489414
122.05775 92.790665 -0.7416303 -0.20837401 -13.76129 -3.473377 1260163489420
128.55486 79.20113 -1.3545488 -0.20837401 -13.76129 -3.473377 1260163489432
128.55486 79.20113 -1.3545488 -0.5309728 -13.054837 -4.704647 1260163489435
133.77711 66.391075 -2.1868215 -0.5309728 -13.054837 -4.704647 1260163489455
133.77711 66.391075 -2.1868215 -0.93142205 -12.326503 -5.775606 1260163489458
138.33826 54.271523 -3.2274804 -0.93142205 -12.326503 -5.775606 1260163489472
138.33826 54.271523 -3.2274804 -1.3806317 -11.612792 -6.6568136 1260163489479
142.82135 42.757946 -4.5161066 -1.3806317 -11.612792 -6.6568136 1260163489499
142.82135 42.757946 -4.5161066 -1.8625432 -10.951112 -7.3025947 1260163489502
147.53029 31.67005 -6.1903014 -1.8625432 -10.951112 -7.3025947 1260163489512
147.53029 31.67005 -6.1903014 -2.3727975 -10.390616 -7.7029285 1260163489515
152.75377 38.73655 -8.430786 -2.3727975 -10.390616 -7.7029285 1260163489535
152.75377 38.73655 -8.430786 -2.9072533 -9.969833 -7.83195 1260163489538
158.41608 44.849724 -11.259247 -2.9072533 -9.969833 -7.83195 1260163489557
158.41608 44.849724 -11.259247 -3.4367788 -9.709017 -7.656916 1260163489560
154.89528 44.007236 -13.796285 -3.4367788 -9.709017 -7.656916 1260163489572
154.89528 44.007236 -13.796285 -3.9180355 -9.572927 -7.2502346 1260163489576
151.80052 43.556873 -15.60647 -3.9180355 -9.572927 -7.2502346 1260163489592
151.80052 43.556873 -15.60647 -4.314619 -9.533537 -6.6697974 1260163489595
149.0105 43.37903 -16.426147 -4.314619 -9.533537 -6.6697974 1260163489615
149.0105 43.37903 -16.426147 -4.5864964 -9.64594 -5.8235016 1260163489618
146.40997 43.310078 -16.55484 -4.5864964 -9.64594 -5.8235016 1260163489637
146.40997 43.310078 -16.55484 -4.726283 -9.921616 -4.7600527 1260163489641
143.88948 43.144573 -16.227098 -4.726283 -9.921616 -4.7600527 1260163489652
143.88948 43.144573 -16.227098 -4.7405834 -10.316987 -3.4903088 1260163489655
141.29501 42.837345 -15.665744 -4.7405834 -10.316987 -3.4903088 1260163489827
141.29501 42.837345 -15.665744 -4.64112 -10.768864 -2.0545492 1260163489838
138.73026 42.49548 -14.882457 -4.64112 -10.768864 -2.0545492 1260163489842
138.73026 42.49548 -14.882457 -4.422684 -11.198146 -0.6415443 1260163489847
136.29375 42.320705 -13.9383335 -4.422684 -11.198146 -0.6415443 1260163489856
136.29375 42.320705 -13.9383335 -4.088501 -11.654998 0.6517771 1260163489860
134.12906 42.45467 -12.791417 -4.088501 -11.654998 0.6517771 1260163489863
134.12906 42.45467 -12.791417 -3.6443577 -12.197969 1.7299275 1260163489868
132.3226 42.981937 -11.501846 -3.6443577 -12.197969 1.7299275 1260163489875
132.3226 42.981937 -11.501846 -3.114821 -12.860892 2.5253487 1260163489881
130.85648 44.03284 -10.176754 -3.114821 -12.860892 2.5253487 1260163489884
130.85648 44.03284 -10.176754 -2.5709 -13.599632 2.939128 1260163489887
129.71365 45.5312 -8.867916 -2.5709 -13.599632 2.939128 1260163489895
129.71365 45.5312 -8.867916 -2.0650713 -14.276918 2.8160071 1260163489898
128.87798 49.10464 -7.6745205 -2.0650713 -14.276918 2.8160071 1260163489904
128.87798 49.10464 -7.6745205 -1.614499 -14.792309 2.1555905 1260163489907
128.13408 53.39941 -6.6907945 -1.614499 -14.792309 2.1555905 1260163489915
128.13408 53.39941 -6.6907945 -1.2361695 -15.064004 1.0637408 1260163489918
127.97737 58.37944 -5.8562546 -1.2361695 -15.064004 1.0637408 1260163489924
127.97737 58.37944 -5.8562546 -0.90740216 -14.997951 -0.32560232 1260163489937
128.6785 63.71047 -5.113442 -0.90740216 -14.997951 -0.32560232 1260163489940
128.6785 63.71047 -5.113442 -0.6277621 -14.641 -1.7741907 1260163489944
129.44458 69.12495 -4.60777 -0.6277621 -14.641 -1.7741907 1260163489948
129.44458 69.12495 -4.60777 -0.46698067 -14.119384 -3.1503496 1260163489955
126.57235 74.4687 -4.3773813 -0.46698067 -14.119384 -3.1503496 1260163489961
126.57235 74.4687 -4.3773813 -0.44907978 -13.523059 -4.43046 1260163489964
135.79373 79.545265 -4.508512 -0.44907978 -13.523059 -4.43046 1260163489976
135.79373 79.545265 -4.508512 -0.59483707 -12.940206 -5.553265 1260163489980
142.40405 84.418 -5.0330863 -0.59483707 -12.940206 -5.553265 1260163489983
142.40405 84.418 -5.0330863 -0.88721645 -12.348358 -6.4782786 1260163489999
147.18385 71.2471 -5.931432 -0.88721645 -12.348358 -6.4782786 1260163490002
147.18385 71.2471 -5.931432 -1.2698535 -11.707105 -7.1629515 1260163490007
150.32466 59.034744 -7.18486 -1.2698535 -11.707105 -7.1629515 1260163490021
150.32466 59.034744 -7.18486 -1.6966933 -10.999847 -7.6138525 1260163490024
152.30843 47.733006 -8.725617 -1.6966933 -10.999847 -7.6138525 1260163490033
152.30843 47.733006 -8.725617 -2.129432 -10.259851 -7.859696 1260163490036
153.843 37.096355 -10.639337 -2.129432 -10.259851 -7.859696 1260163490043
153.843 37.096355 -10.639337 -2.5548348 -9.562304 -7.918226 1260163490046
155.25085 26.691538 -13.30737 -2.5548348 -9.562304 -7.918226 1260163490056
155.25085 26.691538 -13.30737 -2.96714 -8.992251 -7.771567 1260163490060
155.23831 34.10696 -16.892002 -2.96714 -8.992251 -7.771567 1260163490072
155.23831 34.10696 -16.892002 -3.3424854 -8.586905 -7.3945656 1260163490080
153.2264 33.20161 -19.097403 -3.3424854 -8.586905 -7.3945656 1260163490092
153.2264 33.20161 -19.097403 -3.6493492 -8.310788 -6.806912 1260163490095
150.86508 32.64153 -19.942532 -3.6493492 -8.310788 -6.806912 1260163490115
150.86508 32.64153 -19.942532 -3.8550615 -8.135648 -6.0000696 1260163490119
148.47183 32.209454 -19.745405 -3.8550615 -8.135648 -6.0000696 1260163490135
148.47183 32.209454 -19.745405 -3.9047506 -8.091847 -4.9359646 1260163490138
146.14824 32.04898 -18.908134 -3.9047506 -8.091847 -4.9359646 1260163490152
146.14824 32.04898 -18.908134 -3.7619514 -8.230026 -3.695562 1260163490159
143.89082 32.04653 -17.662727 -3.7619514 -8.230026 -3.695562 1260163490173
143.89082 32.04653 -17.662727 -3.419263 -8.551981 -2.3285375 1260163490176
141.64629 32.044205 -16.129591 -3.419263 -8.551981 -2.3285375 1260163490193
141.64629 32.044205 -16.129591 -2.8819125 -8.974973 -0.9018331 1260163490196
139.51398 32.091995 -14.323112 -2.8819125 -8.974973 -0.9018331 1260163490212
139.51398 32.091995 -14.323112 -2.1759775 -9.406779 0.37453803 1260163490219
137.63828 32.187397 -12.256956 -2.1759775 -9.406779 0.37453803 1260163490232
137.63828 32.187397 -12.256956 -1.3534724 -9.81972 1.4284135 1260163490239
136.10635 32.528027 -10.044108 -1.3534724 -9.81972 1.4284135 1260163490255
136.10635 32.528027 -10.044108 -0.48968935 -10.258323 2.2028165 1260163490262
135.05104 33.251625 -7.791903 -0.48968935 -10.258323 2.2028165 1260163490273
135.05104 33.251625 -7.791903 0.32818037 -10.751269 2.5891373 1260163490276
134.44849 34.339043 -5.652308 0.32818037 -10.751269 2.5891373 1260163490292
134.44849 34.339043 -5.652308 1.0200294 -11.233189 2.5053086 1260163490298
134.27606 39.12209 -3.9196925 1.0200294 -11.233189 2.5053086 1260163490313
134.27606 39.12209 -3.9196925 1.5281433 -11.54936 1.8903917 1260163490321
134.76225 44.715984 -2.723708 1.5281433 -11.54936 1.8903917 1260163490332
134.76225 44.715984 -2.723708 1.8623896 -11.5582485 0.8390426 1260163490335
136.47414 50.880184 -1.9375225 1.8623896 -11.5582485 0.8390426 1260163490355
136.47414 50.880184 -1.9375225 2.0695987 -11.272492 -0.50365275 1260163490358
140.15044 57.186176 -1.4406464 2.0695987 -11.272492 -0.50365275 1260163490372
140.15044 57.186176 -1.4406464 2.1615708 -10.793995 -1.9433385 1260163490378
144.89291 63.276867 -1.168614 2.1615708 -10.793995 -1.9433385 1260163490395
144.89291 63.276867 -1.168614 2.155645 -10.27132 -3.31104 1260163490403
140.79826 69.01302 -1.1101834 2.155645 -10.27132 -3.31104 1260163490412
140.79826 69.01302 -1.1101834 2.0424144 -9.807468 -4.5749435 1260163490415
149.50835 74.41237 -1.3046741 2.0424144 -9.807468 -4.5749435 1260163490583
149.50835 74.41237 -1.3046741 1.8217967 -9.391326 -5.6878004 1260163490596
155.58293 79.59175 -1.7394404 1.8217967 -9.391326 -5.6878004 1260163490600
155.58293 79.59175 -1.7394404 1.5243585 -8.963302 -6.6088114 1260163490604
159.40378 66.712166 -2.3524685 1.5243585 -8.963302 -6.6088114 1260163490608
159.40378 66.712166 -2.3524685 1.1839058 -8.483129 -7.306026 1260163490618
162.13359 54.576557 -3.184845 1.1839058 -8.483129 -7.306026 1260163490622
162.13359 54.576557 -3.184845 0.84345037 -7.9915514 -7.771566 1260163490626
165.52692 42.947727 -4.4756026 0.84345037 -7.9915514 -7.771566 1260163490634
165.52692 42.947727 -4.4756026 0.46553627 -7.5735865 -7.9924984 1260163490637
169.55057 49.300343 -6.851823 0.46553627 -7.5735865 -7.9924984 1260163490643
169.55057 49.300343 -6.851823 0.037054114 -7.2800345 -7.9020553 1260163490646
167.22304 47.935326 -9.859232 0.037054114 -7.2800345 -7.9020553 1260163490654
167.22304 47.935326 -9.859232 -0.4415108 -7.1101227 -7.447704 1260163490657
164.56189 46.53856 -11.66627 -0.4415108 -7.1101227 -7.447704 1260163490660
164.56189 46.53856 -11.66627 -0.97582644 -7.019532 -6.6033735 1260163490664
161.8338 44.86163 -12.782957 -0.97582644 -7.019532 -6.6033735 1260163490680
161.8338 44.86163 -12.782957 -1.5167962 -6.9089546 -5.416485 1260163490684
158.99211 42.968548 -13.49381 -1.5167962 -6.9089546 -5.416485 1260163490692
158.99211 42.968548 -13.49381 -2.0055199 -6.7221837 -4.032197 1260163490695
156.04251 41.02012 -13.86912 -2.0055199 -6.7221837 -4.032197 1260163490701
156.04251 41.02012 -13.86912 -2.4037485 -6.482098 -2.5693429 1260163490704
153.09038 39.169113 -13.975664 -2.4037485 -6.482098 -2.5693429 1260163490707
153.09038 39.169113 -13.975664 -2.6526725 -6.2458444 -1.1551149 1260163490714
150.28586 37.660656 -13.676881 -2.6526725 -6.2458444 -1.1551149 1260163490717
150.28586 37.660656 -13.676881 -2.6991465 -6.122194 0.09033529 1260163490723
147.72157 36.677624 -12.893037 -2.6991465 -6.122194 0.09033529 1260163490728
147.72157 36.677624 -12.893037 -2.525371 -6.159998 1.1257321 1260163490740
145.6355 36.39374 -11.548385 -2.525371 -6.159998 1.1257321 1260163490743
145.6355 36.39374 -11.548385 -2.148488 -6.370252 1.9043727 1260163490748
144.10373 36.774055 -9.720965 -2.148488 -6.370252 1.9043727 1260163490757
144.10373 36.774055 -9.720965 -1.6358583 -6.725266 2.3791656 1260163490761
143.14854 37.585354 -7.6349173 -1.6358583 -6.725266 2.3791656 1260163490773
143.14854 37.585354 -7.6349173 -1.0501125 -7.136079 2.521718 1260163490776
142.64111 41.956085 -5.5031714 -1.0501125 -7.136079 2.521718 1260163490784
142.64111 41.956085 -5.5031714 -0.44938785 -7.5699363 2.3322976 1260163490787
142.50906 46.458282 -3.628013 -0.44938785 -7.5699363 2.3322976 1260163490797
142.50906 46.458282 -3.628013 0.13492088 -7.9848247 1.794133 1260163490806
142.8836 51.33537 -2.1466122 0.13492088 -7.9848247 1.794133 1260163490816
142.8836 51.33537 -2.1466122 0.6709457 -8.299971 0.87903315 1260163490820
143.88942 56.5186 -0.9392815 0.6709457 -8.299971 0.87903315 1260163490834
143.88942 56.5186 -0.9392815 1.1467994 -8.457707 -0.27701995 1260163490842
145.79495 61.94267 0.0076825893 1.1467994 -8.457707 -0.27701995 1260163490852
145.79495 61.94267 0.0076825893 1.540974 -8.405976 -1.596601 1260163490855
149.65521 67.595535 0.70729846 1.540974 -8.405976 -1.596601 1260163490875
149.65521 67.595535 0.70729846 1.8248645 -8.117114 -2.9816394 1260163490878
156.87245 55.365757 1.1719335 1.8248645 -8.117114 -2.9816394 1260163490892
156.87245 55.365757 1.1719335 2.00058 -7.6356654 -4.2974257 1260163490897
149.27882 43.997467 1.4133369 2.00058 -7.6356654 -4.2974257 1260163490915
149.27882 43.997467 1.4133369 2.055142 -7.05843 -5.517458 1260163490923
144.66489 33.297592 1.44267 2.055142 -7.05843 -5.517458 1260163490933
144.66489 33.297592 1.44267 1.9939269 -6.4664717 -6.5995336 1260163490936
142.13164 23.182713 1.2705365 1.9939269 -6.4664717 -6.5995336 1260163490951
142.13164 23.182713 1.2705365 1.8499644 -5.904111 -7.521267 1260163490959
141.92505 13.473577 0.9070097 1.8499644 -5.904111 -7.521267 1260163490973
141.92505 13.473577 0.9070097 1.6416932 -5.440694 -8.230064 1260163490980
147.1288 3.7998977 0.111659236 1.6416932 -5.440694 -8.230064 1260163490992
147.1288 3.7998977 0.111659236 1.338959 -5.166616 -8.671195 1260163491006
156.22237 11.609902 -1.0939238 1.338959 -5.166616 -8.671195 1260163491015
156.22237 11.609902 -1.0939238 0.9744064 -5.1541324 -8.855318 1260163491018
150.11125 17.779408 -2.6892276 0.9744064 -5.1541324 -8.855318 1260163491032
150.11125 17.779408 -2.6892276 0.57836723 -5.3493023 -8.710837 1260163491039
147.25569 19.640436 -4.2547665 0.57836723 -5.3493023 -8.710837 1260163491059
147.25569 19.640436 -4.2547665 0.14696759 -5.665469 -8.213323 1260163491062
145.34291 21.058414 -5.492028 0.14696759 -5.665469 -8.213323 1260163491072
145.34291 21.058414 -5.492028 -0.2294922 -5.941311 -7.4621477 1260163491076
143.62576 21.405493 -6.467427 -0.2294922 -5.941311 -7.4621477 1260163491095
143.62576 21.405493 -6.467427 -0.54558694 -6.0099516 -6.489064 1260163491098
141.79448 21.085218 -7.1440554 -0.54558694 -6.0099516 -6.489064 1260163491116
141.79448 21.085218 -7.1440554 -0.7852664 -5.9198885 -5.4495425 1260163491120
139.80475 20.430958 -7.4868526 -0.7852664 -5.9198885 -5.4495425 1260163491132
139.80475 20.430958 -7.4868526 -0.92783475 -5.730814 -4.4674454 1260163491136
137.71451 19.60941 -7.51251 -0.92783475 -5.730814 -4.4674454 1260163491154
137.71451 19.60941 -7.51251 -0.9720183 -5.4858155 -3.5780382 1260163491157
135.62878 18.778938 -7.1868844 -0.9720183 -5.4858155 -3.5780382 1260163491170
135.62878 18.778938 -7.1868844 -0.9315896 -5.2394466 -2.8182285 1260163491178
