180.4683 21.727634 7.7361193 1260163488327
180.8449 21.891253 8.449313 1260163488342
181.45265 22.24669 9.326848 1260163488377
182.58002 22.734356 10.4605055 1260163488388
183.65102 23.397638 11.63748 1260163488403
184.31847 24.127756 12.755606 1260163488417
184.45255 24.771368 13.767825 1260163488426
184.02992 25.3328 14.779434 1260163488441
183.07843 25.76616 15.840463 1260163488459
182.62451 26.027851 17.048439 1260163488475
189.84329 25.926458 18.596018 1260163488493
197.95113 25.230135 20.466217 1260163488513
188.45357 23.918629 22.292906 1260163488533
180.1809 22.272697 23.72826 1260163488553
172.92184 21.109062 24.941847 1260163488574
166.62575 20.70361 26.094755 1260163488592
161.44446 21.068428 27.090017 1260163488612
157.32224 22.065006 27.935516 1260163488631
154.40613 23.211756 28.78874 1260163488651
152.68582 28.651167 29.349302 1260163488671
151.80153 33.91861 29.631838 1260163488693
151.26146 39.12268 29.550245 1260163488716
150.39839 44.216545 29.072733 1260163488730
148.97847 49.25572 28.319096 1260163488750
146.67955 54.142933 27.253141 1260163488770
143.14557 58.885788 25.940485 1260163488790
138.33829 63.3915 24.29346 1260163488810
132.37137 67.67192 22.378788 1260163488830
143.4028 71.838326 20.15985 1260163488850
153.08266 75.84641 17.751856 1260163488870
162.07852 79.65409 15.314263 1260163488890
170.9746 83.07139 12.798551 1260163489075
162.52586 86.06782 10.158623 1260163489088
157.39957 88.714424 7.3006916 1260163489099
154.07959 86.1787 4.3356566 1260163489108
151.12561 83.719765 1.6688738 1260163489120
148.36932 81.43378 -0.4145699 1260163489128
145.70085 79.31209 -1.7438414 1260163489139
143.11581 77.24648 -2.5566494 1260163489145
140.46002 75.08416 -3.028817 1260163489156
137.63702 72.82995 -3.2773762 1260163489168
134.80518 70.58845 -3.3135073 1260163489183
132.06491 68.509026 -3.147832 1260163489194
129.51167 66.68357 -2.8904402 1260163489203
127.28609 65.24939 -2.5459182 1260163489214
125.47179 64.23692 -2.1686223 1260163489225
124.048195 63.775078 -1.7101911 1260163489240
122.795784 64.08633 -1.3746816 1260163489248
121.70599 65.23201 -1.1559474 1260163489263
120.67069 67.32041 -0.94815004 1260163489281
119.537155 69.95439 -0.8007425 1260163489293
118.66029 73.05667 -0.56070536 1260163489315
117.97728 76.50384 -0.28267008 1260163489332
116.97842 80.17864 -0.11853657 1260163489360
115.47949 84.16971 -0.112609744 1260163489373
111.95552 88.411224 -0.30697927 1260163489390
122.05775 92.790665 -0.7416303 1260163489414
128.55486 79.20113 -1.3545488 1260163489432
133.77711 66.391075 -2.1868215 1260163489455
138.33826 54.271523 -3.2274804 1260163489472
142.82135 42.757946 -4.5161066 1260163489499
147.53029 31.67005 -6.1903014 1260163489512
152.75377 38.73655 -8.430786 1260163489535
158.41608 44.849724 -11.259247 1260163489557
154.89528 44.007236 -13.796285 1260163489572
151.80052 43.556873 -15.60647 1260163489592
149.0105 43.37903 -16.426147 1260163489615
146.40997 43.310078 -16.55484 1260163489637
143.88948 43.144573 -16.227098 1260163489652
141.29501 42.837345 -15.665744 1260163489827
138.73026 42.49548 -14.882457 1260163489842
136.29375 42.320705 -13.9383335 1260163489856
134.12906 42.45467 -12.791417 1260163489863
132.3226 42.981937 -11.501846 1260163489875
130.85648 44.03284 -10.176754 1260163489884
129.71365 45.5312 -8.867916 1260163489895
128.87798 49.10464 -7.6745205 1260163489904
128.13408 53.39941 -6.6907945 1260163489915
127.97737 58.37944 -5.8562546 1260163489924
128.6785 63.71047 -5.113442 1260163489940
129.44458 69.12495 -4.60777 1260163489948
126.57235 74.4687 -4.3773813 1260163489961
135.79373 79.545265 -4.508512 1260163489976
142.40405 84.418 -5.0330863 1260163489983
147.18385 71.2471 -5.931432 1260163490002
150.32466 59.034744 -7.18486 1260163490021
152.30843 47.733006 -8.725617 1260163490033
153.843 37.096355 -10.639337 1260163490043
155.25085 26.691538 -13.30737 1260163490056
155.23831 34.10696 -16.892002 1260163490072
153.2264 33.20161 -19.097403 1260163490092
150.86508 32.64153 -19.942532 1260163490115
148.47183 32.209454 -19.745405 1260163490135
146.14824 32.04898 -18.908134 1260163490152
143.89082 32.04653 -17.662727 1260163490173
141.64629 32.044205 -16.129591 1260163490193
139.51398 32.091995 -14.323112 1260163490212
137.63828 32.187397 -12.256956 1260163490232
136.10635 32.528027 -10.044108 1260163490255
135.05104 33.251625 -7.791903 1260163490273
134.44849 34.339043 -5.652308 1260163490292
134.27606 39.12209 -3.9196925 1260163490313
134.76225 44.715984 -2.723708 1260163490332
136.47414 50.880184 -1.9375225 1260163490355
140.15044 57.186176 -1.4406464 1260163490372
144.89291 63.276867 -1.168614 1260163490395
140.79826 69.01302 -1.1101834 1260163490412
149.50835 74.41237 -1.3046741 1260163490583
155.58293 79.59175 -1.7394404 1260163490600
159.40378 66.712166 -2.3524685 1260163490608
162.13359 54.576557 -3.184845 1260163490622
165.52692 42.947727 -4.4756026 1260163490634
169.55057 49.300343 -6.851823 1260163490643
167.22304 47.935326 -9.859232 1260163490654
164.56189 46.53856 -11.66627 1260163490660
161.8338 44.86163 -12.782957 1260163490680
158.99211 42.968548 -13.49381 1260163490692
156.04251 41.02012 -13.86912 1260163490701
153.09038 39.169113 -13.975664 1260163490707
150.28586 37.660656 -13.676881 1260163490717
147.72157 36.677624 -12.893037 1260163490728
145.6355 36.39374 -11.548385 1260163490743
144.10373 36.774055 -9.720965 1260163490757
143.14854 37.585354 -7.6349173 1260163490773
142.64111 41.956085 -5.5031714 1260163490784
142.50906 46.458282 -3.628013 1260163490797
142.8836 51.33537 -2.1466122 1260163490816
143.88942 56.5186 -0.9392815 1260163490834
145.79495 61.94267 0.0076825893 1260163490852
149.65521 67.595535 0.70729846 1260163490875
156.87245 55.365757 1.1719335 1260163490892
149.27882 43.997467 1.4133369 1260163490915
144.66489 33.297592 1.44267 1260163490933
142.13164 23.182713 1.2705365 1260163490951
141.92505 13.473577 0.9070097 1260163490973
147.1288 3.7998977 0.111659236 1260163490992
156.22237 11.609902 -1.0939238 1260163491015
150.11125 17.779408 -2.6892276 1260163491032
147.25569 19.640436 -4.2547665 1260163491059
145.34291 21.058414 -5.492028 1260163491072
143.62576 21.405493 -6.467427 1260163491095
141.79448 21.085218 -7.1440554 1260163491116
139.80475 20.430958 -7.4868526 1260163491132
137.71451 19.60941 -7.51251 1260163491154
135.62878 18.778938 -7.1868844 1260163491170
