0.8988962 2.0434246 2.2276204 1260256620989
12.051604 1.6594763 -2.5793157 1260256620998
19.493643 1.1456027 1.0118179 1260256621009
7.781183 -2.153966 9.046154 1260256621016
-3.576189 -9.165665 0.75515383 1260256621200
-7.270845 -1.4930297 2.557097 1260256621217
5.160316 7.7675953 15.646748 1260256621255
-9.648058 -7.9076376 15.449129 1260256621264
-8.683296 -10.665819 11.05726 1260256621276
-10.024595 -18.72417 27.519157 1260256621288
-19.199217 -31.05416 13.170833 1260256621297
0.504117 -26.026154 10.697791 1260256621303
-1.3196926 -23.809612 7.902358 1260256621314
-7.15765 -12.577166 -14.313875 1260256621323
-7.7839966 -24.386402 -15.823579 1260256621335
-6.2688293 -19.817871 -19.45182 1260256621344
-4.7255898 -5.2074623 -23.829876 1260256621358
-0.056721978 5.225592 -17.885593 1260256621373
7.0895405 4.506111 -9.302496 1260256621382
-12.922707 0.84030676 -9.5077 1260256621396
-1.3512735 16.703794 1.1313422 1260256621413
-14.384935 -5.2112823 3.2373402 1260256621420
-1.9805398 -14.263793 0.87753415 1260256621435
2.6164093 -7.720838 0.3887453 1260256621441
5.2420764 -22.230597 -15.96917 1260256621458
10.331674 -33.607502 -12.179547 1260256621464
14.832697 -14.641651 -16.264105 1260256621479
13.924507 -24.432861 -15.908939 1260256621498
11.232895 -22.769096 -21.344433 1260256621509
9.533525 -2.5167675 -17.566269 1260256621518
6.1050553 -2.5292103 -16.094975 1260256621530
-15.863665 -8.696237 -8.731867 1260256621536
-1.946887 10.783909 5.111344 1260256621554
-7.492114 -11.285229 14.771062 1260256621563
-20.065762 -2.3696218 27.319172 1260256621574
-22.832775 -7.8114448 23.814377 1260256621587
-17.912357 -19.934025 23.836273 1260256621594
-9.638913 -21.52291 17.154263 1260256621614
-1.4580574 -15.424261 -10.255172 1260256621636
1.7022514 -23.524677 -5.3142924 1260256621651
-0.21189332 -17.761236 -29.496109 1260256621673
-4.0449862 -8.932491 -21.989391 1260256621695
-4.8356705 -22.912745 -24.514143 1260256621881
-6.220182 -2.3590589 -15.094036 1260256621901
-14.862196 -13.142397 -12.213964 1260256621913
-7.4131985 -11.997727 -6.053485 1260256621920
-2.7688808 -3.6843762 15.1934185 1260256621933
-6.090781 -23.612053 23.673193 1260256621940
-10.214135 -8.0007515 29.783142 1260256621952
-15.483438 -13.945585 10.832681 1260256621961
-21.235718 -24.93673 12.624029 1260256621972
-18.09219 -23.444262 1.010361 1260256621978
-12.050079 -16.426998 5.2963552 1260256621997
-10.711077 -13.709831 -18.78243 1260256622009
-10.205521 -24.257147 -18.858458 1260256622018
-5.1818404 -14.41543 -17.865362 1260256622030
2.1643 -25.887615 -33.572186 1260256622039
5.2543964 -10.060234 -18.44209 1260256622056
2.1341505 -22.060772 -21.646656 1260256622064
-11.687019 0.11848354 -10.328373 1260256622078
-20.806686 -18.74501 2.8905702 1260256622097
-8.159725 -7.987184 0.6078081 1260256622119
-3.1612082 -13.840436 15.320261 1260256622132
-0.26579094 -32.157257 15.292358 1260256622139
2.1812887 -34.079628 7.947933 1260256622157
2.0055828 -25.576277 3.2757864 1260256622171
2.766337 -26.683912 -2.2574306 1260256622194
4.431983 -4.4859343 -10.734322 1260256622215
6.281004 -20.147001 -20.540016 1260256622238
1.0590346 -1.6251917 -19.6143 1260256622251
-6.721418 -19.259228 -23.722176 1260256622274
-10.739331 -1.3969059 -15.12717 1260256622296
-13.62256 -1.7253962 -6.545665 1260256622317
-12.934615 -13.305085 12.981839 1260256622332
-12.3376045 -25.708061 7.299077 1260256622354
-12.082629 -12.239058 10.418592 1260256622376
-12.130581 -16.118694 17.006184 1260256622391
-10.639833 -23.004856 8.716342 1260256622410
-3.2853975 -3.2860212 5.816806 1260256622434
0.13464832 -9.719871 -18.02761 1260256622470
-2.2927158 -8.38327 -7.507308 1260256622664
-6.631497 -9.026793 -25.589886 1260256622676
-7.4332194 -29.03099 -19.75922 1260256622688
-4.7338605 -30.040092 -22.400618 1260256622697
-9.735294 -21.489344 -19.171064 1260256622704
-19.28896 -6.812151 -1.2787586 1260256622718
-11.998775 -13.214613 -2.2285705 1260256622724
-3.235443 -10.48363 11.074853 1260256622736
-3.8611884 5.284558 13.826207 1260256622744
-9.795146 -16.816547 2.5802317 1260256622756
-3.4681067 -25.255295 2.1568642 1260256622772
6.7818694 -28.802921 -8.941495 1260256622781
9.8670435 -22.236834 -7.0243425 1260256622792
4.3668056 -13.084648 -10.208629 1260256622799
-4.2631536 -14.094822 -17.666718 1260256622812
-9.308772 -20.848558 -12.235182 1260256622829
-11.319939 -22.315697 -4.942076 1260256622838
-11.431047 -18.560057 -2.2898529 1260256622849
-11.996025 -11.987524 1.9189744 1260256622862
-6.1256714 -7.304188 -6.990935 1260256622873
4.3228116 -9.046241 6.7347965 1260256622892
-0.60777664 3.8216054 0.42102385 1260256622911
-14.503922 12.7024975 7.323476 1260256622933
-15.452732 -1.5532929 -1.8337708 1260256622942
-2.4220905 -0.19212699 -1.418616 1260256622957
-15.421083 -14.025158 4.59512 1260256622977
-17.015285 -8.388715 -7.203053 1260256622996
-12.576984 -7.420557 -0.0792582 1260256623019
-4.7585278 -19.839006 8.027991 1260256623036
2.4941256 -21.569546 7.3998256 1260256623053
5.609825 -21.590857 2.3043709 1260256623073
4.124255 -18.504536 -2.6158676 1260256623094
0.98489904 -12.987233 -3.7395976 1260256623118
-2.4906428 -8.039532 -2.8668926 1260256623135
-5.337528 -3.729743 2.2035828 1260256623159
-7.892105 -2.9347792 6.734375 1260256623176
-10.499759 -4.8751774 7.776508 1260256623193
-11.962432 -11.26876 5.634678 1260256623211
-10.109865 -17.113876 3.0511365 1260256623383
