13.450679 3.4377894 4.865003 1260256254381
8.737269 2.7450023 -0.59818125 1260256254393
-2.0555305 4.729974 0.21780944 1260256254402
4.719921 7.864073 1.0477734 1260256254414
11.75551 0.7988694 9.055956 1260256254420
-3.371541 -9.214074 2.680095 1260256254432
-5.564574 0.020314515 6.1845484 1260256254441
-4.3963757 2.2095673 3.8768387 1260256254452
6.3928127 -8.554651 6.558438 1260256254461
3.2480052 -22.550644 18.842268 1260256254472
-12.233908 -25.50979 9.464593 1260256254481
-6.778243 -10.715189 11.120596 1260256254492
6.657125 -23.864586 -1.6840174 1260256254530
9.277506 -10.388051 -4.314129 1260256254537
8.171015 -22.928614 -2.9254382 1260256254551
7.888357 -4.5679817 0.78436136 1260256254558
8.379144 4.087056 -8.678056 1260256254570
7.108445 6.5305095 -10.879681 1260256254579
1.0488834 8.895282 -0.42962027 1260256254598
-7.4507523 -7.0901327 -6.3294797 1260256254604
-9.60556 12.612367 -6.845922 1260256254616
-2.594338 -8.104549 -12.607429 1260256254628
6.4734373 -15.591056 -11.029557 1260256254636
11.179549 -13.348542 -10.955711 1260256254649
13.298994 -14.474487 -6.0061216 1260256254661
15.55333 -33.886192 -4.64719 1260256254671
16.17527 -12.976585 -3.5312748 1260256254682
14.008011 -18.900808 0.27418768 1260256254696
11.228538 -8.30756 -6.7561483 1260256254715
4.208869 6.922221 -0.6355959 1260256254731
2.5906572 7.813073 1.1539304 1260256254760
5.405967 5.8613167 1.3871026 1260256254773
8.957173 -14.89352 -8.475981 1260256254793
12.018132 -12.494149 -2.1698205 1260256254818
13.329205 -11.460258 -4.9516234 1260256254832
13.014511 -28.85574 -2.1641974 1260256254854
13.030263 -23.502625 -6.6967535 1260256254871
11.642977 -3.3941183 -5.4121222 1260256255044
12.427213 -16.460766 -13.160879 1260256255059
13.538752 -4.7524605 -10.926684 1260256255072
13.237562 0.93384266 -17.314804 1260256255079
10.232531 -14.703737 -11.481665 1260256255091
-4.7654233 4.252387 -11.683601 1260256255099
1.9051833 -7.7232075 -2.488134 1260256255111
-14.745301 -5.664313 3.9324045 1260256255120
-20.08715 4.930951 15.753053 1260256255133
-5.132284 -17.629227 25.121191 1260256255140
-0.8811722 -20.71816 22.08749 1260256255156
1.2497089 -24.96518 14.757793 1260256255168
9.918344 -35.38913 -0.33125103 1260256255177
17.48471 -24.2092 -6.6501875 1260256255190
13.3757925 -11.982676 -15.934164 1260256255201
-0.6081228 -19.760277 -5.3490586 1260256255212
9.11614 -3.664924 5.143077 1260256255230
6.039855 14.977397 -1.5075698 1260256255241
-4.82061 10.406446 7.203017 1260256255253
-4.788814 1.976718 0.9487994 1260256255274
-7.825823 -6.8730855 1.5405469 1260256255296
-11.049441 -12.510212 6.089738 1260256255317
-10.523364 -18.195988 10.568223 1260256255332
-0.7275524 8.101839 15.049234 1260256255357
-10.763569 -6.7629566 20.05352 1260256255377
-24.194221 7.9849696 18.828691 1260256255392
-17.037308 -14.984947 8.348081 1260256255414
-30.20461 -11.894872 -5.6184177 1260256255436
-12.401529 -15.265108 -1.376121 1260256255457
-2.2249131 -29.138252 -23.018835 1260256255471
2.848955 -26.49706 -13.473589 1260256255493
1.1024404 -25.928617 -31.328682 1260256255517
-3.850605 -33.775787 -14.912358 1260256255533
-8.182677 -15.372508 -19.43281 1260256255551
-10.321825 -28.761292 -16.272894 1260256255575
-13.076631 -15.200222 -10.223364 1260256255593
-11.221193 -6.097516 -17.119894 1260256255612
0.466053 -9.804137 -1.1318865 1260256255634
-6.305906 -3.5136735 4.8085794 1260256255819
-9.689497 7.8119206 2.809779 1260256255836
-5.0899315 -1.5500348 9.796102 1260256255843
-15.239025 -3.9113545 -1.7431121 1260256255854
-14.145067 -24.956894 6.836975 1260256255863
-10.105917 -26.112581 19.468548 1260256255874
-2.5315895 -18.528965 19.164047 1260256255883
4.4758663 -17.011463 9.232343 1260256255895
7.1046276 -23.855623 9.317361 1260256255903
6.7694817 -25.661755 8.115982 1260256255920
4.6679554 -15.693423 5.5241413 1260256255931
-0.67768335 -3.2538643 -17.973755 1260256255938
-6.9060287 -9.494318 -13.839499 1260256255951
-3.6466622 -9.666794 -18.285778 1260256255958
7.2207546 4.9718256 -28.553534 1260256255976
10.354544 -14.50079 -19.861876 1260256255984
7.4059873 -1.0165434 -14.475109 1260256255997
1.9070759 -3.3196812 -4.468996 1260256256013
-0.6586356 -27.142628 5.188896 1260256256022
0.48040342 -19.964605 22.309483 1260256256035
4.543472 -17.947048 10.401304 1260256256056
7.2720313 -30.981249 11.070934 1260256256071
8.095318 -21.354483 8.391646 1260256256094
7.4700356 -7.5847416 3.826898 1260256256115
7.046049 -2.1304903 0.9280909 1260256256138
7.604789 -6.579795 -5.500933 1260256256152
8.135767 -12.908679 -9.295279 1260256256175
4.7954655 -1.9322655 -28.13893 1260256256196
-1.8561072 -4.4380627 -15.931787 1260256256218
-6.7355976 -5.904747 -27.423332 1260256256232
-10.181145 -12.600481 -19.578531 1260256256254
-13.403862 -9.755169 -7.644173 1260256256277
-14.047692 -28.679996 1.8352675 1260256256291
-12.3604555 -14.092035 10.185272 1260256256314
-9.686553 -30.139017 24.413984 1260256256336
-6.512563 -16.122227 7.2201576 1260256256358
-2.0197892 -11.710259 19.785341 1260256256373
3.9736555 -2.0513554 3.3892086 1260256256394
4.5842323 -7.336013 -18.3639 1260256256579
-0.084374666 -16.297523 -11.332817 1260256256599
-4.4311357 -3.286004 -24.003567 1260256256610
-4.843812 -19.367626 -14.891896 1260256256617
-8.150209 -23.941784 -7.593276 1260256256629
-15.1163845 -4.1051807 2.6721137 1260256256638
-13.433441 -20.251228 14.156372 1260256256649
-6.4937 -1.1005888 18.420937 1260256256658
1.0472665 -21.267353 10.927254 1260256256664
5.104407 -21.099365 -2.8341055 1260256256675
5.853102 -29.685589 -9.31802 1260256256691
1.2862971 -23.779415 -5.953517 1260256256698
-3.8323188 -13.820618 -16.17682 1260256256715
-3.2732153 -17.4754 -9.733946 1260256256724
-0.022106886 -24.285639 -3.1742 1260256256733
-0.31490993 -25.088028 -5.613627 1260256256744
-6.3638725 -23.21566 -5.080589 1260256256758
-16.580511 -4.2049217 -0.5565324 1260256256772
-2.0036516 -13.188441 5.498606 1260256256788
-10.993614 -3.211315 2.1375713 1260256256799
-23.889442 7.7957215 11.805146 1260256256819
-6.787882 15.01591 8.041315 1260256256834
-22.295132 -9.802245 3.3082962 1260256256855
-19.322834 -7.185859 -4.333072 1260256256879
-13.763445 -14.662121 -8.0463085 1260256256892
-2.0101159 -35.439423 -8.829271 1260256256914
10.485994 -29.157505 -19.117035 1260256256937
10.442257 -14.908119 -11.504968 1260256256951
2.5756676 -17.331644 -17.565248 1260256256974
-3.6146517 -23.337116 -13.350204 1260256256994
-4.9004 -22.291183 -0.9495177 1260256257019
2.111638 -2.4091907 3.8133185 1260256257031
-12.989166 -1.3149654 8.61777 1260256257054
-11.015591 -6.1598606 -1.4770613 1260256257076
-0.9174967 -3.669963 4.6842546 1260256257091
-16.546295 10.068664 -1.7885966 1260256257113
-18.598118 5.3906555 -5.274604 1260256257134
-12.736586 -5.3072877 -5.519062 1260256257157
-27.614033 -12.951318 -1.2333263 1260256257339
-13.865071 -2.7012963 -11.569502 1260256257356
-6.5084605 -17.567928 1.9834666 1260256257369
-5.585879 -8.119972 -6.311286 1260256257378
-9.606446 -24.649502 -14.664174 1260256257390
-15.384992 -29.672695 -2.0345511 1260256257400
-18.81264 -15.051264 -2.3177676 1260256257413
-19.476826 -12.805846 -2.9278262 1260256257419
-19.19703 -25.102352 2.1187727 1260256257428
-19.216953 -9.874437 4.683635 1260256257451
-19.458378 -9.325548 0.27429843 1260256257470
-19.990435 -21.724802 3.758865 1260256257477
-18.884346 -11.416055 2.7807233 1260256257483
