1.6782799 1.8431754 14.308987 1260256397574
9.035104 1.055799 11.405208 1260256397583
14.703328 -4.022093 4.6310887 1260256397595
13.057669 -10.595875 -3.7677774 1260256397604
5.6690083 -16.039757 -6.148963 1260256397639
-2.7466254 -17.131596 -1.2437057 1260256397653
-2.4121943 0.9298558 3.4336882 1260256397660
5.6591215 1.6616468 7.0291824 1260256397678
10.002069 0.7985935 6.597654 1260256397690
2.2821388 2.5675075 10.435034 1260256397699
-11.417326 3.3227077 8.182207 1260256397715
3.7148948 -3.3920531 4.088475 1260256397729
-5.2696815 10.255146 4.4964437 1260256397740
-16.43367 -5.3212805 11.454231 1260256397758
-0.74791145 1.8372991 9.694684 1260256397779
-13.806332 -7.3966756 17.820637 1260256397969
-18.847954 -26.696611 2.4793348 1260256397979
-9.543177 -16.743074 4.980965 1260256397991
-1.6795485 -32.791824 -11.819693 1260256398000
0.012905121 -13.43463 -5.100582 1260256398011
-2.572475 -28.303259 -9.735488 1260256398018
-5.5112896 -6.447601 -11.262349 1260256398032
-7.7832484 -14.254391 -6.929418 1260256398039
-9.373217 -0.7419305 -6.378011 1260256398050
-4.696495 -0.4616003 9.348281 1260256398062
-11.2944565 -5.63575 -0.67284125 1260256398076
-0.65219855 -1.7826133 6.572216 1260256398088
4.1663427 6.6397834 3.472324 1260256398098
-13.4076805 1.37023 0.8642478 1260256398109
-13.760376 -8.793239 -6.1469555 1260256398120
-10.813724 -26.725082 -4.824753 1260256398137
-5.399275 -20.182281 -13.765755 1260256398143
5.2925143 -30.663797 -1.8240767 1260256398157
13.093193 -13.572906 -13.178917 1260256398173
13.181963 -25.888624 -11.052589 1260256398184
8.746834 -2.3944273 -9.771886 1260256398200
4.7694197 -14.232282 -2.037303 1260256398213
5.3691688 -9.841015 -11.871092 1260256398234
5.289274 -8.669508 -4.1228094 1260256398257
-12.307586 10.316233 3.9879806 1260256398271
-1.8057466 -10.74994 14.062966 1260256398293
-4.577798 -16.926674 21.388325 1260256398316
-14.9466715 -8.463772 33.503662 1260256398338
-23.96228 -4.409891 24.808147 1260256398351
-26.394447 -11.00157 23.96865 1260256398373
-16.065517 -18.404415 18.255814 1260256398397
-5.0562334 -19.457733 8.241253 1260256398413
-7.6504774 -5.720297 3.1119556 1260256398432
-2.8008037 -15.387082 -21.061913 1260256398454
8.992909 -26.35028 -19.159191 1260256398477
9.767539 -11.568955 -32.554535 1260256398491
-1.2907224 -9.211 -20.540174 1260256398513
-6.156515 -21.14403 -25.437063 1260256398537
-9.071307 -8.131242 -13.698986 1260256398719
-17.626457 6.2681503 -10.266341 1260256398733
-6.9317493 -11.610071 4.9063554 1260256398743
-24.730885 2.9257283 10.554375 1260256398755
-31.426046 -17.006079 24.946022 1260256398764
-26.830555 -0.9710455 24.182775 1260256398776
-16.7809 -14.878683 26.64023 1260256398784
-4.551554 -20.435635 8.762932 1260256398797
-4.8419952 -5.799322 -16.135717 1260256398803
-5.542611 -16.215202 -22.31393 1260256398814
11.029349 -20.017542 -19.472233 1260256398838
15.107559 -1.0890245 -23.575245 1260256398870
2.6640663 -15.654564 -10.628012 1260256398881
3.1352062 2.9125757 -2.454197 1260256398951
-7.3638654 -18.812027 7.6588297 1260256398971
-16.183865 -10.39697 29.412937 1260256398988
-20.407902 -17.775185 15.177236 1260256398997
-20.47406 -29.805374 16.337856 1260256399009
-19.19676 -21.756199 7.5354934 1260256399018
-12.462387 -14.714106 -11.606026 1260256399029
0.17695661 -11.579694 -6.7555933 1260256399035
10.19191 0.72637606 -22.05995 1260256399054
8.38695 -15.709421 -14.1146755 1260256399063
-4.6534357 2.0062017 5.228906 1260256399074
-17.11502 -16.495184 8.934626 1260256399081
-22.175158 -3.498785 22.674515 1260256399099
-20.540258 -13.113116 14.838514 1260256399110
-15.165326 -19.731934 1.7114084 1260256399119
-4.5970173 -8.411583 -10.299711 1260256399137
12.5210495 -29.670624 -16.462801 1260256399151
13.016781 -16.832472 -14.876357 1260256399172
-0.4943285 -17.833883 -25.775703 1260256399194
-9.167604 -25.638851 -12.230244 1260256399217
-13.269438 -7.537096 -0.779614 1260256399231
-0.8209944 -9.465925 -0.8547058 1260256399253
-10.280914 -7.4616976 4.418917 1260256399300
-23.608322 9.177938 9.644919 1260256399314
-17.994713 8.283627 3.473947 1260256399323
-3.5161438 -6.5719085 0.8329432 1260256399518
-2.1947446 -9.65683 0.0376029 1260256399528
4.77789 -32.02348 -9.846713 1260256399534
4.418544 -24.250933 -4.325123 1260256399551
-5.313122 -17.291906 -13.912658 1260256399562
-3.964356 -27.864573 -2.3757372 1260256399573
4.5378337 -30.262342 -6.782878 1260256399585
7.620858 -21.262516 -7.299367 1260256399594
6.0784206 -6.759654 -4.1911697 1260256399608
-1.639425 -15.320044 -4.791132 1260256399620
-16.189121 4.23112 1.7109524 1260256399629
-3.2185755 -8.900087 1.8783114 1260256399638
-0.6396122 1.3613153 0.22821808 1260256399644
-18.452156 12.978161 5.8697815 1260256399660
-10.460358 -5.96607 -2.6978364 1260256399672
-12.261504 -4.061539 8.925838 1260256399682
-21.074404 3.8910785 -1.5091633 1260256399696
-18.243736 -19.181973 -2.8202207 1260256399702
-16.429432 -16.878452 -2.6317956 1260256399713
-11.340729 -9.169989 -2.6768541 1260256399733
-5.71943 -15.834692 8.111373 1260256399750
-0.42170334 -29.140993 3.9121904 1260256399770
2.4347477 -25.14119 2.1425042 1260256399794
2.1846166 -19.484428 -2.7459269 1260256399810
-1.6746299 -13.728972 -4.663441 1260256399836
-7.4698343 -7.1530323 -0.38197136 1260256399855
-11.826877 -3.056902 5.2239723 1260256399870
-11.787477 -4.374722 1.8026447 1260256399890
