6.8292875 0.83446693 0.22307777 1260256261552
14.686034 2.4734807 5.3540053 1260256261563
8.311263 2.5791264 0.70495915 1260256261573
0.60805607 -5.3780446 -0.3234017 1260256261585
11.064576 -2.110033 3.4098186 1260256261594
20.903255 -0.0047006607 -1.9865355 1260256261631
11.34028 -4.653948 8.878965 1260256261643
-1.4541521 -5.5343075 0.7871028 1260256261651
6.912899 -7.868437 -7.9772825 1260256261663
14.133512 -11.425679 2.313639 1260256261674
12.123678 -1.8254653 2.8690593 1260256261688
6.1358843 9.361872 6.9233227 1260256261699
-10.922071 -1.582638 6.676355 1260256261711
-3.2523391 -11.610808 14.4051895 1260256261727
-1.2330794 -14.27836 16.88048 1260256261748
-17.475784 -22.25642 11.251743 1260256261761
-4.1449575 -20.135069 16.805096 1260256261784
6.0927877 -13.9952755 0.6751732 1260256261809
8.196162 -30.019772 -6.1969743 1260256261830
10.236349 -13.070576 -0.9571552 1260256262009
13.439746 -4.82065 -13.040216 1260256262027
15.307016 -12.8373995 -11.093653 1260256262039
13.635227 -13.721827 -9.650485 1260256262048
11.396162 -9.9855995 -10.282771 1260256262059
10.665905 -7.7280993 -6.7222238 1260256262068
7.7508817 6.8722653 -11.0012 1260256262079
-5.709421 4.407462 2.7680368 1260256262086
-10.397875 -4.275906 -12.616148 1260256262094
-0.6870116 0.22235012 -11.245272 1260256262110
5.1975513 -22.97848 -1.2237673 1260256262126
7.6845875 -15.201382 -11.534297 1260256262138
7.7660985 -32.695637 -0.8790674 1260256262146
4.708145 -8.591294 -0.85476625 1260256262153
0.95988464 -17.43506 -8.094579 1260256262166
-2.1420903 -1.4440036 6.9953322 1260256262182
-6.2219105 -11.489159 -5.712062 1260256262194
-7.340625 4.882201 -6.0596166 1260256262211
-6.524332 -18.877527 -7.4173026 1260256262231
-5.4469075 -5.795907 -9.324149 1260256262242
-5.5779676 -24.265192 -10.090284 1260256262258
-7.223796 -18.112457 -10.807728 1260256262268
-7.9071326 -7.1183586 -14.640001 1260256262282
-0.46062815 -16.258553 -2.8130426 1260256262304
-3.4873421 0.5632534 10.412264 1260256262325
-14.061842 -9.458611 8.28589 1260256262347
-5.9942513 5.4368267 6.431567 1260256262362
1.9066582 -4.7920146 17.214474 1260256262383
6.0653358 -13.617625 13.115053 1260256262407
7.8365703 -17.043165 9.146575 1260256262421
7.9172297 -18.17602 5.164156 1260256262441
-0.31095314 -2.0761514 17.429508 1260256262481
-13.694616 -4.640857 5.2464275 1260256262490
-6.9744883 9.169442 2.4371018 1260256262506
-7.2771773 -7.3115354 1.5196981 1260256262524
-23.17624 -13.630213 0.79513454 1260256262544
-7.1674833 -13.723601 -3.1592455 1260256262568
-5.820525 -16.177013 -9.135037 1260256262581
-4.739483 -24.60437 -1.3996286 1260256262770
0.9839344 -26.211458 -21.82296 1260256262784
5.53285 -21.562536 -11.89167 1260256262791
8.885274 -28.754004 -20.618032 1260256262803
9.21727 -17.622559 -23.175426 1260256262812
5.245664 -28.813797 -14.1160755 1260256262823
0.30913883 -7.9337273 -19.4277 1260256262832
-1.6773515 -22.257357 -13.057476 1260256262844
1.6615887 1.9793124 -9.916187 1260256262853
-0.9248309 -13.412057 -8.439337 1260256262869
-14.315908 1.6413159 -9.15983 1260256262881
-2.3679943 -8.850896 4.747629 1260256262890
-19.942326 2.604195 3.554578 1260256262901
-18.292181 -19.721657 7.2941628 1260256262908
-16.058413 -16.003645 2.9519506 1260256262927
-16.534039 -14.855784 7.00196 1260256262939
-15.531654 -13.914321 9.454302 1260256262948
-13.934722 -14.617125 5.7113276 1260256262964
-11.804365 -16.592617 -0.0024309158 1260256262981
-7.1208525 -15.672895 -4.599232 1260256262990
0.99433136 -0.5452633 -7.7444167 1260256263008
10.379819 -15.738199 -10.44654 1260256263029
7.6249027 1.5483906 -24.520452 1260256263042
-2.5580883 2.1311095 -16.92148 1260256263063
-4.599631 -12.876663 -23.02211 1260256263084
-0.20835793 3.006054 -18.115688 1260256263101
2.1360064 -10.169581 -0.25698376 1260256263124
0.53714323 -15.927005 8.667585 1260256263143
-0.39339542 -13.713257 5.253869 1260256263168
0.66235113 -28.156343 3.5417871 1260256263180
1.6195354 -28.876984 16.293703 1260256263204
2.7326696 -8.766291 13.205395 1260256263227
4.3210096 -3.0145845 0.34965897 1260256263248
9.820045 -5.8592224 -4.8626113 1260256263263
8.949438 -11.695417 -7.7263575 1260256263284
0.24812794 -3.6579766 -27.721773 1260256263308
-4.1726413 -14.78837 -21.912388 1260256263320
-2.0890934 -0.8816433 -15.280552 1260256263344
-4.725276 -3.182763 -5.6133432 1260256263527
-11.512575 -21.48856 0.13693047 1260256263538
-14.186716 -21.056763 14.130964 1260256263548
-14.579945 -9.645777 10.055664 1260256263554
-13.688162 -20.76209 7.8071704 1260256263566
-12.121609 -22.764175 0.7443363 1260256263574
-9.884802 -4.972529 -9.992227 1260256263586
-2.9943247 -9.544138 -8.322783 1260256263594
6.8457813 -9.920093 -30.000874 1260256263609
11.8597355 -2.7833629 -15.204145 1260256263623
9.463294 -13.741293 -6.1961 1260256263632
1.9968967 -5.7092533 1.1221433 1260256263643
-7.2002773 -25.80645 8.545963 1260256263652
-14.704584 -6.557782 17.786215 1260256263668
-16.25795 -17.094278 7.921576 1260256263679
-11.770436 -11.759103 -1.2057867 1260256263690
-3.1696923 -1.8901873 -9.0679 1260256263703
11.278615 -22.993765 -17.00511 1260256263720
17.53109 -17.199326 -18.869938 1260256263729
11.789274 -11.474774 -13.114231 1260256263748
4.943612 -12.566989 -9.8656225 1260256263770
2.2464836 -11.595781 -2.0868766 1260256263785
3.5067472 -19.678957 4.121166 1260256263806
-6.5395927 -8.680889 14.605717 1260256263827
-18.033546 -11.088918 6.307018 1260256263846
-2.0729885 -4.306192 5.787657 1260256263866
-15.820337 -1.0592523 -0.29190326 1260256263887
-9.894665 2.0385878 9.696051 1260256263904
3.3741817 -3.439148 -3.8826647 1260256263922
5.9408975 -23.22342 -6.326812 1260256263945
1.938683 -29.473377 0.1826415 1260256263967
-5.1790786 -26.183205 0.1735735 1260256263981
-7.191695 -18.3214 -7.09313 1260256264003
-3.302434 -15.757278 -1.9217007 1260256264027
1.6234487 -14.984678 4.8637366 1260256264043
3.4969907 -12.8737 7.34937 1260256264061
-1.0810776 -15.41469 5.9312725 1260256264085
-9.632175 2.7657151 8.592025 1260256264104
3.4416718 11.748639 4.019701 1260256264291
-4.4053245 16.00191 0.06696248 1260256264302
-19.876122 14.5168 3.9425716 1260256264311
-7.508385 -1.7026186 -3.7153296 1260256264322
-16.123734 -6.789959 -1.9451715 1260256264331
-15.594706 -2.5069234 6.9108305 1260256264343
-4.1775417 -2.9782355 -7.890897 1260256264350
-9.905883 -16.556164 -8.119066 1260256264362
-7.4937277 -7.2831345 2.8443418 1260256264380
-1.5908017 -26.589378 -8.775732 1260256264389
1.8551345 -12.861737 -3.084303 1260256264406
1.1789484 -31.358803 -3.481639 1260256264417
-1.0924263 -20.489368 3.9807825 1260256264427
-3.18149 -16.55011 -6.6616883 1260256264439
-6.1231976 -16.403194 -6.5413446 1260256264453
-9.39658 -13.393992 -4.7190986 1260256264465
-11.393143 -7.242824 -1.0872302 1260256264474
-10.30006 -0.569705 7.4158773 1260256264492
-6.242313 -8.803389 15.312838 1260256264501
