18.086037 -14.225187 1.8713359 1260256676976
8.703085 -13.010985 2.259703 1260256676983
-4.4011774 -6.3280373 4.1425815 1260256676994
-6.7728596 12.033308 7.6351604 1260256677003
5.629699 -3.9595108 12.582333 1260256677015
-7.9844813 0.31486845 24.463623 1260256677024
-12.505144 -4.7513957 8.180995 1260256677041
-5.6336293 -22.063 17.970259 1260256677058
-22.167376 -24.606926 7.2035604 1260256677064
-4.9071956 -32.62903 -7.606722 1260256677076
3.623073 -21.651619 -12.25049 1260256677091
2.883659 -11.519827 -14.3412 1260256677097
-0.060579777 -4.7893763 -18.129452 1260256677109
-4.0002117 0.07447243 -19.93234 1260256677118
-9.760053 4.623252 -21.085854 1260256677129
-10.533137 8.278082 -21.245646 1260256677156
1.1557369 5.041902 -6.825161 1260256677169
-17.225302 0.276204 12.340184 1260256677178
-6.947401 -7.465831 17.92458 1260256677189
-27.838657 3.5405812 22.845087 1260256677201
-18.158384 -1.1886215 20.745571 1260256677213
-10.74715 -7.072216 -1.703751 1260256677228
-15.456539 -24.716616 -18.542683 1260256677236
-10.083003 -25.597538 -14.568922 1260256677248
-0.17923486 -10.851772 -20.215784 1260256677257
8.726641 -11.051775 -33.217247 1260256677269
11.844929 -23.10329 -27.90645 1260256677278
9.736486 -14.153708 -23.318544 1260256677284
4.4988294 -2.3727236 -23.578985 1260256677297
-8.288187 -18.150543 -21.351624 1260256677314
-22.975334 -4.8494368 -14.2108965 1260256677323
-9.864987 -9.235252 1.2783158 1260256677335
-24.332735 -13.072221 22.566957 1260256677351
-30.011696 -5.954249 23.161133 1260256677360
-22.54759 -24.823147 23.856283 1260256677375
-9.010413 -12.6273985 8.441063 1260256677392
-6.275901 -5.366297 6.4922705 1260256677401
-8.919763 -23.570889 -7.4543595 1260256677619
-0.5048895 -4.6716547 -11.637223 1260256677632
10.2247095 -21.594938 -21.380833 1260256677641
8.444515 -11.100498 -34.210102 1260256677652
-2.1143913 -9.620539 -20.89179 1260256677662
-4.180105 -17.295404 -20.449091 1260256677673
-6.3168454 -1.1999311 -25.604275 1260256677680
-17.640396 -14.551184 -10.493516 1260256677694
-8.898951 -1.7247219 8.113343 1260256677701
-9.323218 -15.813168 17.871939 1260256677712
-14.487685 -8.629103 14.830036 1260256677721
-18.214931 -23.500895 30.14619 1260256677735
-20.857841 -6.9873695 18.762224 1260256677752
-20.815403 -15.0990505 6.370205 1260256677759
-17.898422 -7.176012 -2.760543 1260256677770
-13.644999 -24.275375 -9.556161 1260256677779
-1.9170446 -3.454773 -21.124994 1260256677791
12.180656 -20.014568 -22.687923 1260256677802
10.45294 0.21894169 -27.881727 1260256677814
-1.5870852 -14.392367 -19.138668 1260256677831
-8.096479 -1.7445259 -22.95844 1260256677838
-12.243645 -14.639801 -20.524124 1260256677852
-16.002289 2.213457 -10.210811 1260256677863
-5.176162 -19.57455 -0.91959953 1260256677880
-7.532405 -6.541705 10.205137 1260256677895
-9.287272 -30.725565 17.040848 1260256677916
-9.569052 -15.843654 24.068304 1260256677931
-8.181601 -18.68055 3.8880816 1260256677954
-10.742649 -26.51263 3.399021 1260256677977
-13.753302 -8.72054 -9.861463 1260256677993
-5.2283735 -6.7711782 -2.5224 1260256678012
10.964421 -9.442778 -24.351017 1260256678036
11.297751 -7.3850403 -32.321613 1260256678053
-1.9962673 -3.8207989 -16.69361 1260256678073
-6.7124767 -4.3851314 -11.674313 1260256678091
-13.258266 -15.00122 -3.6905537 1260256678116
-15.879195 -4.542868 11.089567 1260256678134
-15.493996 -19.98749 10.267992 1260256678151
-12.874158 -10.311755 27.144737 1260256678353
-6.108124 -19.49168 3.9788122 1260256678371
-2.472403 -21.157196 -0.86247206 1260256678380
-5.892211 -8.877078 -7.8703575 1260256678392
-2.6909308 -13.055681 -15.458084 1260256678401
10.268716 -29.18333 -16.70792 1260256678413
14.71594 -22.082844 -14.416624 1260256678420
8.435734 -9.396869 -5.8116484 1260256678434
5.150577 -3.6133347 -3.0250862 1260256678441
-2.5260653 -18.61331 4.3339453 1260256678453
-14.3856535 0.41768885 4.2798038 1260256678464
-18.647343 0.52329636 11.865474 1260256678481
-9.869115 -12.129396 14.376766 1260256678492
-2.493095 -7.450459 7.9723263 1260256678502
-4.73666 -7.688752 -8.6696415 1260256678513
-7.2338147 -20.74997 -15.218726 1260256678522
-0.1236372 -32.28277 -11.0885725 1260256678539
12.12819 -24.479084 -17.015486 1260256678551
12.5240965 -9.898258 -5.8073606 1260256678564
5.2733583 -2.7563324 -4.828891 1260256678576
-0.7199432 0.17222214 -4.667527 1260256678590
2.514371 -4.4261775 9.117349 1260256678602
3.9035015 -0.16983938 8.936862 1260256678620
-9.905249 -7.5492325 10.287059 1260256678636
-15.900649 -5.8485336 8.154663 1260256678657
-4.3522825 3.403595 15.105946 1260256678671
-9.267514 10.623978 6.657855 1260256678695
-14.28289 -10.997455 5.7282596 1260256678718
-0.2099514 -3.0118291 -3.072256 1260256678733
-1.2847352 -15.533317 -6.073237 1260256678752
-3.0018854 -2.281249 -0.08578121 1260256678775
-2.6633449 -7.7973948 -5.5514326 1260256678793
-0.5357294 -11.926183 4.585432 1260256678814
0.9790182 -11.085558 1.8989716 1260256678831
2.0202122 -10.756224 1.5641824 1260256678858
1.6565409 -12.835897 1.6787331 1260256678874
1.0770764 -21.294819 4.4189844 1260256678891
1.5329037 -21.601627 10.542126 1260256678915
2.258964 -8.120377 12.28299 1260256679078
