-6.850746 -3.8588722 19.788847 1260256248198
-12.216025 -8.520143 5.860938 1260256248212
1.0574756 -20.88216 5.0656033 1260256248219
7.945978 -17.155422 4.6202564 1260256248231
10.557978 -12.212062 3.6806116 1260256248271
13.738813 -18.790346 -6.334669 1260256248277
16.34295 -19.46067 -6.170552 1260256248291
12.062403 -1.1294422 -5.7536416 1260256248301
1.2071352 -11.464819 4.348606 1260256248317
-3.6294546 -11.261187 1.5754876 1260256248331
9.285581 6.4108515 1.4003199 1260256248341
7.6026487 -1.9914339 9.631622 1260256248355
-6.006409 -11.728014 0.4666541 1260256248375
3.7177958 1.8123977 7.864747 1260256248391
13.365099 -2.9869845 -6.443041 1260256248415
14.565357 -11.064144 -5.21089 1260256248433
8.961428 2.548211 2.36717 1260256248458
1.3490849 -15.473158 -5.2368755 1260256248471
-2.356379 3.2062712 -2.5989678 1260256248494
0.8747091 -15.70035 0.21664667 1260256248681
7.774815 1.078527 -7.9786167 1260256248701
12.64146 -8.26173 6.0620418 1260256248714
13.926813 -11.575283 -3.0572948 1260256248723
12.796841 5.0343323 -0.95224166 1260256248735
11.277203 0.2521422 -0.6567191 1260256248744
3.9875083 1.4245429 8.371651 1260256248756
6.172697 1.5009279 -1.4058771 1260256248763
-7.827572 8.110958 -2.3082955 1260256248774
-5.9168763 -16.278875 -4.5496674 1260256248783
-15.312078 -6.7647877 -2.3927388 1260256248796
-1.3712037 -13.501357 -14.033701 1260256248804
7.5249276 -29.890005 -11.890764 1260256248819
8.9189005 -35.45038 -9.587847 1260256248831
4.5373235 -26.076895 -16.088718 1260256248840
-2.185521 -14.670381 -11.987833 1260256248852
-8.306599 -12.831805 -3.3283017 1260256248871
-10.143079 -20.827244 -6.649494 1260256248878
-8.523015 -24.70209 -6.7263594 1260256248897
-2.372386 -12.93096 3.8466449 1260256248909
6.095471 1.2946992 -1.8844144 1260256248921
4.001341 0.21812296 4.369469 1260256248936
-12.2262745 -12.260006 -0.4687031 1260256248957
6.767489 -1.8242984 0.6436908 1260256248971
-12.963283 5.384487 -1.3786268 1260256248993
-0.4351549 8.448498 8.322799 1260256249017
-15.035675 2.9971094 -6.7425003 1260256249033
-13.692463 -11.034291 -8.153037 1260256249051
-9.349992 -20.774181 -9.797388 1260256249078
-4.1250777 -14.0959015 -9.238517 1260256249098
4.882864 -28.706665 -1.6402416 1260256249113
9.924692 -25.975163 -17.257427 1260256249132
9.667731 -7.261898 -11.27442 1260256249156
8.640377 -22.316433 -13.596418 1260256249173
6.4981413 0.33168888 -12.008164 1260256249194
-7.199896 -13.702135 -2.5257475 1260256249219
-7.8848677 -2.415073 13.055815 1260256249233
0.75220203 11.78624 12.503365 1260256249253
-0.75996876 0.16343054 21.106201 1260256249271
-2.5077708 -0.20877981 6.7513547 1260256249457
-0.26306581 -12.218886 -0.70629835 1260256249475
3.4030154 -13.711708 -3.022685 1260256249484
2.8725734 -10.45969 -3.508445 1260256249496
-7.8350277 -12.670554 14.456504 1260256249503
-19.678461 5.965972 12.042587 1260256249514
-16.037056 -2.239842 5.675441 1260256249522
-11.80787 3.1699514 9.7419815 1260256249534
-32.010933 -19.602043 1.424598 1260256249542
-25.552677 -16.129265 -14.997768 1260256249557
-17.397413 -21.366152 -7.25819 1260256249571
-14.619026 -29.866404 -27.502853 1260256249580
-11.683751 -22.709595 -25.798193 1260256249592
-4.6191187 -26.86184 -14.774481 1260256249601
2.5532465 -17.72453 -32.36807 1260256249618
6.2409797 -21.43389 -19.654371 1260256249629
6.4917736 -8.829546 -20.753395 1260256249638
4.0796447 -17.06923 -19.970657 1260256249658
1.7009034 1.2383108 -15.829391 1260256249672
-7.7818475 -14.383314 -7.407799 1260256249683
-21.03624 5.840316 -7.034571 1260256249697
-10.644763 -14.791832 -8.790367 1260256249711
-4.0381336 -5.417535 6.762144 1260256249734
-2.569868 -29.181131 12.511848 1260256249754
-2.55931 -28.071466 8.060048 1260256249773
-3.975265 -16.850626 17.484388 1260256249798
-2.926498 -13.745186 15.890808 1260256249806
-5.717548 -22.61902 19.624535 1260256249835
-7.773879 -25.063791 5.1035132 1260256249855
-8.495541 -17.606987 -7.1133595 1260256249871
-10.693125 -14.484905 -3.3917518 1260256249894
-8.973634 -3.3589106 -12.204667 1260256249915
3.3991575 -12.465437 -29.892933 1260256249938
13.895854 -4.9404483 -24.138687 1260256249951
7.027778 -8.723838 -13.968648 1260256249973
-4.7614202 -2.359037 -26.438972 1260256249995
-10.732225 -17.561134 -12.654512 1260256250017
-11.943482 -20.935965 -1.0101686 1260256250031
-12.126624 -21.307991 -4.3045397 1260256250222
-12.642016 -15.445825 14.47519 1260256250241
-13.205067 -34.623337 16.81168 1260256250253
-13.783657 -16.03777 12.051542 1260256250262
-13.803692 -13.991492 13.760291 1260256250273
-12.859829 -20.656567 4.4003034 1260256250280
-11.231751 -12.227691 -0.35391903 1260256250293
-9.483527 -0.10805941 -12.085901 1260256250300
-0.74768233 -18.43829 -23.085005 1260256250312
10.137666 -0.36910152 -24.387894 1260256250321
12.502897 -15.412437 -18.204258 1260256250334
7.94675 -20.944365 -11.562436 1260256250343
4.911504 -7.5739374 2.0549142 1260256250358
3.6025014 -24.156122 17.517693 1260256250370
3.607441 -12.350588 11.746195 1260256250380
4.41129 -14.708535 15.426294 1260256250392
5.3253274 -20.39325 2.4610755 1260256250403
7.610453 -1.5099368 -9.742602 1260256250417
8.998368 -11.826479 -20.126163 1260256250433
6.2086434 -1.9270296 -16.447128 1260256250448
0.11460316 -9.661772 -28.87579 1260256250459
-5.6932507 -20.732742 -18.989697 1260256250477
-7.5577097 -20.869297 -9.4520445 1260256250494
-5.520801 -13.1877365 14.669146 1260256250515
-1.3841543 -26.435581 9.888009 1260256250539
3.1293192 -3.3891382 5.580087 1260256250552
6.66343 -8.8689575 -2.2627194 1260256250575
9.7671995 -19.208958 -12.337378 1260256250597
5.4507613 -3.8475094 -18.547867 1260256250611
-2.035163 -17.230427 -29.317976 1260256250634
-6.755768 -29.615837 -18.856478 1260256250655
-9.404422 -29.194515 -14.796215 1260256250677
-13.598969 -25.365665 -8.575847 1260256250693
-14.421312 -17.517385 4.5518904 1260256250714
-1.3279943 -2.8444538 0.52210164 1260256250738
-15.479296 -6.611751 16.653023 1260256250751
-20.99936 -6.633263 8.023101 1260256250774
-4.7224283 -4.1998854 7.946901 1260256250795
-21.675014 7.299588 2.092424 1260256250981
-17.982586 -13.68297 -6.6983027 1260256251001
-10.695744 -28.69959 -10.651644 1260256251013
4.9318905 -25.315128 -22.530102 1260256251020
14.6850605 -16.939491 -15.026903 1260256251033
6.7991176 -21.994978 -22.626251 1260256251040
-4.818038 -29.014149 -14.972946 1260256251052
-8.985259 -28.47524 -6.7327013 1260256251061
-7.8359227 -23.358677 -7.058943 1260256251071
-10.054773 -13.695063 -7.4340444 1260256251078
-3.9254897 3.6107216 -7.00102 1260256251096
-1.7123604 4.070948 10.297811 1260256251108
-16.9909 5.2567215 9.956927 1260256251117
-15.433593 -0.52139664 -1.88199 1260256251129
-3.4326267 -2.3959885 0.9846637 1260256251138
-25.214827 10.835673 1.3848549 1260256251154
-7.626973 3.7944138 2.0250595 1260256251163
-17.151499 -15.349745 -6.2119894 1260256251177
-24.204659 -2.0303707 -2.7940087 1260256251192
-19.551846 -13.6667 -1.982182 1260256251202
-17.049564 -2.4554172 -10.535271 1260256251222
-15.184439 -20.427288 -7.058708 1260256251234
-16.594093 -13.532084 -0.6005969 1260256251256
-18.825 -8.815728 -4.2607317 1260256251278
-17.830276 -15.564103 -1.0421252 1260256251293
-15.09524 -26.112234 4.77332 1260256251314
-11.212282 -13.548325 5.273806 1260256251337
-8.323031 -13.516767 -6.1101594 1260256251352
-7.4330697 -24.534386 -4.0257254 1260256251374
-7.2115555 -19.63478 11.123077 1260256251395
-6.3196044 -3.5215073 7.4638996 1260256251419
-4.8714933 -6.4080997 -4.741039 1260256251431
