0.17596173 -14.085693 10.960053 1260256337303
5.8284693 -13.058362 11.008308 1260256337316
11.186002 -13.270641 9.017002 1260256337328
14.279024 -12.340582 4.966849 1260256337337
12.549688 -11.049298 0.27769995 1260256337349
9.329233 -10.882133 -1.0609126 1260256337382
6.6166935 -10.187128 -2.0437465 1260256337395
3.389072 -9.22863 -2.0063772 1260256337403
-0.2535715 -7.855747 0.54487324 1260256337416
-1.6854143 -8.308044 6.908183 1260256337433
3.9891825 -9.674069 13.520891 1260256337463
14.429215 -11.944773 12.066241 1260256337477
19.982159 -13.929135 2.3700516 1260256337491
15.0124235 -15.06763 -5.593838 1260256337502
4.114318 -14.741517 -5.4471292 1260256337517
-1.2540398 -13.706698 1.5184788 1260256337533
3.40854 -10.220726 8.798033 1260256337544
11.506575 -0.90594363 8.0627985 1260256337558
5.9946136 4.076417 -4.9840693 1260256337577
-10.903812 0.5637903 4.986048 1260256337596
4.6399636 10.9715605 11.897374 1260256337613
-9.776143 -3.6426048 2.9592705 1260256337801
-8.805147 -8.172884 20.390686 1260256337820
4.2095737 -7.324895 6.8502564 1260256337831
-3.300477 -31.38451 3.6789958 1260256337839
-7.994997 -12.407927 -4.463456 1260256337852
-6.9839554 -22.97669 -9.255602 1260256337859
-6.450225 -17.862663 -9.899198 1260256337871
-6.710721 -2.076999 -11.417715 1260256337880
-6.9393544 6.28625 -7.302707 1260256337892
-2.5035996 5.4531255 -13.146923 1260256337903
8.237897 -4.7473173 -2.250668 1260256337918
0.14321935 9.338276 2.034968 1260256337930
-10.444099 1.1790376 -2.5647244 1260256337938
-9.475271 -2.6761265 -7.9847646 1260256337950
-7.026707 -27.967415 -7.0736504 1260256337959
-5.40638 -15.293246 -8.275077 1260256337975
-4.0940146 -27.205866 -4.3703933 1260256337983
-4.552777 -10.734047 -2.4411423 1260256337995
-1.8535395 -8.694667 -11.988704 1260256338009
8.481955 -15.838874 -4.0551767 1260256338018
15.623953 -3.001854 -5.3359194 1260256338034
15.440622 -3.847024 -5.713085 1260256338055
13.004391 -17.796032 -14.59959 1260256338075
10.933827 -15.571071 0.59612656 1260256338099
10.384221 -4.4000454 0.18916607 1260256338112
-2.1705391 -10.973981 -2.7259583 1260256338135
-15.934805 2.2775004 9.005685 1260256338155
-2.5800462 -6.4834766 22.487206 1260256338171
-13.579578 1.0045073 28.851059 1260256338194
-24.511395 -3.4666224 25.556929 1260256338213
-10.314808 -17.549984 16.488384 1260256338239
-29.69079 -8.383515 9.71977 1260256338251
-9.906342 -6.8021064 5.01301 1260256338274
-1.8162079 -25.595684 -8.9589 1260256338296
4.364394 -10.779259 -19.322601 1260256338318
11.719242 -31.393024 -23.841097 1260256338334
12.956201 -13.245834 -29.203331 1260256338355
8.40766 -23.851929 -17.35479 1260256338378
1.6801083 -12.426197 -31.872723 1260256338391
-2.2091556 -9.37761 -8.739672 1260256338573
0.96355534 -10.327419 -20.901857 1260256338583
-2.860609 -5.3500624 -14.408222 1260256338595
-20.015234 -7.2389965 -3.4361775 1260256338601
-7.5346174 -7.4766884 19.346207 1260256338613
-4.924506 -19.745068 20.761267 1260256338621
-8.650852 -8.194945 19.898731 1260256338632
-12.225072 -24.905293 9.274446 1260256338641
-14.990385 -30.360373 10.709797 1260256338653
-14.351011 -17.715216 -8.272961 1260256338670
-6.20697 -10.754445 -5.5337887 1260256338679
8.379232 -24.062801 -24.881084 1260256338690
16.225708 -8.242153 -27.75879 1260256338700
7.590707 -15.547664 -15.699515 1260256338716
-3.683423 -5.8292274 -26.664371 1260256338728
-3.732008 -11.071683 -0.20834732 1260256338737
0.77400875 -7.4703016 5.569054 1260256338750
-5.0675745 -13.38099 7.71294 1260256338762
-9.585877 -28.007494 25.225683 1260256338779
-10.765507 -13.678862 21.000854 1260256338796
-8.7416725 -10.348998 1.2024231 1260256338818
0.20084572 -6.0689964 0.9403186 1260256338839
13.886242 -19.076515 -15.627799 1260256338876
10.135202 -1.6714501 -28.083593 1260256338954
-2.3633122 -13.222254 -15.209879 1260256338978
-4.922209 3.1123953 -7.923985 1260256338991
-12.527005 -11.633051 2.328134 1260256339000
-14.725164 -6.7226887 6.6032257 1260256339011
-8.905953 -11.958255 22.757881 1260256339028
-0.31832218 -22.484695 4.3278627 1260256339036
1.4263824 -12.65888 1.1134243 1260256339051
-2.559492 -10.086441 -24.17247 1260256339063
-3.85923 -27.348858 -23.574408 1260256339079
-1.8259077 -11.599352 -25.233488 1260256339094
-5.9711328 -6.1365213 -6.2989135 1260256339118
-16.180124 -13.483152 5.796975 1260256339131
-7.971638 3.0856857 8.196257 1260256339153
-2.2445202 -14.036718 15.482135 1260256339176
-8.097785 0.41613865 9.814004 1260256339398
-24.480019 13.172881 1.2523355 1260256339404
-5.117095 -1.5671194 -4.4050903 1260256339419
-2.978898 -8.543267 -1.4647846 1260256339433
3.9213328 -30.243046 -7.386709 1260256339450
8.861049 -35.517982 -11.290044 1260256339470
3.990117 -23.896498 -2.5388546 1260256339490
-4.9550686 -14.006753 -7.2112913 1260256339510
-9.232092 -11.448254 -8.770944 1260256339530
-9.54207 -14.160236 -1.6406603 1260256339550
-11.035263 -17.784557 -0.58855987 1260256339570
-11.8784275 -9.371898 3.6622624 1260256339590
0.33893776 -2.322938 6.7377253 1260256339610
-17.21674 -0.23448539 1.3557497 1260256339630
-8.492445 3.2993774 -5.776952 1260256339650
-1.3161459 1.6255717 4.4232097 1260256339670
-16.384367 -2.6886506 4.323466 1260256339690
-22.055817 4.163556 9.814395 1260256339710
-10.183619 3.201591 -6.3520675 1260256339734
-26.804255 -9.595876 -3.2171082 1260256339750
-20.826307 -12.346784 -10.095712 1260256339770
-17.980005 -19.331936 5.1222157 1260256339792
-19.166185 -14.634328 -4.952701 1260256339810
-19.452278 -32.133175 -1.6906134 1260256339830
-17.548422 -30.47311 -8.329676 1260256339850
-14.190156 -14.74142 -5.299156 1260256339870
-9.850147 -19.970745 9.283309 1260256339894
-4.79068 -12.078154 6.635939 1260256339918
-2.6382604 -6.921647 0.0804925 1260256339957
-1.9010887 -11.800092 -4.776187 1260256339964
