168.71817 36.177982 16.210827 4.841132 3.3008838 9.146882 1260256437087
168.71817 36.177982 16.210827 -0.037579536 3.0458431 5.103556 1260256437093
169.88226 36.71908 17.050285 -0.037579536 3.0458431 5.103556 1260256437099
169.88226 36.71908 17.050285 -3.8792634 0.5252638 3.081328 1260256437105
171.58815 37.13313 18.147772 -3.8792634 0.5252638 3.081328 1260256437108
171.58815 37.13313 18.147772 0.49709845 -2.5220118 9.872021 1260256437111
173.65874 37.47647 19.390383 0.49709845 -2.5220118 9.872021 1260256437120
173.65874 37.47647 19.390383 12.7137375 -5.626939 10.754636 1260256437123
175.5258 37.852646 20.620863 12.7137375 -5.626939 10.754636 1260256437153
175.5258 37.852646 20.620863 17.21743 -9.180605 -0.23998106 1260256437163
177.1495 38.160015 21.839819 17.21743 -9.180605 -0.23998106 1260256437167
177.1495 38.160015 21.839819 8.845984 -11.522924 -7.2605524 1260256437173
178.64203 38.452015 23.047829 8.845984 -11.522924 -7.2605524 1260256437180
178.64203 38.452015 23.047829 -1.6548562 -13.320337 -2.3725688 1260256437186
179.55992 38.629414 24.195436 -1.6548562 -13.320337 -2.3725688 1260256437191
179.55992 38.629414 24.195436 -2.2187772 -13.183199 4.992249 1260256437202
180.08192 38.447945 25.435665 -2.2187772 -13.183199 4.992249 1260256437208
180.08192 38.447945 25.435665 7.554378 -10.253838 8.812831 1260256437211
173.02783 37.525547 26.513882 7.554378 -10.253838 8.812831 1260256437214
173.02783 37.525547 26.513882 12.470931 0.37123418 4.107966 1260256437223
167.07645 35.24927 25.688187 12.470931 0.37123418 4.107966 1260256437233
167.07645 35.24927 25.688187 5.971354 6.8914547 -1.8770795 1260256437243
161.57263 32.886806 24.003777 5.971354 6.8914547 -1.8770795 1260256437248
161.57263 32.886806 24.003777 -10.248181 -7.7080703 10.1156845 1260256437258
156.194 31.392466 21.753588 -10.248181 -7.7080703 10.1156845 1260256437268
156.194 31.392466 21.753588 -3.18274 -0.560084 4.833702 1260256437271
150.8343 31.022842 19.215908 -3.18274 -0.560084 4.833702 1260256437281
150.8343 31.022842 19.215908 -6.5549593 -4.581869 24.237831 1260256437284
145.6426 31.6217 16.655113 -6.5549593 -4.581869 24.237831 1260256437298
145.6426 31.6217 16.655113 -20.622116 -18.088013 6.3425956 1260256437304
141.16046 33.140614 14.422358 -20.622116 -18.088013 6.3425956 1260256437324
141.16046 33.140614 14.422358 -2.9358768 -33.152046 1.9481037 1260256437328
137.85243 37.283585 12.75124 -2.9358768 -33.152046 1.9481037 1260256437338
137.85243 37.283585 12.75124 -7.1607733 -21.037348 0.30055904 1260256437341
136.1598 41.819405 11.663678 -7.1607733 -21.037348 0.30055904 1260256437360
136.1598 41.819405 11.663678 -11.73822 -13.252174 -19.419432 1260256437363
136.05182 46.678436 11.080494 -11.73822 -13.252174 -19.419432 1260256437382
136.05182 46.678436 11.080494 -9.941751 -21.561201 -20.73115 1260256437386
136.69923 51.644516 10.676469 -9.941751 -21.561201 -20.73115 1260256437398
136.69923 51.644516 10.676469 -8.052189 -22.546074 -19.804266 1260256437401
137.26427 56.66229 10.292645 -8.052189 -22.546074 -19.804266 1260256437419
137.26427 56.66229 10.292645 -6.550747 -10.318446 -23.428806 1260256437422
136.90105 61.629173 9.728013 -6.550747 -10.318446 -23.428806 1260256437453
136.90105 61.629173 9.728013 -3.212398 3.8179102 -15.446964 1260256437470
146.756 67.39771 8.191612 -3.212398 3.8179102 -15.446964 1260256437479
146.756 67.39771 8.191612 7.0810785 9.340852 -5.1376095 1260256437483
145.2682 57.327827 5.5820317 7.0810785 9.340852 -5.1376095 1260256437491
145.2682 57.327827 5.5820317 -10.476182 -2.595872 5.1507974 1260256437494
140.95479 52.111435 3.5029302 -10.476182 -2.595872 5.1507974 1260256437503
140.95479 52.111435 3.5029302 -9.171477 -2.362391 5.6097527 1260256437507
134.70705 47.85586 0.82778364 -9.171477 -2.362391 5.6097527 1260256437523
134.70705 47.85586 0.82778364 -1.3092866 12.583524 -1.2677519 1260256437527
128.5217 46.26307 -2.9136057 -1.3092866 12.583524 -1.2677519 1260256437537
128.5217 46.26307 -2.9136057 -12.280404 -10.305995 6.2633567 1260256437547
125.24561 50.449917 -4.2679253 -12.280404 -10.305995 6.2633567 1260256437558
125.24561 50.449917 -4.2679253 0.7164974 -14.218984 -10.789007 1260256437562
123.78333 53.97742 -4.754529 0.7164974 -14.218984 -10.789007 1260256437580
123.78333 53.97742 -4.754529 3.8119674 -16.0927 -11.992899 1260256437583
124.34417 57.42855 -4.7668023 3.8119674 -16.0927 -11.992899 1260256437603
124.34417 57.42855 -4.7668023 7.170389 -33.41755 -15.963915 1260256437606
126.17696 60.907124 -4.478462 7.170389 -33.41755 -15.963915 1260256437617
126.17696 60.907124 -4.478462 9.900833 -14.493221 -17.273256 1260256437620
127.46812 64.31177 -4.2045393 9.900833 -14.493221 -17.273256 1260256437636
127.46812 64.31177 -4.2045393 8.930913 -30.489725 -16.954004 1260256437824
128.09471 67.74618 -4.0443125 8.930913 -30.489725 -16.954004 1260256437828
128.09471 67.74618 -4.0443125 7.121089 -7.029579 -16.758427 1260256437833
127.989975 71.20887 -4.0420966 7.121089 -7.029579 -16.758427 1260256437839
127.989975 71.20887 -4.0420966 6.290397 -21.470001 -10.797291 1260256437845
126.540474 74.84843 -4.439992 6.290397 -21.470001 -10.797291 1260256437848
126.540474 74.84843 -4.439992 6.387704 -3.759829 -14.274813 1260256437852
122.21345 79.006004 -5.5179925 6.387704 -3.759829 -14.274813 1260256437860
122.21345 79.006004 -5.5179925 1.5307713 -0.10338879 -16.147865 1260256437863
133.00278 83.855705 -7.742093 1.5307713 -0.10338879 -16.147865 1260256437869
133.00278 83.855705 -7.742093 -16.76682 -8.640927 -6.504991 1260256437872
126.90264 79.56292 -10.7049885 -16.76682 -8.640927 -6.504991 1260256437880
126.90264 79.56292 -10.7049885 -1.0712805 8.829627 5.8342237 1260256437883
121.95751 75.93478 -12.269739 -1.0712805 8.829627 5.8342237 1260256437886
121.95751 75.93478 -12.269739 -9.80238 -7.2705035 22.19293 1260256437892
117.359634 72.938034 -13.3062525 -9.80238 -7.2705035 22.19293 1260256437894
117.359634 72.938034 -13.3062525 -21.644032 -1.3455753 16.08933 1260256437903
113.04165 70.54113 -14.24094 -21.644032 -1.3455753 16.08933 1260256437907
113.04165 70.54113 -14.24094 -26.282383 -22.841211 22.940104 1260256437910
109.139565 68.96407 -15.178893 -26.282383 -22.841211 22.940104 1260256437920
109.139565 68.96407 -15.178893 -19.928745 -15.919339 7.0952053 1260256437929
106.23259 68.26587 -16.11995 -19.928745 -15.919339 7.0952053 1260256437932
106.23259 68.26587 -16.11995 -8.579265 -10.921335 -3.9164453 1260256437940
105.67096 71.10258 -16.213951 -8.579265 -10.921335 -3.9164453 1260256437943
105.67096 71.10258 -16.213951 -2.060391 -26.640451 -7.1268134 1260256437949
107.93741 74.44745 -15.453254 -2.060391 -26.640451 -7.1268134 1260256437953
107.93741 74.44745 -15.453254 -2.7552776 -9.59436 -24.728909 1260256437961
111.84054 78.12508 -14.280591 -2.7552776 -9.59436 -24.728909 1260256437965
111.84054 78.12508 -14.280591 -5.6813745 -20.143524 -24.242544 1260256437969
115.79851 81.71882 -13.166561 -5.6813745 -20.143524 -24.242544 1260256437980
115.79851 81.71882 -13.166561 -1.299109 -14.5997925 -16.734695 1260256437987
117.50858 85.282875 -12.558233 -1.299109 -14.5997925 -16.734695 1260256437991
117.50858 85.282875 -12.558233 -0.3697263 -5.83844 -28.871588 1260256437999
113.883156 88.86873 -13.980322 -0.3697263 -5.83844 -28.871588 1260256438002
113.883156 88.86873 -13.980322 -18.206043 -12.863835 -7.457167 1260256438008
109.589 84.62529 -16.681305 -18.206043 -12.863835 -7.457167 1260256438013
109.589 84.62529 -16.681305 -5.9402313 -2.8784008 10.935353 1260256438023
105.659546 80.39403 -17.99724 -5.9402313 -2.8784008 10.935353 1260256438029
105.659546 80.39403 -17.99724 -9.756891 9.272836 20.055134 1260256438034
101.87657 76.674324 -18.897379 -9.756891 9.272836 20.055134 1260256438043
101.87657 76.674324 -18.897379 -18.883198 -12.632791 28.176992 1260256438047
98.48274 73.64061 -19.75251 -18.883198 -12.632791 28.176992 1260256438059
98.48274 73.64061 -19.75251 -24.720001 1.5662374 21.182903 1260256438065
95.758606 71.55858 -20.664885 -24.720001 1.5662374 21.182903 1260256438081
95.758606 71.55858 -20.664885 -25.703049 -19.987175 17.00433 1260256438088
94.07068 70.38065 -21.63164 -25.703049 -19.987175 17.00433 1260256438099
94.07068 70.38065 -21.63164 -17.885353 -26.195536 1.343404 1260256438102
94.01714 73.06162 -21.850058 -17.885353 -26.195536 1.343404 1260256438118
94.01714 73.06162 -21.850058 -11.171139 -11.650274 -0.97044325 1260256438123
95.76629 75.90854 -21.257555 -11.171139 -11.650274 -0.97044325 1260256438138
95.76629 75.90854 -21.257555 -11.001757 -24.808743 -22.70978 1260256438142
98.877975 79.013115 -20.194677 -11.001757 -24.808743 -22.70978 1260256438158
98.877975 79.013115 -20.194677 -9.3471985 -16.154123 -25.120035 1260256438161
102.53408 82.212456 -18.934944 -9.3471985 -16.154123 -25.120035 1260256438176
102.53408 82.212456 -18.934944 1.7520779 -24.984985 -17.595333 1260256438184
105.357376 85.35183 -17.938196 1.7520779 -24.984985 -17.595333 1260256438198
105.357376 85.35183 -17.938196 8.508047 -12.230946 -29.387363 1260256438203
106.43951 88.38424 -17.441286 8.508047 -12.230946 -29.387363 1260256438221
106.43951 88.38424 -17.441286 6.115941 -17.463398 -18.423922 1260256438228
104.667534 91.46503 -17.969221 6.115941 -17.463398 -18.423922 1260256438240
104.667534 91.46503 -17.969221 -1.0254879 -5.8201914 -19.355381 1260256438243
101.43416 94.64178 -20.12076 -1.0254879 -5.8201914 -19.355381 1260256438258
101.43416 94.64178 -20.12076 -22.861242 -10.286196 -0.80250907 1260256438264
98.21245 91.059685 -21.864721 -22.861242 -10.286196 -0.80250907 1260256438278
98.21245 91.059685 -21.864721 -17.661829 -8.1919155 18.360195 1260256438284
94.95183 87.7067 -22.671486 -17.661829 -8.1919155 18.360195 1260256438298
94.95183 87.7067 -22.671486 -10.370361 -8.669273 10.885065 1260256438301
91.60423 84.72137 -23.037912 -10.370361 -8.669273 10.885065 1260256438320
91.60423 84.72137 -23.037912 -7.164857 -15.881347 27.460913 1260256438323
88.32402 82.2353 -23.186016 -7.164857 -15.881347 27.460913 1260256438338
88.32402 82.2353 -23.186016 -4.600054 -22.942963 18.214989 1260256438343
85.50782 80.373535 -23.276714 -4.600054 -22.942963 18.214989 1260256438361
85.50782 80.373535 -23.276714 -2.050664 -9.469065 14.524482 1260256438368
83.63243 79.10486 -23.46288 -2.050664 -9.469065 14.524482 1260256438379
83.63243 79.10486 -23.46288 -0.31348705 -12.704195 8.650301 1260256438381
83.50081 80.949615 -23.589735 -0.31348705 -12.704195 8.650301 1260256438396
83.50081 80.949615 -23.589735 1.8283124 -10.082036 -0.35584316 1260256438571
85.72577 83.05213 -23.010248 1.8283124 -10.082036 -0.35584316 1260256438587
85.72577 83.05213 -23.010248 4.4097567 -25.30877 -10.309914 1260256438591
89.38948 85.89953 -21.859735 4.4097567 -25.30877 -10.309914 1260256438599
89.38948 85.89953 -21.859735 -1.3522465 -5.6061707 -12.579955 1260256438602
93.920006 89.254555 -20.516748 -1.3522465 -5.6061707 -12.579955 1260256438608
93.920006 89.254555 -20.516748 -7.616109 -21.129576 -23.37515 1260256438611
97.97401 92.64183 -19.340912 -7.616109 -21.129576 -23.37515 1260256438614
97.97401 92.64183 -19.340912 -3.4252634 1.2948484 -19.903358 1260256438622
98.27531 95.30974 -19.223866 -3.4252634 1.2948484 -19.903358 1260256438626
98.27531 95.30974 -19.223866 -5.9122534 -12.84886 -1.6038046 1260256438629
94.81154 91.39425 -20.312672 -5.9122534 -12.84886 -1.6038046 1260256438634
94.81154 91.39425 -20.312672 -15.613608 0.12815952 5.119322 1260256438642
91.17096 87.57454 -20.947039 -15.613608 0.12815952 5.119322 1260256438646
91.17096 87.57454 -20.947039 -16.998217 -0.23717523 7.9881735 1260256438649
88.36241 85.39581 -21.349688 -16.998217 -0.23717523 7.9881735 1260256438654
88.36241 85.39581 -21.349688 -13.341564 -5.4212656 14.811721 1260256438661
89.94429 86.526024 -20.932203 -13.341564 -5.4212656 14.811721 1260256438667
89.94429 86.526024 -20.932203 -13.093222 -8.999903 -4.705315 1260256438670
93.74708 88.44972 -20.085592 -13.093222 -8.999903 -4.705315 1260256438682
93.74708 88.44972 -20.085592 -11.203704 -27.16611 -12.583644 1260256438689
98.109726 90.52724 -19.031313 -11.203704 -27.16611 -12.583644 1260256438692
98.109726 90.52724 -19.031313 -1.2266138 -29.320215 -28.539228 1260256438700
102.50424 92.50088 -17.979748 -1.2266138 -29.320215 -28.539228 1260256438703
102.50424 92.50088 -17.979748 8.578839 -11.844481 -19.385881 1260256438708
105.97903 94.27583 -17.080761 8.578839 -11.844481 -19.385881 1260256438713
105.97903 94.27583 -17.080761 9.431465 -18.989246 -16.759533 1260256438719
108.030075 95.862045 -16.576723 9.431465 -18.989246 -16.759533 1260256438725
108.030075 95.862045 -16.576723 5.1535015 -26.203262 -11.424866 1260256438728
107.72857 96.918945 -16.647886 5.1535015 -26.203262 -11.424866 1260256438739
107.72857 96.918945 -16.647886 2.9830585 -18.675278 -0.2955184 1260256438742
104.74214 94.522995 -17.815493 2.9830585 -18.675278 -0.2955184 1260256438750
104.74214 94.522995 -17.815493 0.00458622 -12.578804 6.075535 1260256438754
100.605034 90.39684 -19.424719 0.00458622 -12.578804 6.075535 1260256438762
100.605034 90.39684 -19.424719 -15.736866 -9.093544 2.0823445 1260256438765
96.62478 85.277 -20.253483 -15.736866 -9.093544 2.0823445 1260256438773
96.62478 85.277 -20.253483 -20.94152 8.424881 13.50591 1260256438784
92.64354 79.91315 -21.19081 -20.94152 8.424881 13.50591 1260256438792
92.64354 79.91315 -21.19081 -19.644848 17.291431 15.095579 1260256438799
88.16136 74.71749 -22.63127 -19.644848 17.291431 15.095579 1260256438809
88.16136 74.71749 -22.63127 -7.249309 13.236713 2.4319897 1260256438812
84.103294 71.43162 -25.499706 -7.249309 13.236713 2.4319897 1260256438821
84.103294 71.43162 -25.499706 -17.01385 -9.350672 -4.953953 1260256438827
83.09813 74.61004 -26.07472 -17.01385 -9.350672 -4.953953 1260256438840
83.09813 74.61004 -26.07472 -18.930735 -5.8133354 -2.5821648 1260256438843
85.493225 76.929535 -25.570984 -18.930735 -5.8133354 -2.5821648 1260256438863
85.493225 76.929535 -25.570984 -10.750868 -30.794937 -10.6958065 1260256438867
90.26856 78.983055 -24.542435 -10.750868 -30.794937 -10.6958065 1260256438878
90.26856 78.983055 -24.542435 3.0167918 -21.71662 -20.702747 1260256438881
95.755135 81.033905 -23.265312 3.0167918 -21.71662 -20.702747 1260256438899
95.755135 81.033905 -23.265312 10.080255 -19.082003 -16.504389 1260256438902
100.76738 82.73221 -22.052046 10.080255 -19.082003 -16.504389 1260256438916
100.76738 82.73221 -22.052046 1.250201 -32.026985 -15.960957 1260256438925
104.57901 84.195595 -21.049444 1.250201 -32.026985 -15.960957 1260256438939
104.57901 84.195595 -21.049444 -8.604927 -25.829458 -3.4631233 1260256438954
107.15006 85.23582 -20.246971 -8.604927 -25.829458 -3.4631233 1260256438960
107.15006 85.23582 -20.246971 -11.164928 -13.080154 -5.947985 1260256438966
107.44256 86.17403 -19.884623 -11.164928 -13.080154 -5.947985 1260256438981
107.44256 86.17403 -19.884623 -11.314499 -2.9255753 -2.4253922 1260256438984
105.52043 84.615326 -20.640392 -11.314499 -2.9255753 -2.4253922 1260256438998
105.52043 84.615326 -20.640392 -14.330832 -8.817178 2.5697837 1260256439007
101.79441 81.18456 -22.458372 -14.330832 -8.817178 2.5697837 1260256439018
101.79441 81.18456 -22.458372 -2.0147943 2.5192091 -4.0278654 1260256439023
97.70469 76.27534 -23.585453 -2.0147943 2.5192091 -4.0278654 1260256439038
97.70469 76.27534 -23.585453 2.1017952 -4.3344045 7.0391808 1260256439041
93.81946 71.16157 -24.35618 2.1017952 -4.3344045 7.0391808 1260256439062
93.81946 71.16157 -24.35618 -2.257495 -2.4055605 6.2236485 1260256439066
89.87849 66.30349 -25.338371 -2.257495 -2.4055605 6.2236485 1260256439078
89.87849 66.30349 -25.338371 -13.22417 10.081545 0.02263546 1260256439083
85.53456 61.938316 -26.921453 -13.22417 10.081545 0.02263546 1260256439098
85.53456 61.938316 -26.921453 -23.120478 13.343996 5.291776 1260256439102
99.15783 58.5414 -29.47538 -23.120478 13.343996 5.291776 1260256439119
99.15783 58.5414 -29.47538 -7.1794844 -7.115389 4.2833967 1260256439123
94.549934 64.114334 -32.00161 -7.1794844 -7.115389 4.2833967 1260256439141
94.549934 64.114334 -32.00161 -22.83756 -12.432835 1.7636585 1260256439147
90.87244 68.658615 -33.651527 -22.83756 -12.432835 1.7636585 1260256439158
90.87244 68.658615 -33.651527 -24.030144 -3.2536578 -6.9250426 1260256439163
87.97881 72.17568 -34.418953 -24.030144 -3.2536578 -6.9250426 1260256439341
87.97881 72.17568 -34.418953 -15.50515 -12.941784 9.1158495 1260256439347
84.72987 71.2669 -34.498005 -15.50515 -12.941784 9.1158495 1260256439350
84.72987 71.2669 -34.498005 -12.52794 -24.44069 6.1189523 1260256439361
95.64338 70.70355 -34.223106 -12.52794 -24.44069 6.1189523 1260256439364
95.64338 70.70355 -34.223106 -14.167263 -29.221077 2.179816 1260256439368
102.66121 70.318375 -33.86195 -14.167263 -29.221077 2.179816 1260256439373
102.66121 70.318375 -33.86195 -17.121859 -30.693169 -0.30555463 1260256439382
107.82815 70.00246 -33.418854 -17.121859 -30.693169 -0.30555463 1260256439386
107.82815 70.00246 -33.418854 -19.740936 -30.467918 -0.95708334 1260256439390
112.08674 69.85233 -32.89791 -19.740936 -30.467918 -0.95708334 1260256439398
112.08674 69.85233 -32.89791 -19.772331 -30.056278 1.4470694 1260256439401
115.7824 69.809715 -32.303017 -19.772331 -30.056278 1.4470694 1260256439408
115.7824 69.809715 -32.303017 -16.559511 -29.305351 5.0690866 1260256439411
118.99328 69.81923 -31.687866 -16.559511 -29.305351 5.0690866 1260256439420
118.99328 69.81923 -31.687866 -10.545706 -28.001041 7.7801347 1260256439423
121.69362 69.82827 -31.103474 -10.545706 -28.001041 7.7801347 1260256439430
121.69362 69.82827 -31.103474 -4.070123 -25.83457 7.3656974 1260256439433
123.55894 69.636856 -30.7483 -4.070123 -25.83457 7.3656974 1260256439442
123.55894 69.636856 -30.7483 -1.0832729 -21.06585 7.4752693 1260256439446
124.68099 69.155014 -30.660885 -1.0832729 -21.06585 7.4752693 1260256439449
124.68099 69.155014 -30.660885 -0.3800745 -12.976858 8.874484 1260256439452
124.79694 68.197266 -31.02784 -0.3800745 -12.976858 8.874484 1260256439458
124.79694 68.197266 -31.02784 -3.660109 -1.4100819 7.799807 1260256439461
124.2071 66.737404 -31.676447 -3.660109 -1.4100819 7.799807 1260256439465
124.2071 66.737404 -31.676447 -9.838444 0.10552311 -3.0105038 1260256439468
