130.33327 33.52471 21.23975 15.520048 -11.48827 6.659189 1260256359931
130.33327 33.52471 21.23975 12.587693 -13.1964035 9.744145 1260256359935
123.966606 33.298477 22.327763 12.587693 -13.1964035 9.744145 1260256359939
123.966606 33.298477 22.327763 2.7697012 -13.672501 7.6997085 1260256359944
135.61827 32.93355 23.661375 2.7697012 -13.672501 7.6997085 1260256359953
135.61827 32.93355 23.661375 -3.9220877 -13.245718 3.8245373 1260256359956
129.28735 32.586876 24.978306 -3.9220877 -13.245718 3.8245373 1260256359983
129.28735 32.586876 24.978306 4.376532 -12.323106 7.378907 1260256359993
124.67299 32.45753 26.02939 4.376532 -12.323106 7.378907 1260256359999
124.67299 32.45753 26.02939 13.335833 -12.368549 6.915635 1260256360002
121.33934 32.584656 26.82792 13.335833 -12.368549 6.915635 1260256360012
121.33934 32.584656 26.82792 15.2950115 -13.7992325 3.6239498 1260256360016
119.222374 32.855423 27.586525 15.2950115 -13.7992325 3.6239498 1260256360024
119.222374 32.855423 27.586525 12.105479 -15.082064 2.672543 1260256360033
117.76125 33.16265 28.507198 12.105479 -15.082064 2.672543 1260256360037
117.76125 33.16265 28.507198 3.9493754 -15.015149 4.175066 1260256360041
122.02319 33.254517 29.731838 3.9493754 -15.015149 4.175066 1260256360052
122.02319 33.254517 29.731838 -3.1176858 -14.2314415 1.38278 1260256360060
128.12204 38.99179 31.145247 -3.1176858 -14.2314415 1.38278 1260256360063
128.12204 38.99179 31.145247 4.162543 -13.604872 2.4700017 1260256360072
134.36594 44.6422 32.637985 4.162543 -13.604872 2.4700017 1260256360080
134.36594 44.6422 32.637985 15.584411 -9.467365 1.8693447 1260256360084
141.14764 50.31009 34.306087 15.584411 -9.467365 1.8693447 1260256360095
141.14764 50.31009 34.306087 7.545781 -2.5209134 -10.422223 1260256360099
134.09026 48.694584 36.040783 7.545781 -2.5209134 -10.422223 1260256360109
134.09026 48.694584 36.040783 -7.2835774 8.955539 0.47679976 1260256360118
130.43575 46.109856 33.688744 -7.2835774 8.955539 0.47679976 1260256360129
130.43575 46.109856 33.688744 6.3658123 -7.965782 9.146484 1260256360132
126.76396 43.854362 31.054306 6.3658123 -7.965782 9.146484 1260256360152
126.76396 43.854362 31.054306 -7.6894536 0.96431506 21.581131 1260256360156
123.025764 42.561646 28.451591 -7.6894536 0.96431506 21.581131 1260256360173
123.025764 42.561646 28.451591 -8.660799 3.8329954 15.66423 1260256360177
119.32448 42.133564 26.079012 -8.660799 3.8329954 15.66423 1260256360188
119.32448 42.133564 26.079012 0.51344776 -3.1612902 15.589436 1260256360191
116.15826 43.026886 24.175062 0.51344776 -3.1612902 15.589436 1260256360210
116.15826 43.026886 24.175062 -12.7957535 -11.679201 13.443328 1260256360213
114.30035 45.22554 22.866308 -12.7957535 -11.679201 13.443328 1260256360233
114.30035 45.22554 22.866308 -8.381011 -33.278008 -1.2170303 1260256360237
114.935326 48.464264 22.122993 -8.381011 -33.278008 -1.2170303 1260256360248
114.935326 48.464264 22.122993 2.1031268 -12.265191 -4.822937 1260256360256
118.28856 52.44105 21.916843 2.1031268 -12.265191 -4.822937 1260256360268
118.28856 52.44105 21.916843 7.605796 -25.114464 -6.143218 1260256360271
122.92413 56.919 22.021002 7.605796 -25.114464 -6.143218 1260256360291
122.92413 56.919 22.021002 7.2531543 -14.919846 -21.866589 1260256360294
128.12793 61.823048 22.01995 7.2531543 -14.919846 -21.866589 1260256360308
128.12793 61.823048 22.01995 5.0433326 2.3814888 -16.919857 1260256360317
135.37154 67.43189 21.718954 5.0433326 2.3814888 -16.919857 1260256360328
135.37154 67.43189 21.718954 5.1544533 8.689448 -7.8494463 1260256360333
135.75296 56.660297 20.433006 5.1544533 8.689448 -7.8494463 1260256360348
135.75296 56.660297 20.433006 9.390605 2.2861466 -5.4624104 1260256360353
136.91531 47.677284 18.161356 9.390605 2.2861466 -5.4624104 1260256360372
136.91531 47.677284 18.161356 -9.180065 11.089136 -8.864077 1260256360376
139.31955 38.94342 15.453288 -9.180065 11.089136 -8.864077 1260256360388
139.31955 38.94342 15.453288 -2.0938919 -3.0169516 -3.9814653 1260256360396
149.35358 28.446249 10.780623 -2.0938919 -3.0169516 -3.9814653 1260256360408
149.35358 28.446249 10.780623 -15.022611 2.589045 1.3376421 1260256360411
146.33589 33.173935 9.341592 -15.022611 2.589045 1.3376421 1260256360431
146.33589 33.173935 9.341592 -2.359257 -18.441128 -2.9630694 1260256360434
146.06909 37.165237 9.024512 -2.359257 -18.441128 -2.9630694 1260256360446
146.06909 37.165237 9.024512 4.6767797 -12.174688 -14.865629 1260256360456
150.26564 41.056976 9.123286 4.6767797 -12.174688 -14.865629 1260256360466
150.26564 41.056976 9.123286 7.7997656 -21.896072 -1.129776 1260256360470
155.15236 45.15413 9.467122 7.7997656 -21.896072 -1.129776 1260256360657
155.15236 45.15413 9.467122 7.8390827 -34.500397 -17.859737 1260256360661
159.29474 49.146423 9.843766 7.8390827 -34.500397 -17.859737 1260256360664
159.29474 49.146423 9.843766 4.212453 -13.6566105 -17.582773 1260256360673
161.63 53.189102 10.051578 4.212453 -13.6566105 -17.582773 1260256360676
161.63 53.189102 10.051578 -0.19114447 -19.948294 -6.25242 1260256360680
162.4485 57.279648 9.948998 -0.19114447 -19.948294 -6.25242 1260256360688
162.4485 57.279648 9.948998 -2.4536128 -18.569242 -18.125355 1260256360695
159.67607 61.265667 8.801549 -2.4536128 -18.569242 -18.125355 1260256360698
159.67607 61.265667 8.801549 3.7585397 3.7797027 -6.2475643 1260256360709
152.59227 57.852383 5.2614713 3.7585397 3.7797027 -6.2475643 1260256360715
152.59227 57.852383 5.2614713 -15.51012 -8.485498 5.0682044 1260256360719
146.51265 54.059765 3.1983976 -15.51012 -8.485498 5.0682044 1260256360722
146.51265 54.059765 3.1983976 -11.575252 11.726817 21.638596 1260256360729
140.83702 50.806778 1.4384778 -11.575252 11.726817 21.638596 1260256360732
140.83702 50.806778 1.4384778 -4.2329016 0.12631416 22.81894 1260256360738
135.34517 48.16644 -0.1834462 -4.2329016 0.12631416 22.81894 1260256360741
135.34517 48.16644 -0.1834462 -16.620266 9.267781 20.095959 1260256360744
130.02791 46.508118 -1.8242738 -16.620266 9.267781 20.095959 1260256360755
130.02791 46.508118 -1.8242738 -22.834793 -12.061935 21.578617 1260256360759
125.326515 46.382713 -3.2330601 -22.834793 -12.061935 21.578617 1260256360770
125.326515 46.382713 -3.2330601 -9.292888 -20.563766 17.768383 1260256360775
123.16019 49.413578 -3.871407 -9.292888 -20.563766 17.768383 1260256360778
123.16019 49.413578 -3.871407 1.5352988 -10.181775 -6.471689 1260256360784
125.45218 53.0929 -3.5278366 1.5352988 -10.181775 -6.471689 1260256360790
125.45218 53.0929 -3.5278366 4.9857078 -22.546478 -4.2239256 1260256360796
129.52957 57.288254 -2.7014446 4.9857078 -22.546478 -4.2239256 1260256360799
129.52957 57.288254 -2.7014446 2.2669053 -26.231945 -26.912117 1260256360802
134.2531 61.723843 -1.7663723 2.2669053 -26.231945 -26.912117 1260256360812
134.2531 61.723843 -1.7663723 -1.0187321 -9.005393 -25.434956 1260256360816
138.59044 66.03765 -0.9280537 -1.0187321 -9.005393 -25.434956 1260256360821
138.59044 66.03765 -0.9280537 -0.58481216 -14.462564 -28.812233 1260256360824
141.31091 70.23577 -0.48165098 -0.58481216 -14.462564 -28.812233 1260256360836
141.31091 70.23577 -0.48165098 -1.6931283 -19.43436 -14.227898 1260256360839
138.19537 74.02398 -1.6575685 -1.6931283 -19.43436 -14.227898 1260256360844
138.19537 74.02398 -1.6575685 -13.985437 3.8635225 -7.5889482 1260256360853
132.2856 70.72278 -4.57469 -13.985437 3.8635225 -7.5889482 1260256360859
132.2856 70.72278 -4.57469 -0.7668104 -11.550338 5.851953 1260256360862
126.92132 67.38664 -6.3459554 -0.7668104 -11.550338 5.851953 1260256360879
126.92132 67.38664 -6.3459554 -15.065931 8.030485 15.790022 1260256360882
121.87525 64.56731 -7.6786575 -15.065931 8.030485 15.790022 1260256360890
121.87525 64.56731 -7.6786575 -25.694536 -15.088349 23.623516 1260256360893
116.98149 62.438942 -8.794724 -25.694536 -15.088349 23.623516 1260256360908
116.98149 62.438942 -8.794724 -19.72128 -6.5856266 14.559311 1260256360913
112.53242 61.416996 -9.7049885 -19.72128 -6.5856266 14.559311 1260256360929
112.53242 61.416996 -9.7049885 -7.818261 -5.90059 11.912525 1260256360936
110.205795 63.696148 -10.069739 -7.818261 -5.90059 11.912525 1260256360948
110.205795 63.696148 -10.069739 0.33434057 -25.88258 -5.6424 1260256360952
113.14551 66.56134 -9.5162525 0.33434057 -25.88258 -5.6424 1260256360971
113.14551 66.56134 -9.5162525 1.4263945 -14.464148 -3.960662 1260256360974
117.988235 69.98328 -8.490439 1.4263945 -14.464148 -3.960662 1260256360988
117.988235 69.98328 -8.490439 -2.2696366 -28.740639 -24.398544 1260256360993
123.48882 73.584114 -7.3159175 -2.2696366 -28.740639 -24.398544 1260256361011
123.48882 73.584114 -7.3159175 0.28811932 -11.477614 -27.061378 1260256361018
128.56438 77.10491 -6.2501216 0.28811932 -11.477614 -27.061378 1260256361029
128.56438 77.10491 -6.2501216 7.5291295 -27.538689 -24.440649 1260256361033
132.08615 80.499664 -5.5876155 7.5291295 -27.538689 -24.440649 1260256361048
132.08615 80.499664 -5.5876155 8.677246 -2.8501663 -14.008301 1260256361055
129.83185 83.17468 -6.708235 8.677246 -2.8501663 -14.008301 1260256361070
129.83185 83.17468 -6.708235 -8.712965 -16.989351 -4.484304 1260256361077
124.24026 80.31595 -8.572824 -8.712965 -16.989351 -4.484304 1260256361088
124.24026 80.31595 -8.572824 -17.79474 2.9746375 7.224129 1260256361091
118.678246 77.50015 -9.744183 -17.79474 2.9746375 7.224129 1260256361109
118.678246 77.50015 -9.744183 -9.9847 -18.46085 23.467962 1260256361112
113.39433 75.125145 -10.606974 -9.9847 -18.46085 23.467962 1260256361133
113.39433 75.125145 -10.606974 -4.7144775 -12.502792 19.061451 1260256361136
108.27461 73.26889 -11.276625 -4.7144775 -12.502792 19.061451 1260256361148
108.27461 73.26889 -11.276625 -2.2707653 -9.572809 18.240915 1260256361152
103.66088 72.00545 -11.962793 -2.2707653 -9.572809 18.240915 1260256361170
103.66088 72.00545 -11.962793 -4.0263305 -19.161583 3.7484288 1260256361173
101.87784 74.25517 -12.714654 -4.0263305 -19.161583 3.7484288 1260256361186
101.87784 74.25517 -12.714654 -8.435096 -4.921221 3.1897874 1260256361194
104.433945 77.19241 -12.6289215 -8.435096 -4.921221 3.1897874 1260256361213
104.433945 77.19241 -12.6289215 -3.6771774 -21.692213 -13.158466 1260256361217
109.012245 80.63279 -11.897475 -3.6771774 -21.692213 -13.158466 1260256361228
109.012245 80.63279 -11.897475 6.826293 -4.908415 -15.874029 1260256361231
114.761635 83.90115 -10.902601 6.826293 -4.908415 -15.874029 1260256361413
114.761635 83.90115 -10.902601 14.143427 -25.132938 -24.702274 1260256361417
120.573555 86.506096 -9.857471 14.143427 -25.132938 -24.702274 1260256361422
120.573555 86.506096 -9.857471 9.611933 -12.176868 -23.170921 1260256361431
125.894875 88.38079 -9.014598 9.611933 -12.176868 -23.170921 1260256361434
125.894875 88.38079 -9.014598 -0.39393997 -29.159632 -24.95929 1260256361438
131.00014 89.461754 -8.463868 -0.39393997 -29.159632 -24.95929 1260256361443
131.00014 89.461754 -8.463868 -7.175106 -36.932415 -10.246855 1260256361449
139.05013 89.788666 -8.240675 -7.175106 -36.932415 -10.246855 1260256361455
139.05013 89.788666 -8.240675 -10.983229 -36.700806 -1.4438484 1260256361458
132.94762 89.29923 -8.278642 -10.983229 -36.700806 -1.4438484 1260256361461
132.94762 89.29923 -8.278642 -13.09738 -34.616673 0.8531867 1260256361472
128.00023 88.28427 -8.66471 -13.09738 -34.616673 0.8531867 1260256361478
128.00023 88.28427 -8.66471 -13.126236 -24.068703 -2.0440583 1260256361481
123.25021 86.370056 -9.831474 -13.126236 -24.068703 -2.0440583 1260256361491
123.25021 86.370056 -9.831474 -6.365844 -5.130663 7.3371134 1260256361494
118.2377 83.00156 -11.789901 -6.365844 -5.130663 7.3371134 1260256361498
118.2377 83.00156 -11.789901 -6.8073287 -15.459478 12.08552 1260256361503
113.225815 78.45148 -13.650406 -6.8073287 -15.459478 12.08552 1260256361514
113.225815 78.45148 -13.650406 -23.943785 2.0773957 8.318621 1260256361518
108.51453 73.2789 -15.267885 -23.943785 2.0773957 8.318621 1260256361521
108.51453 73.2789 -15.267885 -19.456928 17.256363 16.62266 1260256361532
103.3388 67.71496 -16.70449 -19.456928 17.256363 16.62266 1260256361538
103.3388 67.71496 -16.70449 -5.2834063 21.493624 6.491438 1260256361541
113.67186 62.67921 -18.719267 -5.2834063 21.493624 6.491438 1260256361549
113.67186 62.67921 -18.719267 -10.903368 9.294553 10.571003 1260256361552
108.28827 67.69525 -20.983303 -10.903368 9.294553 10.571003 1260256361558
108.28827 67.69525 -20.983303 -18.70727 6.3923492 -4.695836 1260256361562
107.27386 70.46049 -20.884138 -18.70727 6.3923492 -4.695836 1260256361574
107.27386 70.46049 -20.884138 -14.090336 -23.009125 -8.075763 1260256361578
115.910164 72.237465 -19.839931 -14.090336 -23.009125 -8.075763 1260256361583
115.910164 72.237465 -19.839931 -8.385758 -22.66139 -11.856381 1260256361590
124.41466 73.875595 -18.447935 -8.385758 -22.66139 -11.856381 1260256361595
124.41466 73.875595 -18.447935 7.508419 -17.424822 -5.7765636 1260256361599
132.64392 75.63181 -16.875538 7.508419 -17.424822 -5.7765636 1260256361609
132.64392 75.63181 -16.875538 14.843565 -27.466059 -10.006288 1260256361612
140.61172 77.200226 -15.431761 14.843565 -27.466059 -10.006288 1260256361620
140.61172 77.200226 -15.431761 2.217205 -32.448654 -2.5656927 1260256361623
148.78114 78.59022 -14.110172 2.217205 -32.448654 -2.5656927 1260256361633
148.78114 78.59022 -14.110172 -6.064454 -19.133198 -4.118738 1260256361637
141.4421 79.71071 -12.954663 -6.064454 -19.133198 -4.118738 1260256361653
141.4421 79.71071 -12.954663 -1.0816383 -7.372135 -5.4654903 1260256361657
136.96999 80.375175 -12.15693 -1.0816383 -7.372135 -5.4654903 1260256361668
136.96999 80.375175 -12.15693 4.6504626 -3.5075436 2.1192167 1260256361672
132.4215 79.95641 -12.299084 4.6504626 -3.5075436 2.1192167 1260256361690
132.4215 79.95641 -12.299084 0.40907764 1.7430587 -0.14417207 1260256361694
126.300415 76.90859 -14.63413 0.40907764 1.7430587 -0.14417207 1260256361713
126.300415 76.90859 -14.63413 -13.72217 -11.757064 2.006058 1260256361716
136.4854 71.713165 -16.652424 -13.72217 -11.757064 2.006058 1260256361728
136.4854 71.713165 -16.652424 0.78909016 -1.144974 8.090438 1260256361737
142.56113 66.32751 -18.269802 0.78909016 -1.144974 8.090438 1260256361748
142.56113 66.32751 -18.269802 -3.8251185 10.425858 -4.189683 1260256361751
148.78307 61.411133 -20.056313 -3.8251185 10.425858 -4.189683 1260256361771
148.78307 61.411133 -20.056313 -20.122149 16.935871 3.913165 1260256361774
156.04391 57.190575 -22.253496 -20.122149 16.935871 3.913165 1260256361793
156.04391 57.190575 -22.253496 -10.247891 -0.41935444 -4.5162106 1260256361797
163.59172 53.881046 -25.140821 -10.247891 -0.41935444 -4.5162106 1260256361808
163.59172 53.881046 -25.140821 -14.298828 6.747546 -7.9157906 1260256361813
171.41214 59.936993 -27.98378 -14.298828 6.747546 -7.9157906 1260256361828
171.41214 59.936993 -27.98378 -16.809252 1.126825 7.497689 1260256361832
179.59154 64.84014 -29.784592 -16.809252 1.126825 7.497689 1260256361853
179.59154 64.84014 -29.784592 -2.7895336 -14.188943 -2.554592 1260256361857
187.86195 68.39813 -30.445362 -2.7895336 -14.188943 -2.554592 1260256361868
187.86195 68.39813 -30.445362 -2.8228931 -4.715921 0.5906453 1260256361873
194.96886 70.92822 -30.323093 -2.8228931 -4.715921 0.5906453 1260256361888
194.96886 70.92822 -30.323093 -0.6009474 -27.179111 -3.7242975 1260256361891
201.17041 72.83181 -29.756939 -0.6009474 -27.179111 -3.7242975 1260256361909
201.17041 72.83181 -29.756939 1.9983163 -17.360447 -0.10657251 1260256361913
206.56189 72.89022 -29.069092 1.9983163 -17.360447 -0.10657251 1260256361932
206.56189 72.89022 -29.069092 -0.66043377 -20.376303 5.8454075 1260256361936
211.13379 72.99571 -28.315638 -0.66043377 -20.376303 5.8454075 1260256361948
211.13379 72.99571 -28.315638 -6.5280957 -20.176233 8.70788 1260256361955
214.9771 73.095924 -27.549856 -6.5280957 -20.176233 8.70788 1260256361968
214.9771 73.095924 -27.549856 -12.596811 -18.286135 8.021221 1260256361971
217.97824 73.04113 -26.872364 -12.596811 -18.286135 8.021221 1260256361991
217.97824 73.04113 -26.872364 -15.653622 -16.203938 5.918906 1260256361995
219.97932 72.88908 -26.278746 -15.653622 -16.203938 5.918906 1260256362008
219.97932 72.88908 -26.278746 -14.200094 -13.724994 1.6592429 1260256362170
