87.59647 41.46749 17.554958 -5.4151225 -4.055173 7.3067265 1260256323318
87.59647 41.46749 17.554958 -5.287984 -0.59893894 1.5402617 1260256323323
86.66665 41.944115 18.07721 -5.287984 -0.59893894 1.5402617 1260256323327
86.66665 41.944115 18.07721 -2.5890665 1.5846376 0.70551395 1260256323332
86.03332 42.49691 18.473349 -2.5890665 1.5846376 0.70551395 1260256323339
86.03332 42.49691 18.473349 0.43114543 2.5454931 4.4822626 1260256323345
84.63165 42.872063 18.899681 0.43114543 2.5454931 4.4822626 1260256323349
84.63165 42.872063 18.899681 4.8903933 1.3693995 8.613323 1260256323352
83.15007 43.22846 19.304697 4.8903933 1.3693995 8.613323 1260256323383
83.15007 43.22846 19.304697 8.775447 -0.7700343 10.898596 1260256323389
82.14257 43.667034 19.739462 8.775447 -0.7700343 10.898596 1260256323394
82.14257 43.667034 19.739462 12.027716 -4.2754745 9.474308 1260256323401
80.635445 44.033684 20.202488 12.027716 -4.2754745 9.474308 1260256323405
80.635445 44.033684 20.202488 14.049435 -7.7085314 5.997223 1260256323408
79.55367 44.382 20.642365 14.049435 -7.7085314 5.997223 1260256323419
79.55367 44.382 20.642365 14.040566 -11.073263 1.7850375 1260256323422
78.275986 44.7129 21.060246 14.040566 -11.073263 1.7850375 1260256323430
78.275986 44.7129 21.060246 12.505701 -13.853838 -0.5853367 1260256323433
76.36218 44.827255 21.557234 12.505701 -13.853838 -0.5853367 1260256323441
76.36218 44.827255 21.557234 9.037121 -14.276222 -1.7614608 1260256323444
74.49407 44.935894 22.129372 9.037121 -14.276222 -1.7614608 1260256323452
74.49407 44.935894 22.129372 3.893557 -15.047264 -1.5315857 1260256323463
71.81937 44.989098 22.772903 3.893557 -15.047264 -1.5315857 1260256323467
71.81937 44.989098 22.772903 -1.2246685 -15.432916 0.32740808 1260256323470
69.128395 44.989643 23.484259 -1.2246685 -15.432916 0.32740808 1260256323483
69.128395 44.989643 23.484259 -3.7093883 -15.38129 3.4755793 1260256323487
66.52197 44.940163 24.210045 -3.7093883 -15.38129 3.4755793 1260256323499
66.52197 44.940163 24.210045 -1.4657936 -15.166744 7.1624928 1260256323503
63.745872 44.893154 24.949543 -1.4657936 -15.166744 7.1624928 1260256323523
63.745872 44.893154 24.949543 4.793311 -15.001934 9.285383 1260256323531
61.158577 44.898495 25.752066 4.793311 -15.001934 9.285383 1260256323538
61.158577 44.898495 25.752066 12.485309 -15.142872 7.7323556 1260256323543
59.550648 44.95357 26.464462 12.485309 -15.142872 7.7323556 1260256323558
59.550648 44.95357 26.464462 16.372297 -15.800049 4.01989 1260256323563
58.673115 45.055893 27.14124 16.372297 -15.800049 4.01989 1260256323581
58.673115 45.055893 27.14124 15.509247 -16.172722 0.6202532 1260256323589
58.28946 45.053097 27.784178 15.509247 -16.172722 0.6202532 1260256323599
58.28946 45.053097 27.784178 10.470233 -15.05637 -1.3257444 1260256323602
58.774986 45.200443 27.994968 10.470233 -15.05637 -1.3257444 1260256323788
58.774986 45.200443 27.994968 6.5023856 -14.440748 -0.3796649 1260256323792
58.536236 44.390423 27.09522 6.5023856 -14.440748 -0.3796649 1260256323800
58.536236 44.390423 27.09522 10.092972 -6.6816897 1.5376008 1260256323804
58.109425 43.0709 25.19046 10.092972 -6.6816897 1.5376008 1260256323809
58.109425 43.0709 25.19046 -1.1508318 5.116806 14.0299 1260256323812
57.553955 42.167355 23.030937 -1.1508318 5.116806 14.0299 1260256323821
57.553955 42.167355 23.030937 -12.754543 3.5027986 13.076578 1260256323823
56.87626 41.95899 21.07939 -12.754543 3.5027986 13.076578 1260256323827
56.87626 41.95899 21.07939 2.667315 -2.5457268 16.475729 1260256323833
56.532444 42.71104 19.52542 2.667315 -2.5457268 16.475729 1260256323841
56.532444 42.71104 19.52542 2.2079365 -9.214524 13.806132 1260256323845
56.855824 44.225487 18.349148 2.2079365 -9.214524 13.806132 1260256323848
56.855824 44.225487 18.349148 -6.200118 -24.81979 14.95125 1260256323853
59.063034 46.814213 17.68169 -6.200118 -24.81979 14.95125 1260256323860
59.063034 46.814213 17.68169 -6.9721227 -24.779118 -4.6814713 1260256323865
64.15988 50.273502 17.597605 -6.9721227 -24.779118 -4.6814713 1260256323869
64.15988 50.273502 17.597605 -4.062227 -17.676083 -3.5884414 1260256323872
71.20189 54.559826 17.967724 -4.062227 -17.676083 -3.5884414 1260256323882
71.20189 54.559826 17.967724 -0.38674498 -2.94812 -12.431313 1260256323891
79.291794 59.431835 18.519339 -0.38674498 -2.94812 -12.431313 1260256323894
79.291794 59.431835 18.519339 3.8913243 -9.491711 -19.79086 1260256323902
88.7272 64.81024 18.993372 3.8913243 -9.491711 -19.79086 1260256323906
88.7272 64.81024 18.993372 6.5938964 -11.448826 -13.310757 1260256323909
85.14085 53.06973 18.893703 6.5938964 -11.448826 -13.310757 1260256323918
85.14085 53.06973 18.893703 2.5845203 -1.8816094 -16.293966 1260256323924
88.383804 43.516243 17.449018 2.5845203 -1.8816094 -16.293966 1260256323927
88.383804 43.516243 17.449018 -10.761549 8.5579815 -2.9295988 1260256323931
93.41461 34.740433 14.976567 -10.761549 8.5579815 -2.9295988 1260256323942
93.41461 34.740433 14.976567 2.6228507 7.2443333 4.0664673 1260256323951
101.64388 25.703411 11.927739 2.6228507 7.2443333 4.0664673 1260256323954
101.64388 25.703411 11.927739 -12.079872 -0.4314556 3.1893585 1260256323962
113.06169 15.51824 8.631352 -12.079872 -0.4314556 3.1893585 1260256323966
113.06169 15.51824 8.631352 -0.30183697 -1.5212659 1.5611043 1260256323971
110.4586 21.942327 6.6997848 -0.30183697 -1.5212659 1.5611043 1260256323985
110.4586 21.942327 6.6997848 -1.7277052 -7.2475696 -16.333359 1260256323989
111.535675 26.895212 6.2147956 -1.7277052 -7.2475696 -16.333359 1260256323994
111.535675 26.895212 6.2147956 -1.7184637 -24.371365 -10.60683 1260256324000
119.15889 31.100452 6.3040557 -1.7184637 -24.371365 -10.60683 1260256324008
119.15889 31.100452 6.3040557 3.691324 -19.078825 1.6596994 1260256324011
128.55095 35.04543 6.688853 3.691324 -19.078825 1.6596994 1260256324028
128.55095 35.04543 6.688853 10.6094675 -20.807898 -14.123933 1260256324031
138.3734 38.79316 7.2544103 10.6094675 -20.807898 -14.123933 1260256324039
138.3734 38.79316 7.2544103 16.153906 -33.78228 -1.3304882 1260256324042
148.45473 42.203503 7.69169 16.153906 -33.78228 -1.3304882 1260256324058
148.45473 42.203503 7.69169 16.086407 -12.312746 -1.3485185 1260256324063
158.982 43.843327 8.057105 16.086407 -12.312746 -1.3485185 1260256324078
158.982 43.843327 8.057105 13.848072 -15.027746 -1.7672049 1260256324085
152.0329 45.40116 8.30425 13.848072 -15.027746 -1.7672049 1260256324098
152.0329 45.40116 8.30425 11.193179 -19.629963 0.70290905 1260256324101
145.73125 45.981102 8.089037 11.193179 -19.629963 0.70290905 1260256324121
145.73125 45.981102 8.089037 9.748441 -11.871597 2.840556 1260256324124
153.54468 41.482048 5.684585 9.748441 -11.871597 2.840556 1260256324138
153.54468 41.482048 5.684585 -7.51074 7.9878454 -5.5338626 1260256324145
158.11745 32.907944 3.4503558 -7.51074 7.9878454 -5.5338626 1260256324161
158.11745 32.907944 3.4503558 -6.396736 -5.6153994 -1.2523388 1260256324168
165.01158 23.162546 0.527838 -6.396736 -5.6153994 -1.2523388 1260256324179
165.01158 23.162546 0.527838 0.5229416 10.717613 -5.893691 1260256324182
160.011 28.654419 -0.59855396 0.5229416 10.717613 -5.893691 1260256324198
160.011 28.654419 -0.59855396 -9.172048 -3.5693693 -13.089197 1260256324204
167.61046 33.071697 -0.61862624 -9.172048 -3.5693693 -13.089197 1260256324219
167.61046 33.071697 -0.61862624 -5.901108 -25.223736 -8.604647 1260256324226
174.87993 36.968113 -0.3376949 -5.901108 -25.223736 -8.604647 1260256324238
174.87993 36.968113 -0.3376949 -1.3127787 -16.244228 -1.751205 1260256324242
181.53593 40.769707 0.029189827 -1.3127787 -16.244228 -1.751205 1260256324261
181.53593 40.769707 0.029189827 3.7047272 -25.225441 -19.782103 1260256324264
186.05914 44.68122 0.37773034 3.7047272 -25.225441 -19.782103 1260256324278
186.05914 44.68122 0.37773034 6.215842 -26.245453 -3.8003292 1260256324285
184.30618 48.64716 0.30884382 6.215842 -26.245453 -3.8003292 1260256324305
184.30618 48.64716 0.30884382 2.815338 -4.6350145 -10.345549 1260256324308
180.99088 53.0648 -0.10659838 2.815338 -4.6350145 -10.345549 1260256324318
180.99088 53.0648 -0.10659838 -2.7588506 -11.379669 -17.54203 1260256324321
174.39133 57.66156 -1.7512684 -2.7588506 -11.379669 -17.54203 1260256324341
174.39133 57.66156 -1.7512684 -12.787139 -12.018436 -4.2644267 1260256324345
166.17175 54.628483 -4.413705 -12.787139 -12.018436 -4.2644267 1260256324362
166.17175 54.628483 -4.413705 4.6670804 9.534794 4.2560673 1260256324366
159.06317 51.347057 -5.8930197 4.6670804 9.534794 4.2560673 1260256324548
159.06317 51.347057 -5.8930197 -3.505057 -6.198787 14.760574 1260256324552
152.41002 48.479706 -7.2483687 -3.505057 -6.198787 14.760574 1260256324563
152.41002 48.479706 -7.2483687 -18.994244 11.862628 15.739975 1260256324567
145.98952 46.15572 -8.63595 -18.994244 11.862628 15.739975 1260256324572
145.98952 46.15572 -8.63595 -22.085579 -9.163357 25.393574 1260256324581
139.64005 44.397934 -10.154153 -22.085579 -9.163357 25.393574 1260256324584
139.64005 44.397934 -10.154153 -12.633074 -9.963545 16.224737 1260256324588
133.35805 43.078037 -11.846445 -12.633074 -9.963545 16.224737 1260256324593
133.35805 43.078037 -11.846445 -16.570587 -2.5127764 26.361681 1260256324599
127.24014 42.274136 -13.704123 -16.570587 -2.5127764 26.361681 1260256324605
127.24014 42.274136 -13.704123 -33.31667 -4.8797064 14.7189 1260256324609
121.92814 42.21043 -15.418917 -33.31667 -4.8797064 14.7189 1260256324612
121.92814 42.21043 -15.418917 -24.12284 -9.465925 5.8531895 1260256324620
119.38173 46.49991 -16.347971 -24.12284 -9.465925 5.8531895 1260256324623
119.38173 46.49991 -16.347971 -9.892546 -28.008743 -0.67608833 1260256324629
121.812645 50.574913 -16.280573 -9.892546 -28.008743 -0.67608833 1260256324632
121.812645 50.574913 -16.280573 -3.3662548 -28.713097 -25.756369 1260256324640
125.972015 54.646168 -15.616544 -3.3662548 -28.713097 -25.756369 1260256324646
125.972015 54.646168 -15.616544 -2.8832345 -17.661636 -20.875448 1260256324650
130.37341 58.66386 -14.735717 -2.8832345 -17.661636 -20.875448 1260256324663
130.37341 58.66386 -14.735717 -6.775131 -33.62182 -22.678423 1260256324667
134.50475 62.63067 -13.798931 -6.775131 -33.62182 -22.678423 1260256324670
134.50475 62.63067 -13.798931 -6.8748064 -20.447138 -21.9705 1260256324678
137.82951 66.54913 -12.958984 -6.8748064 -20.447138 -21.9705 1260256324682
137.82951 66.54913 -12.958984 -2.37387 -13.079477 -30.61333 1260256324688
139.58804 70.42168 -12.461035 -2.37387 -13.079477 -30.61333 1260256324691
139.58804 70.42168 -12.461035 -0.23630893 -23.175755 -16.578403 1260256324699
138.75864 74.30059 -12.537983 -0.23630893 -23.175755 -16.578403 1260256324704
138.75864 74.30059 -12.537983 -4.0803494 -0.5657902 -9.71468 1260256324713
134.57071 78.28556 -13.811084 -4.0803494 -0.5657902 -9.71468 1260256324722
134.57071 78.28556 -13.811084 -17.01994 -7.926706 -11.455732 1260256324725
128.34218 82.771286 -16.82053 -17.01994 -7.926706 -11.455732 1260256324729
128.34218 82.771286 -16.82053 -1.3172951 -10.81316 -3.8986392 1260256324733
122.27507 78.83272 -18.829504 -1.3172951 -10.81316 -3.8986392 1260256324743
122.27507 78.83272 -18.829504 -11.734928 1.7944214 -1.6716166 1260256324748
116.81132 75.69108 -19.688028 -11.734928 1.7944214 -1.6716166 1260256324751
116.81132 75.69108 -19.688028 -20.322174 -8.944662 22.97185 1260256324762
111.52075 73.306526 -20.053627 -20.322174 -8.944662 22.97185 1260256324770
111.52075 73.306526 -20.053627 -21.297714 -4.2892704 18.736273 1260256324773
106.294716 71.6412 -20.000946 -21.297714 -4.2892704 18.736273 1260256324782
106.294716 71.6412 -20.000946 -19.00246 -25.7613 18.166277 1260256324787
101.22998 70.85914 -19.650898 -19.00246 -25.7613 18.166277 1260256324801
101.22998 70.85914 -19.650898 -14.162688 -35.10963 14.324227 1260256324805
96.51848 70.96618 -19.168352 -14.162688 -35.10963 14.324227 1260256324820
96.51848 70.96618 -19.168352 -7.2666187 -32.640102 3.3771899 1260256324828
93.44255 72.56787 -18.359934 -7.2666187 -32.640102 3.3771899 1260256324837
93.44255 72.56787 -18.359934 3.5600986 -16.775599 -12.700552 1260256324841
99.07043 75.48948 -17.141937 3.5600986 -16.775599 -12.700552 1260256324861
99.07043 75.48948 -17.141937 12.078354 -17.169378 -15.400937 1260256324864
105.4669 79.215004 -15.68484 12.078354 -17.169378 -15.400937 1260256324878
105.4669 79.215004 -15.68484 4.908285 -6.882003 -13.994999 1260256324883
112.143555 83.15425 -14.300598 4.908285 -6.882003 -13.994999 1260256324901
112.143555 83.15425 -14.300598 -3.921627 -20.404133 -26.129942 1260256324909
117.236374 87.09654 -13.285568 -3.921627 -20.404133 -26.129942 1260256324919
117.236374 87.09654 -13.285568 -4.24956 0.49086046 -16.877537 1260256324922
115.67455 90.491714 -13.57129 -4.24956 0.49086046 -16.877537 1260256324938
115.67455 90.491714 -13.57129 -12.576393 -11.220692 -15.625326 1260256324945
110.540825 87.967125 -15.242725 -12.576393 -11.220692 -15.625326 1260256324959
110.540825 87.967125 -15.242725 -13.849148 -8.333213 -6.156892 1260256324966
105.31378 85.31877 -16.03059 -13.849148 -8.333213 -6.156892 1260256324977
105.31378 85.31877 -16.03059 -8.769766 -8.50893 22.463104 1260256324980
100.398094 83.00283 -16.37906 -8.769766 -8.50893 22.463104 1260256325001
100.398094 83.00283 -16.37906 -5.4559655 -28.51086 18.372957 1260256325004
95.67819 81.05269 -16.460108 -5.4559655 -28.51086 18.372957 1260256325018
95.67819 81.05269 -16.460108 -2.3621092 -14.830484 13.226202 1260256325024
91.244286 79.60005 -16.587103 -2.3621092 -14.830484 13.226202 1260256325045
91.244286 79.60005 -16.587103 0.20649862 -9.101758 14.658984 1260256325048
88.532074 80.92005 -16.557747 0.20649862 -9.101758 14.658984 1260256325058
88.532074 80.92005 -16.557747 3.2205625 -8.044251 -4.819423 1260256325061
93.90547 83.17405 -15.679859 3.2205625 -8.044251 -4.819423 1260256325081
93.90547 83.17405 -15.679859 -0.0029770136 -24.194033 -11.211654 1260256325084
100.810196 86.11535 -14.345866 -0.0029770136 -24.194033 -11.211654 1260256325103
100.810196 86.11535 -14.345866 -4.888332 -6.0910444 -18.946241 1260256325107
107.81969 89.159584 -13.028573 -4.888332 -6.0910444 -18.946241 1260256325118
107.81969 89.159584 -13.028573 1.9770613 -25.610317 -20.997559 1260256325122
113.6287 91.801605 -11.977144 1.9770613 -25.610317 -20.997559 1260256325304
113.6287 91.801605 -11.977144 8.755781 -8.635356 -24.765535 1260256325310
114.64726 93.51153 -12.1782875 8.755781 -8.635356 -24.765535 1260256325313
114.64726 93.51153 -12.1782875 0.2216556 -3.8523383 0.061351776 1260256325323
108.9649 90.235954 -14.019373 0.2216556 -3.8523383 0.061351776 1260256325326
108.9649 90.235954 -14.019373 -19.892868 -13.879837 5.2096415 1260256325332
121.06665 86.57416 -15.418405 -19.892868 -13.879837 5.2096415 1260256325338
121.06665 86.57416 -15.418405 -16.554737 3.8523884 12.221601 1260256325344
132.51332 83.29545 -16.547483 -16.554737 3.8523884 12.221601 1260256325348
132.51332 83.29545 -16.547483 -7.184067 -18.371658 16.981466 1260256325351
143.53766 81.480675 -17.37011 -7.184067 -18.371658 16.981466 1260256325359
143.53766 81.480675 -17.37011 -0.9600744 -12.5789 9.129965 1260256325362
152.41078 82.70664 -17.251604 -0.9600744 -12.5789 9.129965 1260256325368
152.41078 82.70664 -17.251604 4.2665257 -29.189278 -2.5761168 1260256325371
157.59024 84.22131 -16.389025 4.2665257 -29.189278 -2.5761168 1260256325374
157.59024 84.22131 -16.389025 6.1702566 -30.731167 -4.442649 1260256325382
162.56073 86.16025 -15.219573 6.1702566 -30.731167 -4.442649 1260256325386
162.56073 86.16025 -15.219573 -0.6755483 -17.39349 -14.872727 1260256325389
167.38269 88.05224 -14.0085945 -0.6755483 -17.39349 -14.872727 1260256325404
167.38269 88.05224 -14.0085945 -4.965609 -25.878391 -14.738569 1260256325408
171.56355 89.599625 -13.008164 -4.965609 -25.878391 -14.738569 1260256325413
171.56355 89.599625 -13.008164 -1.7656832 -31.844753 -12.772493 1260256325419
174.78537 90.71964 -12.707756 -1.7656832 -31.844753 -12.772493 1260256325425
174.78537 90.71964 -12.707756 -3.5329804 -21.128548 -15.810152 1260256325429
167.3461 92.18366 -13.572369 -3.5329804 -21.128548 -15.810152 1260256325432
167.3461 92.18366 -13.572369 -15.292505 -3.490611 -3.3829226 1260256325440
158.97879 88.87448 -15.743751 -15.292505 -3.490611 -3.3829226 1260256325443
158.97879 88.87448 -15.743751 -10.532018 -13.4161415 -1.6532202 1260256325449
168.32985 84.23076 -17.756563 -10.532018 -13.4161415 -1.6532202 1260256325454
168.32985 84.23076 -17.756563 -4.223241 -4.3809614 4.841957 1260256325468
176.91336 79.16922 -19.368734 -4.223241 -4.3809614 4.841957 1260256325473
176.91336 79.16922 -19.368734 -18.727951 11.01273 3.677578 1260256325479
184.7177 74.16076 -20.800297 -18.727951 11.01273 3.677578 1260256325485
184.7177 74.16076 -20.800297 -22.748703 15.975415 9.3121 1260256325488
191.93181 69.90272 -22.760283 -22.748703 15.975415 9.3121 1260256325498
191.93181 69.90272 -22.760283 -5.9462366 -4.153264 1.9106026 1260256325502
200.13522 68.00758 -24.47227 -5.9462366 -4.153264 1.9106026 1260256325511
200.13522 68.00758 -24.47227 -4.761495 1.9429331 4.5893946 1260256325514
207.77846 70.307205 -24.248655 -4.761495 1.9429331 4.5893946 1260256325524
207.77846 70.307205 -24.248655 1.6674595 -24.728424 -1.4080534 1260256325528
211.18953 72.29185 -23.186222 1.6674595 -24.728424 -1.4080534 1260256325543
211.18953 72.29185 -23.186222 8.01313 -22.932127 -4.714581 1260256325547
214.53006 74.22726 -21.82691 8.01313 -22.932127 -4.714581 1260256325558
214.53006 74.22726 -21.82691 0.27729642 -18.34985 -14.264713 1260256325563
217.70355 76.16589 -20.435564 0.27729642 -18.34985 -14.264713 1260256325577
217.70355 76.16589 -20.435564 -6.8160105 -32.20766 -10.28166 1260256325580
220.46837 77.9076 -19.313786 -6.8160105 -32.20766 -10.28166 1260256325601
220.46837 77.9076 -19.313786 -3.3390274 -28.414549 -15.54101 1260256325604
224.74495 79.412224 -18.448095 -3.3390274 -28.414549 -15.54101 1260256325618
224.74495 79.412224 -18.448095 2.9986386 -10.745651 -11.588892 1260256325627
215.8577 80.741615 -18.02569 2.9986386 -10.745651 -11.588892 1260256325638
215.8577 80.741615 -18.02569 4.821081 -5.366962 0.87697077 1260256325641
206.91481 82.554535 -18.424406 4.821081 -5.366962 0.87697077 1260256325660
206.91481 82.554535 -18.424406 -0.2074666 -16.145441 4.9453983 1260256325663
196.96907 79.92681 -20.453186 -0.2074666 -16.145441 4.9453983 1260256325683
196.96907 79.92681 -20.453186 -15.705949 6.1344995 0.9577419 1260256325687
203.82062 75.48047 -22.880527 -15.705949 6.1344995 0.9577419 1260256325698
203.82062 75.48047 -22.880527 -0.23384953 0.5569415 -3.4416513 1260256325704
208.97958 70.55644 -24.7865 -0.23384953 0.5569415 -3.4416513 1260256325718
208.97958 70.55644 -24.7865 -7.121043 -4.9645753 4.6762776 1260256325722
213.08061 65.87862 -26.747175 -7.121043 -4.9645753 4.6762776 1260256325742
213.08061 65.87862 -26.747175 -23.220333 4.8062305 3.5310318 1260256325746
217.12659 61.884686 -29.059816 -23.220333 4.8062305 3.5310318 1260256325758
217.12659 61.884686 -29.059816 -9.427807 12.1639805 -1.5539427 1260256325768
221.42026 49.79045 -32.106827 -9.427807 12.1639805 -1.5539427 1260256325778
221.42026 49.79045 -32.106827 -23.760633 4.427709 6.6346345 1260256325783
226.19925 55.200928 -33.901485 -23.760633 4.427709 6.6346345 1260256325798
226.19925 55.200928 -33.901485 -21.99532 3.0058265 -2.6712832 1260256325801
230.93929 59.14088 -34.40641 -21.99532 3.0058265 -2.6712832 1260256325822
230.93929 59.14088 -34.40641 -14.509912 -18.396992 7.4726954 1260256325826
235.14232 62.033836 -34.03609 -14.509912 -18.396992 7.4726954 1260256325838
235.14232 62.033836 -34.03609 -14.715459 -12.215397 -7.4443164 1260256325843
238.7352 64.38214 -33.284286 -14.715459 -12.215397 -7.4443164 1260256325857
238.7352 64.38214 -33.284286 -17.487053 -33.72889 -1.5707805 1260256325861
241.59843 66.61304 -32.520073 -17.487053 -33.72889 -1.5707805 1260256325880
241.59843 66.61304 -32.520073 -17.087841 -19.171276 -5.9210687 1260256325884
243.76851 68.882385 -31.944069 -17.087841 -19.171276 -5.9210687 1260256325896
243.76851 68.882385 -31.944069 -14.336551 -21.998352 5.744119 1260256326079
245.28009 71.13827 -31.546865 -14.336551 -21.998352 5.744119 1260256326085
245.28009 71.13827 -31.546865 -11.331355 -31.219456 -6.0861917 1260256326089
246.11609 73.33135 -31.219522 -11.331355 -31.219456 -6.0861917 1260256326092
246.11609 73.33135 -31.219522 -7.758038 -12.029764 -5.3103995 1260256326102
246.16028 75.264786 -30.758547 -7.758038 -12.029764 -5.3103995 1260256326105
246.16028 75.264786 -30.758547 -2.1839705 -18.527412 7.6069565 1260256326109
245.00226 77.051544 -30.27062 -2.1839705 -18.527412 7.6069565 1260256326112
245.00226 77.051544 -30.27062 1.8980985 -28.1405 -0.7420518 1260256326119
242.60214 78.74897 -29.807089 1.8980985 -28.1405 -0.7420518 1260256326122
242.60214 78.74897 -29.807089 3.432207 -14.146178 0.010463744 1260256326125
238.87204 80.51152 -29.516735 3.432207 -14.146178 0.010463744 1260256326129
238.87204 80.51152 -29.516735 3.296967 -4.2160482 -1.8055463 1260256326132
234.32843 79.585945 -29.440899 3.296967 -4.2160482 -1.8055463 1260256326138
234.32843 79.585945 -29.440899 3.3577247 -2.0194817 2.3394065 1260256326141
229.712 78.60665 -29.368855 3.3577247 -2.0194817 2.3394065 1260256326144
229.712 78.60665 -29.368855 3.942222 -8.212351 6.212784 1260256326148
225.27641 77.72632 -29.050411 3.942222 -8.212351 6.212784 1260256326158
225.27641 77.72632 -29.050411 3.2553644 -15.062269 7.4605255 1260256326161
220.6626 76.64 -28.59789 3.2553644 -15.062269 7.4605255 1260256326164
220.6626 76.64 -28.59789 0.17382622 -16.547586 0.9749117 1260256326168
