161.7733 39.79826 12.445082 -3.8496199 -10.320235 0.9636898 1260256433076
161.7733 39.79826 12.445082 2.0967848 -13.230785 1.2251687 1260256433082
162.68463 39.908348 13.322827 2.0967848 -13.230785 1.2251687 1260256433088
162.68463 39.908348 13.322827 11.520581 -14.339325 1.1189675 1260256433091
163.9504 40.36293 14.256686 11.520581 -14.339325 1.1189675 1260256433096
163.9504 40.36293 14.256686 15.845623 -13.2231 5.464267 1260256433100
165.20288 41.094784 15.143852 15.845623 -13.2231 5.464267 1260256433108
165.20288 41.094784 15.143852 12.44488 -8.691792 11.134809 1260256433111
166.39273 41.890045 16.03666 12.44488 -8.691792 11.134809 1260256433139
166.39273 41.890045 16.03666 4.491106 -3.3657923 6.1459274 1260256433151
167.6731 42.595543 16.934826 4.491106 -3.3657923 6.1459274 1260256433155
167.6731 42.595543 16.934826 -1.7757382 -1.3162622 -0.563877 1260256433158
169.13943 46.865765 17.988085 -1.7757382 -1.3162622 -0.563877 1260256433163
169.13943 46.865765 17.988085 -0.76228523 -11.055208 -7.1793947 1260256433169
171.63246 51.472477 19.43868 -0.76228523 -11.055208 -7.1793947 1260256433177
171.63246 51.472477 19.43868 11.056791 -14.143645 1.5100213 1260256433180
177.30084 57.098854 21.866747 11.056791 -14.143645 1.5100213 1260256433190
177.30084 57.098854 21.866747 5.3838205 -6.3361025 -9.515059 1260256433194
170.1858 51.943913 22.67341 5.3838205 -6.3361025 -9.515059 1260256433200
170.1858 51.943913 22.67341 -4.327024 -7.577653 1.8522562 1260256433203
164.17651 47.746716 20.83974 -4.327024 -7.577653 1.8522562 1260256433213
164.17651 47.746716 20.83974 7.0438643 9.857246 9.697327 1260256433217
158.26768 44.909378 18.397755 7.0438643 9.857246 9.697327 1260256433229
158.26768 44.909378 18.397755 -11.211308 -5.6186233 18.285336 1260256433236
152.5543 43.21391 15.777867 -11.211308 -5.6186233 18.285336 1260256433248
152.5543 43.21391 15.777867 -12.806611 2.6974301 10.459225 1260256433251
147.07658 42.453213 13.238974 -12.806611 2.6974301 10.459225 1260256433270
147.07658 42.453213 13.238974 -9.1763935 -2.7392435 18.026106 1260256433274
142.07275 42.58055 10.877025 -9.1763935 -2.7392435 18.026106 1260256433288
142.07275 42.58055 10.877025 -24.7817 -9.421806 11.532111 1260256433294
138.11911 43.601524 8.983173 -24.7817 -9.421806 11.532111 1260256433314
138.11911 43.601524 8.983173 -7.4433484 -19.103928 -7.2582493 1260256433317
136.06316 47.12145 7.834015 -7.4433484 -19.103928 -7.2582493 1260256433328
136.06316 47.12145 7.834015 3.6961303 -23.205755 -8.708378 1260256433331
136.11 51.065376 7.292314 3.6961303 -23.205755 -8.708378 1260256433350
136.11 51.065376 7.292314 7.1094375 -27.909359 -11.686058 1260256433353
137.3545 55.262108 7.1276984 7.1094375 -27.909359 -11.686058 1260256433372
137.3545 55.262108 7.1276984 9.124835 -9.184989 -16.957418 1260256433377
138.88678 59.499 7.0713134 9.124835 -9.184989 -16.957418 1260256433388
138.88678 59.499 7.0713134 9.522783 -16.845324 -24.73631 1260256433391
139.89244 63.77405 6.9177475 9.522783 -16.845324 -24.73631 1260256433409
139.89244 63.77405 6.9177475 6.9401736 -17.82875 -9.633395 1260256433412
137.79782 68.43535 6.0718603 6.9401736 -17.82875 -9.633395 1260256433426
137.79782 68.43535 6.0718603 -3.5810838 2.6457584 -0.8967123 1260256433433
147.00793 58.113583 3.4182673 -3.5810838 2.6457584 -0.8967123 1260256433453
147.00793 58.113583 3.4182673 -6.517889 -6.25854 -0.83180594 1260256433457
141.55754 52.957905 1.5473539 -6.517889 -6.25854 -0.83180594 1260256433468
141.55754 52.957905 1.5473539 3.6953912 3.494639 4.437609 1260256433471
136.02966 48.36001 -0.38001385 3.6953912 3.494639 4.437609 1260256433490
136.02966 48.36001 -0.38001385 -11.834597 17.768974 3.46673 1260256433493
129.87817 45.392006 -3.4110131 -11.834597 17.768974 3.46673 1260256433512
129.87817 45.392006 -3.4110131 -6.6942034 -7.5619698 3.2383657 1260256433516
126.03426 49.772408 -5.2404623 -6.6942034 -7.5619698 3.2383657 1260256433528
126.03426 49.772408 -5.2404623 0.6469598 -4.2281456 1.9253068 1260256433537
124.83255 53.18379 -5.678439 0.6469598 -4.2281456 1.9253068 1260256433548
124.83255 53.18379 -5.678439 0.62763596 -20.380478 -16.374514 1260256433551
125.59092 56.474598 -5.544517 0.62763596 -20.380478 -16.374514 1260256433569
125.59092 56.474598 -5.544517 4.963936 -24.41794 -6.339948 1260256433572
127.761375 59.85087 -5.117291 4.963936 -24.41794 -6.339948 1260256433593
127.761375 59.85087 -5.117291 10.464959 -24.447666 -21.10866 1260256433597
129.92331 63.208324 -4.7114263 10.464959 -24.447666 -21.10866 1260256433608
129.92331 63.208324 -4.7114263 11.488918 -26.839197 -17.143171 1260256433611
131.37715 66.547905 -4.475855 11.488918 -26.839197 -17.143171 1260256433791
131.37715 66.547905 -4.475855 9.663333 -13.865938 -14.430175 1260256433795
131.7083 69.97051 -4.552062 9.663333 -13.865938 -14.430175 1260256433799
131.7083 69.97051 -4.552062 7.4405794 -21.563004 -15.0278 1260256433804
129.97289 73.62199 -5.324459 7.4405794 -21.563004 -15.0278 1260256433813
129.97289 73.62199 -5.324459 2.804318 0.6181078 -12.031318 1260256433817
125.02424 78.040886 -7.908236 2.804318 0.6181078 -12.031318 1260256433822
125.02424 78.040886 -7.908236 -19.15638 -8.203218 -4.600121 1260256433828
119.92303 73.73884 -10.762824 -19.15638 -8.203218 -4.600121 1260256433833
119.92303 73.73884 -10.762824 -4.0845976 11.872724 6.056736 1260256433837
115.17687 69.4519 -12.474683 -4.0845976 11.872724 6.056736 1260256433840
115.17687 69.4519 -12.474683 -15.59696 1.6641939 24.723944 1260256433848
110.718025 65.779305 -13.850948 -15.59696 1.6641939 24.723944 1260256433851
110.718025 65.779305 -13.850948 -28.932898 0.22049904 20.480629 1260256433857
106.53213 62.79034 -15.208401 -28.932898 0.22049904 20.480629 1260256433860
106.53213 62.79034 -15.208401 -25.329433 -2.8894172 14.927388 1260256433863
102.80552 60.800823 -16.74798 -25.329433 -2.8894172 14.927388 1260256433871
102.80552 60.800823 -16.74798 -10.467018 -1.4485826 17.335588 1260256433876
100.21524 60.01078 -18.11058 -10.467018 -1.4485826 17.335588 1260256433884
100.21524 60.01078 -18.11058 -8.558844 -12.548571 -3.9873323 1260256433892
100.00448 63.36024 -18.305052 -8.558844 -12.548571 -3.9873323 1260256433896
100.00448 63.36024 -18.305052 -2.9596639 -22.156708 -2.8667665 1260256433899
102.65425 66.94223 -17.439798 -2.9596639 -22.156708 -2.8667665 1260256433904
102.65425 66.94223 -17.439798 9.428035 -10.514634 -19.726809 1260256433911
106.971535 70.74512 -16.11781 9.428035 -10.514634 -19.726809 1260256433917
106.971535 70.74512 -16.11781 8.849174 -28.755928 -23.83426 1260256433920
111.42296 74.50786 -14.811919 8.849174 -28.755928 -23.83426 1260256433932
111.42296 74.50786 -14.811919 -1.9863801 -9.884591 -29.539558 1260256433937
114.60181 78.182465 -13.821323 -1.9863801 -9.884591 -29.539558 1260256433941
114.60181 78.182465 -13.821323 -7.190466 -17.974518 -25.69308 1260256433944
114.171715 81.873344 -13.780257 -7.190466 -17.974518 -25.69308 1260256433952
114.171715 81.873344 -13.780257 -13.690749 -11.117655 -13.5009365 1260256433955
109.96313 86.02968 -15.991244 -13.690749 -11.117655 -13.5009365 1260256433967
109.96313 86.02968 -15.991244 -8.892604 5.6434393 -3.0233812 1260256433973
105.91497 81.6282 -18.491682 -8.892604 5.6434393 -3.0233812 1260256433978
105.91497 81.6282 -18.491682 -13.170425 1.2703533 16.34404 1260256433988
102.06922 77.24679 -19.917099 -13.170425 1.2703533 16.34404 1260256433991
102.06922 77.24679 -19.917099 -28.280003 -6.8092585 16.955261 1260256434000
98.36576 73.33445 -20.971245 -28.280003 -6.8092585 16.955261 1260256434010
98.36576 73.33445 -20.971245 -29.311882 9.327728 26.549314 1260256434013
94.89748 70.067726 -22.022682 -29.311882 9.327728 26.549314 1260256434028
94.89748 70.067726 -22.022682 -19.998959 -12.10011 16.52494 1260256434034
91.8526 67.66434 -23.121548 -19.998959 -12.10011 16.52494 1260256434054
91.8526 67.66434 -23.121548 -9.726867 -0.28154278 15.612351 1260256434058
89.55997 66.18112 -24.16547 -9.726867 -0.28154278 15.612351 1260256434068
89.55997 66.18112 -24.16547 -8.588952 -12.634866 3.710411 1260256434071
88.03197 65.32207 -24.957197 -8.588952 -12.634866 3.710411 1260256434090
88.03197 65.32207 -24.957197 -13.121049 -23.266659 -5.6033735 1260256434093
87.98037 68.25597 -25.109337 -13.121049 -23.266659 -5.6033735 1260256434112
87.98037 68.25597 -25.109337 -10.571594 -11.44326 -0.084263325 1260256434116
89.68135 71.19317 -24.50387 -10.571594 -11.44326 -0.084263325 1260256434128
89.68135 71.19317 -24.50387 -0.28275776 -29.554577 -18.179045 1260256434138
92.59728 74.33351 -23.478676 -0.28275776 -29.554577 -18.179045 1260256434149
92.59728 74.33351 -23.478676 7.8047147 -13.779425 -21.697346 1260256434152
96.217415 77.66684 -22.254742 7.8047147 -13.779425 -21.697346 1260256434166
96.217415 77.66684 -22.254742 3.302521 -28.552639 -19.989868 1260256434173
99.15655 80.9835 -21.242004 3.302521 -28.552639 -19.989868 1260256434193
99.15655 80.9835 -21.242004 -7.749928 -11.150002 -29.64723 1260256434197
99.59872 84.434326 -20.879904 -7.749928 -11.150002 -29.64723 1260256434208
99.59872 84.434326 -20.879904 -14.612774 -15.413716 -15.304737 1260256434211
97.01878 88.06261 -21.885908 -14.612774 -15.413716 -15.304737 1260256434230
97.01878 88.06261 -21.885908 -12.26624 -7.7964 -20.85407 1260256434233
94.017845 84.90948 -23.941612 -12.26624 -7.7964 -20.85407 1260256434252
94.017845 84.90948 -23.941612 -7.1741934 -6.821851 -0.83987045 1260256434255
90.96695 81.914 -24.944532 -7.1741934 -6.821851 -0.83987045 1260256434268
90.96695 81.914 -24.944532 -16.090801 -13.305011 24.173027 1260256434277
87.8186 79.1183 -25.347305 -16.090801 -13.305011 24.173027 1260256434288
87.8186 79.1183 -25.347305 -20.297035 -9.406246 15.559519 1260256434291
84.77767 76.562386 -25.52994 -20.297035 -9.406246 15.559519 1260256434309
84.77767 76.562386 -25.52994 -20.557644 -25.726665 29.453 1260256434312
81.93879 74.28426 -25.753443 -20.557644 -25.726665 29.453 1260256434333
81.93879 74.28426 -25.753443 -19.265606 -5.2611637 22.326242 1260256434337
80.29185 72.87005 -26.36577 -19.265606 -5.2611637 22.326242 1260256434348
80.29185 72.87005 -26.36577 -19.052921 -5.731471 2.2070005 1260256434353
82.37726 75.576546 -25.847483 -19.052921 -5.731471 2.2070005 1260256434368
82.37726 75.576546 -25.847483 -10.985954 -14.922806 -1.4464374 1260256434371
87.158394 78.697716 -24.455109 -10.985954 -14.922806 -1.4464374 1260256434542
87.158394 78.697716 -24.455109 7.2201214 -15.729609 -26.758112 1260256434552
92.650475 81.86283 -22.832354 7.2201214 -15.729609 -26.758112 1260256434555
92.650475 81.86283 -22.832354 11.691132 -22.266823 -32.494476 1260256434559
97.66795 84.66969 -21.340736 11.691132 -22.266823 -32.494476 1260256434564
97.66795 84.66969 -21.340736 -2.093104 -23.357204 -16.60462 1260256434571
101.28455 87.18621 -20.273699 -2.093104 -23.357204 -16.60462 1260256434576
101.28455 87.18621 -20.273699 -9.831007 -12.528126 -18.198616 1260256434579
101.92033 89.2769 -20.160013 -9.831007 -12.528126 -18.198616 1260256434582
101.92033 89.2769 -20.160013 -16.130116 -25.709871 -10.946088 1260256434590
99.67431 91.513054 -21.352013 -16.130116 -25.709871 -10.946088 1260256434593
99.67431 91.513054 -21.352013 -18.199377 -8.979415 6.7195334 1260256434599
96.040596 87.8874 -22.734411 -18.199377 -8.979415 6.7195334 1260256434602
96.040596 87.8874 -22.734411 -8.650433 -5.9726768 4.3152885 1260256434610
92.18857 83.49303 -23.64769 -8.650433 -5.9726768 4.3152885 1260256434613
92.18857 83.49303 -23.64769 -6.7302456 -9.367372 19.045385 1260256434616
88.32914 78.76837 -24.415306 -6.7302456 -9.367372 19.045385 1260256434623
88.32914 78.76837 -24.415306 -10.4870405 7.396124 13.034 1260256434634
84.362686 74.079956 -25.44454 -10.4870405 7.396124 13.034 1260256434638
84.362686 74.079956 -25.44454 -18.77872 15.318689 17.067717 1260256434643
80.94455 70.775955 -27.522314 -18.77872 15.318689 17.067717 1260256434649
80.94455 70.775955 -27.522314 -20.982273 -11.898625 6.2829475 1260256434655
80.547325 73.93716 -28.146198 -20.982273 -11.898625 6.2829475 1260256434658
80.547325 73.93716 -28.146198 -11.99875 -2.2857065 -5.4092836 1260256434661
84.16996 76.240295 -27.38889 -11.99875 -2.2857065 -5.4092836 1260256434670
84.16996 76.240295 -27.38889 -12.912682 -27.646217 -14.509309 1260256434673
89.76146 78.27828 -26.119444 -12.912682 -27.646217 -14.509309 1260256434681
89.76146 78.27828 -26.119444 -9.251287 -28.930151 -18.459354 1260256434684
95.773384 80.264366 -24.663471 -9.251287 -28.930151 -18.459354 1260256434694
95.773384 80.264366 -24.663471 5.834802 -17.03873 -12.935514 1260256434697
101.28471 82.10115 -23.280298 5.834802 -17.03873 -12.935514 1260256434702
101.28471 82.10115 -23.280298 10.93935 -29.027939 -14.895487 1260256434709
105.42048 83.69609 -22.166283 10.93935 -29.027939 -14.895487 1260256434716
105.42048 83.69609 -22.166283 1.1763601 -30.656458 -5.3627563 1260256434720
107.64945 85.11128 -21.457968 1.1763601 -30.656458 -5.3627563 1260256434732
107.64945 85.11128 -21.457968 -7.5008616 -13.939604 1.9350381 1260256434739
107.56698 86.60572 -21.385069 -7.5008616 -13.939604 1.9350381 1260256434749
107.56698 86.60572 -21.385069 -9.804875 -1.737751 -4.949445 1260256434752
104.98863 89.07543 -22.565815 -9.804875 -1.737751 -4.949445 1260256434768
104.98863 89.07543 -22.565815 -0.4481902 -14.420319 -4.4279118 1260256434773
100.4392 84.77166 -25.287525 -0.4481902 -14.420319 -4.4279118 1260256434788
100.4392 84.77166 -25.287525 -8.116702 -0.84343725 -8.199082 1260256434794
95.86724 79.23308 -26.52315 -8.116702 -0.84343725 -8.199082 1260256434808
95.86724 79.23308 -26.52315 -16.90063 10.45775 3.1287231 1260256434811
91.67388 73.72142 -27.296991 -16.90063 10.45775 3.1287231 1260256434830
91.67388 73.72142 -27.296991 -17.154629 16.664124 7.6488376 1260256434833
87.24019 68.68535 -28.382141 -17.154629 16.664124 7.6488376 1260256434848
87.24019 68.68535 -28.382141 -11.231089 11.437559 -0.97122717 1260256434853
100.528175 64.30108 -29.913034 -11.231089 11.437559 -0.97122717 1260256434871
100.528175 64.30108 -29.913034 -6.1039104 -3.81102 7.5177536 1260256434877
112.95177 60.786026 -32.16738 -6.1039104 -3.81102 7.5177536 1260256434888
112.95177 60.786026 -32.16738 -25.663628 10.771603 1.3694217 1260256434891
125.00418 58.146725 -34.65901 -25.663628 10.771603 1.3694217 1260256434911
125.00418 58.146725 -34.65901 -18.429693 -12.493188 0.85142124 1260256434914
119.10397 62.989388 -36.17606 -18.429693 -12.493188 0.85142124 1260256434928
119.10397 62.989388 -36.17606 -7.359185 -9.532604 -0.5459819 1260256434935
113.94878 66.68992 -36.71726 -7.359185 -9.532604 -0.5459819 1260256434948
113.94878 66.68992 -36.71726 -5.798259 -6.476147 -5.276611 1260256434957
125.65134 69.55542 -36.581394 -5.798259 -6.476147 -5.276611 1260256434970
125.65134 69.55542 -36.581394 -2.371089 -20.848894 2.8726091 1260256434973
133.41878 69.227646 -36.102325 -2.371089 -20.848894 2.8726091 1260256434988
133.41878 69.227646 -36.102325 -0.06444168 -20.673662 0.22365108 1260256434994
139.34784 69.06626 -35.497208 -0.06444168 -20.673662 0.22365108 1260256435014
139.34784 69.06626 -35.497208 -1.5130124 -20.565613 -4.8629475 1260256435017
143.73045 68.96295 -34.87235 -1.5130124 -20.565613 -4.8629475 1260256435028
143.73045 68.96295 -34.87235 -6.213602 -20.539392 -8.516124 1260256435031
147.39394 68.964806 -34.17873 -6.213602 -20.539392 -8.516124 1260256435050
147.39394 68.964806 -34.17873 -12.163957 -21.061306 -7.6407137 1260256435053
150.37424 69.01656 -33.469795 -12.163957 -21.061306 -7.6407137 1260256435069
150.37424 69.01656 -33.469795 -16.605648 -21.060608 -2.514256 1260256435075
152.30553 68.96574 -32.846306 -16.605648 -21.060608 -2.514256 1260256435088
152.30553 68.96574 -32.846306 -17.412663 -18.714006 3.7534919 1260256435097
153.24025 68.81745 -32.30399 -17.412663 -18.714006 3.7534919 1260256435109
153.24025 68.81745 -32.30399 -15.080912 -15.132603 8.471842 1260256435112
153.17824 68.52658 -31.98879 -15.080912 -15.132603 8.471842 1260256435131
153.17824 68.52658 -31.98879 -12.953017 -10.046564 9.301891 1260256435134
