205.51512 27.50404 31.435814 -4.500105 8.168003 2.8722503 1260256520671
205.51512 27.50404 31.435814 4.1175437 -6.2385197 -5.0571766 1260256520677
197.03937 24.828838 30.414022 4.1175437 -6.2385197 -5.0571766 1260256520681
197.03937 24.828838 30.414022 -7.4120216 4.812224 8.769309 1260256520690
189.9874 22.987396 27.74332 -7.4120216 4.812224 8.769309 1260256520693
189.9874 22.987396 27.74332 0.89030933 10.324022 13.976886 1260256520696
183.68802 22.588026 24.806154 0.89030933 10.324022 13.976886 1260256520700
183.68802 22.588026 24.806154 -13.3456 0.5095458 8.3949175 1260256520709
177.65361 22.808624 22.015846 -13.3456 0.5095458 8.3949175 1260256520714
177.65361 22.808624 22.015846 -14.815785 -5.5594554 27.159552 1260256520718
172.12093 23.668194 19.565054 -14.815785 -5.5594554 27.159552 1260256520751
172.12093 23.668194 19.565054 -7.927111 -10.658544 20.20703 1260256520755
167.41489 25.434784 17.586802 -7.927111 -10.658544 20.20703 1260256520761
167.41489 25.434784 17.586802 -19.649307 -28.45337 14.3596 1260256520764
163.89413 28.113045 16.157461 -19.649307 -28.45337 14.3596 1260256520773
163.89413 28.113045 16.157461 -8.657603 -24.987167 9.869691 1260256520776
162.14943 32.157394 15.499588 -8.657603 -24.987167 9.869691 1260256520782
162.14943 32.157394 15.499588 3.1986814 -27.076399 -14.208008 1260256520787
161.59196 36.949524 15.274609 3.1986814 -27.076399 -14.208008 1260256520795
161.59196 36.949524 15.274609 8.105956 -10.00782 -19.122662 1260256520799
161.61237 42.152046 15.110878 8.105956 -10.00782 -19.122662 1260256520809
161.61237 42.152046 15.110878 9.88203 -3.3992338 -13.066619 1260256520813
161.63174 47.544445 14.905334 9.88203 -3.3992338 -13.066619 1260256520818
161.63174 47.544445 14.905334 10.207935 -4.443595 -8.3715105 1260256520821
161.00015 53.317223 14.360067 10.207935 -4.443595 -8.3715105 1260256520831
161.00015 53.317223 14.360067 10.510976 -4.516003 -9.9099865 1260256520833
163.20015 42.201363 13.042064 10.510976 -4.516003 -9.9099865 1260256520837
163.20015 42.201363 13.042064 2.6764498 11.300584 -10.316369 1260256520851
162.39014 33.341293 11.08996 2.6764498 11.300584 -10.316369 1260256520856
162.39014 33.341293 11.08996 -13.66542 -2.7752147 -5.319333 1260256520863
160.87064 25.374228 9.085462 -13.66542 -2.7752147 -5.319333 1260256520870
160.87064 25.374228 9.085462 -2.199903 6.7002797 -12.596093 1260256520879
161.0771 17.355516 6.7811885 -2.199903 6.7002797 -12.596093 1260256520889
161.0771 17.355516 6.7811885 -2.047264 17.616465 -3.5076237 1260256520893
169.77325 25.237741 3.9421291 -2.047264 17.616465 -3.5076237 1260256520912
169.77325 25.237741 3.9421291 -13.980129 -1.8170928 -12.65674 1260256520915
165.3346 30.375854 2.8450227 -13.980129 -1.8170928 -12.65674 1260256520933
165.3346 30.375854 2.8450227 -1.4264414 -2.6622849 -12.316716 1260256520937
162.21786 34.407063 2.6027715 -1.4264414 -2.6622849 -12.316716 1260256520948
162.21786 34.407063 2.6027715 4.2113996 -21.872198 0.68905735 1260256520951
159.55698 38.03671 2.7726328 4.2113996 -21.872198 0.68905735 1260256520970
159.55698 38.03671 2.7726328 6.3673577 -29.928223 -16.46986 1260256520973
157.82913 41.68487 3.284001 6.3673577 -29.928223 -16.46986 1260256521155
157.82913 41.68487 3.284001 4.8063674 -18.867231 -1.1826329 1260256521159
156.88768 45.25063 3.869801 4.8063674 -18.867231 -1.1826329 1260256521164
156.88768 45.25063 3.869801 0.0155386925 -32.986435 -9.860642 1260256521171
156.59329 48.9381 4.426311 0.0155386925 -32.986435 -9.860642 1260256521177
156.59329 48.9381 4.426311 -3.8582273 -9.748066 -9.615093 1260256521180
156.56363 52.791195 4.8549957 -3.8582273 -9.748066 -9.615093 1260256521188
156.56363 52.791195 4.8549957 -5.9276824 -19.295204 -10.466844 1260256521191
156.08545 57.151634 4.9122458 -5.9276824 -19.295204 -10.466844 1260256521195
156.08545 57.151634 4.9122458 -8.324618 -13.348305 -7.509519 1260256521200
151.43118 62.544052 4.1666336 -8.324618 -13.348305 -7.509519 1260256521203
151.43118 62.544052 4.1666336 -9.738442 0.79310334 -12.178114 1260256521212
154.55962 52.16685 1.658302 -9.738442 0.79310334 -12.178114 1260256521216
154.55962 52.16685 1.658302 5.7989826 -6.068614 -1.9148822 1260256521219
149.38164 47.80851 -0.074613124 5.7989826 -6.068614 -1.9148822 1260256521224
149.38164 47.80851 -0.074613124 -6.4102154 12.122163 -1.1008749 1260256521233
144.16255 44.668083 -1.3208824 -6.4102154 12.122163 -1.1008749 1260256521237
144.16255 44.668083 -1.3208824 -16.060558 -2.0791936 15.591476 1260256521240
139.35443 43.08468 -2.2048383 -16.060558 -2.0791936 15.591476 1260256521251
139.35443 43.08468 -2.2048383 -13.847361 3.535109 13.05168 1260256521260
135.53671 43.080444 -2.4945965 -13.847361 3.535109 13.05168 1260256521263
135.53671 43.080444 -2.4945965 -8.767638 -6.000572 9.738132 1260256521271
134.50987 44.426422 -2.3198667 -8.767638 -6.000572 9.738132 1260256521275
134.50987 44.426422 -2.3198667 -6.890731 -23.742323 1.1110773 1260256521280
135.68437 46.2551 -1.7538733 -6.890731 -23.742323 1.1110773 1260256521283
135.68437 46.2551 -1.7538733 -6.312859 -27.831568 1.7514119 1260256521292
137.90015 49.392345 -0.7661796 -6.312859 -27.831568 1.7514119 1260256521295
137.90015 49.392345 -0.7661796 -1.9191132 -7.431311 2.8884497 1260256521299
140.20514 50.322727 0.37212938 -1.9191132 -7.431311 2.8884497 1260256521309
140.20514 50.322727 0.37212938 6.7232 -8.2970495 9.277732 1260256521318
135.34488 48.35659 0.50352293 6.7232 -8.2970495 9.277732 1260256521321
135.34488 48.35659 0.50352293 5.069148 7.910408 3.9494133 1260256521330
130.62764 45.28876 -0.32165322 5.069148 7.910408 3.9494133 1260256521333
130.62764 45.28876 -0.32165322 -7.2795734 -6.040911 16.907513 1260256521339
126.246254 42.32432 -1.5555706 -7.2795734 -6.040911 16.907513 1260256521344
126.246254 42.32432 -1.5555706 -19.237766 15.306265 19.845476 1260256521355
122.183945 39.908104 -3.177792 -19.237766 15.306265 19.845476 1260256521358
122.183945 39.908104 -3.177792 -14.001169 -5.215117 27.341028 1260256521364
118.47475 38.362698 -5.1189027 -14.001169 -5.215117 27.341028 1260256521374
118.47475 38.362698 -5.1189027 -8.282873 -9.999788 21.644466 1260256521378
115.25101 37.994564 -7.212958 -8.282873 -9.999788 21.644466 1260256521391
115.25101 37.994564 -7.212958 -25.138763 -14.839396 16.353079 1260256521399
113.28846 38.894836 -8.55231 -25.138763 -14.839396 16.353079 1260256521408
113.28846 38.894836 -8.55231 -20.636013 -28.323408 -2.1447845 1260256521412
113.074036 42.850094 -8.924694 -20.636013 -28.323408 -2.1447845 1260256521426
113.074036 42.850094 -8.924694 -12.026838 -13.996134 -13.145474 1260256521434
114.62033 47.05759 -8.628459 -12.026838 -13.996134 -13.145474 1260256521448
114.62033 47.05759 -8.628459 -8.489527 -25.47915 -11.698792 1260256521454
117.189316 51.404713 -7.947036 -8.489527 -25.47915 -11.698792 1260256521471
117.189316 51.404713 -7.947036 -6.6521616 -33.785828 -24.243753 1260256521479
119.72985 55.68448 -7.249684 -6.6521616 -33.785828 -24.243753 1260256521489
119.72985 55.68448 -7.249684 -4.291597 -15.360507 -20.737984 1260256521492
121.94336 59.900253 -6.6372 -4.291597 -15.360507 -20.737984 1260256521508
121.94336 59.900253 -6.6372 -0.5642965 -17.10737 -31.709095 1260256521515
123.09619 64.10524 -6.30534 -0.5642965 -17.10737 -31.709095 1260256521534
123.09619 64.10524 -6.30534 -0.14899465 -23.385105 -16.388042 1260256521537
121.89138 68.349976 -6.5900726 -0.14899465 -23.385105 -16.388042 1260256521548
121.89138 68.349976 -6.5900726 -6.48818 -1.9297166 -7.4127007 1260256521551
117.64681 72.88248 -7.960569 -6.48818 -1.9297166 -7.4127007 1260256521571
117.64681 72.88248 -7.960569 -16.077847 1.668189 -7.4361954 1260256521574
113.664474 70.13835 -11.11254 -16.077847 1.668189 -7.4361954 1260256521588
113.664474 70.13835 -11.11254 0.18517494 -11.459424 1.5896033 1260256521595
110.33125 67.681435 -12.556913 0.18517494 -11.459424 1.5896033 1260256521611
110.33125 67.681435 -12.556913 -10.612913 3.7830667 12.808547 1260256521617
107.11469 65.64736 -13.179068 -10.612913 3.7830667 12.808547 1260256521629
107.11469 65.64736 -13.179068 -15.510496 -13.981088 10.942396 1260256521632
104.00896 64.16499 -13.4201145 -15.510496 -13.981088 10.942396 1260256521652
104.00896 64.16499 -13.4201145 -16.212696 -26.372915 23.240646 1260256521655
101.20851 63.256744 -13.349109 -16.212696 -26.372915 23.240646 1260256521673
101.20851 63.256744 -13.349109 -12.972243 -24.116167 24.976515 1260256521676
98.94808 62.94391 -13.231653 -12.972243 -24.116167 24.976515 1260256521688
98.94808 62.94391 -13.231653 -10.394249 -20.954315 19.947273 1260256521691
97.700676 63.396713 -13.170071 -10.394249 -20.954315 19.947273 1260256521710
97.700676 63.396713 -13.170071 -9.254499 -22.366695 10.873405 1260256521714
98.715645 65.92688 -12.761567 -9.254499 -22.366695 10.873405 1260256521728
98.715645 65.92688 -12.761567 -3.262836 -14.2535925 -15.582806 1260256521734
101.67986 69.63054 -11.873488 -3.262836 -14.2535925 -15.582806 1260256521912
101.67986 69.63054 -11.873488 7.826163 -16.980461 -8.027071 1260256521922
105.84587 73.849014 -10.829814 7.826163 -16.980461 -8.027071 1260256521930
105.84587 73.849014 -10.829814 13.656435 -1.1530428 -22.19521 1260256521933
110.10358 78.056564 -9.838324 13.656435 -1.1530428 -22.19521 1260256521939
110.10358 78.056564 -9.838324 8.255864 -14.578257 -17.074314 1260256521942
112.5484 82.053734 -9.196407 8.255864 -14.578257 -17.074314 1260256521951
112.5484 82.053734 -9.196407 -1.0472797 -11.791754 -29.349297 1260256521954
111.27098 85.30105 -9.536587 -1.0472797 -11.791754 -29.349297 1260256521958
111.27098 85.30105 -9.536587 -2.8700767 -3.118947 -2.3854399 1260256521963
108.40743 83.686 -10.759757 -2.8700767 -3.118947 -2.3854399 1260256521969
108.40743 83.686 -10.759757 1.642591 -20.169958 3.8635063 1260256521975
105.18706 81.6017 -11.321769 1.642591 -20.169958 3.8635063 1260256521978
105.18706 81.6017 -11.321769 0.1303587 -15.141864 18.439617 1260256521983
102.0277 79.62161 -11.55568 0.1303587 -15.141864 18.439617 1260256521990
102.0277 79.62161 -11.55568 -0.14206696 -11.860774 19.006327 1260256521996
98.926315 77.84053 -11.577896 -0.14206696 -11.860774 19.006327 1260256521999
98.926315 77.84053 -11.577896 1.6198344 -27.637444 17.16389 1260256522002
96.18 76.3485 -11.649001 1.6198344 -27.637444 17.16389 1260256522013
96.18 76.3485 -11.649001 2.5510378 -25.093842 17.779024 1260256522021
95.221 76.23108 -11.866551 2.5510378 -25.093842 17.779024 1260256522024
95.221 76.23108 -11.866551 2.6753454 -20.067331 5.969637 1260256522033
97.40995 78.81953 -11.4232235 2.6753454 -20.067331 5.969637 1260256522036
97.40995 78.81953 -11.4232235 8.154704 -9.661719 -13.672211 1260256522042
101.489456 82.02855 -10.502062 8.154704 -9.661719 -13.672211 1260256522048
101.489456 82.02855 -10.502062 11.790529 -18.003172 -23.406797 1260256522053
106.06499 85.27712 -9.476958 11.790529 -18.003172 -23.406797 1260256522057
106.06499 85.27712 -9.476958 6.0546165 -13.162296 -17.043045 1260256522060
110.11174 88.113266 -8.55311 6.0546165 -13.162296 -17.043045 1260256522070
110.11174 88.113266 -8.55311 -2.4614239 -20.492868 -29.88215 1260256522074
112.856155 90.50761 -7.9254546 -2.4614239 -20.492868 -29.88215 1260256522082
112.856155 90.50761 -7.9254546 -7.7727885 -23.473627 -18.01361 1260256522090
113.01335 92.18223 -8.0291815 -7.7727885 -23.473627 -18.01361 1260256522093
113.01335 92.18223 -8.0291815 -12.946103 -7.3518343 -9.554009 1260256522097
110.362686 90.473114 -9.177723 -12.946103 -7.3518343 -9.554009 1260256522104
110.362686 90.473114 -9.177723 -10.173803 -18.45123 9.363538 1260256522116
106.74455 87.24946 -10.318837 -10.173803 -18.45123 9.363538 1260256522119
106.74455 87.24946 -10.318837 -1.6215577 -1.1468563 7.924293 1260256522124
103.10732 83.33698 -11.202895 -1.6215577 -1.1468563 7.924293 1260256522132
103.10732 83.33698 -11.202895 -0.28461075 -13.074549 18.25752 1260256522139
99.50195 79.22013 -11.99275 -0.28461075 -13.074549 18.25752 1260256522151
99.50195 79.22013 -11.99275 -3.8346438 5.7014766 11.593573 1260256522155
95.97685 76.15913 -13.193112 -3.8346438 5.7014766 11.593573 1260256522166
95.97685 76.15913 -13.193112 -13.198117 -10.557916 15.241787 1260256522176
95.42801 77.70117 -13.333457 -13.198117 -10.557916 15.241787 1260256522188
95.42801 77.70117 -13.333457 -10.4382305 -19.546942 -5.983008 1260256522193
98.606606 79.56612 -12.566784 -10.4382305 -19.546942 -5.983008 1260256522208
98.606606 79.56612 -12.566784 0.8404113 -11.366699 -14.351732 1260256522211
102.97627 81.68781 -11.5384445 0.8404113 -11.366699 -14.351732 1260256522232
102.97627 81.68781 -11.5384445 12.327329 -24.184393 -9.306932 1260256522240
107.82746 83.80342 -10.361523 12.327329 -24.184393 -9.306932 1260256522248
107.82746 83.80342 -10.361523 13.983507 -32.034294 -11.492355 1260256522253
112.08609 85.71325 -9.243446 13.983507 -32.034294 -11.492355 1260256522268
112.08609 85.71325 -9.243446 3.1632385 -13.276784 -6.2203026 1260256522274
114.88178 87.42759 -8.381274 3.1632385 -13.276784 -6.2203026 1260256522289
114.88178 87.42759 -8.381274 -5.799303 -12.447952 -13.839553 1260256522292
116.08769 88.65621 -7.8622103 -5.799303 -12.447952 -13.839553 1260256522313
116.08769 88.65621 -7.8622103 -9.173132 -20.64699 -5.9869614 1260256522316
115.43331 89.4234 -7.8690996 -9.173132 -20.64699 -5.9869614 1260256522328
115.43331 89.4234 -7.8690996 -11.33798 -20.471443 -2.263914 1260256522334
112.76164 87.70223 -9.125645 -11.33798 -20.471443 -2.263914 1260256522348
112.76164 87.70223 -9.125645 -6.8515034 -3.437581 -7.777649 1260256522354
109.07356 83.51712 -11.169362 -6.8515034 -3.437581 -7.777649 1260256522371
109.07356 83.51712 -11.169362 3.8637333 -9.9756975 4.432402 1260256522379
105.96989 78.141266 -12.460894 3.8637333 -9.9756975 4.432402 1260256522390
105.96989 78.141266 -12.460894 -5.5877304 0.5961604 -1.4088116 1260256522393
103.12139 72.684204 -13.537849 -5.5877304 0.5961604 -1.4088116 1260256522408
103.12139 72.684204 -13.537849 -15.487913 10.914738 3.468779 1260256522414
100.11532 67.49999 -14.810957 -15.487913 10.914738 3.468779 1260256522429
100.11532 67.49999 -14.810957 -16.21191 16.695923 8.115807 1260256522432
96.20955 62.97499 -16.82041 -16.21191 16.695923 8.115807 1260256522473
96.20955 62.97499 -16.82041 -1.6447048 3.5462213 1.2516317 1260256522496
91.59907 59.62624 -19.72939 -1.6447048 3.5462213 1.2516317 1260256522499
91.59907 59.62624 -19.72939 -20.08292 0.21748775 -3.045385 1260256522504
87.51911 64.844925 -22.44292 -20.08292 0.21748775 -3.045385 1260256522510
87.51911 64.844925 -22.44292 -8.415871 -12.493678 3.2832386 1260256522513
84.64316 68.75268 -23.920774 -8.415871 -12.493678 3.2832386 1260256522680
84.64316 68.75268 -23.920774 -1.6932144 -4.861725 1.8424098 1260256522694
82.511 71.46504 -24.324736 -1.6932144 -4.861725 1.8424098 1260256522698
82.511 71.46504 -24.324736 -1.3056102 -20.116049 -5.752534 1260256522703
80.185455 73.39179 -24.1085 -1.3056102 -20.116049 -5.752534 1260256522713
80.185455 73.39179 -24.1085 2.2023215 -7.9091864 -2.966616 1260256522716
93.526184 73.4222 -23.653074 2.2023215 -7.9091864 -2.966616 1260256522720
93.526184 73.4222 -23.653074 4.4201593 -10.361796 1.623368 1260256522728
105.09988 73.40109 -23.22042 4.4201593 -10.361796 1.623368 1260256522731
105.09988 73.40109 -23.22042 3.554319 -12.243241 4.435529 1260256522738
114.444885 73.381035 -22.8094 3.554319 -12.243241 4.435529 1260256522740
114.444885 73.381035 -22.8094 1.1469584 -13.4704275 6.1333876 1260256522744
120.97264 73.41198 -22.36893 1.1469584 -13.4704275 6.1333876 1260256522754
120.97264 73.41198 -22.36893 -2.1738195 -13.956676 7.1359377 1260256522761
125.22401 73.49138 -21.900484 -2.1738195 -13.956676 7.1359377 1260256522764
125.22401 73.49138 -21.900484 -6.349055 -13.671208 6.2965665 1260256522770
128.16281 73.616806 -21.45546 -6.349055 -13.671208 6.2965665 1260256522773
128.16281 73.616806 -21.45546 -9.960056 -12.072921 3.7368019 1260256522777
130.15468 73.73596 -21.082687 -9.960056 -12.072921 3.7368019 1260256522784
130.15468 73.73596 -21.082687 -12.576715 -9.935987 1.7081876 1260256522790
131.69695 73.799164 -20.778553 -12.576715 -9.935987 1.7081876 1260256522793
131.69695 73.799164 -20.778553 -13.768043 -7.365552 0.80535245 1260256522797
132.8121 73.809204 -20.539625 -13.768043 -7.365552 0.80535245 1260256522800
132.8121 73.809204 -20.539625 -14.088886 -5.129528 0.72950715 1260256522803
133.6215 73.71874 -20.412643 -14.088886 -5.129528 0.72950715 1260256522809
133.6215 73.71874 -20.412643 -14.049257 -3.4423208 1.149535 1260256522813
