237.18411 37.44926 24.634743 -2.2010198 -7.4401383 -0.5261998 1260256561281
237.18411 37.44926 24.634743 0.24941874 -0.3962667 10.535234 1260256561290
225.4749 35.126797 25.603006 0.24941874 -0.3962667 10.535234 1260256561293
225.4749 35.126797 25.603006 7.273634 5.908968 -4.5117598 1260256561297
216.35115 31.870457 24.072857 7.273634 5.908968 -4.5117598 1260256561302
216.35115 31.870457 24.072857 -9.324889 0.2738428 12.109857 1260256561309
207.9336 29.276934 21.769215 -9.324889 0.2738428 12.109857 1260256561314
207.9336 29.276934 21.769215 -3.5906444 13.490368 18.601068 1260256561318
200.18692 28.113087 19.230753 -3.5906444 13.490368 18.601068 1260256561323
200.18692 28.113087 19.230753 -6.2969418 -3.8207407 8.700657 1260256561330
193.07758 28.007433 16.869215 -6.2969418 -3.8207407 8.700657 1260256561335
193.07758 28.007433 16.869215 -20.975468 -13.848713 23.200344 1260256561339
187.0237 29.007061 14.875754 -20.975468 -13.848713 23.200344 1260256561342
187.0237 29.007061 14.875754 -3.9087458 -14.433743 19.84601 1260256561350
182.42252 31.056707 13.431967 -3.9087458 -14.433743 19.84601 1260256561353
182.42252 31.056707 13.431967 0.44804287 -24.381245 13.097456 1260256561359
179.30139 33.85387 12.660368 0.44804287 -24.381245 13.097456 1260256561362
179.30139 33.85387 12.660368 -0.23791134 -33.445133 -6.9354277 1260256561368
177.38632 37.461178 12.32735 -0.23791134 -33.445133 -6.9354277 1260256561374
177.38632 37.461178 12.32735 0.3358028 -21.852682 2.9605417 1260256561377
176.317 41.738117 12.310982 0.3358028 -21.852682 2.9605417 1260256561383
176.317 41.738117 12.310982 2.3867714 -11.366809 -17.095695 1260256561389
175.70116 46.551212 12.395432 2.3867714 -11.366809 -17.095695 1260256561394
175.70116 46.551212 12.395432 2.9230099 -17.664122 -21.001247 1260256561398
175.0161 52.32365 12.125661 2.9230099 -17.664122 -21.001247 1260256561401
175.0161 52.32365 12.125661 -2.5732975 -12.881262 -16.69521 1260256561409
173.76529 41.75747 11.119378 -2.5732975 -12.881262 -16.69521 1260256561412
173.76529 41.75747 11.119378 -11.277712 11.645826 -10.869801 1260256561418
170.87703 33.469597 9.563409 -11.277712 11.645826 -10.869801 1260256561452
170.87703 33.469597 9.563409 -5.658265 2.0124645 -1.2410431 1260256561455
167.98318 25.796118 7.9352384 -5.658265 2.0124645 -1.2410431 1260256561459
167.98318 25.796118 7.9352384 3.0800743 9.083934 -6.156602 1260256561464
165.73402 18.356312 6.0384765 3.0800743 9.083934 -6.156602 1260256561471
165.73402 18.356312 6.0384765 -11.322852 19.540821 4.383931 1260256561477
170.69733 9.738496 3.0365527 -11.322852 19.540821 4.383931 1260256561480
170.69733 9.738496 3.0365527 -9.855158 8.799279 4.0673394 1260256561488
163.61246 17.001572 0.98472506 -9.855158 8.799279 4.0673394 1260256561491
163.61246 17.001572 0.98472506 -0.6205473 3.2422833 -11.072002 1260256561497
160.08183 22.351494 0.28548875 -0.6205473 3.2422833 -11.072002 1260256561500
160.08183 22.351494 0.28548875 -1.8845992 -13.815147 -19.532242 1260256561503
158.17773 27.23392 0.2712143 -1.8845992 -13.815147 -19.532242 1260256561512
158.17773 27.23392 0.2712143 2.4619908 -34.35952 -20.017408 1260256561515
158.36885 32.122223 0.7076536 2.4619908 -34.35952 -20.017408 1260256561518
158.36885 32.122223 0.7076536 11.614349 -33.083523 -12.476908 1260256561523
158.9004 36.96611 1.222271 11.614349 -33.083523 -12.476908 1260256561534
158.9004 36.96611 1.222271 15.285473 -17.877691 -16.036419 1260256561538
158.65538 41.717804 1.5111574 15.285473 -17.877691 -16.036419 1260256561548
158.65538 41.717804 1.5111574 12.928877 -12.691119 -18.079926 1260256561552
157.57262 46.381912 1.5355995 12.928877 -12.691119 -18.079926 1260256561557
157.57262 46.381912 1.5355995 10.406846 -20.950926 -14.50109 1260256561560
154.14398 51.112816 0.7088195 10.406846 -20.950926 -14.50109 1260256561563
154.14398 51.112816 0.7088195 2.8379028 -15.830751 -4.8818307 1260256561571
147.48679 57.057175 -3.2266216 2.8379028 -15.830751 -4.8818307 1260256561575
147.48679 57.057175 -3.2266216 -7.0675216 -6.1470165 -9.387186 1260256561580
142.36244 53.204315 -5.165291 -7.0675216 -6.1470165 -9.387186 1260256561593
142.36244 53.204315 -5.165291 -1.1853609 2.9843464 5.5245233 1260256561597
137.34431 49.794098 -6.4570265 -1.1853609 2.9843464 5.5245233 1260256561602
137.34431 49.794098 -6.4570265 -13.844425 10.606776 27.654484 1260256561608
132.4271 47.254395 -7.584175 -13.844425 10.606776 27.654484 1260256561613
132.4271 47.254395 -7.584175 -22.82064 1.8609939 21.94032 1260256561617
127.70574 45.841675 -8.604966 -22.82064 1.8609939 21.94032 1260256561629
127.70574 45.841675 -8.604966 -19.599348 -17.825752 23.31429 1260256561636
123.72045 45.84959 -9.424718 -19.599348 -17.825752 23.31429 1260256561641
123.72045 45.84959 -9.424718 -10.556358 -27.255901 16.756037 1260256561644
121.63443 47.35711 -9.653482 -10.556358 -27.255901 16.756037 1260256561654
121.63443 47.35711 -9.653482 -3.580452 -20.807981 10.566727 1260256561818
122.65271 50.739254 -9.020808 -3.580452 -20.807981 10.566727 1260256561834
122.65271 50.739254 -9.020808 -2.6943727 -26.658752 -18.315613 1260256561838
125.72008 54.95229 -7.8697677 -2.6943727 -26.658752 -18.315613 1260256561841
125.72008 54.95229 -7.8697677 -3.165669 -9.93909 -18.410753 1260256561849
129.93407 59.554676 -6.576279 -3.165669 -9.93909 -18.410753 1260256561853
129.93407 59.554676 -6.576279 6.444084 -17.941484 -33.03624 1260256561858
133.93736 64.17694 -5.397465 6.444084 -17.941484 -33.03624 1260256561861
133.93736 64.17694 -5.397465 15.4341545 -22.46352 -21.317406 1260256561869
136.0905 68.66809 -4.777592 15.4341545 -22.46352 -21.317406 1260256561872
136.0905 68.66809 -4.777592 12.149116 -4.031845 -16.531342 1260256561876
131.08597 73.33469 -6.3387127 12.149116 -4.031845 -16.531342 1260256561881
131.08597 73.33469 -6.3387127 -4.9568815 6.332349 -10.267497 1260256561884
126.43167 68.76795 -8.471777 -4.9568815 6.332349 -10.267497 1260256561892
126.43167 68.76795 -8.471777 -17.495546 7.3107038 1.8671227 1260256561896
122.010086 64.67956 -9.748188 -17.495546 7.3107038 1.8671227 1260256561901
122.010086 64.67956 -9.748188 -10.2062435 -3.9785318 21.32272 1260256561904
117.85958 61.34558 -10.910779 -10.2062435 -3.9785318 21.32272 1260256561910
117.85958 61.34558 -10.910779 -5.7624073 10.78654 24.133286 1260256561916
114.1166 58.978302 -12.06524 -5.7624073 10.78654 24.133286 1260256561921
114.1166 58.978302 -12.06524 -9.82482 -12.749596 14.25028 1260256561932
111.26077 58.079388 -13.011978 -9.82482 -12.749596 14.25028 1260256561938
111.26077 58.079388 -13.011978 -16.31873 -24.99244 12.980364 1260256561941
109.897736 58.525417 -13.461379 -16.31873 -24.99244 12.980364 1260256561944
109.897736 58.525417 -13.461379 -15.872791 -29.338697 0.72558784 1260256561952
110.85285 61.149147 -13.13831 -15.872791 -29.338697 0.72558784 1260256561955
110.85285 61.149147 -13.13831 -8.014838 -11.304741 -8.751952 1260256561959
113.36021 64.39169 -12.231395 -8.014838 -11.304741 -8.751952 1260256561974
113.36021 64.39169 -12.231395 5.5371733 -31.496626 -15.739063 1260256561977
116.6422 67.97211 -11.119825 5.5371733 -31.496626 -15.739063 1260256561983
116.6422 67.97211 -11.119825 15.254311 -12.998573 -21.152409 1260256561989
120.010086 71.6735 -10.013834 15.254311 -12.998573 -21.152409 1260256561995
120.010086 71.6735 -10.013834 11.737249 -26.00386 -18.91343 1260256561998
122.809586 75.289825 -9.113142 11.737249 -26.00386 -18.91343 1260256562008
122.809586 75.289825 -9.113142 1.1902282 -16.101414 -32.57763 1260256562012
123.669106 78.975334 -8.757484 1.1902282 -16.101414 -32.57763 1260256562020
123.669106 78.975334 -8.757484 -6.8412104 -6.9116783 -11.217476 1260256562023
120.13565 82.876564 -9.71961 -6.8412104 -6.9116783 -11.217476 1260256562033
120.13565 82.876564 -9.71961 -3.0090718 -13.992755 -13.355797 1260256562037
115.97887 79.732735 -12.38363 -3.0090718 -13.992755 -13.355797 1260256562053
115.97887 79.732735 -12.38363 -8.938304 4.94078 0.0811367 1260256562057
111.929924 76.8461 -13.614449 -8.938304 4.94078 0.0811367 1260256562068
111.929924 76.8461 -13.614449 -21.362587 -17.557756 15.704842 1260256562071
107.88343 74.4538 -14.2337265 -21.362587 -17.557756 15.704842 1260256562090
107.88343 74.4538 -14.2337265 -22.298689 -5.84421 20.639404 1260256562093
103.98926 72.73111 -14.572041 -22.298689 -5.84421 20.639404 1260256562112
103.98926 72.73111 -14.572041 -20.492384 -15.912288 25.3562 1260256562116
100.539795 71.794556 -14.743439 -20.492384 -15.912288 25.3562 1260256562128
100.539795 71.794556 -14.743439 -16.511662 -26.338528 18.782295 1260256562133
98.312805 71.70483 -14.856267 -16.511662 -26.338528 18.782295 1260256562148
98.312805 71.70483 -14.856267 -13.611628 -25.690508 9.951088 1260256562151
98.69717 73.769585 -14.713453 -13.611628 -25.690508 9.951088 1260256562171
98.69717 73.769585 -14.713453 -12.139882 -7.486991 -6.0383654 1260256562174
101.21231 76.93111 -14.027781 -12.139882 -7.486991 -6.0383654 1260256562188
101.21231 76.93111 -14.027781 -10.068316 -23.794674 -15.091654 1260256562197
105.00169 80.53455 -13.026391 -10.068316 -23.794674 -15.091654 1260256562208
105.00169 80.53455 -13.026391 -1.5859401 -3.6527472 -17.553812 1260256562211
109.50161 84.35783 -11.925072 -1.5859401 -3.6527472 -17.553812 1260256562229
109.50161 84.35783 -11.925072 10.057787 -15.442182 -32.788197 1260256562232
112.97653 88.089935 -11.078818 10.057787 -15.442182 -32.788197 1260256562251
112.97653 88.089935 -11.078818 11.972561 -10.854714 -23.585587 1260256562255
113.077705 91.38544 -10.974877 11.972561 -10.854714 -23.585587 1260256562268
113.077705 91.38544 -10.974877 6.8695264 -5.784255 -17.184605 1260256562273
110.42382 93.366165 -12.326134 6.8695264 -5.784255 -17.184605 1260256562288
110.42382 93.366165 -12.326134 -6.6713095 -3.5917525 2.6069615 1260256562291
106.70263 90.847855 -13.359827 -6.6713095 -3.5917525 2.6069615 1260256562310
106.70263 90.847855 -13.359827 -18.64428 -17.32253 3.8421702 1260256562313
102.767494 88.155464 -13.791836 -18.64428 -17.32253 3.8421702 1260256562328
102.767494 88.155464 -13.791836 -21.152866 -21.10474 25.485542 1260256562343
98.82912 85.64769 -13.952244 -21.152866 -21.10474 25.485542 1260256562352
98.82912 85.64769 -13.952244 -19.902657 -14.1193495 24.137959 1260256562355
95.28766 83.665306 -14.004632 -19.902657 -14.1193495 24.137959 1260256562368
95.28766 83.665306 -14.004632 -16.347164 -27.131552 15.456771 1260256562371
94.223274 83.23204 -13.9544 -16.347164 -27.131552 15.456771 1260256562392
94.223274 83.23204 -13.9544 -13.232549 -25.652092 2.0789666 1260256562396
98.612114 85.37044 -13.0066805 -13.232549 -25.652092 2.0789666 1260256562408
98.612114 85.37044 -13.0066805 -2.4607906 -10.589745 -19.024431 1260256562413
104.43151 88.15192 -11.7063465 -2.4607906 -10.589745 -19.024431 1260256562613
104.43151 88.15192 -11.7063465 14.114601 -19.872002 -15.320012 1260256562620
110.35994 90.94432 -10.371029 14.114601 -19.872002 -15.320012 1260256562623
110.35994 90.94432 -10.371029 16.898613 -21.91455 -20.495634 1260256562631
115.69194 93.447105 -9.102477 16.898613 -21.91455 -20.495634 1260256562634
115.69194 93.447105 -9.102477 5.2315044 -13.681858 -30.429853 1260256562638
119.207344 95.57475 -8.247354 5.2315044 -13.681858 -30.429853 1260256562643
119.207344 95.57475 -8.247354 -5.4012403 -28.592243 -20.20688 1260256562650
119.24698 97.14601 -8.234986 -5.4012403 -28.592243 -20.20688 1260256562655
119.24698 97.14601 -8.234986 -12.080112 -18.705883 -8.571707 1260256562658
116.03463 98.68871 -9.623237 -12.080112 -18.705883 -8.571707 1260256562662
116.03463 98.68871 -9.623237 -7.179859 -2.9125156 -0.20241594 1260256562669
111.8329 95.25428 -11.592074 -7.179859 -2.9125156 -0.20241594 1260256562673
111.8329 95.25428 -11.592074 -4.436734 -16.548212 9.808927 1260256562679
107.69125 91.041565 -13.212471 -4.436734 -16.548212 9.808927 1260256562681
107.69125 91.041565 -13.212471 -19.929317 -4.582756 6.1933603 1260256562690
103.70669 86.589485 -14.501847 -19.929317 -4.582756 6.1933603 1260256562693
103.70669 86.589485 -14.501847 -22.694157 8.727637 16.059803 1260256562696
99.771355 82.61001 -15.676755 -22.694157 8.727637 16.059803 1260256562699
99.771355 82.61001 -15.676755 -11.515338 -10.1495 8.516174 1260256562704
96.08279 80.079506 -16.942917 -11.515338 -10.1495 8.516174 1260256562715
96.08279 80.079506 -16.942917 1.5161448 3.502658 6.583736 1260256562719
95.67865 81.47553 -16.595772 1.5161448 3.502658 6.583736 1260256562729
95.67865 81.47553 -16.595772 5.231827 -10.350288 -9.282322 1260256562735
100.544716 83.55176 -15.215983 5.231827 -10.350288 -9.282322 1260256562738
100.544716 83.55176 -15.215983 -0.27073288 -28.118813 -8.851305 1260256562741
107.11748 85.87417 -13.455184 -0.27073288 -28.118813 -8.851305 1260256562750
107.11748 85.87417 -13.455184 2.280394 -13.626633 -18.635433 1260256562753
113.81161 88.13046 -11.582425 2.280394 -13.626633 -18.635433 1260256562758
113.81161 88.13046 -11.582425 20.037292 -24.200603 -9.943462 1260256562761
120.07103 90.17394 -9.753304 20.037292 -24.200603 -9.943462 1260256562771
120.07103 90.17394 -9.753304 14.371494 -28.531073 -6.579751 1260256562774
125.11748 91.86524 -8.065639 14.371494 -28.531073 -6.579751 1260256562778
125.11748 91.86524 -8.065639 -1.4090958 -10.0900345 -6.4470415 1260256562792
127.3116 93.12198 -6.6623564 -1.4090958 -10.0900345 -6.4470415 1260256562795
127.3116 93.12198 -6.6623564 1.0170631 -3.4535704 -0.1809063 1260256562799
126.09602 93.56588 -5.8792386 1.0170631 -3.4535704 -0.1809063 1260256562809
126.09602 93.56588 -5.8792386 5.1185865 -1.3826556 6.083574 1260256562818
121.94122 90.63759 -6.9852767 5.1185865 -1.3826556 6.083574 1260256562821
121.94122 90.63759 -6.9852767 -7.9361963 -6.4009857 -4.414687 1260256562829
118.24416 84.605705 -8.086013 -7.9361963 -6.4009857 -4.414687 1260256562834
118.24416 84.605705 -8.086013 -13.296589 1.755393 7.6487007 1260256562838
114.98196 78.57542 -9.331712 -13.296589 1.755393 7.6487007 1260256562852
114.98196 78.57542 -9.331712 -7.652805 7.540352 17.011053 1260256562856
111.082855 73.09665 -11.115127 -7.652805 7.540352 17.011053 1260256562868
111.082855 73.09665 -11.115127 -0.8257208 14.884155 6.4795146 1260256562873
123.378716 68.44182 -13.709371 -0.8257208 14.884155 6.4795146 1260256562889
123.378716 68.44182 -13.709371 -23.776646 11.667468 8.190921 1260256562892
134.35977 64.819725 -17.273903 -23.776646 11.667468 8.190921 1260256562911
134.35977 64.819725 -17.273903 -8.982574 -7.7749486 1.2995931 1260256562913
145.19179 70.02874 -20.260208 -8.982574 -7.7749486 1.2995931 1260256562928
145.19179 70.02874 -20.260208 -28.674988 -11.545804 -1.3336836 1260256562937
138.2822 74.1773 -22.247198 -28.674988 -11.545804 -1.3336836 1260256562947
138.2822 74.1773 -22.247198 -13.154202 0.9387312 -6.9135776 1260256562951
132.16809 77.068436 -23.184837 -13.154202 0.9387312 -6.9135776 1260256562969
132.16809 77.068436 -23.184837 -2.0436754 -22.336811 -2.3114192 1260256562972
142.5597 78.96501 -23.225595 -2.0436754 -22.336811 -2.3114192 1260256562992
142.5597 78.96501 -23.225595 1.9639788 -12.192968 1.4754276 1260256562996
150.83171 78.61676 -22.964315 1.9639788 -12.192968 1.4754276 1260256563008
150.83171 78.61676 -22.964315 1.6861997 -18.546726 6.2198706 1260256563013
157.49013 78.28592 -22.716099 1.6861997 -18.546726 6.2198706 1260256563028
157.49013 78.28592 -22.716099 -0.73404264 -24.64909 8.653164 1260256563031
162.01563 77.97163 -22.480293 -0.73404264 -24.64909 8.653164 1260256563050
162.01563 77.97163 -22.480293 -3.240584 -29.871801 8.408426 1260256563053
165.01485 77.77305 -22.156279 -3.240584 -29.871801 8.408426 1260256563068
165.01485 77.77305 -22.156279 -5.798539 -33.41351 8.405291 1260256563077
167.1141 77.684395 -21.748465 -5.798539 -33.41351 8.405291 1260256563088
167.1141 77.684395 -21.748465 -9.042617 -33.84822 7.301853 1260256563094
168.6084 77.55018 -21.411041 -9.042617 -33.84822 7.301853 1260256563109
168.6084 77.55018 -21.411041 -11.609633 -31.481901 6.161642 1260256563112
169.52798 77.27267 -21.190489 -11.609633 -31.481901 6.161642 1260256563133
169.52798 77.27267 -21.190489 -13.054787 -28.924112 4.46454 1260256563136
170.00159 76.75903 -21.080965 -13.054787 -28.924112 4.46454 1260256563148
170.00159 76.75903 -21.080965 -13.431545 -25.438816 2.1652555 1260256563153
170.3515 76.02108 -20.976917 -13.431545 -25.438816 2.1652555 1260256563168
170.3515 76.02108 -20.976917 -13.128916 -18.628992 0.75290775 1260256563173
170.63393 75.120026 -20.828072 -13.128916 -18.628992 0.75290775 1260256563356
170.63393 75.120026 -20.828072 -13.137256 -8.681681 2.0930498 1260256563360
170.70222 73.86402 -20.736668 -13.137256 -8.681681 2.0930498 1260256563364
170.70222 73.86402 -20.736668 -13.290944 0.38177872 6.5896807 1260256563370
170.26712 72.07082 -20.899834 -13.290944 0.38177872 6.5896807 1260256563373
170.26712 72.07082 -20.899834 -13.107888 -8.538904 11.8662 1260256563377
169.35376 69.81728 -21.254843 -13.107888 -8.538904 11.8662 1260256563380
169.35376 69.81728 -21.254843 -11.171299 -10.879343 1.98878 1260256563383
168.43607 67.326416 -21.4921 -11.171299 -10.879343 1.98878 1260256563389
168.43607 67.326416 -21.4921 -8.776292 6.38126 9.555054 1260256563392
167.86426 64.8101 -21.467495 -8.776292 6.38126 9.555054 1260256563396
167.86426 64.8101 -21.467495 -7.992285 -11.531111 11.1130085 1260256563399
167.82104 62.41959 -21.14412 -7.992285 -11.531111 11.1130085 1260256563402
167.82104 62.41959 -21.14412 -9.331873 1.6793442 1.3681769 1260256563408
167.78 59.99861 -20.636913 -9.331873 1.6793442 1.3681769 1260256563411
167.78 59.99861 -20.636913 -11.055712 1.1490543 9.143494 1260256563415
167.791 57.348682 -20.055067 -11.055712 1.1490543 9.143494 1260256563418
167.791 57.348682 -20.055067 -10.2975235 -7.9291325 9.630478 1260256563421
