153.3088 31.50843 20.197712 8.06494 -4.8634686 14.663292 1260256680823
153.3088 31.50843 20.197712 15.64641 -5.8221917 6.567635 1260256680827
153.19337 31.783009 21.137827 15.64641 -5.8221917 6.567635 1260256680833
153.19337 31.783009 21.137827 12.532482 -8.502203 -1.9279742 1260256680839
152.08371 32.093857 21.830936 12.532482 -8.502203 -1.9279742 1260256680845
152.08371 32.093857 21.830936 5.8674006 -10.763684 -3.6125386 1260256680848
150.12952 32.389164 22.28939 5.8674006 -10.763684 -3.6125386 1260256680852
150.12952 32.389164 22.28939 0.53907275 -12.228738 -1.3476689 1260256680860
147.77304 32.619705 22.624922 0.53907275 -12.228738 -1.3476689 1260256680863
147.77304 32.619705 22.624922 -2.8206003 -12.852071 1.089015 1260256680869
144.73439 32.43872 22.543676 -2.8206003 -12.852071 1.089015 1260256680872
144.73439 32.43872 22.543676 -3.3183107 -10.871101 -0.2598133 1260256680881
141.04767 30.866785 21.516493 -3.3183107 -10.871101 -0.2598133 1260256680904
141.04767 30.866785 21.516493 4.737703 5.033438 -1.4829412 1260256680909
137.39528 28.423447 20.090668 4.737703 5.033438 -1.4829412 1260256680920
137.39528 28.423447 20.090668 8.100867 4.220826 5.5114307 1260256680929
133.82552 26.152275 18.086134 8.100867 4.220826 5.5114307 1260256680933
133.82552 26.152275 18.086134 -11.16145 -4.493708 15.381011 1260256680941
129.98424 25.194662 15.631827 -11.16145 -4.493708 15.381011 1260256680945
129.98424 25.194662 15.631827 -7.563001 -2.7175906 4.1807327 1260256680951
125.98502 25.63493 13.150236 -7.563001 -2.7175906 4.1807327 1260256680954
125.98502 25.63493 13.150236 -4.9628034 -15.191228 18.5672 1260256680962
122.435776 27.303183 11.242724 -4.9628034 -15.191228 18.5672 1260256680966
122.435776 27.303183 11.242724 -19.14542 -27.540108 4.9940605 1260256680969
119.56399 29.688023 9.930588 -19.14542 -27.540108 4.9940605 1260256680979
119.56399 29.688023 9.930588 -11.789976 -17.0983 2.5671601 1260256680988
118.335785 33.45362 9.234058 -11.789976 -17.0983 2.5671601 1260256680992
118.335785 33.45362 9.234058 -0.19893086 -35.310772 -2.4789953 1260256681000
118.968994 37.68094 9.022355 -0.19893086 -35.310772 -2.4789953 1260256681004
118.968994 37.68094 9.022355 6.3170614 -23.970789 -21.65532 1260256681009
120.520546 42.146893 9.021237 6.3170614 -23.970789 -21.65532 1260256681014
120.520546 42.146893 9.021237 7.8117557 -11.080573 -12.706969 1260256681025
122.54452 46.989548 9.070175 7.8117557 -11.080573 -12.706969 1260256681029
122.54452 46.989548 9.070175 7.3662567 -16.662727 -8.095019 1260256681034
124.31729 51.99007 9.016666 7.3662567 -16.662727 -8.095019 1260256681045
124.31729 51.99007 9.016666 6.422776 -19.668049 -14.0130625 1260256681049
123.15143 57.240566 8.315833 6.422776 -19.668049 -14.0130625 1260256681061
123.15143 57.240566 8.315833 7.765338 -10.815219 -14.081917 1260256681069
130.69386 45.92854 5.9500413 7.765338 -10.815219 -14.081917 1260256681079
130.69386 45.92854 5.9500413 -7.6994696 -7.7825794 -8.721515 1260256681082
129.25917 41.58211 3.2525392 -7.6994696 -7.7825794 -8.721515 1260256681096
129.25917 41.58211 3.2525392 -8.290211 13.047001 8.300119 1260256681104
126.29621 37.753006 0.8399122 -8.290211 13.047001 8.300119 1260256681118
126.29621 37.753006 0.8399122 -3.0136752 7.821366 12.647815 1260256681125
122.0814 34.715355 -1.8020836 -3.0136752 7.821366 12.647815 1260256681141
122.0814 34.715355 -1.8020836 -23.39094 8.513994 10.649532 1260256681149
116.52733 32.979588 -5.2119794 -23.39094 8.513994 10.649532 1260256681159
116.52733 32.979588 -5.2119794 -8.395961 -9.935954 6.380581 1260256681163
111.60096 32.880608 -7.8513803 -8.395961 -9.935954 6.380581 1260256681178
111.60096 32.880608 -7.8513803 -26.689198 -20.000998 2.2228167 1260256681184
107.77091 37.53658 -9.258811 -26.689198 -20.000998 2.2228167 1260256681205
107.77091 37.53658 -9.258811 -15.293849 -17.264744 -12.166682 1260256681208
104.88237 41.40975 -9.745871 -15.293849 -17.264744 -12.166682 1260256681218
104.88237 41.40975 -9.745871 -5.71945 -19.358677 0.53321934 1260256681221
103.938255 45.189262 -9.658577 -5.71945 -19.358677 0.53321934 1260256681241
103.938255 45.189262 -9.658577 -1.9518943 -34.73751 -15.487388 1260256681244
107.29134 49.2298 -9.3756485 -1.9518943 -34.73751 -15.487388 1260256681258
107.29134 49.2298 -9.3756485 -2.7013917 -16.10019 -22.57525 1260256681265
110.976776 53.368313 -9.006866 -2.7013917 -16.10019 -22.57525 1260256681281
110.976776 53.368313 -9.006866 -5.094224 -23.983839 -12.59752 1260256681289
114.327934 57.549896 -8.6065235 -5.094224 -23.983839 -12.59752 1260256681298
114.327934 57.549896 -8.6065235 -7.725602 -30.985275 -28.019825 1260256681301
116.81154 61.572403 -8.326198 -7.725602 -30.985275 -28.019825 1260256681484
116.81154 61.572403 -8.326198 -10.18489 -12.027869 -25.010479 1260256681488
117.270966 65.39378 -8.359888 -10.18489 -12.027869 -25.010479 1260256681494
117.270966 65.39378 -8.359888 -12.794716 -23.891537 -16.252907 1260256681501
115.107414 69.27409 -9.091893 -12.794716 -23.891537 -16.252907 1260256681507
115.107414 69.27409 -9.091893 -12.450569 -15.853542 -25.639347 1260256681510
110.90205 73.31039 -10.737299 -12.450569 -15.853542 -25.639347 1260256681518
110.90205 73.31039 -10.737299 -4.6493483 -2.0640087 -10.408114 1260256681521
105.95695 77.54487 -13.4004345 -4.6493483 -2.0640087 -10.408114 1260256681527
105.95695 77.54487 -13.4004345 -26.027384 -15.955917 -8.461564 1260256681530
101.7591 74.46763 -16.130413 -26.027384 -15.955917 -8.461564 1260256681533
101.7591 74.46763 -16.130413 -17.679253 1.4305573 0.34023857 1260256681541
98.37115 71.39425 -17.923893 -17.679253 1.4305573 0.34023857 1260256681545
98.37115 71.39425 -17.923893 -13.866822 -13.4350195 12.074539 1260256681549
95.35259 68.42454 -19.027699 -13.866822 -13.4350195 12.074539 1260256681553
95.35259 68.42454 -19.027699 -23.052422 -0.73177004 31.92491 1260256681562
92.384964 65.75331 -19.876314 -23.052422 -0.73177004 31.92491 1260256681566
92.384964 65.75331 -19.876314 -27.766884 -10.652655 20.642609 1260256681569
89.46571 63.615646 -20.7825 -27.766884 -10.652655 20.642609 1260256681579
89.46571 63.615646 -20.7825 -26.434956 -17.610489 16.595875 1260256681587
86.69243 62.184864 -21.793375 -26.434956 -17.610489 16.595875 1260256681590
86.69243 62.184864 -21.793375 -17.874998 -8.067167 3.8421783 1260256681599
84.45781 61.52562 -22.703707 -17.874998 -8.067167 3.8421783 1260256681602
84.45781 61.52562 -22.703707 -7.2133856 -6.435918 -0.3318789 1260256681608
83.58492 64.69934 -22.968521 -7.2133856 -6.435918 -0.3318789 1260256681611
83.58492 64.69934 -22.968521 -1.79111 -26.628809 -5.4259243 1260256681618
84.90568 67.96437 -22.420095 -1.79111 -26.628809 -5.4259243 1260256681623
84.90568 67.96437 -22.420095 -0.8682356 -9.521433 -18.086264 1260256681627
88.26039 71.36615 -21.299091 -0.8682356 -9.521433 -18.086264 1260256681634
88.26039 71.36615 -21.299091 -6.1582575 -27.885345 -16.147293 1260256681647
92.69737 74.797844 -19.934137 -6.1582575 -27.885345 -16.147293 1260256681650
92.69737 74.797844 -19.934137 -5.027624 -15.602213 -21.187561 1260256681658
97.012505 78.15795 -18.587431 -5.027624 -15.602213 -21.187561 1260256681662
97.012505 78.15795 -18.587431 6.4485483 -24.13699 -34.67576 1260256681667
99.81188 81.400055 -17.608059 6.4485483 -24.13699 -34.67576 1260256681672
99.81188 81.400055 -17.608059 9.586705 -15.026277 -20.219038 1260256681683
99.621284 84.68005 -17.427656 9.586705 -15.026277 -20.219038 1260256681689
99.621284 84.68005 -17.427656 4.0936036 -13.845121 -19.853683 1260256681694
96.19022 88.14605 -18.706274 4.0936036 -13.845121 -19.853683 1260256681705
96.19022 88.14605 -18.706274 -10.504822 -9.286951 -0.7838936 1260256681709
92.68071 84.78875 -21.070961 -10.504822 -9.286951 -0.7838936 1260256681720
92.68071 84.78875 -21.070961 -25.300158 -7.3092217 9.132875 1260256681728
89.646675 81.59931 -22.417414 -25.300158 -7.3092217 9.132875 1260256681740
89.646675 81.59931 -22.417414 -14.716803 -8.144919 5.639905 1260256681748
86.76434 78.719345 -23.096542 -14.716803 -8.144919 5.639905 1260256681759
86.76434 78.719345 -23.096542 -9.180316 -10.862496 26.010977 1260256681762
84.02612 76.38338 -23.391716 -9.180316 -10.862496 26.010977 1260256681778
84.02612 76.38338 -23.391716 -6.5090017 -25.423878 21.869192 1260256681783
81.474815 74.71421 -23.57213 -6.5090017 -25.423878 21.869192 1260256681799
81.474815 74.71421 -23.57213 -3.098977 -13.148191 15.931445 1260256681806
79.351074 73.6785 -23.843523 -3.098977 -13.148191 15.931445 1260256681818
79.351074 73.6785 -23.843523 -1.9453125 -9.159043 6.9781675 1260256681821
78.33352 75.94457 -24.101347 -1.9453125 -9.159043 6.9781675 1260256681836
78.33352 75.94457 -24.101347 -1.3980942 -22.893589 2.5573602 1260256681844
79.116844 78.29734 -23.84628 -1.3980942 -22.893589 2.5573602 1260256681858
79.116844 78.29734 -23.84628 2.7597866 -19.33762 -11.562748 1260256681863
81.961 80.982475 -22.953964 2.7597866 -19.33762 -11.562748 1260256681881
81.961 80.982475 -22.953964 5.374283 -11.550938 -20.221136 1260256681889
86.31295 83.78335 -21.656265 5.374283 -11.550938 -20.221136 1260256681899
86.31295 83.78335 -21.656265 -1.8452027 -28.498995 -16.750292 1260256681902
90.9973 86.59418 -20.273453 -1.8452027 -28.498995 -16.750292 1260256681918
90.9973 86.59418 -20.273453 -6.439187 -10.772126 -23.74078 1260256681923
94.847435 89.41447 -19.10978 -6.439187 -10.772126 -23.74078 1260256681940
94.847435 89.41447 -19.10978 -0.81896186 -27.979702 -22.720482 1260256681944
96.505066 92.19374 -18.50429 -0.81896186 -27.979702 -22.720482 1260256681958
96.505066 92.19374 -18.50429 0.32030678 -5.405609 -23.857307 1260256681963
94.67981 94.984055 -19.079075 0.32030678 -5.405609 -23.857307 1260256681981
94.67981 94.984055 -19.079075 -11.423325 -16.0744 -5.3506274 1260256681984
91.39582 91.78485 -21.07512 -11.423325 -16.0744 -5.3506274 1260256681999
91.39582 91.78485 -21.07512 -22.169958 -2.5241752 4.986043 1260256682003
88.27603 88.64561 -22.171366 -22.169958 -2.5241752 4.986043 1260256682021
88.27603 88.64561 -22.171366 -13.470965 -17.079784 4.6314507 1260256682027
85.26223 85.91333 -22.462797 -13.470965 -17.079784 4.6314507 1260256682040
85.26223 85.91333 -22.462797 -9.222145 -7.4224396 24.179468 1260256682044
82.34912 83.61766 -22.289658 -9.222145 -7.4224396 24.179468 1260256682061
82.34912 83.61766 -22.289658 -7.8643184 -30.904514 26.801624 1260256682064
79.53166 81.936775 -21.875175 -7.8643184 -30.904514 26.801624 1260256682247
79.53166 81.936775 -21.875175 -8.666043 -26.07954 9.241377 1260256682251
77.00508 80.78994 -21.531416 -8.666043 -26.07954 9.241377 1260256682259
77.00508 80.78994 -21.531416 -11.2811 -15.162485 6.100392 1260256682262
75.25483 80.10044 -21.404844 -11.2811 -15.162485 6.100392 1260256682268
75.25483 80.10044 -21.404844 -11.905491 -8.724179 4.822914 1260256682271
75.24209 81.74542 -21.334602 -11.905491 -8.724179 4.822914 1260256682274
75.24209 81.74542 -21.334602 -11.579733 -15.541183 -10.484421 1260256682282
77.52998 84.108154 -20.817873 -11.579733 -15.541183 -10.484421 1260256682286
77.52998 84.108154 -20.817873 -12.427298 -20.779768 -8.126486 1260256682289
81.45348 86.90275 -19.77698 -12.427298 -20.779768 -8.126486 1260256682294
81.45348 86.90275 -19.77698 -7.9088564 -6.5198107 -15.059774 1260256682303
86.28081 89.85761 -18.53813 -7.9088564 -6.5198107 -15.059774 1260256682307
86.28081 89.85761 -18.53813 5.481785 -24.972654 -26.326649 1260256682312
90.76677 92.814735 -17.361223 5.481785 -24.972654 -26.326649 1260256682319
90.76677 92.814735 -17.361223 12.027676 -4.7576427 -23.534079 1260256682324
93.028435 95.374 -16.743162 12.027676 -4.7576427 -23.534079 1260256682328
93.028435 95.374 -16.743162 6.6978617 -20.247606 -17.814407 1260256682331
91.027016 97.2053 -17.906004 6.6978617 -20.247606 -17.814407 1260256682341
91.027016 97.2053 -17.906004 1.4512639 -9.312177 -7.5614557 1260256682350
87.67567 93.44504 -19.060703 1.4512639 -9.312177 -7.5614557 1260256682353
87.67567 93.44504 -19.060703 -11.915034 1.3827186 16.463867 1260256682362
84.291885 89.67278 -19.65767 -11.915034 1.3827186 16.463867 1260256682365
84.291885 89.67278 -19.65767 -17.94067 -16.245417 15.539715 1260256682369
81.02729 86.68914 -19.924786 -17.94067 -16.245417 15.539715 1260256682374
81.02729 86.68914 -19.924786 -16.929466 -0.71699333 16.393295 1260256682382
78.87592 85.95468 -19.678547 -16.929466 -0.71699333 16.393295 1260256682386
78.87592 85.95468 -19.678547 -11.50184 -7.2426205 -0.049953938 1260256682389
82.03213 87.306946 -18.794619 -11.50184 -7.2426205 -0.049953938 1260256682399
82.03213 87.306946 -18.794619 -0.25186527 -15.257418 -1.2042379 1260256682403
87.18052 89.291595 -17.654888 -0.25186527 -15.257418 -1.2042379 1260256682411
87.18052 89.291595 -17.654888 10.980906 -33.168747 -17.05544 1260256682420
92.4715 91.57702 -16.472143 10.980906 -33.168747 -17.05544 1260256682423
92.4715 91.57702 -16.472143 9.981844 -18.940586 -17.285166 1260256682429
97.14792 93.74817 -15.398536 9.981844 -18.940586 -17.285166 1260256682434
97.14792 93.74817 -15.398536 -0.28740263 -16.661682 -29.52307 1260256682465
100.490524 95.61076 -14.478609 -0.28740263 -16.661682 -29.52307 1260256682469
100.490524 95.61076 -14.478609 -8.090164 -28.38523 -16.776289 1260256682479
101.116 96.93022 -13.954679 -8.090164 -28.38523 -16.776289 1260256682482
101.116 96.93022 -13.954679 -10.863104 -20.456104 -11.537132 1260256682491
98.660194 97.68371 -14.206944 -10.863104 -20.456104 -11.537132 1260256682494
98.660194 97.68371 -14.206944 -14.325348 -9.878382 -1.5934763 1260256682502
94.927185 94.89952 -15.596598 -14.325348 -9.878382 -1.5934763 1260256682508
94.927185 94.89952 -15.596598 -9.179615 -13.953167 -3.8748384 1260256682521
91.03082 90.704544 -17.216768 -9.179615 -13.953167 -3.8748384 1260256682527
91.03082 90.704544 -17.216768 -1.0197601 -6.705017 9.92961 1260256682530
87.579285 86.119316 -18.50593 -1.0197601 -6.705017 9.92961 1260256682539
87.579285 86.119316 -18.50593 -9.215447 9.896236 10.7107525 1260256682548
84.10032 81.76335 -19.780634 -9.215447 9.896236 10.7107525 1260256682560
84.10032 81.76335 -19.780634 -21.31909 -0.5024899 19.709805 1260256682563
80.2453 78.07518 -21.441603 -21.31909 -0.5024899 19.709805 1260256682582
80.2453 78.07518 -21.441603 -18.085112 -6.7749186 17.059813 1260256682586
76.63303 75.87142 -23.069523 -18.085112 -6.7749186 17.059813 1260256682598
76.63303 75.87142 -23.069523 -2.2742329 -11.875675 -1.6314368 1260256682608
74.951385 78.12785 -23.166046 -2.2742329 -11.875675 -1.6314368 1260256682618
74.951385 78.12785 -23.166046 1.7278466 -18.443298 -1.4811225 1260256682621
76.80382 80.42146 -22.207745 1.7278466 -18.443298 -1.4811225 1260256682641
76.80382 80.42146 -22.207745 0.26733625 -10.555385 -16.22093 1260256682645
82.06363 82.70039 -20.847357 0.26733625 -10.555385 -16.22093 1260256682663
82.06363 82.70039 -20.847357 -6.2777147 -32.603287 -19.65705 1260256682668
88.06045 84.86537 -19.354988 -6.2777147 -32.603287 -19.65705 1260256682677
88.06045 84.86537 -19.354988 0.38985205 -25.708725 -27.1996 1260256682682
93.70743 87.0221 -17.837238 0.38985205 -25.708725 -27.1996 1260256682699
93.70743 87.0221 -17.837238 13.990694 -16.383873 -14.872076 1260256682703
98.122055 88.921 -16.445375 13.990694 -16.383873 -14.872076 1260256682723
98.122055 88.921 -16.445375 10.893301 -29.037628 -18.469444 1260256682727
100.71595 90.57495 -15.323107 10.893301 -29.037628 -18.469444 1260256682738
100.71595 90.57495 -15.323107 -1.4181983 -22.003727 -2.6018586 1260256682748
101.080154 91.946205 -14.656951 -1.4181983 -22.003727 -2.6018586 1260256682757
101.080154 91.946205 -14.656951 -8.968771 -5.69619 -3.7792313 1260256682761
99.57615 93.24889 -14.824103 -8.968771 -5.69619 -3.7792313 1260256682779
99.57615 93.24889 -14.824103 -10.750828 -0.7080574 -7.041232 1260256682782
96.14734 90.58645 -16.5829 -10.750828 -0.7080574 -7.041232 1260256682796
96.14734 90.58645 -16.5829 1.5830512 -9.8250065 5.4662957 1260256682806
92.63997 86.107124 -18.653753 1.5830512 -9.8250065 5.4662957 1260256682818
92.63997 86.107124 -18.653753 -6.2928214 9.154894 2.4712236 1260256682823
90.00797 81.20177 -20.021065 -6.2928214 9.154894 2.4712236 1260256683008
90.00797 81.20177 -20.021065 -18.99921 7.3962173 12.410254 1260256683011
87.30757 76.49168 -21.420012 -18.99921 7.3962173 12.410254 1260256683014
87.30757 76.49168 -21.420012 -17.37902 -5.122389 6.5637136 1260256683022
83.84219 72.217094 -23.09901 -17.37902 -5.122389 6.5637136 1260256683026
83.84219 72.217094 -23.09901 -5.137865 2.2686098 13.634857 1260256683030
97.250084 68.65624 -25.64406 -5.137865 2.2686098 13.634857 1260256683042
97.250084 68.65624 -25.64406 -20.29537 4.0404677 12.021257 1260256683046
109.937584 65.87343 -28.161858 -20.29537 4.0404677 12.021257 1260256683049
109.937584 65.87343 -28.161858 -16.99489 -4.7241325 10.424908 1260256683054
104.590706 70.179756 -29.853765 -16.99489 -4.7241325 10.424908 1260256683061
104.590706 70.179756 -29.853765 -4.433628 -16.035542 -1.484457 1260256683066
100.36117 73.42077 -30.511078 -4.433628 -16.035542 -1.484457 1260256683070
100.36117 73.42077 -30.511078 -3.5988383 -2.7944345 -5.840755 1260256683073
95.99311 75.69973 -30.335524 -3.5988383 -2.7944345 -5.840755 1260256683080
95.99311 75.69973 -30.335524 0.1595707 -19.077549 1.3972328 1260256683084
107.09345 77.464745 -29.768747 0.1595707 -19.077549 1.3972328 1260256683090
107.09345 77.464745 -29.768747 2.7297053 -29.268764 -2.8723054 1260256683093
115.93878 78.941505 -29.08031 2.7297053 -29.268764 -2.8723054 1260256683104
115.93878 78.941505 -29.08031 0.5874872 -19.064264 3.5077763 1260256683108
123.29184 80.29443 -28.426294 0.5874872 -19.064264 3.5077763 1260256683119
123.29184 80.29443 -28.426294 -5.2313437 -13.805724 -3.5140786 1260256683125
128.97725 81.629715 -27.80498 -5.2313437 -13.805724 -3.5140786 1260256683128
128.97725 81.629715 -27.80498 -11.419884 -23.315613 -10.362998 1260256683134
132.62839 82.89823 -27.16473 -11.419884 -23.315613 -10.362998 1260256683141
132.62839 82.89823 -27.16473 -15.204924 -32.306156 -4.1404276 1260256683147
135.14697 84.10332 -26.556494 -15.204924 -32.306156 -4.1404276 1260256683151
135.14697 84.10332 -26.556494 -15.578234 -28.701672 -4.580202 1260256683154
137.08963 85.14815 -25.928669 -15.578234 -28.701672 -4.580202 1260256683169
137.08963 85.14815 -25.928669 -12.60019 -18.675596 -7.8590903 1260256683172
138.23515 86.090744 -25.332235 -12.60019 -18.675596 -7.8590903 1260256683178
138.23515 86.090744 -25.332235 -7.3085175 -11.540204 -3.4523463 1260256683181
138.3234 85.38621 -24.915623 -7.3085175 -11.540204 -3.4523463 1260256683184
138.3234 85.38621 -24.915623 -3.636703 -13.100771 -7.3563237 1260256683188
