40.30199 19.954525 26.828388 13.716723 -7.552042 5.8914113 1260256306978
40.30199 19.954525 26.828388 14.095852 -14.503599 5.5673966 1260256306982
40.88689 20.856798 27.236969 14.095852 -14.503599 5.5673966 1260256306990
40.88689 20.856798 27.236969 13.57333 -14.465689 7.0234547 1260256306993
40.492546 21.713959 27.82512 13.57333 -14.465689 7.0234547 1260256306999
40.492546 21.713959 27.82512 9.731096 -8.048224 12.481525 1260256307002
38.66792 22.528261 28.683865 9.731096 -8.048224 12.481525 1260256307011
38.66792 22.528261 28.683865 1.9137354 -0.07976818 10.434235 1260256307014
37.38452 23.551847 29.44967 1.9137354 -0.07976818 10.434235 1260256307017
37.38452 23.551847 29.44967 -3.1732626 4.106195 1.8768669 1260256307023
38.765297 24.774256 29.977188 -3.1732626 4.106195 1.8768669 1260256307031
38.765297 24.774256 29.977188 -4.0213656 -3.1810966 3.1697068 1260256307034
40.677032 26.085543 30.278328 -4.0213656 -3.1810966 3.1697068 1260256307061
40.677032 26.085543 30.278328 -3.0924873 -15.655666 4.6717615 1260256307072
42.69318 27.531265 30.364412 -3.0924873 -15.655666 4.6717615 1260256307078
42.69318 27.531265 30.364412 -2.8011956 -15.497044 -1.0888045 1260256307081
44.55852 28.954702 30.396193 -2.8011956 -15.497044 -1.0888045 1260256307090
44.55852 28.954702 30.396193 -2.9828768 -2.4839416 -1.6051369 1260256307093
46.480595 30.206966 30.576384 -2.9828768 -2.4839416 -1.6051369 1260256307097
46.480595 30.206966 30.576384 -2.0506783 1.4971781 4.0600953 1260256307100
48.656567 31.296618 30.897564 -2.0506783 1.4971781 4.0600953 1260256307108
48.656567 31.296618 30.897564 0.38834047 -5.6164765 9.364638 1260256307113
51.17374 32.381786 31.202686 0.38834047 -5.6164765 9.364638 1260256307119
51.17374 32.381786 31.202686 3.12902 -14.95277 6.182621 1260256307130
53.565052 33.5627 31.342552 3.12902 -14.95277 6.182621 1260256307136
53.565052 33.5627 31.342552 4.647993 -16.159544 -4.5332594 1260256307139
55.9368 34.834564 31.325424 4.647993 -16.159544 -4.5332594 1260256307151
55.9368 34.834564 31.325424 4.4126024 -6.131922 -8.475164 1260256307156
57.939957 35.992836 31.259153 4.4126024 -6.131922 -8.475164 1260256307161
57.939957 35.992836 31.259153 3.7682238 0.78887177 0.054626226 1260256307164
59.69296 36.943195 31.346195 3.7682238 0.78887177 0.054626226 1260256307175
59.69296 36.943195 31.346195 4.806187 -1.5451841 8.734394 1260256307179
61.40831 37.646034 31.628885 4.806187 -1.5451841 8.734394 1260256307195
61.40831 37.646034 31.628885 7.723701 -6.8623123 11.24043 1260256307199
62.987896 38.213734 31.99744 7.723701 -6.8623123 11.24043 1260256307208
62.987896 38.213734 31.99744 11.185306 -11.769993 8.817444 1260256307211
64.4385 38.603046 32.49757 11.185306 -11.769993 8.817444 1260256307231
64.4385 38.603046 32.49757 14.670959 -14.26552 4.482621 1260256307234
65.51657 38.822895 33.122692 14.670959 -14.26552 4.482621 1260256307249
65.51657 38.822895 33.122692 15.906808 -14.857267 1.1555527 1260256307255
65.89074 38.881752 33.866558 15.906808 -14.857267 1.1555527 1260256307271
65.89074 38.881752 33.866558 12.551547 -14.546343 -1.0741136 1260256307278
65.5962 38.787663 34.72323 12.551547 -14.546343 -1.0741136 1260256307289
65.5962 38.787663 34.72323 4.853136 -13.721894 -2.7937634 1260256307292
65.31639 38.64828 35.587067 4.853136 -13.721894 -2.7937634 1260256307306
65.31639 38.64828 35.587067 -1.7661366 -12.95178 -1.4148649 1260256307314
65.15057 38.56587 36.407715 -1.7661366 -12.95178 -1.4148649 1260256307333
65.15057 38.56587 36.407715 -2.6097946 -12.61838 3.1523128 1260256307336
65.14304 38.487576 37.18733 -2.6097946 -12.61838 3.1523128 1260256307348
65.14304 38.487576 37.18733 2.1742344 -12.262793 7.3716326 1260256307351
65.03589 38.413197 37.927963 2.1742344 -12.262793 7.3716326 1260256307369
65.03589 38.413197 37.927963 9.292179 -11.839173 8.574739 1260256307372
65.1841 38.342537 38.631565 9.292179 -11.839173 8.574739 1260256307388
65.1841 38.342537 38.631565 15.048148 -11.3003025 6.088369 1260256307394
64.92489 38.22541 39.349987 15.048148 -11.3003025 6.088369 1260256307414
64.92489 38.22541 39.349987 17.069101 -10.289312 0.67056805 1260256307418
64.62865 38.11414 40.032486 17.069101 -10.289312 0.67056805 1260256307428
64.62865 38.11414 40.032486 14.509055 -9.481371 -4.9010715 1260256307431
64.09721 38.008434 40.680862 14.509055 -9.481371 -4.9010715 1260256307459
64.09721 38.008434 40.680862 9.132704 -8.567593 -8.139888 1260256307462
62.592354 37.908012 41.34682 9.132704 -8.567593 -8.139888 1260256307474
62.592354 37.908012 41.34682 2.9309916 -7.6167107 -7.486122 1260256307479
61.362736 37.76261 41.97948 2.9309916 -7.6167107 -7.486122 1260256307489
61.362736 37.76261 41.97948 -1.1496153 -6.0972576 -3.1961074 1260256307663
60.1446 37.574482 42.63051 -1.1496153 -6.0972576 -3.1961074 1260256307672
60.1446 37.574482 42.63051 -1.7614532 -4.093722 2.9571056 1260256307676
59.58737 37.39576 43.298985 -1.7614532 -4.093722 2.9571056 1260256307681
59.58737 37.39576 43.298985 1.5898376 -2.3163674 8.165319 1260256307684
59.308002 37.22597 43.884037 1.5898376 -2.3163674 8.165319 1260256307692
59.308002 37.22597 43.884037 6.761337 -0.7781296 9.825418 1260256307696
57.492603 36.914673 44.589836 6.761337 -0.7781296 9.825418 1260256307701
57.492603 36.914673 44.589836 13.548599 2.0469122 6.4986787 1260256307704
56.517975 36.668938 45.210346 13.548599 2.0469122 6.4986787 1260256307711
56.517975 36.668938 45.210346 17.02082 3.4718428 2.7302327 1260256307716
55.742077 36.33549 45.84983 17.02082 3.4718428 2.7302327 1260256307719
55.742077 36.33549 45.84983 17.053574 4.9867573 1.0450104 1260256307724
55.404972 36.068718 46.357338 17.053574 4.9867573 1.0450104 1260256307731
55.404972 36.068718 46.357338 14.370739 5.1244426 2.3817806 1260256307736
55.784725 35.915283 46.639473 14.370739 5.1244426 2.3817806 1260256307740
55.784725 35.915283 46.639473 11.986875 4.3754916 4.5031633 1260256307743
56.04549 35.76952 46.9075 11.986875 4.3754916 4.5031633 1260256307753
56.04549 35.76952 46.9075 9.63615 3.9184852 6.0850563 1260256307757
56.293217 35.681046 47.212128 9.63615 3.9184852 6.0850563 1260256307771
56.293217 35.681046 47.212128 6.8318872 3.4150877 6.34684 1260256307774
55.678555 35.496994 47.65152 6.8318872 3.4150877 6.34684 1260256307778
55.678555 35.496994 47.65152 3.0337305 2.8170228 6.7953453 1260256307783
54.494625 35.222145 48.168945 3.0337305 2.8170228 6.7953453 1260256307789
54.494625 35.222145 48.168945 -0.41328812 1.2226906 5.505766 1260256307795
52.819893 34.911037 48.760498 -0.41328812 1.2226906 5.505766 1260256307799
52.819893 34.911037 48.760498 -1.320549 -1.319874 0.7573985 1260256307802
50.678898 34.515484 49.422474 -1.320549 -1.319874 0.7573985 1260256307812
50.678898 34.515484 49.422474 1.6995215 -5.1244655 -5.3829036 1260256307821
66.04495 34.03971 50.20135 1.6995215 -5.1244655 -5.3829036 1260256307824
66.04495 34.03971 50.20135 9.110493 -9.399969 -7.8167577 1260256307833
79.64271 40.287727 51.09128 9.110493 -9.399969 -7.8167577 1260256307836
79.64271 40.287727 51.09128 17.2557 -9.097086 -5.8854413 1260256307840
92.86057 46.57334 52.286716 17.2557 -9.097086 -5.8854413 1260256307855
92.86057 46.57334 52.286716 19.59621 -7.7692633 2.5192244 1260256307859
105.617546 53.094673 53.57238 19.59621 -7.7692633 2.5192244 1260256307864
105.617546 53.094673 53.57238 8.398335 -3.515936 7.196345 1260256307871
100.886665 42.189938 54.44376 8.398335 -3.515936 7.196345 1260256307878
100.886665 42.189938 54.44376 -0.63060904 11.671594 -0.68791926 1260256307881
98.792336 37.980442 53.82157 -0.63060904 11.671594 -0.68791926 1260256307893
98.792336 37.980442 53.82157 0.58883286 1.8011441 -6.383749 1260256307898
97.35272 34.78142 51.130493 0.58883286 1.8011441 -6.383749 1260256307908
97.35272 34.78142 51.130493 7.4588017 6.316542 2.3965173 1260256307913
95.485085 32.99235 47.773968 7.4588017 6.316542 2.3965173 1260256307929
95.485085 32.99235 47.773968 -9.908576 -9.432096 14.236312 1260256307936
93.31083 32.592735 44.33527 -9.908576 -9.432096 14.236312 1260256307948
93.31083 32.592735 44.33527 -3.6267285 -17.371212 20.242199 1260256307953
91.09529 33.463097 41.368507 -3.6267285 -17.371212 20.242199 1260256307971
91.09529 33.463097 41.368507 -10.8468685 -25.87054 16.821669 1260256307975
89.490524 35.589943 38.95008 -10.8468685 -25.87054 16.821669 1260256307988
89.490524 35.589943 38.95008 6.538109 -14.822579 3.5686665 1260256307995
89.215996 38.610447 37.152576 6.538109 -14.822579 3.5686665 1260256308015
89.215996 38.610447 37.152576 -3.7721848 -31.853176 2.7597773 1260256308019
91.605194 42.579926 36.094948 -3.7721848 -31.853176 2.7597773 1260256308028
91.605194 42.579926 36.094948 -3.9377956 -9.257333 -8.404078 1260256308031
96.424934 47.30093 35.4402 -3.9377956 -9.257333 -8.404078 1260256308051
96.424934 47.30093 35.4402 -0.3375535 -10.859257 -5.083025 1260256308054
103.30369 52.785885 35.018192 -0.3375535 -10.859257 -5.083025 1260256308072
103.30369 52.785885 35.018192 1.9904809 -11.179014 -4.343491 1260256308076
113.538506 59.096592 34.367283 1.9904809 -11.179014 -4.343491 1260256308088
113.538506 59.096592 34.367283 6.048158 -5.659239 -2.3476067 1260256308097
112.31158 48.591763 33.09892 6.048158 -5.659239 -2.3476067 1260256308110
112.31158 48.591763 33.09892 11.16852 14.106649 -7.528285 1260256308113
113.145996 39.912174 31.043972 11.16852 14.106649 -7.528285 1260256308128
113.145996 39.912174 31.043972 -4.719412 -0.6557126 -10.426701 1260256308135
114.73869 31.966566 28.491774 -4.719412 -0.6557126 -10.426701 1260256308154
114.73869 31.966566 28.491774 -5.3694205 3.0581522 -11.410074 1260256308158
118.95176 23.718237 25.317184 -5.3694205 3.0581522 -11.410074 1260256308168
118.95176 23.718237 25.317184 -3.2830772 16.218317 -1.8646657 1260256308171
129.55417 31.432325 21.701324 -3.2830772 16.218317 -1.8646657 1260256308191
129.55417 31.432325 21.701324 -3.110551 -0.44672862 -14.892641 1260256308194
127.57646 36.46071 19.866259 -3.110551 -0.44672862 -14.892641 1260256308213
127.57646 36.46071 19.866259 5.1329193 -0.2025528 -6.067383 1260256308217
126.74764 40.337673 19.022945 5.1329193 -0.2025528 -6.067383 1260256308228
126.74764 40.337673 19.022945 2.685001 -22.825861 -16.42519 1260256308233
120.66026 43.82079 18.621798 2.685001 -22.825861 -16.42519 1260256308249
120.66026 43.82079 18.621798 2.867605 -23.185886 1.9450994 1260256308252
131.87724 47.17975 18.590708 2.867605 -23.185886 1.9450994 1260256308428
131.87724 47.17975 18.590708 5.718211 -24.977402 -14.743437 1260256308436
143.08339 50.37076 18.661173 5.718211 -24.977402 -14.743437 1260256308442
143.08339 50.37076 18.661173 6.227992 -23.380823 6.8764925 1260256308448
136.22922 53.302223 18.628115 6.227992 -23.380823 6.8764925 1260256308454
136.22922 53.302223 18.628115 3.5953548 -18.187305 -11.333323 1260256308458
130.11775 56.18711 18.74671 3.5953548 -18.187305 -11.333323 1260256308461
130.11775 56.18711 18.74671 2.8075814 -6.707837 8.722978 1260256308469
124.31187 56.277756 19.359375 2.8075814 -6.707837 8.722978 1260256308472
124.31187 56.277756 19.359375 7.043567 -1.0549128 8.772976 1260256308478
120.04627 52.56387 20.541407 7.043567 -1.0549128 8.772976 1260256308481
120.04627 52.56387 20.541407 10.05517 -7.16861 1.1003397 1260256308490
122.94396 43.735676 19.064337 10.05517 -7.16861 1.1003397 1260256308493
122.94396 43.735676 19.064337 1.7618182 4.067766 8.222732 1260256308496
122.29676 48.248894 17.71112 1.7618182 4.067766 8.222732 1260256308502
122.29676 48.248894 17.71112 -9.51111 5.8185225 -4.630822 1260256308511
119.43192 51.636448 17.175564 -9.51111 5.8185225 -4.630822 1260256308514
119.43192 51.636448 17.175564 -8.249626 -21.250378 -5.6485333 1260256308517
129.11032 54.754627 16.816786 -8.249626 -21.250378 -5.6485333 1260256308528
129.11032 54.754627 16.816786 -5.176938 -9.089449 -6.347072 1260256308531
137.80481 57.666897 16.475946 -5.176938 -9.089449 -6.347072 1260256308539
137.80481 57.666897 16.475946 -2.5583735 -31.886276 -11.990182 1260256308543
144.11456 60.633553 16.202148 -2.5583735 -31.886276 -11.990182 1260256308551
144.11456 60.633553 16.202148 0.26866388 -14.200009 -5.313283 1260256308554
145.50883 63.701874 15.792041 0.26866388 -14.200009 -5.313283 1260256308560
145.50883 63.701874 15.792041 1.832978 -24.761156 -16.566565 1260256308563
145.4834 66.76678 15.202438 1.832978 -24.761156 -16.566565 1260256308571
145.4834 66.76678 15.202438 5.6856184 -3.7348118 -1.5174518 1260256308574
142.85922 69.67844 13.842317 5.6856184 -3.7348118 -1.5174518 1260256308588
142.85922 69.67844 13.842317 8.164877 -9.891966 -0.6296387 1260256308593
137.01627 65.19451 11.500201 8.164877 -9.891966 -0.6296387 1260256308597
137.01627 65.19451 11.500201 -11.888223 -4.8280373 1.3815637 1260256308600
131.81544 60.834785 9.8251915 -11.888223 -4.8280373 1.3815637 1260256308611
131.81544 60.834785 9.8251915 -9.240931 14.316693 15.785578 1260256308620
126.52467 56.993046 7.983932 -9.240931 14.316693 15.785578 1260256308623
126.52467 56.993046 7.983932 1.2591343 0.8537841 14.693871 1260256308631
121.248436 54.693394 6.0847354 1.2591343 0.8537841 14.693871 1260256308639
121.248436 54.693394 6.0847354 -10.662712 6.1644793 12.272313 1260256308643
116.63602 54.808723 4.8304987 -10.662712 6.1644793 12.272313 1260256308655
116.63602 54.808723 4.8304987 -14.866596 -3.851245 6.874561 1260256308659
113.60422 56.768288 4.4889736 -14.866596 -3.851245 6.874561 1260256308669
113.60422 56.768288 4.4889736 -10.278313 -23.50534 -3.5629044 1260256308678
115.674 59.479874 4.614525 -10.278313 -23.50534 -3.5629044 1260256308689
115.674 59.479874 4.614525 -6.443363 -25.936703 -7.4673295 1260256308692
119.540306 62.45588 5.0337987 -6.443363 -25.936703 -7.4673295 1260256308711
119.540306 62.45588 5.0337987 -4.5446506 -14.339648 -5.796543 1260256308714
119.91329 64.483086 4.9821086 -4.5446506 -14.339648 -5.796543 1260256308728
119.91329 64.483086 4.9821086 -8.723809 -18.907568 -2.198389 1260256308737
115.017624 61.20893 2.8330033 -8.723809 -18.907568 -2.198389 1260256308748
115.017624 61.20893 2.8330033 -2.7713802 9.936513 7.718887 1260256308753
110.41674 57.498486 0.8413531 -2.7713802 9.936513 7.718887 1260256308770
110.41674 57.498486 0.8413531 -5.4014378 -3.3395152 20.130886 1260256308773
105.795906 54.02356 -1.3507147 -5.4014378 -3.3395152 20.130886 1260256308793
105.795906 54.02356 -1.3507147 -28.67297 11.386616 18.262695 1260256308797
100.95611 51.122383 -3.8831792 -28.67297 11.386616 18.262695 1260256308808
100.95611 51.122383 -3.8831792 -17.692825 -5.3503323 14.132392 1260256308813
96.208305 49.016262 -7.0390205 -17.692825 -5.3503323 14.132392 1260256308828
96.208305 49.016262 -7.0390205 -33.85352 4.8574038 12.659926 1260256308831
92.74789 54.165447 -9.787069 -33.85352 4.8574038 12.659926 1260256308850
92.74789 54.165447 -9.787069 -20.675583 -5.899825 4.936396 1260256308854
92.36049 58.207176 -11.097716 -20.675583 -5.899825 4.936396 1260256308873
92.36049 58.207176 -11.097716 -6.77256 -29.49821 -10.684164 1260256308877
96.042465 61.74682 -11.29283 -6.77256 -29.49821 -10.684164 1260256308888
96.042465 61.74682 -11.29283 1.2524815 -16.204422 -17.319738 1260256308893
101.84034 65.109474 -10.7281885 1.2524815 -16.204422 -17.319738 1260256308908
101.84034 65.109474 -10.7281885 9.23383 -35.06064 -20.383434 1260256308911
108.24832 68.354004 -9.841779 9.23383 -35.06064 -20.383434 1260256308932
108.24832 68.354004 -9.841779 8.055302 -19.69194 -28.4443 1260256308935
114.08591 71.5863 -8.94969 8.055302 -19.69194 -28.4443 1260256308948
114.08591 71.5863 -8.94969 -0.0015902519 -30.250673 -15.235984 1260256308957
119.131615 74.75699 -8.152205 -0.0015902519 -30.250673 -15.235984 1260256308968
119.131615 74.75699 -8.152205 -5.7171736 -14.581922 -22.451975 1260256308975
123.17503 77.86914 -7.494595 -5.7171736 -14.581922 -22.451975 1260256308990
123.17503 77.86914 -7.494595 -6.967408 -21.944937 -19.671074 1260256308993
125.066284 80.975685 -7.2698655 -6.967408 -21.944937 -19.671074 1260256309012
125.066284 80.975685 -7.2698655 -9.169444 -4.7444506 -9.234476 1260256309016
123.76297 84.326904 -7.8563724 -9.169444 -4.7444506 -9.234476 1260256309194
123.76297 84.326904 -7.8563724 -13.831594 -11.175297 -9.758804 1260256309198
119.32482 88.16056 -9.463553 -13.831594 -11.175297 -9.758804 1260256309201
119.32482 88.16056 -9.463553 -6.1442423 -5.149844 -16.53796 1260256309213
131.30858 92.50253 -12.190375 -6.1442423 -5.149844 -16.53796 1260256309219
131.30858 92.50253 -12.190375 -5.404505 8.765934 -5.8725405 1260256309222
142.14314 79.1274 -15.730857 -5.404505 8.765934 -5.8725405 1260256309231
142.14314 79.1274 -15.730857 -10.331432 6.3452353 7.214411 1260256309234
152.486 74.921036 -18.894314 -10.331432 6.3452353 7.214411 1260256309238
152.486 74.921036 -18.894314 -13.0917845 5.6314626 10.875779 1260256309243
144.9117 72.07498 -20.8996 -13.0917845 5.6314626 10.875779 1260256309252
144.9117 72.07498 -20.8996 -23.664719 -7.300251 11.56798 1260256309255
137.6661 70.37123 -21.85462 -23.664719 -7.300251 11.56798 1260256309259
137.6661 70.37123 -21.85462 -15.035897 -22.176615 6.638918 1260256309264
148.58281 69.45267 -22.111889 -15.035897 -22.176615 6.638918 1260256309271
148.58281 69.45267 -22.111889 -10.696562 -23.799362 1.6079149 1260256309277
158.75366 69.03004 -22.006294 -10.696562 -23.799362 1.6079149 1260256309280
158.75366 69.03004 -22.006294 -10.625273 -26.830914 0.75141144 1260256309283
168.36598 68.87853 -21.75598 -10.625273 -26.830914 0.75141144 1260256309293
168.36598 68.87853 -21.75598 -10.796189 -24.100023 -0.83396244 1260256309302
177.59769 68.734604 -21.56818 -10.796189 -24.100023 -0.83396244 1260256309310
177.59769 68.734604 -21.56818 -12.085844 -20.305595 -1.0650454 1260256309313
168.8678 68.64787 -21.48977 -12.085844 -20.305595 -1.0650454 1260256309317
168.8678 68.64787 -21.48977 -12.446571 -16.194084 -3.8456683 1260256309322
163.0744 70.66548 -21.315283 -12.446571 -16.194084 -3.8456683 1260256309328
163.0744 70.66548 -21.315283 -11.551514 -26.632719 -2.3076167 1260256309333
163.42068 73.58221 -20.449518 -11.551514 -26.632719 -2.3076167 1260256309337
163.42068 73.58221 -20.449518 -11.062524 -3.5687132 -10.527249 1260256309340
165.24965 77.4031 -19.177042 -11.062524 -3.5687132 -10.527249 1260256309350
165.24965 77.4031 -19.177042 -1.4361409 -19.555859 -22.235575 1260256309359
168.48717 81.58295 -17.76819 -1.4361409 -19.555859 -22.235575 1260256309362
168.48717 81.58295 -17.76819 12.517664 -7.413142 -19.455017 1260256309370
171.86281 85.8538 -16.47978 12.517664 -7.413142 -19.455017 1260256309373
171.86281 85.8538 -16.47978 10.09016 2.7667212 -20.483557 1260256309379
169.76967 89.76111 -15.955791 10.09016 2.7667212 -20.483557 1260256309384
169.76967 89.76111 -15.955791 0.41536033 -14.64542 -15.00811 1260256309395
163.83119 91.82305 -16.908 0.41536033 -14.64542 -15.00811 1260256309399
163.83119 91.82305 -16.908 1.9017124 -3.1362681 -1.6135983 1260256309404
156.13963 89.6819 -17.6126 1.9017124 -3.1362681 -1.6135983 1260256309414
156.13963 89.6819 -17.6126 -0.9563103 -24.895317 7.8532424 1260256309418
148.63264 87.547806 -17.83197 -0.9563103 -24.895317 7.8532424 1260256309431
148.63264 87.547806 -17.83197 -2.65337 -17.294067 21.311539 1260256309439
141.501 85.67042 -17.79037 -2.65337 -17.294067 21.311539 1260256309450
141.501 85.67042 -17.79037 -0.7847614 -17.633905 15.960745 1260256309453
134.67595 84.036896 -17.650852 -0.7847614 -17.633905 15.960745 1260256309468
134.67595 84.036896 -17.650852 2.3873005 -27.977987 11.565842 1260256309475
128.89215 83.38505 -17.518309 2.3873005 -27.977987 11.565842 1260256309490
128.89215 83.38505 -17.518309 5.2161317 -25.240852 3.0834897 1260256309497
131.49754 85.315796 -16.642393 5.2161317 -25.240852 3.0834897 1260256309511
131.49754 85.315796 -16.642393 7.82727 -6.464306 -1.7337017 1260256309521
136.92267 88.65001 -15.110273 7.82727 -6.464306 -1.7337017 1260256309531
136.92267 88.65001 -15.110273 -0.97922087 -15.342597 -22.629519 1260256309534
142.97653 92.21751 -13.604759 -0.97922087 -15.342597 -22.629519 1260256309548
142.97653 92.21751 -13.604759 -2.0964746 0.025705338 -24.992962 1260256309555
147.3777 95.35663 -12.424521 -2.0964746 0.025705338 -24.992962 1260256309571
147.3777 95.35663 -12.424521 5.0901995 -17.58519 -14.063555 1260256309577
146.35881 97.038795 -12.453296 5.0901995 -17.58519 -14.063555 1260256309590
146.35881 97.038795 -12.453296 -1.1007221 -11.033964 -14.865681 1260256309594
139.24088 93.58685 -13.930631 -1.1007221 -11.033964 -14.865681 1260256309608
139.24088 93.58685 -13.930631 -18.213402 -0.004477501 9.036832 1260256309615
150.17883 89.75751 -14.984099 -18.213402 -0.004477501 9.036832 1260256309630
150.17883 89.75751 -14.984099 -18.925766 -15.742886 18.220757 1260256309636
160.4699 86.26963 -15.984895 -18.925766 -15.742886 18.220757 1260256309647
160.4699 86.26963 -15.984895 -9.647043 2.2878413 17.007938 1260256309651
152.7464 84.65615 -16.78565 -9.647043 2.2878413 17.007938 1260256309671
152.7464 84.65615 -16.78565 0.010799408 -14.86654 9.055668 1260256309674
155.85909 86.123344 -16.296368 0.010799408 -14.86654 9.055668 1260256309688
155.85909 86.123344 -16.296368 3.0693972 -9.583858 -6.1713395 1260256309695
160.21613 88.167175 -15.131549 3.0693972 -9.583858 -6.1713395 1260256309715
160.21613 88.167175 -15.131549 -1.9769816 -25.534945 -25.727726 1260256309718
164.90532 90.20882 -13.874971 -1.9769816 -25.534945 -25.727726 1260256309728
164.90532 90.20882 -13.874971 -3.2814298 -34.601604 -22.4506 1260256309731
169.41005 92.09837 -12.681223 -3.2814298 -34.601604 -22.4506 1260256309749
169.41005 92.09837 -12.681223 4.4612627 -16.829407 -23.711395 1260256309752
172.13954 93.54346 -11.997162 4.4612627 -16.829407 -23.711395 1260256309774
172.13954 93.54346 -11.997162 5.554271 -15.242577 -6.73047 1260256309777
167.23256 94.816284 -12.447304 5.554271 -15.242577 -6.73047 1260256309952
167.23256 94.816284 -12.447304 -5.850379 -22.056318 2.0981421 1260256309960
159.47093 91.92547 -14.424939 -5.850379 -22.056318 2.0981421 1260256309964
159.47093 91.92547 -14.424939 -21.655323 -2.1967554 4.5141006 1260256309972
169.24739 87.479195 -16.503693 -21.655323 -2.1967554 4.5141006 1260256309975
169.24739 87.479195 -16.503693 -8.580811 3.6325026 4.4493637 1260256309979
178.33502 82.45524 -18.178509 -8.580811 3.6325026 4.4493637 1260256309984
178.33502 82.45524 -18.178509 -11.367583 -1.618803 19.30055 1260256309992
186.61827 77.28248 -19.669584 -11.367583 -1.618803 19.30055 1260256309995
186.61827 77.28248 -19.669584 -24.46326 -1.1366453 11.041279 1260256309999
194.08736 72.76836 -21.786106 -24.46326 -1.1366453 11.041279 1260256310004
194.08736 72.76836 -21.786106 -18.176338 8.993954 16.033895 1260256310011
184.53299 76.82994 -23.896801 -18.176338 8.993954 16.033895 1260256310017
184.53299 76.82994 -23.896801 -3.996914 -16.052454 -0.1664389 1260256310020
178.25633 78.98844 -23.75196 -3.996914 -16.052454 -0.1664389 1260256310028
178.25633 78.98844 -23.75196 2.9360218 -11.7125225 -8.042129 1260256310031
181.94351 80.78902 -22.664362 2.9360218 -11.7125225 -8.042129 1260256310035
181.94351 80.78902 -22.664362 5.170511 -16.09661 -15.908791 1260256310040
186.19633 82.54957 -21.281143 5.170511 -16.09661 -15.908791 1260256310053
186.19633 82.54957 -21.281143 -3.7320433 -34.58327 -17.823795 1260256310057
190.38652 84.17209 -19.817085 -3.7320433 -34.58327 -17.823795 1260256310063
190.38652 84.17209 -19.817085 -4.310952 -31.51696 -16.01398 1260256310069
194.2172 85.51348 -18.62623 -4.310952 -31.51696 -16.01398 1260256310074
194.2172 85.51348 -18.62623 3.7776456 -16.994625 -16.275303 1260256310078
200.15634 86.48781 -17.794918 3.7776456 -16.994625 -16.275303 1260256310083
200.15634 86.48781 -17.794918 7.910356 -9.924676 -4.939626 1260256310089
192.14853 87.26342 -17.305172 7.910356 -9.924676 -4.939626 1260256310095
192.14853 87.26342 -17.305172 7.590086 -8.932659 -2.2811496 1260256310099
184.3911 88.60025 -17.639914 7.590086 -8.932659 -2.2811496 1260256310104
184.3911 88.60025 -17.639914 4.7548065 -15.829269 2.7184083 1260256310115
175.97154 85.920235 -19.357918 4.7548065 -15.829269 2.7184083 1260256310121
175.97154 85.920235 -19.357918 -10.953758 4.2267838 -2.1063197 1260256310124
185.02296 81.32423 -21.390022 -10.953758 4.2267838 -2.1063197 1260256310133
185.02296 81.32423 -21.390022 -12.666044 4.2845154 -3.5811956 1260256310137
193.72182 76.00802 -22.720522 -12.666044 4.2845154 -3.5811956 1260256310144
193.72182 76.00802 -22.720522 -1.7504268 -0.81809044 -0.24207878 1260256310156
201.23573 70.80762 -24.034496 -1.7504268 -0.81809044 -0.24207878 1260256310159
201.23573 70.80762 -24.034496 -1.434762 -3.4075766 5.8052053 1260256310168
206.47395 66.017235 -25.73277 -1.434762 -3.4075766 5.8052053 1260256310173
206.47395 66.017235 -25.73277 -18.24152 6.748837 -3.217908 1260256310181
211.35025 62.066372 -28.246132 -18.24152 6.748837 -3.217908 1260256310193
211.35025 62.066372 -28.246132 -16.075947 10.386035 -5.156622 1260256310200
216.78273 67.61305 -30.983826 -16.075947 10.386035 -5.156622 1260256310208
216.78273 67.61305 -30.983826 -12.580887 7.692896 0.16240644 1260256310218
222.69359 71.8824 -32.384636 -12.580887 7.692896 0.16240644 1260256310228
222.69359 71.8824 -32.384636 -22.44619 -11.250709 -9.402147 1260256310231
228.25891 74.88828 -32.715405 -22.44619 -11.250709 -9.402147 1260256310249
228.25891 74.88828 -32.715405 -20.828112 -8.782234 -1.9436607 1260256310252
232.74597 77.09387 -32.279633 -20.828112 -8.782234 -1.9436607 1260256310273
232.74597 77.09387 -32.279633 -15.677193 -27.171383 -5.573527 1260256310277
236.40868 78.93918 -31.61565 -15.677193 -27.171383 -5.573527 1260256310288
236.40868 78.93918 -31.61565 -8.740859 -15.543972 -14.460934 1260256310293
239.48824 80.59222 -30.984867 -8.740859 -15.543972 -14.460934 1260256310308
239.48824 80.59222 -30.984867 -3.2465982 -12.412639 0.05164194 1260256310311
241.91382 82.1126 -30.385624 -3.2465982 -12.412639 0.05164194 1260256310331
241.91382 82.1126 -30.385624 0.72117996 -26.44695 0.5631113 1260256310334
243.91812 83.406975 -29.716343 0.72117996 -26.44695 0.5631113 1260256310349
243.91812 83.406975 -29.716343 2.3093705 -33.1371 -2.230401 1260256310358
245.37222 84.586624 -29.080526 2.3093705 -33.1371 -2.230401 1260256310368
245.37222 84.586624 -29.080526 0.22119999 -24.37357 5.9824996 1260256310374
246.20361 83.95729 -28.5265 0.22119999 -24.37357 5.9824996 1260256310388
246.20361 83.95729 -28.5265 -3.847473 -26.59984 6.736175 1260256310391
245.19344 83.20943 -28.100176 -3.847473 -26.59984 6.736175 1260256310416
245.19344 83.20943 -28.100176 -7.4459205 -25.26375 0.62238544 1260256310420
