153.3088 31.50843 20.197712 1260256680823
153.19337 31.783009 21.137827 1260256680833
152.08371 32.093857 21.830936 1260256680845
150.12952 32.389164 22.28939 1260256680852
147.77304 32.619705 22.624922 1260256680863
144.73439 32.43872 22.543676 1260256680872
141.04767 30.866785 21.516493 1260256680904
137.39528 28.423447 20.090668 1260256680920
133.82552 26.152275 18.086134 1260256680933
129.98424 25.194662 15.631827 1260256680945
125.98502 25.63493 13.150236 1260256680954
122.435776 27.303183 11.242724 1260256680966
119.56399 29.688023 9.930588 1260256680979
118.335785 33.45362 9.234058 1260256680992
118.968994 37.68094 9.022355 1260256681004
120.520546 42.146893 9.021237 1260256681014
122.54452 46.989548 9.070175 1260256681029
124.31729 51.99007 9.016666 1260256681045
123.15143 57.240566 8.315833 1260256681061
130.69386 45.92854 5.9500413 1260256681079
129.25917 41.58211 3.2525392 1260256681096
126.29621 37.753006 0.8399122 1260256681118
122.0814 34.715355 -1.8020836 1260256681141
116.52733 32.979588 -5.2119794 1260256681159
111.60096 32.880608 -7.8513803 1260256681178
107.77091 37.53658 -9.258811 1260256681205
104.88237 41.40975 -9.745871 1260256681218
103.938255 45.189262 -9.658577 1260256681241
107.29134 49.2298 -9.3756485 1260256681258
110.976776 53.368313 -9.006866 1260256681281
114.327934 57.549896 -8.6065235 1260256681298
116.81154 61.572403 -8.326198 1260256681484
117.270966 65.39378 -8.359888 1260256681494
115.107414 69.27409 -9.091893 1260256681507
110.90205 73.31039 -10.737299 1260256681518
105.95695 77.54487 -13.4004345 1260256681527
101.7591 74.46763 -16.130413 1260256681533
98.37115 71.39425 -17.923893 1260256681545
95.35259 68.42454 -19.027699 1260256681553
92.384964 65.75331 -19.876314 1260256681566
89.46571 63.615646 -20.7825 1260256681579
86.69243 62.184864 -21.793375 1260256681590
84.45781 61.52562 -22.703707 1260256681602
83.58492 64.69934 -22.968521 1260256681611
84.90568 67.96437 -22.420095 1260256681623
88.26039 71.36615 -21.299091 1260256681634
92.69737 74.797844 -19.934137 1260256681650
97.012505 78.15795 -18.587431 1260256681662
99.81188 81.400055 -17.608059 1260256681672
99.621284 84.68005 -17.427656 1260256681689
96.19022 88.14605 -18.706274 1260256681705
92.68071 84.78875 -21.070961 1260256681720
89.646675 81.59931 -22.417414 1260256681740
86.76434 78.719345 -23.096542 1260256681759
84.02612 76.38338 -23.391716 1260256681778
81.474815 74.71421 -23.57213 1260256681799
79.351074 73.6785 -23.843523 1260256681818
78.33352 75.94457 -24.101347 1260256681836
79.116844 78.29734 -23.84628 1260256681858
81.961 80.982475 -22.953964 1260256681881
86.31295 83.78335 -21.656265 1260256681899
90.9973 86.59418 -20.273453 1260256681918
94.847435 89.41447 -19.10978 1260256681940
96.505066 92.19374 -18.50429 1260256681958
94.67981 94.984055 -19.079075 1260256681981
91.39582 91.78485 -21.07512 1260256681999
88.27603 88.64561 -22.171366 1260256682021
85.26223 85.91333 -22.462797 1260256682040
82.34912 83.61766 -22.289658 1260256682061
79.53166 81.936775 -21.875175 1260256682247
77.00508 80.78994 -21.531416 1260256682259
75.25483 80.10044 -21.404844 1260256682268
75.24209 81.74542 -21.334602 1260256682274
77.52998 84.108154 -20.817873 1260256682286
81.45348 86.90275 -19.77698 1260256682294
86.28081 89.85761 -18.53813 1260256682307
90.76677 92.814735 -17.361223 1260256682319
93.028435 95.374 -16.743162 1260256682328
91.027016 97.2053 -17.906004 1260256682341
87.67567 93.44504 -19.060703 1260256682353
84.291885 89.67278 -19.65767 1260256682365
81.02729 86.68914 -19.924786 1260256682374
78.87592 85.95468 -19.678547 1260256682386
82.03213 87.306946 -18.794619 1260256682399
87.18052 89.291595 -17.654888 1260256682411
92.4715 91.57702 -16.472143 1260256682423
97.14792 93.74817 -15.398536 1260256682434
100.490524 95.61076 -14.478609 1260256682469
101.116 96.93022 -13.954679 1260256682482
98.660194 97.68371 -14.206944 1260256682494
94.927185 94.89952 -15.596598 1260256682508
91.03082 90.704544 -17.216768 1260256682527
87.579285 86.119316 -18.50593 1260256682539
84.10032 81.76335 -19.780634 1260256682560
80.2453 78.07518 -21.441603 1260256682582
76.63303 75.87142 -23.069523 1260256682598
74.951385 78.12785 -23.166046 1260256682618
76.80382 80.42146 -22.207745 1260256682641
82.06363 82.70039 -20.847357 1260256682663
88.06045 84.86537 -19.354988 1260256682677
93.70743 87.0221 -17.837238 1260256682699
98.122055 88.921 -16.445375 1260256682723
100.71595 90.57495 -15.323107 1260256682738
101.080154 91.946205 -14.656951 1260256682757
99.57615 93.24889 -14.824103 1260256682779
96.14734 90.58645 -16.5829 1260256682796
92.63997 86.107124 -18.653753 1260256682818
90.00797 81.20177 -20.021065 1260256683008
87.30757 76.49168 -21.420012 1260256683014
83.84219 72.217094 -23.09901 1260256683026
97.250084 68.65624 -25.64406 1260256683042
109.937584 65.87343 -28.161858 1260256683049
104.590706 70.179756 -29.853765 1260256683061
100.36117 73.42077 -30.511078 1260256683070
95.99311 75.69973 -30.335524 1260256683080
107.09345 77.464745 -29.768747 1260256683090
115.93878 78.941505 -29.08031 1260256683104
123.29184 80.29443 -28.426294 1260256683119
128.97725 81.629715 -27.80498 1260256683128
132.62839 82.89823 -27.16473 1260256683141
135.14697 84.10332 -26.556494 1260256683151
137.08963 85.14815 -25.928669 1260256683169
138.23515 86.090744 -25.332235 1260256683178
138.3234 85.38621 -24.915623 1260256683184
