174.06427 29.571611 13.479348 1260256388793
174.71106 30.293032 14.305381 1260256388802
175.5755 30.928381 15.290112 1260256388815
176.34673 31.781961 16.275606 1260256388823
177.42938 32.492863 17.411825 1260256388852
178.75792 33.06822 18.641233 1260256388871
180.37003 33.51481 20.009172 1260256388879
182.10152 33.83907 21.408714 1260256388893
183.99644 34.047115 22.838278 1260256388900
186.49663 34.044758 24.346363 1260256388918
193.4718 33.54252 25.779045 1260256388930
186.04822 31.215393 25.090094 1260256388941
179.34581 29.254623 22.985588 1260256388955
173.02852 28.091892 20.286308 1260256388968
167.2271 27.787298 17.521994 1260256388989
162.21574 28.247932 14.945894 1260256389012
158.15495 29.435535 12.6986 1260256389029
155.29721 31.41376 11.06367 1260256389048
154.08235 35.243073 10.260487 1260256389071
154.62823 40.03092 10.197462 1260256389090
156.19682 45.479374 10.337589 1260256389108
158.98698 51.405403 10.47071 1260256389128
153.33763 40.285133 10.347175 1260256389151
152.82076 31.720877 9.179816 1260256389166
151.22972 24.184832 7.3708253 1260256389188
160.21823 15.92559 4.452284 1260256389210
154.20732 22.57931 1.9296697 1260256389229
151.39696 27.800344 0.98318624 1260256389248
150.42711 32.310326 0.68402696 1260256389268
150.75575 36.59481 0.64982563 1260256389287
151.76796 40.765068 0.81733435 1260256389311
152.27956 44.826813 0.82646763 1260256389496
151.26558 49.035473 0.28514424 1260256389508
148.0523 53.5837 -1.179113 1260256389517
142.4997 59.304512 -4.9201574 1260256389523
136.87471 55.589287 -7.37415 1260256389535
131.43097 51.959824 -8.955442 1260256389543
126.25942 48.91183 -10.40767 1260256389555
121.44645 46.71624 -11.987287 1260256389564
117.37413 45.63043 -13.787922 1260256389575
114.95542 49.848907 -15.048526 1260256389589
115.35765 53.656464 -14.946099 1260256389601
118.439766 57.873642 -13.898794 1260256389612
122.76778 62.27996 -12.553854 1260256389619
126.92939 66.56596 -11.276161 1260256389633
128.98293 70.73766 -10.562353 1260256389644
125.13378 75.15078 -11.884235 1260256389659
120.327095 70.94324 -14.540024 1260256389670
115.76074 66.796074 -15.963022 1260256389681
111.3727 63.20627 -17.164871 1260256389696
107.354065 60.345955 -18.406628 1260256389712
103.98636 58.528656 -19.786297 1260256389729
101.88704 57.852222 -20.996983 1260256389752
102.19269 61.20961 -21.097134 1260256389768
104.83305 64.74913 -20.192276 1260256389787
108.7914 68.561676 -18.882662 1260256389810
113.10183 72.38359 -17.48853 1260256389829
116.59674 76.11441 -16.314102 1260256389848
117.2169 79.85869 -15.898397 1260256389868
113.50606 83.81576 -18.353477 1260256389891
109.280754 79.92497 -19.885803 1260256389906
105.16672 76.37872 -20.791513 1260256389928
101.258385 73.40979 -21.451939 1260256389949
97.84547 71.0393 -22.079342 1260256389969
95.65319 69.63734 -22.925375 1260256389988
96.57053 72.15547 -22.879107 1260256390008
100.44201 75.3477 -21.685152 1260256390031
105.56991 78.93031 -20.150894 1260256390049
110.091415 82.233795 -18.79335 1260256390068
111.836845 84.922104 -18.303682 1260256390250
108.445 82.476 -19.888498 1260256390259
104.02275 78.952194 -20.794073 1260256390270
99.62161 75.45458 -21.40437 1260256390279
95.44053 72.48185 -22.08415 1260256390290
93.3685 71.50776 -22.729942 1260256390297
96.350075 73.98237 -22.093445 1260256390308
101.18257 76.83325 -20.838772 1260256390317
106.523445 79.74159 -19.396833 1260256390330
111.64727 82.45451 -17.976992 1260256390342
114.91491 84.88179 -17.078142 1260256390356
114.019165 87.0877 -17.524235 1260256390368
109.418205 83.43331 -19.848022 1260256390377
104.49729 78.61165 -21.15562 1260256390391
99.572426 73.68107 -22.29784 1260256390403
94.6938 69.29701 -23.832949 1260256390414
91.00911 66.93216 -25.9913 1260256390433
90.70866 70.08555 -26.341736 1260256390440
94.023224 72.63127 -25.674648 1260256390455
99.022064 74.99971 -24.540916 1260256390470
104.370964 77.249725 -23.26387 1260256390489
109.052414 79.237236 -22.100677 1260256390508
112.249794 81.025375 -21.295643 1260256390528
113.28731 82.67411 -20.98086 1260256390548
111.822945 84.790405 -21.581818 1260256390571
108.1818 81.85088 -23.702726 1260256390588
103.672714 77.50834 -25.91759 1260256390610
99.28908 72.53292 -27.12171 1260256390628
95.02462 67.50627 -28.065624 1260256390651
90.37339 62.680958 -29.312344 1260256390669
103.25472 58.59691 -31.396727 1260256390688
115.89199 64.617065 -33.626892 1260256390710
111.34739 69.28621 -34.845547 1260256390728
108.33002 72.7219 -35.25327 1260256390754
104.91351 75.18581 -35.040607 1260256390768
116.21784 74.576515 -34.588577 1260256390791
125.65695 73.89769 -34.20915 1260256390812
132.7241 73.102806 -33.948692 1260256390828
