164.31268 24.962965 31.505035 1260256685243
165.74706 24.614817 32.729782 1260256685250
166.9597 24.384075 34.043293 1260256685262
168.31172 24.164871 35.491127 1260256685271
172.04614 23.406628 37.56657 1260256685282
180.64383 21.186296 39.08824 1260256685291
173.76164 17.176981 38.53383 1260256685328
168.42355 13.618132 36.607136 1260256685340
163.55237 11.487225 33.77678 1260256685349
158.57475 11.062863 30.33794 1260256685360
153.54602 11.80972 26.921043 1260256685369
148.76872 13.619234 23.924992 1260256685385
144.63028 16.188272 21.528742 1260256685393
141.64876 20.728859 19.802305 1260256685407
140.46632 25.642416 18.81219 1260256685413
140.643 30.910295 18.27158 1260256685594
141.91086 36.46478 18.008001 1260256685609
143.5653 42.04154 17.807602 1260256685626
144.43704 47.63946 17.367222 1260256685632
148.4652 37.20749 15.098861 1260256685643
144.79193 32.947113 12.693917 1260256685652
140.90233 29.399757 10.309221 1260256685663
136.25722 26.82977 7.49376 1260256685672
130.79436 26.13828 3.8690722 1260256685684
126.40464 31.481367 1.5756184 1260256685693
123.88441 35.8073 0.54683745 1260256685708
123.49019 39.966934 0.21949556 1260256685720
125.26568 44.31859 0.25852078 1260256685734
127.252396 48.65266 0.29559475 1260256685747
128.88977 53.020027 0.280815 1260256685759
129.94528 57.269028 0.16677426 1260256685768
129.79802 61.305576 -0.19156446 1260256685781
127.75812 65.2903 -1.0819863 1260256685793
123.67021 69.52578 -2.927887 1260256685805
118.6867 74.09949 -6.181493 1260256685818
114.502365 71.04451 -9.022418 1260256685831
110.82725 68.04228 -10.821297 1260256685845
107.38589 65.340164 -11.980232 1260256685862
104.11659 63.123158 -12.931221 1260256685879
101.010765 61.567 -13.98466 1260256685898
98.21023 60.638653 -15.085427 1260256685921
96.04971 63.90672 -16.131157 1260256685938
95.34723 67.11138 -16.4746 1260256685958
96.52987 70.50581 -16.10087 1260256685979
99.303375 74.08052 -15.245827 1260256685998
102.988205 77.626495 -14.183536 1260256686020
106.1888 81.14517 -13.224359 1260256686038
107.479355 84.63792 -12.7131405 1260256686061
105.70539 88.15602 -12.977484 1260256686078
101.92012 91.59822 -14.37861 1260256686101
98.42411 88.46831 -16.65968 1260256686122
95.40291 85.64489 -17.976696 1260256686137
92.53276 83.11265 -18.577862 1260256686160
89.606125 80.807014 -18.848969 1260256686344
86.725815 78.916664 -19.05652 1260256686354
84.08952 77.32083 -19.503695 1260256686367
81.78505 75.90479 -20.42851 1260256686377
80.3958 78.70956 -21.357084 1260256686384
80.726006 81.57408 -21.43923 1260256686393
83.23971 84.39538 -20.817268 1260256686404
87.12772 87.12561 -19.776405 1260256686413
91.02134 89.86933 -18.687586 1260256686425
93.67027 92.57587 -17.953207 1260256686438
93.58676 95.34708 -17.955547 1260256686447
90.95742 98.029724 -19.40777 1260256686454
87.85955 94.67824 -21.087381 1260256686471
84.86657 91.59432 -21.733013 1260256686482
81.97324 88.86461 -21.846363 1260256686491
79.17458 86.52138 -21.754045 1260256686505
76.61585 84.64531 -21.766344 1260256686519
75.48506 83.56304 -21.978027 1260256686530
77.76081 85.63489 -21.629126 1260256686543
82.47277 88.10314 -20.547668 1260256686559
88.24913 90.597984 -19.220285 1260256686579
93.98667 92.91808 -17.909271 1260256686598
98.63734 94.92218 -16.813808 1260256686621
100.95547 96.62607 -16.223118 1260256686638
100.1077 97.844765 -16.411963 1260256686661
96.90231 95.35252 -17.541365 1260256686678
93.157196 91.634895 -18.714296 1260256686699
89.599335 87.50315 -19.628582 1260256686720
86.06937 83.27799 -20.497152 1260256686737
82.315895 79.314095 -21.672295 1260256686760
78.6001 76.24839 -23.48868 1260256686778
76.120094 79.53597 -24.864246 1260256686805
76.51409 82.05917 -25.021034 1260256686818
80.23839 84.30621 -24.419983 1260256686841
85.47647 86.5409 -23.448984 1260256686862
91.102646 88.61385 -22.376535 1260256686878
96.44752 90.53316 -21.357708 1260256686900
100.625145 92.2565 -20.539822 1260256686916
102.443886 93.84367 -20.112831 1260256687100
101.62169 95.601494 -20.35719 1260256687112
98.940605 97.87142 -21.43933 1260256687124
94.843575 100.92785 -23.667362 1260256687132
90.3014 96.031456 -26.483994 1260256687143
86.73633 90.72988 -27.809793 1260256687152
83.69951 85.39339 -28.469303 1260256687164
80.61453 80.37372 -29.195839 1260256687173
76.9838 75.855034 -30.336046 1260256687185
90.88461 72.21228 -32.419243 1260256687194
86.340385 69.60167 -34.29828 1260256687211
82.37337 73.47159 -35.433365 1260256687222
78.554695 76.59801 -35.961697 1260256687231
92.42696 79.21811 -36.06361 1260256687240
103.10561 81.45721 -35.91043 1260256687251
107.55033 83.53435 -35.46491 1260256687267
111.77281 85.35763 -34.741665 1260256687282
115.88417 86.93974 -33.85458 1260256687292
119.63996 88.292755 -32.96185 1260256687306
122.757965 89.37812 -32.163757 1260256687327
124.32007 90.50922 -31.60557 1260256687339
124.104065 91.98376 -31.525291 1260256687361
122.79886 89.984566 -31.749027 1260256687379
121.308914 87.73534 -32.161575 1260256687398
119.99347 85.44857 -32.503498 1260256687420
118.943794 83.07614 -32.528324 1260256687461
