232.61555 37.085182 21.933235 1260256355677
221.48477 36.980923 22.386574 1260256355689
210.96053 36.831875 22.917246 1260256355698
200.4625 36.590282 23.771383 1260256355710
208.18936 36.410767 24.782814 1260256355719
197.77989 36.240227 25.843674 1260256355730
187.8909 36.028214 27.05149 1260256355739
179.89635 35.926804 28.148916 1260256355748
172.90154 34.880463 29.04147 1260256355756
166.95645 31.93644 28.389397 1260256355768
161.55862 29.089617 26.319927 1260256355777
156.08069 27.285135 23.80393 1260256355788
150.62665 26.820879 21.313734 1260256355797
145.39531 27.379835 19.198048 1260256355834
140.72554 28.860844 17.588144 1260256355844
137.08926 31.217802 16.508738 1260256355857
135.9348 34.55691 16.0333 1260256355863
137.58806 38.729065 16.031635 1260256355877
140.90866 43.69261 16.380053 1260256355883
145.01323 49.15798 16.71105 1260256355895
150.86256 55.20008 16.825497 1260256355914
148.96944 44.090076 16.08422 1260256355921
149.27097 34.83557 14.73001 1260256355932
150.20741 26.793793 12.84351 1260256355941
156.09705 18.304104 9.801334 1260256355952
150.04219 24.438898 6.7612677 1260256355963
146.99008 28.716953 5.823204 1260256355978
147.09058 32.431107 5.7320437 1260256355989
152.43605 36.30955 5.9954414 1260256356000
157.16425 40.394073 6.445669 1260256356019
160.80603 44.37437 6.9233856 1260256356031
161.81573 48.555653 6.9772162 1260256356048
161.07495 53.07787 6.5783553 1260256356070
170.3712 59.223976 3.2994375 1260256356088
162.95264 54.862778 1.4344656 1260256356111
156.05501 51.46964 0.06274229 1260256356128
149.30226 49.296158 -1.0903949 1260256356151
142.88715 48.78135 -1.9358752 1260256356359
137.39279 50.44228 -2.0390813 1260256356367
140.62315 53.420166 -1.5371273 1260256356373
144.842 57.14916 -0.66027087 1260256356394
148.9999 61.0917 0.27274272 1260256356403
152.2499 64.93712 1.0591056 1260256356415
152.4874 68.59026 1.0061504 1260256356423
146.21303 66.21075 -2.4441574 1260256356435
139.95238 62.45021 -4.77195 1260256356444
134.20476 58.9277 -6.6833525 1260256356458
128.74452 55.881313 -8.499185 1260256356464
123.25729 53.43725 -10.674226 1260256356482
118.14443 51.865387 -13.040515 1260256356490
114.53721 56.22212 -14.83849 1260256356499
114.56035 59.811012 -15.196565 1260256356514
118.03233 63.270462 -14.5367365 1260256356521
122.880714 66.85694 -13.3598995 1260256356540
128.03668 70.464096 -12.041904 1260256356548
132.28485 74.04089 -10.989809 1260256356557
134.27061 77.63885 -10.490318 1260256356578
132.25708 81.2069 -11.065803 1260256356587
127.19423 84.796555 -13.612513 1260256356593
121.784515 81.60673 -15.681887 1260256356617
116.54529 78.62639 -16.897793 1260256356626
111.56802 75.99507 -17.702904 1260256356646
106.889626 73.94532 -18.26776 1260256356666
102.945145 72.84805 -18.754372 1260256356687
103.24789 74.90565 -18.566652 1260256356708
107.53549 77.76037 -17.388319 1260256356726
113.408714 81.07235 -15.818903 1260256356746
119.23828 84.41873 -14.327958 1260256356766
123.92637 87.497795 -13.11156 1260256356786
124.58005 89.72291 -12.905982 1260256356806
119.55105 87.536766 -14.1106825 1260256356826
114.073494 84.45993 -14.9051485 1260256356847
108.86982 81.536934 -15.409891 1260256356869
103.82633 78.96009 -15.889397 1260256356886
99.28502 77.06209 -16.694927 1260256356906
97.870766 79.40898 -17.410181 1260256357093
101.77723 82.23853 -16.739672 1260256357107
108.03837 85.2766 -15.502688 1260256357114
114.53645 87.962776 -14.177554 1260256357125
120.75963 90.01464 -12.968677 1260256357134
126.22165 91.36391 -12.2202425 1260256357146
121.56057 92.04571 -12.10923 1260256357158
116.53254 90.69342 -12.653769 1260256357167
111.305916 88.20875 -13.77108 1260256357183
106.14062 84.34831 -15.132526 1260256357192
100.88358 79.580894 -16.4759 1260256357204
112.889404 74.20185 -17.902105 1260256357213
122.19493 68.791756 -19.707 1260256357224
133.48518 73.80217 -22.071651 1260256357240
130.01093 76.61206 -22.31807 1260256357250
137.61038 78.281456 -21.652166 1260256357262
145.07986 79.467384 -20.669558 1260256357274
151.97588 80.59402 -19.58608 1260256357288
159.02708 81.61432 -18.606777 1260256357301
151.42574 82.633606 -17.926437 1260256357319
147.00446 83.75192 -17.530115 1260256357336
142.05423 85.36433 -17.95361 1260256357364
136.00151 82.94611 -19.65593 1260256357379
147.05144 78.74881 -22.073133 1260256357400
157.44887 73.51137 -23.469477 1260256357421
166.62642 68.2858 -24.696003 1260256357439
172.7951 63.371506 -26.211203 1260256357488
178.85535 59.25293 -28.450642 1260256357504
185.66258 65.24028 -31.22811 1260256357517
193.12946 69.728264 -32.866703 1260256357529
200.42299 72.84185 -33.323368 1260256357542
206.90184 74.94976 -32.9072 1260256357562
212.45674 76.70227 -32.26184 1260256357578
216.9339 78.317154 -31.59875 1260256357598
220.4872 79.9013 -31.018812 1260256357620
223.26283 81.45623 -30.517872 1260256357642
225.2497 80.93342 -29.941978 1260256357658
226.98721 80.33675 -29.29488 1260256357678
