138.47777 31.038685 24.856865 1260256673040
143.70387 30.98675 26.614021 1260256673051
148.81868 30.837412 28.38332 1260256673063
153.62775 30.695541 30.064154 1260256673076
158.84636 37.010765 31.910946 1260256673088
153.65404 36.260227 32.915398 1260256673122
149.37134 35.197216 30.319628 1260256673133
145.20277 34.337357 27.453646 1260256673142
141.09264 33.72049 24.580963 1260256673154
136.988 33.484467 21.701916 1260256673170
132.83861 33.710243 18.81682 1260256673179
128.54668 34.424732 15.925979 1260256673193
124.719345 39.053497 13.67968 1260256673204
122.583374 43.95082 12.445696 1260256673218
122.654205 49.15328 11.873411 1260256673238
124.42149 54.545616 11.579741 1260256673252
126.30042 59.918335 11.250753 1260256673271
124.3354 65.37242 10.488215 1260256673292
132.76863 53.3038 8.013804 1260256673308
127.7302 49.588608 5.063114 1260256673330
123.64369 46.309177 2.9599583 1260256673348
118.96151 43.79372 0.9119604 1260256673374
113.56343 42.854034 -1.6836375 1260256673388
109.68526 46.961334 -2.9994557 1260256673411
108.101 51.063267 -3.199483 1260256673595
110.09595 55.410103 -2.9395087 1260256673604
113.94115 59.789597 -2.4925332 1260256673617
117.04409 64.150116 -2.1179066 1260256673623
117.84189 68.44261 -2.0620112 1260256673635
115.749794 72.62048 -2.5589106 1260256673644
110.5623 76.78946 -4.2809653 1260256673655
105.08418 73.84998 -7.616917 1260256673664
100.92997 70.85748 -9.736072 1260256673676
97.43347 68.064606 -11.099268 1260256673700
94.011795 65.611374 -12.194304 1260256673711
90.461205 63.880806 -13.384589 1260256673718
86.988144 63.036766 -14.615359 1260256673731
84.438736 66.03493 -15.434591 1260256673738
84.2668 69.23318 -15.512862 1260256673752
86.60346 72.62152 -15.037219 1260256673763
90.67329 76.190445 -14.235358 1260256673777
94.78962 79.830925 -13.37359 1260256673792
97.40014 83.38938 -12.804911 1260256673802
96.48013 86.86991 -13.064665 1260256673815
92.45612 90.176414 -15.311432 1260256673831
88.733315 86.96759 -16.995861 1260256673849
85.49665 84.01921 -17.796068 1260256673868
82.47182 81.51825 -18.256266 1260256673888
79.548225 79.59234 -18.593452 1260256673908
76.72082 78.112724 -19.11378 1260256673931
74.68478 80.40709 -19.85809 1260256673948
74.85054 82.98673 -20.015184 1260256673971
77.90801 85.8874 -19.364426 1260256673988
83.01261 88.94303 -18.246204 1260256674006
88.611984 92.09588 -17.033894 1260256674029
92.53139 95.09109 -16.1822 1260256674047
92.30482 97.78653 -16.27309 1260256674071
89.08958 99.847206 -17.909435 1260256674088
85.5851 96.85484 -18.763964 1260256674112
82.30584 94.1621 -19.025766 1260256674129
79.190544 91.904 -19.024479 1260256674151
76.23102 90.0588 -18.973255 1260256674168
73.71947 88.55586 -19.224592 1260256674410
72.333496 90.27807 -19.913363 1260256674428
69.916824 87.464165 -20.367695 1260256674437
67.570984 84.09096 -20.79931 1260256674453
65.09244 80.53641 -21.359344 1260256674460
62.187817 77.70959 -22.741377 1260256674475
61.628426 80.17411 -23.004309 1260256674496
64.647 82.665405 -22.204094 1260256674508
70.014656 85.13213 -21.04389 1260256674526
75.96392 87.475525 -19.791695 1260256674548
80.915726 89.75175 -18.60211 1260256674571
83.41994 91.81416 -17.772005 1260256674589
83.24894 93.573456 -17.533405 1260256674608
81.086494 95.14478 -18.206736 1260256674635
77.93217 91.98754 -19.8464 1260256674648
75.18556 87.48817 -21.15408 1260256674671
73.12628 82.61376 -21.996376 1260256674692
71.06997 77.78307 -22.846558 1260256674716
67.91647 73.34392 -24.25423 1260256674728
81.97065 69.876724 -26.64152 1260256674746
95.722115 67.63289 -28.559444 1260256674773
91.48601 71.05125 -29.381472 1260256674788
87.46171 73.54868 -29.362398 1260256674810
100.58862 75.47125 -28.844278 1260256674828
111.55919 77.24769 -28.202065 1260256674848
119.33123 78.985306 -27.641962 1260256674869
122.51467 80.586044 -27.109863 1260256674891
125.23894 81.85674 -26.45437 1260256674913
127.37699 82.86391 -25.731651 1260256674928
129.25815 82.67071 -24.945068 1260256674949
130.39523 82.43717 -24.297815 1260256674971
130.77547 81.96532 -23.932924 1260256674994
