198.00249 38.724617 18.5005 1260256337300
205.60236 38.638386 19.025475 1260256337313
212.87224 38.656467 19.6242 1260256337320
219.47862 38.573643 20.34299 1260256337333
225.85469 38.394962 21.075842 1260256337340
215.11195 38.275215 21.47205 1260256337373
204.60635 38.161453 21.798447 1260256337391
194.42604 38.00338 22.208525 1260256337398
202.50475 37.80321 22.798098 1260256337411
209.4795 37.76305 23.608192 1260256337422
215.75554 37.824898 24.577784 1260256337452
221.51776 37.983654 25.598894 1260256337474
226.84187 38.18447 26.66895 1260256337484
232.39978 38.375248 27.735502 1260256337499
238.52979 38.456486 28.848726 1260256337511
227.65329 38.48366 29.95629 1260256337522
218.22063 38.30948 31.108475 1260256337537
209.5596 37.594006 32.30305 1260256337554
201.93163 34.864304 31.8879 1260256337570
194.93504 31.67109 29.793505 1260256337592
187.9883 29.287535 27.35383 1260256337608
180.78888 27.973158 24.686138 1260256337628
173.64943 28.3745 22.201832 1260256337813
167.06696 30.105776 20.24174 1260256337823
161.26361 32.700485 18.829653 1260256337835
156.90044 36.165462 17.88817 1260256337844
154.95541 40.207188 17.393763 1260256337856
155.00764 44.696827 17.174074 1260256337864
156.60727 49.861984 17.015371 1260256337877
158.0269 55.068886 16.764603 1260256337883
154.42555 43.41544 15.976373 1260256337895
156.65428 33.744667 14.377554 1260256337914
159.67157 24.357433 12.758677 1260256337923
155.98799 30.989561 11.470742 1260256337935
155.5886 35.690083 10.947206 1260256337942
155.75917 39.60558 10.7498455 1260256337953
148.17122 43.0253 10.6623535 1260256337964
158.26266 46.424034 10.829236 1260256337978
150.54953 49.752834 11.187775 1260256337992
157.57205 53.515194 11.828386 1260256338002
163.54346 57.939434 12.886967 1260256338014
169.41629 62.59246 13.892618 1260256338031
173.44548 66.51284 14.547987 1260256338048
175.4232 69.687195 14.920588 1260256338069
172.90204 72.10284 14.924558 1260256338091
167.40694 73.247696 14.32833 1260256338109
160.68658 71.78531 12.661914 1260256338128
154.00226 68.64604 10.578818 1260256338148
147.60214 65.41374 8.499877 1260256338168
141.27203 62.443054 6.324883 1260256338191
134.95844 59.920902 3.958639 1260256338208
128.6605 57.824856 1.3607068 1260256338232
122.62748 56.28361 -1.4573286 1260256338248
117.6461 60.46943 -3.884462 1260256338271
116.3638 64.04596 -5.1402392 1260256338289
119.49561 67.49366 -5.2832274 1260256338307
124.57083 70.96898 -4.819066 1260256338330
129.94229 74.52053 -4.1781125 1260256338348
135.04518 77.99451 -3.5192068 1260256338375
138.94292 81.44478 -3.0432465 1260256338388
140.14577 84.92254 -3.0410843 1260256338562
137.93848 88.22641 -3.7390301 1260256338578
132.69156 91.21509 -5.702079 1260256338589
126.40698 88.05434 -8.466975 1260256338598
120.58663 85.05162 -10.143626 1260256338609
115.1573 82.29904 -11.186445 1260256338618
109.999435 79.93409 -11.977123 1260256338629
105.14946 78.08739 -12.578267 1260256338636
100.64198 76.933014 -13.099354 1260256338644
97.709885 78.63636 -13.4443865 1260256338659
100.27439 80.90454 -13.022167 1260256338676
105.61067 83.90932 -12.021059 1260256338682
112.030136 87.31385 -10.770006 1260256338694
118.27863 90.69816 -9.581506 1260256338713
122.6147 94.06325 -8.80243 1260256338720
120.33397 96.81009 -9.462309 1260256338733
114.76727 94.06959 -11.039193 1260256338744
109.32891 91.266106 -11.887234 1260256338759
104.21246 88.8528 -12.392872 1260256338772
99.45184 86.91016 -12.723228 1260256338792
95.17925 85.81465 -12.887067 1260256338809
94.22029 87.07392 -12.442714 1260256338836
100.90928 90.020226 -11.170578 1260256338867
109.46381 93.469215 -9.662049 1260256338890
117.44062 96.74576 -8.278947 1260256338970
123.01859 98.95847 -7.1649995 1260256338988
117.51766 97.01055 -7.7067494 1260256338994
111.89178 93.91003 -8.521412 1260256339003
106.59719 91.06452 -9.2953415 1260256339017
102.31733 89.66129 -9.980575 1260256339033
105.60146 91.228226 -9.681546 1260256339048
111.22139 93.61681 -8.747469 1260256339060
117.26032 96.085976 -7.7600956 1260256339073
122.64731 98.131676 -6.922091 1260256339091
125.46494 99.37509 -6.7759867 1260256339115
119.691696 96.95634 -8.187187 1260256339128
131.30711 93.10852 -9.727828 1260256339150
142.14175 89.15309 -11.091436 1260256339173
152.53467 86.445435 -12.386865 1260256339395
160.60794 81.02316 -14.817521 1260256339401
169.77754 85.122 -17.676645 1260256339415
161.73866 87.215904 -18.192814 1260256339429
168.40173 88.70511 -17.783173 1260256339447
174.48164 90.01985 -16.944014 1260256339466
180.35756 91.26886 -15.996813 1260256339486
186.53969 92.355415 -15.146972 1260256339506
193.4127 93.28764 -14.339623 1260256339526
184.29207 94.12326 -13.722642 1260256339547
177.27747 95.0671 -13.63651 1260256339566
169.86359 96.963745 -14.854685 1260256339586
178.47041 100.66556 -18.11195 1260256339607
185.1469 94.58228 -20.456352 1260256339626
191.03955 88.25317 -22.033535 1260256339646
196.18758 82.290504 -23.581858 1260256339666
200.92819 76.87598 -25.402765 1260256339686
205.73178 72.13218 -27.682627 1260256339706
210.7952 59.82557 -30.498495 1260256339730
216.20543 65.284294 -32.82357 1260256339746
221.49516 69.320076 -33.932392 1260256339766
225.8704 72.10407 -33.935772 1260256339789
229.42688 74.24887 -33.438984 1260256339806
232.40553 76.13643 -32.817036 1260256339827
234.78526 77.97961 -32.276184 1260256339846
236.596 79.780624 -31.812374 1260256339866
238.1162 81.49159 -31.421755 1260256339891
239.61038 80.71701 -31.000668 1260256339915
240.62987 79.78116 -30.800634 1260256339953
241.74837 78.5421 -30.810602 1260256339961
