-11.620645 2.7862997 1.9378326 1260261169898
2.7654114 -1.183505 -5.0965853 1260261169910
-2.483608 5.1079144 -3.3383875 1260261169919
-15.094105 18.590714 -15.478018 1260261169931
-11.211553 11.670792 -9.028732 1260261169969
0.979269 -0.46233463 -16.48603 1260261169979
-7.802683 6.02809 -5.5020437 1260261169994
-18.790474 16.34663 -13.050756 1260261170010
-1.1187449 9.486725 -4.4313183 1260261170016
-13.863038 -3.349762 -10.544927 1260261170215
-5.9932375 -3.5375733 -7.52614 1260261170232
-6.795954 7.787469 10.677336 1260261170239
-16.93874 14.766306 5.5028434 1260261170250
-5.305048 3.4519448 17.054577 1260261170258
3.4062114 -4.9340897 7.62975 1260261170270
0.9553838 8.219003 14.005508 1260261170279
-9.06649 7.93855 -2.2327085 1260261170291
-12.326139 -5.0777073 0.099163055 1260261170299
-2.5322058 8.993405 -8.467665 1260261170311
-2.4217393 10.319248 3.4380264 1260261170318
-6.8529406 -3.2653613 -5.343223 1260261170331
-9.770536 8.715104 -13.252018 1260261170348
-7.8843145 20.250141 -16.795498 1260261170357
-1.4912559 8.035758 -27.23433 1260261170368
5.616738 7.8169117 -16.127817 1260261170375
9.609264 23.236101 -22.227938 1260261170387
9.777174 15.587168 -22.401392 1260261170398
7.0859156 1.1907244 -22.13451 1260261170412
4.537307 12.062742 -25.018692 1260261170426
3.9317143 13.554155 -11.302358 1260261170433
4.497088 -2.9530864 -11.595371 1260261170446
-0.0736928 0.16855955 -2.6913738 1260261170458
-12.116131 12.990965 -3.096568 1260261170475
-15.869818 11.511435 -3.1479275 1260261170490
-3.4113674 -0.3522935 2.2015767 1260261170509
2.074832 -5.065603 -4.870901 1260261170526
-9.376505 -0.40199566 3.741928 1260261170548
-16.863163 4.8453736 -3.235838 1260261170573
-9.835157 16.180677 3.514286 1260261170589
-3.3616185 -1.3467546 6.448556 1260261170607
-2.0320249 16.06382 -1.2875051 1260261170631
-4.946371 2.9402208 13.152967 1260261170649
-9.704232 17.918 3.2561488 1260261170670
-7.424484 0.21424007 4.9368777 1260261170688
6.037555 14.700706 -4.0906634 1260261170715
