-9.526122 -6.0507298 14.610236 1260179499717
-6.9649744 -6.4648776 14.996487 1260179499728
-5.267542 -7.958913 10.957488 1260179499766
-5.8532805 0.373986 2.3183427 1260179499774
-6.9282866 13.439335 7.55684 1260179499794
-2.2074945 11.630438 7.2301817 1260179499807
11.592215 7.5064945 9.296215 1260179499816
13.084983 -9.5426445 0.3783455 1260179499831
2.5167897 -11.240032 13.4165745 1260179499849
-3.6145668 -1.2879257 2.932907 1260179499873
-1.9482851 -20.333452 2.5459218 1260179499888
5.201181 -2.6181412 -2.5431774 1260179499908
12.736475 -18.436466 6.2862 1260179499929
16.247341 -8.8841915 0.9465777 1260179499945
15.456205 -4.008589 -0.6871037 1260179499967
13.435341 -20.39475 1.1527495 1260179499993
12.340763 -16.251778 -6.725786 1260179500007
10.425546 -7.187744 -6.403953 1260179500025
2.1914167 -24.535702 -6.673788 1260179500044
-11.970981 -8.364767 -2.6191125 1260179500066
-11.231133 -10.073346 0.04915905 1260179500086
1.4774475 -22.939865 -7.993421 1260179500104
-12.757147 -5.4400663 -1.0653734 1260179500129
-16.634514 -12.828113 1.4599957 1260179500145
-1.8798294 -18.273525 -4.8404303 1260179500164
-18.98037 -1.1626997 -5.998868 1260179500185
-11.824217 -19.739769 -1.2772701 1260179500204
-3.0635362 -1.2879915 0.34099197 1260179500225
-19.533144 -16.962166 -4.1319637 1260179500244
-19.05643 -16.594418 -3.3147428 1260179500266
-8.187372 0.13282204 -5.7162786 1260179500285
-0.36905575 -6.1209683 -4.5430036 1260179500488
-15.078201 -16.867027 2.251142 1260179500507
-14.004705 -3.804914 -4.942412 1260179500514
-1.5720139 2.1652956 4.9254694 1260179500525
3.5005589 -9.269824 4.1782646 1260179500534
1.1681366 -15.027006 10.279498 1260179500546
-2.2895317 2.2487946 14.18182 1260179500555
-3.774491 -5.429283 0.9841423 1260179500565
-3.132937 -14.622976 15.2670555 1260179500572
-1.2156065 -3.3477724 19.47269 1260179500584
3.155544 1.3004665 10.140494 1260179500595
7.3704967 -4.301706 7.2111673 1260179500614
8.428046 -14.856172 13.167782 1260179500626
3.9482503 -16.627884 7.7180185 1260179500635
-4.4619374 -5.43243 4.080982 1260179500646
-7.9969206 1.9994593 12.266856 1260179500659
-0.49077535 -1.5525174 5.143961 1260179500672
11.037706 -9.23259 5.5826154 1260179500683
11.460562 -15.303251 14.954195 1260179500698
3.5857458 -18.763546 16.394505 1260179500717
-3.5517483 -19.730547 14.32431 1260179500733
-7.7738748 -17.304642 12.31151 1260179500745
-9.811236 -9.427603 7.2081323 1260179500755
-10.54986 -5.5174303 2.3411276 1260179500775
-11.37048 -16.10934 1.3960822 1260179500819
-12.10066 -24.551727 0.3833508 1260179500833
-12.573768 -21.830433 0.9357988 1260179500847
-12.392063 -6.056492 0.10879934 1260179500857
-11.829397 -17.78337 -4.561076 1260179500871
-10.622879 -21.654404 -3.4747515 1260179500892
-8.222212 -21.685217 0.5817395 1260179500907
-4.3419766 -20.20805 3.5103085 1260179500928
-0.9378462 -18.945644 3.0045352 1260179500950
1.8801446 -15.266167 -0.22064972 1260179500972
3.8671358 -8.423267 -1.843543 1260179500987
4.3233476 -2.1631575 -2.162561 1260179501011
5.1596193 3.2540212 1.4198787 1260179501035
