13.708984 9.93498 0.3579874 1260179511742
17.741657 10.165963 2.4703517 1260179511748
16.479897 9.893005 5.9647493 1260179511811
10.942765 8.783133 9.634904 1260179511816
4.353026 6.163027 10.79393 1260179511847
-0.31519508 2.2478914 6.8949037 1260179511875
-1.4595823 -2.3676388 1.31482 1260179511890
0.6889305 -5.6230955 -1.0786602 1260179511911
5.186496 -6.7074184 1.6275762 1260179511939
9.360639 -5.3446255 6.380123 1260179511955
13.154345 -1.86782 8.990269 1260179511986
16.33083 2.1530943 7.202112 1260179511996
17.94154 5.59612 2.8280113 1260179512043
17.165154 7.635073 -1.8879758 1260179512077
13.5889845 9.020272 -4.608202 1260179512093
7.643299 9.406032 -5.220454 1260179512111
1.847393 9.877121 -3.3151968 1260179512126
-1.1219206 10.706775 -0.17953593 1260179512144
-0.5313854 11.624562 1.8873435 1260179512157
2.5180655 12.354906 1.4200054 1260179512175
6.87973 8.467078 -8.063388 1260179512199
11.391402 1.5092747 -9.897219 1260179512215
15.13624 -2.6802218 -7.007814 1260179512468
17.585571 -4.036042 -4.0419765 1260179512475
18.394058 -2.776431 -1.2713165 1260179512495
17.712337 1.5664485 2.2855086 1260179512517
16.183844 9.038953 3.3990774 1260179512528
14.464895 12.307239 -3.217225 1260179512536
13.4231205 2.5195165 -10.349842 1260179512548
12.79356 -6.42097 -0.18931937 1260179512558
12.642882 8.805048 5.3164263 1260179512569
12.446129 7.1041613 -10.423248 1260179512576
11.326658 -6.180908 1.278413 1260179512591
9.742142 11.991132 1.5501499 1260179512597
7.722733 -3.5564082 -9.073016 1260179512608
6.369149 7.519412 6.883348 1260179512617
5.645735 -1.0892103 -9.680022 1260179512628
5.0285125 8.972952 6.171647 1260179512637
5.0064883 -3.854558 -6.3468533 1260179512646
4.3663664 13.559605 0.6920255 1260179512654
4.207298 -4.4097295 2.931627 1260179512665
4.6076574 7.296485 -7.299312 1260179512675
4.600697 9.573537 3.572674 1260179512697
8.134571 -5.5218 -7.4227295 1260179512709
13.96941 12.277548 -12.088163 1260179512718
21.07034 -1.6730328 -5.774565 1260179512727
22.901447 0.32033324 -9.759455 1260179512737
17.12973 9.608074 -17.464794 1260179512754
6.164595 -8.921518 -13.320052 1260179512763
1.1287403 9.161286 -13.486771 1260179512772
11.99622 -3.0697203 -24.217428 1260179512783
13.313531 -11.35867 -13.328709 1260179512805
-6.498803 -11.95184 -15.086613 1260179512815
8.363926 -11.511054 -15.220591 1260179512826
-10.140773 -3.9165344 -5.051573 1260179512833
5.1146946 7.51044 -7.557439 1260179512847
-1.7538729 -8.009823 2.426875 1260179512864
-6.643093 -0.6002716 -11.168599 1260179512872
-9.74622 -7.313112 -5.487482 1260179512883
-16.405031 -8.952949 2.138209 1260179512896
0.70638275 -8.320883 1.0553293 1260179513069
-10.726681 -6.915224 8.734354 1260179513088
6.6825457 -6.6362047 6.2898283 1260179513104
2.0725431 -6.333602 6.7313747 1260179513114
-5.0624056 -4.272663 12.595949 1260179513124
-7.5147686 1.7259855 15.121944 1260179513130
-7.7119412 8.182632 15.142572 1260179513138
-6.813822 12.494062 15.548101 1260179513151
-4.5772824 14.918442 16.966272 1260179513162
-0.6057358 15.086422 19.445549 1260179513172
5.500638 14.201515 21.497938 1260179513188
13.748394 13.475222 21.237911 1260179513199
19.726933 13.017157 15.514761 1260179513210
15.120536 12.656164 6.2145505 1260179513218
3.1421537 10.749619 7.605764 1260179513230
19.205503 6.337058 13.100838 1260179513239
9.162781 -0.4738239 -7.081796 1260179513252
16.371489 10.716918 1.0733662 1260179513259
19.258327 9.607048 0.023050308 1260179513269
3.1224155 7.922806 -1.1154451 1260179513283
2.7775521 14.131193 -8.540687 1260179513297
6.850444 14.303848 -1.777771 1260179513313
10.760862 3.3662224 2.7686224 1260179513327
12.006449 -5.49855 -6.599161 1260179513349
13.863137 -1.5189476 -9.22007 1260179513371
14.569843 9.092651 -3.1163993 1260179513386
9.745632 7.5423727 -10.842108 1260179513408
1.6246834 -7.429983 -5.4472656 1260179513428
-3.7341008 7.33774 -0.9102309 1260179513452
