-8.348837 14.729118 -0.9349884 1260261151403
2.8530412 7.192457 -11.47838 1260261151414
-16.840849 -5.285933 -9.74348 1260261151423
-0.7526846 4.1768765 -18.920897 1260261151429
-11.932989 13.758081 -19.301418 1260261151469
-18.899746 0.3501444 -16.016901 1260261151482
-4.805916 -3.2671204 -27.702412 1260261151488
1.8257661 10.268877 -24.800446 1260261151507
-2.0475645 17.89161 -27.926327 1260261151517
-7.837187 11.691622 -34.90345 1260261151524
-10.721668 0.48486805 -27.738491 1260261151543
-9.939777 -4.0080113 -19.381626 1260261151554
-7.0304246 4.295539 -13.098404 1260261151566
-0.25574923 10.62627 -13.567168 1260261151581
14.065395 -11.239208 -7.3488655 1260261151603
1.5196717 -3.518847 7.253252 1260261151619
-4.4108515 5.5243254 1.759986 1260261151640
-3.450267 5.1304665 9.16588 1260261151662
-7.659189 5.9750443 9.910318 1260261151865
-10.354872 5.932048 12.788635 1260261151877
0.3862791 -4.853653 19.98598 1260261151884
-3.17132 -4.9840527 20.390392 1260261151898
-20.518047 11.585674 13.9890785 1260261151905
-3.833334 3.745707 5.761846 1260261151917
-17.801632 3.3695388 -0.7152462 1260261151925
-14.605008 18.824188 6.67612 1260261151936
-6.099927 4.980692 3.3407238 1260261151946
-22.915134 8.879844 -5.223953 1260261151957
-6.912074 12.675241 -13.117853 1260261151974
-9.362274 -3.9158483 -10.320393 1260261151983
-21.71296 14.11739 -11.415035 1260261151995
-16.637196 -0.5022249 -19.208551 1260261152004
-8.334312 12.75816 -7.331072 1260261152015
-4.031913 1.9065237 -24.300236 1260261152028
-3.591868 20.07068 -17.178608 1260261152039
-5.3879375 3.0802107 -15.793498 1260261152050
-8.716752 13.934969 -27.17066 1260261152063
-10.023291 19.200794 -19.033651 1260261152078
-5.1990566 1.8895435 -21.000721 1260261152089
6.4926004 8.773514 -6.3385496 1260261152102
13.516553 14.8540325 -10.982798 1260261152120
-0.7454653 -4.7582836 -3.9714184 1260261152142
5.3943157 2.6716611 5.5676255 1260261152164
0.36873722 10.906001 2.218285 1260261152182
