14.056456 9.164029 9.968613 1260261083116
10.982712 11.9842205 6.034351 1260261083125
4.568765 10.199672 -1.2991209 1260261083141
-2.2343836 -0.6706562 3.017853 1260261083149
-0.641757 -4.7939215 3.517868 1260261083162
5.462 7.751235 -6.717084 1260261083198
11.826287 9.92207 -5.779475 1260261083207
3.4455175 13.04301 -7.5978675 1260261083218
-5.078253 10.916311 -8.180568 1260261083240
12.115148 8.272682 -16.86878 1260261083247
-4.315983 9.43987 -25.866905 1260261083441
0.06930399 12.131459 -10.516826 1260261083458
7.955549 14.56398 -18.768997 1260261083465
-11.645779 12.633215 -12.174923 1260261083482
-12.231033 8.767299 0.030491352 1260261083489
0.09663105 -6.757095 2.6233847 1260261083522
-18.425957 -1.9562899 9.94726 1260261083534
-1.6167669 -3.3768039 17.09221 1260261083547
-20.515448 -7.728812 23.616833 1260261083561
-2.0232005 -1.2046943 20.61004 1260261083567
-14.428329 -18.389591 4.652711 1260261083579
-7.775332 -4.8932962 3.16005 1260261083589
5.539456 -13.814461 -20.233929 1260261083602
8.2055 -11.493548 -27.605461 1260261083613
6.362958 -3.0514035 -20.910835 1260261083628
3.0700717 -11.24519 -35.110485 1260261083642
-1.821778 9.280801 -28.785189 1260261083648
-6.6918793 -8.476273 -29.791798 1260261083660
-10.266806 9.470041 -27.979296 1260261083669
-9.35291 -9.885912 -23.38471 1260261083682
-2.8103657 5.982524 -16.704052 1260261083693
4.699117 1.2445893 -18.444769 1260261083707
-6.626721 -7.090181 -1.4223042 1260261083718
-11.050759 -9.665058 -13.44192 1260261083727
-14.732903 -0.29333806 8.32926 1260261083738
-8.013744 8.748987 6.170861 1260261083758
-3.1280384 -0.18140435 4.675791 1260261083765
-15.67599 -5.2224255 17.79425 1260261083778
-18.68909 12.879654 12.395749 1260261083794
-8.146275 4.5198865 21.466724 1260261083803
1.7295938 -1.6536641 8.348973 1260261083821
-7.1868787 12.258221 10.766127 1260261083841
-11.440527 6.0457497 9.823471 1260261083865
4.190155 8.259392 -1.6408811 1260261083882
6.505328 5.2468433 -7.1911063 1260261083901
7.926591 3.5796146 -18.015154 1260261083917
-1.9182258 1.8092568 -25.779255 1260261083944
1.6664019 0.6161134 -18.026207 1260261083959
19.255682 -7.237198 -24.168407 1260261084148
15.676896 -5.1774483 -20.874727 1260261084178
2.526228 4.012244 -24.0327 1260261084185
11.782137 2.9895978 -26.73479 1260261084194
18.97054 -7.5188413 -10.444654 1260261084200
2.730102 -20.727896 -8.740182 1260261084207
-3.1435838 -23.136902 1.5031002 1260261084216
2.702597 -21.42555 4.055999 1260261084224
9.957075 -18.812914 10.054353 1260261084230
13.041867 -11.489546 8.2290125 1260261084240
