4.1804204 8.216145 0.1315608 1260261047787
9.018085 8.039322 -0.6401042 1260261047794
14.644494 8.0091915 0.33092898 1260261047825
18.525002 6.8699884 2.9181561 1260261047834
20.313627 5.906246 4.751932 1260261047864
20.172062 5.164867 7.1224566 1260261047870
17.613037 7.154753 9.64584 1260261047890
9.74442 10.226101 9.030803 1260261047903
-1.3406677 10.466012 7.648855 1260261047913
6.2384553 8.559987 15.824432 1260261047919
4.181883 6.006042 3.1370883 1260261047940
-1.1061665 5.1169615 19.377642 1260261047954
-8.24558 5.703922 5.430412 1260261047965
5.5317607 6.9724813 10.023481 1260261047985
-9.1567745 7.9966416 8.097407 1260261048005
-14.811687 6.3506503 3.9780881 1260261048026
-9.427352 -4.09326 7.9635425 1260261048045
5.08408 -11.517611 -5.2252984 1260261048066
-10.436528 -9.737002 -13.304693 1260261048086
-5.9656014 -0.24612737 -3.9776354 1260261048107
7.9447007 7.302362 -10.9681225 1260261048125
11.6755295 8.880432 -16.71667 1260261048145
11.025551 8.80563 -16.641655 1260261048166
9.032583 7.775315 -19.625809 1260261048185
8.223954 2.4706712 -25.837025 1260261048205
9.796414 -9.302626 -26.07808 1260261048226
11.5252075 -13.185235 -11.903505 1260261048245
14.052437 1.7766218 -13.383719 1260261048265
16.811413 -15.6798935 -21.470459 1260261048285
18.304218 -4.5164332 -8.703995 1260261048312
18.840324 -22.81779 -10.292266 1260261048326
17.02423 -9.53055 -11.668729 1260261048520
14.70566 -5.1300898 -2.591326 1260261048526
