-1.0574565 -3.1632438 15.33942 1260261317389
-2.8078737 0.9928202 14.613659 1260261317404
-1.554297 4.768902 10.969658 1260261317410
6.4141445 6.469082 9.752566 1260261317422
12.36798 5.206425 18.231745 1260261317467
1.4155053 1.0233355 25.2995 1260261317478
-10.597144 -8.411032 7.0689735 1260261317487
5.610587 -10.244481 3.0794663 1260261317498
-12.455028 -7.92985 -14.9034395 1260261317515
-6.475775 8.609514 -17.818865 1260261317524
6.42356 -4.888362 -30.978338 1260261317545
7.521365 11.092141 -32.739166 1260261317557
-3.731852 -6.039794 -26.13921 1260261317568
-14.789614 8.569046 -24.52172 1260261317584
-2.9898229 -16.472641 -19.519156 1260261317598
-3.0158577 -24.63477 -10.621006 1260261317618
-14.980339 -14.0776205 3.5827916 1260261317641
-12.912688 -33.265087 9.953541 1260261317663
-6.6186833 -19.259361 7.2560554 1260261317678
-0.49512827 -35.488342 12.6320915 1260261317699
2.0573246 -14.271001 16.009886 1260261317722
1.5597315 -18.51136 -1.006608 1260261317737
-1.9273376 -20.700674 9.602415 1260261317758
-5.8677692 -0.908494 3.1471193 1260261317959
3.5675678 -3.3820004 -10.25605 1260261317967
11.02679 6.6920257 -6.1557064 1260261317978
8.343746 -2.1994143 0.8332424 1260261317987
-7.291454 12.511793 -7.891876 1260261317998
-2.6061409 -2.4273279 3.7042367 1260261318005
-15.67849 -0.7394941 4.468807 1260261318018
-2.3285818 3.291015 3.322611 1260261318025
-13.303895 0.9010369 -9.126864 1260261318037
-17.164688 -13.396927 -3.4963818 1260261318059
-18.462996 -18.562622 -0.539552 1260261318067
-8.723982 -26.235338 -10.436204 1260261318079
-4.6610575 -19.069279 -17.535997 1260261318088
-4.3383594 -21.018045 -1.6554132 1260261318100
-6.5348625 -37.63067 -9.902822 1260261318114
-8.880444 -17.695633 -10.73948 1260261318126
-10.426796 -29.819248 -4.2305636 1260261318138
-11.912087 -13.894789 -8.51934 1260261318148
-10.727451 -10.686441 2.1891994 1260261318162
-3.8365326 -17.063984 -6.0653925 1260261318176
1.2799449 -12.430597 -17.660862 1260261318187
3.2009573 -4.9240704 -24.4672 1260261318206
3.6406078 3.1155925 -22.979 1260261318219
3.2500906 -3.5626216 -16.199955 1260261318239
0.95484257 -16.568977 -16.326525 1260261318264
-17.887436 0.0024662018 -3.4559903 1260261318277
-21.341436 -12.418833 9.768544 1260261318301
-10.572143 -26.963049 7.662677 1260261318322
-5.164448 -23.47353 8.724361 1260261318337
-1.5049925 -19.310198 9.485821 1260261318360
0.87944317 -16.059294 6.3231893 1260261318381
1.5808554 -11.757217 2.3893397 1260261318403
1.86375 -22.998507 -2.561215 1260261318417
3.0209956 -10.802935 -14.052296 1260261318439
6.5727077 -17.745798 -20.838257 1260261318463
4.056613 -2.3626356 -20.585371 1260261318477
-2.0215998 -19.47586 -24.010847 1260261318498
-6.502714 1.6843724 -24.54179 1260261318519
-0.33115005 -13.716081 -5.9783216 1260261318705
-11.730561 3.8176174 6.4619017 1260261318717
-19.606812 -19.80463 12.9628725 1260261318726
-20.722519 -7.157772 18.594208 1260261318738
-19.003613 -13.18405 8.803225 1260261318744
-16.9501 -6.3992176 -2.3518252 1260261318758
-14.430695 -20.958715 -11.797601 1260261318765
-10.341377 2.312182 -17.481503 1260261318776
-6.3857737 -14.210617 -19.083488 1260261318785
-7.446311 3.4188042 -10.412987 1260261318798
-12.42588 -16.574932 -2.930702 1260261318810
-15.114012 -18.847355 14.803806 1260261318822
-15.10236 -12.510715 11.625456 1260261318830
-15.243474 -23.906906 3.1261244 1260261318842
-15.443209 -32.021896 2.9389114 1260261318863
-15.925604 -26.73705 5.6625085 1260261318869
-16.337591 -22.43747 -3.0330544 1260261318883
-15.735971 -4.2581477 -6.9779525 1260261318900
-15.8758545 -9.39752 -9.476769 1260261318915
-15.890702 -13.605698 -7.7611856 1260261318934
-15.189627 0.095665455 -17.147558 1260261318945
-11.990154 -14.544069 -8.481464 1260261318964
-7.4824476 3.4870224 -15.764719 1260261318983
-2.4469619 -15.566089 -13.59763 1260261318997
-0.23845387 0.5434823 -11.20825 1260261319018
-4.9372683 -5.045347 -1.3753595 1260261319041
-14.490217 -15.1406975 -10.646064 1260261319064
-19.005291 -4.273754 -4.795517 1260261319082
-16.173817 -1.6330299 3.0657043 1260261319099
-15.1509075 -23.08968 1.6456804 1260261319123
-16.343248 -8.376333 6.4581947 1260261319140
-15.981192 -28.644272 7.112568 1260261319158
-10.838358 -25.707716 16.811203 1260261319181
-3.1926322 -12.278918 6.3859224 1260261319204
3.138782 -23.827642 1.0278602 1260261319217
5.9559965 -23.250633 6.2551804 1260261319238
5.6853 -4.200001 3.0847986 1260261319263
5.5425396 -5.0990224 5.5076036 1260261319282
