5.354237 -5.351468 3.0489922 1260261229315
-4.121665 -1.9968953 6.0817184 1260261229326
-5.9552183 0.24166429 14.526676 1260261229335
0.5863259 4.112859 16.149666 1260261229347
5.921135 4.9970484 2.1590703 1260261229356
3.824589 -9.555208 -5.4399567 1260261229393
-1.4267654 -13.4303665 3.4093227 1260261229405
3.581811 -3.5458055 -8.137489 1260261229414
17.13217 -0.22541618 -5.2421713 1260261229426
20.166922 1.1956272 3.9005725 1260261229439
19.237465 -10.79848 6.6133547 1260261229451
12.202329 -21.317932 -3.370149 1260261229469
-1.5086327 -16.465809 5.2416935 1260261229484
-7.0643325 -1.552927 -7.552931 1260261229497
6.8055105 0.20452309 -3.9551687 1260261229509
0.46298742 1.4540749 -17.981043 1260261229531
-11.149543 5.2064943 -14.073166 1260261229552
-0.33924478 9.013548 -24.795815 1260261229568
10.569344 -5.6865053 -25.61041 1260261229589
11.255096 5.81538 -27.716192 1260261229612
1.4171762 6.3002033 -16.071033 1260261229627
-10.451197 -4.4777217 -10.308154 1260261229648
-4.388172 -22.951525 -7.6856995 1260261229668
6.071664 -33.869892 11.822423 1260261229693
4.427767 -23.584955 8.131613 1260261229707
-2.132709 -12.311552 9.141363 1260261229729
-4.9714637 -3.9459858 10.063738 1260261229753
-6.4596357 1.117403 6.7197013 1260261229769
-8.720359 -7.0058336 5.881376 1260261229787
-3.4217591 12.783667 1.5412787 1260261229809
5.5649323 0.68550396 5.0517197 1260261229833
-15.69798 6.4572477 -0.3832075 1260261230030
1.0503645 -2.0131617 -1.35137 1260261230047
-21.27859 13.468288 -4.018935 1260261230054
-4.168371 -5.3158293 -10.50321 1260261230065
-15.254946 4.6615734 -14.572095 1260261230074
-14.539986 -3.4126043 -14.75523 1260261230089
-6.5346303 -9.29367 -18.392624 1260261230098
5.1151104 -11.675106 -19.464468 1260261230109
16.53839 -12.238882 -23.611881 1260261230118
21.938633 -14.478365 -20.039907 1260261230130
13.008167 -21.791315 -7.738591 1260261230146
0.13205147 -22.243725 -11.594646 1260261230155
-4.607255 -17.251299 -2.4023645 1260261230166
-10.834509 -14.404227 10.463172 1260261230175
-10.190117 0.25577188 9.0925045 1260261230192
-1.2122064 4.954997 20.545946 1260261230209
3.202207 -2.2722394 5.492534 1260261230216
-4.3169303 -16.742817 -1.675604 1260261230227
-5.475795 -11.581383 -6.171358 1260261230238
-5.040059 -3.865808 -15.509022 1260261230254
-4.331603 1.7000246 -25.281034 1260261230267
-5.0271935 -0.71386814 -32.07697 1260261230274
-5.900826 -10.798786 -28.1759 1260261230294
-4.7306952 -12.036287 -10.879559 1260261230307
-1.2335279 1.313901 -14.59445 1260261230329
5.574463 -7.836308 4.2472296 1260261230348
11.514103 -11.736477 6.5338354 1260261230373
14.328573 -12.726142 5.998865 1260261230388
14.071436 -12.405427 7.627841 1260261230409
9.423584 -11.796847 12.840569 1260261230431
0.82736397 -12.534833 12.822099 1260261230453
-6.4021406 -14.625723 1.4679736 1260261230468
11.194336 4.510447 4.112106 1260261230489
8.677101 -4.267523 -3.5477977 1260261230513
8.017908 3.3063147 3.47952 1260261230526
-14.055159 -5.893314 1.3895528 1260261230549
-11.888068 5.9167957 7.4271445 1260261230570
-7.867537 5.1332526 -3.1100943 1260261230593
-2.1537657 -14.183935 -11.61358 1260261230769
-5.006746 -14.490812 -0.6021967 1260261230789
0.2582035 -15.996463 -23.218174 1260261230798
8.823759 -19.446041 -7.444423 1260261230809
13.545513 -19.791296 -13.805082 1260261230816
11.32831 -10.815907 -16.257133 1260261230828
2.2489803 -25.54308 -8.222744 1260261230837
-4.9316125 -19.427229 3.9100304 1260261230848
-6.802002 -22.365616 4.574453 1260261230855
-6.7861266 -18.49099 14.090241 1260261230868
-7.4374447 -1.6842718 15.336602 1260261230913
-8.006989 -8.556499 6.7400713 1260261230919
-8.642268 -13.606003 14.6115885 1260261230930
-8.749947 5.075279 9.466972 1260261230939
-7.3440533 2.3358526 -2.1283047 1260261230951
5.8721867 -10.787045 2.0093386 1260261230960
12.70065 1.632319 -6.9069166 1260261230976
12.635162 6.254444 -12.639819 1260261230988
7.8159566 -8.7916 -11.28804 1260261230996
1.3786397 -8.771024 -27.48822 1260261231014
-4.1220226 2.8375673 -12.457575 1260261231029
-6.9536448 -6.7107396 -13.572365 1260261231043
-0.09267545 1.0252438 1.0276865 1260261231056
3.8115082 -16.651234 8.016795 1260261231069
-9.607781 3.6769567 13.831886 1260261231089
-15.677068 -10.506343 6.131981 1260261231114
-4.014989 1.1904674 -3.5174465 1260261231127
-16.740902 -12.589206 -4.9301863 1260261231149
-2.3671885 1.1306858 -7.864507 1260261231171
1.3364639 -22.056164 -15.289443 1260261231187
4.654033 -18.716602 -18.19807 1260261231218
6.5961475 -14.148699 -24.746857 1260261231231
5.026046 -30.61688 -24.255219 1260261231253
1.498298 -19.176426 -9.7908125 1260261231267
-2.7122903 -6.509177 -13.572463 1260261231289
-3.5130792 -5.008139 -11.80734 1260261231312
0.9002917 -9.13048 13.97077 1260261231331
2.61771 2.7249641 11.2404995 1260261231347
2.8833532 -17.155357 18.109947 1260261231546
1.7086363 -3.011633 17.618242 1260261231565
-3.4549384 -13.448868 1.3290634 1260261231575
-11.319556 -24.660257 -5.3999295 1260261231587
-15.672291 -5.971365 -10.474327 1260261231594
-17.276157 -20.904867 -13.653037 1260261231608
-16.93452 -1.3825731 -20.309568 1260261231615
-16.07429 -17.796932 -22.456099 1260261231627
-16.132536 3.449893 -22.470034 1260261231636
-16.634113 -12.631233 -19.732208 1260261231648
-15.333866 3.789991 -22.708218 1260261231669
-7.438526 -3.461111 -3.7599268 1260261231678
-0.98040104 -0.88070595 -3.8684871 1260261231693
-20.431992 -2.2165952 -2.560556 1260261231704
-2.944889 5.7056255 1.5506179 1260261231713
-0.38167 -15.723559 6.224588 1260261231720
-1.8683372 -2.4535208 2.7732134 1260261231737
0.53923655 -22.875214 -0.09999752 1260261231748
4.634014 -24.832987 6.15651 1260261231757
5.2323546 -13.330063 0.14279294 1260261231773
1.2668803 -7.8538084 1.7020218 1260261231786
