118.870476 29.788765 -0.20979173 0.89889884 -0.17237091 -0.57971 1260179480752
118.870476 29.788765 -0.20979173 -3.3212233 3.9957886 4.676611 1260179480757
117.07695 31.799326 -0.54930216 -3.3212233 3.9957886 4.676611 1260179480763
117.07695 31.799326 -0.54930216 -6.0699277 -11.075406 10.352972 1260179480768
120.1731 34.25936 -0.57183707 -6.0699277 -11.075406 10.352972 1260179480772
120.1731 34.25936 -0.57183707 -5.4806066 -11.377944 -6.556132 1260179480775
123.16445 36.696392 -0.5932452 -5.4806066 -11.377944 -6.556132 1260179480969
123.16445 36.696392 -0.5932452 -5.601319 -1.1644945 5.529334 1260179480976
134.65623 38.71157 -0.61358297 -5.601319 -1.1644945 5.529334 1260179480983
134.65623 38.71157 -0.61358297 -5.8199096 -18.172874 6.464892 1260179480988
128.37343 39.975994 -0.8329038 -5.8199096 -18.172874 6.464892 1260179480992
128.37343 39.975994 -0.8329038 -8.149845 -16.39184 0.067112446 1260179480996
122.75475 40.927193 -1.3412586 -8.149845 -16.39184 0.067112446 1260179481003
122.75475 40.927193 -1.3412586 -11.36809 -7.69343 2.62741 1260179481007
117.51701 42.080833 -1.7741957 -11.36809 -7.69343 2.62741 1260179481013
117.51701 42.080833 -1.7741957 -11.314142 0.674654 4.5109034 1260179481016
112.69116 43.27679 -2.285486 -11.314142 0.674654 4.5109034 1260179481019
112.69116 43.27679 -2.285486 -9.390478 -2.6893997 -1.4708271 1260179481027
108.706604 44.76295 -2.7712116 -9.390478 -2.6893997 -1.4708271 1260179481031
108.706604 44.76295 -2.7712116 -5.644846 -16.376453 -4.5426087 1260179481037
105.62128 46.474804 -3.182651 -5.644846 -16.376453 -4.5426087 1260179481044
105.62128 46.474804 -3.182651 -1.4637284 -15.512418 8.318033 1260179481050
104.040215 49.151062 -3.4735186 -1.4637284 -15.512418 8.318033 1260179481053
104.040215 49.151062 -3.4735186 1.599891 -0.6827383 -4.7641187 1260179481058
104.63821 51.993507 -3.6998427 1.599891 -0.6827383 -4.7641187 1260179481065
104.63821 51.993507 -3.6998427 3.8018112 -18.940952 -0.89133906 1260179481070
106.5563 55.04383 -3.8648505 3.8018112 -18.940952 -0.89133906 1260179481076
106.5563 55.04383 -3.8648505 5.3145885 0.6258154 -4.2025814 1260179481086
108.52848 58.24164 -4.071608 5.3145885 0.6258154 -4.2025814 1260179481092
108.52848 58.24164 -4.071608 6.3577275 -19.574463 -4.461736 1260179481095
109.85206 61.479557 -4.418028 6.3577275 -19.574463 -4.461736 1260179481098
109.85206 61.479557 -4.418028 7.0630198 -1.0432587 -7.0451255 1260179481106
110.659454 64.60558 -4.8471265 7.0630198 -1.0432587 -7.0451255 1260179481109
110.659454 64.60558 -4.8471265 6.728323 -20.876547 -7.3615203 1260179481113
111.22648 67.5753 -5.2547703 6.728323 -20.876547 -7.3615203 1260179481118
111.22648 67.5753 -5.2547703 5.0837784 -1.9727077 -7.211515 1260179481124
111.815155 70.44653 -5.6420317 5.0837784 -1.9727077 -7.211515 1260179481129
111.815155 70.44653 -5.6420317 2.7288995 -21.070791 -5.4662113 1260179481132
112.4244 73.12421 -6.00993 2.7288995 -21.070791 -5.4662113 1260179481136
112.4244 73.12421 -6.00993 -0.48798084 -3.9115305 -13.048685 1260179481146
113.25318 75.56799 -6.3094335 -0.48798084 -3.9115305 -13.048685 1260179481154
113.25318 75.56799 -6.3094335 -2.9676516 -12.933409 2.9954357 1260179481157
114.640526 77.889595 -6.4439616 -2.9676516 -12.933409 2.9954357 1260179481167
114.640526 77.889595 -6.4439616 -3.5029182 -16.719868 -14.196616 1260179481173
116.2585 80.04511 -6.4217634 -3.5029182 -16.719868 -14.196616 1260179481176
116.2585 80.04511 -6.4217634 -2.7429984 -0.88574696 -6.9006524 1260179481179
118.39558 82.042854 -6.250675 -2.7429984 -0.88574696 -6.9006524 1260179481188
118.39558 82.042854 -6.250675 -0.23989132 -13.585459 3.277956 1260179481191
120.6258 83.84071 -5.9881415 -0.23989132 -13.585459 3.277956 1260179481199
120.6258 83.84071 -5.9881415 2.618115 -17.685587 -10.339981 1260179481205
122.14451 85.34868 -5.7387342 2.618115 -17.685587 -10.339981 1260179481210
122.14451 85.34868 -5.7387342 4.8443503 -4.3986907 -11.459883 1260179481213
121.88728 86.53124 -5.5517974 4.8443503 -4.3986907 -11.459883 1260179481223
121.88728 86.53124 -5.5517974 6.164082 0.33678055 -2.2423272 1260179481226
119.69292 87.40468 -5.4742074 6.164082 0.33678055 -2.2423272 1260179481247
119.69292 87.40468 -5.4742074 6.4373274 -4.3293166 3.4704423 1260179481251
116.35827 88.08444 -5.500497 6.4373274 -4.3293166 3.4704423 1260179481268
116.35827 88.08444 -5.500497 5.7939754 -10.923868 5.359457 1260179481272
112.69035 88.68022 -5.6754723 5.7939754 -10.923868 5.359457 1260179481282
112.69035 88.68022 -5.6754723 4.042997 -16.345304 5.0774083 1260179481286
108.75584 89.29621 -5.9416986 4.042997 -16.345304 5.0774083 1260179481305
108.75584 89.29621 -5.9416986 1.4022981 -19.477495 1.5338383 1260179481309
104.668045 89.9814 -6.2446136 1.4022981 -19.477495 1.5338383 1260179481325
104.668045 89.9814 -6.2446136 -1.8830693 -19.015724 -4.6056347 1260179481328
100.784645 90.73233 -6.682383 -1.8830693 -19.015724 -4.6056347 1260179481343
100.784645 90.73233 -6.682383 -6.465025 -13.767062 -8.582819 1260179481353
96.84541 89.84571 -7.148264 -6.465025 -13.767062 -8.582819 1260179481363
96.84541 89.84571 -7.148264 -10.496571 -19.737858 -1.3552418 1260179481366
92.95314 88.90343 -7.6908507 -10.496571 -19.737858 -1.3552418 1260179481385
92.95314 88.90343 -7.6908507 -13.074978 -18.58567 2.4384453 1260179481388
89.20548 87.85825 -8.206308 -13.074978 -18.58567 2.4384453 1260179481407
89.20548 87.85825 -8.206308 -12.821021 -9.5836935 -1.1017277 1260179481411
85.54521 86.81534 -8.645993 -12.821021 -9.5836935 -1.1017277 1260179481424
85.54521 86.81534 -8.645993 -10.302374 -1.5728025 0.18327045 1260179481432
85.54521 86.81534 -8.645993 -10.356855 -1.6817646 0.18327045 1260179481442
82.06795 85.774574 -9.063694 -10.356855 -1.6817646 0.18327045 1260179481466
82.06795 85.774574 -9.063694 -7.0443788 -3.0111942 8.753488 1260179481469
78.81455 84.685844 -9.460509 -7.0443788 -3.0111942 8.753488 1260179481482
78.81455 84.685844 -9.460509 -3.395503 -12.767403 13.733392 1260179481491
75.623825 83.55155 -9.837483 -3.395503 -12.767403 13.733392 1260179481503
75.623825 83.55155 -9.837483 0.076114655 -20.7508 7.2101507 1260179481508
72.592636 82.473976 -10.145609 0.076114655 -20.7508 7.2101507 1260179481523
72.592636 82.473976 -10.145609 3.0493822 -18.038868 -0.33327103 1260179481706
