125.76307 2.5533676 50.1982 1.129365 -4.70782 0.7029233 1260261268669
125.76307 2.5533676 50.1982 8.630208 -5.710283 -4.3888407 1260261268673
127.67492 2.4756992 51.73829 8.630208 -5.710283 -4.3888407 1260261268678
127.67492 2.4756992 51.73829 18.81052 -6.217511 0.63533604 1260261268686
129.64117 2.2519143 53.451374 18.81052 -6.217511 0.63533604 1260261268689
129.64117 2.2519143 53.451374 9.073015 -7.2864304 6.7775483 1260261268693
130.80911 1.8893186 54.628807 9.073015 -7.2864304 6.7775483 1260261268698
130.80911 1.8893186 54.628807 0.29800987 -8.380869 2.9837456 1260261268704
132.26866 1.0948527 55.597366 0.29800987 -8.380869 2.9837456 1260261268727
132.26866 1.0948527 55.597366 0.8062396 -6.4770985 3.7103302 1260261268734
133.75523 0.04011005 56.267498 0.8062396 -6.4770985 3.7103302 1260261268740
133.75523 0.04011005 56.267498 5.289464 2.6035032 10.183956 1260261268751
135.81747 -7.6118956 56.604122 5.289464 2.6035032 10.183956 1260261268754
135.81747 -7.6118956 56.604122 7.8981624 13.2189665 1.9779773 1260261268759
138.4266 -14.631301 56.623917 7.8981624 13.2189665 1.9779773 1260261268768
138.4266 -14.631301 56.623917 7.247269 12.754687 -5.710695 1260261268772
141.45528 -21.149736 56.39272 7.247269 12.754687 -5.710695 1260261268775
141.45528 -21.149736 56.39272 4.048614 11.379217 -7.8680863 1260261268785
144.73251 -27.092249 55.923084 4.048614 11.379217 -7.8680863 1260261268793
144.73251 -27.092249 55.923084 -1.0940514 13.100526 -4.4136763 1260261268796
147.89589 -32.337635 55.12693 -1.0940514 13.100526 -4.4136763 1260261268799
147.89589 -32.337635 55.12693 -5.9321146 12.165539 -0.41421837 1260261268807
150.1511 -36.870754 53.870583 -5.9321146 12.165539 -0.41421837 1260261268815
150.1511 -36.870754 53.870583 -1.4530902 -2.276669 -7.1796494 1260261268818
151.04353 -40.877216 52.277054 -1.4530902 -2.276669 -7.1796494 1260261268828
151.04353 -40.877216 52.277054 11.124306 4.9814396 2.7617745 1260261268832
148.69136 -44.533356 50.4632 11.124306 4.9814396 2.7617745 1260261268844
148.69136 -44.533356 50.4632 3.5322294 10.538454 6.4568644 1260261268852
143.95679 -48.006687 48.44004 3.5322294 10.538454 6.4568644 1260261268864
143.95679 -48.006687 48.44004 -8.530552 -2.6673532 -0.43462062 1260261268868
139.20895 -51.306355 46.468037 -8.530552 -2.6673532 -0.43462062 1260261268889
139.20895 -51.306355 46.468037 6.8617115 13.400071 -5.9961486 1260261268896
134.9485 -54.491035 44.444633 6.8617115 13.400071 -5.9961486 1260261268903
134.9485 -54.491035 44.444633 4.9841113 -3.4856791 -6.39163 1260261268908
131.20108 -57.566483 42.372402 4.9841113 -3.4856791 -6.39163 1260261268924
131.20108 -57.566483 42.372402 -9.506483 13.855671 -2.8571658 1260261268929
127.79102 -60.53816 40.25378 -9.506483 13.855671 -2.8571658 1260261269100
127.79102 -60.53816 40.25378 5.440885 -1.2333999 2.306485 1260261269111
124.901474 -63.66125 37.89109 5.440885 -1.2333999 2.306485 1260261269117
124.901474 -63.66125 37.89109 0.9981522 13.343281 2.5738904 1260261269120
122.2564 -66.87819 35.496536 0.9981522 13.343281 2.5738904 1260261269128
122.2564 -66.87819 35.496536 -9.270419 -1.4264326 -1.0547719 1260261269132
120.04358 -69.98428 33.121708 -9.270419 -1.4264326 -1.0547719 1260261269137
120.04358 -69.98428 33.121708 7.9402075 14.186862 -5.917953 1260261269143
118.1914 -72.88507 30.815622 7.9402075 14.186862 -5.917953 1260261269148
118.1914 -72.88507 30.815622 -7.524527 1.4302869 -11.771839 1260261269152
116.331825 -75.59082 28.67484 -7.524527 1.4302869 -11.771839 1260261269155
116.331825 -75.59082 28.67484 -5.8366876 9.435093 -14.169539 1260261269164
114.96523 -78.11128 26.591099 -5.8366876 9.435093 -14.169539 1260261269167
114.96523 -78.11128 26.591099 7.5588617 11.903971 -6.1486425 1260261269173
113.66697 -80.45572 24.611544 7.5588617 11.903971 -6.1486425 1260261269176
113.66697 -80.45572 24.611544 -7.072483 -1.3768668 -2.1235547 1260261269179
112.33362 -82.73293 22.680967 -7.072483 -1.3768668 -2.1235547 1260261269187
112.33362 -82.73293 22.680967 -8.484052 16.244526 -8.967905 1260261269190
110.716934 -84.94629 20.946918 -8.484052 16.244526 -8.967905 1260261269200
110.716934 -84.94629 20.946918 6.3476973 6.6674027 -0.7510438 1260261269212
108.68108 -87.14897 19.349573 6.3476973 6.6674027 -0.7510438 1260261269215
108.68108 -87.14897 19.349573 2.6827068 1.0635543 -0.35701323 1260261269226
106.44703 -89.24152 17.882095 2.6827068 1.0635543 -0.35701323 1260261269231
106.44703 -89.24152 17.882095 -10.044737 17.87898 -5.076977 1260261269235
103.87468 -91.17945 16.53799 -10.044737 17.87898 -5.076977 1260261269238
103.87468 -91.17945 16.53799 -8.988933 8.435529 -0.41863585 1260261269246
101.030945 -93.02048 15.311091 -8.988933 8.435529 -0.41863585 1260261269255
101.030945 -93.02048 15.311091 2.0718813 0.76981544 -10.671302 1260261269258
98.129395 -94.61945 14.195537 2.0718813 0.76981544 -10.671302 1260261269268
98.129395 -94.61945 14.195537 8.121628 14.755045 -8.269021 1260261269272
95.27293 -95.938484 13.23576 8.121628 14.755045 -8.269021 1260261269275
95.27293 -95.938484 13.23576 4.773416 22.57362 -8.43774 1260261269280
92.55928 -97.04156 12.373972 4.773416 22.57362 -8.43774 1260261269288
92.55928 -97.04156 12.373972 -2.9635236 17.491817 -16.398163 1260261269292
91.38132 -97.88948 11.555273 -2.9635236 17.491817 -16.398163 1260261269304
91.38132 -97.88948 11.555273 -9.380675 9.152592 -10.695057 1260261269307
93.01225 -98.395004 10.627509 -9.380675 9.152592 -10.695057 1260261269315
93.01225 -98.395004 10.627509 -10.655506 3.2330875 -1.5575039 1260261269318
96.11164 -96.87525 9.046134 -10.655506 3.2330875 -1.5575039 1260261269329
96.11164 -96.87525 9.046134 0.8713658 11.901919 8.527978 1260261269336
100.35606 -92.78149 6.8938274 0.8713658 11.901919 8.527978 1260261269344
100.35606 -92.78149 6.8938274 1.3833299 -7.8533077 6.8032365 1260261269351
104.58826 -87.74241 5.149136 1.3833299 -7.8533077 6.8032365 1260261269363
104.58826 -87.74241 5.149136 -14.764088 -3.916572 14.830757 1260261269371
108.70885 -82.65529 3.4916792 -14.764088 -3.916572 14.830757 1260261269383
108.70885 -82.65529 3.4916792 -10.797905 4.332476 8.1871605 1260261269386
112.92341 -77.72253 1.6670953 -10.797905 4.332476 8.1871605 1260261269406
112.92341 -77.72253 1.6670953 0.7243042 2.72047 13.570413 1260261269409
117.627235 -73.0364 -0.81625956 0.7243042 2.72047 13.570413 1260261269424
117.627235 -73.0364 -0.81625956 -18.322477 -10.990252 4.488722 1260261269429
122.69588 -68.73458 -4.375447 -18.322477 -10.990252 4.488722 1260261269447
122.69588 -68.73458 -4.375447 -4.9706964 -6.9761677 0.21978521 1260261269454
127.21108 -56.497852 -7.9566746 -4.9706964 -6.9761677 0.21978521 1260261269464
127.21108 -56.497852 -7.9566746 -27.604647 -1.7644693 -5.389078 1260261269467
130.20053 -62.32296 -10.358841 -27.604647 -1.7644693 -5.389078 1260261269487
130.20053 -62.32296 -10.358841 -13.286405 -1.6283674 -18.736048 1260261269490
130.8405 -67.30681 -11.990899 -13.286405 -1.6283674 -18.736048 1260261269508
130.8405 -67.30681 -11.990899 -16.282034 0.33607197 -23.086185 1260261269512
128.99847 -71.69147 -13.091354 -16.282034 0.33607197 -23.086185 1260261269523
128.99847 -71.69147 -13.091354 -25.532955 20.625803 -33.62592 1260261269533
125.09855 -75.65689 -13.736787 -25.532955 20.625803 -33.62592 1260261269545
125.09855 -75.65689 -13.736787 -26.608814 21.91576 -25.781776 1260261269548
120.44362 -79.32404 -14.149947 -26.608814 21.91576 -25.781776 1260261269564
120.44362 -79.32404 -14.149947 -24.073324 12.759876 -28.677511 1260261269571
116.52144 -82.95784 -14.49245 -24.073324 12.759876 -28.677511 1260261269589
116.52144 -82.95784 -14.49245 -21.310081 25.464098 -28.10717 1260261269593
113.445366 -86.559944 -14.767827 -21.310081 25.464098 -28.10717 1260261269603
113.445366 -86.559944 -14.767827 -17.884953 2.8111897 -25.336143 1260261269606
112.3231 -90.281944 -15.229436 -17.884953 2.8111897 -25.336143 1260261269626
112.3231 -90.281944 -15.229436 -13.93791 14.766443 -14.19589 1260261269629
114.156944 -94.31785 -16.067965 -13.93791 14.766443 -14.19589 1260261269644
114.156944 -94.31785 -16.067965 -5.7959166 3.451041 -23.450644 1260261269651
119.14909 -81.151955 -18.064566 -5.7959166 3.451041 -23.450644 1260261269671
119.14909 -81.151955 -18.064566 -3.928598 -7.523858 -0.9222183 1260261269674
124.441635 -75.644356 -20.111338 -3.928598 -7.523858 -0.9222183 1260261269683
124.441635 -75.644356 -20.111338 -21.730328 -4.6675267 4.7565417 1260261269687
127.96955 -70.61214 -21.35577 -21.730328 -4.6675267 4.7565417 1260261269884
127.96955 -70.61214 -21.35577 -19.368372 1.7373934 10.478956 1260261269893
130.42107 -66.38153 -22.087982 -19.368372 1.7373934 10.478956 1260261269897
130.42107 -66.38153 -22.087982 -12.945268 -9.4734955 27.408678 1260261269905
132.40001 -63.012455 -22.533583 -12.945268 -9.4734955 27.408678 1260261269908
132.40001 -63.012455 -22.533583 -8.16638 1.2563401 14.0397625 1260261269915
134.18001 -60.36183 -22.906904 -8.16638 1.2563401 14.0397625 1260261269918
134.18001 -60.36183 -22.906904 -4.9633985 -1.7528334 26.479822 1260261269927
135.921 -58.24374 -23.361559 -4.9633985 -1.7528334 26.479822 1260261269930
135.921 -58.24374 -23.361559 -2.4092464 16.589075 17.98911 1260261269936
137.87495 -56.481552 -24.24348 -2.4092464 16.589075 17.98911 1260261269939
137.87495 -56.481552 -24.24348 -4.2934446 6.37086 17.887087 1260261269948
140.0812 -54.907475 -25.931307 -4.2934446 6.37086 17.887087 1260261269951
140.0812 -54.907475 -25.931307 -19.755314 -3.5103674 4.3406405 1260261269955
142.27715 -60.1621 -27.934742 -19.755314 -3.5103674 4.3406405 1260261269963
142.27715 -60.1621 -27.934742 -17.701971 0.83032894 4.730235 1260261269967
143.11328 -65.154 -28.738005 -17.701971 0.83032894 4.730235 1260261269973
143.11328 -65.154 -28.738005 -9.945709 14.244108 -6.9422994 1260261269976
141.90762 -69.7963 -28.851105 -9.945709 14.244108 -6.9422994 1260261269984
141.90762 -69.7963 -28.851105 -8.262591 16.032934 -27.192831 1260261269987
138.46223 -74.05649 -28.45855 -8.262591 16.032934 -27.192831 1260261269995
138.46223 -74.05649 -28.45855 -9.945621 4.1852846 -28.978788 1260261269998
133.03912 -77.803665 -27.735622 -9.945621 4.1852846 -28.978788 1260261270009
133.03912 -77.803665 -27.735622 -13.622137 24.136745 -22.259962 1260261270014
127.337166 -81.26348 -26.998842 -13.622137 24.136745 -22.259962 1260261270019
127.337166 -81.26348 -26.998842 -16.485615 13.524646 -28.74408 1260261270028
121.77031 -84.500305 -26.1989 -16.485615 13.524646 -28.74408 1260261270031
121.77031 -84.500305 -26.1989 -14.13553 19.138973 -27.334957 1260261270035
116.88179 -87.62529 -25.438955 -14.13553 19.138973 -27.334957 1260261270040
116.88179 -87.62529 -25.438955 -7.462555 9.323456 -9.93022 1260261270046
113.9877 -90.844025 -24.967007 -7.462555 9.323456 -9.93022 1260261270052
113.9877 -90.844025 -24.967007 -3.1094875 10.603107 -24.018188 1260261270055
115.83832 -94.70182 -25.418657 -3.1094875 10.603107 -24.018188 1260261270068
115.83832 -94.70182 -25.418657 -9.424307 6.845289 -1.0302124 1260261270074
120.7964 -89.16673 -27.797724 -9.424307 6.845289 -1.0302124 1260261270077
120.7964 -89.16673 -27.797724 -13.308308 6.5673103 -2.6476579 1260261270080
124.35658 -83.75839 -28.357838 -13.308308 6.5673103 -2.6476579 1260261270088
124.35658 -83.75839 -28.357838 -8.321867 3.817574 15.031917 1260261270092
126.988754 -78.970474 -28.239946 -8.321867 3.817574 15.031917 1260261270099
126.988754 -78.970474 -28.239946 -9.258259 -8.408844 26.592741 1260261270113
129.33931 -74.87195 -28.027948 -9.258259 -8.408844 26.592741 1260261270127
129.33931 -74.87195 -28.027948 -10.317265 -5.8625035 9.856208 1260261270133
131.67235 -72.42835 -28.52655 -10.317265 -5.8625035 9.856208 1260261270139
131.67235 -72.42835 -28.52655 -4.718704 3.4466403 17.127586 1260261270149
131.23872 -75.256935 -28.450222 -4.718704 3.4466403 17.127586 1260261270153
131.23872 -75.256935 -28.450222 -4.8365574 9.897622 -15.68181 1260261270158
127.22678 -78.54409 -27.62771 -4.8365574 9.897622 -15.68181 1260261270169
127.22678 -78.54409 -27.62771 -10.685194 14.99498 -10.143708 1260261270172
121.76544 -81.81689 -26.446325 -10.685194 14.99498 -10.143708 1260261270185
121.76544 -81.81689 -26.446325 -11.616003 17.954071 -20.48015 1260261270192
133.37717 -84.82604 -25.074009 -11.616003 17.954071 -20.48015 1260261270203
133.37717 -84.82604 -25.074009 1.0791984 16.164797 -30.826496 1260261270206
143.75832 -87.43474 -23.570309 1.0791984 16.164797 -30.826496 1260261270222
143.75832 -87.43474 -23.570309 11.692885 8.939745 -14.884417 1260261270230
152.9704 -89.613 -21.891792 11.692885 8.939745 -14.884417 1260261270244
152.9704 -89.613 -21.891792 1.9154234 21.974335 -9.377487 1260261270249
161.27188 -91.482346 -20.097202 1.9154234 21.974335 -9.377487 1260261270267
161.27188 -91.482346 -20.097202 -6.0238667 7.1872816 -10.399265 1260261270274
168.90828 -93.258224 -18.192343 -6.0238667 7.1872816 -10.399265 1260261270285
168.90828 -93.258224 -18.192343 9.364793 0.52636147 -1.3788524 1260261270288
176.31287 -94.995316 -16.282726 9.364793 0.52636147 -1.3788524 1260261270306
176.31287 -94.995316 -16.282726 7.9835997 12.873249 -10.036574 1260261270313
169.14722 -95.29555 -14.91859 7.9835997 12.873249 -10.036574 1260261270331
169.14722 -95.29555 -14.91859 -6.0581975 13.052659 -3.5020933 1260261270335
168.48985 -92.48077 -14.37266 -6.0581975 13.052659 -3.5020933 1260261270344
168.48985 -92.48077 -14.37266 -9.951746 -5.3215394 5.648761 1260261270348
168.01537 -89.00673 -14.054027 -9.951746 -5.3215394 5.648761 1260261270367
168.01537 -89.00673 -14.054027 -11.237147 12.480136 9.944725 1260261270370
167.56459 -85.25639 -13.801325 -11.237147 12.480136 9.944725 1260261270384
167.56459 -85.25639 -13.801325 -11.336417 -0.8602607 10.266987 1260261270390
167.03636 -81.19357 -13.6112585 -11.336417 -0.8602607 10.266987 1260261270410
167.03636 -81.19357 -13.6112585 -11.227019 -3.5174036 20.227041 1260261270414
166.38454 -76.68389 -13.580695 -11.227019 -3.5174036 20.227041 1260261270424
166.38454 -76.68389 -13.580695 -12.339417 6.612158 18.222641 1260261270427
165.46532 -71.7997 -13.70166 -12.339417 6.612158 18.222641 1260261270445
165.46532 -71.7997 -13.70166 -13.720455 -1.8054166 11.953216 1260261270448
164.29205 -66.50971 -13.816577 -13.720455 -1.8054166 11.953216 1260261270632
164.29205 -66.50971 -13.816577 -13.700059 -13.914823 9.88962 1260261270635
162.22745 -60.134228 -13.425748 -13.700059 -13.914823 9.88962 1260261270644
162.22745 -60.134228 -13.425748 -8.83939 -16.113535 0.69145966 1260261270648
158.96608 -52.977516 -12.404461 -8.83939 -16.113535 0.69145966 1260261270654
158.96608 -52.977516 -12.404461 3.2550945 -9.784109 -8.08488 1260261270657
154.96777 -44.62864 -11.1842375 3.2550945 -9.784109 -8.08488 1260261270660
154.96777 -44.62864 -11.1842375 12.568102 -7.36397 -3.6812696 1260261270670
150.96939 -35.097206 -10.025025 12.568102 -7.36397 -3.6812696 1260261270676
150.96939 -35.097206 -10.025025 9.022306 -14.488422 -6.47852 1260261270679
147.82092 -24.992346 -9.173774 9.022306 -14.488422 -6.47852 1260261270690
147.82092 -24.992346 -9.173774 0.11291218 -5.961417 -28.794872 1260261270694
150.57988 -32.74273 -8.465085 0.11291218 -5.961417 -28.794872 1260261270699
150.57988 -32.74273 -8.465085 -5.6972713 9.38715 -26.665 1260261270706
157.55089 -39.85559 -7.741831 -5.6972713 9.38715 -26.665 1260261270711
157.55089 -39.85559 -7.741831 -6.9054003 10.550243 -28.868484 1260261270715
165.77335 -46.562813 -7.104739 -6.9054003 10.550243 -28.868484 1260261270718
165.77335 -46.562813 -7.104739 -5.118937 8.088457 -31.625292 1260261270726
159.13467 -52.734673 -6.699502 -5.118937 8.088457 -31.625292 1260261270737
159.13467 -52.734673 -6.699502 -3.7315202 10.122103 -29.580862 1260261270746
155.42793 -58.147938 -6.664527 -3.7315202 10.122103 -29.580862 1260261270749
155.42793 -58.147938 -6.664527 -5.676659 16.061386 -18.605572 1260261270752
153.20654 -62.84054 -7.0313005 -5.676659 16.061386 -18.605572 1260261270756
153.20654 -62.84054 -7.0313005 -10.7390175 8.148395 -7.172989 1260261270765
151.69621 -66.59852 -7.6797357 -10.7390175 8.148395 -7.172989 1260261270769
151.69621 -66.59852 -7.6797357 -14.60941 4.235564 -11.18439 1260261270775
150.6614 -69.168594 -8.145749 -14.60941 4.235564 -11.18439 1260261270798
150.6614 -69.168594 -8.145749 -13.567268 12.837393 -7.963375 1260261270807
149.87834 -70.86017 -8.2384615 -13.567268 12.837393 -7.963375 1260261270816
149.87834 -70.86017 -8.2384615 -11.54982 23.98006 -1.555309 1260261270819
148.18442 -72.61716 -7.726538 -11.54982 23.98006 -1.555309 1260261270833
148.18442 -72.61716 -7.726538 -9.21657 11.252865 -5.278837 1260261270838
142.1252 -75.586296 -6.490211 -9.21657 11.252865 -5.278837 1260261270845
142.1252 -75.586296 -6.490211 2.7935927 14.417464 -0.65743923 1260261270851
149.81894 -79.65698 -4.9657006 2.7935927 14.417464 -0.65743923 1260261270854
149.81894 -79.65698 -4.9657006 17.496025 -1.2359362 -17.0121 1260261270857
152.52798 -66.77413 -3.3674157 17.496025 -1.2359362 -17.0121 1260261270866
152.52798 -66.77413 -3.3674157 10.652539 -7.647688 -10.116979 1260261270873
151.30159 -56.385426 -1.3990448 10.652539 -7.647688 -10.116979 1260261270878
151.30159 -56.385426 -1.3990448 -0.81620693 -11.154162 -5.906657 1260261270888
149.78651 -50.316154 -0.17909254 -0.81620693 -11.154162 -5.906657 1260261270892
149.78651 -50.316154 -0.17909254 5.0508137 -15.071684 12.205124 1260261270898
148.69719 -45.000347 0.3298621 5.0508137 -15.071684 12.205124 1260261270904
148.69719 -45.000347 0.3298621 6.7156334 -8.752895 15.927586 1260261270909
148.16232 -40.70033 0.51336896 6.7156334 -8.752895 15.927586 1260261270915
148.16232 -40.70033 0.51336896 6.365644 -11.8405695 6.4479017 1260261270927
148.1542 -37.36531 0.13770053 6.365644 -11.8405695 6.4479017 1260261270935
148.1542 -37.36531 0.13770053 -0.23475575 -9.176552 21.443367 1260261270945
148.3465 -35.697044 -0.9691845 -0.23475575 -9.176552 21.443367 1260261270954
148.3465 -35.697044 -0.9691845 -12.315289 -8.044582 8.087355 1260261270957
148.17917 -35.51219 -2.5707252 -12.315289 -8.044582 8.087355 1260261270967
148.17917 -35.51219 -2.5707252 -12.01038 -1.5147352 12.760332 1260261270970
147.2702 -36.336582 -3.992189 -12.01038 -1.5147352 12.760332 1260261270986
147.2702 -36.336582 -3.992189 -1.5549245 3.9231558 4.52034 1260261270993
145.80669 -37.56975 -5.0925794 -1.5549245 3.9231558 4.52034 1260261271013
145.80669 -37.56975 -5.0925794 -0.76091003 17.981356 8.155563 1260261271016
143.61635 -38.991264 -5.9879503 -0.76091003 17.981356 8.155563 1260261271024
143.61635 -38.991264 -5.9879503 -7.227604 33.40744 5.9158707 1260261271027
141.18553 -40.3917 -6.7885528 -7.227604 33.40744 5.9158707 1260261271044
141.18553 -40.3917 -6.7885528 -14.333189 27.694489 -4.3335495 1260261271050
139.72626 -41.222115 -7.899125 -14.333189 27.694489 -4.3335495 1260261271069
139.72626 -41.222115 -7.899125 -18.221012 10.735237 4.687265 1260261271073
140.08995 -40.111008 -10.304169 -18.221012 10.735237 4.687265 1260261271083
140.08995 -40.111008 -10.304169 0.7801223 9.243557 8.267014 1260261271086
141.98546 -35.705456 -11.38896 0.7801223 9.243557 8.267014 1260261271106
141.98546 -35.705456 -11.38896 3.8212295 -16.373518 2.5173037 1260261271109
143.48619 -30.920183 -11.569511 3.8212295 -16.373518 2.5173037 1260261271123
143.48619 -30.920183 -11.569511 4.9336205 -15.857645 10.101189 1260261271130
144.86188 -26.574175 -11.491035 4.9336205 -15.857645 10.101189 1260261271152
144.86188 -26.574175 -11.491035 6.9734836 1.8455529 5.695068 1260261271155
145.91878 -25.195467 -12.166484 6.9734836 1.8455529 5.695068 1260261271166
145.91878 -25.195467 -12.166484 1.7858455 0.49172637 13.449311 1260261271169
145.27284 -26.635695 -12.50816 1.7858455 0.49172637 13.449311 1260261271187
145.27284 -26.635695 -12.50816 -2.181165 16.58763 4.831053 1260261271190
142.8092 -28.85391 -12.582751 -2.181165 16.58763 4.831053 1260261271208
142.8092 -28.85391 -12.582751 -3.129759 6.5097804 -5.515299 1260261271212
