296.88937 -132.7817 25.693695 13.381874 19.661186 -4.181279 1260261143467
296.88937 -132.7817 25.693695 9.42223 17.92813 -0.5720329 1260261143474
299.3949 -132.19261 25.00901 9.42223 17.92813 -0.5720329 1260261143479
299.3949 -132.19261 25.00901 1.2830523 12.61278 3.88948 1260261143482
286.87515 -131.28297 23.80856 1.2830523 12.61278 3.88948 1260261143488
286.87515 -131.28297 23.80856 -9.31281 3.345594 -2.2018883 1260261143495
278.4314 -130.11882 21.768131 -9.31281 3.345594 -2.2018883 1260261143519
278.4314 -130.11882 21.768131 -0.3386464 -1.1826601 1.2604676 1260261143527
272.00983 -126.21288 18.979725 -0.3386464 -1.1826601 1.2604676 1260261143530
272.00983 -126.21288 18.979725 -3.9036756 12.34786 10.39939 1260261143538
266.50934 -121.60224 15.830739 -3.9036756 12.34786 10.39939 1260261143541
266.50934 -121.60224 15.830739 -8.745854 13.82995 10.796662 1260261143703
261.58386 -116.67213 12.539202 -8.745854 13.82995 10.796662 1260261143720
261.58386 -116.67213 12.539202 -9.405476 0.5443535 -2.6669703 1260261143724
257.30466 -111.588524 9.012241 -9.405476 0.5443535 -2.6669703 1260261143729
257.30466 -111.588524 9.012241 -5.659568 -6.8119435 4.5651183 1260261143735
253.83943 -106.409096 4.861629 -5.659568 -6.8119435 4.5651183 1260261143742
253.83943 -106.409096 4.861629 -19.17083 -2.4181175 3.7227807 1260261143745
251.34746 -109.98864 0.46854746 -19.17083 -2.4181175 3.7227807 1260261143748
251.34746 -109.98864 0.46854746 -4.7681456 0.03179702 -9.855944 1260261143758
249.63008 -95.53921 -2.6048799 -4.7681456 0.03179702 -9.855944 1260261143763
249.63008 -95.53921 -2.6048799 -13.877721 9.174886 -7.2256975 1260261143767
247.74858 -99.71225 -4.724636 -13.877721 9.174886 -7.2256975 1260261143770
247.74858 -99.71225 -4.724636 1.2593069 -6.9114666 -8.539688 1260261143778
244.81116 -103.37664 -6.088404 1.2593069 -6.9114666 -8.539688 1260261143781
244.81116 -103.37664 -6.088404 -5.921272 4.6829767 -21.822844 1260261143786
239.8706 -106.55781 -6.833984 -5.921272 4.6829767 -21.822844 1260261143789
239.8706 -106.55781 -6.833984 -11.680393 1.7920573 -8.552666 1260261143796
232.22708 -109.279915 -7.0922847 -11.680393 1.7920573 -8.552666 1260261143801
232.22708 -109.279915 -7.0922847 -11.763704 13.471694 -26.45643 1260261143804
223.21573 -111.71592 -7.1376705 -11.763704 13.471694 -26.45643 1260261143809
223.21573 -111.71592 -7.1376705 -11.068977 0.27720642 -23.141838 1260261143815
212.55495 -113.88013 -6.930787 -11.068977 0.27720642 -23.141838 1260261143824
212.55495 -113.88013 -6.930787 -7.4375787 19.483139 -21.114012 1260261143827
219.3772 -115.83612 -6.5842476 -7.4375787 19.483139 -21.114012 1260261143830
219.3772 -115.83612 -6.5842476 -2.674496 17.775242 -36.35479 1260261143841
224.95834 -117.69431 -6.055035 -2.674496 17.775242 -36.35479 1260261143844
224.95834 -117.69431 -6.055035 4.218716 3.7629595 -27.536375 1260261143849
228.81042 -119.5596 -5.2522836 4.218716 3.7629595 -27.536375 1260261143858
228.81042 -119.5596 -5.2522836 12.941652 13.4454975 -19.287134 1260261143861
231.21991 -121.531624 -4.2396693 12.941652 13.4454975 -19.287134 1260261143865
231.21991 -121.531624 -4.2396693 14.418571 16.19083 -17.847872 1260261143870
231.20891 -123.805046 -2.8776858 14.418571 16.19083 -17.847872 1260261143876
231.20891 -123.805046 -2.8776858 4.022258 -5.501336 -12.350927 1260261143881
228.64847 -126.51479 -0.9838015 4.022258 -5.501336 -12.350927 1260261143887
228.64847 -126.51479 -0.9838015 -1.6899018 7.723705 -5.4933033 1260261143897
224.26605 -111.93906 1.7653886 -1.6899018 7.723705 -5.4933033 1260261143904
224.26605 -111.93906 1.7653886 15.47179 -10.912012 -4.573431 1260261143907
219.90276 -98.3421 5.0771194 15.47179 -10.912012 -4.573431 1260261143915
219.90276 -98.3421 5.0771194 -4.006864 -9.921093 -2.8700438 1260261143918
216.15762 -92.774994 7.8732634 -4.006864 -9.921093 -2.8700438 1260261143922
216.15762 -92.774994 7.8732634 14.170311 -10.869837 2.147146 1260261143925
212.99974 -88.236244 9.5796 14.170311 -10.869837 2.147146 1260261143940
212.99974 -88.236244 9.5796 1.4307901 2.8202326 -6.072446 1260261143944
210.29976 -85.02443 10.25062 1.4307901 2.8202326 -6.072446 1260261143953
210.29976 -85.02443 10.25062 -5.651445 -0.35346878 9.710253 1260261143963
207.83478 -82.42321 9.588089 -5.651445 -0.35346878 9.710253 1260261143976
207.83478 -82.42321 9.588089 -1.8521302 8.990986 -3.5467925 1260261143979
205.14304 -81.05205 7.7086844 -1.8521302 8.990986 -3.5467925 1260261143998
205.14304 -81.05205 7.7086844 7.340416 -1.6552143 2.822353 1260261144001
201.63588 -82.99944 5.8232503 7.340416 -1.6552143 2.822353 1260261144014
201.63588 -82.99944 5.8232503 -8.313642 16.448606 1.4605979 1260261144019
197.8041 -84.84947 4.182088 -8.313642 16.448606 1.4605979 1260261144034
197.8041 -84.84947 4.182088 -14.120083 10.568797 2.1356237 1260261144037
193.76389 -86.557 2.7729836 -14.120083 10.568797 2.1356237 1260261144056
193.76389 -86.557 2.7729836 -3.347156 5.244501 -6.0617642 1260261144062
189.5257 -88.12915 1.6343343 -3.347156 5.244501 -6.0617642 1260261144073
189.5257 -88.12915 1.6343343 2.2890334 21.109718 -7.6555676 1260261144082
185.39941 -89.57269 0.6026176 2.2890334 21.109718 -7.6555676 1260261144093
185.39941 -89.57269 0.6026176 -2.3723931 31.64022 -8.214522 1260261144099
181.12944 -90.99406 -0.3275133 -2.3723931 31.64022 -8.214522 1260261144114
181.12944 -90.99406 -0.3275133 -10.589267 21.853985 -17.570084 1260261144118
176.72296 -92.54436 -1.2611376 -10.589267 21.853985 -17.570084 1260261144138
176.72296 -92.54436 -1.2611376 -15.830795 7.2297754 -8.798667 1260261144142
173.03682 -94.61714 -2.5480807 -15.830795 7.2297754 -8.798667 1260261144153
173.03682 -94.61714 -2.5480807 -11.092486 12.622774 -14.127506 1260261144159
172.93498 -98.48628 -4.1206765 -11.092486 12.622774 -14.127506 1260261144174
172.93498 -98.48628 -4.1206765 4.1158676 -7.7121487 -3.2805052 1260261144177
180.33824 -86.411964 -4.7646427 4.1158676 -7.7121487 -3.2805052 1260261144196
180.33824 -86.411964 -4.7646427 7.702711 -14.129654 -5.4388413 1260261144199
171.82133 -76.04137 -4.7764106 7.702711 -14.129654 -5.4388413 1260261144212
171.82133 -76.04137 -4.7764106 9.126145 -0.91936255 -3.584383 1260261144222
165.23027 -65.8893 -4.18759 9.126145 -0.91936255 -3.584383 1260261144233
165.23027 -65.8893 -4.18759 9.271142 -4.0524044 1.3651373 1260261144239
