145.57986 96.987045 -4.477396 7.9869876 -5.71019 3.2879956 1260174329347
145.57986 96.987045 -4.477396 8.427408 -12.922066 2.2766628 1260174329351
145.80087 96.73769 -4.353526 8.427408 -12.922066 2.2766628 1260174329356
145.80087 96.73769 -4.353526 8.794339 -15.083167 2.641163 1260174329363
145.80087 96.73769 -4.353526 8.848821 -15.192129 2.5866816 1260174329369
145.91083 96.30081 -4.23585 8.848821 -15.192129 2.5866816 1260174329372
145.91083 96.30081 -4.23585 8.435754 -18.42096 2.3163033 1260174329381
145.91528 95.83577 -4.1240573 8.435754 -18.42096 2.3163033 1260174329384
145.91528 95.83577 -4.1240573 7.7164526 -19.863989 0.2705722 1260174329390
145.51952 95.29398 -4.1178546 7.7164526 -19.863989 0.2705722 1260174329393
145.51952 95.29398 -4.1178546 7.3965335 -18.42503 -2.286234 1260174329400
145.29353 94.829285 -4.111962 7.3965335 -18.42503 -2.286234 1260174329405
145.29353 94.829285 -4.111962 7.4730096 -15.271338 -4.21827 1260174329409
145.29353 94.829285 -4.111962 7.418528 -15.121514 -4.286371 1260174329414
145.02885 94.33782 -4.106364 7.418528 -15.121514 -4.286371 1260174329421
145.02885 94.33782 -4.106364 7.3329234 -10.728734 -5.1645255 1260174329428
144.67741 93.87093 -4.1010456 7.3329234 -10.728734 -5.1645255 1260174329432
144.67741 93.87093 -4.1010456 7.248642 -6.377416 -4.8215775 1260174329442
143.94354 93.37739 -4.145993 7.248642 -6.377416 -4.8215775 1260174329448
143.94354 93.37739 -4.145993 7.3843145 -2.5997806 -2.9262333 1260174329451
143.94354 93.37739 -4.145993 7.3843145 -2.5725398 -2.830891 1260174329480
143.19637 92.908516 -4.1886935 7.3843145 -2.5725398 -2.830891 1260174329489
143.19637 92.908516 -4.1886935 7.655734 -0.36349773 -0.6206362 1260174329495
142.68655 92.56309 -4.179259 7.655734 -0.36349773 -0.6206362 1260174329501
142.68655 92.56309 -4.179259 7.718082 -0.029284477 0.7567366 1260174329507
142.60223 92.73493 -4.220296 7.718082 -0.029284477 0.7567366 1260174329510
142.60223 92.73493 -4.220296 7.8608303 -0.036720276 -0.89470106 1260174329513
142.62212 93.29819 -4.3092813 7.8608303 -0.036720276 -0.89470106 1260174329521
142.62212 93.29819 -4.3092813 7.9657283 -2.2324924 -4.457574 1260174329525
142.841 94.333275 -4.3938174 7.9657283 -2.2324924 -4.457574 1260174329532
142.841 94.333275 -4.3938174 8.040209 -11.637769 -7.798131 1260174329541
143.29895 95.91661 -4.4241266 8.040209 -11.637769 -7.798131 1260174329544
143.29895 95.91661 -4.4241266 8.128953 -20.799046 -7.654354 1260174329547
143.98401 97.87078 -4.3529205 8.128953 -20.799046 -7.654354 1260174329560
143.98401 97.87078 -4.3529205 8.233819 -6.508425 -8.058613 1260174329566
144.9848 100.027245 -4.1852746 8.233819 -6.508425 -8.058613 1260174329569
144.9848 100.027245 -4.1852746 8.033919 -6.043361 -17.828875 1260174329574
146.13556 102.27588 -4.026011 8.033919 -6.043361 -17.828875 1260174329580
146.13556 102.27588 -4.026011 7.36283 -19.989666 -13.538706 1260174329583
146.92879 104.262085 -3.9747105 7.36283 -19.989666 -13.538706 1260174329591
146.92879 104.262085 -3.9747105 6.3125086 -5.3252063 -8.373262 1260174329594
147.18234 105.69898 -4.175975 6.3125086 -5.3252063 -8.373262 1260174329605
147.18234 105.69898 -4.175975 6.2715435 -2.7906656 -12.650619 1260174329612
146.12323 106.06403 -4.767176 6.2715435 -2.7906656 -12.650619 1260174329614
146.12323 106.06403 -4.767176 5.9171166 -6.2720537 -3.489184 1260174329623
141.11707 103.56083 -5.7288175 5.9171166 -6.2720537 -3.489184 1260174329629
141.11707 103.56083 -5.7288175 -2.182589 -15.952461 -1.1977534 1260174329641
135.16121 100.23279 -6.742377 -2.182589 -15.952461 -1.1977534 1260174329649
135.16121 100.23279 -6.742377 -15.485035 -12.484728 25.504345 1260174329653
129.25314 96.52115 -7.705258 -15.485035 -12.484728 25.504345 1260174329661
129.25314 96.52115 -7.705258 -23.48923 -21.140396 24.054998 1260174329671
123.39049 92.495094 -8.569995 -23.48923 -21.140396 24.054998 1260174329682
123.39049 92.495094 -8.569995 -22.116995 0.28115845 30.924028 1260174329685
117.92096 88.32034 -9.391495 -22.116995 0.28115845 30.924028 1260174329700
117.92096 88.32034 -9.391495 -12.734252 -8.125905 17.078735 1260174329707
112.82491 84.254326 -10.27192 -12.734252 -8.125905 17.078735 1260174329726
112.82491 84.254326 -10.27192 -1.6998763 -7.756367 22.792683 1260174329729
108.88367 81.24161 -12.208324 -1.6998763 -7.756367 22.792683 1260174329740
108.88367 81.24161 -12.208324 -3.0216837 0.71287704 12.704427 1260174329743
108.78948 84.379524 -12.597908 -3.0216837 0.71287704 12.704427 1260174329762
108.78948 84.379524 -12.597908 -4.7764893 -11.818789 -18.368217 1260174329765
110.30001 87.61055 -12.318012 -4.7764893 -11.818789 -18.368217 1260174329783
110.30001 87.61055 -12.318012 -0.2878611 -8.46572 -11.016424 1260174329787
112.63501 90.73002 -11.802112 -0.2878611 -8.46572 -11.016424 1260174329800
112.63501 90.73002 -11.802112 5.950781 -18.133034 -31.49153 1260174329803
115.35326 93.69352 -11.162006 5.950781 -18.133034 -31.49153 1260174329819
115.35326 93.69352 -11.162006 10.100436 -9.592957 -24.525442 1260174329822
117.735596 96.60884 -10.603906 10.100436 -9.592957 -24.525442 1260174329842
117.735596 96.60884 -10.603906 9.112361 -20.448086 -22.907288 1260174329845
118.99882 99.2284 -10.373711 9.112361 -20.448086 -22.907288 1260174329865
118.99882 99.2284 -10.373711 5.4319983 -3.0675392 -22.488379 1260174330033
118.99888 101.06698 -10.705025 5.4319983 -3.0675392 -22.488379 1260174330045
118.99888 101.06698 -10.705025 3.9274893 -17.79449 -14.399652 1260174330054
116.99893 98.96363 -11.669773 3.9274893 -17.79449 -14.399652 1260174330062
116.99893 98.96363 -11.669773 -1.1156721 -5.2777834 1.9552699 1260174330065
113.09898 96.01545 -12.486284 -1.1156721 -5.2777834 1.9552699 1260174330069
113.09898 96.01545 -12.486284 -11.024834 -26.064074 13.602798 1260174330074
108.69403 92.61468 -13.06197 -11.024834 -26.064074 13.602798 1260174330081
108.69403 92.61468 -13.06197 -17.463604 -4.806409 24.293108 1260174330086
104.15933 88.78394 -13.458871 -17.463604 -4.806409 24.293108 1260174330089
104.15933 88.78394 -13.458871 -19.385061 -16.35461 33.958485 1260174330094
99.80137 84.74474 -13.685927 -19.385061 -16.35461 33.958485 1260174330101
99.80137 84.74474 -13.685927 -17.863003 -4.825012 23.198103 1260174330107
95.7613 80.8075 -13.801631 -17.863003 -4.825012 23.198103 1260174330110
95.7613 80.8075 -13.801631 -14.987659 5.1995916 21.861504 1260174330113
92.67323 78.11713 -14.111549 -14.987659 5.1995916 21.861504 1260174330121
92.67323 78.11713 -14.111549 -13.269973 -8.678267 8.05224 1260174330124
94.48957 80.31127 -14.105972 -13.269973 -8.678267 8.05224 1260174330130
94.48957 80.31127 -14.105972 -12.778088 -0.516551 -5.5642815 1260174330133
96.76509 83.395706 -13.750673 -12.778088 -0.516551 -5.5642815 1260174330147
96.76509 83.395706 -13.750673 -11.773946 -23.46944 -17.77164 1260174330151
99.22684 86.67592 -13.21314 -11.773946 -23.46944 -17.77164 1260174330156
99.22684 86.67592 -13.21314 -7.499169 -4.7934437 -21.31786 1260174330164
101.96549 89.99213 -12.602483 -7.499169 -4.7934437 -21.31786 1260174330168
101.96549 89.99213 -12.602483 -0.78967357 -22.075308 -30.225088 1260174330171
104.86722 93.29252 -11.972359 -0.78967357 -22.075308 -30.225088 1260174330180
104.86722 93.29252 -11.972359 5.648408 -3.4806013 -20.985163 1260174330183
107.373856 96.37789 -11.42374 5.648408 -3.4806013 -20.985163 1260174330189
107.373856 96.37789 -11.42374 8.533972 -18.86243 -24.496403 1260174330192
108.85516 98.60899 -11.302553 8.533972 -18.86243 -24.496403 1260174330204
108.85516 98.60899 -11.302553 6.5224457 -2.5524626 -15.5243845 1260174330207
108.612404 99.478546 -11.987426 6.5224457 -2.5524626 -15.5243845 1260174330213
108.612404 99.478546 -11.987426 -1.1485443 -5.3121357 1.9940581 1260174330216
106.031784 96.754616 -12.738054 -1.1485443 -5.3121357 1.9940581 1260174330224
106.031784 96.754616 -12.738054 -11.222111 -20.888943 3.85667 1260174330228
102.480194 93.46689 -13.151152 -11.222111 -20.888943 3.85667 1260174330235
102.480194 93.46689 -13.151152 -15.556923 -7.4711223 27.569468 1260174330242
98.706184 89.94354 -13.293594 -15.556923 -7.4711223 27.569468 1260174330251
98.706184 89.94354 -13.293594 -14.346724 -20.42246 22.36001 1260174330254
95.12087 86.84637 -13.228914 -14.346724 -20.42246 22.36001 1260174330264
95.12087 86.84637 -13.228914 -10.00536 0.10999966 19.559647 1260174330272
90.96483 83.904045 -12.417468 -10.00536 0.10999966 19.559647 1260174330287
90.96483 83.904045 -12.417468 2.1212554 -13.225216 4.376738 1260174330290
