143.5173 -4.4886265 7.104708 4.8035674 -9.676653 8.454221 1260179503201
143.5173 -4.4886265 7.104708 9.40914 -9.54206 5.601433 1260179503207
153.39143 -4.264195 7.599473 9.40914 -9.54206 5.601433 1260179503216
153.39143 -4.264195 7.599473 11.472885 -8.872927 5.264266 1260179503219
148.92186 -3.7509851 7.5694995 11.472885 -8.872927 5.264266 1260179503223
148.92186 -3.7509851 7.5694995 10.141608 -6.194895 3.751197 1260179503228
146.47577 -2.713436 7.3410244 10.141608 -6.194895 3.751197 1260179503234
146.47577 -2.713436 7.3410244 8.838358 2.3391237 1.3997512 1260179503240
146.10197 -0.8277641 7.073973 8.838358 2.3391237 1.3997512 1260179503243
146.10197 -0.8277641 7.073973 7.212061 3.9071772 9.334517 1260179503246
146.44687 2.013624 6.7702746 7.212061 3.9071772 9.334517 1260179503254
146.44687 2.013624 6.7702746 4.709529 -13.798914 -0.38751817 1260179503257
147.72453 5.562943 6.831761 4.709529 -13.798914 -0.38751817 1260179503264
147.72453 5.562943 6.831761 6.172816 -0.550724 8.08317 1260179503267
148.98831 9.284796 6.890173 6.172816 -0.550724 8.08317 1260179503275
148.98831 9.284796 6.890173 6.883812 -10.670047 -6.8538218 1260179503278
150.2889 12.720556 6.9456644 6.883812 -10.670047 -6.8538218 1260179503282
150.2889 12.720556 6.9456644 7.703022 -12.823548 9.351502 1260179503285
151.57445 15.884528 6.998381 7.703022 -12.823548 9.351502 1260179503294
151.57445 15.884528 6.998381 8.319728 -12.048812 -4.423354 1260179503299
152.84572 18.6403 6.998462 8.319728 -12.048812 -4.423354 1260179503303
152.84572 18.6403 6.998462 8.483772 -12.919374 12.112835 1260179503306
154.15343 20.908285 7.048539 8.483772 -12.919374 12.112835 1260179503339
154.15343 20.908285 7.048539 9.132064 -24.04737 3.7013943 1260179503346
155.34575 22.81287 7.046112 9.132064 -24.04737 3.7013943 1260179503349
155.34575 22.81287 7.046112 8.951447 -8.9225235 4.587999 1260179503358
156.47845 24.272226 6.9938064 8.951447 -8.9225235 4.587999 1260179503361
156.47845 24.272226 6.9938064 8.667183 -8.505659 17.060844 1260179503366
157.50453 25.408615 6.994116 8.667183 -8.505659 17.060844 1260179503369
157.50453 25.408615 6.994116 8.941889 -18.71417 21.8688 1260179503377
157.8293 26.338184 6.94441 8.941889 -18.71417 21.8688 1260179503381
157.8293 26.338184 6.94441 8.401582 -25.579315 19.788832 1260179503384
157.03784 27.071276 6.8471894 8.401582 -25.579315 19.788832 1260179503389
157.03784 27.071276 6.8471894 7.5679092 -25.298532 15.464457 1260179503395
155.13596 27.717712 6.70483 7.5679092 -25.298532 15.464457 1260179503403
155.13596 27.717712 6.70483 5.835892 -21.058868 11.503835 1260179503406
152.72916 28.231827 6.4195886 5.835892 -21.058868 11.503835 1260179503409
152.72916 28.231827 6.4195886 1.7820821 -16.025362 9.940338 1260179503417
150.1427 28.620235 5.998609 1.7820821 -16.025362 9.940338 1260179503420
150.1427 28.620235 5.998609 -3.7320225 -11.251132 10.955241 1260179503423
147.53557 28.889223 5.398679 -3.7320225 -11.251132 10.955241 1260179503436
147.53557 28.889223 5.398679 -10.210031 -7.463088 14.513517 1260179503440
144.8588 28.894762 4.578745 -10.210031 -7.463088 14.513517 1260179503443
144.8588 28.894762 4.578745 -13.825957 -5.076136 20.348864 1260179503448
142.26585 28.650024 3.6498077 -13.825957 -5.076136 20.348864 1260179503456
142.26585 28.650024 3.6498077 -9.985456 -4.944191 26.27005 1260179503464
139.85255 28.167522 2.5173173 -9.985456 -4.944191 26.27005 1260179503467
139.85255 28.167522 2.5173173 -0.36010265 -7.2965026 24.90447 1260179503475
137.65993 27.409147 1.2914515 -0.36010265 -7.2965026 24.90447 1260179503484
137.65993 27.409147 1.2914515 2.827867 -11.328098 14.047287 1260179503487
135.72693 26.388689 -0.02312112 2.827867 -11.328098 14.047287 1260179503499
135.72693 26.388689 -0.02312112 -7.1457033 -11.334076 17.403446 1260179503503
133.99059 25.069254 -1.421965 -7.1457033 -11.334076 17.403446 1260179503516
133.99059 25.069254 -1.421965 -16.71976 0.7307205 14.675598 1260179503523
132.44106 23.565792 -2.8508668 -16.71976 0.7307205 14.675598 1260179503532
132.44106 23.565792 -2.8508668 -9.946209 11.1619625 12.317535 1260179503536
131.169 21.987503 -4.3583236 -9.946209 11.1619625 12.317535 1260179503556
131.169 21.987503 -4.3583236 2.0005713 1.7621598 14.334913 1260179503559
130.06056 20.388128 -5.9404073 2.0005713 1.7621598 14.334913 1260179503578
130.06056 20.388128 -5.9404073 -3.679791 -7.7246194 9.545588 1260179503582
129.20753 18.768723 -7.743387 -3.679791 -7.7246194 9.545588 1260179503592
129.20753 18.768723 -7.743387 -16.44134 2.916079 8.256008 1260179503598
128.64716 17.180286 -9.906218 -16.44134 2.916079 8.256008 1260179503613
128.64716 17.180286 -9.906218 -1.8363776 11.659372 5.7028027 1260179503617
128.5148 15.721272 -12.460907 -1.8363776 11.659372 5.7028027 1260179503637
128.5148 15.721272 -12.460907 -4.8387413 1.4924611 -6.748211 1260179503640
128.73906 14.535209 -15.137861 -4.8387413 1.4924611 -6.748211 1260179503844
128.73906 14.535209 -15.137861 -11.881484 -8.053188 6.0308824 1260179503847
129.85211 13.808448 -18.43097 -11.881484 -8.053188 6.0308824 1260179503855
129.85211 13.808448 -18.43097 -2.8812532 -9.220794 4.034709 1260179503858
132.6595 22.018026 -21.709421 -2.8812532 -9.220794 4.034709 1260179503864
132.6595 22.018026 -21.709421 -9.480244 0.04544495 8.701993 1260179503867
137.22653 29.667126 -24.123951 -9.480244 0.04544495 8.701993 1260179503877
137.22653 29.667126 -24.123951 1.5914297 9.045855 -3.2673862 1260179503881
143.96521 36.53377 -25.317753 1.5914297 9.045855 -3.2673862 1260179503886
143.96521 36.53377 -25.317753 -7.182825 7.4254813 -0.8313954 1260179503893
151.26695 42.957085 -26.051865 -7.182825 7.4254813 -0.8313954 1260179503898
151.26695 42.957085 -26.051865 -12.122959 6.5793943 -1.7644668 1260179503902
159.8536 48.60923 -26.399271 -12.122959 6.5793943 -1.7644668 1260179503905
159.8536 48.60923 -26.399271 -12.63236 7.367057 -4.6635876 1260179503914
152.56093 53.32877 -26.079308 -12.63236 7.367057 -4.6635876 1260179503917
152.56093 53.32877 -26.079308 -9.967663 -4.362381 -10.068792 1260179503922
147.68288 57.66233 -24.975342 -9.967663 -4.362381 -10.068792 1260179503925
147.68288 57.66233 -24.975342 0.95047814 -13.6834545 -1.4621358 1260179503928
144.44873 61.679214 -23.426575 0.95047814 -13.6834545 -1.4621358 1260179503937
144.44873 61.679214 -23.426575 10.663769 2.7038784 -7.415345 1260179503940
142.0763 65.395256 -21.655247 10.663769 2.7038784 -7.415345 1260179503955
142.0763 65.395256 -21.655247 -0.84672236 -13.241967 -0.04245901 1260179503958
140.42249 69.02549 -19.772484 -0.84672236 -13.241967 -0.04245901 1260179503962
140.42249 69.02549 -19.772484 -4.218474 -8.153887 -3.3168688 1260179503967
139.35136 72.524216 -17.83386 -4.218474 -8.153887 -3.3168688 1260179503973
139.35136 72.524216 -17.83386 12.904941 -6.834133 -14.910311 1260179503979
138.88379 75.898 -15.892167 12.904941 -6.834133 -14.910311 1260179503982
138.88379 75.898 -15.892167 7.0388403 -14.012787 -18.221622 1260179503985
139.1896 79.2031 -13.847559 7.0388403 -14.012787 -18.221622 1260179503993
139.1896 79.2031 -13.847559 -3.657721 -2.4379053 -11.467098 1260179503996
140.43013 82.44295 -11.605181 -3.657721 -2.4379053 -11.467098 1260179504004
140.43013 82.44295 -11.605181 14.259258 -13.926653 -3.4028912 1260179504007
141.75862 85.370804 -9.124922 14.259258 -13.926653 -3.4028912 1260179504018
141.75862 85.370804 -9.124922 3.9426634 -1.924139 2.8578086 1260179504022
142.6207 87.90227 -6.768676 3.9426634 -1.924139 2.8578086 1260179504025
142.6207 87.90227 -6.768676 3.02706 -7.9431705 4.0743055 1260179504033
143.83966 90.30715 -4.580242 3.02706 -7.9431705 4.0743055 1260179504038
143.83966 90.30715 -4.580242 18.622265 -17.334103 -4.833635 1260179504041
145.54768 92.5918 -2.50123 18.622265 -17.334103 -4.833635 1260179504054
145.54768 92.5918 -2.50123 4.264553 -1.7992115 -6.0462103 1260179504057
147.2703 94.712204 -0.52616847 4.264553 -1.7992115 -6.0462103 1260179504064
147.2703 94.712204 -0.52616847 5.7156982 -16.92022 0.6440573 1260179504068
148.85678 96.626595 1.35014 5.7156982 -16.92022 0.6440573 1260179504077
148.85678 96.626595 1.35014 20.363325 -19.90115 -7.5571833 1260179504086
149.81395 98.295265 3.132633 20.363325 -19.90115 -7.5571833 1260179504098
149.81395 98.295265 3.132633 10.589092 -5.7990165 2.1916332 1260179504101
150.07326 99.680504 4.7760015 10.589092 -5.7990165 2.1916332 1260179504113
150.07326 99.680504 4.7760015 0.23077679 -6.418262 -1.4278052 1260179504120
149.8696 100.94648 6.2872014 0.23077679 -6.418262 -1.4278052 1260179504133
149.8696 100.94648 6.2872014 9.587221 -17.467262 8.761726 1260179504143
148.42612 98.59916 7.7228413 9.587221 -17.467262 8.761726 1260179504154
148.42612 98.59916 7.7228413 18.323912 -2.926569 1.2498955 1260179504157
145.15482 96.2192 9.0866995 18.323912 -2.926569 1.2498955 1260179504173
145.15482 96.2192 9.0866995 10.918671 -19.429958 7.4329057 1260179504180
141.09708 93.60824 10.282365 10.918671 -19.429958 7.4329057 1260179504196
141.09708 93.60824 10.282365 -0.28796482 -3.2494826 0.8755684 1260179504202
136.69221 90.777824 11.318247 -0.28796482 -3.2494826 0.8755684 1260179504212
136.69221 90.777824 11.318247 -2.5521631 -11.114719 5.0944366 1260179504215
132.3076 87.838936 12.252335 -2.5521631 -11.114719 5.0944366 1260179504235
132.3076 87.838936 12.252335 3.7693357 -5.963329 18.536312 1260179504238
127.99222 84.89699 13.089718 3.7693357 -5.963329 18.536312 1260179504253
127.99222 84.89699 13.089718 11.530975 -5.8678446 1.5322762 1260179504260
123.79261 81.95214 13.835232 11.530975 -5.8678446 1.5322762 1260179504272
123.79261 81.95214 13.835232 15.594795 -8.559351 13.132285 1260179504282
119.75298 79.054535 14.49347 15.594795 -8.559351 13.132285 1260179504295
119.75298 79.054535 14.49347 15.12296 -0.5147352 13.081744 1260179504299
115.81533 76.30181 15.218797 15.12296 -0.5147352 13.081744 1260179504311
115.81533 76.30181 15.218797 10.379952 -12.547253 4.099503 1260179504319
112.17456 73.78672 15.957857 10.379952 -12.547253 4.099503 1260179504338
112.17456 73.78672 15.957857 2.3844318 5.4742312 7.659697 1260179504342
109.36583 71.84738 16.659964 2.3844318 5.4742312 7.659697 1260179504352
109.36583 71.84738 16.659964 -3.5562463 -8.966393 10.799449 1260179504355
108.44754 70.305016 17.526966 -3.5562463 -8.966393 10.799449 1260179504376
108.44754 70.305016 17.526966 -4.8142753 -14.6005535 5.226102 1260179504380
110.22517 68.98976 18.350618 -4.8142753 -14.6005535 5.226102 1260179504393
110.22517 68.98976 18.350618 0.1051321 -4.6594844 12.324314 1260179504399
