105.42772 22.409166 11.892386 -5.467325 -3.5709543 6.329918 1260179593474
105.42772 22.409166 11.892386 -1.662365 -1.1293232 1.392304 1260179593480
117.35633 22.888708 12.647767 -1.662365 -1.1293232 1.392304 1260179593483
117.35633 22.888708 12.647767 5.373242 2.1727138 1.2647247 1260179593486
127.13851 23.594273 13.615378 5.373242 2.1727138 1.2647247 1260179593494
127.13851 23.594273 13.615378 13.508193 4.033473 5.7694645 1260179593498
134.68158 24.664558 14.73461 13.508193 4.033473 5.7694645 1260179593525
134.68158 24.664558 14.73461 13.4824505 -1.9383016 -1.3374095 1260179593539
140.3475 26.081331 15.797879 13.4824505 -1.9383016 -1.3374095 1260179593543
140.3475 26.081331 15.797879 4.6090107 -15.359276 -4.3538604 1260179593546
144.73013 30.927265 16.657986 4.6090107 -15.359276 -4.3538604 1260179593554
144.73013 30.927265 16.657986 -2.468979 -3.993885 -5.8640037 1260179593561
147.79362 35.330902 17.075087 -2.468979 -3.993885 -5.8640037 1260179593566
147.79362 35.330902 17.075087 -4.9120374 -2.8926616 -1.3329268 1260179593576
149.85394 39.464355 17.071333 -4.9120374 -2.8926616 -1.3329268 1260179593581
149.85394 39.464355 17.071333 -6.280184 -19.408344 -3.6688914 1260179593586
150.41124 43.19114 16.617765 -6.280184 -19.408344 -3.6688914 1260179593589
150.41124 43.19114 16.617765 -6.414773 -2.0608463 -7.961526 1260179593761
148.49068 46.431583 15.236877 -6.414773 -2.0608463 -7.961526 1260179593776
148.49068 46.431583 15.236877 2.799708 -14.087179 4.6926703 1260179593783
143.86615 46.460003 12.525034 2.799708 -14.087179 4.6926703 1260179593788
143.86615 46.460003 12.525034 -5.7986417 -12.399294 -5.491801 1260179593797
138.42284 45.337 9.648782 -5.7986417 -12.399294 -5.491801 1260179593803
138.42284 45.337 9.648782 -11.874612 -15.115562 6.08259 1260179593807
132.8517 43.820152 6.9663424 -11.874612 -15.115562 6.08259 1260179593813
132.8517 43.820152 6.9663424 -7.148121 -3.3621202 20.549316 1260179593818
127.40911 42.229145 4.5680256 -7.148121 -3.3621202 20.549316 1260179593822
127.40911 42.229145 4.5680256 -24.462513 4.965729 16.300442 1260179593827
122.08865 40.817688 2.3396244 -24.462513 4.965729 16.300442 1260179593833
122.08865 40.817688 2.3396244 -6.8356194 -5.660061 22.638916 1260179593838
117.03422 39.926804 0.32264322 -6.8356194 -5.660061 22.638916 1260179593842
117.03422 39.926804 0.32264322 -7.4756794 -14.448132 6.3238406 1260179593846
112.832504 40.18046 -1.193489 -7.4756794 -14.448132 6.3238406 1260179593854
112.832504 40.18046 -1.193489 -15.117241 -14.604862 3.1957028 1260179593857
113.84088 42.97144 -1.3838145 -15.117241 -14.604862 3.1957028 1260179593864
113.84088 42.97144 -1.3838145 -10.841394 -4.4316053 0.5181292 1260179593867
118.59884 46.472866 -0.8146237 -10.841394 -4.4316053 0.5181292 1260179593877
118.59884 46.472866 -0.8146237 -3.982881 -22.923384 -12.022823 1260179593881
123.718895 50.199223 -0.07389254 -3.982881 -22.923384 -12.022823 1260179593884
123.718895 50.199223 -0.07389254 5.1196413 -20.803175 -1.6756611 1260179593901
128.68295 53.78926 0.62980205 5.1196413 -20.803175 -1.6756611 1260179593904
128.68295 53.78926 0.62980205 12.827391 -21.556358 -21.241165 1260179593909
133.1988 57.1498 1.248312 12.827391 -21.556358 -21.241165 1260179593916
133.1988 57.1498 1.248312 15.900688 -31.353203 -11.549295 1260179593921
136.98886 60.24231 1.6858964 15.900688 -31.353203 -11.549295 1260179593924
136.98886 60.24231 1.6858964 14.692963 -19.200117 -11.6269 1260179593928
139.88942 63.080193 1.9516016 14.692963 -19.200117 -11.6269 1260179593935
139.88942 63.080193 1.9516016 11.794812 -23.098097 -13.541564 1260179593939
141.44495 65.62618 1.9040215 11.794812 -23.098097 -13.541564 1260179593947
141.44495 65.62618 1.9040215 9.42437 -19.557026 -4.0956593 1260179593958
140.8227 67.894875 1.2088203 9.42437 -19.557026 -4.0956593 1260179593962
140.8227 67.894875 1.2088203 6.631565 -2.4961538 -2.485438 1260179593965
137.08156 67.05013 -0.8016207 6.631565 -2.4961538 -2.485438 1260179593973
137.08156 67.05013 -0.8016207 -12.720831 1.5043945 -3.1372828 1260179593978
131.62749 64.54762 -3.5615396 -12.720831 1.5043945 -3.1372828 1260179593982
131.62749 64.54762 -3.5615396 -5.143676 -12.897978 6.6319275 1260179593985
126.096115 61.370243 -5.733463 -5.143676 -12.897978 6.6319275 1260179593997
126.096115 61.370243 -5.733463 -7.5469074 9.373893 12.80113 1260179594039
120.74131 58.35173 -7.5467896 -7.5469074 9.373893 12.80113 1260179594054
120.74131 58.35173 -7.5467896 -24.991005 -9.7956295 16.670208 1260179594065
115.554245 55.634144 -9.16945 -24.991005 -9.7956295 16.670208 1260179594082
115.554245 55.634144 -9.16945 -19.064701 6.0889645 14.0863 1260179594085
110.42653 53.252438 -10.660977 -19.064701 6.0889645 14.0863 1260179594098
110.42653 53.252438 -10.660977 -5.8348255 -4.8191595 21.79882 1260179594104
105.5052 51.489815 -12.027928 -5.8348255 -4.8191595 21.79882 1260179594108
105.5052 51.489815 -12.027928 -6.4837604 -14.8156395 16.286629 1260179594116
101.17994 50.865326 -13.126532 -6.4837604 -14.8156395 16.286629 1260179594119
101.17994 50.865326 -13.126532 -11.758348 -12.928079 13.281691 1260179594123
102.37094 53.37206 -13.0202055 -11.758348 -12.928079 13.281691 1260179594133
102.37094 53.37206 -13.0202055 -6.1760793 -10.408526 -9.57893 1260179594141
107.9024 56.553455 -12.119195 -6.1760793 -10.408526 -9.57893 1260179594144
107.9024 56.553455 -12.119195 5.8313026 -15.233605 1.1680288 1260179594152
113.65728 59.92578 -11.063235 5.8313026 -15.233605 1.1680288 1260179594155
113.65728 59.92578 -11.063235 13.577654 -18.130075 -13.774296 1260179594161
119.274414 63.179493 -10.060074 13.577654 -18.130075 -13.774296 1260179594166
119.274414 63.179493 -10.060074 10.337429 -27.678223 -24.032944 1260179594177
124.41069 66.22052 -9.20707 10.337429 -27.678223 -24.032944 1260179594181
124.41069 66.22052 -9.20707 1.628875 -24.12205 -7.883546 1260179594184
128.79016 69.00949 -8.546717 1.628875 -24.12205 -7.883546 1260179594198
128.79016 69.00949 -8.546717 -5.607032 -23.634005 -21.587635 1260179594201
132.15065 71.55901 -8.169381 -5.607032 -23.634005 -21.587635 1260179594214
132.15065 71.55901 -8.169381 -9.588997 -27.09373 -9.751528 1260179594222
133.74312 73.83106 -8.210912 -9.588997 -27.09373 -9.751528 1260179594233
133.74312 73.83106 -8.210912 -11.988135 -6.8032694 -8.062072 1260179594236
131.65596 76.18951 -9.150366 -11.988135 -6.8032694 -8.062072 1260179594251
131.65596 76.18951 -9.150366 -8.825632 -18.779146 -10.03609 1260179594259
127.07316 74.38003 -11.142848 -8.825632 -18.779146 -10.03609 1260179594273
127.07316 74.38003 -11.142848 0.71810436 0.67313576 2.484631 1260179594279
121.7695 71.511024 -13.335706 0.71810436 0.67313576 2.484631 1260179594297
121.7695 71.511024 -13.335706 -18.776112 -10.938902 2.1828218 1260179594304
116.53103 68.08547 -15.06892 -18.776112 -10.938902 2.1828218 1260179594314
116.53103 68.08547 -15.06892 -20.337042 7.3233333 8.723328 1260179594317
111.60448 64.5812 -16.465475 -20.337042 7.3233333 8.723328 1260179594333
111.60448 64.5812 -16.465475 -8.303129 -9.031285 17.363815 1260179594338
106.82425 61.30214 -17.7422 -8.303129 -9.031285 17.363815 1260179594527
106.82425 61.30214 -17.7422 -5.780241 10.241202 16.33366 1260179594538
102.13303 58.287033 -19.05509 -5.780241 10.241202 16.33366 1260179594544
102.13303 58.287033 -19.05509 -15.007514 -10.084964 11.993009 1260179594547
97.676384 55.82268 -20.602335 -15.007514 -10.084964 11.993009 1260179594556
97.676384 55.82268 -20.602335 -20.22118 4.3403234 7.2953 1260179594560
93.84257 54.331547 -22.422218 -20.22118 4.3403234 7.2953 1260179594563
93.84257 54.331547 -22.422218 -4.0092463 3.6419196 8.685549 1260179594568
92.40044 58.21497 -23.301107 -4.0092463 3.6419196 8.685549 1260179594575
92.40044 58.21497 -23.301107 3.570898 -16.497412 -1.3525743 1260179594581
94.68041 61.554222 -22.936052 3.570898 -16.497412 -1.3525743 1260179594584
94.68041 61.554222 -22.936052 4.414647 -1.1738977 -8.060634 1260179594589
98.89639 64.77651 -22.08925 4.414647 -1.1738977 -8.060634 1260179594596
98.89639 64.77651 -22.08925 -1.083194 -23.873886 -6.830436 1260179594602
103.801575 67.837685 -21.134789 -1.083194 -23.873886 -6.830436 1260179594606
103.801575 67.837685 -21.134789 -8.77919 -9.020003 -15.096213 1260179594615
109.111496 70.6458 -20.17805 -8.77919 -9.020003 -15.096213 1260179594618
109.111496 70.6458 -20.17805 -10.290081 -31.08075 -14.234488 1260179594627
114.455925 73.11351 -19.319147 -10.290081 -31.08075 -14.234488 1260179594633
114.455925 73.11351 -19.319147 -5.592443 -15.2437725 -18.743465 1260179594636
119.63313 75.107834 -18.60319 -5.592443 -15.2437725 -18.743465 1260179594644
119.63313 75.107834 -18.60319 0.23802614 -19.19087 0.075883865 1260179594647
124.50148 76.65244 -18.17303 0.23802614 -19.19087 0.075883865 1260179594653
124.50148 76.65244 -18.17303 2.6079848 -28.74924 -1.7344024 1260179594656
118.57641 76.36982 -18.16438 2.6079848 -28.74924 -1.7344024 1260179594659
118.57641 76.36982 -18.16438 1.3526936 -22.680103 5.8459563 1260179594663
113.197586 75.101326 -18.606161 1.3526936 -22.680103 5.8459563 1260179594665
113.197586 75.101326 -18.606161 -3.4268599 -6.92599 14.706608 1260179594668
