290.47507 -2.543186 61.341206 4.3304358 10.743483 5.190407 1260261080189
290.47507 -2.543186 61.341206 1.4273853 8.17657 7.5920324 1260261080193
277.6513 -3.2160265 60.574146 1.4273853 8.17657 7.5920324 1260261080198
277.6513 -3.2160265 60.574146 1.9023147 2.8397522 14.764674 1260261080205
265.96875 -4.105225 59.64544 1.9023147 2.8397522 14.764674 1260261080211
265.96875 -4.105225 59.64544 8.366144 -3.7171693 13.281178 1260261080214
255.12032 -5.199964 58.76317 8.366144 -3.7171693 13.281178 1260261080218
255.12032 -5.199964 58.76317 14.730701 -4.0952044 3.5099225 1260261080226
244.7643 -6.139966 58.27501 14.730701 -4.0952044 3.5099225 1260261080248
244.7643 -6.139966 58.27501 15.906186 1.9109888 2.6924086 1260261080253
233.27608 -6.5329676 59.06126 15.906186 1.9109888 2.6924086 1260261080265
233.27608 -6.5329676 59.06126 11.663309 3.9207296 -6.9157734 1260261080273
235.21228 2.6936815 58.808197 11.663309 3.9207296 -6.9157734 1260261080276
235.21228 2.6936815 58.808197 13.191313 -4.4893866 1.5143409 1260261080285
235.40167 11.158998 57.367786 13.191313 -4.4893866 1.5143409 1260261080290
235.40167 11.158998 57.367786 12.49851 8.116707 -7.982372 1260261080294
235.58159 19.301048 55.549397 12.49851 8.116707 -7.982372 1260261080296
235.58159 19.301048 55.549397 -2.9578595 -5.7195835 -9.109337 1260261080300
236.65251 27.285995 53.521927 -2.9578595 -5.7195835 -9.109337 1260261080309
236.65251 27.285995 53.521927 3.671288 -8.647201 -12.010693 1260261080313
239.26988 17.071695 51.44583 3.671288 -8.647201 -12.010693 1260261080320
239.26988 17.071695 51.44583 12.862518 10.435121 -18.963608 1260261080328
244.05638 7.5181108 49.27354 12.862518 10.435121 -18.963608 1260261080334
244.05638 7.5181108 49.27354 -5.77906 -7.4817667 -15.77599 1260261080343
234.65356 -1.4577951 46.909863 -5.77906 -7.4817667 -15.77599 1260261080353
234.65356 -1.4577951 46.909863 2.5173419 11.889512 -16.538939 1260261080356
232.17088 -10.084906 44.164368 2.5173419 11.889512 -16.538939 1260261080367
232.17088 -10.084906 44.164368 0.017424464 -4.729221 -20.184784 1260261080373
233.91234 -0.73065996 40.50615 0.017424464 -4.729221 -20.184784 1260261080386
233.91234 -0.73065996 40.50615 -1.5765417 6.0225673 -15.420083 1260261080389
235.11671 7.9058733 34.53084 -1.5765417 6.0225673 -15.420083 1260261080408
235.11671 7.9058733 34.53084 -7.1753025 -10.849196 -0.52701724 1260261080593
228.51088 7.7605796 30.2543 -7.1753025 -10.849196 -0.52701724 1260261080600
228.51088 7.7605796 30.2543 -18.252863 -10.819672 7.732244 1260261080611
221.98534 7.322551 26.891584 -18.252863 -10.819672 7.732244 1260261080615
221.98534 7.322551 26.891584 -0.8468094 -8.257727 12.950727 1260261080624
215.58607 6.7064233 23.997005 -0.8468094 -8.257727 12.950727 1260261080628
215.58607 6.7064233 23.997005 -18.802689 -2.2543607 20.369118 1260261080632
209.10677 6.221102 21.297155 -18.802689 -2.2543607 20.369118 1260261080637
209.10677 6.221102 21.297155 -2.4352064 1.5069664 7.3410716 1260261080643
202.05142 6.4600472 18.532297 -2.4352064 1.5069664 7.3410716 1260261080646
202.05142 6.4600472 18.532297 -10.112581 -4.148647 19.217495 1260261080652
194.14885 8.887045 16.305683 -10.112581 -4.148647 19.217495 1260261080655
194.14885 8.887045 16.305683 -9.642005 -12.728582 10.458053 1260261080664
187.49141 13.992693 15.340399 -9.642005 -12.728582 10.458053 1260261080667
187.49141 13.992693 15.340399 2.7996893 -23.127563 -6.3425913 1260261080676
182.31683 19.843058 14.973379 2.7996893 -23.127563 -6.3425913 1260261080679
182.31683 19.843058 14.973379 9.592447 -25.073824 -18.447557 1260261080687
178.75099 26.100904 14.82471 9.592447 -25.073824 -18.447557 1260261080690
178.75099 26.100904 14.82471 13.743533 -24.717756 -26.148682 1260261080694
178.31345 32.49586 14.783474 13.743533 -24.717756 -26.148682 1260261080699
178.31345 32.49586 14.783474 15.478106 -22.617361 -30.703823 1260261080707
181.09778 38.97107 14.7443 15.478106 -22.617361 -30.703823 1260261080713
181.09778 38.97107 14.7443 15.703249 -19.36299 -30.984293 1260261080725
183.99289 45.422516 14.557085 15.703249 -19.36299 -30.984293 1260261080730
183.99289 45.422516 14.557085 14.900691 -16.227097 -29.858446 1260261080734
185.39325 51.75139 14.179231 14.900691 -16.227097 -29.858446 1260261080737
185.39325 51.75139 14.179231 13.210039 -13.932537 -28.719393 1260261080745
183.87358 57.81382 13.57027 13.210039 -13.932537 -28.719393 1260261080748
183.87358 57.81382 13.57027 9.206802 -12.315039 -24.5266 1260261080754
177.2799 63.573128 12.691756 9.206802 -12.315039 -24.5266 1260261080757
177.2799 63.573128 12.691756 -0.1500932 -9.205107 -14.511778 1260261080765
186.1159 68.94447 11.507169 -0.1500932 -9.205107 -14.511778 1260261080771
186.1159 68.94447 11.507169 -11.80052 -0.8154583 -11.221279 1260261080775
193.3101 73.89725 9.781811 -11.80052 -0.8154583 -11.221279 1260261080790
193.3101 73.89725 9.781811 -7.7835693 7.5151453 -10.637901 1260261080794
199.0446 78.60239 6.64272 -7.7835693 7.5151453 -10.637901 1260261080799
199.0446 78.60239 6.64272 -2.5585518 -0.9944137 -13.418612 1260261080805
192.34238 74.822266 2.6105843 -2.5585518 -0.9944137 -13.418612 1260261080813
192.34238 74.822266 2.6105843 -3.141356 4.874366 -4.7444963 1260261080816
187.42526 70.731155 0.1800551 -3.141356 4.874366 -4.7444963 1260261080820
187.42526 70.731155 0.1800551 -7.724741 -8.291698 8.525375 1260261080831
182.704 66.694595 -1.6289477 -7.724741 -8.291698 8.525375 1260261080837
182.704 66.694595 -1.6289477 -20.257483 9.548635 14.361384 1260261080839
178.11879 62.759865 -3.1475003 -20.257483 9.548635 14.361384 1260261080850
178.11879 62.759865 -3.1475003 -10.470634 4.818221 6.5018682 1260261080854
173.71284 58.92187 -4.590125 -10.470634 4.818221 6.5018682 1260261080886
173.71284 58.92187 -4.590125 0.13811874 -2.4250317 15.664706 1260261080914
169.4272 55.37578 -6.210619 0.13811874 -2.4250317 15.664706 1260261080939
169.4272 55.37578 -6.210619 -8.047358 12.112565 14.928847 1260261080946
164.90584 52.35699 -8.200088 -8.047358 12.112565 14.928847 1260261080952
164.90584 52.35699 -8.200088 -16.927986 -7.5477343 9.0225525 1260261080955
158.96054 50.289143 -10.6900835 -16.927986 -7.5477343 9.0225525 1260261080967
158.96054 50.289143 -10.6900835 3.6120877 -1.5666419 0.44483113 1260261080973
152.46251 54.274685 -12.105579 3.6120877 -1.5666419 0.44483113 1260261080976
152.46251 54.274685 -12.105579 1.442884 3.906767 -6.438963 1260261080979
149.78938 58.36095 -11.2503 1.442884 3.906767 -6.438963 1260261080989
149.78938 58.36095 -11.2503 10.205655 -15.42687 -6.760567 1260261080993
150.19992 62.992905 -9.837786 10.205655 -15.42687 -6.760567 1260261081004
150.19992 62.992905 -9.837786 8.891193 -9.661978 -22.847935 1260261081012
152.73993 67.69326 -8.195896 8.891193 -9.661978 -22.847935 1260261081015
152.73993 67.69326 -8.195896 0.2470398 -0.14250088 -21.13629 1260261081023
157.25293 72.3586 -6.5361013 0.2470398 -0.14250088 -21.13629 1260261081032
157.25293 72.3586 -6.5361013 10.827601 -9.272208 -35.494675 1260261081035
163.44028 76.99067 -4.8592963 10.827601 -9.272208 -35.494675 1260261081047
163.44028 76.99067 -4.8592963 25.180775 -18.70541 -29.369282 1260261081050
170.46826 81.54114 -3.2163315 25.180775 -18.70541 -29.369282 1260261081063
170.46826 81.54114 -3.2163315 16.653946 -5.576222 -39.014885 1260261081073
176.84485 85.96408 -1.7555149 16.653946 -5.576222 -39.014885 1260261081088
176.84485 85.96408 -1.7555149 4.58636 3.5426025 -27.335268 1260261081092
181.50261 90.21587 -0.46773908 4.58636 3.5426025 -27.335268 1260261081104
181.50261 90.21587 -0.46773908 6.6548223 -12.057468 -30.142788 1260261081107
184.27748 94.20508 0.55564785 6.6548223 -12.057468 -30.142788 1260261081128
184.27748 94.20508 0.55564785 12.60615 -3.5315535 -11.731065 1260261081131
184.51361 97.79482 1.2278655 12.60615 -3.5315535 -11.731065 1260261081143
184.51361 97.79482 1.2278655 12.702566 0.40587234 -16.634804 1260261081148
178.58794 100.90508 0.9164722 12.702566 0.40587234 -16.634804 1260261081165
178.58794 100.90508 0.9164722 7.1085057 -6.1692905 -1.4352946 1260261081172
186.35854 104.109825 -2.8293514 7.1085057 -6.1692905 -1.4352946 1260261081351
186.35854 104.109825 -2.8293514 -7.6958838 2.8696513 8.012817 1260261081358
181.0406 98.904335 -5.087884 -7.6958838 2.8696513 8.012817 1260261081367
181.0406 98.904335 -5.087884 1.3535991 9.866451 6.8956404 1260261081372
176.48857 93.55912 -6.7834897 1.3535991 9.866451 6.8956404 1260261081377
176.48857 93.55912 -6.7834897 -14.7800455 8.597867 18.870255 1260261081380
172.26414 88.281166 -8.194315 -14.7800455 8.597867 18.870255 1260261081390
172.26414 88.281166 -8.194315 -20.420212 1.0080204 12.023507 1260261081394
168.35094 83.11711 -9.534599 -20.420212 1.0080204 12.023507 1260261081397
168.35094 83.11711 -9.534599 -9.78133 -4.943587 13.166482 1260261081405
164.83339 77.96126 -11.057869 -9.78133 -4.943587 13.166482 1260261081408
164.83339 77.96126 -11.057869 0.13778496 -0.15583897 9.813422 1260261081414
161.89172 73.1132 -13.104976 0.13778496 -0.15583897 9.813422 1260261081417
161.89172 73.1132 -13.104976 -13.730206 11.027871 0.33259773 1260261081425
165.09714 68.60754 -16.049726 -13.730206 11.027871 0.33259773 1260261081428
165.09714 68.60754 -16.049726 -3.7164 6.9692535 -7.524661 1260261081432
169.79228 56.52716 -16.99724 -3.7164 6.9692535 -7.524661 1260261081437
169.79228 56.52716 -16.99724 4.7288175 1.2731407 -9.436795 1260261081444
177.15266 62.600803 -16.497377 4.7288175 1.2731407 -9.436795 1260261081451
177.15266 62.600803 -16.497377 5.200395 1.7811029 -21.414713 1260261081455
180.19504 68.32076 -15.322509 5.200395 1.7811029 -21.414713 1260261081466
180.19504 68.32076 -15.322509 -1.1512222 5.656097 -28.156502 1260261081472
185.13528 73.70473 -13.9063835 -1.1512222 5.656097 -28.156502 1260261081475
185.13528 73.70473 -13.9063835 -3.097753 7.955676 -27.528679 1260261081478
190.32852 78.76949 -12.361064 -3.097753 7.955676 -27.528679 1260261081486
190.32852 78.76949 -12.361064 11.082672 -0.30228925 -38.51703 1260261081489
194.5121 83.38102 -10.7430105 11.082672 -0.30228925 -38.51703 1260261081496
194.5121 83.38102 -10.7430105 19.677114 -14.322484 -27.062319 1260261081499
196.9865 87.46197 -9.10586 19.677114 -14.322484 -27.062319 1260261081509
196.9865 87.46197 -9.10586 6.8974075 -2.4978385 -32.35825 1260261081513
196.88718 90.78887 -7.5505667 6.8974075 -2.4978385 -32.35825 1260261081516
196.88718 90.78887 -7.5505667 -0.5944691 -13.273026 -21.686916 1260261081528
193.99281 93.14943 -6.073038 -0.5944691 -13.273026 -21.686916 1260261081532
193.99281 93.14943 -6.073038 9.099658 -3.8314734 -7.433688 1260261081535
189.14317 94.29196 -4.819386 9.099658 -3.8314734 -7.433688 1260261081545
189.14317 94.29196 -4.819386 14.865208 -14.625245 -3.5989885 1260261081554
183.53601 93.32736 -3.9784167 14.865208 -14.625245 -3.5989885 1260261081557
183.53601 93.32736 -3.9784167 9.919039 -4.4316983 -2.067743 1260261081566
177.90921 91.46099 -3.4294958 9.919039 -4.4316983 -2.067743 1260261081575
177.90921 91.46099 -3.4294958 4.267253 -6.320344 15.090352 1260261081578
172.56375 88.78794 -3.008021 4.267253 -6.320344 15.090352 1260261081589
172.56375 88.78794 -3.008021 -0.3653081 -13.807053 1.9239259 1260261081593
