84.284454 49.905342 9.718672 0.0076304674 2.7671518 -0.256876 1260179566737
84.284454 49.905342 9.718672 -1.163574 -3.4247007 -5.5636654 1260179566746
88.170235 51.310074 9.782739 -1.163574 -3.4247007 -5.5636654 1260179566748
88.170235 51.310074 9.782739 -1.7582738 -17.259373 -3.792885 1260179566757
92.71172 54.04457 9.993602 -1.7582738 -17.259373 -3.792885 1260179566789
92.71172 54.04457 9.993602 -2.908746 -3.67419 5.4228954 1260179566794
96.52614 56.592342 9.993921 -2.908746 -3.67419 5.4228954 1260179566797
96.52614 56.592342 9.993921 -3.1974108 -11.950689 -10.603605 1260179566805
100.14983 59.112724 9.944225 -3.1974108 -11.950689 -10.603605 1260179566815
100.14983 59.112724 9.944225 -2.9987369 -17.363567 4.0084596 1260179566818
103.54234 61.507088 9.797014 -2.9987369 -17.363567 4.0084596 1260179566826
103.54234 61.507088 9.797014 -1.970674 -2.5627375 -5.451414 1260179566829
106.465225 63.631733 9.557163 -1.970674 -2.5627375 -5.451414 1260179566838
106.465225 63.631733 9.557163 -0.13585997 -18.878971 -9.452028 1260179566847
108.94196 65.35014 9.279305 -0.13585997 -18.878971 -9.452028 1260179566854
108.94196 65.35014 9.279305 2.2514486 -16.861897 6.4429774 1260179566865
110.44486 66.43263 8.965341 2.2514486 -16.861897 6.4429774 1260179566874
110.44486 66.43263 8.965341 4.8088417 -5.9125733 8.159907 1260179566877
110.32262 66.961 8.517074 4.8088417 -5.9125733 8.159907 1260179566886
110.32262 66.961 8.517074 7.6415863 -1.4224739 5.515155 1260179566889
108.506485 66.91295 7.99122 7.6415863 -1.4224739 5.515155 1260179566907
108.506485 66.91295 7.99122 9.285625 -1.3778815 4.8637614 1260179566910
105.93116 66.5173 7.441659 9.285625 -1.3778815 4.8637614 1260179566925
105.93116 66.5173 7.441659 8.447493 -4.1091933 2.1964912 1260179566933
103.0346 65.84144 6.969576 8.447493 -4.1091933 2.1964912 1260179566943
103.0346 65.84144 6.969576 5.747651 -10.306589 -0.7317896 1260179566947
100.08287 65.04937 6.571097 5.747651 -10.306589 -0.7317896 1260179566965
100.08287 65.04937 6.571097 2.6465104 -16.728737 1.8835282 1260179566969
97.028725 64.1969 6.292542 2.6465104 -16.728737 1.8835282 1260179566988
97.028725 64.1969 6.292542 0.2687586 -18.460144 9.901868 1260179566992
94.077286 63.437054 6.127915 0.2687586 -18.460144 9.901868 1260179567002
94.077286 63.437054 6.127915 -0.95710886 -14.714739 15.807766 1260179567008
91.17342 62.8652 6.0715194 -0.95710886 -14.714739 15.807766 1260179567023
91.17342 62.8652 6.0715194 -1.0373456 -10.010806 17.162493 1260179567027
88.11475 62.37194 6.1679435 -1.0373456 -10.010806 17.162493 1260179567046
88.11475 62.37194 6.1679435 0.6573937 -5.55207 16.092054 1260179567049
84.65902 61.953342 6.5595465 0.6573937 -5.55207 16.092054 1260179567063
84.65902 61.953342 6.5595465 5.7113333 -2.6304665 12.773656 1260179567073
98.02607 61.555676 7.181569 5.7113333 -2.6304665 12.773656 1260179567082
98.02607 61.555676 7.181569 11.916296 -0.9600973 7.983379 1260179567086
109.12476 61.027893 8.122491 11.916296 -0.9600973 7.983379 1260179567104
109.12476 61.027893 8.122491 15.101286 -0.36717796 6.3485074 1260179567108
118.86852 60.4265 9.266366 15.101286 -0.36717796 6.3485074 1260179567127
118.86852 60.4265 9.266366 8.083719 -2.9398742 12.319366 1260179567131
128.62509 59.705173 10.453048 8.083719 -2.9398742 12.319366 1260179567143
128.62509 59.705173 10.453048 -1.9912243 -8.298472 10.125959 1260179567148
138.59384 58.869915 11.580396 -1.9912243 -8.298472 10.125959 1260179567163
138.59384 58.869915 11.580396 -2.382697 -14.359081 1.5543191 1260179567167
149.16415 58.07642 12.351376 -2.382697 -14.359081 1.5543191 1260179567186
149.16415 58.07642 12.351376 2.2132726 -16.274208 5.982717 1260179567190
142.80594 57.2726 12.533807 2.2132726 -16.274208 5.982717 1260179567203
142.80594 57.2726 12.533807 2.0100105 -12.320387 13.29044 1260179567212
137.66563 56.45897 12.0571165 2.0100105 -12.320387 13.29044 1260179567223
137.66563 56.45897 12.0571165 -4.3827662 -4.788196 15.127932 1260179567228
133.08235 55.58602 10.904261 -4.3827662 -4.788196 15.127932 1260179567243
133.08235 55.58602 10.904261 -11.611539 1.8320446 6.9125137 1260179567246
128.87823 54.75672 9.409048 -11.611539 1.8320446 6.9125137 1260179567268
128.87823 54.75672 9.409048 -3.5914493 2.4106464 10.0355625 1260179567275
124.98432 54.018887 7.688596 -3.5914493 2.4106464 10.0355625 1260179567283
124.98432 54.018887 7.688596 4.3815827 -2.4482236 6.7288795 1260179567288
121.335106 53.417942 5.854166 4.3815827 -2.4482236 6.7288795 1260179567301
121.335106 53.417942 5.854166 -10.464539 -8.67863 -1.5699735 1260179567305
118.11835 53.097046 3.9614577 -10.464539 -8.67863 -1.5699735 1260179567486
118.11835 53.097046 3.9614577 -13.661233 -11.992897 11.856943 1260179567490
115.46243 53.042194 2.113385 -13.661233 -11.992897 11.856943 1260179567494
115.46243 53.042194 2.113385 2.317799 -12.431959 7.9960213 1260179567507
113.43931 53.340084 0.45771563 2.317799 -12.431959 7.9960213 1260179567511
113.43931 53.340084 0.45771563 -0.9268341 -9.536488 -8.117734 1260179567516
112.01734 56.57308 -0.9151702 -0.9268341 -9.536488 -8.117734 1260179567522
112.01734 56.57308 -0.9151702 -12.276465 -9.133285 4.4746075 1260179567528
111.066475 59.594425 -2.0194116 -12.276465 -9.133285 4.4746075 1260179567532
111.066475 59.594425 -2.0194116 -12.739315 -9.940798 1.6430686 1260179567535
110.31315 62.514706 -2.918441 -12.739315 -9.940798 1.6430686 1260179567544
110.31315 62.514706 -2.918441 -5.6283493 -5.7834015 -12.158587 1260179567547
109.54749 65.088974 -3.672519 -5.6283493 -5.7834015 -12.158587 1260179567553
109.54749 65.088974 -3.672519 1.8838584 -16.802063 2.4950578 1260179567556
108.87012 67.334526 -4.188893 1.8838584 -16.802063 2.4950578 1260179567559
108.87012 67.334526 -4.188893 5.9269266 -0.01706314 -1.4317515 1260179567566
108.576614 69.3178 -4.4794483 5.9269266 -0.01706314 -1.4317515 1260179567571
108.576614 69.3178 -4.4794483 7.751054 -11.739288 -4.5585847 1260179567577
108.597786 71.05191 -4.605476 7.751054 -11.739288 -4.5585847 1260179567590
108.597786 71.05191 -4.605476 8.531834 -19.039017 -1.7640631 1260179567594
109.1679 72.649315 -4.575202 8.531834 -19.039017 -1.7640631 1260179567599
109.1679 72.649315 -4.575202 8.986047 -5.538917 -0.7367413 1260179567605
110.25951 74.06685 -4.4464417 8.986047 -5.538917 -0.7367413 1260179567611
110.25951 74.06685 -4.4464417 9.210305 0.46292686 -2.3950613 1260179567614
111.89653 75.263504 -4.1741195 9.210305 0.46292686 -2.3950613 1260179567617
111.89653 75.263504 -4.1741195 8.550455 -7.904713 -6.217909 1260179567625
118.301704 76.25033 -3.8154135 8.550455 -7.904713 -6.217909 1260179567628
118.301704 76.25033 -3.8154135 6.673402 -16.992107 -5.7095246 1260179567634
128.18661 76.63781 -3.324643 6.673402 -16.992107 -5.7095246 1260179567639
128.18661 76.63781 -3.324643 2.8462782 -19.537106 -2.9837737 1260179567649
137.82729 76.85592 -2.7584107 2.8462782 -19.537106 -2.9837737 1260179567653
137.82729 76.85592 -2.7584107 -2.097621 -20.87883 -0.031534493 1260179567658
147.03592 76.913124 -2.2204902 -2.097621 -20.87883 -0.031534493 1260179567667
147.03592 76.913124 -2.2204902 -6.0736523 -21.470953 1.316859 1260179567670
155.28412 77.01747 -1.7094657 -6.0736523 -21.470953 1.316859 1260179567685
155.28412 77.01747 -1.7094657 -7.880801 -22.087673 1.6319469 1260179567692
162.71991 77.1166 -1.1739924 -7.880801 -22.087673 1.6319469 1260179567697
162.71991 77.1166 -1.1739924 -7.049978 -22.86435 0.95493615 1260179567707
169.13391 77.21077 -0.66529274 -7.049978 -22.86435 0.95493615 1260179567714
169.13391 77.21077 -0.66529274 -3.761218 -23.557602 -0.53823745 1260179567717
174.42722 77.40023 -0.2320281 -3.761218 -23.557602 -0.53823745 1260179567727
174.42722 77.40023 -0.2320281 -0.2513361 -23.27238 -3.1691244 1260179567731
178.55586 77.68022 0.1295733 -0.2513361 -23.27238 -3.1691244 1260179567748
178.55586 77.68022 0.1295733 2.873469 -21.030993 -5.812078 1260179567752
181.22807 78.04621 0.37309465 2.873469 -21.030993 -5.812078 1260179567763
181.22807 78.04621 0.37309465 4.743439 -17.32382 -7.83215 1260179567766
182.41667 78.7939 0.50443995 4.743439 -17.32382 -7.83215 1260179567786
182.41667 78.7939 0.50443995 5.3494244 -9.127605 -8.535461 1260179567789
183.14584 79.5042 0.629218 5.3494244 -9.127605 -8.535461 1260179567802
183.14584 79.5042 0.629218 6.271377 -3.047923 -4.7471285 1260179567809
183.03856 79.979 0.5977571 6.271377 -3.047923 -4.7471285 1260179567830
183.03856 79.979 0.5977571 5.5562024 -1.0584545 -0.83156073 1260179567834
182.08662 80.180046 0.46786925 5.5562024 -1.0584545 -0.83156073 1260179567842
182.08662 80.180046 0.46786925 4.024668 0.25576305 1.4376739 1260179567845
179.6823 80.02104 0.19447578 4.024668 0.25576305 1.4376739 1260179567866
179.6823 80.02104 0.19447578 1.1311324 1.2616167 0.93779045 1260179567869
176.54819 79.56999 -0.065248005 1.1311324 1.2616167 0.93779045 1260179567887
176.54819 79.56999 -0.065248005 -1.4017162 0.28468895 -2.3634276 1260179567892
172.92078 78.99149 -0.1619856 -1.4017162 0.28468895 -2.3634276 1260179567903
172.92078 78.99149 -0.1619856 -1.8937938 -4.2761245 -5.2694674 1260179567911
169.72473 78.34192 -0.20388633 -1.8937938 -4.2761245 -5.2694674 1260179567924
169.72473 78.34192 -0.20388633 -2.1340954 -10.861709 -5.432559 1260179567928
166.0885 77.57482 -0.24369201 -2.1340954 -10.861709 -5.432559 1260179567941
166.0885 77.57482 -0.24369201 -2.459957 -16.609629 -1.0024567 1260179567947
161.98407 76.64608 -0.2315074 -2.459957 -16.609629 -1.0024567 1260179567968
161.98407 76.64608 -0.2315074 -2.2349403 -17.247686 7.821479 1260179567972
157.53487 75.61378 -0.11993203 -2.2349403 -17.247686 7.821479 1260179567983
157.53487 75.61378 -0.11993203 -0.84563005 -9.573675 14.612074 1260179567986
154.05812 74.68309 0.08606457 -0.84563005 -9.573675 14.612074 1260179568005
154.05812 74.68309 0.08606457 1.5642703 -1.3239398 12.356718 1260179568008
