275.52194 -116.797676 16.856056 -2.30047 0.7069435 -3.6423771 1260261169892
275.52194 -116.797676 16.856056 -11.620645 2.7862997 1.9378326 1260261169898
266.59586 -117.607796 14.863254 -11.620645 2.7862997 1.9378326 1260261169907
266.59586 -117.607796 14.863254 2.7654114 -1.183505 -5.0965853 1260261169910
257.46606 -118.92741 12.970091 2.7654114 -1.183505 -5.0965853 1260261169914
257.46606 -118.92741 12.970091 -2.483608 5.1079144 -3.3383875 1260261169919
247.79276 -120.631035 11.421586 -2.483608 5.1079144 -3.3383875 1260261169925
247.79276 -120.631035 11.421586 -15.094105 18.590714 -15.478018 1260261169931
238.95311 -122.299484 9.850507 -15.094105 18.590714 -15.478018 1260261169958
238.95311 -122.299484 9.850507 -11.211553 11.670792 -9.028732 1260261169969
231.20546 -123.884514 8.207981 -11.211553 11.670792 -9.028732 1260261169973
231.20546 -123.884514 8.207981 0.979269 -0.46233463 -16.48603 1260261169979
224.69519 -125.440285 6.397582 0.979269 -0.46233463 -16.48603 1260261169990
224.69519 -125.440285 6.397582 -7.802683 6.02809 -5.5020437 1260261169994
219.61043 -126.96827 4.3777027 -7.802683 6.02809 -5.5020437 1260261170004
219.61043 -126.96827 4.3777027 -18.790474 16.34663 -13.050756 1260261170010
215.7299 -128.41986 2.1088176 -18.790474 16.34663 -13.050756 1260261170014
215.7299 -128.41986 2.1088176 -1.1187449 9.486725 -4.4313183 1260261170016
212.84341 -129.79887 -0.4966233 -1.1187449 9.486725 -4.4313183 1260261170211
212.84341 -129.79887 -0.4966233 -13.863038 -3.349762 -10.544927 1260261170215
210.65125 -130.95892 -3.4217923 -13.863038 -3.349762 -10.544927 1260261170226
210.65125 -130.95892 -3.4217923 -5.9932375 -3.5375733 -7.52614 1260261170232
208.86868 -125.960976 -6.150703 -5.9932375 -3.5375733 -7.52614 1260261170235
208.86868 -125.960976 -6.150703 -6.795954 7.787469 10.677336 1260261170239
207.22525 -121.11293 -8.1431675 -6.795954 7.787469 10.677336 1260261170246
207.22525 -121.11293 -8.1431675 -16.93874 14.766306 5.5028434 1260261170250
205.61398 -116.40728 -9.586009 -16.93874 14.766306 5.5028434 1260261170256
205.61398 -116.40728 -9.586009 -5.305048 3.4519448 17.054577 1260261170258
204.08328 -111.78692 -10.756708 -5.305048 3.4519448 17.054577 1260261170267
204.08328 -111.78692 -10.756708 3.4062114 -4.9340897 7.62975 1260261170270
202.62912 -107.29757 -11.868873 3.4062114 -4.9340897 7.62975 1260261170274
202.62912 -107.29757 -11.868873 0.9553838 8.219003 14.005508 1260261170279
201.29767 -103.13269 -13.075429 0.9553838 8.219003 14.005508 1260261170287
201.29767 -103.13269 -13.075429 -9.06649 7.93855 -2.2327085 1260261170291
199.98279 -99.62605 -14.521658 -9.06649 7.93855 -2.2327085 1260261170294
199.98279 -99.62605 -14.521658 -12.326139 -5.0777073 0.099163055 1260261170299
197.68365 -101.19475 -15.695575 -12.326139 -5.0777073 0.099163055 1260261170305
197.68365 -101.19475 -15.695575 -2.5322058 8.993405 -8.467665 1260261170311
192.09947 -102.98501 -15.610796 -2.5322058 8.993405 -8.467665 1260261170315
192.09947 -102.98501 -15.610796 -2.4217393 10.319248 3.4380264 1260261170318
184.0445 -104.93576 -15.030256 -2.4217393 10.319248 3.4380264 1260261170327
184.0445 -104.93576 -15.030256 -6.8529406 -3.2653613 -5.343223 1260261170331
174.94228 -106.838974 -14.328743 -6.8529406 -3.2653613 -5.343223 1260261170339
174.94228 -106.838974 -14.328743 -9.770536 8.715104 -13.252018 1260261170348
183.29517 -108.69703 -13.562305 -9.770536 8.715104 -13.252018 1260261170352
183.29517 -108.69703 -13.562305 -7.8843145 20.250141 -16.795498 1260261170357
190.6804 -110.51218 -12.78419 -7.8843145 20.250141 -16.795498 1260261170363
190.6804 -110.51218 -12.78419 -1.4912559 8.035758 -27.23433 1260261170368
197.49638 -112.33657 -12.044981 -1.4912559 8.035758 -27.23433 1260261170372
197.49638 -112.33657 -12.044981 5.616738 7.8169117 -16.127817 1260261170375
203.97156 -114.16974 -11.392732 5.616738 7.8169117 -16.127817 1260261170384
203.97156 -114.16974 -11.392732 9.609264 23.236101 -22.227938 1260261170387
210.37299 -116.01125 -10.823095 9.609264 23.236101 -22.227938 1260261170395
210.37299 -116.01125 -10.823095 9.777174 15.587168 -22.401392 1260261170398
217.35434 -117.86069 -10.381941 9.777174 15.587168 -22.401392 1260261170409
217.35434 -117.86069 -10.381941 7.0859156 1.1907244 -22.13451 1260261170412
207.78662 -119.767654 -10.212844 7.0859156 1.1907244 -22.13451 1260261170418
207.78662 -119.767654 -10.212844 4.537307 12.062742 -25.018692 1260261170426
200.8973 -121.679276 -10.352201 4.537307 12.062742 -25.018692 1260261170429
200.8973 -121.679276 -10.352201 3.9317143 13.554155 -11.302358 1260261170433
196.40244 -123.495316 -10.934591 3.9317143 13.554155 -11.302358 1260261170440
196.40244 -123.495316 -10.934591 4.497088 -2.9530864 -11.595371 1260261170446
193.28232 -125.17055 -11.887861 4.497088 -2.9530864 -11.595371 1260261170454
193.28232 -125.17055 -11.887861 -0.0736928 0.16855955 -2.6913738 1260261170458
190.9182 -126.66202 -13.143468 -0.0736928 0.16855955 -2.6913738 1260261170467
190.9182 -126.66202 -13.143468 -12.116131 12.990965 -3.096568 1260261170475
188.97229 -128.02892 -14.586294 -12.116131 12.990965 -3.096568 1260261170487
188.97229 -128.02892 -14.586294 -15.869818 11.511435 -3.1479275 1260261170490
187.17368 -129.32747 -16.10698 -15.869818 11.511435 -3.1479275 1260261170504
187.17368 -129.32747 -16.10698 -3.4113674 -0.3522935 2.2015767 1260261170509
185.31499 -130.46109 -17.601631 -3.4113674 -0.3522935 2.2015767 1260261170523
185.31499 -130.46109 -17.601631 2.074832 -5.065603 -4.870901 1260261170526
183.29924 -131.33803 -19.07155 2.074832 -5.065603 -4.870901 1260261170545
183.29924 -131.33803 -19.07155 -9.376505 -0.40199566 3.741928 1260261170548
181.08427 -131.82112 -20.517973 -9.376505 -0.40199566 3.741928 1260261170569
181.08427 -131.82112 -20.517973 -16.863163 4.8453736 -3.235838 1260261170573
178.93005 -127.58006 -21.642075 -16.863163 4.8453736 -3.235838 1260261170584
178.93005 -127.58006 -21.642075 -9.835157 16.180677 3.514286 1260261170589
176.93355 -123.75106 -22.20997 -9.835157 16.180677 3.514286 1260261170604
176.93355 -123.75106 -22.20997 -3.3616185 -1.3467546 6.448556 1260261170607
175.08687 -120.21351 -22.199472 -3.3616185 -1.3467546 6.448556 1260261170628
175.08687 -120.21351 -22.199472 -2.0320249 16.06382 -1.2875051 1260261170631
173.28253 -116.952835 -21.739498 -2.0320249 16.06382 -1.2875051 1260261170644
173.28253 -116.952835 -21.739498 -4.946371 2.9402208 13.152967 1260261170649
171.61841 -114.05519 -20.902523 -4.946371 2.9402208 13.152967 1260261170664
171.61841 -114.05519 -20.902523 -9.704232 17.918 3.2561488 1260261170670
169.88748 -111.55243 -19.757397 -9.704232 17.918 3.2561488 1260261170684
169.88748 -111.55243 -19.757397 -7.424484 0.21424007 4.9368777 1260261170688
168.09311 -109.424805 -18.369526 -7.424484 0.21424007 4.9368777 1260261170711
168.09311 -109.424805 -18.369526 6.037555 14.700706 -4.0906634 1260261170715
