290.18936 -4.918144 74.06956 1260261094052
290.9299 -12.872237 74.01608 1260261094065
293.3334 -19.978626 73.46528 1260261094074
279.81674 -26.179695 72.44202 1260261094085
268.1759 -31.27071 70.61992 1260261094119
258.5671 -35.157173 67.88892 1260261094133
250.78876 -38.199314 64.39448 1260261094144
244.39932 -39.839348 60.274754 1260261094155
239.07936 -40.39738 55.661015 1260261094169
234.5754 -39.677513 50.577965 1260261094178
230.99663 -37.793636 45.249065 1260261094200
233.8468 -34.953953 39.98661 1260261094214
238.35446 -31.556255 35.18728 1260261094226
243.03674 -23.028442 31.127914 1260261094246
247.78491 -14.97702 27.821518 1260261094264
252.54567 -7.1281695 25.130442 1260261094287
257.1684 0.57823884 22.973919 1260261094303
261.61 8.299327 21.275223 1260261094322
264.8295 15.984361 19.961462 1260261094344
265.18802 23.585144 18.863388 1260261094363
264.27863 31.055887 17.870218 1260261094385
261.76468 38.353092 16.926708 1260261094404
250.37645 27.435438 15.980372 1260261094429
238.45763 17.113667 14.981354 1260261094444
227.58475 7.257983 13.932286 1260261094466
217.10551 15.795085 12.835672 1260261094484
223.15024 23.855331 11.643888 1260261094504
227.69272 31.412565 10.261694 1260261094522
231.70808 38.441936 8.598609 1260261094542
235.32268 45.01984 6.5686784 1260261094562
238.65654 51.21885 4.0902443 1260261094582
241.9237 57.057907 1.2857319 1260261094602
245.57751 62.455013 -1.9785547 1260261094811
233.49864 60.332264 -5.3796268 1260261094817
224.9237 58.61565 -7.8606453 1260261094826
217.87752 56.734867 -8.717613 1260261094833
211.23364 54.298122 -8.281733 1260261094839
204.82196 51.633217 -7.267646 1260261094848
198.58086 48.901554 -6.0542636 1260261094855
192.50182 46.20648 -4.75155 1260261094865
186.72673 43.496155 -3.4639726 1260261094871
180.8904 40.821346 -2.0407739 1260261094883
