317.47906 -131.30434 16.89881 1260261166487
314.50513 -130.33913 17.05387 1260261166499
306.97986 -127.07217 16.551176 1260261166507
299.73087 -122.61856 15.223618 1260261166544
292.89432 -117.73763 13.462437 1260261166556
286.4996 -112.75075 11.539315 1260261166566
280.4746 -107.91321 9.41235 1260261166579
274.90088 -103.31755 6.741732 1260261166590
269.90582 -98.90167 3.0046453 1260261166787
265.16052 -102.156586 -0.49558705 1260261166798
260.1025 -105.14876 -2.820808 1260261166806
254.29738 -107.89132 -4.3797674 1260261166819
247.48251 -110.39675 -5.410779 1260261166826
239.70839 -112.72691 -6.0402403 1260261166838
230.77296 -114.89057 -6.338228 1260261166847
220.63432 -116.84605 -6.3213167 1260261166858
227.50261 -118.65375 -6.0552506 1260261166867
232.52748 -120.32106 -5.452488 1260261166878
235.8511 -121.95501 -4.5298634 1260261166890
237.45856 -123.45726 -3.1033702 1260261166907
236.33563 -124.53439 -0.4482017 1260261166918
232.76884 -119.10767 0.5742084 1260261166927
229.3804 -113.65229 0.34549797 1260261166938
226.11137 -108.619675 -0.42177692 1260261166945
223.0058 -103.93869 -1.550688 1260261166961
220.05551 -99.59176 -2.9731536 1260261166975
217.25273 -95.56217 -4.724496 1260261166984
214.6901 -91.88406 -6.938271 1260261167000
212.30559 -88.53986 -9.641357 1260261167016
210.1403 -91.812874 -12.30929 1260261167025
208.18329 -95.12223 -14.543825 1260261167044
206.57413 -98.51612 -16.366634 1260261167057
205.24542 -101.89031 -17.848303 1260261167076
204.13315 -105.1958 -19.055887 1260261167097
203.02649 -108.38601 -20.053093 1260261167114
201.52516 -111.41671 -20.700438 1260261167134
199.0489 -114.19588 -21.015415 1260261167157
194.79646 -116.68608 -21.014645 1260261167179
188.05664 -118.851776 -20.713913 1260261167194
179.50381 -120.70919 -20.178217 1260261167214
187.97862 -122.37373 -19.519306 1260261167237
194.92969 -123.95505 -18.643341 1260261167254
200.4332 -125.60729 -17.561174 1260261167273
203.76154 -127.37693 -16.183115 1260261167295
204.52345 -129.30809 -14.323959 1260261167312
202.59727 -131.64268 -11.757761 1260261167334
198.56741 -117.11055 -7.819873 1260261167508
195.28905 -109.90502 -5.878879 1260261167526
193.12459 -103.40977 -4.9849353 1260261167537
191.71835 -97.68928 -4.6356883 1260261167544
191.23244 -93.154816 -5.453904 1260261167558
190.72081 -90.14707 -7.981209 1260261167566
189.38477 -92.739716 -9.932149 1260261167577
187.56552 -94.90273 -11.335542 1260261167586
185.53725 -96.707596 -12.368765 1260261167598
183.21039 -98.32222 -13.100327 1260261167617
180.14987 -99.95611 -13.695311 1260261167624
176.04237 -101.708305 -14.210546 1260261167635
171.19026 -103.57289 -14.6000185 1260261167644
166.03075 -105.54425 -14.770018 1260261167658
160.07921 -107.41704 -14.681517 1260261167670
153.92525 -109.09618 -14.397441 1260261167681
148.42899 -110.691376 -14.127569 1260261167699
144.65753 -112.05681 -14.17119 1260261167709
143.82466 -113.05397 -15.21263 1260261167724
144.28343 -109.90127 -16.151999 1260261167745
144.81926 -106.8562 -15.444399 1260261167757
145.3283 -104.06339 -14.172179 1260261167774
