245.70143 -133.54916 28.21211 1260261156978
237.71635 -134.0217 26.401505 1260261156986
230.43054 -135.27061 24.431429 1260261156997
223.60901 -136.75708 22.559858 1260261157007
216.32855 -138.16922 20.881865 1260261157018
209.36212 -139.46075 19.237772 1260261157025
203.89401 -140.73772 17.475883 1260261157039
200.8493 -142.05083 15.402089 1260261157046
199.80684 -143.44829 12.731985 1260261157060
199.7665 -144.92587 9.145386 1260261157069
199.57817 -138.12958 4.6881166 1260261157080
198.64926 -131.9231 1.8537105 1260261157120
197.2668 -126.07694 -0.08897502 1260261157133
195.70346 -120.4731 -1.5345263 1260261157143
194.21829 -115.049446 -2.8078 1260261157149
193.05737 -109.59698 -4.2674103 1260261157160
193.15451 -103.86713 -6.50404 1260261157177
196.54678 -90.47377 -7.978838 1260261157184
199.56944 -77.20008 -7.929896 1260261157202
206.54097 -81.94008 -7.4834013 1260261157214
211.71393 -85.893074 -6.859231 1260261157223
216.62823 -89.24842 -6.3162694 1260261157229
222.34682 -92.286 -6.000456 1260261157241
212.67947 -95.271706 -6.000433 1260261157259
207.0955 -98.45812 -6.5004115 1260261157268
204.84073 -101.83521 -7.625391 1260261157280
204.1987 -105.29345 -9.444121 1260261157296
203.98877 -108.62878 -12.071916 1260261157307
203.48933 -111.79734 -15.51832 1260261157318
202.31487 -106.70747 -18.142405 1260261157339
200.54912 -101.9721 -19.785284 1260261157353
198.57166 -97.573494 -20.89602 1260261157376
196.59308 -93.54482 -21.80122 1260261157394
194.81343 -89.91758 -22.711159 1260261157419
193.42276 -86.871704 -24.0256 1260261157433
191.80162 -89.37812 -25.124321 1260261157622
187.66154 -91.90922 -24.668104 1260261157640
179.67847 -94.863754 -23.284698 1260261157649
186.39455 -98.02057 -21.420464 1260261157663
190.17482 -101.31954 -19.34944 1260261157675
191.91608 -104.75356 -17.131968 1260261157684
192.32027 -108.265884 -14.775369 1260261157690
191.60425 -93.95259 -12.2866 1260261157699
190.02403 -80.70496 -9.47227 1260261157706
187.97282 -68.36971 -6.098656 1260261157718
186.02419 -56.201225 -1.593723 1260261157725
