251.35622 -128.1202 17.907207 1260261148599
244.9884 -128.16418 15.2618475 1260261148611
239.98898 -128.70598 12.148755 1260261148620
236.18953 -129.77068 8.541317 1260261148656
233.53006 -123.932144 4.364251 1260261148671
231.25356 -118.08553 0.54603845 1260261148680
229.44087 -112.03126 -2.8312635 1260261148694
227.91882 -106.2297 -5.9897003 1260261148705
226.32288 -101.16821 -9.490215 1260261148891
225.20673 -105.0098 -13.315704 1260261148906
223.74638 -108.15932 -16.29992 1260261148923
221.15906 -111.00135 -17.584923 1260261148933
217.0011 -113.801285 -17.855677 1260261148939
209.40105 -116.46122 -17.362892 1260261148950
215.981 -119.03816 -16.494747 1260261148959
221.03195 -121.33625 -15.57001 1260261148971
225.53035 -123.319435 -14.64151 1260261148985
230.35384 -125.00346 -13.859434 1260261148994
236.43614 -126.50329 -13.366463 1260261149005
225.56433 -127.828125 -13.14814 1260261149016
216.83612 -129.03671 -13.190733 1260261149031
209.89432 -130.13487 -13.431196 1260261149040
204.59961 -131.17813 -13.9096365 1260261149052
201.01962 -132.21922 -14.814155 1260261149064
198.66864 -133.30826 -16.223448 1260261149074
197.0852 -134.44284 -18.112276 1260261149091
195.78094 -135.5707 -20.306662 1260261149099
194.4919 -136.64217 -22.591328 1260261149111
193.2173 -130.91006 -24.861761 1260261149125
191.75644 -125.41456 -26.718674 1260261149137
190.01862 -120.19383 -27.48274 1260261149153
188.11769 -115.03414 -27.158604 1260261149164
186.1618 -109.98244 -26.200674 1260261149187
184.30371 -105.08331 -24.89064 1260261149203
182.58853 -100.32915 -23.396109 1260261149225
181.00911 -95.81269 -21.676304 1260261149247
179.55865 -91.57206 -19.692488 1260261149268
178.63072 -88.393456 -16.507864 1260261149283
183.94919 -91.87378 -14.632471 1260261149305
192.25172 -95.38009 -13.650847 1260261149322
183.88914 -98.511086 -13.018305 1260261149344
176.64468 -101.235535 -12.5673895 1260261149363
170.71245 -103.57376 -12.33902 1260261149389
165.82683 -105.74507 -12.272069 1260261149408
162.03549 -107.85782 -12.408465 1260261149424
159.33371 -109.914925 -12.738042 1260261149444
157.11702 -111.91918 -13.15114 1260261149629
155.01117 -113.72322 -13.493583 1260261149639
152.2606 -115.33706 -13.668903 1260261149652
148.39757 -116.7702 -13.535459 1260261149664
142.7777 -118.13169 -12.958686 1260261149673
152.88881 -119.475105 -11.910751 1260261149679
159.74437 -120.90135 -10.265214 1260261149692
163.15715 -122.70628 -7.8519535 1260261149707
163.84929 -125.17097 -4.4093556 1260261149718
163.25682 -110.11242 0.011112431 1260261149734
162.39398 -104.206795 3.7605567 1260261149743
161.77428 -99.046455 6.972529 1260261149751
161.58556 -94.99413 9.823902 1260261149757
