261.33 -4.9922833 58.673954 1260261062643
261.0135 -4.892669 58.890255 1260261062655
261.01282 -4.7980356 59.295742 1260261062664
260.61218 -4.608134 59.580956 1260261062701
259.73157 -4.277727 59.751907 1260261062710
259.44498 -4.063841 59.964314 1260261062722
259.27274 -3.9106488 60.2161 1260261062737
259.0591 -3.7651165 60.555294 1260261062746
259.95615 -3.9268606 60.87753 1260261062760
261.35834 -4.1805177 61.083652 1260261062775
262.74042 -4.471492 61.27947 1260261062797
264.6034 -4.8979173 61.465496 1260261062815
265.62323 -5.1530213 61.74222 1260261062834
265.89206 -5.2453704 61.955112 1260261062854
265.14746 -5.033102 62.357357 1260261062875
264.9401 -4.931447 62.689487 1260261062892
264.19308 -4.6848745 62.955013 1260261062914
263.63342 -4.4506307 63.35726 1260261062936
263.25174 -4.378099 63.589397 1260261062954
261.93915 -4.159194 63.80993 1260261063145
260.9922 -3.9512343 64.069435 1260261063164
260.54257 -3.9036727 64.36597 1260261063175
260.66544 -3.908489 64.64767 1260261063185
260.83215 -3.9130645 64.86528 1260261063197
261.09055 -3.9174113 65.02202 1260261063204
259.13602 -3.6215408 64.87092 1260261063218
257.67923 -3.3404636 64.927376 1260261063225
256.44528 -3.0234404 65.23101 1260261063236
256.023 -2.8722684 65.81946 1260261063248
257.17184 -3.128655 66.57848 1260261063266
258.86325 -11.322223 67.04956 1260261063281
261.17007 -18.856112 67.247086 1260261063289
263.56158 -25.913305 67.33473 1260261063301
265.8335 -32.66764 67.467995 1260261063308
268.5418 -31.984259 67.64459 1260261063327
257.5147 -31.285046 67.66236 1260261063338
249.58897 -30.520794 66.929245 1260261063345
242.35953 -29.594755 65.08278 1260261063360
235.64156 -28.315018 62.27864 1260261063380
229.30948 -26.749268 58.864708 1260261063395
223.294 -24.961803 55.221474 1260261063406
217.5793 -22.963713 51.3604 1260261063419
211.95033 -20.815527 47.242382 1260261063439
206.10281 -18.52475 42.58026 1260261063454
213.64767 -16.198513 37.40125 1260261063477
218.31529 -7.5885873 32.531185 1260261063493
221.94952 1.1408424 28.604626 1260261063514
224.30205 9.933801 25.674395 1260261063534
224.98694 0.68711066 23.440676 1260261063557
223.33759 -7.897245 21.768642 1260261063578
219.0207 -16.002382 20.48021 1260261063593
213.06967 -23.602264 19.506199 1260261063614
204.8162 -30.922152 18.78089 1260261063636
210.67538 -38.126045 18.241844 1260261063654
209.99162 -27.319742 17.779753 1260261063674
204.14204 -17.753756 17.240765 1260261063696
196.13495 -9.666067 16.428726 1260261063718
187.3282 -3.6827638 14.70729 1260261063907
181.2618 -1.9986256 12.721925 1260261063925
176.9987 -1.1986943 11.085829 1260261063936
173.14877 -0.73875964 9.581537 1260261063943
169.54134 -0.40182164 8.052461 1260261063955
165.91428 -0.031730566 6.249838 1260261063964
158.96857 0.66985595 3.887346 1260261063975
167.32014 2.1863632 0.94297874 1260261063985
175.95413 8.827045 -0.9541702 1260261063996
167.35643 15.235693 -1.5564617 1260261064003
160.13861 21.673908 -1.3786386 1260261064019
152.93169 27.940212 -0.8597067 1260261064035
163.0351 33.943203 -0.16672133 1260261064044
171.38335 39.696045 0.5416147 1260261064055
178.06418 45.06124 1.264534 1260261064065
183.36096 50.10818 1.9013072 1260261064078
186.59291 54.85277 2.406242 1260261064098
188.06326 59.310135 2.7859297 1260261064105
188.1601 63.49463 3.0466332 1260261064123
187.20209 67.469894 3.1943016 1260261064135
185.49199 71.2464 3.2345865 1260261064146
183.2674 74.93408 3.172857 1260261064161
180.65402 78.53738 3.0142143 1260261064178
177.62132 82.110504 2.7635036 1260261064198
174.04025 85.75498 2.4253283 1260261064218
171.33824 88.91724 2.254062 1260261064234
175.27133 93.07137 3.341359 1260261064253
166.90776 81.5678 5.174291 1260261064276
159.66237 75.53941 6.7655764 1260261064296
152.92924 70.11244 8.127297 1260261064313
148.48279 65.95682 8.170933 1260261064336
144.75865 62.60898 8.3123865 1260261064353
141.62071 59.57853 8.396768 1260261064379
