324.9096 -132.34328 17.20861 1260261163724
324.56412 -131.97612 16.99818 1260261163739
323.7359 -131.6773 16.69827 1260261163746
323.6991 -131.59344 16.313356 1260261163757
324.11414 -131.91377 15.897689 1260261163766
324.80844 -132.51808 15.402804 1260261163802
325.768 -133.29218 14.8326645 1260261163816
309.6296 -134.12756 14.091031 1260261163826
295.54813 -134.92119 13.136479 1260261163840
283.5707 -135.72513 11.979655 1260261163856
274.39218 -136.58887 10.380672 1260261163863
267.62256 -137.35942 8.061639 1260261163878
262.69144 -138.04144 4.8085566 1260261163885
258.40686 -132.43938 1.5181288 1260261163903
254.38652 -126.917404 -1.2077777 1260261163916
250.41719 -121.62154 -3.547389 1260261163937
246.64633 -116.59046 -5.72002 1260261163955
243.16402 -111.76094 -7.984019 1260261163974
240.00581 -107.22289 -10.334818 1260261163997
237.10553 -109.66175 -12.668077 1260261164014
229.90025 -112.678665 -12.334674 1260261164042
234.90524 -115.54473 -11.56794 1260261164055
239.40997 -118.11749 -10.789543 1260261164076
243.33948 -120.26162 -10.000066 1260261164099
247.0225 -122.09854 -9.300062 1260261164113
250.62138 -123.643616 -8.735059 1260261164138
254.34032 -125.06143 -8.248306 1260261164152
258.77332 -126.45836 -7.935891 1260261164174
246.23465 -127.88544 -7.7890964 1260261164194
236.02292 -129.39116 -7.8496413 1260261164212
228.57178 -130.9716 -8.207159 1260261164233
223.44319 -132.57303 -8.946801 1260261164409
220.07103 -134.09438 -10.299461 1260261164424
217.66748 -135.53966 -12.2344885 1260261164436
215.5841 -136.86267 -14.622764 1260261164445
213.5549 -137.91954 -17.241625 1260261164454
211.52716 -132.22356 -19.529543 1260261164463
209.3508 -126.81238 -21.203066 1260261164474
207.18326 -121.62176 -22.442913 1260261164483
205.1241 -116.74067 -23.420767 1260261164495
203.11789 -112.25364 -24.449728 1260261164506
201.21199 -108.34096 -25.727242 1260261164521
198.80139 -109.77391 -26.74088 1260261164529
195.11133 -110.93522 -26.903835 1260261164543
189.05576 -112.18846 -26.208643 1260261164554
181.10297 -113.47904 -25.04821 1260261164566
189.94781 -114.75509 -23.6458 1260261164582
197.10042 -116.06734 -22.01351 1260261164596
203.0454 -117.36397 -20.262835 1260261164603
207.59312 -118.79577 -18.299692 1260261164621
210.61346 -120.45598 -16.084707 1260261164637
211.98279 -122.38318 -13.480472 1260261164654
211.78365 -124.56402 -10.406448 1260261164672
210.74446 -126.685814 -6.736126 1260261164699
209.40724 -121.70152 -3.2493196 1260261164713
