181.69064 11.204808 24.884022 1260163495778
183.65611 10.8945675 25.33982 1260163495790
175.8233 10.499839 25.67283 1260163495829
169.78214 10.224847 25.93919 1260163495837
164.49303 10.063604 26.09223 1260163495853
159.71837 10.210424 26.437618 1260163495866
156.33244 10.749904 26.965738 1260163495873
154.26582 11.662409 27.667452 1260163495889
153.05254 12.8292885 28.48408 1260163495905
152.1999 14.187824 29.359875 1260163495923
151.88991 20.178432 30.09188 1260163495943
152.14542 26.01951 30.337286 1260163495962
152.53815 32.718536 29.570421 1260163495982
148.36124 22.28261 28.141901 1260163496005
146.84317 13.118479 26.434807 1260163496024
145.60101 4.712555 24.663067 1260163496052
144.72096 -3.323073 22.879913 1260163496061
144.88492 -11.1569195 20.985918 1260163496080
146.94067 -18.999075 18.986622 1260163496100
151.74364 -26.99912 16.83729 1260163496121
159.25645 -17.249165 14.545425 1260163496140
168.44363 -8.686706 12.068154 1260163496163
161.37144 -1.2023702 9.614747 1260163496180
156.25287 5.3577485 7.2840095 1260163496201
152.39023 7.839861 5.219809 1260163496220
149.02072 10.147868 3.9088185 1260163496241
145.71968 11.990475 3.1633775 1260163496262
142.0837 13.290951 2.9052086 1260163496280
138.4295 14.426403 2.959948 1260163496301
134.75803 15.255083 3.2619507 1260163496320
130.92012 15.792329 3.8988533 1260163496340
127.22411 16.302713 4.9039106 1260163496380
123.91291 16.787579 5.9087152 1260163496553
120.91727 17.1982 6.6632795 1260163496565
118.37141 17.58829 7.1301155 1260163496577
116.25284 18.008875 7.3736095 1260163496586
114.4902 18.50843 7.354929 1260163496598
113.16569 19.08301 7.2871823 1260163496606
112.35741 19.92886 7.122823 1260163496618
111.98953 20.982416 6.966682 1260163496627
111.940056 22.133295 6.918348 1260163496638
112.193054 23.57663 6.9224305 1260163496654
112.6834 25.347797 7.076309 1260163496663
113.29923 27.530407 7.3724937 1260163496674
113.93427 29.753887 7.903869 1260163496680
114.53756 34.016193 8.508676 1260163496698
114.96068 38.465385 9.133242 1260163496707
115.11265 43.142117 9.676579 1260163496719
114.957016 48.03501 9.99275 1260163496734
114.60917 53.28326 10.043113 1260163496743
113.978714 58.8691 9.840957 1260163496756
112.629776 64.52564 9.448909 1260163496777
107.29829 70.14936 8.926463 1260163496792
114.63337 75.591896 8.23014 1260163496814
120.7017 62.8123 7.4186325 1260163496832
125.76662 50.771687 6.4977007 1260163496852
129.3283 39.4831 5.5228157 1260163496871
131.61188 28.958946 4.5466747 1260163496894
133.08128 19.210999 3.569341 1260163496917
134.17722 10.200448 2.5408738 1260163496932
135.36835 1.6904256 1.4638301 1260163496953
137.14993 -6.544096 0.2906386 1260163496975
139.69244 -14.616892 -0.9238934 1260163496998
143.25783 -22.636047 -2.0776987 1260163497011
147.54494 -30.454245 -3.0738137 1260163497035
152.06769 -37.931534 -3.870123 1260163497061
157.2643 -27.184958 -4.476617 1260163497082
164.40108 -17.22571 -4.9027863 1260163497091
173.53102 -8.114425 -5.157647 1260163497110
165.20447 0.24129683 -5.4497647 1260163497131
157.39424 7.929232 -5.9772763 1260163497303
150.12453 14.732771 -7.0284123 1260163497315
144.5183 20.596132 -8.576992 1260163497324
140.54237 22.416327 -9.698142 1260163497334
137.26526 23.89551 -10.063235 1260163497341
134.202 25.100735 -9.710073 1260163497348
131.2919 26.095697 -8.82457 1260163497360
128.3273 26.790913 -7.733341 1260163497368
125.560936 27.201366 -6.346674 1260163497382
122.78289 27.241299 -4.62934 1260163497396
120.44375 27.429234 -2.797873 1260163497405
118.67156 27.807772 -1.0079794 1260163497415
117.23798 28.217382 0.7424196 1260163497428
116.12608 28.606514 2.4052987 1260163497440
115.36978 29.126188 3.8850338 1260163497453
114.90129 29.869879 5.190782 1260163497464
114.65623 30.726385 6.381243 1260163497478
114.57342 31.740067 7.412181 1260163497496
114.59475 32.953064 8.341572 1260163497512
114.61501 34.35541 9.174493 1260163497531
114.63426 35.93764 9.915769 1260163497554
114.45255 39.89076 10.51998 1260163497577
113.929924 43.99622 10.893981 1260163497592
112.933426 48.34641 10.999282 1260163497613
111.38676 53.029087 10.849318 1260163497636
109.01742 58.077633 10.406852 1260163497652
105.01655 63.47375 9.736509 1260163497672
114.71572 69.10007 8.899684 1260163497693
119.02994 56.795063 7.9546995 1260163497716
121.87844 45.30531 6.9569645 1260163497732
124.68452 34.39004 5.9591165 1260163497751
127.75029 23.97054 4.9611607 1260163497775
130.46277 14.122011 4.0131025 1260163497790
132.63963 4.8659105 3.0624473 1260163497812
134.65765 -3.8273847 2.059325 1260163497833
136.27477 -11.986016 1.0563587 1260163497856
137.81102 -19.686716 0.0035407594 1260163497872
139.37047 -26.952381 -1.0466363 1260163497892
140.60194 -33.75476 -2.0443046 1260163498096
141.82185 -40.217022 -2.9920895 1260163498120
142.93076 -46.35617 -3.8924851 1260163498133
143.93422 -52.23836 -4.6978607 1260163498143
144.7875 -57.826443 -5.4129677 1260163498149
145.74812 -63.23512 -6.0423193 1260163498160
147.11072 -68.52336 -6.5902033 1260163498168
150.95518 -73.9472 -7.160693 1260163498179
158.65742 -61.79984 -7.7526584 1260163498188
168.27455 -50.909847 -8.465026 1260163498202
160.71083 -41.114353 -9.291775 1260163498215
154.4753 -32.258636 -10.377186 1260163498224
149.70154 -24.345705 -11.508327 1260163498235
145.86646 -20.12842 -12.23291 1260163498244
142.27313 -16.471998 -12.321264 1260163498255
138.45947 -13.348398 -11.855201 1260163498264
134.5865 -10.480978 -11.112441 1260163498280
130.85718 -7.856929 -10.156819 1260163498286
127.26432 -5.4640822 -8.898978 1260163498299
124.00111 -3.1908782 -7.4040294 1260163498315
121.151054 -0.98133427 -5.8838277 1260163498323
118.5935 1.1177324 -4.389636 1260163498342
116.513824 3.2118459 -2.9701543 1260163498355
114.93813 5.2512536 -1.5716466 1260163498374
113.841225 7.338691 -0.24306424 1260163498397
113.24916 9.521756 1.019089 1260163498411
112.9867 11.695668 2.2181346 1260163498433
112.93737 14.060884 3.257228 1260163498454
112.9405 16.65784 4.0443664 1260163498477
112.943474 19.474949 4.692148 1260163498491
112.9463 23.951202 5.2575407 1260163498513
112.79898 28.853642 5.644664 1260163498536
112.35903 34.31096 5.8624306 1260163498552
111.64108 40.04541 5.919309 1260163498572
110.45903 45.94314 5.8233438 1260163498591
109.48608 51.84598 5.732177 1260163498616
109.561775 57.75368 5.645568 1260163498632
113.58369 63.715996 5.6632895 1260163498652
121.8545 51.630196 5.780125 1260163498826
130.91177 40.298687 6.041119 1260163498842
139.61618 29.633753 6.4890633 1260163498853
147.58537 19.502064 7.06461 1260163498862
155.0561 9.87696 7.7613797 1260163498873
162.1033 0.8331116 8.72331 1260163498882
168.44814 -7.758544 10.037145 1260163498893
174.02573 -16.070616 11.835287 1260163498900
178.97444 -24.017084 14.093523 1260163498908
183.32571 -31.71623 17.088846 1260163498923
186.20943 -29.880419 20.184404 1260163498939
186.29895 -27.736399 21.925184 1260163498946
184.884 -25.29958 22.728926 1260163498961
183.1398 -22.884602 22.94248 1260163498974
