84.284454 49.905342 9.718672 1260179566737
88.170235 51.310074 9.782739 1260179566748
92.71172 54.04457 9.993602 1260179566789
96.52614 56.592342 9.993921 1260179566797
100.14983 59.112724 9.944225 1260179566815
103.54234 61.507088 9.797014 1260179566826
106.465225 63.631733 9.557163 1260179566838
108.94196 65.35014 9.279305 1260179566854
110.44486 66.43263 8.965341 1260179566874
110.32262 66.961 8.517074 1260179566886
108.506485 66.91295 7.99122 1260179566907
105.93116 66.5173 7.441659 1260179566925
103.0346 65.84144 6.969576 1260179566943
100.08287 65.04937 6.571097 1260179566965
97.028725 64.1969 6.292542 1260179566988
94.077286 63.437054 6.127915 1260179567002
91.17342 62.8652 6.0715194 1260179567023
88.11475 62.37194 6.1679435 1260179567046
84.65902 61.953342 6.5595465 1260179567063
98.02607 61.555676 7.181569 1260179567082
109.12476 61.027893 8.122491 1260179567104
118.86852 60.4265 9.266366 1260179567127
128.62509 59.705173 10.453048 1260179567143
138.59384 58.869915 11.580396 1260179567163
149.16415 58.07642 12.351376 1260179567186
142.80594 57.2726 12.533807 1260179567203
137.66563 56.45897 12.0571165 1260179567223
133.08235 55.58602 10.904261 1260179567243
128.87823 54.75672 9.409048 1260179567268
124.98432 54.018887 7.688596 1260179567283
121.335106 53.417942 5.854166 1260179567301
118.11835 53.097046 3.9614577 1260179567486
115.46243 53.042194 2.113385 1260179567494
113.43931 53.340084 0.45771563 1260179567511
112.01734 56.57308 -0.9151702 1260179567522
111.066475 59.594425 -2.0194116 1260179567532
110.31315 62.514706 -2.918441 1260179567544
109.54749 65.088974 -3.672519 1260179567553
108.87012 67.334526 -4.188893 1260179567559
108.576614 69.3178 -4.4794483 1260179567571
108.597786 71.05191 -4.605476 1260179567590
109.1679 72.649315 -4.575202 1260179567599
110.25951 74.06685 -4.4464417 1260179567611
111.89653 75.263504 -4.1741195 1260179567617
118.301704 76.25033 -3.8154135 1260179567628
128.18661 76.63781 -3.324643 1260179567639
137.82729 76.85592 -2.7584107 1260179567653
147.03592 76.913124 -2.2204902 1260179567667
155.28412 77.01747 -1.7094657 1260179567685
162.71991 77.1166 -1.1739924 1260179567697
169.13391 77.21077 -0.66529274 1260179567714
174.42722 77.40023 -0.2320281 1260179567727
178.55586 77.68022 0.1295733 1260179567748
181.22807 78.04621 0.37309465 1260179567763
182.41667 78.7939 0.50443995 1260179567786
183.14584 79.5042 0.629218 1260179567802
183.03856 79.979 0.5977571 1260179567830
182.08662 80.180046 0.46786925 1260179567842
179.6823 80.02104 0.19447578 1260179567866
176.54819 79.56999 -0.065248005 1260179567887
172.92078 78.99149 -0.1619856 1260179567903
169.72473 78.34192 -0.20388633 1260179567924
166.0885 77.57482 -0.24369201 1260179567941
161.98407 76.64608 -0.2315074 1260179567968
157.53487 75.61378 -0.11993203 1260179567983
154.05812 74.68309 0.08606457 1260179568005
