303.803 6.3966694 66.04217 1260261050563
305.31287 6.026836 66.24006 1260261050569
305.64722 5.875494 66.82806 1260261050579
305.21484 5.781719 67.73666 1260261050600
304.3041 14.342633 68.34982 1260261050631
303.7389 4.6255016 68.83233 1260261050637
303.95193 -4.3557734 69.29071 1260261050653
304.90433 -12.687985 69.77618 1260261050668
290.25912 -12.903586 69.78737 1260261050674
278.54617 -13.558407 68.648 1260261050694
268.56888 -13.980487 65.8656 1260261050706
259.39044 -13.831463 62.17232 1260261050721
250.72092 -13.08989 58.113705 1260261050742
242.28487 -11.935395 53.85802 1260261050762
233.92062 -10.438625 49.46512 1260261050782
225.12459 -8.566694 44.691864 1260261050802
215.21835 -6.3883595 39.75727 1260261050822
204.80743 1.1810584 35.369408 1260261050842
194.61707 8.722006 31.850937 1260261050866
185.08621 16.335905 29.10839 1260261050882
176.6319 23.919111 26.95297 1260261050902
169.5003 31.273155 25.155321 1260261050922
165.07529 38.2595 23.697556 1260261050942
163.57152 44.846523 22.512678 1260261050961
162.99294 50.954197 21.437044 1260261050982
163.49329 56.656487 20.565191 1260261051001
163.31862 61.87366 19.786932 1260261051022
161.85269 66.629974 19.097586 1260261051042
159.61006 70.94848 18.492706 1260261051062
156.22955 74.60105 17.818071 1260261051275
152.06807 77.421 16.977167 1260261051282
147.56467 79.19995 15.778309 1260261051302
143.23643 78.88995 14.139394 1260261051314
139.62462 77.645454 12.132424 1260261051324
136.89339 75.36318 9.925803 1260261051330
134.94872 72.245026 7.929513 1260261051342
133.35127 68.58277 6.1330376 1260261051357
131.9837 64.803635 4.426386 1260261051365
130.78452 60.863453 2.6550665 1260261051377
129.8953 56.72028 0.67231315 1260261051389
129.45053 52.634266 -1.7113026 1260261051396
129.67801 48.55255 -4.4257374 1260261051411
131.6441 38.224922 -7.5544505 1260261051423
136.2619 27.763676 -10.176728 1260261051432
142.5988 35.275494 -11.717892 1260261051445
150.21886 42.16172 -12.331997 1260261051457
158.70792 48.803635 -12.165397 1260261051464
153.72252 55.21345 -11.607127 1260261051473
159.6364 61.40278 -10.676771 1260261051493
166.30458 49.332638 -9.592933 1260261051501
172.48935 55.816006 -8.363286 1260261051522
178.36488 61.875206 -7.0451217 1260261051541
183.64664 67.58144 -5.7428656 1260261051562
188.6643 72.95237 -4.405722 1260261051582
193.18109 77.904755 -3.0354362 1260261051606
196.37204 82.30952 -1.6336644 1260261051621
197.30344 85.94404 -0.25198108 1260261051643
195.73827 88.54684 1.060618 1260261051662
192.05135 90.069496 2.107587 1260261051682
186.94878 89.26602 2.7022078 1260261051701
181.40134 88.10272 2.9670975 1260261051722
175.98126 86.49759 2.9187427 1260261051743
170.6322 84.32271 2.6728055 1260261051762
165.7506 82.25658 2.3891652 1260261051782
161.16307 80.04375 2.269707 1260261051802
156.70491 77.59156 2.3562217 1260261051821
