7.4307885 -2.891096 3.7875912 1260089136620
7.4705834 -2.8752537 3.7105796 1260089136632
7.501579 -2.8704185 3.655806 1260089136640
7.522852 -2.8767214 3.6037712 1260089136673
7.5430613 -2.8936055 3.5461657 1260089136688
7.6208277 -2.9484632 3.3171 1260089136706
7.7233086 -2.9985352 3.0811002 1260089136714
7.8594837 -3.0542758 2.8569005 1260089136727
7.994298 -3.096333 2.6439106 1260089136737
8.066528 -3.1110897 2.6050146 1260089136750
8.113355 -3.111488 2.565339 1260089136771
8.13809 -3.1036944 2.516751 1260089136786
8.164312 -3.1017387 2.4678686 1260089136815
8.206249 -3.0808122 2.4268782 1260089136831
8.254262 -3.0718284 2.4042819 1260089136853
8.294425 -3.0551214 2.413461 1260089136868
8.329175 -3.0195003 2.4446547 1260089136890
8.353334 -2.9659107 2.4967625 1260089136911
8.371519 -2.8966131 2.555799 1260089137091
8.40582 -2.7980917 2.617332 1260089137100
8.46837 -2.6758935 2.703029 1260089137112
8.566611 -2.5271165 2.820535 1260089137120
8.685819 -2.3530896 2.9723456 1260089137133
8.823583 -2.1414547 3.1465306 1260089137139
8.923812 -1.9451687 3.3242648 1260089137149
8.974083 -1.7695932 3.489707 1260089137158
8.953057 -1.6504678 3.603973 1260089137171
8.846594 -1.633322 3.6158211 1260089137185
8.6896105 -1.7205482 3.4772532 1260089137194
8.528899 -1.9110138 3.1052144 1260089137205
8.378947 -2.163463 2.4419148 1260089137213
8.245346 -2.4557283 1.5100894 1260089137229
8.168139 -2.7163546 0.3756029 1260089137238
8.089345 -2.9258127 -0.8349577 1260089137249
8.006318 -3.1084535 -1.9570686 1260089137265
7.9131413 -3.3010306 -2.8875513 1260089137277
7.8055544 -3.5391414 -3.5835493 1260089137288
7.6808734 -3.9219806 -3.9845986 1260089137308
7.5317807 -4.5083704 -4.0087423 1260089137330
7.3206787 -5.29903 -3.531131 1260089137346
6.975756 -6.2646766 -2.5734475 1260089137369
6.450585 -7.1384563 -1.2598048 1260089137389
5.7677975 -7.6328053 0.23672706 1260089137414
4.9774976 -7.72311 1.7081466 1260089137427
4.1626973 -7.4840546 3.1059952 1260089137449
3.4165587 -7.150032 4.3263507 1260089137471
2.7628894 -6.9947925 5.2561855 1260089137493
2.2202206 -7.070008 5.7826753 1260089137509
1.7959415 -7.3832235 5.710105 1260089137531
1.4207981 -7.942289 5.046635 1260089137554
1.1427288 -8.621863 3.9430315 1260089137566
0.9895689 -9.289932 2.5486515 1260089137589
0.9189789 -9.701224 1.093916 1260089137611
0.9554331 -9.668359 -0.28808257 1260089137632
0.9982367 -9.246914 -1.6009812 1260089137647
0.97488457 -8.661985 -2.848235 1260089137669
0.9077529 -8.183258 -3.9779637 1260089137859
0.82490927 -7.948436 -4.887762 1260089137875
0.76255226 -7.9705205 -5.5641093 1260089137887
0.73123485 -8.310217 -5.808244 1260089137894
0.70965546 -8.861751 -5.406826 1260089137905
0.62582046 -9.611124 -4.485432 1260089137913
0.36775064 -10.532102 -3.0959399 1260089137925
-0.07218666 -11.145519 -1.4715074 1260089137934
-0.6488042 -11.541668 0.0853238 1260089137945
-1.2660545 -11.755246 1.4900827 1260089137959
-1.7829787 -11.798787 2.5474296 1260089137971
-2.1569216 -11.983165 3.084731 1260089137979
-2.3895843 -12.251623 2.8923576 1260089137990
-2.4968839 -12.529132 2.0817046 1260089137996
-2.465339 -12.674268 0.88594854 1260089138015
-2.304616 -12.523396 -0.4856517 1260089138026
-2.0933616 -11.994611 -1.788672 1260089138033
-1.8872219 -11.110215 -3.0265412 1260089138051
-1.7526808 -10.085484 -4.202517 1260089138059
-1.6916064 -9.150806 -5.280876 1260089138074
-1.644482 -8.482832 -6.183415 1260089138089
-1.5772403 -8.167653 -6.7806783 1260089138112
-1.4833959 -8.189673 -6.930615 1260089138131
-1.3608739 -8.579023 -6.5861273 1260089138147
-1.2499261 -9.207692 -5.677956 1260089138171
-1.2139895 -10.008552 -4.3725324 1260089138193
-1.2908555 -10.706034 -2.8477144 1260089138210
-1.4837373 -11.088062 -1.2220728 1260089138227
-1.7391629 -11.231021 0.29777008 1260089138256
-1.976369 -11.133243 1.5475309 1260089138269
-2.1206737 -11.034905 2.3833988 1260089138289
-2.133137 -11.029336 2.6769254 1260089138314
-2.0169458 -11.051286 2.2781634 1260089138328
-1.7703608 -11.003355 1.3906194 1260089138348
-1.4244182 -10.756921 0.19604766 1260089138367
-1.0515066 -10.220437 -1.1410575 1260089138395
-0.75853217 -9.345071 -2.4113073 1260089138408
-0.6164099 -8.262858 -3.6180449 1260089138428
-0.6175972 -7.168698 -4.70043 1260089138610
-0.727007 -6.2974567 -5.623819 1260089138629
-0.82004994 -5.7612534 -6.32125 1260089138638
-0.8362529 -5.548784 -6.723661 1260089138650
-0.75698435 -5.671783 -6.7797437 1260089138657
-0.5897418 -6.1155205 -6.4707212 1260089138668
-0.40021563 -6.80403 -5.679326 1260089138676
-0.25898376 -7.714176 -4.4848394 1260089138687
-0.2276471 -8.556342 -3.0374901 1260089138696
-0.31773633 -9.128259 -1.4268763 1260089138707
-0.48981032 -9.506773 0.04736332 1260089138723
-0.66690093 -9.679082 1.2326896 1260089138732
-0.77656955 -9.793061 2.0155168 1260089138743
-0.80039465 -9.901341 2.2668269 1260089138752
-0.73926336 -9.916356 1.9410081 1260089138768
-0.5926564 -9.793055 1.1445528 1260089138775
-0.3805109 -9.494768 0.02834317 1260089138790
-0.109508894 -8.971678 -1.2418094 1260089138806
0.17245959 -8.213912 -2.5070217 1260089138817
0.40423575 -7.2652125 -3.7089734 1260089138833
0.55223525 -6.281545 -4.8508277 1260089138850
0.6151988 -5.4437656 -5.9131155 1260089138870
0.6361962 -4.87874 -6.8616786 1260089138893
0.66704 -4.6777067 -7.6191187 1260089138910
0.7433318 -4.885121 -7.998178 1260089138930
0.84917885 -5.4539995 -7.910175 1260089138954
0.9558627 -6.2777376 -7.287206 1260089138966
1.0122652 -7.277533 -6.136271 1260089138990
0.97118616 -8.185797 -4.680581 1260089139011
0.82932746 -8.77624 -3.0654488 1260089139033
0.6223739 -9.04841 -1.4398168 1260089139048
0.39784622 -9.029117 -0.044609193 1260089139070
0.2485606 -8.81806 1.0424819 1260089139093
0.19867662 -8.5930395 1.7653556 1260089139115
0.23164688 -8.373822 2.1068099 1260089139130
0.39372396 -8.141048 2.1737669 1260089139151
0.6450827 -7.93081 1.9384093 1260089139173
0.9730868 -7.697714 1.4383266 1260089139187
1.3820761 -7.4129376 0.70037526 1260089139383
1.8121581 -7.0654454 -0.2969211 1260089139396
2.2295892 -6.6502004 -1.4098399 1260089139413
2.6063993 -6.1624184 -2.5835667 1260089139419
2.9085255 -5.6166224 -3.781691 1260089139430
3.1151853 -5.048402 -4.90016 1260089139439
3.2420483 -4.5031443 -5.8966465 1260089139451
3.312173 -4.0232863 -6.7438803 1260089139476
3.3433783 -3.6341612 -7.417316 1260089139489
3.3451016 -3.3720932 -7.901808 1260089139498
3.2963436 -3.3451402 -8.123719 1260089139512
3.2078004 -3.6688967 -7.9388638 1260089139528
3.0957625 -4.306759 -7.336934 1260089139535
2.970258 -5.116352 -6.3115435 1260089139546
2.8285553 -5.896362 -4.986017 1260089139555
2.6469476 -6.386757 -3.5388067 1260089139567
2.4104047 -6.533916 -2.1448882 1260089139584
2.1713874 -6.393138 -0.9507399 1260089139593
1.9974403 -6.0448785 -0.037629817 1260089139604
1.9295762 -5.5900865 0.56150395 1260089139619
1.9733869 -5.1273885 0.96791786 1260089139627
