6.4405327 -2.1562493 5.911474 1260089131604
6.659915 -2.4243584 6.069458 1260089131612
6.8928447 -2.7587411 6.4272532 1260089131620
7.14205 -3.1097746 6.9190254 1260089131653
7.3815184 -3.2975185 7.5135593 1260089131667
7.544998 -3.3907483 7.9319477 1260089131685
7.6056423 -3.4159818 8.11081 1260089131694
7.5522485 -3.3405252 8.059399 1260089131865
7.370769 -3.142853 7.819873 1260089131873
7.0424104 -2.8283954 7.417983 1260089131892
6.499605 -2.4384043 6.906113 1260089131903
5.8198147 -1.960993 6.353097 1260089131912
5.012613 -1.4468417 5.83318 1260089131919
4.040104 -0.97201836 5.3808007 1260089131929
3.0910227 -0.59516704 4.9898586 1260089131938
2.1812234 -0.38834417 4.638213 1260089131948
1.4088513 -0.29946318 4.3259425 1260089131955
0.90323853 -0.33624735 4.1150937 1260089131969
0.7314074 -0.555067 4.031241 1260089131985
0.9801833 -1.0959632 3.9958472 1260089131994
1.627855 -1.9727968 3.843045 1260089132005
2.6136165 -3.0700235 3.4404583 1260089132011
3.7693775 -4.194792 2.7597153 1260089132030
4.90072 -5.11486 1.8828256 1260089132039
5.8140945 -5.760784 1.0198157 1260089132050
6.417566 -6.1210732 0.28576443 1260089132065
6.6101747 -6.229759 -0.2624414 1260089132077
6.336871 -6.11849 -0.589828 1260089132089
5.64002 -5.759446 -0.654317 1260089132109
4.6279683 -5.1983857 -0.4390885 1260089132133
3.4853685 -4.5530105 -0.0820735 1260089132147
2.4359927 -3.933775 0.27615923 1260089132170
1.7564398 -3.5464013 0.48095787 1260089132190
1.633886 -3.5475078 0.3322838 1260089132212
2.0792992 -3.9142652 -0.15150832 1260089132229
2.9587233 -4.515342 -0.77455497 1260089132250
4.0754366 -5.234827 -1.4107155 1260089132272
5.14721 -5.872029 -1.8271071 1260089132286
5.959728 -6.2819185 -1.9264365 1260089132309
6.386344 -6.4404488 -1.8519073 1260089132330
6.319003 -6.2798276 -1.6735038 1260089132353
5.762654 -5.772427 -1.4318326 1260089132369
4.84458 -5.0016456 -1.1804523 1260089132389
3.7830873 -4.159759 -0.9668388 1260089132412
2.7971425 -3.4559903 -0.8687826 1260089132427
2.1410742 -3.0625412 -0.9329442 1260089132448
2.0190382 -3.1096332 -1.2125043 1260089132636
2.4370215 -3.5391455 -1.6694523 1260089132653
3.284939 -4.1841764 -2.1750598 1260089132659
4.3826175 -4.898427 -2.6165688 1260089132670
5.4417562 -5.5000105 -2.817396 1260089132679
6.253167 -5.862442 -2.6901464 1260089132690
6.7012053 -5.953414 -2.3091109 1260089132700
6.673284 -5.7510858 -1.82863 1260089132712
6.1795807 -5.226537 -1.2809168 1260089132720
5.343494 -4.4939466 -0.7326676 1260089132737
4.368061 -3.7373745 -0.29491502 1260089132748
3.527889 -3.1704981 -0.07245896 1260089132755
3.0967941 -2.9697502 -0.23500426 1260089132768
3.2300248 -3.0984368 -0.80961 1260089132775
3.8598657 -3.4025207 -1.6347026 1260089132792
4.825283 -3.7213652 -2.4655309 1260089132803
5.8152986 -3.9854496 -2.9728763 1260089132813
6.5358443 -4.140306 -2.9570308 1260089132828
6.8444414 -4.130786 -2.4550502 1260089132835
6.639785 -3.8874717 -1.560705 1260089132852
6.008829 -3.3982174 -0.52856433 1260089132866
5.130885 -2.776792 0.34981662 1260089132895
4.2328224 -2.2136786 0.8996133 1260089132908
3.5662618 -1.8905172 0.9901551 1260089132929
3.322571 -1.8668172 0.5007101 1260089132949
3.563691 -2.0234098 -0.40147585 1260089132968
4.2102184 -2.2464037 -1.5214251 1260089132988
5.027363 -2.4773161 -2.6296432 1260089133006
5.734186 -2.657865 -3.3834836 1260089133030
6.113512 -2.80487 -3.6930647 1260089133048
6.029167 -2.9002583 -3.5084114 1260089133069
5.545196 -2.8070028 -2.862408 1260089133089
4.8184648 -2.486864 -2.0001333 1260089133107
4.036133 -2.0342705 -1.1394302 1260089133130
3.393708 -1.5661696 -0.4409403 1260089133151
3.0639834 -1.2672116 0.021043928 1260089133174
3.1573126 -1.2991934 0.1916081 1260089133188
3.6743352 -1.6516974 0.030160813 1260089133209
4.532575 -2.1622787 -0.4003882 1260089133387
5.578768 -2.6943212 -1.0525329 1260089133396
6.5808234 -3.101014 -1.6918199 1260089133407
7.3659267 -3.3218849 -2.1356983 1260089133417
7.819618 -3.4193444 -2.2223225 1260089133428
7.799792 -3.5146549 -1.8871516 1260089133437
7.249763 -3.4151962 -1.1567237 1260089133449
6.3186255 -3.108914 -0.11141233 1260089133456
5.1527843 -2.716474 0.94292516 1260089133470
3.9982452 -2.2360556 1.7341113 1260089133486
3.1295738 -1.9778341 1.9988108 1260089133492
2.6823008 -2.0376194 1.6114808 1260089133500
2.7722404 -2.231981 0.7450127 1260089133512
3.3418865 -2.4636147 -0.43498522 1260089133527
4.211301 -2.6257803 -1.6887815 1260089133535
5.0869584 -2.6729178 -2.677626 1260089133554
5.7131658 -2.739491 -3.2295291 1260089133560
5.954615 -2.8905869 -3.1899548 1260089133574
5.766528 -3.0205076 -2.5047116 1260089133593
5.2350783 -2.9927464 -1.3531829 1260089133607
4.4993362 -2.798162 -0.05152022 1260089133629
3.6968668 -2.4512246 1.0713294 1260089133651
3.0128376 -2.1379786 1.7151247 1260089133673
2.5795736 -2.0412948 1.6239203 1260089133688
2.4717064 -2.0345726 0.942748 1260089133709
2.628019 -2.0424879 -0.15588029 1260089133733
2.8875222 -1.9866726 -1.392986 1260089133746
3.0141912 -1.8314955 -2.31626 1260089133769
2.839646 -1.6813532 -2.6792023 1260089133790
2.3905249 -1.5857083 -2.3211875 1260089133813
1.7881572 -1.5718005 -1.4083377 1260089133827
1.252002 -1.6546116 -0.22037129 1260089133850
0.9850967 -1.8905971 0.9081968 1260089133873
1.095881 -2.367441 1.7174639 1260089133892
1.6158656 -3.073781 2.1655083 1260089133907
2.4769194 -3.9096103 2.2479177 1260089133930
3.5394058 -4.7615347 1.9836549 1260089133952
4.6659026 -5.493908 1.3866484 1260089133966
5.7081532 -6.0268993 0.56479174 1260089134159
6.578432 -6.368435 -0.3262969 1260089134172
7.235624 -6.5662246 -1.2116491 1260089134183
7.6570125 -6.658101 -2.025493 1260089134193
7.834639 -6.687497 -2.7571025 1260089134204
7.7725196 -6.6657095 -3.388116 1260089134213
7.521459 -6.60415 -3.8159623 1260089134219
7.0384665 -6.5953827 -3.9125535 1260089134232
6.365103 -6.630639 -3.534413 1260089134239
5.5864797 -6.683201 -2.8428433 1260089134253
4.765747 -6.7004457 -1.950901 1260089134259
4.02555 -6.573815 -1.0511175 1260089134268
3.4251962 -6.31595 -0.3318456 1260089134275
