7.8968625 -1.9049795 5.1547475 1260089105298
7.9651113 -1.9050729 4.9950767 1260089105309
8.013603 -1.9024377 4.754857 1260089105349
8.050137 -1.8583921 4.475572 1260089105356
8.046025 -1.7559383 4.1741576 1260089105375
7.9760604 -1.6231942 3.8285651 1260089105386
7.868052 -1.4146843 3.4750547 1260089105394
7.7061954 -1.1607565 3.0854194 1260089105414
7.452322 -0.8950083 2.7016456 1260089105431
7.086516 -0.64867675 2.401757 1260089105448
6.569427 -0.43645433 2.2523854 1260089105469
5.9310927 -0.27910915 2.2296605 1260089105493
5.230014 -0.21203433 2.2632341 1260089105507
4.5524116 -0.22526821 2.2842329 1260089105528
4.0421686 -0.33726895 2.1904516 1260089105552
3.8468704 -0.5451412 1.9522167 1260089105566
4.1203427 -0.81412673 1.5324847 1260089105585
4.797605 -1.1193773 0.8347726 1260089105605
5.7556343 -1.4120893 -0.09637475 1260089105626
6.821034 -1.6602011 -1.147133 1260089105646
7.7780013 -1.8407447 -2.1508014 1260089105666
8.475324 -1.9489266 -2.9272218 1260089105691
8.745514 -2.0101573 -3.4073968 1260089105874
8.445804 -2.0022678 -3.5012617 1260089105883
7.607412 -1.8933012 -3.261502 1260089105894
6.4438715 -1.7210002 -2.8151238 1260089105901
5.224778 -1.5048759 -2.3216007 1260089105909
4.249833 -1.3050059 -1.9467341 1260089105921
3.751995 -1.2390746 -1.8173896 1260089105929
3.8579137 -1.3609955 -2.032297 1260089105941
4.4645324 -1.6252823 -2.5354254 1260089105957
5.4140177 -1.9560337 -3.2537966 1260089105967
6.4964986 -2.2675235 -4.005032 1260089105979
7.411125 -2.453114 -4.5477705 1260089105989
8.046432 -2.5225053 -4.795051 1260089106046
8.324447 -2.4889984 -4.7861633 1260089106063
8.151347 -2.3277736 -4.5618377 1260089106078
7.598042 -2.0234241 -4.183241 1260089106089
6.7496 -1.6437168 -3.7622824 1260089106103
5.751533 -1.2775466 -3.3821213 1260089106109
4.789068 -0.9930197 -3.1149487 1260089106120
4.0586014 -0.8630087 -2.9993813 1260089106138
3.7984657 -0.9124766 -3.1027508 1260089106147
4.06891 -1.0915885 -3.4359026 1260089106162
4.7766657 -1.3829659 -3.8770232 1260089106178
5.769112 -1.758522 -4.3124323 1260089106202
6.825666 -2.1261966 -4.5626264 1260089106218
7.676163 -2.4373505 -4.502025 1260089106239
8.200832 -2.6226218 -4.239468 1260089106264
8.31245 -2.6283753 -3.8960583 1260089106283
7.9622054 -2.432941 -3.5418973 1260089106299
7.284197 -2.0715759 -3.2197456 1260089106317
6.4235253 -1.6315745 -2.924598 1260089106340
5.516674 -1.1972288 -2.6721294 1260089106358
4.719181 -0.850659 -2.4901707 1260089106379
4.1978755 -0.65898323 -2.433764 1260089106401
4.120099 -0.61990494 -2.6205766 1260089106419
4.5222425 -0.69242436 -3.0554733 1260089106439
5.304717 -0.8192043 -3.62594 1260089106459
6.309579 -0.96211874 -4.112721 1260089106486
7.247172 -1.1278523 -4.262576 1260089106681
7.898848 -1.2689548 -4.006543 1260089106694
8.139295 -1.3260471 -3.4371045 1260089106703
7.8698955 -1.2290989 -2.6720831 1260089106709
7.166538 -0.94427025 -1.8676769 1260089106720
6.227984 -0.56880635 -1.1947472 1260089106728
5.29754 -0.25093365 -0.76317436 1260089106740
4.6499314 -0.1028645 -0.7624716 1260089106748
4.490985 -0.11338467 -1.2732481 1260089106761
4.832361 -0.17036904 -2.1432605 1260089106777
5.521013 -0.21360792 -3.1713536 1260089106786
6.2671695 -0.25196078 -4.065639 1260089106798
6.7424293 -0.2965682 -4.5556326 1260089106805
6.7737384 -0.34984154 -4.517174 1260089106818
6.38057 -0.35073692 -3.9855382 1260089106825
5.7210326 -0.21947016 -3.1624494 1260089106843
5.0522494 0.020325208 -2.264061 1260089106849
4.639598 0.2290623 -1.5188737 1260089106861
4.675939 0.26255634 -1.1235328 1260089106879
5.1667447 0.10164775 -1.1238806 1260089106888
6.000078 -0.15064394 -1.4538234 1260089106904
6.9504223 -0.37874377 -1.9824706 1260089106922
7.725218 -0.48851886 -2.5098832 1260089106938
8.141876 -0.47975633 -2.8835747 1260089106960
8.112066 -0.397201 -3.050621 1260089106984
7.632913 -0.22275001 -2.9600625 1260089106997
6.8188214 0.019933403 -2.633633 1260089107019
5.8670077 0.29474875 -2.1689339 1260089107041
4.9491644 0.5224535 -1.6797985 1260089107057
4.26926 0.6291292 -1.2430415 1260089107075
4.0292373 0.5350191 -0.95002455 1260089107101
4.2990394 0.20385337 -0.8848169 1260089107123
4.995289 -0.28441352 -1.035347 1260089107136
5.9706745 -0.8442905 -1.3697165 1260089107159
7.000806 -1.3291835 -1.7786239 1260089107182
7.8568473 -1.6413699 -2.094898 1260089107203
8.467144 -1.7976575 -2.2571118 1260089107217
8.799035 -1.8310387 -2.2756925 1260089107239
8.860993 -1.7660464 -2.1993637 1260089107427
8.711462 -1.6137284 -1.9940531 1260089107446
8.302448 -1.4635782 -1.5334113 1260089107457
7.6271772 -1.3209355 -0.77504224 1260089107464
6.7016854 -1.1799768 0.22190139 1260089107479
5.588879 -1.0487901 1.252082 1260089107486
4.476551 -0.8690003 2.012147 1260089107497
3.522673 -0.7315699 2.239109 1260089107505
2.9304376 -0.68886226 1.829549 1260089107517
2.8601897 -0.7034524 0.934471 1260089107526
3.3191996 -0.71731305 -0.26998204 1260089107541
4.139353 -0.68349046 -1.5388386 1260089107550
4.99341 -0.6568071 -2.5201976 1260089107563
5.5548315 -0.7247573 -3.026172 1260089107575
5.673442 -0.86081684 -2.9511373 1260089107584
5.3775115 -0.99279743 -2.3731775 1260089107599
4.801497 -1.0303278 -1.5448985 1260089107608
4.1092267 -0.93658835 -0.7389649 1260089107621
3.4018555 -0.8175711 -0.1503926 1260089107635
2.7434733 -0.7514949 0.18197231 1260089107646
2.2099476 -0.7711256 0.2906897 1260089107659
1.9142134 -0.89397043 0.19988127 1260089107680
1.9615164 -1.0794557 0.039382365 1260089107703
2.4211938 -1.3714398 -0.08040276 1260089107720
3.233809 -1.8333803 -0.12201079 1260089107738
4.261175 -2.4778912 -0.09207464 1260089107762
5.3733764 -3.263836 -0.13309908 1260089107779
6.457889 -4.035 -0.33824053 1260089107797
7.44391 -4.652514 -0.7183617 1260089107819
8.269624 -5.03008 -1.2456449 1260089107842
8.881074 -5.1824193 -1.8793625 1260089107859
9.228362 -5.1671023 -2.5835466 1260089107877
9.302223 -5.0374594 -3.3158562 1260089107902
9.110881 -4.8264475 -3.9536638 1260089107925
8.667595 -4.6062365 -4.3328023 1260089107937
7.9992642 -4.427682 -4.291865 1260089107960
7.2587924 -4.3459063 -3.8825006 1260089107983
6.513121 -4.3506227 -3.2913425 1260089107999
