8.917272 -0.14581531 1.4796989 1260089100166
8.882062 -0.030242778 1.4649625 1260089100180
8.856104 0.0114493845 1.4387046 1260089100221
8.8675375 0.05105694 1.3946911 1260089100254
8.911769 -0.06590684 1.3556024 1260089100268
8.936764 -0.15454884 1.3041667 1260089100320
8.97481 -0.17270006 1.2580268 1260089100326
8.996653 -0.20696916 1.2141939 1260089100337
9.039877 -0.20070681 1.142588 1260089100347
9.108861 -0.18658537 1.0636661 1260089100359
9.188698 -0.16295473 0.98392314 1260089100366
9.278844 -0.11803205 0.90544325 1260089100380
9.371974 -0.069226354 0.8213531 1260089100401
9.460447 -0.022860942 0.7278471 1260089100407
9.511808 0.03412553 0.6042845 1260089100418
9.502034 0.11550337 0.46783158 1260089100625
9.414432 0.21256183 0.33071008 1260089100646
9.188876 0.34358534 0.17592806 1260089100659
8.822732 0.5170909 0.032971226 1260089100678
8.341415 0.6982657 -0.05312349 1260089100684
7.7282114 0.88400203 -0.09064734 1260089100695
7.1259184 1.0025651 -0.09564921 1260089100704
6.5871096 0.9667382 -0.14466712 1260089100715
6.172627 0.84485143 -0.16399345 1260089100721
5.998837 0.6875169 -0.16532803 1260089100730
6.0033097 0.5189806 -0.09236497 1260089100741
6.2050543 0.35342303 0.03006929 1260089100758
6.6085076 0.15460125 0.019031582 1260089100765
7.169534 -0.16843987 -0.12152856 1260089100776
7.89728 -0.6271958 -0.54313105 1260089100785
8.733696 -1.1202195 -1.2364908 1260089100796
9.608651 -1.594721 -2.1083412 1260089100802
10.373118 -1.9848869 -3.0360274 1260089100820
10.868497 -2.2370474 -3.8124528 1260089100828
10.941393 -2.3833008 -4.292632 1260089100840
10.431779 -2.4228127 -4.336787 1260089100846
9.411004 -2.3118873 -3.9551415 1260089100858
8.0347 -2.088011 -3.3242574 1260089100867
6.552191 -1.806546 -2.6091444 1260089100878
5.243916 -1.5752481 -2.0319397 1260089100895
4.3184094 -1.468564 -1.7185464 1260089100903
3.9649234 -1.5347444 -1.7749517 1260089100914
4.2018476 -1.7794473 -2.2242079 1260089100923
4.9056807 -2.132455 -2.988786 1260089100939
5.902572 -2.5563447 -3.950086 1260089100948
6.927255 -2.9474628 -4.7965813 1260089100960
7.71751 -3.24207 -5.365801 1260089100979
8.128425 -3.4286473 -5.6382384 1260089100988
8.031866 -3.4683304 -5.6232853 1260089101007
7.372848 -3.2887847 -5.340759 1260089101023
6.2986717 -2.8927996 -4.8374076 1260089101041
5.0282707 -2.370876 -4.234598 1260089101063
3.790744 -1.8668764 -3.7143674 1260089101078
2.8432345 -1.5501589 -3.4108331 1260089101100
2.4075544 -1.5244082 -3.4439156 1260089101123
2.5834193 -1.766904 -3.8791873 1260089101137
3.268064 -2.153909 -4.5964293 1260089101160
4.290993 -2.6284833 -5.422185 1260089101180
5.429625 -3.1018026 -6.065001 1260089101364
6.3921475 -3.4935694 -6.313375 1260089101379
7.053205 -3.7744915 -6.1652365 1260089101388
7.2719183 -3.857493 -5.714642 1260089101400
6.943054 -3.6775577 -5.0543504 1260089101408
6.1518784 -3.267582 -4.255457 1260089101420
5.0665627 -2.75416 -3.4215963 1260089101426
3.9163346 -2.2990978 -2.723409 1260089101437
2.9625456 -2.0540686 -2.3366241 1260089101446
2.4739096 -2.0882497 -2.461554 1260089101456
2.5967424 -2.2882519 -3.0399241 1260089101477
3.241903 -2.4864264 -3.9292035 1260089101484
4.25252 -2.6447272 -4.9183946 1260089101495
5.326336 -2.756295 -5.627942 1260089101503
6.1271734 -2.87931 -5.909746 1260089101519
6.5174956 -2.998898 -5.764764 1260089101528
6.38503 -2.996734 -5.289927 1260089101540
5.7497864 -2.7692611 -4.644742 1260089101555
4.7962623 -2.3413656 -4.0290923 1260089101565
3.7480814 -1.8579099 -3.5579548 1260089101584
2.877617 -1.4449363 -3.264965 1260089101600
2.4599671 -1.2289948 -3.233153 1260089101620
2.6332114 -1.2908093 -3.484873 1260089101644
3.3099184 -1.6437324 -3.9153728 1260089101657
4.3307548 -2.201702 -4.4265003 1260089101679
5.4258566 -2.839374 -4.892322 1260089101702
6.2489586 -3.3954482 -5.133271 1260089101720
6.650217 -3.7091982 -5.129946 1260089101738
6.5220113 -3.7157853 -4.949723 1260089101759
5.8608503 -3.3863013 -4.598722 1260089101782
4.879299 -2.7845402 -4.1460934 1260089101797
3.8106222 -2.1025424 -3.6827261 1260089101817
2.9343066 -1.5486249 -3.234355 1260089101842
2.5499163 -1.3547397 -2.9275806 1260089101862
2.754757 -1.5832453 -2.8901644 1260089101878
3.4669287 -2.0972493 -3.0875268 1260089101899
4.513284 -2.740144 -3.4738781 1260089101922
5.574062 -3.3039038 -3.918548 1260089101937
6.3761334 -3.6910138 -4.2524524 1260089102108
6.7989545 -3.8823848 -4.406217 1260089102119
6.7552495 -3.8387704 -4.3616085 1260089102127
6.307843 -3.5474033 -4.1339936 1260089102138
5.69076 -3.0724285 -3.7679358 1260089102147
5.207365 -2.5742123 -3.3677425 1260089102158
5.1179323 -2.2493687 -3.0985649 1260089102165
5.4838047 -2.1416674 -2.9838166 1260089102176
6.131712 -2.1796408 -2.9272442 1260089102188
6.7336035 -2.2102673 -2.74615 1260089102202
6.9853225 -2.0881767 -2.2315588 1260089102214
6.7681737 -1.8400732 -1.4076366 1260089102222
6.161444 -1.532868 -0.4784919 1260089102234
5.354186 -1.2410232 0.2938708 1260089102245
4.542344 -1.0543458 0.67893445 1260089102255
3.885505 -0.9954994 0.60480773 1260089102268
3.508717 -1.0383427 0.09989822 1260089102282
3.4960444 -1.1423786 -0.75296336 1260089102304
3.8374534 -1.2112479 -1.8063052 1260089102316
4.411725 -1.2378558 -2.8873398 1260089102339
5.0049543 -1.2713054 -3.7515595 1260089102361
5.3764753 -1.3228321 -4.146251 1260089102382
5.3929977 -1.4099194 -3.918508 1260089102398
5.05797 -1.4981005 -3.148485 1260089102419
4.5006566 -1.5301152 -2.1377459 1260089102442
3.8738236 -1.4856173 -1.2047844 1260089102457
3.3028488 -1.4324479 -0.5813438 1260089102475
2.9136517 -1.4561679 -0.3159636 1260089102502
2.7720551 -1.6053712 -0.34034544 1260089102523
2.9187987 -1.851991 -0.4963066 1260089102537
3.3891795 -2.165959 -0.6444697 1260089102559
4.1472664 -2.568424 -0.73551035 1260089102582
5.0819693 -3.0501943 -0.7750088 1260089102602
6.1143126 -3.6365883 -0.8567984 1260089102618
7.1617785 -4.2849193 -1.070021 1260089102640
8.104433 -4.8981094 -1.4605433 1260089102659
8.916189 -5.392108 -1.9725101 1260089102677
9.504164 -5.7572107 -2.5256183 1260089102699
9.870693 -5.9998627 -3.1450515 1260089102885
10.040469 -6.1064367 -3.8077438 1260089102900
10.004262 -6.0946336 -4.462499 1260089102906
9.822765 -5.9792247 -5.040251 1260089102915
9.407901 -5.9049993 -5.3895764 1260089102922
8.727753 -5.903268 -5.3039722 1260089102927
7.8364453 -5.8852787 -4.7970123 1260089102936
6.784036 -5.898154 -3.9885123 1260089102943
5.7427053 -5.806189 -3.0794666 1260089102949
