212.62448 13.51152 44.96149 6.292043 -1.9858594 5.9588 1260089131596
212.62448 13.51152 44.96149 6.4405327 -2.1562493 5.911474 1260089131604
211.89326 14.235945 44.863415 6.4405327 -2.1562493 5.911474 1260089131609
211.89326 14.235945 44.863415 6.659915 -2.4243584 6.069458 1260089131612
210.7486 14.924148 44.370243 6.659915 -2.4243584 6.069458 1260089131615
210.7486 14.924148 44.370243 6.8928447 -2.7587411 6.4272532 1260089131620
209.36116 15.477941 43.75173 6.8928447 -2.7587411 6.4272532 1260089131649
209.36116 15.477941 43.75173 7.14205 -3.1097746 6.9190254 1260089131653
207.5431 15.554044 43.114147 7.14205 -3.1097746 6.9190254 1260089131659
207.5431 15.554044 43.114147 7.3815184 -3.2975185 7.5135593 1260089131667
205.41595 15.526341 42.60844 7.3815184 -3.2975185 7.5135593 1260089131673
205.41595 15.526341 42.60844 7.544998 -3.3907483 7.9319477 1260089131685
202.94516 15.500025 42.27802 7.544998 -3.3907483 7.9319477 1260089131688
202.94516 15.500025 42.27802 7.6056423 -3.4159818 8.11081 1260089131694
200.3979 15.275023 42.26412 7.6056423 -3.4159818 8.11081 1260089131699
200.3979 15.275023 42.26412 7.5522485 -3.3405252 8.059399 1260089131865
197.578 14.161272 42.650913 7.5522485 -3.3405252 8.059399 1260089131869
197.578 14.161272 42.650913 7.370769 -3.142853 7.819873 1260089131873
190.1991 8.203208 41.21837 7.370769 -3.142853 7.819873 1260089131884
190.1991 8.203208 41.21837 7.0424104 -2.8283954 7.417983 1260089131892
186.53914 1.0930473 37.45745 7.0424104 -2.8283954 7.417983 1260089131896
186.53914 1.0930473 37.45745 6.499605 -2.4384043 6.906113 1260089131903
183.71219 -5.9116054 33.53458 6.499605 -2.4384043 6.906113 1260089131907
183.71219 -5.9116054 33.53458 5.8198147 -1.960993 6.353097 1260089131912
181.32658 -12.766026 29.457851 5.8198147 -1.960993 6.353097 1260089131915
181.32658 -12.766026 29.457851 5.012613 -1.4468417 5.83318 1260089131919
179.61026 -19.677725 25.034958 5.012613 -1.4468417 5.83318 1260089131926
179.61026 -19.677725 25.034958 4.040104 -0.97201836 5.3808007 1260089131929
178.22975 -26.543839 20.53321 4.040104 -0.97201836 5.3808007 1260089131935
178.22975 -26.543839 20.53321 3.0910227 -0.59516704 4.9898586 1260089131938
177.51826 -33.566647 15.75655 3.0910227 -0.59516704 4.9898586 1260089131945
177.51826 -33.566647 15.75655 2.1812234 -0.38834417 4.638213 1260089131948
177.14235 -40.588314 10.918722 2.1812234 -0.38834417 4.638213 1260089131952
177.14235 -40.588314 10.918722 1.4088513 -0.29946318 4.3259425 1260089131955
175.28523 -38.208897 6.222786 1.4088513 -0.29946318 4.3259425 1260089131960
175.28523 -38.208897 6.222786 0.90323853 -0.33624735 4.1150937 1260089131969
170.97098 -33.648453 4.6116467 0.90323853 -0.33624735 4.1150937 1260089131975
170.97098 -33.648453 4.6116467 0.7314074 -0.555067 4.031241 1260089131985
168.47243 -28.96603 5.6810646 0.7314074 -0.555067 4.031241 1260089131988
168.47243 -28.96603 5.6810646 0.9801833 -1.0959632 3.9958472 1260089131994
166.99881 -24.86773 7.247011 0.9801833 -1.0959632 3.9958472 1260089131997
166.99881 -24.86773 7.247011 1.627855 -1.9727968 3.843045 1260089132005
166.39886 -17.024343 8.934661 1.627855 -1.9727968 3.843045 1260089132008
166.39886 -17.024343 8.934661 2.6136165 -3.0700235 3.4404583 1260089132011
166.62892 -9.323127 10.637928 2.6136165 -3.0700235 3.4404583 1260089132019
166.62892 -9.323127 10.637928 3.7693775 -4.194792 2.7597153 1260089132030
167.54747 -1.7069703 12.306031 3.7693775 -4.194792 2.7597153 1260089132034
167.54747 -1.7069703 12.306031 4.90072 -5.11486 1.8828256 1260089132039
168.7701 5.7283783 13.89073 4.90072 -5.11486 1.8828256 1260089132045
168.7701 5.7283783 13.89073 5.8140945 -5.760784 1.0198157 1260089132050
170.03159 12.941959 15.3961935 5.8140945 -5.760784 1.0198157 1260089132055
170.03159 12.941959 15.3961935 6.417566 -6.1210732 0.28576443 1260089132065
170.83 19.844862 16.476383 6.417566 -6.1210732 0.28576443 1260089132075
170.83 19.844862 16.476383 6.6101747 -6.229759 -0.2624414 1260089132077
168.3385 26.35262 16.052565 6.6101747 -6.229759 -0.2624414 1260089132086
168.3385 26.35262 16.052565 6.336871 -6.11849 -0.589828 1260089132089
168.02158 16.434988 11.549936 6.336871 -6.11849 -0.589828 1260089132104
168.02158 16.434988 11.549936 5.64002 -5.759446 -0.654317 1260089132109
165.5205 14.613238 7.6724396 5.64002 -5.759446 -0.654317 1260089132125
165.5205 14.613238 7.6724396 4.6279683 -5.1983857 -0.4390885 1260089132133
162.89447 12.782577 4.2388177 4.6279683 -5.1983857 -0.4390885 1260089132144
162.89447 12.782577 4.2388177 3.4853685 -4.5530105 -0.0820735 1260089132147
160.24974 10.993447 1.0768768 3.4853685 -4.5530105 -0.0820735 1260089132162
160.24974 10.993447 1.0768768 2.4359927 -3.933775 0.27615923 1260089132170
157.63725 9.543775 -2.0769672 2.4359927 -3.933775 0.27615923 1260089132184
157.63725 9.543775 -2.0769672 1.7564398 -3.5464013 0.48095787 1260089132190
154.1054 15.366586 -2.4231188 1.7564398 -3.5464013 0.48095787 1260089132207
154.1054 15.366586 -2.4231188 1.633886 -3.5475078 0.3322838 1260089132212
155.25012 21.698256 -0.50196284 1.633886 -3.5475078 0.3322838 1260089132226
155.25012 21.698256 -0.50196284 2.0792992 -3.9142652 -0.15150832 1260089132229
157.08762 27.913343 1.7231354 2.0792992 -3.9142652 -0.15150832 1260089132244
157.08762 27.913343 1.7231354 2.9587233 -4.515342 -0.77455497 1260089132250
159.13324 33.867676 3.9869788 2.9587233 -4.515342 -0.77455497 1260089132265
159.13324 33.867676 3.9869788 4.0754366 -5.234827 -1.4107155 1260089132272
161.12657 39.524292 6.33763 4.0754366 -5.234827 -1.4107155 1260089132283
161.12657 39.524292 6.33763 5.14721 -5.872029 -1.8271071 1260089132286
162.87024 44.89808 8.820748 5.14721 -5.872029 -1.8271071 1260089132306
162.87024 44.89808 8.820748 5.959728 -6.2819185 -1.9264365 1260089132309
164.12672 50.003174 11.229711 5.959728 -6.2819185 -1.9264365 1260089132323
164.12672 50.003174 11.229711 6.386344 -6.4404488 -1.8519073 1260089132330
164.32039 49.053017 13.368225 6.386344 -6.4404488 -1.8519073 1260089132343
164.32039 49.053017 13.368225 6.319003 -6.2798276 -1.6735038 1260089132353
160.95438 44.900364 10.499814 6.319003 -6.2798276 -1.6735038 1260089132366
160.95438 44.900364 10.499814 5.762654 -5.772427 -1.4318326 1260089132369
158.05666 40.855347 7.4248233 5.762654 -5.772427 -1.4318326 1260089132382
158.05666 40.855347 7.4248233 4.84458 -5.0016456 -1.1804523 1260089132389
155.45383 37.06258 4.403582 4.84458 -5.0016456 -1.1804523 1260089132405
155.45383 37.06258 4.403582 3.7830873 -4.159759 -0.9668388 1260089132412
153.18114 33.60945 1.2834029 3.7830873 -4.159759 -0.9668388 1260089132424
153.18114 33.60945 1.2834029 2.7971425 -3.4559903 -0.8687826 1260089132427
151.82208 24.07898 -2.0307672 2.7971425 -3.4559903 -0.8687826 1260089132445
151.82208 24.07898 -2.0307672 2.1410742 -3.0625412 -0.9329442 1260089132448
148.88098 30.27503 -2.029229 2.1410742 -3.0625412 -0.9329442 1260089132632
148.88098 30.27503 -2.029229 2.0190382 -3.1096332 -1.2125043 1260089132636
150.38693 35.81128 -0.22776742 2.0190382 -3.1096332 -1.2125043 1260089132646
150.38693 35.81128 -0.22776742 2.4370215 -3.5391455 -1.6694523 1260089132653
152.66759 41.220715 1.983621 2.4370215 -3.5391455 -1.6694523 1260089132656
152.66759 41.220715 1.983621 3.284939 -4.1841764 -2.1750598 1260089132659
155.1842 46.45968 4.38444 3.284939 -4.1841764 -2.1750598 1260089132667
155.1842 46.45968 4.38444 4.3826175 -4.898427 -2.6165688 1260089132670
157.825 51.486694 6.915218 4.3826175 -4.898427 -2.6165688 1260089132676
157.825 51.486694 6.915218 5.4417562 -5.5000105 -2.817396 1260089132679
160.43375 56.41236 9.569457 5.4417562 -5.5000105 -2.817396 1260089132687
160.43375 56.41236 9.569457 6.253167 -5.862442 -2.6901464 1260089132690
162.51205 54.891743 12.040984 6.253167 -5.862442 -2.6901464 1260089132694
162.51205 54.891743 12.040984 6.7012053 -5.953414 -2.3091109 1260089132700
160.83646 52.697155 13.388935 6.7012053 -5.953414 -2.3091109 1260089132708
160.83646 52.697155 13.388935 6.673284 -5.7510858 -1.82863 1260089132712
156.84464 48.7623 11.869489 6.673284 -5.7510858 -1.82863 1260089132715
156.84464 48.7623 11.869489 6.1795807 -5.226537 -1.2809168 1260089132720
153.3524 44.674183 9.376015 6.1795807 -5.226537 -1.2809168 1260089132729
153.3524 44.674183 9.376015 5.343494 -4.4939466 -0.7326676 1260089132737
150.28477 40.790474 6.557214 5.343494 -4.4939466 -0.7326676 1260089132745
150.28477 40.790474 6.557214 4.368061 -3.7373745 -0.29491502 1260089132748
147.62053 37.25095 3.4793532 4.368061 -3.7373745 -0.29491502 1260089132752
147.62053 37.25095 3.4793532 3.527889 -3.1704981 -0.07245896 1260089132755
149.08951 26.788403 0.5053856 3.527889 -3.1704981 -0.07245896 1260089132760
149.08951 26.788403 0.5053856 3.0967941 -2.9697502 -0.23500426 1260089132768
151.08504 33.29898 1.6801163 3.0967941 -2.9697502 -0.23500426 1260089132771
151.08504 33.29898 1.6801163 3.2300248 -3.0984368 -0.80961 1260089132775
154.33078 39.58403 3.5461106 3.2300248 -3.0984368 -0.80961 1260089132784
154.33078 39.58403 3.5461106 3.8598657 -3.4025207 -1.6347026 1260089132792
158.11424 45.70483 5.768805 3.8598657 -3.4025207 -1.6347026 1260089132795
158.11424 45.70483 5.768805 4.825283 -3.7213652 -2.4655309 1260089132803
161.95853 51.51959 8.380364 4.825283 -3.7213652 -2.4655309 1260089132807
161.95853 51.51959 8.380364 5.8152986 -3.9854496 -2.9728763 1260089132813
165.4606 56.99361 11.461347 5.8152986 -3.9854496 -2.9728763 1260089132818
165.4606 56.99361 11.461347 6.5358443 -4.140306 -2.9570308 1260089132828
167.48758 54.89393 13.738279 6.5358443 -4.140306 -2.9570308 1260089132832
167.48758 54.89393 13.738279 6.8444414 -4.130786 -2.4550502 1260089132835
163.66321 51.999233 13.551365 6.8444414 -4.130786 -2.4550502 1260089132848
163.66321 51.999233 13.551365 6.639785 -3.8874717 -1.560705 1260089132852
159.78004 48.59927 12.023797 6.639785 -3.8874717 -1.560705 1260089132863
159.78004 48.59927 12.023797 6.008829 -3.3982174 -0.52856433 1260089132866
156.09105 44.969307 9.872607 6.008829 -3.3982174 -0.52856433 1260089132887
156.09105 44.969307 9.872607 5.130885 -2.776792 0.34981662 1260089132895
152.7365 41.42084 7.278977 5.130885 -2.776792 0.34981662 1260089132903
152.7365 41.42084 7.278977 4.2328224 -2.2136786 0.8996133 1260089132908
149.89967 38.1498 3.8650281 4.2328224 -2.2136786 0.8996133 1260089132924
149.89967 38.1498 3.8650281 3.5662618 -1.8905172 0.9901551 1260089132929
142.80469 44.79231 3.2717767 3.5662618 -1.8905172 0.9901551 1260089132946
142.80469 44.79231 3.2717767 3.322571 -1.8668172 0.5007101 1260089132949
146.16446 50.802692 4.308188 3.322571 -1.8668172 0.5007101 1260089132965
146.16446 50.802692 4.308188 3.563691 -2.0234098 -0.40147585 1260089132968
150.40623 56.612556 5.8427787 3.563691 -2.0234098 -0.40147585 1260089132983
150.40623 56.612556 5.8427787 4.2102184 -2.2464037 -1.5214251 1260089132988
154.78592 62.18193 7.5506396 4.2102184 -2.2464037 -1.5214251 1260089133003
154.78592 62.18193 7.5506396 5.027363 -2.4773161 -2.6296432 1260089133006
159.14662 67.42284 9.473107 5.027363 -2.4773161 -2.6296432 1260089133026
159.14662 67.42284 9.473107 5.734186 -2.657865 -3.3834836 1260089133030
162.68929 72.10169 11.499452 5.734186 -2.657865 -3.3834836 1260089133045
162.68929 72.10169 11.499452 6.113512 -2.80487 -3.6930647 1260089133048
163.25482 70.84661 13.074479 6.113512 -2.80487 -3.6930647 1260089133064
163.25482 70.84661 13.074479 6.029167 -2.9002583 -3.5084114 1260089133069
159.54208 67.60428 11.370755 6.029167 -2.9002583 -3.5084114 1260089133084
159.54208 67.60428 11.370755 5.545196 -2.8070028 -2.862408 1260089133089
155.66498 63.624065 9.252217 5.545196 -2.8070028 -2.862408 1260089133104
155.66498 63.624065 9.252217 4.8184648 -2.486864 -2.0001333 1260089133107
151.73174 59.492863 7.1396065 4.8184648 -2.486864 -2.0001333 1260089133123
151.73174 59.492863 7.1396065 4.036133 -2.0342705 -1.1394302 1260089133130
147.74515 55.26822 5.232626 4.036133 -2.0342705 -1.1394302 1260089133144
147.74515 55.26822 5.232626 3.393708 -1.5661696 -0.4409403 1260089133151
143.65788 51.254807 4.070995 3.393708 -1.5661696 -0.4409403 1260089133166
143.65788 51.254807 4.070995 3.0639834 -1.2672116 0.021043928 1260089133174
148.42499 49.592068 6.417445 3.0639834 -1.2672116 0.021043928 1260089133185
148.42499 49.592068 6.417445 3.1573126 -1.2991934 0.1916081 1260089133188
152.40373 54.562466 8.946573 3.1573126 -1.2991934 0.1916081 1260089133204
152.40373 54.562466 8.946573 3.6743352 -1.6516974 0.030160813 1260089133209
156.48355 59.43434 11.249245 3.6743352 -1.6516974 0.030160813 1260089133376
156.48355 59.43434 11.249245 4.532575 -2.1622787 -0.4003882 1260089133387
160.70938 64.26263 13.386783 4.532575 -2.1622787 -0.4003882 1260089133393
160.70938 64.26263 13.386783 5.578768 -2.6943212 -1.0525329 1260089133396
165.02391 69.04949 15.517444 5.578768 -2.6943212 -1.0525329 1260089133399
165.02391 69.04949 15.517444 6.5808234 -3.101014 -1.6918199 1260089133407
169.52272 73.74702 17.741571 6.5808234 -3.101014 -1.6918199 1260089133411
169.52272 73.74702 17.741571 7.3659267 -3.3218849 -2.1356983 1260089133417
173.74658 78.20966 20.254494 7.3659267 -3.3218849 -2.1356983 1260089133420
173.74658 78.20966 20.254494 7.819618 -3.4193444 -2.2223225 1260089133428
174.90926 75.89918 21.591768 7.819618 -3.4193444 -2.2223225 1260089133432
174.90926 75.89918 21.591768 7.799792 -3.5146549 -1.8871516 1260089133437
170.5138 72.454216 19.81218 7.799792 -3.5146549 -1.8871516 1260089133444
170.5138 72.454216 19.81218 7.249763 -3.4151962 -1.1567237 1260089133449
166.0881 68.48151 17.321571 7.249763 -3.4151962 -1.1567237 1260089133453
166.0881 68.48151 17.321571 6.3186255 -3.108914 -0.11141233 1260089133456
161.9337 64.557434 14.555492 6.3186255 -3.108914 -0.11141233 1260089133466
161.9337 64.557434 14.555492 5.1527843 -2.716474 0.94292516 1260089133470
157.88701 60.529564 11.577718 5.1527843 -2.716474 0.94292516 1260089133478
157.88701 60.529564 11.577718 3.9982452 -2.2360556 1.7341113 1260089133486
154.14265 56.953087 7.9988317 3.9982452 -2.2360556 1.7341113 1260089133488
154.14265 56.953087 7.9988317 3.1295738 -1.9778341 1.9988108 1260089133492
147.83553 62.05543 5.49889 3.1295738 -1.9778341 1.9988108 1260089133497
147.83553 62.05543 5.49889 2.6823008 -2.0376194 1.6114808 1260089133500
149.49374 66.95266 5.9739456 2.6823008 -2.0376194 1.6114808 1260089133508
149.49374 66.95266 5.9739456 2.7722404 -2.231981 0.7450127 1260089133512
153.71906 71.90503 7.2252483 2.7722404 -2.231981 0.7450127 1260089133524
153.71906 71.90503 7.2252483 3.3418865 -2.4636147 -0.43498522 1260089133527
158.73311 76.80978 8.763986 3.3418865 -2.4636147 -0.43498522 1260089133532
158.73311 76.80978 8.763986 4.211301 -2.6257803 -1.6887815 1260089133535
164.19646 81.619286 10.575787 4.211301 -2.6257803 -1.6887815 1260089133546
164.19646 81.619286 10.575787 5.0869584 -2.6729178 -2.677626 1260089133554
169.03664 86.03832 12.596997 5.0869584 -2.6729178 -2.677626 1260089133557
169.03664 86.03832 12.596997 5.7131658 -2.739491 -3.2295291 1260089133560
171.7348 89.3364 14.917148 5.7131658 -2.739491 -3.2295291 1260089133570
171.7348 89.3364 14.917148 5.954615 -2.8905869 -3.1899548 1260089133574
168.14806 86.21958 14.67129 5.954615 -2.8905869 -3.1899548 1260089133590
168.14806 86.21958 14.67129 5.766528 -3.0205076 -2.5047116 1260089133593
163.89066 82.258606 13.287725 5.766528 -3.0205076 -2.5047116 1260089133604
163.89066 82.258606 13.287725 5.2350783 -2.9927464 -1.3531829 1260089133607
159.69612 78.04568 11.573339 5.2350783 -2.9927464 -1.3531829 1260089133626
159.69612 78.04568 11.573339 4.4993362 -2.798162 -0.05152022 1260089133629
155.56131 73.69339 9.644672 4.4993362 -2.798162 -0.05152022 1260089133644
155.56131 73.69339 9.644672 3.6968668 -2.4512246 1.0713294 1260089133651
151.68324 69.35872 7.412439 3.6968668 -2.4512246 1.0713294 1260089133663
151.68324 69.35872 7.412439 3.0128376 -2.1379786 1.7151247 1260089133673
147.24908 74.79079 2.6418169 3.0128376 -2.1379786 1.7151247 1260089133684
147.24908 74.79079 2.6418169 2.5795736 -2.0412948 1.6239203 1260089133688
146.43663 79.60125 2.609726 2.5795736 -2.0412948 1.6239203 1260089133706
146.43663 79.60125 2.609726 2.4717064 -2.0345726 0.942748 1260089133709
151.3148 84.32119 3.2292397 2.4717064 -2.0345726 0.942748 1260089133729
151.3148 84.32119 3.2292397 2.628019 -2.0424879 -0.15588029 1260089133733
157.49907 89.005135 3.9177778 2.628019 -2.0424879 -0.15588029 1260089133743
157.49907 89.005135 3.9177778 2.8875222 -1.9866726 -1.392986 1260089133746
165.32411 75.70488 4.471889 2.8875222 -1.9866726 -1.392986 1260089133765
165.32411 75.70488 4.471889 3.0141912 -1.8314955 -2.31626 1260089133769
164.8079 63.269634 4.0982947 3.0141912 -1.8314955 -2.31626 1260089133782
164.8079 63.269634 4.0982947 2.839646 -1.6813532 -2.6792023 1260089133790
159.71751 60.006153 1.19338 2.839646 -1.6813532 -2.6792023 1260089133803
159.71751 60.006153 1.19338 2.3905249 -1.5857083 -2.3211875 1260089133813
154.88164 57.205845 -0.41628906 2.3905249 -1.5857083 -2.3211875 1260089133823
154.88164 57.205845 -0.41628906 1.7881572 -1.5718005 -1.4083377 1260089133827
150.03755 54.745552 -1.4954746 1.7881572 -1.5718005 -1.4083377 1260089133846
150.03755 54.745552 -1.4954746 1.252002 -1.6546116 -0.22037129 1260089133850
145.13568 52.808273 -1.9207008 1.252002 -1.6546116 -0.22037129 1260089133869
145.13568 52.808273 -1.9207008 0.9850967 -1.8905971 0.9081968 1260089133873
140.37889 51.81786 -1.3746657 0.9850967 -1.8905971 0.9081968 1260089133883
140.37889 51.81786 -1.3746657 1.095881 -2.367441 1.7174639 1260089133892
133.75995 51.526966 0.19406755 1.095881 -2.367441 1.7174639 1260089133904
133.75995 51.526966 0.19406755 1.6158656 -3.073781 2.1655083 1260089133907
140.72195 51.250618 2.3343642 1.6158656 -3.073781 2.1655083 1260089133926
140.72195 51.250618 2.3343642 2.4769194 -3.9096103 2.2479177 1260089133930
146.98586 55.63809 4.617646 2.4769194 -3.9096103 2.2479177 1260089133943
146.98586 55.63809 4.617646 3.5394058 -4.7615347 1.9836549 1260089133952
152.93657 60.106182 6.886764 3.5394058 -4.7615347 1.9836549 1260089133963
152.93657 60.106182 6.886764 4.6659026 -5.493908 1.3866484 1260089133966
158.68974 64.65087 8.992426 4.6659026 -5.493908 1.3866484 1260089134151
158.68974 64.65087 8.992426 5.7081532 -6.0268993 0.56479174 1260089134159
164.05525 69.21833 10.892805 5.7081532 -6.0268993 0.56479174 1260089134168
164.05525 69.21833 10.892805 6.578432 -6.368435 -0.3262969 1260089134172
169.05249 73.70741 12.548165 6.578432 -6.368435 -0.3262969 1260089134175
169.05249 73.70741 12.548165 7.235624 -6.5662246 -1.2116491 1260089134183
173.39987 78.02204 13.870757 7.235624 -6.5662246 -1.2116491 1260089134189
173.39987 78.02204 13.870757 7.6570125 -6.658101 -2.025493 1260089134193
176.77988 82.12094 14.777219 7.6570125 -6.658101 -2.025493 1260089134196
176.77988 82.12094 14.777219 7.834639 -6.687497 -2.7571025 1260089134204
178.74089 86.01489 15.138358 7.834639 -6.687497 -2.7571025 1260089134207
178.74089 86.01489 15.138358 7.7725196 -6.6657095 -3.388116 1260089134213
178.70384 89.514145 14.981441 7.7725196 -6.6657095 -3.388116 1260089134216
178.70384 89.514145 14.981441 7.521459 -6.60415 -3.8159623 1260089134219
175.11865 91.73844 13.532369 7.521459 -6.60415 -3.8159623 1260089134228
175.11865 91.73844 13.532369 7.0384665 -6.5953827 -3.9125535 1260089134232
171.11272 89.40152 10.95575 7.0384665 -6.5953827 -3.9125535 1260089134236
171.11272 89.40152 10.95575 6.365103 -6.630639 -3.534413 1260089134239
167.05708 86.38145 8.607963 6.365103 -6.630639 -3.534413 1260089134250
167.05708 86.38145 8.607963 5.5864797 -6.683201 -2.8428433 1260089134253
162.90424 83.11237 6.5275645 5.5864797 -6.683201 -2.8428433 1260089134256
162.90424 83.11237 6.5275645 4.765747 -6.7004457 -1.950901 1260089134259
158.60902 79.556755 4.651186 4.765747 -6.7004457 -1.950901 1260089134265
158.60902 79.556755 4.651186 4.02555 -6.573815 -1.0511175 1260089134268
154.17857 75.82892 2.8686266 4.02555 -6.573815 -1.0511175 1260089134272
154.17857 75.82892 2.8686266 3.4251962 -6.31595 -0.3318456 1260089134275
