223.22241 1.1884533 43.755424 1260089148196
223.76129 1.4790306 44.817654 1260089148208
223.57323 1.6550791 45.12677 1260089148215
223.39456 1.7723252 45.37043 1260089148254
222.22484 2.333709 45.30191 1260089148267
220.8136 2.9170234 45.186813 1260089148273
220.17291 3.5711722 45.42747 1260089148289
219.11427 4.492614 45.6061 1260089148300
218.70856 5.2179832 46.125793 1260089148314
218.52313 5.957084 46.869503 1260089148326
218.14697 7.05923 47.576027 1260089148346
217.93962 8.0062685 48.397224 1260089148536
217.69264 8.855955 49.227364 1260089148554
217.45801 9.613157 50.065994 1260089148566
217.58511 10.1825 51.012695 1260089148575
218.55586 17.823376 52.11206 1260089148587
220.57806 25.332207 53.306458 1260089148594
225.64915 24.165596 55.041134 1260089148606
217.3667 22.107317 54.48908 1260089148615
210.14836 20.30195 52.464626 1260089148626
203.24094 19.236853 49.691395 1260089148637
196.32889 19.77501 47.106827 1260089148652
190.26244 24.38626 44.651485 1260089148660
185.19931 30.216946 42.36891 1260089148671
180.93935 36.5061 40.250465 1260089148683
177.44238 43.030796 38.23794 1260089148692
173.67026 49.579254 36.326046 1260089148707
168.08675 55.750294 34.409744 1260089148718
162.28241 61.06278 32.43926 1260089148730
155.31828 65.05964 30.067295 1260089148744
148.55237 64.906654 27.21393 1260089148756
143.72475 63.511322 24.753233 1260089148769
140.28851 61.435757 22.515572 1260089148788
137.32408 59.21397 20.289793 1260089148804
133.45787 57.303272 17.775303 1260089148823
144.38498 55.73811 14.686538 1260089148845
153.46573 60.201202 11.252211 1260089148868
162.14244 64.74114 8.6396 1260089148884
169.58531 69.90408 6.60762 1260089148903
175.15605 57.458878 4.9772387 1260089148926
179.69824 45.885933 3.4783766 1260089148944
184.91333 52.541637 2.1544578 1260089148964
192.06766 58.014557 0.6967349 1260089148985
199.66428 62.26383 -0.9381019 1260089149009
207.03107 65.900635 -3.1411967 1260089149023
198.4795 63.9056 -5.084137 1260089149043
193.10553 61.46032 -6.42993 1260089149066
188.00026 59.137302 -7.4584336 1260089149089
182.25024 57.280437 -8.435512 1260089149104
175.08774 56.166416 -9.463736 1260089149285
166.83334 56.058094 -10.640549 1260089149295
176.44168 59.65519 -11.758521 1260089149306
184.8696 64.27243 -12.820595 1260089149313
190.42612 52.058807 -13.579565 1260089149327
193.5048 41.205868 -14.200587 1260089149334
196.37956 30.895575 -14.840558 1260089149345
201.86058 37.950798 -15.89853 1260089149355
208.46754 43.45326 -17.503603 1260089149368
215.49417 43.180595 -19.178423 1260089149380
206.16946 42.371567 -20.319502 1260089149392
199.161 41.05299 -20.853527 1260089149404
192.45294 39.90034 -21.21085 1260089149413
184.8803 39.305325 -21.700308 1260089149426
176.18628 39.340057 -22.465292 1260089149435
185.07697 43.923054 -23.342028 1260089149448
192.77312 49.0769 -24.274927 1260089149458
198.33446 55.323055 -24.91118 1260089149472
201.01773 44.406902 -25.16562 1260089149491
202.81685 34.436558 -25.35734 1260089149504
205.72601 24.26473 -25.739473 1260089149527
210.8397 31.451494 -26.7025 1260089149544
216.99773 37.27892 -28.117374 1260089149567
224.04784 37.064972 -29.411507 1260089149584
214.59544 36.161724 -30.140932 1260089149604
206.81567 34.853638 -30.383886 1260089149637
199.1249 33.660957 -30.614693 1260089149656
190.81865 32.77791 -31.033958 1260089149669
181.67772 32.689014 -31.68226 1260089149687
172.99384 37.454563 -31.948147 1260089149711
165.54414 42.081837 -31.450739 1260089149723
160.31694 47.577744 -30.428202 1260089149747
154.7511 53.998856 -29.106792 1260089149768
158.11354 42.748913 -27.951452 1260089149783
164.90787 31.711466 -27.25388 1260089149804
173.61247 38.275894 -27.341187 1260089149822
181.78185 43.7121 -28.524128 1260089149849
189.94275 42.826496 -29.847921 1260089149864
181.89561 41.38517 -30.255526 1260089150054
175.20084 39.86591 -30.29275 1260089150070
168.29079 38.772614 -30.278112 1260089150078
160.97624 38.28398 -30.364206 1260089150088
153.22743 38.469784 -30.695995 1260089150097
145.76607 42.846294 -30.961195 1260089150108
139.02777 47.45398 -30.863134 1260089150117
133.87639 52.931282 -30.369978 1260089150129
143.88257 41.284718 -29.601479 1260089150138
149.83844 30.82048 -28.921404 1260089150152
157.39651 20.479456 -28.525333 1260089150166
166.32669 27.855484 -28.599066 1260089150175
174.86035 34.16271 -29.319113 1260089150186
182.91733 34.054573 -30.753157 1260089150193
173.82146 33.551846 -31.415499 1260089150210
166.73038 32.724255 -31.394724 1260089150224
160.39386 31.888042 -31.074987 1260089150233
153.72417 31.29364 -30.921238 1260089150246
146.33795 30.878958 -31.175177 1260089150258
156.42105 31.03501 -32.01642 1260089150271
166.09999 36.38326 -32.665596 1260089150291
158.34499 41.714096 -32.532314 1260089150304
154.37773 47.278393 -31.605698 1260089150326
154.95885 53.014473 -30.175413 1260089150347
160.6109 58.813747 -28.266642 1260089150364
164.98036 63.97306 -26.35331 1260089150384
167.48134 68.47441 -24.685644 1260089150407
168.50728 72.250694 -23.201363 1260089150429
167.08191 74.78816 -22.191294 1260089150443
169.72781 76.49876 -20.181728 1260089150465
177.54143 74.723816 -17.072641 1260089150488
183.76436 72.78763 -13.719009 1260089150503
188.37614 70.94825 -10.333059 1260089150523
191.15733 74.050835 -7.6164064 1260089150546
193.84947 72.448296 -5.185586 1260089150569
196.457 70.47588 -3.0263066 1260089150584
198.53415 68.552086 -1.0749912 1260089150605
200.15744 66.72448 0.6787584 1260089150628
