213.0201 13.409671 48.242092 1260089110864
214.3691 12.439187 49.879986 1260089110876
216.00064 11.317227 51.335987 1260089110910
218.00061 10.001366 52.46919 1260089110923
220.75058 1.5512971 53.09573 1260089110939
224.46304 -5.9762683 53.240944 1260089110946
213.6899 -11.677455 51.728897 1260089110963
206.7054 -16.893583 48.392452 1260089110976
201.72012 -18.398905 43.82283 1260089110997
197.13411 -19.47896 39.28169 1260089111014
193.12741 -19.555012 34.317604 1260089111037
189.27104 -19.22726 29.451723 1260089111055
185.20749 -18.465897 25.079136 1260089111074
182.0971 -12.242601 24.425179 1260089111101
181.44225 -4.730471 25.15392 1260089111114
181.37013 2.6560526 25.996223 1260089111137
181.75163 9.82325 26.846413 1260089111154
182.41405 16.782087 27.754091 1260089111177
183.19334 23.442984 28.666388 1260089111195
183.98367 29.820835 29.683067 1260089111214
184.33449 35.729794 30.448914 1260089111236
181.96776 40.493305 29.726467 1260089111252
178.41937 37.71864 24.740143 1260089111272
174.94841 34.68271 20.453136 1260089111292
171.65099 31.698574 16.48048 1260089111312
168.51843 28.863646 12.556456 1260089111332
165.79251 26.370462 8.528633 1260089111352
172.95288 33.501938 5.752201 1260089111379
173.20523 39.02684 7.064591 1260089111392
174.14497 44.275497 8.8613615 1260089111412
175.28772 49.261723 10.718293 1260089111432
176.47333 53.99864 12.632379 1260089111452
177.59966 58.498707 14.550759 1260089111626
178.66968 62.823772 16.523222 1260089111638
179.48619 61.332584 18.547062 1260089111647
180.21188 65.665955 20.519709 1260089111658
186.2013 54.382656 22.443724 1260089111664
182.09123 49.813522 18.671537 1260089111678
178.23666 45.572845 15.03796 1260089111694
174.62483 41.644203 11.436062 1260089111705
171.2936 38.11199 7.8142586 1260089111719
168.77892 27.406391 3.7735455 1260089111728
168.13997 32.63607 4.6848683 1260089111739
168.93297 37.904266 6.350625 1260089111748
170.23631 43.05905 8.183094 1260089111762
171.8245 48.0561 10.1239395 1260089111776
173.43327 52.803295 12.167743 1260089111786
174.8616 51.96313 14.259356 1260089111799
175.66852 51.014973 16.246387 1260089111818
174.73509 49.764225 17.53407 1260089111835
170.29834 46.226013 15.457366 1260089111854
166.38342 42.064713 12.234498 1260089111876
162.86426 38.111477 9.022773 1260089111893
159.72104 34.455902 5.871634 1260089111917
156.98499 25.283106 2.6280522 1260089111935
154.98573 16.168951 -0.6033505 1260089111954
150.83644 23.060503 -1.023183 1260089111975
152.74461 28.907478 0.8779762 1260089111994
155.20738 34.562103 3.1340773 1260089112018
157.947 39.983997 5.4773736 1260089112067
160.69966 45.1848 7.853505 1260089112098
163.36469 50.325558 10.36083 1260089112104
166.49644 48.90928 13.192789 1260089112123
160.42162 44.363815 13.38315 1260089112135
156.40053 39.845623 10.863993 1260089112157
152.7805 35.903343 8.070793 1260089112174
149.54147 32.558174 5.067253 1260089112194
146.6144 29.780266 1.8638904 1260089112214
143.83368 27.991253 -2.1293042 1260089112236
140.442 33.34169 -3.272839 1260089112425
142.2199 38.824604 -1.9091971 1260089112437
145.6089 44.483376 0.036262788 1260089112446
149.87846 50.059208 2.2844496 1260089112457
154.63454 55.556248 4.8702273 1260089112466
159.35281 60.778435 7.876716 1260089112477
163.88518 58.63951 10.982881 1260089112484
165.74092 56.407536 13.083736 1260089112496
162.25388 54.03716 14.229549 1260089112504
158.34119 51.2853 14.418072 1260089112517
154.47412 47.621037 12.847168 1260089112530
151.40042 43.489986 9.60481 1260089112541
149.1804 33.96549 6.324569 1260089112549
147.77138 24.717215 3.2583408 1260089112561
147.4828 15.731354 0.54542387 1260089112574
149.70866 6.8447857 -1.4318473 1260089112585
153.37323 15.0525465 -0.5102549 1260089112596
156.60457 21.74992 2.215258 1260089112607
159.47433 27.962423 4.904495 1260089112621
162.60062 28.214302 7.50927 1260089112639
165.97058 28.303587 10.033807 1260089112655
169.82205 28.188408 12.632116 1260089112678
174.48096 27.578987 15.650511 1260089112694
179.95691 35.150036 18.717985 1260089112713
171.20906 25.842533 19.082087 1260089112737
168.79861 17.500406 16.777983 1260089112756
166.35869 9.225386 13.339084 1260089112774
163.19075 1.0141164 9.47213 1260089112794
159.48122 0.06341055 5.3985233 1260089112814
155.30716 -0.23976 1.8785971 1260089112838
152.6418 1.822228 2.2846673 1260089112854
154.30971 3.7811165 4.520434 1260089112876
157.89423 5.292061 7.0944123 1260089112895
162.29951 12.627458 9.789692 1260089112914
166.93454 19.846085 12.4002075 1260089112936
171.78781 27.00378 14.980197 1260089112954
177.09842 34.253593 17.481188 1260089112976
184.9935 24.640913 19.15713 1260089112994
179.04382 18.058867 17.349274 1260089113017
173.29163 13.655923 15.48181 1260089113190
165.42705 6.4231267 16.507719 1260089113205
171.8557 15.0519705 18.932333 1260089113219
177.06291 22.649372 21.285717 1260089113228
181.55977 29.466904 23.621431 1260089113239
185.43178 29.34356 25.39036 1260089113247
180.41019 29.37638 25.620842 1260089113257
175.08968 28.907562 24.3898 1260089113266
169.9852 27.962185 22.37031 1260089113277
165.03593 26.664076 19.751795 1260089113293
160.28413 24.980871 16.514206 1260089113302
155.76993 22.781828 12.288495 1260089113313
158.78143 13.592736 10.224071 1260089113322
151.74236 4.313099 10.112867 1260089113337
160.05524 -4.652556 10.757224 1260089113347
167.80247 -13.169929 11.769363 1260089113358
175.26234 -21.211432 12.930895 1260089113369
182.04922 -28.90086 14.084351 1260089113383
187.74677 -36.45582 15.230133 1260089113396
182.15942 -32.73303 13.768626 1260089113418
176.40146 -30.146378 11.630195 1260089113434
170.78139 -27.88906 9.598685 1260089113453
165.29231 -25.594606 7.768751 1260089113475
160.1277 -22.814877 6.480314 1260089113496
155.82132 -19.074133 6.706298 1260089113514
149.08025 -15.820426 8.420983 1260089113533
156.47623 -13.229404 10.699934 1260089113557
163.45242 -5.167934 13.014937 1260089113574
170.1298 2.7404628 15.264191 1260089113593
176.47331 10.45344 17.35098 1260089113614
182.54965 18.030767 19.283432 1260089113638
188.57217 25.52923 21.01926 1260089113655
194.64357 32.95277 22.668297 1260089113673
200.61139 40.25513 23.984882 1260089113696
206.53082 29.442373 24.935638 1260089113715
212.40428 19.270254 25.488857 1260089113734
216.18407 27.156742 25.564415 1260089113755
212.87486 32.798904 24.636194 1260089113777
