235.08673 -15.859465 55.76502 1260089116112
237.8324 -23.166492 55.92677 1260089116118
240.39078 -30.208168 55.78043 1260089116124
243.62123 -36.697758 55.341408 1260089116130
247.54018 -42.41287 54.92434 1260089116164
235.36317 -46.842224 53.978123 1260089116180
227.54501 -47.45011 51.329216 1260089116186
221.46776 -45.727608 46.812756 1260089116192
215.74437 -42.991226 41.572117 1260089116215
209.05714 -39.241665 36.643513 1260089116226
206.15428 -29.579582 35.711338 1260089116234
207.29657 -19.550602 35.975773 1260089116257
209.23174 -9.773071 36.476986 1260089116272
211.27014 -0.43441734 36.953136 1260089116292
213.25664 8.437304 37.45548 1260089116312
215.04381 16.865438 37.982704 1260089116332
216.39162 24.772167 38.383568 1260089116352
217.22203 32.13356 38.61439 1260089116372
216.71092 38.87688 38.08367 1260089116392
222.22537 45.133038 32.87949 1260089116412
216.7641 42.676384 27.885515 1260089116432
211.5259 40.142563 23.541239 1260089116452
206.4996 37.735435 19.464176 1260089116472
201.62462 35.598663 15.540967 1260089116492
194.34338 40.96873 12.113918 1260089116512
194.22621 46.720295 13.508223 1260089116532
195.51491 52.63428 15.282811 1260089116558
197.73917 58.602566 17.06867 1260089116572
200.3522 64.42244 18.815237 1260089116592
203.1846 70.051315 20.524475 1260089116612
205.87537 75.39875 22.248251 1260089116633
208.13159 80.47881 23.985838 1260089116840
210.12502 85.30487 25.736546 1260089116847
212.76877 72.28963 27.89972 1260089116867
207.33034 67.32514 24.804733 1260089116874
202.31383 62.908886 21.264496 1260089116885
197.64813 58.813442 17.60127 1260089116894
193.26573 54.97277 13.821207 1260089116905
189.25244 51.474133 9.730146 1260089116915
187.43982 40.200424 5.4436393 1260089116926
186.96783 46.590405 5.771457 1260089116934
189.11945 52.610886 7.4828844 1260089116952
191.36348 58.280342 9.50874 1260089116958
193.44531 63.566326 11.683304 1260089116975
195.37305 68.53801 13.949139 1260089116988
197.0044 73.21111 16.301682 1260089116997
198.55417 77.70056 18.736597 1260089117008
200.27646 82.06554 21.149767 1260089117019
202.36264 86.46226 23.292278 1260089117026
197.34451 80.83914 19.177664 1260089117042
192.57729 75.89719 15.068781 1260089117057
188.14842 71.30233 11.015342 1260089117072
184.041 66.93721 7.0145745 1260089117092
181.73895 54.99035 3.0138457 1260089117112
183.15201 60.540833 4.1131535 1260089117132
185.9944 65.91379 5.9574957 1260089117162
189.09468 71.0681 8.109621 1260089117183
192.23994 75.96469 10.45414 1260089117202
195.32794 80.616455 13.331432 1260089117222
193.16154 77.18563 15.614861 1260089117251
187.75346 73.22635 14.634117 1260089117272
182.71579 69.215034 12.452412 1260089117292
178.03 65.35429 9.579791 1260089117312
173.6285 61.88657 5.6508017 1260089117332
181.44707 67.192245 3.7682614 1260089117352
184.42471 72.53263 4.5298486 1260089117372
189.30348 59.956 6.003356 1260089117392
194.43831 48.1582 7.753188 1260089117412
199.06639 36.85029 9.765529 1260089117432
202.46307 43.757774 12.077252 1260089117631
199.33992 42.869884 14.22339 1260089117636
193.57292 41.17639 12.41222 1260089117658
187.99428 39.067574 10.041609 1260089117670
182.59456 36.714195 7.3895283 1260089117679
177.26483 34.628487 4.0700517 1260089117691
179.70158 40.947063 5.5665493 1260089117697
183.26651 47.19971 7.438222 1260089117712
187.30318 53.239727 9.366311 1260089117718
191.43802 59.02774 11.347996 1260089117732
195.31612 64.576355 13.280596 1260089117738
198.85031 69.89754 15.066566 1260089117755
202.0578 75.05266 16.363237 1260089117771
201.1049 63.550026 13.395076 1260089117777
195.29965 59.122524 9.875321 1260089117795
189.58467 55.216396 6.631555 1260089117803
183.95544 51.855576 3.5999773 1260089117809
178.30768 49.5128 0.81997824 1260089117825
174.69229 51.33716 0.5789793 1260089117831
175.50768 55.6703 2.2500303 1260089117852
178.48228 60.536785 4.3375287 1260089117868
182.25816 65.50995 6.4706526 1260089117892
186.44525 70.48445 8.59712 1260089117912
190.82298 75.36023 10.917264 1260089117932
195.18184 80.04222 13.821401 1260089117957
200.87274 76.49011 16.630331 1260089117972
193.5291 72.76561 17.098814 1260089117995
187.25264 69.12733 16.193872 1260089118012
181.59001 65.72096 14.534179 1260089118032
176.31052 62.484913 12.45747 1260089118055
171.29498 59.460667 9.934596 1260089118072
166.43024 56.687634 6.7378664 1260089118092
158.85872 62.553253 2.950973 1260089118112
165.26578 50.42559 3.1034243 1260089118132
172.3525 39.10431 4.2482533 1260089118157
179.33487 28.399094 5.6858406 1260089118176
185.56813 18.129139 7.1515484 1260089118197
189.98973 25.972681 8.593971 1260089118212
185.44025 28.074047 8.314273 1260089118400
179.76823 27.520346 6.548559 1260089118409
174.22983 26.594328 4.7211313 1260089118422
168.76834 25.61461 2.7850747 1260089118430
163.22992 24.88388 0.49582088 1260089118444
157.76842 25.139687 -1.6789702 1260089118455
155.58 29.132702 -0.8450217 1260089118463
158.601 34.476067 1.4472294 1260089118470
164.17094 40.002262 3.9248679 1260089118482
169.9624 45.45215 6.2786245 1260089118500
175.71428 50.82954 8.514693 1260089118507
181.22856 56.188065 10.538959 1260089118519
186.51714 61.47866 12.412011 1260089118527
191.54128 66.70473 14.04141 1260089118538
196.2642 71.81949 15.389339 1260089118549
201.00099 76.978516 16.319872 1260089118564
206.10094 64.12959 16.803879 1260089118579
211.79588 52.073112 16.763685 1260089118587
219.15608 40.569458 16.125502 1260089118598
209.54828 46.590984 13.619226 1260089118617
202.87086 46.361435 10.838265 1260089118639
196.82732 46.143364 9.046352 1260089118653
191.08595 45.886196 7.644035 1260089118676
185.68166 45.591885 6.711833 1260089118700
