226.8559 15.1470175 53.33589 1260089120731
227.0131 15.139667 54.019096 1260089120740
226.51245 15.382683 54.568142 1260089120752
225.33682 16.063549 54.839733 1260089120788
223.71999 17.060371 54.797745 1260089120798
221.88399 23.257353 54.557858 1260089120809
220.13979 29.244486 54.279964 1260089120824
218.78279 35.132263 54.065968 1260089121011
217.79366 41.02565 53.86267 1260089121028
217.15398 46.924366 53.469536 1260089121036
216.99628 53.078148 52.096058 1260089121056
213.84647 42.67424 47.891254 1260089121068
209.75414 33.39053 43.09669 1260089121077
205.46643 24.721003 38.441856 1260089121088
201.4931 21.784952 33.719765 1260089121095
198.21844 19.695705 28.583776 1260089121108
194.60753 18.71092 22.854588 1260089121115
187.97716 23.925375 20.211859 1260089121126
184.8783 28.629107 20.151266 1260089121137
183.43439 33.847652 20.843702 1260089121154
182.86267 39.05527 21.701517 1260089121160
183.01953 44.252506 22.666441 1260089121173
183.61856 49.38988 23.63312 1260089121184
184.43764 54.420387 24.601463 1260089121193
185.41576 59.34937 25.52139 1260089121206
185.34497 64.0819 25.595322 1260089121218
184.92772 52.577805 21.065556 1260089121228
181.28133 48.598915 17.012278 1260089121239
177.76726 44.86897 13.261663 1260089121254
174.4789 41.37552 9.59858 1260089121267
171.50496 38.306744 5.7186513 1260089121286
178.42972 44.991405 2.5327187 1260089121306
178.10823 50.091835 3.7560828 1260089121324
178.95282 55.037243 5.568279 1260089121344
180.45518 59.88538 7.5898647 1260089121367
182.18242 64.54111 9.710371 1260089121384
183.6733 68.86405 11.874852 1260089121404
184.78963 72.97085 14.131109 1260089121424
184.75015 70.9223 16.324554 1260089121448
180.46265 68.12619 16.308327 1260089121464
176.03952 63.269882 13.542911 1260089121483
172.08754 58.456387 10.465765 1260089121506
168.63316 53.883568 7.2424765 1260089121525
165.9015 49.739388 3.8303528 1260089121544
169.90643 38.552418 0.98883504 1260089121564
169.31111 44.3248 1.6393933 1260089121739
170.89555 49.708557 3.2574236 1260089121755
173.10077 54.87313 5.2445526 1260089121769
175.44572 59.729473 7.482325 1260089121776
177.12344 64.143 9.808208 1260089121788
177.56728 62.735847 12.017798 1260089121797
175.68892 61.399055 13.516909 1260089121807
171.60448 59.179104 12.891063 1260089121817
167.37425 55.07015 10.146509 1260089121828
163.80554 50.51664 7.1391835 1260089121839
160.86526 46.14081 4.1822243 1260089121854
158.62201 36.68377 1.3731129 1260089121866
158.34091 27.449581 -0.5955427 1260089121876
161.92386 34.6771 0.3842344 1260089121887
164.97766 40.893246 2.3650227 1260089121897
167.82878 46.548584 4.6467714 1260089121912
170.43735 51.771156 7.014433 1260089121923
172.76549 56.5826 9.413712 1260089121933
174.12721 55.50347 11.693026 1260089121950
173.12085 54.378296 13.508374 1260089121965
168.5648 51.95938 13.082955 1260089121984
164.23656 48.311413 10.678807 1260089122005
160.42473 44.445843 7.8448668 1260089122024
157.10349 40.67355 4.8026233 1260089122044
155.19832 30.939873 1.412492 1260089122063
164.2384 38.242878 1.0918674 1260089122087
167.22649 44.630733 2.337274 1260089122105
170.96516 50.699196 4.1204104 1260089122123
174.7669 56.464237 6.21439 1260089122146
178.37856 61.841026 8.65367 1260089122163
180.85963 66.54897 11.370987 1260089122186
176.56665 64.37152 12.352438 1260089122204
171.63832 61.202946 11.234816 1260089122227
166.9064 57.792797 9.473075 1260089122244
162.36108 54.353157 7.449421 1260089122267
157.99303 51.0855 5.07695 1260089122285
150.34337 56.731224 3.5731025 1260089122304
154.8762 62.39466 4.5944476 1260089122326
160.3324 67.87493 6.014725 1260089122515
166.01578 73.18118 7.613989 1260089122532
171.76498 78.272125 9.48329 1260089122539
176.97673 82.908516 11.609125 1260089122550
181.22789 86.91309 14.178669 1260089122559
183.0165 83.81744 16.369736 1260089122572
177.76567 80.57656 16.451248 1260089122580
172.5774 76.94773 15.528686 1260089122592
167.64853 73.150345 14.152251 1260089122603
163.0161 69.39283 12.494638 1260089122615
158.6153 65.773186 10.669907 1260089122629
154.38454 62.684525 8.136412 1260089122638
157.36531 67.9503 8.529592 1260089122649
163.14705 73.40279 9.403112 1260089122657
169.9397 60.882645 10.332956 1260089122670
177.04271 49.13851 11.316308 1260089122679
183.84058 37.981586 12.250493 1260089122695
187.59854 44.732506 13.037969 1260089122706
182.01862 43.89588 11.08607 1260089122715
176.61769 42.301086 9.081766 1260089122733
171.43681 40.386032 7.027678 1260089122746
166.31497 38.26673 4.6762943 1260089122767
161.09923 36.003395 1.4924796 1260089122784
170.69426 25.503225 -2.6321447 1260089122811
178.60954 32.978065 -4.7005377 1260089122824
175.02907 39.029163 -4.6655107 1260089122846
177.07762 44.127705 -2.732235 1260089122870
181.42374 48.82132 -0.3456232 1260089122883
187.05255 53.230255 1.9716579 1260089122904
192.64992 57.31874 4.123075 1260089122922
197.56743 61.202805 6.1169214 1260089122949
201.58905 64.99266 8.061075 1260089122964
204.9596 68.843025 9.908021 1260089122986
207.96161 72.90087 11.56262 1260089123007
210.91353 77.205826 12.884489 1260089123024
214.06786 81.69553 13.840264 1260089123044
216.96446 86.16076 14.348251 1260089123066
218.96623 90.50272 14.380838 1260089123089
215.56792 94.477585 13.761796 1260089123104
