10.405115 -13.287952 5.7213116 1260256585502
-2.2480083 -13.876487 1.19819 1260256585514
-0.25523567 -12.341712 5.0566463 1260256585523
8.121413 -2.7423587 11.111759 1260256585534
-10.364326 6.1096725 3.613144 1260256585541
3.2854075 -3.8463473 8.221178 1260256585552
-19.360924 13.733049 19.102873 1260256585574
-9.465411 3.4122279 20.19933 1260256585603
-29.470797 -6.405642 14.114185 1260256585616
-8.941819 -11.423803 2.921796 1260256585624
-10.428979 -29.967194 -18.146667 1260256585640
-10.190146 -34.409344 -13.666293 1260256585653
-7.233161 -17.850613 -17.959745 1260256585670
-4.9031916 -8.46056 -22.481056 1260256585677
-5.728962 -12.071567 -22.42217 1260256585689
-8.192047 -15.879859 -17.397913 1260256585700
-5.3945837 -11.708006 -14.185656 1260256585720
3.5122766 8.641665 -9.341782 1260256585731
-15.920548 4.918443 4.14183 1260256585740
-13.611359 7.193652 7.8047066 1260256585761
-3.6803179 21.221617 -0.3176744 1260256585780
-17.584017 1.8225372 -11.260962 1260256585799
-1.9275141 -7.8476033 -7.6667504 1260256585822
0.51574373 -10.414596 -13.170838 1260256585837
5.9021215 -33.304802 -19.42373 1260256585852
12.353089 -30.190702 -17.292692 1260256585874
12.291729 -15.029941 -17.825947 1260256585896
8.202486 -26.754581 -13.013696 1260256585920
3.9299371 -19.768013 -25.733402 1260256585938
2.7150006 0.32261372 -19.613539 1260256585954
3.9040198 9.374387 -9.863487 1260256585979
-20.77007 1.8872459 0.31052953 1260256586191
-9.271949 1.2680192 18.86803 1260256586199
-11.812365 -2.7988458 27.448666 1260256586218
-25.277868 -0.40130138 20.53671 1260256586230
-27.218647 -14.227384 17.307472 1260256586239
-17.383205 -15.848173 12.811025 1260256586250
-10.725437 -23.35595 -16.276926 1260256586256
-8.110185 -13.468975 -17.047876 1260256586273
2.9155178 -30.657513 -23.810156 1260256586280
13.429226 -12.926713 -19.946922 1260256586296
11.292529 -17.461266 -18.504068 1260256586303
-1.3871031 -6.95651 2.4453535 1260256586321
-22.697739 -5.5384054 9.149175 1260256586336
-18.40934 6.151631 12.750692 1260256586348
-10.473952 -9.624685 29.035433 1260256586357
-6.8750286 -7.0133195 22.362974 1260256586372
-15.280744 -1.7985477 10.8599205 1260256586381
-20.144257 -22.819826 -4.7285557 1260256586400
-14.260323 -8.212635 -9.606614 1260256586412
-0.49208426 -25.041264 -28.41099 1260256586424
13.492186 -17.653482 -23.659164 1260256586439
9.721455 -19.052141 -17.359743 1260256586461
-2.6632934 -17.682705 -31.55517 1260256586472
-7.8904743 -3.6306882 -7.11913 1260256586479
-2.4476862 -13.2323475 0.16124201 1260256586498
-17.657553 -2.0234013 2.3371124 1260256586529
-24.719269 -21.750671 18.808525 1260256586568
-23.670584 -9.493596 21.739803 1260256586584
-21.171663 -19.818512 15.659048 1260256586621
-19.29251 -28.83287 9.152305 1260256586669
-17.072926 -28.74023 2.6828368 1260256586714
-14.379027 -6.946143 -10.475942 1260256586742
-5.1767197 -23.011147 -12.536385 1260256586990
10.101834 -4.471587 -24.270954 1260256586997
11.86437 -22.091423 -24.242176 1260256587003
2.916964 -6.744293 -1.814455 1260256587037
2.9475865 -19.179062 4.067297 1260256587049
-1.1846886 -0.34523106 15.268397 1260256587058
-2.386488 -20.577732 14.807283 1260256587263
2.6245608 -21.661837 10.196388 1260256587289
9.558166 -22.64442 -5.6431665 1260256587299
4.3273787 -8.765818 -19.464922 1260256587313
-2.8194766 -29.478992 -20.815248 1260256587323
3.8954763 -20.008972 -27.858059 1260256587334
10.896334 -11.161514 -11.92803 1260256587343
9.154388 -16.65545 -6.566582 1260256587358
3.953175 -20.59639 -0.95281434 1260256587370
-15.066032 2.7824655 0.6371834 1260256587379
-14.924789 0.24351096 -0.21776676 1260256587393
-3.9449692 -9.447346 11.99998 1260256587402
-12.834566 6.607249 2.3723073 1260256587417
-17.365236 -14.473579 -0.21609533 1260256587434
-8.322905 -6.3523445 -9.94776 1260256587472
10.252565 -21.575104 -5.95453 1260256587479
13.680868 -31.30892 -10.022928 1260256587495
0.67935896 -15.774539 -10.068205 1260256587504
-2.5156188 -18.777525 -7.242057 1260256587519
6.3890553 -27.03147 -2.0900083 1260256587531
10.953189 -23.68018 -5.616694 1260256587538
8.946311 -14.551237 -2.1901999 1260256587554
-4.5420084 -3.3529267 10.929055 1260256587561
-14.192869 -6.630486 2.1718435 1260256587576
-4.2200527 -4.4135804 8.971951 1260256587597
-3.0427637 6.1680765 1.2213259 1260256587603
-24.533539 9.263362 6.970685 1260256587615
-7.2057962 -8.570598 4.352888 1260256587628
-19.010883 -8.373444 9.443895 1260256587634
-22.72527 -3.6718926 0.33173105 1260256587640
-18.93358 -23.589088 0.14684069 1260256587649
-16.827387 -10.482108 -0.7326971 1260256587656
-14.080086 -23.562742 4.509525 1260256587662
-8.938362 -34.059334 -7.589898 1260256587671
-2.0772786 -19.474228 -13.267659 1260256587678
3.028895 -17.439556 -2.173143 1260256587684
4.991998 -28.735147 -4.4827952 1260256587695
4.2949705 -25.21017 0.999331 1260256587702
1.4055088 -9.796101 6.9286337 1260256587854
-1.6528451 -12.252008 13.112653 1260256587861
-3.8860548 -17.253342 9.656491 1260256587876
