12.745144 -6.093002 10.352346 1260256318390
15.204724 -6.7151623 4.5473123 1260256318397
14.027155 -8.2375965 -0.5429926 1260256318410
9.979069 -10.25384 -4.4498796 1260256318419
6.2107563 -13.317057 -3.276789 1260256318430
1.9316123 -14.552099 -1.2684724 1260256318459
-2.1872587 -14.995247 1.1611416 1260256318476
-3.7359824 -15.885673 3.5364616 1260256318488
-3.6394181 -15.9993305 4.2633615 1260256318497
-4.205896 -16.452011 3.6988115 1260256318512
-3.2974696 -15.728031 2.3888705 1260256318521
-1.9743676 -14.329727 0.58796406 1260256318534
-0.6031976 -13.531654 -0.58417606 1260256318557
3.4731617 -13.571405 -1.2003074 1260256318569
7.189398 -14.009512 -0.6511769 1260256318581
10.857267 -14.596636 0.24996233 1260256318596
14.592575 -15.0647 1.6182475 1260256318618
16.972914 -15.530493 3.7498665 1260256318633
15.470549 -15.83176 4.9641976 1260256318652
8.063641 -15.654409 2.4418485 1260256318838
-0.2880602 -13.848944 0.21097052 1260256318856
1.7663784 -9.305683 7.924282 1260256318868
13.025279 -2.622612 10.600811 1260256318877
18.128952 2.9119868 2.0330396 1260256318883
13.480997 5.374324 0.72346056 1260256318895
6.6497087 5.287759 4.3521576 1260256318904
1.6524982 4.3501053 6.83724 1260256318916
-1.4542909 3.2055593 7.073823 1260256318924
-3.6114144 1.7135189 6.4017134 1260256318942
-5.3704085 -5.5759645 7.0570726 1260256318954
5.160348 -6.199023 0.2421813 1260256318963
0.65199244 7.784417 17.190294 1260256318974
-10.253702 6.338132 16.649498 1260256318983
2.2508516 -1.0473537 14.516238 1260256318998
-14.665191 -15.5205345 14.209314 1260256319012
-3.4656181 -32.601803 8.800293 1260256319021
10.253344 -15.256904 -4.3260136 1260256319035
15.909388 -20.884224 -6.7751293 1260256319052
17.642216 -21.967663 -10.6382675 1260256319064
15.856291 -12.449837 -11.568683 1260256319081
12.865183 -9.106992 -11.426522 1260256319093
2.4106708 13.542898 -3.08667 1260256319114
-11.689405 14.047026 -2.0842133 1260256319137
4.5298877 8.056857 2.0489833 1260256319151
-17.431389 -2.6529713 -2.0387356 1260256319173
-0.78123665 0.82689357 -9.893272 1260256319194
-12.483407 -12.881451 -16.240486 1260256319217
-10.3210535 -30.137474 -10.273679 1260256319231
-6.9105787 -21.868334 -11.31472 1260256319254
-4.5477033 -19.911581 -8.460401 1260256319277
-7.133792 -26.627188 -7.6251674 1260256319297
-5.0550013 -0.7527857 -5.000527 1260256319311
8.407004 -0.33294678 -1.1001337 1260256319334
-9.648991 10.049464 4.1914206 1260256319357
-6.5087066 -0.2476914 -7.215909 1260256319373
-0.34689635 5.5824976 1.2438607 1260256319393
0.085907936 -21.882477 -3.3020415 1260256319415
-0.79026866 -13.095936 -17.331448 1260256319609
-2.680986 -23.557987 -6.272065 1260256319619
-4.9394984 -21.632713 -17.949162 1260256319631
-7.3212113 -5.712254 -6.433082 1260256319637
-2.3101213 -16.23334 -8.164156 1260256319651
-6.161739 1.9626992 8.589214 1260256319658
-15.884582 -7.112019 11.856881 1260256319670
-7.3599353 10.209794 14.6340065 1260256319679
-7.062297 -9.377531 22.576736 1260256319691
-25.264133 2.1813223 34.194874 1260256319702
-31.6711 -3.851526 30.489204 1260256319717
-17.166609 -20.932865 14.197525 1260256319729
-30.051472 -23.848969 7.2769876 1260256319738
-25.975338 -11.814286 -9.944501 1260256319749
-17.710361 -33.714806 -18.405046 1260256319758
-9.483073 -24.05518 -19.890373 1260256319775
0.48183024 -26.456999 -35.630833 1260256319784
6.9948783 -27.386364 -17.219578 1260256319796
6.887069 -12.296902 -25.068241 1260256319816
2.5177112 -21.365963 -13.537667 1260256319824
-12.448435 2.6607652 -8.499164 1260256319841
-8.038092 -2.4558942 7.3899465 1260256319856
-10.0096245 9.841123 12.158396 1260256319878
-22.54046 -12.307161 20.218212 1260256319891
-25.680408 0.074183464 22.601357 1260256319913
-22.662132 -20.334778 21.050776 1260256319936
-19.071022 -32.429585 14.345824 1260256319955
-13.688577 -31.019817 1.7039702 1260256319971
-1.9016442 -12.388449 -12.976817 1260256319995
12.772582 -23.265997 -12.290862 1260256320051
9.515026 -4.742098 -19.307756 1260256320098
-3.0059042 -19.941002 -21.312843 1260256320120
-10.252946 -0.27615738 -17.020985 1260256320158
-7.550252 -17.053448 -0.863078 1260256320168
-3.7809968 -5.3085546 5.9287515 1260256320180
-2.8728514 -18.471083 26.175323 1260256320189
-2.1383286 -34.251163 19.577257 1260256320202
-1.4066577 -21.982683 7.4180946 1260256320213
-1.6613747 -13.200478 -2.7823138 1260256320389
-5.480966 -22.370363 -10.990277 1260256320409
-3.732613 -5.422578 -19.073116 1260256320421
10.573839 -19.68134 -19.205961 1260256320430
14.714574 -1.3858995 -20.697401 1260256320441
8.085632 -10.627565 -12.687019 1260256320449
0.9075031 -2.3916655 1.2815516 1260256320462
-10.2904005 -20.437386 19.899508 1260256320472
-17.567293 -3.276988 18.17467 1260256320484
-18.913483 -20.444225 14.156488 1260256320491
-15.129835 -18.453936 -0.09902239 1260256320503
-9.99813 -22.316174 -11.628451 1260256320523
5.2247367 -10.840151 -16.38496 1260256320532
16.788038 -32.420864 -18.135942 1260256320544
12.787721 -29.437366 -10.536207 1260256320553
1.6615036 -13.356942 -6.763694 1260256320567
-2.3562348 -7.9101696 -10.649256 1260256320578
-3.652598 -14.191202 -3.3176174 1260256320591
-23.87619 8.472316 8.755754 1260256320602
-16.422512 13.349341 7.6033154 1260256320610
-7.1197195 3.6185246 13.948353 1260256320629
-22.718498 -3.4214559 2.8143501 1260256320641
-16.445045 -9.151141 -9.889617 1260256320651
-8.867495 -19.547733 1.2024302 1260256320671
-9.804842 -13.114429 -13.837512 1260256320686
-7.5685368 -32.36856 -12.074618 1260256320705
4.5036755 -33.701035 -21.020664 1260256320728
10.519857 -16.639986 -14.142767 1260256320742
7.387855 -12.269007 -9.9447365 1260256320763
4.8119726 -18.202978 -7.3420753 1260256320787
2.37044 -18.698029 -2.8970346 1260256320801
-15.5977955 3.0641227 5.7498884 1260256320824
-9.849376 -6.7470236 -2.230381 1260256320845
0.03105259 -4.6976256 6.2096415 1260256320869
-8.885604 4.452491 -3.6422896 1260256320882
-22.948616 15.2911415 3.8679776 1260256320904
-7.2761354 -1.3959258 -3.8477583 1260256320926
-23.15688 0.10457635 5.857174 1260256320948
-24.448967 3.459189 -3.2803798 1260256321131
-15.857599 -21.914467 -3.8099194 1260256321149
-13.955955 -12.6192665 4.491428 1260256321162
-16.732609 -16.385788 -6.3314066 1260256321171
-17.783375 -31.215496 1.2425431 1260256321182
-14.704575 -36.381897 -2.3041663 1260256321192
-9.59032 -26.27303 -10.80423 1260256321203
-5.439382 -14.7858 -3.4047964 1260256321214
-1.7117591 -16.937128 3.8761659 1260256321223
1.677629 -25.200043 0.32144678 1260256321230
2.9578981 -21.36168 -2.2765265 1260256321243
2.9345884 -14.348757 2.9200282 1260256321251
2.1736197 2.9456835 3.306545 1260256321260
