137.62529 29.164146 30.449633 -0.9556923 2.4069257 9.495268 1260256620981
137.62529 29.164146 30.449633 0.8988962 2.0434246 2.2276204 1260256620989
137.69403 29.055939 31.67715 0.8988962 2.0434246 2.2276204 1260256620993
137.69403 29.055939 31.67715 12.051604 1.6594763 -2.5793157 1260256620998
142.20934 35.253143 33.193295 12.051604 1.6594763 -2.5793157 1260256621001
142.20934 35.253143 33.193295 19.493643 1.1456027 1.0118179 1260256621009
146.19887 41.090485 34.63363 19.493643 1.1456027 1.0118179 1260256621012
146.19887 41.090485 34.63363 7.781183 -2.153966 9.046154 1260256621016
151.13893 40.08596 36.201946 7.781183 -2.153966 9.046154 1260256621196
151.13893 40.08596 36.201946 -3.576189 -9.165665 0.75515383 1260256621200
146.58199 37.88166 35.991848 -3.576189 -9.165665 0.75515383 1260256621211
146.58199 37.88166 35.991848 -7.270845 -1.4930297 2.557097 1260256621217
142.6529 35.03758 33.842255 -7.270845 -1.4930297 2.557097 1260256621248
142.6529 35.03758 33.842255 5.160316 7.7675953 15.646748 1260256621255
138.92024 32.9357 31.050142 5.160316 7.7675953 15.646748 1260256621259
138.92024 32.9357 31.050142 -9.648058 -7.9076376 15.449129 1260256621264
135.27423 31.988914 28.097635 -9.648058 -7.9076376 15.449129 1260256621273
135.27423 31.988914 28.097635 -8.683296 -10.665819 11.05726 1260256621276
131.66052 31.939468 25.342754 -8.683296 -10.665819 11.05726 1260256621279
131.66052 31.939468 25.342754 -10.024595 -18.72417 27.519157 1260256621288
128.1275 32.792496 22.875616 -10.024595 -18.72417 27.519157 1260256621291
128.1275 32.792496 22.875616 -19.199217 -31.05416 13.170833 1260256621297
124.871124 34.40287 20.781836 -19.199217 -31.05416 13.170833 1260256621300
124.871124 34.40287 20.781836 0.504117 -26.026154 10.697791 1260256621303
122.42757 37.782726 19.192743 0.504117 -26.026154 10.697791 1260256621311
122.42757 37.782726 19.192743 -1.3196926 -23.809612 7.902358 1260256621314
121.45619 41.64359 18.133106 -1.3196926 -23.809612 7.902358 1260256621318
121.45619 41.64359 18.133106 -7.15765 -12.577166 -14.313875 1260256621323
121.98338 46.16141 17.47645 -7.15765 -12.577166 -14.313875 1260256621332
121.98338 46.16141 17.47645 -7.7839966 -24.386402 -15.823579 1260256621335
123.38422 51.00334 17.002628 -7.7839966 -24.386402 -15.823579 1260256621339
123.38422 51.00334 17.002628 -6.2688293 -19.817871 -19.45182 1260256621344
125.065 56.203175 16.552496 -6.2688293 -19.817871 -19.45182 1260256621355
125.065 56.203175 16.552496 -4.7255898 -5.2074623 -23.829876 1260256621358
125.01175 61.643017 15.724871 -4.7255898 -5.2074623 -23.829876 1260256621362
125.01175 61.643017 15.724871 -0.056721978 5.225592 -17.885593 1260256621373
131.46117 49.910866 14.138627 -0.056721978 5.225592 -17.885593 1260256621378
131.46117 49.910866 14.138627 7.0895405 4.506111 -9.302496 1260256621382
134.5881 40.365322 11.631696 7.0895405 4.506111 -9.302496 1260256621392
134.5881 40.365322 11.631696 -12.922707 0.84030676 -9.5077 1260256621396
135.0087 36.147057 8.800111 -12.922707 0.84030676 -9.5077 1260256621400
135.0087 36.147057 8.800111 -1.3512735 16.703794 1.1313422 1260256621413
129.65826 33.239704 5.710105 -1.3512735 16.703794 1.1313422 1260256621417
129.65826 33.239704 5.710105 -14.384935 -5.2112823 3.2373402 1260256621420
123.82535 32.87772 2.3245995 -14.384935 -5.2112823 3.2373402 1260256621429
123.82535 32.87772 2.3245995 -1.9805398 -14.263793 0.87753415 1260256621435
120.33408 37.033833 1.0583695 -1.9805398 -14.263793 0.87753415 1260256621438
120.33408 37.033833 1.0583695 2.6164093 -7.720838 0.3887453 1260256621441
118.16738 40.83214 0.80545104 2.6164093 -7.720838 0.3887453 1260256621452
118.16738 40.83214 0.80545104 5.2420764 -22.230597 -15.96917 1260256621458
118.10901 44.840534 0.9651785 5.2420764 -22.230597 -15.96917 1260256621461
118.10901 44.840534 0.9651785 10.331674 -33.607502 -12.179547 1260256621464
119.85356 48.848507 1.4169196 10.331674 -33.607502 -12.179547 1260256621475
119.85356 48.848507 1.4169196 14.832697 -14.641651 -16.264105 1260256621479
121.76089 53.00608 1.7960737 14.832697 -14.641651 -16.264105 1260256621489
121.76089 53.00608 1.7960737 13.924507 -24.432861 -15.908939 1260256621498
123.27284 57.355778 1.95627 13.924507 -24.432861 -15.908939 1260256621501
123.27284 57.355778 1.95627 11.232895 -22.769096 -21.344433 1260256621509
123.7592 61.737988 1.8584565 11.232895 -22.769096 -21.344433 1260256621513
123.7592 61.737988 1.8584565 9.533525 -2.5167675 -17.566269 1260256621518
121.57124 66.35109 1.1655337 9.533525 -2.5167675 -17.566269 1260256621521
121.57124 66.35109 1.1655337 6.1050553 -2.5292103 -16.094975 1260256621530
132.89268 71.483536 -1.192743 6.1050553 -2.5292103 -16.094975 1260256621532
132.89268 71.483536 -1.192743 -15.863665 -8.696237 -8.731867 1260256621536
127.29805 67.659355 -4.183106 -15.863665 -8.696237 -8.731867 1260256621543
127.29805 67.659355 -4.183106 -1.946887 10.783909 5.111344 1260256621554
122.78315 64.47639 -5.823951 -1.946887 10.783909 5.111344 1260256621558
122.78315 64.47639 -5.823951 -7.492114 -11.285229 14.771062 1260256621563
118.44399 62.15257 -7.032753 -7.492114 -11.285229 14.771062 1260256621569
118.44399 62.15257 -7.032753 -20.065762 -2.3696218 27.319172 1260256621574
114.221794 60.49494 -7.931115 -20.065762 -2.3696218 27.319172 1260256621580
114.221794 60.49494 -7.931115 -22.832775 -7.8114448 23.814377 1260256621587
110.2107 59.770195 -8.734559 -22.832775 -7.8114448 23.814377 1260256621590
110.2107 59.770195 -8.734559 -17.912357 -19.934025 23.836273 1260256621594
106.60017 59.731686 -9.547832 -17.912357 -19.934025 23.836273 1260256621611
106.60017 59.731686 -9.547832 -9.638913 -21.52291 17.154263 1260256621614
104.47016 62.3451 -10.07044 -9.638913 -21.52291 17.154263 1260256621633
104.47016 62.3451 -10.07044 -1.4580574 -15.424261 -10.255172 1260256621636
104.946655 65.477844 -9.916918 -1.4580574 -15.424261 -10.255172 1260256621648
104.946655 65.477844 -9.916918 1.7022514 -23.524677 -5.3142924 1260256621651
107.74932 69.10395 -9.221072 1.7022514 -23.524677 -5.3142924 1260256621670
107.74932 69.10395 -9.221072 -0.21189332 -17.761236 -29.496109 1260256621673
111.611855 73.04875 -8.310019 -0.21189332 -17.761236 -29.496109 1260256621688
111.611855 73.04875 -8.310019 -4.0449862 -8.932491 -21.989391 1260256621695
115.281265 76.996315 -7.4445176 -4.0449862 -8.932491 -21.989391 1260256621877
115.281265 76.996315 -7.4445176 -4.8356705 -22.912745 -24.514143 1260256621881
116.8672 80.7965 -7.0222917 -4.8356705 -22.912745 -24.514143 1260256621897
116.8672 80.7965 -7.0222917 -6.220182 -2.3590589 -15.094036 1260256621901
114.37384 84.20667 -7.721177 -6.220182 -2.3590589 -15.094036 1260256621904
114.37384 84.20667 -7.721177 -14.862196 -13.142397 -12.213964 1260256621913
110.555145 81.99634 -9.735118 -14.862196 -13.142397 -12.213964 1260256621917
110.555145 81.99634 -9.735118 -7.4131985 -11.997727 -6.053485 1260256621920
106.92739 79.34652 -10.948362 -7.4131985 -11.997727 -6.053485 1260256621928
106.92739 79.34652 -10.948362 -2.7688808 -3.6843762 15.1934185 1260256621933
103.53102 76.77919 -11.750944 -2.7688808 -3.6843762 15.1934185 1260256621937
103.53102 76.77919 -11.750944 -6.090781 -23.612053 23.673193 1260256621940
100.35447 74.44023 -12.313396 -6.090781 -23.612053 23.673193 1260256621949
100.35447 74.44023 -12.313396 -10.214135 -8.0007515 29.783142 1260256621952
97.23675 72.36822 -12.947726 -10.214135 -8.0007515 29.783142 1260256621958
97.23675 72.36822 -12.947726 -15.483438 -13.945585 10.832681 1260256621961
94.52491 70.799805 -13.85034 -15.483438 -13.945585 10.832681 1260256621964
94.52491 70.799805 -13.85034 -21.235718 -24.93673 12.624029 1260256621972
92.498665 70.00981 -14.757823 -21.235718 -24.93673 12.624029 1260256621975
92.498665 70.00981 -14.757823 -18.09219 -23.444262 1.010361 1260256621978
92.07373 72.25932 -15.169931 -18.09219 -23.444262 1.010361 1260256621989
92.07373 72.25932 -15.169931 -12.050079 -16.426998 5.2963552 1260256621997
93.87004 74.99635 -14.911435 -12.050079 -16.426998 5.2963552 1260256622002
93.87004 74.99635 -14.911435 -10.711077 -13.709831 -18.78243 1260256622009
97.12654 77.99654 -14.215863 -10.711077 -13.709831 -18.78243 1260256622014
97.12654 77.99654 -14.215863 -10.205521 -24.257147 -18.858458 1260256622018
101.02021 81.04671 -13.35507 -10.205521 -24.257147 -18.858458 1260256622021
101.02021 81.04671 -13.35507 -5.1818404 -14.41543 -17.865362 1260256622030
104.8192 84.14437 -12.537316 -5.1818404 -14.41543 -17.865362 1260256622033
104.8192 84.14437 -12.537316 2.1643 -25.887615 -33.572186 1260256622039
107.52824 87.08715 -11.96045 2.1643 -25.887615 -33.572186 1260256622044
107.52824 87.08715 -11.96045 5.2543964 -10.060234 -18.44209 1260256622056
108.00182 89.982796 -11.862428 5.2543964 -10.060234 -18.44209 1260256622061
108.00182 89.982796 -11.862428 2.1341505 -22.060772 -21.646656 1260256622064
105.25173 92.83366 -12.819306 2.1341505 -22.060772 -21.646656 1260256622072
105.25173 92.83366 -12.819306 -11.687019 0.11848354 -10.328373 1260256622078
100.73914 89.891975 -14.978341 -11.687019 0.11848354 -10.328373 1260256622094
100.73914 89.891975 -14.978341 -20.806686 -18.74501 2.8905702 1260256622097
96.45219 87.39738 -16.329424 -20.806686 -18.74501 2.8905702 1260256622102
96.45219 87.39738 -16.329424 -8.159725 -7.987184 0.6078081 1260256622119
92.42958 85.37751 -16.912952 -8.159725 -7.987184 0.6078081 1260256622122
92.42958 85.37751 -16.912952 -3.1612082 -13.840436 15.320261 1260256622132
88.5581 83.80863 -17.067305 -3.1612082 -13.840436 15.320261 1260256622135
88.5581 83.80863 -17.067305 -0.26579094 -32.157257 15.292358 1260256622139
84.93019 82.8682 -16.96394 -0.26579094 -32.157257 15.292358 1260256622153
84.93019 82.8682 -16.96394 2.1812887 -34.079628 7.947933 1260256622157
81.63368 82.07479 -17.065742 2.1812887 -34.079628 7.947933 1260256622168
81.63368 82.07479 -17.065742 2.0055828 -25.576277 3.2757864 1260256622171
79.951996 83.62105 -17.312456 2.0055828 -25.576277 3.2757864 1260256622190
79.951996 83.62105 -17.312456 2.766337 -26.683912 -2.2574306 1260256622194
81.2044 85.99 -17.296833 2.766337 -26.683912 -2.2574306 1260256622208
81.2044 85.99 -17.296833 4.431983 -4.4859343 -10.734322 1260256622215
84.49418 89.0405 -16.681992 4.431983 -4.4859343 -10.734322 1260256622235
84.49418 89.0405 -16.681992 6.281004 -20.147001 -20.540016 1260256622238
89.31947 92.33847 -15.697892 6.281004 -20.147001 -20.540016 1260256622248
89.31947 92.33847 -15.697892 1.0590346 -1.6251917 -19.6143 1260256622251
94.1035 95.521545 -14.712997 1.0590346 -1.6251917 -19.6143 1260256622271
94.1035 95.521545 -14.712997 -6.721418 -19.259228 -23.722176 1260256622274
96.89832 98.24547 -14.127348 -6.721418 -19.259228 -23.722176 1260256622292
96.89832 98.24547 -14.127348 -10.739331 -1.3969059 -15.12717 1260256622296
95.553406 99.48319 -14.520981 -10.739331 -1.3969059 -15.12717 1260256622308
95.553406 99.48319 -14.520981 -13.62256 -1.7253962 -6.545665 1260256622317
91.925735 97.409035 -14.994932 -13.62256 -1.7253962 -6.545665 1260256622329
91.925735 97.409035 -14.994932 -12.934615 -13.305085 12.981839 1260256622332
88.22945 95.13858 -15.095185 -12.934615 -13.305085 12.981839 1260256622351
88.22945 95.13858 -15.095185 -12.3376045 -25.708061 7.299077 1260256622354
84.71797 93.13165 -14.990426 -12.3376045 -25.708061 7.299077 1260256622373
84.71797 93.13165 -14.990426 -12.082629 -12.239058 10.418592 1260256622376
81.48207 91.42507 -14.890904 -12.082629 -12.239058 10.418592 1260256622387
81.48207 91.42507 -14.890904 -12.130581 -16.118694 17.006184 1260256622391
78.70797 90.003815 -15.146359 -12.130581 -16.118694 17.006184 1260256622407
78.70797 90.003815 -15.146359 -10.639833 -23.004856 8.716342 1260256622410
77.42257 91.70362 -15.939041 -10.639833 -23.004856 8.716342 1260256622431
77.42257 91.70362 -15.939041 -3.2853975 -3.2860212 5.816806 1260256622434
78.05144 94.61844 -16.19209 -3.2853975 -3.2860212 5.816806 1260256622467
78.05144 94.61844 -16.19209 0.13464832 -9.719871 -18.02761 1260256622470
81.59887 97.48752 -15.682485 0.13464832 -9.719871 -18.02761 1260256622476
81.59887 97.48752 -15.682485 -2.2927158 -8.38327 -7.507308 1260256622664
87.16893 99.81314 -14.798361 -2.2927158 -8.38327 -7.507308 1260256622673
87.16893 99.81314 -14.798361 -6.631497 -9.026793 -25.589886 1260256622676
92.910484 101.62248 -13.858442 -6.631497 -9.026793 -25.589886 1260256622680
92.910484 101.62248 -13.858442 -7.4332194 -29.03099 -19.75922 1260256622688
97.81496 102.84136 -13.1155205 -7.4332194 -29.03099 -19.75922 1260256622691
97.81496 102.84136 -13.1155205 -4.7338605 -30.040092 -22.400618 1260256622697
98.72421 103.64929 -13.059745 -4.7338605 -30.040092 -22.400618 1260256622700
98.72421 103.64929 -13.059745 -9.735294 -21.489344 -19.171064 1260256622704
95.438 104.61683 -14.056758 -9.735294 -21.489344 -19.171064 1260256622712
95.438 104.61683 -14.056758 -19.28896 -6.812151 -1.2787586 1260256622718
91.0661 100.985985 -15.753921 -19.28896 -6.812151 -1.2787586 1260256622721
91.0661 100.985985 -15.753921 -11.998775 -13.214613 -2.2285705 1260256622724
86.7128 96.93668 -17.266224 -11.998775 -13.214613 -2.2285705 1260256622732
86.7128 96.93668 -17.266224 -3.235443 -10.48363 11.074853 1260256622736
82.577156 92.83985 -18.202913 -3.235443 -10.48363 11.074853 1260256622741
82.577156 92.83985 -18.202913 -3.8611884 5.284558 13.826207 1260256622744
78.7983 90.09786 -19.042768 -3.8611884 5.284558 13.826207 1260256622752
78.7983 90.09786 -19.042768 -9.795146 -16.816547 2.5802317 1260256622756
76.05839 89.34297 -18.79063 -9.795146 -16.816547 2.5802317 1260256622761
76.05839 89.34297 -18.79063 -3.4681067 -25.255295 2.1568642 1260256622772
89.85547 90.125824 -17.9511 -3.4681067 -25.255295 2.1568642 1260256622778
89.85547 90.125824 -17.9511 6.7818694 -28.802921 -8.941495 1260256622781
96.0627 91.219536 -17.003544 6.7818694 -28.802921 -8.941495 1260256622784
96.0627 91.219536 -17.003544 9.8670435 -22.236834 -7.0243425 1260256622792
101.209564 92.50856 -16.053366 9.8670435 -22.236834 -7.0243425 1260256622795
101.209564 92.50856 -16.053366 4.3668056 -13.084648 -10.208629 1260256622799
104.249084 93.73313 -15.300697 4.3668056 -13.084648 -10.208629 1260256622804
104.249084 93.73313 -15.300697 -4.2631536 -14.094822 -17.666718 1260256622812
105.33663 94.89648 -14.785663 -4.2631536 -14.094822 -17.666718 1260256622818
105.33663 94.89648 -14.785663 -9.308772 -20.848558 -12.235182 1260256622829
104.9198 95.80165 -14.546379 -9.308772 -20.848558 -12.235182 1260256622835
104.9198 95.80165 -14.546379 -11.319939 -22.315697 -4.942076 1260256622838
103.92381 96.41157 -14.26906 -11.319939 -22.315697 -4.942076 1260256622841
103.92381 96.41157 -14.26906 -11.431047 -18.560057 -2.2898529 1260256622849
101.877625 96.99099 -14.405607 -11.431047 -18.560057 -2.2898529 1260256622854
101.877625 96.99099 -14.405607 -11.996025 -11.987524 1.9189744 1260256622862
98.73374 94.54144 -15.435327 -11.996025 -11.987524 1.9189744 1260256622870
98.73374 94.54144 -15.435327 -6.1256714 -7.304188 -6.990935 1260256622873
95.29706 90.06437 -16.86356 -6.1256714 -7.304188 -6.990935 1260256622879
95.29706 90.06437 -16.86356 4.3228116 -9.046241 6.7347965 1260256622892
92.23221 85.011154 -18.120382 4.3228116 -9.046241 6.7347965 1260256622898
92.23221 85.011154 -18.120382 -0.60777664 3.8216054 0.42102385 1260256622911
88.8706 80.06059 -19.514362 -0.60777664 3.8216054 0.42102385 1260256622920
88.8706 80.06059 -19.514362 -14.503922 12.7024975 7.323476 1260256622933
84.577065 75.707565 -21.488644 -14.503922 12.7024975 7.323476 1260256622939
84.577065 75.707565 -21.488644 -15.452732 -1.5532929 -1.8337708 1260256622942
98.14821 72.47218 -24.014212 -15.452732 -1.5532929 -1.8337708 1260256622953
98.14821 72.47218 -24.014212 -2.4220905 -0.19212699 -1.418616 1260256622957
93.8408 76.24857 -25.663502 -2.4220905 -0.19212699 -1.418616 1260256622968
93.8408 76.24857 -25.663502 -15.421083 -14.025158 4.59512 1260256622977
90.64876 78.83614 -26.180326 -15.421083 -14.025158 4.59512 1260256622990
90.64876 78.83614 -26.180326 -17.015285 -8.388715 -7.203053 1260256622996
87.66632 80.49434 -25.87131 -17.015285 -8.388715 -7.203053 1260256623013
87.66632 80.49434 -25.87131 -12.576984 -7.420557 -0.0792582 1260256623019
101.18301 81.61962 -25.177744 -12.576984 -7.420557 -0.0792582 1260256623033
101.18301 81.61962 -25.177744 -4.7585278 -19.839006 8.027991 1260256623036
112.52386 81.53864 -24.418858 -4.7585278 -19.839006 8.027991 1260256623048
112.52386 81.53864 -24.418858 2.4941256 -21.569546 7.3998256 1260256623053
122.54767 81.46171 -23.697914 2.4941256 -21.569546 7.3998256 1260256623070
122.54767 81.46171 -23.697914 5.609825 -21.590857 2.3043709 1260256623073
128.82028 81.28862 -23.063019 5.609825 -21.590857 2.3043709 1260256623091
128.82028 81.28862 -23.063019 4.124255 -18.504536 -2.6158676 1260256623094
128.92928 80.97419 -22.609867 4.124255 -18.504536 -2.6158676 1260256623109
128.92928 80.97419 -22.609867 0.98489904 -12.987233 -3.7395976 1260256623118
129.23282 80.67548 -22.129374 0.98489904 -12.987233 -3.7395976 1260256623130
129.23282 80.67548 -22.129374 -2.4906428 -8.039532 -2.8668926 1260256623135
129.17117 80.14171 -21.872906 -2.4906428 -8.039532 -2.8668926 1260256623153
129.17117 80.14171 -21.872906 -5.337528 -3.729743 2.2035828 1260256623159
129.46262 79.63462 -21.47926 -5.337528 -3.729743 2.2035828 1260256623167
129.46262 79.63462 -21.47926 -7.892105 -2.9347792 6.734375 1260256623176
129.88948 79.10289 -21.005297 -7.892105 -2.9347792 6.734375 1260256623188
129.88948 79.10289 -21.005297 -10.499759 -4.8751774 7.776508 1260256623193
130.145 78.34775 -20.605032 -10.499759 -4.8751774 7.776508 1260256623208
130.145 78.34775 -20.605032 -11.962432 -11.26876 5.634678 1260256623211
130.48775 77.38036 -19.974781 -11.962432 -11.26876 5.634678 1260256623231
130.48775 77.38036 -19.974781 -10.109865 -17.113876 3.0511365 1260256623383
