190.43799 34.141716 10.53202 -8.783029 -7.5967245 9.654126 1260256461222
190.43799 34.141716 10.53202 -8.057536 -8.630242 11.5678005 1260256461239
188.91609 33.83463 10.305419 -8.057536 -8.630242 11.5678005 1260256461244
188.91609 33.83463 10.305419 -6.6446786 -10.501239 12.074635 1260256461256
187.72029 33.492897 10.340148 -6.6446786 -10.501239 12.074635 1260256461259
187.72029 33.492897 10.340148 -6.243845 -12.207769 10.019395 1260256461262
186.93428 33.018253 10.57314 -6.243845 -12.207769 10.019395 1260256461289
186.93428 33.018253 10.57314 -6.8546057 -13.104874 7.3590674 1260256461294
183.38757 32.467342 10.894484 -6.8546057 -13.104874 7.3590674 1260256461298
183.38757 32.467342 10.894484 -7.1621017 -11.92635 7.50426 1260256461303
181.9682 32.193974 11.149759 -7.1621017 -11.92635 7.50426 1260256461310
181.9682 32.193974 11.149759 -6.8370895 -11.441336 9.666453 1260256461316
180.46979 32.234276 11.342271 -6.8370895 -11.441336 9.666453 1260256461319
180.46979 32.234276 11.342271 -6.261287 -13.133515 11.156258 1260256461322
179.3463 32.42256 11.675158 -6.261287 -13.133515 11.156258 1260256461503
179.3463 32.42256 11.675158 -3.986147 -15.45929 12.33717 1260256461512
179.12898 32.851433 12.141399 -3.986147 -15.45929 12.33717 1260256461535
179.12898 32.851433 12.141399 0.5359502 -17.991623 9.47178 1260256461541
179.62253 33.35886 12.88433 0.5359502 -17.991623 9.47178 1260256461553
179.62253 33.35886 12.88433 8.729826 -17.791756 3.7931848 1260256461557
181.1414 33.790916 13.990113 8.729826 -17.791756 3.7931848 1260256461560
181.1414 33.790916 13.990113 16.79043 -15.079356 5.04041 1260256461563
183.08434 34.15137 15.290607 16.79043 -15.079356 5.04041 1260256461580
183.08434 34.15137 15.290607 12.130966 -12.152895 13.146948 1260256461583
185.08012 34.393803 16.776077 12.130966 -12.152895 13.146948 1260256461592
185.08012 34.393803 16.776077 0.2927904 -9.4970665 8.431126 1260256461596
187.07611 34.524113 18.437273 0.2927904 -9.4970665 8.431126 1260256461602
187.07611 34.524113 18.437273 5.1578927 -7.450764 -6.467689 1260256461609
188.8723 34.54791 20.21541 5.1578927 -7.450764 -6.467689 1260256461615
188.8723 34.54791 20.21541 17.971428 -6.073513 -0.35986793 1260256461618
191.42868 34.120514 22.35464 17.971428 -6.073513 -0.35986793 1260256461621
191.42868 34.120514 22.35464 3.6800225 -7.620824 9.606439 1260256461630
197.10724 32.51449 25.036907 3.6800225 -7.620824 9.606439 1260256461633
197.10724 32.51449 25.036907 4.6329856 -8.918115 5.853861 1260256461639
188.50188 28.938765 25.585062 4.6329856 -8.918115 5.853861 1260256461642
188.50188 28.938765 25.585062 7.5111523 9.515977 -4.2152762 1260256461651
181.62679 25.091825 24.40581 7.5111523 9.515977 -4.2152762 1260256461654
181.62679 25.091825 24.40581 -6.1587567 6.6526017 12.955421 1260256461658
175.44545 22.087234 22.385519 -6.1587567 6.6526017 12.955421 1260256461663
175.44545 22.087234 22.385519 -6.938966 7.573303 17.995434 1260256461672
169.72318 20.782873 19.516243 -6.938966 7.573303 17.995434 1260256461676
169.72318 20.782873 19.516243 -1.4310102 -8.318595 8.001607 1260256461680
164.58702 21.343729 16.79043 -1.4310102 -8.318595 8.001607 1260256461688
164.58702 21.343729 16.79043 -17.793808 -14.355291 13.473959 1260256461692
160.25768 23.226543 14.750909 -17.793808 -14.355291 13.473959 1260256461698
160.25768 23.226543 14.750909 -0.07899952 -7.86685 8.313797 1260256461701
156.79478 25.815216 13.263364 -0.07899952 -7.86685 8.313797 1260256461710
156.79478 25.815216 13.263364 0.67918444 -27.728401 7.411243 1260256461713
154.50505 29.374454 12.450195 0.67918444 -27.728401 7.411243 1260256461720
154.50505 29.374454 12.450195 -2.1574848 -11.450988 -6.5117645 1260256461723
153.4298 33.20573 12.227686 -2.1574848 -11.450988 -6.5117645 1260256461731
153.4298 33.20573 12.227686 -1.0222814 -25.814987 -5.971727 1260256461735
153.4583 37.395443 12.366302 -1.0222814 -25.814987 -5.971727 1260256461743
153.4583 37.395443 12.366302 1.6209081 -9.000997 4.1527834 1260256461748
154.33539 41.825672 12.897986 1.6209081 -9.000997 4.1527834 1260256461751
154.33539 41.825672 12.897986 7.6444516 -1.2049074 -10.407814 1260256461754
155.76862 46.48439 13.553087 7.6444516 -1.2049074 -10.407814 1260256461767
155.76862 46.48439 13.553087 12.343182 -12.645134 -9.56638 1260256461770
158.28018 51.56017 14.275433 12.343182 -12.645134 -9.56638 1260256461788
158.28018 51.56017 14.275433 12.934497 -13.01096 -5.2034416 1260256461791
164.26617 57.732162 14.911661 12.934497 -13.01096 -5.2034416 1260256461794
164.26617 57.732162 14.911661 9.401975 -9.537221 -7.314834 1260256461802
156.30287 46.495552 15.216078 9.401975 -9.537221 -7.314834 1260256461805
156.30287 46.495552 15.216078 6.589759 -4.4801354 1.9760251 1260256461809
150.13773 36.020775 15.255274 6.589759 -4.4801354 1.9760251 1260256461814
150.13773 36.020775 15.255274 6.193228 11.731957 -5.2649603 1260256461822
152.78084 42.669735 14.89251 6.193228 11.731957 -5.2649603 1260256461826
152.78084 42.669735 14.89251 8.265244 7.922336 -9.574612 1260256461829
153.5918 47.236248 14.897885 8.265244 7.922336 -9.574612 1260256461834
153.5918 47.236248 14.897885 8.787464 -3.5185025 2.5324812 1260256461841
153.1622 50.624435 14.802991 8.787464 -3.5185025 2.5324812 1260256461846
153.1622 50.624435 14.802991 10.662415 -15.047218 -10.285008 1260256461850
151.1041 53.293213 14.662842 10.662415 -15.047218 -10.285008 1260256461855
151.1041 53.293213 14.662842 11.868324 -16.872183 2.7882326 1260256461858
147.6489 54.278553 14.7297 11.868324 -16.872183 2.7882326 1260256461861
147.6489 54.278553 14.7297 12.133763 -6.3521385 4.6670256 1260256461864
145.71645 57.064625 14.943215 12.133763 -6.3521385 4.6670256 1260256461876
145.71645 57.064625 14.943215 10.734981 -16.11265 -6.8181252 1260256461884
141.23062 56.811394 15.846055 10.734981 -16.11265 -6.8181252 1260256461892
141.23062 56.811394 15.846055 1.8245388 -7.108013 -7.84815 1260256461896
134.51909 55.020824 18.303753 1.8245388 -7.108013 -7.84815 1260256461899
134.51909 55.020824 18.303753 -2.1316094 8.619612 1.1087899 1260256461904
138.94313 59.11978 19.138565 -2.1316094 8.619612 1.1087899 1260256461912
138.94313 59.11978 19.138565 6.9063706 -10.127569 -11.106802 1260256461916
141.29597 62.66379 19.281637 6.9063706 -10.127569 -11.106802 1260256461918
141.29597 62.66379 19.281637 9.265976 -8.657723 1.6777573 1260256461921
142.98117 66.1306 19.167555 9.265976 -8.657723 1.6777573 1260256461939
142.98117 66.1306 19.167555 8.444168 -11.936744 -19.899536 1260256461942
144.18211 69.47407 18.959177 8.444168 -11.936744 -19.899536 1260256461952
144.18211 69.47407 18.959177 6.5202756 -18.820755 -4.2278776 1260256461956
145.373 72.90037 18.711218 6.5202756 -18.820755 -4.2278776 1260256462142
145.373 72.90037 18.711218 3.1024609 -6.2130218 -20.389791 1260256462147
145.05435 76.40535 17.925657 3.1024609 -6.2130218 -20.389791 1260256462150
145.05435 76.40535 17.925657 -7.1798267 -15.189455 -5.9697847 1260256462153
140.45163 79.485085 15.079374 -7.1798267 -15.189455 -5.9697847 1260256462160
140.45163 79.485085 15.079374 2.534417 4.471221 2.5982962 1260256462172
135.52905 75.71083 11.975406 2.534417 4.471221 2.5982962 1260256462177
135.52905 75.71083 11.975406 -12.120543 -3.6949127 13.927187 1260256462180
130.9026 71.82529 9.526635 -12.120543 -3.6949127 13.927187 1260256462188
130.9026 71.82529 9.526635 -11.293458 -3.5252492 22.558294 1260256462194
126.45747 68.43402 7.4003034 -11.293458 -3.5252492 22.558294 1260256462200
126.45747 68.43402 7.4003034 -3.313467 4.726164 21.751707 1260256462208
122.2846 65.71232 5.380288 -3.313467 4.726164 21.751707 1260256462211
122.2846 65.71232 5.380288 -20.701653 -8.128027 13.054911 1260256462217
118.42037 63.6267 3.3112736 -20.701653 -8.128027 13.054911 1260256462220
118.42037 63.6267 3.3112736 -15.275253 -16.474585 9.565519 1260256462223
114.89935 62.295364 1.3457098 -15.275253 -16.474585 9.565519 1260256462231
114.89935 62.295364 1.3457098 -2.9643059 -7.862241 13.607096 1260256462234
112.40439 62.130596 -0.12157567 -2.9643059 -7.862241 13.607096 1260256462240
112.40439 62.130596 -0.12157567 -9.8919115 -9.653917 11.53197 1260256462243
112.63417 64.52406 -0.5154969 -9.8919115 -9.653917 11.53197 1260256462247
112.63417 64.52406 -0.5154969 -7.405325 -26.957596 -6.753235 1260256462250
115.752464 67.74786 0.010277936 -7.405325 -26.957596 -6.753235 1260256462254
115.752464 67.74786 0.010277936 4.214067 -8.35408 -12.074572 1260256462269
120.71484 71.51047 1.0097641 4.214067 -8.35408 -12.074572 1260256462271
120.71484 71.51047 1.0097641 18.158854 -23.773277 -24.74963 1260256462279
126.5291 75.48495 2.159276 18.158854 -23.773277 -24.74963 1260256462282
126.5291 75.48495 2.159276 20.72308 -15.4089775 -28.96909 1260256462286
132.00264 79.4107 3.2513123 20.72308 -15.4089775 -28.96909 1260256462293
132.00264 79.4107 3.2513123 9.618876 -3.9995813 -14.591639 1260256462297
136.5025 83.240166 4.038747 9.618876 -3.9995813 -14.591639 1260256462301
136.5025 83.240166 4.038747 -1.5028391 -17.535648 -16.268196 1260256462304
135.27737 86.828156 3.4368095 -1.5028391 -17.535648 -16.268196 1260256462321
135.27737 86.828156 3.4368095 -4.0907354 5.2533445 -11.532232 1260256462325
130.7135 82.186745 0.01496906 -4.0907354 5.2533445 -11.532232 1260256462336
130.7135 82.186745 0.01496906 -9.156006 -3.6818047 12.728363 1260256462339
126.32783 77.32741 -2.2357793 -9.156006 -3.6818047 12.728363 1260256462356
126.32783 77.32741 -2.2357793 -23.266323 -3.3069725 16.749346 1260256462360
122.06144 72.811035 -4.1739902 -23.266323 -3.3069725 16.749346 1260256462376
122.06144 72.811035 -4.1739902 -12.384669 12.282522 26.800438 1260256462380
117.95837 68.770485 -6.165291 -12.384669 12.282522 26.800438 1260256462396
117.95837 68.770485 -6.165291 -23.13239 7.9275064 33.49955 1260256462400
114.06045 65.43196 -8.557026 -23.13239 7.9275064 33.49955 1260256462416
114.06045 65.43196 -8.557026 -33.191414 -5.9499497 24.348368 1260256462420
110.55743 63.260365 -11.329175 -33.191414 -5.9499497 24.348368 1260256462437
110.55743 63.260365 -11.329175 -13.854009 -13.551832 9.374889 1260256462442
108.379555 66.89735 -12.862717 -13.854009 -13.551832 9.374889 1260256462457
108.379555 66.89735 -12.862717 -19.192667 -8.973892 -12.186877 1260256462484
108.56058 70.05248 -12.969581 -19.192667 -8.973892 -12.186877 1260256462487
108.56058 70.05248 -12.969581 -11.336447 -29.610106 -11.34993 1260256462490
111.33255 73.34986 -12.171102 -11.336447 -29.610106 -11.34993 1260256462505
111.33255 73.34986 -12.171102 5.2990327 -15.2001705 -28.469276 1260256462508
115.46592 76.63237 -11.012547 5.2990327 -15.2001705 -28.469276 1260256462518
115.46592 76.63237 -11.012547 16.404457 -32.608788 -25.741999 1260256462522
119.69263 79.85075 -9.811919 16.404457 -32.608788 -25.741999 1260256462536
119.69263 79.85075 -9.811919 11.191111 -11.96745 -23.46524 1260256462539
123.45799 83.05822 -8.771323 11.191111 -11.96745 -23.46524 1260256462556
123.45799 83.05822 -8.771323 0.25313425 -28.003658 -26.31624 1260256462560
125.88509 86.20531 -8.032757 0.25313425 -28.003658 -26.31624 1260256462576
125.88509 86.20531 -8.032757 -6.9061203 -5.533023 -21.574982 1260256462580
126.24084 89.14504 -7.831119 -6.9061203 -5.533023 -21.574982 1260256462596
126.24084 89.14504 -7.831119 -11.322918 -21.321125 -17.37604 1260256462600
124.3288 91.88779 -8.439563 -11.322918 -21.321125 -17.37604 1260256462620
124.3288 91.88779 -8.439563 -13.669853 -2.576486 -7.909938 1260256462623
120.96236 94.5934 -10.067585 -13.669853 -2.576486 -7.909938 1260256462636
120.96236 94.5934 -10.067585 -2.6109195 -10.552444 -13.917993 1260256462640
117.16424 97.51373 -12.664206 -2.6109195 -10.552444 -13.917993 1260256462657
117.16424 97.51373 -12.664206 -11.594745 -4.2189236 -10.958127 1260256462660
113.30602 93.53805 -15.230995 -11.594745 -4.2189236 -10.958127 1260256462676
113.30602 93.53805 -15.230995 -17.234085 1.9321241 -2.286345 1260256462680
109.44072 89.76115 -16.819445 -17.234085 1.9321241 -2.286345 1260256462696
109.44072 89.76115 -16.819445 -6.102747 -15.694103 13.516866 1260256462700
105.56868 86.32309 -17.778473 -6.102747 -15.694103 13.516866 1260256462716
105.56868 86.32309 -17.778473 -7.497595 -0.19458294 19.676529 1260256462720
101.790245 83.35693 -18.439548 -7.497595 -0.19458294 19.676529 1260256462736
101.790245 83.35693 -18.439548 -12.029369 -23.761642 21.697466 1260256462740
98.20073 80.83909 -18.86757 -12.029369 -23.761642 21.697466 1260256462759
98.20073 80.83909 -18.86757 -14.396179 -9.6446705 28.23396 1260256462928
94.99069 78.89713 -19.174192 -14.396179 -9.6446705 28.23396 1260256462934
94.99069 78.89713 -19.174192 -14.253674 -13.91104 6.921073 1260256462941
92.591156 77.60228 -19.465483 -14.253674 -13.91104 6.921073 1260256462945
92.591156 77.60228 -19.465483 -14.147086 -24.148882 3.8607469 1260256462948
91.3116 77.07217 -19.542208 -14.147086 -24.148882 3.8607469 1260256462980
91.3116 77.07217 -19.542208 -12.196557 -24.743917 1.4572222 1260256462989
93.346016 79.16856 -18.765097 -12.196557 -24.743917 1.4572222 1260256462992
93.346016 79.16856 -18.765097 -0.24929047 -6.8896675 -14.7623415 1260256462998
98.02872 82.36013 -17.276842 -0.24929047 -6.8896675 -14.7623415 1260256463001
98.02872 82.36013 -17.276842 13.314032 -17.593515 -14.724602 1260256463004
104.62728 86.092125 -15.513 13.314032 -17.593515 -14.724602 1260256463012
104.62728 86.092125 -15.513 5.592628 -0.17680454 -18.772518 1260256463015
112.29592 90.03752 -13.78735 5.592628 -0.17680454 -18.772518 1260256463022
112.29592 90.03752 -13.78735 0.041749 -15.768202 -26.814175 1260256463033
119.43112 93.83565 -12.247982 0.041749 -15.768202 -26.814175 1260256463037
119.43112 93.83565 -12.247982 9.728107 -1.6179566 -13.100974 1260256463042
124.05956 97.493866 -11.235583 9.728107 -1.6179566 -13.100974 1260256463048
124.05956 97.493866 -11.235583 11.643866 -2.6144571 -17.36735 1260256463053
121.506584 99.069176 -12.123804 11.643866 -2.6144571 -17.36735 1260256463059
121.506584 99.069176 -12.123804 -0.025358677 2.8363166 -2.5642328 1260256463062
117.18125 96.46571 -12.917614 -0.025358677 2.8363166 -2.5642328 1260256463067
117.18125 96.46571 -12.917614 -11.298884 -20.07688 2.5018926 1260256463070
112.77219 93.84243 -13.471733 -11.298884 -20.07688 2.5018926 1260256463073
112.77219 93.84243 -13.471733 -17.733736 -13.596755 20.365536 1260256463090
108.58358 91.500305 -13.798146 -17.733736 -13.596755 20.365536 1260256463093
108.58358 91.500305 -13.798146 -19.37573 -17.620802 14.206855 1260256463097
104.8544 89.52529 -14.008239 -19.37573 -17.620802 14.206855 1260256463102
104.8544 89.52529 -14.008239 -17.264336 -29.276596 13.442388 1260256463108
102.06168 87.94903 -14.257827 -17.264336 -29.276596 13.442388 1260256463113
102.06168 87.94903 -14.257827 -15.612739 -15.551718 6.488799 1260256463117
101.6586 87.35158 -14.244935 -15.612739 -15.551718 6.488799 1260256463124
101.6586 87.35158 -14.244935 -12.862206 -6.511044 -0.65784734 1260256463128
104.52567 89.684 -13.432689 -12.862206 -6.511044 -0.65784734 1260256463131
104.52567 89.684 -13.432689 -7.112977 -18.790379 -9.615881 1260256463134
109.69939 93.0498 -12.211054 -7.112977 -18.790379 -9.615881 1260256463141
109.69939 93.0498 -12.211054 6.9233456 2.0033588 -13.065959 1260256463154
116.814415 96.79731 -10.900501 6.9233456 2.0033588 -13.065959 1260256463165
116.814415 96.79731 -10.900501 15.258364 -10.413307 -21.075073 1260256463168
123.17369 100.357445 -9.805476 15.258364 -10.413307 -21.075073 1260256463177
123.17369 100.357445 -9.805476 7.7002378 -2.707395 -29.651052 1260256463181
124.81501 102.28957 -9.315203 7.7002378 -2.707395 -29.651052 1260256463199
124.81501 102.28957 -9.315203 -0.98996776 -19.4888 -9.445241 1260256463202
121.37426 102.325096 -9.449443 -0.98996776 -19.4888 -9.445241 1260256463216
121.37426 102.325096 -9.449443 -3.149775 -24.988464 0.72611547 1260256463220
116.50555 100.50884 -9.776971 -3.149775 -24.988464 0.72611547 1260256463236
116.50555 100.50884 -9.776971 -3.1163278 -21.00372 -2.2362132 1260256463240
111.68027 98.4834 -10.038122 -3.1163278 -21.00372 -2.2362132 1260256463256
111.68027 98.4834 -10.038122 -1.5097504 -15.741404 15.622641 1260256463260
107.29626 96.55923 -10.236216 -1.5097504 -15.741404 15.622641 1260256463276
107.29626 96.55923 -10.236216 1.1692495 -27.908375 14.686116 1260256463280
103.83144 95.031265 -10.524405 1.1692495 -27.908375 14.686116 1260256463296
103.83144 95.031265 -10.524405 4.1148734 -22.511679 2.21484 1260256463300
104.43987 95.579704 -10.348185 4.1148734 -22.511679 2.21484 1260256463316
104.43987 95.579704 -10.348185 6.3596983 -20.254568 -4.1497593 1260256463321
109.11788 98.100716 -9.380775 6.3596983 -20.254568 -4.1497593 1260256463336
109.11788 98.100716 -9.380775 1.857133 -1.5018525 -4.120261 1260256463340
115.96199 101.29568 -8.1617365 1.857133 -1.5018525 -4.120261 1260256463356
115.96199 101.29568 -8.1617365 -4.014002 -13.145531 -21.088001 1260256463360
122.86389 104.480896 -7.05365 -4.014002 -13.145531 -21.088001 1260256463376
122.86389 104.480896 -7.05365 -1.0503659 0.94400024 -27.41255 1260256463380
126.3707 106.806854 -6.4009676 -1.0503659 0.94400024 -27.41255 1260256463396
126.3707 106.806854 -6.4009676 0.75524914 -9.190336 -6.626195 1260256463400
125.352165 107.36651 -6.780919 0.75524914 -9.190336 -6.626195 1260256463416
125.352165 107.36651 -6.780919 -8.30188 -18.067734 1.5008898 1260256463420
120.63456 104.898186 -7.791873 -8.30188 -18.067734 1.5008898 1260256463436
120.63456 104.898186 -7.791873 -18.26658 -6.482279 4.547689 1260256463439
115.50283 101.95328 -8.752279 -18.26658 -6.482279 4.547689 1260256463456
115.50283 101.95328 -8.752279 -17.341623 -27.53482 12.241051 1260256463460
110.57769 99.005615 -9.614665 -17.341623 -27.53482 12.241051 1260256463476
110.57769 99.005615 -9.614665 -7.9569197 -5.805416 12.93796 1260256463480
106.2488 96.60533 -10.433932 -7.9569197 -5.805416 12.93796 1260256463496
106.2488 96.60533 -10.433932 1.7976356 -18.579252 10.587469 1260256463499
106.53636 97.175064 -10.562236 1.7976356 -18.579252 10.587469 1260256463516
106.53636 97.175064 -10.562236 6.6604395 -11.672906 1.7599349 1260256463519
111.35954 99.06631 -9.634124 6.6604395 -11.672906 1.7599349 1260256463542
111.35954 99.06631 -9.634124 4.0524483 -1.1514273 -11.775613 1260256463720
117.041565 101.06299 -8.502418 4.0524483 -1.1514273 -11.775613 1260256463731
117.041565 101.06299 -8.502418 -2.9756641 -19.694921 -21.077229 1260256463734
122.339485 102.659836 -7.477297 -2.9756641 -19.694921 -21.077229 1260256463739
122.339485 102.659836 -7.477297 -4.1142464 -26.42817 -17.9401 1260256463742
126.82251 103.67684 -6.703432 -4.1142464 -26.42817 -17.9401 1260256463754
126.82251 103.67684 -6.703432 -0.6612754 -20.034409 -21.80481 1260256463762
130.03139 104.243 -6.2182603 -0.6612754 -20.034409 -21.80481 1260256463765
130.03139 104.243 -6.2182603 1.7118258 -13.367863 -16.907093 1260256463769
129.92982 104.43085 -6.3073473 1.7118258 -13.367863 -16.907093 1260256463774
129.92982 104.43085 -6.3073473 -2.3615386 -8.038807 -11.566708 1260256463782
126.63333 104.959305 -7.24198 -2.3615386 -8.038807 -11.566708 1260256463786
126.63333 104.959305 -7.24198 -12.747559 -0.6717577 -1.7548895 1260256463789
121.30167 101.01134 -9.079881 -12.747559 -0.6717577 -1.7548895 1260256463794
121.30167 101.01134 -9.079881 -9.633221 -8.492193 -3.085051 1260256463800
115.686584 95.91077 -10.925886 -9.633221 -8.492193 -3.085051 1260256463806
115.686584 95.91077 -10.925886 1.6857262 -9.513218 8.003484 1260256463809
109.952255 90.51523 -12.779592 1.6857262 -9.513218 8.003484 1260256463812
109.952255 90.51523 -12.779592 -10.450281 -3.1446831 -0.8847375 1260256463820
104.45464 86.08947 -15.540612 -10.450281 -3.1446831 -0.8847375 1260256463823
104.45464 86.08947 -15.540612 -11.221121 9.050028 6.831846 1260256463828
101.38191 88.48499 -16.963581 -11.221121 9.050028 6.831846 1260256463845
101.38191 88.48499 -16.963581 0.61386013 -13.916727 -3.9705093 1260256463849
105.862816 89.310745 -16.365402 0.61386013 -13.916727 -3.9705093 1260256463852
105.862816 89.310745 -16.365402 4.354256 -26.07524 -5.854984 1260256463854
112.91968 89.945206 -15.5471325 4.354256 -26.07524 -5.854984 1260256463869
112.91968 89.945206 -15.5471325 -1.5965962 -32.12948 -0.8719435 1260256463872
120.473694 90.64795 -14.419776 -1.5965962 -32.12948 -0.8719435 1260256463880
120.473694 90.64795 -14.419776 -6.07426 -29.219585 -2.7793033 1260256463886
127.45001 91.46555 -13.1487875 -6.07426 -29.219585 -2.7793033 1260256463890
127.45001 91.46555 -13.1487875 -1.2770858 -17.501621 -12.673801 1260256463892
129.97751 92.192276 -12.591348 -1.2770858 -17.501621 -12.673801 1260256463900
129.97751 92.192276 -12.591348 -0.9393877 -8.068255 -9.29114 1260256463903
131.07863 92.88266 -12.06178 -0.9393877 -8.068255 -9.29114 1260256463910
131.07863 92.88266 -12.06178 4.329191 -2.4469414 -1.7756561 1260256463913
130.2247 93.28853 -11.708691 4.329191 -2.4469414 -1.7756561 1260256463917
130.2247 93.28853 -11.708691 6.6084027 -0.5841932 2.1281064 1260256463920
126.81347 92.0241 -12.173256 6.6084027 -0.5841932 2.1281064 1260256463923
126.81347 92.0241 -12.173256 1.7382488 2.5679026 -4.859016 1260256463937
121.57279 88.122894 -13.914594 1.7382488 2.5679026 -4.859016 1260256463948
121.57279 88.122894 -13.914594 -12.840764 -2.6617374 5.023719 1260256463952
115.994156 82.81675 -15.518864 -12.840764 -2.6617374 5.023719 1260256463972
115.994156 82.81675 -15.518864 -6.8953004 -6.6789474 0.3664317 1260256463975
110.19445 77.375916 -17.142921 -6.8953004 -6.6789474 0.3664317 1260256463987
110.19445 77.375916 -17.142921 2.3411164 -4.6549773 5.51027 1260256463990
121.93473 72.45712 -19.285776 2.3411164 -4.6549773 5.51027 1260256464006
121.93473 72.45712 -19.285776 -15.050562 6.56898 -4.386707 1260256464010
132.98799 68.58427 -22.471487 -15.050562 6.56898 -4.386707 1260256464026
132.98799 68.58427 -22.471487 -9.418858 6.1321006 -6.1877255 1260256464029
144.23859 73.40505 -25.097912 -9.418858 6.1321006 -6.1877255 1260256464051
144.23859 73.40505 -25.097912 -14.818188 4.9207525 -5.1862082 1260256464054
137.67665 77.0348 -26.593016 -14.818188 4.9207525 -5.1862082 1260256464066
137.67665 77.0348 -26.593016 -23.850887 -19.422012 -2.4954703 1260256464070
131.14282 79.58306 -27.113365 -23.850887 -19.422012 -2.4954703 1260256464086
131.14282 79.58306 -27.113365 -20.45679 -6.746314 -0.5131409 1260256464090
139.83568 81.45391 -27.057697 -20.45679 -6.746314 -0.5131409 1260256464106
139.83568 81.45391 -27.057697 -18.617075 -16.885427 -5.027256 1260256464110
146.4439 82.98122 -26.804813 -18.617075 -16.885427 -5.027256 1260256464126
146.4439 82.98122 -26.804813 -18.126297 -30.390461 -1.3276107 1260256464130
151.7217 84.43215 -26.564573 -18.126297 -30.390461 -1.3276107 1260256464146
151.7217 84.43215 -26.564573 -18.191006 -25.00853 -1.4321626 1260256464150
155.68561 83.61054 -26.336344 -18.191006 -25.00853 -1.4321626 1260256464166
155.68561 83.61054 -26.336344 -17.523232 -29.526318 -0.7571736 1260256464169
158.55133 82.73002 -26.169527 -17.523232 -29.526318 -0.7571736 1260256464186
158.55133 82.73002 -26.169527 -16.199171 -26.50006 4.3947954 1260256464190
160.42377 81.743515 -26.06105 -16.199171 -26.50006 4.3947954 1260256464206
160.42377 81.743515 -26.06105 -15.214566 -16.639397 9.415637 1260256464210
161.50258 80.75634 -25.907997 -15.214566 -16.639397 9.415637 1260256464227
161.50258 80.75634 -25.907997 -13.219711 -6.4608545 8.257442 1260256464231
161.92744 79.71852 -25.762598 -13.219711 -6.4608545 8.257442 1260256464250
161.92744 79.71852 -25.762598 -11.138902 -2.9840908 1.182473 1260256464253
161.78107 78.582596 -25.724468 -11.138902 -2.9840908 1.182473 1260256464266
161.78107 78.582596 -25.724468 -10.342478 -9.333057 -4.081105 1260256464270
