224.16585 29.44995 34.51974 -6.7081556 -8.806271 0.75837815 1260256581948
224.16585 29.44995 34.51974 0.8468498 13.362333 10.185248 1260256581954
215.40756 26.87745 32.043755 0.8468498 13.362333 10.185248 1260256581960
215.40756 26.87745 32.043755 1.8746068 -4.1359277 11.798479 1260256581966
207.18718 25.38358 28.991568 1.8746068 -4.1359277 11.798479 1260256581969
207.18718 25.38358 28.991568 -17.119917 -1.3428875 11.886835 1260256581973
199.32782 24.8144 25.74199 -17.119917 -1.3428875 11.886835 1260256581981
199.32782 24.8144 25.74199 -11.036007 -3.865437 29.575352 1260256581984
192.21143 25.37368 22.55489 -11.036007 -3.865437 29.575352 1260256581990
192.21143 25.37368 22.55489 -22.875 -19.377478 6.8291283 1260256581993
186.35086 27.054996 19.927145 -22.875 -19.377478 6.8291283 1260256582026
186.35086 27.054996 19.927145 -6.023468 -34.330482 2.080145 1260256582031
182.43332 31.352247 18.230787 -6.023468 -34.330482 2.080145 1260256582043
182.43332 31.352247 18.230787 -12.875862 -27.08015 -1.0362158 1260256582049
180.71165 36.034634 17.369247 -12.875862 -27.08015 -1.0362158 1260256582052
180.71165 36.034634 17.369247 -9.106129 -16.189735 -17.966356 1260256582063
180.02608 40.982903 16.900785 -9.106129 -16.189735 -17.966356 1260256582072
180.02608 40.982903 16.900785 -4.640785 -21.234549 -18.52575 1260256582081
179.77478 46.08376 16.555746 -4.640785 -21.234549 -18.52575 1260256582084
179.77478 46.08376 16.555746 -2.0634942 -26.267624 -19.437065 1260256582088
179.08604 51.32957 16.07796 -2.0634942 -26.267624 -19.437065 1260256582093
179.08604 51.32957 16.07796 -0.90144515 -19.274193 -23.366398 1260256582104
172.93175 57.213093 14.824061 -0.90144515 -19.274193 -23.366398 1260256582109
172.93175 57.213093 14.824061 5.5208745 -8.439926 -17.341545 1260256582113
171.03516 47.45244 12.282858 5.5208745 -8.439926 -17.341545 1260256582128
171.03516 47.45244 12.282858 -8.652584 9.808891 -13.372987 1260256582132
165.9334 42.229816 10.068715 -8.652584 9.808891 -13.372987 1260256582141
165.9334 42.229816 10.068715 -14.723023 23.72214 3.3774488 1260256582144
160.83673 37.418327 7.9152794 -14.723023 23.72214 3.3774488 1260256582148
160.83673 37.418327 7.9152794 -1.4960537 19.373358 4.0813274 1260256582161
155.3949 33.29741 5.3695154 -1.4960537 19.373358 4.0813274 1260256582167
155.3949 33.29741 5.3695154 -21.365885 4.657282 1.8474178 1260256582171
148.22516 22.982538 0.95103955 -21.365885 4.657282 1.8474178 1260256582180
148.22516 22.982538 0.95103955 -8.503227 10.161849 -3.5524898 1260256582190
143.1639 29.133411 -1.5965124 -8.503227 10.161849 -3.5524898 1260256582200
143.1639 29.133411 -1.5965124 -23.839338 -2.8487864 -5.542342 1260256582204
140.3057 33.82674 -2.766687 -23.839338 -2.8487864 -5.542342 1260256582218
140.3057 33.82674 -2.766687 -13.599567 -26.59016 -1.6538758 1260256582387
139.94041 37.985405 -3.0783527 -13.599567 -26.59016 -1.6538758 1260256582402
139.94041 37.985405 -3.0783527 -5.2230163 -30.198883 -22.280788 1260256582408
141.89339 42.186134 -2.824435 -5.2230163 -30.198883 -22.280788 1260256582411
141.89339 42.186134 -2.824435 -1.6942642 -18.26057 -15.149019 1260256582419
144.09872 46.326828 -2.4832132 -1.6942642 -18.26057 -15.149019 1260256582422
144.09872 46.326828 -2.4832132 -3.4626067 -34.495857 -13.624304 1260256582429
146.09378 50.460487 -2.1090524 -3.4626067 -34.495857 -13.624304 1260256582432
146.09378 50.460487 -2.1090524 -5.4995646 -27.73676 -25.549854 1260256582452
147.3891 54.487465 -1.8535998 -5.4995646 -27.73676 -25.549854 1260256582474
147.3891 54.487465 -1.8535998 -7.994198 -13.978412 -18.243587 1260256582489
147.26964 58.463093 -2.0109198 -7.994198 -13.978412 -18.243587 1260256582492
147.26964 58.463093 -2.0109198 -10.977204 -27.260416 -15.932019 1260256582544
144.95616 62.63994 -2.910374 -10.977204 -27.260416 -15.932019 1260256582568
144.95616 62.63994 -2.910374 -9.164944 -10.756823 -23.951462 1260256582583
140.45836 67.20794 -4.7648554 -9.164944 -10.756823 -23.951462 1260256582587
140.45836 67.20794 -4.7648554 -1.5592356 1.4874177 -11.256561 1260256582592
134.98544 72.24754 -7.7766128 -1.5592356 1.4874177 -11.256561 1260256582606
134.98544 72.24754 -7.7766128 -24.535141 -3.371562 -6.9546857 1260256582610
129.73618 68.33517 -11.087782 -24.535141 -3.371562 -6.9546857 1260256582618
129.73618 68.33517 -11.087782 -7.7165384 8.689129 5.4086995 1260256582621
124.74937 64.41841 -13.083393 -7.7165384 8.689129 5.4086995 1260256582627
124.74937 64.41841 -13.083393 -23.912567 -5.5356135 14.453122 1260256582630
119.8119 60.94749 -14.529223 -23.912567 -5.5356135 14.453122 1260256582638
119.8119 60.94749 -14.529223 -29.623152 12.168801 24.091661 1260256582641
114.8713 58.050117 -15.752762 -29.623152 12.168801 24.091661 1260256582647
114.8713 58.050117 -15.752762 -20.958687 -11.792257 25.540798 1260256582651
110.27773 56.09761 -17.115124 -20.958687 -11.792257 25.540798 1260256582653
110.27773 56.09761 -17.115124 -10.788675 -5.3984575 18.421652 1260256582664
106.41385 55.09273 -18.359367 -10.788675 -5.3984575 18.421652 1260256582668
106.41385 55.09273 -18.359367 -14.236797 -6.5953712 13.712302 1260256582674
103.843155 54.838097 -19.3914 -14.236797 -6.5953712 13.712302 1260256582684
103.843155 54.838097 -19.3914 -21.248613 -10.181283 2.0037756 1260256582688
103.751 58.14619 -19.67183 -21.248613 -10.181283 2.0037756 1260256582693
103.751 58.14619 -19.67183 -17.572735 -30.989761 -7.61494 1260256582700
106.063446 61.43888 -19.038239 -17.572735 -30.989761 -7.61494 1260256582706
106.063446 61.43888 -19.038239 -5.2159834 -13.195861 -13.225161 1260256582710
110.01028 65.01694 -17.836327 -5.2159834 -13.195861 -13.225161 1260256582713
110.01028 65.01694 -17.836327 11.176014 -31.449024 -24.713203 1260256582720
114.70976 68.76609 -16.39451 11.176014 -31.449024 -24.713203 1260256582727
114.70976 68.76609 -16.39451 13.212788 -19.381649 -33.287586 1260256582738
119.02428 72.42779 -15.074784 13.212788 -19.381649 -33.287586 1260256582742
119.02428 72.42779 -15.074784 0.15332937 -18.434475 -17.508146 1260256582746
121.37306 76.156395 -14.271045 0.15332937 -18.434475 -17.508146 1260256582752
121.37306 76.156395 -14.271045 -9.480762 -21.257719 -23.573193 1260256582758
119.15441 80.148575 -14.757492 -9.480762 -21.257719 -23.573193 1260256582763
119.15441 80.148575 -14.757492 -15.92844 1.6752119 -16.574247 1260256582767
114.44669 84.84115 -17.869617 -15.92844 1.6752119 -16.574247 1260256582770
114.44669 84.84115 -17.869617 -7.402278 -1.6200577 -8.536622 1260256582778
109.97436 80.39909 -20.176136 -7.402278 -1.6200577 -8.536622 1260256582781
109.97436 80.39909 -20.176136 -30.02145 11.029477 10.657857 1260256582787
105.72564 76.47914 -21.51733 -30.02145 11.029477 10.657857 1260256582792
105.72564 76.47914 -21.51733 -27.353802 -9.791531 17.022066 1260256582802
101.48936 73.15518 -22.441463 -27.353802 -9.791531 17.022066 1260256582806
101.48936 73.15518 -22.441463 -17.7859 2.0425644 30.95093 1260256582809
97.51489 70.59742 -23.36939 -17.7859 2.0425644 30.95093 1260256582818
97.51489 70.59742 -23.36939 -10.498372 -21.12109 19.801834 1260256582823
94.18915 68.867546 -24.250921 -10.498372 -21.12109 19.801834 1260256582826
94.18915 68.867546 -24.250921 -10.564091 -13.984539 18.993435 1260256582830
92.02969 67.72417 -25.138376 -10.564091 -13.984539 18.993435 1260256582840
92.02969 67.72417 -25.138376 -16.03189 -7.6696625 6.030526 1260256582849
92.07821 70.73796 -25.531458 -16.03189 -7.6696625 6.030526 1260256582852
92.07821 70.73796 -25.531458 -16.526117 -28.14692 -6.776774 1260256582860
94.2243 73.55106 -25.054886 -16.526117 -28.14692 -6.776774 1260256582869
94.2243 73.55106 -25.054886 -6.3748503 -11.165836 -16.654018 1260256582872
97.913086 76.52351 -23.902142 -6.3748503 -11.165836 -16.654018 1260256582884
97.913086 76.52351 -23.902142 7.9035587 -31.24892 -19.498148 1260256582888
102.51743 79.74734 -22.457035 7.9035587 -31.24892 -19.498148 1260256582898
102.51743 79.74734 -22.457035 7.3170614 -12.250754 -23.05351 1260256582903
106.99156 82.95997 -21.034184 7.3170614 -12.250754 -23.05351 1260256582918
106.99156 82.95997 -21.034184 -4.932784 -27.363358 -25.924948 1260256582921
109.64198 86.21197 -20.132475 -4.932784 -27.363358 -25.924948 1260256582941
109.64198 86.21197 -20.132475 -10.513586 -2.1022997 -19.435425 1260256582944
107.959885 89.55137 -20.62585 -10.513586 -2.1022997 -19.435425 1260256582958
107.959885 89.55137 -20.62585 -16.240532 -15.859804 -9.733838 1260256582967
104.21189 86.6738 -22.19456 -16.240532 -15.859804 -9.733838 1260256582978
104.21189 86.6738 -22.19456 -9.080017 1.995255 1.5153801 1260256582983
99.951294 84.04011 -22.834831 -9.080017 1.995255 1.5153801 1260256583178
99.951294 84.04011 -22.834831 -4.8414288 -18.870935 17.570719 1260256583184
95.70373 81.9381 -22.99309 -4.8414288 -18.870935 17.570719 1260256583188
95.70373 81.9381 -22.99309 -3.4568205 -20.289858 11.047753 1260256583193
91.61854 80.341194 -22.993435 -3.4568205 -20.289858 11.047753 1260256583199
91.61854 80.341194 -22.993435 -2.1883068 -11.325743 12.864001 1260256583205
89.78761 79.574135 -23.043764 -2.1883068 -11.325743 12.864001 1260256583208
89.78761 79.574135 -23.043764 0.60005045 -9.065288 4.020008 1260256583214
91.99823 81.99543 -22.691576 0.60005045 -9.065288 4.020008 1260256583220
91.99823 81.99543 -22.691576 1.6583776 -16.306917 -16.238365 1260256583223
96.54832 85.445656 -21.556997 1.6583776 -16.306917 -16.238365 1260256583229
96.54832 85.445656 -21.556997 -4.2721014 -4.322902 -10.620338 1260256583232
102.770905 89.17337 -20.129147 -4.2721014 -4.322902 -10.620338 1260256583240
102.770905 89.17337 -20.129147 -6.336447 -18.27681 -23.942362 1260256583246
108.78236 92.6647 -18.77269 -6.336447 -18.27681 -23.942362 1260256583251
108.78236 92.6647 -18.77269 4.1576333 0.29225826 -25.0316 1260256583254
112.043236 95.681465 -17.934055 4.1576333 0.29225826 -25.0316 1260256583263
112.043236 95.681465 -17.934055 7.143568 -19.759844 -18.933233 1260256583267
110.69107 97.59739 -18.637352 7.143568 -19.759844 -18.933233 1260256583274
110.69107 97.59739 -18.637352 -6.067322 -9.117548 -16.292788 1260256583288
106.106514 94.51752 -19.905485 -6.067322 -9.117548 -16.292788 1260256583292
106.106514 94.51752 -19.905485 -20.978508 -13.153638 11.679314 1260256583303
101.20119 91.24164 -20.660212 -20.978508 -13.153638 11.679314 1260256583309
101.20119 91.24164 -20.660212 -24.120453 -10.907705 19.155191 1260256583312
96.39113 88.17956 -21.127201 -24.120453 -10.907705 19.155191 1260256583321
96.39113 88.17956 -21.127201 -20.554813 -15.315813 12.373739 1260256583324
92.02157 86.02058 -21.420841 -20.554813 -15.315813 12.373739 1260256583328
92.02157 86.02058 -21.420841 -13.53124 -3.8820877 12.88248 1260256583333
93.72049 87.26955 -21.099798 -13.53124 -3.8820877 12.88248 1260256583342
93.72049 87.26955 -21.099798 -11.777832 -8.692625 -8.788311 1260256583346
99.23447 89.506065 -19.944809 -11.777832 -8.692625 -8.788311 1260256583358
99.23447 89.506065 -19.944809 -7.8954115 -26.507954 -15.014273 1260256583364
105.422745 91.98076 -18.54757 -7.8954115 -26.507954 -15.014273 1260256583367
105.422745 91.98076 -18.54757 6.9326944 -11.276844 -27.452625 1260256583370
111.551605 94.38172 -17.120192 6.9326944 -11.276844 -27.452625 1260256583379
111.551605 94.38172 -17.120192 14.852785 -21.35786 -24.63371 1260256583382
116.97402 96.31264 -15.914182 14.852785 -21.35786 -24.63371 1260256583390
116.97402 96.31264 -15.914182 5.64328 -29.113062 -14.151987 1260256583393
120.92532 97.84701 -15.018473 5.64328 -29.113062 -14.151987 1260256583411
120.92532 97.84701 -15.018473 -5.634918 -13.703424 -6.714446 1260256583420
121.77906 98.85466 -14.767549 -5.634918 -13.703424 -6.714446 1260256583425
121.77906 98.85466 -14.767549 -10.695017 -4.89637 -6.583189 1260256583428
118.54011 99.86193 -15.429172 -10.695017 -4.89637 -6.583189 1260256583441
118.54011 99.86193 -15.429172 -8.322107 -4.5592513 -8.779784 1260256583450
113.5631 96.56883 -16.957712 -8.322107 -4.5592513 -8.779784 1260256583453
113.5631 96.56883 -16.957712 2.0123873 -12.78042 6.3308516 1260256583461
108.38495 91.89039 -18.209827 2.0123873 -12.78042 6.3308516 1260256583470
108.38495 91.89039 -18.209827 -3.3297338 6.1586094 4.5811467 1260256583473
103.2657 86.84587 -19.349337 -3.3297338 6.1586094 4.5811467 1260256583484
103.2657 86.84587 -19.349337 -16.042234 11.444253 16.764765 1260256583488
115.952415 81.90358 -20.68187 -16.042234 11.444253 16.764765 1260256583498
115.952415 81.90358 -20.68187 -23.127998 1.9403193 10.249926 1260256583507
127.3548 77.2584 -22.547775 -23.127998 1.9403193 10.249926 1260256583522
127.3548 77.2584 -22.547775 -10.526674 -6.001059 11.431885 1260256583528
137.88705 73.29548 -25.220387 -10.526674 -6.001059 11.431885 1260256583543
137.88705 73.29548 -25.220387 -16.997936 8.9361725 -1.001713 1260256583549
148.3427 70.4307 -27.609367 -16.997936 8.9361725 -1.001713 1260256583566
148.3427 70.4307 -27.609367 -20.811378 -13.745941 -0.8975353 1260256583570
158.72557 73.909164 -28.728899 -20.811378 -13.745941 -0.8975353 1260256583584
158.72557 73.909164 -28.728899 -7.7511053 -0.39349747 -1.9855722 1260256583592
165.3393 76.21371 -28.742455 -7.7511053 -0.39349747 -1.9855722 1260256583601
165.3393 76.21371 -28.742455 -4.8672194 -23.683681 -8.406121 1260256583607
170.12233 78.00302 -28.305332 -4.8672194 -23.683681 -8.406121 1260256583624
170.12233 78.00302 -28.305332 -7.8139925 -27.09015 4.944416 1260256583632
173.41621 79.75287 -27.890066 -7.8139925 -27.09015 4.944416 1260256583639
173.41621 79.75287 -27.890066 -12.622396 -14.969322 -2.280427 1260256583646
175.3454 81.56522 -27.545563 -12.622396 -14.969322 -2.280427 1260256583661
175.3454 81.56522 -27.545563 -16.428337 -23.285229 -13.6221485 1260256583667
176.02812 83.38696 -27.368284 -16.428337 -23.285229 -13.6221485 1260256583680
176.02812 83.38696 -27.368284 -18.44615 -32.606956 -5.058193 1260256583684
175.92671 85.117615 -27.29987 -18.44615 -32.606956 -5.058193 1260256583698
175.92671 85.117615 -27.29987 -18.391895 -18.238676 0.8809056 1260256583707
175.93037 86.56174 -27.034876 -18.391895 -18.238676 0.8809056 1260256583718
175.93037 86.56174 -27.034876 -17.398304 -10.114617 -3.4340153 1260256583723
175.78386 87.78365 -26.733131 -17.398304 -10.114617 -3.4340153 1260256583738
175.78386 87.78365 -26.733131 -16.551401 -15.888408 -1.8243428 1260256583742
