185.74919 34.561226 23.582212 0.54398537 -4.1087303 14.795501 1260256488963
185.74919 34.561226 23.582212 -2.4021382 -5.7250814 5.603661 1260256488967
186.41173 34.433163 24.753101 -2.4021382 -5.7250814 5.603661 1260256488973
186.41173 34.433163 24.753101 5.0307984 -7.4672947 -4.1149864 1260256488982
187.09114 34.411503 26.065447 5.0307984 -7.4672947 -4.1149864 1260256488986
187.09114 34.411503 26.065447 16.724924 -7.7593427 -2.5064938 1260256488989
187.03659 34.49093 27.212175 16.724924 -7.7593427 -2.5064938 1260256488994
187.03659 34.49093 27.212175 16.908678 -7.094529 7.9218254 1260256489006
186.78476 34.41638 28.351566 16.908678 -7.094529 7.9218254 1260256489009
186.78476 34.41638 28.351566 6.299215 -6.322745 12.792692 1260256489012
187.44553 34.245564 29.783989 6.299215 -6.322745 12.792692 1260256489046
187.44553 34.245564 29.783989 -4.7149196 -6.1541214 1.605056 1260256489051
188.12325 33.483284 31.34479 -4.7149196 -6.1541214 1.605056 1260256489067
188.12325 33.483284 31.34479 3.0081794 -9.964829 -3.1451006 1260256489264
180.06708 30.759119 32.22755 3.0081794 -9.964829 -3.1451006 1260256489269
180.06708 30.759119 32.22755 9.492539 7.141528 7.0718913 1260256489274
173.86372 26.971163 31.366173 9.492539 7.141528 7.0718913 1260256489282
173.86372 26.971163 31.366173 0.6839643 -6.332076 0.29918933 1260256489286
168.47054 23.472605 29.747864 0.6839643 -6.332076 0.29918933 1260256489290
168.47054 23.472605 29.747864 -9.849022 15.508702 6.268551 1260256489300
163.397 20.548975 27.760471 -9.849022 15.508702 6.268551 1260256489305
163.397 20.548975 27.760471 2.7332242 -2.9361134 10.424625 1260256489309
158.67715 19.621527 25.122448 2.7332242 -2.9361134 10.424625 1260256489323
158.67715 19.621527 25.122448 -5.9576216 -7.217347 19.593275 1260256489330
154.1433 20.24045 22.466326 -5.9576216 -7.217347 19.593275 1260256489333
154.1433 20.24045 22.466326 -12.601189 -18.781094 10.739899 1260256489341
150.13612 22.128428 20.39301 -12.601189 -18.781094 10.739899 1260256489345
150.13612 22.128428 20.39301 2.7273765 -17.318764 9.010049 1260256489349
146.82932 24.872005 18.873358 2.7273765 -17.318764 9.010049 1260256489354
146.82932 24.872005 18.873358 -4.588367 -23.379543 13.402364 1260256489366
144.53786 28.478405 17.87969 -4.588367 -23.379543 13.402364 1260256489369
144.53786 28.478405 17.87969 -8.3691635 -21.781464 -8.136492 1260256489372
143.56096 32.654484 17.485706 -8.3691635 -21.781464 -8.136492 1260256489383
143.56096 32.654484 17.485706 -6.1177073 -28.550495 -6.493915 1260256489389
143.6329 37.37176 17.31142 -6.1177073 -28.550495 -6.493915 1260256489392
143.6329 37.37176 17.31142 -5.5452247 -10.768949 -9.272079 1260256489402
144.75127 42.65317 17.24585 -5.5452247 -10.768949 -9.272079 1260256489405
144.75127 42.65317 17.24585 -5.7085886 0.784564 -10.973451 1260256489411
146.7637 48.420513 17.083557 -5.7085886 0.784564 -10.973451 1260256489414
146.7637 48.420513 17.083557 -6.4675817 4.816667 -10.762989 1260256489426
150.32552 54.649487 16.679379 -6.4675817 4.816667 -10.762989 1260256489429
150.32552 54.649487 16.679379 -6.4708905 7.9687786 -8.922574 1260256489441
148.40924 43.367012 15.845409 -6.4708905 7.9687786 -8.922574 1260256489446
148.40924 43.367012 15.845409 -1.3291147 7.2909174 -17.747564 1260256489449
148.18878 33.348663 14.753139 -1.3291147 7.2909174 -17.747564 1260256489453
148.18878 33.348663 14.753139 6.9364953 -5.4194765 -6.7939 1260256489461
148.47934 24.08123 13.515482 6.9364953 -5.4194765 -6.7939 1260256489464
148.47934 24.08123 13.515482 6.3455815 12.852997 -5.149084 1260256489470
154.15538 14.227168 11.939708 6.3455815 12.852997 -5.149084 1260256489483
154.15538 14.227168 11.939708 -8.307786 -8.806911 -8.313609 1260256489488
151.2976 20.36581 10.9927225 -8.307786 -8.806911 -8.313609 1260256489493
151.2976 20.36581 10.9927225 -11.080273 -17.140415 -7.656159 1260256489499
149.38272 25.24752 10.743087 -11.080273 -17.140415 -7.656159 1260256489504
149.38272 25.24752 10.743087 -7.732257 -16.908352 -10.522549 1260256489508
147.16359 29.585144 10.705933 -7.732257 -16.908352 -10.522549 1260256489511
147.16359 29.585144 10.705933 -5.305689 -12.934815 -7.20752 1260256489522
145.0554 33.755886 10.870636 -5.305689 -12.934815 -7.20752 1260256489528
145.0554 33.755886 10.870636 -3.3765306 -30.372887 -7.0231657 1260256489531
143.45264 37.91809 11.227104 -3.3765306 -30.372887 -7.0231657 1260256489534
143.45264 37.91809 11.227104 -3.1914196 -20.094124 -4.356313 1260256489542
142.08 41.922188 11.665749 -3.1914196 -20.094124 -4.356313 1260256489545
142.08 41.922188 11.665749 -3.0767136 -3.1179523 -7.015217 1260256489551
141.726 46.12608 12.582461 -3.0767136 -3.1179523 -7.015217 1260256489554
141.726 46.12608 12.582461 3.8760374 -14.254995 -7.4915752 1260256489561
135.7897 51.269775 14.903338 3.8760374 -14.254995 -7.4915752 1260256489568
135.7897 51.269775 14.903338 10.834428 -10.516428 -3.946497 1260256489581
145.10022 56.85629 17.40817 10.834428 -10.516428 -3.946497 1260256489586
145.10022 56.85629 17.40817 -5.6047077 -4.274918 -0.14309144 1260256489589
146.99521 60.963474 17.937761 -5.6047077 -4.274918 -0.14309144 1260256489594
146.99521 60.963474 17.937761 -3.3894067 3.321837 -7.0986733 1260256489603
147.59544 64.6153 18.040873 -3.3894067 3.321837 -7.0986733 1260256489609
147.59544 64.6153 18.040873 -2.0632029 -20.380184 -10.5128565 1260256489612
147.76567 68.13454 17.888828 -2.0632029 -20.380184 -10.5128565 1260256489622
147.76567 68.13454 17.888828 -3.0879784 -5.4242554 -9.282988 1260256489626
147.52739 71.477806 17.594387 -3.0879784 -5.4242554 -9.282988 1260256489629
147.52739 71.477806 17.594387 -5.0391088 -21.10359 -15.567567 1260256489642
147.80103 74.95392 17.414667 -5.0391088 -21.10359 -15.567567 1260256489646
147.80103 74.95392 17.414667 -6.1274805 -5.390005 -10.078767 1260256489650
148.06097 78.506226 17.093933 -6.1274805 -5.390005 -10.078767 1260256489661
148.06097 78.506226 17.093933 -7.658138 -5.9407105 -6.1815352 1260256489669
146.60793 81.13091 16.389236 -7.658138 -5.9407105 -6.1815352 1260256489673
146.60793 81.13091 16.389236 -5.9130816 1.5443287 -9.579568 1260256489684
142.82753 79.07436 14.819775 -5.9130816 1.5443287 -9.579568 1260256489692
142.82753 79.07436 14.819775 6.7596564 2.8814719 7.7168064 1260256489705
139.03615 75.62064 13.328786 6.7596564 2.8814719 7.7168064 1260256489711
139.03615 75.62064 13.328786 4.5484505 -3.7145073 15.139176 1260256489714
135.33434 72.13961 11.962347 4.5484505 -3.7145073 15.139176 1260256489728
135.33434 72.13961 11.962347 -8.902981 -2.5879445 5.595933 1260256489731
131.71762 68.78263 10.76423 -8.902981 -2.5879445 5.595933 1260256489749
131.71762 68.78263 10.76423 -13.202792 1.5907315 14.833328 1260256489752
128.13174 65.6935 9.626019 -13.202792 1.5907315 14.833328 1260256489948
128.13174 65.6935 9.626019 -5.7317095 -4.927922 26.962103 1260256489964
124.72516 63.258823 8.544718 -5.7317095 -4.927922 26.962103 1260256489968
124.72516 63.258823 8.544718 4.3800755 -8.403218 8.196032 1260256489972
123.3889 63.495884 7.917482 4.3800755 -8.403218 8.196032 1260256489982
123.3889 63.495884 7.917482 9.099232 -16.186861 3.501019 1260256489985
124.61945 65.621086 8.071608 9.099232 -16.186861 3.501019 1260256489991
124.61945 65.621086 8.071608 12.796868 -19.086372 -1.3374265 1260256489994
126.73848 68.340034 8.518027 12.796868 -19.086372 -1.3374265 1260256490005
126.73848 68.340034 8.518027 13.656024 -11.189716 -13.031979 1260256490008
129.45155 71.27303 9.142126 13.656024 -11.189716 -13.031979 1260256490012
129.45155 71.27303 9.142126 10.020138 -24.434776 -4.41553 1260256490025
131.92897 73.65938 10.03502 10.020138 -24.434776 -4.41553 1260256490028
131.92897 73.65938 10.03502 -0.04532194 -1.1389894 -0.5907966 1260256490032
128.73253 71.97641 10.083269 -0.04532194 -1.1389894 -0.5907966 1260256490043
128.73253 71.97641 10.083269 -4.5122395 -7.600073 13.087473 1260256490048
124.7959 68.77759 9.179106 -4.5122395 -7.600073 13.087473 1260256490052
124.7959 68.77759 9.179106 0.43573272 1.4603424 4.3646812 1260256490062
120.9561 65.48871 7.9701505 0.43573272 1.4603424 4.3646812 1260256490066
120.9561 65.48871 7.9701505 4.5990767 -5.438266 19.950941 1260256490071
117.2083 62.414272 6.421643 4.5990767 -5.438266 19.950941 1260256490082
117.2083 62.414272 6.421643 -7.214647 2.448914 28.59445 1260256490087
113.54788 59.943558 4.3505607 -7.214647 2.448914 28.59445 1260256490098
113.54788 59.943558 4.3505607 -21.151367 -2.0797212 19.730017 1260256490104
110.22049 58.49638 1.7330326 -21.151367 -2.0797212 19.730017 1260256490109
110.22049 58.49638 1.7330326 -4.207823 -18.578224 8.591376 1260256490112
108.05946 61.921562 -0.20361906 -4.207823 -18.578224 8.591376 1260256490122
108.05946 61.921562 -0.20361906 -14.471565 -8.673634 4.9756837 1260256490128
107.55649 64.92548 -1.193438 -14.471565 -8.673634 4.9756837 1260256490131
107.55649 64.92548 -1.193438 -17.895607 -30.106285 -12.004732 1260256490142
108.72866 67.97921 -1.5337662 -17.895607 -30.106285 -12.004732 1260256490146
108.72866 67.97921 -1.5337662 -13.933867 -15.778992 -17.59443 1260256490152
110.69223 71.080246 -1.5570779 -13.933867 -15.778992 -17.59443 1260256490158
110.69223 71.080246 -1.5570779 -11.106631 -34.054543 -20.768208 1260256490163
112.70762 74.226234 -1.529224 -11.106631 -34.054543 -20.768208 1260256490169
112.70762 74.226234 -1.529224 -10.44531 -14.001063 -21.770601 1260256490185
114.52224 77.314926 -1.5027628 -10.44531 -14.001063 -21.770601 1260256490189
114.52224 77.314926 -1.5027628 -10.267661 -29.56833 -21.378279 1260256490192
115.246124 80.34918 -1.6776247 -10.267661 -29.56833 -21.378279 1260256490200
115.246124 80.34918 -1.6776247 -12.1413145 -8.115914 -19.710405 1260256490204
114.98382 83.38172 -2.0937436 -12.1413145 -8.115914 -19.710405 1260256490210
114.98382 83.38172 -2.0937436 -12.42652 -23.474472 -15.916581 1260256490213
113.63463 86.46264 -2.8390565 -12.42652 -23.474472 -15.916581 1260256490223
113.63463 86.46264 -2.8390565 -7.89126 -0.23416805 -14.045915 1260256490227
110.40289 89.789505 -4.147104 -7.89126 -0.23416805 -14.045915 1260256490238
110.40289 89.789505 -4.147104 1.9283895 -15.50548 -8.500624 1260256490244
105.43275 93.50003 -6.0397487 1.9283895 -15.50548 -8.500624 1260256490247
105.43275 93.50003 -6.0397487 -3.8759334 4.1441383 0.50403976 1260256490251
118.11111 97.37503 -8.287761 -3.8759334 4.1441383 0.50403976 1260256490269
118.11111 97.37503 -8.287761 -14.572046 -1.2846535 -0.25358725 1260256490272
113.20555 100.90628 -11.523373 -14.572046 -1.2846535 -0.25358725 1260256490280
113.20555 100.90628 -11.523373 1.3157139 -5.0905867 3.0938034 1260256490283
110.14527 97.86097 -13.097204 1.3157139 -5.0905867 3.0938034 1260256490291
110.14527 97.86097 -13.097204 -13.555714 -3.774454 -3.088623 1260256490294
107.28801 95.46792 -13.492344 -13.555714 -3.774454 -3.088623 1260256490308
107.28801 95.46792 -13.492344 -15.010143 -24.363087 12.6745405 1260256490311
104.32361 93.34452 -13.567727 -15.010143 -24.363087 12.6745405 1260256490326
104.32361 93.34452 -13.567727 -15.213589 -13.687529 18.103497 1260256490330
101.407425 91.3773 -13.38934 -15.213589 -13.687529 18.103497 1260256490342
101.407425 91.3773 -13.38934 -12.619572 -21.85132 10.754223 1260256490350
98.68706 89.50843 -13.069874 -12.619572 -21.85132 10.754223 1260256490359
98.68706 89.50843 -13.069874 -7.9564924 -30.880737 15.431701 1260256490362
96.552704 87.78301 -12.86638 -7.9564924 -30.880737 15.431701 1260256490381
96.552704 87.78301 -12.86638 -6.0969653 -15.024148 20.567719 1260256490387
94.97507 86.19386 -12.623061 -6.0969653 -15.024148 20.567719 1260256490406
94.97507 86.19386 -12.623061 -2.639183 -2.8169775 6.229 1260256490410
94.22631 85.03417 -12.291908 -2.639183 -2.8169775 6.229 1260256490429
94.22631 85.03417 -12.291908 1.6209421 -7.194092 -4.6335926 1260256490432
96.365 86.23246 -11.627313 1.6209421 -7.194092 -4.6335926 1260256490440
96.365 86.23246 -11.627313 7.9767227 3.1622033 -3.1634147 1260256490443
100.39675 89.72084 -10.695947 7.9767227 3.1622033 -3.1634147 1260256490461
100.39675 89.72084 -10.695947 10.793512 -14.358225 -9.913443 1260256490468
105.32691 93.3348 -9.711149 10.793512 -14.358225 -9.913443 1260256490488
105.32691 93.3348 -9.711149 5.7374725 2.1434364 -22.950125 1260256490492
110.66057 96.81806 -8.675591 5.7374725 2.1434364 -22.950125 1260256490502
110.66057 96.81806 -8.675591 -2.2067504 -11.89145 -15.565484 1260256490506
115.12754 100.077156 -7.791812 -2.2067504 -11.89145 -15.565484 1260256490709
115.12754 100.077156 -7.791812 -5.586 -3.8214855 -23.642494 1260256490713
118.22116 102.6233 -7.002221 -5.586 -3.8214855 -23.642494 1260256490724
118.22116 102.6233 -7.002221 -3.5673494 -18.889458 -22.45625 1260256490730
119.060104 103.642136 -6.55211 -3.5673494 -18.889458 -22.45625 1260256490733
119.060104 103.642136 -6.55211 -2.1407204 -14.899102 -19.045734 1260256490741
117.0571 102.81003 -6.3745046 -2.1407204 -14.899102 -19.045734 1260256490745
117.0571 102.81003 -6.3745046 -1.9560726 -26.674938 -6.3076563 1260256490748
113.554245 100.919525 -6.2557793 -1.9560726 -26.674938 -6.3076563 1260256490753
113.554245 100.919525 -6.2557793 -1.6246827 -25.900337 19.431143 1260256490762
110.07653 98.72355 -6.2429905 -1.6246827 -25.900337 19.431143 1260256490766
110.07653 98.72355 -6.2429905 -2.2213037 -12.279245 11.638176 1260256490769
106.772705 96.43737 -6.230841 -2.2213037 -12.279245 11.638176 1260256490774
106.772705 96.43737 -6.230841 -1.6528969 -24.09574 6.4453707 1260256490786
103.98407 94.5655 -6.569299 -1.6528969 -24.09574 6.4453707 1260256490789
103.98407 94.5655 -6.569299 -5.2174797 -12.119055 13.8616295 1260256490792
103.134865 96.73722 -7.090834 -5.2174797 -12.119055 13.8616295 1260256490801
103.134865 96.73722 -7.090834 -8.648447 -9.529749 -9.020277 1260256490804
104.92812 99.75036 -6.8362923 -8.648447 -9.529749 -9.020277 1260256490810
104.92812 99.75036 -6.8362923 -5.488776 2.6059518 -4.0863576 1260256490813
107.98172 101.91284 -6.2444777 -5.488776 2.6059518 -4.0863576 1260256490823
107.98172 101.91284 -6.2444777 1.6867927 -19.064537 -10.705301 1260256490830
110.93263 102.9672 -5.482254 1.6867927 -19.064537 -10.705301 1260256490841
110.93263 102.9672 -5.482254 9.896718 -21.267672 -14.55069 1260256490847
111.286 102.91884 -4.808141 9.896718 -21.267672 -14.55069 1260256490850
111.286 102.91884 -4.808141 12.451938 -25.339317 -3.6115425 1260256490861
109.4217 101.772896 -4.267734 12.451938 -25.339317 -3.6115425 1260256490864
109.4217 101.772896 -4.267734 10.794749 -26.45007 0.92676187 1260256490870
107.450615 100.23425 -3.8543472 10.794749 -26.45007 0.92676187 1260256490873
107.450615 100.23425 -3.8543472 7.1983986 -9.066125 -3.1540577 1260256490884
107.57809 99.47254 -3.66163 7.1983986 -9.066125 -3.1540577 1260256490890
107.57809 99.47254 -3.66163 4.9106035 1.1865306 -3.4746423 1260256490894
110.44918 101.14892 -3.1785483 4.9106035 1.1865306 -3.4746423 1260256490904
110.44918 101.14892 -3.1785483 1.1793041 -11.670761 -13.593777 1260256490908
114.42672 103.54147 -2.469621 1.1793041 -11.670761 -13.593777 1260256490913
114.42672 103.54147 -2.469621 -3.540171 -8.499733 -4.0826178 1260256490919
118.25539 105.7644 -1.7961398 -3.540171 -8.499733 -4.0826178 1260256490928
118.25539 105.7644 -1.7961398 -6.160764 -1.0210772 -16.249458 1260256490931
121.09261 107.47617 -1.3063328 -6.160764 -1.0210772 -16.249458 1260256490939
121.09261 107.47617 -1.3063328 -6.9258976 -17.53339 -11.558996 1260256490942
121.93798 108.002365 -1.1910162 -6.9258976 -17.53339 -11.558996 1260256490948
121.93798 108.002365 -1.1910162 -8.897407 -21.703941 -5.249603 1260256490951
119.291084 106.402245 -1.6314654 -8.897407 -21.703941 -5.249603 1260256490963
119.291084 106.402245 -1.6314654 -11.947605 -8.471024 1.5257989 1260256490968
115.47653 103.63213 -2.1998923 -11.947605 -8.471024 1.5257989 1260256490973
115.47653 103.63213 -2.1998923 -11.587759 -13.117454 15.200647 1260256490984
111.552704 100.55053 -2.5898976 -11.587759 -13.117454 15.200647 1260256490990
111.552704 100.55053 -2.5898976 -8.609677 -13.212773 5.602787 1260256491006
107.92507 97.873 -2.8104026 -8.609677 -13.212773 5.602787 1260256491011
107.92507 97.873 -2.8104026 -5.05264 -7.047586 18.910172 1260256491021
106.47882 96.82935 -2.7198825 -5.05264 -7.047586 18.910172 1260256491024
106.47882 96.82935 -2.7198825 -4.2428956 -16.783077 10.258786 1260256491029
109.65488 97.83788 -2.2338884 -4.2428956 -16.783077 10.258786 1260256491042
109.65488 97.83788 -2.2338884 -5.8573203 -8.907741 -1.0066161 1260256491049
113.72213 99.69599 -1.572194 -5.8573203 -8.907741 -1.0066161 1260256491067
113.72213 99.69599 -1.572194 -5.890951 -7.527167 -14.36504 1260256491070
117.48602 101.561195 -0.9935843 -5.890951 -7.527167 -14.36504 1260256491083
117.48602 101.561195 -0.9935843 -3.962727 -24.624527 -14.1780205 1260256491092
120.611725 103.23314 -0.5439051 -3.962727 -24.624527 -14.1780205 1260256491104
120.611725 103.23314 -0.5439051 -1.8160555 -19.90055 -22.92566 1260256491110
122.33114 104.57148 -0.36670983 -1.8160555 -19.90055 -22.92566 1260256491123
122.33114 104.57148 -0.36670983 -2.5875669 -5.3237777 -16.699709 1260256491127
121.41458 105.39291 -0.94837433 -2.5875669 -5.3237777 -16.699709 1260256491138
121.41458 105.39291 -0.94837433 -10.359376 -0.12965965 -4.487899 1260256491148
117.99385 102.87326 -2.6009557 -10.359376 -0.12965965 -4.487899 1260256491160
117.99385 102.87326 -2.6009557 -9.5386 -13.563055 6.947826 1260256491163
113.79416 98.8796 -4.220908 -9.5386 -13.563055 6.947826 1260256491176
113.79416 98.8796 -4.220908 3.259986 6.1315775 7.1687727 1260256491184
109.70445 94.53562 -5.609863 3.259986 6.1315775 7.1687727 1260256491203
109.70445 94.53562 -5.609863 0.45870638 -5.0566587 16.226465 1260256491207
105.81923 91.25884 -6.9293694 0.45870638 -5.0566587 16.226465 1260256491218
105.81923 91.25884 -6.9293694 -11.553458 -3.6310303 -0.32373714 1260256491221
103.878265 90.1959 -7.532901 -11.553458 -3.6310303 -0.32373714 1260256491240
103.878265 90.1959 -7.532901 -13.358033 -19.534084 -0.42649746 1260256491243
104.88435 90.88611 -7.3562555 -13.358033 -19.534084 -0.42649746 1260256491258
104.88435 90.88611 -7.3562555 -10.068348 -20.826519 -9.033424 1260256491265
107.59013 91.841805 -6.8884425 -10.068348 -20.826519 -9.033424 1260256491462
107.59013 91.841805 -6.8884425 -4.8676834 -15.992674 -14.011145 1260256491467
111.210625 92.99972 -6.1940203 -4.8676834 -15.992674 -14.011145 1260256491472
111.210625 92.99972 -6.1940203 3.7874143 -12.621098 -6.642718 1260256491484
114.700096 94.04973 -5.434319 3.7874143 -12.621098 -6.642718 1260256491487
114.700096 94.04973 -5.434319 10.719437 -16.704397 -1.4140172 1260256491493
117.71509 95.097244 -4.612603 10.719437 -16.704397 -1.4140172 1260256491504
117.71509 95.097244 -4.612603 12.829449 -22.150782 -6.9237003 1260256491508
119.779335 95.94238 -3.831973 12.829449 -22.150782 -6.9237003 1260256491511
119.779335 95.94238 -3.831973 8.665361 -21.23418 -2.9214818 1260256491519
120.49037 96.39526 -3.0903745 8.665361 -21.23418 -2.9214818 1260256491523
120.49037 96.39526 -3.0903745 1.2553061 -17.163647 3.7837267 1260256491528
119.665855 95.6255 -2.5358558 1.2553061 -17.163647 3.7837267 1260256491531
119.665855 95.6255 -2.5358558 -4.708104 -15.610863 -1.3415196 1260256491542
116.38256 93.24423 -3.109063 -4.708104 -15.610863 -1.3415196 1260256491545
116.38256 93.24423 -3.109063 -1.2176782 5.5002165 -2.9746714 1260256491551
112.56343 88.48202 -4.3536096 -1.2176782 5.5002165 -2.9746714 1260256491554
112.56343 88.48202 -4.3536096 7.337249 -4.7112913 0.40082693 1260256491566
108.98526 82.65791 -5.585929 7.337249 -4.7112913 0.40082693 1260256491569
108.98526 82.65791 -5.585929 3.5141943 -5.409292 8.537826 1260256491578
105.236 76.82502 -7.1566324 3.5141943 -5.409292 8.537826 1260256491586
105.236 76.82502 -7.1566324 -11.897915 -5.680566 5.0709543 1260256491590
100.6242 71.883766 -9.648801 -11.897915 -5.680566 5.0709543 1260256491601
100.6242 71.883766 -9.648801 -4.919094 -0.47817326 12.235544 1260256491604
96.14299 68.48958 -12.966361 -4.919094 -0.47817326 12.235544 1260256491610
96.14299 68.48958 -12.966361 -13.895271 5.0021105 9.714855 1260256491613
92.48584 66.3151 -15.518043 -13.895271 5.0021105 9.714855 1260256491620
92.48584 66.3151 -15.518043 -13.618034 -2.2463932 10.524921 1260256491623
89.61155 65.04935 -17.142141 -13.618034 -2.2463932 10.524921 1260256491627
89.61155 65.04935 -17.142141 -1.8413687 -18.050045 1.8802352 1260256491632
86.93097 64.49688 -18.085033 -1.8413687 -18.050045 1.8802352 1260256491639
86.93097 64.49688 -18.085033 -3.4045334 -23.730999 0.9689576 1260256491644
83.83442 64.37203 -18.530783 -3.4045334 -23.730999 0.9689576 1260256491650
83.83442 64.37203 -18.530783 -5.128112 -25.526909 1.9193299 1260256491661
97.442696 64.45343 -18.754244 -5.128112 -25.526909 1.9193299 1260256491667
97.442696 64.45343 -18.754244 -6.272519 -26.499533 0.53996646 1260256491670
104.12056 64.63076 -18.916533 -6.272519 -26.499533 0.53996646 1260256491673
104.12056 64.63076 -18.916533 -7.752081 -27.347927 -1.339478 1260256491684
109.014534 64.89922 -18.970705 -7.752081 -27.347927 -1.339478 1260256491692
109.014534 64.89922 -18.970705 -7.953672 -27.303473 -3.8310559 1260256491702
113.01381 65.15426 -18.97217 -7.953672 -27.303473 -3.8310559 1260256491713
113.01381 65.15426 -18.97217 -7.845338 -26.010353 -5.4972434 1260256491724
116.36312 65.396545 -18.973562 -7.845338 -26.010353 -5.4972434 1260256491728
116.36312 65.396545 -18.973562 -7.423028 -23.623707 -5.426798 1260256491731
119.244965 65.52672 -18.924885 -7.423028 -23.623707 -5.426798 1260256491747
119.244965 65.52672 -18.924885 -6.2946267 -20.97317 -5.1493454 1260256491751
121.782715 65.60038 -18.82864 -6.2946267 -20.97317 -5.1493454 1260256491754
121.782715 65.60038 -18.82864 -4.4531975 -18.077496 -5.078661 1260256491766
124.14358 65.57036 -18.687208 -4.4531975 -18.077496 -5.078661 1260256491772
124.14358 65.57036 -18.687208 -2.188808 -16.606417 -4.3604593 1260256491786
126.4364 65.44184 -18.452848 -2.188808 -16.606417 -4.3604593 1260256491790
126.4364 65.44184 -18.452848 0.83094406 -15.59166 -3.364884 1260256491804
