185.90082 35.268692 26.51894 6.1350417 4.222628 -3.7482133 1260256537768
185.90082 35.268692 26.51894 15.776278 2.2697172 1.0888977 1260256537771
186.45578 35.555256 27.442993 15.776278 2.2697172 1.0888977 1260256537780
186.45578 35.555256 27.442993 13.546809 2.3640404 5.7055426 1260256537784
186.183 36.07749 28.120844 13.546809 2.3640404 5.7055426 1260256537790
186.183 36.07749 28.120844 8.076931 2.51408 2.6848814 1260256537792
184.87386 36.773617 28.514801 8.076931 2.51408 2.6848814 1260256537800
184.87386 36.773617 28.514801 4.299177 -0.71055555 -2.9323404 1260256537803
183.03017 37.634937 28.739061 4.299177 -0.71055555 -2.9323404 1260256537807
183.03017 37.634937 28.739061 1.5326953 -8.197506 -6.127508 1260256537812
181.07866 38.25319 29.102108 1.5326953 -8.197506 -6.127508 1260256537819
181.07866 38.25319 29.102108 -1.5645437 -12.552205 -3.1318007 1260256537824
179.12473 38.59053 29.697002 -1.5645437 -12.552205 -3.1318007 1260256537851
179.12473 38.59053 29.697002 -4.612292 -13.099425 1.1206772 1260256537861
174.41849 38.261005 30.612152 -4.612292 -13.099425 1.1206772 1260256537864
174.41849 38.261005 30.612152 -2.969706 -8.190574 8.00281 1260256537870
168.09756 36.897957 30.931545 -2.969706 -8.190574 8.00281 1260256537872
168.09756 36.897957 30.931545 -1.7849262 6.1935096 9.644489 1260256537880
162.39268 35.20306 29.834969 -1.7849262 6.1935096 9.644489 1260256537886
162.39268 35.20306 29.834969 -8.900551 5.5418515 5.881812 1260256537889
157.17305 34.792908 27.74322 -8.900551 5.5418515 5.881812 1260256537902
157.17305 34.792908 27.74322 2.988697 -2.0593271 16.430035 1260256537905
152.6144 35.703262 25.556059 2.988697 -2.0593271 16.430035 1260256537909
152.6144 35.703262 25.556059 0.007715225 -2.5676088 3.9292696 1260256537913
148.98367 37.468098 23.728256 0.007715225 -2.5676088 3.9292696 1260256537922
148.98367 37.468098 23.728256 -13.464857 -16.633945 7.0001483 1260256537930
146.4345 39.64469 22.191843 -13.464857 -16.633945 7.0001483 1260256537933
146.4345 39.64469 22.191843 -4.7049394 -32.80554 5.803706 1260256537941
145.31277 42.312458 21.08225 -4.7049394 -32.80554 5.803706 1260256537951
145.31277 42.312458 21.08225 7.7986054 -13.171073 -0.68472993 1260256537954
145.44713 45.296837 20.478138 7.7986054 -13.171073 -0.68472993 1260256537965
145.44713 45.296837 20.478138 12.725637 -28.194344 -2.8947656 1260256537969
146.47478 48.631996 20.25423 12.725637 -28.194344 -2.8947656 1260256538148
146.47478 48.631996 20.25423 13.655849 -3.417368 -3.6291938 1260256538152
148.60104 52.500397 20.54152 13.655849 -3.417368 -3.6291938 1260256538162
148.60104 52.500397 20.54152 14.100281 -15.671398 -3.0154917 1260256538169
152.37099 57.225376 21.464443 14.100281 -15.671398 -3.0154917 1260256538172
152.37099 57.225376 21.464443 8.917104 -9.610244 -10.023636 1260256538180
160.60243 45.714108 22.541222 8.917104 -9.610244 -10.023636 1260256538183
160.60243 45.714108 22.541222 -2.289913 -9.155665 -1.6434907 1260256538186
154.67232 36.828403 22.46416 -2.289913 -9.155665 -1.6434907 1260256538190
154.67232 36.828403 22.46416 -2.571357 11.403938 -8.658053 1260256538198
150.23871 28.586983 21.890953 -2.571357 11.403938 -8.658053 1260256538204
150.23871 28.586983 21.890953 2.3695493 8.993618 4.7698145 1260256538208
147.17677 20.157633 21.046406 2.3695493 8.993618 4.7698145 1260256538211
147.17677 20.157633 21.046406 8.840336 -3.1575146 -8.914414 1260256538219
149.21794 10.74975 19.644085 8.840336 -3.1575146 -8.914414 1260256538223
149.21794 10.74975 19.644085 5.9030023 11.493955 -10.796535 1260256538229
147.00705 17.312262 18.111881 5.9030023 11.493955 -10.796535 1260256538231
147.00705 17.312262 18.111881 -8.620607 2.8889852 -8.215314 1260256538240
146.1567 22.146648 17.206287 -8.620607 2.8889852 -8.215314 1260256538244
146.1567 22.146648 17.206287 -9.815137 -14.404423 -6.231713 1260256538250
144.79886 26.039316 16.345972 -9.815137 -14.404423 -6.231713 1260256538264
144.79886 26.039316 16.345972 -5.7142687 -31.075386 -9.03422 1260256538268
143.95891 29.63735 15.778673 -5.7142687 -31.075386 -9.03422 1260256538278
143.95891 29.63735 15.778673 1.4732556 -14.695866 -0.7892182 1260256538284
143.86096 33.25548 15.489739 1.4732556 -14.695866 -0.7892182 1260256538288
143.86096 33.25548 15.489739 5.4995065 -29.197697 0.06162429 1260256538291
143.66791 36.742706 15.165253 5.4995065 -29.197697 0.06162429 1260256538299
143.66791 36.742706 15.165253 7.2814145 -5.898552 -7.044073 1260256538302
145.53452 40.90557 15.50699 7.2814145 -5.898552 -7.044073 1260256538308
145.53452 40.90557 15.50699 5.3341484 -7.3190374 6.599703 1260256538311
150.25778 46.11029 16.68164 5.3341484 -7.3190374 6.599703 1260256538321
150.25778 46.11029 16.68164 -3.7865472 -12.281179 -0.66832185 1260256538324
157.3949 52.254776 18.047558 -3.7865472 -12.281179 -0.66832185 1260256538328
157.3949 52.254776 18.047558 -2.276596 -10.234579 -7.495251 1260256538332
165.82515 40.742035 18.94518 -2.276596 -10.234579 -7.495251 1260256538343
165.82515 40.742035 18.94518 4.763015 -0.7747088 -14.937994 1260256538347
169.0839 46.854935 18.847921 4.763015 -0.7747088 -14.937994 1260256538352
169.0839 46.854935 18.847921 0.93740577 -3.5575223 -12.430524 1260256538358
163.8297 47.312187 16.605526 0.93740577 -3.5575223 -12.430524 1260256538366
163.8297 47.312187 16.605526 -10.522007 -3.4911265 8.127237 1260256538369
158.2382 47.24658 14.42525 -10.522007 -3.4911265 8.127237 1260256538381
158.2382 47.24658 14.42525 2.231842 -10.24176 11.248873 1260256538384
152.6263 46.98425 12.403988 2.231842 -10.24176 11.248873 1260256538396
152.6263 46.98425 12.403988 -12.235478 -17.61311 5.0513105 1260256538404
147.14499 46.635036 10.4837885 -12.235478 -17.61311 5.0513105 1260256538428
147.14499 46.635036 10.4837885 -20.135254 -21.614029 20.513575 1260256538431
141.83774 46.303284 8.609599 -20.135254 -21.614029 20.513575 1260256538459
141.83774 46.303284 8.609599 -3.1232085 -21.620468 18.447222 1260256538462
136.99585 46.33812 6.7291193 -3.1232085 -21.620468 18.447222 1260256538529
136.99585 46.33812 6.7291193 -2.9920373 -17.991947 1.0917101 1260256538532
135.69606 49.871212 5.942663 -2.9920373 -17.991947 1.0917101 1260256538578
135.69606 49.871212 5.942663 -4.8665776 -5.388354 4.0747223 1260256538598
138.36125 54.577652 6.24553 -4.8665776 -5.388354 4.0747223 1260256538601
138.36125 54.577652 6.24553 3.29494 -1.2169409 -17.217997 1260256538649
142.4932 59.34877 6.933254 3.29494 -1.2169409 -17.217997 1260256538678
142.4932 59.34877 6.933254 14.008226 -15.104401 -25.901659 1260256538681
147.06853 63.98133 7.736591 14.008226 -15.104401 -25.901659 1260256538732
147.06853 63.98133 7.736591 19.525581 -20.656494 -19.566128 1260256538767
150.7651 68.13226 8.399761 19.525581 -20.656494 -19.566128 1260256538805
150.7651 68.13226 8.399761 14.914051 -1.598177 -16.551165 1260256538818
151.77686 70.97565 8.629773 14.914051 -1.598177 -16.551165 1260256538821
151.77686 70.97565 8.629773 8.671199 -15.588573 -2.0568166 1260256538839
146.13802 68.926865 6.8982844 8.671199 -15.588573 -2.0568166 1260256538842
146.13802 68.926865 6.8982844 1.8004284 -2.511652 14.42754 1260256538853
140.48111 66.43052 5.2533703 1.8004284 -2.511652 14.42754 1260256538867
140.48111 66.43052 5.2533703 -16.341259 -1.4909153 10.603489 1260256538878
135.05705 64.258995 3.7407017 -16.341259 -1.4909153 10.603489 1260256538888
135.05705 64.258995 3.7407017 -15.183115 -18.52504 17.705551 1260256538899
129.9542 62.596046 2.2536664 -15.183115 -18.52504 17.705551 1260256538902
129.9542 62.596046 2.2536664 -2.708108 -9.587396 11.257719 1260256538920
125.30648 61.516243 0.59098303 -2.708108 -9.587396 11.257719 1260256538923
125.30648 61.516243 0.59098303 -4.8502626 -3.82444 13.236508 1260256538927
121.441154 61.040432 -1.1385661 -4.8502626 -3.82444 13.236508 1260256538932
121.441154 61.040432 -1.1385661 -18.446594 -3.6901417 3.4192734 1260256538939
119.869095 64.038414 -2.1816378 -18.446594 -3.6901417 3.4192734 1260256538943
119.869095 64.038414 -2.1816378 -14.361285 -23.553791 -7.7228923 1260256538947
121.07564 67.336494 -2.2225559 -14.361285 -23.553791 -7.7228923 1260256539113
121.07564 67.336494 -2.2225559 -8.989764 -7.095645 -12.612172 1260256539120
123.87186 70.91967 -1.7614281 -8.989764 -7.095645 -12.612172 1260256539123
123.87186 70.91967 -1.7614281 -6.5170307 -27.04906 -19.714233 1260256539130
127.32826 74.72369 -1.1733567 -6.5170307 -27.04906 -19.714233 1260256539133
127.32826 74.72369 -1.1733567 -3.9966106 -10.12862 -21.744856 1260256539141
130.36185 78.4375 -0.71468884 -3.9966106 -10.12862 -21.744856 1260256539144
130.36185 78.4375 -0.71468884 -2.8133554 -14.0356245 -29.046797 1260256539148
130.99376 82.06563 -0.8289544 -2.8133554 -14.0356245 -29.046797 1260256539165
130.99376 82.06563 -0.8289544 -8.096511 -12.118001 -9.293266 1260256539169
127.09407 85.31235 -2.7375066 -8.096511 -12.118001 -9.293266 1260256539174
127.09407 85.31235 -2.7375066 -10.241093 -0.991487 2.341652 1260256539181
122.18937 82.59673 -4.7506313 -10.241093 -0.991487 2.341652 1260256539187
122.18937 82.59673 -4.7506313 -0.24536228 -15.396444 7.787675 1260256539190
117.3299 80.0169 -6.0130997 -0.24536228 -15.396444 7.787675 1260256539193
117.3299 80.0169 -6.0130997 -9.7525 -2.787341 16.332315 1260256539201
112.71341 77.86605 -7.012445 -9.7525 -2.787341 16.332315 1260256539204
112.71341 77.86605 -7.012445 -19.891476 -23.9572 14.297607 1260256539210
108.52774 76.32275 -7.8618226 -19.891476 -23.9572 14.297607 1260256539213
108.52774 76.32275 -7.8618226 -21.935429 -29.697947 16.502449 1260256539221
105.25135 75.45661 -8.6187315 -21.935429 -29.697947 16.502449 1260256539225
105.25135 75.45661 -8.6187315 -16.891516 -21.737896 1.1671314 1260256539228
104.68878 77.28378 -9.1377945 -16.891516 -21.737896 1.1671314 1260256539234
104.68878 77.28378 -9.1377945 -8.835046 -26.834293 -0.78120565 1260256539240
107.054344 80.01959 -8.880905 -8.835046 -26.834293 -0.78120565 1260256539246
107.054344 80.01959 -8.880905 -6.3241196 -4.6372747 -11.972785 1260256539249
111.45163 83.518616 -8.08686 -6.3241196 -4.6372747 -11.972785 1260256539254
111.45163 83.518616 -8.08686 -6.5934663 -21.058813 -19.167704 1260256539261
116.97905 87.34268 -7.1825166 -6.5934663 -21.058813 -19.167704 1260256539267
116.97905 87.34268 -7.1825166 -2.9054065 -3.5524483 -19.411442 1260256539270
121.8801 91.02555 -6.423391 -2.9054065 -3.5524483 -19.411442 1260256539274
121.8801 91.02555 -6.423391 1.8993663 -8.130745 -30.756603 1260256539281
122.88609 93.874275 -6.402221 1.8993663 -8.130745 -30.756603 1260256539284
122.88609 93.874275 -6.402221 -2.471352 -3.4386506 -2.2042618 1260256539288
118.641785 91.83056 -7.73211 -2.471352 -3.4386506 -2.2042618 1260256539293
118.641785 91.83056 -7.73211 -16.183357 -2.9311624 1.7773392 1260256539301
113.6597 89.08903 -8.645505 -16.183357 -2.9311624 1.7773392 1260256539304
113.6597 89.08903 -8.645505 -16.148907 -21.438648 10.692358 1260256539308
108.82671 86.48457 -9.41323 -16.148907 -21.438648 10.692358 1260256539313
108.82671 86.48457 -9.41323 -10.655317 -6.217016 17.09054 1260256539320
104.235374 84.31035 -10.092568 -10.655317 -6.217016 17.09054 1260256539325
104.235374 84.31035 -10.092568 -3.697114 -21.546219 22.110289 1260256539328
100.523605 82.994835 -10.93794 -3.697114 -21.546219 22.110289 1260256539331
100.523605 82.994835 -10.93794 2.0609903 -23.655994 4.391887 1260256539340
100.447426 85.19509 -11.391043 2.0609903 -23.655994 4.391887 1260256539351
100.447426 85.19509 -11.391043 4.0857925 -8.205065 -10.722172 1260256539354
103.275055 88.13534 -11.02149 4.0857925 -8.205065 -10.722172 1260256539361
103.275055 88.13534 -11.02149 8.312091 -13.160741 -15.56297 1260256539365
107.8113 91.22857 -10.270415 8.312091 -13.160741 -15.56297 1260256539368
107.8113 91.22857 -10.270415 9.227489 -12.328652 -16.60797 1260256539373
112.42074 93.91714 -9.456895 9.227489 -12.328652 -16.60797 1260256539381
112.42074 93.91714 -9.456895 3.4746122 -13.884718 -33.631195 1260256539384
116.149704 96.07128 -8.83405 3.4746122 -13.884718 -33.631195 1260256539388
116.149704 96.07128 -8.83405 -3.728479 -28.965843 -18.831362 1260256539393
118.34222 97.71772 -8.442348 -3.728479 -28.965843 -18.831362 1260256539399
118.34222 97.71772 -8.442348 -8.751413 -16.534723 -10.555809 1260256539402
118.12511 98.78184 -8.47023 -8.751413 -16.534723 -10.555809 1260256539408
118.12511 98.78184 -8.47023 -11.347919 -8.307035 -8.22984 1260256539411
115.66885 99.59274 -9.196718 -11.347919 -8.307035 -8.22984 1260256539419
115.66885 99.59274 -9.196718 -8.331198 -6.438446 -8.681298 1260256539422
111.83541 96.963104 -10.636882 -8.331198 -6.438446 -8.681298 1260256539428
111.83541 96.963104 -10.636882 0.96322536 -13.858711 7.0142374 1260256539431
107.59364 92.96495 -12.0550375 0.96322536 -13.858711 7.0142374 1260256539444
107.59364 92.96495 -12.0550375 -4.302858 5.2695017 12.724224 1260256539448
103.51396 88.1167 -13.252286 -4.302858 5.2695017 12.724224 1260256539453
103.51396 88.1167 -13.252286 -15.646041 -0.3680185 20.326437 1260256539459
99.588264 82.760864 -14.339672 -15.646041 -0.3680185 20.326437 1260256539464
99.588264 82.760864 -14.339672 -17.64937 -4.1323338 9.530485 1260256539468
95.00885 77.07282 -15.772689 -17.64937 -4.1323338 9.530485 1260256539471
95.00885 77.07282 -15.772689 -5.2637424 -5.3478775 5.494407 1260256539478
92.50841 80.66918 -17.034054 -5.2637424 -5.3478775 5.494407 1260256539481
92.50841 80.66918 -17.034054 5.6534867 5.273203 -4.4590735 1260256539487
95.63299 83.085724 -16.18235 5.6534867 5.273203 -4.4590735 1260256539492
95.63299 83.085724 -16.18235 4.4357114 -21.378004 -11.006144 1260256539500
99.95134 84.98144 -15.073233 4.4357114 -21.378004 -11.006144 1260256539502
99.95134 84.98144 -15.073233 -3.1959074 -18.366764 -4.1253724 1260256539506
104.55377 86.63236 -13.919571 -3.1959074 -18.366764 -4.1253724 1260256539683
104.55377 86.63236 -13.919571 -5.6326284 -15.089522 -12.071635 1260256539687
109.026085 88.200745 -12.773592 -5.6326284 -15.089522 -12.071635 1260256539700
109.026085 88.200745 -12.773592 2.246902 -25.324831 -2.212263 1260256539706
111.82478 89.49071 -11.834912 2.246902 -25.324831 -2.212263 1260256539709
111.82478 89.49071 -11.834912 8.929526 -29.48524 -8.186943 1260256539712
112.68355 90.46617 -11.193167 8.929526 -29.48524 -8.186943 1260256539720
112.68355 90.46617 -11.193167 9.895339 -21.17553 -6.827773 1260256539723
111.79937 90.99287 -10.933509 9.895339 -21.17553 -6.827773 1260256539728
111.79937 90.99287 -10.933509 8.4735775 -12.440294 -1.2756561 1260256539732
109.209404 89.64323 -11.586833 8.4735775 -12.440294 -1.2756561 1260256539738
109.209404 89.64323 -11.586833 5.0581512 -16.648592 0.6106685 1260256539743
105.39893 86.061066 -13.157492 5.0581512 -16.648592 0.6106685 1260256539747
105.39893 86.061066 -13.157492 -9.8063545 7.273933 1.6053743 1260256539752
101.82899 80.958015 -14.349617 -9.8063545 7.273933 1.6053743 1260256539759
101.82899 80.958015 -14.349617 -14.591957 8.856875 4.7437143 1260256539765
98.53754 75.51012 -15.432137 -14.591957 8.856875 4.7437143 1260256539769
98.53754 75.51012 -15.432137 -8.566567 3.5775156 -2.7511067 1260256539772
94.41066 70.18461 -16.96053 -8.566567 3.5775156 -2.7511067 1260256539780
94.41066 70.18461 -16.96053 2.1981268 -3.4869113 3.1711845 1260256539784
106.39013 65.62538 -19.412502 2.1981268 -3.4869113 3.1711845 1260256539792
106.39013 65.62538 -19.412502 -14.273977 0.23957944 -5.8294206 1260256539803
118.62062 70.99411 -22.591877 -14.273977 0.23957944 -5.8294206 1260256539806
118.62062 70.99411 -22.591877 -4.8393188 -10.563842 2.3847895 1260256539810
113.53959 74.694405 -24.162283 -4.8393188 -10.563842 2.3847895 1260256539818
113.53959 74.694405 -24.162283 -1.8972969 -0.67256594 2.4500456 1260256539823
109.41261 77.25968 -24.704168 -1.8972969 -0.67256594 2.4500456 1260256539827
109.41261 77.25968 -24.704168 -4.7533674 -21.81069 -4.2707033 1260256539832
104.89198 79.0467 -24.61896 -4.7533674 -21.81069 -4.2707033 1260256539838
104.89198 79.0467 -24.61896 -2.7428446 -13.030718 -7.8565893 1260256539844
117.49738 78.69437 -24.288012 -2.7428446 -13.030718 -7.8565893 1260256539848
117.49738 78.69437 -24.288012 0.4364624 -19.548489 -5.570914 1260256539851
128.97252 78.25965 -23.973612 0.4364624 -19.548489 -5.570914 1260256539861
128.97252 78.25965 -23.973612 1.53093 -24.856525 -0.6493943 1260256539870
138.0739 77.69667 -23.724932 1.53093 -24.856525 -0.6493943 1260256539873
138.0739 77.69667 -23.724932 1.7839398 -29.750755 4.472186 1260256539881
141.0202 77.06184 -23.438684 1.7839398 -29.750755 4.472186 1260256539885
141.0202 77.06184 -23.438684 2.1118736 -31.523132 6.840125 1260256539889
142.86919 76.30875 -23.216751 2.1118736 -31.523132 6.840125 1260256539899
142.86919 76.30875 -23.216751 2.547927 -25.855343 4.694569 1260256539907
144.22572 75.59331 -23.055914 2.547927 -25.855343 4.694569 1260256539911
144.22572 75.59331 -23.055914 1.6799216 -19.851336 2.0139213 1260256539919
145.61444 74.963646 -22.703117 1.6799216 -19.851336 2.0139213 1260256539928
145.61444 74.963646 -22.703117 1.6082282 -11.305785 -0.5460725 1260256539931
146.68372 74.06546 -22.417961 1.6082282 -11.305785 -0.5460725 1260256539942
146.68372 74.06546 -22.417961 -0.12452698 -2.7346373 4.570513 1260256539948
147.54953 73.11219 -22.097063 -0.12452698 -2.7346373 4.570513 1260256539958
147.54953 73.11219 -22.097063 -2.7095733 -3.8792577 13.405271 1260256539965
