174.06427 29.571611 13.479348 6.413911 3.951857 3.009378 1260256388793
174.06427 29.571611 13.479348 12.208865 3.8377357 5.2189455 1260256388799
174.71106 30.293032 14.305381 12.208865 3.8377357 5.2189455 1260256388802
174.71106 30.293032 14.305381 14.619483 2.0367537 4.3834496 1260256388811
175.5755 30.928381 15.290112 14.619483 2.0367537 4.3834496 1260256388815
175.5755 30.928381 15.290112 9.493061 -2.096694 -3.2686944 1260256388818
176.34673 31.781961 16.275606 9.493061 -2.096694 -3.2686944 1260256388823
176.34673 31.781961 16.275606 0.6150584 -11.080488 -4.3242087 1260256388830
177.42938 32.492863 17.411825 0.6150584 -11.080488 -4.3242087 1260256388852
177.42938 32.492863 17.411825 -2.9440536 -16.25639 3.7353902 1260256388859
178.75792 33.06822 18.641233 -2.9440536 -16.25639 3.7353902 1260256388871
178.75792 33.06822 18.641233 4.9740334 -16.945398 1.9435471 1260256388875
180.37003 33.51481 20.009172 4.9740334 -16.945398 1.9435471 1260256388879
180.37003 33.51481 20.009172 16.09299 -15.098087 0.20556831 1260256388884
182.10152 33.83907 21.408714 16.09299 -15.098087 0.20556831 1260256388893
182.10152 33.83907 21.408714 12.377811 -12.5388365 7.686793 1260256388897
183.99644 34.047115 22.838278 12.377811 -12.5388365 7.686793 1260256388900
183.99644 34.047115 22.838278 -0.9696274 -9.949703 6.914983 1260256388908
186.49663 34.044758 24.346363 -0.9696274 -9.949703 6.914983 1260256388918
186.49663 34.044758 24.346363 -1.5972581 -8.553332 -4.561528 1260256388921
193.4718 33.54252 25.779045 -1.5972581 -8.553332 -4.561528 1260256388930
193.4718 33.54252 25.779045 9.429621 -10.095557 -2.1664948 1260256388933
186.04822 31.215393 25.090094 9.429621 -10.095557 -2.1664948 1260256388941
186.04822 31.215393 25.090094 0.54922473 2.9599886 14.021493 1260256388944
179.34581 29.254623 22.985588 0.54922473 2.9599886 14.021493 1260256388955
179.34581 29.254623 22.985588 -11.390387 9.693174 13.216126 1260256388958
173.02852 28.091892 20.286308 -11.390387 9.693174 13.216126 1260256388968
173.02852 28.091892 20.286308 0.5183544 -3.6031528 14.11665 1260256388974
167.2271 27.787298 17.521994 0.5183544 -3.6031528 14.11665 1260256388989
167.2271 27.787298 17.521994 -24.126163 -13.957281 16.6013 1260256388992
162.21574 28.247932 14.945894 -24.126163 -13.957281 16.6013 1260256389012
162.21574 28.247932 14.945894 -10.000534 -18.15584 24.35754 1260256389016
158.15495 29.435535 12.6986 -10.000534 -18.15584 24.35754 1260256389029
158.15495 29.435535 12.6986 -13.050153 -13.879198 6.428323 1260256389034
155.29721 31.41376 11.06367 -13.050153 -13.879198 6.428323 1260256389048
155.29721 31.41376 11.06367 -18.208282 -22.956285 2.6281524 1260256389053
154.08235 35.243073 10.260487 -18.208282 -22.956285 2.6281524 1260256389071
154.08235 35.243073 10.260487 -8.903807 -12.4554825 -0.7420254 1260256389078
154.62823 40.03092 10.197462 -8.903807 -12.4554825 -0.7420254 1260256389090
154.62823 40.03092 10.197462 -3.994332 -20.567095 -6.315639 1260256389093
156.19682 45.479374 10.337589 -3.994332 -20.567095 -6.315639 1260256389108
156.19682 45.479374 10.337589 -4.0220404 -18.109035 -13.680375 1260256389113
158.98698 51.405403 10.47071 -4.0220404 -18.109035 -13.680375 1260256389128
158.98698 51.405403 10.47071 -5.5797057 -12.431953 -13.968856 1260256389131
153.33763 40.285133 10.347175 -5.5797057 -12.431953 -13.968856 1260256389151
153.33763 40.285133 10.347175 -6.680614 -3.8884878 -3.0486536 1260256389154
152.82076 31.720877 9.179816 -6.680614 -3.8884878 -3.0486536 1260256389166
152.82076 31.720877 9.179816 0.9737922 1.7838535 -12.92334 1260256389173
151.22972 24.184832 7.3708253 0.9737922 1.7838535 -12.92334 1260256389188
151.22972 24.184832 7.3708253 5.450201 14.156796 1.5391831 1260256389193
160.21823 15.92559 4.452284 5.450201 14.156796 1.5391831 1260256389210
160.21823 15.92559 4.452284 -14.632469 6.3518705 2.1204271 1260256389219
154.20732 22.57931 1.9296697 -14.632469 6.3518705 2.1204271 1260256389229
154.20732 22.57931 1.9296697 2.3518782 0.54764795 -1.5902784 1260256389232
151.39696 27.800344 0.98318624 2.3518782 0.54764795 -1.5902784 1260256389248
151.39696 27.800344 0.98318624 3.1575584 -17.998112 -13.673517 1260256389253
150.42711 32.310326 0.68402696 3.1575584 -17.998112 -13.673517 1260256389268
150.42711 32.310326 0.68402696 4.068033 -29.462162 -6.618405 1260256389275
150.75575 36.59481 0.64982563 4.068033 -29.462162 -6.618405 1260256389287
150.75575 36.59481 0.64982563 6.0656695 -17.54802 -10.655851 1260256389290
151.76796 40.765068 0.81733435 6.0656695 -17.54802 -10.655851 1260256389311
151.76796 40.765068 0.81733435 9.054231 -23.8815 -20.033615 1260256389313
152.27956 44.826813 0.82646763 9.054231 -23.8815 -20.033615 1260256389496
152.27956 44.826813 0.82646763 7.739514 -26.422693 -7.345253 1260256389500
151.26558 49.035473 0.28514424 7.739514 -26.422693 -7.345253 1260256389508
151.26558 49.035473 0.28514424 -0.19891596 -4.5609903 -7.7394753 1260256389511
148.0523 53.5837 -1.179113 -0.19891596 -4.5609903 -7.7394753 1260256389517
148.0523 53.5837 -1.179113 -15.432147 -6.6682124 -11.26943 1260256389520
142.4997 59.304512 -4.9201574 -15.432147 -6.6682124 -11.26943 1260256389523
142.4997 59.304512 -4.9201574 -0.939291 -6.002735 -3.0987978 1260256389531
136.87471 55.589287 -7.37415 -0.939291 -6.002735 -3.0987978 1260256389535
136.87471 55.589287 -7.37415 -22.31366 12.260525 11.409248 1260256389540
131.43097 51.959824 -8.955442 -22.31366 12.260525 11.409248 1260256389543
131.43097 51.959824 -8.955442 -20.259323 -2.4929 19.001453 1260256389552
126.25942 48.91183 -10.40767 -20.259323 -2.4929 19.001453 1260256389555
126.25942 48.91183 -10.40767 -9.933194 14.0781975 21.139145 1260256389559
121.44645 46.71624 -11.987287 -9.933194 14.0781975 21.139145 1260256389564
121.44645 46.71624 -11.987287 -13.446576 -6.30966 13.254534 1260256389570
117.37413 45.63043 -13.787922 -13.446576 -6.30966 13.254534 1260256389575
117.37413 45.63043 -13.787922 -27.078283 -20.067692 11.958372 1260256389579
114.95542 49.848907 -15.048526 -27.078283 -20.067692 11.958372 1260256389589
114.95542 49.848907 -15.048526 -19.297647 -12.229212 -8.581164 1260256389593
115.35765 53.656464 -14.946099 -19.297647 -12.229212 -8.581164 1260256389601
115.35765 53.656464 -14.946099 -11.87229 -16.350086 -5.5367045 1260256389604
118.439766 57.873642 -13.898794 -11.87229 -16.350086 -5.5367045 1260256389612
118.439766 57.873642 -13.898794 -6.7307186 -28.328709 -19.962744 1260256389616
122.76778 62.27996 -12.553854 -6.7307186 -28.328709 -19.962744 1260256389619
122.76778 62.27996 -12.553854 7.273342 -12.650038 -17.125673 1260256389624
126.92939 66.56596 -11.276161 7.273342 -12.650038 -17.125673 1260256389633
126.92939 66.56596 -11.276161 15.96814 -9.959028 -25.691826 1260256389637
128.98293 70.73766 -10.562353 15.96814 -9.959028 -25.691826 1260256389644
128.98293 70.73766 -10.562353 9.916185 -20.465193 -18.06538 1260256389650
125.13378 75.15078 -11.884235 9.916185 -20.465193 -18.06538 1260256389659
125.13378 75.15078 -11.884235 -0.5908842 -1.726685 -0.64704514 1260256389662
120.327095 70.94324 -14.540024 -0.5908842 -1.726685 -0.64704514 1260256389670
120.327095 70.94324 -14.540024 -21.859446 -7.3796005 6.4534545 1260256389673
115.76074 66.796074 -15.963022 -21.859446 -7.3796005 6.4534545 1260256389681
115.76074 66.796074 -15.963022 -14.457527 12.290406 23.667347 1260256389684
111.3727 63.20627 -17.164871 -14.457527 12.290406 23.667347 1260256389696
111.3727 63.20627 -17.164871 -9.795065 -0.98265123 22.158913 1260256389704
107.354065 60.345955 -18.406628 -9.795065 -0.98265123 22.158913 1260256389712
107.354065 60.345955 -18.406628 -14.664029 2.828856 13.76651 1260256389716
103.98636 58.528656 -19.786297 -14.664029 2.828856 13.76651 1260256389729
103.98636 58.528656 -19.786297 -25.329235 -18.797588 11.119766 1260256389732
101.88704 57.852222 -20.996983 -25.329235 -18.797588 11.119766 1260256389752
101.88704 57.852222 -20.996983 -22.666573 -24.012281 0.82280505 1260256389756
102.19269 61.20961 -21.097134 -22.666573 -24.012281 0.82280505 1260256389768
102.19269 61.20961 -21.097134 -15.458086 -6.8434114 -8.592086 1260256389773
104.83305 64.74913 -20.192276 -15.458086 -6.8434114 -8.592086 1260256389787
104.83305 64.74913 -20.192276 -10.949107 -27.55061 -17.491877 1260256389793
108.7914 68.561676 -18.882662 -10.949107 -27.55061 -17.491877 1260256389810
108.7914 68.561676 -18.882662 3.0126066 -14.054294 -14.998754 1260256389814
113.10183 72.38359 -17.48853 3.0126066 -14.054294 -14.998754 1260256389829
113.10183 72.38359 -17.48853 14.583841 -16.928679 -27.167437 1260256389833
116.59674 76.11441 -16.314102 14.583841 -16.928679 -27.167437 1260256389848
116.59674 76.11441 -16.314102 8.15729 -20.939499 -27.867933 1260256389855
117.2169 79.85869 -15.898397 8.15729 -20.939499 -27.867933 1260256389868
117.2169 79.85869 -15.898397 -0.66476905 0.9915619 -12.433893 1260256389875
113.50606 83.81576 -18.353477 -0.66476905 0.9915619 -12.433893 1260256389891
113.50606 83.81576 -18.353477 -4.038795 -11.703262 -6.6470814 1260256389899
109.280754 79.92497 -19.885803 -4.038795 -11.703262 -6.6470814 1260256389906
109.280754 79.92497 -19.885803 -21.276873 7.915456 10.04286 1260256389912
105.16672 76.37872 -20.791513 -21.276873 7.915456 10.04286 1260256389928
105.16672 76.37872 -20.791513 -25.286419 -12.48649 18.465714 1260256389933
101.258385 73.40979 -21.451939 -25.286419 -12.48649 18.465714 1260256389949
101.258385 73.40979 -21.451939 -22.356974 0.022740364 27.042223 1260256389957
97.84547 71.0393 -22.079342 -22.356974 0.022740364 27.042223 1260256389969
97.84547 71.0393 -22.079342 -14.800225 -21.561432 22.67912 1260256389972
95.65319 69.63734 -22.925375 -14.800225 -21.561432 22.67912 1260256389988
95.65319 69.63734 -22.925375 -4.5820513 -18.413963 2.6194253 1260256389995
96.57053 72.15547 -22.879107 -4.5820513 -18.413963 2.6194253 1260256390008
96.57053 72.15547 -22.879107 1.5007753 -14.841564 0.9764309 1260256390014
100.44201 75.3477 -21.685152 1.5007753 -14.841564 0.9764309 1260256390031
100.44201 75.3477 -21.685152 -2.4209933 -14.337657 -24.655731 1260256390038
105.56991 78.93031 -20.150894 -2.4209933 -14.337657 -24.655731 1260256390049
105.56991 78.93031 -20.150894 -5.2240624 -11.592543 -25.471703 1260256390052
110.091415 82.233795 -18.79335 -5.2240624 -11.592543 -25.471703 1260256390068
110.091415 82.233795 -18.79335 3.7785482 -19.81137 -12.359988 1260256390074
111.836845 84.922104 -18.303682 3.7785482 -19.81137 -12.359988 1260256390250
111.836845 84.922104 -18.303682 2.690635 -9.981147 -19.32633 1260256390256
108.445 82.476 -19.888498 2.690635 -9.981147 -19.32633 1260256390259
108.445 82.476 -19.888498 -17.258675 -13.680632 6.4237947 1260256390262
104.02275 78.952194 -20.794073 -17.258675 -13.680632 6.4237947 1260256390270
104.02275 78.952194 -20.794073 -21.967546 -0.41715884 19.06386 1260256390273
99.62161 75.45458 -21.40437 -21.967546 -0.41715884 19.06386 1260256390279
99.62161 75.45458 -21.40437 -19.82279 -4.461061 13.290647 1260256390282
95.44053 72.48185 -22.08415 -19.82279 -4.461061 13.290647 1260256390290
95.44053 72.48185 -22.08415 -12.042847 -4.0632086 26.61838 1260256390294
93.3685 71.50776 -22.729942 -12.042847 -4.0632086 26.61838 1260256390297
93.3685 71.50776 -22.729942 -2.158597 -18.875797 8.480164 1260256390302
96.350075 73.98237 -22.093445 -2.158597 -18.875797 8.480164 1260256390308
96.350075 73.98237 -22.093445 -2.5132942 -8.486942 -11.665228 1260256390314
101.18257 76.83325 -20.838772 -2.5132942 -8.486942 -11.665228 1260256390317
101.18257 76.83325 -20.838772 -7.5516796 -32.019947 -19.757267 1260256390320
106.523445 79.74159 -19.396833 -7.5516796 -32.019947 -19.757267 1260256390330
106.523445 79.74159 -19.396833 -0.3733096 -14.109657 -25.41044 1260256390339
111.64727 82.45451 -17.976992 -0.3733096 -14.109657 -25.41044 1260256390342
111.64727 82.45451 -17.976992 12.014938 -26.64792 -14.096143 1260256390351
114.91491 84.88179 -17.078142 12.014938 -26.64792 -14.096143 1260256390356
114.91491 84.88179 -17.078142 9.739653 -14.692614 -11.126019 1260256390362
114.019165 87.0877 -17.524235 9.739653 -14.692614 -11.126019 1260256390368
114.019165 87.0877 -17.524235 3.8401504 -2.3273187 -4.2519145 1260256390373
109.418205 83.43331 -19.848022 3.8401504 -2.3273187 -4.2519145 1260256390377
109.418205 83.43331 -19.848022 -17.827011 -12.241208 2.8713245 1260256390383
104.49729 78.61165 -21.15562 -17.827011 -12.241208 2.8713245 1260256390391
104.49729 78.61165 -21.15562 -19.730795 4.6123905 17.902502 1260256390400
99.572426 73.68107 -22.29784 -19.730795 4.6123905 17.902502 1260256390403
99.572426 73.68107 -22.29784 -11.655952 16.818666 14.683212 1260256390411
94.6938 69.29701 -23.832949 -11.655952 16.818666 14.683212 1260256390414
94.6938 69.29701 -23.832949 -5.608158 2.680335 13.204 1260256390420
91.00911 66.93216 -25.9913 -5.608158 2.680335 13.204 1260256390433
91.00911 66.93216 -25.9913 -21.637281 2.1504707 -2.0999398 1260256390436
90.70866 70.08555 -26.341736 -21.637281 2.1504707 -2.0999398 1260256390440
90.70866 70.08555 -26.341736 -20.524925 -24.008892 -5.3546715 1260256390448
94.023224 72.63127 -25.674648 -20.524925 -24.008892 -5.3546715 1260256390455
94.023224 72.63127 -25.674648 -11.265432 -20.099594 -20.330673 1260256390458
99.022064 74.99971 -24.540916 -11.265432 -20.099594 -20.330673 1260256390470
99.022064 74.99971 -24.540916 3.9417095 -22.879381 -7.9359303 1260256390478
104.370964 77.249725 -23.26387 3.9417095 -22.879381 -7.9359303 1260256390489
104.370964 77.249725 -23.26387 10.062493 -34.409767 -13.422321 1260256390492
109.052414 79.237236 -22.100677 10.062493 -34.409767 -13.422321 1260256390508
109.052414 79.237236 -22.100677 1.1529607 -16.247704 -4.178691 1260256390513
112.249794 81.025375 -21.295643 1.1529607 -16.247704 -4.178691 1260256390528
112.249794 81.025375 -21.295643 -8.295395 -12.573122 -14.311228 1260256390535
113.28731 82.67411 -20.98086 -8.295395 -12.573122 -14.311228 1260256390548
113.28731 82.67411 -20.98086 -12.304839 -22.440815 -7.8590965 1260256390551
111.822945 84.790405 -21.581818 -12.304839 -22.440815 -7.8590965 1260256390571
111.822945 84.790405 -21.581818 -10.165717 -9.7991495 6.7791233 1260256390574
108.1818 81.85088 -23.702726 -10.165717 -9.7991495 6.7791233 1260256390588
108.1818 81.85088 -23.702726 1.2175684 -5.725395 2.0500429 1260256390593
103.672714 77.50834 -25.91759 1.2175684 -5.725395 2.0500429 1260256390610
103.672714 77.50834 -25.91759 -16.678001 -7.4010687 0.32110977 1260256390618
99.28908 72.53292 -27.12171 -16.678001 -7.4010687 0.32110977 1260256390628
99.28908 72.53292 -27.12171 -19.320644 7.7809534 10.720654 1260256390632
95.02462 67.50627 -28.065624 -19.320644 7.7809534 10.720654 1260256390651
95.02462 67.50627 -28.065624 -13.267324 17.188786 8.304613 1260256390654
90.37339 62.680958 -29.312344 -13.267324 17.188786 8.304613 1260256390669
90.37339 62.680958 -29.312344 -3.789401 8.814535 0.71761703 1260256390675
103.25472 58.59691 -31.396727 -3.789401 8.814535 0.71761703 1260256390688
103.25472 58.59691 -31.396727 -13.4322 -4.0867887 -3.3582678 1260256390697
115.89199 64.617065 -33.626892 -13.4322 -4.0867887 -3.3582678 1260256390710
115.89199 64.617065 -33.626892 -22.201775 -9.711792 -2.3365884 1260256390714
111.34739 69.28621 -34.845547 -22.201775 -9.711792 -2.3365884 1260256390728
111.34739 69.28621 -34.845547 -10.223629 -7.3762197 -14.925047 1260256390735
108.33002 72.7219 -35.25327 -10.223629 -7.3762197 -14.925047 1260256390754
108.33002 72.7219 -35.25327 -4.4650335 -6.281445 1.9963489 1260256390758
104.91351 75.18581 -35.040607 -4.4650335 -6.281445 1.9963489 1260256390768
104.91351 75.18581 -35.040607 -4.0421805 -11.949266 -10.744453 1260256390771
116.21784 74.576515 -34.588577 -4.0421805 -11.949266 -10.744453 1260256390791
116.21784 74.576515 -34.588577 -7.8406477 -9.1813965 -5.9756603 1260256390798
125.65695 73.89769 -34.20915 -7.8406477 -9.1813965 -5.9756603 1260256390812
125.65695 73.89769 -34.20915 -12.648093 -7.8489094 2.6903079 1260256390815
132.7241 73.102806 -33.948692 -12.648093 -7.8489094 2.6903079 1260256390828
132.7241 73.102806 -33.948692 -16.187683 -11.322121 10.69517 1260256390837
