177.3375 36.02581 19.641972 1260256415243
177.52061 36.87452 20.159872 1260256415256
177.34459 37.730793 20.60188 1260256415268
176.77736 38.544254 21.021786 1260256415277
176.63849 39.367043 21.570696 1260256415313
176.40657 40.14869 22.092161 1260256415320
176.23624 40.841255 22.687553 1260256415334
177.02443 41.149193 23.653175 1260256415340
170.62321 40.241734 24.120516 1260256415359
164.74205 38.629646 23.26449 1260256415370
159.25494 37.048164 21.851265 1260256415380
154.1422 36.045757 20.008701 1260256415394
149.58508 36.093468 17.958265 1260256415408
145.90582 37.188793 16.060352 1260256415428
143.31053 39.029354 14.507335 1260256415453
141.895 42.127888 13.481968 1260256415468
141.65025 45.621494 12.907869 1260256415488
142.26775 49.44042 12.712476 1260256415511
143.30435 53.618397 12.726852 1260256415526
144.53914 58.33748 12.590509 1260256415548
144.41219 47.720604 11.660984 1260256415568
141.84158 39.634575 10.027935 1260256415592
139.5495 31.902845 8.376538 1260256415773
144.47203 23.157703 5.7577114 1260256415783
140.29843 29.199818 3.7698257 1260256415796
138.9835 33.58983 3.1313343 1260256415802
138.53433 37.21034 2.9747677 1260256415813
139.30762 40.649822 3.1760292 1260256415822
141.34224 44.21733 3.7172277 1260256415833
143.27513 47.806465 4.2813663 1260256415842
145.16138 51.616142 4.817298 1260256415854
147.00331 55.685337 5.276433 1260256415869
148.10315 60.30107 5.3126116 1260256415879
157.74799 66.236015 4.496981 1260256415890
151.8106 56.574215 2.422132 1260256415896
146.07007 52.395504 0.6510254 1260256415912
140.61656 49.37573 -0.9815259 1260256415919
135.48573 47.256943 -2.5824497 1260256415935
131.01144 46.094097 -4.203327 1260256415949
128.36087 46.589394 -5.443161 1260256415961
128.99283 49.609924 -5.521003 1260256415973
131.54318 53.279427 -4.894953 1260256415989
134.66602 57.065456 -4.000205 1260256416011
137.18271 60.612183 -3.3001947 1260256416029
137.02357 63.581573 -3.835185 1260256416047
132.0224 59.952496 -5.993426 1260256416069
127.07128 56.05487 -7.4437547 1260256416088
122.31772 52.452126 -8.871567 1260256416110
117.85183 49.329517 -10.527988 1260256416128
113.85924 47.11304 -12.851589 1260256416154
110.666275 46.05739 -15.35901 1260256416168
109.18296 50.50452 -16.54106 1260256416190
110.02381 54.479294 -16.514006 1260256416296
112.52262 58.40533 -15.788305 1260256416302
115.44649 62.335064 -14.89889 1260256416319
117.574165 66.26831 -14.203945 1260256416330
117.59546 70.40489 -14.093748 1260256416338
114.615685 74.83465 -14.939061 1260256416351
110.1349 79.94292 -17.542109 1260256416358
106.22816 75.64577 -20.165003 1260256416370
102.56675 71.96348 -21.756752 1260256416557
99.038414 68.9653 -22.818914 1260256416563
95.736496 66.66704 -23.577969 1260256416581
92.94967 65.13369 -24.19907 1260256416593
91.50218 64.577 -24.689117 1260256416604
92.877075 67.29816 -24.254662 1260256416616
96.73322 70.68325 -22.941929 1260256416622
101.79656 74.499084 -21.344831 1260256416633
106.70673 78.27413 -19.827589 1260256416642
109.321396 81.91042 -18.88621 1260256416655
106.90533 85.0649 -20.291899 1260256416661
103.21006 81.66166 -21.827303 1260256416678
99.449554 78.37858 -22.535938 1260256416691
95.877075 75.40965 -23.009142 1260256416700
92.633224 72.88917 -23.608685 1260256416711
90.501564 71.29471 -24.62825 1260256416720
91.37649 74.42997 -24.546837 1260256416728
95.50766 77.80847 -23.269495 1260256416734
100.682274 81.11805 -21.75602 1260256416760
105.44816 83.862144 -20.318218 1260256416780
108.82575 86.019035 -19.302307 1260256416796
109.23447 87.61808 -19.187191 1260256416816
106.57275 85.737175 -20.12783 1260256416836
102.794106 82.60032 -21.371439 1260256416856
98.8044 78.570305 -22.502867 1260256416876
94.71418 73.99179 -23.427723 1260256416896
90.27847 69.3422 -24.806337 1260256416916
88.16455 73.22509 -26.21602 1260256416936
90.60632 75.71384 -25.55522 1260256416956
95.17601 77.82815 -24.377459 1260256416976
100.31721 79.73674 -23.008585 1260256416996
105.301346 81.549904 -21.608156 1260256417016
109.13628 83.17241 -20.477749 1260256417072
111.07946 84.613785 -19.803862 1260256417080
110.42548 86.4331 -20.06367 1260256417090
107.10421 89.71144 -22.160486 1260256417108
102.798996 84.57587 -24.252462 1260256417116
98.809044 78.99707 -25.38984 1260256417136
94.918594 73.59721 -26.320347 1260256417325
90.77267 68.56735 -27.60433 1260256417332
104.034035 64.28899 -29.724113 1260256417349
98.98233 69.92454 -32.43791 1260256417363
95.33321 74.178314 -33.96601 1260256417372
92.81655 77.419395 -34.61771 1260256417383
90.52573 79.79842 -34.586826 1260256417393
98.94944 79.0085 -34.157486 1260256417405
106.60197 78.308075 -33.69961 1260256417413
112.87187 77.592674 -33.21463 1260256417428
118.22828 76.96304 -32.7039 1260256417490
122.76687 76.31489 -32.168705 1260256417498
126.22852 75.64915 -31.660269 1260256417512
128.6671 74.96669 -31.277256 1260256417519
130.28374 74.21835 -31.063393 1260256417535
131.61955 73.50744 -30.910223 1260256417541
132.58858 72.73206 -30.814713 1260256417550
133.40915 71.79546 -30.773977 1260256417559
134.18869 70.70569 -30.635279 1260256417567
134.77925 69.320404 -30.503515 1260256417573
