188.88196 35.94662 27.587307 1260256550241
192.93787 35.14929 29.407942 1260256550251
199.84097 33.391823 31.437544 1260256550262
191.29892 30.122232 31.715666 1260256550272
184.38397 27.116121 29.929882 1260256550284
178.11478 26.560316 27.133389 1260256550293
172.30904 27.0823 24.526718 1260256550310
167.19359 28.478186 22.250381 1260256550321
162.7839 30.604277 20.387863 1260256550330
159.4947 33.87406 19.11847 1260256550342
157.76997 37.83036 18.362545 1260256550349
157.63147 42.588844 18.094418 1260256550362
158.5499 47.809402 18.039698 1260256550369
159.92241 53.418934 17.787712 1260256550380
164.92628 59.697987 17.048326 1260256550413
164.32997 49.413086 15.54591 1260256550429
162.86348 40.892433 13.768615 1260256550441
161.7203 32.847813 11.930184 1260256550449
167.2343 23.155422 8.833675 1260256550461
163.02258 28.647652 7.5919914 1260256550470
160.67145 33.06527 7.262392 1260256550481
158.53787 37.062008 7.1492724 1260256550488
158.46098 41.258907 7.391809 1260256550502
158.88794 45.595963 7.672219 1260256550509
159.14354 50.116165 7.738608 1260256550528
159.38637 54.91036 7.7016773 1260256550539
154.81705 60.16484 6.5665936 1260256550548
148.82619 56.106598 3.8382638 1260256550554
143.28488 53.001266 1.8963505 1260256550566
138.07063 50.851204 0.15153301 1260256550579
133.1671 49.508644 -1.3560437 1260256550591
128.70874 48.933212 -2.6882415 1260256550602
125.0233 49.236553 -3.8538294 1260256550613
123.422134 52.374725 -4.461138 1260256550629
125.10103 56.55599 -4.0380807 1260256550643
128.69598 61.17819 -3.1861765 1260256550829
132.71118 65.76928 -2.2768676 1260256550840
135.72562 70.030815 -1.5630242 1260256550847
134.63934 73.429276 -2.084873 1260256550858
129.75737 70.55781 -4.4306293 1260256550867
125.0695 67.57992 -5.859098 1260256550879
120.61603 65.05092 -7.0161433 1260256550888
116.58523 63.24837 -8.065336 1260256550899
113.25597 62.385952 -8.9620695 1260256550909
111.79317 62.666653 -9.613966 1260256550922
112.65351 65.58332 -9.483268 1260256550929
115.17084 69.10416 -8.809104 1260256550946
118.562294 72.89895 -7.9186487 1260256550957
121.58418 76.604004 -7.172716 1260256550967
123.404976 80.32381 -6.7640805 1260256550980
121.88473 83.907616 -7.1758766 1260256550992
117.99049 86.712234 -9.317082 1260256551003
113.840965 84.17662 -10.451228 1260256551014
109.64892 81.86779 -11.0286665 1260256551029
105.61647 80.0244 -11.3772335 1260256551047
101.88564 78.77318 -11.558372 1260256551063
99.09136 78.284515 -11.830453 1260256551078
99.2868 80.47029 -11.88893 1260256551098
101.52245 84.09678 -11.444484 1260256551118
106.39633 88.34194 -10.672259 1260256551141
112.076515 92.474846 -9.888646 1260256551158
114.37269 95.601105 -9.444214 1260256551178
114.804054 96.97105 -9.422003 1260256551200
112.31385 97.17249 -9.500903 1260256551222
109.19816 96.36387 -9.375858 1260256551239
108.63825 96.245674 -9.007066 1260256551258
110.95634 96.58339 -8.506713 1260256551282
113.30852 97.25422 -8.031377 1260256551298
114.24309 97.941505 -7.879808 1260256551318
113.33093 98.54443 -8.235818 1260256551339
109.01439 94.317215 -10.924027 1260256551363
104.81367 88.701355 -12.8278265 1260256551378
101.17298 82.66629 -14.1364355 1260256551398
97.514336 76.83298 -15.629614 1260256551581
93.53862 70.89133 -16.898132 1260256551591
90.461685 74.99676 -19.003225 1260256551602
92.1386 77.19692 -18.453064 1260256551611
95.53167 78.93707 -17.380411 1260256551623
99.805084 80.59022 -16.16139 1260256551631
104.51483 82.260704 -14.803321 1260256551641
108.28909 83.747665 -13.513155 1260256551651
110.87464 85.06028 -12.337497 1260256551664
112.48091 86.157265 -11.270622 1260256551681
112.80687 86.8994 -10.557091 1260256551689
111.66653 87.70443 -10.629236 1260256551700
108.2332 84.76921 -12.947775 1260256551709
104.77154 79.43075 -15.050386 1260256551722
101.88296 73.75921 -16.597868 1260256551734
98.88881 68.37125 -18.217974 1260256551746
94.74437 63.552685 -20.307076 1260256551765
107.55715 59.67505 -23.091722 1260256551774
102.32929 65.3913 -26.137136 1260256551788
98.31283 69.72173 -27.93028 1260256551803
95.04719 68.535645 -28.683767 1260256551818
91.69483 67.95886 -28.749578 1260256551838
88.01009 67.66092 -28.4621 1260256551861
83.75959 67.42787 -28.038994 1260256551879
94.82161 67.30648 -27.537045 1260256551898
100.13053 67.341156 -26.960192 1260256551920
104.924 67.5241 -26.262182 1260256551938
109.2778 67.84789 -25.499073 1260256551961
113.21391 68.2055 -24.72412 1260256551978
116.75322 68.54522 -23.987913 1260256552001
119.66556 68.76796 -23.388517 1260256552019
121.88228 68.779564 -23.01909 1260256552038
