180.19283 34.171864 16.994467 1260256441359
181.93318 34.16327 17.794743 1260256441373
183.18652 34.405106 18.655005 1260256441382
184.02719 34.83485 19.472254 1260256441394
184.62584 35.243107 20.298641 1260256441400
184.94455 35.63095 21.133709 1260256441434
185.34732 35.849403 22.077023 1260256441452
188.72995 35.406933 23.423172 1260256441458
196.89345 33.786587 25.002014 1260256441469
188.54878 30.447258 25.051914 1260256441480
181.27135 26.624895 23.849318 1260256441495
174.55779 23.693651 21.706852 1260256441503
168.22989 22.30897 18.72151 1260256441517
162.3684 22.24352 15.585434 1260256441535
157.24997 23.181345 12.856162 1260256441548
153.08746 24.972279 10.713354 1260256441571
150.2831 29.173664 9.277686 1260256441588
149.01894 33.31498 8.513802 1260256441615
148.96799 37.89923 8.2381115 1260256441628
149.86958 42.85427 8.276206 1260256441811
151.27611 47.961555 8.462396 1260256441819
152.8623 53.263477 8.589276 1260256441836
153.4692 59.200302 8.259812 1260256441844
153.29573 49.540287 6.896822 1260256441854
149.48094 43.913273 5.201981 1260256441862
145.0569 38.91761 3.2418818 1260256441873
155.75406 35.87173 -0.32021233 1260256441882
150.61635 41.028145 -2.4542017 1260256441893
148.43553 44.826736 -2.9814916 1260256441904
147.71376 48.2354 -2.982417 1260256441919
148.62807 51.67363 -2.6332963 1260256441931
150.04666 55.18995 -2.1516314 1260256441940
151.09433 58.780453 -1.8440498 1260256441952
151.48961 62.49143 -1.7018473 1260256441974
150.81512 66.166855 -1.916755 1260256441983
147.12437 70.258514 -3.3209171 1260256441995
141.36815 66.89559 -7.3048716 1260256442004
135.84975 63.000813 -9.539628 1260256442020
130.55727 59.400772 -11.162646 1260256442034
125.4794 56.380733 -12.654514 1260256442048
120.85543 54.1117 -14.271789 1260256442068
117.21266 53.056114 -15.908199 1260256442091
115.50203 56.70331 -16.762789 1260256442108
116.32693 60.36814 -16.37465 1260256442128
119.16058 64.34973 -15.305917 1260256442149
122.95255 68.53224 -14.040621 1260256442172
126.10493 72.55563 -12.93859 1260256442188
127.39968 76.527855 -12.3416605 1260256442208
124.2297 80.55146 -13.074577 1260256442229
119.568214 76.77389 -16.62085 1260256442248
115.189804 72.58519 -18.289806 1260256442268
111.03031 68.85593 -19.375317 1260256442289
107.0788 65.76313 -20.256552 1260256442312
103.57486 63.624973 -21.143724 1260256442328
100.846115 62.543724 -21.986538 1260256442347
99.353806 65.566536 -22.53721 1260256442370
99.986115 68.43821 -22.26035 1260256442392
102.53681 71.7163 -21.247332 1260256442602
106.309975 75.380486 -19.934965 1260256442613
110.49448 79.11146 -18.538218 1260256442623
114.069756 82.805885 -17.311306 1260256442635
115.266266 86.41559 -16.64574 1260256442643
113.052956 89.94481 -16.963453 1260256442656
109.750305 92.99757 -19.11528 1260256442662
106.21279 89.59769 -20.709517 1260256442674
102.552155 86.3178 -21.52404 1260256442683
98.924545 83.35191 -21.947838 1260256442694
95.62832 80.83432 -22.200445 1260256442709
92.896904 78.842606 -22.440422 1260256442721
91.35206 77.650475 -22.7684 1260256442732
92.48446 79.81795 -22.57998 1260256442741
95.26024 82.87705 -21.700981 1260256442752
99.24722 86.4332 -20.515932 1260256442761
105.134865 90.361534 -19.140135 1260256442775
111.12812 94.143456 -17.783129 1260256442790
114.421715 97.18628 -16.843973 1260256442799
116.95063 99.22697 -16.151775 1260256442813
117.5531 99.865616 -16.044186 1260256442821
114.72545 98.17233 -16.341976 1260256442836
110.489174 95.51372 -16.724878 1260256442853
106.06471 91.98803 -17.188635 1260256442868
101.761475 87.83863 -17.729202 1260256442891
97.6734 83.2967 -19.992743 1260256442909
101.13973 86.33186 -19.093105 1260256442928
105.83275 88.91527 -17.83845 1260256442948
110.24111 91.0695 -16.696527 1260256442969
113.929054 92.66603 -15.761701 1260256442988
115.982605 93.88273 -15.323616 1260256443008
114.38348 95.388596 -16.157434 1260256443028
110.0643 91.41917 -18.199562 1260256443051
105.46108 86.24821 -19.439585 1260256443068
100.93803 80.885796 -20.367605 1260256443095
96.29112 75.59151 -21.499226 1260256443108
91.92657 71.911934 -24.174265 1260256443131
90.68024 75.166336 -25.015553 1260256443153
93.34622 77.60802 -24.514774 1260256443339
98.07891 79.77762 -23.439035 1260256443354
103.674965 81.88874 -22.067083 1260256443363
108.89122 83.794304 -20.76373 1260256443375
113.04666 85.40459 -19.675543 1260256443383
115.79433 86.63435 -18.891766 1260256443395
115.75461 87.75264 -18.697178 1260256443402
113.16688 85.91501 -19.712318 1260256443414
108.90853 82.21926 -21.826702 1260256443422
104.3131 77.2083 -23.235367 1260256443434
99.84745 72.097885 -24.373598 1260256443448
95.25508 67.24299 -25.704918 1260256443460
108.39233 62.98084 -27.619673 1260256443472
120.922714 59.731796 -30.538689 1260256443481
115.676575 64.89521 -32.611755 1260256443492
111.79275 68.70045 -33.531166 1260256443508
108.85311 71.365425 -33.45461 1260256443522
115.41045 73.34715 -32.83188 1260256443533
121.03993 75.1298 -32.140285 1260256443542
125.53793 76.87331 -31.533272 1260256443560
129.16104 76.42964 -31.056608 1260256443573
132.053 75.80816 -30.703777 1260256443589
134.00035 75.06775 -30.468588 1260256443610
135.00034 74.16436 -30.395159 1260256443629
