172.491 43.264347 12.413195 1260256397569
174.01645 43.15113 13.092535 1260256397577
175.61563 43.593575 13.987908 1260256397590
176.93484 44.163895 14.838513 1260256397599
178.2381 44.7557 15.746588 1260256397633
179.7762 45.167915 16.809258 1260256397644
181.38739 49.35952 17.918795 1260256397656
182.61803 49.441544 18.972855 1260256397670
182.73712 49.719467 19.674212 1260256397682
178.90027 49.683495 19.0405 1260256397694
173.15526 47.54932 16.938477 1260256397704
167.2975 44.571854 14.691553 1260256397718
161.53262 41.543262 12.656976 1260256397735
156.006 38.8161 10.574127 1260256397751
150.8057 37.275295 8.24542 1260256397772
146.46541 37.31153 5.9831495 1260256397788
143.24214 38.545956 4.433992 1260256397976
141.18004 41.818657 3.5122924 1260256397982
140.77104 44.877724 3.2366776 1260256397994
141.6825 48.283836 3.5248437 1260256398003
143.19836 51.919643 3.9986014 1260256398014
144.63844 55.62366 4.4486713 1260256398023
145.45653 59.19248 4.726238 1260256398036
144.7837 62.432854 4.339926 1260256398044
139.19452 50.31121 -0.2770706 1260256398059
135.1848 45.24565 -2.113217 1260256398072
131.72556 39.93337 -3.4075563 1260256398081
131.53928 31.1867 -5.2871785 1260256398094
127.06231 37.177364 -7.2728195 1260256398103
125.70919 41.218494 -7.7591786 1260256398115
125.57373 44.60757 -7.57122 1260256398131
126.295044 47.727192 -7.042659 1260256398140
128.3803 50.990833 -6.190526 1260256398153
130.76128 54.29129 -5.2809997 1260256398164
132.87321 57.726727 -4.5169497 1260256398178
134.52956 61.29039 -3.891102 1260256398191
135.50308 65.17587 -3.596547 1260256398210
133.62793 69.96708 -3.8667195 1260256398226
141.54654 58.118725 -5.3233833 1260256398253
135.61922 54.56279 -8.657214 1260256398268
131.03825 52.584652 -10.324353 1260256398290
126.83634 51.10542 -11.458136 1260256398312
122.74452 49.75015 -12.385229 1260256398328
118.7073 48.462643 -13.265967 1260256398348
114.72193 47.08951 -14.352669 1260256398370
110.88583 45.785038 -15.735036 1260256398394
107.591545 45.095787 -17.348284 1260256398408
105.661964 49.391 -18.48087 1260256398429
105.77887 53.47145 -18.456825 1260256398451
108.23993 57.79788 -17.583984 1260256398468
112.327934 62.257984 -16.254786 1260256398488
116.41154 66.64509 -14.942046 1260256398510
119.79096 71.01283 -13.844944 1260256398533
120.10142 75.46219 -13.402697 1260256398548
115.346344 79.98908 -14.682562 1260256398722
111.22903 76.48963 -17.698433 1260256398740
107.61758 73.21515 -19.363512 1260256398751
104.1867 70.254395 -20.395336 1260256398759
100.92736 67.69167 -21.125568 1260256398772
98.18099 65.70709 -21.81929 1260256398779
96.821945 65.07174 -22.478325 1260256398791
98.88085 68.218155 -21.704409 1260256398800
103.38681 72.05724 -20.169188 1260256398811
109.01747 76.15438 -18.460728 1260256398822
114.3166 80.14666 -16.887691 1260256398843
117.10077 83.88933 -15.893307 1260256398878
114.59573 86.494865 -17.248642 1260256398939
110.81595 83.72012 -18.33621 1260256398963
106.97515 81.084114 -18.9194 1260256398977
103.27639 78.72991 -19.32343 1260256398993
100.16257 76.993416 -19.707258 1260256399000
98.304436 75.94375 -20.171896 1260256399012
99.289215 78.29656 -19.913301 1260256399021
102.52476 81.88174 -18.867636 1260256399032
106.34852 85.78765 -17.724255 1260256399043
108.03109 89.29827 -17.038042 1260256399058
105.27953 86.93336 -18.58614 1260256399069
101.56556 83.83669 -19.456833 1260256399078
97.83728 80.84486 -19.983992 1260256399091
94.54542 78.50262 -20.384792 1260256399102
94.21815 78.02749 -20.365553 1260256399115
98.25724 80.126114 -19.347275 1260256399133
103.54438 82.769806 -17.92991 1260256399148
108.96716 85.38132 -16.483416 1260256399169
113.76881 87.71225 -15.159245 1260256399191
116.83037 89.72664 -14.351282 1260256399208
116.43885 91.4903 -14.733718 1260256399228
112.616905 88.36579 -16.897032 1260256399250
107.98606 83.8975 -18.60218 1260256399297
103.28676 79.152626 -20.072071 1260256399303
98.57242 74.795 -21.668468 1260256399320
94.693794 72.10525 -23.835045 1260256399334
94.0091 74.84998 -24.243292 1260256399524
96.908646 76.907486 -23.631126 1260256399531
102.163216 78.81211 -22.44957 1260256399548
108.00506 80.5715 -21.027092 1260256399554
113.604805 82.092926 -19.625738 1260256399567
117.97456 83.33828 -18.494452 1260256399579
120.075836 84.27136 -17.76973 1260256399588
119.52204 85.357796 -17.631243 1260256399601
116.89594 83.839905 -18.499681 1260256399610
112.80115 80.84791 -20.524698 1260256399623
108.31109 76.65551 -22.448463 1260256399635
103.69553 72.122734 -24.12604 1260256399641
98.81076 67.7166 -26.019737 1260256399657
111.370224 63.83077 -28.46875 1260256399669
123.351715 69.43923 -31.345312 1260256399679
117.78413 73.61727 -32.928047 1260256399693
113.24492 76.486404 -33.281643 1260256399699
108.28267 78.36208 -32.817562 1260256399709
119.318535 79.793976 -32.026684 1260256399730
126.802605 81.20428 -31.32535 1260256399746
129.61247 82.54406 -30.659082 1260256399766
131.78185 82.01685 -30.026129 1260256399790
133.74275 81.516014 -29.374823 1260256399807
135.65561 81.09021 -28.656082 1260256399833
137.42284 80.5857 -27.923279 1260256399852
138.95169 79.90642 -27.177114 1260256399866
140.40411 79.161095 -26.418259 1260256399886
