161.13867 30.962532 28.139797 1260256273039
155.63174 29.214405 27.232807 1260256273052
150.55016 27.453684 25.621166 1260256273061
145.62265 26.730999 23.540108 1260256273075
140.99152 27.294449 21.763102 1260256273104
136.89194 29.079727 20.374947 1260256273121
133.69734 31.775742 19.406199 1260256273132
132.06247 35.336956 18.88589 1260256273141
132.90935 39.67011 18.891594 1260256273157
135.91388 44.736603 19.147015 1260256273176
140.11818 50.19977 19.539663 1260256273184
146.16228 56.139782 19.81268 1260256273380
156.55417 44.73279 19.722046 1260256273412
154.47646 35.44615 18.785944 1260256273422
153.85263 27.673843 16.996647 1260256273436
154.46 19.99015 14.696815 1260256273450
158.13701 11.740643 11.961974 1260256273459
151.13016 19.15361 9.663876 1260256273470
149.52365 24.44593 9.130682 1260256273479
147.94746 28.923634 9.224148 1260256273492
158.20009 33.02745 9.562941 1260256273501
167.64009 37.12608 10.234794 1260256273512
177.05809 40.969776 10.823054 1260256273519
168.35518 44.62129 11.381902 1260256273538
177.63742 48.440224 12.262807 1260256273552
185.70555 52.568214 13.549666 1260256273561
192.87027 58.489803 14.772183 1260256273571
194.87675 63.06531 14.933575 1260256273578
195.43292 66.112045 14.886896 1260256273592
198.26128 68.75645 14.842551 1260256273598
199.99821 71.21863 14.750423 1260256273616
199.3483 73.55769 14.612903 1260256273623
197.33089 76.02981 14.382257 1260256273642
194.66434 78.678314 14.0131445 1260256273656
190.53111 80.6944 13.412487 1260256273677
182.95456 77.259674 12.141863 1260256273691
175.95683 73.24669 10.884769 1260256273703
169.25899 69.58435 9.490531 1260256273721
162.79604 66.505135 8.066005 1260256273738
156.60623 64.17988 6.6627045 1260256273757
150.67592 62.470882 5.129569 1260256273779
144.84212 60.89734 3.3730905 1260256273793
138.95001 59.202473 1.204436 1260256273811
133.00252 57.59235 -1.455786 1260256273836
127.90239 56.712734 -3.8829968 1260256273853
125.00727 60.277096 -5.288847 1260256273871
125.656906 63.71324 -5.724405 1260256273894
129.07407 67.27758 -5.3881845 1260256273908
133.27037 70.8637 -4.818775 1260256273929
137.25685 74.42052 -4.2278366 1260256273948
140.69402 77.89949 -3.6664448 1260256274141
142.95932 81.45451 -3.3331225 1260256274155
142.86136 85.13179 -3.3664663 1260256274164
138.86829 89.0752 -4.048143 1260256274178
149.62488 93.22144 -5.695736 1260256274194
158.99364 97.41037 -8.760949 1260256274201
151.34395 93.78985 -11.322902 1260256274218
144.67676 91.25036 -12.456757 1260256274230
138.39291 89.28784 -12.883919 1260256274237
132.37326 87.77345 -12.889723 1260256274251
126.654594 86.53478 -12.645237 1260256274260
121.371864 85.458046 -12.312975 1260256274279
116.653275 84.735146 -11.947326 1260256274293
113.17061 84.84839 -11.44996 1260256274301
115.91208 87.10597 -10.527462 1260256274312
120.96648 90.60067 -9.401089 1260256274329
127.86815 94.470634 -8.231034 1260256274338
136.22475 98.447105 -7.1694827 1260256274349
144.21352 102.32475 -6.2610087 1260256274360
144.75284 105.158516 -5.9479585 1260256274374
139.6152 105.00059 -6.2005606 1260256274383
133.78444 102.90056 -6.340533 1260256274399
128.19522 100.60553 -6.3235064 1260256274418
122.98546 98.425255 -6.107331 1260256274432
118.136185 96.50399 -5.8019643 1260256274451
114.179375 95.67879 -5.161866 1260256274468
119.6704 97.794846 -3.8537729 1260256274488
127.43688 101.2051 -2.6610842 1260256274509
136.41504 104.84485 -1.62803 1260256274531
144.4943 108.20261 -0.6966284 1260256274553
147.56958 109.942474 0.038203016 1260256274568
141.6411 108.24535 0.08629286 1260256274593
135.60904 105.63309 -0.06802179 1260256274615
129.92859 102.95143 -0.1646207 1260256274630
124.53216 100.553856 -0.20638967 1260256274649
119.95555 99.52616 0.003929821 1260256274670
125.20777 101.749855 0.85373336 1260256274688
132.54738 104.962364 1.6110467 1260256274708
139.22002 108.06425 2.1804943 1260256274915
143.05902 110.311035 2.5714695 1260256274924
142.30608 110.59548 2.292896 1260256274936
136.34077 108.26571 1.4282513 1260256274944
130.27374 104.852425 0.5568387 1260256274958
124.41006 101.3598 -0.27100325 1260256274972
118.88956 98.94181 -0.9074531 1260256274981
123.34508 100.24472 -0.46208045 1260256274992
129.32782 102.33248 0.26102355 1260256274999
135.81143 104.165855 1.0979724 1260256275016
142.02086 105.457565 1.7930738 1260256275030
148.36981 106.13469 2.25342 1260256275042
156.40132 106.277954 2.3907492 1260256275053
150.73126 106.01405 1.8212117 1260256275062
144.5947 103.563354 0.23015112 1260256275073
137.86496 99.03519 -2.2813563 1260256275080
131.3717 93.433426 -4.5172887 1260256275098
142.65312 87.611755 -6.741424 1260256275109
151.82047 82.131165 -9.454352 1260256275115
161.97945 85.97461 -12.431635 1260256275133
156.48047 87.82588 -12.810053 1260256275142
165.10645 89.13459 -12.16955 1260256275156
172.20113 90.32786 -11.161073 1260256275176
178.69107 91.611465 -9.953019 1260256275191
185.55652 92.730896 -8.905368 1260256275208
176.57869 93.54435 -8.0601 1260256275229
169.89975 93.96713 -7.5070944 1260256275248
163.45476 93.41878 -7.4817395 1260256275271
156.33202 91.24784 -8.707652 1260256275289
166.41542 86.535446 -10.822269 1260256275311
169.34465 80.85867 -12.631156 1260256275328
172.17741 75.31574 -14.649598 1260256275348
176.36855 70.399956 -17.167118 1260256275374
181.95012 58.229958 -20.458763 1260256275388
188.2026 64.01846 -23.335825 1260256275411
194.69247 69.01754 -25.619034 1260256275430
201.70786 72.816666 -26.938082 1260256275447
208.62247 75.425835 -27.241179 1260256275469
214.74135 77.25454 -26.92912 1260256275658
220.05428 78.69181 -26.332663 1260256275677
224.50156 80.05722 -25.71603 1260256275692
228.22647 81.35436 -25.18023 1260256275703
231.31514 82.63664 -24.721218 1260256275718
233.94939 83.95481 -24.385157 1260256275724
235.80191 85.35707 -24.2659 1260256275733
230.96182 86.93922 -24.402605 1260256275740
224.76373 85.54226 -24.682474 1260256275749
216.82555 83.86514 -24.798351 1260256275759
209.43427 82.221886 -24.558434 1260256275769
