176.93753 42.68568 17.046446 1260256392964
178.04065 42.651398 18.194124 1260256392978
178.93861 42.618828 19.284418 1260256392984
179.39168 42.737885 20.320198 1260256392996
179.6221 42.85099 21.254189 1260256393031
179.791 42.90844 22.191479 1260256393041
179.30145 42.913017 23.031904 1260256393052
178.43639 42.917366 23.78031 1260256393063
177.66457 42.8215 24.541294 1260256393078
176.28134 42.630424 25.264229 1260256393092
172.76727 42.2489 25.851017 1260256393101
167.22891 41.186455 25.858467 1260256393113
161.51747 38.827133 24.565544 1260256393131
155.9916 36.335777 22.737267 1260256393154
150.69202 34.368988 20.550404 1260256393168
145.75742 33.65054 18.122883 1260256393189
141.36954 34.11801 15.816739 1260256393210
137.90106 35.66211 14.025902 1260256393228
135.55602 38.929005 12.774607 1260256393248
134.82822 42.282555 12.135877 1260256393270
135.4868 46.168427 11.979083 1260256393293
136.96246 50.660004 12.0301285 1260256393308
139.21434 55.727005 12.078622 1260256393328
143.80362 61.590656 11.924691 1260256393349
143.61343 51.361122 10.928456 1260256393368
142.48276 42.943066 9.332033 1260256393388
140.40862 38.19591 6.9654317 1260256393409
134.58818 37.186115 3.11716 1260256393433
132.05878 40.92681 2.211302 1260256393448
130.80583 44.18047 2.200737 1260256393468
130.21555 47.421448 2.4907002 1260256393492
131.25478 50.850376 3.1161652 1260256393507
132.04204 54.057858 3.860357 1260256393690
132.93994 57.204964 4.6673393 1260256393699
136.29294 60.744717 6.0339723 1260256393710
146.77829 48.70748 9.0822735 1260256393719
141.93938 39.072105 10.42816 1260256393730
152.7424 28.4685 11.206752 1260256393737
152.70528 33.395077 10.996414 1260256393748
151.32 37.475323 10.346594 1260256393757
149.054 40.901558 9.379264 1260256393771
145.7513 42.456482 8.010301 1260256393782
140.71373 41.88366 6.0597854 1260256393793
135.37804 39.939476 4.456796 1260256393812
130.15913 37.792503 3.0839565 1260256393818
125.15118 35.80288 1.6797587 1260256393837
120.493614 34.362736 -0.0042292904 1260256393848
116.31893 33.6946 -2.0540178 1260256393857
112.652985 33.559868 -4.251317 1260256393872
109.72034 34.031876 -6.288751 1260256393879
108.18432 38.58028 -7.6243134 1260256393896
108.5751 42.901268 -8.143098 1260256393916
110.54635 47.206203 -8.035943 1260256393928
113.16903 51.49589 -7.684146 1260256393951
115.660576 55.871098 -7.2999387 1260256393968
117.27755 60.277542 -7.084942 1260256393991
116.96367 64.86366 -7.280695 1260256394009
113.26549 69.72048 -8.516661 1260256394028
108.75221 66.284454 -12.390828 1260256394049
104.7646 62.67023 -14.371286 1260256394068
101.026375 59.48672 -15.602722 1260256394089
97.42506 56.712383 -16.522587 1260256394108
94.103806 54.576763 -17.446457 1260256394128
91.298615 53.297924 -18.524134 1260256394149
89.933685 53.23303 -19.497927 1260256394171
91.037 56.921375 -19.32303 1260256394193
93.98515 60.92531 -18.40688 1260256394208
98.0359 65.17905 -17.236536 1260256394230
101.6341 69.370094 -16.17471 1260256394246
103.002396 73.55159 -15.665974 1260256394268
100.10227 77.47401 -16.982676 1260256394451
96.397156 74.80031 -18.833542 1260256394461
92.7773 72.26029 -19.591866 1260256394472
89.33843 70.14728 -19.962273 1260256394479
86.27151 68.639915 -20.114159 1260256394493
84.70793 68.35792 -20.10845 1260256394500
87.57253 70.84002 -19.353027 1260256394511
93.04391 74.64802 -17.935375 1260256394520
99.491714 78.81562 -16.488605 1260256394530
104.66713 82.62484 -15.264175 1260256394539
103.73377 84.5936 -15.800966 1260256394555
99.347084 81.06392 -16.510918 1260256394564
95.07973 77.710724 -17.035372 1260256394575
91.27574 75.47519 -17.633604 1260256394589
91.36195 77.10143 -17.651924 1260256394601
95.39386 79.24636 -16.869328 1260256394611
100.37417 81.73404 -15.775861 1260256394622
105.35546 84.04734 -14.637068 1260256394636
109.53769 86.14497 -13.655214 1260256394650
111.8608 87.83772 -13.122454 1260256394672
111.16776 89.29584 -13.466331 1260256394690
107.90938 86.98105 -15.043014 1260256394708
103.61391 83.08199 -16.940863 1260256394731
99.28321 78.27789 -18.093819 1260256394749
95.06905 73.164 -18.989128 1260256394768
90.5156 68.0058 -20.089672 1260256394788
103.789825 64.30551 -22.88519 1260256394808
101.750336 68.04024 -23.64093 1260256394829
103.76282 70.88822 -23.058884 1260256394848
108.174675 73.29381 -21.95594 1260256394871
113.51594 75.52912 -20.658144 1260256394888
118.390144 77.552666 -19.375237 1260256394911
121.970634 79.27503 -18.306475 1260256394928
122.922104 80.761284 -17.59115 1260256394948
121.726 82.22322 -17.411592 1260256394970
118.6897 84.36206 -18.241013 1260256394986
114.00521 81.24396 -20.678963 1260256395013
108.90495 76.73176 -22.945015 1260256395028
104.409706 71.79517 -24.297764 1260256395211
100.189224 66.955414 -25.432877 1260256395218
95.62976 62.507645 -26.811234 1260256395234
108.19827 58.53226 -28.920671 1260256395241
119.73836 46.905647 -31.524637 1260256395252
131.65144 52.910366 -33.398407 1260256395261
126.11887 57.714848 -34.378487 1260256395272
121.16293 61.429104 -34.65956 1260256395279
132.85478 64.35765 -34.426582 1260256395295
141.71204 66.939766 -34.005253 1260256395310
147.92644 66.89278 -33.50499 1260256395319
152.88011 66.89814 -32.92974 1260256395330
156.9861 66.95323 -32.283253 1260256395339
160.33679 67.00557 -31.61909 1260256395353
162.66995 66.90529 -31.138134 1260256395373
164.13646 66.66003 -30.781227 1260256395382
