7.0202646 0.14074509 5.417639 1258745719390
7.1745663 0.20998178 5.3619585 1258745719397
7.417857 0.2348956 5.221892 1258745719433
7.7531796 0.24426237 4.946496 1258745719439
8.162311 0.24226451 4.622216 1258745719450
8.529193 0.27305537 4.215403 1258745719469
8.744933 0.36223623 3.892265 1258745719487
8.719021 0.5123357 3.8338554 1258745719507
8.380455 0.70396346 4.0569024 1258745719526
7.7693853 0.92959493 4.547333 1258745719547
6.907609 1.11398 5.1467214 1258745719571
5.8961935 1.2264924 5.6888995 1258745719588
4.786887 1.1862793 6.0677657 1258745719606
3.6009285 0.9301513 6.2390466 1258745719627
2.4987845 0.5696947 5.9400334 1258745719647
1.5395991 0.07471305 5.2105856 1258745719667
0.7993082 -0.531723 4.0865264 1258745719687
0.34392214 -1.135078 2.6114216 1258745719707
0.12105878 -1.7927113 1.1174536 1258745719727
0.09117023 -2.537322 -0.38966715 1258745719750
0.22485824 -3.3591132 -1.8350523 1258745719767
0.46218666 -4.295087 -3.208168 1258745719787
0.73463887 -5.309569 -4.4281816 1258745719807
0.98529625 -6.319636 -5.4203453 1258745719827
1.0824502 -7.2383385 -6.11433 1258745719847
0.89961535 -8.010316 -6.4378734 1258745719867
0.40924922 -8.563906 -6.4115415 1258745719887
-0.37599578 -8.792892 -5.9881306 1258745719906
-1.3480763 -8.620888 -5.203159 1258745719927
-2.3049226 -8.048873 -4.1516585 1258745719954
-3.150592 -7.2003627 -3.0376415 1258745719967
-3.8654459 -6.2444544 -2.1162097 1258745719987
-4.462154 -5.3690305 -1.5520746 1258745720171
-4.97114 -4.6545124 -1.4479111 1258745720178
-5.3416276 -4.185474 -1.7671006 1258745720196
-5.481795 -3.9959497 -2.4605534 1258745720207
-5.347314 -3.9602776 -3.438731 1258745720216
-4.9137797 -4.1089015 -4.578434 1258745720225
-4.234964 -4.4135385 -5.7762437 1258745720233
-3.4552472 -4.771045 -6.9523 1258745720241
-2.7172403 -5.2196393 -8.015072 1258745720254
-2.1645956 -5.7030096 -8.830615 1258745720269
-1.94536 -6.173107 -9.200857 1258745720278
-2.1089215 -6.6469407 -9.003687 1258745720288
-2.526497 -6.9036736 -8.1769 1258745720294
-3.0907238 -6.8887835 -6.8915854 1258745720313
-3.6573849 -6.542301 -5.436267 1258745720321
-4.115353 -5.908047 -4.279812 1258745720333
-4.4680195 -5.2183356 -3.6783223 1258745720348
-4.681832 -4.533145 -3.6891773 1258745720359
-4.7031217 -3.9121785 -4.3382835 1258745720367
-4.489077 -3.423051 -5.2777367 1258745720387
-4.029672 -3.1163762 -6.36635 1258745720407
-3.375993 -3.10289 -7.4175587 1258745720427
-2.647397 -3.5232053 -8.134266 1258745720447
-1.9300332 -4.2630134 -8.354089 1258745720467
-1.3288976 -5.2600307 -8.043304 1258745720487
-0.922625 -6.272575 -7.284286 1258745720507
-0.68853295 -6.9484644 -6.267657 1258745720527
-0.62005544 -7.258223 -5.247378 1258745720546
-0.73683345 -7.141159 -4.428618 1258745720566
-0.9580974 -6.654027 -3.9810894 1258745720586
-1.2180125 -5.8943276 -4.1293535 1258745720613
-1.4622077 -4.913827 -4.786416 1258745720626
-1.6029367 -3.862492 -5.708911 1258745720646
-1.6188134 -2.8555517 -6.7105885 1258745720667
-1.5535362 -2.078747 -7.4571958 1258745720687
-1.4506618 -1.7194282 -7.8552475 1258745720707
-1.2616748 -1.8711319 -7.657256 1258745720727
-1.0378709 -2.4047923 -7.1218452 1258745720753
