7.5856256 -0.84073997 4.9464693 1258745730516
7.749115 -0.7639711 4.7148094 1258745730527
8.028376 -0.6692481 4.374873 1258745730536
8.442135 -0.5656409 3.9695308 1258745730546
8.953703 -0.48083442 3.5490427 1258745730552
9.475786 -0.389372 3.2367492 1258745730561
9.9275 -0.35151592 3.125988 1258745730573
10.208165 -0.35096556 3.2448196 1258745730578
10.204433 -0.32865015 3.6280737 1258745730589
9.854251 -0.24207285 4.281597 1258745730598
9.221249 -0.042689417 5.0447774 1258745730636
8.319568 0.22844693 5.794315 1258745730648
7.192607 0.36071926 6.4328256 1258745730656
5.910198 0.24938391 7.0148945 1258745730667
4.47126 -0.13696386 7.3329086 1258745730676
2.9394627 -0.7464365 7.3701067 1258745730687
1.4263686 -1.3962612 6.979128 1258745730701
0.038643558 -2.0408354 5.970947 1258745730713
-1.1203372 -2.579631 4.6202273 1258745730720
-1.9952711 -2.9689038 3.0339913 1258745730732
-2.5513272 -3.191613 1.4201474 1258745730740
-2.8398626 -3.2424667 -0.11300433 1258745730756
-3.0199907 -3.339811 -1.5694985 1258745730771
-3.1665957 -3.6148007 -2.8544204 1258745730780
-3.3746533 -4.140276 -3.8353782 1258745730794
-3.6771848 -4.8928156 -4.379108 1258745730815
-4.1103272 -5.7221394 -4.333131 1258745730830
-4.6791277 -6.392862 -3.6935625 1258745730851
-5.290995 -6.70316 -2.632415 1258745730871
-5.9022336 -6.602953 -1.3457888 1258745730888
-6.4086795 -6.0936975 -0.1704841 1258745730911
-6.7876506 -5.375635 0.5749009 1258745730932
-7.0897865 -4.649891 0.7341167 1258745731119
-7.2617235 -3.9795022 0.2186556 1258745731139
-7.209862 -3.4842846 -0.7872436 1258745731150
-6.879334 -3.179996 -2.064969 1258745731158
-6.2629604 -3.0816069 -3.423865 1258745731167
-5.495574 -3.342266 -4.6494384 1258745731175
-4.7577033 -3.9358492 -5.526344 1258745731186
-4.1479826 -4.7966766 -5.848641 1258745731196
-3.7533038 -5.8705254 -5.4996843 1258745731201
-3.579259 -6.795339 -4.5395966 1258745731212
-3.6039202 -7.297991 -3.2372904 1258745731235
-3.8119042 -7.3287625 -1.9674106 1258745731247
-4.169528 -6.8894553 -1.0422848 1258745731255
-4.5807776 -6.1043644 -0.77224505 1258745731266
-4.897234 -5.0888453 -1.1933196 1258745731279
-4.9853897 -3.9770021 -2.1367922 1258745731290
-4.7803864 -2.87989 -3.4076507 1258745731297
-4.348639 -2.0773516 -4.6449313 1258745731309
-3.7893362 -1.9605447 -5.5772243 1258745731315
-3.2171376 -2.4434252 -6.0556545 1258745731333
-2.6817212 -3.411563 -6.0429854 1258745731347
-2.269099 -4.50291 -5.5583234 1258745731367
-2.0616636 -5.2482142 -4.808462 1258745731389
-2.063457 -5.4196115 -3.978959 1258745731407
-2.2190707 -4.917766 -3.2781012 1258745731427
-2.3478353 -3.8880267 -3.0140865 1258745731447
-2.362561 -2.5583694 -3.216149 1258745731466
-2.2941473 -1.3278838 -3.7063942 1258745731487
-2.1739917 -0.4830868 -4.242953 1258745731506
-2.0434995 -0.2335157 -4.5368013 1258745731527
-1.8916103 -0.5875462 -4.5074563 1258745731547
-1.6397147 -1.2480395 -4.2800403 1258745731566
-1.320735 -1.9517821 -3.935283 1258745731586
-0.96254176 -2.437825 -3.5124211 1258745731607
-0.5813972 -2.6326067 -3.0725653 1258745731627
-0.22748204 -2.6923423 -2.6601505 1258745731646
