255.91664 5.5676255 55.40734 1258745730509
258.9708 5.0892444 56.936974 1258745730519
261.62225 -3.9152179 58.090126 1258745730530
264.19113 -12.469457 58.98562 1258745730539
266.63156 -20.695984 59.836338 1258745730549
269.84998 -28.461185 60.89452 1258745730556
256.35748 -27.088125 62.199795 1258745730569
246.3896 -25.68372 62.589806 1258745730576
237.92012 -24.399534 61.610317 1258745730586
230.17412 -23.429558 59.0798 1258745730595
223.01541 -22.80808 55.72581 1258745730631
216.41464 -22.367676 51.78952 1258745730641
210.1439 -21.599293 47.350044 1258745730653
203.6367 -20.319328 42.73254 1258745730662
195.65486 -18.503363 37.795914 1258745730671
185.92212 -16.378195 32.856117 1258745730679
193.57602 -7.909285 28.06331 1258745730693
200.49722 0.18617947 23.960146 1258745730709
207.27237 8.076871 20.612139 1258745730716
214.30875 15.773027 17.931532 1258745730727
204.39331 23.334377 15.884955 1258745730737
196.37364 30.767658 14.290708 1258745730750
190.40495 37.729275 12.976172 1258745730761
184.98471 43.94281 11.727364 1258745730774
176.53548 49.19567 10.390995 1258745730790
168.0087 53.335888 8.821445 1258745730808
159.85826 56.719093 6.880373 1258745730827
152.41534 56.23314 4.7363544 1258745730845
146.24458 54.77148 2.5995367 1258745730865
141.63235 52.482906 0.6195598 1258745730885
138.20073 49.508762 -1.2114183 1258745730908
136.2907 45.933323 -3.1508474 1258745730929
139.37616 41.936657 -5.593305 1258745730948
143.25735 32.439823 -7.26364 1258745731131
146.89449 22.617832 -7.750458 1258745731145
147.59976 12.786941 -7.412935 1258745731153
155.51978 21.047594 -6.492288 1258745731161
160.59378 28.195213 -5.3176737 1258745731172
157.2641 34.18545 -4.10179 1258745731178
152.30089 38.676178 -3.0467005 1258745731190
146.98584 40.84237 -2.4943655 1258745731198
141.88655 41.85025 -2.4196472 1258745731209
137.29222 41.657738 -2.698665 1258745731231
133.17761 40.52485 -3.4637318 1258745731241
129.71873 38.298607 -4.940545 1258745731252
132.4828 34.683678 -7.293518 1258745731259
135.30867 26.199493 -8.578842 1258745731271
136.94324 17.839518 -8.8499 1258745731287
137.24608 9.597542 -8.507405 1258745731293
135.98378 1.3676647 -7.732035 1258745731307
145.18459 -7.650718 -6.5454335 1258745731312
143.92535 0.031817894 -5.1181617 1258745731330
140.02908 5.6802273 -3.9622536 1258745731344
135.97763 9.146215 -3.164141 1258745731364
132.17874 11.888905 -2.755934 1258745731386
128.7698 13.09446 -3.0181372 1258745731403
127.43131 11.339737 -4.1172304 1258745731424
127.45975 7.17275 -4.7613688 1258745731444
127.13676 1.4141124 -4.8233004 1258745731464
126.47992 -4.7065935 -4.682135 1258745731484
125.40592 -11.1212635 -4.4480286 1258745731503
123.68562 -18.3652 -4.125627 1258745731523
122.051346 -11.49694 -3.5693457 1258745731544
120.44878 -7.0720925 -2.7408783 1258745731563
119.07634 -3.168488 -1.7538344 1258745731583
117.97252 -0.11006352 -0.41614264 1258745731604
116.57389 1.7454396 1.5546645 1258745731623
114.2952 2.9081676 3.7269313 1258745731643
