49.398438 9.595606 49.79825 1258745723853
49.128517 9.415826 49.958336 1258745723859
48.872093 9.445035 50.46042 1258745723878
48.22849 9.422783 51.437397 1258745723905
45.917065 9.201644 53.11553 1258745723917
60.871212 -0.10843864 54.359753 1258745723924
75.377655 -8.603017 55.091766 1258745723929
72.00877 -16.272867 55.637177 1258745723950
71.308334 -16.909224 55.605316 1258745723963
71.89292 -16.513762 52.17505 1258745723984
72.19827 -15.488073 48.016296 1258745724003
72.18836 -14.01367 43.71548 1258745724024
71.32894 -12.312986 39.229706 1258745724044
68.862495 -10.347337 34.568222 1258745724064
82.96937 -8.32997 29.839811 1258745724084
95.3709 -0.11347164 25.49782 1258745724104
106.80236 7.9922023 21.82293 1258745724124
117.56224 15.992593 18.781782 1258745724148
127.73413 23.892963 16.192694 1258745724163
137.69742 31.598316 14.033059 1258745724183
147.96254 38.8684 12.281406 1258745724204
141.71442 45.62498 10.967336 1258745724223
140.6287 51.64373 10.118969 1258745724243
134.44725 56.661545 9.313021 1258745724264
128.57489 60.77847 8.44737 1258745724286
122.89615 64.08955 7.275001 1258745724303
117.151344 67.03507 5.411251 1258745724324
111.79378 65.93332 2.9906883 1258745724343
107.60409 63.936653 0.29115397 1258745724363
105.473885 61.08982 -2.3234038 1258745724383
104.40019 57.68533 -4.807234 1258745724404
104.98019 54.001064 -7.416872 1258745724423
110.53117 50.35101 -10.446029 1258745724600
117.604614 39.48346 -13.273727 1258745724617
125.22438 28.709286 -14.860041 1258745724628
133.21317 36.22382 -15.417039 1258745724635
141.45251 25.412628 -15.196187 1258745724646
139.3299 15.291996 -14.386377 1258745724654
134.3634 5.677396 -13.217058 1258745724666
143.74524 14.193526 -11.956205 1258745724675
142.55798 21.63385 -10.958395 1258745724687
137.63008 27.552158 -10.660475 1258745724700
131.89857 32.17455 -11.277451 1258745724711
126.50365 33.015823 -12.613578 1258745724720
122.278465 32.71503 -14.082899 1258745724731
119.36454 31.52928 -15.328754 1258745724739
117.39632 29.552816 -16.512318 1258745724755
117.3265 26.875175 -18.036701 1258745724761
121.360176 18.281416 -19.784866 1258745724774
124.642166 9.867345 -20.045624 1258745724792
125.91006 1.5739775 -19.393343 1258745724804
124.56455 -6.454722 -18.173676 1258745724823
121.436325 -14.231986 -16.564991 1258745724844
115.36451 -22.120388 -14.786741 1258745724864
118.04629 -12.864368 -12.947404 1258745724884
116.19397 -5.72115 -11.200034 1258745724903
113.53427 -0.18509242 -9.890033 1258745724929
111.057556 3.3241622 -8.845531 1258745724943
108.95468 5.907954 -8.003255 1258745724964
107.306946 7.3625565 -7.553092 1258745724983
107.1916 5.9944286 -7.7254376 1258745725004
108.13202 1.8947072 -7.989166 1258745725023
108.72542 -3.7500284 -7.9397073 1258745725043
108.78915 -9.612527 -7.642722 1258745725070
108.04969 -15.581901 -7.060586 1258745725084
120.0472 -22.902805 -5.5075564 1258745725113
122.24484 -13.907665 -2.5321786 1258745725134
121.9326 -11.112282 -0.005569611 1258745725153
121.33597 -8.306667 2.094709 1258745725176
