163.9313 2.000681 -3.365269 1260174854841
164.13474 2.0006468 -3.3470056 1260174854876
164.178 2.0006144 -3.3296554 1260174854888
164.26909 2.0005836 -3.3131726 1260174854898
164.25563 2.0005546 -3.297514 1260174854927
164.19286 2.000527 -3.2826383 1260174854970
164.03322 2.0005004 -3.2685063 1260174854989
163.98155 2.0004754 -3.255081 1260174855006
164.03247 2.0004516 -3.242327 1260174855028
164.23085 2.000429 -3.2302105 1260174855193
164.46931 2.0004075 -3.1687 1260174855202
164.74585 2.0003872 -3.110265 1260174855214
165.15855 2.0003679 -3.0547519 1260174855221
165.45062 2.0003495 -3.0520144 1260174855230
165.6281 2.000332 -3.0494137 1260174855243
165.6467 2.0003154 -3.046943 1260174855254
165.61436 2.0002997 -3.0445957 1260174855270
165.48364 2.0002847 -3.042366 1260174855279
165.25946 2.0002704 -3.0402477 1260174855290
164.99649 2.0002568 -3.0382352 1260174855299
164.79666 2.000244 -3.0363235 1260174855320
164.70683 2.0002317 -3.0345073 1260174855339
164.6715 2.00022 -3.0327818 1260174855367
164.68791 2.000209 -3.0311427 1260174855386
164.65352 2.0001986 -3.0295856 1260174855430
164.67084 2.0001886 -3.0281062 1260174855453
164.73729 2.000179 -3.026701 1260174855470
164.95042 2.00017 -3.0253658 1260174855505
165.0529 2.0001614 -3.0240974 1260174855546
165.20026 2.0001533 -3.0228925 1260174855570
165.19025 2.0001457 -3.0217478 1260174855607
165.08073 2.0001383 -3.0206604 1260174855666
165.0267 2.0001314 -3.0196273 1260174855686
164.92537 2.0001247 -3.068646 1260174855731
164.92911 2.0001185 -3.0652137 1260174855746
164.88264 2.0001125 -3.061953 1260174855766
164.78851 2.0001068 -3.0588555 1260174855789
164.6491 2.0001016 -3.0559127 1260174855805
164.56664 2.0000966 -3.053117 1260174855826
164.5883 2.0000918 -3.0504613 1260174855846
164.7089 2.0000873 -3.0479383 1260174855866
164.87344 2.000083 -3.0455415 1260174855886
164.97977 2.000079 -3.0432644 1260174855905
165.03078 2.0000749 -3.0411012 1260174855945
165.12924 2.000071 -3.039046 1260174855966
165.02278 2.0000675 -3.0370936 1260174855986
164.87164 2.0000641 -3.085239 1260174856026
164.77806 2.000061 -3.080977 1260174856046
164.88916 2.000058 -3.0769281 1260174856068
165.0947 2.000055 -3.0730817 1260174856241
165.38997 2.0000522 -3.0694277 1260174856260
165.72047 2.0000496 -3.0659564 1260174856263
165.98445 2.0000472 -3.0626585 1260174856272
166.13522 2.0000448 -3.0595257 1260174856276
166.07846 2.0000427 -3.0565495 1260174856288
166.12454 2.2500405 -3.153722 1260174856299
