155.62614 -16.904404 0.5587151 1260174871941
155.69484 -17.209183 1.6307794 1260174871949
158.4101 -17.548723 3.8992405 1260174871984
163.13959 -24.571287 7.1042786 1260174871997
167.58261 -31.492723 9.949064 1260174872009
171.60349 -38.26809 12.301611 1260174872020
175.22331 -44.804684 14.336531 1260174872031
178.06215 -51.16445 16.369703 1260174872045
179.60904 -57.356228 18.801218 1260174872063
179.0286 -54.488415 22.311157 1260174872077
177.02716 -51.513992 23.3956 1260174872097
175.0258 -48.738293 23.12582 1260174872120
173.22452 -46.201378 22.319529 1260174872138
171.5633 -43.84131 21.303553 1260174872156
169.93513 -41.599243 20.388374 1260174872176
168.18839 -39.26928 19.818956 1260174872196
166.17897 -36.505814 20.728008 1260174872216
165.37003 -26.680523 22.541609 1260174872238
165.40152 -17.096497 23.314528 1260174872423
165.88144 -7.841671 23.698801 1260174872433
166.38737 0.9504131 23.91386 1260174872445
166.518 9.2528925 24.018167 1260174872453
166.1421 17.090248 24.067259 1260174872464
164.935 24.235735 24.313896 1260174872471
163.23825 30.523949 25.848202 1260174872482
161.72633 29.54775 26.505793 1260174872491
160.54002 28.070362 26.480503 1260174872502
159.46303 26.466845 26.156477 1260174872523
158.43988 24.893503 25.648653 1260174872530
157.36789 23.448828 25.11622 1260174872542
156.1995 22.276386 24.81041 1260174872550
154.83952 21.862566 26.16989 1260174872564
154.64755 28.819437 27.411394 1260174872580
154.96518 35.578465 27.740824 1260174872587
155.41692 42.09954 27.753782 1260174872605
155.94608 48.344563 27.616093 1260174872614
156.29877 54.277336 27.385288 1260174872628
156.28383 59.86347 27.116024 1260174872642
155.66963 64.9703 27.110224 1260174872658
155.03615 69.52178 28.304712 1260174872677
154.18434 66.845695 29.939476 1260174872700
153.47513 63.80341 30.492502 1260174872719
152.90137 60.713238 30.417877 1260174872737
152.4563 57.627575 29.846983 1260174872759
152.08348 54.546196 28.904634 1260174872778
151.72931 51.368885 27.709402 1260174872797
151.34285 47.85044 26.573933 1260174872818
150.77571 43.907917 25.745235 1260174872837
150.08693 39.612522 25.207973 1260174872860
