5.88959 -5.5118923 7.408143 1260174871946
13.8821 -5.581222 9.071133 1260174871958
1.8324957 -4.6506877 4.5028844 1260174871989
20.261688 0.026141644 5.0943127 1260174872003
11.384102 6.159148 -14.22008 1260174872017
14.447376 9.965354 -2.1243234 1260174872028
26.44064 11.158306 -13.442806 1260174872040
9.763976 10.503352 -15.613127 1260174872051
13.936801 8.498023 0.22870302 1260174872067
9.338924 -8.540403 4.577833 1260174872087
-0.3756485 8.151325 8.952181 1260174872100
-2.916964 -10.989274 17.716671 1260174872123
-0.055159092 7.049045 30.294933 1260174872146
7.282263 -1.9219289 20.927624 1260174872159
10.966339 -7.3948193 25.732954 1260174872179
11.077033 8.111075 19.821093 1260174872199
15.9729595 -12.160937 6.833164 1260174872220
5.4295907 5.6023374 -5.517766 1260174872241
3.9144707 -15.1539135 -15.7459545 1260174872427
5.369356 3.7382026 -23.941732 1260174872441
5.1564474 -14.198325 -24.023819 1260174872448
3.406145 -7.9551754 -28.9748 1260174872459
1.2041883 3.892219 -21.442116 1260174872468
0.8512616 2.0876102 -9.198421 1260174872479
14.001371 2.9420886 2.1109693 1260174872488
18.121735 6.700266 9.555777 1260174872499
19.391151 -2.0395732 17.749363 1260174872506
18.040207 -7.40199 27.809526 1260174872527
13.0068245 5.1007824 36.257874 1260174872539
6.3622503 11.6442175 22.770433 1260174872548
2.643352 2.8120599 7.8877926 1260174872558
15.737886 -3.4358954 0.29994678 1260174872568
17.333994 0.88629484 -1.525065 1260174872583
17.133226 2.512374 -12.37087 1260174872592
18.072233 2.7756038 -21.021849 1260174872608
18.416676 2.708531 -23.328415 1260174872620
18.165184 1.4854994 -20.576591 1260174872631
17.49076 -3.7183168 -16.574219 1260174872646
16.355667 -13.397909 -11.685929 1260174872664
7.7111015 -8.126631 -13.994972 1260174872681
-0.085969925 4.3991823 3.8328865 1260174872708
2.6841078 -9.890379 15.373886 1260174872723
1.1619682 7.7665973 14.09586 1260174872743
-3.330318 -8.420207 18.62759 1260174872766
-2.616078 10.045116 20.174381 1260174872781
6.4178605 -6.5696516 9.400574 1260174872802
10.562269 9.670019 8.083564 1260174872825
6.85995 4.324025 13.785 1260174872842
2.234819 -5.362242 0.707762 1260174872863
