163.9313 2.000681 -3.365269 1.6760728 -9.2214575 13.349137 1260174854841
163.9313 2.000681 -3.365269 1.6017404 -9.276085 13.258017 1260174854847
164.13474 2.0006468 -3.3470056 1.6017404 -9.276085 13.258017 1260174854876
164.13474 2.0006468 -3.3470056 1.440486 -9.276224 13.2736 1260174854880
164.178 2.0006144 -3.3296554 1.440486 -9.276224 13.2736 1260174854888
164.178 2.0006144 -3.3296554 1.2737361 -9.276357 13.341648 1260174854890
164.26909 2.0005836 -3.3131726 1.2737361 -9.276357 13.341648 1260174854898
164.26909 2.0005836 -3.3131726 1.237394 -9.276483 13.244455 1260174854902
164.26909 2.0005836 -3.3131726 1.1829126 -9.222001 13.353416 1260174854912
164.25563 2.0005546 -3.297514 1.1829126 -9.222001 13.353416 1260174854927
164.25563 2.0005546 -3.297514 1.0859938 -9.222119 13.3635845 1260174854932
164.25563 2.0005546 -3.297514 1.0315124 -9.222119 13.309103 1260174854946
164.19286 2.000527 -3.2826383 1.0315124 -9.222119 13.309103 1260174854970
164.19286 2.000527 -3.2826383 0.9418179 -9.222233 13.317844 1260174854974
164.03322 2.0005004 -3.2685063 0.9418179 -9.222233 13.317844 1260174854989
164.03322 2.0005004 -3.2685063 0.750085 -9.222341 13.270838 1260174854992
163.98155 2.0004754 -3.255081 0.750085 -9.222341 13.270838 1260174855006
164.03247 2.0004516 -3.242327 0.750085 -9.222341 13.270838 1260174855028
164.03247 2.0004516 -3.242327 0.54967654 -9.22254 13.282543 1260174855031
164.23085 2.000429 -3.2302105 0.54967654 -9.22254 13.282543 1260174855193
164.46931 2.0004075 -3.1687 0.54967654 -9.22254 13.282543 1260174855202
164.46931 2.0004075 -3.1687 -0.11575046 -9.22272 13.301346 1260174855210
164.74585 2.0003872 -3.110265 -0.11575046 -9.22272 13.301346 1260174855214
165.15855 2.0003679 -3.0547519 -0.11575046 -9.22272 13.301346 1260174855221
165.15855 2.0003679 -3.0547519 -1.2313402 -9.222881 13.341593 1260174855225
165.45062 2.0003495 -3.0520144 -1.2313402 -9.222881 13.341593 1260174855230
165.45062 2.0003495 -3.0520144 -1.312545 -9.222957 13.285965 1260174855234
165.45062 2.0003495 -3.0520144 -1.3670263 -9.222957 13.340446 1260174855238
165.6281 2.000332 -3.0494137 -1.3670263 -9.222957 13.340446 1260174855243
165.6281 2.000332 -3.0494137 -1.3924077 -9.223027 13.39381 1260174855248
165.6467 2.0003154 -3.046943 -1.3924077 -9.223027 13.39381 1260174855254
165.6467 2.0003154 -3.046943 -1.4165154 -9.223096 13.33824 1260174855258
165.61436 2.0002997 -3.0445957 -1.4165154 -9.223096 13.33824 1260174855270
165.61436 2.0002997 -3.0445957 -1.3849312 -9.22316 13.337183 1260174855273
165.48364 2.0002847 -3.042366 -1.3849312 -9.22316 13.337183 1260174855279
165.48364 2.0002847 -3.042366 -1.4611585 -9.223221 13.281678 1260174855282
165.25946 2.0002704 -3.0402477 -1.4611585 -9.223221 13.281678 1260174855290
165.25946 2.0002704 -3.0402477 -1.481814 -9.22328 13.335167 1260174855293
164.99649 2.0002568 -3.0382352 -1.481814 -9.22328 13.335167 1260174855299
164.99649 2.0002568 -3.0382352 -1.5695349 -9.223335 13.388689 1260174855309
164.79666 2.000244 -3.0363235 -1.5695349 -9.223335 13.388689 1260174855320
164.79666 2.000244 -3.0363235 -1.5200654 -9.223388 13.387762 1260174855329
164.70683 2.0002317 -3.0345073 -1.5200654 -9.223388 13.387762 1260174855339
164.70683 2.0002317 -3.0345073 -1.4832833 -9.223437 13.441351 1260174855342
164.70683 2.0002317 -3.0345073 -1.5377647 -9.223437 13.386869 1260174855351
164.6715 2.00022 -3.0327818 -1.5377647 -9.223437 13.386869 1260174855367
164.6715 2.00022 -3.0327818 -1.500094 -9.223485 13.331526 1260174855374
164.68791 2.000209 -3.0311427 -1.500094 -9.223485 13.331526 1260174855386
164.68791 2.000209 -3.0311427 -1.5160611 -9.22353 13.2762165 1260174855393
164.65352 2.0001986 -3.0295856 -1.5160611 -9.22353 13.2762165 1260174855430
164.65352 2.0001986 -3.0295856 -1.5312265 -9.223573 13.329899 1260174855435
164.67084 2.0001886 -3.0281062 -1.5312265 -9.223573 13.329899 1260174855453
164.67084 2.0001886 -3.0281062 -1.6001139 -9.223613 13.329131 1260174855459
164.73729 2.000179 -3.026701 -1.6001139 -9.223613 13.329131 1260174855470
164.73729 2.000179 -3.026701 -1.6818973 -9.223652 13.328394 1260174855481
164.95042 2.00017 -3.0253658 -1.6818973 -9.223652 13.328394 1260174855505
164.95042 2.00017 -3.0253658 -1.6948944 -9.223689 13.382167 1260174855526
165.0529 2.0001614 -3.0240974 -1.6948944 -9.223689 13.382167 1260174855546
165.20026 2.0001533 -3.0228925 -1.6948944 -9.223689 13.382167 1260174855570
165.20026 2.0001533 -3.0228925 -1.7189662 -9.223757 13.326355 1260174855577
165.19025 2.0001457 -3.0217478 -1.7189662 -9.223757 13.326355 1260174855607
165.19025 2.0001457 -3.0217478 -1.7301041 -9.223788 13.271252 1260174855618
165.19025 2.0001457 -3.0217478 -1.6620023 -9.223788 13.325731 1260174855625
165.19025 2.0001457 -3.0217478 -1.6620023 -9.223788 13.380213 1260174855645
165.08073 2.0001383 -3.0206604 -1.6620023 -9.223788 13.380213 1260174855666
165.0267 2.0001314 -3.0196273 -1.6620023 -9.223788 13.380213 1260174855686
165.0267 2.0001314 -3.0196273 -1.6826315 -9.223846 13.433525 1260174855689
165.0267 2.0001314 -3.0196273 -1.7507333 -9.223846 13.379044 1260174855705
164.92537 2.0001247 -3.068646 -1.7507333 -9.223846 13.379044 1260174855731
164.92537 2.0001247 -3.068646 -1.3271594 -9.223874 13.398439 1260174855734
164.92911 2.0001185 -3.0652137 -1.3271594 -9.223874 13.398439 1260174855746
164.92911 2.0001185 -3.0652137 -1.2381189 -9.27838 13.288378 1260174855749
164.88264 2.0001125 -3.061953 -1.2381189 -9.27838 13.288378 1260174855766
164.88264 2.0001125 -3.061953 -1.2699757 -9.278405 13.232807 1260174855769
164.78851 2.0001068 -3.0588555 -1.2699757 -9.278405 13.232807 1260174855789
164.6491 2.0001016 -3.0559127 -1.2699757 -9.278405 13.232807 1260174855805
164.56664 2.0000966 -3.053117 -1.2699757 -9.278405 13.232807 1260174855826
164.56664 2.0000966 -3.053117 -1.4243646 -9.223989 13.3386 1260174855829
164.5883 2.0000918 -3.0504613 -1.4243646 -9.223989 13.3386 1260174855846
164.5883 2.0000918 -3.0504613 -1.3821841 -9.224009 13.337587 1260174855849
164.7089 2.0000873 -3.0479383 -1.3821841 -9.224009 13.337587 1260174855866
164.7089 2.0000873 -3.0479383 -1.4068036 -9.224027 13.391079 1260174855869
164.87344 2.000083 -3.0455415 -1.4068036 -9.224027 13.391079 1260174855886
164.97977 2.000079 -3.0432644 -1.4068036 -9.224027 13.391079 1260174855905
165.03078 2.0000749 -3.0411012 -1.4068036 -9.224027 13.391079 1260174855945
165.03078 2.0000749 -3.0411012 -1.4190105 -9.224077 13.333784 1260174855949
165.12924 2.000071 -3.039046 -1.4190105 -9.224077 13.333784 1260174855966
165.12924 2.000071 -3.039046 -1.4390475 -9.278574 13.332901 1260174855969
165.02278 2.0000675 -3.0370936 -1.4390475 -9.278574 13.332901 1260174855986
165.02278 2.0000675 -3.0370936 -1.51256 -9.278589 13.3320465 1260174855990
165.02278 2.0000675 -3.0370936 -1.5806618 -9.278589 13.3320465 1260174856006
164.87164 2.0000641 -3.085239 -1.5806618 -9.278589 13.3320465 1260174856026
164.87164 2.0000641 -3.085239 -1.1648898 -9.278603 13.347792 1260174856029
164.77806 2.000061 -3.080977 -1.1648898 -9.278603 13.347792 1260174856046
164.77806 2.000061 -3.080977 -1.1521044 -9.2241335 13.346748 1260174856050
164.88916 2.000058 -3.0769281 -1.1521044 -9.2241335 13.346748 1260174856068
164.88916 2.000058 -3.0769281 -1.1236032 -9.224146 13.345687 1260174856228
165.0947 2.000055 -3.0730817 -1.1236032 -9.224146 13.345687 1260174856241
165.0947 2.000055 -3.0730817 -1.1067331 -9.224158 13.344618 1260174856253
165.38997 2.0000522 -3.0694277 -1.1067331 -9.224158 13.344618 1260174856260
165.72047 2.0000496 -3.0659564 -1.1067331 -9.224158 13.344618 1260174856263
165.72047 2.0000496 -3.0659564 -1.2308617 -9.22418 13.287996 1260174856269
165.98445 2.0000472 -3.0626585 -1.2308617 -9.22418 13.287996 1260174856272
166.13522 2.0000448 -3.0595257 -1.2308617 -9.22418 13.287996 1260174856276
166.13522 2.0000448 -3.0595257 -1.2936859 -9.224199 13.340368 1260174856279
166.13522 2.0000448 -3.0595257 -1.2936859 -9.224199 13.285887 1260174856282
166.07846 2.0000427 -3.0565495 -1.2936859 -9.224199 13.285887 1260174856288
166.07846 2.0000427 -3.0565495 -1.2682693 -9.224209 13.284855 1260174856291
166.12454 2.2500405 -3.153722 -1.2682693 -9.224209 13.284855 1260174856299
