164.48883 1.5157604 -3.8108323 5.993582 -10.013412 8.229179 1260174849467
164.48883 1.5157604 -3.8108323 5.67121 -10.030328 8.45767 1260174849471
164.76439 1.5399724 -3.7202907 5.67121 -10.030328 8.45767 1260174849521
164.76439 1.5399724 -3.7202907 5.0058284 -10.04051 8.682098 1260174849529
165.42616 1.4629738 -3.3842762 5.0058284 -10.04051 8.682098 1260174849535
165.42616 1.4629738 -3.3842762 2.8044934 -9.674988 8.238126 1260174849538
166.30486 1.4898251 -2.9150624 2.8044934 -9.674988 8.238126 1260174849549
166.30486 1.4898251 -2.9150624 -1.1931522 -10.135641 8.979769 1260174849552
167.08961 1.5653338 -2.4693093 -1.1931522 -10.135641 8.979769 1260174849560
167.08961 1.5653338 -2.4693093 -5.027179 -10.371908 9.710285 1260174849563
168.13513 1.5870671 -1.8458439 -5.027179 -10.371908 9.710285 1260174849571
168.13513 1.5870671 -1.8458439 -7.7427177 -10.207314 9.577548 1260174849575
168.62837 1.8577138 -1.5035517 -7.7427177 -10.207314 9.577548 1260174849583
168.62837 1.8577138 -1.5035517 -8.919769 -10.461771 8.96652 1260174849593
168.69696 2.0148282 -1.4283742 -8.919769 -10.461771 8.96652 1260174849602
168.69696 2.0148282 -1.4283742 -9.728017 -9.639645 8.500832 1260174849608
168.8621 2.1140869 -1.3569554 -9.728017 -9.639645 8.500832 1260174849618
168.8621 2.1140869 -1.3569554 -9.617647 -9.083557 7.968796 1260174849621
168.869 2.2583826 -1.4891076 -9.617647 -9.083557 7.968796 1260174849630
168.869 2.2583826 -1.4891076 -10.366616 -8.431328 8.754313 1260174849633
168.77556 2.2954633 -1.6146523 -10.366616 -8.431328 8.754313 1260174849651
168.77556 2.2954633 -1.6146523 -10.376252 -7.8550315 9.601127 1260174849654
168.68678 2.3306901 -1.6839197 -10.376252 -7.8550315 9.601127 1260174849667
168.68678 2.3306901 -1.6839197 -10.145972 -7.51272 10.023868 1260174849694
168.40245 2.3141556 -1.7497237 -10.145972 -7.51272 10.023868 1260174849697
168.40245 2.3141556 -1.7497237 -10.120256 -7.5280213 10.3877325 1260174849700
168.03233 2.2984478 -1.8622375 -10.120256 -7.5280213 10.3877325 1260174849711
168.03233 2.2984478 -1.8622375 -9.986037 -7.631305 11.0802355 1260174849719
168.03233 2.2984478 -1.8622375 -10.013278 -7.617685 11.189198 1260174849726
167.83072 2.2835255 -1.9691256 -10.013278 -7.617685 11.189198 1260174849769
167.83072 2.2835255 -1.9691256 -9.618436 -7.727753 11.747454 1260174849777
167.58919 2.269349 -2.0206695 -9.618436 -7.727753 11.747454 1260174849793
167.58919 2.269349 -2.0206695 -9.342496 -7.8178506 11.947996 1260174849800
167.58919 2.269349 -2.0206695 -9.274394 -7.8587112 12.056959 1260174849991
167.45973 2.2558815 -2.069636 -9.274394 -7.8587112 12.056959 1260174850003
167.23674 2.2430875 -2.1161542 -9.274394 -7.8587112 12.056959 1260174850012
167.23674 2.2430875 -2.1161542 -8.882381 -8.021618 12.482219 1260174850018
166.9749 2.2309332 -2.1603465 -8.882381 -8.021618 12.482219 1260174850021
166.87616 2.2193866 -2.2023292 -8.882381 -8.021618 12.482219 1260174850028
166.87616 2.2193866 -2.2023292 -8.413763 -8.109622 12.702316 1260174850033
166.73235 2.2084172 -2.2422128 -8.413763 -8.109622 12.702316 1260174850037
166.73235 2.2084172 -2.2422128 -8.122295 -8.174088 12.891016 1260174850042
166.69572 2.1979964 -2.230102 -8.122295 -8.174088 12.891016 1260174850048
166.69572 2.1979964 -2.230102 -8.141084 -8.234452 12.730495 1260174850053
166.86093 2.1880965 -2.218597 -8.141084 -8.234452 12.730495 1260174850057
166.96788 2.1786916 -2.207667 -8.141084 -8.234452 12.730495 1260174850060
166.96788 2.1786916 -2.207667 -8.273804 -8.343996 12.590384 1260174850067
167.11949 2.1697571 -2.1472838 -8.273804 -8.343996 12.590384 1260174850070
167.11949 2.1697571 -2.1472838 -8.447694 -8.339201 12.164502 1260174850076
167.41351 2.3612692 -1.9899195 -8.447694 -8.339201 12.164502 1260174850081
167.41351 2.3612692 -1.9899195 -8.801948 -7.793334 12.15068 1260174850093
167.59283 2.5432057 -1.8904235 -8.801948 -7.793334 12.15068 1260174850099
167.59283 2.5432057 -1.8904235 -9.317276 -6.4738665 11.80608 1260174850108
167.7632 2.6660454 -1.7959024 -9.317276 -6.4738665 11.80608 1260174850113
167.7632 2.6660454 -1.7959024 -9.634473 -5.344767 11.206576 1260174850116
167.87505 2.7827432 -1.7561072 -9.634473 -5.344767 11.206576 1260174850122
167.87505 2.7827432 -1.7561072 -9.8229 -4.299814 11.006969 1260174850127
167.68129 2.743606 -1.8683019 -9.8229 -4.299814 11.006969 1260174850130
167.68129 2.743606 -1.8683019 -9.955168 -4.0569043 11.855567 1260174850136
167.54723 2.6564257 -1.9248868 -9.955168 -4.0569043 11.855567 1260174850142
167.54723 2.6564257 -1.9248868 -9.60064 -4.7745943 12.267721 1260174850152
167.41986 2.6236045 -1.9786425 -9.60064 -4.7745943 12.267721 1260174850158
167.41986 2.6236045 -1.9786425 -9.404787 -5.1655736 12.584451 1260174850161
167.24887 2.5924244 -2.0297103 -9.404787 -5.1655736 12.584451 1260174850169
167.24887 2.5924244 -2.0297103 -9.249126 -5.4831333 12.964661 1260174850174
167.24887 2.5924244 -2.0297103 -9.289988 -5.415032 13.019142 1260174850178
167.13643 2.5628033 -2.078225 -9.289988 -5.415032 13.019142 1260174850194
166.92961 2.5346632 -2.1243136 -9.289988 -5.415032 13.019142 1260174850207
166.92961 2.5346632 -2.1243136 -8.786143 -5.889058 13.49345 1260174850210
166.88313 2.50793 -2.118098 -8.786143 -5.889058 13.49345 1260174850248
166.88313 2.50793 -2.118098 -8.763521 -6.170332 13.208117 1260174850256
166.73898 2.4825335 -2.162193 -8.763521 -6.170332 13.208117 1260174850266
166.73898 2.4825335 -2.162193 -8.585067 -6.369008 13.417828 1260174850276
166.75203 2.4584067 -2.2040834 -8.585067 -6.369008 13.417828 1260174850285
166.71443 2.4354863 -2.2438793 -8.585067 -6.369008 13.417828 1260174850309
166.71443 2.4354863 -2.2438793 -8.166607 -6.726734 13.692453 1260174850312
166.67871 2.413712 -2.3316853 -8.166607 -6.726734 13.692453 1260174850331
166.67871 2.413712 -2.3316853 -7.669443 -6.833099 14.198111 1260174850335
166.29477 2.3430264 -2.5651011 -7.669443 -6.833099 14.198111 1260174850347
166.29477 2.3430264 -2.5651011 -6.4587097 -7.115636 14.722104 1260174850354
165.88004 2.275875 -2.7868462 -6.4587097 -7.115636 14.722104 1260174850368
165.88004 2.275875 -2.7868462 -4.4528227 -7.5450153 15.040625 1260174850371
165.33603 2.2120814 -3.047504 -4.4528227 -7.5450153 15.040625 1260174850388
165.33603 2.2120814 -3.047504 -2.1874018 -8.043695 14.975935 1260174850391
164.86923 2.1514773 -3.2951288 -2.1874018 -8.043695 14.975935 1260174850408
164.86923 2.1514773 -3.2951288 0.15033531 -8.397981 14.356884 1260174850416
164.87576 2.1439035 -3.3803723 0.15033531 -8.397981 14.356884 1260174850427
164.87576 2.1439035 -3.3803723 1.5687482 -8.601907 14.425068 1260174850430
164.93198 2.1367083 -3.4613538 1.5687482 -8.601907 14.425068 1260174850449
164.93198 2.1367083 -3.4613538 2.2769296 -8.639929 14.195622 1260174850452
165.13538 2.1298728 -3.438286 2.2769296 -8.639929 14.195622 1260174850466
165.13538 2.1298728 -3.438286 2.3475518 -8.56669 14.178204 1260174850475
165.2286 2.1233792 -3.4163718 2.3475518 -8.56669 14.178204 1260174850487
165.2286 2.1233792 -3.4163718 2.1959853 -8.600268 14.212761 1260174850492
165.26718 2.1172101 -3.3955534 2.1959853 -8.600268 14.212761 1260174850507
165.26718 2.1172101 -3.3955534 1.9990561 -8.686324 14.19084 1260174850511
165.26718 2.1172101 -3.3955534 2.0262969 -8.686324 14.286182 1260174850526
165.35382 2.1113496 -3.3757756 2.0262969 -8.686324 14.286182 1260174850547
165.35382 2.1113496 -3.3757756 1.7837406 -8.716023 14.262704 1260174850552
165.53613 2.105782 -3.3569868 1.7837406 -8.716023 14.262704 1260174850567
165.53613 2.105782 -3.3569868 1.6314862 -8.743972 14.1971855 1260174850574
165.80933 2.100493 -3.3391373 1.6314862 -8.743972 14.1971855 1260174850588
165.80933 2.100493 -3.3391373 1.4602791 -8.824761 14.171677 1260174850591
166.01886 2.0954683 -3.3221805 1.4602791 -8.824761 14.171677 1260174850614
166.01886 2.0954683 -3.3221805 1.269825 -8.849535 14.186453 1260174850622
166.16792 2.090695 -3.3060715 1.269825 -8.849535 14.186453 1260174850627
166.10953 2.0861602 -3.290768 1.269825 -8.849535 14.186453 1260174850646
166.00404 2.0818522 -3.2762296 1.269825 -8.849535 14.186453 1260174850670
166.00404 2.0818522 -3.2762296 0.8251271 -8.861108 14.106966 1260174850673
166.00404 2.0818522 -3.2762296 0.81150675 -8.861108 13.998003 1260174850689
165.85384 2.0777595 -3.262418 0.81150675 -8.861108 13.998003 1260174850707
165.85384 2.0777595 -3.262418 0.67725694 -8.880653 13.917187 1260174850712
165.76114 2.0738716 -3.2492971 0.67725694 -8.880653 13.917187 1260174850726
165.72308 2.070178 -3.2368324 0.67725694 -8.880653 13.917187 1260174850751
165.73692 2.0666692 -3.2249908 0.67725694 -8.880653 13.917187 1260174850766
165.73692 2.0666692 -3.2249908 0.38050404 -8.919273 13.949327 1260174850774
165.65007 2.0633357 -3.2137413 0.38050404 -8.919273 13.949327 1260174850786
165.71756 2.060169 -3.2030542 0.38050404 -8.919273 13.949327 1260174850810
165.71756 2.060169 -3.2030542 0.16609278 -8.949401 13.846226 1260174850813
165.63168 2.0571606 -3.1929014 0.16609278 -8.949401 13.846226 1260174850971
165.63168 2.0571606 -3.1929014 0.012272328 -8.963221 13.822853 1260174850977
165.6501 2.0543027 -3.1832564 0.012272328 -8.963221 13.822853 1260174850980
165.6501 2.0543027 -3.1832564 -0.027664661 -8.976276 13.80015 1260174850983
165.5676 2.0515876 -3.1740935 -0.027664661 -8.976276 13.80015 1260174850992
165.5676 2.0515876 -3.1740935 -0.17188042 -8.988614 13.778135 1260174850996
165.58922 2.0490081 -3.1653888 -0.17188042 -8.988614 13.778135 1260174850999
165.58922 2.0490081 -3.1653888 -0.20267068 -9.000276 13.702343 1260174851007
165.55975 2.0465577 -3.1571193 -0.20267068 -9.000276 13.702343 1260174851013
165.55975 2.0465577 -3.1571193 -0.33817774 -9.011301 13.627263 1260174851019
165.43176 2.0442297 -3.1492634 -0.33817774 -9.011301 13.627263 1260174851031
165.43176 2.0442297 -3.1492634 -0.41516012 -9.021727 13.661861 1260174851039
165.36017 2.0420182 -3.1418002 -0.41516012 -9.021727 13.661861 1260174851048
165.36017 2.0420182 -3.1418002 -0.4882989 -9.031587 13.697174 1260174851051
165.34216 2.0399172 -3.13471 -0.4882989 -9.031587 13.697174 1260174851066
165.34216 2.0399172 -3.13471 -0.5577813 -9.040915 13.733195 1260174851086
165.42505 2.0379214 -3.1279745 -0.5577813 -9.040915 13.733195 1260174851106
165.4538 2.0360253 -3.1215758 -0.5577813 -9.040915 13.733195 1260174851128
165.4311 2.034224 -3.115497 -0.5577813 -9.040915 13.733195 1260174851147
165.4311 2.034224 -3.115497 -0.8141415 -9.065997 13.736452 1260174851152
165.50955 2.032513 -3.1097224 -0.8141415 -9.065997 13.736452 1260174851185
165.68407 2.0308874 -3.1042364 -0.8141415 -9.065997 13.736452 1260174851211
165.68407 2.0308874 -3.1042364 -0.856339 -9.080565 13.705633 1260174851216
165.89986 2.029343 -3.0990245 -0.856339 -9.080565 13.705633 1260174851235
165.89986 2.029343 -3.0990245 -0.90737414 -9.087276 13.636691 1260174851246
165.90486 2.0278757 -3.0940733 -0.90737414 -9.087276 13.636691 1260174851269
165.90486 2.0278757 -3.0940733 -1.0239487 -9.093631 13.622841 1260174851272
165.85962 2.0264819 -3.0893695 -1.0239487 -9.093631 13.622841 1260174851285
165.85962 2.0264819 -3.0893695 -1.0699883 -9.099651 13.5551 1260174851289
165.76663 2.0251577 -3.084901 -1.0699883 -9.099651 13.5551 1260174851310
165.76663 2.0251577 -3.084901 -1.0456122 -9.105354 13.487933 1260174851313
165.6283 2.0238998 -3.080656 -1.0456122 -9.105354 13.487933 1260174851326
165.6283 2.0238998 -3.080656 -1.0326604 -9.110758 13.530281 1260174851329
165.54688 2.0227048 -3.0766232 -1.0326604 -9.110758 13.530281 1260174851345
165.54688 2.0227048 -3.0766232 -1.072104 -9.115877 13.464203 1260174851349
165.41953 2.0215695 -3.072792 -1.072104 -9.115877 13.464203 1260174851366
165.41953 2.0215695 -3.072792 -1.1095653 -9.12073 13.507599 1260174851369
165.39854 2.170491 -3.0691524 -1.1095653 -9.12073 13.507599 1260174851406
165.39854 2.170491 -3.0691524 -1.1587657 -8.839097 14.982662 1260174851409
165.17862 2.5119665 -3.2656946 -1.1587657 -8.839097 14.982662 1260174851426
165.17862 2.5119665 -3.2656946 0.1506927 -7.1190724 16.222803 1260174851429
164.86969 2.6863682 -3.45241 0.1506927 -7.1190724 16.222803 1260174851446
164.86969 2.6863682 -3.45241 1.8939536 -5.275751 16.85209 1260174851449
