155.62614 -16.904404 0.5587151 3.3134735 -5.279945 6.638491 1260174871941
155.62614 -16.904404 0.5587151 5.88959 -5.5118923 7.408143 1260174871946
155.69484 -17.209183 1.6307794 5.88959 -5.5118923 7.408143 1260174871949
155.69484 -17.209183 1.6307794 13.8821 -5.581222 9.071133 1260174871958
158.4101 -17.548723 3.8992405 13.8821 -5.581222 9.071133 1260174871984
158.4101 -17.548723 3.8992405 1.8324957 -4.6506877 4.5028844 1260174871989
163.13959 -24.571287 7.1042786 1.8324957 -4.6506877 4.5028844 1260174871997
163.13959 -24.571287 7.1042786 20.261688 0.026141644 5.0943127 1260174872003
167.58261 -31.492723 9.949064 20.261688 0.026141644 5.0943127 1260174872009
167.58261 -31.492723 9.949064 11.384102 6.159148 -14.22008 1260174872017
171.60349 -38.26809 12.301611 11.384102 6.159148 -14.22008 1260174872020
171.60349 -38.26809 12.301611 14.447376 9.965354 -2.1243234 1260174872028
175.22331 -44.804684 14.336531 14.447376 9.965354 -2.1243234 1260174872031
175.22331 -44.804684 14.336531 26.44064 11.158306 -13.442806 1260174872040
178.06215 -51.16445 16.369703 26.44064 11.158306 -13.442806 1260174872045
178.06215 -51.16445 16.369703 9.763976 10.503352 -15.613127 1260174872051
179.60904 -57.356228 18.801218 9.763976 10.503352 -15.613127 1260174872063
179.60904 -57.356228 18.801218 13.936801 8.498023 0.22870302 1260174872067
179.0286 -54.488415 22.311157 13.936801 8.498023 0.22870302 1260174872077
179.0286 -54.488415 22.311157 9.338924 -8.540403 4.577833 1260174872087
177.02716 -51.513992 23.3956 9.338924 -8.540403 4.577833 1260174872097
177.02716 -51.513992 23.3956 -0.3756485 8.151325 8.952181 1260174872100
175.0258 -48.738293 23.12582 -0.3756485 8.151325 8.952181 1260174872120
175.0258 -48.738293 23.12582 -2.916964 -10.989274 17.716671 1260174872123
173.22452 -46.201378 22.319529 -2.916964 -10.989274 17.716671 1260174872138
173.22452 -46.201378 22.319529 -0.055159092 7.049045 30.294933 1260174872146
171.5633 -43.84131 21.303553 -0.055159092 7.049045 30.294933 1260174872156
171.5633 -43.84131 21.303553 7.282263 -1.9219289 20.927624 1260174872159
169.93513 -41.599243 20.388374 7.282263 -1.9219289 20.927624 1260174872176
169.93513 -41.599243 20.388374 10.966339 -7.3948193 25.732954 1260174872179
168.18839 -39.26928 19.818956 10.966339 -7.3948193 25.732954 1260174872196
168.18839 -39.26928 19.818956 11.077033 8.111075 19.821093 1260174872199
166.17897 -36.505814 20.728008 11.077033 8.111075 19.821093 1260174872216
166.17897 -36.505814 20.728008 15.9729595 -12.160937 6.833164 1260174872220
165.37003 -26.680523 22.541609 15.9729595 -12.160937 6.833164 1260174872238
165.37003 -26.680523 22.541609 5.4295907 5.6023374 -5.517766 1260174872241
165.40152 -17.096497 23.314528 5.4295907 5.6023374 -5.517766 1260174872423
165.40152 -17.096497 23.314528 3.9144707 -15.1539135 -15.7459545 1260174872427
165.88144 -7.841671 23.698801 3.9144707 -15.1539135 -15.7459545 1260174872433
165.88144 -7.841671 23.698801 5.369356 3.7382026 -23.941732 1260174872441
166.38737 0.9504131 23.91386 5.369356 3.7382026 -23.941732 1260174872445
166.38737 0.9504131 23.91386 5.1564474 -14.198325 -24.023819 1260174872448
166.518 9.2528925 24.018167 5.1564474 -14.198325 -24.023819 1260174872453
166.518 9.2528925 24.018167 3.406145 -7.9551754 -28.9748 1260174872459
166.1421 17.090248 24.067259 3.406145 -7.9551754 -28.9748 1260174872464
166.1421 17.090248 24.067259 1.2041883 3.892219 -21.442116 1260174872468
164.935 24.235735 24.313896 1.2041883 3.892219 -21.442116 1260174872471
164.935 24.235735 24.313896 0.8512616 2.0876102 -9.198421 1260174872479
163.23825 30.523949 25.848202 0.8512616 2.0876102 -9.198421 1260174872482
163.23825 30.523949 25.848202 14.001371 2.9420886 2.1109693 1260174872488
161.72633 29.54775 26.505793 14.001371 2.9420886 2.1109693 1260174872491
161.72633 29.54775 26.505793 18.121735 6.700266 9.555777 1260174872499
160.54002 28.070362 26.480503 18.121735 6.700266 9.555777 1260174872502
160.54002 28.070362 26.480503 19.391151 -2.0395732 17.749363 1260174872506
159.46303 26.466845 26.156477 19.391151 -2.0395732 17.749363 1260174872523
159.46303 26.466845 26.156477 18.040207 -7.40199 27.809526 1260174872527
158.43988 24.893503 25.648653 18.040207 -7.40199 27.809526 1260174872530
158.43988 24.893503 25.648653 13.0068245 5.1007824 36.257874 1260174872539
157.36789 23.448828 25.11622 13.0068245 5.1007824 36.257874 1260174872542
157.36789 23.448828 25.11622 6.3622503 11.6442175 22.770433 1260174872548
156.1995 22.276386 24.81041 6.3622503 11.6442175 22.770433 1260174872550
156.1995 22.276386 24.81041 2.643352 2.8120599 7.8877926 1260174872558
154.83952 21.862566 26.16989 2.643352 2.8120599 7.8877926 1260174872564
154.83952 21.862566 26.16989 15.737886 -3.4358954 0.29994678 1260174872568
154.64755 28.819437 27.411394 15.737886 -3.4358954 0.29994678 1260174872580
154.64755 28.819437 27.411394 17.333994 0.88629484 -1.525065 1260174872583
154.96518 35.578465 27.740824 17.333994 0.88629484 -1.525065 1260174872587
154.96518 35.578465 27.740824 17.133226 2.512374 -12.37087 1260174872592
155.41692 42.09954 27.753782 17.133226 2.512374 -12.37087 1260174872605
155.41692 42.09954 27.753782 18.072233 2.7756038 -21.021849 1260174872608
155.94608 48.344563 27.616093 18.072233 2.7756038 -21.021849 1260174872614
155.94608 48.344563 27.616093 18.416676 2.708531 -23.328415 1260174872620
156.29877 54.277336 27.385288 18.416676 2.708531 -23.328415 1260174872628
156.29877 54.277336 27.385288 18.165184 1.4854994 -20.576591 1260174872631
156.28383 59.86347 27.116024 18.165184 1.4854994 -20.576591 1260174872642
156.28383 59.86347 27.116024 17.49076 -3.7183168 -16.574219 1260174872646
155.66963 64.9703 27.110224 17.49076 -3.7183168 -16.574219 1260174872658
155.66963 64.9703 27.110224 16.355667 -13.397909 -11.685929 1260174872664
155.03615 69.52178 28.304712 16.355667 -13.397909 -11.685929 1260174872677
155.03615 69.52178 28.304712 7.7111015 -8.126631 -13.994972 1260174872681
154.18434 66.845695 29.939476 7.7111015 -8.126631 -13.994972 1260174872700
154.18434 66.845695 29.939476 -0.085969925 4.3991823 3.8328865 1260174872708
153.47513 63.80341 30.492502 -0.085969925 4.3991823 3.8328865 1260174872719
153.47513 63.80341 30.492502 2.6841078 -9.890379 15.373886 1260174872723
152.90137 60.713238 30.417877 2.6841078 -9.890379 15.373886 1260174872737
152.90137 60.713238 30.417877 1.1619682 7.7665973 14.09586 1260174872743
152.4563 57.627575 29.846983 1.1619682 7.7665973 14.09586 1260174872759
152.4563 57.627575 29.846983 -3.330318 -8.420207 18.62759 1260174872766
152.08348 54.546196 28.904634 -3.330318 -8.420207 18.62759 1260174872778
152.08348 54.546196 28.904634 -2.616078 10.045116 20.174381 1260174872781
151.72931 51.368885 27.709402 -2.616078 10.045116 20.174381 1260174872797
151.72931 51.368885 27.709402 6.4178605 -6.5696516 9.400574 1260174872802
151.34285 47.85044 26.573933 6.4178605 -6.5696516 9.400574 1260174872818
151.34285 47.85044 26.573933 10.562269 9.670019 8.083564 1260174872825
150.77571 43.907917 25.745235 10.562269 9.670019 8.083564 1260174872837
150.77571 43.907917 25.745235 6.85995 4.324025 13.785 1260174872842
150.08693 39.612522 25.207973 6.85995 4.324025 13.785 1260174872860
150.08693 39.612522 25.207973 2.234819 -5.362242 0.707762 1260174872863
