2.5729969 -2.2655187 8.530763 1260161799025
2.5601199 -2.2652917 8.594557 1260161799064
2.5710413 -2.2875495 8.646989 1260161799070
2.5732446 -2.3168666 8.702248 1260161799090
2.6107507 -2.3392699 8.677789 1260161799099
2.6191406 -2.3959658 8.657277 1260161799113
2.6134908 -2.449827 8.654135 1260161799128
2.6578376 -2.5173395 8.676348 1260161799144
2.7374232 -2.608717 8.719242 1260161799165
2.8409512 -2.7200422 8.781785 1260161799187
2.9665434 -2.8366976 8.857545 1260161799204
3.12195 -2.9366238 8.945861 1260161799224
3.3077233 -3.039726 9.046787 1260161799247
3.5203018 -3.1458454 9.161736 1260161799448
3.7528973 -3.257555 9.290005 1260161799457
3.9684148 -3.3691273 9.395516 1260161799470
4.1397862 -3.4642246 9.456934 1260161799476
4.23585 -3.5246024 9.455351 1260161799490
4.222914 -3.5165837 9.346928 1260161799497
4.077827 -3.3802536 9.09274 1260161799508
3.7901704 -3.0648222 8.719825 1260161799516
3.3377893 -2.5826497 8.338315 1260161799528
2.788849 -1.9958735 8.101869 1260161799545
2.1263852 -1.5399077 8.058395 1260161799554
1.5583361 -1.3798282 8.099499 1260161799565
1.2672609 -1.6098034 7.976465 1260161799574
1.2835768 -2.2791133 7.505454 1260161799591
1.7185838 -3.2152865 6.6166945 1260161799610
2.347723 -4.290569 5.4127955 1260161799619
2.9726458 -5.3420515 4.124035 1260161799631
3.5029879 -6.248342 2.9596417 1260161799637
3.8794625 -6.991502 2.1524348 1260161799656
4.104996 -7.593989 1.8657055 1260161799667
4.200075 -8.073052 2.0952225 1260161799684
4.135809 -8.342926 2.6973574 1260161799695
3.831633 -8.290124 3.5629041 1260161799714
3.266173 -7.8306704 4.533635 1260161799728
2.461346 -7.0060096 5.466726 1260161799750
1.492455 -6.0039754 6.2155967 1260161799767
0.4616838 -5.104481 6.619885 1260161799794
-0.49303213 -4.5857034 6.6668553 1260161799807
-1.1786816 -4.652661 6.349176 1260161799827
-1.4548081 -5.2297573 5.6966567 1260161799853
-1.2390541 -6.163455 4.749875 1260161799866
-0.6227532 -7.25273 3.5732584 1260161799889
0.07646252 -8.287541 2.4037151 1260161799909
0.5609288 -9.0629015 1.5364532 1260161799932
0.6234577 -9.359556 1.1817755 1260161799948
0.25450018 -8.971938 1.3882835 1260161799969
-0.36637333 -7.9104257 2.0012488 1260161799992
-1.1026219 -6.603703 2.7286224 1260161800005
-1.755068 -5.580923 3.2772949 1260161800207
-2.162414 -5.2787223 3.3708546 1260161800224
-2.232039 -5.6855884 2.929905 1260161800233
-1.9386054 -6.577426 2.0996683 1260161800244
-1.4167203 -7.6460023 1.1107243 1260161800251
-0.89913684 -8.5978155 0.2645269 1260161800266
-0.6144619 -9.297732 -0.19953297 1260161800273
-0.65933174 -9.57175 -0.118730515 1260161800284
-0.9804942 -9.280442 0.45176947 1260161800293
-1.457215 -8.471145 1.3832864 1260161800304
-1.9516417 -7.404026 2.333605 1260161800318
-2.338263 -6.450874 2.9789832 1260161800330
-2.5482383 -6.0561423 3.180758 1260161800339
-2.5182118 -6.2763567 2.8453367 1260161800351
-2.2574599 -6.988151 2.1786864 1260161800363
-1.8415341 -7.956512 1.3778384 1260161800374
-1.3912423 -8.83287 0.6524457 1260161800388
-1.0656176 -9.48494 0.21598008 1260161800397
-0.93265766 -9.697839 0.16636309 1260161800409
-0.97796214 -9.435639 0.5496299 1260161800424
-1.1674201 -8.765681 1.3059994 1260161800436
-1.4332134 -7.858857 2.208425 1260161800454
-1.6966132 -7.076372 2.9397411 1260161800469
-1.8862326 -6.7538805 3.2476737 1260161800491
-1.9029268 -6.9528284 3.0737128 1260161800507
-1.7281014 -7.5926623 2.483495 1260161800527
-1.4407961 -8.449076 1.7280171 1260161800550
-1.1733043 -9.142128 1.0920352 1260161800567
-1.0792263 -9.421202 0.7050969 1260161800591
-1.1614684 -9.2055235 0.67733324 1260161800613
-1.3526473 -8.651267 0.91723555 1260161800631
-1.5506117 -8.053217 1.2159686 1260161800647
-1.6446975 -7.8296638 1.4098707 1260161800666
-1.5965135 -8.084466 1.371385 1260161800694
-1.4370089 -8.727648 1.1427766 1260161800707
-1.2221447 -9.56 0.8656692 1260161800727
-1.0486696 -10.225429 0.7120609 1260161800747
-1.0023652 -10.510266 0.8405831 1260161800770
-1.0802783 -10.340925 1.2916105 1260161800787
-1.2421468 -9.759863 1.972744 1260161800967
-1.4156715 -8.981075 2.6109676 1260161800976
-1.5389779 -8.5579 3.02319 1260161800987
-1.4933558 -8.623062 3.087913 1260161800996
-1.3226645 -9.157592 2.844985 1260161801007
-1.1135176 -10.0120325 2.5127318 1260161801016
-0.97543865 -10.750201 2.2849426 1260161801028
-1.01588 -11.148409 2.3212004 1260161801034
-1.2334069 -11.089493 2.5940013 1260161801054
-1.5176934 -10.558173 3.0397608 1260161801065
-1.7850415 -9.753091 3.520438 1260161801072
-2.0056522 -8.971918 3.8047838 1260161801086
-2.0715377 -8.532856 3.789566 1260161801093
-1.9938395 -8.501204 3.497935 1260161801111
-1.792676 -8.65637 2.9518838 1260161801118
-1.5293827 -8.801054 2.3343875 1260161801129
-1.315348 -8.643623 1.8247211 1260161801148
-1.2339172 -8.141978 1.4719744 1260161801158
-1.3383896 -7.452257 1.3840743 1260161801172
-1.6698654 -6.7098517 1.5525457 1260161801191
-2.2360628 -6.1108055 1.8692274 1260161801214
-2.9925568 -5.8147993 2.244306 1260161801228
-3.8460677 -5.8747835 2.5590887 1260161801249
-4.695721 -6.3417406 2.8063748 1260161801273
-5.436833 -7.1074715 3.0079267 1260161801287
-6.049633 -8.04535 3.163988 1260161801309
-6.52964 -9.04053 3.2271194 1260161801325
-6.891667 -9.985951 3.1365893 1260161801345
-7.196774 -10.884102 2.8830554 1260161801368
-7.4702816 -11.721 2.474668 1260161801391
-7.70764 -12.490855 1.9498154 1260161801405
-7.900442 -13.2222185 1.3143209 1260161801428
-8.097224 -13.917013 0.65271467 1260161801450
-8.3917675 -14.544379 0.103867725 1260161801472
-8.807106 -15.025967 -0.2479635 1260161801487
-9.3256235 -15.305729 -0.38470814 1260161801508
-9.854309 -15.219417 -0.21837297 1260161801531
-10.259855 -14.877953 0.34893686 1260161801545
-10.515731 -14.430298 1.230433 1260161801750
-10.589921 -13.898787 2.2653494 1260161801762
-10.450648 -13.41292 3.130704 1260161801772
-10.072492 -12.937726 3.5387323 1260161801783
-9.464671 -12.437259 3.5034473 1260161801793
-8.704729 -11.9481945 3.2233982 1260161801804
-7.891528 -11.513548 2.9021893 1260161801815
-7.1441846 -11.089737 2.6276865 1260161801825
-6.4641733 -10.689841 2.4656563 1260161801831
-5.874006 -10.2329855 2.4131992 1260161801837
-5.401198 -9.73087 2.3960538 1260161801851
-4.9935727 -9.253861 2.5363998 1260161801857
-4.6887317 -8.784358 2.732382 1260161801866
