1.3961139 -3.1356149 8.707774 1260161809557
1.4284608 -3.1545367 8.69053 1260161809569
1.4646386 -3.232442 8.690493 1260161809577
1.4874301 -3.316667 8.698629 1260161809615
1.5199783 -3.4266458 8.72066 1260161809626
1.5767778 -3.548151 8.74159 1260161809633
1.6498058 -3.6118236 8.728103 1260161809650
1.7573193 -3.6661835 8.693498 1260161809663
1.8839738 -3.7014809 8.655175 1260161809673
2.0247262 -3.7486339 8.624217 1260161809693
2.1884055 -3.8179457 8.592082 1260161809904
2.384762 -3.9083085 8.569726 1260161809913
2.618291 -4.015946 8.564833 1260161809924
2.8769183 -4.1399937 8.579252 1260161809930
3.1416829 -4.2632875 8.604528 1260161809945
3.3816319 -4.3667965 8.614239 1260161809952
3.5734894 -4.4324408 8.601671 1260161809963
3.7012727 -4.4348736 8.56794 1260161809972
3.7368586 -4.3663588 8.503206 1260161809983
3.637867 -4.197074 8.400167 1260161809992
3.3613122 -3.8837056 8.283212 1260161810009
2.9051762 -3.4355009 8.219094 1260161810017
2.3118079 -2.9688454 8.254206 1260161810029
1.7038419 -2.6263132 8.363835 1260161810038
1.2645208 -2.554927 8.435295 1260161810049
1.1148055 -2.8616698 8.262102 1260161810056
1.3178518 -3.494265 7.702578 1260161810069
1.7926869 -4.308389 6.7127056 1260161810077
2.4119916 -5.128116 5.4045777 1260161810092
3.0200806 -5.8115144 3.9616368 1260161810103
3.509233 -6.348375 2.62898 1260161810114
3.8881195 -6.8338757 1.6346818 1260161810134
4.1568055 -7.3386865 1.1184586 1260161810147
4.3514466 -7.8434544 1.1626452 1260161810169
4.4566765 -8.27327 1.6656713 1260161810189
4.401373 -8.476608 2.530364 1260161810205
4.1091166 -8.328589 3.5956264 1260161810228
3.5468075 -7.8222656 4.6518917 1260161810247
2.7470174 -7.0320764 5.542295 1260161810272
1.7999368 -6.1288486 6.1362014 1260161810285
0.811678 -5.3525043 6.3708 1260161810308
-0.061109237 -4.9561667 6.325348 1260161810329
-0.66347826 -5.09109 6.1364307 1260161810353
-0.7665078 -5.6775923 5.668889 1260161810366
-0.30322754 -6.6011567 4.8821726 1260161810389
0.5734209 -7.6671844 3.8031366 1260161810411
1.5519747 -8.674462 2.607798 1260161810425
2.2112367 -9.450907 1.7024103 1260161810448
2.260033 -9.751316 1.3333056 1260161810633
1.7595323 -9.353644 1.6105541 1260161810645
0.9054111 -8.309821 2.3023002 1260161810654
-0.05787092 -7.0859623 3.0582066 1260161810665
-0.7768558 -6.185488 3.5897188 1260161810674
-1.1057625 -6.0130982 3.6009178 1260161810686
-0.95717496 -6.520811 3.0599327 1260161810692
-0.41013044 -7.415835 2.159179 1260161810704
0.26687685 -8.405035 1.191095 1260161810713
0.7499947 -9.093479 0.5240727 1260161810727
0.8527846 -9.310969 0.42227614 1260161810744
0.5881337 -8.943487 0.85812503 1260161810750
0.12423791 -8.127882 1.5459504 1260161810758
-0.30829087 -7.3033433 2.185764 1260161810770
-0.52850837 -6.848282 2.4483113 1260161810795
-0.46394598 -6.973046 2.2666473 1260161810806
-0.14586815 -7.5941625 1.803272 1260161810817
0.32179302 -8.449139 1.2343532 1260161810832
0.7415545 -9.206885 0.8668587 1260161810846
0.92172134 -9.546737 0.95086604 1260161810855
0.80004233 -9.315248 1.5162385 1260161810875
0.4801421 -8.595466 2.3938508 1260161810886
0.084980495 -7.6712737 3.2766159 1260161810907
-0.2155111 -6.9574165 3.816276 1260161810930
-0.33549088 -6.7048883 4.0163665 1260161810945
-0.25333866 -6.962129 3.7508514 1260161810968
0.0017704444 -7.5810676 3.1696808 1260161810989
0.29928654 -8.299814 2.5297174 1260161811013
0.47432607 -8.816455 1.951717 1260161811025
0.3974904 -8.87005 1.7839863 1260161811048
0.09226959 -8.456512 1.9869435 1260161811070
-0.2998428 -7.845045 2.3772478 1260161811085
-0.5783692 -7.493654 2.6874263 1260161811108
-0.5753294 -7.624286 2.749188 1260161811129
-0.27960414 -8.2428055 2.549756 1260161811152
0.21994147 -9.149796 2.215239 1260161811165
0.7333278 -9.992368 1.9716787 1260161811189
0.99426603 -10.503379 2.0474353 1260161811209
0.91867405 -10.508041 2.5688753 1260161811407
0.56015337 -9.979916 3.4701297 1260161811417
0.06428675 -9.13973 4.5047483 1260161811429
-0.34821907 -8.426001 5.227487 1260161811437
-0.5024245 -8.110939 5.472109 1260161811450
-0.34790996 -8.286981 5.180797 1260161811456
0.0140803475 -8.831504 4.4981647 1260161811468
0.4465034 -9.435971 3.7202704 1260161811476
0.7469805 -9.81885 3.0609498 1260161811487
0.73687214 -9.805982 2.7723799 1260161811496
0.4950423 -9.282993 2.8162735 1260161811511
0.06644686 -8.414319 3.1269743 1260161811526
-0.46806905 -7.4092903 3.4630013 1260161811534
-1.0555382 -6.410247 3.6119723 1260161811545
-1.7825261 -5.6579695 3.5893698 1260161811554
-2.6025581 -5.1946015 3.4521244 1260161811571
-3.4565003 -5.0908246 3.316293 1260161811583
-4.303839 -5.3524947 3.2614841 1260161811594
-5.059097 -5.936823 3.33268 1260161811611
-5.677163 -6.7405057 3.4636507 1260161811626
-6.1948624 -7.657233 3.6125894 1260161811636
-6.5872483 -8.645941 3.6635058 1260161811650
-6.8687587 -9.60973 3.539579 1260161811671
-7.1307454 -10.525329 3.2127762 1260161811685
-7.4048305 -11.395148 2.6666815 1260161811711
-7.772812 -12.216028 2.0300756 1260161811730
-8.279709 -12.954322 1.3320006 1260161811752
-8.9076805 -13.451396 0.7457843 1260161811765
-9.576441 -13.650529 0.3339355 1260161811788
-10.192014 -13.4787655 0.096589096 1260161811812
-10.732542 -12.9662285 0.15373223 1260161811825
-11.182709 -12.350606 0.5669143 1260161811847
-11.563377 -11.760316 1.338083 1260161811866
-11.82286 -11.27309 2.2845328 1260161811892
-11.854167 -10.89263 3.1700397 1260161811905
-11.618312 -10.53664 3.7810874 1260161811928
-11.179048 -10.252932 4.106201 1260161811949
-10.560165 -10.040614 4.2999673 1260161811969
-9.878247 -9.877049 4.4677005 1260161812151
