6.514557 -1.3054973 5.6276937 1260089010908
6.5967584 -1.2885747 5.5165634 1260089010915
6.679617 -1.2724983 5.385792 1260089010926
6.7583327 -1.2572256 5.239766 1260089010935
6.8283453 -1.2454406 5.0901456 1260089010977
6.8948574 -1.236969 4.9507303 1260089010989
6.960087 -1.2234728 4.8121567 1260089010997
7.022055 -1.2133754 4.655995 1260089011015
7.082287 -1.2092311 4.4776764 1260089011027
7.142231 -1.2189144 4.283757 1260089011036
7.2066693 -1.2533112 4.098853 1260089011052
7.293083 -1.2941602 3.9422626 1260089011064
7.3738146 -1.338415 3.807122 1260089011076
7.4559574 -1.3940774 3.6957638 1260089011094
7.539441 -1.460577 3.598146 1260089011108
7.5990014 -1.540096 3.508133 1260089011128
7.6576266 -1.6258544 3.4253447 1260089011154
7.7105966 -1.7018766 3.3439717 1260089011167
7.7568316 -1.7584344 3.2639434 1260089011191
7.798031 -1.8012681 3.1824684 1260089011211
7.8358083 -1.8337878 3.096895 1260089011235
7.868973 -1.8592334 3.0101519 1260089011248
7.899117 -1.8779585 2.9216168 1260089011271
7.9250298 -1.8868942 2.8347845 1260089011293
7.9367075 -1.889935 2.7522938 1260089011307
7.934181 -1.8873756 2.685505 1260089011354
7.928376 -1.9428307 2.601625 1260089011403
7.8813195 -2.0064092 2.5301113 1260089011409
7.8407016 -2.0668087 2.4655783 1260089011467
7.8327603 -2.1269124 2.3933756 1260089011479
7.9226017 -2.1731145 2.2886891 1260089011943
8.196592 -2.2966857 2.026474 1260089011955
8.617604 -2.5073776 1.5832795 1260089011965
9.131976 -2.779042 1.0294464 1260089011981
9.648551 -3.1828609 0.348714 1260089011987
9.960871 -3.4370954 -0.22306988 1260089012003
10.062803 -3.521984 -0.6695601 1260089012014
10.000962 -3.500476 -1.0167708 1260089012021
9.79239 -3.403088 -1.268985 1260089012027
9.455318 -3.2581313 -1.4146081 1260089012050
9.00707 -3.106802 -1.4310479 1260089012057
8.481123 -2.9439707 -1.3356599 1260089012078
7.897709 -2.7729366 -1.1708103 1260089012093
7.27945 -2.6213505 -0.9672131 1260089012104
6.6560097 -2.48824 -0.7683476 1260089012110
6.0303717 -2.3781295 -0.601218 1260089012126
5.423757 -2.2905498 -0.47649568 1260089012140
4.866542 -2.2189264 -0.4213441 1260089012162
4.391669 -2.178125 -0.4595254 1260089012177
4.043373 -2.1809056 -0.5959072 1260089012195
3.8555057 -2.2325804 -0.8221744 1260089012216
3.8581824 -2.3286617 -1.1365567 1260089012236
4.0663924 -2.4778254 -1.5455447 1260089012255
4.4787126 -2.6801414 -2.0559855 1260089012276
5.076084 -2.9438486 -2.6791508 1260089012296
5.796816 -3.257705 -3.3821635 1260089012315
6.5673194 -3.5967295 -4.107912 1260089012338
7.3054266 -3.932423 -4.8082695 1260089012362
7.9283113 -4.218643 -5.4409204 1260089012375
8.375676 -4.4217696 -5.9860954 1260089012396
8.636548 -4.524164 -6.435229 1260089012415
8.711397 -4.530183 -6.7454515 1260089012435
8.612931 -4.467118 -6.8991923 1260089012455
8.391357 -4.3717933 -6.9015517 1260089012475
8.056235 -4.2594423 -6.7628226 1260089012503
7.631631 -4.130235 -6.511852 1260089012517
7.147897 -3.982972 -6.1658287 1260089012546
6.6216097 -3.8212793 -5.759471 1260089012562
6.0739655 -3.6424737 -5.3318887 1260089012576
5.5176096 -3.4508157 -4.9284096 1260089012777
4.9754515 -3.244224 -4.573026 1260089012784
4.460401 -3.0336607 -4.2960224 1260089012796
3.9860857 -2.8336253 -4.105057 1260089012805
3.5858812 -2.6633413 -3.9978704 1260089012817
3.2935383 -2.5397084 -3.9845757 1260089012826
3.1404388 -2.4610753 -4.0495815 1260089012837
3.1666105 -2.438131 -4.1944213 1260089012843
3.405313 -2.5075905 -4.4008017 1260089012857
3.8602214 -2.691393 -4.6465774 1260089012873
4.515077 -3.009019 -4.935908 1260089012882
5.3203835 -3.410192 -5.2795544 1260089012894
6.1862154 -3.8185472 -5.6754823 1260089012901
7.022376 -4.171072 -6.106776 1260089012909
7.7445407 -4.4119897 -6.541703 1260089012923
8.297117 -4.5530105 -6.924238 1260089012939
8.660665 -4.604577 -7.2297597 1260089012947
8.837823 -4.5793343 -7.4450936 1260089012965
8.8556185 -4.492019 -7.550232 1260089012976
8.730873 -4.367528 -7.541832 1260089012986
8.487058 -4.2301927 -7.418079 1260089013009
8.152599 -4.0888276 -7.1922317 1260089013024
7.742926 -3.9490829 -6.8809724 1260089013038
7.292445 -3.802705 -6.513088 1260089013059
6.822946 -3.6500258 -6.122737 1260089013083
6.3517246 -3.5077045 -5.737602 1260089013100
5.898616 -3.3724992 -5.3941975 1260089013118
5.4695244 -3.229753 -5.106781 1260089013142
5.0782323 -3.0614552 -4.8752775 1260089013162
4.7385125 -2.8573062 -4.6996155 1260089013184
4.4580016 -2.641572 -4.5878987 1260089013204
4.2480407 -2.455693 -4.5396543 1260089013223
4.129619 -2.3397186 -4.5462604 1260089013239
4.115866 -2.311946 -4.5995264 1260089013258
4.216531 -2.3931627 -4.688947 1260089013281
4.425211 -2.5499976 -4.809991 1260089013305
4.751488 -2.7759457 -4.9665246 1260089013319
5.183354 -3.0566552 -5.143153 1260089013340
5.697141 -3.3478458 -5.3327427 1260089013540
6.260151 -3.6523986 -5.5380507 1260089013547
6.822932 -3.9417236 -5.7548857 1260089013559
7.340548 -4.1859365 -5.9996967 1260089013568
7.779845 -4.3661814 -6.262913 1260089013580
8.134524 -4.4713554 -6.515693 1260089013589
8.387704 -4.5052123 -6.7333603 1260089013601
8.540373 -4.490386 -6.895878 1260089013614
8.6023245 -4.443612 -6.9978313 1260089013623
8.578775 -4.363083 -7.044973 1260089013639
8.476044 -4.247762 -7.0591116 1260089013648
8.306261 -4.0946226 -7.022829 1260089013659
8.078228 -3.9239423 -6.92775 1260089013668
7.807115 -3.756348 -6.781582 1260089013679
7.51074 -3.5998573 -6.579387 1260089013695
7.2026234 -3.4539154 -6.3484845 1260089013705
6.8901634 -3.3070982 -6.1127825 1260089013717
6.578344 -3.164898 -5.875245 1260089013730
6.268495 -3.010739 -5.657757 1260089013742
5.9611993 -2.8452199 -5.4674873 1260089013756
5.6638203 -2.6770802 -5.3119287 1260089013768
5.379948 -2.494874 -5.2056904 1260089013786
5.1211658 -2.319054 -5.140177 1260089013802
4.89371 -2.160197 -5.116757 1260089013824
4.700101 -2.0181363 -5.133326 1260089013837
4.544775 -1.9022471 -5.1769886 1260089013860
4.4448867 -1.8275652 -5.2375364 1260089013883
4.4208183 -1.8199521 -5.3229785 1260089013901
4.495339 -1.9032949 -5.4402423 1260089013918
4.6846304 -2.1036918 -5.604081 1260089013941
4.989084 -2.4180138 -5.7760725 1260089013963
5.395449 -2.8180914 -5.925844 1260089013979
5.848236 -3.2614996 -6.034757 1260089013998
6.303581 -3.6800134 -6.091234 1260089014023
6.7136855 -4.044913 -6.0978975 1260089014038
7.0508466 -4.3336806 -6.0572376 1260089014057
7.320754 -4.5392275 -5.982517 1260089014080
7.522685 -4.6793346 -5.880886 1260089014119
7.653228 -4.759998 -5.7788887 1260089014403
7.7179947 -4.790319 -5.679267 1260089014410
7.4689794 -4.673386 -4.9458323 1260089014428
7.2548885 -4.5486794 -4.2708616 1260089014443
7.0692086 -4.4104586 -3.6548374 1260089014455
6.9125624 -4.287321 -3.0805106 1260089014472
6.787584 -4.1730647 -2.5349002 1260089014478
6.693371 -4.0869946 -2.0274665 1260089014496
6.622256 -4.0161242 -1.5597059 1260089014513
6.5655932 -3.9433494 -1.1262295 1260089014519
6.521979 -3.8851094 -0.7198751 1260089014540
6.480545 -3.8243334 -0.33928654 1260089014555
6.445269 -3.761148 0.0052471566 1260089014569
6.414481 -3.703846 0.3189338 1260089014584
