6.1284704 -3.1431012 5.724612 1260088993087
6.1584697 -3.208639 5.686953 1260088993098
6.225106 -3.3349154 5.6028247 1260088993105
6.325185 -3.493696 5.456844 1260088993305
6.459759 -3.657477 5.2936454 1260088993319
6.6128025 -3.7388377 5.105918 1260088993326
6.7432113 -3.7480288 4.9044223 1260088993347
6.836454 -3.7152183 4.702105 1260088993359
6.881449 -3.6397822 4.4942403 1260088993367
6.8765235 -3.532024 4.302217 1260088993379
6.7656054 -3.3921976 4.3792624 1260088993388
6.53765 -3.2784312 4.4851446 1260088993400
6.271378 -3.1948698 4.757349 1260088993406
5.9346547 -3.140003 5.046589 1260088993417
5.6263447 -3.140318 5.080287 1260088993426
5.4138103 -3.1024802 4.9883547 1260088993436
5.3535542 -3.1271448 4.6681113 1260088993450
5.6245613 -3.2765644 4.0764904 1260088993462
6.2136736 -3.5233896 3.1548736 1260088993470
7.0593576 -3.8375525 2.0797994 1260088993482
7.9798923 -4.1414557 0.859622 1260088993488
8.742713 -4.397475 -0.13610245 1260088993507
9.228355 -4.6209435 -0.7558333 1260088993519
9.292002 -4.8557124 -1.0401629 1260088993526
8.87984 -4.97659 -0.90915674 1260088993544
8.009531 -4.9538584 -0.48301017 1260088993556
6.773446 -4.8198953 0.115237966 1260088993567
5.385326 -4.6156754 0.7584857 1260088993581
4.046862 -4.4489074 1.2612892 1260088993598
2.9564724 -4.3865013 1.517622 1260088993619
2.267921 -4.467505 1.448551 1260088993644
2.0898283 -4.7099457 0.9572978 1260088993658
2.4463856 -5.0526323 0.1249009 1260088993679
3.1882775 -5.356392 -1.0029799 1260088993702
4.0939746 -5.542811 -2.2821767 1260088993717
4.917612 -5.5939207 -3.4974139 1260088993740
5.469203 -5.6036572 -4.568805 1260088993761
5.720807 -5.6490006 -5.3843646 1260088993784
5.6703987 -5.7138696 -5.8138704 1260088993798
5.319458 -5.7482543 -5.715224 1260088993821
4.7020802 -5.706008 -5.043326 1260088993841
3.87381 -5.644081 -3.9432929 1260088994038
2.9391725 -5.6213446 -2.676931 1260088994050
2.007001 -5.651502 -1.4929556 1260088994063
1.1745572 -5.7686844 -0.6364998 1260088994074
0.5308354 -5.997823 -0.2437356 1260088994083
0.1862585 -6.3013134 -0.43789712 1260088994089
0.19601406 -6.6086974 -1.109278 1260088994101
0.5110586 -6.721605 -2.139356 1260088994109
0.9826484 -6.592554 -3.3617342 1260088994122
1.4000129 -6.326942 -4.5229936 1260088994130
1.6405561 -6.0827827 -5.5764756 1260088994144
1.6606809 -6.0708 -6.394771 1260088994160
1.46596 -6.246696 -6.7846527 1260088994168
1.0528344 -6.4635115 -6.4631267 1260088994179
0.44312045 -6.6333923 -5.505262 1260088994188
-0.31112927 -6.747789 -4.074993 1260088994201
-1.1223279 -6.826501 -2.5473456 1260088994217
-1.8766222 -6.9394145 -1.3759787 1260088994225
-2.5148847 -7.1597314 -0.6445498 1260088994245
-2.9714103 -7.4568834 -0.63615793 1260088994256
-3.1933131 -7.7201095 -1.1838958 1260088994270
-3.1514635 -7.7086635 -2.1162624 1260088994284
-2.9108062 -7.345704 -3.3227699 1260088994303
-2.6072698 -6.789096 -4.485977 1260088994320
-2.3720295 -6.3399973 -5.5910244 1260088994340
-2.3126767 -6.249095 -6.480099 1260088994365
-2.4674067 -6.473963 -6.934497 1260088994377
-2.8316448 -6.775439 -6.7164845 1260088994400
-3.3860624 -6.9269996 -5.806563 1260088994421
-4.0966334 -7.02944 -4.4000473 1260088994437
-4.8104944 -7.072277 -2.8452508 1260088994478
-5.4968343 -7.228064 -1.5840766 1260088994490
-6.099143 -7.6402965 -0.8286225 1260088994506
-6.5153832 -8.150414 -0.8137511 1260088994526
-6.688119 -8.551943 -1.4077718 1260088994540
-6.543717 -8.532275 -2.4065804 1260088994562
-6.181118 -8.128135 -3.6155972 1260088994583
-5.792383 -7.645454 -4.7641635 1260088994598
-5.572909 -7.448418 -5.761321 1260088994794
-5.6456685 -7.6793785 -6.3626637 1260088994806
-5.9619994 -8.066321 -6.3114896 1260088994824
-6.415743 -8.269111 -5.560064 1260088994830
-6.9441843 -8.249964 -4.238061 1260088994841
-7.451652 -8.113277 -2.7438023 1260088994850
-7.8922043 -8.035864 -1.501321 1260088994862
-8.246714 -8.118955 -0.70301443 1260088994870
-8.455466 -8.3300085 -0.6058911 1260088994882
-8.450838 -8.525062 -1.0972558 1260088994888
-8.1876545 -8.418887 -2.0094378 1260088994907
-7.734687 -7.957082 -3.1967697 1260088994918
-7.234904 -7.3181477 -4.366277 1260088994925
-6.843194 -6.8425965 -5.477309 1260088994938
-6.6549444 -6.781727 -6.3775177 1260088994945
-6.6953945 -7.0705385 -6.801632 1260088994965
-6.9347224 -7.3946238 -6.5017304 1260088994984
-7.314632 -7.5731115 -5.514014 1260088994990
-7.7811036 -7.596937 -4.0281453 1260088995004
-8.246725 -7.561685 -2.530762 1260088995021
-8.655696 -7.660313 -1.4371791 1260088995036
-8.972031 -7.87455 -0.86068624 1260088995049
-9.164267 -8.146857 -1.015147 1260088995062
-9.160292 -8.227123 -1.6794579 1260088995081
-8.933823 -7.890679 -2.6837509 1260088995104
-8.562724 -7.213523 -3.8789093 1260088995116
-8.176811 -6.559328 -5.01431 1260088995138
-7.9300528 -6.314446 -6.040502 1260088995162
-7.921049 -6.557839 -6.71097 1260088995177
-8.146085 -7.045125 -6.75611 1260088995199
-8.546467 -7.367757 -6.0961833 1260088995220
-9.029664 -7.3848248 -4.8188815 1260088995245
-9.505046 -7.236233 -3.345296 1260088995265
-9.87085 -7.0950713 -2.147652 1260088995282
-10.098505 -7.1319027 -1.4300777 1260088995301
-10.167677 -7.331699 -1.3708321 1260088995320
-10.016146 -7.5324016 -1.8791122 1260088995338
-9.618853 -7.486756 -2.7522013 1260088995360
-9.002387 -7.102203 -3.8635771 1260088995567
-8.291438 -6.5359774 -4.9997444 1260088995582
-7.6466823 -6.047777 -6.079103 1260088995599
-7.2064614 -5.899979 -6.993488 1260088995608
-7.0054965 -6.059219 -7.646271 1260088995621
-7.0563407 -6.307201 -7.8244348 1260088995627
-7.3300595 -6.4106665 -7.29088 1260088995638
-7.7514935 -6.360497 -6.192199 1260088995647
-8.221319 -6.2631216 -4.7527814 1260088995658
-8.606362 -6.2257776 -3.371033 1260088995665
-8.83595 -6.360555 -2.3934326 1260088995678
-8.867459 -6.6316075 -1.8658316 1260088995697
-8.686278 -6.9749155 -1.9536906 1260088995705
-8.2696705 -7.220698 -2.4934385 1260088995717
-7.6368995 -7.1545434 -3.3746293 1260088995726
-6.8941154 -6.745059 -4.51277 1260088995737
-6.1523767 -6.0700216 -5.6164775 1260088995755
-5.5369377 -5.3190923 -6.6649995 1260088995763
-5.116396 -4.7432747 -7.6610956 1260088995775
-4.9198246 -4.424389 -8.446667 1260088995790
-4.9918685 -4.34414 -8.833382 1260088995801
-5.319097 -4.4470115 -8.591931 1260088995820
-5.8247347 -4.61897 -7.6604247 1260088995829
-6.4106483 -4.894698 -6.2415757 1260088995845
-6.947517 -5.228147 -4.7302256 1260088995860
-7.3601565 -5.5837417 -3.4912567 1260088995882
-7.6132364 -6.0121317 -2.7507684 1260088995899
-7.6588917 -6.3230786 -2.7419422 1260088995916
-7.4155555 -6.335175 -3.2565787 1260088995946
-6.9201517 -6.016373 -4.157499 1260088995959
-6.224101 -5.4826465 -5.27897 1260088995981
-5.513139 -4.967434 -6.344367 1260088995998
-5.051564 -4.7033987 -7.1876025 1260088996022
-4.8997765 -4.710671 -7.631823 1260088996041
-5.022537 -4.8721704 -7.483821 1260088996057
-5.2113476 -4.981329 -6.7820606 1260088996084
-5.3103576 -4.980834 -5.866136 1260088996099
-5.215094 -4.859143 -4.982387 1260088996119
-4.9550204 -4.59235 -4.3253384 1260088996142
