6.805339 -4.1209507 4.4186254 1260088931177
6.8287354 -4.1110363 4.4142575 1260088931188
6.853686 -4.0988936 4.360394 1260088931236
6.870579 -4.051945 4.3058186 1260088931250
6.873007 -4.00462 4.2485237 1260088931266
6.867822 -3.956937 4.185921 1260088931273
6.874474 -3.9994893 4.1489224 1260088931292
6.867854 -4.0514913 4.116498 1260088931303
6.867013 -4.0865917 4.0884185 1260088931316
6.8900495 -4.114489 4.064467 1260088931332
6.9344077 -4.03952 4.0669107 1260088931353
7.005832 -3.962851 4.085577 1260088931367
7.092754 -3.864818 4.11693 1260088931388
7.1766915 -3.7635145 4.161017 1260088931415
7.2652855 -3.6482077 4.2137957 1260088931434
7.367156 -3.5550106 4.258487 1260088931448
7.466657 -3.4800937 4.283919 1260088931470
7.548925 -3.4341204 4.2665367 1260088931494
7.616183 -3.3931696 4.222783 1260088931508
7.6589665 -3.335198 4.158744 1260088931528
7.688715 -3.2712717 4.0924582 1260088931552
7.7094846 -3.1642325 4.029487 1260088931569
7.707423 -3.046201 3.947872 1260088931788
7.7068267 -2.9061491 3.9534216 1260088931812
7.70626 -2.734963 3.9055743 1260088931824
7.681886 -2.5580347 3.8104053 1260088931830
7.617189 -2.3845048 3.6927538 1260088931839
7.4985213 -2.2312286 3.469979 1260088931850
7.313599 -2.1346495 3.2719634 1260088931859
7.067097 -2.0789933 3.09815 1260088931871
6.7661805 -2.0724292 2.960268 1260088931879
6.451026 -2.1295278 2.8960197 1260088931892
6.184999 -2.238934 2.8846982 1260088931908
6.0562186 -2.3898602 2.8793907 1260088931917
6.1729145 -2.538688 2.8409789 1260088931929
6.5670786 -2.6964188 2.7302568 1260088931938
7.2173467 -2.8735037 2.5392625 1260088931950
8.038045 -3.0723803 2.2856302 1260088931957
8.887172 -3.2776575 1.9758967 1260088931968
9.624378 -3.4284046 1.6203583 1260088931979
10.121781 -3.4783149 1.2798728 1260088931997
10.302157 -3.4351544 1.0061258 1260088932009
10.145265 -3.3471618 0.8264262 1260088932019
9.665242 -3.2281559 0.77216554 1260088932034
8.942262 -3.0953507 0.84456307 1260088932045
8.085176 -2.9610138 0.99097675 1260088932058
7.2130585 -2.8333936 1.1688877 1260088932073
6.4846563 -2.734628 1.3515235 1260088932093
6.0514607 -2.6789377 1.4896146 1260088932107
6.029467 -2.708435 1.5206915 1260088932129
6.436933 -2.8495064 1.4146922 1260088932152
7.1713443 -3.0686512 1.1811944 1260088932169
8.069254 -3.3374493 0.8708393 1260088932186
8.891623 -3.5928075 0.61209583 1260088932211
9.467205 -3.7720633 0.48819166 1260088932233
9.73343 -3.8708494 0.47535938 1260088932249
9.668989 -3.8713968 0.51901215 1260088932269
9.318338 -3.7506957 0.5931711 1260088932292
8.765251 -3.5372822 0.6860957 1260088932309
8.095443 -3.2657566 0.7770981 1260088932327
7.381489 -2.9826097 0.8662745 1260088932528
6.730473 -2.7606103 0.94281983 1260088932537
6.257065 -2.6457343 0.97127175 1260088932547
6.0572605 -2.6578233 0.9043207 1260088932556
6.209998 -2.785081 0.7079188 1260088932566
6.705823 -2.9774823 0.3830905 1260088932575
7.4547114 -3.1657119 0.018660152 1260088932586
8.291463 -3.3635983 -0.25263676 1260088932593
9.027809 -3.5515904 -0.32785618 1260088932605
9.546868 -3.7083905 -0.20590568 1260088932625
9.783912 -3.8158085 0.040021624 1260088932634
9.747593 -3.8300045 0.329496 1260088932645
9.490397 -3.747467 0.60109156 1260088932654
9.065592 -3.5914204 0.8264185 1260088932664
8.519693 -3.396867 0.99621296 1260088932680
7.909153 -3.1732233 1.1132516 1260088932692
7.307347 -2.977106 1.1440783 1260088932704
6.813267 -2.832337 1.0405651 1260088932718
6.5332146 -2.7390723 0.8094293 1260088932729
6.5477433 -2.6995041 0.47612035 1260088932740
6.8897963 -2.719801 0.0825219 1260088932755
7.4878345 -2.8242102 -0.24713053 1260088932772
8.200347 -3.0173793 -0.42477787 1260088932788
8.87451 -3.2751207 -0.42805558 1260088932813
9.370588 -3.514527 -0.2840697 1260088932829
9.6082735 -3.662284 -0.083948456 1260088932847
9.580736 -3.684156 0.087098226 1260088932870
9.315538 -3.572817 0.18285286 1260088932888
8.854528 -3.3628495 0.23227772 1260088932909
8.26334 -3.0857441 0.28467947 1260088932928
7.610455 -2.7925293 0.35148656 1260088932952
6.981361 -2.538492 0.4340218 1260088932969
6.509029 -2.3632152 0.51243025 1260088932987
6.333401 -2.3151991 0.52630776 1260088933014
6.549968 -2.4180458 0.4230374 1260088933028
7.1289034 -2.6369712 0.23912238 1260088933049
7.928826 -2.9409738 0.06712716 1260088933066
8.716674 -3.2740424 0.031081965 1260088933095
9.281936 -3.5516396 0.20999749 1260088933273
9.509752 -3.7302296 0.5624799 1260088933285
9.370007 -3.778669 1.0110681 1260088933294
8.928747 -3.6871212 1.4481231 1260088933305
8.292306 -3.4850585 1.7911376 1260088933314
7.593025 -3.2433848 1.9985043 1260088933320
6.981828 -3.024691 1.9905164 1260088933333
6.604134 -2.8666463 1.7227793 1260088933345
6.554507 -2.7743902 1.2280298 1260088933353
6.8437834 -2.7303321 0.59457374 1260088933373
7.3801064 -2.7409153 -0.029002165 1260088933379
7.989723 -2.8442688 -0.45863608 1260088933390
8.482369 -3.0446072 -0.53989995 1260088933398
8.741992 -3.290091 -0.27454886 1260088933412
8.755045 -3.495379 0.26015693 1260088933438
8.614216 -3.599827 0.89820176 1260088933449
8.47498 -3.622098 1.3933384 1260088933460
8.448264 -3.598989 1.6008456 1260088933474
8.548191 -3.555243 1.5242084 1260088933487
8.698965 -3.4837196 1.2436928 1260088933503
8.772737 -3.363334 0.9329368 1260088933516
8.675289 -3.2074256 0.7351041 1260088933531
8.38522 -3.034796 0.6574878 1260088933549
7.934632 -2.8490052 0.67228466 1260088933568
7.378542 -2.6636508 0.7360559 1260088933594
6.780793 -2.4848402 0.8102589 1260088933607
6.1993113 -2.3347194 0.87802774 1260088933632
5.6966176 -2.246586 0.9315118 1260088933652
5.3389177 -2.2343664 0.9578051 1260088933668
5.161866 -2.314014 0.9827837 1260088933690
5.1966105 -2.5074952 1.0807443 1260088933709
5.460482 -2.8234196 1.2487187 1260088933736
5.942025 -3.2556653 1.4471124 1260088933747
6.6112876 -3.7514257 1.6628271 1260088933769
7.3860145 -4.2448716 1.8071456 1260088933793
8.17172 -4.6802754 1.8196219 1260088933807
8.884769 -4.992438 1.6768835 1260088933829
9.467505 -5.1623225 1.3642174 1260088933850
9.901926 -5.2133884 0.88194793 1260088934048
10.175017 -5.1304646 0.24672744 1260088934064
10.303699 -4.905268 -0.50042665 1260088934073
10.278846 -4.581688 -1.3212289 1260088934084
10.0802145 -4.224572 -2.106439 1260088934093
9.646349 -4.03105 -2.5949643 1260088934104
8.967217 -4.1196113 -2.5721357 1260088934113
8.129995 -4.467979 -2.0696504 1260088934120
7.2542744 -4.9310455 -1.2408843 1260088934131
6.5027 -5.2858315 -0.354128 1260088934139
5.9698544 -5.419254 0.3309754 1260088934154
5.680215 -5.3260365 0.7713893 1260088934173
5.5528383 -5.0801654 1.05426 1260088934179
5.523768 -4.7750807 1.2651007 1260088934188
5.5233917 -4.498871 1.4708476 1260088934194
