291.71878 17.66925 49.13664 6.807511 -2.7987182 5.3191357 1260089016948
291.71878 17.66925 49.13664 6.841695 -2.7813654 5.2676992 1260089016952
292.18283 17.535788 49.429806 6.841695 -2.7813654 5.2676992 1260089016980
292.18283 17.535788 49.429806 6.884385 -2.7621562 5.2460756 1260089016991
292.67368 17.408998 49.808315 6.884385 -2.7621562 5.2460756 1260089016999
292.67368 17.408998 49.808315 6.941285 -2.7439075 5.214637 1260089017009
293.03998 17.338549 50.2179 6.941285 -2.7439075 5.214637 1260089017013
293.03998 17.338549 50.2179 6.996702 -2.7401915 5.1684256 1260089017018
293.288 17.271622 50.807003 6.996702 -2.7401915 5.1684256 1260089017024
293.288 17.271622 50.807003 7.0636497 -2.7366612 5.091155 1260089017030
293.4736 17.20804 51.466652 7.0636497 -2.7366612 5.091155 1260089017036
293.4736 17.20804 51.466652 7.132698 -2.7333076 4.9959555 1260089017046
293.69992 17.147638 51.99332 7.132698 -2.7333076 4.9959555 1260089017054
293.69992 17.147638 51.99332 7.19557 -2.7301216 4.919136 1260089017057
294.26492 16.990257 52.443653 7.19557 -2.7301216 4.919136 1260089017065
294.26492 16.990257 52.443653 7.26347 -2.7107506 4.8768034 1260089017068
294.9517 16.740744 52.821472 7.26347 -2.7107506 4.8768034 1260089017084
294.9517 16.740744 52.821472 7.3306994 -2.6814518 4.85838 1260089017090
295.75412 16.453707 53.180397 7.3306994 -2.6814518 4.85838 1260089017106
295.75412 16.453707 53.180397 7.4102306 -2.6447647 4.854498 1260089017113
295.75412 16.453707 53.180397 7.4885097 -2.612636 4.848086 1260089017122
296.4664 16.18102 53.571377 7.4885097 -2.612636 4.848086 1260089017144
296.4664 16.18102 53.571377 7.5615125 -2.5821137 4.8338223 1260089017149
296.4664 16.18102 53.571377 7.622012 -2.5531175 4.817548 1260089017163
297.34308 15.921969 53.892807 7.622012 -2.5531175 4.817548 1260089017184
297.34308 15.921969 53.892807 7.6583753 -2.517399 4.8020873 1260089017194
298.37592 15.5758705 54.198166 7.6583753 -2.517399 4.8020873 1260089017202
298.37592 15.5758705 54.198166 7.6758947 -2.461674 4.7819514 1260089017205
299.65714 15.097077 54.48826 7.6758947 -2.461674 4.7819514 1260089017222
299.65714 15.097077 54.48826 7.6700644 -2.3842185 4.7553315 1260089017226
301.1743 14.492224 54.763844 7.6700644 -2.3842185 4.7553315 1260089017242
301.1743 14.492224 54.763844 7.6529484 -2.2881622 4.724594 1260089017245
302.81558 13.767612 55.075653 7.6529484 -2.2881622 4.724594 1260089017262
302.81558 13.767612 55.075653 7.627154 -2.173073 4.6851783 1260089017460
297.8248 20.079231 55.371872 7.627154 -2.173073 4.6851783 1260089017466
297.8248 20.079231 55.371872 7.599925 -2.6214917 3.9020193 1260089017475
293.33356 26.17527 53.953278 7.599925 -2.6214917 3.9020193 1260089017485
293.33356 26.17527 53.953278 7.5686097 -2.9678104 3.2159047 1260089017489
289.11688 31.916506 52.805614 7.5686097 -2.9678104 3.2159047 1260089017505
289.11688 31.916506 52.805614 7.532731 -3.2416506 2.6580763 1260089017509
283.46103 36.82068 51.815334 7.532731 -3.2416506 2.6580763 1260089017524
283.46103 36.82068 51.815334 7.48775 -3.5406168 2.313376 1260089017534
272.938 37.929646 50.524567 7.48775 -3.5406168 2.313376 1260089017543
272.938 37.929646 50.524567 7.3953037 -3.9233823 2.3706856 1260089017547
262.29108 38.333164 48.64834 7.3953037 -3.9233823 2.3706856 1260089017566
262.29108 38.333164 48.64834 7.234611 -4.388481 2.8534896 1260089017569
252.12653 38.066505 46.41592 7.234611 -4.388481 2.8534896 1260089017582
252.12653 38.066505 46.41592 6.9627748 -4.8419023 3.727574 1260089017592
242.5202 37.26318 44.045124 6.9627748 -4.8419023 3.727574 1260089017605
242.5202 37.26318 44.045124 6.5901194 -5.1487074 4.8759894 1260089017610
233.49419 36.050022 41.59287 6.5901194 -5.1487074 4.8759894 1260089017623
233.49419 36.050022 41.59287 6.141435 -5.233824 6.080033 1260089017627
225.01947 34.54752 39.163227 6.141435 -5.233824 6.080033 1260089017647
225.01947 34.54752 39.163227 5.657299 -5.141025 7.2599683 1260089017651
216.9185 33.070145 36.855064 5.657299 -5.141025 7.2599683 1260089017663
216.9185 33.070145 36.855064 5.202818 -5.006557 8.314848 1260089017672
209.17258 31.816637 34.71231 5.202818 -5.006557 8.314848 1260089017684
209.17258 31.816637 34.71231 4.809879 -4.9251213 9.164435 1260089017689
201.71394 30.975805 32.826694 4.809879 -4.9251213 9.164435 1260089017705
201.71394 30.975805 32.826694 4.50605 -4.958082 9.717525 1260089017709
194.57825 31.077015 31.28536 4.50605 -4.958082 9.717525 1260089017728
194.57825 31.077015 31.28536 4.301178 -5.1242366 9.871804 1260089017732
188.39934 32.773163 30.321093 4.301178 -5.1242366 9.871804 1260089017744
188.39934 32.773163 30.321093 4.2066593 -5.397856 9.587286 1260089017748
184.82938 36.934505 29.655039 4.2066593 -5.397856 9.587286 1260089017763
184.82938 36.934505 29.655039 4.1945024 -5.7565427 8.879781 1260089017767
183.4879 41.93778 28.972286 4.1945024 -5.7565427 8.879781 1260089017786
183.4879 41.93778 28.972286 4.2578654 -6.149733 7.7595415 1260089017790
183.2135 47.24089 28.273672 4.2578654 -6.149733 7.7595415 1260089017805
183.2135 47.24089 28.273672 4.363007 -6.498066 6.3629775 1260089017808
183.45282 52.678844 27.509989 4.363007 -6.498066 6.3629775 1260089017824
183.45282 52.678844 27.509989 4.4513144 -6.7247868 4.831937 1260089017829
184.73018 58.294903 26.73449 4.4513144 -6.7247868 4.831937 1260089017842
184.73018 58.294903 26.73449 4.513414 -6.75834 3.2637181 1260089017845
187.04367 63.98016 25.847765 4.513414 -6.75834 3.2637181 1260089017862
187.04367 63.98016 25.847765 4.508393 -6.6090646 1.7739103 1260089017865
190.84149 69.63115 24.905376 4.508393 -6.6090646 1.7739103 1260089017884
190.84149 69.63115 24.905376 4.439607 -6.346032 0.36404097 1260089017890
195.84941 75.099594 23.910107 4.439607 -6.346032 0.36404097 1260089017902
195.84941 75.099594 23.910107 4.332719 -6.046437 -0.9085951 1260089017906
198.25694 80.19462 22.964602 4.332719 -6.046437 -0.9085951 1260089017925
198.25694 80.19462 22.964602 4.2168736 -5.8060875 -2.0072746 1260089017928
197.8441 84.63489 22.216372 4.2168736 -5.8060875 -2.0072746 1260089017942
197.8441 84.63489 22.216372 4.1374664 -5.709873 -2.8821278 1260089017945
196.1019 87.95314 21.805553 4.1374664 -5.709873 -2.8821278 1260089017962
196.1019 87.95314 21.805553 4.1287694 -5.835714 -3.4530897 1260089017965
192.3968 89.95548 21.615276 4.1287694 -5.835714 -3.4530897 1260089017982
192.3968 89.95548 21.615276 4.1790743 -6.205196 -3.7299068 1260089017986
186.92697 90.757706 21.334513 4.1790743 -6.205196 -3.7299068 1260089018002
186.92697 90.757706 21.334513 4.2377605 -6.8422313 -3.6196854 1260089018005
180.78062 89.61982 20.617786 4.2377605 -6.8422313 -3.6196854 1260089018027
180.78062 89.61982 20.617786 4.177058 -7.673513 -2.9810574 1260089018032
174.89159 87.788826 19.636896 4.177058 -7.673513 -2.9810574 1260089018042
174.89159 87.788826 19.636896 3.9995322 -8.479575 -1.9371476 1260089018046
169.347 85.39938 18.50505 3.9995322 -8.479575 -1.9371476 1260089018064
169.347 85.39938 18.50505 3.7055752 -9.118665 -0.57495993 1260089018067
164.12965 82.52941 17.229797 3.7055752 -9.118665 -0.57495993 1260089018082
164.12965 82.52941 17.229797 3.3153102 -9.445221 0.93772495 1260089018086
159.27318 79.35294 16.018307 3.3153102 -9.445221 0.93772495 1260089018102
159.27318 79.35294 16.018307 2.9554548 -9.47487 2.3747756 1260089018105
154.55952 76.185295 14.867392 2.9554548 -9.47487 2.3747756 1260089018126
154.55952 76.185295 14.867392 2.6217644 -9.393393 3.6187527 1260089018129
150.03156 73.27603 13.774022 2.6217644 -9.393393 3.6187527 1260089018142
150.03156 73.27603 13.774022 2.3469815 -9.304412 4.606441 1260089018145
145.52998 71.01223 12.935321 2.3469815 -9.304412 4.606441 1260089018162
145.52998 71.01223 12.935321 2.17447 -9.308413 5.249183 1260089018165
141.40349 70.561615 12.438555 2.17447 -9.308413 5.249183 1260089018182
141.40349 70.561615 12.438555 2.1025214 -9.471571 5.3258705 1260089018186
139.03331 72.53353 12.266627 2.1025214 -9.471571 5.3258705 1260089018202
139.03331 72.53353 12.266627 2.1124873 -9.689906 4.831436 1260089018205
138.93164 75.75685 12.253296 2.1124873 -9.689906 4.831436 1260089018388
138.93164 75.75685 12.253296 2.2186594 -9.919117 3.8523226 1260089018394
140.58505 79.56901 12.290631 2.2186594 -9.919117 3.8523226 1260089018398
140.58505 79.56901 12.290631 2.4114602 -10.051741 2.515597 1260089018407
144.1558 83.740555 12.4261 2.4114602 -10.051741 2.515597 1260089018410
144.1558 83.740555 12.4261 2.6504643 -9.960488 1.0774966 1260089018414
149.74802 88.10353 12.6047945 2.6504643 -9.960488 1.0774966 1260089018420
149.74802 88.10353 12.6047945 2.8999918 -9.675622 -0.30300006 1260089018427
157.21062 92.59836 12.724555 2.8999918 -9.675622 -0.30300006 1260089018432
157.21062 92.59836 12.724555 3.100949 -9.234745 -1.6144719 1260089018435
165.75009 79.06844 12.688327 3.100949 -9.234745 -1.6144719 1260089018444
165.75009 79.06844 12.688327 3.2217135 -8.7301035 -2.8324485 1260089018447
174.46259 66.26502 12.55391 3.2217135 -8.7301035 -2.8324485 1260089018453
174.46259 66.26502 12.55391 3.2785535 -8.237074 -3.9009938 1260089018457
181.58946 54.00177 12.426215 3.2785535 -8.237074 -3.9009938 1260089018460
181.58946 54.00177 12.426215 3.3073537 -7.810238 -4.7724175 1260089018468
185.70999 60.05168 12.454905 3.3073537 -7.810238 -4.7724175 1260089018472
185.70999 60.05168 12.454905 3.3456101 -7.498043 -5.3871117 1260089018475
186.22449 64.8491 12.832159 3.3456101 -7.498043 -5.3871117 1260089018490
186.22449 64.8491 12.832159 3.4207718 -7.41053 -5.7136464 1260089018494
182.81326 67.80664 13.390552 3.4207718 -7.41053 -5.7136464 1260089018500
182.81326 67.80664 13.390552 3.5316744 -7.6188684 -5.703095 1260089018506
177.3226 67.916306 13.571024 3.5316744 -7.6188684 -5.703095 1260089018511
177.3226 67.916306 13.571024 3.6309028 -8.128015 -5.239514 1260089018515
171.70647 67.420494 13.342473 3.6309028 -8.128015 -5.239514 1260089018518
171.70647 67.420494 13.342473 3.655706 -8.861637 -4.30946 1260089018526
166.32114 66.39947 12.82535 3.655706 -8.861637 -4.30946 1260089018530
166.32114 66.39947 12.82535 3.5573668 -9.594672 -3.0084455 1260089018535
161.25508 64.87949 12.084083 3.5573668 -9.594672 -3.0084455 1260089018548
161.25508 64.87949 12.084083 3.3216121 -10.114672 -1.478963 1260089018552
156.49232 62.93552 11.229878 3.3216121 -10.114672 -1.478963 1260089018555
156.49232 62.93552 11.229878 3.0057077 -10.338989 0.07892204 1260089018560
152.01772 60.788746 10.318384 3.0057077 -10.338989 0.07892204 1260089018568
152.01772 60.788746 10.318384 2.6749527 -10.321225 1.4513121 1260089018572
147.76683 58.649307 9.452465 2.6749527 -10.321225 1.4513121 1260089018579
147.76683 58.649307 9.452465 2.3947864 -10.194706 2.5528204 1260089018584
143.57849 56.86684 8.729842 2.3947864 -10.194706 2.5528204 1260089018588
143.57849 56.86684 8.729842 2.195368 -10.0745125 3.3391047 1260089018599
139.49957 55.9735 8.29335 2.195368 -10.0745125 3.3391047 1260089018609
139.49957 55.9735 8.29335 2.0835567 -10.040008 3.746247 1260089018617
135.92459 56.574825 8.378683 2.0835567 -10.040008 3.746247 1260089018631
135.92459 56.574825 8.378683 2.0828934 -10.078735 3.7455335 1260089018634
134.92836 59.796085 8.859749 2.0828934 -10.078735 3.7455335 1260089018644
134.92836 59.796085 8.859749 2.185097 -10.137319 3.296746 1260089018649
136.68195 63.95628 9.366761 2.185097 -10.137319 3.296746 1260089018664
136.68195 63.95628 9.366761 2.391153 -10.195697 2.442038 1260089018667
139.94785 68.50847 9.848423 2.391153 -10.195697 2.442038 1260089018687
139.94785 68.50847 9.848423 2.6727147 -10.201442 1.2670832 1260089018691
144.30046 73.23305 10.256001 2.6727147 -10.201442 1.2670832 1260089018705
144.30046 73.23305 10.256001 2.9626718 -10.091808 -0.056153204 1260089018715
149.83543 78.071396 10.593202 2.9626718 -10.091808 -0.056153204 1260089018725
149.83543 78.071396 10.593202 3.2129333 -9.830341 -1.3656662 1260089018730
157.24367 83.01783 10.763541 3.2129333 -9.830341 -1.3656662 1260089018745
157.24367 83.01783 10.763541 3.3893902 -9.408969 -2.6240048 1260089018749
167.28148 70.01694 10.775364 3.3893902 -9.408969 -2.6240048 1260089018762
167.28148 70.01694 10.775364 3.468492 -8.857479 -3.8194265 1260089018772
160.8174 57.81609 10.636596 3.468492 -8.857479 -3.8194265 1260089018783
160.8174 57.81609 10.636596 3.4625976 -8.275678 -4.8937855 1260089018789
154.17653 46.125286 10.404766 3.4625976 -8.275678 -4.8937855 1260089018803
154.17653 46.125286 10.404766 3.4072838 -7.7781286 -5.7959294 1260089018806
160.3677 52.71902 10.184527 3.4072838 -7.7781286 -5.7959294 1260089018829
160.3677 52.71902 10.184527 3.3486063 -7.426678 -6.492246 1260089018836
161.79932 58.23307 10.175301 3.3486063 -7.426678 -6.492246 1260089018844
161.79932 58.23307 10.175301 3.3296378 -7.310045 -6.96851 1260089018849
161.05936 62.321415 10.416535 3.3296378 -7.310045 -6.96851 1260089018864
161.05936 62.321415 10.416535 3.3722281 -7.470969 -7.210527 1260089018869
157.5564 65.05534 10.795709 3.3722281 -7.470969 -7.210527 1260089018885
157.5564 65.05534 10.795709 3.485558 -7.898978 -7.1476054 1260089018888
152.82858 65.452576 11.055923 3.485558 -7.898978 -7.1476054 1260089018908
152.82858 65.452576 11.055923 3.6293151 -8.591614 -6.741873 1260089018912
148.08716 65.42995 11.1031275 3.6293151 -8.591614 -6.741873 1260089018924
148.08716 65.42995 11.1031275 3.7434108 -9.404209 -5.9110417 1260089018929
143.5328 64.75845 10.997972 3.7434108 -9.404209 -5.9110417 1260089018943
143.5328 64.75845 10.997972 3.8014066 -10.145529 -4.695435 1260089018947
139.35617 63.57053 10.798073 3.8014066 -10.145529 -4.695435 1260089018967
139.35617 63.57053 10.798073 3.7897627 -10.648882 -3.319278 1260089018974
