307.397 17.629341 42.83221 1260088947452
308.62717 17.247873 43.4406 1260088947464
309.99582 16.93548 44.068573 1260088947496
311.14603 16.688705 44.865143 1260088947510
312.18872 16.50427 45.721886 1260088947519
313.32928 16.279057 46.585793 1260088947534
315.1628 16.115105 47.256504 1260088947552
312.00467 22.959349 47.99368 1260088947566
310.95444 30.361382 49.093994 1260088947584
297.2567 37.043312 42.989296 1260088947603
284.69388 35.491146 37.23983 1260088947623
272.7592 34.51659 32.07784 1260088947813
263.97122 36.79076 29.973948 1260088947830
261.92267 41.601223 30.57525 1260088947837
262.42654 46.821163 31.746489 1260088947849
264.00522 52.030106 33.159164 1260088947858
265.60495 57.0286 34.551205 1260088947869
267.0747 61.827168 35.873646 1260088947878
268.32098 66.38581 37.179962 1260088947889
269.15494 70.56652 38.320965 1260088947898
269.3472 68.838196 39.054916 1260088947913
259.42984 67.646286 36.902172 1260088947927
248.65834 64.213974 31.957064 1260088947937
238.32542 60.353275 27.15921 1260088947948
228.40915 56.635612 22.50125 1260088947955
218.83868 53.353832 18.026186 1260088947969
210.39674 52.03614 14.824877 1260088947985
213.8769 51.434334 16.583633 1260088947994
217.98306 56.212616 18.604452 1260088948007
222.23392 60.851986 20.62423 1260088948014
226.52222 65.35939 22.593018 1260088948029
230.54611 69.64142 24.463367 1260088948043
234.6188 67.55935 26.340199 1260088948065
239.58786 65.53138 28.073189 1260088948088
229.45847 63.30481 28.86953 1260088948104
220.73553 59.63957 26.876053 1260088948124
212.64876 55.45759 23.63225 1260088948147
205.06631 51.33471 20.100637 1260088948162
197.663 47.567974 16.395605 1260088948184
189.42984 44.489574 12.025825 1260088948205
182.25835 49.665096 9.874534 1260088948227
183.49542 54.53184 10.680807 1260088948244
187.07065 59.40525 12.196767 1260088948263
191.81712 64.08499 14.086928 1260088948286
197.27626 68.48074 16.282581 1260088948305
204.16245 66.606705 18.368452 1260088948324
194.85432 64.77637 19.850029 1260088948344
187.21161 62.68755 20.407528 1260088948367
180.40103 60.15317 20.037151 1260088948382
174.13098 56.845512 18.585293 1260088948404
168.42444 52.753235 15.706028 1260088948586
165.75322 42.865574 12.170727 1260088948596
168.26556 33.272293 9.66219 1260088948606
170.20229 23.658678 8.229081 1260088948613
167.74217 13.975744 7.867627 1260088948627
173.30507 21.826958 8.824245 1260088948634
178.53981 28.13561 10.933033 1260088948645
169.76282 28.72883 12.836381 1260088948655
162.22467 29.24239 14.444562 1260088948669
155.01344 29.63027 15.972334 1260088948687
148.36278 29.798756 17.523718 1260088948695
142.14464 29.758818 19.297531 1260088948708
135.5874 29.420877 21.582655 1260088948715
145.20804 36.649834 23.953522 1260088948729
144.24763 27.517342 22.655846 1260088948745
146.18526 19.241474 19.623053 1260088948751
147.82599 11.279401 16.2919 1260088948765
149.08469 3.6154308 12.927305 1260088948778
151.98045 -3.7153409 9.73094 1260088948791
155.38142 3.7704263 11.244392 1260088948804
159.46236 10.681905 13.082172 1260088948826
166.58923 17.24781 14.978064 1260088948849
175.30977 23.48542 16.82916 1260088948863
167.39429 24.16115 18.587704 1260088948886
161.32457 24.653093 20.05832 1260088948904
156.00835 24.170439 20.455402 1260088948924
151.35793 21.861917 18.732632 1260088948943
147.44003 18.968822 16.246 1260088948966
144.01804 15.970382 13.5837 1260088948989
144.56714 8.421863 10.654515 1260088949004
148.73878 15.900769 11.52179 1260088949025
153.85185 22.85573 12.8957 1260088949047
159.70926 29.462944 14.500916 1260088949063
165.9738 35.639797 16.32587 1260088949083
174.17511 41.25781 18.309576 1260088949106
168.56636 41.094917 19.744097 1260088949129
163.23804 40.540173 19.756891 1260088949143
158.22614 39.163162 18.619047 1260088949164
153.61482 37.105003 16.738094 1260088949354
149.53409 34.499752 14.251189 1260088949368
146.15738 31.624763 11.08863 1260088949375
148.49951 28.693525 7.434198 1260088949387
153.42453 19.30885 4.312488 1260088949396
159.4033 9.893407 1.7968637 1260088949407
167.58315 18.198736 -0.79297954 1260088949416
161.90399 23.0888 -2.0033305 1260088949427
156.20879 25.03436 -1.1531639 1260088949434
149.54834 26.282642 0.35449433 1260088949454
159.97092 27.41851 2.1867697 1260088949465
168.37238 28.397585 4.1774316 1260088949478
175.40376 33.827705 6.31856 1260088949490
181.43358 39.28632 8.3526325 1260088949498
186.8119 44.822002 10.235001 1260088949512
191.67131 50.3809 11.873251 1260088949526
195.88774 55.961857 12.9795885 1260088949535
199.39336 61.563763 13.480609 1260088949547
202.67369 67.285576 13.306579 1260088949559
209.04001 72.8713 12.44125 1260088949572
199.58801 76.97774 10.219188 1260088949584
192.2586 75.528854 7.858228 1260088949604
185.69568 73.95241 6.215317 1260088949627
179.66089 72.25478 4.9545507 1260088949644
174.02785 70.44205 4.0568233 1260088949663
168.72646 68.51994 3.6539822 1260088949684
163.69014 66.19395 4.221283 1260088949709
158.35564 63.334248 5.9102187 1260088949724
152.38785 60.217537 8.314708 1260088949744
146.21846 56.75666 10.698973 1260088949767
140.35754 53.268826 12.614024 1260088949782
