296.52853 26.769497 34.374397 1260088953157
294.8021 27.681023 34.85568 1260088953169
293.162 28.596972 35.262894 1260088953178
291.60388 29.467123 35.69975 1260088953188
291.27368 29.743767 36.66476 1260088953198
292.46 29.506578 37.581524 1260088953210
293.487 29.28125 38.50245 1260088953218
294.61264 29.017187 39.427326 1260088953228
295.732 28.916328 40.10596 1260088953236
296.9954 28.720512 40.800663 1260088953247
298.24564 28.534487 41.46063 1260088953285
299.73337 28.107763 42.337597 1260088953296
300.9467 27.752375 43.270718 1260088953307
301.99936 27.514755 44.20718 1260088953316
302.9994 27.239017 45.246822 1260088953327
303.5494 27.177067 46.13448 1260088953333
303.92194 27.018213 47.127754 1260088953350
304.72583 34.067303 48.571365 1260088953359
306.13953 23.663939 49.292797 1260088953371
296.38254 15.630742 46.828156 1260088953377
291.4634 7.499205 41.786747 1260088953390
278.34024 6.4742446 35.99741 1260088953406
266.07324 6.0505323 30.547539 1260088953416
254.41959 6.098006 25.670162 1260088953434
243.8986 7.193105 22.036654 1260088953447
236.20367 10.18345 21.88482 1260088953466
237.54349 16.524277 23.09058 1260088953488
240.06631 22.948063 24.586052 1260088953503
242.813 29.20066 26.106749 1260088953523
245.52235 35.240627 27.651411 1260088953546
248.24623 41.078594 29.21884 1260088953569
250.63393 46.674664 30.757898 1260088953583
251.55223 51.64093 31.920004 1260088953605
244.57462 54.058884 30.774004 1260088953627
233.64589 51.20594 25.535303 1260088953644
223.41359 47.995644 20.858538 1260088953663
213.79291 44.895863 16.56561 1260088953686
204.80327 42.20107 12.787331 1260088953873
197.4131 42.191017 12.1479645 1260088953890
201.24245 47.23147 14.090567 1260088953897
205.83032 52.269894 16.136038 1260088953908
210.5888 57.206398 18.179235 1260088953917
215.25937 61.99608 20.220274 1260088953928
220.2464 66.54627 22.309261 1260088953935
225.48409 70.91896 24.393799 1260088953949
215.55988 68.82301 25.87411 1260088953956
207.53188 65.58186 23.480404 1260088953975
199.90529 61.65277 19.856384 1260088953986
192.81003 57.67013 16.163565 1260088953995
185.91953 53.936626 12.405386 1260088954006
178.67355 50.539795 8.485117 1260088954014
171.73987 55.112804 5.9608607 1260088954032
175.10287 59.757164 7.862818 1260088954043
180.24773 64.419304 10.119677 1260088954052
186.08534 68.94834 12.463693 1260088954060
192.43108 73.30093 14.940508 1260088954074
199.25952 77.33588 17.393482 1260088954089
207.24655 74.86908 19.473808 1260088954106
198.53423 72.625626 20.950117 1260088954124
191.70752 70.74435 21.40261 1260088954142
184.77214 68.257126 18.33248 1260088954164
176.38353 64.14427 13.665855 1260088954187
184.91435 53.08706 9.632563 1260088954205
189.81863 42.882706 6.1009345 1260088954223
190.3277 33.63857 3.2458878 1260088954245
195.2613 39.90664 6.0835934 1260088954263
201.34824 45.061306 8.429414 1260088954287
208.38083 44.65824 10.657943 1260088954303
215.06178 44.22533 12.825046 1260088954327
221.5587 43.714066 14.933793 1260088954344
227.98076 42.87836 17.237103 1260088954367
234.03172 41.63444 19.875248 1260088954388
224.93013 38.05272 20.031485 1260088954404
217.18362 34.500084 16.87991 1260088954426
209.67444 31.37508 13.535914 1260088954444
202.29071 28.706326 10.209119 1260088954470
194.62617 26.67101 6.748663 1260088954648
191.79486 31.337458 7.21123 1260088954657
194.10512 37.170586 9.050669 1260088954668
197.79987 42.962055 11.148135 1260088954678
202.05988 48.513954 13.340729 1260088954689
206.50688 53.638256 15.573692 1260088954697
198.03154 52.706345 17.495008 1260088954708
190.92996 50.87103 17.020258 1260088954717
184.08347 47.777477 14.769245 1260088954729
177.62929 44.288605 12.130783 1260088954740
171.64783 40.424175 10.024244 1260088954754
177.26544 46.602966 12.223032 1260088954766
182.45216 52.27282 14.31188 1260088954775
187.82956 57.559177 16.496286 1260088954786
193.48808 62.53122 18.821472 1260088954797
183.96368 60.85466 20.930399 1260088954811
177.8655 59.26193 21.23388 1260088954820
171.97221 56.798832 19.472185 1260088954835
166.3736 53.90889 16.848576 1260088954852
160.95491 50.863445 13.906147 1260088954864
155.45717 48.02027 10.710839 1260088954884
148.5843 46.069256 6.525297 1260088954911
145.4551 51.215794 5.7490325 1260088954923
147.58234 56.405003 6.2115808 1260088954946
151.05322 61.33475 7.001002 1260088954967
153.05057 65.168015 7.8509517 1260088954983
147.99805 65.25961 8.208405 1260088955005
142.29814 63.896633 8.1479845 1260088955026
136.58324 62.3018 8.390585 1260088955049
130.75407 60.78671 9.421056 1260088955063
142.11636 59.347374 11.450003 1260088955085
151.31055 63.880005 13.877502 1260088955107
159.29501 68.436005 16.183628 1260088955123
166.58026 72.9642 18.224447 1260088955143
173.45125 77.51599 20.063225 1260088955166
179.6287 81.99019 21.610064 1260088955189
184.64726 86.19068 22.62956 1260088955203
186.6149 89.73115 22.748083 1260088955224
