326.79166 26.938347 48.38578 1260088931174
326.9521 26.841429 48.51649 1260088931180
326.7045 26.799356 48.840668 1260088931233
326.61926 26.55939 49.298634 1260088931247
326.6883 26.331419 49.6837 1260088931258
326.65387 26.114847 50.099514 1260088931270
326.27118 26.409105 50.09454 1260088931284
326.2076 26.78865 49.98981 1260088931295
326.29724 27.049217 49.94032 1260088931309
326.43237 27.196756 49.9933 1260088931328
327.41077 26.686918 50.393635 1260088931344
328.34024 26.102571 50.82395 1260088931364
329.37323 25.347443 51.282753 1260088931385
330.60458 24.58007 51.668617 1260088931412
331.97437 23.751066 52.035187 1260088931425
333.17566 23.063513 52.433426 1260088931445
334.2169 22.460337 52.861755 1260088931467
334.80603 22.03732 53.368668 1260088931484
335.06573 21.685453 53.900234 1260088931503
335.46243 21.30118 54.505222 1260088931525
336.08932 20.886122 55.129963 1260088931548
337.08487 20.241816 55.823463 1260088931564
338.08063 19.529724 56.63229 1260088931772
322.2266 18.653238 56.900677 1260088931806
306.86526 17.520576 57.455643 1260088931815
292.172 16.344547 58.23286 1260088931826
278.2634 15.12732 59.071217 1260088931836
281.55023 5.7209535 60.067657 1260088931847
283.72272 14.234906 61.114273 1260088931854
282.93658 21.373161 61.35856 1260088931867
274.48975 23.304502 59.69063 1260088931874
264.86526 25.239277 57.0561 1260088931885
255.472 26.777313 54.853294 1260088931898
246.3984 27.888447 53.66063 1260088931914
234.77849 28.094025 53.727596 1260088931926
239.88956 27.789324 54.441216 1260088931933
244.44508 34.49986 55.319157 1260088931945
248.77283 40.974865 56.203197 1260088931954
252.83418 47.12612 56.99304 1260088931965
256.54248 53.019814 57.693386 1260088931976
259.86536 58.76882 58.358715 1260088931991
262.82208 64.33038 58.94078 1260088932004
264.981 69.51386 59.343742 1260088932012
259.08194 72.13817 57.826557 1260088932026
248.07784 68.83126 51.73523 1260088932037
237.67395 65.539696 45.898468 1260088932055
227.89026 62.36271 40.403545 1260088932069
218.74574 59.544575 35.583366 1260088932084
210.50845 57.517345 32.504196 1260088932103
201.73303 56.091476 33.628986 1260088932126
208.44638 61.236904 35.397537 1260088932142
214.47406 66.22506 37.07766 1260088932164
220.10036 71.01381 38.67378 1260088932183
225.49535 75.51312 40.19009 1260088932207
230.87057 79.78747 41.680584 1260088932224
236.27705 76.84809 43.046555 1260088932243
242.2632 74.20569 44.094227 1260088932265
232.70004 71.695404 44.239517 1260088932288
223.86504 67.610634 40.277542 1260088932304
215.37178 63.230103 35.463665 1260088932324
207.1032 59.068596 30.690481 1260088932515
198.89804 55.465164 25.955957 1260088932532
190.75314 53.091908 21.65816 1260088932544
187.81549 56.83731 22.475252 1260088932553
192.52472 61.595444 24.20149 1260088932563
198.64848 66.465675 26.041416 1260088932570
205.21606 71.29239 28.039345 1260088932578
212.00526 75.92777 30.137377 1260088932589
219.005 80.28139 32.230507 1260088932598
208.30475 77.217316 34.11898 1260088932614
199.0395 74.40645 35.51303 1260088932631
191.03754 71.73613 36.33738 1260088932637
184.08566 68.949326 36.37051 1260088932648
177.83138 65.85186 35.101986 1260088932657
171.8898 62.35927 32.146885 1260088932672
166.0953 58.641304 28.23954 1260088932688
159.64053 55.20924 23.577562 1260088932696
168.1085 61.348778 18.898684 1260088932715
170.85307 66.58134 18.85375 1260088932726
176.71042 71.65227 20.311062 1260088932737
183.57489 76.51965 22.245508 1260088932751
190.94615 80.99367 24.483232 1260088932764
198.54884 85.09399 26.80907 1260088932785
206.27141 88.78928 28.918617 1260088932806
196.55783 85.49982 30.772686 1260088932824
188.02994 82.42483 32.334053 1260088932843
180.52844 79.45358 33.71735 1260088932867
173.80202 76.3309 35.031483 1260088932883
168.36192 71.11436 33.479908 1260088932903
164.24382 65.85864 29.305912 1260088932925
159.93163 61.11571 25.040617 1260088932948
154.73505 56.909927 20.838587 1260088932964
149.5983 53.21443 17.396658 1260088932983
143.51839 51.75371 19.626825 1260088933006
152.74246 57.066025 21.945484 1260088933025
161.70534 62.212723 24.19821 1260088933044
170.52007 67.10209 26.3883 1260088933063
179.44406 71.64699 28.468885 1260088933087
170.92186 69.21464 30.29544 1260088933270
164.17577 67.00391 31.480669 1260088933279
158.61697 64.75371 31.506636 1260088933291
153.53613 62.06602 30.081305 1260088933297
148.70932 58.86272 27.32724 1260088933308
143.97385 55.469585 23.810879 1260088933317
138.52515 52.046104 19.370335 1260088933329
145.3989 40.5438 17.901817 1260088933338
152.62895 47.21661 18.706726 1260088933350
160.2475 53.55578 20.12139 1260088933366
167.98512 59.47799 21.86532 1260088933376
175.53587 64.85409 23.922054 1260088933386
183.85909 69.561386 26.125952 1260088933393
176.56613 67.53332 27.619654 1260088933408
170.38782 65.55665 27.98867 1260088933425
164.61842 63.328815 27.739237 1260088933446
159.1875 61.062374 27.702274 1260088933457
153.82813 58.909256 28.86716 1260088933471
146.73672 56.713795 31.173803 1260088933479
155.59988 62.378105 33.015114 1260088933493
163.7199 68.0092 34.51436 1260088933513
171.8839 73.50874 36.088642 1260088933524
180.9897 61.083305 37.93421 1260088933542
176.04022 56.47914 34.6375 1260088933563
170.33821 53.005184 30.105625 1260088933587
164.3213 49.854923 25.500343 1260088933604
157.80524 47.062176 20.975327 1260088933624
151.16498 45.109066 16.826561 1260088933645
145.85674 45.05361 14.485233 1260088933664
141.9639 45.75093 14.960972 1260088933687
137.4157 45.613384 16.262922 1260088933704
132.2949 45.232716 17.799776 1260088933732
126.83016 44.77108 19.409788 1260088933745
121.13866 44.182526 21.089298 1260088933766
115.38172 43.5234 22.884834 1260088933789
127.412636 42.79723 24.740593 1260088933803
138.292 48.35737 26.703564 1260088933826
148.07741 53.8395 28.618385 1260088933844
156.62354 59.297527 30.187466 1260088933863
164.39236 64.83265 31.228092 1260088934057
172.07275 70.49102 31.716688 1260088934069
180.01912 58.21647 31.630854 1260088934078
188.46817 46.705647 31.04931 1260088934089
192.49477 53.270363 29.846846 1260088934096
185.57002 57.006844 26.754503 1260088934107
179.29152 56.4565 23.916779 1260088934116
173.47694 55.533676 21.47094 1260088934127
168.0531 54.406994 19.347393 1260088934136
162.90045 53.186646 17.630024 1260088934151
158.00543 51.577312 16.798523 1260088934166
152.75516 49.148445 17.258596 1260088934176
146.9174 46.291023 18.545666 1260088934185
140.97153 43.67647 19.868382 1260088934191
