4.813688 4.370811 2.9221506 1258745741885
4.641105 4.567691 2.8972642 1258745741895
4.3423104 4.749279 3.0731602 1258745741901
3.892968 4.9245114 3.4397995 1258745741912
3.3230789 5.0174327 3.9086468 1258745741921
2.652291 4.958608 4.2689247 1258745741933
1.833211 4.7338324 4.3789616 1258745741942
0.89504576 4.37592 4.1150665 1258745741953
-0.122880325 4.0685916 3.389016 1258745741959
-1.1423485 3.983659 2.2538824 1258745741969
-2.0856457 4.178104 0.87245286 1258745741978
-2.912995 4.6297855 -0.59041005 1258745742016
-3.6002295 5.2359476 -2.0237148 1258745742027
-4.0930634 5.874455 -3.3853543 1258745742037
-4.3685274 6.423832 -4.6789117 1258745742047
-4.4837995 6.6896772 -5.9077916 1258745742056
-4.5497227 6.5308957 -6.927447 1258745742062
-4.7192698 5.8379636 -7.546757 1258745742075
-5.106437 4.6947937 -7.640683 1258745742091
-5.750058 3.4289937 -7.0359564 1258745742098
-6.5678463 2.4798222 -5.91529 1258745742109
-7.416252 2.125647 -4.506743 1258745742120
-8.274676 2.2985818 -3.0290148 1258745742135
-9.0983515 2.7897582 -1.9827073 1258745742146
-9.891739 3.2999609 -1.5573646 1258745742156
-10.714239 3.727448 -1.8465648 1258745742176
-11.355326 4.305177 -2.7553322 1258745742188
-11.674925 5.0882897 -3.9544027 1258745742212
-11.653699 5.990243 -5.2195077 1258745742232
-11.261699 6.830754 -6.4213576 1258745742247
-10.665925 7.34866 -7.563115 1258745742267
-10.114242 7.4402328 -8.48366 1258745742288
-9.766525 7.091376 -8.962506 1258745742307
-9.733119 6.2941456 -8.74797 1258745742336
-9.993539 5.26437 -7.8502035 1258745742514
-10.378504 4.3351164 -6.467494 1258745742533
-10.741496 3.70294 -4.8563156 1258745742542
-11.031177 3.4946384 -3.4292104 1258745742554
-11.315226 3.5882273 -2.4207795 1258745742560
-11.667476 3.7942717 -1.9926016 1258745742571
-12.054552 4.1480103 -2.2797894 1258745742580
-12.292881 4.729228 -3.1178622 1258745742591
-12.304091 5.5428953 -4.260669 1258745742599
-12.066852 6.495668 -5.4696 1258745742613
-11.621505 7.3027353 -6.4648557 1258745742619
-11.131686 7.745285 -7.1753974 1258745742635
-10.650014 7.686271 -7.4819813 1258745742641
-10.16246 7.167116 -7.297886 1258745742653
-9.660466 6.366099 -6.713023 1258745742671
-9.120237 5.493446 -5.780801 1258745742677
-8.543685 4.737975 -4.690203 1258745742695
-7.9544187 4.216411 -3.6432393 1258745742708
