7.677487 4.5981 3.4678178 1258745746979
7.699499 4.704618 3.2739964 1258745746984
7.709514 4.8745923 3.0326605 1258745746990
7.658418 5.0932736 2.7652545 1258745747025
7.4389415 5.306469 2.6535513 1258745747040
6.9573507 5.484488 2.7932808 1258745747046
6.213812 5.6100206 3.1119416 1258745747063
5.223466 5.6502786 3.5590448 1258745747077
4.034747 5.5305276 3.907519 1258745747097
2.7181842 5.2233553 4.055376 1258745747118
1.3128586 4.7136164 3.8737187 1258745747137
-0.07191513 4.076816 3.2884479 1258745747156
-1.3268394 3.4854763 2.323149 1258745747177
-2.4086928 3.016322 1.0479 1258745747196
-3.304336 2.6496234 -0.36516786 1258745747217
-3.9897099 2.4102225 -1.7981575 1258745747237
-4.475328 2.27541 -3.173118 1258745747263
-4.771178 2.1718547 -4.4793305 1258745747276
-4.9255657 2.02172 -5.7202325 1258745747304
-5.05589 1.6638904 -6.8691244 1258745747318
-5.240309 1.0188565 -7.7501373 1258745747360
-5.5285554 0.18270065 -8.284047 1258745747530
-5.997842 -0.7369546 -8.405806 1258745747545
-6.6970024 -1.406322 -7.857484 1258745747551
-7.570958 -1.5600606 -6.853737 1258745747567
-8.489067 -1.1340576 -5.5092735 1258745747578
-9.331306 -0.19271317 -3.956221 1258745747588
-10.026557 0.8922489 -2.7729778 1258745747598
-10.571272 1.8303446 -2.1106265 1258745747604
-11.019968 2.4573007 -2.0629816 1258745747615
-11.352249 2.8431556 -2.6789868 1258745747624
-11.492214 3.136168 -3.665992 1258745747632
-11.4127035 3.3927372 -4.835193 1258745747645
-11.0702095 3.7127519 -6.058302 1258745747658
-10.499674 4.0549026 -7.2202554 1258745747667
-9.778557 4.317292 -8.324111 1258745747678
-8.969551 4.424911 -9.353705 1258745747687
-8.236408 4.2465696 -10.186764 1258745747702
-7.7387795 3.7284644 -10.639703 1258745747717
-7.562956 2.833102 -10.449589 1258745747729
-7.690804 1.8136154 -9.594773 1258745747737
-8.04653 0.94044566 -8.233117 1258745747757
-8.461424 0.44871902 -6.5847335 1258745747777
-8.855574 0.50460005 -5.013321 1258745747797
-9.255214 0.95267713 -3.7636023 1258745747817
-9.651216 1.5962759 -2.9727218 1258745747838
-10.043762 2.297589 -2.756665 1258745747857
-10.3642435 3.0455587 -3.1711369 1258745747877
-10.495722 3.8242316 -4.0157185 1258745747896
-10.350263 4.561247 -5.115676 1258745747917
-9.942393 5.1851373 -6.3193126 1258745747937
-9.328819 5.5626316 -7.446423 1258745747957
-8.619255 5.5725703 -8.383018 1258745747982
-7.9587893 5.2551236 -9.021486 1258745747997
-7.4280515 4.7519684 -9.224189 1258745748017
-7.092062 4.211317 -8.869899 1258745748037
-6.902265 3.8284538 -7.9735274 1258745748056
-6.768267 3.6663148 -6.715407 1258745748077
-6.5837636 3.6212456 -5.3206544 1258745748097
