3.4174592 -4.456448 7.2721343 1260161836184
3.4290988 -4.476749 7.2483554 1260161836197
3.4353895 -4.4933105 7.2203174 1260161836224
3.4352365 -4.5117683 7.2052584 1260161836238
3.431686 -4.5401993 7.187547 1260161836255
3.428313 -4.5535884 7.1598253 1260161836263
3.4285138 -4.566989 7.1416616 1260161836283
3.4402816 -4.5906157 7.152328 1260161836300
3.483469 -4.634173 7.206046 1260161836314
3.5857885 -4.7300334 7.3122406 1260161836320
3.75518 -4.9150815 7.4539866 1260161836340
4.00191 -5.1807714 7.5940933 1260161836355
4.3050866 -5.5074077 7.699954 1260161836381
4.6128535 -5.8585734 7.7426353 1260161836401
4.896379 -6.152682 7.7014604 1260161836421
5.124867 -6.3149495 7.5574675 1260161836440
5.267019 -6.2961254 7.3089876 1260161836466
5.3087635 -6.0759807 6.974184 1260161836477
5.2088127 -5.665943 6.6118546 1260161836500
4.912278 -5.1122823 6.360941 1260161836516
4.381999 -4.501858 6.3064475 1260161836534
3.6296625 -4.0091257 6.506655 1260161836556
2.7440073 -3.7242234 6.875279 1260161836581
1.8719893 -3.6524231 7.260885 1260161836593
1.1736463 -3.8355083 7.503946 1260161836614
0.74789566 -4.2062535 7.454956 1260161836634
0.66895884 -4.8097568 7.0161495 1260161836654
0.9446928 -5.6534486 6.1334677 1260161836674
1.4940294 -6.619081 4.921722 1260161836694
2.1759384 -7.5527763 3.4906657 1260161836713
2.8291998 -8.295411 2.0187943 1260161836734
3.3285773 -8.844961 0.7301602 1260161836944
3.656567 -9.298932 -0.27475452 1260161836962
3.910271 -9.817374 -0.7983395 1260161836973
4.1124716 -10.4604 -0.65422684 1260161836988
4.2466755 -11.101238 0.0036584889 1260161837000
4.272698 -11.560211 0.9902697 1260161837008
4.0604253 -11.625081 2.029022 1260161837023
3.5645666 -11.202504 2.906874 1260161837034
2.7734225 -10.380187 3.6393616 1260161837043
1.7535149 -9.355863 4.252822 1260161837054
0.6191154 -8.390926 4.7368617 1260161837064
-0.5253038 -7.61657 5.0652633 1260161837079
-1.5600636 -7.173088 5.231507 1260161837088
-2.3796413 -7.1740108 5.271622 1260161837102
-2.7864046 -7.5480847 4.8772855 1260161837115
-2.6239297 -8.247369 4.108357 1260161837125
-1.898205 -9.165709 2.9944618 1260161837138
-0.75112283 -10.103509 1.5555729 1260161837153
0.446887 -10.994419 0.30099612 1260161837164
1.377286 -11.750209 -0.6742883 1260161837175
1.9022689 -12.260499 -1.2827733 1260161837183
1.9869441 -12.47491 -1.4985328 1260161837198
1.7357299 -12.3156185 -1.4099858 1260161837214
1.2539533 -11.800628 -1.1038544 1260161837223
0.6280543 -11.030127 -0.5985092 1260161837243
-0.077555604 -10.071372 0.056590255 1260161837264
-0.7703586 -9.070661 0.69800323 1260161837278
-1.3944707 -8.1880865 1.2283475 1260161837303
-1.8879485 -7.5164905 1.5428518 1260161837321
-2.1946702 -7.1318126 1.5923785 1260161837341
-2.2436137 -7.123903 1.3629358 1260161837358
-1.971394 -7.4970775 0.8364643 1260161837383
-1.3450357 -8.173715 0.037349753 1260161837405
-0.41016772 -9.059643 -0.9410966 1260161837423
0.6325478 -9.9530325 -1.8379319 1260161837438
1.5870336 -10.728203 -2.44544 1260161837462
2.2758696 -11.3338585 -2.6827452 1260161837475
2.587712 -11.677005 -2.5022988 1260161837498
2.5359623 -11.719009 -2.0094345 1260161837717
2.1735322 -11.389121 -1.2892369 1260161837737
1.5942726 -10.707297 -0.42457965 1260161837744
0.90981555 -9.806226 0.34849253 1260161837761
0.22621146 -8.862357 0.9126568 1260161837775
-0.3244649 -8.134574 1.1115092 1260161837784
-0.63513 -7.803438 0.870016 1260161837796
-0.61018366 -7.925391 0.26263276 1260161837805
-0.21396814 -8.43147 -0.615391 1260161837816
0.48523882 -9.162859 -1.6027424 1260161837823
1.3204209 -9.920332 -2.4726245 1260161837839
2.0723016 -10.550037 -2.9741673 1260161837846
2.5850074 -10.956891 -3.0120578 1260161837867
2.762215 -11.032177 -2.5788326 1260161837883
2.6295524 -10.753656 -1.7804509 1260161837892
2.277425 -10.172388 -0.7945285 1260161837901
1.7849082 -9.428818 0.19998436 1260161837915
1.2509584 -8.687013 0.98813754 1260161837924
0.76277465 -8.135527 1.4079516 1260161837945
0.42566928 -7.959615 1.3246146 1260161837958
0.3287929 -8.196342 0.7741806 1260161837968
0.51257235 -8.765147 -0.08583544 1260161837980
0.9241569 -9.504369 -1.0724239 1260161838004
1.4166338 -10.184836 -1.9238749 1260161838018
1.8402208 -10.661708 -2.455579 1260161838035
2.0614777 -10.858673 -2.5459585 1260161838048
2.04285 -10.732522 -2.2095883 1260161838060
1.8303827 -10.307583 -1.597199 1260161838096
1.5011885 -9.655319 -0.90850943 1260161838162
1.1680235 -9.00298 -0.36662227 1260161838205
0.92915267 -8.584839 -0.10108185 1260161838236
0.86362654 -8.510407 -0.16208644 1260161838245
0.9886565 -8.770672 -0.502663 1260161838262
1.2844995 -9.244701 -1.0094044 1260161838277
1.6785992 -9.765856 -1.5568675 1260161838284
2.0727434 -10.233711 -1.9754858 1260161838300
2.3777168 -10.535841 -2.0796547 1260161838307
2.526471 -10.582465 -1.8244861 1260161838320
2.4859555 -10.389084 -1.2122835 1260161838505
2.254057 -9.962248 -0.32627618 1260161838522
1.8900586 -9.442343 0.61962634 1260161838537
1.4720725 -8.962053 1.3922455 1260161838546
1.1246998 -8.63381 1.7836821 1260161838562
0.97448444 -8.620264 1.7217387 1260161838581
1.0694549 -8.894104 1.1998006 1260161838593
1.3946278 -9.383755 0.38251927 1260161838603
1.8356595 -9.960609 -0.47289604 1260161838616
2.2410192 -10.429624 -1.1901982 1260161838626
2.5021658 -10.700166 -1.5808407 1260161838637
2.5718284 -10.71542 -1.5644523 1260161838644
2.4752448 -10.473848 -1.2226759 1260161838661
2.2588642 -10.047542 -0.7059415 1260161838674
1.9654514 -9.517242 -0.16328646 1260161838684
1.6158834 -8.976003 0.2834531 1260161838701
1.2259073 -8.535375 0.57097113 1260161838717
0.8104829 -8.211439 0.7072288 1260161838724
0.387908 -8.020836 0.69161683 1260161838741
-0.004684915 -8.013422 0.55011624 1260161838748
-0.33610615 -8.156203 0.33873573 1260161838759
-0.5855786 -8.423963 0.122260846 1260161838767
-0.7204249 -8.815218 -0.03640009 1260161838782
-0.7327559 -9.328563 -0.08838046 1260161838801
-0.6450418 -9.922479 -0.0315231 1260161838816
-0.48748252 -10.582041 0.08310194 1260161838825
-0.30987948 -11.241314 0.17020318 1260161838843
-0.15477695 -11.815866 0.15147775 1260161838858
-0.04352345 -12.271797 -0.016816229 1260161838865
0.019944288 -12.589839 -0.35307902 1260161838883
0.058446083 -12.785059 -0.8727478 1260161838897
0.09366075 -12.8915205 -1.55848 1260161838908
0.11894248 -12.930005 -2.424446 1260161838927
0.09052178 -12.859646 -3.3976188 1260161838944
-0.042035576 -12.637532 -4.3166847 1260161838964
-0.33209026 -12.256951 -5.0304394 1260161838985
-0.8228437 -11.868158 -5.234518 1260161839009
-1.4232198 -11.635009 -4.8767686 1260161839024
-2.0541878 -11.651192 -4.032273 1260161839238
-2.6066172 -11.904241 -2.8622525 1260161839259
-2.9495935 -12.1834545 -1.7207683 1260161839266
-3.07384 -12.339065 -0.78686327 1260161839278
-3.0039132 -12.333665 -0.12507023 1260161839288
-2.8005981 -12.227745 0.28162152 1260161839303
-2.5550106 -12.037227 0.5392664 1260161839315
-2.3230643 -11.801072 0.7479351 1260161839322
-2.091819 -11.538588 0.9461704 1260161839328
-1.903463 -11.226574 1.1651397 1260161839337
-1.7190766 -10.916541 1.4085734 1260161839343
-1.560254 -10.626777 1.6595849 1260161839357
-1.4393371 -10.339923 1.903494 1260161839363
