1.2888037 -2.3598466 8.67385 1260161842854
1.3414985 -2.4488835 8.58339 1260161842887
1.4228854 -2.54777 8.497454 1260161842897
1.5444691 -2.6716769 8.410366 1260161842916
1.6477153 -2.808457 8.31946 1260161842928
1.7321788 -2.9492943 8.235824 1260161842943
1.8042469 -3.093986 8.175437 1260161842957
1.8672634 -3.223271 8.11807 1260161842978
1.9271291 -3.3508587 8.0697 1260161843001
1.9894497 -3.469343 8.029198 1260161843015
2.0629556 -3.571688 8.009108 1260161843038
2.1525357 -3.6689155 8.019987 1260161843061
2.2533002 -3.7776263 8.050072 1260161843108
2.3626468 -3.9054182 8.075928 1260161843118
2.4801464 -4.056785 8.078699 1260161843139
2.6060724 -4.21148 8.045918 1260161843144
2.7447708 -4.3584404 7.9807262 1260161843161
2.8928785 -4.5035005 7.8718033 1260161843184
3.033581 -4.6331353 7.711121 1260161843206
3.1345594 -4.7181516 7.5087585 1260161843393
3.1344655 -4.709023 7.272929 1260161843410
2.9491394 -4.5695953 7.0625114 1260161843418
2.4931815 -4.3309 7.0744114 1260161843430
1.76446 -4.1286564 7.425544 1260161843436
0.92643684 -4.012118 7.967511 1260161843447
0.16913286 -4.133633 8.490552 1260161843454
-0.28539017 -4.612736 8.623096 1260161843466
-0.3385414 -5.3464203 8.136779 1260161843473
-0.071680926 -6.3137836 7.1320066 1260161843492
0.3643492 -7.319949 5.8151717 1260161843503
0.7588283 -8.131431 4.451811 1260161843511
0.9571999 -8.60201 3.2635376 1260161843517
0.913426 -8.666327 2.4091282 1260161843527
0.6920522 -8.525167 1.8827854 1260161843546
0.4545064 -8.470063 1.6735542 1260161843552
0.35891223 -8.686035 1.5653598 1260161843566
0.394767 -9.259639 1.6627944 1260161843577
0.544602 -9.99048 1.9310596 1260161843594
0.72031504 -10.558791 2.275806 1260161843610
0.78781396 -10.817427 2.7844656 1260161843631
0.6946229 -10.6422615 3.2785885 1260161843645
0.39906207 -10.072011 3.8276844 1260161843668
-0.103051364 -9.284426 4.4235563 1260161843691
-0.74282223 -8.46267 5.003255 1260161843707
-1.4166633 -7.782793 5.524004 1260161843726
-2.0213993 -7.3991017 5.845737 1260161843750
-2.4304113 -7.42618 5.866037 1260161843774
-2.5404367 -7.8394027 5.5591145 1260161843792
-2.29628 -8.5643015 4.861652 1260161843808
-1.7490199 -9.474285 3.86945 1260161843830
-1.0827041 -10.396656 2.8063183 1260161843847
-0.49669427 -11.163265 1.8978148 1260161843871
-0.1722119 -11.667489 1.3616247 1260161843896
-0.17858368 -11.8107605 1.2554065 1260161843907
-0.45295772 -11.515103 1.499775 1260161843927
-0.91791826 -10.83311 2.030892 1260161843947
-1.4427149 -9.88693 2.664165 1260161843970
-1.9351426 -8.876372 3.2167413 1260161844172
-2.3341663 -8.030753 3.6048043 1260161844183
-2.5613718 -7.6428356 3.7071862 1260161844190
-2.5477142 -7.7959733 3.4639404 1260161844202
-2.2888923 -8.389564 2.9481916 1260161844211
-1.8414302 -9.270147 2.2689075 1260161844222
-1.3393862 -10.147563 1.6065621 1260161844231
-0.95642483 -10.806767 1.210923 1260161844242
-0.7941927 -11.104761 1.2055392 1260161844251
-0.868894 -10.929531 1.5565968 1260161844257
-1.1169248 -10.328573 2.1148372 1260161844271
-1.4213368 -9.547229 2.667639 1260161844287
-1.6832874 -8.881226 3.036167 1260161844293
-1.8245398 -8.576773 3.1424642 1260161844305
-1.7980094 -8.718627 2.9798927 1260161844313
-1.6236628 -9.192534 2.6061623 1260161844325
-1.3340883 -9.8225355 2.1244493 1260161844334
-0.99497694 -10.421037 1.6559255 1260161844348
-0.68167436 -10.834341 1.3347732 1260161844357
-0.47461224 -10.951168 1.3116196 1260161844372
-0.40797752 -10.723007 1.6192362 1260161844391
-0.4829211 -10.20865 2.221335 1260161844410
-0.6698904 -9.531368 2.9826515 1260161844427
-0.8836052 -8.877054 3.661636 1260161844447
-1.075738 -8.408685 4.109176 1260161844468
-1.2031016 -8.217753 4.2299247 1260161844486
-1.235565 -8.3121805 4.0184283 1260161844507
-1.1758298 -8.632071 3.5621254 1260161844532
-1.030549 -9.100091 2.983581 1260161844556
-0.8257927 -9.612131 2.4121711 1260161844567
-0.6006283 -10.087673 1.9428817 1260161844587
-0.40102357 -10.46044 1.661863 1260161844611
-0.26656145 -10.677684 1.6196308 1260161844625
-0.20215707 -10.687251 1.8103752 1260161844652
-0.22133295 -10.480458 2.1611557 1260161844671
-0.32195315 -10.115112 2.5468354 1260161844685
-0.4400159 -9.696527 2.869646 1260161844708
-0.5576237 -9.40579 3.0196822 1260161844730
-0.6141887 -9.331853 2.9647214 1260161844914
-0.57122093 -9.463194 2.7422545 1260161844925
-0.4609378 -9.757541 2.3967505 1260161844937
-0.29828236 -10.11072 2.013359 1260161844951
-0.12741525 -10.435344 1.6797832 1260161844967
0.017883057 -10.69266 1.4446082 1260161844974
0.11165032 -10.800908 1.3696537 1260161844986
0.13262749 -10.695352 1.493218 1260161844995
0.08309202 -10.3873625 1.7863064 1260161845009
-0.02457723 -9.946992 2.1798325 1260161845018
-0.14933659 -9.490503 2.5727506 1260161845034
-0.23448813 -9.155586 2.8581717 1260161845045
-0.24591832 -9.025376 2.984265 1260161845057
-0.15802948 -9.10462 2.9637642 1260161845067
0.013316168 -9.357647 2.8074038 1260161845076
0.22104166 -9.673615 2.5682862 1260161845087
0.41293278 -9.930201 2.3111596 1260161845110
0.5318947 -10.0425205 2.09413 1260161845118
0.5563763 -9.950367 1.9948716 1260161845143
0.48565337 -9.657835 2.0735545 1260161845157
0.3633042 -9.339068 2.2661192 1260161845169
0.2749942 -9.12341 2.4844687 1260161845187
0.281675 -9.109901 2.584981 1260161845195
0.40719983 -9.356535 2.491145 1260161845214
0.628601 -9.729765 2.2297032 1260161845231
0.8886464 -10.128599 1.8771379 1260161845252
1.1302414 -10.463225 1.5830619 1260161845270
1.3318349 -10.658538 1.4187816 1260161845287
1.4736345 -10.69358 1.441142 1260161845308
1.5422854 -10.547081 1.6598793 1260161845330
1.5298678 -10.257402 2.073347 1260161845345
1.4077462 -9.864391 2.644568 1260161845368
1.186854 -9.422929 3.2498815 1260161845388
0.9048186 -8.992643 3.7922404 1260161845412
0.62054056 -8.674448 4.09909 1260161845425
0.45262903 -8.59826 4.0453215 1260161845448
0.45315218 -8.865027 3.6455603 1260161845470
0.6279896 -9.369752 2.983165 1260161845492
0.8771693 -9.920067 2.2251773 1260161845682
1.0696238 -10.331179 1.5847679 1260161845696
1.1060369 -10.404381 1.2256314 1260161845708
0.930876 -10.187215 1.1670738 1260161845715
0.61192524 -9.809291 1.3668257 1260161845726
0.22379485 -9.359688 1.7070948 1260161845735
-0.18374704 -8.962529 2.054867 1260161845746
-0.56001556 -8.703045 2.3253212 1260161845753
-0.8977211 -8.645176 2.4862292 1260161845766
-1.1804044 -8.838772 2.573033 1260161845773
-1.3468009 -9.226994 2.628256 1260161845791
-1.3911477 -9.784446 2.7025106 1260161845797
-1.2868584 -10.437289 2.7948449 1260161845808
-1.0692866 -11.092904 2.8335292 1260161845817
-0.82377535 -11.742979 2.779704 1260161845828
-0.58509153 -12.363274 2.569212 1260161845845
-0.3971599 -12.892624 2.1799216 1260161845852
-0.2901317 -13.29676 1.6459707 1260161845864
-0.271539 -13.582622 1.0345217 1260161845876
-0.36420077 -13.703686 0.4257234 1260161845888
-0.56255424 -13.616435 -0.09202445 1260161845910
-0.8531427 -13.318345 -0.43338007 1260161845931
-1.2483797 -12.865586 -0.4723216 1260161845946
-1.7369038 -12.361916 -0.053715434 1260161845968
-2.28681 -11.897049 0.7117098 1260161845991
-2.8310132 -11.501735 1.6853921 1260161846005
-3.2404056 -11.161599 2.6492083 1260161846027
-3.4277472 -10.83847 3.344865 1260161846049
-3.4041407 -10.523326 3.808244 1260161846068
-3.2135031 -10.262075 4.089777 1260161846085
-2.9493134 -10.013887 4.266658 1260161846108
-2.6819887 -9.799901 4.4020057 1260161846131
