1.9770916 -2.922882 8.868828 1260161804677
2.1424718 -3.0620842 8.752955 1260161804708
2.333634 -3.2324634 8.6183605 1260161804716
2.4791439 -3.3861513 8.487771 1260161804739
2.5724313 -3.4776733 8.385504 1260161804754
2.617469 -3.5292063 8.318995 1260161804774
2.5996444 -3.5373018 8.274881 1260161804794
2.5166523 -3.493235 8.249317 1260161804813
2.3710701 -3.3962092 8.222307 1260161804834
2.191225 -3.276794 8.210268 1260161804854
1.9767871 -3.185142 8.215176 1260161804879
1.8003118 -3.1614075 8.203493 1260161804894
1.701443 -3.231478 8.17605 1260161804914
1.6844726 -3.4424205 8.018543 1260161804934
1.7936579 -3.7905967 7.7122774 1260161804954
1.9995365 -4.23918 7.23745 1260161804974
2.2863777 -4.768849 6.5534563 1260161804994
2.650133 -5.3265157 5.7252355 1260161805014
3.0672073 -5.8944364 4.7627234 1260161805214
3.541064 -6.5109158 3.695108 1260161805223
4.0545626 -7.164673 2.6420553 1260161805235
4.509016 -7.8429475 1.863667 1260161805244
4.8086295 -8.498205 1.5852469 1260161805255
4.8446913 -8.98722 1.8832682 1260161805262
4.527545 -9.153499 2.7091594 1260161805276
3.8700838 -8.869483 3.8424368 1260161805283
2.955382 -8.173351 5.020522 1260161805294
1.910032 -7.282523 5.939484 1260161805305
0.88902783 -6.496166 6.4862905 1260161805319
0.049148105 -6.08555 6.6516275 1260161805328
-0.450452 -6.2198477 6.3728466 1260161805340
-0.48036775 -6.798264 5.745703 1260161805348
0.0019753682 -7.6671567 4.787616 1260161805362
0.82250255 -8.678522 3.5539496 1260161805376
1.6707861 -9.608674 2.3377006 1260161805385
2.2253602 -10.32615 1.4676104 1260161805404
2.2325892 -10.633192 1.1429344 1260161805415
1.7314178 -10.321501 1.4297014 1260161805424
0.9100291 -9.396815 2.13049 1260161805444
-0.022156939 -8.18807 2.8895388 1260161805455
-0.8164774 -7.096968 3.459449 1260161805478
-1.2979939 -6.5739083 3.6222181 1260161805499
-1.3767889 -6.7382693 3.2885594 1260161805521
-1.02056 -7.3915553 2.596343 1260161805538
-0.36751264 -8.32885 1.7160447 1260161805558
0.34413868 -9.279209 0.88793343 1260161805581
0.8765128 -10.059467 0.32392046 1260161805595
0.9736578 -10.4486265 0.25392407 1260161805618
0.65392995 -10.222438 0.68729424 1260161805639
0.0716524 -9.42597 1.4306513 1260161805662
-0.60886157 -8.324731 2.2192438 1260161805675
-1.1416198 -7.388197 2.748438 1260161805698
-1.363756 -7.093699 2.845286 1260161805721
-1.2458539 -7.4261603 2.5177848 1260161805744
-0.8519057 -8.209177 1.937657 1260161805754
-0.32033992 -9.135555 1.3129857 1260161805774
0.124037035 -9.873963 0.8455361 1260161805976
0.28604648 -10.209064 0.7440108 1260161805986
0.12804948 -10.024817 1.1167828 1260161805997
-0.25155053 -9.40508 1.8141489 1260161806004
-0.7054699 -8.584102 2.564498 1260161806017
-1.0100241 -7.9975815 3.101627 1260161806024
-1.0371588 -7.899393 3.2278059 1260161806035
-0.7891679 -8.281465 2.9581337 1260161806044
-0.3547194 -8.980174 2.4772096 1260161806055
0.09410058 -9.69911 1.9896858 1260161806062
0.36861268 -10.138976 1.6831722 1260161806080
0.39989632 -10.138704 1.6357886 1260161806089
0.23893091 -9.698509 1.8052945 1260161806101
-0.005242558 -9.114155 2.0289788 1260161806113
-0.060142837 -8.845727 2.1788254 1260161806121
0.113799684 -9.03883 2.219708 1260161806137
0.48403132 -9.680602 2.1597989 1260161806146
0.9236026 -10.4871 2.2070808 1260161806157
1.13689 -10.991081 2.4467697 1260161806173
1.0412276 -11.071468 2.9536912 1260161806184
0.66295886 -10.647969 3.753983 1260161806196
0.12449597 -9.8765335 4.6157317 1260161806218
-0.3346054 -9.181807 5.1926317 1260161806238
-0.4976637 -8.874583 5.3375244 1260161806263
-0.35155943 -9.046494 4.954194 1260161806276
0.024914708 -9.535335 4.175972 1260161806299
0.41321093 -9.98339 3.3814983 1260161806317
0.5914075 -10.061723 2.7609088 1260161806336
0.48420113 -9.691435 2.490065 1260161806358
0.12833561 -8.992343 2.5038083 1260161806379
-0.38339612 -8.117771 2.6571538 1260161806403
-1.0105118 -7.270583 2.7694623 1260161806415
-1.7417941 -6.668017 2.780813 1260161806438
-2.4943988 -6.4258723 2.701021 1260161806460
-3.2039251 -6.5703945 2.605469 1260161806475
-3.797615 -7.106086 2.534444 1260161806497
-4.179789 -7.913278 2.5187278 1260161806518
-4.3794103 -8.82721 2.53921 1260161806542
-4.411735 -9.772401 2.5287035 1260161806715
-4.3239465 -10.681229 2.4560688 1260161806746
-4.190833 -11.544615 2.1834414 1260161806758
-4.0562034 -12.364832 1.7215023 1260161806767
-4.0134325 -13.10522 1.1539478 1260161806777
-4.1110463 -13.675109 0.6011508 1260161806786
-4.3256817 -13.954312 0.20470594 1260161806797
-4.6174364 -13.886538 -0.028903054 1260161806808
-4.906181 -13.496626 -0.15480816 1260161806818
-5.136222 -12.915775 -0.18929084 1260161806834
-5.360209 -12.260452 -0.112405576 1260161806845
-5.6417794 -11.624275 0.18809524 1260161806861
-5.967158 -11.120697 0.83314824 1260161806867
-6.2762675 -10.730149 1.6843046 1260161806878
-6.4514246 -10.394542 2.5337641 1260161806886
-6.468681 -10.108403 3.231107 1260161806900
-6.338656 -9.806607 3.6933634 1260161806921
-6.096635 -9.519901 4.006519 1260161806927
-5.8387933 -9.359218 4.282224 1260161806946
-5.563198 -9.247429 4.544144 1260161806957
-5.268694 -9.130333 4.7684517 1260161806976
-4.988915 -8.964611 4.9400015 1260161806993
