2.582498 -3.821669 8.059412 1260161831413
2.604559 -3.8525972 8.081396 1260161831447
2.6146207 -3.8847032 8.096833 1260161831466
2.620774 -3.9261 8.103326 1260161831477
2.6095943 -3.9708753 8.112218 1260161831496
2.6016977 -4.0134115 8.090701 1260161831506
2.6084974 -4.051097 8.05664 1260161831516
2.6183622 -4.092346 8.013385 1260161831534
2.6304576 -4.1342573 7.9750166 1260161831557
2.6385434 -4.176797 7.9412913 1260161831574
2.6462247 -4.2281055 7.906528 1260161831594
2.656927 -4.287745 7.8816752 1260161831614
2.6752665 -4.3770914 7.860789 1260161831634
2.7029042 -4.5219 7.854567 1260161831654
2.7516336 -4.7772846 7.878621 1260161831674
2.8619423 -5.1397586 7.8217936 1260161831699
3.060716 -5.6373377 7.705154 1260161831895
3.3482983 -6.2469225 7.5201154 1260161831905
3.7291024 -6.929543 7.199272 1260161831915
4.1296844 -7.6025486 6.831136 1260161831922
4.455075 -8.0886755 6.4180727 1260161831935
4.647742 -8.321674 6.0256624 1260161831942
4.623746 -8.220221 5.7822657 1260161831953
4.3442063 -7.867096 5.7648783 1260161831972
3.7885303 -7.4090443 6.115429 1260161831979
2.9514563 -6.9793434 6.7807884 1260161831987
1.9934728 -6.6310573 7.681882 1260161832001
1.0139247 -6.395528 8.712942 1260161832008
0.13034423 -6.2732463 9.580081 1260161832023
-0.56263846 -6.2578697 10.168231 1260161832034
-1.1160954 -6.3964906 10.372845 1260161832043
-1.4927367 -6.7713037 10.043526 1260161832053
-1.7068512 -7.389568 9.179049 1260161832062
-1.7747376 -8.115847 7.897427 1260161832078
-1.7180085 -8.850078 6.3366537 1260161832093
-1.6225739 -9.451573 4.717035 1260161832105
-1.5618757 -9.864998 3.178397 1260161832120
-1.6152183 -10.126315 1.7166909 1260161832137
-1.8450013 -10.260156 0.4567823 1260161832160
-2.256704 -10.269488 -0.51539505 1260161832177
-2.7915165 -10.191184 -1.0875585 1260161832196
-3.366328 -10.059589 -1.2415719 1260161832218
-3.8899252 -9.9481945 -1.1188828 1260161832241
-4.293362 -9.915919 -0.8157293 1260161832255
-4.513864 -9.996945 -0.47597623 1260161832277
-4.485666 -10.251665 -0.15593486 1260161832300
-4.160592 -10.7204275 0.14538041 1260161832317
-3.5480382 -11.354394 0.45069838 1260161832335
-2.7059634 -12.101038 0.7822925 1260161832360
-1.740505 -12.892753 1.0721092 1260161832377
-0.8042511 -13.644881 1.2405155 1260161832397
-0.014238375 -14.293345 1.189386 1260161832416
0.54558885 -14.770458 0.86908704 1260161832440
0.8343015 -15.0160055 0.35096356 1260161832454
0.86886036 -14.973463 -0.30265486 1260161832661
0.693981 -14.629995 -0.99237514 1260161832678
0.37053058 -14.00814 -1.5904039 1260161832688
-0.041624013 -13.149736 -1.9828287 1260161832700
-0.50467765 -12.18443 -2.0621138 1260161832706
-0.9942929 -11.316422 -1.7478927 1260161832717
-1.4927973 -10.773075 -1.0462204 1260161832726
-1.991574 -10.655972 -0.058872562 1260161832736
-2.4735842 -10.883188 1.0275698 1260161832746
-2.9117444 -11.333995 1.9527701 1260161832757
-3.2871354 -11.843984 2.4830296 1260161832764
-3.5851893 -12.306681 2.4794183 1260161832783
-3.7743602 -12.708105 1.908019 1260161832794
-3.8464718 -13.026805 0.93206257 1260161832804
-3.8182733 -13.228099 -0.28044236 1260161832815
-3.7308743 -13.304916 -1.5692065 1260161832822
-3.6703188 -13.254629 -2.7935324 1260161832840
-3.6979182 -13.070653 -3.9321253 1260161832848
-3.8705564 -12.780784 -4.8905244 1260161832860
-4.200731 -12.442754 -5.6062326 1260161832868
-4.6635394 -12.110729 -6.038946 1260161832879
-5.227153 -11.852511 -6.181703 1260161832900
-5.8347735 -11.7577095 -6.0837336 1260161832915
-6.400436 -11.85629 -5.776823 1260161832936
-6.8274903 -12.127006 -5.334072 1260161832958
-7.007094 -12.580999 -4.811987 1260161832981
-6.882156 -13.149178 -4.2172585 1260161832995
-6.448154 -13.776117 -3.509934 1260161833017
-5.765488 -14.453432 -2.6568248 1260161833038
-4.934443 -15.127527 -1.7067627 1260161833061
-4.056418 -15.726376 -0.80692774 1260161833120
-3.2393193 -16.137285 -0.14140737 1260161833128
-2.5427547 -16.28725 0.19731846 1260161833142
-2.0110927 -16.123941 0.24261495 1260161833153
-1.6660528 -15.626926 0.07657427 1260161833165
-1.498304 -14.854433 -0.17718783 1260161833180
-1.5132831 -13.912854 -0.39578825 1260161833201
-1.7154741 -13.012906 -0.4338853 1260161833215
-2.0648706 -12.36839 -0.15136138 1260161833398
-2.5207424 -12.080945 0.42145112 1260161833415
-3.042353 -12.094581 1.163118 1260161833422
-3.5685287 -12.247143 1.8704256 1260161833433
-4.0765676 -12.42749 2.347597 1260161833442
-4.5510325 -12.620612 2.548252 1260161833453
-4.9629564 -12.828595 2.5114148 1260161833462
-5.2963977 -13.078617 2.231934 1260161833468
-5.5246344 -13.354275 1.7307954 1260161833480
-5.6502028 -13.627046 1.035426 1260161833499
-5.6727886 -13.921591 0.15553753 1260161833507
-5.6029887 -14.195961 -0.8669553 1260161833521
-5.457 -14.391235 -1.9704409 1260161833527
-5.263148 -14.491618 -3.1174996 1260161833543
-5.0817127 -14.488915 -4.264411 1260161833559
-4.991752 -14.412798 -5.2661257 1260161833568
-5.0608807 -14.266255 -6.048181 1260161833580
-5.32541 -14.064386 -6.5166836 1260161833596
-5.7782936 -13.834475 -6.5803914 1260161833608
-6.324306 -13.59699 -6.2840605 1260161833622
-6.8566384 -13.406792 -5.7369494 1260161833638
-7.268374 -13.286033 -5.063284 1260161833658
-7.4055033 -13.294577 -4.354519 1260161833675
-7.31785 -13.389863 -3.7009418 1260161833698
-6.9914565 -13.5838995 -3.05757 1260161833718
-6.462776 -13.88605 -2.380989 1260161833742
-5.850205 -14.243919 -1.6476619 1260161833755
-5.144317 -14.679918 -0.81615967 1260161833778
-4.4240093 -15.085945 0.06979086 1260161833799
-3.741079 -15.391311 0.94413275 1260161833825
-3.1365614 -15.531585 1.6814581 1260161833838
-2.616751 -15.525917 2.253205 1260161833859
-2.2196357 -15.417018 2.5988696 1260161833882
-1.9390806 -15.255677 2.7215836 1260161833895
-1.7195435 -15.091508 2.686976 1260161833918
-1.5743178 -14.957339 2.4675 1260161833939
-1.4724473 -14.91773 2.0969157 1260161833961
-1.4444531 -14.863757 1.6461132 1260161833984
-1.509115 -14.732804 1.1769896 1260161834001
