2.7310061 -4.2786236 7.7229505 1260161814096
2.7626672 -4.351401 7.7883177 1260161814128
2.8145378 -4.455952 7.8667607 1260161814146
2.8828833 -4.57162 7.9303856 1260161814158
3.015232 -4.662436 7.988105 1260161814177
3.1709282 -4.721471 8.034766 1260161814186
3.367873 -4.7802777 8.072965 1260161814195
3.6326063 -4.857937 8.145348 1260161814214
3.920878 -4.9426093 8.2468 1260161814234
4.2192526 -5.025772 8.351353 1260161814257
4.488407 -5.0911565 8.415264 1260161814274
4.663744 -5.1342034 8.412645 1260161814298
4.712498 -5.145133 8.333202 1260161814315
4.5871983 -5.05745 8.158984 1260161814334
4.2611337 -4.820922 7.911755 1260161814354
3.7525153 -4.399406 7.648966 1260161814374
3.0983927 -3.8900032 7.432686 1260161814397
2.355074 -3.495965 7.281701 1260161814414
1.643473 -3.3647518 7.2451854 1260161814439
1.0614326 -3.5676687 7.2820024 1260161814454
0.7543415 -4.132275 7.265221 1260161814474
0.83239734 -4.941739 7.0374827 1260161814494
1.2634035 -5.8939238 6.473131 1260161814522
1.968421 -6.863877 5.4895687 1260161814534
2.7927785 -7.7308507 4.196288 1260161814554
3.5425482 -8.403972 2.8464506 1260161814577
4.1138587 -8.89906 1.6655765 1260161814594
4.4604707 -9.331258 0.93328804 1260161814614
4.5936193 -9.708475 0.7259035 1260161814634
4.5627956 -10.066832 1.0062814 1260161814654
4.4061627 -10.311928 1.6676304 1260161814674
4.51751 -11.04736 1.1354585 1260161814883
5.170147 -11.891078 0.2900674 1260161814899
5.9944572 -12.69261 -0.64721453 1260161814917
6.6338573 -13.374386 -1.4198164 1260161814944
6.8490214 -13.800742 -1.8412012 1260161814957
6.5535607 -13.81011 -1.8764914 1260161814978
5.817272 -13.248317 -1.5375006 1260161815001
4.7806945 -12.145964 -0.891295 1260161815015
3.5998127 -10.814744 -0.11872265 1260161815038
2.4997675 -9.593671 0.59070444 1260161815054
1.6896756 -8.895381 0.9983824 1260161815074
1.3484483 -8.879653 0.90624017 1260161815094
1.5432175 -9.370027 0.36855257 1260161815114
2.1096182 -10.187967 -0.44666544 1260161815133
2.7859452 -11.030389 -1.2510873 1260161815155
3.2432191 -11.634556 -1.7027011 1260161815174
3.224753 -11.705924 -1.5583175 1260161815194
2.7597816 -11.207798 -0.8456934 1260161815214
2.0388417 -10.270124 0.22628951 1260161815234
1.2517961 -9.226787 1.2508025 1260161815254
0.71385616 -8.620391 1.8202466 1260161815274
0.5235724 -8.591171 1.8565845 1260161815295
0.6519847 -9.071452 1.4198415 1260161815314
1.0504695 -9.852564 0.72231346 1260161815334
1.5230105 -10.6300335 0.04263637 1260161815354
1.954899 -11.2678385 -0.4709395 1260161815375
2.2303514 -11.622458 -0.65986997 1260161815394
2.2652526 -11.609304 -0.4089509 1260161815414
2.0661817 -11.206585 0.25778213 1260161815437
1.6673111 -10.449442 1.2419025 1260161815454
1.1474134 -9.544238 2.300081 1260161815474
0.6589587 -8.76125 3.0642705 1260161815494
0.30525157 -8.279602 3.3925364 1260161815514
0.17966418 -8.278318 3.2106512 1260161815534
0.327996 -8.713632 2.5849838 1260161815553
0.6405276 -9.34851 1.8094492 1260161815574
0.9980432 -10.020427 1.0754153 1260161815594
1.2464266 -10.442865 0.6225683 1260161815614
1.2501639 -10.417865 0.55194086 1260161815798
1.0194445 -10.008658 0.7783633 1260161815807
0.69197917 -9.494605 1.1521417 1260161815825
0.453075 -9.148587 1.4445776 1260161815836
0.43859345 -9.207369 1.502423 1260161815845
0.7176735 -9.724941 1.3408127 1260161815856
1.1816566 -10.462482 1.0721909 1260161815863
1.6333368 -11.165871 0.9375403 1260161815876
1.9187384 -11.629104 1.1004167 1260161815893
1.9086096 -11.6346855 1.6692077 1260161815902
1.5864004 -11.1482935 2.552792 1260161815908
1.1175385 -10.380445 3.5454261 1260161815919
0.6775677 -9.697297 4.277313 1260161815927
0.50816685 -9.373834 4.5033846 1260161815942
0.659823 -9.464938 4.2107944 1260161815958
1.0136497 -9.816403 3.5214994 1260161815965
1.4103956 -10.139399 2.8285322 1260161815977
1.6075157 -10.20857 2.4058454 1260161815993
1.5407603 -9.93854 2.3332243 1260161816002
1.2287712 -9.351719 2.5141678 1260161816021
0.7416968 -8.559288 2.8256726 1260161816035
0.14413463 -7.718627 3.0671208 1260161816057
-0.5672441 -6.999678 3.162336 1260161816078
-1.362232 -6.529835 3.1567671 1260161816101
-2.1699088 -6.375641 3.07997 1260161816115
-2.90928 -6.6057587 3.023357 1260161816138
-3.4543676 -7.196206 3.0955627 1260161816161
-3.7569995 -8.024771 3.2846982 1260161816177
-3.8367894 -8.961731 3.503195 1260161816196
-3.7110085 -9.90973 3.6338122 1260161816218
-3.4675717 -10.810329 3.5413349 1260161816241
-3.2165573 -11.665898 3.1681352 1260161816255
-3.0339367 -12.478689 2.560938 1260161816275
-2.9952888 -13.23722 1.8417679 1260161816300
-3.1662836 -13.850904 1.1095232 1260161816317
-3.5275857 -14.19623 0.46837208 1260161816335
-4.0635505 -14.191272 -0.0120092025 1260161816359
-4.733437 -13.792933 -0.2211621 1260161816374
-5.4467845 -13.179561 -0.022143187 1260161816577
-6.144214 -12.6186495 0.58098334 1260161816595
-6.679422 -12.154566 1.4338516 1260161816607
-6.9501944 -11.811753 2.301963 1260161816617
-6.9615808 -11.546011 2.9836552 1260161816630
-6.7347226 -11.23635 3.4174232 1260161816636
-6.384366 -10.94762 3.6980667 1260161816648
-6.0072613 -10.711464 3.931308 1260161816656
-5.6265383 -10.465323 4.1556115 1260161816668
-5.2675753 -10.177009 4.3605275 1260161816678
-4.9517584 -9.824111 4.568818 1260161816698
-4.70417 -9.447316 4.7918916 1260161816706
-4.5111847 -9.109111 5.0038114 1260161816712
-4.3578134 -8.836849 5.2051353 1260161816718
