1.9388515 -4.458816 8.175586 1260088790319
1.9958189 -4.4095345 8.133194 1260088790331
2.0465329 -4.348416 8.057508 1260088790340
2.125357 -4.284905 7.965858 1260088790353
2.1954725 -4.2225266 7.8209033 1260088790365
2.214411 -4.171439 7.666852 1260088790375
2.195628 -4.0977087 7.5232277 1260088790386
2.111725 -4.0051913 7.3758883 1260088790395
1.9966046 -3.926153 7.2740526 1260088790407
1.8954123 -3.842894 7.2079544 1260088790415
1.7985986 -3.793763 7.175807 1260088790428
1.7147979 -3.813147 7.2031536 1260088790467
1.671962 -3.9173703 7.276123 1260088790474
1.6898355 -4.123302 7.353616 1260088790488
1.7919425 -4.4061074 7.396589 1260088790495
1.9829246 -4.729935 7.390423 1260088790506
2.2597 -5.073665 7.357324 1260088790515
2.608445 -5.4553714 7.300683 1260088790535
3.0228367 -5.886775 7.211461 1260088790547
3.46418 -6.348366 7.0654087 1260088790554
3.8780081 -6.7732563 6.8660483 1260088790568
4.1901035 -7.113568 6.6657596 1260088790575
4.3333654 -7.329263 6.511579 1260088790595
4.2869515 -7.380264 6.4338903 1260088790606
4.0569406 -7.2775283 6.4070764 1260088790615
3.679753 -7.031468 6.378879 1260088790632
3.1859026 -6.6771703 6.3384714 1260088790644
2.6111867 -6.2609086 6.2885065 1260088790655
2.0039153 -5.823918 6.249893 1260088790666
1.4161111 -5.41763 6.229555 1260088790691
0.9046873 -5.0779657 6.218406 1260088790713
0.52439237 -4.848584 6.233012 1260088790732
0.37218451 -4.8131843 6.3047743 1260088790756
0.5687768 -5.0594525 6.394741 1260088790768
1.1689171 -5.628468 6.477485 1260088790789
2.0938604 -6.4686804 6.550644 1260088790974
3.0999067 -7.4064903 6.628317 1260088790992
3.9003787 -8.215007 6.759993 1260088791004
4.3196373 -8.722268 6.949101 1260088791013
4.332477 -8.880002 7.120581 1260088791024
4.0423036 -8.725434 7.1752057 1260088791034
3.5616522 -8.342282 7.06706 1260088791046
2.966106 -7.79918 6.8124547 1260088791055
2.328149 -7.1572447 6.473875 1260088791067
1.7030216 -6.4949675 6.1304317 1260088791085
1.1479685 -5.899174 5.823229 1260088791094
0.72826886 -5.4537106 5.5811005 1260088791105
0.5515658 -5.2750053 5.4586797 1260088791115
0.6826646 -5.524742 5.430912 1260088791125
1.2287582 -6.1304226 5.4705915 1260088791135
2.09759 -7.0020614 5.5723023 1260088791151
2.9835908 -7.901625 5.713194 1260088791163
3.6536753 -8.530794 5.8994794 1260088791175
3.8877742 -8.82409 6.0873466 1260088791189
3.6831703 -8.759488 6.1881847 1260088791200
3.2054932 -8.414813 6.132114 1260088791213
2.593704 -7.864679 5.92698 1260088791234
1.9655141 -7.202443 5.6544666 1260088791254
1.4184479 -6.556975 5.3737864 1260088791267
1.0655843 -6.0752163 5.1234846 1260088791291
1.0436319 -5.9171934 4.919068 1260088791311
1.4164052 -6.176363 4.76369 1260088791326
2.131479 -6.7930474 4.7209573 1260088791350
2.999441 -7.57435 4.8574257 1260088791370
3.757265 -8.283217 5.14711 1260088791394
4.205472 -8.712156 5.5217385 1260088791406
4.264881 -8.765519 5.877636 1260088791429
3.974682 -8.492049 6.0938363 1260088791451
3.4545078 -7.957803 6.1337395 1260088791473
2.8220956 -7.2684374 6.0143323 1260088791488
2.2042787 -6.5944715 5.759925 1260088791510
1.7426598 -6.1053896 5.3908877 1260088791534
1.5560982 -5.9322376 4.9218054 1260088791548
1.7425281 -6.121872 4.421015 1260088791754
2.291472 -6.6152925 3.9949777 1260088791775
3.0622208 -7.257021 3.7727551 1260088791786
3.822354 -7.885731 3.842904 1260088791795
4.3449426 -8.345441 4.152669 1260088791806
4.5002117 -8.551981 4.4993834 1260088791813
4.28133 -8.462167 4.7266097 1260088791825
3.7962186 -8.088773 4.749066 1260088791833
3.1773667 -7.5331483 4.5797143 1260088791845
2.5697079 -6.9038334 4.3445992 1260088791854
2.14498 -6.3611465 4.1457567 1260088791860
2.0717819 -6.1336646 4.029044 1260088791874
2.4156213 -6.362942 4.0094237 1260088791891
3.1250005 -6.983918 4.131755 1260088791899
3.967803 -7.8237786 4.3446736 1260088791911
4.649287 -8.588957 4.5469465 1260088791917
4.967085 -9.035978 4.6478496 1260088791935
4.8467617 -9.08677 4.572091 1260088791946
4.383093 -8.769997 4.3400817 1260088791953
3.728768 -8.183035 4.0447607 1260088791972
3.0519972 -7.4769597 3.7975755 1260088791980
2.4703565 -6.8232136 3.6485577 1260088791996
2.12006 -6.3887534 3.6588576 1260088792015
2.1284678 -6.358067 3.8232336 1260088792033
2.5300834 -6.757275 4.018209 1260088792049
3.2698333 -7.455239 4.1727896 1260088792066
4.130592 -8.230672 4.1841187 1260088792091
4.854332 -8.843389 4.037566 1260088792112
5.2810555 -9.151019 3.8629286 1260088792126
5.386795 -9.152473 3.737884 1260088792150
5.265236 -8.928439 3.7185202 1260088792172
5.005379 -8.556248 3.8690166 1260088792189
4.6447854 -8.120263 4.216294 1260088792206
4.1830435 -7.681561 4.700798 1260088792235
3.6558561 -7.247769 5.177421 1260088792248
3.1577523 -6.855416 5.4701743 1260088792270
2.820076 -6.567807 5.4282117 1260088792288
2.7682855 -6.478454 5.001529 1260088792316
3.0439298 -6.608089 4.3060675 1260088792494
3.5666215 -6.868127 3.49896 1260088792513
4.1796327 -7.131507 2.7873702 1260088792519
4.6925297 -7.299315 2.3735516 1260088792532
4.9802437 -7.3790536 2.3148036 1260088792546
5.0063624 -7.3369894 2.5491064 1260088792553
4.826189 -7.198281 2.8935962 1260088792565
4.5160966 -6.956183 3.1765952 1260088792574
4.1248045 -6.5974774 3.2820003 1260088792585
3.7026818 -6.2260613 3.2084756 1260088792600
3.265571 -5.9229307 2.9840362 1260088792611
2.844868 -5.73098 2.659813 1260088792619
2.4703977 -5.6725717 2.3436286 1260088792639
2.1452966 -5.784614 2.142682 1260088792651
1.9086385 -6.0776534 2.192182 1260088792667
1.8445333 -6.539915 2.5265963 1260088792676
2.0274377 -7.1193533 3.0513191 1260088792687
2.4981203 -7.7249823 3.6165454 1260088792694
3.1979263 -8.2805805 4.0758743 1260088792712
3.9900923 -8.732124 4.285458 1260088792723
4.739926 -9.095033 4.1590366 1260088792761
5.36646 -9.334919 3.6521182 1260088792767
5.845213 -9.38166 2.8089254 1260088792782
6.169273 -9.272155 1.7422955 1260088792798
6.355228 -9.050308 0.5607857 1260088792828
6.3875093 -8.815038 -0.62838817 1260088792837
6.154623 -8.733863 -1.6362014 1260088792858
5.5676746 -8.879439 -1.9609587 1260088792875
4.701573 -9.168923 -1.5932279 1260088792895
3.7235043 -9.496371 -0.5914689 1260088792915
2.827709 -9.713467 0.7878811 1260088792936
2.237533 -9.664326 1.8496922 1260088792955
1.9683415 -9.417422 2.5076888 1260088792975
1.9734391 -9.081392 2.7684412 1260088792996
2.2111897 -8.723346 2.6981208 1260088793015
2.5841527 -8.42202 2.4910269 1260088793036
2.9663892 -8.22906 2.2772622 1260088793055
3.268222 -8.004206 2.1490977 1260088793076
3.4521298 -7.782422 2.121322 1260088793096
3.496768 -7.5962443 2.216156 1260088793282
3.4806066 -7.3621697 2.4308746 1260088793288
