1.1517353 -4.999385 7.805706 1260088774236
1.2119646 -5.0054784 7.7266455 1260088774245
1.2685014 -5.005819 7.643366 1260088774257
1.3222113 -5.0034184 7.5642505 1260088774266
1.384813 -4.9984136 7.505435 1260088774277
1.4361124 -4.993659 7.4556894 1260088774284
1.5311561 -4.923084 7.3941298 1260088774298
1.5553888 -4.8206244 7.3472257 1260088774348
1.4789814 -4.679022 7.3408036 1260088774361
1.3287584 -4.5090866 7.354452 1260088774369
1.0859369 -4.4082584 7.391935 1260088774382
0.9002037 -4.3860216 7.4057508 1260088774399
0.797307 -4.49429 7.2833533 1260088774408
0.8527841 -4.759227 7.1200857 1260088774419
1.0662074 -5.1838956 6.9207153 1260088774428
1.407206 -5.7303443 6.6952195 1260088774440
1.853738 -6.3291497 6.506196 1260088774669
2.2942877 -6.8925667 6.29053 1260088774682
2.6460702 -7.34541 6.0747514 1260088774688
2.8556376 -7.635321 5.903131 1260088774699
2.8967304 -7.7459307 5.8088746 1260088774707
2.7634711 -7.6862035 5.7772174 1260088774718
2.492499 -7.472829 5.7886853 1260088774725
2.169017 -7.1550307 5.802304 1260088774738
1.8862258 -6.8395023 5.7573547 1260088774745
1.7374331 -6.676635 5.593432 1260088774755
1.7459038 -6.6785445 5.2633653 1260088774764
1.9310156 -6.8369927 4.8612695 1260088774775
2.1872318 -7.086266 4.5289927 1260088774781
2.4033966 -7.295835 4.4121866 1260088774797
2.5529096 -7.420695 4.5940585 1260088774803
2.581217 -7.426944 4.9854436 1260088774818
2.5440936 -7.308935 5.462136 1260088774824
2.49793 -7.098079 5.914994 1260088774835
2.4486265 -6.845328 6.2621245 1260088774843
2.3881679 -6.572525 6.4645486 1260088774849
2.3028104 -6.2718205 6.5111136 1260088774867
2.1801786 -5.937118 6.4252763 1260088774878
2.0132833 -5.5776086 6.2443023 1260088774885
1.791398 -5.2306266 6.0281105 1260088774903
1.5111433 -4.931639 5.836349 1260088774916
1.2060833 -4.715703 5.6187625 1260088774939
0.9414739 -4.6671977 5.4311237 1260088774955
0.8174452 -4.8192935 5.258315 1260088774970
0.8991561 -5.1313148 5.1193447 1260088774982
1.1735954 -5.6007137 5.16643 1260088774999
1.6038861 -6.137218 5.2779007 1260088775023
2.115496 -6.6823096 5.433512 1260088775038
2.6376193 -7.2226205 5.581343 1260088775057
3.1363604 -7.6889257 5.6305265 1260088775081
3.5713465 -8.074029 5.6683974 1260088775102
3.9123955 -8.369051 5.6962023 1260088775119
4.158756 -8.577815 5.7062726 1260088775138
4.312438 -8.704635 5.6797457 1260088775162
4.372628 -8.731813 5.5993824 1260088775179
4.324932 -8.644585 5.4896674 1260088775197
4.1543136 -8.441177 5.363646 1260088775223
3.8621516 -8.1348915 5.2412014 1260088775239
3.4654198 -7.737 5.1555247 1260088775436
2.993863 -7.282048 5.0932007 1260088775446
2.493446 -6.811707 5.047613 1260088775457
2.0064726 -6.3451333 5.0097528 1260088775463
1.5799416 -5.959775 4.9737854 1260088775494
1.285743 -5.7475944 4.9341683 1260088775515
1.2112405 -5.7741637 4.8938084 1260088775544
1.481653 -6.180774 4.8690867 1260088775564
2.0463648 -6.893943 4.8374286 1260088775582
2.7966802 -7.777801 4.821655 1260088775608
3.5421689 -8.647431 4.839359 1260088775623
4.014751 -9.248844 4.9031677 1260088775634
4.1279626 -9.462652 4.9808116 1260088775645
3.8834274 -9.240134 5.051168 1260088775654
3.3712208 -8.688233 5.090766 1260088775665
2.7511451 -7.957579 5.0453 1260088775672
2.1872709 -7.2498374 4.933325 1260088775680
1.8232068 -6.797451 4.74114 1260088775692
1.7715454 -6.713641 4.4618597 1260088775706
2.0411832 -7.046037 4.1413813 1260088775717
2.5472727 -7.69415 3.8621244 1260088775728
3.1336153 -8.422906 3.698983 1260088775737
3.6075566 -9.060061 3.6958654 1260088775749
3.8439615 -9.429047 3.816849 1260088775767
3.8220177 -9.49696 3.9760494 1260088775773
3.5675821 -9.311544 4.096644 1260088775786
3.1597002 -8.896362 4.1649 1260088775797
2.6891282 -8.334409 4.196373 1260088775811
2.2420847 -7.737219 4.1929026 1260088775838
1.9283993 -7.2849803 4.115375 1260088775854
1.8381085 -7.1332088 3.8898568 1260088775866
2.0329115 -7.2988887 3.5148942 1260088775890
2.478123 -7.711666 3.0926213 1260088775912
3.0372772 -8.22775 2.8045108 1260088775930
3.5521295 -8.693513 2.8154712 1260088775952
3.9023116 -8.998422 3.1296172 1260088775971
4.023869 -9.101486 3.6132927 1260088775989
3.962284 -8.987601 4.078233 1260088776007
3.767575 -8.67102 4.3598866 1260088776190
3.494069 -8.254494 4.395231 1260088776210
3.217213 -7.812485 4.1938567 1260088776219
2.9766731 -7.400749 3.8179955 1260088776231
2.8230724 -7.1110716 3.3335772 1260088776237
2.7854335 -6.9625473 2.8515873 1260088776248
2.8797507 -6.9944277 2.4869962 1260088776257
3.0885303 -7.2276573 2.3285954 1260088776268
3.3842564 -7.594963 2.4294102 1260088776275
3.7203584 -7.960248 2.7826087 1260088776294
3.9763207 -8.27458 3.2284722 1260088776305
4.105755 -8.402941 3.6105006 1260088776314
4.092514 -8.277675 3.8215606 1260088776325
3.9607573 -7.9993134 3.798013 1260088776334
3.8219678 -7.6415706 3.601983 1260088776350
3.7452803 -7.372541 3.2911286 1260088776359
3.7752607 -7.2708726 2.9549558 1260088776370
3.9031708 -7.367016 2.6819007 1260088776387
4.094149 -7.5870643 2.560745 1260088776400
4.295328 -7.8097305 2.636332 1260088776412
4.469423 -7.9831266 2.8491101 1260088776431
4.5796504 -8.060001 3.0982397 1260088776451
4.6067305 -7.992743 3.3430848 1260088776466
4.5575447 -7.7803855 3.5538952 1260088776489
4.457699 -7.526889 3.6792533 1260088776511
4.3744226 -7.343272 3.7186644 1260088776534
4.3586445 -7.3779087 3.6260307 1260088776548
4.407671 -7.616481 3.4304278 1260088776570
4.506685 -7.9282513 3.205787 1260088776593
4.5925756 -8.180848 3.0420926 1260088776606
4.5965357 -8.219915 2.975115 1260088776630
4.517214 -8.070431 2.9857173 1260088776651
4.3444724 -7.7969837 3.050952 1260088776676
4.1143093 -7.454806 3.085684 1260088776687
3.8595605 -7.146081 3.0464919 1260088776709
3.6202734 -6.9733324 2.924132 1260088776732
3.3813732 -6.919546 2.7438745 1260088776747
3.1353495 -7.0216784 2.5644577 1260088776768
2.899584 -7.2208567 2.4491742 1260088776790
2.6674347 -7.4345927 2.4145668 1260088776977
2.4857106 -7.6703305 2.4674978 1260088776994
2.4016051 -7.903135 2.5702207 1260088777000
2.4354348 -8.173332 2.7004962 1260088777011
2.5758548 -8.471561 2.8051896 1260088777019
2.7862086 -8.79574 2.8351846 1260088777031
3.0139666 -9.120054 2.7731044 1260088777040
3.2310176 -9.409084 2.5813298 1260088777052
3.4201906 -9.661871 2.2363808 1260088777058
3.5631301 -9.8523035 1.7370628 1260088777071
3.6492083 -9.926294 1.1360415 1260088777088
3.6533465 -9.837228 0.49560753 1260088777095
3.543548 -9.595981 -0.005204006 1260088777106
3.300312 -9.306186 -0.1384232 1260088777115
2.958232 -9.107835 0.12728457 1260088777136
2.5835416 -9.086932 0.74473226 1260088777151
2.2582316 -9.1774 1.543785 1260088777160
2.0908387 -9.312377 2.2477226 1260088777172
2.0898113 -9.388848 2.7339509 1260088777186
2.2161856 -9.356619 2.9997346 1260088777197
2.4166012 -9.27152 3.089466 1260088777210
2.6097202 -9.130065 3.0943508 1260088777233
2.7570894 -8.948692 3.0962672 1260088777248
2.852824 -8.749148 3.1178374 1260088777267
2.907678 -8.554133 3.1601217 1260088777289
2.9352725 -8.3715925 3.2445579 1260088777313
2.9390137 -8.209075 3.3492887 1260088777329
2.9323525 -8.054684 3.482153 1260088777347
2.9171712 -7.89984 3.6444678 1260088777372
2.8829994 -7.7282214 3.8068392 1260088777389
2.8587086 -7.5488396 3.9719884 1260088777407
2.828141 -7.3505054 4.1370525 1260088777430
2.7854815 -7.121227 4.310889 1260088777452
2.7272484 -6.8863864 4.4978256 1260088777469
2.6358333 -6.652392 4.722406 1260088777491
