297.92847 31.510475 10.286923 1.640084 -4.886978 7.757215 1260088816866
297.92847 31.510475 10.286923 1.6949643 -4.9286566 7.780008 1260088816869
300.28204 31.584951 10.522577 1.6949643 -4.9286566 7.780008 1260088816899
300.28204 31.584951 10.522577 1.7382474 -4.957355 7.790765 1260088816906
302.66794 31.655704 10.596449 1.7382474 -4.957355 7.790765 1260088816912
302.66794 31.655704 10.596449 1.7473584 -4.968955 7.7873635 1260088816915
305.28455 31.67292 10.266626 1.7473584 -4.968955 7.7873635 1260088816925
305.28455 31.67292 10.266626 1.6919984 -4.947286 7.7562103 1260088816929
290.42032 31.439274 9.103295 1.6919984 -4.947286 7.7562103 1260088816937
290.42032 31.439274 9.103295 1.5222713 -4.868133 7.687797 1260088816940
276.4993 30.41731 6.998131 1.5222713 -4.868133 7.687797 1260088816949
276.4993 30.41731 6.998131 1.224827 -4.705086 7.634382 1260088816953
263.37433 29.096445 4.3982244 1.224827 -4.705086 7.634382 1260088816969
263.37433 29.096445 4.3982244 0.7876641 -4.506607 7.6251793 1260088816973
250.90561 27.741623 1.7283131 0.7876641 -4.506607 7.6251793 1260088816983
250.90561 27.741623 1.7283131 0.2783789 -4.3017073 7.6518497 1260088816987
239.46033 26.854542 -0.5581026 0.2783789 -4.3017073 7.6518497 1260088817005
239.46033 26.854542 -0.5581026 -0.15027966 -4.1921797 7.6799107 1260088817008
229.08731 27.011814 -1.9301975 -0.15027966 -4.1921797 7.6799107 1260088817022
229.08731 27.011814 -1.9301975 -0.39133704 -4.250211 7.682052 1260088817029
232.43295 28.311224 -1.5836875 -0.39133704 -4.250211 7.682052 1260088817043
232.43295 28.311224 -1.5836875 -0.3179698 -4.508964 7.650717 1260088817054
233.9613 29.645662 -0.15450314 -0.3179698 -4.508964 7.650717 1260088817085
233.9613 29.645662 -0.15450314 0.08747064 -4.996541 7.5685096 1260088817087
235.36324 30.81338 1.603222 0.08747064 -4.996541 7.5685096 1260088817096
235.36324 30.81338 1.603222 0.7504941 -5.6735787 7.4046044 1260088817100
236.64508 31.872711 3.373061 0.7504941 -5.6735787 7.4046044 1260088817112
236.64508 31.872711 3.373061 1.5465347 -6.465226 7.188284 1260088817119
237.76283 32.879074 5.104408 1.5465347 -6.465226 7.188284 1260088817125
237.76283 32.879074 5.104408 2.3082213 -7.211843 6.9139967 1260088817130
238.6247 33.88512 6.6491876 2.3082213 -7.211843 6.9139967 1260088817144
238.6247 33.88512 6.6491876 2.9126456 -7.82783 6.6643205 1260088817147
239.39346 34.990864 7.8667283 2.9126456 -7.82783 6.6643205 1260088817167
239.39346 34.990864 7.8667283 3.2702851 -8.234591 6.540177 1260088817170
240.3738 36.04132 8.523392 3.2702851 -8.234591 6.540177 1260088817184
240.3738 36.04132 8.523392 3.3526182 -8.3955965 6.5107727 1260088817188
230.6551 36.289253 7.8472223 3.3526182 -8.3955965 6.5107727 1260088817205
230.6551 36.289253 7.8472223 3.1448073 -8.306791 6.568647 1260088817211
220.87234 34.72479 5.5048614 3.1448073 -8.306791 6.568647 1260088817222
220.87234 34.72479 5.5048614 2.6252656 -7.93708 6.69241 1260088817225
211.32872 32.288548 2.7296183 2.6252656 -7.93708 6.69241 1260088817242
211.32872 32.288548 2.7296183 1.818433 -7.324343 6.8705955 1260088817245
202.26228 29.82412 -0.1568626 1.818433 -7.324343 6.8705955 1260088817262
202.26228 29.82412 -0.1568626 0.8442319 -6.643496 7.048725 1260088817449
195.69917 30.382914 -0.59901947 0.8442319 -6.643496 7.048725 1260088817462
195.69917 30.382914 -0.59901947 0.71485007 -6.683838 7.1096663 1260088817469
188.01422 28.363768 -2.9690685 0.71485007 -6.683838 7.1096663 1260088817488
188.01422 28.363768 -2.9690685 0.15608616 -6.221615 7.2036543 1260088817493
180.5135 25.495579 -5.370615 0.15608616 -6.221615 7.2036543 1260088817503
180.5135 25.495579 -5.370615 -0.58857894 -5.4447184 7.2296085 1260088817507
173.18784 22.5208 -7.6520844 -0.58857894 -5.4447184 7.2296085 1260088817525
173.18784 22.5208 -7.6520844 -1.2898817 -4.644013 7.1521125 1260088817528
166.12845 19.99476 -9.91948 -1.2898817 -4.644013 7.1521125 1260088817548
166.12845 19.99476 -9.91948 -1.7232113 -4.1162505 7.0144753 1260088817551
162.77203 22.095022 -10.223506 -1.7232113 -4.1162505 7.0144753 1260088817563
162.77203 22.095022 -10.223506 -1.7078766 -4.1317687 6.759775 1260088817573
165.93343 24.040272 -8.31233 -1.7078766 -4.1317687 6.759775 1260088817584
165.93343 24.040272 -8.31233 -1.2240876 -4.6654463 6.536878 1260088817588
169.73676 25.638258 -6.1967134 -1.2240876 -4.6654463 6.536878 1260088817606
169.73676 25.638258 -6.1967134 -0.41240203 -5.5544906 6.3060575 1260088817611
173.59991 27.106344 -4.1868777 -0.41240203 -5.5544906 6.3060575 1260088817628
173.59991 27.106344 -4.1868777 0.466981 -6.522347 6.152837 1260088817632
177.01991 28.551027 -2.4775338 0.466981 -6.522347 6.152837 1260088817644
177.01991 28.551027 -2.4775338 1.1110289 -7.2987967 6.197962 1260088817649
177.71892 29.973476 -1.453657 1.1110289 -7.2987967 6.197962 1260088817664
177.71892 29.973476 -1.453657 1.3401427 -7.7068114 6.3075705 1260088817667
171.43297 29.974802 -1.9809742 1.3401427 -7.7068114 6.3075705 1260088817687
171.43297 29.974802 -1.9809742 1.13557 -7.6442733 6.541092 1260088817691
164.86131 28.276062 -3.7819254 1.13557 -7.6442733 6.541092 1260088817703
164.86131 28.276062 -3.7819254 0.5973122 -7.2109833 6.826272 1260088817713
158.41824 25.912258 -5.892829 0.5973122 -7.2109833 6.826272 1260088817723
158.41824 25.912258 -5.892829 -0.09722637 -6.5494246 7.059056 1260088817726
152.14732 23.516645 -7.9981875 -0.09722637 -6.5494246 7.059056 1260088817745
152.14732 23.516645 -7.9981875 -0.7291163 -5.8991513 7.1889443 1260088817748
146.28996 21.790813 -9.998279 -0.7291163 -5.8991513 7.1889443 1260088817768
146.28996 21.790813 -9.998279 -1.0849265 -5.504084 7.1631956 1260088817772
146.27547 24.551273 -9.248364 -1.0849265 -5.504084 7.1631956 1260088817784
146.27547 24.551273 -9.248364 -0.99867237 -5.562578 6.8758616 1260088817789
150.56169 29.57371 -7.1359463 -0.99867237 -5.562578 6.8758616 1260088817804
150.56169 29.57371 -7.1359463 -0.44274282 -6.05468 6.3713484 1260088817808
155.2836 34.645023 -4.879149 -0.44274282 -6.05468 6.3713484 1260088817826
155.2836 34.645023 -4.879149 0.43543318 -6.810928 5.753814 1260088817829
160.01942 39.462772 -2.6851914 0.43543318 -6.810928 5.753814 1260088817842
160.01942 39.462772 -2.6851914 1.374577 -7.628111 5.1916733 1260088817845
164.61845 43.889633 -0.65093184 1.374577 -7.628111 5.1916733 1260088817862
164.61845 43.889633 -0.65093184 2.086975 -8.2423525 4.8844185 1260088817865
169.08752 44.49515 0.8316148 2.086975 -8.2423525 4.8844185 1260088817882
169.08752 44.49515 0.8316148 2.3864696 -8.520786 4.8880877 1260088817885
162.48315 43.870396 0.69003403 2.3864696 -8.520786 4.8880877 1260088817902
162.48315 43.870396 0.69003403 2.2433105 -8.425721 5.168067 1260088817905
156.009 41.626877 -0.7444677 2.2433105 -8.425721 5.168067 1260088817922
156.009 41.626877 -0.7444677 1.7715677 -7.989453 5.588638 1260088817926
149.85855 38.795532 -2.6072443 1.7715677 -7.989453 5.588638 1260088817942
149.85855 38.795532 -2.6072443 1.1320462 -7.3577533 5.98818 1260088817945
144.01563 35.905754 -4.5768824 1.1320462 -7.3577533 5.98818 1260088817965
144.01563 35.905754 -4.5768824 0.52450085 -6.727674 6.2458434 1260088817968
138.51485 33.710464 -6.598038 0.52450085 -6.727674 6.2458434 1260088817982
138.51485 33.710464 -6.598038 0.15844811 -6.3238697 6.2672496 1260088817985
139.8891 35.82494 -5.668136 0.15844811 -6.3238697 6.2672496 1260088818002
139.8891 35.82494 -5.668136 0.21862745 -6.3386507 6.0001965 1260088818006
144.99464 40.383694 -3.6347294 0.21862745 -6.3386507 6.0001965 1260088818022
144.99464 40.383694 -3.6347294 0.7027957 -6.71227 5.52857 1260088818025
150.5449 45.014507 -1.4529929 0.7027957 -6.71227 5.52857 1260088818042
150.5449 45.014507 -1.4529929 1.4678513 -7.279004 4.983821 1260088818045
156.21767 49.41378 0.7196569 1.4678513 -7.279004 4.983821 1260088818062
156.21767 49.41378 0.7196569 2.2477736 -7.8419185 4.5657377 1260088818065
162.10678 49.443092 2.583674 2.2477736 -7.8419185 4.5657377 1260088818082
162.10678 49.443092 2.583674 2.7053964 -8.1546755 4.4804645 1260088818086
154.85144 48.670937 3.2044902 2.7053964 -8.1546755 4.4804645 1260088818107
154.85144 48.670937 3.2044902 2.7240365 -8.08064 4.7338343 1260088818111
148.55887 46.13739 2.1442657 2.7240365 -8.08064 4.7338343 1260088818122
148.55887 46.13739 2.1442657 2.3481164 -7.6534534 5.214935 1260088818126
142.53093 43.18052 0.43705234 2.3481164 -7.6534534 5.214935 1260088818142
142.53093 43.18052 0.43705234 1.7546794 -7.0691996 5.693773 1260088818145
136.75438 40.171494 -1.4348003 1.7546794 -7.0691996 5.693773 1260088818162
136.75438 40.171494 -1.4348003 1.1718458 -6.4780645 6.0158706 1260088818165
131.41666 38.162918 -3.2630603 1.1718458 -6.4780645 6.0158706 1260088818182
131.41666 38.162918 -3.2630603 0.8122438 -6.152799 6.0984898 1260088818185
130.69582 39.754772 -2.7999072 0.8122438 -6.152799 6.0984898 1260088818202
130.69582 39.754772 -2.7999072 0.81998384 -6.2530885 5.931131 1260088818210
136.51103 43.767033 -1.1599119 0.81998384 -6.2530885 5.931131 1260088818384
136.51103 43.767033 -1.1599119 1.1991724 -6.672528 5.622997 1260088818390
142.68549 47.92868 0.6980838 1.1991724 -6.672528 5.622997 1260088818394
142.68549 47.92868 0.6980838 1.856325 -7.30186 5.2029195 1260088818397
148.90121 52.082245 2.6631796 1.856325 -7.30186 5.2029195 1260088818405
148.90121 52.082245 2.6631796 2.597074 -7.9296904 4.767752 1260088818408
155.00615 56.028133 4.5800204 2.597074 -7.9296904 4.767752 1260088818414
155.00615 56.028133 4.5800204 3.1679873 -8.344978 4.4653487 1260088818417
160.75584 55.826725 6.2010193 3.1679873 -8.344978 4.4653487 1260088818425
160.75584 55.826725 6.2010193 3.4216034 -8.465052 4.3326564 1260088818428
154.31805 54.93539 6.4409685 3.4216034 -8.465052 4.3326564 1260088818432
154.31805 54.93539 6.4409685 3.3213491 -8.271302 4.4000077 1260088818435
148.35216 51.888622 4.91892 3.3213491 -8.271302 4.4000077 1260088818440
148.35216 51.888622 4.91892 2.9400802 -7.803937 4.660125 1260088818447
142.63455 48.64419 3.222974 2.9400802 -7.803937 4.660125 1260088818451
142.63455 48.64419 3.222974 2.4559724 -7.255744 5.023009 1260088818454
137.15282 46.011982 1.9118254 2.4559724 -7.255744 5.023009 1260088818464
137.15282 46.011982 1.9118254 2.0737062 -6.8473287 5.381369 1260088818467
131.99518 45.011383 1.7662342 2.0737062 -6.8473287 5.381369 1260088818476
131.99518 45.011383 1.7662342 1.9550384 -6.7562575 5.63396 1260088818479
126.14542 45.310814 2.7779224 1.9550384 -6.7562575 5.63396 1260088818486
126.14542 45.310814 2.7779224 2.1249263 -6.980284 5.710477 1260088818490
134.78815 45.795273 4.239026 2.1249263 -6.980284 5.710477 1260088818495
134.78815 45.795273 4.239026 2.485858 -7.3606396 5.623129 1260088818498
142.24873 46.20551 5.777075 2.485858 -7.3606396 5.623129 1260088818506
142.24873 46.20551 5.777075 2.8512166 -7.677711 5.471366 1260088818509
151.9863 46.445232 7.188221 2.8512166 -7.677711 5.471366 1260088818519
151.9863 46.445232 7.188221 3.0178375 -7.7262716 5.35988 1260088818526
146.28699 45.62297 7.42881 3.0178375 -7.7262716 5.35988 1260088818532
146.28699 45.62297 7.42881 2.920746 -7.4707136 5.3091307 1260088818536
140.72264 42.441822 5.3073697 2.920746 -7.4707136 5.3091307 1260088818545
140.72264 42.441822 5.3073697 2.5847049 -6.9970684 5.2942886 1260088818548
135.18651 39.11973 2.6420012 2.5847049 -6.9970684 5.2942886 1260088818557
135.18651 39.11973 2.6420012 2.0931683 -6.448358 5.2829127 1260088818560
129.67719 36.263744 -0.29009885 2.0931683 -6.448358 5.2829127 1260088818571
129.67719 36.263744 -0.29009885 1.5846665 -5.976116 5.244865 1260088818574
124.59332 34.700558 -3.225594 1.5846665 -5.976116 5.244865 1260088818589
124.59332 34.700558 -3.225594 1.1376837 -5.7168093 5.2025905 1260088818593
120.31366 34.51553 -4.8643146 1.1376837 -5.7168093 5.2025905 1260088818603
120.31366 34.51553 -4.8643146 0.81860787 -5.66592 5.223721 1260088818611
116.04797 34.989754 -5.071099 0.81860787 -5.66592 5.223721 1260088818625
116.04797 34.989754 -5.071099 0.6877832 -5.7605886 5.348672 1260088818628
110.64558 35.390266 -4.3675437 0.6877832 -5.7605886 5.348672 1260088818646
110.64558 35.390266 -4.3675437 0.77121 -5.9846845 5.613794 1260088818649
122.1633 35.620754 -3.1491666 0.77121 -5.9846845 5.613794 1260088818664
122.1633 35.620754 -3.1491666 1.067029 -6.310624 5.992329 1260088818673
132.15514 35.889717 -1.6417083 1.067029 -6.310624 5.992329 1260088818683
132.15514 35.889717 -1.6417083 1.5366989 -6.738083 6.3853073 1260088818686
140.89738 36.34523 -0.009622769 1.5366989 -6.738083 6.3853073 1260088818705
140.89738 36.34523 -0.009622769 2.0823138 -7.2565365 6.656484 1260088818708
148.30252 36.97797 1.6908584 2.0823138 -7.2565365 6.656484 1260088818728
148.30252 36.97797 1.6908584 2.6428711 -7.798782 6.7343135 1260088818732
154.4374 37.87907 3.2563155 2.6428711 -7.798782 6.7343135 1260088818744
154.4374 37.87907 3.2563155 3.1113849 -8.300295 6.5848775 1260088818749
159.21553 42.085117 4.6934996 3.1113849 -8.300295 6.5848775 1260088818764
159.21553 42.085117 4.6934996 3.440019 -8.652786 6.2270308 1260088818767
163.00476 46.180862 6.008825 3.440019 -8.652786 6.2270308 1260088818787
163.00476 46.180862 6.008825 3.6330433 -8.817399 5.754959 1260088818790
165.70453 50.32182 6.908384 3.6330433 -8.817399 5.754959 1260088818807
165.70453 50.32182 6.908384 3.6720407 -8.798079 5.2043386 1260088818813
168.0193 54.955727 7.4629645 3.6720407 -8.798079 5.2043386 1260088818824
168.0193 54.955727 7.4629645 3.617151 -8.604022 4.645155 1260088818830
169.01834 59.80794 7.489816 3.617151 -8.604022 4.645155 1260088818845
169.01834 59.80794 7.489816 3.4764736 -8.304576 4.171817 1260088818848
164.01743 64.117546 4.3153253 3.4764736 -8.304576 4.171817 1260088818868
164.01743 64.117546 4.3153253 3.2066264 -7.954044 3.959821 1260088818872
158.06656 61.21167 2.499559 3.2066264 -7.954044 3.959821 1260088818884
158.06656 61.21167 2.499559 2.7977238 -7.6019697 4.156139 1260088818889
152.26323 58.351086 1.0745809 2.7977238 -7.6019697 4.156139 1260088818903
152.26323 58.351086 1.0745809 2.28464 -7.28112 4.701537 1260088818906
146.65007 55.63353 -0.079148166 2.28464 -7.28112 4.701537 1260088818924
146.65007 55.63353 -0.079148166 1.7556684 -6.9844847 5.470961 1260088818927
141.21756 53.101852 -1.0251907 1.7556684 -6.9844847 5.470961 1260088818950
141.21756 53.101852 -1.0251907 1.3198851 -6.729922 6.1991897 1260088818957
135.90668 50.74676 -1.6239312 1.3198851 -6.729922 6.1991897 1260088818963
135.90668 50.74676 -1.6239312 1.0720593 -6.479915 6.694874 1260088818968
