56.94517 34.852184 7.7104225 1260088782373
56.39791 35.109573 7.7749014 1260088782385
55.928017 35.454094 7.886156 1260088782394
55.431614 35.731388 8.141849 1260088782405
54.960033 35.94482 8.534756 1260088782412
54.462032 36.04758 9.158018 1260088782420
53.93893 36.145203 9.900117 1260088782432
53.391983 36.28794 10.7051115 1260088782444
52.722385 36.423546 11.469856 1260088782453
51.886265 36.50237 12.146363 1260088782464
50.891953 36.527252 12.739045 1260088782473
49.647354 36.550888 13.302093 1260088782511
48.264988 36.623344 13.786988 1260088782524
46.851738 36.792175 14.097639 1260088782533
45.60915 37.052567 14.092757 1260088782539
44.72869 37.149937 13.438119 1260088782551
44.042255 36.79244 11.616213 1260088782559
43.240143 36.002815 9.135403 1260088782571
42.378136 35.252674 6.5786324 1260088782592
41.759228 34.99004 4.4997005 1260088782604
41.371265 35.390537 3.4247155 1260088782613
40.852703 36.32101 3.5034797 1260088782619
55.310066 37.15496 4.5783057 1260088782638
67.04456 37.697212 6.2993903 1260088782649
77.792336 38.012352 8.234421 1260088782659
87.85272 38.211735 10.2227 1260088782675
97.31009 38.351147 12.161565 1260088782688
106.19459 38.583588 13.903486 1260088782707
114.93486 38.85441 15.308312 1260088782724
126.08812 39.111687 15.942897 1260088782743
121.83371 39.1561 15.395752 1260088782766
117.842026 38.498295 13.625964 1260088782789
114.04993 37.62338 10.844666 1260088782803
110.44743 37.04221 7.702432 1260088782823
107.075066 36.6401 5.2673106 1260088783013
104.02131 36.70809 3.903945 1260088783025
100.92024 36.82269 3.4087477 1260088783034
98.02423 36.781555 3.6883104 1260088783045
95.57302 36.69248 4.6038947 1260088783054
93.59437 36.607853 5.8737 1260088783065
92.01465 36.527462 7.3800154 1260088783074
90.613914 36.451088 8.961015 1260088783080
89.28322 36.378532 10.512964 1260088783092
87.969055 36.259605 12.0873165 1260088783112
86.720604 36.246624 13.632951 1260088783118
85.43457 36.284294 15.251303 1260088783132
84.16284 36.42008 16.838737 1260088783139
82.3547 36.599075 18.2968 1260088783150
80.436966 36.96912 19.431961 1260088783164
79.06512 37.420666 19.760363 1260088783176
77.76186 37.349632 18.722345 1260088783187
76.27377 36.382153 16.286228 1260088783197
74.510086 34.713043 13.221917 1260088783209
72.68458 32.87739 10.060822 1260088783227
70.95035 31.333523 7.0577803 1260088783250
69.70283 30.716846 4.804891 1260088783264
69.41769 31.681004 4.6646466 1260088783286
69.7468 32.596954 6.081414 1260088783310
70.05946 33.167107 7.9773436 1260088783323
68.85649 33.55875 9.978477 1260088783344
67.663666 33.880814 11.929553 1260088783367
66.480484 34.18677 13.783075 1260088783383
66.75646 34.52743 15.393922 1260088783404
67.468636 34.95106 16.574226 1260088783425
67.84521 35.403507 16.795515 1260088783447
67.85294 35.38333 15.655739 1260088783464
67.310295 34.614166 13.322952 1260088783483
66.54478 33.333458 10.456804 1260088783506
65.66754 31.916784 7.533964 1260088783529
64.88416 30.770945 4.907266 1260088783543
64.539955 30.482397 3.2119029 1260088783564
65.16296 31.458277 3.5013077 1260088783588
68.15481 32.385365 5.0762424 1260088783770
73.74707 33.066097 6.97243 1260088783777
80.25972 33.562794 8.973809 1260088783794
86.69673 33.934654 10.925118 1260088783800
92.761894 34.33792 12.728863 1260088783811
96.3238 34.771027 14.09242 1260088783824
95.80761 35.182476 14.237799 1260088783833
94.21723 34.623352 12.625909 1260088783844
92.30637 33.342186 10.094613 1260088783853
90.34106 31.825077 7.2898827 1260088783867
88.524 30.583822 4.6253886 1260088783875
88.547806 31.80463 3.9441192 1260088783889
94.620415 32.7644 5.6969132 1260088783898
101.93939 38.07618 7.8620677 1260088783909
109.44242 38.02237 10.118964 1260088783918
116.9203 37.87125 12.313016 1260088783933
124.47429 37.777687 14.147366 1260088783946
136.20058 37.688805 15.239997 1260088783968
132.44055 37.404366 15.077997 1260088783979
128.66852 36.534145 13.624098 1260088783993
124.98509 35.357437 11.392893 1260088784014
121.48584 34.239567 8.773249 1260088784026
118.56155 33.97759 6.6345863 1260088784044
119.28347 36.02871 6.852857 1260088784064
124.11929 40.877274 8.510214 1260088784083
129.96333 45.98341 10.584703 1260088784107
136.26517 51.03424 12.805469 1260088784124
142.9019 50.082527 15.065195 1260088784147
149.9568 49.2784 16.911936 1260088784164
142.85896 48.56448 18.016338 1260088784182
138.51602 47.936256 18.165522 1260088784204
134.59023 47.239445 17.257246 1260088784224
130.76071 46.377472 15.394383 1260088784246
126.922676 45.308598 12.9246645 1260088784264
123.326546 44.493168 11.128431 1260088784291
119.56022 44.21851 11.57201 1260088784304
129.73221 43.807583 13.293409 1260088784327
138.1956 43.317204 15.278739 1260088784348
146.08582 42.851345 17.214802 1260088784549
153.48152 42.45878 19.054062 1260088784558
160.30745 42.23584 20.65136 1260088784570
165.89207 42.324047 21.718792 1260088784583
162.24747 42.957844 21.832853 1260088784593
157.5851 43.259953 20.04121 1260088784603
152.20584 42.146954 16.93915 1260088784609
146.84555 40.389606 14.042192 1260088784618
141.75327 38.870125 12.440083 1260088784630
136.5156 38.176617 12.668078 1260088784639
129.9898 37.967785 14.084675 1260088784653
139.39032 37.869396 15.930441 1260088784668
147.3708 37.775925 17.783918 1260088784676
154.15227 37.837128 19.444723 1260088784687
159.89465 38.19527 20.672487 1260088784696
156.84991 39.085506 21.038862 1260088784709
152.15742 39.58123 19.936918 1260088784724
147.09955 39.05217 18.290071 1260088784733
142.14458 38.649563 17.575567 1260088784747
135.78735 38.567085 18.79679 1260088784759
144.89798 38.28873 20.65695 1260088784776
153.65308 37.924294 22.574102 1260088784791
162.92043 37.57808 24.295397 1260088784804
155.2744 37.249176 25.480627 1260088784824
149.31068 36.88672 25.756596 1260088784847
144.14516 36.342384 24.968765 1260088784864
139.3879 35.575264 23.270327 1260088784883
134.8185 34.5965 21.006811 1260088784906
130.47757 33.866676 18.656471 1260088784928
127.20369 34.873344 17.423647 1260088784943
130.5935 39.52968 18.352465 1260088784964
136.96384 44.853195 19.83484 1260088784986
143.71565 50.160534 21.393099 1260088785003
150.77988 55.252506 23.073444 1260088785023
157.59088 59.73988 24.619772 1260088785045
152.96133 59.302887 24.888783 1260088785068
148.21327 58.687744 23.494343 1260088785084
143.4526 57.753357 21.269625 1260088785104
138.77997 56.86569 18.656143 1260088785293
134.49097 56.522404 16.223335 1260088785310
130.96642 57.096283 14.762169 1260088785319
128.0181 57.84147 14.424061 1260088785331
124.06719 57.699394 15.002858 1260088785337
119.11383 56.714424 16.202715 1260088785348
114.058136 55.078705 17.79258 1260088785358
109.10523 53.37477 19.40295 1260088785368
104.14997 51.75603 21.082804 1260088785375
99.192474 50.26823 22.878664 1260088785392
112.03285 49.054817 24.734732 1260088785407
123.33121 54.30208 26.697994 1260088785416
132.56465 59.436974 28.263094 1260088785426
140.48642 64.715126 29.04994 1260088785435
148.0621 70.12937 29.147444 1260088785448
154.059 75.32291 28.540071 1260088785460
150.60605 78.75676 26.563068 1260088785473
146.17575 77.26892 23.584915 1260088785486
142.01697 75.15547 21.005669 1260088785498
138.16612 72.7977 18.855385 1260088785511
134.50781 70.20782 17.162615 1260088785529
131.03242 67.59743 16.004484 1260088785544
127.730804 64.96755 15.65426 1260088785564
124.49426 62.469173 16.021547 1260088785587
121.26955 60.095715 16.92047 1260088785603
118.05607 57.840927 17.774446 1260088785623
115.15327 56.09888 18.585724 1260088785647
111.995605 54.193935 19.556438 1260088785664
108.89583 52.38424 20.278616 1260088785683
105.951035 50.915028 21.114685 1260088785702
102.80348 49.269276 21.758951 1260088785727
100.06331 48.055813 21.971004 1260088785744
97.360146 47.103024 22.222454 1260088785764
