43.18435 28.987284 0.77808046 1260088823734
42.12513 29.03792 0.8891764 1260088823747
41.068874 29.136024 0.9947176 1260088823769
40.01543 29.279222 1.1449817 1260088823784
39.06466 29.76526 1.3877326 1260088823795
37.861427 30.376997 1.818346 1260088823813
36.468357 30.858147 2.3774288 1260088823827
35.14494 31.26524 2.9585574 1260088823844
34.037693 31.351978 3.4606295 1260088823869
33.135807 31.234379 3.787598 1260088823885
32.379017 31.12266 3.948218 1260088823908
31.610065 31.016527 4.050807 1260088823924
30.779562 30.8157 4.1982665 1260088823944
29.990583 30.574915 4.3883533 1260088823967
29.191053 30.24617 4.668936 1260088823982
28.331501 29.833862 4.935489 1260088824004
27.464926 29.29217 5.2387147 1260088824024
26.54168 28.777561 5.426779 1260088824048
25.664595 28.288683 5.55544 1260088824063
24.831366 28.07425 5.577668 1260088824084
24.039797 28.470537 5.448785 1260088824105
23.337807 29.497011 5.3763456 1260088824129
26.920916 31.32216 5.3075285 1260088824180
33.82487 33.65605 5.292152 1260088824186
39.533627 36.17325 5.2775445 1260088824204
43.456944 39.014587 5.1136675 1260088824213
46.784096 41.71386 4.757984 1260088824233
50.39489 43.728165 4.170085 1260088824252
54.225143 45.191757 3.2115808 1260088824272
57.213886 45.58217 1.8510016 1260088824292
57.35319 44.90306 0.20845146 1260088824312
55.635532 43.20791 -1.4019711 1260088824520
53.503757 40.697514 -2.6318727 1260088824535
51.42857 37.612637 -3.5502791 1260088824544
49.60714 34.132004 -4.1727653 1260088824556
47.976784 30.525404 -4.614127 1260088824564
46.527943 26.799133 -4.983421 1260088824574
45.151546 23.059177 -5.33425 1260088824583
43.69397 19.55622 -5.7675376 1260088824598
42.20927 16.478409 -6.479161 1260088824606
40.948807 14.354488 -7.7052026 1260088824617
40.601368 13.536764 -9.319942 1260088824629
41.4213 13.859926 -10.753945 1260088824646
43.400234 14.86693 -11.866248 1260088824657
46.73022 16.373583 -12.6729355 1260088824664
51.24371 18.404903 -13.0392885 1260088824677
56.931522 21.134659 -12.937325 1260088824686
62.984947 24.477926 -12.390458 1260088824699
68.8857 28.15403 -11.670936 1260088824715
74.191414 31.846329 -11.137389 1260088824722
78.63184 35.40401 -10.980519 1260088824740
81.95025 39.03381 -11.281493 1260088824749
84.15273 40.182117 -12.067418 1260088824763
85.495094 40.573013 -13.164047 1260088824778
85.77034 40.24436 -14.3558445 1260088824792
84.78182 39.132145 -15.538053 1260088824814
82.29273 37.27554 -16.41115 1260088824837
79.17809 34.71176 -16.890593 1260088824855
76.06919 31.576174 -16.996063 1260088824874
73.11573 28.197365 -16.74626 1260088824894
70.35995 24.637497 -16.358946 1260088824914
67.79195 21.005623 -15.890999 1260088824937
65.25235 17.455341 -15.396449 1260088824954
62.73973 14.132574 -15.026627 1260088824981
60.352745 11.475945 -15.075295 1260088824994
58.735107 10.152148 -15.721531 1260088825017
58.648354 10.194541 -16.635454 1260088825035
60.065937 11.084814 -17.40368 1260088825053
62.51264 12.530573 -17.983498 1260088825076
65.83701 14.604044 -18.234324 1260088825094
70.09516 17.323841 -18.022608 1260088825283
74.94041 20.55765 -17.421478 1260088825298
79.89339 24.079767 -16.600405 1260088825307
84.448715 27.17578 -15.920384 1260088825319
88.32628 29.91699 -15.474365 1260088825328
91.159966 31.97114 -15.500647 1260088825339
92.90197 33.12258 -16.075615 1260088825346
93.40687 33.466454 -17.021833 1260088825359
92.53652 33.04313 -18.070742 1260088825368
90.359695 31.990973 -19.017204 1260088825379
87.39171 30.441423 -19.716345 1260088825390
84.17212 28.269352 -20.080528 1260088825405
81.01351 25.505884 -20.126501 1260088825416
78.062836 22.28059 -19.870176 1260088825424
75.459694 18.71656 -19.326668 1260088825436
73.03671 14.980732 -18.610334 1260088825447
70.684875 11.281695 -17.829817 1260088825461
68.20063 7.9176106 -17.088326 1260088825469
65.540596 5.22173 -16.58391 1260088825483
63.013565 3.5606437 -16.504715 1260088825502
61.012886 2.9326115 -16.82948 1260088825516
60.26224 3.235981 -17.388004 1260088825534
61.74913 4.424182 -17.918604 1260088825554
64.811676 6.202973 -18.322674 1260088825574
68.62109 8.542825 -18.456541 1260088825596
72.990036 11.565683 -18.233713 1260088825614
77.69054 15.037399 -17.672028 1260088825637
82.50601 18.635529 -16.938427 1260088825653
86.93071 22.403753 -16.291506 1260088825676
90.68417 25.183565 -16.076931 1260088825694
93.59997 27.174387 -16.323084 1260088825713
95.46997 28.365667 -17.00693 1260088825736
95.94647 28.797384 -17.956583 1260088825752
94.69915 28.457516 -19.008755 1260088825780
92.16419 27.38464 -20.058317 1260088825793
89.10598 25.615408 -20.905401 1260088825817
85.95068 23.184637 -21.36013 1260088825834
82.95315 20.275406 -21.442123 1260088825854
80.20549 17.061636 -21.170017 1260088826038
77.595215 13.708554 -20.561516 1260088826045
75.06545 10.423126 -19.63344 1260088826054
72.56218 7.25197 -18.251768 1260088826062
69.88407 4.6393714 -16.38918 1260088826068
66.939865 2.9074028 -14.36972 1260088826077
63.99287 1.5620326 -12.601234 1260088826085
61.143227 0.98393095 -11.221172 1260088826097
