71.91646 32.448406 2.924053 1260088864526
71.720634 32.375984 3.0278504 1260088864535
73.3346 33.557186 3.4764578 1260088864568
74.71787 34.579327 3.952635 1260088864578
75.58198 35.40036 4.2550035 1260088864596
76.10288 35.88034 4.692253 1260088864607
75.59774 35.186325 4.8576403 1260088864618
75.067856 34.47701 5.164758 1260088864633
74.514465 33.803158 5.70652 1260088864646
73.93874 33.163 6.321194 1260088864666
73.341805 32.604847 6.9551344 1260088864689
72.62472 32.224606 7.457378 1260088864703
71.743484 31.963375 7.734509 1260088864725
70.60631 31.715206 7.7977834 1260088864747
69.22599 31.379446 7.757894 1260088864764
67.61469 31.160473 7.569999 1260088864783
65.88396 31.20245 7.291499 1260088864806
63.989758 31.342327 7.126924 1260088864822
62.040268 31.625212 7.120578 1260088864844
59.938255 31.84395 7.514549 1260088864863
57.591343 32.00175 8.238821 1260088864888
55.161777 32.201664 9.0768795 1260088864903
52.603687 32.44158 9.923036 1260088864924
49.973503 32.7195 10.776884 1260088864944
65.32483 33.083527 11.48804 1260088864968
79.95859 33.57935 11.763638 1260088864984
76.16066 33.450382 10.775455 1260088865002
90.30263 31.827864 8.186683 1260088865027
103.487495 29.88647 5.1273484 1260088865042
98.36312 28.192146 2.320981 1260088865062
94.04497 27.182539 0.15493202 1260088865083
89.94272 26.223412 -2.4028146 1260088865306
86.84558 23.912241 -4.582674 1260088865325
84.403305 23.866629 -4.8535404 1260088865338
93.683136 25.173298 -3.5608633 1260088865354
101.69898 26.514633 -1.8828201 1260088865375
109.31403 27.788902 -0.1886791 1260088865394
116.29833 28.999456 1.7207549 1260088865412
121.28342 30.199484 2.9347172 1260088865435
118.11925 29.789509 2.4379814 1260088865453
116.11329 26.900034 0.26608235 1260088865476
116.10763 23.955032 -1.9972218 1260088865494
116.25224 21.35728 -4.1973605 1260088865516
115.28963 19.389416 -6.2374926 1260088865535
113.22514 18.719944 -7.525618 1260088865557
111.66389 19.883947 -7.449337 1260088865574
112.88069 21.93975 -6.1768703 1260088865597
116.836655 23.842764 -4.518027 1260088865612
121.194824 25.600626 -2.7421255 1260088865638
125.03508 27.120594 -0.90501916 1260088865660
127.033325 28.564564 0.4902318 1260088865673
126.33166 28.536335 0.11572023 1260088865692
124.91508 26.059519 -1.8400658 1260088865712
123.71932 23.506542 -3.8980627 1260088865732
122.633354 21.231215 -5.8031597 1260088865752
121.751686 19.869654 -7.513002 1260088865772
121.114105 19.576172 -8.487351 1260088865793
122.1084 20.897364 -7.912984 1260088865815
125.252975 22.902496 -6.2673345 1260088865832
129.59033 28.157372 -4.053968 1260088865852
133.66081 29.499502 -2.1012695 1260088865872
137.27777 30.924526 -0.54620594 1260088865892
139.81389 31.8783 0.08110438 1260088865912
137.72319 31.084385 -0.87295085 1260088865932
133.53703 29.230165 -2.5293033 1260088865952
128.91019 26.918657 -4.352838 1260088865974
124.314674 24.672724 -6.0351963 1260088865992
120.64894 23.689087 -7.0834365 1260088866013
125.21649 25.304632 -6.129265 1260088866032
119.60567 23.839401 -7.1728015 1260088866238
126.77538 24.89743 -6.164161 1260088866255
132.93661 26.50256 -4.455953 1260088866274
138.88979 28.027431 -2.5831554 1260088866296
144.1453 29.72606 -1.1039976 1260088866334
148.13803 30.839758 -1.0487977 1260088866357
141.88113 28.79777 -3.146358 1260088866378
135.73708 26.15788 -5.18904 1260088866393
129.85022 23.549986 -7.029588 1260088866413
124.35771 21.622486 -8.578109 1260088866436
118.93983 22.091362 -8.599203 1260088866459
125.69283 23.786795 -7.019243 1260088866473
132.2582 25.347454 -5.0182805 1260088866495
138.69528 26.680082 -2.9173665 1260088866516
145.16052 27.746078 -1.0214982 1260088866534
138.1525 27.208775 -1.0704232 1260088866553
132.29488 25.148336 -2.5669022 1260088866575
126.93013 22.94092 -4.438557 1260088866592
121.933624 20.893873 -6.4666295 1260088866612
117.63694 19.89918 -8.593298 1260088866632
117.20509 21.95422 -9.363633 1260088866656
120.79484 25.856508 -8.595451 1260088866672
125.0051 29.813683 -7.5656786 1260088866692
128.85484 32.372997 -6.7873945 1260088866712
123.0121 31.754347 -7.248025 1260088866732
134.7115 29.616629 -7.4356236 1260088866752
145.27592 27.735798 -7.1138425 1260088866772
154.21213 26.849009 -6.0081506 1260088866797
161.35152 27.006557 -4.357743 1260088866812
167.23395 27.80623 -2.5398557 1260088866833
172.17226 29.015919 -0.7128629 1260088866852
176.26364 30.465122 0.9227803 1260088866872
179.40045 34.791866 2.2266412 1260088866892
181.08043 38.602272 3.015309 1260088866912
180.9264 41.922157 3.0145435 1260088866936
177.8301 45.57605 1.7138164 1260088866952
172.28859 44.647247 -1.2718745 1260088866972
166.27415 42.614883 -4.208281 1260088866992
160.41045 40.18414 -6.447867 1260088867178
154.68993 37.474934 -8.075474 1260088867188
149.15543 34.951187 -9.2717 1260088867199
143.79765 32.603626 -9.808115 1260088867209
138.35777 30.473444 -9.517709 1260088867221
132.68988 28.849771 -8.391824 1260088867227
126.40539 27.607283 -6.6222324 1260088867238
120.38512 26.47692 -4.8411207 1260088867247
114.96586 25.403072 -3.3490646 1260088867258
110.067566 24.38292 -2.0816114 1260088867277
105.61419 23.413773 -0.97753084 1260088867284
101.33348 22.643084 0.021345694 1260088867296
96.966805 22.01093 1.1202785 1260088867305
92.61846 21.610382 2.2142646 1260088867318
88.58754 21.279863 3.0535514 1260088867338
84.50816 20.71587 3.850874 1260088867344
