93.11189 10.97823 -0.62902415 1260088856320
92.6063 11.429319 -0.29757294 1260088856334
92.025986 11.807854 0.11730571 1260088856345
91.37469 12.117461 0.6114404 1260088856364
90.65595 12.411588 0.9308684 1260088856376
89.87315 12.541008 1.534325 1260088856396
88.9795 12.563957 2.1076088 1260088856413
88.08053 12.635759 2.6522284 1260088856437
87.1265 12.753971 3.2696168 1260088856455
86.070175 12.966272 3.706136 1260088856475
84.916664 13.367959 4.1708293 1260088856495
83.42083 13.7995615 4.6622877 1260088856514
81.49979 14.309584 5.2791734 1260088856536
79.024796 14.894105 5.865215 1260088856555
76.073555 15.5994 6.271954 1260088856577
73.21988 16.51943 6.158356 1260088856594
71.05888 16.793459 4.500438 1260088856768
68.85594 16.103786 1.1754161 1260088856782
66.613144 15.348598 -2.2333548 1260088856793
64.58249 14.931168 -5.321687 1260088856802
62.903366 14.98461 -7.8556027 1260088856808
61.6582 15.635379 -9.262823 1260088856819
59.275288 17.05361 -8.699682 1260088856828
70.31152 18.35093 -6.764698 1260088856839
80.34595 19.483383 -4.376463 1260088856848
89.67865 20.609215 -1.9576397 1260088856862
98.34472 21.778753 0.34024233 1260088856876
106.327484 23.039816 2.2732303 1260088856885
112.41111 24.687824 3.209569 1260088856896
109.29056 24.253433 0.74909055 1260088856907
105.47603 22.340761 -2.338364 1260088856921
101.952225 20.223722 -5.2214456 1260088856929
98.70461 18.212536 -7.910373 1260088856944
95.81938 16.901909 -10.114855 1260088856964
94.578415 18.256813 -9.509112 1260088856975
102.4995 19.793972 -7.383657 1260088856994
110.42452 21.104273 -5.064474 1260088857016
117.503296 22.299059 -3.0112503 1260088857057
118.92813 23.384106 -1.6106877 1260088857078
117.181725 23.6649 -1.6301533 1260088857097
115.32264 22.331656 -3.5486457 1260088857115
114.00651 20.265072 -6.0212135 1260088857133
112.75618 18.051819 -8.570153 1260088857155
111.51837 16.149227 -11.141645 1260088857174
110.142456 15.391766 -13.484563 1260088857197
110.18533 17.272177 -13.310335 1260088857214
112.97607 19.358568 -11.544818 1260088857242
117.377266 21.04064 -9.367577 1260088857253
122.5084 22.488607 -7.099198 1260088857276
127.63298 23.664177 -4.894238 1260088857298
132.20132 24.530968 -2.949526 1260088857313
134.34126 24.654419 -1.8520498 1260088857336
130.5242 23.121698 -2.3094473 1260088857352
126.79799 20.865614 -3.7939749 1260088857380
123.30809 18.572332 -5.654276 1260088857567
120.24268 16.643715 -7.621562 1260088857579
118.13055 15.611529 -9.590484 1260088857588
118.32402 16.630953 -10.210959 1260088857600
121.30782 18.999405 -8.900412 1260088857610
125.292435 20.899435 -6.9053907 1260088857622
129.67781 22.454464 -4.7601213 1260088857628
134.14392 23.73174 -2.6221154 1260088857639
138.63672 24.645155 -0.89100957 1260088857648
143.10489 24.562897 -0.1464591 1260088857663
137.94965 23.184752 -0.7891362 1260088857678
133.10216 21.275515 -2.2496793 1260088857685
128.59705 19.26174 -4.1371956 1260088857696
124.617195 17.548653 -6.330336 1260088857705
121.53634 16.62122 -8.613819 1260088857717
120.90952 17.490158 -9.683128 1260088857725
124.614044 19.61565 -8.548972 1260088857741
129.58334 21.334867 -6.5715237 1260088857755
134.85417 22.768124 -4.3429475 1260088857767
140.11147 23.979717 -2.1258001 1260088857779
145.1559 25.18073 -0.21951005 1260088857798
149.5981 26.321693 0.9914655 1260088857813
146.6682 26.50561 0.6918922 1260088857833
141.43478 25.23033 -1.1427025 1260088857858
136.11304 23.318813 -3.3355672 1260088857874
130.90738 21.302872 -5.418789 1260088857893
125.91201 19.687729 -7.0978494 1260088857916
120.71641 19.753342 -7.292957 1260088857935
127.23059 21.165674 -5.678309 1260088857954
133.51906 22.607391 -3.5943935 1260088857973
139.5431 23.977022 -1.5146738 1260088857996
145.21596 25.32817 0.4110599 1260088858015
150.40517 26.711761 1.8405069 1260088858034
157.6849 27.376173 1.6984816 1260088858054
151.30066 26.057364 -0.18644258 1260088858075
144.98563 24.154495 -2.3271205 1260088858094
138.93634 22.29677 -4.2607646 1260088858113
133.18953 21.331932 -5.4477262 1260088858133
141.63005 22.215336 -4.97534 1260088858307
147.59854 23.65457 -3.4265728 1260088858318
153.46861 24.971842 -1.6052442 1260088858325
159.34518 26.07325 0.22501805 1260088858338
165.47792 26.819588 1.8137672 1260088858345
173.25403 26.828608 2.523079 1260088858356
165.14133 25.587177 1.7469249 1260088858365
157.93427 23.657818 0.0095786555 1260088858376
151.28755 21.674927 -2.0409002 1260088858387
145.12317 20.04118 -4.1388555 1260088858401
139.81702 19.439121 -5.9819126 1260088858410
140.62616 21.217165 -6.032817 1260088858422
144.99486 23.506308 -4.731176 1260088858428
149.64511 25.380993 -3.0946171 1260088858443
154.31285 30.211943 -1.3398862 1260088858449
158.59721 31.701345 0.22710812 1260088858464
161.76735 33.41628 1.0157527 1260088858481
156.57898 33.445465 0.014965051 1260088858496
150.65002 32.22319 -1.7857833 1260088858517
144.76752 30.61203 -3.696494 1260088858532
139.02914 28.981428 -5.6116695 1260088858554
133.42769 27.532356 -7.281086 1260088858576
127.8563 26.75574 -8.2170315 1260088858595
137.96349 26.917952 -7.65618 1260088858614
145.86531 27.272055 -6.0233707 1260088858633
153.02205 27.608452 -4.072202 1260088858657
159.72095 27.82803 -2.2685921 1260088858676
165.8849 27.986628 -0.5551625 1260088858694
171.44066 28.137297 0.97259563 1260088858713
176.36862 28.380432 2.423966 1260088858734
180.55019 28.911411 4.0527678 1260088858757
183.87268 29.86584 5.5501294 1260088858774
186.22905 31.37255 6.622623 1260088858797
187.1676 34.903923 6.891492 1260088858815
184.90923 36.208725 5.196917 1260088858834
178.91376 34.748287 1.9870712 1260088858855
172.26807 32.51087 -0.6122824 1260088858874
165.60466 30.185328 -2.6816685 1260088858896
